
-----------------Setup------------------
Options: alg=LN_AUGLAG_EQ,dx=0.01,max_eval=100000000,popSize=0
imin=-6,jmin=-3,imax=1,jmax=3,
parameter_minmax=5,
randSeed=66613716, rand_minmax=1

Initial Condition:

[0.925663,0.0976524,-0.748356,0.128043,0.578599,0.776756,-0.707922,-0.269511,0.265905,0.435247,0.637174,-0.320867,0.384412,-0.722314,-0.692756,-0.290339,0.130745,-0.948422,0.888917,0.795854,0.186884,-0.884239,-0.337582,0.742889,-0.0381927,-0.611225,0.857131,0.513878,0.114991,-0.468636,-0.0344426,-0.997398,-0.0541998,0.971204,-0.0491247,0.234595,-0.270313,0.830639,0.552767,-0.53436,-0.111863,0.332045,0.0666431,-0.660891]

f_1([0.128881,0.392033,-0.121243,-0.391623,-0.0298918,0.984065,0.0905609,0.592288,0.303033,0.27959,0.578798,0.141565,0.31177,1.8833,-0.589938,4.43646,2.58395,-1.34769,-1.13331,-0.773145,-2.52175,-0.372259,-0.919867,0.50045,-1.09142,1.92359,0.186394,0.0310335,1.14055,-1.2268,0.184437,0.943884,0.895024,-1.14801,0.121477,0.0844548,-0.0620523,1.22154,-0.18538,-0.947097,0.675566,-0.742894,0.290145,-0.239627])
16.374079339949347
Max g: 0.2959558768117483
f_2([0.221051,1.56224,-1.31184,3.1931,-0.787323,-1.42324,0.277205,1.6178,-0.617819,0.15971,0.884214,-0.0439234,0.0259187,2.87986,0.314329,4.03193,1.21853,-0.212444,-0.679251,-0.135167,-1.93192,-0.104066,-0.596714,0.44555,-1.75849,2.36917,0.549961,-0.161989,1.10154,-1.50043,0.380529,1.01457,1.7484,-2.4613,0.252594,0.470031,-0.168067,1.59416,-0.392975,-1.03603,1.41245,-1.93482,0.677806,-0.163485])
7.148058039264089
Max g: 0.08908737948829079
f_3([0.205958,1.56816,-1.29689,3.19268,-0.792485,-1.40034,0.315546,1.6176,-0.617603,0.146029,0.861803,-0.0078317,0.0539213,2.83375,0.271597,4.04698,1.23177,-0.203055,-0.662218,-0.0224343,-1.98941,-0.0767462,-0.578814,0.443325,-1.74582,2.38663,0.479507,-0.121522,1.09343,-1.58886,0.408732,1.0861,1.65581,-2.44967,0.252942,0.54263,-0.0995514,1.59367,-0.4093,-1.08628,1.49533,-2.17233,0.729452,-0.0539228])
8.782893940436885
Max g: 0.057250089860299946
f_4([0.184252,1.60414,-1.25649,3.21275,-0.847605,-1.36637,0.359774,1.62655,-0.626555,0.151137,0.869397,-0.0205399,0.0718715,2.80074,0.256644,4.07382,1.24633,-0.210621,-0.641338,0.0990674,-2.04078,-0.0471489,-0.559387,0.445588,-1.74202,2.40657,0.435943,-0.0990743,1.04025,-1.61444,0.435433,1.14045,1.60629,-2.525,0.267263,0.651167,-0.0297523,1.59885,-0.433472,-1.13633,1.53914,-2.40131,0.791142,0.0711253])
9.466177388612891
Max g: 0.020019538551552807
f_5([0.166818,1.62309,-1.17141,3.20142,-0.835894,-1.36833,0.384621,1.6286,-0.628595,0.15463,0.865122,-0.0197519,0.0844967,2.78525,0.248752,4.06453,1.24969,-0.211917,-0.625243,0.175557,-2.07735,-0.0244705,-0.546997,0.439216,-1.73543,2.41265,0.411128,-0.0884162,0.986485,-1.60102,0.444169,1.17085,1.59509,-2.59384,0.27653,0.722365,0.0196457,1.59158,-0.442835,-1.16833,1.56699,-2.54664,0.827365,0.151969])
9.776017621605455
Max g: 0.0028331423315121618
f_6([0.166767,1.6232,-1.17115,3.20152,-0.836818,-1.3675,0.385569,1.62863,-0.62863,0.153538,0.863889,-0.0174264,0.0847002,2.78517,0.248805,4.06448,1.24968,-0.211999,-0.624554,0.178646,-2.07903,-0.0234333,-0.546432,0.438779,-1.73512,2.41274,0.410635,-0.0882477,0.98198,-1.59738,0.443978,1.17154,1.59317,-2.59424,0.276459,0.724653,0.0190911,1.59572,-0.443741,-1.17108,1.56907,-2.55316,0.828767,0.155289])
9.73883280599856
Max g: 0.002029313121413412
f_7([0.16673,1.62328,-1.17103,3.20156,-0.836921,-1.36757,0.386395,1.62866,-0.628659,0.153581,0.863846,-0.0174275,0.0847178,2.78513,0.248784,4.06449,1.24961,-0.212076,-0.624067,0.181219,-2.08023,-0.022825,-0.545955,0.438678,-1.73512,2.41274,0.410626,-0.0882418,0.979826,-1.59632,0.444259,1.17228,1.59214,-2.59564,0.276701,0.726825,0.0200512,1.59651,-0.444286,-1.17233,1.56987,-2.55811,0.830089,0.158124])
9.725972641887866
Max g: 0.0013679283787741414
f_8([0.166702,1.62342,-1.17108,3.20134,-0.836989,-1.36754,0.387162,1.62902,-0.629019,0.153393,0.864091,-0.0174839,0.0847843,2.78506,0.248723,4.06431,1.24955,-0.212085,-0.623606,0.183558,-2.08126,-0.0221695,-0.54564,0.438627,-1.73513,2.4128,0.410513,-0.0881987,0.978371,-1.59616,0.444643,1.17315,1.59139,-2.59729,0.276979,0.728934,0.0215379,1.59633,-0.44467,-1.17322,1.57064,-2.5627,0.831334,0.160721])
9.712215257025262
Max g: 0.0007655067213215294
f_9([0.166696,1.62346,-1.17103,3.20134,-0.836908,-1.3675,0.387895,1.62899,-0.628993,0.153434,0.864074,-0.0175087,0.0848311,2.78504,0.2487,4.06436,1.24954,-0.212048,-0.623159,0.185825,-2.08228,-0.0215832,-0.545243,0.438538,-1.73509,2.41283,0.410411,-0.0881558,0.976929,-1.59592,0.444997,1.174,1.5907,-2.59884,0.277228,0.730919,0.0229503,1.59612,-0.445025,-1.17407,1.57134,-2.56708,0.832516,0.16321])
9.699654166498537
Max g: 0.00019341226928581978
f_10([0.166694,1.62351,-1.17097,3.20154,-0.836923,-1.36751,0.388404,1.62898,-0.62898,0.153462,0.864053,-0.0175162,0.0848363,2.785,0.248671,4.06433,1.24954,-0.21201,-0.622876,0.187195,-2.0829,-0.0212216,-0.545,0.43851,-1.73506,2.53655,0.410408,-0.088021,0.976068,-1.59582,0.443918,1.17452,1.59028,-2.59978,0.277371,0.73211,0.023831,1.59594,-0.44524,-1.17454,1.57179,-2.56971,0.833217,0.164708])
10.099814621849935
{0.16669362598993043,1.6235107096889059,-1.1709703939265088,3.201541987795334,-0.8369225813659162,-1.3675112935571117,0.38840352804667616,1.6289806000181084,-0.6289802883025045,0.15346196474049179,0.8640528616542752,-0.01751620821523252,0.08483628566136256,2.7850045848027154,0.24867050547658348,4.064327595611215,1.2495404530157819,-0.21201036450601113,-0.6228756856453798,0.18719496613408138,-2.0828955661760076,-0.02122157116019124,-0.5449995371016644,0.4385103667507275,-1.7350601829484178,2.536546082864965,0.41040785627611703,-0.08802097907585017,0.9760678185365685,-1.5958183850102619,0.44391773061681683,1.1745210501364607,1.5902764863943304,-2.5997820205038353,0.2773709530033385,0.7321099622862711,0.023830951062805292,1.5959430862298112,-0.4452404926908688,-1.1745420979871388,1.5717880234636947,-2.5697139778916354,0.8332168107519514,0.16470751042171108}]
Set[{A021,A031,A032,A041,A042,A043,A121,A131,A132,A141,A142,A143,B021,B031,B032,B041,B042,B043,B121,B131,B132,B141,B142,B143,\[Alpha]1,\[Alpha]2,\[Alpha]3,\[Alpha]4,\[Beta]11,\[Beta]12,\[Beta]13,\[Beta]14,\[Beta]21,\[Beta]22,\[Beta]23,\[Beta]24,\[Beta]31,\[Beta]32,\[Beta]33,\[Beta]34,\[Beta]41,\[Beta]42,\[Beta]43,\[Beta]44},{0.16669362598993043,1.6235107096889059,-1.1709703939265088,3.201541987795334,-0.8369225813659162,-1.3675112935571117,0.38840352804667616,1.6289806000181084,-0.6289802883025045,0.15346196474049179,0.8640528616542752,-0.01751620821523252,0.08483628566136256,2.7850045848027154,0.24867050547658348,4.064327595611215,1.2495404530157819,-0.21201036450601113,-0.6228756856453798,0.18719496613408138,-2.0828955661760076,-0.02122157116019124,-0.5449995371016644,0.4385103667507275,-1.7350601829484178,2.536546082864965,0.41040785627611703,-0.08802097907585017,0.9760678185365685,-1.5958183850102619,0.44391773061681683,1.1745210501364607,1.5902764863943304,-2.5997820205038353,0.2773709530033385,0.7321099622862711,0.023830951062805292,1.5959430862298112,-0.4452404926908688,-1.1745420979871388,1.5717880234636947,-2.5697139778916354,0.8332168107519514,0.16470751042171108}]

Max g: 0.12387277711681421
f_11([0.166679,1.62351,-1.17096,3.20154,-0.836916,-1.3675,0.388151,1.62874,-0.629222,0.153402,0.863982,-0.0174982,0.0848349,2.785,0.248664,4.06433,1.24954,-0.212016,-0.622895,0.187101,-2.08284,-0.0212295,-0.545016,0.438473,-1.73507,2.41282,0.410398,-0.0881447,0.976097,-1.5959,0.445215,1.17459,1.59041,-2.59967,0.277355,0.73191,0.0238936,1.59592,-0.445217,-1.1746,1.57173,-2.56952,0.83318,0.164615])
9.694769297960365
Max g: 4.079356030856421e-5
f_12([0.16668,1.62351,-1.17096,3.20154,-0.836914,-1.36749,0.388016,1.62856,-0.629401,0.153352,0.863934,-0.0174897,0.0848377,2.785,0.24866,4.06433,1.24953,-0.212019,-0.622903,0.187034,-2.08279,-0.0212314,-0.545022,0.438467,-1.73507,2.41282,0.410393,-0.0881428,0.976091,-1.59596,0.445218,1.17465,1.59049,-2.59954,0.277331,0.731712,0.0239151,1.59595,-0.445217,-1.17465,1.57169,-2.56939,0.833153,0.164545])
9.69696250424281
Max g: 4.300263983125774e-6
f_13([0.16668,1.62351,-1.17096,3.20154,-0.836915,-1.36749,0.387963,1.62849,-0.629468,0.153331,0.863915,-0.0174855,0.0848387,2.785,0.248659,4.06433,1.24954,-0.21202,-0.622905,0.187009,-2.08277,-0.021234,-0.545022,0.438464,-1.73507,2.41282,0.41039,-0.0881418,0.97609,-1.59599,0.445219,1.17468,1.59052,-2.59947,0.27732,0.731633,0.0239193,1.59597,-0.445217,-1.17468,1.57168,-2.56934,0.833142,0.164517])
9.697361269021435
Max g: 2.30321315015658e-5
{0.16667987187341934,1.6235095027945896,-1.1709645187492073,3.201538112747946,-0.8369148719109297,-1.367492585892779,0.3879632596213345,1.6284921932708105,-0.6294678506431162,0.1533309397907842,0.8639152994689043,-0.01748554150436374,0.08483876610474037,2.7850011478478387,0.24865888161448202,4.06433024721369,1.249535573620769,-0.21201993594247667,-0.6229053527777573,0.18700911722654373,-2.0827727861331256,-0.021233992288364225,-0.5450222373700369,0.43846373102700364,-1.735068733878668,2.41282027393356,0.4103904307054886,-0.08814179171865046,0.9760897604446358,-1.595987761579128,0.445219182272846,1.1746790891428434,1.5905238285184504,-2.5994747545633574,0.2773196398827074,0.7316330452880697,0.023919315707715896,1.5959732977721164,-0.44521711799978864,-1.1746750531285899,1.5716812940641982,-2.569341143885982,0.8331417309273471,0.16451733191603696}]
Set[{A021,A031,A032,A041,A042,A043,A121,A131,A132,A141,A142,A143,B021,B031,B032,B041,B042,B043,B121,B131,B132,B141,B142,B143,\[Alpha]1,\[Alpha]2,\[Alpha]3,\[Alpha]4,\[Beta]11,\[Beta]12,\[Beta]13,\[Beta]14,\[Beta]21,\[Beta]22,\[Beta]23,\[Beta]24,\[Beta]31,\[Beta]32,\[Beta]33,\[Beta]34,\[Beta]41,\[Beta]42,\[Beta]43,\[Beta]44},{0.16667987187341934,1.6235095027945896,-1.1709645187492073,3.201538112747946,-0.8369148719109297,-1.367492585892779,0.3879632596213345,1.6284921932708105,-0.6294678506431162,0.1533309397907842,0.8639152994689043,-0.01748554150436374,0.08483876610474037,2.7850011478478387,0.24865888161448202,4.06433024721369,1.249535573620769,-0.21201993594247667,-0.6229053527777573,0.18700911722654373,-2.0827727861331256,-0.021233992288364225,-0.5450222373700369,0.43846373102700364,-1.735068733878668,2.41282027393356,0.4103904307054886,-0.08814179171865046,0.9760897604446358,-1.595987761579128,0.445219182272846,1.1746790891428434,1.5905238285184504,-2.5994747545633574,0.2773196398827074,0.7316330452880697,0.023919315707715896,1.5959732977721164,-0.44521711799978864,-1.1746750531285899,1.5716812940641982,-2.569341143885982,0.8331417309273471,0.16451733191603696}]


-----------------Final Result------------------
Options: alg=LN_AUGLAG_EQ,dx=0.01,max_eval=100000000,popSize=0
imin=-6,jmin=-3,imax=1,jmax=3,
parameter_minmax=5,
randSeed=66613716,rand_minmax=1

1312160 steps

Completed with maxf : 9.697361269021435

Constraints at 2.3027814187503992e-5

x = [0.16667987187341934,1.6235095027945896,-1.1709645187492073,3.201538112747946,-0.8369148719109297,-1.367492585892779,0.3879632596213345,1.6284921932708105,-0.6294678506431162,0.1533309397907842,0.8639152994689043,-0.01748554150436374,0.08483876610474037,2.7850011478478387,0.24865888161448202,4.06433024721369,1.249535573620769,-0.21201993594247667,-0.6229053527777573,0.18700911722654373,-2.0827727861331256,-0.021233992288364225,-0.5450222373700369,0.43846373102700364,-1.735068733878668,2.41282027393356,0.4103904307054886,-0.08814179171865046,0.9760897604446358,-1.595987761579128,0.445219182272846,1.1746790891428434,1.5905238285184504,-2.5994747545633574,0.2773196398827074,0.7316330452880697,0.023919315707715896,1.5959732977721164,-0.44521711799978864,-1.1746750531285899,1.5716812940641982,-2.569341143885982,0.8331417309273471,0.16451733191603696]
c0 = [0.0,0.16667987187341934,0.45254498404538235,0.9971306549442372]
c1 = [0.0,0.3879632596213345,0.9990243426276944,0.9997606977553248]
A0 = [0.0,0.16667987187341934,1.6235095027945896,3.201538112747946,0.0,0.0,-1.1709645187492073,-0.8369148719109297,0.0,0.0,0.0,-1.367492585892779,0.0,0.0,0.0,0.0]
A1 = [0.0,0.3879632596213345,1.6284921932708105,0.1533309397907842,0.0,0.0,-0.6294678506431162,0.8639152994689043,0.0,0.0,0.0,-0.01748554150436374,0.0,0.0,0.0,0.0]
B0 = [0.0,0.08483876610474037,2.7850011478478387,4.06433024721369,0.0,0.0,0.24865888161448202,1.249535573620769,0.0,0.0,0.0,-0.21201993594247667,0.0,0.0,0.0,0.0]
B1 = [0.0,-0.6229053527777573,0.18700911722654373,-0.021233992288364225,0.0,0.0,-2.0827727861331256,-0.5450222373700369,0.0,0.0,0.0,0.43846373102700364,0.0,0.0,0.0,0.0]
α  = [-1.735068733878668,2.41282027393356,0.4103904307054886,-0.08814179171865046]
β1 = [0.9760897604446358,-1.595987761579128,0.445219182272846,1.1746790891428434]
β2 = [1.5905238285184504,-2.5994747545633574,0.2773196398827074,0.7316330452880697]
β3 = [0.023919315707715896,1.5959732977721164,-0.44521711799978864,-1.1746750531285899]
β4 = [1.5716812940641982,-2.569341143885982,0.8331417309273471,0.16451733191603696]


Set[{A021,A031,A032,A041,A042,A043,A121,A131,A132,A141,A142,A143,B021,B031,B032,B041,B042,B043,B121,B131,B132,B141,B142,B143,\[Alpha]1,\[Alpha]2,\[Alpha]3,\[Alpha]4,\[Beta]11,\[Beta]12,\[Beta]13,\[Beta]14,\[Beta]21,\[Beta]22,\[Beta]23,\[Beta]24,\[Beta]31,\[Beta]32,\[Beta]33,\[Beta]34,\[Beta]41,\[Beta]42,\[Beta]43,\[Beta]44},{0.16667987187341934,1.6235095027945896,-1.1709645187492073,3.201538112747946,-0.8369148719109297,-1.367492585892779,0.3879632596213345,1.6284921932708105,-0.6294678506431162,0.1533309397907842,0.8639152994689043,-0.01748554150436374,0.08483876610474037,2.7850011478478387,0.24865888161448202,4.06433024721369,1.249535573620769,-0.21201993594247667,-0.6229053527777573,0.18700911722654373,-2.0827727861331256,-0.021233992288364225,-0.5450222373700369,0.43846373102700364,-1.735068733878668,2.41282027393356,0.4103904307054886,-0.08814179171865046,0.9760897604446358,-1.595987761579128,0.445219182272846,1.1746790891428434,1.5905238285184504,-2.5994747545633574,0.2773196398827074,0.7316330452880697,0.023919315707715896,1.5959732977721164,-0.44521711799978864,-1.1746750531285899,1.5716812940641982,-2.569341143885982,0.8331417309273471,0.16451733191603696}]



