
-----------------Setup------------------
Options: alg=LN_AUGLAG_EQ,dx=0.01,max_eval=100000000,popSize=0
imin=-6,jmin=-3,imax=1,jmax=3,
parameter_minmax=5,
randSeed=35912876, rand_minmax=3

Initial Condition:

[1.39891,-2.23186,2.18301,2.0869,1.40405,-2.184,-0.2144,2.62488,1.11431,-1.7865,-1.16433,1.40856,-0.759472,-1.4616,1.66225,-2.24858,0.141928,1.57279,-2.72189,2.07673,-0.534033,-1.62123,2.19019,0.160018,0.363285,1.57705,-2.11861,2.29662,-0.64474,0.722008,-0.38895,-0.791734,2.18072,1.17207,-1.26487,-1.7961,2.51837,2.91208,2.61596,-2.2842,2.75974,-2.67453,-0.560468,0.0981448]

f_1([0.0234853,-0.967595,0.967595,1.62202,0.59602,-2.21804,0.035459,1.36512,-0.846374,0.465088,-0.173369,0.0224599,-0.0562077,-1.71485,1.56339,0.480692,-0.709097,2.05545,0.0563228,1.97573,-2.16511,-1.93442,1.90336,-0.310858,0.354375,1.9247,-2.68997,0.528997,-1.08679,0.877604,-1.57146,-0.754023,0.812136,0.716918,0.0021458,-1.91651,2.84094,3.13743,1.80247,-3.36977,2.29565,-1.12592,0.419593,0.727998])
7.0056990132945325
Max g: 4.411077864712722
f_2([0.0214933,-0.952379,0.952379,1.53998,0.767329,-1.69938,0.146832,1.62891,-0.628914,0.207795,0.529563,-0.0269408,0.00627607,-1.67756,1.72738,0.647586,-0.973342,1.72938,-0.604002,0.584589,-2.60315,-1.97505,1.22696,-0.679752,-0.298406,2.41313,-1.87396,0.761594,0.608901,0.399587,0.385786,-0.414115,0.77326,0.189403,0.872045,-1.83513,-0.543714,2.8236,1.16587,-3.23349,1.48978,-1.78878,1.00189,-0.720769])
7.45101957982535
Max g: 0.5580457106371113
f_3([0.0289722,-0.935919,0.935919,1.50803,0.821445,-1.67197,-9.8975e-19,1.57084,-0.713837,0.251144,0.607522,0.140985,0.0122028,-1.6704,1.68685,0.742358,-0.925819,1.69037,-0.672166,-0.304059,-2.08477,-2.41505,0.956133,-0.594914,-0.248942,2.45749,-1.86682,0.661436,1.91924,-1.70343,-0.960595,1.71573,1.45853,-1.46656,0.428131,-0.443827,-1.73435,2.70173,1.28437,-2.28006,1.17048,-1.34847,1.29317,-1.11182])
7.867529391100424
Max g: 0.254440786404846
f_4([0.0337588,-0.935321,0.935321,1.52173,0.832321,-1.66126,0.0498658,1.57769,-0.695658,0.263521,0.603725,0.13273,-0.00920772,-1.67563,1.63894,0.763814,-0.883008,1.69241,-0.611537,-0.145401,-2.02076,-2.3102,1.06267,-0.601919,-0.263312,2.52059,-1.86348,0.605764,2.3171,-2.28224,-1.13195,2.09419,1.93309,-2.09552,0.110571,0.0523751,-1.49205,2.46783,1.13349,-2.12216,1.1285,-1.34695,1.40831,-1.19591])
7.4597924049551265
Max g: 0.17089279757220974
f_5([0.0369647,-0.923635,0.923635,1.51758,0.842569,-1.6521,0.0833234,1.57524,-0.681305,0.310555,0.640555,0.0488899,-0.0018917,-1.66635,1.62522,0.784948,-0.84984,1.68306,-0.590191,-0.0745772,-1.99498,-2.25397,1.11364,-0.602763,-0.254525,2.52896,-1.84863,0.574058,2.49922,-2.585,-1.11766,2.20315,2.14705,-2.41222,-0.0280502,0.293837,-1.41584,2.47588,1.0847,-2.14171,1.21521,-1.46019,1.43172,-1.19207])
7.663660898027776
Max g: 0.140394013420624
f_6([0.0380345,-0.920471,0.920471,1.51768,0.846132,-1.65214,0.0978127,1.57301,-0.681347,0.31824,0.647923,0.0338378,0.00109408,-1.6646,1.62438,0.791839,-0.845635,1.68214,-0.586236,-0.0731696,-1.96064,-2.23206,1.12848,-0.601928,-0.25086,2.53069,-1.84681,0.566931,2.53055,-2.65864,-1.10857,2.23664,2.18492,-2.48176,-0.0592406,0.355323,-1.46227,2.57077,1.08477,-2.19026,1.28147,-1.56322,1.40989,-1.13201])
7.6957614627071855
Max g: 0.13183156336666585
f_7([0.038219,-0.919084,0.919084,1.51939,0.846789,-1.65051,0.110104,1.57088,-0.681965,0.326278,0.653746,0.0199765,0.000347482,-1.66606,1.62325,0.794588,-0.841474,1.68066,-0.582465,-0.0683042,-1.93476,-2.21347,1.14172,-0.601644,-0.252116,2.53095,-1.84226,0.56319,2.55925,-2.72531,-1.10082,2.26704,2.23083,-2.55885,-0.0902638,0.417567,-1.49737,2.64565,1.08034,-2.226,1.33544,-1.65052,1.39338,-1.08194])
7.71181174504689
Max g: 0.12381473502128405
f_8([0.038457,-0.918849,0.918849,1.51908,0.850049,-1.65152,0.119243,1.56999,-0.682935,0.332143,0.659283,0.00857371,-0.000407801,-1.66631,1.6216,0.797457,-0.839607,1.67939,-0.57897,-0.0635054,-1.91558,-2.19817,1.15027,-0.600782,-0.252522,2.53123,-1.83998,0.561022,2.58319,-2.77985,-1.09568,2.29209,2.27017,-2.62378,-0.115119,0.468055,-1.52481,2.70313,1.07593,-2.2521,1.37826,-1.71965,1.38292,-1.04477])
7.724871291546899
Max g: 0.11713142899298909
f_9([0.0400412,-0.918191,0.918191,1.51763,0.846635,-1.65152,0.127669,1.57229,-0.687267,0.332881,0.661063,0.00605575,0.000178299,-1.66564,1.62071,0.797734,-0.838597,1.68072,-0.576578,-0.0608984,-1.89793,-2.18605,1.16003,-0.60117,-0.252023,2.5318,-1.839,0.55915,2.59778,-2.82111,-1.08792,2.31073,2.29522,-2.67038,-0.134363,0.50894,-1.55535,2.76563,1.07521,-2.28373,1.41937,-1.78662,1.37047,-1.00617])
7.711113906684294
Max g: 0.11188392005934997
f_10([0.0399163,-0.917998,0.91806,1.5165,0.847462,-1.64997,0.134896,1.57166,-0.688779,0.334832,0.660925,0.00424203,-6.10531e-5,-1.66607,1.62078,0.797145,-0.838042,1.68128,-0.574409,-0.058527,-1.88235,-2.1757,1.16834,-0.60136,-0.250719,2.53244,-1.84057,0.5588,2.61273,-2.8599,-1.0828,2.32932,2.32131,-2.71748,-0.152336,0.547444,-1.58018,2.81651,1.07287,-2.30799,1.45573,-1.84698,1.36036,-0.971649])
7.693767638814054
{0.03991627034192665,-0.9179984845659358,0.9180601525599266,1.5164970476635777,0.8474615451820173,-1.6499670015366394,0.13489647130938373,1.5716554333276564,-0.6887793899475856,0.3348316766274865,0.6609247560643249,0.00424203486893107,-6.105314591103071e-5,-1.6660661930405796,1.6207751632724083,0.7971446601488518,-0.8380419415699077,1.681279487781768,-0.5744092171353827,-0.05852697934636517,-1.8823500088574636,-2.1757031656170747,1.1683391094531894,-0.6013601300451649,-0.2507186683852333,2.5324442640572493,-1.8405675374295971,0.5588001027912778,2.6127257540314925,-2.85989958654932,-1.0827955846354271,2.3293200315274367,2.321306646952141,-2.717478041977183,-0.15233575270515823,0.5474435458384841,-1.5801753656932411,2.816506535614635,1.072870823134459,-2.307986887354319,1.4557253918057704,-1.8469846038514912,1.360362603567893,-0.9716493688093409}]
Set[{A021,A031,A032,A041,A042,A043,A121,A131,A132,A141,A142,A143,B021,B031,B032,B041,B042,B043,B121,B131,B132,B141,B142,B143,\[Alpha]1,\[Alpha]2,\[Alpha]3,\[Alpha]4,\[Beta]11,\[Beta]12,\[Beta]13,\[Beta]14,\[Beta]21,\[Beta]22,\[Beta]23,\[Beta]24,\[Beta]31,\[Beta]32,\[Beta]33,\[Beta]34,\[Beta]41,\[Beta]42,\[Beta]43,\[Beta]44},{0.03991627034192665,-0.9179984845659358,0.9180601525599266,1.5164970476635777,0.8474615451820173,-1.6499670015366394,0.13489647130938373,1.5716554333276564,-0.6887793899475856,0.3348316766274865,0.6609247560643249,0.00424203486893107,-6.105314591103071e-5,-1.6660661930405796,1.6207751632724083,0.7971446601488518,-0.8380419415699077,1.681279487781768,-0.5744092171353827,-0.05852697934636517,-1.8823500088574636,-2.1757031656170747,1.1683391094531894,-0.6013601300451649,-0.2507186683852333,2.5324442640572493,-1.8405675374295971,0.5588001027912778,2.6127257540314925,-2.85989958654932,-1.0827955846354271,2.3293200315274367,2.321306646952141,-2.717478041977183,-0.15233575270515823,0.5474435458384841,-1.5801753656932411,2.816506535614635,1.072870823134459,-2.307986887354319,1.4557253918057704,-1.8469846038514912,1.360362603567893,-0.9716493688093409}]

Max g: 0.1068541620951591
f_11([0.0399312,-0.916858,0.916915,1.51578,0.847695,-1.65025,0.141535,1.57075,-0.689595,0.335167,0.661796,0.00303761,-8.9604e-5,-1.66605,1.62093,0.797124,-0.837395,1.67985,-0.571801,-0.054928,-1.86827,-2.16528,1.17584,-0.601216,-0.251129,2.53382,-1.84201,0.559395,2.62972,-2.90033,-1.07795,2.34804,2.35033,-2.76687,-0.170006,0.585666,-1.60191,2.86355,1.06963,-2.32993,1.49063,-1.90554,1.35193,-0.939641])
7.672234340768239
Max g: 0.1017966038521764
f_12([0.0398266,-0.916377,0.916377,1.51677,0.848301,-1.65077,0.147962,1.56958,-0.689949,0.336634,0.663093,0.000272588,-0.000227992,-1.66578,1.62004,0.797932,-0.837049,1.68007,-0.569521,-0.0516103,-1.85479,-2.15625,1.18466,-0.601823,-0.249887,2.53418,-1.84271,0.558385,2.64686,-2.94127,-1.07331,2.36716,2.37857,-2.81579,-0.186689,0.623003,-1.62112,2.90706,1.06602,-2.35084,1.52392,-1.96149,1.34486,-0.90975])
7.661168618161362
Max g: 0.09724045421753391
f_13([0.0396803,-0.915412,0.915424,1.51731,0.849028,-1.65168,0.153822,1.56953,-0.691483,0.337118,0.665114,-0.00222886,-0.000290181,-1.66594,1.62049,0.798313,-0.837471,1.67933,-0.567264,-0.0475218,-1.84384,-2.14727,1.19121,-0.601783,-0.25009,2.53369,-1.84263,0.558996,2.66417,-2.98132,-1.06922,2.38577,2.40549,-2.86219,-0.202642,0.658696,-1.63999,2.94911,1.06251,-2.37046,1.55655,-2.01592,1.33716,-0.879908])
7.641230379230051
Max g: 0.09266743944147773
f_14([0.0394746,-0.916129,0.916129,1.51642,0.850012,-1.65011,0.159541,1.56861,-0.691765,0.338775,0.665705,-0.00447782,-0.00033731,-1.66601,1.62025,0.798707,-0.837749,1.68005,-0.565062,-0.0442643,-1.83225,-2.1379,1.19705,-0.601445,-0.248854,2.53364,-1.84312,0.558493,2.68107,-3.02095,-1.06387,2.40318,2.43226,-2.90901,-0.217643,0.6937,-1.65847,2.99055,1.05789,-2.38912,1.58803,-2.06933,1.33027,-0.851047])
7.62797145034073
Max g: 0.08836888891438727
f_15([0.0392924,-0.915838,0.915846,1.51629,0.851253,-1.65073,0.164776,1.56824,-0.692891,0.339652,0.666811,-0.00646636,0.000268313,-1.66577,1.62089,0.798389,-0.837827,1.67982,-0.562744,-0.0391864,-1.8236,-2.1285,1.20125,-0.600982,-0.248868,2.53281,-1.84268,0.558812,2.69782,-3.0587,-1.06041,2.42085,2.4584,-2.95432,-0.232542,0.727676,-1.67637,3.03011,1.05471,-2.40746,1.61939,-2.12213,1.32308,-0.822258])
7.611223329638429
Max g: 0.08408638057566417
f_16([0.0392207,-0.915042,0.915042,1.51779,0.850537,-1.65178,0.169791,1.56775,-0.693942,0.34121,0.667808,-0.00901811,-0.000499329,-1.6665,1.62087,0.797935,-0.836923,1.6788,-0.56039,-0.0342822,-1.81515,-2.12046,1.20687,-0.600861,-0.248631,2.5319,-1.84253,0.559253,2.71459,-3.09693,-1.05665,2.43843,2.48413,-2.99844,-0.245864,0.759388,-1.69379,3.06883,1.051,-2.42504,1.64983,-2.17392,1.31649,-0.794377])
7.597266562386512
Max g: 0.0801951580637923
f_17([0.0394949,-0.915247,0.915267,1.5161,0.851415,-1.65223,0.174389,1.5679,-0.695462,0.343079,0.668692,-0.0117773,-0.000241777,-1.66584,1.62055,0.797448,-0.835109,1.67735,-0.558154,-0.0294584,-1.80736,-2.11281,1.21213,-0.600726,-0.248712,2.53138,-1.84217,0.559302,2.73125,-3.13354,-1.05241,2.4542,2.50889,-3.04085,-0.258765,0.790108,-1.7111,3.10608,1.04689,-2.44116,1.67981,-2.22445,1.31048,-0.767547])
7.587596516504827
Max g: 0.07623134015288152
f_18([0.0390647,-0.916118,0.916185,1.51619,0.852767,-1.65063,0.178868,1.56734,-0.695979,0.343879,0.670773,-0.0146517,-0.000617779,-1.66661,1.62036,0.797976,-0.834713,1.67788,-0.555993,-0.0251604,-1.7992,-2.10552,1.21759,-0.600819,-0.247692,2.53177,-1.84243,0.558415,2.74674,-3.16888,-1.04845,2.47023,2.53335,-3.08293,-0.27089,0.819955,-1.72775,3.14305,1.04362,-2.45828,1.70959,-2.27507,1.30579,-0.742111])
7.582113500798716
Max g: 0.0726898726463594
f_19([0.0389406,-0.916308,0.916317,1.51598,0.853385,-1.65032,0.182347,1.56668,-0.696437,0.345439,0.671968,-0.0174067,-0.000736227,-1.66656,1.62009,0.798265,-0.834169,1.67731,-0.554241,-0.0216526,-1.79317,-2.10015,1.22207,-0.600855,-0.248301,2.53142,-1.84129,0.558211,2.75928,-3.19733,-1.04552,2.48301,2.55282,-3.11649,-0.280604,0.843755,-1.74139,3.17266,1.0408,-2.47148,1.7333,-2.31523,1.30153,-0.721229])
7.580319059294898
Max g: 0.06969510874626333
f_20([0.038921,-0.916329,0.916334,1.51642,0.853839,-1.65095,0.185574,1.56594,-0.696514,0.347248,0.673013,-0.0202612,-0.00106425,-1.66697,1.61992,0.798441,-0.833903,1.67706,-0.552508,-0.0178053,-1.78804,-2.09469,1.22572,-0.600659,-0.248169,2.53151,-1.84143,0.558077,2.77158,-3.22464,-1.0424,2.4951,2.57102,-3.14809,-0.289555,0.866107,-1.75466,3.20162,1.03807,-2.48443,1.75632,-2.35408,1.29726,-0.700974])
7.579322147348333
{0.03892100680185788,-0.9163286767636164,0.91633397456714,1.516424649365402,0.8538391462735089,-1.6509534562313652,0.18557444245258156,1.5659351222822797,-0.6965141629677872,0.3472484897732052,0.6730126868334357,-0.020261176606641618,-0.001064245282191494,-1.6669710372520783,1.619915611709753,0.7984411454036157,-0.83390266684391,1.677064609491669,-0.5525082929030326,-0.017805332361976792,-1.7880375061046823,-2.094692936250445,1.2257155476353983,-0.6006588641049933,-0.24816906816039597,2.531514306241208,-1.8414334682261921,0.5580767247709794,2.7715826891509767,-3.2246444346666587,-1.0424019780710347,2.495095673279499,2.571017048719647,-3.1480930810257948,-0.28955509262900225,0.8661067919834865,-1.754661733594056,3.2016217964561093,1.038070798655164,-2.484429527265932,1.7563179553025186,-2.354077092763365,1.297261571893683,-0.7009743596506895}]
Set[{A021,A031,A032,A041,A042,A043,A121,A131,A132,A141,A142,A143,B021,B031,B032,B041,B042,B043,B121,B131,B132,B141,B142,B143,\[Alpha]1,\[Alpha]2,\[Alpha]3,\[Alpha]4,\[Beta]11,\[Beta]12,\[Beta]13,\[Beta]14,\[Beta]21,\[Beta]22,\[Beta]23,\[Beta]24,\[Beta]31,\[Beta]32,\[Beta]33,\[Beta]34,\[Beta]41,\[Beta]42,\[Beta]43,\[Beta]44},{0.03892100680185788,-0.9163286767636164,0.91633397456714,1.516424649365402,0.8538391462735089,-1.6509534562313652,0.18557444245258156,1.5659351222822797,-0.6965141629677872,0.3472484897732052,0.6730126868334357,-0.020261176606641618,-0.001064245282191494,-1.6669710372520783,1.619915611709753,0.7984411454036157,-0.83390266684391,1.677064609491669,-0.5525082929030326,-0.017805332361976792,-1.7880375061046823,-2.094692936250445,1.2257155476353983,-0.6006588641049933,-0.24816906816039597,2.531514306241208,-1.8414334682261921,0.5580767247709794,2.7715826891509767,-3.2246444346666587,-1.0424019780710347,2.495095673279499,2.571017048719647,-3.1480930810257948,-0.28955509262900225,0.8661067919834865,-1.754661733594056,3.2016217964561093,1.038070798655164,-2.484429527265932,1.7563179553025186,-2.354077092763365,1.297261571893683,-0.7009743596506895}]

Max g: 0.06686595010502094
f_21([0.0388936,-0.916006,0.916051,1.51614,0.854126,-1.65067,0.188699,1.56562,-0.697129,0.349066,0.674928,-0.0239942,-0.00132897,-1.66657,1.61923,0.798124,-0.83294,1.67648,-0.550849,-0.0141425,-1.78295,-2.0888,1.22845,-0.600344,-0.248136,2.53165,-1.84147,0.558059,2.78403,-3.25188,-1.03961,2.50715,2.58919,-3.17939,-0.298186,0.887938,-1.7672,3.22895,1.03525,-2.49645,1.77857,-2.39209,1.29354,-0.681517])
7.584207015886504
Max g: 0.06425448576703086
f_22([0.0388901,-0.91587,0.915871,1.5162,0.854531,-1.6508,0.191627,1.56501,-0.697456,0.35093,0.675634,-0.0265621,-0.00125933,-1.66634,1.61902,0.798316,-0.83316,1.67694,-0.549292,-0.0105576,-1.77858,-2.08403,1.23181,-0.600224,-0.24843,2.53177,-1.84117,0.557811,2.79589,-3.27792,-1.03698,2.51873,2.6062,-3.20893,-0.306376,0.908646,-1.77927,3.25532,1.03282,-2.50828,1.80005,-2.42869,1.28948,-0.662244])
7.582811339161312
Max g: 0.06165170680651122
f_23([0.0387692,-0.915998,0.915998,1.51648,0.854379,-1.65089,0.194386,1.56441,-0.697832,0.35283,0.676351,-0.0291814,-0.00145319,-1.66636,1.61879,0.798922,-0.833138,1.67622,-0.547735,-0.00728149,-1.7739,-2.0794,1.23518,-0.600152,-0.248718,2.53166,-1.84074,0.557886,2.8069,-3.3024,-1.0343,2.52954,2.6223,-3.23695,-0.313925,0.92811,-1.79102,3.28064,1.03021,-2.51932,1.8212,-2.46482,1.28615,-0.643856])
7.5864002221689475
Max g: 0.05919582923701122
f_24([0.0388864,-0.915741,0.915748,1.51645,0.855023,-1.65113,0.196992,1.56418,-0.69835,0.354649,0.677548,-0.0321975,-0.00145407,-1.66625,1.61848,0.799496,-0.832924,1.67592,-0.546178,-0.00375249,-1.76998,-2.07501,1.23832,-0.600026,-0.248545,2.531,-1.84004,0.557539,2.81816,-3.32687,-1.03185,2.54036,2.63883,-3.26524,-0.321388,0.947403,-1.80273,3.30572,1.02771,-2.53016,1.8421,-2.49994,1.28294,-0.626349])
7.586798986947574
Max g: 0.05684246236469337
f_25([0.038771,-0.915947,0.915945,1.51664,0.855379,-1.65082,0.199523,1.56365,-0.698709,0.356036,0.678223,-0.0342597,-0.00174628,-1.66671,1.61833,0.800342,-0.832401,1.67526,-0.54468,-0.000164919,-1.76625,-2.07022,1.24072,-0.599764,-0.248654,2.53094,-1.83943,0.557144,2.82922,-3.35091,-1.02953,2.55097,2.65468,-3.29261,-0.32846,0.96597,-1.81389,3.32977,1.02553,-2.54096,1.86243,-2.53455,1.27981,-0.608856])
7.588892502035361
Max g: 0.05458955387199932
f_26([0.0387399,-0.916018,0.916025,1.51684,0.856049,-1.65154,0.202007,1.56315,-0.69908,0.357606,0.678958,-0.0365636,-0.00173565,-1.66599,1.61766,0.800702,-0.832669,1.67505,-0.543272,0.00295361,-1.76229,-2.06615,1.2438,-0.599869,-0.248454,2.53062,-1.83928,0.557177,2.83981,-3.37396,-1.02764,2.56158,2.66957,-3.31862,-0.335574,0.984289,-1.82506,3.35364,1.0238,-2.5519,1.88183,-2.56802,1.27692,-0.591756])
7.589889413981927
Max g: 0.052406220780068624
f_27([0.0386957,-0.915756,0.915756,1.51699,0.856346,-1.65175,0.204271,1.56241,-0.69915,0.359271,0.679971,-0.0392418,-0.00192208,-1.66554,1.617,0.80099,-0.832939,1.67496,-0.54184,0.00613261,-1.75868,-2.06216,1.24657,-0.599738,-0.24835,2.53086,-1.83973,0.557232,2.84986,-3.39583,-1.02517,2.571,2.68444,-3.34411,-0.342164,1.00155,-1.836,3.37697,1.02163,-2.5621,1.90138,-2.60139,1.27433,-0.575395])
7.591484473096432
Max g: 0.050154651588097565
f_28([0.0387238,-0.915554,0.915554,1.51663,0.857256,-1.65161,0.206561,1.56168,-0.699136,0.360686,0.681349,-0.0420357,-0.00235281,-1.66618,1.61678,0.801148,-0.831859,1.67473,-0.540516,0.00914344,-1.7551,-2.05826,1.24929,-0.599715,-0.248226,2.5311,-1.8395,0.556599,2.85985,-3.41812,-1.02308,2.58108,2.69874,-3.36921,-0.3485,1.01869,-1.84649,3.39964,1.01955,-2.5722,1.92006,-2.63363,1.27168,-0.559183])
7.597565635970482
Max g: 0.04815376612184097
f_29([0.0386853,-0.915609,0.915613,1.51649,0.857058,-1.6512,0.20874,1.56104,-0.699195,0.36246,0.682198,-0.0446567,-0.00219667,-1.66635,1.61719,0.801326,-0.832032,1.67461,-0.539235,0.0120241,-1.7517,-2.05434,1.25168,-0.599547,-0.248494,2.53057,-1.83868,0.556684,2.86919,-3.43918,-1.02038,2.5901,2.71259,-3.39363,-0.354412,1.03515,-1.85676,3.42199,1.0174,-2.58221,1.9383,-2.66511,1.26892,-0.543112])
7.600556371810178
Max g: 0.04623226134293562
f_30([0.0388831,-0.916154,0.916154,1.51683,0.857135,-1.65098,0.210779,1.5608,-0.699822,0.364685,0.683633,-0.0483168,-0.0024599,-1.66665,1.61659,0.802328,-0.8315,1.6749,-0.537894,0.0152682,-1.74897,-2.05115,1.2546,-0.599591,-0.248162,2.53058,-1.83787,0.555537,2.87895,-3.45984,-1.01849,2.59925,2.72637,-3.4174,-0.360493,1.05125,-1.86712,3.44351,1.01552,-2.59153,1.95658,-2.69618,1.2662,-0.527513])
7.618999242821641
{0.038883118003264334,-0.9161537742116966,0.9161535840809576,1.516834009200214,0.8571349499001417,-1.6509815258364138,0.21077915208760503,1.5608048665125833,-0.699822351639722,0.36468490364751216,0.6836327079831752,-0.04831679627581964,-0.002459896033313006,-1.666651264408231,1.616591213126924,0.802327615598253,-0.8314999506492624,1.6749002697967852,-0.5378943198277767,0.015268155120027816,-1.7489705402114093,-2.051145043445359,1.2545951925081795,-0.5995906704850319,-0.24816238006656036,2.53058357809905,-1.8378671840229255,0.5555367986955927,2.8789534856645727,-3.4598365655158907,-1.0184943943177476,2.599246776213746,2.7263685698198072,-3.4174009423502465,-0.3604927580869095,1.0512542480803144,-1.8671208291400392,3.4435111284699906,1.0155238935950028,-2.591534367154478,1.9565764326777066,-2.696182903745285,1.266200422648546,-0.5275131184343692}]
Set[{A021,A031,A032,A041,A042,A043,A121,A131,A132,A141,A142,A143,B021,B031,B032,B041,B042,B043,B121,B131,B132,B141,B142,B143,\[Alpha]1,\[Alpha]2,\[Alpha]3,\[Alpha]4,\[Beta]11,\[Beta]12,\[Beta]13,\[Beta]14,\[Beta]21,\[Beta]22,\[Beta]23,\[Beta]24,\[Beta]31,\[Beta]32,\[Beta]33,\[Beta]34,\[Beta]41,\[Beta]42,\[Beta]43,\[Beta]44},{0.038883118003264334,-0.9161537742116966,0.9161535840809576,1.516834009200214,0.8571349499001417,-1.6509815258364138,0.21077915208760503,1.5608048665125833,-0.699822351639722,0.36468490364751216,0.6836327079831752,-0.04831679627581964,-0.002459896033313006,-1.666651264408231,1.616591213126924,0.802327615598253,-0.8314999506492624,1.6749002697967852,-0.5378943198277767,0.015268155120027816,-1.7489705402114093,-2.051145043445359,1.2545951925081795,-0.5995906704850319,-0.24816238006656036,2.53058357809905,-1.8378671840229255,0.5555367986955927,2.8789534856645727,-3.4598365655158907,-1.0184943943177476,2.599246776213746,2.7263685698198072,-3.4174009423502465,-0.3604927580869095,1.0512542480803144,-1.8671208291400392,3.4435111284699906,1.0155238935950028,-2.591534367154478,1.9565764326777066,-2.696182903745285,1.266200422648546,-0.5275131184343692}]

Max g: 0.04422550186143426
f_31([0.0387846,-0.916325,0.916325,1.51714,0.857839,-1.65099,0.212832,1.56024,-0.700002,0.366289,0.685384,-0.0516722,-0.00238503,-1.66659,1.61646,0.802916,-0.831051,1.67443,-0.536671,0.0185457,-1.74644,-2.04752,1.25683,-0.599507,-0.248454,2.53014,-1.83676,0.555155,2.88841,-3.48053,-1.0164,2.60836,2.73987,-3.44085,-0.366244,1.06702,-1.8772,3.46507,1.01359,-2.6011,1.97442,-2.72688,1.26324,-0.511569])
7.6269745383941645
Max g: 0.04233180748623527
f_32([0.0388764,-0.916508,0.916522,1.51701,0.85842,-1.6517,0.214778,1.55949,-0.699956,0.36837,0.686328,-0.0546979,-0.00304931,-1.66693,1.61583,0.803642,-0.831281,1.67423,-0.535396,0.0213153,-1.74339,-2.04375,1.25868,-0.599211,-0.24845,2.53039,-1.83704,0.555025,2.89793,-3.50113,-1.01413,2.6171,2.753,-3.46366,-0.371658,1.08217,-1.88701,3.48592,1.01164,-2.61028,1.99181,-2.7571,1.26086,-0.49644])
7.6376414962224155
Max g: 0.04050423881252724
f_33([0.038668,-0.916663,0.91666,1.51704,0.858989,-1.65133,0.216636,1.55931,-0.700501,0.37044,0.68727,-0.05771,-0.00328086,-1.66687,1.61545,0.804146,-0.830884,1.67355,-0.534144,0.024815,-1.74158,-2.04093,1.26139,-0.599286,-0.248796,2.5306,-1.83674,0.554914,2.90727,-3.52099,-1.01242,2.62594,2.76586,-3.48612,-0.3772,1.09719,-1.89696,3.50659,1.00987,-2.61922,2.00918,-2.78656,1.25794,-0.481286])
7.6476106156880705
Max g: 0.03868236469054753
f_34([0.03864,-0.916156,0.916184,1.51641,0.859808,-1.65104,0.218415,1.55933,-0.701183,0.371999,0.687793,-0.0597918,-0.00337232,-1.66688,1.61524,0.80461,-0.830403,1.67275,-0.532923,0.028312,-1.73991,-2.03764,1.26322,-0.599077,-0.248783,2.5305,-1.83643,0.554769,2.9165,-3.54064,-1.01061,2.63452,2.77815,-3.50749,-0.38216,1.11122,-1.90663,3.52669,1.00801,-2.62781,2.02616,-2.81571,1.25515,-0.466369])
7.650401969138454
Max g: 0.03699894975193818
f_35([0.0387521,-0.916381,0.916381,1.51667,0.860035,-1.65138,0.220113,1.55948,-0.702167,0.37285,0.689017,-0.0618675,-0.00330481,-1.66679,1.615,0.805292,-0.829369,1.67193,-0.531722,0.0316255,-1.73811,-2.03438,1.26494,-0.598973,-0.248991,2.53091,-1.83605,0.554203,2.92547,-3.55939,-1.0091,2.64272,2.7904,-3.52859,-0.387439,1.12535,-1.91599,3.54611,1.00689,-2.63668,2.04279,-2.84435,1.25257,-0.451707])
7.654588999314029
Max g: 0.035287205604123795
f_36([0.0386659,-0.916137,0.916137,1.5165,0.860319,-1.65159,0.221568,1.55889,-0.702183,0.374787,0.690309,-0.065096,-0.0035949,-1.66681,1.61475,0.805259,-0.829249,1.67142,-0.53067,0.0342956,-1.7364,-2.03177,1.26664,-0.598877,-0.24926,2.53062,-1.8358,0.554495,2.93345,-3.57588,-1.00797,2.65024,2.80118,-3.54706,-0.39185,1.13746,-1.92422,3.56296,1.00568,-2.64416,2.05727,-2.86908,1.25059,-0.439459])
7.669044222539229
Max g: 0.033834089549212465
f_37([0.0386369,-0.916215,0.916215,1.51643,0.860696,-1.65132,0.222843,1.55859,-0.702304,0.376116,0.690894,-0.0670111,-0.00376753,-1.66705,1.6146,0.805416,-0.828621,1.67116,-0.529763,0.036727,-1.73495,-2.02942,1.26813,-0.5988,-0.249364,2.53066,-1.8355,0.554172,2.94014,-3.59034,-1.00675,2.65677,2.81063,-3.56328,-0.395611,1.1481,-1.93125,3.57776,1.00444,-2.65071,2.06981,-2.89062,1.24891,-0.428719])
7.675623841386562
Max g: 0.03258431052278321
f_38([0.0386294,-0.916136,0.916153,1.5165,0.86083,-1.65138,0.224054,1.55815,-0.702375,0.377237,0.691256,-0.0684937,-0.00389322,-1.66681,1.61418,0.805628,-0.828602,1.67097,-0.528954,0.0388822,-1.73363,-2.0273,1.26949,-0.598745,-0.249374,2.53052,-1.83531,0.554157,2.94646,-3.60367,-1.00551,2.66257,2.81917,-3.57836,-0.399242,1.15817,-1.93788,3.59164,1.00342,-2.65696,2.08161,-2.91097,1.24708,-0.418292])
7.6772189005010665
Max g: 0.0313953452172836
f_39([0.0386762,-0.915845,0.915845,1.51657,0.860939,-1.65159,0.225229,1.55762,-0.702339,0.378352,0.691508,-0.0698599,-0.00405365,-1.66713,1.6142,0.805668,-0.828656,1.67122,-0.528039,0.0414286,-1.73252,-2.02507,1.27086,-0.598606,-0.249168,2.53038,-1.83526,0.554017,2.95324,-3.61776,-1.00411,2.66848,2.82839,-3.59404,-0.402776,1.16821,-1.94492,3.60609,1.00221,-2.66317,2.09401,-2.93205,1.24542,-0.407911])
7.678415194836945
Max g: 0.030152041802638918
f_40([0.0387359,-0.915701,0.915701,1.51682,0.861039,-1.65178,0.225981,1.55735,-0.702432,0.379158,0.691877,-0.071035,-0.0040448,-1.66702,1.61405,0.805733,-0.828426,1.67127,-0.527518,0.0428802,-1.73176,-2.02388,1.27192,-0.598664,-0.248975,2.53029,-1.83518,0.553802,2.95725,-3.62626,-1.0036,2.67244,2.83387,-3.60343,-0.405002,1.17442,-1.94913,3.61484,1.00166,-2.66714,2.10147,-2.94509,1.24424,-0.401162])
7.684596048905652
{0.03873586863715003,-0.9157009901942891,0.915701433090959,1.5168151835309782,0.8610387135874528,-1.651783295481548,0.22598096462258443,1.5573481524098822,-0.7024315595141101,0.37915812478930305,0.6918768602583617,-0.07103498504766483,-0.004044804747642792,-1.667022288836315,1.6140529088186502,0.8057330414465509,-0.8284255295347128,1.671266309983304,-0.5275179400487956,0.04288023398483503,-1.7317589337071226,-2.0238779463709173,1.2719246526030865,-0.5986640939211978,-0.24897461062343423,2.5302932983058146,-1.8351767888495798,0.5538017581072172,2.957251391227122,-3.6262647279783855,-1.0036007895236183,2.6724446260086734,2.8338706341107502,-3.6034346618311295,-0.40500199265447606,1.174416044470233,-1.9491293825808496,3.6148372336510532,1.0016557589562327,-2.667142323513249,2.1014728288817923,-2.94509223971136,1.244239621616127,-0.40116213425854835}]
Set[{A021,A031,A032,A041,A042,A043,A121,A131,A132,A141,A142,A143,B021,B031,B032,B041,B042,B043,B121,B131,B132,B141,B142,B143,\[Alpha]1,\[Alpha]2,\[Alpha]3,\[Alpha]4,\[Beta]11,\[Beta]12,\[Beta]13,\[Beta]14,\[Beta]21,\[Beta]22,\[Beta]23,\[Beta]24,\[Beta]31,\[Beta]32,\[Beta]33,\[Beta]34,\[Beta]41,\[Beta]42,\[Beta]43,\[Beta]44},{0.03873586863715003,-0.9157009901942891,0.915701433090959,1.5168151835309782,0.8610387135874528,-1.651783295481548,0.22598096462258443,1.5573481524098822,-0.7024315595141101,0.37915812478930305,0.6918768602583617,-0.07103498504766483,-0.004044804747642792,-1.667022288836315,1.6140529088186502,0.8057330414465509,-0.8284255295347128,1.671266309983304,-0.5275179400487956,0.04288023398483503,-1.7317589337071226,-2.0238779463709173,1.2719246526030865,-0.5986640939211978,-0.24897461062343423,2.5302932983058146,-1.8351767888495798,0.5538017581072172,2.957251391227122,-3.6262647279783855,-1.0036007895236183,2.6724446260086734,2.8338706341107502,-3.6034346618311295,-0.40500199265447606,1.174416044470233,-1.9491293825808496,3.6148372336510532,1.0016557589562327,-2.667142323513249,2.1014728288817923,-2.94509223971136,1.244239621616127,-0.40116213425854835}]

Max g: 0.02944519759286185
f_41([0.0384791,-0.916053,0.916054,1.51747,0.862795,-1.65326,0.228233,1.5578,-0.703995,0.379909,0.693324,-0.0732337,-0.00422286,-1.66684,1.6135,0.804691,-0.827563,1.67163,-0.525895,0.046118,-1.72911,-2.02042,1.27487,-0.598546,-0.249634,2.53006,-1.83411,0.553693,2.9696,-3.65257,-1.00151,2.68434,2.84642,-3.62725,-0.410913,1.19164,-1.96202,3.64194,0.999712,-2.67936,2.12509,-2.98455,1.24009,-0.381184])
7.687686475940005
Max g: 0.02780758944250422
f_42([0.0384769,-0.915978,0.915983,1.51735,0.863501,-1.65327,0.22982,1.55723,-0.704113,0.38126,0.694282,-0.0755426,-0.0042894,-1.66661,1.61304,0.805005,-0.827477,1.67172,-0.524786,0.0491529,-1.72738,-2.01756,1.27675,-0.5985,-0.249656,2.52984,-1.83353,0.553387,2.97889,-3.67181,-1.00016,2.69301,2.85743,-3.64675,-0.415303,1.20441,-1.97155,3.66156,0.99831,-2.6881,2.1418,-3.01351,1.23763,-0.366442])
7.692870418062145
Max g: 0.026275559723286712
f_43([0.0384758,-0.916179,0.916179,1.51718,0.86385,-1.6532,0.231314,1.55708,-0.704643,0.38236,0.695043,-0.0774023,-0.00438884,-1.66656,1.61271,0.805419,-0.827254,1.67162,-0.523635,0.0524378,-1.72608,-2.01499,1.27878,-0.598486,-0.249062,2.52976,-1.83367,0.553045,2.98772,-3.69031,-0.99888,2.70131,2.86872,-3.66625,-0.419826,1.21718,-1.98092,3.68058,0.997149,-2.69662,2.15827,-3.04169,1.23526,-0.352261])
7.700147875272074
Max g: 0.024692128654741463
f_44([0.038497,-0.915946,0.91595,1.51711,0.86379,-1.65297,0.23274,1.55672,-0.70497,0.383646,0.695702,-0.0793496,-0.00450884,-1.66666,1.61264,0.805568,-0.827235,1.67143,-0.522471,0.0558418,-1.72499,-2.01246,1.28067,-0.598464,-0.249139,2.52949,-1.83335,0.553046,2.99678,-3.70841,-0.997634,2.70917,2.88032,-3.68581,-0.424247,1.22969,-1.99005,3.69901,0.995952,-2.70469,2.17424,-3.06921,1.23312,-0.338601])
7.702739846333144
Max g: 0.02321331005299654
f_45([0.0385675,-0.915961,0.915964,1.51689,0.864254,-1.6527,0.234135,1.55652,-0.705411,0.384694,0.696459,-0.0811531,-0.00457853,-1.6667,1.61228,0.806117,-0.826798,1.6716,-0.52138,0.0590217,-1.72393,-2.01,1.28243,-0.598389,-0.248998,2.52992,-1.83322,0.552338,3.00512,-3.72571,-0.996315,2.71684,2.89154,-3.70512,-0.428653,1.24217,-1.99905,3.71716,0.99479,-2.71271,2.19002,-3.09613,1.2308,-0.325038])
7.710316377127042
Max g: 0.021690402268792153
f_46([0.0385483,-0.916124,0.916124,1.51667,0.864673,-1.65268,0.235484,1.55622,-0.705854,0.385869,0.697438,-0.0833072,-0.00478127,-1.66667,1.61196,0.806234,-0.826854,1.67159,-0.520317,0.0622497,-1.72291,-2.0075,1.28406,-0.598369,-0.248979,2.52983,-1.83303,0.552298,3.01333,-3.74259,-0.995117,2.72429,2.90235,-3.7237,-0.432797,1.25408,-2.00781,3.73477,0.993755,-2.72054,2.20513,-3.12251,1.22863,-0.311586])
7.715400628054526
Max g: 0.020307000829214383
f_47([0.0384866,-0.916232,0.916231,1.51648,0.864729,-1.65248,0.236682,1.55575,-0.705963,0.387046,0.698218,-0.0852624,-0.00497937,-1.66649,1.61156,0.806339,-0.826916,1.67137,-0.519337,0.0649636,-1.72186,-2.00526,1.28553,-0.598256,-0.249188,2.52956,-1.83268,0.552399,3.02079,-3.75798,-0.993896,2.73105,2.91254,-3.74115,-0.436537,1.26506,-2.01574,3.75086,0.992529,-2.72748,2.21927,-3.14666,1.22676,-0.299689])
7.719288584646131
Max g: 0.01904598858078843
f_48([0.0385629,-0.91589,0.915896,1.51603,0.865024,-1.6522,0.237977,1.5553,-0.706043,0.388244,0.698831,-0.0870751,-0.00498435,-1.66698,1.61189,0.806562,-0.826486,1.6712,-0.518312,0.0680412,-1.72095,-2.00291,1.28713,-0.598192,-0.249263,2.52979,-1.83259,0.552116,3.02881,-3.77462,-0.992584,2.73837,2.92306,-3.75927,-0.440514,1.27666,-2.02417,3.76804,0.991378,-2.73513,2.23403,-3.17213,1.2247,-0.286868])
7.725868203493464
Max g: 0.01766722959498951
f_49([0.0385675,-0.915922,0.915924,1.51581,0.865235,-1.65247,0.239208,1.55515,-0.706549,0.389488,0.699486,-0.0889737,-0.00513169,-1.66683,1.61159,0.806783,-0.826378,1.67083,-0.5173,0.0709521,-1.71997,-2.00072,1.28877,-0.598133,-0.249407,2.52998,-1.8327,0.55217,3.03664,-3.79066,-0.991177,2.74516,2.93354,-3.77731,-0.444425,1.2881,-2.03247,3.78484,0.990239,-2.74248,2.24856,-3.19727,1.22273,-0.274286])
7.730952454420948
Max g: 0.016320028471886572
f_50([0.0385885,-0.915881,0.915881,1.51617,0.865544,-1.65267,0.240366,1.55489,-0.706808,0.390438,0.700149,-0.0905869,-0.00517663,-1.66672,1.61129,0.806923,-0.826048,1.67084,-0.516318,0.0738287,-1.71914,-1.99838,1.28996,-0.597979,-0.249589,2.53025,-1.83244,0.551867,3.04409,-3.80603,-0.990132,2.75197,2.94378,-3.7946,-0.448156,1.29894,-2.04065,3.80101,0.989283,-2.74959,2.26266,-3.22146,1.22104,-0.262471])
7.733943190260645
{0.03858846633692047,-0.9158811763434395,0.9158811763434396,1.516167713461959,0.8655442246669932,-1.6526710433947396,0.24036562083081153,1.554889412810003,-0.7068076935347962,0.39043784717197944,0.7001490268832592,-0.0905868740552392,-0.005176627294890627,-1.6667155701180165,1.6112929967087557,0.8069230408229705,-0.8260479354906907,1.6708448328053869,-0.5163183916540707,0.0738287387182786,-1.7191357103273412,-1.9983795378909839,1.2899609410741584,-0.5979786754984013,-0.24958893454666908,2.530253830944998,-1.8324402303925107,0.5518667109625097,3.044091047693325,-3.8060290408977813,-0.9901317441788632,2.751974875895888,2.9437837009114443,-3.7945996024282405,-0.44815628470796687,1.2989390835995982,-2.040648109116442,3.801007146289638,0.989283112012173,-2.74958861740621,2.262660628638989,-3.221459593004694,1.2210359107700905,-0.2624708463719201}]
Set[{A021,A031,A032,A041,A042,A043,A121,A131,A132,A141,A142,A143,B021,B031,B032,B041,B042,B043,B121,B131,B132,B141,B142,B143,\[Alpha]1,\[Alpha]2,\[Alpha]3,\[Alpha]4,\[Beta]11,\[Beta]12,\[Beta]13,\[Beta]14,\[Beta]21,\[Beta]22,\[Beta]23,\[Beta]24,\[Beta]31,\[Beta]32,\[Beta]33,\[Beta]34,\[Beta]41,\[Beta]42,\[Beta]43,\[Beta]44},{0.03858846633692047,-0.9158811763434395,0.9158811763434396,1.516167713461959,0.8655442246669932,-1.6526710433947396,0.24036562083081153,1.554889412810003,-0.7068076935347962,0.39043784717197944,0.7001490268832592,-0.0905868740552392,-0.005176627294890627,-1.6667155701180165,1.6112929967087557,0.8069230408229705,-0.8260479354906907,1.6708448328053869,-0.5163183916540707,0.0738287387182786,-1.7191357103273412,-1.9983795378909839,1.2899609410741584,-0.5979786754984013,-0.24958893454666908,2.530253830944998,-1.8324402303925107,0.5518667109625097,3.044091047693325,-3.8060290408977813,-0.9901317441788632,2.751974875895888,2.9437837009114443,-3.7945996024282405,-0.44815628470796687,1.2989390835995982,-2.040648109116442,3.801007146289638,0.989283112012173,-2.74958861740621,2.262660628638989,-3.221459593004694,1.2210359107700905,-0.2624708463719201}]

Max g: 0.015046011879348675
f_51([0.0385787,-0.91572,0.91572,1.51646,0.865605,-1.65232,0.241506,1.55426,-0.706732,0.391591,0.701054,-0.0926451,-0.00531082,-1.66698,1.61106,0.807203,-0.825396,1.67084,-0.515368,0.0766669,-1.71842,-1.99652,1.2917,-0.598024,-0.24958,2.5306,-1.83222,0.55127,3.05161,-3.82126,-0.989139,2.75876,2.95371,-3.81162,-0.451914,1.30975,-2.04833,3.81667,0.988418,-2.75666,2.27661,-3.24548,1.21901,-0.250333])
7.7422175594171385
Max g: 0.013796720943539176
f_52([0.0386743,-0.915908,0.91591,1.51632,0.865861,-1.65248,0.242591,1.55391,-0.707019,0.393217,0.701424,-0.0946393,-0.00553749,-1.6671,1.61074,0.807768,-0.825185,1.67059,-0.514454,0.0793949,-1.71764,-1.99445,1.29301,-0.597988,-0.249258,2.53055,-1.83216,0.550937,3.0588,-3.83583,-0.988342,2.76535,2.96311,-3.82779,-0.455523,1.32009,-2.05577,3.83155,0.987619,-2.76336,2.28996,-3.26855,1.2173,-0.238867])
7.750691310962946
Max g: 0.012586639357058671
f_53([0.0386267,-0.915734,0.915734,1.51639,0.866563,-1.65285,0.243675,1.55347,-0.70722,0.394269,0.70202,-0.0962875,-0.00573244,-1.66712,1.61046,0.807866,-0.825014,1.67054,-0.513538,0.0823453,-1.71721,-1.99248,1.29438,-0.597943,-0.249322,2.53083,-1.83226,0.550814,3.0661,-3.85061,-0.987291,2.77177,2.97246,-3.84371,-0.459,1.33022,-2.06335,3.84672,0.986747,-2.77006,2.30311,-3.2915,1.2153,-0.227092])
7.751588531714854
Max g: 0.01137712996393958
f_54([0.0385476,-0.915889,0.91589,1.51641,0.867175,-1.65296,0.2447,1.55324,-0.707467,0.395289,0.702685,-0.0979739,-0.00566289,-1.66683,1.61015,0.808297,-0.824713,1.67017,-0.512671,0.0850339,-1.71673,-1.99066,1.2957,-0.597861,-0.249419,2.53091,-1.83197,0.550567,3.07317,-3.86492,-0.986328,2.77808,2.9816,-3.85929,-0.462218,1.33991,-2.07062,3.8613,0.98571,-2.77636,2.31594,-3.31346,1.21343,-0.216033])
7.757869076978217
Max g: 0.010254711279049422
f_55([0.0383086,-0.916504,0.916505,1.51611,0.868774,-1.65282,0.245752,1.55439,-0.709332,0.395892,0.703178,-0.0990699,-0.00603837,-1.66729,1.61006,0.80845,-0.82478,1.67023,-0.5117,0.0868658,-1.71564,-1.98891,1.297,-0.597728,-0.249414,2.53062,-1.83173,0.550521,3.08033,-3.87948,-0.985539,2.78457,2.98957,-3.87398,-0.465944,1.35032,-2.07817,3.87646,0.985115,-2.78322,2.32923,-3.33573,1.21136,-0.205006])
7.759563827287379
Max g: 0.00939761850527665
f_56([0.0383016,-0.916568,0.916573,1.51617,0.869015,-1.65272,0.247085,1.55361,-0.709398,0.396868,0.704734,-0.101604,-0.00648272,-1.6676,1.60971,0.809023,-0.824893,1.67013,-0.510491,0.0906119,-1.71517,-1.98662,1.29884,-0.597705,-0.249754,2.53044,-1.83099,0.550317,3.09063,-3.8993,-0.984954,2.79369,3.00093,-3.89334,-0.470239,1.36262,-2.08855,3.8965,0.984488,-2.79237,2.34722,-3.36667,1.20846,-0.189112])
7.763750857462954
Max g: 0.007900939340721946
f_57([0.0383671,-0.916506,0.916507,1.51628,0.869746,-1.65307,0.248415,1.5531,-0.709671,0.398586,0.705073,-0.103656,-0.00623073,-1.66776,1.6099,0.810079,-0.824738,1.66986,-0.509255,0.0945524,-1.71473,-1.98451,1.30115,-0.597834,-0.250159,2.53109,-1.83071,0.549704,3.10058,-3.91891,-0.983984,2.80232,3.01316,-3.91402,-0.474776,1.37564,-2.09922,3.91715,0.983766,-2.8016,2.36544,-3.39775,1.20616,-0.173853])
7.7711280058675385
Max g: 0.006330551106373483
f_58([0.038378,-0.916473,0.916477,1.51607,0.870722,-1.65356,0.249653,1.55266,-0.709927,0.399376,0.706075,-0.105451,-0.00626353,-1.66779,1.60976,0.810465,-0.823847,1.66896,-0.507991,0.0987136,-1.71466,-1.98225,1.30305,-0.597817,-0.250399,2.53167,-1.83075,0.549452,3.11042,-3.93799,-0.982864,2.81051,3.02564,-3.93468,-0.479031,1.38814,-2.10916,3.93639,0.982637,-2.80982,2.38314,-3.42804,1.20381,-0.159003])
7.775514418432427
Max g: 0.004881456315203592
f_59([0.0384141,-0.915849,0.915851,1.51544,0.871444,-1.65333,0.250918,1.55195,-0.710029,0.400722,0.706401,-0.107123,-0.00656901,-1.66752,1.60892,0.810718,-0.823386,1.66891,-0.506858,0.102646,-1.7146,-1.98025,1.3051,-0.597907,-0.250243,2.53161,-1.8305,0.54906,3.11964,-3.95644,-0.981778,2.81862,3.03732,-3.95464,-0.483254,1.40055,-2.11886,3.95543,0.981728,-2.8183,2.40022,-3.45749,1.20109,-0.143811])
7.7790036102454065
Max g: 0.0034049273815537906
f_60([0.0386267,-0.91622,0.91622,1.51514,0.871635,-1.65362,0.252068,1.55199,-0.710832,0.401582,0.706524,-0.108106,-0.00674735,-1.66818,1.60907,0.810085,-0.821538,1.66862,-0.505469,0.106706,-1.71457,-1.97817,1.30701,-0.597806,-0.250958,2.53237,-1.83004,0.548531,3.13041,-3.97657,-0.981055,2.82718,3.04921,-3.97466,-0.487865,1.41328,-2.12976,3.97569,0.980944,-2.82687,2.41886,-3.48848,1.19878,-0.12917])
7.780299595775942
{0.03862669319735481,-0.9162204325950937,0.9162204325950946,1.5151356677482029,0.8716346868327404,-1.653621997335718,0.2520677154847474,1.5519882913636593,-0.7108315751542068,0.4015820981958054,0.7065242639339332,-0.10810636212973754,-0.0067473519849166,-1.6681794708561468,1.6090656435949955,0.8100853264111297,-0.8215377925691144,1.668621385611096,-0.5054693036760636,0.10670554265735466,-1.7145702444246345,-1.978168464772508,1.3070132121769336,-0.5978059898887579,-0.25095786792330216,2.5323709357491495,-1.8300375715722208,0.5485311731233583,3.130407855684844,-3.9765690915815486,-0.9810549860389589,2.827180343059085,3.049209269886463,-3.9746562843802105,-0.48786476376674665,1.4132777346780332,-2.1297603343408484,3.9756900174287146,0.9809443788562252,-2.8268701832532463,2.4188589391884805,-3.4884825606406995,1.1987830865153721,-0.129169816637873}]
Set[{A021,A031,A032,A041,A042,A043,A121,A131,A132,A141,A142,A143,B021,B031,B032,B041,B042,B043,B121,B131,B132,B141,B142,B143,\[Alpha]1,\[Alpha]2,\[Alpha]3,\[Alpha]4,\[Beta]11,\[Beta]12,\[Beta]13,\[Beta]14,\[Beta]21,\[Beta]22,\[Beta]23,\[Beta]24,\[Beta]31,\[Beta]32,\[Beta]33,\[Beta]34,\[Beta]41,\[Beta]42,\[Beta]43,\[Beta]44},{0.03862669319735481,-0.9162204325950937,0.9162204325950946,1.5151356677482029,0.8716346868327404,-1.653621997335718,0.2520677154847474,1.5519882913636593,-0.7108315751542068,0.4015820981958054,0.7065242639339332,-0.10810636212973754,-0.0067473519849166,-1.6681794708561468,1.6090656435949955,0.8100853264111297,-0.8215377925691144,1.668621385611096,-0.5054693036760636,0.10670554265735466,-1.7145702444246345,-1.978168464772508,1.3070132121769336,-0.5978059898887579,-0.25095786792330216,2.5323709357491495,-1.8300375715722208,0.5485311731233583,3.130407855684844,-3.9765690915815486,-0.9810549860389589,2.827180343059085,3.049209269886463,-3.9746562843802105,-0.48786476376674665,1.4132777346780332,-2.1297603343408484,3.9756900174287146,0.9809443788562252,-2.8268701832532463,2.4188589391884805,-3.4884825606406995,1.1987830865153721,-0.129169816637873}]

Max g: 0.0019268083758321453
f_61([0.0387988,-0.916369,0.916369,1.51474,0.871935,-1.65294,0.253313,1.55139,-0.711085,0.402835,0.707497,-0.110331,-0.00683429,-1.66881,1.60918,0.810516,-0.820678,1.66885,-0.504242,0.110865,-1.71451,-1.97587,1.30883,-0.597864,-0.249935,2.53236,-1.83007,0.547548,3.14011,-3.99549,-0.980421,2.83581,3.0616,-3.99523,-0.492238,1.42586,-2.14009,3.99543,0.980424,-2.83579,2.43627,-3.51881,1.1963,-0.113821])
7.7865801410393045
Max g: 0.00048524015529582964
f_62([0.0391795,-0.916582,0.916591,1.51437,0.872185,-1.65303,0.254474,1.55086,-0.71121,0.406186,0.706864,-0.11305,-0.00697108,-1.66818,1.60779,0.810557,-0.819955,1.67012,-0.503089,0.113984,-1.71383,-1.97351,1.31003,-0.597668,-0.250565,2.53353,-1.82924,0.546258,3.14955,-4.01408,-0.979895,2.84435,3.07308,-4.01485,-0.49644,1.43817,-2.14939,4.01377,0.979978,-2.84441,2.45355,-3.54816,1.19433,-0.0998272])
7.797645863646181
Max g: 0.0005936970046231949
f_63([0.039239,-0.916227,0.916229,1.51463,0.872847,-1.65335,0.255621,1.55057,-0.711768,0.407625,0.707409,-0.115033,-0.0074435,-1.66909,1.6078,0.811318,-0.81954,1.6699,-0.50206,0.117671,-1.71397,-1.97169,1.31182,-0.597715,-0.250015,2.53362,-1.82935,0.545661,3.15844,-4.03166,-0.978863,2.85196,3.08356,-4.03286,-0.500316,1.44961,-2.15914,4.03242,0.97912,-2.85257,2.46981,-3.57628,1.19134,-0.0848571])
7.8031288793522915
Max g: 0.0011564632613776382
f_64([0.039194,-0.915578,0.915581,1.51445,0.873212,-1.65307,0.256722,1.54972,-0.711615,0.409015,0.707663,-0.116674,-0.00761102,-1.66889,1.60729,0.81152,-0.819258,1.66977,-0.500977,0.121388,-1.71406,-1.96937,1.31292,-0.597592,-0.24999,2.53405,-1.82959,0.545487,3.16718,-4.04878,-0.978319,2.85984,3.09429,-4.05119,-0.50436,1.46117,-2.16857,4.05046,0.978694,-2.86086,2.4861,-3.60438,1.18902,-0.0707735])
7.80462424727214
Max g: 0.0017533282519570648
f_65([0.0391287,-0.915927,0.915929,1.51441,0.873137,-1.65314,0.257756,1.5494,-0.71203,0.410238,0.70777,-0.118008,-0.00773341,-1.66876,1.60715,0.81164,-0.819651,1.66955,-0.500051,0.124561,-1.71403,-1.96719,1.31372,-0.597402,-0.25013,2.534,-1.82977,0.545788,3.17514,-4.06456,-0.977732,2.86709,3.10432,-4.06814,-0.507888,1.47172,-2.17685,4.06675,0.978189,-2.86826,2.5008,-3.62977,1.18661,-0.0575047])
7.802829805768322
Max g: 0.0023889084957389173
f_66([0.0390254,-0.91584,0.915843,1.51451,0.873684,-1.65308,0.258528,1.54898,-0.712137,0.411237,0.708032,-0.119269,-0.00779068,-1.66871,1.60694,0.811933,-0.819541,1.66944,-0.499316,0.127222,-1.71416,-1.96551,1.31443,-0.597292,-0.250056,2.53401,-1.82969,0.545631,3.18146,-4.07694,-0.977097,2.87254,3.11203,-4.0813,-0.510599,1.47986,-2.1833,4.07938,0.977634,-2.87388,2.51222,-3.64974,1.18472,-0.047075])
7.80492332085611
Max g: 0.002850357985050067
f_67([0.0390415,-0.915758,0.915758,1.51476,0.873897,-1.65332,0.258795,1.54893,-0.712242,0.411399,0.708163,-0.119562,-0.00781265,-1.66865,1.60681,0.812184,-0.81942,1.66925,-0.499045,0.128116,-1.71416,-1.965,1.31478,-0.597273,-0.25003,2.53411,-1.82968,0.545508,3.18369,-4.08132,-0.976889,2.87449,3.11486,-4.08605,-0.51159,1.48279,-2.18561,4.08379,0.97741,-2.87579,2.51638,-3.65676,1.1842,-0.0436354])
7.805421776829393
Max g: 0.0030350891662731527
f_68([0.0390957,-0.915648,0.915757,1.51459,0.873949,-1.65325,0.257075,1.54691,-0.716134,0.409495,0.706579,-0.121037,-0.00782387,-1.66858,1.60672,0.811957,-0.819289,1.66931,-0.49892,0.128137,-1.71404,-1.96487,1.31485,-0.597178,-0.250147,2.53418,-1.82954,0.545523,3.18355,-4.08193,-0.977119,2.87557,3.1153,-4.0858,-0.510468,1.48094,-2.18539,4.08444,0.977475,-2.87667,2.51649,-3.65697,1.18419,-0.0435449])
7.817783484966805
Max g: 0.0026907904300239593
f_69([0.039003,-0.915605,0.915644,1.51472,0.873888,-1.65328,0.25442,1.54383,-0.722543,0.406821,0.704053,-0.123516,-0.00805865,-1.66866,1.60655,0.811848,-0.819285,1.66925,-0.499015,0.127603,-1.71311,-1.96463,1.31512,-0.597311,-0.250143,2.53407,-1.82958,0.545656,3.18348,-4.08424,-0.978183,2.87892,3.11293,-4.07878,-0.504231,1.47021,-2.18418,4.08515,0.978317,-2.87932,2.51496,-3.65633,1.18438,-0.0429362])
7.836326047172924
Max g: 0.0023048048261773424
f_70([0.0390054,-0.915639,0.915641,1.51461,0.873862,-1.65328,0.253259,1.54245,-0.72521,0.405758,0.702833,-0.124555,-0.00812248,-1.66869,1.60649,0.811896,-0.819337,1.66924,-0.499118,0.12723,-1.71269,-1.96463,1.31529,-0.597413,-0.250128,2.53404,-1.82958,0.545663,3.18412,-4.08612,-0.978841,2.88082,3.10895,-4.07172,-0.500962,1.46384,-2.18408,4.08601,0.978808,-2.88075,2.51432,-3.65602,1.18433,-0.0425902])
7.846295166638579
{0.03900537649918929,-0.915638961618346,0.9156413307923359,1.5146074360974757,0.8738621482530298,-1.6532777355678232,0.25325876614701814,1.5424462595238224,-0.725209643286836,0.405758244870046,0.7028329153025059,-0.12455461186371197,-0.008122475299721321,-1.668686099127882,1.6064878912414404,0.811895929553683,-0.8193367405967659,1.6692441984149502,-0.4991181050141361,0.12722963764956485,-1.7126913142604365,-1.964634251959832,1.3152853914664624,-0.5974130848330954,-0.25012760680961443,2.5340413321205295,-1.8295808513895155,0.5456631222057025,3.184119514075677,-4.08611588545629,-0.9788407965450782,2.88081771773597,3.108953642218481,-4.071721828112451,-0.5009617402730783,1.4638351477538476,-2.184077094113478,4.086012296625105,0.9788079391982408,-2.8807493256909993,2.5143178124872887,-3.656018602043889,1.1843339008090479,-0.04259024798175227}]
Set[{A021,A031,A032,A041,A042,A043,A121,A131,A132,A141,A142,A143,B021,B031,B032,B041,B042,B043,B121,B131,B132,B141,B142,B143,\[Alpha]1,\[Alpha]2,\[Alpha]3,\[Alpha]4,\[Beta]11,\[Beta]12,\[Beta]13,\[Beta]14,\[Beta]21,\[Beta]22,\[Beta]23,\[Beta]24,\[Beta]31,\[Beta]32,\[Beta]33,\[Beta]34,\[Beta]41,\[Beta]42,\[Beta]43,\[Beta]44},{0.03900537649918929,-0.915638961618346,0.9156413307923359,1.5146074360974757,0.8738621482530298,-1.6532777355678232,0.25325876614701814,1.5424462595238224,-0.725209643286836,0.405758244870046,0.7028329153025059,-0.12455461186371197,-0.008122475299721321,-1.668686099127882,1.6064878912414404,0.811895929553683,-0.8193367405967659,1.6692441984149502,-0.4991181050141361,0.12722963764956485,-1.7126913142604365,-1.964634251959832,1.3152853914664624,-0.5974130848330954,-0.25012760680961443,2.5340413321205295,-1.8295808513895155,0.5456631222057025,3.184119514075677,-4.08611588545629,-0.9788407965450782,2.88081771773597,3.108953642218481,-4.071721828112451,-0.5009617402730783,1.4638351477538476,-2.184077094113478,4.086012296625105,0.9788079391982408,-2.8807493256909993,2.5143178124872887,-3.656018602043889,1.1843339008090479,-0.04259024798175227}]

Max g: 0.0018031486858531842
f_71([0.0389744,-0.915671,0.915672,1.51469,0.873803,-1.65323,0.252422,1.54151,-0.727171,0.405008,0.702055,-0.125394,-0.00819606,-1.66869,1.60642,0.811883,-0.819306,1.66915,-0.49919,0.126939,-1.71238,-1.96459,1.31531,-0.597455,-0.250128,2.534,-1.82961,0.54572,3.1846,-4.08744,-0.979374,2.88222,3.1057,-4.06605,-0.49854,1.45899,-2.18417,4.08681,0.979238,-2.88186,2.5139,-3.65579,1.18428,-0.0423367])
7.852376329512628
Max g: 0.0014230152966594467
f_72([0.0389874,-0.915649,0.915694,1.5147,0.873823,-1.65326,0.251747,1.5407,-0.728694,0.404342,0.701437,-0.126021,-0.00826419,-1.66869,1.60636,0.811819,-0.819293,1.66912,-0.49926,0.126663,-1.71211,-1.96454,1.31527,-0.597478,-0.250157,2.53399,-1.82961,0.545784,3.18485,-4.08831,-0.97975,2.88321,3.10296,-4.06136,-0.49659,1.45506,-2.18429,4.08749,0.979593,-2.88279,2.51352,-3.65557,1.18423,-0.042148])
7.856264286104234
Max g: 0.0011029342133626052
f_73([0.038985,-0.91565,0.915691,1.51467,0.873837,-1.65326,0.251615,1.54054,-0.728998,0.404205,0.701302,-0.126125,-0.00827548,-1.6687,1.60635,0.811817,-0.819304,1.66912,-0.499274,0.126599,-1.71204,-1.96452,1.31527,-0.597485,-0.250168,2.53398,-1.82961,0.545789,3.1849,-4.08848,-0.979832,2.88341,3.10241,-4.06042,-0.49621,1.45428,-2.18432,4.08763,0.97967,-2.88298,2.51344,-3.65553,1.18423,-0.0421065])
7.857360889245456
Max g: 0.0010361780996892556
f_74([0.038985,-0.91565,0.915691,1.51467,0.873837,-1.65326,0.251615,1.54054,-0.728998,0.404205,0.701302,-0.126125,-0.00827548,-1.6687,1.60635,0.811817,-0.819304,1.66912,-0.499274,0.126599,-1.71204,-1.96452,1.31527,-0.597485,-0.250168,2.53398,-1.82961,0.545789,3.1849,-4.08848,-0.979832,2.88341,3.10241,-4.06042,-0.49621,1.45428,-2.18432,4.08763,0.97967,-2.88298,2.51344,-3.65553,1.18423,-0.0421065])
7.857360889245456
Max g: 0.0010361668216707365
f_75([0.038985,-0.91565,0.915691,1.51467,0.873837,-1.65326,0.251615,1.54054,-0.728998,0.404205,0.701302,-0.126125,-0.00827548,-1.6687,1.60635,0.811817,-0.819304,1.66912,-0.499274,0.126599,-1.71204,-1.96452,1.31527,-0.597485,-0.250168,2.53398,-1.82961,0.545789,3.1849,-4.08848,-0.979832,2.88341,3.10241,-4.06042,-0.49621,1.45428,-2.18432,4.08763,0.97967,-2.88298,2.51344,-3.65553,1.18423,-0.0421065])
7.857360889245456
Max g: 0.0010361630064261718
f_76([0.0389893,-0.915668,0.915704,1.51469,0.873843,-1.65327,0.251322,1.54022,-0.729651,0.403868,0.701033,-0.126341,-0.00825233,-1.66865,1.60631,0.81186,-0.819323,1.66917,-0.499301,0.126504,-1.71195,-1.96453,1.31532,-0.597502,-0.250131,2.53392,-1.82954,0.545741,3.18498,-4.08888,-0.979906,2.8838,3.10113,-4.05825,-0.495268,1.45244,-2.18452,4.0882,0.979782,-2.88345,2.51331,-3.65549,1.18421,-0.0420253])
7.8581584188027085
Max g: 0.0008716794852192677
f_77([0.0389387,-0.915644,0.915655,1.5147,0.873877,-1.65324,0.250478,1.53917,-0.731564,0.403038,0.700243,-0.127124,-0.00834233,-1.66864,1.60621,0.811806,-0.819325,1.66916,-0.49939,0.126128,-1.71155,-1.96453,1.31539,-0.597569,-0.250112,2.53386,-1.82955,0.545792,3.18521,-4.08983,-0.980366,2.885,3.09764,-4.05229,-0.492808,1.44748,-2.18474,4.08916,0.980253,-2.88467,2.51287,-3.65527,1.18417,-0.0417615])
7.864239581676758
Max g: 0.00048306989561375246
f_78([0.0389334,-0.915591,0.915595,1.51471,0.873859,-1.65321,0.249893,1.53847,-0.732894,0.402496,0.699686,-0.127674,-0.00839905,-1.66867,1.60616,0.811829,-0.819353,1.66917,-0.499447,0.125879,-1.7113,-1.96451,1.3154,-0.597605,-0.250157,2.5339,-1.82953,0.54579,3.18533,-4.09042,-0.980695,2.88579,3.09522,-4.04811,-0.491112,1.44402,-2.18493,4.08986,0.980593,-2.88551,2.51254,-3.65509,1.18414,-0.0415865])
7.866632170348516
Max g: 0.00018620237932465145
f_79([0.0389285,-0.915579,0.915594,1.51475,0.873867,-1.65321,0.249384,1.53785,-0.734036,0.401974,0.699191,-0.128096,-0.00844356,-1.66868,1.60612,0.811833,-0.819362,1.66918,-0.499502,0.125661,-1.71107,-1.96449,1.31543,-0.597644,-0.250162,2.53389,-1.82952,0.545794,3.18535,-4.09085,-0.98095,2.88645,3.09309,-4.04449,-0.489617,1.441,-2.18509,4.09046,0.980875,-2.88625,2.51225,-3.65493,1.18412,-0.0414419])
7.870121362161495
Max g: 7.773061052812613e-5
f_80([0.0389207,-0.915573,0.915575,1.51473,0.873889,-1.65323,0.248944,1.53733,-0.735049,0.401563,0.698805,-0.12854,-0.00847912,-1.66871,1.60609,0.811862,-0.819407,1.66919,-0.499548,0.125464,-1.71087,-1.96449,1.31546,-0.59768,-0.250188,2.5339,-1.82951,0.545803,3.18539,-4.09121,-0.981176,2.88699,3.09127,-4.04135,-0.488335,1.43839,-2.18525,4.091,0.981141,-2.88689,2.51201,-3.65482,1.18408,-0.0412871])
7.873211789195848
{0.03892072753762207,-0.9155727112568737,0.9155748694226601,1.5147345417066262,0.8738891109152132,-1.6532304084785403,0.24894398508470977,1.537325385184818,-0.7350493776031084,0.4015628310272193,0.698804968905225,-0.12854003655163648,-0.0084791219463505,-1.668709034957656,1.6060932002176838,0.8118617668223304,-0.8194068901571209,1.669186748163634,-0.49954774198959867,0.12546410020735807,-1.7108717306291032,-1.964493634031766,1.3154600338796834,-0.5976804799550495,-0.25018767917483575,2.533900040638462,-1.8295140876915836,0.5458032487648092,3.185392431682883,-4.091206081948344,-0.981175836378611,2.8869899014274902,3.091271954466673,-4.0413481389063435,-0.4883346832501082,1.4383935706814515,-2.1852515959253376,4.0910024234034355,0.9811413440475326,-2.8868895872359768,2.5120119815862987,-3.6548168715666147,1.184081724054863,-0.04128706924519368}]
Set[{A021,A031,A032,A041,A042,A043,A121,A131,A132,A141,A142,A143,B021,B031,B032,B041,B042,B043,B121,B131,B132,B141,B142,B143,\[Alpha]1,\[Alpha]2,\[Alpha]3,\[Alpha]4,\[Beta]11,\[Beta]12,\[Beta]13,\[Beta]14,\[Beta]21,\[Beta]22,\[Beta]23,\[Beta]24,\[Beta]31,\[Beta]32,\[Beta]33,\[Beta]34,\[Beta]41,\[Beta]42,\[Beta]43,\[Beta]44},{0.03892072753762207,-0.9155727112568737,0.9155748694226601,1.5147345417066262,0.8738891109152132,-1.6532304084785403,0.24894398508470977,1.537325385184818,-0.7350493776031084,0.4015628310272193,0.698804968905225,-0.12854003655163648,-0.0084791219463505,-1.668709034957656,1.6060932002176838,0.8118617668223304,-0.8194068901571209,1.669186748163634,-0.49954774198959867,0.12546410020735807,-1.7108717306291032,-1.964493634031766,1.3154600338796834,-0.5976804799550495,-0.25018767917483575,2.533900040638462,-1.8295140876915836,0.5458032487648092,3.185392431682883,-4.091206081948344,-0.981175836378611,2.8869899014274902,3.091271954466673,-4.0413481389063435,-0.4883346832501082,1.4383935706814515,-2.1852515959253376,4.0910024234034355,0.9811413440475326,-2.8868895872359768,2.5120119815862987,-3.6548168715666147,1.184081724054863,-0.04128706924519368}]

Max g: 0.00039452022094998984
f_81([0.0389288,-0.915553,0.915554,1.5147,0.873875,-1.65321,0.248576,1.53686,-0.735873,0.401194,0.698469,-0.128877,-0.00851378,-1.66875,1.60609,0.811898,-0.819407,1.66918,-0.499587,0.125309,-1.71072,-1.96447,1.31545,-0.597703,-0.25016,2.53387,-1.8295,0.545788,3.1854,-4.09148,-0.981375,2.88746,3.0897,-4.03868,-0.487261,1.4362,-2.18539,4.09147,0.981371,-2.88745,2.5118,-3.6547,1.18405,-0.0411603])
7.876601289814171
Max g: 0.0006605416857373148
f_82([0.0389506,-0.915549,0.915557,1.51468,0.873873,-1.6532,0.24857,1.53685,-0.735885,0.401185,0.698461,-0.128877,-0.00851897,-1.66876,1.60606,0.811927,-0.819383,1.66918,-0.499589,0.125296,-1.71071,-1.96447,1.31545,-0.597701,-0.250151,2.53386,-1.82947,0.545757,3.18535,-4.09142,-0.981361,2.88743,3.08966,-4.03861,-0.487239,1.43616,-2.18542,4.09152,0.981374,-2.88748,2.51179,-3.6547,1.18404,-0.0411491])
7.876102833840888
Max g: 0.0006636074515960488
f_83([0.0389543,-0.915552,0.915559,1.51466,0.873858,-1.6532,0.248774,1.5371,-0.735429,0.401383,0.698665,-0.128703,-0.0085076,-1.66874,1.60607,0.811915,-0.819387,1.66918,-0.49957,0.125375,-1.71079,-1.96449,1.31546,-0.597694,-0.250144,2.53386,-1.82947,0.54576,3.18525,-4.09111,-0.981234,2.8871,3.0905,-4.04004,-0.487827,1.43735,-2.18539,4.09132,0.981274,-2.88721,2.5119,-3.65476,1.18405,-0.0411991])
7.875305304283636
Max g: 0.0005189140986550655
f_84([0.0389478,-0.915545,0.915545,1.51468,0.873843,-1.6532,0.248944,1.5373,-0.735037,0.401555,0.69882,-0.128546,-0.00849374,-1.66874,1.60609,0.811911,-0.819386,1.66918,-0.499553,0.125443,-1.71086,-1.96451,1.31548,-0.59769,-0.250156,2.53386,-1.82948,0.545767,3.18518,-4.09089,-0.981126,2.88684,3.0912,-4.04125,-0.488323,1.43836,-2.18536,4.09115,0.981175,-2.88697,2.512,-3.6548,1.18406,-0.0412637])
7.8736105539744745
Max g: 0.0003959844703124715
f_85([0.0389538,-0.915542,0.915542,1.51467,0.873829,-1.65321,0.249006,1.53737,-0.734892,0.401614,0.698881,-0.128492,-0.00848797,-1.66874,1.60609,0.81191,-0.819384,1.66918,-0.499546,0.125477,-1.71089,-1.96452,1.31548,-0.597687,-0.250159,2.53387,-1.82947,0.545763,3.18517,-4.09082,-0.981094,2.88675,3.09146,-4.04169,-0.488501,1.43872,-2.18534,4.09108,0.981143,-2.88688,2.51203,-3.65482,1.18406,-0.0412782])
7.873112098001191
Max g: 0.0003523359503365131
f_86([0.0389742,-0.915547,0.915563,1.51467,0.873821,-1.65322,0.249203,1.5376,-0.734451,0.401815,0.699036,-0.128297,-0.00847234,-1.66873,1.6061,0.811931,-0.819391,1.66917,-0.499527,0.125558,-1.71097,-1.96453,1.31549,-0.59768,-0.250146,2.53386,-1.82947,0.545756,3.18514,-4.09064,-0.980996,2.8865,3.09225,-4.04306,-0.489068,1.43986,-2.18528,4.09084,0.981033,-2.8866,2.51214,-3.6549,1.18407,-0.0413127])
7.872115186054626
Max g: 0.00021386074933976706
f_87([0.0389708,-0.915573,0.915574,1.51466,0.87381,-1.65322,0.249399,1.53784,-0.734009,0.401996,0.699232,-0.12812,-0.00845807,-1.66872,1.6061,0.811936,-0.81938,1.66917,-0.499507,0.125651,-1.71107,-1.96454,1.31548,-0.597666,-0.250137,2.53386,-1.82947,0.54575,3.18512,-4.09048,-0.980878,2.88624,3.09307,-4.04448,-0.48964,1.44103,-2.18521,4.0906,0.980901,-2.8863,2.51225,-3.65495,1.18406,-0.0413557])
7.870420435745465
Max g: 6.938200897183e-5
f_88([0.0389784,-0.915574,0.915575,1.51466,0.873798,-1.65324,0.249487,1.53795,-0.733807,0.402073,0.69932,-0.128036,-0.00845173,-1.66871,1.6061,0.811939,-0.819371,1.66917,-0.499497,0.125695,-1.71112,-1.96455,1.31549,-0.597662,-0.250138,2.53387,-1.82948,0.545742,3.18512,-4.0904,-0.980832,2.88612,3.09345,-4.04511,-0.489898,1.44156,-2.18518,4.09049,0.980848,-2.88616,2.5123,-3.65498,1.18407,-0.0413908])
7.870121362161495
Max g: 5.873253219879082e-6
f_89([0.0389795,-0.915579,0.915583,1.51466,0.873799,-1.65325,0.249537,1.538,-0.733689,0.402112,0.699369,-0.127985,-0.00844549,-1.6687,1.60611,0.811935,-0.819376,1.66917,-0.499492,0.125712,-1.71114,-1.96455,1.31549,-0.597658,-0.250142,2.53387,-1.82947,0.545742,3.18513,-4.09038,-0.980806,2.88606,3.09365,-4.04546,-0.490033,1.44184,-2.18515,4.09042,0.980813,-2.88609,2.51232,-3.65499,1.18407,-0.0414057])
7.870021670966838
Max g: 2.0365565936764085e-5
f_90([0.0389799,-0.915579,0.915583,1.51466,0.873798,-1.65325,0.249533,1.538,-0.733698,0.402108,0.699366,-0.127989,-0.00844445,-1.6687,1.60611,0.811936,-0.819376,1.66917,-0.499492,0.125713,-1.71114,-1.96455,1.31549,-0.597658,-0.250141,2.53387,-1.82947,0.545742,3.18513,-4.09039,-0.980807,2.88607,3.09364,-4.04544,-0.490028,1.44183,-2.18515,4.09042,0.980813,-2.88609,2.51232,-3.65499,1.18407,-0.0414066])
7.869921979772181
{0.03897985319966549,-0.9155793466755041,0.9155829691636428,1.5146645426922527,0.873797844250789,-1.6532495134044523,0.24953292142811961,1.5379966874474833,-0.7336978806152389,0.40210828147453354,0.6993662124854297,-0.1279889304500437,-0.00844444650974489,-1.66870309745829,1.6061060647443213,0.8119361325676184,-0.819376261212133,1.6691726718827768,-0.4994920221973094,0.125713130957708,-1.7111365584194835,-1.9645500646054346,1.3154896973224235,-0.5976582422135945,-0.25014134828628354,2.5338721844872634,-1.8294730345566956,0.5457421893159315,3.1851272439664364,-4.090391323340688,-0.9808070980223491,2.8860706530808273,3.093641129105459,-4.04543888889439,-0.49002822522630257,1.441827073113463,-2.1851499833406587,4.090423603283584,0.9808134979174912,-2.88608749116858,2.512322925624793,-3.6549901984739765,1.1840744393285358,-0.04140661539312531}]
Set[{A021,A031,A032,A041,A042,A043,A121,A131,A132,A141,A142,A143,B021,B031,B032,B041,B042,B043,B121,B131,B132,B141,B142,B143,\[Alpha]1,\[Alpha]2,\[Alpha]3,\[Alpha]4,\[Beta]11,\[Beta]12,\[Beta]13,\[Beta]14,\[Beta]21,\[Beta]22,\[Beta]23,\[Beta]24,\[Beta]31,\[Beta]32,\[Beta]33,\[Beta]34,\[Beta]41,\[Beta]42,\[Beta]43,\[Beta]44},{0.03897985319966549,-0.9155793466755041,0.9155829691636428,1.5146645426922527,0.873797844250789,-1.6532495134044523,0.24953292142811961,1.5379966874474833,-0.7336978806152389,0.40210828147453354,0.6993662124854297,-0.1279889304500437,-0.00844444650974489,-1.66870309745829,1.6061060647443213,0.8119361325676184,-0.819376261212133,1.6691726718827768,-0.4994920221973094,0.125713130957708,-1.7111365584194835,-1.9645500646054346,1.3154896973224235,-0.5976582422135945,-0.25014134828628354,2.5338721844872634,-1.8294730345566956,0.5457421893159315,3.1851272439664364,-4.090391323340688,-0.9808070980223491,2.8860706530808273,3.093641129105459,-4.04543888889439,-0.49002822522630257,1.441827073113463,-2.1851499833406587,4.090423603283584,0.9808134979174912,-2.88608749116858,2.512322925624793,-3.6549901984739765,1.1840744393285358,-0.04140661539312531}]

Max g: 1.7565788119622283e-5
f_91([0.0389796,-0.91558,0.915583,1.51466,0.873798,-1.65325,0.249525,1.53799,-0.733715,0.402101,0.69936,-0.127996,-0.00844483,-1.6687,1.60611,0.811936,-0.819377,1.66917,-0.499493,0.12571,-1.71113,-1.96455,1.31549,-0.597658,-0.25014,2.53387,-1.82947,0.545742,3.18514,-4.09041,-0.980812,2.88609,3.09361,-4.04539,-0.490006,1.44178,-2.18515,4.09043,0.980815,-2.8861,2.51232,-3.65499,1.18407,-0.0414054])
7.869921979772181
Max g: 1.418177937928533e-5
f_92([0.0389796,-0.91558,0.915583,1.51466,0.873797,-1.65325,0.249518,1.53798,-0.733731,0.402094,0.699353,-0.128003,-0.00844603,-1.6687,1.60611,0.811936,-0.819377,1.66917,-0.499493,0.125708,-1.71113,-1.96455,1.31549,-0.597659,-0.25014,2.53387,-1.82947,0.545742,3.18514,-4.09043,-0.980817,2.8861,3.09359,-4.04534,-0.489986,1.44174,-2.18515,4.09043,0.980818,-2.8861,2.51232,-3.65499,1.18407,-0.0414036])
7.8698222885775255
Max g: 1.0873858042437234e-5
f_93([0.0389799,-0.91558,0.915583,1.51466,0.873797,-1.65325,0.249513,1.53797,-0.733744,0.402089,0.699348,-0.128008,-0.00844646,-1.6687,1.6061,0.811936,-0.819377,1.66917,-0.499494,0.125706,-1.71113,-1.96455,1.31549,-0.597659,-0.25014,2.53387,-1.82947,0.545742,3.18515,-4.09044,-0.980821,2.88611,3.09356,-4.0453,-0.489969,1.44171,-2.18515,4.09043,0.98082,-2.88611,2.51231,-3.65499,1.18407,-0.0414019])
7.869921979772181
Max g: 8.10789119709554e-6
f_94([0.0389798,-0.91558,0.915583,1.51466,0.873797,-1.65325,0.249508,1.53797,-0.733754,0.402085,0.699343,-0.128013,-0.00844671,-1.6687,1.6061,0.811936,-0.819377,1.66917,-0.499494,0.125704,-1.71113,-1.96455,1.31549,-0.597659,-0.250141,2.53387,-1.82947,0.545742,3.18515,-4.09044,-0.980823,2.88612,3.09354,-4.04527,-0.489956,1.44168,-2.18515,4.09044,0.980822,-2.88612,2.51231,-3.65498,1.18407,-0.0414007])
7.8698222885775255
Max g: 6.012052766291021e-6
f_95([0.0389798,-0.91558,0.915583,1.51466,0.873797,-1.65325,0.249505,1.53796,-0.733761,0.402082,0.69934,-0.128015,-0.00844716,-1.6687,1.6061,0.811936,-0.819376,1.66917,-0.499495,0.125702,-1.71113,-1.96455,1.31549,-0.597659,-0.250141,2.53387,-1.82947,0.545742,3.18515,-4.09045,-0.980825,2.88612,3.09353,-4.04525,-0.489947,1.44167,-2.18515,4.09044,0.980824,-2.88612,2.51231,-3.65498,1.18407,-0.0413997])
7.870021670966838
Max g: 4.555281248208587e-6
f_96([0.0389798,-0.91558,0.915583,1.51466,0.873797,-1.65325,0.249505,1.53796,-0.733762,0.402082,0.69934,-0.128015,-0.00844716,-1.6687,1.6061,0.811936,-0.819376,1.66917,-0.499495,0.125702,-1.71113,-1.96455,1.31549,-0.597659,-0.250141,2.53387,-1.82947,0.545742,3.18515,-4.09045,-0.980825,2.88612,3.09353,-4.04525,-0.489947,1.44167,-2.18515,4.09044,0.980824,-2.88612,2.51231,-3.65498,1.18407,-0.0413997])
7.870021670966838
Max g: 4.534513954101982e-6
f_97([0.0389799,-0.91558,0.915583,1.51466,0.873797,-1.65325,0.249503,1.53796,-0.733766,0.40208,0.699338,-0.128017,-0.0084473,-1.6687,1.6061,0.811936,-0.819376,1.66917,-0.499495,0.125701,-1.71112,-1.96455,1.31549,-0.597659,-0.250141,2.53387,-1.82947,0.545742,3.18515,-4.09045,-0.980826,2.88613,3.09352,-4.04524,-0.489942,1.44166,-2.18515,4.09044,0.980825,-2.88612,2.51231,-3.65498,1.18407,-0.0413991])
7.869921979772181
Max g: 3.5589686429027267e-6
f_98([0.0389799,-0.91558,0.915583,1.51466,0.873797,-1.65325,0.249499,1.53796,-0.733776,0.402076,0.699334,-0.128021,-0.00844759,-1.66871,1.6061,0.811936,-0.819376,1.66917,-0.499495,0.125699,-1.71112,-1.96455,1.31549,-0.59766,-0.250141,2.53387,-1.82947,0.545742,3.18515,-4.09045,-0.980828,2.88613,3.09351,-4.04521,-0.489929,1.44163,-2.18515,4.09045,0.980827,-2.88613,2.51231,-3.65498,1.18407,-0.0413977])
7.869921979772181
Max g: 1.5265935284780596e-6
f_99([0.0389799,-0.91558,0.915583,1.51466,0.873797,-1.65325,0.249497,1.53796,-0.733779,0.402075,0.699332,-0.128023,-0.00844779,-1.66871,1.6061,0.811936,-0.819376,1.66917,-0.499495,0.125698,-1.71112,-1.96455,1.31549,-0.59766,-0.250141,2.53387,-1.82947,0.545742,3.18515,-4.09046,-0.980829,2.88613,3.0935,-4.0452,-0.489924,1.44162,-2.18515,4.09045,0.980828,-2.88613,2.5123,-3.65498,1.18407,-0.0413973])
7.870021670966838
Max g: 7.42395243946703e-7
{0.03897990415194493,-0.9155798695249401,0.9155831006934655,1.5146644657469506,0.8737968161073806,-1.653249866096466,0.2494974142206407,1.5379557184840829,-0.7337794365119091,0.4020749745694153,0.6993324911179917,-0.12802294240025994,-0.008447791627233147,-1.668705209108298,1.606103653038838,0.8119359520439222,-0.819376318582337,1.6691734993807918,-0.4994954937347985,0.1256984831143666,-1.7111213696022212,-1.964548153787221,1.3154907334844006,-0.5976599296753465,-0.25014078406687823,2.5338720482802763,-1.8294733747216374,0.54574210831577,3.1851515162626134,-4.090456216413571,-0.9808290343787046,2.886133749191933,3.093498893334505,-4.045195121471941,-0.48992449122555487,1.4416207637711203,-2.185148241076383,4.090451470018776,0.9808281758127415,-2.886131376697629,2.5123044458853743,-3.654980441026343,1.1840733033690714,-0.04139729031286583}]
Set[{A021,A031,A032,A041,A042,A043,A121,A131,A132,A141,A142,A143,B021,B031,B032,B041,B042,B043,B121,B131,B132,B141,B142,B143,\[Alpha]1,\[Alpha]2,\[Alpha]3,\[Alpha]4,\[Beta]11,\[Beta]12,\[Beta]13,\[Beta]14,\[Beta]21,\[Beta]22,\[Beta]23,\[Beta]24,\[Beta]31,\[Beta]32,\[Beta]33,\[Beta]34,\[Beta]41,\[Beta]42,\[Beta]43,\[Beta]44},{0.03897990415194493,-0.9155798695249401,0.9155831006934655,1.5146644657469506,0.8737968161073806,-1.653249866096466,0.2494974142206407,1.5379557184840829,-0.7337794365119091,0.4020749745694153,0.6993324911179917,-0.12802294240025994,-0.008447791627233147,-1.668705209108298,1.606103653038838,0.8119359520439222,-0.819376318582337,1.6691734993807918,-0.4994954937347985,0.1256984831143666,-1.7111213696022212,-1.964548153787221,1.3154907334844006,-0.5976599296753465,-0.25014078406687823,2.5338720482802763,-1.8294733747216374,0.54574210831577,3.1851515162626134,-4.090456216413571,-0.9808290343787046,2.886133749191933,3.093498893334505,-4.045195121471941,-0.48992449122555487,1.4416207637711203,-2.185148241076383,4.090451470018776,0.9808281758127415,-2.886131376697629,2.5123044458853743,-3.654980441026343,1.1840733033690714,-0.04139729031286583}]


-----------------Final Result------------------
Options: alg=LN_AUGLAG_EQ,dx=0.01,max_eval=100000000,popSize=0
imin=-6,jmin=-3,imax=1,jmax=3,
parameter_minmax=5,
randSeed=35912876,rand_minmax=3

9966570 steps

Completed with maxf : 7.870021670966838

Constraints at 7.422805481382966e-7

x = [0.03897990415194493,-0.9155798695249401,0.9155831006934655,1.5146644657469506,0.8737968161073806,-1.653249866096466,0.2494974142206407,1.5379557184840829,-0.7337794365119091,0.4020749745694153,0.6993324911179917,-0.12802294240025994,-0.008447791627233147,-1.668705209108298,1.606103653038838,0.8119359520439222,-0.819376318582337,1.6691734993807918,-0.4994954937347985,0.1256984831143666,-1.7111213696022212,-1.964548153787221,1.3154907334844006,-0.5976599296753465,-0.25014078406687823,2.5338720482802763,-1.8294733747216374,0.54574210831577,3.1851515162626134,-4.090456216413571,-0.9808290343787046,2.886133749191933,3.093498893334505,-4.045195121471941,-0.48992449122555487,1.4416207637711203,-2.185148241076383,4.090451470018776,0.9808281758127415,-2.886131376697629,2.5123044458853743,-3.654980441026343,1.1840733033690714,-0.04139729031286583]
c0 = [0.0,0.03897990415194493,3.231168525408279e-6,0.7352114157578651]
c1 = [0.0,0.2494974142206407,0.8041762819721737,0.9733845232871471]
A0 = [0.0,0.03897990415194493,-0.9155798695249401,1.5146644657469506,0.0,0.0,0.9155831006934655,0.8737968161073806,0.0,0.0,0.0,-1.653249866096466,0.0,0.0,0.0,0.0]
A1 = [0.0,0.2494974142206407,1.5379557184840829,0.4020749745694153,0.0,0.0,-0.7337794365119091,0.6993324911179917,0.0,0.0,0.0,-0.12802294240025994,0.0,0.0,0.0,0.0]
B0 = [0.0,-0.008447791627233147,-1.668705209108298,0.8119359520439222,0.0,0.0,1.606103653038838,-0.819376318582337,0.0,0.0,0.0,1.6691734993807918,0.0,0.0,0.0,0.0]
B1 = [0.0,-0.4994954937347985,0.1256984831143666,-1.964548153787221,0.0,0.0,-1.7111213696022212,1.3154907334844006,0.0,0.0,0.0,-0.5976599296753465,0.0,0.0,0.0,0.0]
  = [-0.25014078406687823,2.5338720482802763,-1.8294733747216374,0.54574210831577]
1 = [3.1851515162626134,-4.090456216413571,-0.9808290343787046,2.886133749191933]
2 = [3.093498893334505,-4.045195121471941,-0.48992449122555487,1.4416207637711203]
3 = [-2.185148241076383,4.090451470018776,0.9808281758127415,-2.886131376697629]
4 = [2.5123044458853743,-3.654980441026343,1.1840733033690714,-0.04139729031286583]


Set[{A021,A031,A032,A041,A042,A043,A121,A131,A132,A141,A142,A143,B021,B031,B032,B041,B042,B043,B121,B131,B132,B141,B142,B143,\[Alpha]1,\[Alpha]2,\[Alpha]3,\[Alpha]4,\[Beta]11,\[Beta]12,\[Beta]13,\[Beta]14,\[Beta]21,\[Beta]22,\[Beta]23,\[Beta]24,\[Beta]31,\[Beta]32,\[Beta]33,\[Beta]34,\[Beta]41,\[Beta]42,\[Beta]43,\[Beta]44},{0.03897990415194493,-0.9155798695249401,0.9155831006934655,1.5146644657469506,0.8737968161073806,-1.653249866096466,0.2494974142206407,1.5379557184840829,-0.7337794365119091,0.4020749745694153,0.6993324911179917,-0.12802294240025994,-0.008447791627233147,-1.668705209108298,1.606103653038838,0.8119359520439222,-0.819376318582337,1.6691734993807918,-0.4994954937347985,0.1256984831143666,-1.7111213696022212,-1.964548153787221,1.3154907334844006,-0.5976599296753465,-0.25014078406687823,2.5338720482802763,-1.8294733747216374,0.54574210831577,3.1851515162626134,-4.090456216413571,-0.9808290343787046,2.886133749191933,3.093498893334505,-4.045195121471941,-0.48992449122555487,1.4416207637711203,-2.185148241076383,4.090451470018776,0.9808281758127415,-2.886131376697629,2.5123044458853743,-3.654980441026343,1.1840733033690714,-0.04139729031286583}]



