
-----------------Setup------------------
Options: alg=LN_AUGLAG_EQ,dx=0.01,max_eval=100000000,popSize=0
imin=-6,jmin=-3,imax=1,jmax=3,
parameter_minmax=5,
randSeed=93977364, rand_minmax=2

Initial Condition:

[1.82211,1.12828,-0.280035,0.90957,1.42769,0.777142,-1.54861,-1.64158,0.953653,0.322928,1.38208,1.82264,1.6809,-0.234637,-0.961482,1.50812,0.210747,1.46713,-1.85488,0.0727668,-0.365662,0.559701,0.498391,-1.94152,1.96792,1.72492,-1.27817,-1.07079,1.16869,1.37796,1.94463,0.486421,-0.295512,-1.11627,1.30298,-0.528206,0.393437,-1.92643,-0.428323,1.86407,-0.918351,0.816543,-0.212985,-0.137337]

f_1([0.112527,0.047107,-0.0468594,0.429014,1.72187,-1.63947,0.321964,0.575213,-0.00828357,0.438284,-0.0112685,0.0158799,1.60809,1.14462,0.0687515,-1.03315,-2.06941,0.157838,0.276178,0.698737,-0.936483,0.670435,0.351116,-2.22859,0.982746,1.67156,-1.58496,-0.042779,0.0397964,0.996339,0.0108338,0.0733236,-0.530111,1.97122,-0.486362,-0.811294,0.939056,-1.16583,0.113582,-0.410634,-0.541366,0.191807,-1.19784,1.44482])
33.529039807643464
Max g: 0.6393038251870489
f_2([0.286572,0.170989,-0.164169,0.148829,1.28327,-1.39992,0.350043,0.86565,0.0496202,0.728961,-0.0201592,0.205098,1.49,1.25332,-0.0761647,-1.274,-2.53569,-0.291652,0.592046,0.615609,-0.756424,0.348766,0.611787,-2.49029,0.72953,1.78269,-1.48876,-0.0234619,-0.626661,0.867486,0.466607,0.293095,-0.727281,1.17577,-0.275473,-0.173618,1.62992,-0.868911,-0.467639,-0.293373,-0.869787,1.40698,-1.19139,0.654081])
14.589606955597066
Max g: 0.016031193194490582
f_3([0.287333,0.171231,-0.163572,0.148854,1.27895,-1.40039,0.352128,0.894266,0.0148643,0.748265,-0.0438423,0.190286,1.48567,1.24983,-0.0791357,-1.27404,-2.53574,-0.291439,0.592707,0.609979,-0.750935,0.34919,0.615168,-2.4905,0.730372,1.78207,-1.48914,-0.0233381,-0.636991,0.869878,0.473151,0.294073,-0.715714,1.17157,-0.281618,-0.174378,1.63706,-0.869761,-0.47325,-0.294185,-0.872457,1.40719,-1.19125,0.656565])
13.534674733741435
Max g: 0.009460651120739141
f_4([0.287994,0.170933,-0.162612,0.14873,1.27895,-1.40012,0.352755,0.914136,-0.00922311,0.760886,-0.059211,0.18097,1.48397,1.24834,-0.0805377,-1.27416,-2.5358,-0.291473,0.593587,0.605172,-0.745959,0.349858,0.617845,-2.49046,0.731145,1.78152,-1.48938,-0.0233031,-0.643005,0.870038,0.4781,0.294934,-0.70889,1.16818,-0.284308,-0.175112,1.64284,-0.870027,-0.477917,-0.295004,-0.875013,1.4075,-1.19125,0.658801])
12.651011984305757
Max g: 0.004974983554740995
f_5([0.288765,0.170845,-0.16167,0.148731,1.2789,-1.40025,0.353198,0.925824,-0.0235639,0.768842,-0.0689168,0.17501,1.48283,1.24735,-0.081387,-1.27445,-2.53575,-0.291504,0.594125,0.602246,-0.742901,0.350177,0.619669,-2.49058,0.731512,1.78111,-1.48933,-0.0232706,-0.646812,0.87015,0.481237,0.295467,-0.704499,1.16611,-0.286078,-0.175561,1.64654,-0.870176,-0.480934,-0.295494,-0.876629,1.40767,-1.19117,0.660136])
12.144580715450473
Max g: 0.0022092496705893427
f_6([0.289686,0.170847,-0.1607,0.14963,1.27628,-1.39539,0.353536,0.938214,-0.037886,0.774547,-0.0761903,0.170516,1.48219,1.24658,-0.081772,-1.27459,-2.5357,-0.291434,0.594612,0.599907,-0.740463,0.35039,0.621121,-2.4906,0.731922,1.78079,-1.48944,-0.0232624,-0.649542,0.870191,0.483472,0.295884,-0.700992,1.16435,-0.287428,-0.175933,1.64954,-0.870194,-0.483461,-0.29588,-0.878042,1.40768,-1.19085,0.661203])
11.670250011274598
Max g: 4.7624644102572944e-5
f_7([0.289697,0.170864,-0.16068,0.149607,1.27691,-1.39539,0.353527,0.937888,-0.0374501,0.774353,-0.0759398,0.17068,1.48221,1.24659,-0.0817591,-1.27461,-2.53573,-0.291468,0.594592,0.599968,-0.740551,0.350371,0.621064,-2.4906,0.731906,1.7808,-1.48944,-0.0232636,-0.649423,0.870198,0.483362,0.295859,-0.701107,1.16441,-0.28739,-0.175914,1.64943,-0.870191,-0.483376,-0.295855,-0.878026,1.40769,-1.19082,0.661159])
11.685403072862394
Max g: 8.529009987767733e-6
f_8([0.289706,0.170874,-0.160676,0.149608,1.2769,-1.39539,0.353509,0.937379,-0.0368267,0.774041,-0.0755571,0.170912,1.48222,1.24661,-0.0817369,-1.2746,-2.53573,-0.291464,0.594571,0.600092,-0.740681,0.350361,0.620986,-2.49059,0.731874,1.78082,-1.48943,-0.0232631,-0.649268,0.870188,0.483241,0.295837,-0.701282,1.16449,-0.287315,-0.175895,1.64927,-0.870186,-0.483247,-0.295836,-0.87797,1.40768,-1.19081,0.661104])
11.705740076572331
Max g: 3.5445983741777543e-6
f_9([0.289704,0.170875,-0.160677,0.1496,1.2769,-1.39539,0.3535,0.937108,-0.0364957,0.773876,-0.0753512,0.171034,1.48223,1.24662,-0.0817289,-1.27459,-2.53574,-0.291469,0.59456,0.600158,-0.74075,0.350351,0.620952,-2.4906,0.73186,1.78083,-1.48943,-0.0232627,-0.649184,0.870182,0.483177,0.295825,-0.701378,1.16454,-0.287275,-0.175885,1.64919,-0.870182,-0.483179,-0.295824,-0.877939,1.40767,-1.1908,0.661073])
11.718899314266997
Max g: 1.296548996165825e-6
f_10([0.289705,0.170874,-0.160674,0.149599,1.2769,-1.39539,0.353494,0.936951,-0.0363043,0.77378,-0.0752306,0.171104,1.48224,1.24663,-0.0817212,-1.27459,-2.53574,-0.291468,0.594555,0.600195,-0.74079,0.350346,0.620929,-2.49059,0.731849,1.78084,-1.48942,-0.0232624,-0.649136,0.870179,0.483139,0.295818,-0.701431,1.16456,-0.287252,-0.17588,1.64914,-0.870179,-0.483139,-0.295818,-0.877922,1.40767,-1.1908,0.661055])
11.724781094751734
{0.28970450254810376,0.17087421387309654,-0.16067353757021652,0.14959943984047808,1.276896877975557,-1.3953869353425152,0.3534942447603253,0.9369512168897062,-0.0363042897492372,0.77377959340233,-0.07523062604285428,0.17110352960485226,1.4822358211033586,1.246626742880995,-0.08172122644640206,-1.2745909840520298,-2.5357385580764977,-0.29146839486524123,0.5945545849133003,0.6001952712206794,-0.7407899380400594,0.3503458027571696,0.6209292273694053,-2.4905947984245556,0.7318493615868784,1.7808354176977326,-1.4894219924499903,-0.023262373591171847,-0.6491363797689664,0.8701787653161306,0.4831393903655434,0.2958177977047558,-0.7014312569550255,1.1645630426339817,-0.28725193003149074,-0.1758796897845533,1.649136621374167,-0.870179040984001,-0.48313941578649194,-0.29581787032071216,-0.8779216896757728,1.4076661150095084,-1.1907998443987606,0.6610553095817897}]
Set[{A021,A031,A032,A041,A042,A043,A121,A131,A132,A141,A142,A143,B021,B031,B032,B041,B042,B043,B121,B131,B132,B141,B142,B143,\[Alpha]1,\[Alpha]2,\[Alpha]3,\[Alpha]4,\[Beta]11,\[Beta]12,\[Beta]13,\[Beta]14,\[Beta]21,\[Beta]22,\[Beta]23,\[Beta]24,\[Beta]31,\[Beta]32,\[Beta]33,\[Beta]34,\[Beta]41,\[Beta]42,\[Beta]43,\[Beta]44},{0.28970450254810376,0.17087421387309654,-0.16067353757021652,0.14959943984047808,1.276896877975557,-1.3953869353425152,0.3534942447603253,0.9369512168897062,-0.0363042897492372,0.77377959340233,-0.07523062604285428,0.17110352960485226,1.4822358211033586,1.246626742880995,-0.08172122644640206,-1.2745909840520298,-2.5357385580764977,-0.29146839486524123,0.5945545849133003,0.6001952712206794,-0.7407899380400594,0.3503458027571696,0.6209292273694053,-2.4905947984245556,0.7318493615868784,1.7808354176977326,-1.4894219924499903,-0.023262373591171847,-0.6491363797689664,0.8701787653161306,0.4831393903655434,0.2958177977047558,-0.7014312569550255,1.1645630426339817,-0.28725193003149074,-0.1758796897845533,1.649136621374167,-0.870179040984001,-0.48313941578649194,-0.29581787032071216,-0.8779216896757728,1.4076661150095084,-1.1907998443987606,0.6610553095817897}]

Max g: 5.095493041951116e-7
f_11([0.289705,0.170874,-0.160673,0.149609,1.2769,-1.39538,0.353493,0.936916,-0.0362598,0.773758,-0.0752038,0.171121,1.48223,1.24663,-0.0817215,-1.27459,-2.53574,-0.291467,0.594553,0.600205,-0.7408,0.350345,0.620923,-2.49059,0.731848,1.78084,-1.48942,-0.0232623,-0.649125,0.870179,0.48313,0.295816,-0.701446,1.16457,-0.287246,-0.175878,1.64912,-0.870179,-0.48313,-0.295816,-0.877918,1.40767,-1.1908,0.661051])
11.72687460983952
Max g: 4.5612038115025455e-6
{0.2897051032836301,0.1708742682978417,-0.16067336387509792,0.1496093429279461,1.2768988030510886,-1.3953808642634271,0.35349298837961324,0.9369165755812664,-0.03626084357450693,0.773758223360839,-0.07520444686448269,0.1711210254660674,1.482234713041197,1.246626335255118,-0.08172150022452279,-1.2745897731920683,-2.5357377163882022,-0.2914671707847862,0.594552535197834,0.6002044115514681,-0.7408000386064637,0.35034530521271506,0.6209229582683403,-2.4905944346801485,0.7318480856890758,1.7808369210669082,-1.4894226657561607,-0.02326234548549353,-0.6491252525308798,0.8701790994029408,0.4831300392962556,0.29581617580053693,-0.7014451994437454,1.1645699043130513,-0.28724646657388475,-0.17587828791296167,1.6491251335872972,-0.8701791854098956,-0.4831297712146115,-0.2958162338476805,-0.8779185078248738,1.407665944125895,-1.1907986659237657,0.6610512429271976}]
Set[{A021,A031,A032,A041,A042,A043,A121,A131,A132,A141,A142,A143,B021,B031,B032,B041,B042,B043,B121,B131,B132,B141,B142,B143,\[Alpha]1,\[Alpha]2,\[Alpha]3,\[Alpha]4,\[Beta]11,\[Beta]12,\[Beta]13,\[Beta]14,\[Beta]21,\[Beta]22,\[Beta]23,\[Beta]24,\[Beta]31,\[Beta]32,\[Beta]33,\[Beta]34,\[Beta]41,\[Beta]42,\[Beta]43,\[Beta]44},{0.2897051032836301,0.1708742682978417,-0.16067336387509792,0.1496093429279461,1.2768988030510886,-1.3953808642634271,0.35349298837961324,0.9369165755812664,-0.03626084357450693,0.773758223360839,-0.07520444686448269,0.1711210254660674,1.482234713041197,1.246626335255118,-0.08172150022452279,-1.2745897731920683,-2.5357377163882022,-0.2914671707847862,0.594552535197834,0.6002044115514681,-0.7408000386064637,0.35034530521271506,0.6209229582683403,-2.4905944346801485,0.7318480856890758,1.7808369210669082,-1.4894226657561607,-0.02326234548549353,-0.6491252525308798,0.8701790994029408,0.4831300392962556,0.29581617580053693,-0.7014451994437454,1.1645699043130513,-0.28724646657388475,-0.17587828791296167,1.6491251335872972,-0.8701791854098956,-0.4831297712146115,-0.2958162338476805,-0.8779185078248738,1.407665944125895,-1.1907986659237657,0.6610512429271976}]


-----------------Final Result------------------
Options: alg=LN_AUGLAG_EQ,dx=0.01,max_eval=100000000,popSize=0
imin=-6,jmin=-3,imax=1,jmax=3,
parameter_minmax=5,
randSeed=93977364,rand_minmax=2

1141645 steps

Completed with maxf : 11.72687460983952

Constraints at 4.370554181875805e-6

x = [0.2897051032836301,0.1708742682978417,-0.16067336387509792,0.1496093429279461,1.2768988030510886,-1.3953808642634271,0.35349298837961324,0.9369165755812664,-0.03626084357450693,0.773758223360839,-0.07520444686448269,0.1711210254660674,1.482234713041197,1.246626335255118,-0.08172150022452279,-1.2745897731920683,-2.5357377163882022,-0.2914671707847862,0.594552535197834,0.6002044115514681,-0.7408000386064637,0.35034530521271506,0.6209229582683403,-2.4905944346801485,0.7318480856890758,1.7808369210669082,-1.4894226657561607,-0.02326234548549353,-0.6491252525308798,0.8701790994029408,0.4831300392962556,0.29581617580053693,-0.7014451994437454,1.1645699043130513,-0.28724646657388475,-0.17587828791296167,1.6491251335872972,-0.8701791854098956,-0.4831297712146115,-0.2958162338476805,-0.8779185078248738,1.407665944125895,-1.1907986659237657,0.6610512429271976]
c0 = [0.0,0.2897051032836301,0.010200904422743767,0.031127281715607635]
c1 = [0.0,0.35349298837961324,0.9006557320067594,0.8696748019624237]
A0 = [0.0,0.2897051032836301,0.1708742682978417,0.1496093429279461,0.0,0.0,-0.16067336387509792,1.2768988030510886,0.0,0.0,0.0,-1.3953808642634271,0.0,0.0,0.0,0.0]
A1 = [0.0,0.35349298837961324,0.9369165755812664,0.773758223360839,0.0,0.0,-0.03626084357450693,-0.07520444686448269,0.0,0.0,0.0,0.1711210254660674,0.0,0.0,0.0,0.0]
B0 = [0.0,1.482234713041197,1.246626335255118,-1.2745897731920683,0.0,0.0,-0.08172150022452279,-2.5357377163882022,0.0,0.0,0.0,-0.2914671707847862,0.0,0.0,0.0,0.0]
B1 = [0.0,0.594552535197834,0.6002044115514681,0.35034530521271506,0.0,0.0,-0.7408000386064637,0.6209229582683403,0.0,0.0,0.0,-2.4905944346801485,0.0,0.0,0.0,0.0]
α  = [0.7318480856890758,1.7808369210669082,-1.4894226657561607,-0.02326234548549353]
β1 = [-0.6491252525308798,0.8701790994029408,0.4831300392962556,0.29581617580053693]
β2 = [-0.7014451994437454,1.1645699043130513,-0.28724646657388475,-0.17587828791296167]
β3 = [1.6491251335872972,-0.8701791854098956,-0.4831297712146115,-0.2958162338476805]
β4 = [-0.8779185078248738,1.407665944125895,-1.1907986659237657,0.6610512429271976]


Set[{A021,A031,A032,A041,A042,A043,A121,A131,A132,A141,A142,A143,B021,B031,B032,B041,B042,B043,B121,B131,B132,B141,B142,B143,\[Alpha]1,\[Alpha]2,\[Alpha]3,\[Alpha]4,\[Beta]11,\[Beta]12,\[Beta]13,\[Beta]14,\[Beta]21,\[Beta]22,\[Beta]23,\[Beta]24,\[Beta]31,\[Beta]32,\[Beta]33,\[Beta]34,\[Beta]41,\[Beta]42,\[Beta]43,\[Beta]44},{0.2897051032836301,0.1708742682978417,-0.16067336387509792,0.1496093429279461,1.2768988030510886,-1.3953808642634271,0.35349298837961324,0.9369165755812664,-0.03626084357450693,0.773758223360839,-0.07520444686448269,0.1711210254660674,1.482234713041197,1.246626335255118,-0.08172150022452279,-1.2745897731920683,-2.5357377163882022,-0.2914671707847862,0.594552535197834,0.6002044115514681,-0.7408000386064637,0.35034530521271506,0.6209229582683403,-2.4905944346801485,0.7318480856890758,1.7808369210669082,-1.4894226657561607,-0.02326234548549353,-0.6491252525308798,0.8701790994029408,0.4831300392962556,0.29581617580053693,-0.7014451994437454,1.1645699043130513,-0.28724646657388475,-0.17587828791296167,1.6491251335872972,-0.8701791854098956,-0.4831297712146115,-0.2958162338476805,-0.8779185078248738,1.407665944125895,-1.1907986659237657,0.6610512429271976}]



