
-----------------Setup------------------
Options: alg=LN_AUGLAG_EQ,dx=0.01,max_eval=100000000,popSize=0
imin=-6,jmin=-3,imax=1,jmax=3,
parameter_minmax=5,
randSeed=32944399, rand_minmax=3

Initial Condition:

[-0.587542,0.294312,0.693808,-1.8784,1.19956,0.37269,2.56935,1.46811,-1.13719,0.520535,2.356,1.11998,-0.753978,0.658941,-2.00463,1.73546,-2.62031,0.731917,0.664296,0.755079,0.346182,-1.07948,2.65495,-1.39041,-0.0440288,0.952717,2.85289,2.8476,2.56473,1.01521,-2.83497,-0.396919,-2.55033,-0.411931,-2.41639,0.543664,1.8462,1.49126,-0.098736,-0.563901,-1.79103,0.701175,0.285958,0.33179]

f_1([0.0536847,0.839532,-0.680991,-1.8896,2.0996,-0.10012,0.515743,0.469113,-0.026826,0.0014039,0.301525,-0.0127714,0.11049,3.73777,-2.89353,1.89567,-2.44334,0.227054,-0.00682836,1.34467,-1.51653,-0.601259,4.47359,-1.71887,-2.60747,0.0141323,1.88961,1.66814,0.836748,3.12079,-2.7987,0.153042,-0.505398,3.09967,-2.91312,0.0911283,1.4775,-0.0737514,-1.28923,-0.213282,-0.484744,-0.437847,0.438311,0.411969])
22.78970617207175
Max g: 0.8148197317029908
f_2([0.0644078,0.876764,-0.72853,-1.84117,2.07713,-0.109337,0.790515,0.720488,-0.0171069,-0.0504912,0.338521,0.0370019,0.0952638,3.72731,-2.89005,1.80281,-2.47182,0.328115,-0.0766691,1.23889,-1.51526,0.908392,4.99994,-0.797622,-2.58567,0.0442628,1.86051,1.68219,-0.291422,2.9869,-1.75163,0.0395898,0.491686,3.14448,-3.61251,0.0104729,1.40877,-0.188668,-1.17853,-0.036166,-0.316557,-1.62808,1.88838,0.0720407])
11.403476374373666
Max g: 0.45743722940563936
f_3([0.0685014,0.899366,-0.743436,-1.83791,2.06919,-0.109144,0.710527,0.631665,-0.00967576,-0.115946,0.267756,0.101032,0.0325215,3.72276,-2.88015,1.76351,-2.48571,0.38492,-0.115442,1.07279,-1.39165,1.16798,4.99549,-0.854324,-2.5743,0.0604472,1.84111,1.67434,-0.545341,2.49999,-1.02043,0.0370168,0.565445,2.98156,-3.51098,0.0114701,1.50236,-0.652239,-0.810432,-0.0333228,-0.406157,-2.49705,2.8497,0.0640782])
10.587603637304445
Max g: 0.23329870341735207
f_4([0.0675103,0.907867,-0.754524,-1.83565,2.0667,-0.10672,0.658797,0.580047,-0.00511866,-0.12114,0.265065,0.149649,-0.0383268,3.71412,-2.86423,1.72339,-2.49489,0.440166,-0.145541,0.952597,-1.29965,1.13519,4.91569,-1.19753,-2.56424,0.0722126,1.81977,1.67653,-0.727159,2.13883,-0.491411,0.0432255,0.579188,2.62387,-3.16604,0.0147047,1.5824,-1.09755,-0.435782,-0.0403403,-0.421418,-3.07248,3.4256,0.0737907])
10.28733375899891
Max g: 0.13922232824660097
f_5([0.0572246,0.906658,-0.781806,-1.82594,2.07529,-0.0895602,0.503555,0.449052,-0.00306878,0.0133445,0.404187,0.205926,-0.0782306,3.67719,-2.81136,1.63504,-2.49871,0.54416,-0.275791,0.250567,-0.797465,0.425058,4.31711,-3.06707,-2.54629,0.0852697,1.77062,1.69121,-1.1945,1.72935,0.148411,0.281048,0.448507,1.55896,-2.13618,0.196526,1.98911,-1.59091,-0.100863,-0.289186,-0.279776,-3.83447,3.65562,0.459318])
8.4765428992573
Max g: 0.1694413648570524
f_6([0.0225255,0.865708,-0.816611,-1.87772,2.04876,0.0710974,0.492185,0.458916,-0.0213173,0.0490764,0.279385,0.216409,-0.0889874,3.60712,-2.71975,1.54353,-2.49016,0.64378,-0.657418,-0.512878,-0.370702,0.235303,4.19128,-3.35421,-2.488,0.100258,1.71001,1.68228,-0.85365,1.88045,-0.643693,0.6192,0.132119,0.175453,-0.737634,0.43137,1.91663,-2.05524,0.766559,-0.627447,-0.360812,-4.20421,3.91319,0.648032])
7.012976470504461
Max g: 0.08864885114628063
f_7([0.0244617,0.8602,-0.81441,-1.87643,2.04645,0.0797762,0.49146,0.46278,-0.0257877,0.0756594,0.290171,0.189191,-0.193886,3.60725,-2.72204,1.53149,-2.48039,0.649191,-0.697265,-0.619942,-0.305609,0.271872,4.17228,-3.41392,-2.48631,0.0911169,1.71754,1.67759,-0.85751,1.9525,-0.745399,0.650845,0.120846,-0.0279479,-0.550324,0.45756,1.87388,-1.99876,0.778695,-0.653572,-0.348921,-4.22813,3.91838,0.658566])
6.15692818198865
Max g: 0.011397134743483799
f_8([0.0267269,0.860878,-0.814257,-1.87664,2.04637,0.0792018,0.491793,0.471123,-0.0337811,0.0862836,0.31237,0.156807,-0.295061,3.60713,-2.72207,1.53192,-2.47646,0.64973,-0.700361,-0.624038,-0.304643,0.270099,4.17171,-3.41451,-2.48649,0.0907542,1.71873,1.67703,-0.863719,1.97246,-0.763344,0.654598,0.119238,-0.0385608,-0.539825,0.459163,1.86419,-1.97374,0.76427,-0.654714,-0.348283,-4.22776,3.91719,0.658885])
5.535353583305048
Max g: 0.003818883958747142
f_9([0.0274341,0.861015,-0.814415,-1.87668,2.04642,0.0791753,0.491992,0.476352,-0.0387851,0.0911674,0.325497,0.138486,-0.331135,3.60701,-2.72212,1.53188,-2.4754,0.650538,-0.701763,-0.625949,-0.304103,0.26969,4.17148,-3.41521,-2.48643,0.0904989,1.71912,1.67681,-0.864191,1.9748,-0.766562,0.655952,0.118226,-0.0428764,-0.535385,0.460023,1.86317,-1.97182,0.764405,-0.65577,-0.348554,-4.22734,3.91679,0.659123])
5.3558097417285975
Max g: 0.0003150469087656038
f_10([0.0274391,0.860963,-0.814397,-1.87665,2.04639,0.0792206,0.491957,0.47616,-0.0386229,0.0909169,0.324944,0.139322,-0.342126,3.60698,-2.72212,1.53199,-2.47516,0.650784,-0.701568,-0.625683,-0.304178,0.269827,4.17148,-3.41515,-2.48644,0.0904683,1.71917,1.67681,-0.863864,1.97371,-0.76555,0.655696,0.118397,-0.0422249,-0.536057,0.459881,1.86369,-1.97322,0.765196,-0.655669,-0.348573,-4.22737,3.91685,0.659094])
5.311646542495745
{0.027439086424467296,0.860963288820775,-0.8143973354321457,-1.8766474494216927,2.0463890819531914,0.07922057754562122,0.4919565763613782,0.4761600331414804,-0.038622933118468254,0.09091689037532279,0.3249442292236621,0.13932151684939884,-0.3421255182598294,3.6069774481833927,-2.722118810349504,1.5319887608995841,-2.475155210173152,0.6507839281433496,-0.7015678112962049,-0.625682704392966,-0.3041783307855267,0.2698266742177342,4.1714844822910315,-3.415147309420126,-2.4864434475650765,0.09046828486656004,1.7191679601585113,1.6768070475446806,-0.8638635394201554,1.9737145381782544,-0.7655500405507445,0.6556956471250552,0.11839723814857242,-0.04222494480741631,-0.536057399529725,0.4598810215012949,1.8636895961223645,-1.97322108577881,0.7651958930679119,-0.6556685528398966,-0.3485730305657514,-4.227366904198544,3.9168481602041183,0.659094171685068}]
Set[{A021,A031,A032,A041,A042,A043,A121,A131,A132,A141,A142,A143,B021,B031,B032,B041,B042,B043,B121,B131,B132,B141,B142,B143,\[Alpha]1,\[Alpha]2,\[Alpha]3,\[Alpha]4,\[Beta]11,\[Beta]12,\[Beta]13,\[Beta]14,\[Beta]21,\[Beta]22,\[Beta]23,\[Beta]24,\[Beta]31,\[Beta]32,\[Beta]33,\[Beta]34,\[Beta]41,\[Beta]42,\[Beta]43,\[Beta]44},{0.027439086424467296,0.860963288820775,-0.8143973354321457,-1.8766474494216927,2.0463890819531914,0.07922057754562122,0.4919565763613782,0.4761600331414804,-0.038622933118468254,0.09091689037532279,0.3249442292236621,0.13932151684939884,-0.3421255182598294,3.6069774481833927,-2.722118810349504,1.5319887608995841,-2.475155210173152,0.6507839281433496,-0.7015678112962049,-0.625682704392966,-0.3041783307855267,0.2698266742177342,4.1714844822910315,-3.415147309420126,-2.4864434475650765,0.09046828486656004,1.7191679601585113,1.6768070475446806,-0.8638635394201554,1.9737145381782544,-0.7655500405507445,0.6556956471250552,0.11839723814857242,-0.04222494480741631,-0.536057399529725,0.4598810215012949,1.8636895961223645,-1.97322108577881,0.7651958930679119,-0.6556685528398966,-0.3485730305657514,-4.227366904198544,3.9168481602041183,0.659094171685068}]

Max g: 0.00013005642441867027
f_11([0.027455,0.860969,-0.814413,-1.87664,2.04639,0.0792227,0.491939,0.475781,-0.0382645,0.0905891,0.323978,0.140628,-0.340844,3.60697,-2.7221,1.53198,-2.47518,0.650753,-0.701423,-0.625487,-0.304231,0.269866,4.1715,-3.41508,-2.48645,0.0904889,1.71914,1.67682,-0.86381,1.97343,-0.765183,0.655566,0.118475,-0.0417483,-0.536532,0.459804,1.86383,-1.97349,0.765228,-0.655569,-0.348576,-4.22739,3.91688,0.659078])
5.318325852537734
Max g: 3.0081527737577107e-5
f_12([0.0274726,0.860972,-0.814404,-1.87664,2.04637,0.0792215,0.491931,0.47549,-0.0379843,0.0903468,0.323261,0.141609,-0.340139,3.60698,-2.72209,1.53196,-2.47517,0.650738,-0.701345,-0.62538,-0.304262,0.269882,4.17152,-3.41504,-2.48646,0.0905154,1.71911,1.67683,-0.863814,1.97338,-0.765068,0.655498,0.11853,-0.0415127,-0.536773,0.459755,1.86384,-1.97347,0.765128,-0.655502,-0.348562,-4.2274,3.9169,0.659066])
5.321416279572087
Max g: 3.022221368161309e-5
f_13([0.0274737,0.860973,-0.814404,-1.87664,2.04637,0.0792205,0.491934,0.475498,-0.0379882,0.0903539,0.32328,0.141581,-0.340338,3.60697,-2.72209,1.53196,-2.47516,0.650742,-0.701356,-0.625395,-0.304258,0.269879,4.17152,-3.41504,-2.48646,0.0905165,1.71911,1.67683,-0.863817,1.9734,-0.765094,0.655507,0.118523,-0.0415462,-0.536739,0.459762,1.86383,-1.97345,0.765126,-0.65551,-0.348558,-4.2274,3.9169,0.659066])
5.320519058820178
Max g: 1.844931298538915e-5
f_14([0.0274734,0.860973,-0.814404,-1.87664,2.04637,0.0792214,0.491938,0.475522,-0.0380073,0.0903738,0.323335,0.141503,-0.340384,3.60697,-2.72209,1.53196,-2.47516,0.650743,-0.70138,-0.625428,-0.304249,0.269875,4.17152,-3.41505,-2.48646,0.090515,1.71911,1.67683,-0.863815,1.97343,-0.765137,0.655526,0.118508,-0.0416159,-0.536667,0.459775,1.86382,-1.97343,0.765137,-0.655526,-0.348554,-4.2274,3.91689,0.659066])
5.320519058820178
Max g: 6.003008886585129e-6
{0.027473479635462227,0.8609735374602756,-0.8144046103396514,-1.876638045961811,2.0463721953363363,0.0792214718154571,0.4919386797470045,0.4755257647136287,-0.038009794508752824,0.09037536651559776,0.3233430597807576,0.14149263679306295,-0.340390089415739,3.6069732827908805,-2.7220920643531348,1.531959477887581,-2.4751601079781036,0.6507433740820674,-0.7013828002930969,-0.6254312738640205,-0.30424801365782295,0.2698747801472206,4.171516215250153,-3.4150552915133594,-2.4864572407168106,0.09051503519528004,1.7191133689796836,1.6768287421890185,-0.863814425773621,1.9734277142190624,-0.7651414945397726,0.6555282800573228,0.11850580998694392,-0.04162268150044159,-0.5366596777904699,0.4597766340872104,1.8638132585171634,-1.9734238738205052,0.7651387707043265,-0.6555281775050624,-0.3485535990087892,-4.2274024917566,3.916889440243368,0.6590666118134808}]
Set[{A021,A031,A032,A041,A042,A043,A121,A131,A132,A141,A142,A143,B021,B031,B032,B041,B042,B043,B121,B131,B132,B141,B142,B143,\[Alpha]1,\[Alpha]2,\[Alpha]3,\[Alpha]4,\[Beta]11,\[Beta]12,\[Beta]13,\[Beta]14,\[Beta]21,\[Beta]22,\[Beta]23,\[Beta]24,\[Beta]31,\[Beta]32,\[Beta]33,\[Beta]34,\[Beta]41,\[Beta]42,\[Beta]43,\[Beta]44},{0.027473479635462227,0.8609735374602756,-0.8144046103396514,-1.876638045961811,2.0463721953363363,0.0792214718154571,0.4919386797470045,0.4755257647136287,-0.038009794508752824,0.09037536651559776,0.3233430597807576,0.14149263679306295,-0.340390089415739,3.6069732827908805,-2.7220920643531348,1.531959477887581,-2.4751601079781036,0.6507433740820674,-0.7013828002930969,-0.6254312738640205,-0.30424801365782295,0.2698747801472206,4.171516215250153,-3.4150552915133594,-2.4864572407168106,0.09051503519528004,1.7191133689796836,1.6768287421890185,-0.863814425773621,1.9734277142190624,-0.7651414945397726,0.6555282800573228,0.11850580998694392,-0.04162268150044159,-0.5366596777904699,0.4597766340872104,1.8638132585171634,-1.9734238738205052,0.7651387707043265,-0.6555281775050624,-0.3485535990087892,-4.2274024917566,3.916889440243368,0.6590666118134808}]


-----------------Final Result------------------
Options: alg=LN_AUGLAG_EQ,dx=0.01,max_eval=100000000,popSize=0
imin=-6,jmin=-3,imax=1,jmax=3,
parameter_minmax=5,
randSeed=32944399,rand_minmax=3

1427383 steps

Completed with maxf : 5.320419367625521

Constraints at 4.33832841945786e-6

x = [0.027473479635462227,0.8609735374602756,-0.8144046103396514,-1.876638045961811,2.0463721953363363,0.0792214718154571,0.4919386797470045,0.4755257647136287,-0.038009794508752824,0.09037536651559776,0.3233430597807576,0.14149263679306295,-0.340390089415739,3.6069732827908805,-2.7220920643531348,1.531959477887581,-2.4751601079781036,0.6507433740820674,-0.7013828002930969,-0.6254312738640205,-0.30424801365782295,0.2698747801472206,4.171516215250153,-3.4150552915133594,-2.4864572407168106,0.09051503519528004,1.7191133689796836,1.6768287421890185,-0.863814425773621,1.9734277142190624,-0.7651414945397726,0.6555282800573228,0.11850580998694392,-0.04162268150044159,-0.5366596777904699,0.4597766340872104,1.8638132585171634,-1.9734238738205052,0.7651387707043265,-0.6555281775050624,-0.3485535990087892,-4.2274024917566,3.916889440243368,0.6590666118134808]
c0 = [0.0,0.027473479635462227,0.046568927120624215,0.24895562118998238]
c1 = [0.0,0.4919386797470045,0.43751597020487587,0.5552110630894183]
A0 = [0.0,0.027473479635462227,0.8609735374602756,-1.876638045961811,0.0,0.0,-0.8144046103396514,2.0463721953363363,0.0,0.0,0.0,0.0792214718154571,0.0,0.0,0.0,0.0]
A1 = [0.0,0.4919386797470045,0.4755257647136287,0.09037536651559776,0.0,0.0,-0.038009794508752824,0.3233430597807576,0.0,0.0,0.0,0.14149263679306295,0.0,0.0,0.0,0.0]
B0 = [0.0,-0.340390089415739,3.6069732827908805,1.531959477887581,0.0,0.0,-2.7220920643531348,-2.4751601079781036,0.0,0.0,0.0,0.6507433740820674,0.0,0.0,0.0,0.0]
B1 = [0.0,-0.7013828002930969,-0.6254312738640205,0.2698747801472206,0.0,0.0,-0.30424801365782295,4.171516215250153,0.0,0.0,0.0,-3.4150552915133594,0.0,0.0,0.0,0.0]
α  = [-2.4864572407168106,0.09051503519528004,1.7191133689796836,1.6768287421890185]
β1 = [-0.863814425773621,1.9734277142190624,-0.7651414945397726,0.6555282800573228]
β2 = [0.11850580998694392,-0.04162268150044159,-0.5366596777904699,0.4597766340872104]
β3 = [1.8638132585171634,-1.9734238738205052,0.7651387707043265,-0.6555281775050624]
β4 = [-0.3485535990087892,-4.2274024917566,3.916889440243368,0.6590666118134808]


Set[{A021,A031,A032,A041,A042,A043,A121,A131,A132,A141,A142,A143,B021,B031,B032,B041,B042,B043,B121,B131,B132,B141,B142,B143,\[Alpha]1,\[Alpha]2,\[Alpha]3,\[Alpha]4,\[Beta]11,\[Beta]12,\[Beta]13,\[Beta]14,\[Beta]21,\[Beta]22,\[Beta]23,\[Beta]24,\[Beta]31,\[Beta]32,\[Beta]33,\[Beta]34,\[Beta]41,\[Beta]42,\[Beta]43,\[Beta]44},{0.027473479635462227,0.8609735374602756,-0.8144046103396514,-1.876638045961811,2.0463721953363363,0.0792214718154571,0.4919386797470045,0.4755257647136287,-0.038009794508752824,0.09037536651559776,0.3233430597807576,0.14149263679306295,-0.340390089415739,3.6069732827908805,-2.7220920643531348,1.531959477887581,-2.4751601079781036,0.6507433740820674,-0.7013828002930969,-0.6254312738640205,-0.30424801365782295,0.2698747801472206,4.171516215250153,-3.4150552915133594,-2.4864572407168106,0.09051503519528004,1.7191133689796836,1.6768287421890185,-0.863814425773621,1.9734277142190624,-0.7651414945397726,0.6555282800573228,0.11850580998694392,-0.04162268150044159,-0.5366596777904699,0.4597766340872104,1.8638132585171634,-1.9734238738205052,0.7651387707043265,-0.6555281775050624,-0.3485535990087892,-4.2274024917566,3.916889440243368,0.6590666118134808}]



