
-----------------Setup------------------
Options: alg=LN_AUGLAG_EQ,dx=0.01,max_eval=100000000,popSize=0
imin=-6,jmin=-3,imax=1,jmax=3,
parameter_minmax=5,
randSeed=55900843, rand_minmax=3

Initial Condition:

[1.03987,1.49393,1.41449,-1.49035,1.95264,0.012333,1.67904,2.53501,1.95356,-1.21338,2.50017,-2.30804,1.01393,-1.26644,-2.65687,-0.473452,-0.837052,0.472451,-0.194071,-0.794287,0.53088,-1.47134,-0.967107,2.07298,-1.33104,0.206934,1.49216,0.440959,2.39394,1.99833,-0.918519,1.24104,-2.02256,1.20876,0.457471,0.698048,-2.72194,-1.84405,-0.345346,0.472141,-1.39172,-1.71866,-2.8221,0.94703]

f_1([0.0234779,-0.734033,0.86176,0.0207529,-0.94204,0.92291,0.617435,0.793772,-0.793718,2.11792,1.6694,-3.33511,1.43307,0.598774,-0.285625,0.367811,-0.893025,0.961714,1.36794,0.888327,-0.0587568,-1.25973,1.83117,2.74429,-1.89674,0.39456,3.68594,-0.967113,1.48566,1.35306,-1.93777,-0.0148978,-0.199595,0.540451,-0.130919,-0.0663941,-1.0092,-1.73701,2.75992,0.0360047,-0.505582,-0.466539,0.456532,0.236098])
6.06351753259546
Max g: 0.5233666949017091
f_2([0.0339247,-0.558689,0.69541,0.0163802,-0.855059,0.840699,0.521803,0.630422,-0.630422,3.84002,1.28331,-4.12333,1.56092,0.214575,-0.124773,0.272603,-0.653672,0.679307,1.18031,0.841745,0.0897655,-1.05007,2.03024,3.06505,-2.08999,0.641596,3.50548,-1.05466,1.48443,1.56751,-2.08401,0.0380078,-1.10174,0.139722,1.03819,-0.0610926,-0.812097,-1.96471,2.79595,-0.0450172,0.370905,-0.619042,0.0691839,0.173102])
6.61979439877902
Max g: 0.114794668106171
f_3([0.0949578,-0.0188629,0.139835,0.00337345,-0.701416,0.698214,0.541071,0.0748595,-0.0188061,3.85545,1.28346,-4.13891,1.31144,0.0383574,-0.0148519,0.269762,-0.692254,0.655796,0.780155,0.469677,0.348507,-1.56267,1.7392,2.75405,-2.19196,0.904626,3.41577,-1.12881,1.35131,1.76799,-2.28963,0.169711,-1.56464,0.0489235,1.64517,-0.130056,-0.367456,-1.76105,2.29774,-0.171796,0.823706,-0.564455,-0.580876,0.318102])
10.956660439923
Max g: 0.053099873739372944
f_4([0.221197,0.111667,-0.0228887,0.0261012,-0.680632,0.663704,0.546303,-0.0233204,0.0889462,3.86852,1.20214,-4.12351,1.329,0.0776708,-0.0224612,0.324277,-0.641016,0.694926,0.734225,0.40303,0.406186,-1.67075,1.73598,2.74746,-2.2105,0.935978,3.41831,-1.14377,1.3159,1.76602,-2.27663,0.194408,-1.59668,0.0464554,1.69364,-0.143561,-0.318173,-1.76828,2.28117,-0.194684,0.915972,-0.515468,-0.750263,0.350027])
9.503362204219785
Max g: 0.0029360580424456773
f_5([0.220259,0.111686,-0.0220085,0.0268438,-0.680651,0.66488,0.545004,-0.0232245,0.0867832,3.86462,1.1996,-4.12701,1.32921,0.0784293,-0.0231652,0.324401,-0.640983,0.694871,0.737098,0.406864,0.403302,-1.66717,1.73711,2.7486,-2.21034,0.935763,3.41848,-1.14397,1.31993,1.76821,-2.28161,0.193445,-1.59301,0.049112,1.68656,-0.142758,-0.320068,-1.76836,2.28187,-0.193463,0.910295,-0.511857,-0.746863,0.348469])
9.533070180227439
Max g: 0.0006797833717242519
f_6([0.219805,0.111736,-0.021882,0.0269901,-0.680819,0.665074,0.544409,-0.0236254,0.086194,3.86242,1.19843,-4.12863,1.3293,0.0787231,-0.0233284,0.324757,-0.640966,0.694942,0.738422,0.408625,0.40193,-1.66566,1.73766,2.74914,-2.21036,0.935801,3.41861,-1.14408,1.32147,1.76915,-2.28352,0.192957,-1.59109,0.0502288,1.68327,-0.142367,-0.320905,-1.76868,2.28257,-0.192902,0.90792,-0.510163,-0.745562,0.347791])
9.54483374119691
Max g: 0.000259446155692733
f_7([0.21968,0.111738,-0.0218482,0.0269523,-0.680847,0.665156,0.544278,-0.0237701,0.0861965,3.86241,1.19813,-4.12893,1.32924,0.0787706,-0.0234166,0.324748,-0.640994,0.694881,0.738641,0.408938,0.40173,-1.66536,1.73773,2.74931,-2.21028,0.935861,3.41855,-1.14411,1.3216,1.76926,-2.28369,0.192876,-1.59086,0.0504034,1.68279,-0.142316,-0.321181,-1.76881,2.28279,-0.192825,0.907405,-0.509755,-0.74535,0.34765])
9.549818300929738
Max g: 0.000297201857783147
f_8([0.219663,0.111789,-0.0218993,0.0269305,-0.680825,0.66514,0.544617,-0.0239688,0.0868867,3.86334,1.19859,-4.12807,1.32928,0.0788296,-0.0234502,0.324751,-0.64093,0.69492,0.737997,0.408088,0.402375,-1.66613,1.73738,2.74912,-2.21031,0.935846,3.41858,-1.14411,1.3207,1.76873,-2.28252,0.193092,-1.5917,0.0497437,1.68446,-0.142501,-0.32073,-1.76877,2.2826,-0.193097,0.908655,-0.510531,-0.746125,0.347997])
9.548522315399204
Max g: 9.45903190463504e-6
f_9([0.219656,0.111785,-0.0219,0.0269192,-0.680825,0.66513,0.544625,-0.0239577,0.0868954,3.86337,1.1986,-4.12798,1.32929,0.0788317,-0.0234523,0.324753,-0.640927,0.694921,0.737983,0.408068,0.402392,-1.66615,1.73738,2.74911,-2.21031,0.935845,3.41858,-1.14411,1.32068,1.76873,-2.28251,0.193098,-1.59172,0.0497253,1.6845,-0.142506,-0.320717,-1.76877,2.28259,-0.193102,0.90869,-0.510553,-0.746148,0.348006])
9.548721697788517
Max g: 1.2612021227154102e-5
f_10([0.219656,0.111785,-0.0219008,0.0269169,-0.680825,0.665131,0.544628,-0.0239569,0.0868954,3.86337,1.1986,-4.12799,1.32929,0.0788329,-0.0234526,0.324753,-0.640926,0.69492,0.737983,0.408068,0.402392,-1.66615,1.73738,2.74911,-2.21031,0.935845,3.41858,-1.14411,1.32068,1.76873,-2.28251,0.193099,-1.59172,0.0497249,1.6845,-0.142506,-0.320717,-1.76877,2.28259,-0.193103,0.908692,-0.510553,-0.746148,0.348007])
9.54862200659386
{0.21965642684331663,0.11178450006337781,-0.02190077683428559,0.026916857046728433,-0.6808254971956864,0.6651310611127506,0.5446275307366629,-0.023956947803865314,0.08689535536156179,3.8633707038129463,1.1986013441649082,-4.127989046983373,1.3292859283354737,0.07883285852769573,-0.023452623094615044,0.32475303018317025,-0.6409255424636757,0.6949204664762569,0.7379829528898327,0.40806832626979533,0.402391611334991,-1.6661456046604013,1.7373799148020597,2.74910858346784,-2.210314970139422,0.9358449567981575,3.41857641674366,-1.144107216202676,1.320684128863415,1.7687267198490704,-2.282511643906465,0.19309875616640743,-1.591722215865524,0.04972486502415442,1.6845001049248727,-0.14250575672451674,-0.32071691958583187,-1.7687671987718674,2.282585052667216,-0.19310264374315936,0.9086922090267169,-0.5105530738346366,-0.7461481362187309,0.34800677872838454}]
Set[{A021,A031,A032,A041,A042,A043,A121,A131,A132,A141,A142,A143,B021,B031,B032,B041,B042,B043,B121,B131,B132,B141,B142,B143,\[Alpha]1,\[Alpha]2,\[Alpha]3,\[Alpha]4,\[Beta]11,\[Beta]12,\[Beta]13,\[Beta]14,\[Beta]21,\[Beta]22,\[Beta]23,\[Beta]24,\[Beta]31,\[Beta]32,\[Beta]33,\[Beta]34,\[Beta]41,\[Beta]42,\[Beta]43,\[Beta]44},{0.21965642684331663,0.11178450006337781,-0.02190077683428559,0.026916857046728433,-0.6808254971956864,0.6651310611127506,0.5446275307366629,-0.023956947803865314,0.08689535536156179,3.8633707038129463,1.1986013441649082,-4.127989046983373,1.3292859283354737,0.07883285852769573,-0.023452623094615044,0.32475303018317025,-0.6409255424636757,0.6949204664762569,0.7379829528898327,0.40806832626979533,0.402391611334991,-1.6661456046604013,1.7373799148020597,2.74910858346784,-2.210314970139422,0.9358449567981575,3.41857641674366,-1.144107216202676,1.320684128863415,1.7687267198490704,-2.282511643906465,0.19309875616640743,-1.591722215865524,0.04972486502415442,1.6845001049248727,-0.14250575672451674,-0.32071691958583187,-1.7687671987718674,2.282585052667216,-0.19310264374315936,0.9086922090267169,-0.5105530738346366,-0.7461481362187309,0.34800677872838454}]

Max g: 1.062778549343335e-5
f_11([0.219658,0.111782,-0.0218992,0.026919,-0.680826,0.665128,0.544623,-0.0239202,0.0868509,3.86335,1.19859,-4.12801,1.32928,0.0788315,-0.0234543,0.324747,-0.640929,0.694917,0.737983,0.408067,0.402391,-1.66615,1.73738,2.7491,-2.21032,0.935846,3.41858,-1.14411,1.32071,1.76874,-2.28255,0.193101,-1.59172,0.0497311,1.6845,-0.142506,-0.320707,-1.76874,2.28255,-0.193101,0.90869,-0.510556,-0.746142,0.348008])
9.548422624204546
Max g: 1.641928835560691e-6
{0.2196575403568006,0.11178237393986526,-0.02189917628625728,0.02691896537811267,-0.6808261881404603,0.6651282132477381,0.5446232596941012,-0.023920230852586637,0.08685092824938431,3.8633524266066597,1.198587509997531,-4.128006848752425,1.3292807302409089,0.078831504554951,-0.02345431440401414,0.3247469396183147,-0.6409288301793663,0.6949167746213718,0.7379830739038745,0.40806729716762535,0.4023907993464079,-1.6661454127292155,1.7373790184031717,2.7491031491577465,-2.2103154906162947,0.9358457245402837,3.4185759341614497,-1.1441063628919192,1.3207074401386831,1.768743336016369,-2.2825516381595237,0.19310119859837332,-1.591722343261551,0.049731116475675116,1.6844970477317378,-0.14250586603431542,-0.3207069142408459,-1.7687435783348864,2.282551914048185,-0.19310120558216062,0.9086903538470829,-0.5105562321304417,-0.746141815874414,0.3480075495804333}]
Set[{A021,A031,A032,A041,A042,A043,A121,A131,A132,A141,A142,A143,B021,B031,B032,B041,B042,B043,B121,B131,B132,B141,B142,B143,\[Alpha]1,\[Alpha]2,\[Alpha]3,\[Alpha]4,\[Beta]11,\[Beta]12,\[Beta]13,\[Beta]14,\[Beta]21,\[Beta]22,\[Beta]23,\[Beta]24,\[Beta]31,\[Beta]32,\[Beta]33,\[Beta]34,\[Beta]41,\[Beta]42,\[Beta]43,\[Beta]44},{0.2196575403568006,0.11178237393986526,-0.02189917628625728,0.02691896537811267,-0.6808261881404603,0.6651282132477381,0.5446232596941012,-0.023920230852586637,0.08685092824938431,3.8633524266066597,1.198587509997531,-4.128006848752425,1.3292807302409089,0.078831504554951,-0.02345431440401414,0.3247469396183147,-0.6409288301793663,0.6949167746213718,0.7379830739038745,0.40806729716762535,0.4023907993464079,-1.6661454127292155,1.7373790184031717,2.7491031491577465,-2.2103154906162947,0.9358457245402837,3.4185759341614497,-1.1441063628919192,1.3207074401386831,1.768743336016369,-2.2825516381595237,0.19310119859837332,-1.591722343261551,0.049731116475675116,1.6844970477317378,-0.14250586603431542,-0.3207069142408459,-1.7687435783348864,2.282551914048185,-0.19310120558216062,0.9086903538470829,-0.5105562321304417,-0.746141815874414,0.3480075495804333}]


-----------------Final Result------------------
Options: alg=LN_AUGLAG_EQ,dx=0.01,max_eval=100000000,popSize=0
imin=-6,jmin=-3,imax=1,jmax=3,
parameter_minmax=5,
randSeed=55900843,rand_minmax=3

1104731 steps

Completed with maxf : 9.548422624204546

Constraints at 1.644963115277065e-6

x = [0.2196575403568006,0.11178237393986526,-0.02189917628625728,0.02691896537811267,-0.6808261881404603,0.6651282132477381,0.5446232596941012,-0.023920230852586637,0.08685092824938431,3.8633524266066597,1.198587509997531,-4.128006848752425,1.3292807302409089,0.078831504554951,-0.02345431440401414,0.3247469396183147,-0.6409288301793663,0.6949167746213718,0.7379830739038745,0.40806729716762535,0.4023907993464079,-1.6661454127292155,1.7373790184031717,2.7491031491577465,-2.2103154906162947,0.9358457245402837,3.4185759341614497,-1.1441063628919192,1.3207074401386831,1.768743336016369,-2.2825516381595237,0.19310119859837332,-1.591722343261551,0.049731116475675116,1.6844970477317378,-0.14250586603431542,-0.3207069142408459,-1.7687435783348864,2.282551914048185,-0.19310120558216062,0.9086903538470829,-0.5105562321304417,-0.746141815874414,0.3480075495804333]
c0 = [0.0,0.2196575403568006,0.08988319765360797,0.011220990485390492]
c1 = [0.0,0.5446232596941012,0.06293069739679767,0.9339330878517658]
A0 = [0.0,0.2196575403568006,0.11178237393986526,0.02691896537811267,0.0,0.0,-0.02189917628625728,-0.6808261881404603,0.0,0.0,0.0,0.6651282132477381,0.0,0.0,0.0,0.0]
A1 = [0.0,0.5446232596941012,-0.023920230852586637,3.8633524266066597,0.0,0.0,0.08685092824938431,1.198587509997531,0.0,0.0,0.0,-4.128006848752425,0.0,0.0,0.0,0.0]
B0 = [0.0,1.3292807302409089,0.078831504554951,0.3247469396183147,0.0,0.0,-0.02345431440401414,-0.6409288301793663,0.0,0.0,0.0,0.6949167746213718,0.0,0.0,0.0,0.0]
B1 = [0.0,0.7379830739038745,0.40806729716762535,-1.6661454127292155,0.0,0.0,0.4023907993464079,1.7373790184031717,0.0,0.0,0.0,2.7491031491577465,0.0,0.0,0.0,0.0]
α  = [-2.2103154906162947,0.9358457245402837,3.4185759341614497,-1.1441063628919192]
β1 = [1.3207074401386831,1.768743336016369,-2.2825516381595237,0.19310119859837332]
β2 = [-1.591722343261551,0.049731116475675116,1.6844970477317378,-0.14250586603431542]
β3 = [-0.3207069142408459,-1.7687435783348864,2.282551914048185,-0.19310120558216062]
β4 = [0.9086903538470829,-0.5105562321304417,-0.746141815874414,0.3480075495804333]


Set[{A021,A031,A032,A041,A042,A043,A121,A131,A132,A141,A142,A143,B021,B031,B032,B041,B042,B043,B121,B131,B132,B141,B142,B143,\[Alpha]1,\[Alpha]2,\[Alpha]3,\[Alpha]4,\[Beta]11,\[Beta]12,\[Beta]13,\[Beta]14,\[Beta]21,\[Beta]22,\[Beta]23,\[Beta]24,\[Beta]31,\[Beta]32,\[Beta]33,\[Beta]34,\[Beta]41,\[Beta]42,\[Beta]43,\[Beta]44},{0.2196575403568006,0.11178237393986526,-0.02189917628625728,0.02691896537811267,-0.6808261881404603,0.6651282132477381,0.5446232596941012,-0.023920230852586637,0.08685092824938431,3.8633524266066597,1.198587509997531,-4.128006848752425,1.3292807302409089,0.078831504554951,-0.02345431440401414,0.3247469396183147,-0.6409288301793663,0.6949167746213718,0.7379830739038745,0.40806729716762535,0.4023907993464079,-1.6661454127292155,1.7373790184031717,2.7491031491577465,-2.2103154906162947,0.9358457245402837,3.4185759341614497,-1.1441063628919192,1.3207074401386831,1.768743336016369,-2.2825516381595237,0.19310119859837332,-1.591722343261551,0.049731116475675116,1.6844970477317378,-0.14250586603431542,-0.3207069142408459,-1.7687435783348864,2.282551914048185,-0.19310120558216062,0.9086903538470829,-0.5105562321304417,-0.746141815874414,0.3480075495804333}]



