
-----------------Setup------------------
Options: alg=LN_AUGLAG_EQ,dx=0.01,max_eval=100000000,popSize=0
imin=-12,jmin=-1,imax=1,jmax=1,
parameter_minmax=5,
randSeed=81348674, rand_minmax=3,
END_C=true, INEQ_C=false

Initial Condition:

[-2.04845,1.92907,-0.587622,0.303024,1.69082,-1.79241,-0.415852,1.78177,0.765472,-1.70716,2.35918,2.09649,2.13589,-0.0408657,1.19934,1.95462,2.28844,1.23024,2.61672,0.117605,2.62211,2.63081,-2.79682,0.538422,-1.94159,-1.50278,-1.98823,0.624368,0.590462,0.75075,0.33839,2.37516,2.7489,2.8578,-1.28901,-0.0563792,0.850011,-0.755778,1.84059,2.43082,-0.994522,-2.3209,1.83659,-1.25719]

f_1([0.103088,4.30168,-3.32383,0.814288,0.151494,0.0342007,0.3805,0.878492,-0.376674,-0.739882,1.72748,-0.483436,0.977538,1.8826,1.7557,-0.0776327,1.14585,0.693939,0.521063,-0.203586,1.75173,1.6004,-2.6357,0.796052,0.319267,0.469811,0.0154466,0.273453,-1.03806,-0.210795,0.369221,1.88193,0.489115,1.50375,-0.142519,-1.71539,2.01622,0.488193,-0.428295,-2.05176,1.05849,-3.14519,1.18534,0.948059])
9.299016064948127
Max g: 0.13495563131697552
f_2([0.470362,4.29478,-3.29501,0.745528,0.26394,-0.00946799,0.822564,1.40332,-0.430686,-0.182168,1.65705,-0.492906,0.958702,1.87187,1.02939,0.01901,1.36433,0.681085,0.825837,0.222159,1.59613,1.54434,-2.65364,0.947183,0.257249,0.45659,-0.0327771,0.318521,0.0873081,-0.732736,0.441535,1.20322,-0.300087,1.789,-0.366012,-1.1202,0.915341,0.73307,-0.441566,-1.20504,0.336498,-2.17709,1.04916,0.791672])
7.527741767717906
Max g: 0.0431602654007614
f_3([0.468365,4.29684,-3.29684,0.745726,0.263163,-0.00891215,0.824528,1.41617,-0.421081,-0.170347,1.66098,-0.493249,0.94947,1.87681,1.02935,0.0169073,1.3671,0.683271,0.877471,0.338159,1.56197,1.55359,-2.64277,0.963222,0.255921,0.459085,-0.0318915,0.317241,0.12673,-0.763209,0.433396,1.20331,-0.318238,1.81385,-0.384268,-1.10981,0.873415,0.763171,-0.433367,-1.20332,0.348387,-2.04353,0.98675,0.708963])
7.604299792352611
Max g: 0.015701730655140578
f_4([0.468365,4.29684,-3.29684,0.745726,0.263163,-0.00891215,0.824528,1.41617,-0.421081,-0.170347,1.66098,-0.493249,0.94947,1.87681,1.02935,0.0169073,1.3671,0.683271,0.877471,0.338159,1.56197,1.55359,-2.64277,0.963222,0.255921,0.459085,-0.0318915,0.317241,0.12673,-0.763209,0.433396,1.20331,-0.318238,1.81385,-0.384268,-1.10981,0.873415,0.763171,-0.433367,-1.20332,0.348387,-2.04353,0.98675,0.708963])
7.604200366346592
Max g: 0.015701730687613935
f_5([0.469332,4.2971,-3.29716,0.746514,0.263327,-0.00987492,0.814055,1.42465,-0.424683,-0.163724,1.65771,-0.493983,0.95084,1.8769,1.028,0.021004,1.37076,0.68705,0.920255,0.441699,1.53138,1.56351,-2.63341,0.976182,0.253678,0.463728,-0.0340285,0.316506,0.149334,-0.792653,0.427057,1.21637,-0.333744,1.81399,-0.391001,-1.08965,0.850772,0.79217,-0.42692,-1.2162,0.360877,-1.92891,0.931822,0.636336])
7.812895552980677
Max g: 0.004467226485840182
f_6([0.470048,4.29748,-3.29748,0.746751,0.263039,-0.00979065,0.81831,1.4256,-0.425693,-0.164348,1.65803,-0.493743,0.95153,1.87676,1.02772,0.0216575,1.37096,0.687267,0.904306,0.404129,1.54207,1.55959,-2.6365,0.971052,0.253626,0.464906,-0.0337059,0.315174,0.141955,-0.782115,0.429281,1.21087,-0.329373,1.81312,-0.388235,-1.0955,0.858032,0.78213,-0.429285,-1.21088,0.357856,-1.97044,0.951494,0.661096])
7.763580253995205
Max g: 0.00015392224975219193
f_7([0.470049,4.29748,-3.29748,0.746752,0.263039,-0.00979079,0.81831,1.42561,-0.425692,-0.164348,1.65803,-0.493742,0.95153,1.87676,1.02772,0.0216571,1.37096,0.687266,0.904313,0.404147,1.54207,1.55959,-2.6365,0.971055,0.253627,0.464905,-0.0337057,0.315174,0.14196,-0.782121,0.42928,1.21087,-0.329375,1.81312,-0.388236,-1.0955,0.858029,0.782136,-0.429284,-1.21088,0.357857,-1.97043,0.951485,0.661085])
7.763580253995205
Max g: 0.00014906300499417657
f_8([0.47005,4.29748,-3.29748,0.746752,0.263039,-0.00979079,0.81831,1.42561,-0.425692,-0.164348,1.65803,-0.493742,0.951529,1.87676,1.02772,0.0216571,1.37096,0.687266,0.904316,0.404152,1.54206,1.55959,-2.6365,0.971056,0.253627,0.464905,-0.0337056,0.315174,0.141962,-0.782122,0.42928,1.21087,-0.329376,1.81312,-0.388236,-1.0955,0.858027,0.782138,-0.429284,-1.21088,0.357858,-1.97042,0.951482,0.661081])
7.763580253995205
Max g: 0.00014779819783450332
f_9([0.470042,4.29749,-3.29749,0.746749,0.263035,-0.00978377,0.818295,1.42565,-0.425681,-0.164325,1.65804,-0.493739,0.951511,1.87677,1.02772,0.0216385,1.37095,0.687254,0.904518,0.404621,1.54193,1.55965,-2.63647,0.971123,0.25362,0.464904,-0.0336964,0.315172,0.142092,-0.782268,0.429256,1.21092,-0.32944,1.81314,-0.388277,-1.09542,0.857908,0.782266,-0.429256,-1.21092,0.35789,-1.9699,0.951239,0.660771])
7.763878532013262
Max g: 3.91081847709307e-5
f_10([0.470035,4.29749,-3.29749,0.746743,0.263041,-0.00978501,0.818288,1.42567,-0.425665,-0.164313,1.65805,-0.493736,0.951501,1.87679,1.02772,0.0216471,1.37095,0.687255,0.904611,0.404838,1.54186,1.55967,-2.63645,0.97115,0.253614,0.46491,-0.0336988,0.315174,0.142163,-0.782328,0.429245,1.21092,-0.329466,1.81315,-0.388298,-1.09539,0.857838,0.78233,-0.429245,-1.21092,0.357915,-1.96966,0.95113,0.66062])
7.764077384025301
{0.47003541437739205,4.297493625891751,-3.297493862205939,0.7467434116582141,0.26304148371228286,-0.009785010089657596,0.8182878568070772,1.4256654157123394,-0.42566541571234084,-0.16431262289075171,1.658049109293493,-0.4937364864027403,0.9515012700252803,1.876792706380026,1.0277195769040035,0.021647051336130912,1.3709537351056773,0.6872549813502132,0.9046108366430328,0.4048378671317385,1.5418635619703296,1.5596714494038537,-2.6364517658531077,0.9711502903587448,0.25361428652335694,0.464910360958818,-0.033698840042367395,0.3151741619687669,0.14216250660023436,-0.7823280228351022,0.42924483707410965,1.2109221585813028,-0.3294663885786696,1.8131499710037933,-0.38829789014426935,-1.0953854711192073,0.8578375128007341,0.7823300051843872,-0.42924542697827817,-1.2109220766036835,0.35791498220666096,-1.9696641618322794,0.9511296802834466,0.6606203138035371}]
Set[{A021,A031,A032,A041,A042,A043,A121,A131,A132,A141,A142,A143,B021,B031,B032,B041,B042,B043,B121,B131,B132,B141,B142,B143,\[Alpha]1,\[Alpha]2,\[Alpha]3,\[Alpha]4,\[Beta]11,\[Beta]12,\[Beta]13,\[Beta]14,\[Beta]21,\[Beta]22,\[Beta]23,\[Beta]24,\[Beta]31,\[Beta]32,\[Beta]33,\[Beta]34,\[Beta]41,\[Beta]42,\[Beta]43,\[Beta]44},{0.47003541437739205,4.297493625891751,-3.297493862205939,0.7467434116582141,0.26304148371228286,-0.009785010089657596,0.8182878568070772,1.4256654157123394,-0.42566541571234084,-0.16431262289075171,1.658049109293493,-0.4937364864027403,0.9515012700252803,1.876792706380026,1.0277195769040035,0.021647051336130912,1.3709537351056773,0.6872549813502132,0.9046108366430328,0.4048378671317385,1.5418635619703296,1.5596714494038537,-2.6364517658531077,0.9711502903587448,0.25361428652335694,0.464910360958818,-0.033698840042367395,0.3151741619687669,0.14216250660023436,-0.7823280228351022,0.42924483707410965,1.2109221585813028,-0.3294663885786696,1.8131499710037933,-0.38829789014426935,-1.0953854711192073,0.8578375128007341,0.7823300051843872,-0.42924542697827817,-1.2109220766036835,0.35791498220666096,-1.9696641618322794,0.9511296802834466,0.6606203138035371}]

Max g: 4.621545294347662e-6
{0.4700376100530516,4.2974929828069826,-3.2974929870728134,0.7467431237034072,0.2630415844317126,-0.009784708135148203,0.8182896360194828,1.4256641921839337,-0.4256641921839332,-0.16431330664737218,1.6580489225359438,-0.4937356158885716,0.9515008151091185,1.876797291903409,1.0277215325832048,0.021648084557540706,1.3709539881505792,0.6872561042919029,0.9046052911394142,0.40482479795548926,1.5418672155806814,1.5596698153960877,-2.6364524169618466,0.9711484304932967,0.253615311336249,0.4649098669163002,-0.033698374206267194,0.31517317514562787,0.1421577598111388,-0.7823247505212451,0.42924573899152413,1.2109214093257628,-0.3294656874063862,1.813149031373003,-0.388296845934516,-1.0953867671857613,0.8578422520668401,0.782324907197243,-0.4292457864429256,-1.2109214981103813,0.3579128754034333,-1.969680796701397,0.9511372393143548,0.6606307913451342}]
Set[{A021,A031,A032,A041,A042,A043,A121,A131,A132,A141,A142,A143,B021,B031,B032,B041,B042,B043,B121,B131,B132,B141,B142,B143,\[Alpha]1,\[Alpha]2,\[Alpha]3,\[Alpha]4,\[Beta]11,\[Beta]12,\[Beta]13,\[Beta]14,\[Beta]21,\[Beta]22,\[Beta]23,\[Beta]24,\[Beta]31,\[Beta]32,\[Beta]33,\[Beta]34,\[Beta]41,\[Beta]42,\[Beta]43,\[Beta]44},{0.4700376100530516,4.2974929828069826,-3.2974929870728134,0.7467431237034072,0.2630415844317126,-0.009784708135148203,0.8182896360194828,1.4256641921839337,-0.4256641921839332,-0.16431330664737218,1.6580489225359438,-0.4937356158885716,0.9515008151091185,1.876797291903409,1.0277215325832048,0.021648084557540706,1.3709539881505792,0.6872561042919029,0.9046052911394142,0.40482479795548926,1.5418672155806814,1.5596698153960877,-2.6364524169618466,0.9711484304932967,0.253615311336249,0.4649098669163002,-0.033698374206267194,0.31517317514562787,0.1421577598111388,-0.7823247505212451,0.42924573899152413,1.2109214093257628,-0.3294656874063862,1.813149031373003,-0.388296845934516,-1.0953867671857613,0.8578422520668401,0.782324907197243,-0.4292457864429256,-1.2109214981103813,0.3579128754034333,-1.969680796701397,0.9511372393143548,0.6606307913451342}]


-----------------Final Result------------------
Options: alg=LN_AUGLAG_EQ,dx=0.01,max_eval=100000000,popSize=0
imin=-12,jmin=-1,imax=1,jmax=1,
parameter_minmax=5,
randSeed=81348674,rand_minmax=3,
END_C=true, INEQ_C=false

1062145 steps

Completed with maxf : 7.764077384025301

Constraints at 2.8227312824664202e-6

x = [0.4700376100530516,4.2974929828069826,-3.2974929870728134,0.7467431237034072,0.2630415844317126,-0.009784708135148203,0.8182896360194828,1.4256641921839337,-0.4256641921839332,-0.16431330664737218,1.6580489225359438,-0.4937356158885716,0.9515008151091185,1.876797291903409,1.0277215325832048,0.021648084557540706,1.3709539881505792,0.6872561042919029,0.9046052911394142,0.40482479795548926,1.5418672155806814,1.5596698153960877,-2.6364524169618466,0.9711484304932967,0.253615311336249,0.4649098669163002,-0.033698374206267194,0.31517317514562787,0.1421577598111388,-0.7823247505212451,0.42924573899152413,1.2109214093257628,-0.3294656874063862,1.813149031373003,-0.388296845934516,-1.0953867671857613,0.8578422520668401,0.782324907197243,-0.4292457864429256,-1.2109214981103813,0.3579128754034333,-1.969680796701397,0.9511372393143548,0.6606307913451342]
c0 = [0.0,0.4700376100530516,0.9999999957341692,0.9999999999999716]
c1 = [0.0,0.8182896360194828,1.0000000000000004,1.0]
A0 = [0.0,0.4700376100530516,4.2974929828069826,0.7467431237034072,0.0,0.0,-3.2974929870728134,0.2630415844317126,0.0,0.0,0.0,-0.009784708135148203,0.0,0.0,0.0,0.0]
A1 = [0.0,0.8182896360194828,1.4256641921839337,-0.16431330664737218,0.0,0.0,-0.4256641921839332,1.6580489225359438,0.0,0.0,0.0,-0.4937356158885716,0.0,0.0,0.0,0.0]
B0 = [0.0,0.9515008151091185,1.876797291903409,0.021648084557540706,0.0,0.0,1.0277215325832048,1.3709539881505792,0.0,0.0,0.0,0.6872561042919029,0.0,0.0,0.0,0.0]
B1 = [0.0,0.9046052911394142,0.40482479795548926,1.5596698153960877,0.0,0.0,1.5418672155806814,-2.6364524169618466,0.0,0.0,0.0,0.9711484304932967,0.0,0.0,0.0,0.0]
α  = [0.253615311336249,0.4649098669163002,-0.033698374206267194,0.31517317514562787]
β1 = [0.1421577598111388,-0.7823247505212451,0.42924573899152413,1.2109214093257628]
β2 = [-0.3294656874063862,1.813149031373003,-0.388296845934516,-1.0953867671857613]
β3 = [0.8578422520668401,0.782324907197243,-0.4292457864429256,-1.2109214981103813]
β4 = [0.3579128754034333,-1.969680796701397,0.9511372393143548,0.6606307913451342]


Set[{A021,A031,A032,A041,A042,A043,A121,A131,A132,A141,A142,A143,B021,B031,B032,B041,B042,B043,B121,B131,B132,B141,B142,B143,\[Alpha]1,\[Alpha]2,\[Alpha]3,\[Alpha]4,\[Beta]11,\[Beta]12,\[Beta]13,\[Beta]14,\[Beta]21,\[Beta]22,\[Beta]23,\[Beta]24,\[Beta]31,\[Beta]32,\[Beta]33,\[Beta]34,\[Beta]41,\[Beta]42,\[Beta]43,\[Beta]44},{0.4700376100530516,4.2974929828069826,-3.2974929870728134,0.7467431237034072,0.2630415844317126,-0.009784708135148203,0.8182896360194828,1.4256641921839337,-0.4256641921839332,-0.16431330664737218,1.6580489225359438,-0.4937356158885716,0.9515008151091185,1.876797291903409,1.0277215325832048,0.021648084557540706,1.3709539881505792,0.6872561042919029,0.9046052911394142,0.40482479795548926,1.5418672155806814,1.5596698153960877,-2.6364524169618466,0.9711484304932967,0.253615311336249,0.4649098669163002,-0.033698374206267194,0.31517317514562787,0.1421577598111388,-0.7823247505212451,0.42924573899152413,1.2109214093257628,-0.3294656874063862,1.813149031373003,-0.388296845934516,-1.0953867671857613,0.8578422520668401,0.782324907197243,-0.4292457864429256,-1.2109214981103813,0.3579128754034333,-1.969680796701397,0.9511372393143548,0.6606307913451342}]



