
-----------------Setup------------------
Options: alg=LN_AUGLAG_EQ,dx=0.01,max_eval=100000000,popSize=0
imin=-12,jmin=-1,imax=1,jmax=1,
parameter_minmax=5,
randSeed=1396094, rand_minmax=2,
END_C=true, INEQ_C=false

Initial Condition:

[0.326311,0.0199549,0.923183,1.40838,0.863486,1.87731,-0.975385,-1.34636,1.79456,1.40436,1.7971,1.3253,1.8754,0.64236,-0.994747,-1.91082,-0.769297,1.6679,0.0441629,0.972078,0.979994,-0.948364,-0.672567,1.64947,-0.148908,1.93216,-1.69984,-1.27497,-0.254408,0.642048,0.283088,-0.717799,-1.86415,-1.08582,1.31772,0.0946885,0.0815101,-1.3548,0.0185113,1.79214,-0.852625,-0.0179294,-1.7931,1.54702]

f_1([0.497564,-0.663997,0.88491,0.517452,-0.389623,0.494444,1.0,0.244424,0.143769,0.430105,0.0736115,0.0359568,0.928064,0.865209,-0.351201,0.738077,-0.218278,0.200618,1.69413,1.10526,-0.116794,1.36404,-0.0555476,0.350864,0.837273,2.69651,-1.3984,-0.944771,0.271894,1.0051,0.434131,-0.88453,-0.941167,-0.500786,1.3839,0.0934207,-0.29958,-2.02272,1.12318,1.31949,0.577708,0.0226797,-2.04834,1.36885])
5.4678337750142445
Max g: 0.6641397680392557
f_2([0.983377,-0.180583,1.18039,0.76284,-0.553107,0.790257,1.0,0.474686,-0.0136148,0.656966,-0.026944,0.0627769,1.15343,1.0163,-0.0939153,0.999016,-0.224417,0.271092,1.66871,1.22077,-0.0892596,1.4615,-0.112722,0.400184,0.453852,2.68562,-1.09672,-1.04139,1.59172,2.87859,-2.03306,-1.43501,-1.18444,-1.31092,2.17564,0.324531,-0.517225,-2.72389,1.88555,1.3598,1.00112,-0.0429282,-2.85164,1.89006])
5.008386201199996
Max g: 0.2317276988249779
f_3([0.980531,-0.183231,1.18317,0.757489,-0.549539,0.792047,1.0,0.505026,-0.0158058,0.676627,-0.0350668,0.0794072,1.1578,1.0155,-0.0874,1.00316,-0.221321,0.274656,1.5698,1.16581,-0.0794188,1.37498,-0.0940333,0.385958,0.446188,2.69045,-1.09452,-1.04151,1.63351,3.07708,-2.3423,-1.36747,-1.31319,-1.59943,2.53093,0.385521,-0.598343,-2.99062,2.26693,1.32467,1.07643,0.028455,-3.13687,2.02911])
5.029464514476044
Max g: 0.23174665257523946
f_4([0.979,-0.190094,1.18963,0.761585,-0.556499,0.794913,1.0,0.521608,-0.0137789,0.692505,-0.0278478,0.0704234,1.15327,1.01747,-0.084991,0.981952,-0.21427,0.275275,1.50866,1.13226,-0.0731537,1.32238,-0.0830052,0.374871,0.44438,2.69405,-1.11044,-1.0278,1.6672,3.20947,-2.57123,-1.30641,-1.38646,-1.78472,2.76223,0.410703,-0.649613,-3.16799,2.53113,1.2883,1.14072,0.115675,-3.38187,2.12396])
5.0291662364579865
Max g: 0.22725080560818312
f_5([0.979354,-0.187837,1.18783,0.764295,-0.559544,0.79522,0.999995,0.538074,-0.0139105,0.698708,-0.0270706,0.0762953,1.15472,1.01956,-0.0861685,0.977589,-0.211464,0.279718,1.4575,1.10463,-0.0671297,1.27725,-0.0743301,0.368562,0.444025,2.69174,-1.10996,-1.02595,1.69714,3.33861,-2.79378,-1.24288,-1.45286,-1.96215,2.99478,0.42279,-0.690649,-3.32354,2.77921,1.23663,1.19719,0.207419,-3.61337,2.20694])
5.030955904566331
Max g: 0.2237698346014947
f_6([0.979747,-0.188722,1.18856,0.763551,-0.557905,0.794359,0.999999,0.55104,-0.0130786,0.708713,-0.0278292,0.0786625,1.15091,1.01714,-0.088798,0.970651,-0.210029,0.277812,1.41389,1.08021,-0.06176,1.2382,-0.0663812,0.364088,0.446465,2.6899,-1.11001,-1.02655,1.7283,3.4663,-3.01251,-1.18304,-1.5125,-2.11991,3.20958,0.424416,-0.727206,-3.46155,3.00796,1.18127,1.24995,0.29515,-3.82727,2.28065])
5.030359348530216
Max g: 0.22158454155317064
f_7([0.979602,-0.188988,1.18898,0.767787,-0.559532,0.791676,1.0,0.561533,-0.0140818,0.715103,-0.0275475,0.0798375,1.15091,1.01972,-0.0887541,0.967876,-0.208469,0.276191,1.38454,1.06376,-0.0579168,1.21243,-0.0609486,0.361008,0.445719,2.68822,-1.10753,-1.02641,1.75284,3.56061,-3.17942,-1.13451,-1.55396,-2.23487,3.37,0.420546,-0.75107,-3.56066,3.17713,1.13544,1.2878,0.360105,-3.98243,2.33329])
5.0330438506927315
Max g: 0.21994144852369413
f_8([0.978816,-0.187949,1.18762,0.767848,-0.560746,0.792898,1.0,0.568309,-0.0129746,0.719604,-0.0270825,0.0815397,1.15325,1.02135,-0.0878051,0.971887,-0.207715,0.276514,1.36037,1.05007,-0.0545889,1.19079,-0.0565845,0.358986,0.443484,2.68796,-1.1068,-1.02494,1.77148,3.64033,-3.3223,-1.09019,-1.58849,-2.33185,3.50802,0.413712,-0.77126,-3.6419,3.32237,1.09149,1.31978,0.416928,-4.11922,2.38122])
5.029365088470025
Max g: 0.2187271706574645
f_9([0.978701,-0.187238,1.18706,0.770354,-0.563904,0.793361,1.0,0.574159,-0.0117449,0.723841,-0.0269768,0.0827802,1.15325,1.02168,-0.0872234,0.971137,-0.207139,0.275903,1.34041,1.03938,-0.0514614,1.17268,-0.0537632,0.358891,0.443091,2.68533,-1.10587,-1.02223,1.78862,3.7133,-3.4553,-1.04699,-1.61795,-2.41924,3.63582,0.402293,-0.788558,-3.71579,3.45656,1.04857,1.34745,0.473216,-4.24269,2.42117])
5.025885178259356
Max g: 0.21723091175076548
f_10([0.978834,-0.185506,1.18533,0.771742,-0.56384,0.792098,1.0,0.580723,-0.0115636,0.728718,-0.0276269,0.0841226,1.1528,1.02128,-0.0877164,0.97288,-0.209779,0.275737,1.32247,1.03003,-0.0485606,1.15771,-0.0501613,0.357123,0.443524,2.68284,-1.10397,-1.02238,1.80218,3.78237,-3.58161,-1.00376,-1.64243,-2.50095,3.75544,0.388733,-0.80408,-3.78733,3.58627,1.00552,1.3707,0.5235,-4.35389,2.45908])
5.027973124385758
{0.9788339294511713,-0.1855056721236892,1.1853330751374545,0.7717419555840099,-0.5638395146427184,0.7920975590587088,0.9999999999999999,0.5807231943347139,-0.011563590822357472,0.7287176570008446,-0.027626943826185617,0.08412263899749882,1.1528004813229955,1.0212819078750097,-0.08771643925127001,0.9728800606315348,-0.2097792243262132,0.27573698140590935,1.3224665252647536,1.0300258614672322,-0.04856056081074358,1.1577103883953048,-0.05016134059980088,0.3571233837915574,0.4435236452367505,2.6828436704580616,-1.1039665162774435,-1.0223794060551736,1.8021849845048563,3.7823659556775486,-3.5816143394822437,-1.003756082251711,-1.6424313445458354,-2.500954949675531,3.7554387793637205,0.3887329712130544,-0.804080289959461,-3.7873265706592907,3.5862673355862524,1.0055194328792643,1.3707020348097456,0.5235002708141612,-4.353887405758929,2.459084654052733}]
Set[{A021,A031,A032,A041,A042,A043,A121,A131,A132,A141,A142,A143,B021,B031,B032,B041,B042,B043,B121,B131,B132,B141,B142,B143,\[Alpha]1,\[Alpha]2,\[Alpha]3,\[Alpha]4,\[Beta]11,\[Beta]12,\[Beta]13,\[Beta]14,\[Beta]21,\[Beta]22,\[Beta]23,\[Beta]24,\[Beta]31,\[Beta]32,\[Beta]33,\[Beta]34,\[Beta]41,\[Beta]42,\[Beta]43,\[Beta]44},{0.9788339294511713,-0.1855056721236892,1.1853330751374545,0.7717419555840099,-0.5638395146427184,0.7920975590587088,0.9999999999999999,0.5807231943347139,-0.011563590822357472,0.7287176570008446,-0.027626943826185617,0.08412263899749882,1.1528004813229955,1.0212819078750097,-0.08771643925127001,0.9728800606315348,-0.2097792243262132,0.27573698140590935,1.3224665252647536,1.0300258614672322,-0.04856056081074358,1.1577103883953048,-0.05016134059980088,0.3571233837915574,0.4435236452367505,2.6828436704580616,-1.1039665162774435,-1.0223794060551736,1.8021849845048563,3.7823659556775486,-3.5816143394822437,-1.003756082251711,-1.6424313445458354,-2.500954949675531,3.7554387793637205,0.3887329712130544,-0.804080289959461,-3.7873265706592907,3.5862673355862524,1.0055194328792643,1.3707020348097456,0.5235002708141612,-4.353887405758929,2.459084654052733}]

Max g: 0.21605374865980143
f_11([0.978951,-0.183809,1.18378,0.771988,-0.564314,0.792328,1.0,0.586123,-0.0106912,0.7311,-0.0279863,0.0869088,1.15348,1.02304,-0.0885741,0.976042,-0.212796,0.276399,1.30628,1.02144,-0.0458485,1.14342,-0.0471009,0.35628,0.443577,2.68131,-1.10311,-1.02168,1.81629,3.8481,-3.70242,-0.962348,-1.66656,-2.57745,3.86977,0.374118,-0.817468,-3.85257,3.70669,0.963826,1.39215,0.573523,-4.46156,2.49533])
5.023797232132956
Max g: 0.21459085030039093
f_12([0.978674,-0.18236,1.18222,0.769957,-0.563018,0.792965,1.0,0.591362,-0.0100523,0.734631,-0.0280532,0.0879033,1.15382,1.02299,-0.0886826,0.974949,-0.212136,0.277382,1.29121,1.01345,-0.0431962,1.13011,-0.0445629,0.356308,0.443071,2.67904,-1.10117,-1.02117,1.8295,3.91087,-3.82167,-0.918886,-1.68735,-2.65164,3.98151,0.357794,-0.829614,-3.91314,3.82343,0.920062,1.41242,0.624015,-4.56445,2.52707])
5.02220641603665
Max g: 0.21317202610061337
f_13([0.978629,-0.182374,1.18236,0.769585,-0.562881,0.793283,1.0,0.595089,-0.00932591,0.738517,-0.0293024,0.0886958,1.15373,1.02175,-0.0889604,0.975295,-0.210864,0.277197,1.28048,1.00812,-0.0411455,1.12114,-0.0418423,0.355314,0.44324,2.67789,-1.10051,-1.02046,1.83806,3.95703,-3.9107,-0.884562,-1.7027,-2.70607,4.06688,0.341981,-0.838798,-3.95924,3.91335,0.884904,1.42715,0.662672,-4.64101,2.55064])
5.020715025946363
Max g: 0.21214746068665125
f_14([0.978726,-0.182228,1.18217,0.769978,-0.563309,0.793332,1.0,0.598894,-0.00910104,0.741283,-0.0286897,0.0884365,1.15371,1.02033,-0.088838,0.974664,-0.209438,0.277357,1.27081,1.00316,-0.0393285,1.11279,-0.0391814,0.354492,0.44337,2.67707,-1.10045,-1.0201,1.84603,4.00083,-3.99477,-0.852611,-1.71576,-2.75632,4.14501,0.327568,-0.847009,-4.00278,3.99627,0.853607,1.43999,0.699474,-4.71113,2.57099])
5.02001904390423
Max g: 0.21123671992183568
f_15([0.978899,-0.181932,1.18189,0.770526,-0.564575,0.794029,1.0,0.602551,-0.00870183,0.74404,-0.0277956,0.0876253,1.15381,1.01905,-0.0884114,0.975251,-0.210534,0.278608,1.262,0.998984,-0.0374664,1.10533,-0.037123,0.354188,0.4436,2.67598,-1.10081,-1.019,1.85261,4.04069,-4.07418,-0.819453,-1.72731,-2.80609,4.22175,0.312192,-0.853879,-4.04436,4.07754,0.820754,1.45174,0.735811,-4.77894,2.59118])
5.0188259318320005
Max g: 0.21002092152496488
f_16([0.978707,-0.181903,1.18181,0.770795,-0.56487,0.794073,0.999998,0.605957,-0.00837184,0.746466,-0.026394,0.0866221,1.15447,1.01864,-0.0872277,0.975904,-0.211112,0.280001,1.25361,0.99493,-0.0357239,1.09838,-0.034827,0.353594,0.443429,2.67575,-1.10046,-1.01865,1.8588,4.07957,-4.15093,-0.787608,-1.73899,-2.85196,4.29524,0.295871,-0.860521,-4.0824,4.15476,0.788029,1.46211,0.769805,-4.84202,2.60981])
5.017036263723657
Max g: 0.2091092015505005
f_17([0.978781,-0.182172,1.18217,0.770813,-0.564789,0.793976,1.0,0.607771,-0.00826483,0.747888,-0.0261192,0.086353,1.15476,1.01859,-0.0869837,0.976844,-0.211928,0.280237,1.24908,0.992549,-0.034751,1.09454,-0.0334914,0.353261,0.443248,2.675,-1.09991,-1.01836,1.86273,4.10049,-4.19383,-0.769854,-1.7453,-2.87685,4.33505,0.287288,-0.863902,-4.1034,4.19654,0.770788,1.46842,0.788577,-4.87696,2.61963])
5.016837411711619
Max g: 0.20861510962022678
f_18([0.97816,-0.183438,1.18334,0.772671,-0.566567,0.793868,0.999999,0.610986,-0.00731824,0.750857,-0.0260074,0.0838799,1.1554,1.01885,-0.0849914,0.975615,-0.21231,0.281632,1.24578,0.993178,-0.0334091,1.09431,-0.0331245,0.351811,0.441973,2.67107,-1.09781,-1.01508,1.86407,4.13559,-4.25266,-0.746985,-1.74377,-2.90992,4.38327,0.269997,-0.864864,-4.1362,4.25416,0.746618,1.46983,0.823379,-4.92607,2.63299])
5.014749465585218
Max g: 0.20506252873276654
f_19([0.978405,-0.183443,1.18327,0.773307,-0.567291,0.793962,1.0,0.614512,-0.0070495,0.75093,-0.0247245,0.0842069,1.15476,1.01807,-0.0849186,0.975693,-0.213584,0.281205,1.24171,0.99292,-0.0319623,1.09181,-0.0319232,0.351233,0.442533,2.67056,-1.09811,-1.01501,1.86466,4.16879,-4.31207,-0.72117,-1.7442,-2.94373,4.43592,0.2521,-0.865396,-4.16988,4.31445,0.720767,1.47211,0.859078,-4.97725,2.64608])
5.012064963422702
Max g: 0.20294986683343352
f_20([0.978344,-0.183015,1.18276,0.77402,-0.568134,0.794074,0.999996,0.617975,-0.00674002,0.753529,-0.0240307,0.0835538,1.15475,1.01857,-0.0850037,0.97496,-0.213161,0.280923,1.23849,0.993463,-0.03045,1.09047,-0.0304875,0.351728,0.44274,2.67073,-1.09872,-1.01473,1.86473,4.20279,-4.37518,-0.69222,-1.74545,-2.97856,4.49251,0.231531,-0.865691,-4.20426,4.3778,0.692039,1.46855,0.882007,-5.0,2.64989])
5.01117012936853
{0.9783442566483179,-0.18301536674079044,1.182764903759445,0.774020209960123,-0.5681339987760448,0.7940737212078172,0.9999962857063054,0.6179746021387584,-0.006740017929596756,0.7535291053314069,-0.024030686437840135,0.08355382449348224,1.1547535270212146,1.0185745845985092,-0.08500371365721043,0.9749604312915936,-0.21316091706647694,0.2809228091715257,1.238489309457607,0.99346268224318,-0.03044999427512932,1.0904739972668018,-0.030487491526263337,0.3517284938472029,0.4427398813060564,2.6707254468649446,-1.0987215130046446,-1.0147310639456173,1.8647289332385253,4.202788176432784,-4.375180716872451,-0.6922201837927727,-1.7454501656528887,-2.9785639346355954,4.492508605571722,0.2315308213536087,-0.8656914154523319,-4.204261675962248,4.377803758946535,0.6920388817176584,1.4685459522269249,0.8820067895772149,-4.99999586263394,2.6498899272871927}]
Set[{A021,A031,A032,A041,A042,A043,A121,A131,A132,A141,A142,A143,B021,B031,B032,B041,B042,B043,B121,B131,B132,B141,B142,B143,\[Alpha]1,\[Alpha]2,\[Alpha]3,\[Alpha]4,\[Beta]11,\[Beta]12,\[Beta]13,\[Beta]14,\[Beta]21,\[Beta]22,\[Beta]23,\[Beta]24,\[Beta]31,\[Beta]32,\[Beta]33,\[Beta]34,\[Beta]41,\[Beta]42,\[Beta]43,\[Beta]44},{0.9783442566483179,-0.18301536674079044,1.182764903759445,0.774020209960123,-0.5681339987760448,0.7940737212078172,0.9999962857063054,0.6179746021387584,-0.006740017929596756,0.7535291053314069,-0.024030686437840135,0.08355382449348224,1.1547535270212146,1.0185745845985092,-0.08500371365721043,0.9749604312915936,-0.21316091706647694,0.2809228091715257,1.238489309457607,0.99346268224318,-0.03044999427512932,1.0904739972668018,-0.030487491526263337,0.3517284938472029,0.4427398813060564,2.6707254468649446,-1.0987215130046446,-1.0147310639456173,1.8647289332385253,4.202788176432784,-4.375180716872451,-0.6922201837927727,-1.7454501656528887,-2.9785639346355954,4.492508605571722,0.2315308213536087,-0.8656914154523319,-4.204261675962248,4.377803758946535,0.6920388817176584,1.4685459522269249,0.8820067895772149,-4.99999586263394,2.6498899272871927}]

Max g: 0.2018176591778874
f_21([0.978376,-0.182574,1.18241,0.774192,-0.568638,0.794392,1.0,0.620833,-0.00650091,0.754519,-0.0234761,0.0848746,1.15473,1.01941,-0.0851466,0.974803,-0.212836,0.280477,1.23619,0.994127,-0.0292603,1.0897,-0.029411,0.35368,0.442216,2.67114,-1.09872,-1.0148,1.86458,4.2306,-4.42835,-0.666724,-1.74631,-3.00808,4.53963,0.214669,-0.865465,-4.23228,4.43088,0.666783,1.46249,0.895631,-5.0,2.64242])
5.01007644330232
Max g: 0.20158551091413868
f_22([0.978425,-0.182384,1.18238,0.774283,-0.568587,0.794256,1.0,0.623541,-0.00643411,0.755476,-0.023029,0.0860815,1.15484,1.01934,-0.0847221,0.974453,-0.212638,0.280427,1.23446,0.995031,-0.0282013,1.08977,-0.0278438,0.354482,0.442407,2.67103,-1.09861,-1.01492,1.86397,4.25462,-4.47491,-0.643563,-1.74604,-3.0337,4.58129,0.198596,-0.864253,-4.25645,4.47642,0.644196,1.45719,0.908584,-5.0,2.63477])
5.009479887266206
Max g: 0.20142248348946712
f_23([0.978436,-0.182501,1.18247,0.773985,-0.568546,0.794555,1.0,0.625807,-0.00637531,0.756619,-0.0224616,0.0864114,1.15487,1.01929,-0.0852881,0.97464,-0.212506,0.280934,1.23291,0.995709,-0.0272473,1.08947,-0.0266457,0.355653,0.442492,2.67107,-1.09877,-1.01476,1.86366,4.27546,-4.51559,-0.623377,-1.74634,-3.05525,4.61714,0.184471,-0.863999,-4.27651,4.51692,0.623508,1.45247,0.920185,-5.0,2.62783])
5.008087923181939
Max g: 0.20113689479227714
f_24([0.978414,-0.182581,1.1825,0.774444,-0.56864,0.79419,1.0,0.627792,-0.00632706,0.757378,-0.0216547,0.0867448,1.15494,1.01927,-0.0853278,0.974717,-0.212429,0.280938,1.23134,0.996093,-0.026381,1.08908,-0.0252675,0.35646,0.44242,2.67097,-1.09864,-1.01485,1.86351,4.29332,-4.55216,-0.604552,-1.74658,-3.07441,4.64923,0.171835,-0.863748,-4.29451,4.55321,0.604954,1.44862,0.930669,-5.0,2.6211])
5.007491367145824
Max g: 0.20100331617317801
f_25([0.978367,-0.18255,1.1825,0.774984,-0.568811,0.793797,1.0,0.629555,-0.00617143,0.758252,-0.021397,0.087341,1.15515,1.01944,-0.0849849,0.974735,-0.212323,0.281103,1.22974,0.996353,-0.0255078,1.08844,-0.0239895,0.357524,0.442303,2.67118,-1.0984,-1.01501,1.86333,4.31025,-4.58774,-0.585757,-1.74703,-3.09235,4.68043,0.158988,-0.86367,-4.31131,4.589,0.585965,1.44507,0.941201,-5.0,2.61415])
5.006298255073594
Max g: 0.20081271318457306
f_26([0.978351,-0.182774,1.18266,0.775272,-0.568936,0.793658,1.0,0.631121,-0.00589839,0.759107,-0.0209969,0.0877965,1.1553,1.01938,-0.0850972,0.974845,-0.212209,0.281478,1.22811,0.996556,-0.024649,1.08779,-0.0227192,0.358639,0.442302,2.67127,-1.09856,-1.01502,1.8632,4.32636,-4.62246,-0.567058,-1.74756,-3.10936,4.71073,0.146143,-0.86349,-4.32728,4.62361,0.567201,1.44173,0.951823,-5.0,2.60682])
5.005502847025442
Max g: 0.20068385451050463
f_27([0.978422,-0.182465,1.18246,0.775222,-0.568992,0.793755,1.0,0.632862,-0.00587331,0.759862,-0.0204959,0.0881857,1.15539,1.01919,-0.085397,0.975191,-0.212117,0.281689,1.22644,0.996649,-0.0237907,1.08701,-0.0213071,0.359711,0.442399,2.67123,-1.09861,-1.01504,1.86321,4.34166,-4.65658,-0.548218,-1.74803,-3.12573,4.74038,0.133383,-0.863578,-4.34243,4.65765,0.548298,1.43875,0.962628,-5.0,2.59899])
5.00460801297127
Max g: 0.20056366142181037
f_28([0.978413,-0.182456,1.18246,0.775333,-0.569114,0.793775,1.0,0.634239,-0.0056781,0.760346,-0.01998,0.0886073,1.15542,1.01934,-0.0856303,0.975378,-0.212262,0.28191,1.22498,0.99672,-0.0230041,1.08633,-0.0199385,0.360583,0.442319,2.67132,-1.09862,-1.01499,1.86316,4.35482,-4.6867,-0.531201,-1.74832,-3.14008,4.76661,0.121821,-0.863524,-4.35554,4.68776,0.531213,1.43606,0.972637,-5.0,2.59171])
5.004210308947194
Max g: 0.20041229785874548
f_29([0.978401,-0.182395,1.18237,0.775334,-0.569053,0.793719,1.0,0.635588,-0.00550354,0.761019,-0.0197722,0.0890425,1.15543,1.01927,-0.0856337,0.975449,-0.212462,0.28206,1.22358,0.996824,-0.0222238,1.08566,-0.0185661,0.361478,0.442436,2.6712,-1.09857,-1.01504,1.86306,4.36734,-4.71606,-0.514262,-1.74867,-3.15373,4.79221,0.110169,-0.863214,-4.36803,4.71677,0.514442,1.4333,0.982611,-5.0,2.58448])
5.0035143269050595
Max g: 0.20020517382112346
f_30([0.978364,-0.182319,1.18229,0.775377,-0.56911,0.793724,1.0,0.637269,-0.00548153,0.761595,-0.0192858,0.0894796,1.15553,1.01926,-0.0856621,0.975737,-0.212287,0.282046,1.22192,0.996864,-0.0213242,1.08482,-0.0168067,0.362364,0.442244,2.67139,-1.09856,-1.01506,1.86291,4.3812,-4.74934,-0.494674,-1.74891,-3.16902,4.82117,0.0967938,-0.862951,-4.38166,4.7498,0.494807,1.43021,0.994289,-5.0,2.57584])
5.002718918856907
{0.9783641656565004,-0.18231884592656727,1.1822940927057901,0.7753768753229474,-0.5691095378133897,0.793723791313868,0.9999999999999999,0.6372687191922343,-0.005481534762219541,0.7615948899377989,-0.019285784297583264,0.08947962470308951,1.1555318014503744,1.0192555745040495,-0.08566205631065792,0.9757367734367006,-0.21228687352020015,0.2820463422643227,1.221918528645575,0.9968638667176952,-0.021324167073921586,1.0848185750970134,-0.01680669652080265,0.3623637249306313,0.44224418140577254,2.6713893448622135,-1.098558905504316,-1.0150550595836023,1.8629098592676503,4.381204734620977,-4.749340350890662,-0.49467367868455114,-1.7489064513607193,-3.1690197720959863,4.821165115558692,0.09679383471755743,-0.8629512295795673,-4.381664057708469,4.749802536977094,0.4948074299389739,1.4302061108111275,0.9942889427765724,-4.999999999999999,2.5758392301034263}]
Set[{A021,A031,A032,A041,A042,A043,A121,A131,A132,A141,A142,A143,B021,B031,B032,B041,B042,B043,B121,B131,B132,B141,B142,B143,\[Alpha]1,\[Alpha]2,\[Alpha]3,\[Alpha]4,\[Beta]11,\[Beta]12,\[Beta]13,\[Beta]14,\[Beta]21,\[Beta]22,\[Beta]23,\[Beta]24,\[Beta]31,\[Beta]32,\[Beta]33,\[Beta]34,\[Beta]41,\[Beta]42,\[Beta]43,\[Beta]44},{0.9783641656565004,-0.18231884592656727,1.1822940927057901,0.7753768753229474,-0.5691095378133897,0.793723791313868,0.9999999999999999,0.6372687191922343,-0.005481534762219541,0.7615948899377989,-0.019285784297583264,0.08947962470308951,1.1555318014503744,1.0192555745040495,-0.08566205631065792,0.9757367734367006,-0.21228687352020015,0.2820463422643227,1.221918528645575,0.9968638667176952,-0.021324167073921586,1.0848185750970134,-0.01680669652080265,0.3623637249306313,0.44224418140577254,2.6713893448622135,-1.098558905504316,-1.0150550595836023,1.8629098592676503,4.381204734620977,-4.749340350890662,-0.49467367868455114,-1.7489064513607193,-3.1690197720959863,4.821165115558692,0.09679383471755743,-0.8629512295795673,-4.381664057708469,4.749802536977094,0.4948074299389739,1.4302061108111275,0.9942889427765724,-4.999999999999999,2.5758392301034263}]

Max g: 0.20000154591329045
f_31([0.978342,-0.182088,1.18206,0.775496,-0.569173,0.793676,1.0,0.638541,-0.00536561,0.762264,-0.0189981,0.0897221,1.15559,1.0193,-0.0856991,0.975768,-0.212302,0.282178,1.2205,0.996851,-0.0205455,1.084,-0.0154941,0.36342,0.442282,2.67133,-1.09849,-1.01507,1.86279,4.39229,-4.77695,-0.478027,-1.74922,-3.18148,4.84515,0.0855206,-0.862801,-4.39277,4.77738,0.478172,1.42774,1.0043,-5.0,2.56828])
5.002619492850888
Max g: 0.19981327675795268
f_32([0.978347,-0.181998,1.18199,0.775614,-0.56922,0.793606,1.0,0.639498,-0.00513941,0.762692,-0.0187057,0.0900368,1.15564,1.0194,-0.0856964,0.97565,-0.212185,0.282197,1.21926,0.996805,-0.0198749,1.08326,-0.0142453,0.364241,0.442202,2.67127,-1.0984,-1.01508,1.86258,4.4017,-4.80054,-0.463669,-1.74946,-3.1919,4.86573,0.0756027,-0.862678,-4.40199,4.80084,0.463754,1.42574,1.013,-5.0,2.56161])
5.001326954772639
Max g: 0.19966486444108023
f_33([0.978051,-0.181823,1.18147,0.775524,-0.568944,0.793372,1.0,0.640488,-0.00516254,0.763506,-0.0181959,0.0891422,1.15561,1.01922,-0.0859992,0.975898,-0.212895,0.282986,1.21846,0.996938,-0.019322,1.08282,-0.0129268,0.364536,0.442011,2.67026,-1.09768,-1.0146,1.86258,4.40964,-4.82007,-0.452265,-1.74949,-3.20098,4.8825,0.0678422,-0.863108,-4.40945,4.82055,0.45179,1.42344,1.02204,-4.99999,2.55499])
5.001227528766621
Max g: 0.19912596754640377
f_34([0.978312,-0.181708,1.18164,0.77541,-0.569039,0.793619,1.0,0.642183,-0.00465691,0.764148,-0.0182142,0.0900914,1.15564,1.0197,-0.0860688,0.975928,-0.213688,0.283386,1.21698,0.997598,-0.0181549,1.08239,-0.0107253,0.365852,0.442138,2.67039,-1.09797,-1.01459,1.86099,4.42427,-4.85797,-0.42719,-1.7477,-3.21754,4.91511,0.0500985,-0.860927,-4.42436,4.85774,0.427368,1.41851,1.03944,-5.0,2.5422])
4.998741878616143
Max g: 0.19849901094273914
f_35([0.978357,-0.181418,1.18133,0.775377,-0.569266,0.793824,1.0,0.643956,-0.00447013,0.764544,-0.0175571,0.0904938,1.15553,1.01947,-0.0858959,0.975634,-0.213876,0.283518,1.21518,0.997779,-0.0170012,1.08141,-0.00808699,0.366779,0.442344,2.67088,-1.09814,-1.01515,1.85978,4.43779,-4.89467,-0.402805,-1.74714,-3.23287,4.94694,0.0329992,-0.859686,-4.43813,4.8948,0.402998,1.41469,1.05621,-5.0,2.52947])
4.994068856333246
Max g: 0.19799511973477968
f_36([0.978335,-0.181458,1.18139,0.77535,-0.569191,0.793829,1.0,0.645128,-0.00421691,0.76506,-0.0172134,0.0906991,1.15551,1.01951,-0.0861684,0.975758,-0.21364,0.283405,1.2138,0.997845,-0.0161088,1.08052,-0.00650784,0.36814,0.442288,2.67083,-1.09821,-1.01492,1.85901,4.44789,-4.92239,-0.384463,-1.74673,-3.24403,4.97083,0.019879,-0.859054,-4.44801,4.92256,0.384444,1.41187,1.06864,-5.0,2.5198])
4.997747618555952
Max g: 0.19763519782488814
f_37([0.97839,-0.18148,1.18146,0.775381,-0.569165,0.793769,1.0,0.64632,-0.00404616,0.765572,-0.0169244,0.0909282,1.15557,1.01942,-0.0861018,0.975894,-0.21374,0.283558,1.21242,0.99784,-0.0152268,1.07957,-0.00488992,0.369458,0.442355,2.67086,-1.09827,-1.01495,1.85831,4.45712,-4.94895,-0.36641,-1.74644,-3.2547,4.99393,0.00716408,-0.858394,-4.45737,4.9492,0.366456,1.40927,1.08104,-5.0,2.50997])
4.996952210507799
Max g: 0.1973023427972892
f_38([0.978343,-0.181535,1.18147,0.775324,-0.569234,0.793854,1.0,0.647458,-0.00390322,0.765944,-0.0166176,0.0911282,1.15561,1.01946,-0.086059,0.975959,-0.213845,0.283684,1.2112,0.997958,-0.0144636,1.07872,-0.00324566,0.370689,0.442266,2.67085,-1.09823,-1.01489,1.85798,4.46632,-4.97524,-0.349096,-1.74143,-3.25774,5.0,-0.00162946,-0.858147,-4.46652,4.97562,0.34906,1.40666,1.09391,-5.0,2.49965])
4.996355654471685
Max g: 0.19689934985092572
f_39([0.978375,-0.18155,1.18153,0.775325,-0.569255,0.793927,1.0,0.648461,-0.00375929,0.76629,-0.0162947,0.0911993,1.15568,1.0194,-0.0859836,0.975952,-0.21367,0.28366,1.21028,0.998254,-0.0137393,1.07817,-0.00152222,0.371758,0.442311,2.67075,-1.09825,-1.01477,1.85831,4.47558,-5.0,-0.333482,-1.73484,-3.2544,5.0,-0.0115455,-0.858326,-4.47578,5.0,0.333645,1.40441,1.10736,-5.0,2.48848])
4.995858524441589
Max g: 0.19649284880255735
f_40([0.978357,-0.181538,1.1815,0.775386,-0.569218,0.793822,1.0,0.649248,-0.00364073,0.766249,-0.01643,0.0910813,1.15565,1.01936,-0.0859383,0.975926,-0.213773,0.28369,1.21172,1.00046,-0.013352,1.08004,-0.00090002,0.372554,0.442263,2.67067,-1.09816,-1.01477,1.8528,4.47423,-5.0,-0.326525,-1.72904,-3.25068,5.0,-0.0208122,-0.852784,-4.47424,5.0,0.326516,1.40059,1.12279,-5.0,2.47702])
4.995858524441589
{0.9783571788150157,-0.18153829582095976,1.1815030121189154,0.7753856912905948,-0.5692184894144244,0.7938221646166632,1.000000000000001,0.6492477328910725,-0.003640731697860205,0.7662493089396762,-0.01643001461767042,0.09108133673884172,1.1556518666884028,1.0193645083561225,-0.08593828743159448,0.9759257401436806,-0.2137733357831079,0.28369044766697427,1.2117205711021126,1.0004616817843703,-0.01335203510296758,1.0800384744346225,-0.0009000202262960174,0.3725540502157649,0.4422633163855724,2.670668769092849,-1.0981594728695852,-1.0147746693030861,1.852798779974624,4.474234714379389,-5.0,-0.32652453412061133,-1.729038408215763,-3.250677084764684,4.999999999999998,-0.020812198698209997,-0.8527838904047274,-4.47423747871853,5.0,0.32651584111853954,1.400592677230205,1.1227872528757066,-5.0,2.4770150937883675}]
Set[{A021,A031,A032,A041,A042,A043,A121,A131,A132,A141,A142,A143,B021,B031,B032,B041,B042,B043,B121,B131,B132,B141,B142,B143,\[Alpha]1,\[Alpha]2,\[Alpha]3,\[Alpha]4,\[Beta]11,\[Beta]12,\[Beta]13,\[Beta]14,\[Beta]21,\[Beta]22,\[Beta]23,\[Beta]24,\[Beta]31,\[Beta]32,\[Beta]33,\[Beta]34,\[Beta]41,\[Beta]42,\[Beta]43,\[Beta]44},{0.9783571788150157,-0.18153829582095976,1.1815030121189154,0.7753856912905948,-0.5692184894144244,0.7938221646166632,1.000000000000001,0.6492477328910725,-0.003640731697860205,0.7662493089396762,-0.01643001461767042,0.09108133673884172,1.1556518666884028,1.0193645083561225,-0.08593828743159448,0.9759257401436806,-0.2137733357831079,0.28369044766697427,1.2117205711021126,1.0004616817843703,-0.01335203510296758,1.0800384744346225,-0.0009000202262960174,0.3725540502157649,0.4422633163855724,2.670668769092849,-1.0981594728695852,-1.0147746693030861,1.852798779974624,4.474234714379389,-5.0,-0.32652453412061133,-1.729038408215763,-3.250677084764684,4.999999999999998,-0.020812198698209997,-0.8527838904047274,-4.47423747871853,5.0,0.32651584111853954,1.400592677230205,1.1227872528757066,-5.0,2.4770150937883675}]

Max g: 0.1952936298676351
f_41([0.978379,-0.181556,1.18153,0.775427,-0.569282,0.793854,1.0,0.649953,-0.00359998,0.766025,-0.0166416,0.0909141,1.15567,1.01938,-0.0858928,0.975898,-0.21378,0.283673,1.21303,1.00243,-0.0129623,1.08151,-7.48067e-5,0.373379,0.442298,2.67059,-1.09813,-1.01475,1.84806,4.47098,-5.0,-0.31865,-1.72396,-3.24758,5.0,-0.0289024,-0.848021,-4.471,5.0,0.318658,1.39656,1.1392,-5.0,2.46452])
4.996355654471685
Max g: 0.1939448380275549
f_42([0.97838,-0.181529,1.18153,0.775449,-0.569286,0.793835,1.0,0.650293,-0.00351776,0.765858,-0.0168016,0.0908032,1.15567,1.01938,-0.0859,0.975911,-0.213751,0.283675,1.21368,1.00348,-0.0126885,1.08215,0.00061267,0.374066,0.442267,2.67056,-1.09809,-1.01473,1.84522,4.46797,-5.0,-0.312894,-1.72092,-3.24534,5.0,-0.0340648,-0.845222,-4.46797,5.0,0.312882,1.39433,1.15063,-5.0,2.45525])
4.996355654471685
Max g: 0.193084378245863
f_43([0.978386,-0.181542,1.18154,0.775441,-0.569279,0.793838,1.0,0.650538,-0.00346651,0.765724,-0.0169258,0.0906621,1.15567,1.01937,-0.0858931,0.9759,-0.213743,0.283674,1.21409,1.0042,-0.0124504,1.08247,0.00130895,0.374694,0.442274,2.67056,-1.0981,-1.01473,1.84311,4.46488,-5.0,-0.30774,-1.71871,-3.24328,5.0,-0.0382879,-0.843113,-4.46488,5.0,0.307737,1.39277,1.16049,-5.0,2.44688])
4.996554506483723
Max g: 0.19238914424248266
f_44([0.978412,-0.182931,1.18288,0.774684,-0.569402,0.794701,1.0,0.650686,-0.0033642,0.765528,-0.0171744,0.0903366,1.15544,1.01908,-0.0851883,0.976595,-0.211282,0.279251,1.21446,1.00488,-0.0120782,1.08266,0.00328258,0.374678,0.442451,2.67017,-1.09753,-1.01507,1.84086,4.45917,-5.0,-0.29989,-1.71645,-3.23918,5.0,-0.0445262,-0.840901,-4.45904,5.0,0.299792,1.39105,1.1746,-5.0,2.43445])
4.986313627863756
Max g: 0.19136779334383702
f_45([0.978406,-0.182924,1.18292,0.774742,-0.569395,0.794648,1.0,0.650748,-0.0032696,0.765394,-0.0173851,0.0902137,1.15538,1.019,-0.0851409,0.976482,-0.211287,0.27926,1.21448,1.00514,-0.0118113,1.0824,0.00431176,0.375488,0.442358,2.67008,-1.09748,-1.01495,1.83935,4.4545,-5.0,-0.293731,-1.71497,-3.2364,5.0,-0.0487293,-0.839356,-4.45448,5.0,0.293719,1.39028,1.18559,-5.0,2.42417])
4.986611905881813
Max g: 0.19074391243434763
f_46([0.978399,-0.182889,1.18289,0.774735,-0.569408,0.794669,1.0,0.65076,-0.00318918,0.765214,-0.0175459,0.0900356,1.15539,1.01901,-0.0851508,0.976482,-0.21127,0.279289,1.21435,1.00522,-0.0115187,1.08188,0.00552549,0.376375,0.442335,2.6701,-1.09748,-1.01495,1.83802,4.44916,-5.0,-0.287093,-1.71386,-3.23315,5.0,-0.0530514,-0.838024,-4.44915,5.0,0.287089,1.38989,1.19715,-5.0,2.41296])
4.986611905881813
Max g: 0.19013342426497137
f_47([0.978405,-0.182873,1.18287,0.774742,-0.569413,0.79467,1.0,0.650708,-0.00311175,0.765051,-0.0177129,0.0899016,1.1554,1.01899,-0.0851539,0.976489,-0.211261,0.2793,1.21407,1.00511,-0.0112528,1.0812,0.00670151,0.377214,0.442341,2.67012,-1.09748,-1.01499,1.83709,4.44397,-5.0,-0.280998,-1.7132,-3.23004,5.0,-0.0567863,-0.837094,-4.44396,5.0,0.280996,1.38989,1.2074,-5.0,2.40267])
4.98691018389987
Max g: 0.18964328010703313
f_48([0.978391,-0.182926,1.18289,0.77471,-0.569414,0.794693,1.0,0.650592,-0.00301918,0.764914,-0.0178997,0.0896957,1.1554,1.01896,-0.0851155,0.976487,-0.211282,0.279323,1.21365,1.00482,-0.0109513,1.08026,0.0080829,0.378172,0.442358,2.67016,-1.09748,-1.01502,1.8363,4.43786,-5.0,-0.274121,-1.71278,-3.2264,5.0,-0.0608204,-0.83629,-4.43789,5.0,0.274145,1.39016,1.21863,-5.0,2.39114])
4.987208461917928
Max g: 0.18913733300123048
f_49([0.978403,-0.182917,1.18291,0.774729,-0.569435,0.794702,1.0,0.650459,-0.00294357,0.764742,-0.0180412,0.0895606,1.1554,1.01897,-0.0851159,0.976494,-0.211281,0.279305,1.21319,1.00448,-0.0106894,1.07934,0.0093083,0.379018,0.442355,2.67013,-1.09745,-1.01503,1.83577,4.43244,-5.0,-0.268192,-1.71263,-3.22313,5.0,-0.0642187,-0.835769,-4.43245,5.0,0.268202,1.39063,1.22802,-5.0,2.38127])
4.987606165942005
Max g: 0.1887464846965401
f_50([0.978393,-0.18291,1.1829,0.774787,-0.569474,0.794683,1.0,0.650273,-0.00286007,0.764561,-0.0182424,0.0894088,1.15538,1.019,-0.0851171,0.976478,-0.211281,0.279255,1.21256,1.00395,-0.0103746,1.07811,0.0108156,0.380034,0.442328,2.67018,-1.09745,-1.01506,1.83532,4.42582,-5.0,-0.261125,-1.71266,-3.21917,5.0,-0.0681275,-0.835318,-4.42578,5.0,0.261091,1.39135,1.23893,-5.0,2.36963])
4.988202721978118
{0.9783933413716824,-0.18291005834194618,1.1828994095023306,0.7747867640987145,-0.569474257394542,0.794683090805568,0.9999999999999997,0.6502734628658294,-0.0028600722964554413,0.7645606179405497,-0.01824242798201427,0.08940883899939432,1.1553791773641342,1.0189961337779827,-0.08511714237185215,0.9764782933198923,-0.2112805339180336,0.2792548157921514,1.2125649076654832,1.0039477338271179,-0.010374607830356878,1.078110396191246,0.010815611929774427,0.38003369922258134,0.4423284426367599,2.670184159339355,-1.0974520651502284,-1.0150603472901243,1.8353180338776738,4.425818578032605,-4.999999999999999,-0.2611251268559508,-1.712661442576959,-3.219174260676352,5.0,-0.06812751616127534,-0.8353181601224509,-4.425775396031474,5.0,0.26109069136080676,1.3913519473060985,1.2389319513674377,-5.0,2.3696275781884815}]
Set[{A021,A031,A032,A041,A042,A043,A121,A131,A132,A141,A142,A143,B021,B031,B032,B041,B042,B043,B121,B131,B132,B141,B142,B143,\[Alpha]1,\[Alpha]2,\[Alpha]3,\[Alpha]4,\[Beta]11,\[Beta]12,\[Beta]13,\[Beta]14,\[Beta]21,\[Beta]22,\[Beta]23,\[Beta]24,\[Beta]31,\[Beta]32,\[Beta]33,\[Beta]34,\[Beta]41,\[Beta]42,\[Beta]43,\[Beta]44},{0.9783933413716824,-0.18291005834194618,1.1828994095023306,0.7747867640987145,-0.569474257394542,0.794683090805568,0.9999999999999997,0.6502734628658294,-0.0028600722964554413,0.7645606179405497,-0.01824242798201427,0.08940883899939432,1.1553791773641342,1.0189961337779827,-0.08511714237185215,0.9764782933198923,-0.2112805339180336,0.2792548157921514,1.2125649076654832,1.0039477338271179,-0.010374607830356878,1.078110396191246,0.010815611929774427,0.38003369922258134,0.4423284426367599,2.670184159339355,-1.0974520651502284,-1.0150603472901243,1.8353180338776738,4.425818578032605,-4.999999999999999,-0.2611251268559508,-1.712661442576959,-3.219174260676352,5.0,-0.06812751616127534,-0.8353181601224509,-4.425775396031474,5.0,0.26109069136080676,1.3913519473060985,1.2389319513674377,-5.0,2.3696275781884815}]

Max g: 0.18831363838855586
f_51([0.978403,-0.182914,1.18291,0.774782,-0.569487,0.794703,1.0,0.650071,-0.0027731,0.764409,-0.0183977,0.0892656,1.15539,1.01902,-0.0850904,0.976495,-0.211298,0.27924,1.21196,1.00342,-0.0100969,1.07696,0.0121432,0.380934,0.442334,2.67019,-1.09744,-1.01508,1.83503,4.41991,-5.0,-0.254937,-1.71283,-3.21562,5.0,-0.0715005,-0.835038,-4.41989,5.0,0.254921,1.39213,1.24811,-5.0,2.35966])
4.988401573990157
Max g: 0.18797924275900868
f_52([0.978349,-0.182692,1.18256,0.774343,-0.569252,0.794842,1.0,0.649857,-0.00268808,0.764386,-0.0187406,0.089407,1.15493,1.01829,-0.0841904,0.97455,-0.211005,0.279519,1.21145,1.00291,-0.00995808,1.07599,0.0123018,0.382275,0.442311,2.67046,-1.09811,-1.01469,1.83528,4.41625,-5.0,-0.25149,-1.71337,-3.21359,5.0,-0.0729879,-0.835058,-4.41679,5.0,0.251894,1.39321,1.25327,-5.0,2.35354])
4.986810757893852
Max g: 0.18788327357165113
f_53([0.978362,-0.182708,1.1827,0.774373,-0.569228,0.79485,1.0,0.649631,-0.00266171,0.764149,-0.0190247,0.0893025,1.15518,1.01856,-0.0838704,0.974646,-0.210858,0.279444,1.21064,1.00214,-0.00961542,1.0744,0.014117,0.383184,0.442246,2.67063,-1.0981,-1.01479,1.83519,4.40896,-5.0,-0.244152,-1.71382,-3.20924,5.0,-0.0768641,-0.835215,-4.40905,5.0,0.244229,1.39407,1.26387,-5.0,2.34197])
4.987208461917928
Max g: 0.18745800072548302
f_54([0.978352,-0.182877,1.18286,0.774372,-0.569308,0.794917,1.0,0.649324,-0.00256238,0.763931,-0.0189774,0.0890047,1.15516,1.01852,-0.0837778,0.974615,-0.210942,0.279464,1.20976,1.0013,-0.00929661,1.07283,0.015693,0.384201,0.442257,2.67064,-1.09804,-1.01485,1.83518,4.40211,-5.0,-0.237332,-1.71453,-3.20502,5.0,-0.0803873,-0.835211,-4.40203,5.0,0.237263,1.39537,1.27322,-5.0,2.33132])
4.987208461917928
Max g: 0.18719670341507477
f_55([0.97838,-0.182816,1.18281,0.774393,-0.569357,0.794963,1.0,0.649047,-0.00246453,0.763897,-0.0191267,0.0887354,1.15523,1.01852,-0.0838712,0.97496,-0.21094,0.279407,1.20892,1.00052,-0.00896319,1.07136,0.0171962,0.385252,0.442243,2.67053,-1.09807,-1.01471,1.83514,4.39515,-5.0,-0.230291,-1.715,-3.20074,5.0,-0.0841724,-0.835118,-4.3952,5.0,0.230324,1.39657,1.28223,-5.0,2.32108])
4.987407313929966
Max g: 0.18692275004449477
f_56([0.978354,-0.182823,1.1828,0.774268,-0.56932,0.795042,1.0,0.648788,-0.00239133,0.763719,-0.0192554,0.0886149,1.15525,1.01848,-0.083918,0.97505,-0.210889,0.279404,1.20815,0.999789,-0.00867159,1.07,0.0186047,0.38606,0.442247,2.67048,-1.09807,-1.01466,1.83515,4.38914,-5.0,-0.224271,-1.71559,-3.19691,5.0,-0.0874319,-0.835145,-4.38911,5.0,0.224257,1.39763,1.2899,-5.0,2.31237])
4.987109035911908
Max g: 0.18668165610876208
f_57([0.978384,-0.182841,1.18283,0.774252,-0.569319,0.795057,1.0,0.648496,-0.00229277,0.76357,-0.0193635,0.0884504,1.15522,1.01844,-0.0838739,0.974972,-0.210932,0.279429,1.20729,0.99898,-0.00834262,1.06851,0.0201277,0.386976,0.442264,2.67051,-1.09808,-1.0147,1.83513,4.38247,-5.0,-0.217621,-1.71619,-3.19271,5.0,-0.0910285,-0.835112,-4.38249,5.0,0.217622,1.39884,1.29793,-5.0,2.30313])
4.98700960990589
Max g: 0.18645385371317613
f_58([0.978377,-0.182774,1.18277,0.774258,-0.569396,0.795124,1.0,0.648234,-0.00222466,0.763438,-0.0195475,0.088319,1.15519,1.0185,-0.0840013,0.974937,-0.210961,0.279439,1.20645,0.998191,-0.00800445,1.06703,0.0216217,0.387947,0.442307,2.67056,-1.09812,-1.01474,1.83509,4.37576,-5.0,-0.210861,-1.71673,-3.18851,5.0,-0.0947083,-0.835079,-4.37576,5.0,0.210856,1.39996,1.306,-5.0,2.29392])
4.987109035911908
Max g: 0.1862001628522798
f_59([0.978389,-0.182796,1.18278,0.774366,-0.569474,0.795107,1.0,0.647934,-0.00212649,0.763283,-0.0196822,0.0881982,1.15522,1.01853,-0.0840277,0.975022,-0.210999,0.279476,1.20557,0.997364,-0.00766325,1.06551,0.0231129,0.388917,0.442324,2.6705,-1.09812,-1.01469,1.83509,4.36911,-5.0,-0.204199,-1.71734,-3.18424,5.0,-0.0983681,-0.835083,-4.36909,5.0,0.204171,1.40117,1.31372,-5.0,2.28499])
4.987109035911908
Max g: 0.18599209531738237
f_60([0.978401,-0.182781,1.18277,0.774417,-0.569459,0.79504,1.0,0.64768,-0.00206999,0.76315,-0.0198072,0.0880419,1.15521,1.01846,-0.0840393,0.974943,-0.210928,0.279527,1.2047,0.996551,-0.0073127,1.06398,0.0245817,0.389906,0.442333,2.67049,-1.09809,-1.01474,1.83507,4.36239,-5.0,-0.197458,-1.71791,-3.17996,5.0,-0.102087,-0.835052,-4.36243,5.0,0.197479,1.40232,1.32121,-5.0,2.27635])
4.98700960990589
{0.9784012219563274,-0.18278071280802555,1.182771495637152,0.7744167124230155,-0.5694593491016123,0.7950404512488964,1.000000133914999,0.6476802857736548,-0.0020699904983880993,0.7631500412049194,-0.019807228591995893,0.08804190281405577,1.1552116238217922,1.018458444665879,-0.08403929415589653,0.9749428898745951,-0.2109278626210573,0.2795273386909787,1.204702293933797,0.9965505966389394,-0.007312698726888904,1.0639849675914832,0.024581651829489386,0.38990584194237093,0.44233278601087955,2.6704943707395827,-1.0980872114430629,-1.0147400703217313,1.8350655615005718,4.362394361687483,-4.999999983542513,-0.19745809443885767,-1.7179073281403618,-3.179959995591853,4.999999602230054,-0.10208708611602611,-0.8350516240048541,-4.3624274259566835,4.999999991003828,0.19747866759033422,1.4023215354718637,1.3212077719382511,-4.999999959949604,2.276353899545222}]
Set[{A021,A031,A032,A041,A042,A043,A121,A131,A132,A141,A142,A143,B021,B031,B032,B041,B042,B043,B121,B131,B132,B141,B142,B143,\[Alpha]1,\[Alpha]2,\[Alpha]3,\[Alpha]4,\[Beta]11,\[Beta]12,\[Beta]13,\[Beta]14,\[Beta]21,\[Beta]22,\[Beta]23,\[Beta]24,\[Beta]31,\[Beta]32,\[Beta]33,\[Beta]34,\[Beta]41,\[Beta]42,\[Beta]43,\[Beta]44},{0.9784012219563274,-0.18278071280802555,1.182771495637152,0.7744167124230155,-0.5694593491016123,0.7950404512488964,1.000000133914999,0.6476802857736548,-0.0020699904983880993,0.7631500412049194,-0.019807228591995893,0.08804190281405577,1.1552116238217922,1.018458444665879,-0.08403929415589653,0.9749428898745951,-0.2109278626210573,0.2795273386909787,1.204702293933797,0.9965505966389394,-0.007312698726888904,1.0639849675914832,0.024581651829489386,0.38990584194237093,0.44233278601087955,2.6704943707395827,-1.0980872114430629,-1.0147400703217313,1.8350655615005718,4.362394361687483,-4.999999983542513,-0.19745809443885767,-1.7179073281403618,-3.179959995591853,4.999999602230054,-0.10208708611602611,-0.8350516240048541,-4.3624274259566835,4.999999991003828,0.19747866759033422,1.4023215354718637,1.3212077719382511,-4.999999959949604,2.276353899545222}]

Max g: 0.18577442015171253
f_61([0.978401,-0.182783,1.18278,0.774417,-0.569459,0.795041,1.0,0.647465,-0.00200691,0.76305,-0.0199038,0.087927,1.15522,1.01846,-0.0840564,0.974939,-0.210935,0.279579,1.20401,0.995909,-0.00703026,1.0628,0.0257624,0.390671,0.442318,2.67053,-1.09806,-1.01478,1.83498,4.35711,-5.0,-0.192093,-1.71834,-3.17649,5.0,-0.105132,-0.834999,-4.35713,5.0,0.192105,1.40327,1.32703,-5.0,2.26959])
4.98700960990589
Max g: 0.18561498276541577
f_62([0.978393,-0.182829,1.18283,0.774388,-0.569438,0.795051,1.0,0.647091,-0.0018936,0.762864,-0.0200137,0.0876916,1.15523,1.01842,-0.0839637,0.974919,-0.210875,0.279539,1.20282,0.994801,-0.00653847,1.06073,0.0277699,0.391971,0.442297,2.67052,-1.09807,-1.01475,1.8349,4.34811,-5.0,-0.182998,-1.71904,-3.17065,5.0,-0.110259,-0.834891,-4.34813,5.0,0.18301,1.40477,1.33658,-5.0,2.25855])
4.987307887923947
Max g: 0.18534459741178888
f_63([0.978389,-0.18282,1.18282,0.774387,-0.569443,0.795053,1.0,0.646815,-0.00182015,0.762716,-0.0201396,0.0875618,1.15523,1.01842,-0.0839708,0.974912,-0.210881,0.279538,1.20188,0.993933,-0.0061389,1.05911,0.0293509,0.392998,0.442296,2.67051,-1.09806,-1.01475,1.83478,4.341,-5.0,-0.17576,-1.71957,-3.16595,5.0,-0.114428,-0.834773,-4.34099,5.0,0.175758,1.40595,1.34387,-5.0,2.25008])
4.987606165942005
Max g: 0.18514335074014032
f_64([0.978386,-0.182833,1.18282,0.774385,-0.569441,0.795053,1.0,0.646599,-0.00175757,0.762615,-0.0202624,0.0874835,1.15522,1.01843,-0.0839877,0.974922,-0.210895,0.279544,1.20116,0.993273,-0.00583006,1.05788,0.0305582,0.393767,0.442287,2.6705,-1.09806,-1.01473,1.83468,4.33558,-5.0,-0.170246,-1.71997,-3.16238,5.0,-0.117613,-0.834662,-4.33559,5.0,0.170251,1.40685,1.34925,-5.0,2.24381])
4.987705591948023
Max g: 0.18499450972811748
f_65([0.978392,-0.182828,1.18283,0.774397,-0.569454,0.795056,1.0,0.646385,-0.00169252,0.762524,-0.0203737,0.0873955,1.15522,1.01841,-0.0839794,0.974924,-0.210898,0.279555,1.20044,0.992622,-0.00552112,1.05667,0.0317397,0.39453,0.442295,2.67049,-1.09806,-1.01472,1.83456,4.33027,-5.0,-0.164815,-1.72034,-3.15882,5.0,-0.120797,-0.834561,-4.33026,5.0,0.16481,1.4077,1.35443,-5.0,2.23778])
4.987407313929966
Max g: 0.1848533820978916
f_66([0.978399,-0.182827,1.18282,0.774401,-0.569454,0.795051,1.0,0.646167,-0.00162686,0.76244,-0.0204964,0.0873095,1.15522,1.0184,-0.0839767,0.974888,-0.210888,0.279572,1.19971,0.991954,-0.00519991,1.05543,0.0329689,0.395285,0.442317,2.67046,-1.09806,-1.01471,1.83444,4.32482,-5.0,-0.15924,-1.72072,-3.15516,5.0,-0.124077,-0.834436,-4.32481,5.0,0.159236,1.40857,1.35959,-5.0,2.23175])
4.987407313929966
Max g: 0.18471279673701646
f_67([0.978391,-0.182835,1.18283,0.774409,-0.569473,0.795064,1.0,0.645968,-0.00157373,0.762343,-0.0205806,0.08721,1.15522,1.0184,-0.0839846,0.974894,-0.210868,0.279569,1.19899,0.991301,-0.00487667,1.05421,0.0341614,0.396052,0.442295,2.67046,-1.09806,-1.0147,1.83429,4.31942,-5.0,-0.153692,-1.72106,-3.15153,5.0,-0.127374,-0.834298,-4.31943,5.0,0.153702,1.4094,1.36461,-5.0,2.22589])
4.987307887923947
Max g: 0.18457814724069865
f_68([0.978389,-0.18285,1.18285,0.774395,-0.569461,0.795063,1.0,0.645753,-0.00150688,0.762244,-0.0206756,0.0871185,1.15523,1.01841,-0.0839874,0.974899,-0.210862,0.279569,1.19825,0.990635,-0.00454004,1.05295,0.0353908,0.396835,0.442295,2.67046,-1.09806,-1.0147,1.83412,4.31392,-5.0,-0.148014,-1.7214,-3.14779,5.0,-0.130778,-0.834116,-4.31392,5.0,0.148015,1.41024,1.36961,-5.0,2.22006])
4.987307887923947
Max g: 0.1844409406903953
f_69([0.978389,-0.182847,1.18284,0.77438,-0.569454,0.795074,1.0,0.645543,-0.00144587,0.762138,-0.0207497,0.08702,1.15524,1.01842,-0.0839847,0.974897,-0.210867,0.279575,1.1975,0.98996,-0.00419598,1.05168,0.0366302,0.397616,0.442299,2.67046,-1.09804,-1.01472,1.83393,4.30837,-5.0,-0.142278,-1.72173,-3.144,5.0,-0.134234,-0.833934,-4.30836,5.0,0.142275,1.41108,1.37453,-5.0,2.2143])
4.987307887923947
Max g: 0.18431065669968805
f_70([0.978385,-0.182844,1.18283,0.77438,-0.569453,0.795066,1.0,0.645323,-0.00137203,0.762055,-0.0208612,0.0869404,1.15524,1.0184,-0.0839916,0.974898,-0.210862,0.279593,1.19676,0.989293,-0.00385075,1.05043,0.037842,0.398399,0.442298,2.67047,-1.09805,-1.01473,1.83373,4.30288,-5.0,-0.136601,-1.72203,-3.14023,5.0,-0.13769,-0.833738,-4.30288,5.0,0.136602,1.41189,1.37927,-5.0,2.20875])
4.987307887923947
{0.9783851799156512,-0.18284357138353832,1.1828316534582677,0.7743803559669982,-0.569452771978066,0.7950664293611478,1.0,0.6453229327413043,-0.0013720337258795352,0.7620553468104381,-0.020861192123176144,0.08694042069851605,1.1552377946206984,1.0184039569677714,-0.08399157243825096,0.974897885963787,-0.21086210618016052,0.2795934531056693,1.1967599993059255,0.9892933664635404,-0.003850750739199758,1.0504305859085086,0.03784199338138367,0.3983993474125614,0.44229836476297196,2.6704721992066562,-1.098048595932846,-1.0147324887666602,1.833733629725159,4.302884392139763,-5.0,-0.1366014634482843,-1.7220263655765704,-3.1402321298131293,5.0,-0.13768962880483865,-0.8337384786164301,-4.302883865525563,5.0,0.13660212220157608,1.4118919241891597,1.3792651877107813,-5.0,2.2087504767857262}]
Set[{A021,A031,A032,A041,A042,A043,A121,A131,A132,A141,A142,A143,B021,B031,B032,B041,B042,B043,B121,B131,B132,B141,B142,B143,\[Alpha]1,\[Alpha]2,\[Alpha]3,\[Alpha]4,\[Beta]11,\[Beta]12,\[Beta]13,\[Beta]14,\[Beta]21,\[Beta]22,\[Beta]23,\[Beta]24,\[Beta]31,\[Beta]32,\[Beta]33,\[Beta]34,\[Beta]41,\[Beta]42,\[Beta]43,\[Beta]44},{0.9783851799156512,-0.18284357138353832,1.1828316534582677,0.7743803559669982,-0.569452771978066,0.7950664293611478,1.0,0.6453229327413043,-0.0013720337258795352,0.7620553468104381,-0.020861192123176144,0.08694042069851605,1.1552377946206984,1.0184039569677714,-0.08399157243825096,0.974897885963787,-0.21086210618016052,0.2795934531056693,1.1967599993059255,0.9892933664635404,-0.003850750739199758,1.0504305859085086,0.03784199338138367,0.3983993474125614,0.44229836476297196,2.6704721992066562,-1.098048595932846,-1.0147324887666602,1.833733629725159,4.302884392139763,-5.0,-0.1366014634482843,-1.7220263655765704,-3.1402321298131293,5.0,-0.13768962880483865,-0.8337384786164301,-4.302883865525563,5.0,0.13660212220157608,1.4118919241891597,1.3792651877107813,-5.0,2.2087504767857262}]

Max g: 0.18418367637035327
f_71([0.978395,-0.182839,1.18284,0.774384,-0.569448,0.795064,1.0,0.645131,-0.0013245,0.761956,-0.0209566,0.0868725,1.15524,1.01841,-0.0839917,0.974881,-0.21086,0.279598,1.19601,0.988627,-0.00350128,1.04918,0.039053,0.399184,0.442306,2.67046,-1.09804,-1.01473,1.83354,4.29741,-5.0,-0.13092,-1.72234,-3.13647,5.0,-0.141151,-0.833538,-4.29741,5.0,0.130919,1.4127,1.38388,-5.0,2.20332])
4.987407313929966
Max g: 0.18406449008792403
f_72([0.978398,-0.182849,1.18285,0.77439,-0.569457,0.795061,1.0,0.644931,-0.00126458,0.761876,-0.0210419,0.0867789,1.15523,1.01841,-0.0839845,0.974867,-0.210869,0.279597,1.19527,0.987967,-0.00314469,1.04792,0.0402673,0.39996,0.442312,2.67046,-1.09803,-1.01474,1.8333,4.29193,-5.0,-0.125214,-1.72262,-3.13268,5.0,-0.144663,-0.833303,-4.29194,5.0,0.125216,1.41348,1.3884,-5.0,2.19804])
4.987208461917928
Max g: 0.1839471004112495
{0.9784033369019723,-0.18291530131676248,1.1829140376690328,0.7747827997157894,-0.5694824667039026,0.7946994263215785,0.9999999999999999,0.6500026910568951,-0.0027461609930936924,0.7643563118953455,-0.01844841599111034,0.08921975596038581,1.1553936037767665,1.0190160102934467,-0.08509033251194843,0.9764896135975024,-0.2112842904772386,0.27923970188878916,1.21175623995895,1.0032367305901297,-0.010006819145125665,1.0765814228966182,0.01257576719153248,0.38121970256338894,0.44233425222972556,2.670193635827082,-1.0974379309642617,-1.0150883513099955,1.83495468019641,4.4179963082509435,-4.9999999999999964,-0.25295447855312375,-1.7129106074013005,-3.2144655076322053,5.0,-0.07257774295152754,-0.8349601187710194,-4.417981084113263,5.0,0.25294196411671277,1.3923892092453853,1.2510029180264586,-4.999999999999993,2.3565052749741993}]
Set[{A021,A031,A032,A041,A042,A043,A121,A131,A132,A141,A142,A143,B021,B031,B032,B041,B042,B043,B121,B131,B132,B141,B142,B143,\[Alpha]1,\[Alpha]2,\[Alpha]3,\[Alpha]4,\[Beta]11,\[Beta]12,\[Beta]13,\[Beta]14,\[Beta]21,\[Beta]22,\[Beta]23,\[Beta]24,\[Beta]31,\[Beta]32,\[Beta]33,\[Beta]34,\[Beta]41,\[Beta]42,\[Beta]43,\[Beta]44},{0.9784033369019723,-0.18291530131676248,1.1829140376690328,0.7747827997157894,-0.5694824667039026,0.7946994263215785,0.9999999999999999,0.6500026910568951,-0.0027461609930936924,0.7643563118953455,-0.01844841599111034,0.08921975596038581,1.1553936037767665,1.0190160102934467,-0.08509033251194843,0.9764896135975024,-0.2112842904772386,0.27923970188878916,1.21175623995895,1.0032367305901297,-0.010006819145125665,1.0765814228966182,0.01257576719153248,0.38121970256338894,0.44233425222972556,2.670193635827082,-1.0974379309642617,-1.0150883513099955,1.83495468019641,4.4179963082509435,-4.9999999999999964,-0.25295447855312375,-1.7129106074013005,-3.2144655076322053,5.0,-0.07257774295152754,-0.8349601187710194,-4.417981084113263,5.0,0.25294196411671277,1.3923892092453853,1.2510029180264586,-4.999999999999993,2.3565052749741993}]


-----------------Final Result------------------
Options: alg=LN_AUGLAG_EQ,dx=0.01,max_eval=100000000,popSize=0
imin=-12,jmin=-1,imax=1,jmax=1,
parameter_minmax=5,
randSeed=1396094,rand_minmax=2,
END_C=true, INEQ_C=false

7203229 steps

Completed with maxf : 4.988500999996176

Constraints at 0.18787112180081944

x = [0.9784033369019723,-0.18291530131676248,1.1829140376690328,0.7747827997157894,-0.5694824667039026,0.7946994263215785,0.9999999999999999,0.6500026910568951,-0.0027461609930936924,0.7643563118953455,-0.01844841599111034,0.08921975596038581,1.1553936037767665,1.0190160102934467,-0.08509033251194843,0.9764896135975024,-0.2112842904772386,0.27923970188878916,1.21175623995895,1.0032367305901297,-0.010006819145125665,1.0765814228966182,0.01257576719153248,0.38121970256338894,0.44233425222972556,2.670193635827082,-1.0974379309642617,-1.0150883513099955,1.83495468019641,4.4179963082509435,-4.9999999999999964,-0.25295447855312375,-1.7129106074013005,-3.2144655076322053,5.0,-0.07257774295152754,-0.8349601187710194,-4.417981084113263,5.0,0.25294196411671277,1.3923892092453853,1.2510029180264586,-4.999999999999993,2.3565052749741993]
c0 = [0.0,0.9784033369019723,0.9999987363522703,0.9999997593334654]
c1 = [0.0,0.9999999999999999,0.6472565300638015,0.8351276518646209]
A0 = [0.0,0.9784033369019723,-0.18291530131676248,0.7747827997157894,0.0,0.0,1.1829140376690328,-0.5694824667039026,0.0,0.0,0.0,0.7946994263215785,0.0,0.0,0.0,0.0]
A1 = [0.0,0.9999999999999999,0.6500026910568951,0.7643563118953455,0.0,0.0,-0.0027461609930936924,-0.01844841599111034,0.0,0.0,0.0,0.08921975596038581,0.0,0.0,0.0,0.0]
B0 = [0.0,1.1553936037767665,1.0190160102934467,0.9764896135975024,0.0,0.0,-0.08509033251194843,-0.2112842904772386,0.0,0.0,0.0,0.27923970188878916,0.0,0.0,0.0,0.0]
B1 = [0.0,1.21175623995895,1.0032367305901297,1.0765814228966182,0.0,0.0,-0.010006819145125665,0.01257576719153248,0.0,0.0,0.0,0.38121970256338894,0.0,0.0,0.0,0.0]
α  = [0.44233425222972556,2.670193635827082,-1.0974379309642617,-1.0150883513099955]
β1 = [1.83495468019641,4.4179963082509435,-4.9999999999999964,-0.25295447855312375]
β2 = [-1.7129106074013005,-3.2144655076322053,5.0,-0.07257774295152754]
β3 = [-0.8349601187710194,-4.417981084113263,5.0,0.25294196411671277]
β4 = [1.3923892092453853,1.2510029180264586,-4.999999999999993,2.3565052749741993]


Set[{A021,A031,A032,A041,A042,A043,A121,A131,A132,A141,A142,A143,B021,B031,B032,B041,B042,B043,B121,B131,B132,B141,B142,B143,\[Alpha]1,\[Alpha]2,\[Alpha]3,\[Alpha]4,\[Beta]11,\[Beta]12,\[Beta]13,\[Beta]14,\[Beta]21,\[Beta]22,\[Beta]23,\[Beta]24,\[Beta]31,\[Beta]32,\[Beta]33,\[Beta]34,\[Beta]41,\[Beta]42,\[Beta]43,\[Beta]44},{0.9784033369019723,-0.18291530131676248,1.1829140376690328,0.7747827997157894,-0.5694824667039026,0.7946994263215785,0.9999999999999999,0.6500026910568951,-0.0027461609930936924,0.7643563118953455,-0.01844841599111034,0.08921975596038581,1.1553936037767665,1.0190160102934467,-0.08509033251194843,0.9764896135975024,-0.2112842904772386,0.27923970188878916,1.21175623995895,1.0032367305901297,-0.010006819145125665,1.0765814228966182,0.01257576719153248,0.38121970256338894,0.44233425222972556,2.670193635827082,-1.0974379309642617,-1.0150883513099955,1.83495468019641,4.4179963082509435,-4.9999999999999964,-0.25295447855312375,-1.7129106074013005,-3.2144655076322053,5.0,-0.07257774295152754,-0.8349601187710194,-4.417981084113263,5.0,0.25294196411671277,1.3923892092453853,1.2510029180264586,-4.999999999999993,2.3565052749741993}]



