
-----------------Setup------------------
Options: alg=LN_AUGLAG_EQ,dx=0.01,max_eval=100000000,popSize=0
imin=-12,jmin=-1,imax=1,jmax=1,
parameter_minmax=5,
randSeed=93225166, rand_minmax=2,
END_C=true, INEQ_C=false

Initial Condition:

[1.50185,-1.19154,-1.48248,0.466732,-1.47951,0.381791,1.86736,1.43656,-0.387314,1.04545,-0.513429,0.572804,-1.08625,-0.778912,-1.6581,-1.50663,-0.0671878,1.30782,-0.860165,-1.71139,-1.57563,1.54517,0.451543,1.37237,-0.547836,0.321484,1.59511,0.151371,-0.819738,-1.35295,-0.100943,-0.334232,1.94951,0.594916,1.10396,-0.929791,-0.944981,1.27827,-0.885543,1.83557,1.98473,-0.433856,1.28941,1.25905]

f_1([6.99819e-7,0.473718,-0.473538,-0.761032,0.0788916,1.30927,0.169579,0.704163,-0.23089,0.447871,-0.161559,0.077251,0.557106,-0.870438,-1.09628,-1.99299,-1.05313,1.3383,-0.264726,0.760291,0.670193,-0.242641,-1.07965,-0.332889,-0.55071,-0.126328,0.971669,0.0444016,-0.532257,-0.943547,0.0041847,-0.0858797,1.7901,-0.32815,0.235879,-0.982808,-0.794131,1.16941,-0.85336,0.912015,1.56662,-1.08503,0.860402,2.37837])
19.344721435099675
Max g: 6.200464887276155
f_2([7.00013e-7,0.473718,-0.473538,-0.761032,0.0788916,1.30927,0.169579,0.704163,-0.23089,0.447871,-0.161559,0.077251,0.557106,-0.870438,-1.09628,-1.99299,-1.05313,1.3383,-0.264726,0.760291,0.670193,-0.24264,-1.07965,-0.332889,-0.55071,-0.126328,0.971669,0.0444016,-0.532257,-0.943547,0.0041847,-0.0858797,1.7901,-0.32815,0.235879,-0.982808,-0.794131,1.16941,-0.85336,0.912015,1.56662,-1.08503,0.860402,2.37837])
19.344622009093655
Max g: 6.200464286843964
f_3([0.000337181,0.495528,-0.49546,-0.773032,0.0645398,1.29804,0.144297,0.684136,-0.18029,0.242578,-0.0337212,0.0314632,0.493204,-0.778109,-1.0169,-2.01341,1.34131,1.30528,-0.142917,0.616936,0.686769,2.25741,-1.09411,0.287341,-0.524077,-0.0909686,0.896538,0.0412364,-0.514708,-0.931739,0.0179272,0.0978174,1.62637,-0.433969,0.278445,-0.825398,-0.809415,1.13866,-0.844235,1.08339,1.39016,-1.14105,0.74764,2.34959])
24.066462460946614
Max g: 4.546175521123837
f_4([4.68983e-8,0.504791,-0.504756,-0.793089,0.0119527,1.16756,0.176493,0.720076,-0.101455,0.130076,-0.0749013,0.02201,0.463561,-0.585883,-0.835749,-2.08081,1.31573,1.22288,-0.0378716,0.692224,0.413689,1.89807,-1.48586,-0.0590766,-0.479465,-0.0272514,0.636278,0.0320292,-0.297905,-0.711259,0.306853,0.338626,1.3352,-0.504829,0.223584,-0.662411,-0.97404,1.12265,-0.979772,1.23968,1.01023,-1.35981,0.378757,2.08189])
25.785736957028845
Max g: 2.1110696968125935
f_5([8.02282e-5,0.961934,0.00410063,-0.557118,0.358165,1.17629,0.180793,0.601428,0.398572,0.546302,0.31446,0.00448374,0.258038,1.9748,-0.552143,0.543364,1.17497,0.992229,0.847341,1.03937,0.671931,1.99688,-1.21962,1.27693,0.0398814,0.413836,0.504033,0.0599855,0.855689,-0.328727,0.573453,-0.135346,-0.222906,0.17675,0.562365,-0.363139,-0.228714,1.2997,-1.92272,0.907522,1.3601,-2.06506,-0.451816,1.14955])
13.522433948627349
Max g: 0.4247782419213609
f_6([0.00105063,0.972442,0.027558,-0.552134,0.360444,1.19169,0.0679178,0.551805,0.448195,0.57313,0.355745,-0.0172121,0.3437,2.05886,-0.478177,0.55067,1.1876,1.01336,0.965479,1.4128,0.444186,2.25062,-1.13217,1.21346,0.0719674,0.473298,0.435204,0.0475265,1.4301,-1.30353,1.28835,-0.421935,-1.05953,1.13548,0.336831,-0.386459,-0.599238,1.78596,-1.78397,0.647003,1.18634,-1.45454,-0.833701,1.16215])
13.058114500518164
Max g: 0.15000457178549165
f_7([0.0222011,0.881632,0.118368,-0.596344,0.390591,1.20534,0.128767,0.469552,0.530448,0.59406,0.411809,-0.00586878,0.391966,2.05277,-0.502604,0.533413,1.17993,1.027,0.815588,1.35105,0.235764,2.12062,-1.23898,1.23355,0.0892196,0.420431,0.444454,0.0494084,1.96071,-2.22999,1.62271,-0.356461,-1.54372,1.87973,-0.162066,-0.1664,-0.937128,2.19548,-1.60741,0.353109,0.819874,-0.886299,-1.19834,1.25553])
13.470235295467322
Max g: 0.0978067914916465
f_8([0.000405223,0.845215,0.154666,-0.600322,0.389366,1.21066,0.160045,0.488952,0.511048,0.5888,0.401908,0.00929153,0.296698,2.06284,-0.500566,0.506454,1.15164,1.00046,0.67257,1.20216,0.162606,1.94575,-1.3191,1.26725,-0.00457839,0.503295,0.453653,0.0497812,2.25962,-2.67491,1.65522,-0.241277,-1.98259,2.43833,-0.343029,-0.109502,-1.24233,2.64834,-1.64159,0.237618,1.17988,-1.37361,-1.12998,1.31766])
13.547489302144161
Max g: 0.07129596283724576
f_9([2.02145e-5,0.848766,0.148396,-0.602884,0.380315,1.22102,0.184551,0.584593,0.415401,0.545671,0.377844,0.076475,0.25703,2.06816,-0.495838,0.480379,1.12677,0.978203,0.61387,1.1429,0.102618,1.83992,-1.35477,1.29617,-0.0859044,0.58143,0.453886,0.0509471,2.42134,-2.95253,1.68767,-0.15802,-2.23092,2.78782,-0.469283,-0.0856016,-1.42779,2.961,-1.68981,0.157548,1.48227,-1.8033,-1.02839,1.34745])
11.881507145288165
Max g: 0.050919164495738634
f_10([-4.65904e-19,0.849083,0.149591,-0.607224,0.382662,1.22352,0.205445,0.644831,0.355169,0.551962,0.370029,0.0780097,0.237085,2.07295,-0.490549,0.470962,1.11149,0.961599,0.584664,1.1151,0.0493545,1.75411,-1.37778,1.33428,-0.138241,0.634895,0.451564,0.0517194,2.53536,-3.17756,1.72772,-0.0864225,-2.40673,3.06815,-0.58763,-0.072905,-1.54087,3.18452,-1.72832,0.0852831,1.67547,-2.098,-0.945401,1.36652])
11.329295107858096
{-4.659044428494761e-19,0.8490831743294277,0.14959124458478812,-0.607223554325624,0.3826623594913231,1.2235214406162915,0.20544496766392734,0.644830740102266,0.35516925989773374,0.5519617638926945,0.37002851009217913,0.07800972601512768,0.23708542431894278,2.072946039638008,-0.4905494677824459,0.47096245238784334,1.111488507803016,0.9615987157321236,0.584664312671906,1.1150975888914085,0.0493545107871158,1.7541145538427194,-1.3777787426616188,1.3342782953402605,-0.13824137683289003,0.6348950101022582,0.45156378729330093,0.051719386348855985,2.5353605936204286,-3.1775550278439155,1.7277237218997075,-0.08642254827444354,-2.406726778570458,3.0681541685706444,-0.5876297234766826,-0.07290497288217877,-1.5408652975338937,3.1845166895756796,-1.7283169967251715,0.08528307399298926,1.6754673459059328,-2.098000081422254,-0.9454012767182577,1.366517310177315}]
Set[{A021,A031,A032,A041,A042,A043,A121,A131,A132,A141,A142,A143,B021,B031,B032,B041,B042,B043,B121,B131,B132,B141,B142,B143,\[Alpha]1,\[Alpha]2,\[Alpha]3,\[Alpha]4,\[Beta]11,\[Beta]12,\[Beta]13,\[Beta]14,\[Beta]21,\[Beta]22,\[Beta]23,\[Beta]24,\[Beta]31,\[Beta]32,\[Beta]33,\[Beta]34,\[Beta]41,\[Beta]42,\[Beta]43,\[Beta]44},{-4.659044428494761e-19,0.8490831743294277,0.14959124458478812,-0.607223554325624,0.3826623594913231,1.2235214406162915,0.20544496766392734,0.644830740102266,0.35516925989773374,0.5519617638926945,0.37002851009217913,0.07800972601512768,0.23708542431894278,2.072946039638008,-0.4905494677824459,0.47096245238784334,1.111488507803016,0.9615987157321236,0.584664312671906,1.1150975888914085,0.0493545107871158,1.7541145538427194,-1.3777787426616188,1.3342782953402605,-0.13824137683289003,0.6348950101022582,0.45156378729330093,0.051719386348855985,2.5353605936204286,-3.1775550278439155,1.7277237218997075,-0.08642254827444354,-2.406726778570458,3.0681541685706444,-0.5876297234766826,-0.07290497288217877,-1.5408652975338937,3.1845166895756796,-1.7283169967251715,0.08528307399298926,1.6754673459059328,-2.098000081422254,-0.9454012767182577,1.366517310177315}]

Max g: 0.03866404357766226
f_11([1.14215e-6,0.848823,0.150037,-0.612666,0.38338,1.2287,0.219144,0.697431,0.302569,0.574003,0.369905,0.056092,0.223882,2.07435,-0.485051,0.461331,1.10431,0.953671,0.565732,1.09861,0.0111609,1.69025,-1.39075,1.36696,-0.177521,0.675025,0.450674,0.0517717,2.61555,-3.33891,1.75504,-0.0322468,-2.53029,3.27109,-0.671661,-0.0685414,-1.61964,3.34353,-1.75513,0.0313608,1.81819,-2.32159,-0.871482,1.37368])
11.187712475286903
Max g: 0.029361571399667413
f_12([1.60414e-5,0.847585,0.151823,-0.618117,0.38276,1.23499,0.237442,0.78994,0.21006,0.605393,0.376895,0.0177111,0.212482,2.07979,-0.481043,0.446055,1.0901,0.941238,0.544975,1.08334,-0.0437098,1.59543,-1.40116,1.4247,-0.220082,0.718999,0.448934,0.0521079,2.70961,-3.54541,1.78877,0.0468786,-2.67697,3.52898,-0.781096,-0.0709163,-1.71267,3.55121,-1.79095,-0.0468228,2.00633,-2.62609,-0.749089,1.36871])
10.86616877182114
Max g: 0.017984988197332158
f_13([8.25864e-6,0.851066,0.148858,-0.617396,0.382981,1.23422,0.252398,0.871044,0.128948,0.650387,0.402568,-0.0529537,0.207318,2.08541,-0.478766,0.434591,1.08551,0.933254,0.5286,1.07745,-0.101539,1.50001,-1.41417,1.49895,-0.246679,0.747342,0.447087,0.0520027,2.78251,-3.71745,1.80686,0.127859,-2.80001,3.75481,-0.86973,-0.084614,-1.78172,3.71819,-1.8097,-0.126486,2.17045,-2.90102,-0.623431,1.3544])
10.618200312809511
Max g: 0.008312266341368585
f_14([6.88192e-6,0.849122,0.150878,-0.619589,0.384315,1.23524,0.264044,0.926068,0.0739322,0.68749,0.427892,-0.115381,0.204884,2.08382,-0.475095,0.43168,1.08114,0.930144,0.517546,1.07695,-0.152158,1.40851,-1.41516,1.57095,-0.260664,0.761845,0.446332,0.0523424,2.82648,-3.83886,1.81834,0.194715,-2.88621,3.92232,-0.933981,-0.102384,-1.82028,3.8318,-1.8185,-0.192924,2.2939,-3.117,-0.513503,1.33686])
9.865247169226887
Max g: 0.006084898532507488
f_15([9.74459e-6,0.848672,0.151327,-0.619425,0.38632,1.233,0.27187,0.960773,0.0392278,0.711895,0.446328,-0.158223,0.203181,2.08443,-0.473323,0.425441,1.07823,0.925045,0.509229,1.0785,-0.191891,1.33217,-1.41346,1.63417,-0.268225,0.769736,0.445526,0.0527623,2.85285,-3.91827,1.82314,0.242958,-2.94488,4.03896,-0.976872,-0.117656,-1.84622,3.91018,-1.82301,-0.241144,2.3862,-3.27859,-0.427122,1.32004])
9.202572839109601
Max g: 0.009673196506493495
f_16([0.002055,0.849178,0.150822,-0.620372,0.387476,1.23288,0.271445,0.957869,0.039051,0.710515,0.445515,-0.158283,0.199661,2.08379,-0.472488,0.422915,1.07635,0.924701,0.506467,1.07086,-0.191324,1.32118,-1.41374,1.64636,-0.268336,0.769954,0.444867,0.0534801,2.85475,-3.92878,1.82893,0.245097,-2.94186,4.0377,-0.978425,-0.117599,-1.85441,3.92794,-1.82813,-0.24536,2.41572,-3.31929,-0.408442,1.31214])
9.190840570399349
Max g: 0.008723096860444923
f_17([0.00422869,0.849438,0.150562,-0.62031,0.387582,1.23271,0.270365,0.947455,0.0493109,0.702431,0.43957,-0.144322,0.202145,2.08355,-0.473186,0.42324,1.07709,0.925796,0.507609,1.07077,-0.186024,1.33188,-1.4138,1.63725,-0.26614,0.769406,0.441934,0.0547815,2.85271,-3.92032,1.8288,0.238847,-2.9312,4.01755,-0.971044,-0.115383,-1.85305,3.92071,-1.82868,-0.239006,2.40333,-3.2973,-0.419971,1.31408])
9.382136205980093
Max g: 0.0073618672868190765
f_18([0.00543436,0.849563,0.150419,-0.620513,0.387632,1.23286,0.26964,0.941174,0.0558822,0.697758,0.43613,-0.135971,0.20359,2.08337,-0.473686,0.42407,1.07785,0.92598,0.508638,1.0707,-0.181428,1.34141,-1.41456,1.62956,-0.264731,0.76891,0.440305,0.055514,2.85012,-3.91183,1.82827,0.233477,-2.92445,4.00449,-0.966505,-0.113573,-1.85032,3.91204,-1.82819,-0.233572,2.39227,-3.27845,-0.43002,1.3163])
9.489516292480717
Max g: 0.006324238381372846
f_19([0.00653836,0.849653,0.150339,-0.620351,0.387632,1.23271,0.268972,0.936792,0.0606714,0.694355,0.433781,-0.129924,0.204668,2.0837,-0.473282,0.424608,1.07816,0.92656,0.509655,1.0707,-0.176983,1.35053,-1.41509,1.62203,-0.263832,0.768874,0.439275,0.0556704,2.84731,-3.90308,1.82762,0.228183,-2.91814,3.99215,-0.962206,-0.111827,-1.84735,3.90307,-1.82754,-0.228229,2.38167,-3.2605,-0.439581,1.3185])
9.576215769729371
Max g: 0.0053339138146784315
f_20([0.0071545,0.849654,0.150341,-0.620344,0.387725,1.23261,0.268482,0.93432,0.06344,0.692417,0.432831,-0.126818,0.20524,2.0841,-0.472949,0.424823,1.07839,0.92688,0.510444,1.07072,-0.173711,1.35731,-1.41554,1.61646,-0.263205,0.768697,0.43889,0.0556018,2.84486,-3.8961,1.82694,0.22433,-2.91321,3.98279,-0.959015,-0.110593,-1.84495,3.89625,-1.82698,-0.22434,2.37362,-3.24696,-0.446904,1.32032])
9.629706960967646
{0.0071544998343101495,0.8496536529248309,0.15034076941085975,-0.62034351917592,0.3877250741508699,1.232611897928815,0.268481809538976,0.9343196812958717,0.06344002883365701,0.6924170830352795,0.4328305773938359,-0.12681791544552976,0.20523991801814526,2.084103360218223,-0.472948881254216,0.4248225460080388,1.0783852784997467,0.9268795849605056,0.510443718771321,1.0707249118019557,-0.17371070574523512,1.357308340011208,-1.4155380664122394,1.6164588509800975,-0.26320524719124255,0.7686968041503629,0.43888991818711304,0.05560178404476539,2.8448623173761702,-3.896102704188009,1.826936065561154,0.2243304902960117,-2.9132134455833683,3.9827874296933863,-0.9590145937371798,-0.11059262952254448,-1.8449516939000097,3.8962455690232476,-1.8269771276181626,-0.22433992611533402,2.3736179555115178,-3.2469593530834775,-0.44690430171413675,1.3203219456631408}]
Set[{A021,A031,A032,A041,A042,A043,A121,A131,A132,A141,A142,A143,B021,B031,B032,B041,B042,B043,B121,B131,B132,B141,B142,B143,\[Alpha]1,\[Alpha]2,\[Alpha]3,\[Alpha]4,\[Beta]11,\[Beta]12,\[Beta]13,\[Beta]14,\[Beta]21,\[Beta]22,\[Beta]23,\[Beta]24,\[Beta]31,\[Beta]32,\[Beta]33,\[Beta]34,\[Beta]41,\[Beta]42,\[Beta]43,\[Beta]44},{0.0071544998343101495,0.8496536529248309,0.15034076941085975,-0.62034351917592,0.3877250741508699,1.232611897928815,0.268481809538976,0.9343196812958717,0.06344002883365701,0.6924170830352795,0.4328305773938359,-0.12681791544552976,0.20523991801814526,2.084103360218223,-0.472948881254216,0.4248225460080388,1.0783852784997467,0.9268795849605056,0.510443718771321,1.0707249118019557,-0.17371070574523512,1.357308340011208,-1.4155380664122394,1.6164588509800975,-0.26320524719124255,0.7686968041503629,0.43888991818711304,0.05560178404476539,2.8448623173761702,-3.896102704188009,1.826936065561154,0.2243304902960117,-2.9132134455833683,3.9827874296933863,-0.9590145937371798,-0.11059262952254448,-1.8449516939000097,3.8962455690232476,-1.8269771276181626,-0.22433992611533402,2.3736179555115178,-3.2469593530834775,-0.44690430171413675,1.3203219456631408}]

Max g: 0.004586538483468475
f_21([0.0074677,0.849601,0.150398,-0.620237,0.38775,1.23248,0.268057,0.932916,0.0651136,0.691416,0.432151,-0.124947,0.205558,2.08428,-0.472723,0.424865,1.07869,0.927044,0.511088,1.07077,-0.17101,1.36281,-1.41569,1.6118,-0.262824,0.76855,0.43873,0.0555352,2.84279,-3.89011,1.82628,0.221069,-2.90906,3.97476,-0.956155,-0.109566,-1.84293,3.89033,-1.82634,-0.221076,2.36692,-3.23563,-0.452925,1.32171])
9.662915246978024
Max g: 0.003947721424510525
f_22([0.00755107,0.849677,0.150319,-0.620307,0.387756,1.23255,0.26765,0.93206,0.0662318,0.690728,0.431739,-0.123662,0.205683,2.08442,-0.47257,0.424784,1.07871,0.927203,0.511684,1.07083,-0.168483,1.36803,-1.41593,1.60746,-0.262562,0.768364,0.438747,0.0554482,2.84087,-3.8845,1.82564,0.218006,-2.90528,3.96735,-0.953494,-0.108607,-1.84104,3.88474,-1.82571,-0.218016,2.36077,-3.22516,-0.458616,1.32309])
9.685484950344359
Max g: 0.0033555349527058104
f_23([0.00772922,0.849713,0.150285,-0.6203,0.387723,1.23257,0.267308,0.93161,0.0669679,0.690428,0.431715,-0.12315,0.205784,2.08456,-0.472207,0.424855,1.07876,0.927402,0.512274,1.07092,-0.166168,1.37288,-1.4162,1.60343,-0.262433,0.768373,0.438751,0.0553056,2.83893,-3.8791,1.82497,0.215223,-2.90159,3.96041,-0.951078,-0.107752,-1.83906,3.87935,-1.82509,-0.215212,2.35493,-3.21544,-0.463947,1.3245])
9.701691389325472
Max g: 0.0028158633454877513
f_24([0.00781178,0.849652,0.150348,-0.620345,0.387755,1.23259,0.267069,0.931443,0.0672937,0.69029,0.431639,-0.122816,0.205847,2.08465,-0.472131,0.424788,1.07873,0.927409,0.512654,1.07098,-0.164663,1.37599,-1.41634,1.60085,-0.262337,0.76834,0.438707,0.0552878,2.83764,-3.87556,1.82455,0.213397,-2.89914,3.95575,-0.949433,-0.107203,-1.83778,3.87582,-1.82468,-0.21338,2.35105,-3.20894,-0.467433,1.32536])
9.707259245662542
Max g: 0.0024486129367978088
f_25([0.00776213,0.849607,0.150378,-0.620447,0.387885,1.23255,0.26698,0.93159,0.0672055,0.69035,0.431696,-0.122877,0.205799,2.08459,-0.472106,0.424776,1.07882,0.92735,0.512798,1.07102,-0.164127,1.37714,-1.41637,1.5999,-0.262355,0.768305,0.438804,0.0552531,2.83713,-3.87424,1.82439,0.21272,-2.89836,3.95424,-0.948882,-0.107014,-1.8372,3.87434,-1.82444,-0.212717,2.3495,-3.20633,-0.468794,1.32565])
9.706563263620406
Max g: 0.0023174828334259906
f_26([0.00758764,0.849611,0.150373,-0.620448,0.387835,1.2326,0.26659,0.932364,0.06677,0.690704,0.432159,-0.123454,0.205599,2.08459,-0.472028,0.424923,1.07888,0.927443,0.513516,1.07114,-0.161457,1.38259,-1.41647,1.59518,-0.262571,0.768417,0.43904,0.0551256,2.83468,-3.86776,1.8236,0.209497,-2.89419,3.94637,-0.946107,-0.106094,-1.83466,3.86771,-1.82357,-0.209503,2.34242,-3.19464,-0.475113,1.32735])
9.702188519355566
Max g: 0.0016582919269691465
f_27([0.00743117,0.849746,0.150251,-0.620445,0.387881,1.23256,0.266195,0.933143,0.0663049,0.691077,0.432592,-0.124051,0.205408,2.08462,-0.471909,0.424837,1.07898,0.927526,0.514139,1.07127,-0.15898,1.38769,-1.41656,1.59083,-0.262725,0.768459,0.439298,0.0549854,2.83251,-3.86173,1.82278,0.20645,-2.89014,3.9387,-0.943397,-0.105164,-1.83245,3.86166,-1.82278,-0.206432,2.33613,-3.1841,-0.480847,1.32882])
9.69642181100646
Max g: 0.0010787392017042041
f_28([0.00726349,0.849736,0.150259,-0.620394,0.387839,1.23256,0.265812,0.933805,0.0659187,0.691571,0.432871,-0.12463,0.205179,2.08473,-0.471847,0.424746,1.07894,0.927489,0.514711,1.07139,-0.156727,1.39232,-1.41672,1.58703,-0.262884,0.768461,0.439588,0.0548354,2.83043,-3.85602,1.82197,0.203631,-2.88645,3.93157,-0.940776,-0.104349,-1.83045,3.85604,-1.82197,-0.203633,2.3302,-3.17412,-0.486103,1.33001])
9.691748788723562
Max g: 0.0005101160802926802
f_29([0.0070423,0.849746,0.150253,-0.620315,0.38788,1.23244,0.265518,0.934376,0.0655676,0.691823,0.433229,-0.125083,0.204934,2.08458,-0.471828,0.424593,1.07902,0.927233,0.515172,1.07149,-0.154928,1.39599,-1.41684,1.58399,-0.263095,0.768506,0.439787,0.0548058,2.82883,-3.85162,1.8214,0.201391,-2.88347,3.9259,-0.938743,-0.103685,-1.82885,3.85166,-1.82143,-0.201383,2.32555,-3.16627,-0.490272,1.331])
9.684291838272129
Max g: 0.00028754005217692617
f_30([0.00693108,0.849743,0.150257,-0.62028,0.387851,1.23243,0.265404,0.934927,0.0650703,0.692119,0.433426,-0.125546,0.204821,2.08459,-0.471887,0.424564,1.079,0.927163,0.515333,1.07153,-0.154322,1.39727,-1.4169,1.58296,-0.263232,0.768571,0.439878,0.0547918,2.82825,-3.85007,1.82118,0.200636,-2.8824,3.92384,-0.937966,-0.103481,-1.82821,3.85003,-1.82118,-0.200625,2.32394,-3.16355,-0.491753,1.33136])
9.677332017850793
{0.006931079677570319,0.8497425092502532,0.15025729643776947,-0.6202796723279662,0.3878511780596057,1.2324277776516672,0.265404412811282,0.9349269481976467,0.06507031651843406,0.6921193816146368,0.43342622894079186,-0.12554561333263306,0.20482148966394415,2.084585483188726,-0.47188710342533885,0.42456375693347453,1.0790012013558568,0.9271626531902831,0.5153328923675374,1.0715346083601076,-0.15432179693948794,1.3972656259050393,-1.4169022353139515,1.5829630222950573,-0.26323229495890416,0.7685706242385807,0.4398775259974958,0.05479181474133172,2.8282454630896,-3.8500652625139415,1.8211790943745612,0.20063616908327458,-2.882399733491295,3.923844660449879,-0.9379659972192205,-0.10348062505615865,-1.8282125987666702,3.850027217353446,-1.8211821908763128,-0.2006249491978562,2.323942743835206,-3.163554212707929,-0.49175315846857864,1.331360528840425}]
Set[{A021,A031,A032,A041,A042,A043,A121,A131,A132,A141,A142,A143,B021,B031,B032,B041,B042,B043,B121,B131,B132,B141,B142,B143,\[Alpha]1,\[Alpha]2,\[Alpha]3,\[Alpha]4,\[Beta]11,\[Beta]12,\[Beta]13,\[Beta]14,\[Beta]21,\[Beta]22,\[Beta]23,\[Beta]24,\[Beta]31,\[Beta]32,\[Beta]33,\[Beta]34,\[Beta]41,\[Beta]42,\[Beta]43,\[Beta]44},{0.006931079677570319,0.8497425092502532,0.15025729643776947,-0.6202796723279662,0.3878511780596057,1.2324277776516672,0.265404412811282,0.9349269481976467,0.06507031651843406,0.6921193816146368,0.43342622894079186,-0.12554561333263306,0.20482148966394415,2.084585483188726,-0.47188710342533885,0.42456375693347453,1.0790012013558568,0.9271626531902831,0.5153328923675374,1.0715346083601076,-0.15432179693948794,1.3972656259050393,-1.4169022353139515,1.5829630222950573,-0.26323229495890416,0.7685706242385807,0.4398775259974958,0.05479181474133172,2.8282454630896,-3.8500652625139415,1.8211790943745612,0.20063616908327458,-2.882399733491295,3.923844660449879,-0.9379659972192205,-0.10348062505615865,-1.8282125987666702,3.850027217353446,-1.8211821908763128,-0.2006249491978562,2.323942743835206,-3.163554212707929,-0.49175315846857864,1.331360528840425}]

Max g: 0.00024315128521950388
f_31([0.00682658,0.849742,0.150255,-0.620285,0.387864,1.23242,0.265415,0.935353,0.0646472,0.6924,0.433595,-0.125995,0.204695,2.0846,-0.471867,0.424529,1.07899,0.927138,0.515327,1.07153,-0.154368,1.39718,-1.4169,1.58303,-0.263329,0.768574,0.440029,0.0547267,2.82824,-3.85009,1.82115,0.200705,-2.88241,3.92392,-0.938,-0.103504,-1.82823,3.8501,-1.82117,-0.200694,2.32406,-3.16375,-0.491661,1.33136])
9.670372197429456
Max g: 0.00018790606838072973
f_32([0.00670441,0.84974,0.150259,-0.620293,0.387869,1.23242,0.26543,0.935841,0.0641592,0.692714,0.433813,-0.126527,0.204557,2.08462,-0.471843,0.424507,1.07896,0.927112,0.515316,1.07154,-0.15445,1.39705,-1.4169,1.58314,-0.263433,0.768584,0.440197,0.0546529,2.82825,-3.8502,1.82113,0.200809,-2.88248,3.92408,-0.938057,-0.103542,-1.82825,3.8502,-1.82115,-0.200803,2.32421,-3.16404,-0.491526,1.33135])
9.665102619110444
Max g: 0.0001236194069084073
f_33([0.00662781,0.849742,0.150258,-0.620298,0.387876,1.23242,0.26544,0.936158,0.0638419,0.692916,0.433949,-0.126866,0.204473,2.08463,-0.47183,0.424498,1.07895,0.927096,0.515307,1.07155,-0.15451,1.39695,-1.4169,1.58322,-0.263497,0.76859,0.4403,0.0546071,2.82827,-3.85027,1.82112,0.200883,-2.88254,3.92421,-0.938095,-0.10357,-1.82827,3.85028,-1.82113,-0.200879,2.32433,-3.16424,-0.491431,1.33134])
9.659335910761335
Max g: 8.226494526692406e-5
f_34([0.0065694,0.849745,0.150254,-0.620298,0.387879,1.23242,0.265448,0.936399,0.0636006,0.693073,0.434052,-0.127125,0.204409,2.08464,-0.471821,0.424488,1.07894,0.927089,0.515299,1.07155,-0.154558,1.39687,-1.41691,1.58328,-0.263547,0.768597,0.440378,0.0545729,2.82828,-3.85034,1.82111,0.200945,-2.8826,3.92432,-0.938134,-0.103591,-1.82829,3.85035,-1.82112,-0.200943,2.32444,-3.16442,-0.491345,1.33133])
9.65565714853863
Max g: 5.0611514708539564e-5
f_35([0.0065258,0.849747,0.150253,-0.620299,0.387878,1.23242,0.265456,0.936579,0.0634212,0.693194,0.434127,-0.127321,0.20436,2.08464,-0.471814,0.424481,1.07893,0.927076,0.515291,1.07156,-0.154602,1.3968,-1.41691,1.58334,-0.263585,0.7686,0.440436,0.0545483,2.8283,-3.85041,1.82111,0.200999,-2.88264,3.92442,-0.93817,-0.103609,-1.8283,3.85041,-1.82111,-0.200998,2.32453,-3.16459,-0.491266,1.33132])
9.653270924394171
Max g: 2.6727262066745736e-5
f_36([0.00649622,0.849748,0.150252,-0.6203,0.387878,1.23242,0.265464,0.936697,0.063303,0.693272,0.434181,-0.127453,0.204328,2.08465,-0.471808,0.424474,1.07892,0.927073,0.515284,1.07156,-0.154639,1.39673,-1.4169,1.5834,-0.263613,0.768606,0.440476,0.0545313,2.82832,-3.85048,1.82111,0.201048,-2.88269,3.92452,-0.938206,-0.103626,-1.82832,3.85048,-1.82111,-0.201047,2.32462,-3.16474,-0.491192,1.33131])
9.652574942352038
Max g: 1.6740441957818764e-5
f_37([0.00647666,0.849749,0.150251,-0.620299,0.387878,1.23242,0.265471,0.936786,0.063214,0.693328,0.434221,-0.127549,0.204306,2.08465,-0.471805,0.424468,1.07891,0.92707,0.515277,1.07156,-0.154676,1.39666,-1.4169,1.58345,-0.263629,0.768607,0.440502,0.0545204,2.82834,-3.85054,1.82111,0.201093,-2.88274,3.92462,-0.938242,-0.10364,-1.82834,3.85054,-1.82111,-0.201093,2.3247,-3.16489,-0.491116,1.3313])
9.650486996225636
Max g: 1.2288281101557885e-5
f_38([0.00647502,0.849749,0.150251,-0.620299,0.387878,1.23242,0.265474,0.936792,0.0632084,0.693331,0.434224,-0.127555,0.204304,2.08465,-0.471804,0.424468,1.07891,0.927068,0.515273,1.07156,-0.154692,1.39663,-1.4169,1.58348,-0.26363,0.768606,0.440503,0.0545198,2.82836,-3.85058,1.82111,0.201113,-2.88277,3.92468,-0.938262,-0.103645,-1.82836,3.85058,-1.82111,-0.201114,2.32475,-3.16496,-0.491076,1.33129])
9.650387570219618
Max g: 1.0061673742733923e-5
f_39([0.00647376,0.84975,0.15025,-0.620299,0.387878,1.23242,0.265477,0.936796,0.0632037,0.693334,0.434225,-0.127559,0.204303,2.08465,-0.471804,0.424468,1.07891,0.927068,0.515269,1.07156,-0.154707,1.39659,-1.4169,1.5835,-0.263631,0.768607,0.440505,0.054519,2.82837,-3.85062,1.82112,0.201133,-2.8828,3.92473,-0.938281,-0.10365,-1.82837,3.85062,-1.82112,-0.201133,2.32479,-3.16503,-0.491039,1.33128])
9.650387570219618
Max g: 7.878015304552122e-6
{0.0064737343606841,0.8497491067408445,0.1502508551399657,-0.620298763671062,0.3878773233898244,1.2324214270253755,0.26547895602873384,0.9367978721153074,0.06320212788469268,0.693334762911822,0.43422516855254123,-0.1275599314643639,0.2043026860898889,2.0846479795882416,-0.4718041624815784,0.42446755023479,1.0789135646622237,0.9270677917109942,0.5152666549099167,1.0715592047030444,-0.1547155682222185,1.396577991191744,-1.4169000062967112,1.5835166168698749,-0.2636312775015085,0.7686070036434697,0.4405053539947667,0.05451886408187094,2.8283763706284297,-3.8506378006119717,1.821118559163182,0.20114277720605184,-2.882810200425521,3.924755401707003,-0.9382918206437344,-0.10365324572078911,-1.828376694157474,3.850638031720299,-1.8211183015653931,-0.20114295935535098,2.3248101087144293,-3.1650678770767477,-0.4910181013736088,1.3312756263625471}]
Set[{A021,A031,A032,A041,A042,A043,A121,A131,A132,A141,A142,A143,B021,B031,B032,B041,B042,B043,B121,B131,B132,B141,B142,B143,\[Alpha]1,\[Alpha]2,\[Alpha]3,\[Alpha]4,\[Beta]11,\[Beta]12,\[Beta]13,\[Beta]14,\[Beta]21,\[Beta]22,\[Beta]23,\[Beta]24,\[Beta]31,\[Beta]32,\[Beta]33,\[Beta]34,\[Beta]41,\[Beta]42,\[Beta]43,\[Beta]44},{0.0064737343606841,0.8497491067408445,0.1502508551399657,-0.620298763671062,0.3878773233898244,1.2324214270253755,0.26547895602873384,0.9367978721153074,0.06320212788469268,0.693334762911822,0.43422516855254123,-0.1275599314643639,0.2043026860898889,2.0846479795882416,-0.4718041624815784,0.42446755023479,1.0789135646622237,0.9270677917109942,0.5152666549099167,1.0715592047030444,-0.1547155682222185,1.396577991191744,-1.4169000062967112,1.5835166168698749,-0.2636312775015085,0.7686070036434697,0.4405053539947667,0.05451886408187094,2.8283763706284297,-3.8506378006119717,1.821118559163182,0.20114277720605184,-2.882810200425521,3.924755401707003,-0.9382918206437344,-0.10365324572078911,-1.828376694157474,3.850638031720299,-1.8211183015653931,-0.20114295935535098,2.3248101087144293,-3.1650678770767477,-0.4910181013736088,1.3312756263625471}]


-----------------Final Result------------------
Options: alg=LN_AUGLAG_EQ,dx=0.01,max_eval=100000000,popSize=0
imin=-12,jmin=-1,imax=1,jmax=1,
parameter_minmax=5,
randSeed=93225166,rand_minmax=2,
END_C=true, INEQ_C=false

3997229 steps

Completed with maxf : 9.650486996225636

Constraints at 6.538487067997423e-6

x = [0.0064737343606841,0.8497491067408445,0.1502508551399657,-0.620298763671062,0.3878773233898244,1.2324214270253755,0.26547895602873384,0.9367978721153074,0.06320212788469268,0.693334762911822,0.43422516855254123,-0.1275599314643639,0.2043026860898889,2.0846479795882416,-0.4718041624815784,0.42446755023479,1.0789135646622237,0.9270677917109942,0.5152666549099167,1.0715592047030444,-0.1547155682222185,1.396577991191744,-1.4169000062967112,1.5835166168698749,-0.2636312775015085,0.7686070036434697,0.4405053539947667,0.05451886408187094,2.8283763706284297,-3.8506378006119717,1.821118559163182,0.20114277720605184,-2.882810200425521,3.924755401707003,-0.9382918206437344,-0.10365324572078911,-1.828376694157474,3.850638031720299,-1.8211183015653931,-0.20114295935535098,2.3248101087144293,-3.1650678770767477,-0.4910181013736088,1.3312756263625471]
c0 = [0.0,0.0064737343606841,0.9999999618808102,0.9999999867441379]
c1 = [0.0,0.26547895602873384,1.0,0.9999999999999992]
A0 = [0.0,0.0064737343606841,0.8497491067408445,-0.620298763671062,0.0,0.0,0.1502508551399657,0.3878773233898244,0.0,0.0,0.0,1.2324214270253755,0.0,0.0,0.0,0.0]
A1 = [0.0,0.26547895602873384,0.9367978721153074,0.693334762911822,0.0,0.0,0.06320212788469268,0.43422516855254123,0.0,0.0,0.0,-0.1275599314643639,0.0,0.0,0.0,0.0]
B0 = [0.0,0.2043026860898889,2.0846479795882416,0.42446755023479,0.0,0.0,-0.4718041624815784,1.0789135646622237,0.0,0.0,0.0,0.9270677917109942,0.0,0.0,0.0,0.0]
B1 = [0.0,0.5152666549099167,1.0715592047030444,1.396577991191744,0.0,0.0,-0.1547155682222185,-1.4169000062967112,0.0,0.0,0.0,1.5835166168698749,0.0,0.0,0.0,0.0]
α  = [-0.2636312775015085,0.7686070036434697,0.4405053539947667,0.05451886408187094]
β1 = [2.8283763706284297,-3.8506378006119717,1.821118559163182,0.20114277720605184]
β2 = [-2.882810200425521,3.924755401707003,-0.9382918206437344,-0.10365324572078911]
β3 = [-1.828376694157474,3.850638031720299,-1.8211183015653931,-0.20114295935535098]
β4 = [2.3248101087144293,-3.1650678770767477,-0.4910181013736088,1.3312756263625471]


Set[{A021,A031,A032,A041,A042,A043,A121,A131,A132,A141,A142,A143,B021,B031,B032,B041,B042,B043,B121,B131,B132,B141,B142,B143,\[Alpha]1,\[Alpha]2,\[Alpha]3,\[Alpha]4,\[Beta]11,\[Beta]12,\[Beta]13,\[Beta]14,\[Beta]21,\[Beta]22,\[Beta]23,\[Beta]24,\[Beta]31,\[Beta]32,\[Beta]33,\[Beta]34,\[Beta]41,\[Beta]42,\[Beta]43,\[Beta]44},{0.0064737343606841,0.8497491067408445,0.1502508551399657,-0.620298763671062,0.3878773233898244,1.2324214270253755,0.26547895602873384,0.9367978721153074,0.06320212788469268,0.693334762911822,0.43422516855254123,-0.1275599314643639,0.2043026860898889,2.0846479795882416,-0.4718041624815784,0.42446755023479,1.0789135646622237,0.9270677917109942,0.5152666549099167,1.0715592047030444,-0.1547155682222185,1.396577991191744,-1.4169000062967112,1.5835166168698749,-0.2636312775015085,0.7686070036434697,0.4405053539947667,0.05451886408187094,2.8283763706284297,-3.8506378006119717,1.821118559163182,0.20114277720605184,-2.882810200425521,3.924755401707003,-0.9382918206437344,-0.10365324572078911,-1.828376694157474,3.850638031720299,-1.8211183015653931,-0.20114295935535098,2.3248101087144293,-3.1650678770767477,-0.4910181013736088,1.3312756263625471}]



