
-----------------Setup------------------
Options: alg=LN_AUGLAG_EQ,dx=0.01,max_eval=100000000,popSize=0
imin=-12,jmin=-1,imax=1,jmax=1,
parameter_minmax=5,
randSeed=85225914, rand_minmax=3,
END_C=true, INEQ_C=false

Initial Condition:

[0.302122,-1.77653,-0.415539,0.816327,2.28871,-1.03292,2.6609,1.59544,-2.98451,-2.41164,1.63699,2.60183,0.14256,-0.464192,-2.39018,-1.08755,-0.686451,1.32599,0.261341,-0.0952553,-1.95929,-2.39654,-1.81778,-1.82476,1.07136,-1.06646,1.9727,1.32327,-0.393546,0.406845,0.744975,-1.78443,0.557527,2.8876,-1.00421,1.02456,-1.82159,0.535981,1.56343,0.560395,-1.44592,1.66858,-1.8473,2.63989]

f_1([0.61692,0.627823,-0.303399,-0.947922,0.378365,0.57031,0.0362846,0.178558,-0.132618,0.319959,-0.819634,0.548839,0.865763,1.08075,-0.478889,-1.35875,-1.46472,1.55704,-0.371394,-0.658352,-0.609909,0.228825,-0.323696,1.02672,0.247859,-2.40612,2.44591,0.309849,2.80433,-0.624273,0.560514,-2.58403,-1.34302,3.60476,-2.0639,-0.606704,-2.10115,-0.770093,0.155585,3.45896,-1.07568,1.01402,-1.60552,2.092])
13.931870241413991
Max g: 4.1475919386315105
f_2([0.624096,0.621796,-0.207019,-0.940863,0.385116,0.555754,0.0622898,0.168536,-0.106545,0.347348,-0.797347,0.450003,0.795751,1.0309,-0.437346,-1.3254,-1.42615,1.50319,-0.386038,-0.666355,-0.56328,0.259945,-0.341352,1.05723,0.259582,-2.45717,2.44616,0.238744,2.80294,-0.584681,0.539745,-2.55775,-1.31565,3.5691,-2.04571,-0.423071,-2.14587,-0.780386,0.128366,3.47437,-1.11873,0.950047,-1.58973,2.04344])
16.772769511397662
Max g: 4.38622157362056
f_3([0.598383,0.59589,-0.156882,-0.938372,0.386174,0.552286,0.0725075,0.166723,-0.0915464,0.345964,-0.791926,0.454573,0.79364,1.02849,-0.416505,-1.35797,-1.41588,1.49918,-0.396514,-0.677217,-0.581378,0.278076,-0.502749,1.04859,0.265769,-2.45522,2.45385,0.196382,2.81045,-0.590461,0.540873,-2.56082,-1.32437,3.69625,-2.01852,-0.399385,-2.17385,-0.784956,0.130673,3.49673,-1.11878,0.935423,-1.57892,2.05107])
18.554980669289986
Max g: 3.4572844794554896
f_4([0.0121898,-0.410898,0.444685,-0.849455,0.92667,0.65661,0.0965968,0.185784,-0.0087918,0.631,-1.01696,0.386122,0.394034,1.08829,-0.265519,-1.22733,-1.40762,1.50121,-0.62761,-0.594841,-0.327825,0.496332,-1.08575,0.563014,0.105215,-2.55682,3.10156,0.227131,2.6006,-1.2828,0.74682,-0.382112,-0.376903,3.52158,-2.37692,-0.43974,-0.104797,-0.923091,0.232472,1.06302,-1.85162,-0.220887,1.0258,1.65237])
7.5455390227953245
Max g: 0.952152138715359
f_5([0.0742896,-0.127739,0.378229,-0.625115,0.7801,0.45644,1.0,0.684262,-0.00754673,0.890125,-0.558088,0.667964,0.111669,0.501332,0.0263557,-1.56237,-1.58257,1.03722,-1.46173,-1.23682,0.0201998,-1.50145,-1.2055,0.560721,0.183999,-2.3297,2.98169,0.155243,0.652514,0.697699,-0.351128,-0.0213028,1.03024,2.85969,-3.90875,-0.0942929,0.225049,-1.05346,0.802127,0.0357757,0.166257,-1.50411,0.277873,1.02255])
11.732467562265537
Max g: 0.5251223103962622
f_6([0.997761,0.26694,0.733063,-0.49421,0.919928,0.574251,0.999985,0.595937,-0.0351185,0.75263,-0.586858,0.665367,0.195131,0.545628,0.0727926,-1.55011,-1.64428,0.972557,-1.6356,-1.40568,-0.0649394,-1.78734,-1.24649,0.483087,0.515878,-2.38307,2.7566,0.108708,1.18175,1.88848,-2.18084,0.101096,1.4229,2.28718,-4.10659,0.426348,-0.250063,-2.06644,2.43406,-0.113302,0.436947,-0.431771,-0.736298,0.733762])
2.235394893327368
Max g: 0.338451036821966
f_7([0.993035,0.283597,0.716394,-0.494887,0.920658,0.574069,0.999998,0.603636,-0.0199905,0.751236,-0.584661,0.647717,0.207805,0.550113,0.0757703,-1.53358,-1.65612,0.9525,-1.38084,-1.25945,-0.186878,-1.27057,-1.59813,0.14252,0.527579,-2.39509,2.75936,0.104196,1.25093,2.46825,-3.07449,0.369814,1.23865,1.86406,-3.60476,0.537211,-0.275961,-2.52078,3.15925,-0.380853,0.554101,0.178975,-1.31714,0.600832])
2.2369857094236734
Max g: 0.2306466079131928
f_8([0.994922,0.297409,0.702533,-0.494254,0.913724,0.580565,1.00001,0.62659,0.00851775,0.760044,-0.573401,0.647669,0.217238,0.564203,0.0672839,-1.52965,-1.66642,0.952459,-1.21129,-1.12119,-0.332491,-0.786018,-1.80799,-0.141015,0.524062,-2.39699,2.76731,0.102036,1.11751,2.75558,-3.41601,0.562393,1.05072,1.67898,-3.30016,0.602766,-0.123955,-2.76001,3.42933,-0.565689,0.54192,0.451743,-1.61858,0.642702])
2.2391730815560935
Max g: 0.19920376662463757
f_9([0.991791,0.310955,0.689031,-0.493002,0.910902,0.582105,0.999998,0.642339,0.0376322,0.779206,-0.562068,0.63612,0.227156,0.567394,0.0707641,-1.53184,-1.66334,0.948774,-1.12054,-1.01604,-0.468909,-0.479498,-1.91162,-0.350867,0.52926,-2.39688,2.76355,0.0990629,0.966767,2.90187,-3.54129,0.691576,0.920599,1.63116,-3.18225,0.661003,0.0316563,-2.88661,3.52442,-0.689186,0.496218,0.608749,-1.77687,0.691827])
2.2551806685251683
Max g: 0.17328620986166066
f_10([0.990741,0.323672,0.676328,-0.495164,0.912034,0.583116,1.0,0.65297,0.0608179,0.798175,-0.554554,0.625002,0.244064,0.571711,0.0773951,-1.5362,-1.66809,0.945386,-1.07061,-0.940503,-0.579651,-0.302525,-1.96433,-0.490592,0.533949,-2.39486,2.76314,0.0941874,0.846256,2.98059,-3.58565,0.776568,0.830982,1.63448,-3.14519,0.710152,0.152556,-2.95812,3.55858,-0.771634,0.449032,0.698333,-1.85477,0.727417])
2.2657198251631927
{0.9907407777660165,0.3236724210090136,0.6763283991835022,-0.4951635563951269,0.9120343784946765,0.58311571474923,1.0000007680201128,0.6529699166762645,0.06081794397869765,0.7981753166744404,-0.5545543729204406,0.6250018985349677,0.244064444687942,0.5717111259852103,0.07739508721949369,-1.5362033948516232,-1.668091798176576,0.9453860789373156,-1.0706091781451352,-0.940503078289992,-0.5796507553552901,-0.30252481646905977,-1.9643319457044583,-0.49059170079302133,0.5339488115237506,-2.3948616477746727,2.7631402717026,0.09418736127614225,0.8462564610546609,2.9805885438737625,-3.585647580084787,0.776568477988478,0.8309819806229707,1.6344793701113007,-3.1451854722758243,0.7101524907294579,0.1525555692433965,-2.9581207771294578,3.558584192077782,-0.7716342345142618,0.4490315205306996,0.6983325593559121,-1.8547749252942323,0.7274167028616451}]
Set[{A021,A031,A032,A041,A042,A043,A121,A131,A132,A141,A142,A143,B021,B031,B032,B041,B042,B043,B121,B131,B132,B141,B142,B143,\[Alpha]1,\[Alpha]2,\[Alpha]3,\[Alpha]4,\[Beta]11,\[Beta]12,\[Beta]13,\[Beta]14,\[Beta]21,\[Beta]22,\[Beta]23,\[Beta]24,\[Beta]31,\[Beta]32,\[Beta]33,\[Beta]34,\[Beta]41,\[Beta]42,\[Beta]43,\[Beta]44},{0.9907407777660165,0.3236724210090136,0.6763283991835022,-0.4951635563951269,0.9120343784946765,0.58311571474923,1.0000007680201128,0.6529699166762645,0.06081794397869765,0.7981753166744404,-0.5545543729204406,0.6250018985349677,0.244064444687942,0.5717111259852103,0.07739508721949369,-1.5362033948516232,-1.668091798176576,0.9453860789373156,-1.0706091781451352,-0.940503078289992,-0.5796507553552901,-0.30252481646905977,-1.9643319457044583,-0.49059170079302133,0.5339488115237506,-2.3948616477746727,2.7631402717026,0.09418736127614225,0.8462564610546609,2.9805885438737625,-3.585647580084787,0.776568477988478,0.8309819806229707,1.6344793701113007,-3.1451854722758243,0.7101524907294579,0.1525555692433965,-2.9581207771294578,3.558584192077782,-0.7716342345142618,0.4490315205306996,0.6983325593559121,-1.8547749252942323,0.7274167028616451}]

Max g: 0.15483498163400522
f_11([0.987437,0.33507,0.66493,-0.493184,0.912734,0.58045,1.0,0.664132,0.0795465,0.812212,-0.54672,0.61618,0.263774,0.577644,0.0846201,-1.53904,-1.66843,0.941781,-1.03835,-0.876653,-0.684707,-0.17735,-2.00038,-0.606446,0.53996,-2.3974,2.76343,0.0889538,0.739696,3.03792,-3.60499,0.844544,0.75018,1.65481,-3.13157,0.755603,0.258901,-3.01293,3.57436,-0.838243,0.400647,0.765833,-1.90256,0.755462])
2.274270461680835
Max g: 0.13799359719438298
f_12([0.985979,0.342793,0.657208,-0.492751,0.908155,0.584594,1.0,0.678307,0.0940969,0.82761,-0.541244,0.607478,0.28388,0.582855,0.0926641,-1.54125,-1.67159,0.939232,-1.01226,-0.815166,-0.788893,-0.0792572,-2.03048,-0.707489,0.543854,-2.39608,2.76405,0.0838687,0.636847,3.08973,-3.61338,0.902706,0.67339,1.68762,-3.1309,0.798523,0.361136,-3.06172,3.57739,-0.894531,0.35286,0.822793,-1.93353,0.77796])
2.275165295735007
Max g: 0.1253436632974404
f_13([0.981495,0.367965,0.632035,-0.519405,0.753006,0.766376,1.0,0.715285,0.128863,0.861355,-0.526477,0.601359,0.290742,0.602974,0.0726589,-1.53365,-1.72589,0.950215,-1.00855,-0.739474,-0.899147,0.0458222,-2.01823,-0.79943,0.545853,-2.42121,2.79566,0.0802858,0.485237,3.0852,-3.5177,0.951763,0.481744,1.80518,-3.13809,0.854832,0.514674,-3.07792,3.50965,-0.949863,0.243703,0.841361,-1.89568,0.812031])
2.303700559462488
Max g: 0.09208941544967386
f_14([0.979586,0.377239,0.622762,-0.520856,0.753358,0.767496,1.0,0.731174,0.145816,0.882088,-0.517882,0.587293,0.321634,0.616062,0.0802848,-1.53551,-1.72742,0.945889,-0.994716,-0.677372,-1.02988,0.099964,-2.05037,-0.889075,0.549216,-2.41959,2.79703,0.0733764,0.377055,3.10454,-3.47982,1.00157,0.389248,1.88598,-3.19396,0.921532,0.623438,-3.09842,3.47311,-0.999878,0.18766,0.87163,-1.87963,0.821491])
2.2940562368786352
Max g: 0.07450835476741002
f_15([0.978763,0.389419,0.610581,-0.521695,0.751564,0.770131,1.0,0.745289,0.16175,0.899769,-0.508399,0.574148,0.353865,0.63041,0.0874454,-1.53839,-1.72685,0.943774,-0.982208,-0.611632,-1.15823,0.147721,-2.07549,-0.976358,0.551923,-2.41967,2.80085,0.0666901,0.281001,3.12802,-3.44852,1.04162,0.303731,1.95733,-3.2358,0.976805,0.719306,-3.12217,3.44288,-1.04023,0.137515,0.89548,-1.85874,0.825894])
2.2909740306920434
Max g: 0.058478851541004295
f_16([0.97876,0.39729,0.60271,-0.523214,0.752242,0.770973,1.0,0.762636,0.172007,0.913337,-0.499533,0.564352,0.379537,0.640879,0.0938893,-1.53765,-1.72764,0.941827,-0.971024,-0.543478,-1.28395,0.191001,-2.09832,-1.05825,0.551964,-2.41889,2.80584,0.0618383,0.194779,3.15483,-3.42503,1.07611,0.224624,2.0198,-3.26642,1.02336,0.805501,-3.14949,3.41852,-1.07412,0.0932275,0.914945,-1.83499,0.826946])
2.282821098198477
Max g: 0.043512412724047045
f_17([0.977599,0.404249,0.595751,-0.522345,0.751759,0.770561,1.0,0.773364,0.18286,0.923934,-0.493883,0.557482,0.398681,0.650145,0.0977387,-1.53695,-1.72651,0.942832,-0.964085,-0.486178,-1.38825,0.224121,-2.11632,-1.12502,0.553644,-2.41957,2.80742,0.0582604,0.129036,3.17909,-3.40845,1.10063,0.161428,2.06972,-3.28756,1.05738,0.870975,-3.17297,3.40154,-1.09849,0.0577015,0.930503,-1.81467,0.825763])
2.283914784264687
Max g: 0.03130777485732095
f_18([0.977086,0.410156,0.589844,-0.523107,0.752558,0.770549,1.0,0.786074,0.188513,0.929517,-0.486389,0.552636,0.414273,0.656683,0.10207,-1.53652,-1.72736,0.942586,-0.958089,-0.43547,-1.47772,0.250768,-2.13115,-1.18112,0.556029,-2.4196,2.80815,0.0554296,0.0744395,3.20234,-3.39629,1.1193,0.109171,2.11117,-3.30237,1.0831,0.9254,-3.19371,3.38544,-1.11583,0.0293704,0.94192,-1.79516,0.822946])
2.2837159322526492
Max g: 0.021177750628754155
f_19([0.976618,0.414143,0.585857,-0.522373,0.75206,0.770313,1.0,0.796389,0.191837,0.933746,-0.481554,0.547808,0.425637,0.662364,0.104232,-1.53585,-1.72806,0.942378,-0.953801,-0.393857,-1.55032,0.271457,-2.14296,-1.22598,0.557284,-2.41867,2.80843,0.0533645,0.0319038,3.22149,-3.38597,1.13245,0.0665551,2.14489,-3.31329,1.10224,0.968107,-3.21135,3.37399,-1.12861,0.00720871,0.951237,-1.77955,0.81999])
2.2840142102707066
Max g: 0.012624138143511099
f_20([0.976103,0.422158,0.577842,-0.52114,0.75063,0.77051,1.0,0.804599,0.194788,0.93525,-0.477384,0.54213,0.432457,0.666876,0.104741,-1.53843,-1.7267,0.946736,-0.968506,-0.3684,-1.6371,0.276962,-2.16673,-1.28326,0.558368,-2.41933,2.80897,0.0521618,-0.00405883,3.23269,-3.37618,1.14667,0.0194936,2.18929,-3.33851,1.13017,1.00259,-3.22498,3.36654,-1.14346,-0.0142578,0.950722,-1.74287,0.806459])
2.2911728827040814
{0.9761027428344894,0.4221581474715429,0.5778418525284577,-0.5211402927234644,0.7506300066390966,0.7705102860843683,0.9999999999999937,0.804599160807216,0.19478848291890238,0.9352496533930914,-0.47738414769437176,0.5421295169740445,0.432456538637241,0.6668764496502372,0.10474063899193846,-1.5384346309932968,-1.726698842620864,0.9467356775370233,-0.9685061646695725,-0.36840032533121325,-1.637100583159552,0.2769623340756759,-2.166730265379008,-1.2832573959237998,0.558367924239487,-2.419328873402599,2.808972531973234,0.05216176539600175,-0.004058832479148404,3.232689160556127,-3.376176596795335,1.1466687479008828,0.019493562268092537,2.1892935015722506,-3.3385099704769066,1.130174061607024,1.0025855430675306,-3.224977928366142,3.3665398037250864,-1.1434608253874308,-0.014257785324300177,0.9507221933701637,-1.7428734631229517,0.8064590930721993}]
Set[{A021,A031,A032,A041,A042,A043,A121,A131,A132,A141,A142,A143,B021,B031,B032,B041,B042,B043,B121,B131,B132,B141,B142,B143,\[Alpha]1,\[Alpha]2,\[Alpha]3,\[Alpha]4,\[Beta]11,\[Beta]12,\[Beta]13,\[Beta]14,\[Beta]21,\[Beta]22,\[Beta]23,\[Beta]24,\[Beta]31,\[Beta]32,\[Beta]33,\[Beta]34,\[Beta]41,\[Beta]42,\[Beta]43,\[Beta]44},{0.9761027428344894,0.4221581474715429,0.5778418525284577,-0.5211402927234644,0.7506300066390966,0.7705102860843683,0.9999999999999937,0.804599160807216,0.19478848291890238,0.9352496533930914,-0.47738414769437176,0.5421295169740445,0.432456538637241,0.6668764496502372,0.10474063899193846,-1.5384346309932968,-1.726698842620864,0.9467356775370233,-0.9685061646695725,-0.36840032533121325,-1.637100583159552,0.2769623340756759,-2.166730265379008,-1.2832573959237998,0.558367924239487,-2.419328873402599,2.808972531973234,0.05216176539600175,-0.004058832479148404,3.232689160556127,-3.376176596795335,1.1466687479008828,0.019493562268092537,2.1892935015722506,-3.3385099704769066,1.130174061607024,1.0025855430675306,-3.224977928366142,3.3665398037250864,-1.1434608253874308,-0.014257785324300177,0.9507221933701637,-1.7428734631229517,0.8064590930721993}]

Max g: 0.015638880819633494
f_21([0.975538,0.42274,0.577259,-0.520868,0.750831,0.770035,1.0,0.807294,0.192706,0.93178,-0.477086,0.542535,0.430278,0.666448,0.103847,-1.5371,-1.72665,0.946531,-0.976599,-0.369874,-1.65579,0.270997,-2.17454,-1.29375,0.55913,-2.41961,2.8079,0.0525179,-0.00734795,3.23011,-3.37401,1.15064,0.0087617,2.2034,-3.35257,1.14048,1.00625,-3.22465,3.36732,-1.14842,-0.0181223,0.937816,-1.71771,0.797614])
2.29355910684854
Max g: 0.015507360009288651
f_22([0.97536,0.423413,0.576587,-0.520685,0.75058,0.770104,0.998451,0.809389,0.190169,0.929832,-0.475978,0.544474,0.426043,0.665075,0.102447,-1.53712,-1.72668,0.946881,-0.980373,-0.376799,-1.65712,0.260397,-2.17773,-1.2895,0.559501,-2.41969,2.80688,0.0532229,-0.00686909,3.22764,-3.37273,1.15222,0.00577286,2.20996,-3.36146,1.146,1.00623,-3.22371,3.36788,-1.1506,-0.0159603,0.921698,-1.69704,0.790961])
2.3001212232458004
Max g: 0.013623720687361784
f_23([0.975228,0.423425,0.576574,-0.520742,0.750768,0.769961,0.998237,0.811505,0.188212,0.927927,-0.475158,0.545809,0.423082,0.664058,0.10154,-1.53735,-1.72676,0.946842,-0.982317,-0.382496,-1.65614,0.251266,-2.17948,-1.28372,0.559971,-2.41985,2.80617,0.0537184,-0.00762072,3.22619,-3.37194,1.15345,0.00346609,2.21333,-3.36573,1.14917,1.00717,-3.22346,3.3685,-1.1523,-0.0139588,0.909189,-1.68167,0.786258])
2.3042971154986023
Max g: 0.011532663663659348
f_24([0.975119,0.423406,0.576594,-0.520571,0.750721,0.769837,0.998265,0.813114,0.186885,0.926589,-0.474518,0.546821,0.420934,0.663339,0.100862,-1.53707,-1.72666,0.946741,-0.984308,-0.387459,-1.65553,0.243924,-2.18129,-1.27953,0.560202,-2.41972,2.80543,0.0540855,-0.0079315,3.22516,-3.3717,1.15447,0.00164571,2.21597,-3.36906,1.15164,1.00761,-3.2233,3.36932,-1.15367,-0.0125629,0.899352,-1.66925,0.782292])
2.305987357600927
Max g: 0.009970456149734075
f_25([0.97499,0.42348,0.57652,-0.52063,0.750742,0.769877,0.998063,0.814176,0.185824,0.925554,-0.474186,0.547573,0.41926,0.662862,0.100263,-1.53728,-1.7266,0.946726,-0.986139,-0.392018,-1.65503,0.237186,-2.18299,-1.27576,0.560521,-2.41985,2.80498,0.0543598,-0.00828049,3.22458,-3.37173,1.15546,-9.81423e-5,2.21833,-3.37198,1.15385,1.00805,-3.22327,3.37012,-1.15492,-0.0112288,0.890255,-1.65774,0.778587])
2.307777025709271
Max g: 0.008552851776035764
f_26([0.974869,0.423578,0.576422,-0.520508,0.750762,0.769742,0.997871,0.815017,0.184983,0.924638,-0.473694,0.548128,0.418086,0.662415,0.0999737,-1.53724,-1.72654,0.946839,-0.987734,-0.396091,-1.6544,0.231262,-2.18444,-1.27236,0.560823,-2.41992,2.80455,0.0545583,-0.00853856,3.22427,-3.37209,1.15641,-0.00141141,2.22022,-3.37441,1.1557,1.00842,-3.22332,3.37091,-1.15601,-0.0100101,0.881999,-1.64735,0.775233])
2.3106603798838248
Max g: 0.00728569546095531
f_27([0.974808,0.423624,0.576376,-0.520515,0.750846,0.769664,0.997771,0.81553,0.18447,0.924121,-0.473465,0.548497,0.417255,0.662122,0.0997336,-1.53726,-1.72657,0.9469,-0.989057,-0.399373,-1.65381,0.226698,-2.18558,-1.26978,0.560985,-2.42004,2.80437,0.0546963,-0.00861007,3.224,-3.37244,1.15711,-0.00234991,2.22153,-3.37616,1.15705,1.00853,-3.22338,3.37169,-1.15685,-0.00904518,0.875671,-1.63936,0.772618])
2.311853491956054
Max g: 0.006319466976284993
f_28([0.974759,0.423653,0.576348,-0.52053,0.750884,0.769646,0.997706,0.81591,0.18409,0.923729,-0.473321,0.548808,0.416623,0.66194,0.0995134,-1.53715,-1.72657,0.946927,-0.990291,-0.402412,-1.65321,0.222548,-2.18668,-1.26733,0.561132,-2.42008,2.80417,0.0548045,-0.0086022,3.22381,-3.37296,1.15782,-0.00315027,2.22261,-3.37763,1.15824,1.00861,-3.22348,3.37257,-1.15769,-0.00812031,0.869761,-1.63194,0.770195])
2.31225119598013
Max g: 0.0054205267592382644
f_29([0.974715,0.423685,0.576315,-0.520579,0.750891,0.769688,0.99764,0.816265,0.183735,0.923399,-0.473237,0.549122,0.416106,0.661789,0.0993332,-1.53718,-1.72667,0.946903,-0.991437,-0.405253,-1.65257,0.218749,-2.1876,-1.26523,0.561212,-2.42011,2.80404,0.0548917,-0.0086473,3.22378,-3.3735,1.1584,-0.00381686,2.22349,-3.37883,1.15919,1.00862,-3.22361,3.37332,-1.15834,-0.00728573,0.864547,-1.62534,0.767993])
2.313146030034302
Max g: 0.0046095435483011205
f_30([0.974672,0.423643,0.576357,-0.520534,0.750878,0.769655,0.997586,0.816494,0.183506,0.923123,-0.473112,0.549334,0.415646,0.661708,0.099115,-1.53711,-1.72666,0.946953,-0.992463,-0.407821,-1.65202,0.215218,-2.18836,-1.2633,0.56134,-2.42023,2.80396,0.0549672,-0.00868943,3.22377,-3.37404,1.15898,-0.0044301,2.22419,-3.37978,1.16005,1.00868,-3.22367,3.37396,-1.15896,-0.00655394,0.859783,-1.61931,0.765997])
2.3136431600643976
{0.9746718522658007,0.42364280633321283,0.5763570689503722,-0.5205339536799125,0.7508776988131628,0.7696550944539474,0.9975864160189996,0.8164940866126471,0.18350595862981176,0.923122726338826,-0.4731116446040514,0.5493341420053397,0.41564553283855804,0.6617077212842215,0.09911497792659199,-1.537114204905091,-1.7266640155571238,0.9469531803271286,-0.9924631564458836,-0.40782066689566343,-1.6520236116540428,0.21521802371851134,-2.188364843252955,-1.2633039130376615,0.5613397671331484,-2.4202294357465894,2.8039550487794025,0.054967247137858166,-0.008689430262195234,3.22376872802926,-3.374037269396739,1.1589825389473205,-0.0044301009827565335,2.2241889984707006,-3.3797800376891405,1.160050157022307,1.008681682618325,-3.2236735664326814,3.3739582793285696,-1.1589567217070516,-0.006553938143094895,0.8597832972439406,-1.6193068876815027,0.7659969069467013}]
Set[{A021,A031,A032,A041,A042,A043,A121,A131,A132,A141,A142,A143,B021,B031,B032,B041,B042,B043,B121,B131,B132,B141,B142,B143,\[Alpha]1,\[Alpha]2,\[Alpha]3,\[Alpha]4,\[Beta]11,\[Beta]12,\[Beta]13,\[Beta]14,\[Beta]21,\[Beta]22,\[Beta]23,\[Beta]24,\[Beta]31,\[Beta]32,\[Beta]33,\[Beta]34,\[Beta]41,\[Beta]42,\[Beta]43,\[Beta]44},{0.9746718522658007,0.42364280633321283,0.5763570689503722,-0.5205339536799125,0.7508776988131628,0.7696550944539474,0.9975864160189996,0.8164940866126471,0.18350595862981176,0.923122726338826,-0.4731116446040514,0.5493341420053397,0.41564553283855804,0.6617077212842215,0.09911497792659199,-1.537114204905091,-1.7266640155571238,0.9469531803271286,-0.9924631564458836,-0.40782066689566343,-1.6520236116540428,0.21521802371851134,-2.188364843252955,-1.2633039130376615,0.5613397671331484,-2.4202294357465894,2.8039550487794025,0.054967247137858166,-0.008689430262195234,3.22376872802926,-3.374037269396739,1.1589825389473205,-0.0044301009827565335,2.2241889984707006,-3.3797800376891405,1.160050157022307,1.008681682618325,-3.2236735664326814,3.3739582793285696,-1.1589567217070516,-0.006553938143094895,0.8597832972439406,-1.6193068876815027,0.7659969069467013}]

Max g: 0.0038965274645396675
f_31([0.97466,0.423746,0.576254,-0.520537,0.750912,0.769625,0.997521,0.816719,0.183281,0.922929,-0.473026,0.549513,0.415381,0.66164,0.09901,-1.5372,-1.72662,0.946892,-0.99339,-0.41016,-1.6515,0.212089,-2.18919,-1.2615,0.561369,-2.42024,2.80389,0.0550096,-0.00872757,3.22388,-3.37465,1.15952,-0.00497662,2.22476,-3.38053,1.16076,1.00874,-3.22393,3.37474,-1.15956,-0.0058655,0.855459,-1.61383,0.764167])
2.3144385681125503
Max g: 0.0032268667878073143
f_32([0.974663,0.423863,0.576137,-0.520519,0.750916,0.769602,0.997446,0.816817,0.183183,0.922779,-0.472953,0.549655,0.415122,0.661507,0.0989653,-1.53717,-1.72666,0.946842,-0.994298,-0.412481,-1.65094,0.20904,-2.19001,-1.25971,0.561371,-2.42022,2.80382,0.0550542,-0.00883309,3.2241,-3.37531,1.16007,-0.00548708,2.2252,-3.38111,1.1614,1.00889,-3.22425,3.37554,-1.16016,-0.00520226,0.851306,-1.60858,0.762421])
2.3146374201245887
Max g: 0.0025812769424529702
f_33([0.974613,0.423912,0.576088,-0.520601,0.75095,0.769651,0.997304,0.816831,0.183169,0.922691,-0.472804,0.549737,0.415005,0.66138,0.0990225,-1.53719,-1.72672,0.946587,-0.995203,-0.414963,-1.65022,0.205722,-2.19077,-1.25774,0.561386,-2.42025,2.80376,0.0550579,-0.00898428,3.22449,-3.37612,1.16065,-0.00595488,2.2254,-3.38131,1.1619,1.00902,-3.22473,3.37644,-1.16076,-0.00449877,0.847159,-1.60336,0.760677])
2.315134550154684
Max g: 0.0019045419112211914
f_34([0.97463,0.423946,0.576054,-0.520628,0.751004,0.769623,0.997212,0.816887,0.183113,0.922584,-0.472683,0.549832,0.41487,0.661306,0.0990077,-1.53715,-1.72663,0.946545,-0.996134,-0.417657,-1.64929,0.202204,-2.1915,-1.25563,0.561375,-2.42016,2.8037,0.0550883,-0.00913065,3.2251,-3.37719,1.16126,-0.00636385,2.2253,-3.38116,1.16223,1.00918,-3.22534,3.37752,-1.16138,-0.00378884,0.842872,-1.59796,0.758847])
2.315333402166722
Max g: 0.001206488631755931
f_35([0.97462,0.423954,0.576046,-0.520593,0.75104,0.769554,0.997154,0.816932,0.183068,0.92259,-0.472671,0.549894,0.414807,0.661285,0.0989935,-1.53716,-1.72664,0.946564,-0.997027,-0.420014,-1.64854,0.199256,-2.19226,-1.25391,0.561385,-2.42013,2.80364,0.0550953,-0.00922567,3.22564,-3.37819,1.16181,-0.00673639,2.22524,-3.381,1.16251,1.00928,-3.22587,3.37851,-1.16192,-0.00319978,0.839283,-1.59338,0.757276])
2.3155322541787604
Max g: 0.0006453585068419421
f_36([0.974648,0.423956,0.576044,-0.52061,0.751047,0.769563,0.997113,0.816969,0.183031,0.922565,-0.472622,0.549932,0.414801,0.661294,0.0989746,-1.53717,-1.72666,0.946549,-0.997745,-0.421906,-1.64792,0.196934,-2.19283,-1.2526,0.561357,-2.4201,2.80364,0.0550993,-0.00927953,3.2261,-3.379,1.16221,-0.00700698,2.22513,-3.38081,1.16266,1.0093,-3.22632,3.37932,-1.16232,-0.00270412,0.836481,-1.58981,0.756029])
2.315830532196818
Max g: 0.0006554210826006379
f_37([0.974644,0.423965,0.576035,-0.52061,0.75102,0.769589,0.997071,0.816975,0.183025,0.92259,-0.47261,0.549961,0.414793,0.661266,0.098998,-1.53721,-1.72668,0.946559,-0.998404,-0.423648,-1.64734,0.194766,-2.19333,-1.25138,0.561363,-2.42009,2.80363,0.0550972,-0.00932127,3.22655,-3.3798,1.1626,-0.00722284,2.22501,-3.38061,1.16281,1.00938,-3.22676,3.38009,-1.1627,-0.00228575,0.833912,-1.58649,0.754874])
2.315830532196818
Max g: 0.000687085592914416
f_38([0.97464,0.423969,0.576031,-0.520616,0.751009,0.769607,0.997029,0.816989,0.183011,0.922589,-0.472581,0.549987,0.414785,0.661243,0.0990167,-1.53727,-1.72667,0.94655,-0.999034,-0.425315,-1.64678,0.192726,-2.19384,-1.25022,0.561356,-2.42008,2.80363,0.0550957,-0.00937583,3.22701,-3.38058,1.16298,-0.00743201,2.22486,-3.38037,1.16292,1.00941,-3.22721,3.38088,-1.16308,-0.00186469,0.831385,-1.58327,0.753752])
2.3159299582028368
Max g: 0.0007942817551852555
f_39([0.974642,0.423971,0.576029,-0.520584,0.750956,0.769623,0.997022,0.816995,0.183005,0.922607,-0.472559,0.549952,0.41475,0.661239,0.0990035,-1.53726,-1.72666,0.946524,-0.99951,-0.42656,-1.64636,0.191187,-2.19416,-1.24939,0.561349,-2.42007,2.80361,0.0551023,-0.00939162,3.22733,-3.38117,1.16324,-0.00756905,2.22472,-3.38018,1.163,1.00938,-3.22757,3.38149,-1.16336,-0.00151053,0.829588,-1.58094,0.752935])
2.3159299582028368
Max g: 0.0009185924171286608
f_40([0.974648,0.424012,0.575988,-0.520581,0.750967,0.769614,0.997024,0.816878,0.183122,0.922712,-0.472596,0.549884,0.414917,0.661333,0.0990145,-1.53727,-1.72667,0.946489,-0.999976,-0.427847,-1.64576,0.189783,-2.19449,-1.24859,0.561358,-2.42006,2.80363,0.0550714,-0.00941508,3.22797,-3.38209,1.16353,-0.00754761,2.22411,-3.37934,1.16275,1.00945,-3.22816,3.38233,-1.16361,-0.00132126,0.828243,-1.57917,0.75227])
2.3159299582028368
{0.9746478145586591,0.4240124707067582,0.5759875292932417,-0.5205812133325055,0.7509668248286995,0.7696143885038061,0.9970236281743462,0.8168781451772893,0.18312185482271112,0.9227118487587722,-0.4725955957192512,0.5498835348329155,0.4149174551050483,0.6613332034389517,0.09901450842557631,-1.5372672124756315,-1.7266689568829836,0.9464894481359022,-0.9999764644229525,-0.4278466548825356,-1.6457619602051228,0.1897834641164891,-2.1944895118041114,-1.2485859374446595,0.5613582292922286,-2.42005626029075,2.8036318631435253,0.05507137998507958,-0.009415081785362715,3.227966764351717,-3.3820858262631273,1.1635340924753046,-0.0075476141430695955,2.224111017314211,-3.379338451104864,1.1627534060557654,1.0094508079341005,-3.228163246265302,3.3823262650404855,-1.1636145677030085,-0.001321259328829387,0.8282431965443895,-1.5791711741118353,0.7522701000690912}]
Set[{A021,A031,A032,A041,A042,A043,A121,A131,A132,A141,A142,A143,B021,B031,B032,B041,B042,B043,B121,B131,B132,B141,B142,B143,\[Alpha]1,\[Alpha]2,\[Alpha]3,\[Alpha]4,\[Beta]11,\[Beta]12,\[Beta]13,\[Beta]14,\[Beta]21,\[Beta]22,\[Beta]23,\[Beta]24,\[Beta]31,\[Beta]32,\[Beta]33,\[Beta]34,\[Beta]41,\[Beta]42,\[Beta]43,\[Beta]44},{0.9746478145586591,0.4240124707067582,0.5759875292932417,-0.5205812133325055,0.7509668248286995,0.7696143885038061,0.9970236281743462,0.8168781451772893,0.18312185482271112,0.9227118487587722,-0.4725955957192512,0.5498835348329155,0.4149174551050483,0.6613332034389517,0.09901450842557631,-1.5372672124756315,-1.7266689568829836,0.9464894481359022,-0.9999764644229525,-0.4278466548825356,-1.6457619602051228,0.1897834641164891,-2.1944895118041114,-1.2485859374446595,0.5613582292922286,-2.42005626029075,2.8036318631435253,0.05507137998507958,-0.009415081785362715,3.227966764351717,-3.3820858262631273,1.1635340924753046,-0.0075476141430695955,2.224111017314211,-3.379338451104864,1.1627534060557654,1.0094508079341005,-3.228163246265302,3.3823262650404855,-1.1636145677030085,-0.001321259328829387,0.8282431965443895,-1.5791711741118353,0.7522701000690912}]

Max g: 0.00090594424400392
f_41([0.974649,0.42401,0.57599,-0.520587,0.750964,0.769622,0.997034,0.816829,0.183171,0.922779,-0.472608,0.549829,0.415018,0.661375,0.0990409,-1.53731,-1.72666,0.946529,-0.999863,-0.427587,-1.64576,0.1902,-2.19439,-1.24882,0.561349,-2.42006,2.80366,0.0550533,-0.00941985,3.22812,-3.38219,1.16348,-0.00741704,2.22378,-3.37889,1.1625,1.00945,-3.22828,3.38239,-1.16355,-0.00143695,0.828972,-1.58007,0.752552])
2.315731106190799
Max g: 0.0007982820362217868
f_42([0.974658,0.424013,0.575987,-0.520596,0.750963,0.769632,0.997042,0.81676,0.18324,0.922848,-0.472629,0.549781,0.415119,0.661417,0.0990645,-1.53731,-1.72667,0.946534,-0.999727,-0.427278,-1.64576,0.190675,-2.19427,-1.24908,0.561332,-2.42005,2.80369,0.055036,-0.00941675,3.22825,-3.38225,1.16342,-0.00728188,2.22351,-3.37852,1.16227,1.00944,-3.22837,3.38239,-1.16346,-0.00155442,0.82973,-1.58101,0.752854])
2.315731106190799
Max g: 0.000685366891811312
f_43([0.974657,0.424011,0.575988,-0.520593,0.75096,0.769632,0.997049,0.816706,0.183294,0.922911,-0.472649,0.549738,0.415213,0.661442,0.0991014,-1.5373,-1.72667,0.946523,-0.999601,-0.426987,-1.64578,0.191121,-2.19417,-1.24932,0.561332,-2.42005,2.80371,0.0550193,-0.00941913,3.22835,-3.38228,1.16335,-0.00716273,2.22326,-3.37817,1.16206,1.00943,-3.22844,3.38238,-1.16338,-0.00166189,0.830442,-1.5819,0.753137])
2.3154328281727414
Max g: 0.0005855712111836331
f_44([0.974658,0.424015,0.575984,-0.520587,0.750949,0.769637,0.997054,0.816662,0.183338,0.922963,-0.472663,0.5497,0.415281,0.661478,0.0991112,-1.5373,-1.72666,0.946511,-0.999478,-0.426706,-1.6458,0.191539,-2.19407,-1.24955,0.561328,-2.42005,2.80372,0.0550072,-0.00942058,3.22844,-3.38231,1.16329,-0.00705349,2.22304,-3.37788,1.16188,1.00943,-3.22851,3.38239,-1.16331,-0.00176151,0.831089,-1.58271,0.753398])
2.3154328281727414
Max g: 0.000489562100498997
f_45([0.974662,0.424025,0.575974,-0.520587,0.750946,0.76964,0.997061,0.81663,0.18337,0.922993,-0.472666,0.549673,0.415349,0.661498,0.0991343,-1.53728,-1.72667,0.946498,-0.999368,-0.426447,-1.64582,0.191929,-2.19398,-1.24976,0.561321,-2.42005,2.80374,0.0549955,-0.00942362,3.22851,-3.38232,1.16322,-0.00695237,2.22285,-3.37762,1.16171,1.00943,-3.22856,3.38238,-1.16325,-0.0018565,0.83169,-1.58346,0.753639])
2.3155322541787604
Max g: 0.00040637906015039693
f_46([0.974661,0.424029,0.575971,-0.520579,0.750938,0.76964,0.997064,0.816605,0.183395,0.923024,-0.472671,0.549647,0.415399,0.661506,0.0991619,-1.53729,-1.72667,0.946505,-0.999257,-0.426193,-1.64584,0.1923,-2.1939,-1.24995,0.561319,-2.42005,2.80374,0.0549863,-0.00942606,3.22857,-3.38232,1.16317,-0.00686422,2.22268,-3.37739,1.16157,1.00943,-3.22861,3.38236,-1.16318,-0.00194364,0.832241,-1.58415,0.753863])
2.3155322541787604
Max g: 0.00033090027293980473
f_47([0.974659,0.424033,0.575967,-0.52058,0.75094,0.76964,0.997068,0.816607,0.183393,0.923035,-0.472664,0.549629,0.415439,0.66153,0.099164,-1.53729,-1.72668,0.946505,-0.999157,-0.425957,-1.64587,0.192638,-2.19382,-1.25014,0.561326,-2.42005,2.80375,0.0549788,-0.00942641,3.22862,-3.38231,1.16311,-0.00678667,2.22254,-3.3772,1.16144,1.00944,-3.22865,3.38234,-1.16312,-0.00202089,0.832746,-1.58479,0.754069])
2.3154328281727414
Max g: 0.0002873069971993658
f_48([0.974659,0.424035,0.575965,-0.520581,0.750938,0.769643,0.99707,0.816613,0.183387,0.923039,-0.472659,0.549619,0.415465,0.661544,0.0991676,-1.53729,-1.72668,0.9465,-0.999085,-0.425785,-1.6459,0.192879,-2.19376,-1.25027,0.561326,-2.42005,2.80375,0.054974,-0.00942672,3.22864,-3.38229,1.16307,-0.0067331,2.22245,-3.37708,1.16135,1.00943,-3.22866,3.38231,-1.16308,-0.00207743,0.833103,-1.58524,0.754216])
2.3154328281727414
Max g: 0.00025813858113998833
f_49([0.974661,0.424041,0.575958,-0.520581,0.750936,0.769643,0.997064,0.816569,0.183417,0.923069,-0.472667,0.549598,0.415516,0.661563,0.0991824,-1.53727,-1.72667,0.946499,-0.998959,-0.425489,-1.64593,0.193303,-2.19366,-1.25048,0.561323,-2.42005,2.80376,0.0549663,-0.00941644,3.22866,-3.38225,1.16301,-0.00663269,2.22231,-3.37691,1.16123,1.00941,-3.22867,3.38227,-1.16301,-0.00216144,0.833693,-1.586,0.754469])
2.315333402166722
Max g: 0.0002019800164170249
f_50([0.974662,0.424046,0.575953,-0.520581,0.750936,0.769644,0.997064,0.816536,0.183445,0.923088,-0.47267,0.549581,0.415561,0.661569,0.0992069,-1.53727,-1.72667,0.946489,-0.99884,-0.425202,-1.64598,0.193694,-2.19356,-1.2507,0.561321,-2.42005,2.80377,0.0549581,-0.00941189,3.22868,-3.38221,1.16294,-0.00654855,2.2222,-3.37677,1.16111,1.00941,-3.22867,3.3822,-1.16294,-0.00224649,0.834242,-1.5867,0.7547])
2.3154328281727414
{0.974661748211343,0.4240461173926932,0.5759534487176425,-0.5205813267112327,0.7509364653395605,0.7696441594999076,0.9970640774162585,0.8165360399854692,0.18344507813242567,0.9230883581131206,-0.47266954438214837,0.5495811862690286,0.41556145801415895,0.6615688239345493,0.09920690272117144,-1.537272609123494,-1.7266660226415214,0.9464887863501957,-0.9988396186346471,-0.425202305399845,-1.6459803395342396,0.1936944542627522,-2.1935591671583072,-1.250701766895742,0.5613212036440188,-2.4200484917131524,2.80376889640525,0.05495813024994442,-0.009411892505932032,3.22868479808487,-3.382214427435983,1.1629413787361604,-0.006548546457675843,2.2222032764892075,-3.3767695480934146,1.1611129273341168,1.0094077289913854,-3.2286710782411094,3.3822003824743714,-1.1629370010919333,-0.0022464916487571892,0.8342421636576857,-1.5866951416243447,0.7547000450662331}]
Set[{A021,A031,A032,A041,A042,A043,A121,A131,A132,A141,A142,A143,B021,B031,B032,B041,B042,B043,B121,B131,B132,B141,B142,B143,\[Alpha]1,\[Alpha]2,\[Alpha]3,\[Alpha]4,\[Beta]11,\[Beta]12,\[Beta]13,\[Beta]14,\[Beta]21,\[Beta]22,\[Beta]23,\[Beta]24,\[Beta]31,\[Beta]32,\[Beta]33,\[Beta]34,\[Beta]41,\[Beta]42,\[Beta]43,\[Beta]44},{0.974661748211343,0.4240461173926932,0.5759534487176425,-0.5205813267112327,0.7509364653395605,0.7696441594999076,0.9970640774162585,0.8165360399854692,0.18344507813242567,0.9230883581131206,-0.47266954438214837,0.5495811862690286,0.41556145801415895,0.6615688239345493,0.09920690272117144,-1.537272609123494,-1.7266660226415214,0.9464887863501957,-0.9988396186346471,-0.425202305399845,-1.6459803395342396,0.1936944542627522,-2.1935591671583072,-1.250701766895742,0.5613212036440188,-2.4200484917131524,2.80376889640525,0.05495813024994442,-0.009411892505932032,3.22868479808487,-3.382214427435983,1.1629413787361604,-0.006548546457675843,2.2222032764892075,-3.3767695480934146,1.1611129273341168,1.0094077289913854,-3.2286710782411094,3.3822003824743714,-1.1629370010919333,-0.0022464916487571892,0.8342421636576857,-1.5866951416243447,0.7547000450662331}]

Max g: 0.00015151640819066614
f_51([0.974664,0.424052,0.575948,-0.520583,0.750936,0.769647,0.99706,0.816508,0.183465,0.923108,-0.472673,0.549566,0.415586,0.661576,0.0992155,-1.53727,-1.72667,0.946486,-0.998724,-0.424931,-1.64602,0.19407,-2.19347,-1.2509,0.561315,-2.42004,2.80378,0.054953,-0.00940806,3.22868,-3.38215,1.16287,-0.0064767,2.22211,-3.37665,1.16101,1.00941,-3.22867,3.38213,-1.16287,-0.0023211,0.834749,-1.58734,0.754915])
2.3154328281727414
Max g: 0.00010391987989599727
f_52([0.974664,0.424058,0.575942,-0.52058,0.750941,0.769639,0.997062,0.816493,0.183478,0.923121,-0.472676,0.549555,0.415602,0.661586,0.0992173,-1.53728,-1.72665,0.946489,-0.998621,-0.424684,-1.64607,0.194401,-2.19339,-1.25107,0.561315,-2.42004,2.80377,0.0549509,-0.00940357,3.22869,-3.3821,1.16282,-0.00640777,2.22204,-3.37656,1.16093,1.0094,-3.22866,3.38208,-1.16281,-0.00238633,0.835185,-1.5879,0.755105])
2.3154328281727414
Max g: 5.7110120487813276e-5
f_53([0.974665,0.424057,0.575943,-0.52058,0.750944,0.769636,0.997053,0.816488,0.183474,0.923122,-0.472679,0.549557,0.415601,0.661585,0.0992172,-1.53728,-1.72664,0.946492,-0.998553,-0.424526,-1.6461,0.194605,-2.19334,-1.25117,0.561314,-2.42004,2.80377,0.0549517,-0.00940343,3.22867,-3.38205,1.16278,-0.0063748,2.22202,-3.37654,1.1609,1.0094,-3.22865,3.38202,-1.16278,-0.00242133,0.835434,-1.58823,0.755219])
2.3154328281727414
Max g: 3.774524439548177e-5
f_54([0.974664,0.424056,0.575944,-0.520576,0.750944,0.769632,0.997053,0.81649,0.18347,0.923123,-0.472678,0.549555,0.415601,0.661589,0.0992139,-1.53728,-1.72664,0.946491,-0.998461,-0.424309,-1.64615,0.194878,-2.19327,-1.25131,0.561313,-2.42004,2.80377,0.054952,-0.00940254,3.22864,-3.38197,1.16274,-0.00633202,2.222,-3.37652,1.16086,1.0094,-3.22862,3.38195,-1.16273,-0.00246999,0.835762,-1.58866,0.755368])
2.3154328281727414
Max g: 6.888594110221469e-5
f_55([0.974665,0.424056,0.575944,-0.520577,0.750945,0.769632,0.997053,0.816492,0.183468,0.923122,-0.472678,0.549556,0.415602,0.66159,0.0992134,-1.53728,-1.72664,0.94649,-0.998432,-0.424237,-1.64617,0.194968,-2.19324,-1.25136,0.561313,-2.42004,2.80377,0.0549518,-0.00940257,3.22863,-3.38195,1.16272,-0.00631909,2.22199,-3.37652,1.16085,1.0094,-3.22861,3.38192,-1.16271,-0.00248779,0.835874,-1.58881,0.755418])
2.3154328281727414
Max g: 8.590910663330842e-5
f_56([0.974664,0.424056,0.575944,-0.520576,0.750946,0.76963,0.997046,0.816491,0.183454,0.923098,-0.472685,0.549559,0.415586,0.661585,0.0992075,-1.53728,-1.72664,0.946491,-0.998435,-0.42424,-1.64618,0.194949,-2.19325,-1.25135,0.561315,-2.42004,2.80377,0.0549546,-0.00940109,3.22859,-3.38191,1.16272,-0.00633147,2.22204,-3.37658,1.16088,1.0094,-3.22858,3.38189,-1.16271,-0.00248077,0.835825,-1.58875,0.7554])
2.3154328281727414
Max g: 7.690914795127624e-5
f_57([0.974664,0.424055,0.575945,-0.520576,0.750947,0.769629,0.99705,0.816502,0.183447,0.923091,-0.472682,0.549565,0.415573,0.661582,0.0992027,-1.53728,-1.72664,0.946491,-0.998438,-0.424243,-1.64619,0.194935,-2.19325,-1.25134,0.561315,-2.42004,2.80377,0.0549568,-0.0093994,3.22857,-3.38189,1.16272,-0.00634503,2.22208,-3.37664,1.16091,1.0094,-3.22856,3.38188,-1.16272,-0.00247543,0.835783,-1.5887,0.755386])
2.3154328281727414
Max g: 6.948630506070641e-5
f_58([0.974664,0.424055,0.575945,-0.520577,0.750947,0.769629,0.997055,0.816511,0.183444,0.923087,-0.472679,0.549569,0.415566,0.661579,0.0992002,-1.53728,-1.72664,0.946492,-0.998442,-0.424246,-1.6462,0.194924,-2.19326,-1.25134,0.561315,-2.42004,2.80377,0.0549581,-0.00939862,3.22855,-3.38187,1.16272,-0.00635565,2.22211,-3.37667,1.16092,1.0094,-3.22854,3.38186,-1.16272,-0.00247371,0.835757,-1.58866,0.755377])
2.3154328281727414
Max g: 6.478370745471862e-5
f_59([0.974663,0.424055,0.575945,-0.520576,0.750947,0.769629,0.997059,0.816519,0.183441,0.923084,-0.472677,0.549573,0.415559,0.661576,0.0991984,-1.53728,-1.72664,0.946493,-0.998446,-0.424249,-1.64621,0.194912,-2.19326,-1.25133,0.561316,-2.42004,2.80376,0.0549594,-0.0093978,3.22853,-3.38186,1.16272,-0.00636651,2.22213,-3.37671,1.16094,1.0094,-3.22853,3.38185,-1.16272,-0.00247185,0.835734,-1.58863,0.755368])
2.3154328281727414
Max g: 6.0515168078811854e-5
f_60([0.974663,0.424055,0.575945,-0.520577,0.750947,0.76963,0.997064,0.816527,0.183439,0.923081,-0.472675,0.549576,0.415554,0.661575,0.0991967,-1.53728,-1.72664,0.946493,-0.998451,-0.424253,-1.64622,0.194902,-2.19327,-1.25133,0.561316,-2.42004,2.80376,0.0549603,-0.00939643,3.22852,-3.38184,1.16272,-0.00637697,2.22216,-3.37674,1.16096,1.0094,-3.22851,3.38184,-1.16272,-0.00247121,0.835714,-1.5886,0.755359])
2.3154328281727414
{0.9746631103276748,0.42405462396849053,0.5759453686783834,-0.5205766294632349,0.7509466999652789,0.7696298314297423,0.9970639615857134,0.8165270032879602,0.18343925001609457,0.9230814718375091,-0.47267502548882284,0.5495758356934534,0.4155540112115917,0.6615748522208169,0.09919672160123964,-1.5372757495952125,-1.726639312229484,0.9464929921020694,-0.9984509091363091,-0.4242525644337621,-1.6462197571692985,0.19490230516868487,-2.1932652620248136,-1.2513324359259115,0.561315873440684,-2.4200401519771084,2.803763768450572,0.05496025749565248,-0.009396431198386799,3.228518420550458,-3.381844211210619,1.1627221015192448,-0.006376968128278253,2.222157895997201,-3.3767361091147894,1.1609570337355377,1.0093955065021225,-3.228512517731841,3.3818366287974886,-1.1627195045634815,-0.0024712055685047673,0.8357142355795281,-1.5886030110611,0.7553592509979696}]
Set[{A021,A031,A032,A041,A042,A043,A121,A131,A132,A141,A142,A143,B021,B031,B032,B041,B042,B043,B121,B131,B132,B141,B142,B143,\[Alpha]1,\[Alpha]2,\[Alpha]3,\[Alpha]4,\[Beta]11,\[Beta]12,\[Beta]13,\[Beta]14,\[Beta]21,\[Beta]22,\[Beta]23,\[Beta]24,\[Beta]31,\[Beta]32,\[Beta]33,\[Beta]34,\[Beta]41,\[Beta]42,\[Beta]43,\[Beta]44},{0.9746631103276748,0.42405462396849053,0.5759453686783834,-0.5205766294632349,0.7509466999652789,0.7696298314297423,0.9970639615857134,0.8165270032879602,0.18343925001609457,0.9230814718375091,-0.47267502548882284,0.5495758356934534,0.4155540112115917,0.6615748522208169,0.09919672160123964,-1.5372757495952125,-1.726639312229484,0.9464929921020694,-0.9984509091363091,-0.4242525644337621,-1.6462197571692985,0.19490230516868487,-2.1932652620248136,-1.2513324359259115,0.561315873440684,-2.4200401519771084,2.803763768450572,0.05496025749565248,-0.009396431198386799,3.228518420550458,-3.381844211210619,1.1627221015192448,-0.006376968128278253,2.222157895997201,-3.3767361091147894,1.1609570337355377,1.0093955065021225,-3.228512517731841,3.3818366287974886,-1.1627195045634815,-0.0024712055685047673,0.8357142355795281,-1.5886030110611,0.7553592509979696}]

Max g: 5.7013096783242734e-5
f_61([0.974663,0.424055,0.575945,-0.520576,0.750946,0.769629,0.997069,0.816534,0.183438,0.923079,-0.472673,0.549579,0.41555,0.661573,0.0991955,-1.53728,-1.72664,0.946493,-0.998456,-0.424256,-1.64623,0.194892,-2.19327,-1.25133,0.561316,-2.42004,2.80376,0.0549611,-0.00939528,3.2285,-3.38183,1.16272,-0.00638717,2.22218,-3.37676,1.16097,1.00939,-3.2285,3.38183,-1.16272,-0.00247076,0.835696,-1.58858,0.755352])
2.3154328281727414
Max g: 5.3822819490068063e-5
f_62([0.974663,0.424055,0.575945,-0.520576,0.750947,0.769629,0.997074,0.81654,0.183437,0.923078,-0.472672,0.549581,0.415546,0.661572,0.0991938,-1.53727,-1.72664,0.946493,-0.99846,-0.42426,-1.64624,0.194882,-2.19327,-1.25133,0.561317,-2.42004,2.80376,0.0549618,-0.00939421,3.22849,-3.38182,1.16272,-0.00639668,2.2222,-3.37679,1.16099,1.00939,-3.22849,3.38181,-1.16272,-0.00247063,0.835679,-1.58855,0.755344])
2.3154328281727414
Max g: 5.0987932953439064e-5
f_63([0.974663,0.424054,0.575946,-0.520576,0.750947,0.769629,0.997078,0.816546,0.183436,0.923078,-0.472671,0.549583,0.415543,0.661571,0.0991935,-1.53728,-1.72664,0.946493,-0.998465,-0.424264,-1.64625,0.194872,-2.19328,-1.25133,0.561317,-2.42004,2.80376,0.0549623,-0.00939291,3.22848,-3.38181,1.16272,-0.00640569,2.22222,-3.37681,1.161,1.00939,-3.22847,3.3818,-1.16272,-0.002471,0.835665,-1.58853,0.755338])
2.3154328281727414
Max g: 4.8711565301451376e-5
f_64([0.974663,0.424054,0.575946,-0.520576,0.750947,0.769629,0.997081,0.81655,0.183436,0.923077,-0.47267,0.549584,0.415541,0.66157,0.099193,-1.53728,-1.72664,0.946493,-0.998468,-0.424266,-1.64625,0.194866,-2.19328,-1.25133,0.561317,-2.42004,2.80376,0.0549625,-0.00939251,3.22847,-3.3818,1.16272,-0.00641187,2.22224,-3.37683,1.16101,1.00939,-3.22847,3.3818,-1.16272,-0.00247089,0.835656,-1.58852,0.755334])
2.3154328281727414
Max g: 4.694197929938637e-5
f_65([0.974663,0.424055,0.575945,-0.520576,0.750947,0.769628,0.997084,0.816553,0.183436,0.923076,-0.472669,0.549585,0.41554,0.66157,0.0991925,-1.53728,-1.72664,0.946493,-0.99847,-0.424268,-1.64626,0.194861,-2.19328,-1.25133,0.561317,-2.42004,2.80376,0.0549627,-0.00939183,3.22846,-3.38179,1.16272,-0.00641752,2.22225,-3.37684,1.16101,1.00939,-3.22846,3.38179,-1.16272,-0.00247123,0.835648,-1.58851,0.75533])
2.3154328281727414
Max g: 4.551771122196513e-5
f_66([0.974663,0.424055,0.575945,-0.520576,0.750947,0.769629,0.997087,0.816556,0.183436,0.923076,-0.472668,0.549586,0.415539,0.66157,0.099192,-1.53728,-1.72664,0.946493,-0.998473,-0.42427,-1.64626,0.194856,-2.19329,-1.25133,0.561317,-2.42004,2.80376,0.0549629,-0.00939129,3.22845,-3.38179,1.16272,-0.00642268,2.22226,-3.37686,1.16102,1.00939,-3.22845,3.38178,-1.16272,-0.0024714,0.83564,-1.5885,0.755327])
2.3154328281727414
Max g: 4.412929685226885e-5
f_67([0.974663,0.424054,0.575946,-0.520576,0.750947,0.769629,0.997089,0.816558,0.183437,0.923076,-0.472668,0.549587,0.415538,0.661569,0.0991918,-1.53728,-1.72664,0.946494,-0.998475,-0.424272,-1.64627,0.194852,-2.19329,-1.25133,0.561318,-2.42004,2.80376,0.0549631,-0.0093909,3.22845,-3.38178,1.16272,-0.00642749,2.22227,-3.37687,1.16103,1.00939,-3.22845,3.38178,-1.16272,-0.00247168,0.835634,-1.58849,0.755324])
2.3154328281727414
Max g: 4.2991480927734305e-5
f_68([0.974663,0.424054,0.575946,-0.520576,0.750947,0.769629,0.997091,0.81656,0.183437,0.923076,-0.472667,0.549587,0.415538,0.661569,0.0991916,-1.53728,-1.72664,0.946493,-0.998477,-0.424273,-1.64627,0.194849,-2.19329,-1.25133,0.561318,-2.42004,2.80376,0.0549631,-0.00939062,3.22844,-3.38178,1.16272,-0.00643065,2.22228,-3.37688,1.16103,1.00939,-3.22844,3.38178,-1.16272,-0.0024719,0.83563,-1.58848,0.755322])
2.3154328281727414
Max g: 4.226890461339616e-5
f_69([0.974663,0.424055,0.575945,-0.520576,0.750947,0.769629,0.997092,0.816562,0.183437,0.923076,-0.472667,0.549588,0.415537,0.661569,0.0991916,-1.53728,-1.72664,0.946493,-0.998478,-0.424273,-1.64627,0.194846,-2.19329,-1.25133,0.561318,-2.42004,2.80376,0.0549632,-0.00939047,3.22844,-3.38177,1.16272,-0.00643378,2.22228,-3.37689,1.16104,1.00939,-3.22844,3.38177,-1.16272,-0.00247212,0.835626,-1.58847,0.75532])
2.3154328281727414
Max g: 4.157385851438766e-5
f_70([0.974663,0.424055,0.575945,-0.520576,0.750947,0.769629,0.997093,0.816563,0.183437,0.923076,-0.472666,0.549588,0.415537,0.661569,0.0991914,-1.53728,-1.72664,0.946494,-0.998479,-0.424274,-1.64628,0.194844,-2.19329,-1.25133,0.561318,-2.42004,2.80376,0.0549633,-0.00939014,3.22843,-3.38177,1.16272,-0.00643652,2.22229,-3.37689,1.16104,1.00939,-3.22843,3.38177,-1.16272,-0.0024724,0.835622,-1.58847,0.755318])
2.3154328281727414
{0.9746625568569394,0.4240545705414277,0.5759454294191577,-0.5205760202557549,0.750947392213971,0.7696286242204007,0.9970933481494271,0.8165627665925635,0.1834372333314721,0.9230762083380033,-0.4726664572505583,0.5495878263863987,0.4155369603049065,0.661568985974075,0.09919143522623922,-1.5372756805597638,-1.726638138895745,0.9464936313372027,-0.998479073854636,-0.42427395405259605,-1.646275343507232,0.19484398946144804,-2.1932933494329108,-1.2513288999709156,0.5613177638745274,-2.4200408029677267,2.80375975841322,0.05496328926942142,-0.009390142790184597,3.2284340315828635,-3.381768680867641,1.1627247899881856,-0.0064365217515354855,2.2222904196212325,-3.3768926029324158,1.1610394286954133,1.0093900572538372,-3.228433351676378,3.381767803675203,-1.1627244905834482,-0.0024723965652152335,0.8356223142609199,-1.588468778704079,0.7553181708893573}]
Set[{A021,A031,A032,A041,A042,A043,A121,A131,A132,A141,A142,A143,B021,B031,B032,B041,B042,B043,B121,B131,B132,B141,B142,B143,\[Alpha]1,\[Alpha]2,\[Alpha]3,\[Alpha]4,\[Beta]11,\[Beta]12,\[Beta]13,\[Beta]14,\[Beta]21,\[Beta]22,\[Beta]23,\[Beta]24,\[Beta]31,\[Beta]32,\[Beta]33,\[Beta]34,\[Beta]41,\[Beta]42,\[Beta]43,\[Beta]44},{0.9746625568569394,0.4240545705414277,0.5759454294191577,-0.5205760202557549,0.750947392213971,0.7696286242204007,0.9970933481494271,0.8165627665925635,0.1834372333314721,0.9230762083380033,-0.4726664572505583,0.5495878263863987,0.4155369603049065,0.661568985974075,0.09919143522623922,-1.5372756805597638,-1.726638138895745,0.9464936313372027,-0.998479073854636,-0.42427395405259605,-1.646275343507232,0.19484398946144804,-2.1932933494329108,-1.2513288999709156,0.5613177638745274,-2.4200408029677267,2.80375975841322,0.05496328926942142,-0.009390142790184597,3.2284340315828635,-3.381768680867641,1.1627247899881856,-0.0064365217515354855,2.2222904196212325,-3.3768926029324158,1.1610394286954133,1.0093900572538372,-3.228433351676378,3.381767803675203,-1.1627244905834482,-0.0024723965652152335,0.8356223142609199,-1.588468778704079,0.7553181708893573}]

Max g: 4.1013642713361165e-5
f_71([0.974663,0.424055,0.575945,-0.520576,0.750947,0.769629,0.997093,0.816563,0.183437,0.923076,-0.472666,0.549588,0.415537,0.661569,0.0991913,-1.53728,-1.72664,0.946494,-0.99848,-0.424274,-1.64628,0.194843,-2.19329,-1.25133,0.561318,-2.42004,2.80376,0.0549633,-0.00939002,3.22843,-3.38177,1.16272,-0.00643808,2.22229,-3.3769,1.16104,1.00939,-3.22843,3.38177,-1.16272,-0.00247227,0.83562,-1.58847,0.755317])
2.3154328281727414
Max g: 4.074259396252833e-5
f_72([0.974663,0.424055,0.575945,-0.520576,0.750947,0.769629,0.997093,0.816563,0.183437,0.923076,-0.472666,0.549588,0.415537,0.661569,0.0991912,-1.53728,-1.72664,0.946494,-0.99848,-0.424274,-1.64628,0.194842,-2.19329,-1.25133,0.561318,-2.42004,2.80376,0.0549634,-0.00939,3.22843,-3.38176,1.16272,-0.00643922,2.2223,-3.3769,1.16104,1.00939,-3.22843,3.38176,-1.16272,-0.00247201,0.835617,-1.58846,0.755316])
2.3154328281727414
Max g: 4.0394350382055855e-5
f_73([0.974663,0.424055,0.575945,-0.520576,0.750947,0.769629,0.997093,0.816563,0.183437,0.923076,-0.472666,0.549588,0.415536,0.661569,0.0991912,-1.53728,-1.72664,0.946494,-0.99848,-0.424274,-1.64628,0.194841,-2.19329,-1.25133,0.561318,-2.42004,2.80376,0.0549634,-0.00939002,3.22843,-3.38176,1.16272,-0.00644026,2.2223,-3.37691,1.16105,1.00939,-3.22843,3.38176,-1.16272,-0.00247175,0.835615,-1.58846,0.755316])
2.3154328281727414
Max g: 4.006216658331008e-5
f_74([0.974663,0.424055,0.575945,-0.520576,0.750947,0.769629,0.997093,0.816563,0.183437,0.923076,-0.472666,0.549588,0.415536,0.661569,0.0991912,-1.53728,-1.72664,0.946494,-0.99848,-0.424274,-1.64628,0.19484,-2.19329,-1.25133,0.561318,-2.42004,2.80376,0.0549634,-0.00938996,3.22843,-3.38176,1.16272,-0.00644108,2.2223,-3.37691,1.16105,1.00939,-3.22843,3.38176,-1.16272,-0.00247151,0.835613,-1.58846,0.755315])
2.3154328281727414
Max g: 3.973054033096224e-5
f_75([0.974663,0.424055,0.575945,-0.520576,0.750947,0.769629,0.997093,0.816563,0.183437,0.923076,-0.472666,0.549588,0.415536,0.661569,0.0991912,-1.53728,-1.72664,0.946494,-0.99848,-0.424274,-1.64628,0.19484,-2.19329,-1.25133,0.561318,-2.42004,2.80376,0.0549634,-0.00938994,3.22842,-3.38176,1.16272,-0.00644172,2.22231,-3.37691,1.16105,1.00939,-3.22842,3.38176,-1.16272,-0.00247128,0.835611,-1.58845,0.755314])
2.3154328281727414
Max g: 3.94656079562572e-5
f_76([0.974663,0.424055,0.575945,-0.520576,0.750947,0.769629,0.997093,0.816563,0.183437,0.923076,-0.472666,0.549588,0.415536,0.661569,0.0991912,-1.53728,-1.72664,0.946494,-0.99848,-0.424274,-1.64628,0.19484,-2.1933,-1.25133,0.561318,-2.42004,2.80376,0.0549634,-0.00938998,3.22842,-3.38176,1.16272,-0.00644223,2.22231,-3.37692,1.16105,1.00939,-3.22842,3.38176,-1.16272,-0.00247112,0.83561,-1.58845,0.755314])
2.3154328281727414
Max g: 3.927853088941946e-5
f_77([0.974663,0.424055,0.575945,-0.520576,0.750947,0.769629,0.997093,0.816563,0.183437,0.923076,-0.472666,0.549588,0.415536,0.661569,0.0991912,-1.53728,-1.72664,0.946494,-0.99848,-0.424273,-1.64628,0.194839,-2.1933,-1.25133,0.561318,-2.42004,2.80376,0.0549634,-0.00938998,3.22842,-3.38176,1.16272,-0.00644264,2.22231,-3.37692,1.16105,1.00939,-3.22842,3.38176,-1.16272,-0.00247099,0.835609,-1.58845,0.755314])
2.3154328281727414
Max g: 3.9116043316245186e-5
f_78([0.974663,0.424055,0.575945,-0.520576,0.750947,0.769629,0.997093,0.816563,0.183437,0.923076,-0.472666,0.549588,0.415536,0.661569,0.0991912,-1.53728,-1.72664,0.946494,-0.99848,-0.424273,-1.64628,0.194839,-2.1933,-1.25133,0.561318,-2.42004,2.80376,0.0549634,-0.00938998,3.22842,-3.38176,1.16272,-0.00644293,2.22231,-3.37692,1.16105,1.00939,-3.22842,3.38176,-1.16272,-0.00247088,0.835608,-1.58845,0.755313])
2.3154328281727414
Max g: 3.899187603123577e-5
f_79([0.974663,0.424055,0.575945,-0.520576,0.750947,0.769629,0.997093,0.816563,0.183437,0.923076,-0.472666,0.549588,0.415536,0.661569,0.0991912,-1.53728,-1.72664,0.946494,-0.99848,-0.424273,-1.64628,0.194839,-2.1933,-1.25133,0.561318,-2.42004,2.80376,0.0549634,-0.00938997,3.22842,-3.38176,1.16272,-0.00644321,2.22231,-3.37692,1.16105,1.00939,-3.22842,3.38176,-1.16272,-0.00247079,0.835607,-1.58845,0.755313])
2.3154328281727414
Max g: 3.88763074077314e-5
f_80([0.974663,0.424055,0.575945,-0.520576,0.750947,0.769629,0.997093,0.816563,0.183437,0.923075,-0.472666,0.549588,0.415536,0.661569,0.0991912,-1.53728,-1.72664,0.946494,-0.99848,-0.424273,-1.64628,0.194839,-2.1933,-1.25133,0.561318,-2.42004,2.80376,0.0549634,-0.00938996,3.22842,-3.38175,1.16272,-0.00644345,2.22231,-3.37692,1.16105,1.00939,-3.22842,3.38175,-1.16272,-0.0024707,0.835607,-1.58845,0.755313])
2.3154328281727414
{0.9746625524124314,0.42405472914210807,0.5759452708002453,-0.5205760041959585,0.750947191654266,0.769628812569937,0.9970930528464981,0.816563150781282,0.18343684919321326,0.9230754949767982,-0.4726664280334731,0.5495880403883361,0.415536145659897,0.661568729491187,0.09919115157317047,-1.537275666614998,-1.7266379131468,0.9464935615386805,-0.9984801330417803,-0.42427320285932946,-1.6462822833497195,0.19483898853160936,-2.1932952386460904,-1.251327287297298,0.56131774750752,-2.4200407479788133,2.803759573084021,0.05496343722085214,-0.009389961744852654,3.2284207405546113,-3.381754959776836,1.162724201033476,-0.006443452405578107,2.2223116534901846,-3.376920710574566,1.1610529611632339,1.0093899200747918,-3.2284205496487144,3.3817546992350107,-1.1627241100168753,-0.002470703116320158,0.8356065519520143,-1.588449579055302,0.7553130528993789}]
Set[{A021,A031,A032,A041,A042,A043,A121,A131,A132,A141,A142,A143,B021,B031,B032,B041,B042,B043,B121,B131,B132,B141,B142,B143,\[Alpha]1,\[Alpha]2,\[Alpha]3,\[Alpha]4,\[Beta]11,\[Beta]12,\[Beta]13,\[Beta]14,\[Beta]21,\[Beta]22,\[Beta]23,\[Beta]24,\[Beta]31,\[Beta]32,\[Beta]33,\[Beta]34,\[Beta]41,\[Beta]42,\[Beta]43,\[Beta]44},{0.9746625524124314,0.42405472914210807,0.5759452708002453,-0.5205760041959585,0.750947191654266,0.769628812569937,0.9970930528464981,0.816563150781282,0.18343684919321326,0.9230754949767982,-0.4726664280334731,0.5495880403883361,0.415536145659897,0.661568729491187,0.09919115157317047,-1.537275666614998,-1.7266379131468,0.9464935615386805,-0.9984801330417803,-0.42427320285932946,-1.6462822833497195,0.19483898853160936,-2.1932952386460904,-1.251327287297298,0.56131774750752,-2.4200407479788133,2.803759573084021,0.05496343722085214,-0.009389961744852654,3.2284207405546113,-3.381754959776836,1.162724201033476,-0.006443452405578107,2.2223116534901846,-3.376920710574566,1.1610529611632339,1.0093899200747918,-3.2284205496487144,3.3817546992350107,-1.1627241100168753,-0.002470703116320158,0.8356065519520143,-1.588449579055302,0.7553130528993789}]

Max g: 3.87768788056575e-5
f_81([0.974663,0.424055,0.575945,-0.520576,0.750947,0.769629,0.997093,0.816563,0.183437,0.923075,-0.472666,0.549588,0.415536,0.661569,0.0991912,-1.53728,-1.72664,0.946494,-0.99848,-0.424273,-1.64628,0.194839,-2.1933,-1.25133,0.561318,-2.42004,2.80376,0.0549634,-0.00938995,3.22842,-3.38175,1.16272,-0.00644365,2.22231,-3.37692,1.16105,1.00939,-3.22842,3.38175,-1.16272,-0.00247063,0.835606,-1.58845,0.755313])
2.3154328281727414
Max g: 3.869854044646903e-5
f_82([0.974663,0.424055,0.575945,-0.520576,0.750947,0.769629,0.997093,0.816563,0.183437,0.923075,-0.472666,0.549588,0.415536,0.661569,0.0991912,-1.53728,-1.72664,0.946494,-0.99848,-0.424273,-1.64628,0.194839,-2.1933,-1.25133,0.561318,-2.42004,2.80376,0.0549634,-0.00938994,3.22842,-3.38175,1.16272,-0.00644381,2.22231,-3.37692,1.16105,1.00939,-3.22842,3.38175,-1.16272,-0.00247057,0.835606,-1.58845,0.755313])
2.3154328281727414
Max g: 3.862963059741986e-5
f_83([0.974663,0.424055,0.575945,-0.520576,0.750947,0.769629,0.997093,0.816563,0.183437,0.923075,-0.472666,0.549588,0.415536,0.661569,0.0991912,-1.53728,-1.72664,0.946494,-0.99848,-0.424273,-1.64628,0.194839,-2.1933,-1.25133,0.561318,-2.42004,2.80376,0.0549634,-0.00938994,3.22842,-3.38175,1.16272,-0.00644394,2.22231,-3.37692,1.16105,1.00939,-3.22842,3.38175,-1.16272,-0.00247052,0.835605,-1.58845,0.755313])
2.3154328281727414
Max g: 3.857138205642929e-5
f_84([0.974663,0.424055,0.575945,-0.520576,0.750947,0.769629,0.997093,0.816563,0.183437,0.923075,-0.472666,0.549588,0.415536,0.661569,0.0991912,-1.53728,-1.72664,0.946494,-0.99848,-0.424273,-1.64628,0.194839,-2.1933,-1.25133,0.561318,-2.42004,2.80376,0.0549634,-0.00938993,3.22842,-3.38175,1.16272,-0.00644407,2.22231,-3.37692,1.16105,1.00939,-3.22842,3.38175,-1.16272,-0.00247048,0.835605,-1.58845,0.755313])
2.3154328281727414
Max g: 3.852241657398281e-5
f_85([0.974663,0.424055,0.575945,-0.520576,0.750947,0.769629,0.997093,0.816563,0.183437,0.923075,-0.472666,0.549588,0.415536,0.661569,0.0991912,-1.53728,-1.72664,0.946494,-0.99848,-0.424273,-1.64628,0.194839,-2.1933,-1.25133,0.561318,-2.42004,2.80376,0.0549634,-0.00938992,3.22842,-3.38175,1.16272,-0.00644417,2.22231,-3.37692,1.16105,1.00939,-3.22842,3.38175,-1.16272,-0.00247044,0.835605,-1.58845,0.755312])
2.3154328281727414
Max g: 3.847572616466621e-5
f_86([0.974663,0.424055,0.575945,-0.520576,0.750947,0.769629,0.997093,0.816563,0.183437,0.923075,-0.472666,0.549588,0.415536,0.661569,0.0991912,-1.53728,-1.72664,0.946494,-0.99848,-0.424273,-1.64628,0.194839,-2.1933,-1.25133,0.561318,-2.42004,2.80376,0.0549634,-0.00938992,3.22842,-3.38175,1.16272,-0.00644427,2.22231,-3.37692,1.16105,1.00939,-3.22842,3.38175,-1.16272,-0.0024704,0.835604,-1.58845,0.755312])
2.3154328281727414
Max g: 3.8436518569606726e-5
f_87([0.974663,0.424055,0.575945,-0.520576,0.750947,0.769629,0.997093,0.816563,0.183437,0.923075,-0.472666,0.549588,0.415536,0.661569,0.0991912,-1.53728,-1.72664,0.946494,-0.99848,-0.424273,-1.64628,0.194839,-2.1933,-1.25133,0.561318,-2.42004,2.80376,0.0549634,-0.00938992,3.22842,-3.38175,1.16272,-0.00644434,2.22231,-3.37692,1.16105,1.00939,-3.22842,3.38175,-1.16272,-0.00247038,0.835604,-1.58845,0.755312])
2.3154328281727414
Max g: 3.840680714523037e-5
f_88([0.974663,0.424055,0.575945,-0.520576,0.750947,0.769629,0.997093,0.816563,0.183437,0.923075,-0.472666,0.549588,0.415536,0.661569,0.0991912,-1.53728,-1.72664,0.946494,-0.99848,-0.424273,-1.64628,0.194838,-2.1933,-1.25133,0.561318,-2.42004,2.80376,0.0549634,-0.00938991,3.22842,-3.38175,1.16272,-0.0064444,2.22231,-3.37693,1.16106,1.00939,-3.22842,3.38175,-1.16272,-0.00247035,0.835604,-1.58845,0.755312])
2.3154328281727414
Max g: 3.838090222546553e-5
f_89([0.974663,0.424055,0.575945,-0.520576,0.750947,0.769629,0.997093,0.816563,0.183437,0.923075,-0.472666,0.549588,0.415536,0.661569,0.0991912,-1.53728,-1.72664,0.946494,-0.99848,-0.424273,-1.64628,0.194838,-2.1933,-1.25133,0.561318,-2.42004,2.80376,0.0549634,-0.00938991,3.22842,-3.38175,1.16272,-0.00644446,2.22232,-3.37693,1.16106,1.00939,-3.22842,3.38175,-1.16272,-0.00247033,0.835604,-1.58845,0.755312])
2.3154328281727414
Max g: 3.8356348046719724e-5
f_90([0.974663,0.424055,0.575945,-0.520576,0.750947,0.769629,0.997093,0.816563,0.183437,0.923075,-0.472666,0.549588,0.415536,0.661569,0.0991912,-1.53728,-1.72664,0.946494,-0.99848,-0.424273,-1.64628,0.194838,-2.1933,-1.25133,0.561318,-2.42004,2.80376,0.0549634,-0.00938991,3.22842,-3.38175,1.16272,-0.00644451,2.22232,-3.37693,1.16106,1.00939,-3.22842,3.38175,-1.16272,-0.00247032,0.835604,-1.58845,0.755312])
2.3154328281727414
{0.9746625557078574,0.42405473966761803,0.5759452603232503,-0.5205759804593446,0.7509471603762965,0.7696288200732238,0.9970930133687181,0.8165631337916396,0.183436866215777,0.9230754965079369,-0.47266646624853453,0.5495880212839626,0.4155361696768013,0.661568727351802,0.09919116845776547,-1.537275690302585,-1.7266379095744304,0.9464935552558316,-0.9984801556426791,-0.4242728444335514,-1.6462833671771147,0.19483843166235845,-2.193295419635721,-1.251327012989288,0.561317741730847,-2.420040739651,2.803759580556056,0.054963432439501095,-0.009389906965131284,3.2284184853532625,-3.381752636766214,1.1627240750818446,-0.006444512554548613,2.2223153217345972,-3.376925660457116,1.1610552724792715,1.0093898689326648,-3.2284183451286443,3.3817524465778837,-1.1627240090809232,-0.002470317253930763,0.8356037141373234,-1.588446256158484,0.7553121940956204}]
Set[{A021,A031,A032,A041,A042,A043,A121,A131,A132,A141,A142,A143,B021,B031,B032,B041,B042,B043,B121,B131,B132,B141,B142,B143,\[Alpha]1,\[Alpha]2,\[Alpha]3,\[Alpha]4,\[Beta]11,\[Beta]12,\[Beta]13,\[Beta]14,\[Beta]21,\[Beta]22,\[Beta]23,\[Beta]24,\[Beta]31,\[Beta]32,\[Beta]33,\[Beta]34,\[Beta]41,\[Beta]42,\[Beta]43,\[Beta]44},{0.9746625557078574,0.42405473966761803,0.5759452603232503,-0.5205759804593446,0.7509471603762965,0.7696288200732238,0.9970930133687181,0.8165631337916396,0.183436866215777,0.9230754965079369,-0.47266646624853453,0.5495880212839626,0.4155361696768013,0.661568727351802,0.09919116845776547,-1.537275690302585,-1.7266379095744304,0.9464935552558316,-0.9984801556426791,-0.4242728444335514,-1.6462833671771147,0.19483843166235845,-2.193295419635721,-1.251327012989288,0.561317741730847,-2.420040739651,2.803759580556056,0.054963432439501095,-0.009389906965131284,3.2284184853532625,-3.381752636766214,1.1627240750818446,-0.006444512554548613,2.2223153217345972,-3.376925660457116,1.1610552724792715,1.0093898689326648,-3.2284183451286443,3.3817524465778837,-1.1627240090809232,-0.002470317253930763,0.8356037141373234,-1.588446256158484,0.7553121940956204}]

Max g: 3.8336231382107844e-5
f_91([0.974663,0.424055,0.575945,-0.520576,0.750947,0.769629,0.997093,0.816563,0.183437,0.923075,-0.472666,0.549588,0.415536,0.661569,0.0991912,-1.53728,-1.72664,0.946494,-0.99848,-0.424273,-1.64628,0.194838,-2.1933,-1.25133,0.561318,-2.42004,2.80376,0.0549634,-0.0093899,3.22842,-3.38175,1.16272,-0.00644456,2.22232,-3.37693,1.16106,1.00939,-3.22842,3.38175,-1.16272,-0.0024703,0.835604,-1.58845,0.755312])
2.3154328281727414
Max g: 3.8317002551135904e-5
f_92([0.974663,0.424055,0.575945,-0.520576,0.750947,0.769629,0.997093,0.816563,0.183437,0.923075,-0.472666,0.549588,0.415536,0.661569,0.0991912,-1.53728,-1.72664,0.946494,-0.99848,-0.424273,-1.64628,0.194838,-2.1933,-1.25133,0.561318,-2.42004,2.80376,0.0549634,-0.0093899,3.22842,-3.38175,1.16272,-0.00644459,2.22232,-3.37693,1.16106,1.00939,-3.22842,3.38175,-1.16272,-0.00247029,0.835604,-1.58845,0.755312])
2.3154328281727414
Max g: 3.830453065301054e-5
f_93([0.974663,0.424055,0.575945,-0.520576,0.750947,0.769629,0.997093,0.816563,0.183437,0.923075,-0.472666,0.549588,0.415536,0.661569,0.0991912,-1.53728,-1.72664,0.946494,-0.99848,-0.424273,-1.64628,0.194838,-2.1933,-1.25133,0.561318,-2.42004,2.80376,0.0549634,-0.0093899,3.22842,-3.38175,1.16272,-0.00644462,2.22232,-3.37693,1.16106,1.00939,-3.22842,3.38175,-1.16272,-0.00247028,0.835603,-1.58845,0.755312])
2.3154328281727414
Max g: 3.829284264611488e-5
f_94([0.974663,0.424055,0.575945,-0.520576,0.750947,0.769629,0.997093,0.816563,0.183437,0.923075,-0.472666,0.549588,0.415536,0.661569,0.0991912,-1.53728,-1.72664,0.946494,-0.99848,-0.424273,-1.64628,0.194838,-2.1933,-1.25133,0.561318,-2.42004,2.80376,0.0549634,-0.0093899,3.22842,-3.38175,1.16272,-0.00644465,2.22232,-3.37693,1.16106,1.00939,-3.22842,3.38175,-1.16272,-0.00247027,0.835603,-1.58845,0.755312])
2.3154328281727414
Max g: 3.828268137362478e-5
f_95([0.974663,0.424055,0.575945,-0.520576,0.750947,0.769629,0.997093,0.816563,0.183437,0.923075,-0.472666,0.549588,0.415536,0.661569,0.0991912,-1.53728,-1.72664,0.946494,-0.99848,-0.424273,-1.64628,0.194838,-2.1933,-1.25133,0.561318,-2.42004,2.80376,0.0549634,-0.0093899,3.22842,-3.38175,1.16272,-0.00644466,2.22232,-3.37693,1.16106,1.00939,-3.22842,3.38175,-1.16272,-0.00247026,0.835603,-1.58845,0.755312])
2.3154328281727414
Max g: 3.827464397154756e-5
f_96([0.974663,0.424055,0.575945,-0.520576,0.750947,0.769629,0.997093,0.816563,0.183437,0.923076,-0.472666,0.549588,0.415536,0.661569,0.0991912,-1.53728,-1.72664,0.946494,-0.99848,-0.424273,-1.64628,0.194838,-2.1933,-1.25133,0.561318,-2.42004,2.80376,0.0549634,-0.0093899,3.22842,-3.38175,1.16272,-0.00644468,2.22232,-3.37693,1.16106,1.00939,-3.22842,3.38175,-1.16272,-0.00247026,0.835603,-1.58845,0.755312])
2.3154328281727414
Max g: 3.8268345957048755e-5
f_97([0.974663,0.424055,0.575945,-0.520576,0.750947,0.769629,0.997093,0.816563,0.183437,0.923076,-0.472666,0.549588,0.415536,0.661569,0.0991912,-1.53728,-1.72664,0.946494,-0.99848,-0.424273,-1.64628,0.194838,-2.1933,-1.25133,0.561318,-2.42004,2.80376,0.0549634,-0.00938989,3.22842,-3.38175,1.16272,-0.0064447,2.22232,-3.37693,1.16106,1.00939,-3.22842,3.38175,-1.16272,-0.00247025,0.835603,-1.58845,0.755312])
2.3154328281727414
Max g: 3.826264017353642e-5
f_98([0.974663,0.424055,0.575945,-0.520576,0.750947,0.769629,0.997093,0.816563,0.183437,0.923076,-0.472666,0.549588,0.415536,0.661569,0.0991912,-1.53728,-1.72664,0.946494,-0.99848,-0.424273,-1.64628,0.194838,-2.1933,-1.25133,0.561318,-2.42004,2.80376,0.0549634,-0.00938989,3.22842,-3.38175,1.16272,-0.00644471,2.22232,-3.37693,1.16106,1.00939,-3.22842,3.38175,-1.16272,-0.00247025,0.835603,-1.58845,0.755312])
2.3154328281727414
Max g: 3.8257148869069724e-5
f_99([0.974663,0.424055,0.575945,-0.520576,0.750947,0.769629,0.997093,0.816563,0.183437,0.923076,-0.472666,0.549588,0.415536,0.661569,0.0991912,-1.53728,-1.72664,0.946494,-0.99848,-0.424273,-1.64628,0.194838,-2.1933,-1.25133,0.561318,-2.42004,2.80376,0.0549634,-0.00938989,3.22842,-3.38175,1.16272,-0.00644472,2.22232,-3.37693,1.16106,1.00939,-3.22842,3.38175,-1.16272,-0.00247024,0.835603,-1.58845,0.755312])
2.3154328281727414
Max g: 3.825268090729139e-5
f_100([0.974663,0.424055,0.575945,-0.520576,0.750947,0.769629,0.997093,0.816563,0.183437,0.923076,-0.472666,0.549588,0.415536,0.661569,0.0991912,-1.53728,-1.72664,0.946494,-0.99848,-0.424273,-1.64628,0.194838,-2.1933,-1.25133,0.561318,-2.42004,2.80376,0.0549634,-0.00938989,3.22842,-3.38175,1.16272,-0.00644473,2.22232,-3.37693,1.16106,1.00939,-3.22842,3.38175,-1.16272,-0.00247024,0.835603,-1.58845,0.755312])
2.3154328281727414
{0.9746625555135171,0.4240547389385565,0.5759452610614444,-0.5205759810401244,0.750947161987039,0.7696288190530849,0.9970930052340201,0.8165631185184559,0.18343688148154427,0.9230755054992361,-0.4726664740007919,0.5495880074604265,0.415536197059783,0.661568738557705,0.09919117552087259,-1.5372756964107421,-1.726637908453476,0.9464935503471306,-0.9984801499053058,-0.4242727496779572,-1.6462835937831841,0.19483833784585503,-2.1932954427519085,-1.2513269695070166,0.5613177408920423,-2.4200407359466407,2.8037595817600955,0.054963427533593685,-0.009389891904661487,3.2284180162024105,-3.3817521494623284,1.1627240448980318,-0.006444728952389129,2.2223160822181525,-3.376926684923773,1.161055747345878,1.0093898612134835,-3.228417892938337,3.381751978519757,-1.1627239851492797,-0.0024702425162019355,0.8356031613585369,-1.5884456131907407,0.7553120319160943}]
Set[{A021,A031,A032,A041,A042,A043,A121,A131,A132,A141,A142,A143,B021,B031,B032,B041,B042,B043,B121,B131,B132,B141,B142,B143,\[Alpha]1,\[Alpha]2,\[Alpha]3,\[Alpha]4,\[Beta]11,\[Beta]12,\[Beta]13,\[Beta]14,\[Beta]21,\[Beta]22,\[Beta]23,\[Beta]24,\[Beta]31,\[Beta]32,\[Beta]33,\[Beta]34,\[Beta]41,\[Beta]42,\[Beta]43,\[Beta]44},{0.9746625555135171,0.4240547389385565,0.5759452610614444,-0.5205759810401244,0.750947161987039,0.7696288190530849,0.9970930052340201,0.8165631185184559,0.18343688148154427,0.9230755054992361,-0.4726664740007919,0.5495880074604265,0.415536197059783,0.661568738557705,0.09919117552087259,-1.5372756964107421,-1.726637908453476,0.9464935503471306,-0.9984801499053058,-0.4242727496779572,-1.6462835937831841,0.19483833784585503,-2.1932954427519085,-1.2513269695070166,0.5613177408920423,-2.4200407359466407,2.8037595817600955,0.054963427533593685,-0.009389891904661487,3.2284180162024105,-3.3817521494623284,1.1627240448980318,-0.006444728952389129,2.2223160822181525,-3.376926684923773,1.161055747345878,1.0093898612134835,-3.228417892938337,3.381751978519757,-1.1627239851492797,-0.0024702425162019355,0.8356031613585369,-1.5884456131907407,0.7553120319160943}]

Max g: 3.824955739267777e-5
f_101([0.974663,0.424055,0.575945,-0.520576,0.750947,0.769629,0.997093,0.816563,0.183437,0.923076,-0.472666,0.549588,0.415536,0.661569,0.0991912,-1.53728,-1.72664,0.946494,-0.99848,-0.424273,-1.64628,0.194838,-2.1933,-1.25133,0.561318,-2.42004,2.80376,0.0549634,-0.00938989,3.22842,-3.38175,1.16272,-0.00644474,2.22232,-3.37693,1.16106,1.00939,-3.22842,3.38175,-1.16272,-0.00247024,0.835603,-1.58845,0.755312])
2.3154328281727414
Max g: 3.824670596169755e-5
f_102([0.974663,0.424055,0.575945,-0.520576,0.750947,0.769629,0.997093,0.816563,0.183437,0.923076,-0.472666,0.549588,0.415536,0.661569,0.0991912,-1.53728,-1.72664,0.946494,-0.99848,-0.424273,-1.64628,0.194838,-2.1933,-1.25133,0.561318,-2.42004,2.80376,0.0549634,-0.00938989,3.22842,-3.38175,1.16272,-0.00644474,2.22232,-3.37693,1.16106,1.00939,-3.22842,3.38175,-1.16272,-0.00247024,0.835603,-1.58845,0.755312])
2.3154328281727414
Max g: 3.824468977220441e-5
f_103([0.974663,0.424055,0.575945,-0.520576,0.750947,0.769629,0.997093,0.816563,0.183437,0.923076,-0.472666,0.549588,0.415536,0.661569,0.0991912,-1.53728,-1.72664,0.946494,-0.99848,-0.424273,-1.64628,0.194838,-2.1933,-1.25133,0.561318,-2.42004,2.80376,0.0549634,-0.00938989,3.22842,-3.38175,1.16272,-0.00644475,2.22232,-3.37693,1.16106,1.00939,-3.22842,3.38175,-1.16272,-0.00247024,0.835603,-1.58845,0.755312])
2.3154328281727414
Max g: 3.824291570880822e-5
f_104([0.974663,0.424055,0.575945,-0.520576,0.750947,0.769629,0.997093,0.816563,0.183437,0.923076,-0.472666,0.549588,0.415536,0.661569,0.0991912,-1.53728,-1.72664,0.946494,-0.99848,-0.424273,-1.64628,0.194838,-2.1933,-1.25133,0.561318,-2.42004,2.80376,0.0549634,-0.00938989,3.22842,-3.38175,1.16272,-0.00644475,2.22232,-3.37693,1.16106,1.00939,-3.22842,3.38175,-1.16272,-0.00247024,0.835603,-1.58845,0.755312])
2.3154328281727414
Max g: 3.824133993102219e-5
f_105([0.974663,0.424055,0.575945,-0.520576,0.750947,0.769629,0.997093,0.816563,0.183437,0.923076,-0.472666,0.549588,0.415536,0.661569,0.0991912,-1.53728,-1.72664,0.946494,-0.99848,-0.424273,-1.64628,0.194838,-2.1933,-1.25133,0.561318,-2.42004,2.80376,0.0549634,-0.00938989,3.22842,-3.38175,1.16272,-0.00644475,2.22232,-3.37693,1.16106,1.00939,-3.22842,3.38175,-1.16272,-0.00247023,0.835603,-1.58845,0.755312])
2.3154328281727414
Max g: 3.82399285931978e-5
f_106([0.974663,0.424055,0.575945,-0.520576,0.750947,0.769629,0.997093,0.816563,0.183437,0.923076,-0.472666,0.549588,0.415536,0.661569,0.0991912,-1.53728,-1.72664,0.946494,-0.99848,-0.424273,-1.64628,0.194838,-2.1933,-1.25133,0.561318,-2.42004,2.80376,0.0549634,-0.00938989,3.22842,-3.38175,1.16272,-0.00644476,2.22232,-3.37693,1.16106,1.00939,-3.22842,3.38175,-1.16272,-0.00247023,0.835603,-1.58845,0.755312])
2.3154328281727414
Max g: 3.823891143905911e-5
{0.97466255565284,0.42405473922001263,0.5759452607799866,-0.5205759811249174,0.7509471621475144,0.7696288189774019,0.997093004200119,0.816563115737684,0.18343688426231597,0.9230755077736905,-0.47266647556339164,0.5495880049988097,0.41553620094314303,0.6615687395919053,0.09919117706318775,-1.5372756966364316,-1.7266379086170511,0.946493551346776,-0.9984801473698434,-0.4242727312657134,-1.6462836278369952,0.19483833090584066,-2.1932954450203095,-1.2513269669248839,0.5613177404208334,-2.4200407356500167,2.8037595824521477,0.05496342687717654,-0.009389890371968813,3.2284179488855655,-3.3817520787630952,1.1627240397532914,-0.006444758000521606,2.2223161866819905,-3.376926826445418,1.1610558128791342,1.0093898596571393,-3.2284178282449743,3.381751911270379,-1.1627239811813763,-0.0024702332394991137,0.8356030910817109,-1.5884455325070603,0.7553120125259886}]
Set[{A021,A031,A032,A041,A042,A043,A121,A131,A132,A141,A142,A143,B021,B031,B032,B041,B042,B043,B121,B131,B132,B141,B142,B143,\[Alpha]1,\[Alpha]2,\[Alpha]3,\[Alpha]4,\[Beta]11,\[Beta]12,\[Beta]13,\[Beta]14,\[Beta]21,\[Beta]22,\[Beta]23,\[Beta]24,\[Beta]31,\[Beta]32,\[Beta]33,\[Beta]34,\[Beta]41,\[Beta]42,\[Beta]43,\[Beta]44},{0.97466255565284,0.42405473922001263,0.5759452607799866,-0.5205759811249174,0.7509471621475144,0.7696288189774019,0.997093004200119,0.816563115737684,0.18343688426231597,0.9230755077736905,-0.47266647556339164,0.5495880049988097,0.41553620094314303,0.6615687395919053,0.09919117706318775,-1.5372756966364316,-1.7266379086170511,0.946493551346776,-0.9984801473698434,-0.4242727312657134,-1.6462836278369952,0.19483833090584066,-2.1932954450203095,-1.2513269669248839,0.5613177404208334,-2.4200407356500167,2.8037595824521477,0.05496342687717654,-0.009389890371968813,3.2284179488855655,-3.3817520787630952,1.1627240397532914,-0.006444758000521606,2.2223161866819905,-3.376926826445418,1.1610558128791342,1.0093898596571393,-3.2284178282449743,3.381751911270379,-1.1627239811813763,-0.0024702332394991137,0.8356030910817109,-1.5884455325070603,0.7553120125259886}]


-----------------Final Result------------------
Options: alg=LN_AUGLAG_EQ,dx=0.01,max_eval=100000000,popSize=0
imin=-12,jmin=-1,imax=1,jmax=1,
parameter_minmax=5,
randSeed=85225914,rand_minmax=3,
END_C=true, INEQ_C=false

10638779 steps

Completed with maxf : 2.3154328281727414

Constraints at 3.823859294616039e-5

x = [0.97466255565284,0.42405473922001263,0.5759452607799866,-0.5205759811249174,0.7509471621475144,0.7696288189774019,0.997093004200119,0.816563115737684,0.18343688426231597,0.9230755077736905,-0.47266647556339164,0.5495880049988097,0.41553620094314303,0.6615687395919053,0.09919117706318775,-1.5372756966364316,-1.7266379086170511,0.946493551346776,-0.9984801473698434,-0.4242727312657134,-1.6462836278369952,0.19483833090584066,-2.1932954450203095,-1.2513269669248839,0.5613177404208334,-2.4200407356500167,2.8037595824521477,0.05496342687717654,-0.009389890371968813,3.2284179488855655,-3.3817520787630952,1.1627240397532914,-0.006444758000521606,2.2223161866819905,-3.376926826445418,1.1610558128791342,1.0093898596571393,-3.2284178282449743,3.381751911270379,-1.1627239811813763,-0.0024702332394991137,0.8356030910817109,-1.5884455325070603,0.7553120125259886]
c0 = [0.0,0.97466255565284,0.9999999999999993,0.9999999999999989]
c1 = [0.0,0.997093004200119,1.0,0.9999970372091087]
A0 = [0.0,0.97466255565284,0.42405473922001263,-0.5205759811249174,0.0,0.0,0.5759452607799866,0.7509471621475144,0.0,0.0,0.0,0.7696288189774019,0.0,0.0,0.0,0.0]
A1 = [0.0,0.997093004200119,0.816563115737684,0.9230755077736905,0.0,0.0,0.18343688426231597,-0.47266647556339164,0.0,0.0,0.0,0.5495880049988097,0.0,0.0,0.0,0.0]
B0 = [0.0,0.41553620094314303,0.6615687395919053,-1.5372756966364316,0.0,0.0,0.09919117706318775,-1.7266379086170511,0.0,0.0,0.0,0.946493551346776,0.0,0.0,0.0,0.0]
B1 = [0.0,-0.9984801473698434,-0.4242727312657134,0.19483833090584066,0.0,0.0,-1.6462836278369952,-2.1932954450203095,0.0,0.0,0.0,-1.2513269669248839,0.0,0.0,0.0,0.0]
  = [0.5613177404208334,-2.4200407356500167,2.8037595824521477,0.05496342687717654]
1 = [-0.009389890371968813,3.2284179488855655,-3.3817520787630952,1.1627240397532914]
2 = [-0.006444758000521606,2.2223161866819905,-3.376926826445418,1.1610558128791342]
3 = [1.0093898596571393,-3.2284178282449743,3.381751911270379,-1.1627239811813763]
4 = [-0.0024702332394991137,0.8356030910817109,-1.5884455325070603,0.7553120125259886]


Set[{A021,A031,A032,A041,A042,A043,A121,A131,A132,A141,A142,A143,B021,B031,B032,B041,B042,B043,B121,B131,B132,B141,B142,B143,\[Alpha]1,\[Alpha]2,\[Alpha]3,\[Alpha]4,\[Beta]11,\[Beta]12,\[Beta]13,\[Beta]14,\[Beta]21,\[Beta]22,\[Beta]23,\[Beta]24,\[Beta]31,\[Beta]32,\[Beta]33,\[Beta]34,\[Beta]41,\[Beta]42,\[Beta]43,\[Beta]44},{0.97466255565284,0.42405473922001263,0.5759452607799866,-0.5205759811249174,0.7509471621475144,0.7696288189774019,0.997093004200119,0.816563115737684,0.18343688426231597,0.9230755077736905,-0.47266647556339164,0.5495880049988097,0.41553620094314303,0.6615687395919053,0.09919117706318775,-1.5372756966364316,-1.7266379086170511,0.946493551346776,-0.9984801473698434,-0.4242727312657134,-1.6462836278369952,0.19483833090584066,-2.1932954450203095,-1.2513269669248839,0.5613177404208334,-2.4200407356500167,2.8037595824521477,0.05496342687717654,-0.009389890371968813,3.2284179488855655,-3.3817520787630952,1.1627240397532914,-0.006444758000521606,2.2223161866819905,-3.376926826445418,1.1610558128791342,1.0093898596571393,-3.2284178282449743,3.381751911270379,-1.1627239811813763,-0.0024702332394991137,0.8356030910817109,-1.5884455325070603,0.7553120125259886}]



