
-----------------Setup------------------
Options: alg=LN_AUGLAG_EQ,dx=0.01,max_eval=100000000,popSize=0
imin=-12,jmin=-1,imax=1,jmax=1,
parameter_minmax=5,
randSeed=7668290, rand_minmax=3,
END_C=true, INEQ_C=false

Initial Condition:

[0.120179,-1.98063,1.41412,2.08834,2.44909,0.926798,2.83321,-1.30288,2.58089,-0.529603,-2.86188,-0.181784,2.98017,-2.10735,-2.40624,-1.55143,0.960093,0.150367,-0.707416,2.89229,0.700166,-2.5192,1.21788,0.0743721,0.621989,-1.74109,-1.56793,-0.255111,0.804093,0.663866,-0.0521107,0.477326,1.88765,-0.0799701,-0.502957,2.64006,-2.55655,-2.80925,1.29054,0.0010909,-0.154275,0.0343666,-2.50563,0.217779]

f_1([0.847799,-1.86276,2.23936,-0.610222,0.886687,0.222072,0.130746,-1.0249,1.37704,2.21736,-1.36737,-0.519929,1.83862,1.46422,1.54567,-0.759729,-2.07123,0.493579,0.54818,2.5029,1.16708,1.53796,2.04329,-0.283936,1.61727,0.80899,0.0037591,-0.0262521,0.613494,2.12845,-0.321835,0.404601,2.47175,1.28559,-1.53012,1.85154,3.30015,-1.26887,0.452635,-0.663741,1.42676,-1.68059,-0.384709,0.679644])
4.570613496697909
Max g: 4.07876728907628
f_2([0.917299,-1.59277,2.57673,-0.317315,1.01494,0.299819,0.47132,-0.605556,1.34546,2.55563,-1.13174,-0.479849,1.82058,1.47766,1.5871,1.47075,0.55416,0.122714,-0.0546394,2.50644,1.19395,1.45782,2.04403,0.0531471,0.459582,0.480391,0.00933714,-0.0202084,-0.471879,1.4093,-0.36887,0.472677,0.648635,-0.604479,-1.54615,1.68386,1.34242,-1.37098,0.567647,-0.686206,1.40579,-1.43951,-0.424592,0.604802])
3.5828161268981766
Max g: 0.6575662824120845
f_3([0.840721,-1.58719,2.58697,-0.337474,0.98705,0.350424,0.603184,-0.484095,1.47236,2.63565,-1.0432,-0.592447,1.67409,1.48741,1.58681,1.53102,0.625713,0.167612,-0.183653,2.85602,1.83972,1.62986,2.38455,-0.00134389,0.307275,0.720499,-0.00608198,-0.0836763,-0.842639,1.66023,-0.0628594,0.145481,0.394679,-1.08755,-1.39639,1.90931,1.65036,-1.56843,0.113038,-0.212744,-0.0412975,0.113985,0.515295,-0.583693])
3.017082152649512
Max g: 0.30483303297457676
f_4([0.794244,-1.58088,2.58087,-0.328419,0.968166,0.360229,0.604916,-0.490682,1.49068,2.63868,-1.01287,-0.628112,1.62138,1.48377,1.58789,1.55318,0.648769,0.195182,-0.191832,2.83896,1.62778,1.60027,2.29959,-0.0528705,0.262534,0.7509,-0.000709816,-0.0815826,-0.834459,1.67503,0.0134923,0.0467584,0.320281,-0.895687,-1.05354,1.42385,1.70109,-1.64951,-0.00109483,-0.0629552,-0.116825,0.372173,1.17815,-1.44868])
3.396392365612369
Max g: 0.08046465895292343
f_5([0.773549,-1.55249,2.55228,-0.32424,0.963145,0.360421,0.538275,-0.479864,1.47776,2.65117,-1.0007,-0.650471,1.59492,1.46919,1.302,1.57085,0.76419,0.19698,-0.169802,2.74137,1.28108,1.48346,2.11367,-0.0568359,0.341884,0.703821,0.00588937,-0.0526425,-0.780312,1.71119,0.0257436,0.043294,0.447092,-0.71949,-0.90446,1.17633,1.75103,-1.68558,-0.0199175,-0.0508344,-0.0959769,0.33268,1.39503,-1.6375])
3.887656261352729
Max g: 0.08882125699828158
f_6([0.777325,-1.55078,2.55047,-0.320398,0.961848,0.358457,0.517777,-0.478449,1.47845,2.64675,-0.998134,-0.656206,1.58593,1.46872,1.30108,1.5643,0.768969,0.199953,-0.219761,2.60266,0.754893,1.26721,1.69035,-0.0588219,0.347934,0.691311,0.00800726,-0.0468133,-0.78787,1.68548,0.0243816,0.0788777,0.513303,-0.79013,-0.73661,1.00747,1.7844,-1.68105,-0.00996875,-0.0978075,-0.0621317,0.339459,1.52321,-1.80075])
4.0186997372859
Max g: 0.12338702241683208
f_7([0.773552,-1.55179,2.55175,-0.317512,0.961401,0.356072,0.411542,-0.476672,1.47667,2.62639,-1.00325,-0.678491,1.56972,1.46496,1.29846,1.57057,0.77249,0.203436,-0.428358,2.31346,-0.668962,0.677717,0.464497,-0.00970711,0.345156,0.686233,0.0102619,-0.0413618,-0.832795,1.41647,0.169038,0.248081,0.709272,-1.22321,-0.249518,0.757323,1.88398,-1.45916,-0.142107,-0.291675,-0.198801,0.672008,1.71686,-2.1706])
4.065231108102838
Max g: 0.07728435826301251
f_8([0.763507,-1.56193,2.56189,-0.303332,0.969829,0.333496,0.301838,-0.509377,1.50937,2.56961,-0.973095,-0.596518,1.54131,1.40295,1.01243,1.58628,0.758071,0.214901,-0.53982,2.20802,-0.82893,0.586699,0.279076,0.0498521,0.34113,0.671703,0.0155942,-0.0284627,-0.799946,1.18159,0.145045,0.473462,0.84075,-1.2005,0.0479841,0.311627,1.84916,-1.18518,-0.0770286,-0.58683,-0.729682,1.04552,1.84238,-2.15798])
4.324633557806663
Max g: 0.02612726979858202
f_9([0.766134,-1.5609,2.5608,-0.298247,0.966486,0.331713,0.300967,-0.551936,1.55194,2.48439,-0.962035,-0.522374,1.54974,1.35246,0.946768,1.58881,0.759919,0.218288,-0.536393,2.08861,-0.74276,0.579346,0.271984,0.0105071,0.342987,0.670962,0.0146258,-0.0285804,-0.8115,1.18545,0.193645,0.432442,0.849726,-1.21203,0.0772331,0.285062,1.845,-1.18693,-0.14747,-0.510462,-0.766203,1.09714,1.80614,-2.13686])
4.349987189341532
Max g: 0.020176325705037426
f_10([0.770831,-1.56044,2.56038,-0.299046,0.968208,0.330791,0.295999,-0.591664,1.59166,2.39599,-0.948866,-0.447119,1.56406,1.31357,0.90851,1.59274,0.760298,0.219933,-0.536645,1.96929,-0.659579,0.566355,0.26506,-0.0270696,0.345547,0.674276,0.0111992,-0.0309025,-0.823038,1.1837,0.237752,0.40163,0.859373,-1.21879,0.112456,0.246911,1.84276,-1.18441,-0.210545,-0.447903,-0.810451,1.15219,1.76803,-2.10963])
4.1763893828321885
{0.7708314096601369,-1.5604409777135577,2.560382217249701,-0.29904551239343974,0.9682079078560664,0.3307909428129355,0.2959988820006867,-0.5916637258557778,1.5916637258557769,2.3959857046280937,-0.9488662650925633,-0.44711943953553224,1.5640557039531018,1.313567547433999,0.9085101140381633,1.5927409365425191,0.760298064671509,0.21993303710008577,-0.5366451119892083,1.969293497860039,-0.6595787068489035,0.5663554769392117,0.26506001167969706,-0.027069577124766583,0.3455470783792199,0.6742757229734587,0.011199205178938335,-0.03090248927610113,-0.8230375451379613,1.1837030581660872,0.23775177911191783,0.4016303094537314,0.8593729243313469,-1.2187864930620669,0.11245569496490733,0.24691148467129231,1.8427640761632775,-1.184412420229598,-0.21054498692922405,-0.44790337338638786,-0.8104512257810669,1.1521904781811696,1.7680291490071764,-2.109633132178886}]
Set[{A021,A031,A032,A041,A042,A043,A121,A131,A132,A141,A142,A143,B021,B031,B032,B041,B042,B043,B121,B131,B132,B141,B142,B143,\[Alpha]1,\[Alpha]2,\[Alpha]3,\[Alpha]4,\[Beta]11,\[Beta]12,\[Beta]13,\[Beta]14,\[Beta]21,\[Beta]22,\[Beta]23,\[Beta]24,\[Beta]31,\[Beta]32,\[Beta]33,\[Beta]34,\[Beta]41,\[Beta]42,\[Beta]43,\[Beta]44},{0.7708314096601369,-1.5604409777135577,2.560382217249701,-0.29904551239343974,0.9682079078560664,0.3307909428129355,0.2959988820006867,-0.5916637258557778,1.5916637258557769,2.3959857046280937,-0.9488662650925633,-0.44711943953553224,1.5640557039531018,1.313567547433999,0.9085101140381633,1.5927409365425191,0.760298064671509,0.21993303710008577,-0.5366451119892083,1.969293497860039,-0.6595787068489035,0.5663554769392117,0.26506001167969706,-0.027069577124766583,0.3455470783792199,0.6742757229734587,0.011199205178938335,-0.03090248927610113,-0.8230375451379613,1.1837030581660872,0.23775177911191783,0.4016303094537314,0.8593729243313469,-1.2187864930620669,0.11245569496490733,0.24691148467129231,1.8427640761632775,-1.184412420229598,-0.21054498692922405,-0.44790337338638786,-0.8104512257810669,1.1521904781811696,1.7680291490071764,-2.109633132178886}]

Max g: 0.012786211292156763
f_11([0.772994,-1.56053,2.56046,-0.297757,0.968614,0.329128,0.292725,-0.62051,1.62051,2.32783,-0.937609,-0.390239,1.57148,1.29043,0.885761,1.59637,0.761209,0.220587,-0.53762,1.88426,-0.600393,0.559518,0.2575,-0.0567213,0.346677,0.675495,0.0109609,-0.0330916,-0.83015,1.18063,0.269171,0.380426,0.864353,-1.22127,0.137737,0.219103,1.83958,-1.18076,-0.25556,-0.4033,-0.844324,1.19442,1.73499,-2.08488])
3.9980191280339272
Max g: 0.006515092128337979
f_12([0.77446,-1.56085,2.56085,-0.296219,0.968107,0.328099,0.290745,-0.640764,1.64076,2.2819,-0.930286,-0.351624,1.57629,1.2745,0.869987,1.59625,0.763579,0.221764,-0.538207,1.83017,-0.562856,0.554192,0.252862,-0.0763388,0.347599,0.675625,0.0116588,-0.0348522,-0.834474,1.17847,0.289329,0.366697,0.867148,-1.22255,0.153545,0.201778,1.83736,-1.17869,-0.28465,-0.374033,-0.867551,1.22355,1.7121,-2.068])
3.9299123139108456
Max g: 0.002266624905436207
f_13([0.77484,-1.56101,2.56099,-0.295449,0.967774,0.327671,0.289993,-0.648663,1.64866,2.26275,-0.926793,-0.335952,1.5777,1.25945,0.863701,1.59644,0.764471,0.222115,-0.538416,1.8082,-0.54746,0.551944,0.251138,-0.0845566,0.347772,0.675707,0.0116918,-0.0351707,-0.835876,1.17774,0.297331,0.360829,0.868474,-1.22308,0.159787,0.19484,1.83644,-1.17767,-0.296519,-0.362238,-0.877536,1.23589,1.70217,-2.06055])
3.908635148622759
Max g: 0.0003859415925985682
{0.7747743838205169,-1.560999652166599,2.5609992049185646,-0.2954203339569564,0.9677859938230005,0.32763266274309544,0.290024823474538,-0.6490334326790838,1.6490334326790843,2.2619536052237934,-0.9266597170005987,-0.33529388822319706,1.5778036345550739,1.2591702252851473,0.8589975733843316,1.5962690344282078,0.7644532227127732,0.22211848444465537,-0.5383878792467813,1.8073307769021167,-0.5468144678855968,0.5518758862137569,0.251077676949032,-0.0849145652835741,0.3478396020948103,0.6755859752649958,0.011695568326112767,-0.035124447038239186,-0.8359560628032715,1.1777546039017324,0.29766090117647986,0.36053891942353666,0.8684276583702636,-1.2231410350908525,0.15996731435529954,0.19474367565285813,1.8363680135887575,-1.177730501763152,-0.29705602151398836,-0.361581155203315,-0.8777786765504553,1.2363769218489107,1.701727617327852,-2.0603189941610314}]
Set[{A021,A031,A032,A041,A042,A043,A121,A131,A132,A141,A142,A143,B021,B031,B032,B041,B042,B043,B121,B131,B132,B141,B142,B143,\[Alpha]1,\[Alpha]2,\[Alpha]3,\[Alpha]4,\[Beta]11,\[Beta]12,\[Beta]13,\[Beta]14,\[Beta]21,\[Beta]22,\[Beta]23,\[Beta]24,\[Beta]31,\[Beta]32,\[Beta]33,\[Beta]34,\[Beta]41,\[Beta]42,\[Beta]43,\[Beta]44},{0.7747743838205169,-1.560999652166599,2.5609992049185646,-0.2954203339569564,0.9677859938230005,0.32763266274309544,0.290024823474538,-0.6490334326790838,1.6490334326790843,2.2619536052237934,-0.9266597170005987,-0.33529388822319706,1.5778036345550739,1.2591702252851473,0.8589975733843316,1.5962690344282078,0.7644532227127732,0.22211848444465537,-0.5383878792467813,1.8073307769021167,-0.5468144678855968,0.5518758862137569,0.251077676949032,-0.0849145652835741,0.3478396020948103,0.6755859752649958,0.011695568326112767,-0.035124447038239186,-0.8359560628032715,1.1777546039017324,0.29766090117647986,0.36053891942353666,0.8684276583702636,-1.2231410350908525,0.15996731435529954,0.19474367565285813,1.8363680135887575,-1.177730501763152,-0.29705602151398836,-0.361581155203315,-0.8777786765504553,1.2363769218489107,1.701727617327852,-2.0603189941610314}]


-----------------Final Result------------------
Options: alg=LN_AUGLAG_EQ,dx=0.01,max_eval=100000000,popSize=0
imin=-12,jmin=-1,imax=1,jmax=1,
parameter_minmax=5,
randSeed=7668290,rand_minmax=3,
END_C=true, INEQ_C=false

1331558 steps

Completed with maxf : 3.908734574628778

Constraints at 0.00030351027104079387

x = [0.7747743838205169,-1.560999652166599,2.5609992049185646,-0.2954203339569564,0.9677859938230005,0.32763266274309544,0.290024823474538,-0.6490334326790838,1.6490334326790843,2.2619536052237934,-0.9266597170005987,-0.33529388822319706,1.5778036345550739,1.2591702252851473,0.8589975733843316,1.5962690344282078,0.7644532227127732,0.22211848444465537,-0.5383878792467813,1.8073307769021167,-0.5468144678855968,0.5518758862137569,0.251077676949032,-0.0849145652835741,0.3478396020948103,0.6755859752649958,0.011695568326112767,-0.035124447038239186,-0.8359560628032715,1.1777546039017324,0.29766090117647986,0.36053891942353666,0.8684276583702636,-1.2231410350908525,0.15996731435529954,0.19474367565285813,1.8363680135887575,-1.177730501763152,-0.29705602151398836,-0.361581155203315,-0.8777786765504553,1.2363769218489107,1.701727617327852,-2.0603189941610314]
c0 = [0.0,0.7747743838205169,0.9999995527519656,0.9999983226091396]
c1 = [0.0,0.290024823474538,1.0000000000000004,0.9999999999999977]
A0 = [0.0,0.7747743838205169,-1.560999652166599,-0.2954203339569564,0.0,0.0,2.5609992049185646,0.9677859938230005,0.0,0.0,0.0,0.32763266274309544,0.0,0.0,0.0,0.0]
A1 = [0.0,0.290024823474538,-0.6490334326790838,2.2619536052237934,0.0,0.0,1.6490334326790843,-0.9266597170005987,0.0,0.0,0.0,-0.33529388822319706,0.0,0.0,0.0,0.0]
B0 = [0.0,1.5778036345550739,1.2591702252851473,1.5962690344282078,0.0,0.0,0.8589975733843316,0.7644532227127732,0.0,0.0,0.0,0.22211848444465537,0.0,0.0,0.0,0.0]
B1 = [0.0,-0.5383878792467813,1.8073307769021167,0.5518758862137569,0.0,0.0,-0.5468144678855968,0.251077676949032,0.0,0.0,0.0,-0.0849145652835741,0.0,0.0,0.0,0.0]
α  = [0.3478396020948103,0.6755859752649958,0.011695568326112767,-0.035124447038239186]
β1 = [-0.8359560628032715,1.1777546039017324,0.29766090117647986,0.36053891942353666]
β2 = [0.8684276583702636,-1.2231410350908525,0.15996731435529954,0.19474367565285813]
β3 = [1.8363680135887575,-1.177730501763152,-0.29705602151398836,-0.361581155203315]
β4 = [-0.8777786765504553,1.2363769218489107,1.701727617327852,-2.0603189941610314]


Set[{A021,A031,A032,A041,A042,A043,A121,A131,A132,A141,A142,A143,B021,B031,B032,B041,B042,B043,B121,B131,B132,B141,B142,B143,\[Alpha]1,\[Alpha]2,\[Alpha]3,\[Alpha]4,\[Beta]11,\[Beta]12,\[Beta]13,\[Beta]14,\[Beta]21,\[Beta]22,\[Beta]23,\[Beta]24,\[Beta]31,\[Beta]32,\[Beta]33,\[Beta]34,\[Beta]41,\[Beta]42,\[Beta]43,\[Beta]44},{0.7747743838205169,-1.560999652166599,2.5609992049185646,-0.2954203339569564,0.9677859938230005,0.32763266274309544,0.290024823474538,-0.6490334326790838,1.6490334326790843,2.2619536052237934,-0.9266597170005987,-0.33529388822319706,1.5778036345550739,1.2591702252851473,0.8589975733843316,1.5962690344282078,0.7644532227127732,0.22211848444465537,-0.5383878792467813,1.8073307769021167,-0.5468144678855968,0.5518758862137569,0.251077676949032,-0.0849145652835741,0.3478396020948103,0.6755859752649958,0.011695568326112767,-0.035124447038239186,-0.8359560628032715,1.1777546039017324,0.29766090117647986,0.36053891942353666,0.8684276583702636,-1.2231410350908525,0.15996731435529954,0.19474367565285813,1.8363680135887575,-1.177730501763152,-0.29705602151398836,-0.361581155203315,-0.8777786765504553,1.2363769218489107,1.701727617327852,-2.0603189941610314}]



