
-----------------Setup------------------
Options: alg=LN_AUGLAG_EQ,dx=0.01,max_eval=100000000,popSize=0
imin=-1,jmin=-4,imax=1,jmax=4,
parameter_minmax=5,
randSeed=49506784, rand_minmax=3,
END_C=true, INEQ_C=true

Initial Condition:

[1.70265,1.9412,1.15285,0.106821,1.98382,-2.61526,0.49404,-0.564159,-1.87828,-2.64008,1.57633,-0.219363,1.88742,1.69135,0.0875489,0.63196,-1.7265,2.39495,-2.89144,-1.80434,-2.35206,2.3068,-1.60499,0.239265,0.763891,0.336947,-1.14288,1.12045,-2.98398,2.36747,1.1884,-0.748601,1.15481,0.185409,1.30601,-2.46318,-0.230394,-2.51272,-2.85151,-2.66658,0.178459,-0.49505,-0.992313,-0.162259]

f_1([0.000102826,0.879434,-0.879332,-0.0777477,4.11868,-3.041,0.237002,2.05917,-1.72122,-0.716268,1.06779,-0.0135601,-0.187185,0.259913,-1.11618,2.87553,-0.00471741,2.91213,-0.176846,1.56963,-0.733181,2.0333,-1.88727,-0.513952,1.88496,0.164634,-1.02549,0.0661622,-2.77526,3.47651,0.789086,-0.426908,0.601835,0.887168,0.533178,-1.97764,3.84773,-0.198909,-1.59911,-2.00714,0.949317,-1.26338,0.797511,-0.217207])
3.616176297041633
Max g: 0.9704182577764376
f_2([-8.22638e-24,0.869636,-0.869636,0.127755,4.013,-3.14075,0.273778,2.09618,-1.8224,-0.687217,1.11519,-0.113661,-0.0650167,0.359673,-1.03765,2.82737,-0.00610164,2.88083,-0.164695,1.8865,-0.76213,1.90151,-2.13543,-0.236192,1.79657,0.147023,-1.00074,0.0605975,-2.97028,3.375,0.622006,-0.0176118,0.472331,1.13342,0.307572,-1.87317,3.52868,-0.429952,-0.787253,-2.15208,-0.640007,-1.22986,0.890279,1.13759])
2.5906919832796067
Max g: 0.6687584589720142
f_3([2.25749e-23,0.869636,-0.869636,0.127755,4.013,-3.14075,0.273783,2.09618,-1.8224,-0.687218,1.11519,-0.113665,-0.0650161,0.359673,-1.03765,2.82736,-0.00611345,2.88082,-0.164679,1.8866,-0.762137,1.90147,-2.13549,-0.236107,1.79657,0.147019,-1.00074,0.0605974,-2.97028,3.37499,0.62193,-0.0175327,0.472275,1.13345,0.307537,-1.87311,3.52846,-0.430036,-0.787092,-2.15203,-0.640228,-1.23,0.890208,1.13801])
2.5906919832796067
Max g: 0.6685564744341115
f_4([-9.84531e-23,0.869636,-0.869636,0.127755,4.013,-3.14075,0.273783,2.09618,-1.8224,-0.687218,1.11519,-0.113666,-0.065016,0.359673,-1.03765,2.82736,-0.0061145,2.88082,-0.164678,1.88661,-0.762137,1.90147,-2.1355,-0.236099,1.79657,0.147018,-1.00074,0.0605975,-2.97028,3.37499,0.621923,-0.0175256,0.47227,1.13345,0.307534,-1.8731,3.52844,-0.430044,-0.787077,-2.15203,-0.640248,-1.23001,0.890201,1.13805])
2.5906919832796067
Max g: 0.6685383316320761
f_5([2.82449e-22,0.869636,-0.869636,0.127755,4.013,-3.14075,0.273784,2.09618,-1.8224,-0.687218,1.11519,-0.113666,-0.065016,0.359673,-1.03765,2.82736,-0.00611556,2.88082,-0.164676,1.88662,-0.762138,1.90147,-2.1355,-0.236092,1.79657,0.147018,-1.00074,0.0605975,-2.97028,3.37499,0.621916,-0.0175185,0.472265,1.13346,0.307531,-1.87309,3.52842,-0.430052,-0.787063,-2.15202,-0.640268,-1.23002,0.890195,1.13808])
2.5906919832796067
Max g: 0.6685201900709563
f_6([2.37255e-21,0.869636,-0.869636,0.127755,4.013,-3.14075,0.273784,2.09618,-1.8224,-0.687218,1.11519,-0.113666,-0.0650159,0.359673,-1.03765,2.82736,-0.00611662,2.88082,-0.164675,1.88663,-0.762139,1.90146,-2.13551,-0.236084,1.79657,0.147017,-1.00074,0.0605976,-2.97028,3.37499,0.621909,-0.0175114,0.47226,1.13346,0.307528,-1.87309,3.5284,-0.430059,-0.787048,-2.15202,-0.640288,-1.23004,0.890188,1.13812])
2.5906919832796067
Max g: 0.6685020502845953
f_7([3.64406e-23,0.869636,-0.869636,0.127755,4.013,-3.14075,0.273785,2.09618,-1.8224,-0.687218,1.11519,-0.113667,-0.0650159,0.359672,-1.03765,2.82736,-0.00611767,2.88082,-0.164673,1.88664,-0.762139,1.90146,-2.13551,-0.236077,1.79657,0.147017,-1.00074,0.0605977,-2.97028,3.37499,0.621902,-0.0175043,0.472255,1.13346,0.307525,-1.87308,3.52839,-0.430067,-0.787034,-2.15201,-0.640308,-1.23005,0.890182,1.13816])
2.5906919832796067
Max g: 0.6684839153470047
f_8([1.85576e-22,0.869636,-0.869636,0.127755,4.013,-3.14075,0.273785,2.09618,-1.82239,-0.687218,1.11519,-0.113667,-0.0650159,0.359672,-1.03765,2.82736,-0.00611873,2.88081,-0.164672,1.88665,-0.76214,1.90146,-2.13552,-0.236069,1.79657,0.147017,-1.00074,0.0605977,-2.97029,3.37499,0.621895,-0.0174972,0.47225,1.13346,0.307522,-1.87308,3.52837,-0.430074,-0.78702,-2.15201,-0.640328,-1.23006,0.890175,1.13819])
2.5906919832796067
Max g: 0.6684657788911996
f_9([1.47855e-22,0.869636,-0.869636,0.127755,4.013,-3.14075,0.273786,2.09618,-1.82239,-0.687218,1.11519,-0.113667,-0.0650158,0.359672,-1.03765,2.82736,-0.00611979,2.88081,-0.164671,1.88666,-0.76214,1.90145,-2.13552,-0.236061,1.79657,0.147016,-1.00074,0.0605978,-2.97029,3.37499,0.621888,-0.0174901,0.472245,1.13347,0.307519,-1.87307,3.52835,-0.430082,-0.787005,-2.152,-0.640348,-1.23007,0.890169,1.13823])
2.5906919832796067
Max g: 0.6684476486489538
f_10([5.1932e-22,0.869636,-0.869636,0.127755,4.013,-3.14075,0.273786,2.09618,-1.82239,-0.687218,1.11519,-0.113668,-0.0650158,0.359672,-1.03765,2.82735,-0.00612084,2.88081,-0.164669,1.88667,-0.762141,1.90145,-2.13553,-0.236054,1.79657,0.147016,-1.00074,0.0605979,-2.97029,3.37499,0.621881,-0.017483,0.47224,1.13347,0.307516,-1.87306,3.52833,-0.430089,-0.786991,-2.152,-0.640368,-1.23009,0.890163,1.13827])
2.5906919832796067
{5.193202875974157e-22,0.8696364141053856,-0.8696364141053861,0.12775511306129025,4.012996438671454,-3.1407515517327456,0.27378628251774434,2.0961807322903283,-1.8223944497725837,-0.6872182529963017,1.115190171460322,-0.11366774408408956,-0.06501576284018104,0.359672367964582,-1.0376522061297686,2.827354429126209,-0.006120844441944552,2.8808119732585222,-0.16466914606623703,1.8866667362131655,-0.7621411080038923,1.9014478921462081,-2.1355277516159448,-0.23605380884868943,1.7965653670955966,0.1470159509296633,-1.0007401536580751,0.06059786491732464,-2.9702863548397005,3.374988986881407,0.6218811370768342,-0.017483017047598668,0.47223974478345365,1.1334679080148955,0.3075157223262565,-1.8730630057491215,3.528326176656454,-0.43008920485636587,-0.7869906203938509,-2.1520006475913864,-0.640367844842946,-1.230087406275079,0.8901626292084766,1.1382690693985646}]
Set[{A021,A031,A032,A041,A042,A043,A121,A131,A132,A141,A142,A143,B021,B031,B032,B041,B042,B043,B121,B131,B132,B141,B142,B143,\[Alpha]1,\[Alpha]2,\[Alpha]3,\[Alpha]4,\[Beta]11,\[Beta]12,\[Beta]13,\[Beta]14,\[Beta]21,\[Beta]22,\[Beta]23,\[Beta]24,\[Beta]31,\[Beta]32,\[Beta]33,\[Beta]34,\[Beta]41,\[Beta]42,\[Beta]43,\[Beta]44},{5.193202875974157e-22,0.8696364141053856,-0.8696364141053861,0.12775511306129025,4.012996438671454,-3.1407515517327456,0.27378628251774434,2.0961807322903283,-1.8223944497725837,-0.6872182529963017,1.115190171460322,-0.11366774408408956,-0.06501576284018104,0.359672367964582,-1.0376522061297686,2.827354429126209,-0.006120844441944552,2.8808119732585222,-0.16466914606623703,1.8866667362131655,-0.7621411080038923,1.9014478921462081,-2.1355277516159448,-0.23605380884868943,1.7965653670955966,0.1470159509296633,-1.0007401536580751,0.06059786491732464,-2.9702863548397005,3.374988986881407,0.6218811370768342,-0.017483017047598668,0.47223974478345365,1.1334679080148955,0.3075157223262565,-1.8730630057491215,3.528326176656454,-0.43008920485636587,-0.7869906203938509,-2.1520006475913864,-0.640367844842946,-1.230087406275079,0.8901626292084766,1.1382690693985646}]

Max g: 0.6684295194674816
f_11([-8.86117e-22,0.858203,-0.858203,0.124585,4.01847,-3.14306,0.279503,2.05499,-1.77549,-0.684057,1.11056,-0.128996,-0.0720353,0.358705,-1.03397,2.81641,0.0307117,2.85932,-0.146335,1.9831,-0.748074,1.86519,-2.18213,-0.153651,1.79835,0.151857,-1.00551,0.0604576,-2.96444,3.3793,0.533093,0.0480455,0.40939,1.16623,0.263885,-1.81284,3.34426,-0.634263,-0.604774,-2.05124,-1.02871,-1.3527,0.837109,1.59895])
2.584530530866268
Max g: 0.4793433623397301
f_12([1.26112e-24,0.858203,-0.858203,0.124583,4.01847,-3.14306,0.279528,2.055,-1.77548,-0.684059,1.11055,-0.129007,-0.0720296,0.358696,-1.03398,2.81637,0.0306719,2.85928,-0.146255,1.98338,-0.748068,1.86506,-2.1823,-0.153366,1.79833,0.151839,-1.00551,0.0604499,-2.96444,3.37928,0.532861,0.0482899,0.409259,1.1663,0.263809,-1.81266,3.34398,-0.634312,-0.60442,-2.05078,-1.02898,-1.35304,0.836853,1.60012])
2.583834883013149
Max g: 0.47862282739155404
f_13([4.5396e-22,0.858203,-0.858203,0.124583,4.01847,-3.14306,0.279529,2.055,-1.77548,-0.684059,1.11055,-0.129008,-0.0720293,0.358696,-1.03398,2.81637,0.0306706,2.85928,-0.146253,1.98339,-0.748068,1.86505,-2.18231,-0.153356,1.79832,0.151838,-1.00551,0.0604519,-2.96444,3.37928,0.532853,0.0482983,0.409255,1.1663,0.263806,-1.81265,3.34397,-0.634313,-0.604408,-2.05076,-1.02899,-1.35305,0.836844,1.60016])
2.583834883013149
Max g: 0.47859798446286644
f_14([-2.83956e-22,0.868931,-0.868931,0.207218,3.91358,-3.1208,0.283282,2.07526,-1.79198,-0.643646,1.10137,-0.159992,-0.0631174,0.361219,-1.04122,2.82734,0.0223583,2.85829,-0.138082,1.99071,-0.746884,1.8515,-2.19941,-0.12771,1.79908,0.147295,-1.00635,0.0606051,-2.96172,3.36434,0.522838,0.0674309,0.390917,1.17145,0.261777,-1.79581,3.30256,-0.648999,-0.585018,-1.99347,-1.02793,-1.49615,0.833981,1.73971])
2.555611455829467
Max g: 0.41646956419493797
f_15([2.93258e-24,0.868931,-0.868931,0.207218,3.91358,-3.1208,0.283285,2.07526,-1.79197,-0.643647,1.10136,-0.15999,-0.0631279,0.361225,-1.04122,2.82733,0.0223527,2.85829,-0.138075,1.99075,-0.746882,1.85148,-2.19943,-0.127681,1.79908,0.147295,-1.00635,0.0606052,-2.96172,3.36434,0.522802,0.0674722,0.390898,1.17146,0.261761,-1.79577,3.30251,-0.649014,-0.584979,-1.9934,-1.02797,-1.4962,0.83394,1.73987])
2.555611455829467
Max g: 0.41637151413195195
f_16([-4.34163e-22,0.868931,-0.868931,0.207218,3.91358,-3.1208,0.283289,2.07526,-1.79197,-0.643648,1.10136,-0.159988,-0.0631384,0.36123,-1.04121,2.82732,0.0223471,2.85828,-0.138068,1.99079,-0.74688,1.85147,-2.19945,-0.127652,1.79908,0.147295,-1.00634,0.0606053,-2.96172,3.36434,0.522767,0.0675136,0.390878,1.17147,0.261746,-1.79574,3.30245,-0.64903,-0.58494,-1.99334,-1.028,-1.49626,0.833899,1.74003])
2.555313321035273
Max g: 0.41627340179201067
f_17([-2.9372e-22,0.868931,-0.868931,0.207218,3.91358,-3.1208,0.283293,2.07526,-1.79197,-0.643649,1.10136,-0.159986,-0.0631489,0.361236,-1.04121,2.82732,0.0223416,2.85827,-0.13806,1.99083,-0.746877,1.85146,-2.19946,-0.127623,1.79908,0.147296,-1.00634,0.0606053,-2.96172,3.36434,0.522731,0.0675549,0.390859,1.17147,0.26173,-1.79571,3.3024,-0.649045,-0.584901,-1.99327,-1.02804,-1.49631,0.833858,1.74019])
2.555213942770542
Max g: 0.41617518501192585
f_18([6.16097e-23,0.868931,-0.868931,0.207218,3.91358,-3.1208,0.283296,2.07527,-1.79197,-0.64365,1.10136,-0.159983,-0.0631595,0.361242,-1.0412,2.82731,0.0223361,2.85827,-0.138053,1.99087,-0.746875,1.85145,-2.19948,-0.127594,1.79908,0.147296,-1.00633,0.0606054,-2.96172,3.36433,0.522696,0.0675963,0.390839,1.17148,0.261715,-1.79568,3.30235,-0.64906,-0.584863,-1.99321,-1.02807,-1.49637,0.833817,1.74034])
2.555213942770542
Max g: 0.4160768911062682
f_19([3.48629e-23,0.868931,-0.868931,0.207218,3.91358,-3.1208,0.2833,2.07527,-1.79197,-0.643652,1.10136,-0.159981,-0.06317,0.361247,-1.0412,2.82731,0.0223306,2.85826,-0.138045,1.9909,-0.746872,1.85143,-2.1995,-0.127565,1.79908,0.147296,-1.00633,0.0606054,-2.96171,3.36433,0.52266,0.0676376,0.39082,1.17149,0.261699,-1.79564,3.3023,-0.649075,-0.584824,-1.99314,-1.02811,-1.49642,0.833776,1.7405])
2.555213942770542
Max g: 0.4159786049263817
f_20([-3.04677e-23,0.868931,-0.868931,0.207218,3.91358,-3.1208,0.283304,2.07527,-1.79197,-0.643653,1.10135,-0.159979,-0.0631804,0.361253,-1.04119,2.8273,0.0223251,2.85826,-0.138038,1.99094,-0.74687,1.85142,-2.19952,-0.127536,1.79908,0.147296,-1.00632,0.0606054,-2.96171,3.36433,0.522625,0.0676788,0.3908,1.17149,0.261684,-1.79561,3.30225,-0.649091,-0.584785,-1.99308,-1.02814,-1.49648,0.833735,1.74066])
2.555213942770542
{-3.0467699347163854e-23,0.868931026670512,-0.868931026670512,0.20721798132552685,3.9135824919271647,-3.1208004732526913,0.2833036291195194,2.0752693932536714,-1.7919657641341522,-0.6436528044363322,1.1013548295855857,-0.15997895817780713,-0.06318038290781561,0.3612531278843116,-1.041189526953351,2.8273019787847153,0.022325067435898276,2.8582569564808806,-0.13803811212751033,1.9909428320467468,-0.7468697382093363,1.851419053337857,-2.199517584100159,-0.1275364918332605,1.7990804272286856,0.14729621067164023,-1.0063201002612898,0.06060541683176902,-2.9617120448996346,3.3643279676221756,0.5226247886674158,0.06767879184744835,0.39080047611921204,1.171493518006984,0.26168382677665064,-1.7956108087109062,3.3022508541770517,-0.6490906093013757,-0.5847853496104508,-1.9930789966065288,-1.0281405853022325,-1.4964760362576208,0.8337354410339911,1.7406573368405227}]
Set[{A021,A031,A032,A041,A042,A043,A121,A131,A132,A141,A142,A143,B021,B031,B032,B041,B042,B043,B121,B131,B132,B141,B142,B143,\[Alpha]1,\[Alpha]2,\[Alpha]3,\[Alpha]4,\[Beta]11,\[Beta]12,\[Beta]13,\[Beta]14,\[Beta]21,\[Beta]22,\[Beta]23,\[Beta]24,\[Beta]31,\[Beta]32,\[Beta]33,\[Beta]34,\[Beta]41,\[Beta]42,\[Beta]43,\[Beta]44},{-3.0467699347163854e-23,0.868931026670512,-0.868931026670512,0.20721798132552685,3.9135824919271647,-3.1208004732526913,0.2833036291195194,2.0752693932536714,-1.7919657641341522,-0.6436528044363322,1.1013548295855857,-0.15997895817780713,-0.06318038290781561,0.3612531278843116,-1.041189526953351,2.8273019787847153,0.022325067435898276,2.8582569564808806,-0.13803811212751033,1.9909428320467468,-0.7468697382093363,1.851419053337857,-2.199517584100159,-0.1275364918332605,1.7990804272286856,0.14729621067164023,-1.0063201002612898,0.06060541683176902,-2.9617120448996346,3.3643279676221756,0.5226247886674158,0.06767879184744835,0.39080047611921204,1.171493518006984,0.26168382677665064,-1.7956108087109062,3.3022508541770517,-0.6490906093013757,-0.5847853496104508,-1.9930789966065288,-1.0281405853022325,-1.4964760362576208,0.8337354410339911,1.7406573368405227}]

Max g: 0.4158809647188432
f_21([6.11047e-22,0.868931,-0.868931,0.207218,3.91358,-3.1208,0.283307,2.07527,-1.79196,-0.643654,1.10135,-0.159977,-0.0631908,0.361259,-1.04118,2.8273,0.0223196,2.85825,-0.138031,1.99098,-0.746867,1.85141,-2.19954,-0.127508,1.79908,0.147296,-1.00631,0.0606054,-2.96171,3.36433,0.52259,0.0677198,0.390781,1.1715,0.261668,-1.79558,3.3022,-0.649106,-0.584747,-1.99301,-1.02818,-1.49653,0.833695,1.74081])
2.555213942770542
Max g: 0.41578365562130926
f_22([-1.82046e-21,0.868931,-0.868931,0.207218,3.91358,-3.1208,0.283311,2.07527,-1.79196,-0.643655,1.10135,-0.159974,-0.0632011,0.361264,-1.04118,2.82729,0.0223141,2.85825,-0.138023,1.99102,-0.746865,1.85139,-2.19955,-0.127479,1.79908,0.147297,-1.00631,0.0606054,-2.96171,3.36432,0.522554,0.0677608,0.390762,1.17151,0.261653,-1.79555,3.30215,-0.649121,-0.584708,-1.99295,-1.02821,-1.49658,0.833654,1.74097])
2.55511456450581
Max g: 0.4156865969989513
f_23([1.36644e-22,0.868536,-0.868536,0.211626,3.90905,-3.12067,0.286928,2.05617,-1.76924,-0.63974,1.0999,-0.162573,-0.0768346,0.361721,-1.04143,2.82334,0.0115415,2.85047,-0.131062,2.01133,-0.747346,1.84101,-2.21276,-0.104991,1.79423,0.147546,-0.998719,0.0609929,-2.95948,3.35608,0.501876,0.0938556,0.373343,1.17136,0.251841,-1.76498,3.25983,-0.669012,-0.560838,-1.94094,-1.03286,-1.63815,0.81992,1.88696])
2.5532263774759163
Max g: 0.3514714647620892
f_24([-4.81034e-21,0.868536,-0.868536,0.211626,3.90904,-3.12067,0.286931,2.05617,-1.76924,-0.639742,1.0999,-0.162574,-0.0768407,0.361722,-1.04143,2.82333,0.0115351,2.85046,-0.131053,2.01137,-0.747344,1.841,-2.21278,-0.104966,1.79423,0.147544,-0.998718,0.0609932,-2.95947,3.35607,0.501848,0.0938987,0.373319,1.17136,0.251828,-1.76495,3.25976,-0.669038,-0.560805,-1.94087,-1.03289,-1.63821,0.819881,1.88712])
2.5531269992111847
Max g: 0.3513700412776135
f_25([-2.16332e-22,0.868536,-0.868536,0.211626,3.90904,-3.12067,0.286933,2.05617,-1.76924,-0.639743,1.0999,-0.162574,-0.0768467,0.361723,-1.04143,2.82332,0.0115286,2.85046,-0.131044,2.0114,-0.747343,1.84099,-2.21279,-0.10494,1.79423,0.147542,-0.998717,0.0609935,-2.95947,3.35607,0.50182,0.0939418,0.373295,1.17137,0.251816,-1.76492,3.2597,-0.669064,-0.560772,-1.94081,-1.03292,-1.63827,0.819842,1.88727])
2.5531269992111847
Max g: 0.35126870661178616
f_26([-1.83531e-22,0.868536,-0.868536,0.211626,3.90904,-3.12067,0.286936,2.05617,-1.76923,-0.639745,1.0999,-0.162575,-0.0768528,0.361723,-1.04143,2.82332,0.0115222,2.85045,-0.131036,2.01144,-0.747341,1.84098,-2.21281,-0.104915,1.79423,0.14754,-0.998716,0.0609938,-2.95947,3.35606,0.501791,0.0939849,0.373272,1.17137,0.251804,-1.76489,3.25963,-0.66909,-0.560739,-1.94074,-1.03295,-1.63833,0.819803,1.88743])
2.5531269992111847
Max g: 0.351167486712768
f_27([-5.8059e-23,0.868536,-0.868536,0.211626,3.90904,-3.12067,0.286939,2.05617,-1.76923,-0.639746,1.09989,-0.162575,-0.0768589,0.361724,-1.04143,2.82331,0.0115158,2.85044,-0.131027,2.01148,-0.74734,1.84097,-2.21282,-0.10489,1.79422,0.147538,-0.998715,0.0609941,-2.95947,3.35605,0.501763,0.0940279,0.373248,1.17137,0.251791,-1.76486,3.25956,-0.669116,-0.560706,-1.94068,-1.03298,-1.63839,0.819764,1.88758])
2.5531269992111847
Max g: 0.35106641337748334
f_28([5.92985e-22,0.868536,-0.868536,0.211626,3.90904,-3.12067,0.286941,2.05617,-1.76923,-0.639748,1.09989,-0.162576,-0.0768649,0.361725,-1.04143,2.8233,0.0115094,2.85044,-0.131018,2.01151,-0.747338,1.84095,-2.21284,-0.104864,1.79422,0.147535,-0.998714,0.0609944,-2.95947,3.35604,0.501735,0.0940709,0.373224,1.17137,0.251779,-1.76482,3.2595,-0.669142,-0.560673,-1.94061,-1.033,-1.63845,0.819725,1.88773])
2.5531269992111847
Max g: 0.35096551336611037
f_29([-5.52447e-23,0.868536,-0.868536,0.211626,3.90904,-3.12067,0.286944,2.05617,-1.76923,-0.639749,1.09989,-0.162576,-0.0768709,0.361725,-1.04143,2.8233,0.0115029,2.85043,-0.131009,2.01155,-0.747336,1.84094,-2.21285,-0.104839,1.79422,0.147533,-0.998713,0.0609947,-2.95946,3.35604,0.501707,0.0941138,0.3732,1.17138,0.251767,-1.76479,3.25943,-0.669168,-0.56064,-1.94055,-1.03303,-1.63851,0.819686,1.88789])
2.5531269992111847
Max g: 0.35086468640027113
f_30([1.00671e-21,0.868536,-0.868536,0.211626,3.90904,-3.12067,0.286946,2.05618,-1.76923,-0.63975,1.09989,-0.162577,-0.076877,0.361726,-1.04143,2.82329,0.0114965,2.85042,-0.131001,2.01158,-0.747335,1.84093,-2.21287,-0.104814,1.79421,0.147531,-0.998712,0.060995,-2.95946,3.35603,0.501679,0.0941567,0.373176,1.17138,0.251754,-1.76476,3.25936,-0.669194,-0.560607,-1.94048,-1.03306,-1.63857,0.819647,1.88804])
2.5531269992111847
{1.0067139357731444e-21,0.868535659127702,-0.868535659127702,0.21162614205990898,3.909044917240802,-3.120671059300712,0.28694615918588456,2.056175183048188,-1.7692290238623027,-0.6397504462838935,1.0998857762723464,-0.16257682118653646,-0.07687696657468633,0.3617258436073892,-1.041428649654438,2.823290767007997,0.01149653500242809,2.8504246756395184,-0.13100080597404004,2.0115834076852863,-0.7473349014398827,1.840931178844453,-2.212869434804737,-0.10481390440423208,1.7942148687847612,0.14753140033755308,-0.9987123194656178,0.060994981375568635,-2.9594619588410436,3.3560309274795843,0.5016786305086323,0.09415667532146006,0.3731763891417992,1.1713780205787996,0.2517543901931087,-1.7647590115721103,3.2593629177346854,-0.669194016996645,-0.5606073115546957,-1.940481530089726,-1.033061303129091,-1.638570873943481,0.8196472560317931,1.8880415508522348}]
Set[{A021,A031,A032,A041,A042,A043,A121,A131,A132,A141,A142,A143,B021,B031,B032,B041,B042,B043,B121,B131,B132,B141,B142,B143,\[Alpha]1,\[Alpha]2,\[Alpha]3,\[Alpha]4,\[Beta]11,\[Beta]12,\[Beta]13,\[Beta]14,\[Beta]21,\[Beta]22,\[Beta]23,\[Beta]24,\[Beta]31,\[Beta]32,\[Beta]33,\[Beta]34,\[Beta]41,\[Beta]42,\[Beta]43,\[Beta]44},{1.0067139357731444e-21,0.868535659127702,-0.868535659127702,0.21162614205990898,3.909044917240802,-3.120671059300712,0.28694615918588456,2.056175183048188,-1.7692290238623027,-0.6397504462838935,1.0998857762723464,-0.16257682118653646,-0.07687696657468633,0.3617258436073892,-1.041428649654438,2.823290767007997,0.01149653500242809,2.8504246756395184,-0.13100080597404004,2.0115834076852863,-0.7473349014398827,1.840931178844453,-2.212869434804737,-0.10481390440423208,1.7942148687847612,0.14753140033755308,-0.9987123194656178,0.060994981375568635,-2.9594619588410436,3.3560309274795843,0.5016786305086323,0.09415667532146006,0.3731763891417992,1.1713780205787996,0.2517543901931087,-1.7647590115721103,3.2593629177346854,-0.669194016996645,-0.5606073115546957,-1.940481530089726,-1.033061303129091,-1.638570873943481,0.8196472560317931,1.8880415508522348}]

Max g: 0.35076403599174766
f_31([3.11717e-21,0.868536,-0.868536,0.211626,3.90904,-3.12067,0.286949,2.05618,-1.76923,-0.639752,1.09988,-0.162577,-0.076883,0.361726,-1.04143,2.82328,0.0114901,2.85042,-0.130992,2.01162,-0.747333,1.84092,-2.21288,-0.104789,1.79421,0.147529,-0.998711,0.0609953,-2.95946,3.35602,0.501651,0.0941995,0.373153,1.17138,0.251742,-1.76473,3.2593,-0.66922,-0.560575,-1.94042,-1.03309,-1.63863,0.819608,1.8882])
2.5530276209464535
Max g: 0.3506634614899015
f_32([2.56336e-21,0.868536,-0.868536,0.211626,3.90904,-3.12067,0.286951,2.05618,-1.76923,-0.639753,1.09988,-0.162578,-0.076889,0.361727,-1.04143,2.82328,0.0114837,2.85041,-0.130983,2.01166,-0.747332,1.84091,-2.2129,-0.104763,1.79421,0.147527,-0.99871,0.0609956,-2.95946,3.35602,0.501622,0.0942423,0.373129,1.17138,0.25173,-1.7647,3.25923,-0.669246,-0.560542,-1.94035,-1.03312,-1.63869,0.81957,1.88835])
2.5530276209464535
Max g: 0.35056311962979503
f_33([2.63657e-21,0.868536,-0.868536,0.211626,3.90904,-3.12067,0.286954,2.05618,-1.76923,-0.639755,1.09988,-0.162578,-0.0768951,0.361728,-1.04143,2.82327,0.0114774,2.85041,-0.130975,2.01169,-0.74733,1.8409,-2.21292,-0.104738,1.79421,0.147525,-0.998709,0.0609959,-2.95946,3.35601,0.501594,0.094285,0.373105,1.17139,0.251718,-1.76466,3.25916,-0.669272,-0.560509,-1.94029,-1.03315,-1.63875,0.819531,1.8885])
2.5530276209464535
Max g: 0.3504629557322543
f_34([7.08776e-22,0.868536,-0.868536,0.211626,3.90904,-3.12067,0.286956,2.05618,-1.76922,-0.639756,1.09988,-0.162579,-0.0769011,0.361728,-1.04143,2.82327,0.011471,2.8504,-0.130966,2.01173,-0.747329,1.84089,-2.21293,-0.104713,1.7942,0.147523,-0.998708,0.0609962,-2.95945,3.356,0.501566,0.0943277,0.373082,1.17139,0.251705,-1.76463,3.2591,-0.669298,-0.560476,-1.94022,-1.03317,-1.63881,0.819492,1.88865])
2.5530276209464535
Max g: 0.350362874408318
f_35([3.29116e-21,0.868536,-0.868536,0.211626,3.90904,-3.12067,0.286959,2.05618,-1.76922,-0.639757,1.09987,-0.162579,-0.0769071,0.361729,-1.04143,2.82326,0.0114646,2.85039,-0.130958,2.01176,-0.747327,1.84087,-2.21295,-0.104688,1.7942,0.147521,-0.998707,0.0609965,-2.95945,3.356,0.501538,0.0943703,0.373058,1.17139,0.251693,-1.7646,3.25903,-0.669323,-0.560444,-1.94016,-1.0332,-1.63887,0.819454,1.88881])
2.5529282426817224
Max g: 0.35026286207571944
f_36([8.24709e-21,0.868536,-0.868536,0.211626,3.90904,-3.12067,0.286961,2.05618,-1.76922,-0.639759,1.09987,-0.16258,-0.0769131,0.36173,-1.04142,2.82325,0.0114582,2.85039,-0.130949,2.0118,-0.747325,1.84086,-2.21296,-0.104663,1.7942,0.147519,-0.998706,0.0609968,-2.95945,3.35599,0.501511,0.0944129,0.373034,1.17139,0.251681,-1.76457,3.25896,-0.669349,-0.560411,-1.94009,-1.03323,-1.63893,0.819415,1.88896])
2.5529282426817224
Max g: 0.3501630644986961
f_37([3.54786e-21,0.868536,-0.868536,0.211626,3.90904,-3.12067,0.286964,2.05618,-1.76922,-0.63976,1.09987,-0.16258,-0.0769191,0.36173,-1.04142,2.82325,0.0114519,2.85038,-0.13094,2.01183,-0.747324,1.84085,-2.21298,-0.104638,1.7942,0.147517,-0.998705,0.0609971,-2.95945,3.35598,0.501483,0.0944555,0.373011,1.1714,0.251669,-1.76454,3.2589,-0.669375,-0.560379,-1.94003,-1.03326,-1.63899,0.819377,1.88911])
2.5529282426817224
Max g: 0.3500633663332865
f_38([2.28456e-21,0.868536,-0.868536,0.211626,3.90904,-3.12067,0.286967,2.05619,-1.76922,-0.639762,1.09987,-0.16258,-0.0769252,0.361731,-1.04142,2.82324,0.0114455,2.85037,-0.130932,2.01187,-0.747322,1.84084,-2.21299,-0.104613,1.79419,0.147515,-0.998704,0.0609974,-2.95944,3.35598,0.501455,0.094498,0.372987,1.1714,0.251657,-1.7645,3.25883,-0.669401,-0.560346,-1.93997,-1.03329,-1.63905,0.819338,1.88927])
2.5529282426817224
Max g: 0.3499638038770363
f_39([1.95015e-20,0.868536,-0.868536,0.211626,3.90904,-3.12067,0.286969,2.05619,-1.76922,-0.639763,1.09986,-0.162581,-0.0769312,0.361731,-1.04142,2.82323,0.0114392,2.85037,-0.130923,2.0119,-0.747321,1.84083,-2.21301,-0.104587,1.79419,0.147513,-0.998703,0.0609977,-2.95944,3.35597,0.501427,0.0945405,0.372963,1.1714,0.251644,-1.76447,3.25877,-0.669426,-0.560314,-1.9399,-1.03332,-1.63911,0.8193,1.88942])
2.552828864416991
Max g: 0.3498643746047645
f_40([-2.76101e-30,0.872078,-0.872078,0.213979,3.90976,-3.12373,0.290919,2.06926,-1.77834,-0.637524,1.09687,-0.166142,-0.0829797,0.358594,-1.03805,2.81388,0.00127736,2.8525,-0.12563,2.02966,-0.748322,1.83592,-2.22262,-0.0866177,1.78103,0.148856,-0.996447,0.0613494,-2.95446,3.33606,0.485576,0.12588,0.358196,1.16841,0.243749,-1.74131,3.22367,-0.697133,-0.543372,-1.89861,-1.04551,-1.82084,0.805714,2.09235])
2.549549381680859
{-2.7610131682735413e-30,0.8720783173662972,-0.872078317366297,0.2139790212520534,3.9097550914037202,-3.123734112655774,0.29091944870321335,2.0692567022209323,-1.7783372535177189,-0.6375235386768072,1.0968678318115683,-0.16614240795464055,-0.08297970540578829,0.3585939112733586,-1.0380504499325844,2.8138770413846697,0.0012773618305949037,2.8525030616251517,-0.12562989360571136,2.02965779159817,-0.7483215582790115,1.8359241794511485,-2.222618764149498,-0.08661772817402408,1.781028580567732,0.14885584374005206,-0.9964466649960002,0.061349375315297355,-2.9544569521560176,3.3360574692497833,0.4855758764057996,0.12587991968958076,0.35819596477595195,1.1684098288375415,0.2437494354043523,-1.7413094379525285,3.223670723416222,-0.6971334670811614,-0.5433715538141835,-1.898606723480905,-1.0455089491854088,-1.8208372908543777,0.80571366534872,2.0923471269194334}]
Set[{A021,A031,A032,A041,A042,A043,A121,A131,A132,A141,A142,A143,B021,B031,B032,B041,B042,B043,B121,B131,B132,B141,B142,B143,\[Alpha]1,\[Alpha]2,\[Alpha]3,\[Alpha]4,\[Beta]11,\[Beta]12,\[Beta]13,\[Beta]14,\[Beta]21,\[Beta]22,\[Beta]23,\[Beta]24,\[Beta]31,\[Beta]32,\[Beta]33,\[Beta]34,\[Beta]41,\[Beta]42,\[Beta]43,\[Beta]44},{-2.7610131682735413e-30,0.8720783173662972,-0.872078317366297,0.2139790212520534,3.9097550914037202,-3.123734112655774,0.29091944870321335,2.0692567022209323,-1.7783372535177189,-0.6375235386768072,1.0968678318115683,-0.16614240795464055,-0.08297970540578829,0.3585939112733586,-1.0380504499325844,2.8138770413846697,0.0012773618305949037,2.8525030616251517,-0.12562989360571136,2.02965779159817,-0.7483215582790115,1.8359241794511485,-2.222618764149498,-0.08661772817402408,1.781028580567732,0.14885584374005206,-0.9964466649960002,0.061349375315297355,-2.9544569521560176,3.3360574692497833,0.4855758764057996,0.12587991968958076,0.35819596477595195,1.1684098288375415,0.2437494354043523,-1.7413094379525285,3.223670723416222,-0.6971334670811614,-0.5433715538141835,-1.898606723480905,-1.0455089491854088,-1.8208372908543777,0.80571366534872,2.0923471269194334}]

Max g: 0.31816091656627393
f_41([4.31506e-16,0.87129,-0.87129,0.230179,3.89314,-3.12332,0.298116,2.07216,-1.77404,-0.636385,1.0956,-0.161098,-0.0816434,0.35595,-1.03156,2.80431,-0.0579741,2.8257,-0.125282,2.06576,-0.7606,1.82575,-2.23566,-0.066798,1.79212,0.143354,-0.997144,0.0633054,-2.9595,3.31104,0.464609,0.170997,0.325244,1.15064,0.237798,-1.69051,3.02493,-0.854119,-0.501406,-1.61502,-1.05103,-2.27957,0.793803,2.51971])
2.5432885510027887
Max g: 0.30823672049655887
f_42([-7.75423e-25,0.873667,-0.873667,0.251098,3.90332,-3.15442,0.3133,2.09417,-1.78087,-0.666857,1.12828,-0.148128,-0.0861611,0.311897,-0.99597,2.73669,-0.105646,2.84982,-0.155303,2.10268,-0.8128,1.82225,-2.23136,-0.101238,1.77113,0.144169,-0.97771,0.0655121,-2.9016,3.21216,0.489187,0.163911,0.168599,1.18781,0.257084,-1.58362,2.73397,-1.13683,-0.479804,-1.10902,-0.923603,-2.67159,0.78834,2.78564])
2.5347420202358992
Max g: 0.2827187127335131
f_43([-4.52418e-22,0.871435,-0.871435,0.247886,3.90834,-3.15623,0.318312,2.09574,-1.77743,-0.667396,1.12929,-0.143581,-0.0815273,0.312118,-0.993317,2.73102,-0.11154,2.85334,-0.16358,2.10808,-0.827477,1.8219,-2.23172,-0.112345,1.77159,0.142421,-0.980198,0.0655977,-2.86735,3.18188,0.496541,0.145269,0.123209,1.17265,0.268078,-1.54816,2.70764,-1.2031,-0.481934,-1.00579,-0.871671,-2.74121,0.789339,2.79585])
2.5356364246184806
Max g: 0.2686480379733822
f_44([5.90658e-20,0.864818,-0.864818,0.245724,3.90473,-3.15047,0.328153,2.10139,-1.77323,-0.663214,1.13981,-0.143462,-0.0702956,0.321458,-0.993486,2.6897,-0.133769,2.82674,-0.183816,2.11231,-0.858724,1.82192,-2.22664,-0.143654,1.78255,0.1306,-0.978511,0.067191,-2.7529,3.11153,0.517314,0.0811851,0.0812584,1.09995,0.28886,-1.45584,2.66054,-1.33276,-0.491526,-0.838624,-0.760332,-2.86761,0.797613,2.79793])
2.5503444077987094
Max g: 0.25280809478880917
f_45([-1.1454e-20,0.875472,-0.875472,0.234703,3.88694,-3.12164,0.342228,2.11038,-1.76815,-0.66618,1.17088,-0.141491,-0.0882964,0.331158,-1.00075,2.67039,-0.161876,2.76801,-0.214584,2.11387,-0.901606,1.82161,-2.21171,-0.196127,1.77355,0.141716,-0.982035,0.0700983,-2.62292,3.02851,0.55007,-0.0102289,-0.00493241,1.03763,0.324285,-1.34809,2.568,-1.4003,-0.510482,-0.649442,-0.578058,-3.1089,0.806221,2.82748])
2.5580959124477487
Max g: 0.23893886848676404
f_46([1.34178e-21,0.875471,-0.875471,0.234703,3.88694,-3.12164,0.342272,2.1104,-1.76813,-0.666133,1.17097,-0.141475,-0.0881106,0.331092,-1.00082,2.67009,-0.162177,2.76771,-0.214835,2.11384,-0.901878,1.82167,-2.21155,-0.196625,1.77345,0.141655,-0.982001,0.0701275,-2.62233,3.02811,0.550403,-0.0107491,-0.00519485,1.03727,0.324483,-1.34761,2.56778,-1.4008,-0.510696,-0.648553,-0.576497,-3.10985,0.806259,2.82735])
2.5580959124477487
Max g: 0.2388936490307801
f_47([4.85749e-22,0.875472,-0.875472,0.234702,3.88694,-3.12164,0.3423,2.11041,-1.76811,-0.666103,1.17102,-0.141466,-0.0879914,0.331051,-1.00086,2.6699,-0.162371,2.76751,-0.214995,2.11381,-0.902052,1.8217,-2.21144,-0.196943,1.77339,0.141615,-0.981978,0.0701461,-2.62196,3.02785,0.550614,-0.0110827,-0.00536319,1.03705,0.32461,-1.3473,2.56763,-1.40112,-0.510834,-0.647983,-0.575497,-3.11046,0.806283,2.82726])
2.558294668977211
Max g: 0.23885978818974796
f_48([1.03463e-20,0.875472,-0.875472,0.234702,3.88694,-3.12164,0.342327,2.11043,-1.7681,-0.666073,1.17108,-0.141458,-0.0878725,0.331009,-1.0009,2.6697,-0.162564,2.76732,-0.215155,2.11379,-0.902226,1.82174,-2.21134,-0.19726,1.77333,0.141576,-0.981956,0.0701642,-2.62158,3.0276,0.550824,-0.0114152,-0.00553112,1.03682,0.324737,-1.34699,2.56749,-1.40144,-0.510971,-0.647415,-0.5745,-3.11106,0.806306,2.82717])
2.558294668977211
Max g: 0.23882436701972776
f_49([9.32646e-21,0.875472,-0.875472,0.234701,3.88694,-3.12164,0.342355,2.11044,-1.76809,-0.666044,1.17113,-0.14145,-0.0877536,0.330968,-1.00094,2.66951,-0.162757,2.76712,-0.215314,2.11377,-0.902399,1.82178,-2.21124,-0.197576,1.77327,0.141536,-0.981934,0.0701818,-2.62121,3.02735,0.551033,-0.0117467,-0.0056986,1.03659,0.324865,-1.34668,2.56734,-1.40175,-0.511109,-0.646848,-0.573506,-3.11166,0.806329,2.82708])
2.5580959124477487
Max g: 0.2387877823155325
f_50([1.02935e-20,0.875473,-0.875473,0.2347,3.88694,-3.12164,0.342382,2.11045,-1.76807,-0.666014,1.17118,-0.141442,-0.0876349,0.330926,-1.00098,2.66932,-0.162949,2.76693,-0.215473,2.11375,-0.902571,1.82182,-2.21114,-0.197891,1.77321,0.141496,-0.981911,0.0701993,-2.62083,3.02709,0.55124,-0.0120773,-0.00586563,1.03637,0.324992,-1.34638,2.5672,-1.40207,-0.511246,-0.646283,-0.572515,-3.11227,0.806352,2.82699])
2.5579965341830175
{1.0293544507393096e-20,0.8754727327203776,-0.875472732720378,0.2347004935325411,3.886941344297522,-3.121641837830062,0.3423821760846496,2.1104535886580975,-1.7680714125734474,-0.6660142320612963,1.171183676267072,-0.14144217458073308,-0.08763487481355735,0.3309261311072149,-1.000979800529745,2.6693195120402318,-0.16294923051949128,2.7669306799904785,-0.21547274884453846,2.1137476739430956,-0.9025714398533318,1.8218164989125565,-2.2111382595916127,-0.19789095634263693,1.7732080260018679,0.14149616987826535,-0.9819113288450146,0.07019925060706853,-2.6208320682383204,3.027093474940608,0.5512404578442579,-0.012077299731005856,-0.005865627564799273,1.03636803268503,0.3249922618009663,-1.3463764186076166,2.5671992040046305,-1.4020696476480967,-0.5112463818919155,-0.6462827972285512,-0.5725151629561019,-3.1122656559122537,0.8063516693622541,2.8269897051940975}]
Set[{A021,A031,A032,A041,A042,A043,A121,A131,A132,A141,A142,A143,B021,B031,B032,B041,B042,B043,B121,B131,B132,B141,B142,B143,\[Alpha]1,\[Alpha]2,\[Alpha]3,\[Alpha]4,\[Beta]11,\[Beta]12,\[Beta]13,\[Beta]14,\[Beta]21,\[Beta]22,\[Beta]23,\[Beta]24,\[Beta]31,\[Beta]32,\[Beta]33,\[Beta]34,\[Beta]41,\[Beta]42,\[Beta]43,\[Beta]44},{1.0293544507393096e-20,0.8754727327203776,-0.875472732720378,0.2347004935325411,3.886941344297522,-3.121641837830062,0.3423821760846496,2.1104535886580975,-1.7680714125734474,-0.6660142320612963,1.171183676267072,-0.14144217458073308,-0.08763487481355735,0.3309261311072149,-1.000979800529745,2.6693195120402318,-0.16294923051949128,2.7669306799904785,-0.21547274884453846,2.1137476739430956,-0.9025714398533318,1.8218164989125565,-2.2111382595916127,-0.19789095634263693,1.7732080260018679,0.14149616987826535,-0.9819113288450146,0.07019925060706853,-2.6208320682383204,3.027093474940608,0.5512404578442579,-0.012077299731005856,-0.005865627564799273,1.03636803268503,0.3249922618009663,-1.3463764186076166,2.5671992040046305,-1.4020696476480967,-0.5112463818919155,-0.6462827972285512,-0.5725151629561019,-3.1122656559122537,0.8063516693622541,2.8269897051940975}]

Max g: 0.23874939814933566
f_51([2.28026e-20,0.875473,-0.875473,0.2347,3.88694,-3.12164,0.342409,2.11047,-1.76806,-0.665985,1.17124,-0.141435,-0.0875162,0.330885,-1.00102,2.66913,-0.163141,2.76674,-0.215631,2.11373,-0.902743,1.82185,-2.21104,-0.198205,1.77315,0.141456,-0.981889,0.0702165,-2.62046,3.02684,0.551447,-0.0124071,-0.00603216,1.03614,0.32512,-1.34607,2.56706,-1.40238,-0.511384,-0.645719,-0.571527,-3.11287,0.806374,2.8269])
2.5580959124477487
Max g: 0.23871011204172776
f_52([2.21038e-21,0.875474,-0.875474,0.2347,3.88694,-3.12164,0.342436,2.11048,-1.76804,-0.665956,1.17129,-0.141428,-0.0873977,0.330843,-1.00106,2.66894,-0.163332,2.76654,-0.215788,2.1137,-0.902915,1.82189,-2.21094,-0.198518,1.77309,0.141416,-0.981867,0.0702336,-2.62009,3.02659,0.551653,-0.012736,-0.00619822,1.03592,0.325247,-1.34577,2.56692,-1.4027,-0.511521,-0.645156,-0.570541,-3.11346,0.806397,2.82681])
2.5579965341830175
Max g: 0.23867048894127135
f_53([1.02038e-21,0.875474,-0.875474,0.2347,3.88694,-3.12164,0.342463,2.11049,-1.76803,-0.665927,1.17134,-0.141421,-0.0872792,0.330802,-1.0011,2.66875,-0.163523,2.76635,-0.215945,2.11368,-0.903086,1.82193,-2.21084,-0.198829,1.77303,0.141377,-0.981845,0.0702505,-2.61971,3.02634,0.551859,-0.013064,-0.00636379,1.03569,0.325375,-1.34546,2.56677,-1.40301,-0.511658,-0.644595,-0.569557,-3.11406,0.806419,2.82672])
2.5579965341830175
Max g: 0.23862983202288007
f_54([3.08409e-22,0.875475,-0.875475,0.2347,3.88694,-3.12164,0.342489,2.1105,-1.76802,-0.665897,1.17139,-0.141414,-0.087161,0.330761,-1.00114,2.66856,-0.163714,2.76616,-0.216101,2.11366,-0.903256,1.82196,-2.21074,-0.199138,1.77297,0.141337,-0.981823,0.0702677,-2.61935,3.02609,0.552063,-0.0133894,-0.00652833,1.03547,0.325501,-1.34516,2.56663,-1.40332,-0.511794,-0.644037,-0.56858,-3.11466,0.806441,2.82664])
2.5579965341830175
Max g: 0.23858905532926383
f_55([-4.81711e-21,0.875476,-0.875476,0.2347,3.88694,-3.12164,0.342515,2.11052,-1.768,-0.665869,1.17144,-0.141408,-0.0870409,0.330722,-1.00117,2.66837,-0.163905,2.76597,-0.216256,2.11364,-0.903424,1.822,-2.21064,-0.199442,1.77292,0.141297,-0.981802,0.0702854,-2.61898,3.02585,0.552265,-0.0137104,-0.00669147,1.03525,0.325627,-1.34486,2.56649,-1.40363,-0.511928,-0.643485,-0.567615,-3.11524,0.806463,2.82655])
2.5580959124477487
Max g: 0.2385446255876265
f_56([4.48392e-22,0.875477,-0.875477,0.2347,3.88694,-3.12164,0.342541,2.11053,-1.76799,-0.665839,1.17149,-0.141403,-0.0869203,0.330683,-1.00121,2.66818,-0.164095,2.76578,-0.21641,2.11362,-0.903592,1.82203,-2.21054,-0.199744,1.77286,0.141257,-0.981782,0.070303,-2.61862,3.0256,0.552466,-0.0140302,-0.0068542,1.03503,0.325751,-1.34457,2.56635,-1.40394,-0.512063,-0.642936,-0.566653,-3.11583,0.806484,2.82646])
2.5583940472419426
Max g: 0.23849923098532044
f_57([-2.21525e-27,0.985403,-0.985403,0.230307,3.89248,-3.12278,0.349,2.11579,-1.76679,-0.661043,1.17714,-0.137,-0.0803701,0.326545,-1.00224,2.64413,-0.174541,2.73919,-0.224678,2.11591,-0.913631,1.82076,-2.207,-0.214262,1.77387,0.125161,-0.966658,0.0719705,-2.53799,2.96546,0.55649,-0.036236,-0.0193233,1.01531,0.334655,-1.31961,2.56909,-1.42649,-0.519197,-0.610351,-0.458585,-3.21054,0.799837,2.81959])
2.576679647952497
Max g: 0.22756246250149498
f_58([-1.87862e-10,0.987401,-0.987401,0.199072,3.88128,-3.08035,0.35632,2.22174,-1.86542,-0.626954,1.15981,-0.134245,0.0421726,0.31065,-0.993257,3.10899,-0.241084,2.55399,-0.237577,2.10676,-0.918175,1.82514,-2.2058,-0.23851,1.80419,0.0838915,-0.953568,0.0665392,-2.48404,2.91191,0.569347,-0.0564857,-0.0569936,1.00682,0.348094,-1.28646,2.51583,-1.43428,-0.524241,-0.546936,-0.338682,-3.32178,0.794705,2.81243])
2.507114862640605
Max g: 0.22061598090446927
f_59([6.4371e-28,0.990404,-0.990404,0.0544338,3.97444,-3.02887,0.374263,2.2316,-1.85734,-0.626987,1.17793,-0.116047,-0.0622126,0.362005,-1.088,3.50561,-0.376811,2.53811,-0.26992,2.10414,-0.916853,1.81664,-2.18926,-0.286312,1.80398,0.0645691,-0.924874,0.0621896,-2.32064,2.86365,0.574903,-0.174138,-0.0909358,0.967126,0.364888,-1.22917,2.45225,-1.49705,-0.526956,-0.409467,-0.164252,-3.39254,0.754257,2.75338])
2.570617573803889
Max g: 0.21119236573405087
f_60([-3.16611e-19,0.991352,-0.991352,0.0513864,3.97386,-3.02525,0.380854,2.23296,-1.85211,-0.622113,1.18462,-0.107898,-0.0580682,0.364139,-1.08764,3.47351,-0.387677,2.52213,-0.28222,2.10053,-0.91587,1.80799,-2.18408,-0.303692,1.79816,0.0589846,-0.918099,0.063337,-2.28518,2.84506,0.580852,-0.203044,-0.12434,0.953831,0.373411,-1.18899,2.40789,-1.50922,-0.526574,-0.357569,-0.0718194,-3.43299,0.736405,2.71279])
2.5675368475972196
{-3.166110355308354e-19,0.9913519331039102,-0.9913519331039102,0.051386382800565386,3.9738604636543715,-3.0252468464549387,0.38085409965372785,2.232960597222039,-1.8521064975683101,-0.622112695680646,1.1846236815619633,-0.1078984732095027,-0.058068185643193,0.3641389668684315,-1.0876395446764742,3.4735055867457887,-0.3876774129587667,2.5221290775662855,-0.282219524253405,2.100529070765348,-0.9158696309620109,1.8079892252174237,-2.1840824341797216,-0.3036916678825762,1.7981634639085198,0.05898456295693819,-0.9180994105018734,0.06333697693539198,-2.285179173544573,2.8450620037652663,0.580852264132369,-0.2030441769909789,-0.12433975319806126,0.9538311668735999,0.37341057692157736,-1.1889866669587776,2.4078863922935514,-1.5092151211451903,-0.5265743573879126,-0.3575694703147077,-0.07181935737058794,-3.432986910007463,0.7364045813957654,2.7127939137839707}]
Set[{A021,A031,A032,A041,A042,A043,A121,A131,A132,A141,A142,A143,B021,B031,B032,B041,B042,B043,B121,B131,B132,B141,B142,B143,\[Alpha]1,\[Alpha]2,\[Alpha]3,\[Alpha]4,\[Beta]11,\[Beta]12,\[Beta]13,\[Beta]14,\[Beta]21,\[Beta]22,\[Beta]23,\[Beta]24,\[Beta]31,\[Beta]32,\[Beta]33,\[Beta]34,\[Beta]41,\[Beta]42,\[Beta]43,\[Beta]44},{-3.166110355308354e-19,0.9913519331039102,-0.9913519331039102,0.051386382800565386,3.9738604636543715,-3.0252468464549387,0.38085409965372785,2.232960597222039,-1.8521064975683101,-0.622112695680646,1.1846236815619633,-0.1078984732095027,-0.058068185643193,0.3641389668684315,-1.0876395446764742,3.4735055867457887,-0.3876774129587667,2.5221290775662855,-0.282219524253405,2.100529070765348,-0.9158696309620109,1.8079892252174237,-2.1840824341797216,-0.3036916678825762,1.7981634639085198,0.05898456295693819,-0.9180994105018734,0.06333697693539198,-2.285179173544573,2.8450620037652663,0.580852264132369,-0.2030441769909789,-0.12433975319806126,0.9538311668735999,0.37341057692157736,-1.1889866669587776,2.4078863922935514,-1.5092151211451903,-0.5265743573879126,-0.3575694703147077,-0.07181935737058794,-3.432986910007463,0.7364045813957654,2.7127939137839707}]

Max g: 0.2124670705057654
f_61([-9.03733e-8,0.997181,-0.997181,0.0507099,3.97071,-3.02142,0.388416,2.24178,-1.85336,-0.629379,1.19435,-0.0965518,-0.0638821,0.378437,-1.09523,3.46602,-0.392741,2.52033,-0.292093,2.08972,-0.91223,1.80132,-2.1772,-0.317722,1.79048,0.0618278,-0.920525,0.0634386,-2.20819,2.79657,0.583436,-0.22705,-0.154478,0.928811,0.391404,-1.16722,2.38994,-1.5132,-0.529536,-0.327338,-0.0248579,-3.45623,0.728842,2.69501])
2.573400165216365
Max g: 0.20649457027884832
f_62([-2.5694e-20,0.997248,-0.997248,-0.204555,4.15371,-2.94916,0.409838,2.24741,-1.83757,-0.62424,1.22348,-0.0923534,-0.0414648,0.382335,-1.10669,3.45572,-0.471921,2.50144,-0.317944,2.08683,-0.893457,1.80162,-2.17273,-0.352939,1.76518,0.0758275,-0.905711,0.0660288,-2.02842,2.70112,0.5699,-0.289981,-0.192849,0.923604,0.387847,-1.11523,2.33755,-1.53806,-0.520281,-0.253958,0.0944171,-3.50442,0.682765,2.66535])
2.5785678349823913
Max g: 0.19462049387565186
f_63([1.30512e-16,0.997855,-0.997855,-0.0947086,4.11227,-3.01756,0.415663,2.24706,-1.8314,-0.619343,1.23068,-0.0893323,-0.0271169,0.367563,-1.08663,3.4437,-0.466108,2.47635,-0.327871,2.0815,-0.885384,1.80596,-2.1764,-0.367768,1.75064,0.0907126,-0.905969,0.0665854,-2.00438,2.68262,0.571255,-0.307099,-0.200787,0.921188,0.391569,-1.10617,2.30848,-1.5568,-0.519501,-0.213656,0.17995,-3.53573,0.663798,2.64744])
2.5775740523350787
Max g: 0.19221187425110187
f_64([-2.0381e-22,0.977607,-0.977607,-0.0917543,4.11132,-3.01956,0.422812,2.2483,-1.82549,-0.614228,1.237,-0.0824398,-0.0272509,0.369318,-1.08915,3.42489,-0.473861,2.45484,-0.337459,2.08102,-0.876892,1.80269,-2.17694,-0.378802,1.7477,0.0877215,-0.902314,0.0677451,-1.95935,2.66983,0.566538,-0.327615,-0.210797,0.91915,0.391411,-1.09043,2.28567,-1.56438,-0.5123,-0.181821,0.236552,-3.55894,0.643408,2.62115])
2.569425034627114
Max g: 0.19135407647426272
f_65([4.31502e-22,0.977607,-0.977607,-0.0917543,4.11132,-3.01956,0.422828,2.24831,-1.82548,-0.61422,1.23701,-0.0824234,-0.0272535,0.36931,-1.08916,3.42486,-0.473883,2.45482,-0.33748,2.08102,-0.876881,1.80268,-2.17694,-0.37883,1.7477,0.0877205,-0.902308,0.0677499,-1.95931,2.6698,0.56654,-0.327657,-0.210818,0.919136,0.39142,-1.09039,2.28561,-1.5644,-0.5123,-0.181748,0.236682,-3.55898,0.643366,2.62109])
2.569425034627114
Max g: 0.19135880975985886
f_66([-8.3784e-23,0.977607,-0.977607,-0.0917543,4.11132,-3.01956,0.422845,2.24832,-1.82548,-0.614212,1.23703,-0.082407,-0.0272561,0.369301,-1.08917,3.42484,-0.473905,2.45479,-0.337502,2.08101,-0.87687,1.80267,-2.17694,-0.378858,1.74769,0.0877195,-0.902303,0.0677544,-1.95927,2.66977,0.566542,-0.3277,-0.210839,0.919121,0.39143,-1.09035,2.28555,-1.56443,-0.5123,-0.181676,0.236811,-3.55903,0.643323,2.62103])
2.569524412891845
Max g: 0.19136331170555243
f_67([-1.24524e-29,0.973851,-0.973851,-0.0901897,4.10967,-3.01948,0.428461,2.25413,-1.82567,-0.610294,1.24301,-0.0786079,-0.023867,0.369957,-1.0904,3.40682,-0.522946,2.44818,-0.347451,2.08588,-0.872678,1.79718,-2.17437,-0.38922,1.74519,0.0879834,-0.900742,0.0696126,-1.9392,2.66,0.564638,-0.345052,-0.216305,0.926462,0.390985,-1.0864,2.26399,-1.63056,-0.505789,-0.112196,0.284732,-3.57289,0.625315,2.60189])
2.578170321923466
Max g: 0.1904343338201866
f_68([8.37668e-9,0.973095,-0.973095,-0.114562,4.11501,-3.00045,0.461391,2.27475,-1.81336,-0.593831,1.2727,-0.0536735,-0.0241585,0.376599,-1.09087,3.3675,-0.565223,2.40092,-0.390022,2.09546,-0.857076,1.78685,-2.17449,-0.439881,1.74014,0.0855335,-0.894839,0.0727329,-1.72685,2.55961,0.543852,-0.415045,-0.267437,0.90947,0.400119,-1.0288,2.19045,-1.68362,-0.505886,0.031441,0.505754,-3.61978,0.549537,2.51564])
2.572307004304321
Max g: 0.17242098271859385
f_69([2.443e-21,0.972911,-0.972911,-0.114956,4.11582,-3.00086,0.474863,2.27403,-1.79917,-0.586976,1.298,-0.0342329,-0.0237875,0.367839,-1.08562,3.35425,-0.57873,2.37428,-0.415549,2.09707,-0.848104,1.77781,-2.17948,-0.472255,1.73006,0.0856199,-0.887439,0.0742718,-1.69445,2.54871,0.54932,-0.453399,-0.307147,0.898612,0.407778,-0.980321,2.14459,-1.69777,-0.494137,0.0694492,0.695721,-3.70705,0.495327,2.46068])
2.5677356041266823
Max g: 0.16428473854622316
f_70([1.69661e-20,0.972913,-0.972913,-0.114957,4.11582,-3.00087,0.475109,2.27415,-1.79904,-0.586783,1.29838,-0.0338826,-0.0237418,0.367816,-1.08564,3.35386,-0.579123,2.37389,-0.416044,2.0971,-0.8479,1.77767,-2.17946,-0.47288,1.72997,0.0855459,-0.887313,0.0743056,-1.6938,2.54834,0.549387,-0.454096,-0.307829,0.898289,0.407877,-0.979467,2.1438,-1.698,-0.493971,0.0704068,0.697711,-3.7074,0.494479,2.45975])
2.5674374693324884
{1.6966057070136854e-20,0.9729128473358294,-0.9729128473358293,-0.11495674712242909,4.115821823776637,-3.000865076654207,0.475109053457404,2.2741537897702853,-1.7990447363128808,-0.5867829881996919,1.2983787382412264,-0.03388259032058768,-0.023741848185882018,0.3678155011461634,-1.0856413652266372,3.353862267528889,-0.5791225566343966,2.373886828562562,-0.41604354572840246,2.0970957030445754,-0.8478998105111727,1.7776749968349976,-2.179458006730893,-0.4728800032181343,1.729966932192288,0.08554592354943821,-0.8873128927184082,0.07430557131741451,-1.693802451521242,2.5483424742503593,0.5493865043341695,-0.4540961006142,-0.30782898391322483,0.8982892075025223,0.4078768680516416,-0.9794667744889126,2.143798440253048,-1.698001334063441,-0.4939708436285445,0.07040678057899986,0.69771067161057,-3.7073959114698547,0.4944788387131798,2.4597487766160597}]
Set[{A021,A031,A032,A041,A042,A043,A121,A131,A132,A141,A142,A143,B021,B031,B032,B041,B042,B043,B121,B131,B132,B141,B142,B143,\[Alpha]1,\[Alpha]2,\[Alpha]3,\[Alpha]4,\[Beta]11,\[Beta]12,\[Beta]13,\[Beta]14,\[Beta]21,\[Beta]22,\[Beta]23,\[Beta]24,\[Beta]31,\[Beta]32,\[Beta]33,\[Beta]34,\[Beta]41,\[Beta]42,\[Beta]43,\[Beta]44},{1.6966057070136854e-20,0.9729128473358294,-0.9729128473358293,-0.11495674712242909,4.115821823776637,-3.000865076654207,0.475109053457404,2.2741537897702853,-1.7990447363128808,-0.5867829881996919,1.2983787382412264,-0.03388259032058768,-0.023741848185882018,0.3678155011461634,-1.0856413652266372,3.353862267528889,-0.5791225566343966,2.373886828562562,-0.41604354572840246,2.0970957030445754,-0.8478998105111727,1.7776749968349976,-2.179458006730893,-0.4728800032181343,1.729966932192288,0.08554592354943821,-0.8873128927184082,0.07430557131741451,-1.693802451521242,2.5483424742503593,0.5493865043341695,-0.4540961006142,-0.30782898391322483,0.8982892075025223,0.4078768680516416,-0.9794667744889126,2.143798440253048,-1.698001334063441,-0.4939708436285445,0.07040678057899986,0.69771067161057,-3.7073959114698547,0.4944788387131798,2.4597487766160597}]

Max g: 0.16401217971865623
f_71([-6.53314e-30,0.97171,-0.97171,-0.113405,4.11344,-3.00004,0.485205,2.2806,-1.79539,-0.580198,1.31,-0.0225587,-0.022685,0.374002,-1.08603,3.34399,-0.599104,2.36565,-0.4292,2.09651,-0.836261,1.77444,-2.18313,-0.487852,1.73119,0.0819557,-0.886962,0.0751632,-1.64969,2.53447,0.544748,-0.475039,-0.320069,0.885856,0.408683,-0.955989,2.10908,-1.6975,-0.487765,0.0974468,0.801717,-3.77349,0.465804,2.4487])
2.5573008863298985
Max g: 0.1580851049361336
f_72([2.70148e-23,0.972052,-0.972052,-0.113483,4.11305,-2.99956,0.48954,2.28247,-1.79293,-0.578488,1.31569,-0.0179414,-0.0220364,0.369424,-1.08551,3.3379,-0.604328,2.33257,-0.436897,2.09882,-0.835964,1.77268,-2.18388,-0.497518,1.72959,0.0803821,-0.884154,0.0765958,-1.6409,2.53047,0.545647,-0.484764,-0.335192,0.880265,0.410069,-0.93882,2.09916,-1.69993,-0.485805,0.109344,0.830998,-3.77443,0.452746,2.43586])
2.5498475164750527
Max g: 0.15721360005883378
f_73([8.76567e-23,0.972052,-0.972052,-0.113483,4.11305,-2.99956,0.489544,2.28247,-1.79293,-0.578485,1.31569,-0.0179371,-0.0220352,0.369425,-1.08551,3.3379,-0.604335,2.33257,-0.436905,2.09882,-0.835962,1.77268,-2.18388,-0.497529,1.72959,0.080381,-0.884151,0.0765957,-1.64089,2.53046,0.545648,-0.484773,-0.335202,0.880259,0.410072,-0.938811,2.09914,-1.69993,-0.485805,0.109359,0.831031,-3.77444,0.452733,2.43584])
2.5498475164750527
Max g: 0.1572111314674407
f_74([1.25348e-23,0.972052,-0.972052,-0.113483,4.11305,-2.99956,0.489548,2.28247,-1.79293,-0.578483,1.3157,-0.0179327,-0.0220339,0.369426,-1.08551,3.33789,-0.604342,2.33256,-0.436914,2.09882,-0.835959,1.77267,-2.18388,-0.49754,1.72958,0.0803798,-0.884148,0.0765957,-1.64088,2.53046,0.545649,-0.484783,-0.335212,0.880253,0.410074,-0.938802,2.09913,-1.69994,-0.485805,0.109375,0.831063,-3.77444,0.45272,2.43583])
2.5498475164750527
Max g: 0.15720865742021828
f_75([1.65853e-22,0.972052,-0.972052,-0.113483,4.11305,-2.99956,0.489552,2.28248,-1.79292,-0.57848,1.3157,-0.0179284,-0.0220327,0.369426,-1.08551,3.33788,-0.604348,2.33255,-0.436923,2.09882,-0.835957,1.77267,-2.18388,-0.497551,1.72958,0.0803786,-0.884145,0.0765956,-1.64087,2.53046,0.545651,-0.484793,-0.335221,0.880248,0.410077,-0.938793,2.09912,-1.69994,-0.485804,0.10939,0.831096,-3.77444,0.452707,2.43581])
2.5497481382103215
Max g: 0.15720617619805433
f_76([-1.59231e-22,0.972052,-0.972052,-0.113483,4.11305,-2.99956,0.489556,2.28248,-1.79292,-0.578478,1.31571,-0.0179241,-0.0220314,0.369427,-1.0855,3.33788,-0.604355,2.33255,-0.436932,2.09882,-0.835955,1.77267,-2.18388,-0.497562,1.72958,0.0803774,-0.884142,0.0765955,-1.64086,2.53045,0.545652,-0.484802,-0.335231,0.880242,0.41008,-0.938785,2.0991,-1.69995,-0.485804,0.109405,0.831129,-3.77445,0.452694,2.43579])
2.5497481382103215
Max g: 0.15720368828201003
f_77([-5.44938e-22,0.972052,-0.972052,-0.113483,4.11305,-2.99956,0.48956,2.28248,-1.79292,-0.578475,1.31571,-0.0179198,-0.0220302,0.369428,-1.0855,3.33787,-0.604362,2.33254,-0.43694,2.09882,-0.835953,1.77267,-2.18388,-0.497573,1.72958,0.0803762,-0.884139,0.0765954,-1.64085,2.53045,0.545653,-0.484812,-0.335241,0.880236,0.410083,-0.938776,2.09909,-1.69995,-0.485804,0.10942,0.831161,-3.77445,0.452681,2.43578])
2.5497481382103215
Max g: 0.15720119623912776
f_78([-8.66782e-22,0.972052,-0.972052,-0.113483,4.11305,-2.99956,0.489564,2.28248,-1.79292,-0.578473,1.31572,-0.0179155,-0.0220289,0.369429,-1.0855,3.33786,-0.604369,2.33253,-0.436949,2.09882,-0.83595,1.77266,-2.18388,-0.497584,1.72958,0.0803751,-0.884136,0.0765953,-1.64084,2.53044,0.545655,-0.484821,-0.33525,0.88023,0.410085,-0.938767,2.09907,-1.69995,-0.485803,0.109435,0.831194,-3.77445,0.452668,2.43576])
2.5497481382103215
Max g: 0.15719870046260231
f_79([-9.90501e-23,0.972052,-0.972052,-0.113483,4.11305,-2.99956,0.489568,2.28248,-1.79292,-0.57847,1.31572,-0.0179112,-0.0220277,0.369429,-1.0855,3.33786,-0.604375,2.33253,-0.436958,2.09882,-0.835948,1.77266,-2.18388,-0.497595,1.72958,0.0803739,-0.884133,0.0765953,-1.64083,2.53044,0.545656,-0.484831,-0.33526,0.880224,0.410088,-0.938758,2.09906,-1.69996,-0.485803,0.10945,0.831226,-3.77446,0.452655,2.43575])
2.5497481382103215
Max g: 0.157196204226576
f_80([9.98882e-23,0.97042,-0.97042,-0.119677,4.1115,-2.99182,0.503571,2.28574,-1.78217,-0.564909,1.33081,0.00383137,-0.0186351,0.379663,-1.08865,3.30328,-0.622835,2.35979,-0.461876,2.1034,-0.827001,1.76545,-2.1924,-0.527504,1.73124,0.0819205,-0.888099,0.0771352,-1.56554,2.50557,0.542366,-0.514955,-0.359134,0.86602,0.417038,-0.903634,2.06326,-1.71023,-0.483865,0.152094,1.02594,-3.85349,0.400698,2.39024])
2.532853833206005
{9.988817394777075e-23,0.9704197192651631,-0.9704197192651632,-0.11967695775916812,4.111497846520137,-2.991820888760969,0.5035707732275153,2.285743781628562,-1.7821730084010465,-0.5649085590191881,1.3308088186907931,0.003831372889912694,-0.01863513609267577,0.3796625093100803,-1.0886496245222717,3.303284789350778,-0.6228353215131816,2.35979240860001,-0.4618762427201889,2.1034014896648485,-0.8270012203982054,1.7654534924477145,-2.192404899732937,-0.5275035925849036,1.7312371427486306,0.08192049871486264,-0.8880993524862097,0.0771352329596293,-1.565540168759311,2.5055706783641707,0.5423658478246965,-0.5149548474178276,-0.359134407327314,0.8660196953612985,0.41703842282925063,-0.9036341742376988,2.063255668130291,-1.7102334384725852,-0.48386517519947086,0.15209406444491708,1.0259403571107368,-3.8534888816199264,0.4006978395491892,2.3902447302455423}]
Set[{A021,A031,A032,A041,A042,A043,A121,A131,A132,A141,A142,A143,B021,B031,B032,B041,B042,B043,B121,B131,B132,B141,B142,B143,\[Alpha]1,\[Alpha]2,\[Alpha]3,\[Alpha]4,\[Beta]11,\[Beta]12,\[Beta]13,\[Beta]14,\[Beta]21,\[Beta]22,\[Beta]23,\[Beta]24,\[Beta]31,\[Beta]32,\[Beta]33,\[Beta]34,\[Beta]41,\[Beta]42,\[Beta]43,\[Beta]44},{9.988817394777075e-23,0.9704197192651631,-0.9704197192651632,-0.11967695775916812,4.111497846520137,-2.991820888760969,0.5035707732275153,2.285743781628562,-1.7821730084010465,-0.5649085590191881,1.3308088186907931,0.003831372889912694,-0.01863513609267577,0.3796625093100803,-1.0886496245222717,3.303284789350778,-0.6228353215131816,2.35979240860001,-0.4618762427201889,2.1034014896648485,-0.8270012203982054,1.7654534924477145,-2.192404899732937,-0.5275035925849036,1.7312371427486306,0.08192049871486264,-0.8880993524862097,0.0771352329596293,-1.565540168759311,2.5055706783641707,0.5423658478246965,-0.5149548474178276,-0.359134407327314,0.8660196953612985,0.41703842282925063,-0.9036341742376988,2.063255668130291,-1.7102334384725852,-0.48386517519947086,0.15209406444491708,1.0259403571107368,-3.8534888816199264,0.4006978395491892,2.3902447302455423}]

Max g: 0.13847471784292287
f_81([-5.8703e-21,0.97042,-0.97042,-0.119676,4.1115,-2.99182,0.504016,2.28596,-1.78195,-0.564649,1.33133,0.00429829,-0.0185171,0.379602,-1.08871,3.30284,-0.623284,2.35934,-0.462514,2.10352,-0.826778,1.76522,-2.19246,-0.528258,1.73115,0.0818474,-0.887978,0.0771794,-1.56508,2.50503,0.542347,-0.515466,-0.359923,0.865765,0.417064,-0.902644,2.06243,-1.71049,-0.483663,0.153121,1.02737,-3.85394,0.399663,2.38919])
2.531860050558692
Max g: 0.13851373501249653
f_82([-6.20895e-21,0.971388,-0.971388,-0.123229,4.10895,-2.98572,0.515872,2.29188,-1.77601,-0.558207,1.34282,0.0165066,-0.0150018,0.380878,-1.09245,3.28989,-0.635449,2.34368,-0.481411,2.10804,-0.821885,1.75892,-2.19324,-0.550205,1.72937,0.0766675,-0.882036,0.0784434,-1.53515,2.48797,0.54107,-0.53283,-0.378767,0.852424,0.419225,-0.876003,2.02817,-1.71572,-0.480896,0.189414,1.08317,-3.86244,0.371374,2.36363])
2.5136738281128688
Max g: 0.13573728990695288
f_83([-6.51823e-21,0.966299,-0.966299,-0.12013,4.10712,-2.98699,0.538247,2.29798,-1.75973,-0.539283,1.3685,0.0434134,-0.00258814,0.384061,-1.09049,3.08265,-0.667407,2.31895,-0.526346,2.12,-0.812252,1.73512,-2.1971,-0.599858,1.72069,0.0600501,-0.863769,0.0867762,-1.45302,2.44453,0.539839,-0.565542,-0.422876,0.832078,0.427923,-0.821433,1.96999,-1.73396,-0.474607,0.251622,1.26937,-3.88137,0.297362,2.28308])
2.4802827311631606
Max g: 0.11281657581475701
f_84([-2.05412e-21,0.967161,-0.967161,-0.119551,4.10648,-2.98693,0.555201,2.30612,-1.75092,-0.527987,1.3902,0.0577587,0.0156017,0.385876,-1.09112,3.04614,-0.707365,2.27878,-0.562332,2.12272,-0.802152,1.71872,-2.19594,-0.641015,1.70882,0.0523259,-0.849127,0.0908549,-1.36765,2.40012,0.538225,-0.587909,-0.459291,0.815138,0.435645,-0.784796,1.94061,-1.75198,-0.475459,0.297873,1.37157,-3.88423,0.248777,2.24039])
2.4460966080956017
Max g: 0.09051528661438235
f_85([2.39913e-22,1.02918,-1.02918,-0.186301,4.20741,-3.02111,0.560313,2.30978,-1.74947,-0.525413,1.39442,0.0621643,0.0148587,0.385802,-1.0911,3.03403,-0.720752,2.26593,-0.573085,2.12355,-0.799247,1.71581,-2.19496,-0.653845,1.70656,0.0503355,-0.846535,0.0923187,-1.34516,2.38537,0.537574,-0.593473,-0.46506,0.810276,0.437064,-0.777142,1.93025,-1.75764,-0.475583,0.312523,1.39128,-3.88206,0.236164,2.23374])
2.441425829653232
Max g: 0.08513672240485781
f_86([-4.15996e-23,1.02918,-1.02918,-0.186301,4.20741,-3.02111,0.560318,2.30978,-1.74946,-0.525411,1.39443,0.0621692,0.0148583,0.385802,-1.0911,3.03402,-0.720767,2.26591,-0.573097,2.12355,-0.799244,1.71581,-2.19496,-0.653859,1.70656,0.0503322,-0.84653,0.0923203,-1.34515,2.38536,0.537575,-0.593477,-0.465066,0.81027,0.437066,-0.777133,1.93024,-1.75765,-0.475583,0.312539,1.3913,-3.88206,0.23615,2.23373])
2.441425829653232
Max g: 0.08513320830452487
f_87([1.51381e-23,1.02918,-1.02918,-0.186301,4.20741,-3.02111,0.560322,2.30978,-1.74946,-0.525408,1.39443,0.0621741,0.014858,0.385801,-1.0911,3.034,-0.720783,2.26589,-0.573108,2.12355,-0.799242,1.7158,-2.19496,-0.653873,1.70656,0.050329,-0.846525,0.092322,-1.34515,2.38535,0.537577,-0.593481,-0.465071,0.810264,0.437068,-0.777124,1.93023,-1.75766,-0.475584,0.312555,1.39133,-3.88206,0.236136,2.23372])
2.441425829653232
Max g: 0.08512969393871384
f_88([2.00839e-20,1.02727,-1.02727,-0.186569,4.20844,-3.02187,0.567288,2.31328,-1.746,-0.522128,1.40099,0.0694895,0.0147509,0.387207,-1.09085,3.00819,-0.744819,2.23988,-0.591309,2.12555,-0.796647,1.71106,-2.19308,-0.67602,1.70586,0.0425397,-0.84093,0.09523,-1.32797,2.37314,0.539475,-0.604694,-0.473478,0.80172,0.44011,-0.764438,1.91623,-1.77518,-0.477019,0.340135,1.42414,-3.87907,0.21513,2.22243])
2.4348668641809676
Max g: 0.07883099341086308
f_89([-6.14608e-23,1.02726,-1.02726,-0.18657,4.20844,-3.02187,0.567313,2.3133,-1.74598,-0.522113,1.40102,0.0695175,0.0147504,0.387205,-1.09086,3.00806,-0.744946,2.23975,-0.59136,2.12555,-0.796631,1.71099,-2.19312,-0.676169,1.70583,0.0425134,-0.840888,0.0952542,-1.3279,2.37308,0.539487,-0.604736,-0.473515,0.801675,0.440125,-0.76438,1.9162,-1.77525,-0.47703,0.340238,1.42429,-3.87905,0.215047,2.22238])
2.4348668641809676
Max g: 0.07879469193453592
f_90([1.15633e-23,1.02726,-1.02726,-0.18657,4.20844,-3.02187,0.567315,2.3133,-1.74598,-0.522112,1.40102,0.0695193,0.0147505,0.387205,-1.09086,3.00805,-0.744955,2.23974,-0.591362,2.12555,-0.79663,1.71098,-2.19312,-0.67618,1.70583,0.0425117,-0.840885,0.0952553,-1.3279,2.37308,0.539488,-0.604739,-0.473518,0.801672,0.440126,-0.764376,1.91619,-1.77525,-0.477032,0.340245,1.4243,-3.87904,0.215042,2.22238])
2.4348668641809676
{1.1563334718236737e-23,1.0272649548623067,-1.0272649548623067,-0.18657021182886965,4.208437599503282,-3.021867387674412,0.5673147225057438,2.3132986374054445,-1.7459839148997005,-0.522112430275936,1.4010209403107867,0.06951934530864572,0.014750546399653534,0.38720469234029503,-1.0908557611900176,3.0080508327937334,-0.7449546204486079,2.2397449999454886,-0.5913623176166721,2.1255474654302615,-0.7966295015523214,1.7109790871539214,-2.193123182652349,-0.6761796111341233,1.7058318139105952,0.04251167754407362,-0.8408852282905378,0.0952552933388896,-1.327900599695732,2.3730799524835944,0.5394878512917984,-0.6047387805857364,-0.473517530104439,0.8016715601278646,0.4401260978393026,-0.7643759271903622,1.9161945140420649,-1.775249962531522,-0.47703156235519784,0.340244645019718,1.4243008051872008,-3.8790440150592205,0.21504240459434146,2.222378991315222}]
Set[{A021,A031,A032,A041,A042,A043,A121,A131,A132,A141,A142,A143,B021,B031,B032,B041,B042,B043,B121,B131,B132,B141,B142,B143,\[Alpha]1,\[Alpha]2,\[Alpha]3,\[Alpha]4,\[Beta]11,\[Beta]12,\[Beta]13,\[Beta]14,\[Beta]21,\[Beta]22,\[Beta]23,\[Beta]24,\[Beta]31,\[Beta]32,\[Beta]33,\[Beta]34,\[Beta]41,\[Beta]42,\[Beta]43,\[Beta]44},{1.1563334718236737e-23,1.0272649548623067,-1.0272649548623067,-0.18657021182886965,4.208437599503282,-3.021867387674412,0.5673147225057438,2.3132986374054445,-1.7459839148997005,-0.522112430275936,1.4010209403107867,0.06951934530864572,0.014750546399653534,0.38720469234029503,-1.0908557611900176,3.0080508327937334,-0.7449546204486079,2.2397449999454886,-0.5913623176166721,2.1255474654302615,-0.7966295015523214,1.7109790871539214,-2.193123182652349,-0.6761796111341233,1.7058318139105952,0.04251167754407362,-0.8408852282905378,0.0952552933388896,-1.327900599695732,2.3730799524835944,0.5394878512917984,-0.6047387805857364,-0.473517530104439,0.8016715601278646,0.4401260978393026,-0.7643759271903622,1.9161945140420649,-1.775249962531522,-0.47703156235519784,0.340244645019718,1.4243008051872008,-3.8790440150592205,0.21504240459434146,2.222378991315222}]

Max g: 0.07879149066402968
f_91([-1.06797e-23,1.03212,-1.03212,-0.18587,4.20952,-3.02365,0.568827,2.31228,-1.74345,-0.520397,1.40255,0.0727994,-0.0012552,0.390549,-1.09347,3.00847,-0.75973,2.19296,-0.596753,2.12512,-0.794323,1.70816,-2.1933,-0.682313,1.70444,0.0368057,-0.836351,0.0977481,-1.32419,2.37236,0.540097,-0.60822,-0.474016,0.793752,0.440748,-0.756984,1.91386,-1.78163,-0.477901,0.348034,1.44695,-3.88789,0.206572,2.21915])
2.445102825448289
Max g: 0.07586322401502876
f_92([8.21183e-23,1.03004,-1.03004,-0.187809,4.2091,-3.02129,0.578271,2.31699,-1.73872,-0.515156,1.41153,0.0808338,0.0114998,0.391781,-1.09268,2.95097,-0.818001,2.12215,-0.623056,2.12311,-0.7882,1.70233,-2.18982,-0.715511,1.68596,0.0279919,-0.816521,0.105885,-1.28513,2.34862,0.542697,-0.623146,-0.483548,0.778864,0.44554,-0.738925,1.90804,-1.81068,-0.483233,0.385448,1.48963,-3.88542,0.178366,2.20788])
2.428904168297091
Max g: 0.06302444383927952
f_93([-9.07159e-22,1.03178,-1.03178,-0.190299,4.21035,-3.02005,0.581075,2.31701,-1.73594,-0.513622,1.41521,0.0836867,0.0133724,0.393237,-1.09001,2.91389,-0.854943,2.08212,-0.634136,2.12111,-0.785602,1.70085,-2.18974,-0.729965,1.67953,0.020356,-0.807527,0.111299,-1.27252,2.34157,0.544899,-0.629127,-0.485101,0.766443,0.447703,-0.727993,1.90969,-1.82699,-0.486792,0.401912,1.50702,-3.88042,0.166507,2.19959])
2.4273141160613907
Max g: 0.05739365246271033
f_94([2.81875e-22,1.03178,-1.03178,-0.190299,4.21035,-3.02005,0.581129,2.31704,-1.73591,-0.513589,1.41528,0.0837287,0.0134448,0.393268,-1.08998,2.91306,-0.855776,2.08129,-0.634364,2.121,-0.785499,1.70078,-2.18969,-0.730266,1.67936,0.0201722,-0.807299,0.111424,-1.27226,2.3414,0.544953,-0.629253,-0.485151,0.766218,0.44774,-0.727785,1.90979,-1.82735,-0.486872,0.402238,1.50736,-3.88035,0.166275,2.19946])
2.4273141160613907
Max g: 0.05726715682209771
f_95([5.10742e-21,1.03178,-1.03178,-0.190299,4.21035,-3.02005,0.581182,2.31707,-1.73588,-0.513556,1.41535,0.0837705,0.0135167,0.3933,-1.08994,2.91223,-0.856607,2.08046,-0.634592,2.1209,-0.785396,1.70072,-2.18965,-0.730565,1.67919,0.0199892,-0.807071,0.111549,-1.272,2.34124,0.545007,-0.629378,-0.485201,0.765994,0.447777,-0.727578,1.90989,-1.8277,-0.486952,0.402564,1.5077,-3.88027,0.166045,2.19934])
2.4271153595319284
Max g: 0.057140062574443595
f_96([-5.45169e-22,0.98576,-0.98576,-0.224514,4.22616,-3.00165,0.576933,2.32144,-1.73343,-0.490055,1.41528,0.0742373,0.00915944,0.432423,-1.06254,2.7685,-0.932733,1.93696,-0.65745,2.03365,-0.734782,1.6962,-2.18094,-0.775034,1.66554,0.0544541,-0.84639,0.130307,-1.23548,2.23797,0.565955,-0.587704,-0.511349,0.725612,0.471807,-0.689157,1.97443,-1.89906,-0.523546,0.443376,1.59065,-3.91377,0.13642,2.18257])
2.4748169266029403
Max g: 0.03965776981312075
f_97([3.03103e-23,0.98307,-0.98307,-0.219723,4.22154,-3.00182,0.578151,2.32198,-1.73269,-0.486431,1.40959,0.0768372,0.00786718,0.44777,-1.0485,2.66531,-1.10157,1.86408,-0.667279,2.01971,-0.718145,1.70055,-2.18179,-0.789616,1.6462,0.0300179,-0.825874,0.154819,-1.21459,2.24291,0.565488,-0.601865,-0.497613,0.700035,0.46992,-0.675775,1.98593,-1.92386,-0.52692,0.459415,1.59655,-3.90719,0.128612,2.18219])
2.4788914354569225
Max g: 0.0366247520123999
f_98([-1.64323e-24,0.98108,-0.98108,-0.215989,4.21957,-3.00358,0.578211,2.31675,-1.72253,-0.482868,1.40681,0.0760541,0.013276,0.464625,-1.02832,2.56587,-1.20681,1.77259,-0.672731,2.01216,-0.711544,1.69817,-2.17865,-0.796678,1.64137,0.00296442,-0.81957,0.181646,-1.20384,2.23589,0.566895,-0.603312,-0.486517,0.680639,0.469019,-0.666104,1.99721,-1.94206,-0.53095,0.473852,1.59743,-3.90369,0.124081,2.18193])
2.4803821094278917
Max g: 0.03542876953106422
f_99([-1.68429e-25,0.942227,-0.942227,-0.19479,4.20311,-3.00832,0.578927,1.99371,-1.36297,-0.44712,1.19426,0.252859,0.0163228,0.469724,-0.930808,2.3509,-1.39878,1.5712,-0.706258,2.02212,-0.710772,1.63668,-2.12926,-0.817934,1.56137,-0.0269187,-0.790164,0.265035,-1.20757,2.28714,0.573637,-0.660919,-0.407915,0.566083,0.454878,-0.614115,2.02772,-2.04162,-0.541915,0.551942,1.61329,-3.91597,0.0960834,2.20632])
2.456332569362923
Max g: 0.032661797631036604
f_100([2.64875e-24,0.865477,-0.865477,-0.224432,4.20473,-2.9803,0.577804,2.01123,-1.37457,-0.483042,1.23142,0.251627,0.0500612,0.600462,-0.802297,1.9864,-1.58068,1.39165,-0.717841,1.98156,-0.683331,1.60687,-2.10089,-0.829426,1.48917,-0.158641,-0.802542,0.474796,-1.1779,2.24129,0.579243,-0.648578,-0.413443,0.555385,0.462382,-0.605588,2.04202,-2.05787,-0.555126,0.567301,1.63766,-3.94088,0.0842718,2.22047])
2.3640101614275686
{2.6487471599552535e-24,0.8654767284445467,-0.8654767284445468,-0.22443187075673762,4.204733577654893,-2.9803017068979916,0.577804426641311,2.011227839367065,-1.3745740695344726,-0.48304201003341807,1.2314152103211808,0.2516267997122373,0.050061240574903014,0.6004618685440832,-0.802296702216502,1.9863956028734016,-1.5806758040726638,1.3916505687693308,-0.7178411422385542,1.9815629946860347,-0.6833314040574139,1.6068689895592871,-2.1008894984531614,-0.8294257928348076,1.4891694361034202,-0.15864057059621225,-0.8025423311049975,0.4747960825203788,-1.177895158847283,2.241290238310262,0.5792433790591824,-0.6485783398876926,-0.4134433902592786,0.5553847346813714,0.4623821099715356,-0.6055880133189504,2.042022967680826,-2.0578719344948073,-0.5551262560252825,0.5673005264418263,1.6376647638568114,-3.9408782328877874,0.08427180814443856,2.2204699821748513}]
Set[{A021,A031,A032,A041,A042,A043,A121,A131,A132,A141,A142,A143,B021,B031,B032,B041,B042,B043,B121,B131,B132,B141,B142,B143,\[Alpha]1,\[Alpha]2,\[Alpha]3,\[Alpha]4,\[Beta]11,\[Beta]12,\[Beta]13,\[Beta]14,\[Beta]21,\[Beta]22,\[Beta]23,\[Beta]24,\[Beta]31,\[Beta]32,\[Beta]33,\[Beta]34,\[Beta]41,\[Beta]42,\[Beta]43,\[Beta]44},{2.6487471599552535e-24,0.8654767284445467,-0.8654767284445468,-0.22443187075673762,4.204733577654893,-2.9803017068979916,0.577804426641311,2.011227839367065,-1.3745740695344726,-0.48304201003341807,1.2314152103211808,0.2516267997122373,0.050061240574903014,0.6004618685440832,-0.802296702216502,1.9863956028734016,-1.5806758040726638,1.3916505687693308,-0.7178411422385542,1.9815629946860347,-0.6833314040574139,1.6068689895592871,-2.1008894984531614,-0.8294257928348076,1.4891694361034202,-0.15864057059621225,-0.8025423311049975,0.4747960825203788,-1.177895158847283,2.241290238310262,0.5792433790591824,-0.6485783398876926,-0.4134433902592786,0.5553847346813714,0.4623821099715356,-0.6055880133189504,2.042022967680826,-2.0578719344948073,-0.5551262560252825,0.5673005264418263,1.6376647638568114,-3.9408782328877874,0.08427180814443856,2.2204699821748513}]

Max g: 0.024829789598259322
f_101([-9.29853e-23,0.857679,-0.857679,-0.221051,4.17983,-2.95878,0.583129,1.99606,-1.35053,-0.483542,1.23185,0.251693,0.0150603,0.613102,-0.771976,1.97917,-1.60222,1.36771,-0.731596,1.98405,-0.682301,1.61949,-2.09847,-0.851226,1.45677,-0.135443,-0.820905,0.499627,-1.14842,2.23547,0.576719,-0.665863,-0.385073,0.518306,0.456663,-0.5915,2.06605,-2.11783,-0.561589,0.612254,1.61843,-3.9454,0.0795891,2.24778])
2.377525605431022
Max g: 0.014765927379898569
f_102([1.13726e-15,0.857679,-0.857679,-0.221051,4.17983,-2.95878,0.583129,1.99606,-1.35053,-0.483542,1.23185,0.251693,0.0150608,0.613102,-0.771976,1.97917,-1.60222,1.36771,-0.731597,1.98405,-0.6823,1.61949,-2.09847,-0.851228,1.45677,-0.135443,-0.820906,0.499627,-1.14842,2.23547,0.576719,-0.665864,-0.385069,0.518299,0.456663,-0.591496,2.06605,-2.11783,-0.56159,0.612258,1.61843,-3.9454,0.0795885,2.24778])
2.377525605431022
Max g: 0.014764884767137887
f_103([0.00064847,0.858546,-0.857897,-0.220887,4.17965,-2.95876,0.58434,2.00093,-1.34285,-0.482853,1.23002,0.252835,0.0178614,0.613052,-0.771404,1.97808,-1.60307,1.36802,-0.749679,1.96719,-0.66924,1.61605,-2.08831,-0.875924,1.45603,-0.135942,-0.820532,0.500447,-1.1251,2.21856,0.580569,-0.674764,-0.341769,0.444231,0.451636,-0.554638,2.09547,-2.17595,-0.57503,0.655256,1.61232,-3.93419,0.0683768,2.25351])
2.390146645051894
Max g: 0.005345832928219663
f_104([0.000647039,0.859072,-0.858229,-0.220747,4.18021,-2.95949,0.585215,2.00587,-1.33889,-0.482707,1.23003,0.252674,0.0169064,0.613322,-0.771344,1.97763,-1.60333,1.36818,-0.762416,1.95778,-0.661651,1.61465,-2.08218,-0.893396,1.45692,-0.136954,-0.82077,0.500796,-1.11348,2.21427,0.583694,-0.684597,-0.314109,0.396649,0.447916,-0.53055,2.10901,-2.20781,-0.582841,0.681599,1.60851,-3.92617,0.0605216,2.25717])
2.396208719200502
Max g: 0.0008098649293873939
f_105([0.000743705,0.85905,-0.858235,-0.220882,4.18025,-2.95937,0.58536,2.00667,-1.33812,-0.48267,1.23002,0.252654,0.0168754,0.61318,-0.771211,1.97772,-1.6033,1.36811,-0.764617,1.95608,-0.660303,1.61422,-2.08099,-0.896354,1.45695,-0.13696,-0.820765,0.500771,-1.11164,2.2137,0.584262,-0.686333,-0.309413,0.388494,0.447274,-0.526375,2.11091,-2.21265,-0.584125,0.685848,1.60776,-3.92474,0.0591961,2.25779])
2.3975006366420084
Max g: 0.00013448410447125525
f_106([0.000742247,0.859051,-0.858233,-0.220883,4.18025,-2.95936,0.585387,2.00683,-1.33799,-0.482672,1.23003,0.25264,0.0168519,0.613188,-0.771213,1.97771,-1.60328,1.36809,-0.765015,1.95581,-0.660076,1.61414,-2.08077,-0.896881,1.45697,-0.136979,-0.820763,0.500773,-1.11135,2.21367,0.584369,-0.686687,-0.308572,0.387049,0.447156,-0.525636,2.11122,-2.21348,-0.584344,0.6866,1.60762,-3.92449,0.0589559,2.25791])
2.3975006366420084
Max g: 2.4414488100976683e-5
f_107([0.000744672,0.859053,-0.858232,-0.22088,4.18025,-2.95937,0.585393,2.00686,-1.33796,-0.482672,1.23003,0.252645,0.0168564,0.613189,-0.771212,1.97771,-1.60329,1.36809,-0.765096,1.95575,-0.66003,1.61412,-2.08072,-0.896988,1.45697,-0.136975,-0.820766,0.500776,-1.1113,2.21367,0.584391,-0.686762,-0.308401,0.386756,0.447131,-0.525487,2.11128,-2.21364,-0.584387,0.686748,1.6076,-3.92444,0.0589072,2.25794])
2.3975006366420084
Max g: 3.9263648226040004e-6
f_108([0.000744223,0.859053,-0.858231,-0.22088,4.18025,-2.95937,0.585394,2.00686,-1.33795,-0.482672,1.23003,0.252644,0.0168558,0.61319,-0.771212,1.97771,-1.60329,1.36809,-0.765107,1.95574,-0.660023,1.61412,-2.08072,-0.897003,1.45697,-0.136975,-0.820766,0.500776,-1.11129,2.21367,0.584394,-0.686773,-0.308375,0.386713,0.447128,-0.525465,2.11129,-2.21366,-0.584393,0.68677,1.60759,-3.92443,0.0589002,2.25794])
2.3975006366420084
Max g: 8.403986713201306e-7
f_109([0.000744131,0.859053,-0.858231,-0.22088,4.18025,-2.95937,0.585394,2.00686,-1.33795,-0.482672,1.23003,0.252644,0.0168559,0.61319,-0.771212,1.97771,-1.60329,1.36809,-0.76511,1.95574,-0.660022,1.61412,-2.08072,-0.897007,1.45697,-0.136975,-0.820766,0.500776,-1.11129,2.21367,0.584395,-0.686775,-0.30837,0.386703,0.447127,-0.52546,2.11129,-2.21367,-0.584395,0.686774,1.60759,-3.92443,0.0588987,2.25794])
2.3975006366420084
Max g: 1.5339842718287144e-7
f_110([0.000744126,0.859053,-0.858231,-0.22088,4.18025,-2.95937,0.585394,2.00686,-1.33795,-0.482672,1.23003,0.252644,0.0168558,0.61319,-0.771212,1.97771,-1.60329,1.36809,-0.765111,1.95574,-0.660021,1.61412,-2.08072,-0.897007,1.45697,-0.136975,-0.820766,0.500776,-1.11129,2.21367,0.584395,-0.686775,-0.308369,0.386702,0.447127,-0.52546,2.11129,-2.21367,-0.584395,0.686775,1.60759,-3.92443,0.0588984,2.25794])
2.3975006366420084
{0.0007441262460410557,0.8590527206629579,-0.8582314699937653,-0.22087984194450697,4.180247632308864,-2.9593677903643583,0.5853942822812158,2.0068613149697354,-1.337953480401256,-0.4826716310877564,1.2300271369648603,0.25264449412289647,0.016855843853837385,0.613189536928169,-0.7712119658744999,1.9777129581700335,-1.603288012940928,1.3680894380852653,-0.7651105208700542,1.9557400820614956,-0.6600214627233033,1.6141190131143146,-2.0807158751468924,-0.8970073899444296,1.4569655109309958,-0.13697521367728918,-0.820766279873885,0.5007759815596619,-1.1112884174114275,2.213668946174236,0.5843949550654911,-0.6867754882947736,-0.3083689097735089,0.3867015842597475,0.4471268590596603,-0.5254595395163788,2.1112882481454305,-2.2136687034834956,-0.5843949227207927,0.68677537603917,1.6075912185388714,-3.924432143386487,0.05889838227149898,2.2579425432738605}]
Set[{A021,A031,A032,A041,A042,A043,A121,A131,A132,A141,A142,A143,B021,B031,B032,B041,B042,B043,B121,B131,B132,B141,B142,B143,\[Alpha]1,\[Alpha]2,\[Alpha]3,\[Alpha]4,\[Beta]11,\[Beta]12,\[Beta]13,\[Beta]14,\[Beta]21,\[Beta]22,\[Beta]23,\[Beta]24,\[Beta]31,\[Beta]32,\[Beta]33,\[Beta]34,\[Beta]41,\[Beta]42,\[Beta]43,\[Beta]44},{0.0007441262460410557,0.8590527206629579,-0.8582314699937653,-0.22087984194450697,4.180247632308864,-2.9593677903643583,0.5853942822812158,2.0068613149697354,-1.337953480401256,-0.4826716310877564,1.2300271369648603,0.25264449412289647,0.016855843853837385,0.613189536928169,-0.7712119658744999,1.9777129581700335,-1.603288012940928,1.3680894380852653,-0.7651105208700542,1.9557400820614956,-0.6600214627233033,1.6141190131143146,-2.0807158751468924,-0.8970073899444296,1.4569655109309958,-0.13697521367728918,-0.820766279873885,0.5007759815596619,-1.1112884174114275,2.213668946174236,0.5843949550654911,-0.6867754882947736,-0.3083689097735089,0.3867015842597475,0.4471268590596603,-0.5254595395163788,2.1112882481454305,-2.2136687034834956,-0.5843949227207927,0.68677537603917,1.6075912185388714,-3.924432143386487,0.05889838227149898,2.2579425432738605}]

Max g: 3.186508024111134e-8
f_111([0.000744125,0.859053,-0.858231,-0.22088,4.18025,-2.95937,0.585394,2.00686,-1.33795,-0.482672,1.23003,0.252644,0.0168558,0.61319,-0.771212,1.97771,-1.60329,1.36809,-0.765111,1.95574,-0.660021,1.61412,-2.08072,-0.897008,1.45697,-0.136975,-0.820766,0.500776,-1.11129,2.21367,0.584395,-0.686776,-0.308369,0.386701,0.447127,-0.525459,2.11129,-2.21367,-0.584395,0.686776,1.60759,-3.92443,0.0588983,2.25794])
2.3975006366420084
Max g: 5.814761339095753e-9
f_112([0.000744124,0.859053,-0.858231,-0.22088,4.18025,-2.95937,0.585394,2.00686,-1.33795,-0.482672,1.23003,0.252644,0.0168558,0.61319,-0.771212,1.97771,-1.60329,1.36809,-0.765111,1.95574,-0.660021,1.61412,-2.08072,-0.897008,1.45697,-0.136975,-0.820766,0.500776,-1.11129,2.21367,0.584395,-0.686776,-0.308369,0.386701,0.447127,-0.525459,2.11129,-2.21367,-0.584395,0.686776,1.60759,-3.92443,0.0588983,2.25794])
2.3975006366420084
Max g: 1.0707361663975234e-9
f_113([0.000744124,0.859053,-0.858231,-0.22088,4.18025,-2.95937,0.585394,2.00686,-1.33795,-0.482672,1.23003,0.252644,0.0168558,0.61319,-0.771212,1.97771,-1.60329,1.36809,-0.765111,1.95574,-0.660021,1.61412,-2.08072,-0.897008,1.45697,-0.136975,-0.820766,0.500776,-1.11129,2.21367,0.584395,-0.686776,-0.308369,0.386701,0.447127,-0.525459,2.11129,-2.21367,-0.584395,0.686776,1.60759,-3.92443,0.0588983,2.25794])
2.3975006366420084
Max g: 1.8619072950087912e-10
f_114([0.000744124,0.859053,-0.858231,-0.22088,4.18025,-2.95937,0.585394,2.00686,-1.33795,-0.482672,1.23003,0.252644,0.0168558,0.61319,-0.771212,1.97771,-1.60329,1.36809,-0.765111,1.95574,-0.660021,1.61412,-2.08072,-0.897008,1.45697,-0.136975,-0.820766,0.500776,-1.11129,2.21367,0.584395,-0.686776,-0.308369,0.386701,0.447127,-0.525459,2.11129,-2.21367,-0.584395,0.686776,1.60759,-3.92443,0.0588983,2.25794])
2.3975006366420084
Max g: 2.67788013985637e-11
f_115([0.000744124,0.859053,-0.858231,-0.22088,4.18025,-2.95937,0.585394,2.00686,-1.33795,-0.482672,1.23003,0.252644,0.0168558,0.61319,-0.771212,1.97771,-1.60329,1.36809,-0.765111,1.95574,-0.660021,1.61412,-2.08072,-0.897008,1.45697,-0.136975,-0.820766,0.500776,-1.11129,2.21367,0.584395,-0.686776,-0.308369,0.386701,0.447127,-0.525459,2.11129,-2.21367,-0.584395,0.686776,1.60759,-3.92443,0.0588983,2.25794])
2.3975006366420084
Max g: 4.890976512683665e-12
f_116([0.000744124,0.859053,-0.858231,-0.22088,4.18025,-2.95937,0.585394,2.00686,-1.33795,-0.482672,1.23003,0.252644,0.0168558,0.61319,-0.771212,1.97771,-1.60329,1.36809,-0.765111,1.95574,-0.660021,1.61412,-2.08072,-0.897008,1.45697,-0.136975,-0.820766,0.500776,-1.11129,2.21367,0.584395,-0.686776,-0.308369,0.386701,0.447127,-0.525459,2.11129,-2.21367,-0.584395,0.686776,1.60759,-3.92443,0.0588983,2.25794])
2.3975006366420084
Max g: 7.4495964952348e-13
{0.0007441244371263252,0.8590527221950777,-0.8582314704238776,-0.22087984425527535,4.180247634915835,-2.9593677906605786,0.5853942892493779,2.006861354574234,-1.3379534344110922,-0.482671631504973,1.230027136772997,0.2526444947319769,0.01685584006613751,0.6131895358043398,-0.7712119645405001,1.97771295180108,-1.6032880096480164,1.3680894395965897,-0.7651106385658091,1.9557399948819567,-0.6600213920698587,1.6141189873547073,-2.0807158112321558,-0.8970075460052191,1.4569655110177866,-0.13697521341651178,-0.8207662799660325,0.5007759823647557,-1.1112883372693998,2.2136689421421325,0.5843949883699439,-0.6867755932427394,-0.3083686511544157,0.386701141129501,0.4471268227285006,-0.5254593127036601,2.1112883372668882,-2.2136689421384963,-0.5843949883694658,0.6867755932410496,1.6075911820096214,-3.9244320661712746,0.0588983103660057,2.2579425737956544}]
Set[{A021,A031,A032,A041,A042,A043,A121,A131,A132,A141,A142,A143,B021,B031,B032,B041,B042,B043,B121,B131,B132,B141,B142,B143,\[Alpha]1,\[Alpha]2,\[Alpha]3,\[Alpha]4,\[Beta]11,\[Beta]12,\[Beta]13,\[Beta]14,\[Beta]21,\[Beta]22,\[Beta]23,\[Beta]24,\[Beta]31,\[Beta]32,\[Beta]33,\[Beta]34,\[Beta]41,\[Beta]42,\[Beta]43,\[Beta]44},{0.0007441244371263252,0.8590527221950777,-0.8582314704238776,-0.22087984425527535,4.180247634915835,-2.9593677906605786,0.5853942892493779,2.006861354574234,-1.3379534344110922,-0.482671631504973,1.230027136772997,0.2526444947319769,0.01685584006613751,0.6131895358043398,-0.7712119645405001,1.97771295180108,-1.6032880096480164,1.3680894395965897,-0.7651106385658091,1.9557399948819567,-0.6600213920698587,1.6141189873547073,-2.0807158112321558,-0.8970075460052191,1.4569655110177866,-0.13697521341651178,-0.8207662799660325,0.5007759823647557,-1.1112883372693998,2.2136689421421325,0.5843949883699439,-0.6867755932427394,-0.3083686511544157,0.386701141129501,0.4471268227285006,-0.5254593127036601,2.1112883372668882,-2.2136689421384963,-0.5843949883694658,0.6867755932410496,1.6075911820096214,-3.9244320661712746,0.0588983103660057,2.2579425737956544}]


-----------------Final Result------------------
Options: alg=LN_AUGLAG_EQ,dx=0.01,max_eval=100000000,popSize=0
imin=-1,jmin=-4,imax=1,jmax=4,
parameter_minmax=5,
randSeed=49506784,rand_minmax=3,
END_C=true, INEQ_C=true

11628079 steps

Completed with maxf : 2.3975006366420084

Constraints at 4.798383912429927e-13

x = [0.0007441244371263252,0.8590527221950777,-0.8582314704238776,-0.22087984425527535,4.180247634915835,-2.9593677906605786,0.5853942892493779,2.006861354574234,-1.3379534344110922,-0.482671631504973,1.230027136772997,0.2526444947319769,0.01685584006613751,0.6131895358043398,-0.7712119645405001,1.97771295180108,-1.6032880096480164,1.3680894395965897,-0.7651106385658091,1.9557399948819567,-0.6600213920698587,1.6141189873547073,-2.0807158112321558,-0.8970075460052191,1.4569655110177866,-0.13697521341651178,-0.8207662799660325,0.5007759823647557,-1.1112883372693998,2.2136689421421325,0.5843949883699439,-0.6867755932427394,-0.3083686511544157,0.386701141129501,0.4471268227285006,-0.5254593127036601,2.1112883372668882,-2.2136689421384963,-0.5843949883694658,0.6867755932410496,1.6075911820096214,-3.9244320661712746,0.0588983103660057,2.2579425737956544]
c0 = [0.0,0.0007441244371263252,0.0008212517712000711,0.9999999999999809]
c1 = [0.0,0.5853942892493779,0.668907920163142,1.0000000000000009]
A0 = [0.0,0.0007441244371263252,0.8590527221950777,-0.22087984425527535,0.0,0.0,-0.8582314704238776,4.180247634915835,0.0,0.0,0.0,-2.9593677906605786,0.0,0.0,0.0,0.0]
A1 = [0.0,0.5853942892493779,2.006861354574234,-0.482671631504973,0.0,0.0,-1.3379534344110922,1.230027136772997,0.0,0.0,0.0,0.2526444947319769,0.0,0.0,0.0,0.0]
B0 = [0.0,0.01685584006613751,0.6131895358043398,1.97771295180108,0.0,0.0,-0.7712119645405001,-1.6032880096480164,0.0,0.0,0.0,1.3680894395965897,0.0,0.0,0.0,0.0]
B1 = [0.0,-0.7651106385658091,1.9557399948819567,1.6141189873547073,0.0,0.0,-0.6600213920698587,-2.0807158112321558,0.0,0.0,0.0,-0.8970075460052191,0.0,0.0,0.0,0.0]
  = [1.4569655110177866,-0.13697521341651178,-0.8207662799660325,0.5007759823647557]
1 = [-1.1112883372693998,2.2136689421421325,0.5843949883699439,-0.6867755932427394]
2 = [-0.3083686511544157,0.386701141129501,0.4471268227285006,-0.5254593127036601]
3 = [2.1112883372668882,-2.2136689421384963,-0.5843949883694658,0.6867755932410496]
4 = [1.6075911820096214,-3.9244320661712746,0.0588983103660057,2.2579425737956544]


Set[{A021,A031,A032,A041,A042,A043,A121,A131,A132,A141,A142,A143,B021,B031,B032,B041,B042,B043,B121,B131,B132,B141,B142,B143,\[Alpha]1,\[Alpha]2,\[Alpha]3,\[Alpha]4,\[Beta]11,\[Beta]12,\[Beta]13,\[Beta]14,\[Beta]21,\[Beta]22,\[Beta]23,\[Beta]24,\[Beta]31,\[Beta]32,\[Beta]33,\[Beta]34,\[Beta]41,\[Beta]42,\[Beta]43,\[Beta]44},{0.0007441244371263252,0.8590527221950777,-0.8582314704238776,-0.22087984425527535,4.180247634915835,-2.9593677906605786,0.5853942892493779,2.006861354574234,-1.3379534344110922,-0.482671631504973,1.230027136772997,0.2526444947319769,0.01685584006613751,0.6131895358043398,-0.7712119645405001,1.97771295180108,-1.6032880096480164,1.3680894395965897,-0.7651106385658091,1.9557399948819567,-0.6600213920698587,1.6141189873547073,-2.0807158112321558,-0.8970075460052191,1.4569655110177866,-0.13697521341651178,-0.8207662799660325,0.5007759823647557,-1.1112883372693998,2.2136689421421325,0.5843949883699439,-0.6867755932427394,-0.3083686511544157,0.386701141129501,0.4471268227285006,-0.5254593127036601,2.1112883372668882,-2.2136689421384963,-0.5843949883694658,0.6867755932410496,1.6075911820096214,-3.9244320661712746,0.0588983103660057,2.2579425737956544}]



