
-----------------Setup------------------
Options: alg=LN_AUGLAG_EQ,dx=0.01,max_eval=100000000,popSize=0
imin=-1,jmin=-5,imax=1,jmax=5,
parameter_minmax=5,randSeed=33663106

f_1([0.00433958,-0.77073,1.49548,1.87372,-4.83084,3.9272,5.2543e-5,2.74429,-2.00859,2.7903,-2.04825,0.00055148,-2.08926,-1.08484,4.09186,4.83154,3.93468,4.90584,0.00452181,-2.82956,2.90465,3.46886,0.779421,-4.00723,-4.20763,3.86169,4.55526,-0.302714,2.24261,-1.12887,-2.16361,1.28104,-4.18016,4.10522,0.837583,-0.855369,-3.70034,2.80077,-3.80166,4.79586,-2.47258,2.50821,3.37711,-3.09191])
4.772640295028355
Max g: 2.90659633201894
f_2([-8.34814e-8,-0.676689,0.866832,0.839316,-4.6822,4.84283,-6.15557e-6,2.54434,-1.94082,2.45198,-1.84491,-0.00355122,-2.1467,-1.16525,4.07707,4.80865,3.02877,4.1951,0.124998,-3.06975,3.0211,3.34572,0.644308,-4.05089,-5.0,3.49084,4.56669,-0.368455,1.73273,-0.722272,-1.29668,1.41441,-4.67638,4.47096,1.65689,-1.49316,-3.62596,3.45662,-4.1295,4.31167,-2.4591,2.43182,3.14464,-3.02679])
2.4454152812361767
Max g: 1.6890743652179765
f_3([1.17556e-5,-0.679012,0.867553,0.83988,-4.68359,4.84368,-6.29991e-8,2.74676,-1.79657,2.58366,-1.6199,-0.0135844,-2.18364,-1.26256,4.06211,4.8068,2.83175,4.0001,0.113395,-3.07056,3.0277,3.34286,0.651048,-4.05117,-5.0,3.27563,4.5469,-0.367551,1.54529,-0.879145,-1.09213,1.61606,-4.57178,4.4738,1.57963,-1.55352,-3.6258,3.44585,-4.33634,4.2937,-2.48708,2.37025,3.17326,-3.02704])
2.4348785542815397
Max g: 1.4549766161276838
f_4([0.00637924,-0.695927,0.881479,0.86533,-4.70488,4.82237,-1.30709e-29,2.82107,-1.82107,2.56813,-1.59865,0.0305206,-2.20346,-1.30615,4.05908,4.80805,2.79491,3.95174,0.0991479,-3.07356,3.03797,3.34233,0.658515,-4.05423,-5.0,3.21637,4.54607,-0.364005,1.49159,-0.919664,-1.04633,1.70855,-4.52573,4.4657,1.58733,-1.55122,-3.32003,3.45368,-4.56359,4.26312,-2.38396,2.28688,3.11148,-3.03554])
2.0309044189641208
Max g: 1.39843414279256
f_5([0.0309494,-0.688328,0.852182,0.899713,-4.7972,4.87624,-5.71599e-21,2.83077,-1.83077,2.55382,-1.57487,0.0210576,-2.20479,-1.36959,4.0448,4.80685,2.77807,3.87826,0.0975959,-3.08413,3.04838,3.35405,0.650463,-4.05688,-5.0,3.10231,4.52507,-0.350042,1.3158,-0.978665,-0.949201,1.77344,-4.53066,4.45346,1.48884,-1.37908,-3.16336,3.4992,-4.61367,4.24346,-2.34026,2.28441,3.19677,-3.01675])
1.9788172026978
Max g: 1.2773352890988594
f_6([0.0329576,-0.704444,0.866709,0.866916,-4.83475,4.91184,4.67006e-27,2.81322,-1.81322,2.55311,-1.59367,0.040556,-2.21205,-1.39182,4.04042,4.80674,2.76587,3.85215,0.0868626,-3.07941,3.04911,3.35723,0.655428,-4.06237,-5.0,3.00456,4.5229,-0.344564,1.28924,-1.00074,-0.964088,1.79294,-4.54551,4.44806,1.44724,-1.39125,-2.99978,3.49422,-4.80028,4.20696,-2.37588,2.23448,3.1429,-3.00061])
2.066590126291619
Max g: 1.182898260270326
f_7([0.0399473,-0.705283,0.863104,0.865023,-4.84015,4.94335,1.50301e-19,2.82204,-1.82204,2.5483,-1.60599,0.0576932,-2.22058,-1.42637,4.03586,4.80743,2.70289,3.80823,0.0823178,-3.07255,3.04481,3.34865,0.671906,-4.06856,-5.0,2.98028,4.51874,-0.343488,1.25924,-1.01788,-0.957226,1.80666,-4.55137,4.4956,1.4266,-1.40666,-2.69119,3.50711,-4.88272,4.16963,-2.37835,2.21415,3.16831,-2.99587])
1.9459147817356774
Max g: 1.1555270261855326
f_8([0.0461641,-0.715407,0.870118,0.835121,-4.82608,4.97584,-4.08771e-23,2.85739,-1.85739,2.57806,-1.6178,0.0397371,-2.2338,-1.43944,4.02557,4.80533,2.62363,3.80942,0.0764711,-3.07308,3.04947,3.36724,0.657287,-4.06837,-5.0,2.92901,4.50654,-0.342731,1.23326,-1.14643,-0.920347,1.88834,-4.57589,4.50375,1.45856,-1.40471,-2.69072,3.49278,-4.8625,4.13364,-2.38336,2.28988,3.14878,-3.02091])
1.9872664648784053
Max g: 1.0928190486092442
f_9([0.055269,-0.711101,0.863257,0.825941,-4.80415,4.97717,0.0,2.84998,-1.84998,2.58926,-1.62565,0.0363882,-2.24061,-1.42867,4.01749,4.8047,2.60462,3.78569,0.0751801,-3.07543,3.05161,3.37287,0.650724,-4.06808,-5.0,2.90384,4.49966,-0.34524,1.13663,-1.13902,-0.921071,1.93162,-4.53992,4.50403,1.45899,-1.44272,-2.69928,3.46236,-4.9574,4.133,-2.42558,2.21408,3.22529,-3.03566])
2.0929319436782126
Max g: 1.0582603175733185
f_10([0.0351965,-0.703847,0.869856,0.824587,-4.8026,4.97502,-5.31021e-10,2.84584,-1.84584,2.59058,-1.62809,0.0375128,-2.25452,-1.45203,4.01381,4.80419,2.5502,3.7365,0.0745524,-3.07346,3.05029,3.37364,0.649218,-4.06726,-5.0,2.82925,4.4743,-0.343689,1.15333,-1.13655,-0.932758,1.92487,-4.53479,4.56774,1.44645,-1.48978,-2.68946,3.48984,-4.95378,4.13029,-2.37414,2.21236,3.2163,-3.06161])
2.097902097902098
{0.035196507042658566,-0.7038465140163199,0.8698562868491824,0.8245872054172529,-4.8026049765288334,4.9750245338037145,-5.310212644515897e-10,2.845844685082271,-1.8458446855614257,2.5905757842375308,-1.6280886210680565,0.03751283728633728,-2.254515271215924,-1.4520304987928805,4.013808618188979,4.804191832645958,2.5502013241374786,3.736503356734986,0.07455235107373004,-3.0734580659161375,3.0502933809714117,3.3736427324559854,0.6492179051244642,-4.0672633040967145,-4.999999998488444,2.829254978595562,4.474295958244289,-0.3436891450755593,1.1533318763755886,-1.1365525956633333,-0.9327580421373306,1.9248735807707764,-4.5347916081919175,4.567742669849561,1.44644881259422,-1.4897813443406143,-2.689464005125954,3.489842472609103,-4.953778358154763,4.130290781335337,-2.374139760718623,2.2123594938966855,3.2163006507919927,-3.0616147923640304}]
Set[{A021,A031,A032,A041,A042,A043,A121,A131,A132,A141,A142,A143,B021,B031,B032,B041,B042,B043,B121,B131,B132,B141,B142,B143,\[Alpha]1,\[Alpha]2,\[Alpha]3,\[Alpha]4,\[Beta]11,\[Beta]12,\[Beta]13,\[Beta]14,\[Beta]21,\[Beta]22,\[Beta]23,\[Beta]24,\[Beta]31,\[Beta]32,\[Beta]33,\[Beta]34,\[Beta]41,\[Beta]42,\[Beta]43,\[Beta]44},{0.035196507042658566,-0.7038465140163199,0.8698562868491824,0.8245872054172529,-4.8026049765288334,4.9750245338037145,-5.310212644515897e-10,2.845844685082271,-1.8458446855614257,2.5905757842375308,-1.6280886210680565,0.03751283728633728,-2.254515271215924,-1.4520304987928805,4.013808618188979,4.804191832645958,2.5502013241374786,3.736503356734986,0.07455235107373004,-3.0734580659161375,3.0502933809714117,3.3736427324559854,0.6492179051244642,-4.0672633040967145,-4.999999998488444,2.829254978595562,4.474295958244289,-0.3436891450755593,1.1533318763755886,-1.1365525956633333,-0.9327580421373306,1.9248735807707764,-4.5347916081919175,4.567742669849561,1.44644881259422,-1.4897813443406143,-2.689464005125954,3.489842472609103,-4.953778358154763,4.130290781335337,-2.374139760718623,2.2123594938966855,3.2163006507919927,-3.0616147923640304}]

Max g: 1.0248817871743956
f_11([0.0300041,-0.70334,0.873884,0.828656,-4.80405,4.97449,-1.24387e-22,2.85688,-1.85688,2.58537,-1.63068,0.0453106,-2.26393,-1.48375,4.00944,4.80376,2.4975,3.67616,0.0748933,-3.07535,3.05188,3.3722,0.649856,-4.06713,-5.0,2.75888,4.43831,-0.340079,1.15753,-1.14281,-0.9346,1.92699,-4.52458,4.58571,1.47704,-1.54205,-2.67619,3.47129,-4.95335,4.12803,-2.33711,2.19202,3.22092,-3.06092])
2.0578426548575806
Max g: 1.0251275546018008
f_12([0.0277386,-0.701913,0.874371,0.832254,-4.8097,4.97531,-6.24271e-21,2.85733,-1.85733,2.58089,-1.63028,0.0493883,-2.26867,-1.50811,4.00764,4.80434,2.45718,3.62994,0.0738808,-3.08022,3.05735,3.36929,0.652461,-4.06679,-5.0,2.73003,4.42513,-0.33908,1.15006,-1.14056,-0.92734,1.91394,-4.5702,4.62512,1.48696,-1.52348,-2.67673,3.46705,-4.95616,4.12659,-2.34076,2.17716,3.22651,-3.07349])
2.0494927957614526
Max g: 1.0246998268304433
f_13([6.50598e-9,-0.716928,0.908711,0.824494,-4.80038,4.97588,1.08767e-20,2.85597,-1.85597,2.57059,-1.6252,0.0546118,-2.27323,-1.51848,4.00495,4.80426,2.4409,3.59875,0.0739476,-3.07679,3.05415,3.37971,0.655152,-4.0789,-5.0,2.70665,4.41714,-0.3386,1.14297,-1.11907,-0.918309,1.90265,-4.57154,4.62489,1.47984,-1.51935,-2.66741,3.46912,-4.95436,4.12024,-2.33599,2.17767,3.23425,-3.08201])
2.0433298045238346
Max g: 1.0244248639375724
f_14([2.68711e-5,-0.716979,0.908811,0.821092,-4.79828,4.97678,8.47033e-21,2.85181,-1.85181,2.56893,-1.6208,0.0518711,-2.28436,-1.52764,4.00281,4.80467,2.41726,3.56818,0.0732723,-3.08354,3.06126,3.37575,0.65839,-4.07788,-5.0,2.67719,4.39532,-0.338681,1.14406,-1.09432,-0.918468,1.91814,-4.57249,4.6652,1.50164,-1.51662,-2.66608,3.48455,-4.95545,4.1129,-2.30856,2.19001,3.25004,-3.10219])
2.003966183070661
Max g: 1.0241183312872575
f_15([0.00159235,-0.721014,0.911065,0.818294,-4.79864,4.97685,-7.43169e-25,2.8504,-1.8504,2.57125,-1.62541,0.0541582,-2.29786,-1.53415,4.00167,4.80485,2.40025,3.54531,0.0759079,-3.08283,3.0588,3.37574,0.657355,-4.07869,-5.0,2.6413,4.38799,-0.339012,1.13253,-1.07603,-0.934617,1.91172,-4.59144,4.65885,1.48559,-1.53352,-2.66797,3.48643,-4.95095,4.11351,-2.2356,2.06667,3.29688,-3.11534])
2.013906491518432
Max g: 1.0257817057993164
f_16([0.00142141,-0.72501,0.914337,0.816384,-4.79563,4.96347,-3.49465e-28,2.85468,-1.85468,2.57519,-1.63009,0.0548998,-2.30246,-1.54037,4.00034,4.80341,2.38294,3.53112,0.0767255,-3.08585,3.06138,3.3736,0.657765,-4.07717,-5.0,2.61114,4.37693,-0.338202,1.09284,-1.03071,-0.943023,1.91395,-4.5976,4.69637,1.48961,-1.54737,-2.66813,3.48977,-4.94551,4.11292,-2.25804,2.05782,3.33951,-3.15801])
2.002872749141406
Max g: 1.0262086786778462
f_17([0.0194098,-0.736106,0.91763,0.817427,-4.8139,4.99622,-9.34007e-19,2.86243,-1.8625,2.58143,-1.63587,0.054372,-2.30962,-1.56161,3.9993,4.79417,2.36823,3.50741,0.0769296,-3.08348,3.05942,3.37088,0.66138,-4.07703,-4.99998,2.57766,4.36361,-0.335559,1.06408,-1.04794,-0.926408,1.90948,-4.60545,4.73324,1.49331,-1.55377,-2.66047,3.49008,-4.91811,4.06714,-2.25901,2.07939,3.31045,-3.16934])
2.0271271017539676
Max g: 1.0259581757536698
f_18([0.0255351,-0.744589,0.917846,0.823592,-4.8217,4.99732,2.87991e-19,2.85821,-1.86113,2.58655,-1.64707,0.057602,-2.31307,-1.56939,4.00023,4.79284,2.27009,3.49472,0.0734389,-3.0807,3.05895,3.37097,0.66497,-4.07929,-5.0,2.5432,4.34039,-0.33887,1.04183,-1.00273,-0.941056,1.90206,-4.61603,4.73493,1.49636,-1.55487,-2.6409,3.47768,-4.92027,4.0657,-2.23886,2.10403,3.34676,-3.18153])
2.0463118970581657
Max g: 1.0240695740142336
f_19([0.0228535,-0.740451,0.92015,0.816812,-4.8208,4.99668,4.67417e-10,2.86457,-1.86457,2.59212,-1.64693,0.0548088,-2.32327,-1.58546,3.99749,4.79294,2.23893,3.47076,0.0750652,-3.08088,3.05811,3.36705,0.667204,-4.07858,-5.0,2.49607,4.325,-0.336778,1.05793,-1.00773,-0.937471,1.908,-4.63467,4.7336,1.49761,-1.56942,-2.63882,3.47863,-4.92287,4.06404,-2.25291,2.09007,3.35364,-3.19549])
2.0261330709091903
Max g: 1.0250337399174347
f_20([0.022077,-0.745768,0.92564,0.812729,-4.82912,4.99697,-7.59009e-22,2.86665,-1.86665,2.59453,-1.64951,0.0549804,-2.33407,-1.59478,3.99586,4.79219,2.21231,3.45496,0.074813,-3.07843,3.05603,3.36582,0.668471,-4.07816,-5.0,2.45704,4.29959,-0.335329,1.05244,-1.00353,-0.923589,1.90054,-4.6772,4.77964,1.50051,-1.56705,-2.62082,3.48613,-4.90361,4.02943,-2.27271,2.09283,3.37835,-3.21095])
2.0170873902217186
{0.022077025546755304,-0.7457682982977265,0.9256403262669766,0.8127293329834213,-4.829118603474886,4.9969698418915645,-7.590085430787895e-22,2.8666450885796055,-1.866645088579601,2.594529515926796,-1.649509908947615,0.05498039302082437,-2.3340662347837275,-1.594784776314421,3.9958608085970004,4.7921865817918174,2.2123070820451383,3.4549645277088135,0.07481297087403577,-3.0784314040406917,3.0560262352790177,3.3658232286287753,0.6684712063940705,-4.078160761488165,-5.0,2.4570360143844328,4.299594845735475,-0.3353294080722524,1.052442378935359,-1.003525737875355,-0.9235893052835433,1.9005444590306084,-4.677196063299571,4.779642902624479,1.500506461431604,-1.5670477918353454,-2.620823740741021,3.4861300505223087,-4.903610935023123,4.029427510820477,-2.272714464533376,2.092827003788952,3.378352987439936,-3.2109473779471833}]
Set[{A021,A031,A032,A041,A042,A043,A121,A131,A132,A141,A142,A143,B021,B031,B032,B041,B042,B043,B121,B131,B132,B141,B142,B143,\[Alpha]1,\[Alpha]2,\[Alpha]3,\[Alpha]4,\[Beta]11,\[Beta]12,\[Beta]13,\[Beta]14,\[Beta]21,\[Beta]22,\[Beta]23,\[Beta]24,\[Beta]31,\[Beta]32,\[Beta]33,\[Beta]34,\[Beta]41,\[Beta]42,\[Beta]43,\[Beta]44},{0.022077025546755304,-0.7457682982977265,0.9256403262669766,0.8127293329834213,-4.829118603474886,4.9969698418915645,-7.590085430787895e-22,2.8666450885796055,-1.866645088579601,2.594529515926796,-1.649509908947615,0.05498039302082437,-2.3340662347837275,-1.594784776314421,3.9958608085970004,4.7921865817918174,2.2123070820451383,3.4549645277088135,0.07481297087403577,-3.0784314040406917,3.0560262352790177,3.3658232286287753,0.6684712063940705,-4.078160761488165,-5.0,2.4570360143844328,4.299594845735475,-0.3353294080722524,1.052442378935359,-1.003525737875355,-0.9235893052835433,1.9005444590306084,-4.677196063299571,4.779642902624479,1.500506461431604,-1.5670477918353454,-2.620823740741021,3.4861300505223087,-4.903610935023123,4.029427510820477,-2.272714464533376,2.092827003788952,3.378352987439936,-3.2109473779471833}]

Max g: 1.0248038752769593
f_21([0.0333511,-0.748455,0.924499,0.828842,-4.82562,4.99364,-1.24167e-9,2.86377,-1.86377,2.58889,-1.64691,0.0580128,-2.33872,-1.60171,3.99475,4.79191,2.18808,3.42797,0.0758519,-3.07914,3.05604,3.36582,0.668049,-4.07801,-5.0,2.42549,4.27554,-0.334747,1.04476,-1.00111,-0.953102,1.92341,-4.69691,4.82271,1.49663,-1.57949,-2.62117,3.48155,-4.90274,4.03186,-2.26194,2.09135,3.40403,-3.22944])
2.0216599321076933
Max g: 1.0252691443545903
f_22([0.0310501,-0.741941,0.919377,0.828341,-4.82247,4.99387,1.08443e-10,2.86247,-1.86247,2.58974,-1.64678,0.0570397,-2.34953,-1.60535,3.99469,4.79195,2.20508,3.41846,0.0751452,-3.07768,3.05531,3.36738,0.668081,-4.07841,-5.0,2.41024,4.27404,-0.333839,1.04351,-1.00353,-0.952685,1.92668,-4.70624,4.82223,1.48119,-1.57319,-2.61165,3.47861,-4.90604,4.03089,-2.25604,2.09826,3.45173,-3.2917])
2.0187772426578396
Max g: 1.0246237644749996
f_23([0.0268569,-0.740394,0.919704,0.829195,-4.83,4.99331,-3.52562e-11,2.87002,-1.87002,2.58485,-1.64706,0.0622143,-2.36498,-1.60932,3.99195,4.79225,2.21374,3.39861,0.0741691,-3.07531,3.05389,3.36729,0.668144,-4.07716,-5.0,2.38953,4.27276,-0.333744,1.04422,-1.00935,-0.95061,1.9295,-4.70221,4.82148,1.48493,-1.57618,-2.60308,3.46382,-4.90315,4.02792,-2.26491,2.10805,3.47983,-3.34249])
1.9947216962142336
Max g: 1.0238150430388098
f_24([0.0605135,-0.75908,0.921559,0.832417,-4.83923,4.99047,-2.02071e-6,2.87466,-1.87465,2.56602,-1.64297,0.0769478,-2.36872,-1.60791,3.99143,4.79226,2.2033,3.39064,0.0780782,-3.07383,3.04987,3.36166,0.67161,-4.07658,-4.99999,2.36206,4.22861,-0.331695,1.05955,-0.956245,-0.980538,1.92985,-4.74647,4.86248,1.52214,-1.60752,-2.58575,3.42939,-4.88645,4.02539,-2.25806,2.08709,3.51484,-3.35354])
1.931203125232976
Max g: 1.0256501782375707
f_25([0.0685681,-0.757235,0.914457,0.822419,-4.83968,4.99166,4.21252e-28,2.87494,-1.87494,2.56382,-1.64361,0.0797922,-2.36971,-1.61186,3.99072,4.7924,2.19007,3.36675,0.0773054,-3.06922,3.04594,3.35913,0.675218,-4.07716,-5.0,2.34215,4.20764,-0.331153,1.05179,-0.965828,-0.988902,1.93396,-4.76176,4.85655,1.52874,-1.60424,-2.58322,3.42207,-4.8834,4.02485,-2.25461,2.08773,3.53473,-3.37067])
1.941938658356569
Max g: 1.0251802257635687
f_26([0.0764326,-0.757182,0.912105,0.817908,-4.83435,4.99343,1.57215e-13,2.88444,-1.88444,2.55393,-1.6395,0.0855706,-2.36905,-1.60968,3.99095,4.79066,2.17524,3.34665,0.0772317,-3.06744,3.04449,3.35674,0.680103,-4.07898,-5.0,2.32782,4.17574,-0.331418,1.03302,-0.968281,-0.974149,1.93273,-4.77031,4.85593,1.50066,-1.57179,-2.56511,3.41249,-4.87958,4.02588,-2.26604,2.0951,3.5278,-3.37003])
1.9206663982783387
Max g: 1.0249332964436606
f_27([0.0531614,-0.739393,0.907607,0.824415,-4.83217,4.9949,-1.19836e-21,2.91424,-1.91424,2.54891,-1.64495,0.0960335,-2.37353,-1.61379,3.98991,4.78752,2.16083,3.34013,0.0774791,-3.06661,3.04372,3.35842,0.679221,-4.07911,-5.0,2.30451,4.15739,-0.33025,1.04156,-1.00296,-0.951736,1.93185,-4.77852,4.90122,1.49813,-1.5679,-2.56541,3.40552,-4.87037,4.02579,-2.26161,2.09423,3.57058,-3.41172])
1.858539470479769
Max g: 1.0248128627609683
f_28([0.0522448,-0.741761,0.912463,0.831397,-4.83528,4.9935,-3.8802e-11,2.91351,-1.91351,2.55403,-1.64998,0.0959526,-2.37465,-1.61248,3.99132,4.78725,2.16201,3.33045,0.0774867,-3.06561,3.04297,3.35387,0.684,-4.07848,-5.0,2.29266,4.14045,-0.329894,1.04311,-1.00293,-0.956647,1.92639,-4.79154,4.90113,1.48081,-1.56136,-2.55689,3.36964,-4.86743,4.01743,-2.25185,2.10676,3.59654,-3.44473])
1.8894538297523373
Max g: 1.0243639542029424
f_29([0.0300688,-0.735361,0.917685,0.829387,-4.83238,4.99159,-5.78462e-30,2.916,-1.916,2.55182,-1.64914,0.0973176,-2.37486,-1.61404,3.99125,4.7873,2.1654,3.32743,0.0774381,-3.06517,3.04274,3.34956,0.689122,-4.07879,-5.0,2.28541,4.12673,-0.328457,1.04361,-1.02451,-0.95242,1.92468,-4.84903,4.94003,1.48594,-1.55212,-2.55702,3.37667,-4.86444,4.01757,-2.24929,2.08696,3.62745,-3.47421])
1.8901496513436813
Max g: 1.0242679576513898
f_30([0.0241335,-0.726522,0.913395,0.836972,-4.83381,4.99034,9.69352e-26,2.92073,-1.92073,2.56315,-1.6564,0.0932523,-2.37457,-1.61559,3.99151,4.78687,2.15844,3.32631,0.0772024,-3.06374,3.04175,3.35072,0.687723,-4.07763,-5.0,2.2791,4.12053,-0.328065,1.03157,-1.00752,-0.973518,1.94611,-4.87048,4.98048,1.48258,-1.55171,-2.5475,3.35529,-4.85656,4.01586,-2.23541,2.08492,3.6433,-3.5172])
1.8891556204989042
{0.024133518809669966,-0.7265224544041929,0.9133952456355368,0.836972206816654,-4.833807114246383,4.990340534565743,9.693522803355786e-26,2.9207319173083177,-1.9207319173083177,2.5631502153867194,-1.6564025228680073,0.09325230748128831,-2.374572183739556,-1.6155920856192885,3.9915141578102857,4.78686643545958,2.158441539513367,3.3263059583262424,0.07720242129716046,-3.0637376025391605,3.0417507547880787,3.3507199653571766,0.6877226612158542,-4.077631842273817,-5.0,2.2791013547104213,4.120531420579767,-0.3280649583118446,1.0315680501316515,-1.0075177765958019,-0.9735178347119605,1.9461139856826204,-4.870480250677933,4.9804771659702585,1.4825780107529845,-1.5517087783743262,-2.5475043755935083,3.3552920443136522,-4.856563978660185,4.01586060021051,-2.235405290569772,2.0849217854235533,3.6432977018521653,-3.517197661476367}]
Set[{A021,A031,A032,A041,A042,A043,A121,A131,A132,A141,A142,A143,B021,B031,B032,B041,B042,B043,B121,B131,B132,B141,B142,B143,\[Alpha]1,\[Alpha]2,\[Alpha]3,\[Alpha]4,\[Beta]11,\[Beta]12,\[Beta]13,\[Beta]14,\[Beta]21,\[Beta]22,\[Beta]23,\[Beta]24,\[Beta]31,\[Beta]32,\[Beta]33,\[Beta]34,\[Beta]41,\[Beta]42,\[Beta]43,\[Beta]44},{0.024133518809669966,-0.7265224544041929,0.9133952456355368,0.836972206816654,-4.833807114246383,4.990340534565743,9.693522803355786e-26,2.9207319173083177,-1.9207319173083177,2.5631502153867194,-1.6564025228680073,0.09325230748128831,-2.374572183739556,-1.6155920856192885,3.9915141578102857,4.78686643545958,2.158441539513367,3.3263059583262424,0.07720242129716046,-3.0637376025391605,3.0417507547880787,3.3507199653571766,0.6877226612158542,-4.077631842273817,-5.0,2.2791013547104213,4.120531420579767,-0.3280649583118446,1.0315680501316515,-1.0075177765958019,-0.9735178347119605,1.9461139856826204,-4.870480250677933,4.9804771659702585,1.4825780107529845,-1.5517087783743262,-2.5475043755935083,3.3552920443136522,-4.856563978660185,4.01586060021051,-2.235405290569772,2.0849217854235533,3.6432977018521653,-3.517197661476367}]

Max g: 1.023818027943496
f_31([0.0215824,-0.72964,0.918281,0.83243,-4.82706,4.9901,-1.07703e-27,2.92188,-1.92188,2.54454,-1.64761,0.103072,-2.37439,-1.61691,3.98946,4.78749,2.15837,3.32769,0.0793666,-3.06129,3.03774,3.35011,0.686116,-4.07695,-5.0,2.27242,4.11508,-0.326652,0.999466,-0.969562,-0.969329,1.94345,-4.88395,4.97886,1.46982,-1.54263,-2.54784,3.36698,-4.86211,4.01916,-2.14383,1.94626,3.73887,-3.55627])
1.85197886690424
Max g: 1.0251763502495725
f_32([0.0222752,-0.730418,0.918425,0.830725,-4.82724,4.99023,-6.27047e-25,2.92478,-1.92478,2.54282,-1.64164,0.0988114,-2.37505,-1.61723,3.99003,4.78759,2.15359,3.32624,0.0787075,-3.06021,3.03733,3.34966,0.687202,-4.07699,-5.0,2.27091,4.11475,-0.327056,0.901407,-0.952473,-0.95675,1.96025,-4.89137,4.97912,1.47285,-1.5379,-2.56587,3.3675,-4.85658,4.01928,-2.14034,1.94839,3.73507,-3.5686])
1.8929329377090571
Max g: 1.0247937324975525
f_33([0.00931538,-0.732289,0.926851,0.827014,-4.83213,4.9891,-5.87673e-27,2.92385,-1.92385,2.53458,-1.63481,0.100226,-2.37746,-1.62071,3.98801,4.78701,2.14637,3.3229,0.0780816,-3.05984,3.0377,3.35038,0.689363,-4.07904,-5.0,2.26392,4.11525,-0.326644,0.921033,-0.937686,-0.953313,1.96009,-4.89712,4.9835,1.47235,-1.53601,-2.57272,3.38157,-4.84406,4.01795,-2.12782,1.94997,3.7566,-3.60771])
1.8566508118746925
Max g: 1.0244493002620334
f_34([0.0357392,-0.735933,0.917032,0.820545,-4.80265,4.98193,-6.79663e-22,2.91915,-1.91915,2.53254,-1.63671,0.104166,-2.38442,-1.62723,3.98596,4.7846,2.1474,3.31261,0.0762648,-3.05738,3.03687,3.34938,0.688423,-4.07529,-5.0,2.24525,4.11522,-0.325509,0.930945,-0.933255,-0.920357,1.91806,-4.90172,4.96523,1.46212,-1.48779,-2.57335,3.38443,-4.79165,3.93158,-2.10536,1.95057,3.80612,-3.66211])
1.872356499222171
Max g: 1.0231951949070361
f_35([0.0419684,-0.749466,0.927179,0.820981,-4.80792,4.98506,-6.84433e-14,2.90935,-1.90935,2.53345,-1.63574,0.102287,-2.38606,-1.62742,3.9842,4.78522,2.13532,3.31116,0.0758122,-3.05535,3.0354,3.34379,0.693316,-4.07413,-5.0,2.24366,4.11399,-0.325975,0.929119,-0.919621,-0.937967,1.91862,-4.91968,4.97052,1.45542,-1.49266,-2.57385,3.42848,-4.7872,3.93239,-2.10314,1.96736,3.82886,-3.70063])
1.8842848693594962
Max g: 1.0231903139121743
f_36([0.047808,-0.746189,0.920561,0.813924,-4.80886,4.98752,-5.58657e-24,2.90857,-1.90857,2.52342,-1.62904,0.10562,-2.38706,-1.62127,3.97918,4.7853,2.13791,3.29193,0.0752544,-3.05455,3.03517,3.34456,0.693576,-4.07434,-4.97619,2.24117,4.11351,-0.327185,0.906878,-0.896151,-0.927549,1.91462,-4.92561,4.97204,1.44956,-1.49235,-2.55712,3.41269,-4.79111,3.93568,-2.09236,1.9768,3.85542,-3.74902])
1.872654708475604
Max g: 1.0226845800631086
f_37([0.0579078,-0.751564,0.921141,0.817064,-4.80393,4.9858,-1.9083e-27,2.90877,-1.90877,2.51821,-1.62527,0.107057,-2.38645,-1.62713,3.98013,4.78591,2.12796,3.30702,0.0761635,-3.05423,3.03428,3.34442,0.69449,-4.07539,-4.99309,2.23385,4.10798,-0.325154,0.911406,-0.900635,-0.930234,1.91626,-4.95826,4.96813,1.48476,-1.51395,-2.56511,3.39148,-4.78636,3.94307,-2.08344,1.96368,3.8992,-3.78435])
1.8759350102633685
Max g: 1.0230173905932778
f_38([0.0537219,-0.753193,0.924249,0.817734,-4.80312,4.98435,-2.82499e-24,2.89552,-1.89552,2.49761,-1.61466,0.117048,-2.38866,-1.62826,3.97923,4.78574,2.14919,3.29801,0.0729704,-3.05062,3.03291,3.34003,0.702554,-4.07693,-4.99147,2.24331,4.11459,-0.325084,0.917197,-0.917963,-0.928383,1.92331,-4.95005,4.97256,1.46186,-1.49375,-2.56391,3.40055,-4.82001,3.92315,-2.08239,1.98624,3.93348,-3.83883])
1.881600986078598
Max g: 1.0212263169134197
f_39([0.0518542,-0.749841,0.922661,0.814435,-4.80458,4.98504,-1.89598e-13,2.90234,-1.90234,2.49473,-1.61245,0.117715,-2.38597,-1.62722,3.9803,4.78589,2.14845,3.28934,0.0741082,-3.04978,3.03168,3.33807,0.705714,-4.07829,-4.99408,2.2391,4.10753,-0.325193,0.910476,-0.897389,-0.934392,1.92878,-4.95066,4.98349,1.44702,-1.48566,-2.56338,3.42884,-4.79092,3.92162,-2.07007,1.98377,3.95515,-3.8594])
1.845815875666622
Max g: 1.0219292249455396
f_40([0.0665938,-0.757882,0.922347,0.813822,-4.80221,4.98472,1.60625e-9,2.90272,-1.90272,2.49139,-1.61134,0.119949,-2.38601,-1.62737,3.97967,4.78787,2.14395,3.28642,0.0742114,-3.04767,3.02967,3.33854,0.707224,-4.07988,-4.99932,2.2333,4.10757,-0.325095,0.896989,-0.880551,-0.951106,1.94586,-4.954,4.98226,1.43447,-1.46814,-2.55867,3.42265,-4.78527,3.91437,-2.06146,1.97088,3.97234,-3.88055])
1.84243617079438
{0.06659383742934029,-0.7578824828184209,0.922346685586227,0.8138221885333936,-4.802210028861275,4.984718796738248,1.6062469065197215e-9,2.9027214054677892,-1.9027214143609121,2.491394702082924,-1.6113433985132182,0.11994870513708578,-2.3860147308445097,-1.6273742821754817,3.9796651069849376,4.787866454531832,2.143952867836683,3.286415451748594,0.07421143256998632,-3.0476701067715797,3.029673337506884,3.3385363634217753,0.707223504999956,-4.079883090660066,-4.999320840206938,2.2333006575725207,4.10757182392043,-0.32509513800688417,0.8969886296440003,-0.8805507274808517,-0.9511061796371593,1.9458619066049245,-4.954003634205525,4.982261096557858,1.4344682924325995,-1.4681387695028303,-2.5586741236460293,3.422647946794083,-4.785274969941398,3.9143725335506625,-2.0614574758496182,1.970878527240708,3.9723381070696653,-3.88055282168622}]
Set[{A021,A031,A032,A041,A042,A043,A121,A131,A132,A141,A142,A143,B021,B031,B032,B041,B042,B043,B121,B131,B132,B141,B142,B143,\[Alpha]1,\[Alpha]2,\[Alpha]3,\[Alpha]4,\[Beta]11,\[Beta]12,\[Beta]13,\[Beta]14,\[Beta]21,\[Beta]22,\[Beta]23,\[Beta]24,\[Beta]31,\[Beta]32,\[Beta]33,\[Beta]34,\[Beta]41,\[Beta]42,\[Beta]43,\[Beta]44},{0.06659383742934029,-0.7578824828184209,0.922346685586227,0.8138221885333936,-4.802210028861275,4.984718796738248,1.6062469065197215e-9,2.9027214054677892,-1.9027214143609121,2.491394702082924,-1.6113433985132182,0.11994870513708578,-2.3860147308445097,-1.6273742821754817,3.9796651069849376,4.787866454531832,2.143952867836683,3.286415451748594,0.07421143256998632,-3.0476701067715797,3.029673337506884,3.3385363634217753,0.707223504999956,-4.079883090660066,-4.999320840206938,2.2333006575725207,4.10757182392043,-0.32509513800688417,0.8969886296440003,-0.8805507274808517,-0.9511061796371593,1.9458619066049245,-4.954003634205525,4.982261096557858,1.4344682924325995,-1.4681387695028303,-2.5586741236460293,3.422647946794083,-4.785274969941398,3.9143725335506625,-2.0614574758496182,1.970878527240708,3.9723381070696653,-3.88055282168622}]

Max g: 1.0218576751994441
f_41([0.0641356,-0.752094,0.917538,0.815576,-4.80615,4.98628,-5.29396e-22,2.90308,-1.90308,2.49557,-1.61406,0.118491,-2.38608,-1.6272,3.97791,4.78955,2.14807,3.28767,0.0763671,-3.047,3.02746,3.33801,0.707399,-4.08018,-4.99108,2.23503,4.10645,-0.32439,0.878716,-0.868912,-0.945099,1.9398,-4.94821,4.98857,1.43067,-1.46573,-2.5567,3.39843,-4.78247,3.90747,-2.06951,1.93879,4.07846,-3.92875])
1.8457164725821444
Max g: 1.0227168438185246
f_42([0.0619287,-0.742848,0.910129,0.828342,-4.81302,4.98446,1.88108e-7,2.90988,-1.90988,2.49313,-1.61286,0.119731,-2.38449,-1.62326,3.97681,4.78802,2.13444,3.27876,0.0752069,-3.04455,3.02634,3.33685,0.711156,-4.08125,-4.99222,2.23457,4.10368,-0.326114,0.87259,-0.867146,-0.946968,1.94915,-4.94604,4.99892,1.42872,-1.47956,-2.55324,3.38822,-4.7705,3.90623,-2.07325,1.9623,4.10504,-4.01175])
1.8349809394585515
Max g: 1.0218986967048431
f_43([0.0632811,-0.742663,0.909129,0.821271,-4.81277,4.98672,8.90917e-10,2.91373,-1.91373,2.502,-1.61839,0.116392,-2.38366,-1.62847,3.9782,4.78831,2.13088,3.27816,0.0757236,-3.04518,3.02668,3.3353,0.711714,-4.08095,-4.99552,2.23489,4.10535,-0.325668,0.875554,-0.863367,-0.939361,1.94024,-4.95241,4.9981,1.43243,-1.47928,-2.53807,3.38114,-4.76269,3.90363,-1.9582,1.8408,4.12746,-4.02475])
1.8300107852346659
Max g: 1.0222550002942858
f_44([0.0678963,-0.768137,0.932096,0.823916,-4.83112,4.98015,4.28872e-23,2.94631,-1.94631,2.5104,-1.65079,0.140398,-2.37941,-1.60156,3.97547,4.7854,2.07102,3.27338,0.0772221,-3.04591,3.02641,3.33087,0.714325,-4.07934,-4.99807,2.2455,4.10364,-0.334656,0.897231,-0.850915,-1.0192,1.95737,-4.92831,4.99812,1.41235,-1.45853,-2.52315,3.35127,-4.76342,3.90529,-1.93219,1.80702,4.16377,-4.06184])
1.8113230053528562
Max g: 1.0227229366625628
f_45([0.0694414,-0.771148,0.935295,0.829592,-4.81926,4.98053,-5.69533e-8,2.94736,-1.94736,2.50432,-1.64527,0.140945,-2.38113,-1.59999,3.97579,4.78561,2.07347,3.27146,0.0779091,-3.04314,3.0233,3.33005,0.715801,-4.08016,-4.99887,2.24575,4.10287,-0.335116,0.871757,-0.800734,-1.00976,1.95849,-4.94314,4.99722,1.40642,-1.45768,-2.51939,3.34751,-4.76166,3.90703,-1.93589,1.82985,4.17208,-4.06301])
1.790348954528059
Max g: 1.02304490557316
f_46([0.0695652,-0.772429,0.937872,0.829663,-4.81547,4.9803,3.50325e-46,2.94695,-1.94695,2.50172,-1.64234,0.140614,-2.38082,-1.6018,3.97635,4.77433,2.07141,3.27617,0.0776223,-3.04077,3.02121,3.33114,0.714885,-4.08015,-4.99757,2.24256,4.10289,-0.335242,0.867738,-0.802445,-1.01032,1.96594,-4.94103,4.9554,1.41293,-1.45695,-2.51899,3.34647,-4.75716,3.90282,-1.92173,1.82139,4.18551,-4.07999])
1.7923370162176133
Max g: 1.0228888409032493
f_47([0.0397153,-0.735508,0.917302,0.832648,-4.82278,4.98417,-6.46235e-26,2.95464,-1.95464,2.49722,-1.63,0.132782,-2.38139,-1.59637,3.97185,4.77376,2.08682,3.25077,0.0774103,-3.03147,3.01261,3.32729,0.725116,-4.08533,-4.98921,2.24243,4.10583,-0.336339,0.858368,-0.900842,-0.980748,1.99963,-4.93866,4.99382,1.39788,-1.44288,-2.53861,3.34744,-4.74078,3.88986,-1.91721,1.81738,4.24004,-4.11285])
1.7977047827794097
Max g: 1.0225863169834188
f_48([0.0489911,-0.73999,0.91766,0.832322,-4.81637,4.98404,8.49602e-24,2.95862,-1.95862,2.49823,-1.6349,0.136668,-2.37935,-1.59311,3.97189,4.77398,2.08186,3.26113,0.0772636,-3.0364,3.01756,3.32545,0.726985,-4.08531,-4.99405,2.24549,4.10283,-0.336387,0.86908,-0.860775,-0.992022,1.99864,-4.95908,4.9951,1.4056,-1.44026,-2.53378,3.36572,-4.73962,3.88623,-1.92158,1.79821,4.28602,-4.15848])
1.7653987803241535
Max g: 1.022612536952728
f_49([0.0582357,-0.743415,0.915384,0.833477,-4.82071,4.98275,-2.31172e-7,2.95779,-1.95779,2.50203,-1.63752,0.135499,-2.37856,-1.59478,3.97407,4.77336,2.09774,3.28186,0.0788209,-3.03474,3.01539,3.31794,0.732066,-4.08323,-4.98904,2.23322,4.09607,-0.333033,0.872394,-0.848595,-0.999383,1.99309,-4.95263,4.99886,1.38631,-1.43166,-2.52835,3.36801,-4.72593,3.88316,-1.92644,1.82571,4.30415,-4.21985])
1.7661940049999751
Max g: 1.0234412357517952
f_50([0.0616154,-0.749172,0.918898,0.835163,-4.81744,4.98226,5.14529e-12,2.95725,-1.95725,2.50328,-1.64234,0.13906,-2.38112,-1.59969,3.97631,4.7734,2.0963,3.28285,0.0765993,-3.03493,3.01692,3.31774,0.733883,-4.08314,-4.98724,2.24151,4.09544,-0.333183,0.856998,-0.83743,-1.00027,1.98818,-4.94975,4.99946,1.37992,-1.42872,-2.5285,3.36966,-4.72757,3.86155,-1.93117,1.82631,4.36164,-4.25805])
1.7750408795184915
{0.06161544484321344,-0.7491722411825606,0.918897942243125,0.8351625235110257,-4.817436926045022,4.982260623022107,5.145291350540198e-12,2.9572474557916286,-1.9572474557953385,2.503277124663733,-1.642337456857307,0.1390603321956804,-2.3811204770358394,-1.5996906587334006,3.9763083491712212,4.773399053511429,2.0963007105815428,3.2828527270065777,0.07659928570315572,-3.034934773096677,3.0169238270910723,3.3177433518081876,0.7338826617990485,-4.083143790321323,-4.987239573274748,2.2415138545150164,4.095437509527997,-0.33318258352848984,0.8569978434191146,-0.83742955261211,-1.0002735249574928,1.9881751352698205,-4.949752657476748,4.999462885047839,1.3799179987558685,-1.4287186884013579,-2.5284977718668857,3.369660572041446,-4.7275655082538,3.86154513821781,-1.9311673715351725,1.8263078603598033,4.3616390394558735,-4.25804716344805}]
Set[{A021,A031,A032,A041,A042,A043,A121,A131,A132,A141,A142,A143,B021,B031,B032,B041,B042,B043,B121,B131,B132,B141,B142,B143,\[Alpha]1,\[Alpha]2,\[Alpha]3,\[Alpha]4,\[Beta]11,\[Beta]12,\[Beta]13,\[Beta]14,\[Beta]21,\[Beta]22,\[Beta]23,\[Beta]24,\[Beta]31,\[Beta]32,\[Beta]33,\[Beta]34,\[Beta]41,\[Beta]42,\[Beta]43,\[Beta]44},{0.06161544484321344,-0.7491722411825606,0.918897942243125,0.8351625235110257,-4.817436926045022,4.982260623022107,5.145291350540198e-12,2.9572474557916286,-1.9572474557953385,2.503277124663733,-1.642337456857307,0.1390603321956804,-2.3811204770358394,-1.5996906587334006,3.9763083491712212,4.773399053511429,2.0963007105815428,3.2828527270065777,0.07659928570315572,-3.034934773096677,3.0169238270910723,3.3177433518081876,0.7338826617990485,-4.083143790321323,-4.987239573274748,2.2415138545150164,4.095437509527997,-0.33318258352848984,0.8569978434191146,-0.83742955261211,-1.0002735249574928,1.9881751352698205,-4.949752657476748,4.999462885047839,1.3799179987558685,-1.4287186884013579,-2.5284977718668857,3.369660572041446,-4.7275655082538,3.86154513821781,-1.9311673715351725,1.8263078603598033,4.3616390394558735,-4.25804716344805}]

Max g: 1.0220736661827754
{0.05308446844647268,-0.7525794331768305,0.9243662430181744,0.8188686826353514,-4.8042974973073935,4.9841902231184845,-9.13835033742973e-30,2.895327334061169,-1.895327334061172,2.498570636095085,-1.6160048075896232,0.11743417149453833,-2.387628637793494,-1.6272942024525374,3.979999268315794,4.785721916126918,2.148523033139028,3.2937941461379086,0.07214348211812371,-3.049545815518925,3.0325231442065412,3.3390925205334003,0.7046507401587767,-4.077810380110707,-5.0,2.2377612854541633,4.110867416220775,-0.3251235328641927,0.9210634049916847,-0.904739843320124,-0.9336022250574716,1.923678919594642,-4.950413043521847,4.973570146425441,1.4577341649696935,-1.4889080298563353,-2.5643681449807962,3.455641819829972,-4.814857968257853,3.9169513451543,-2.067564603744167,1.9818346473615733,3.9461839872496096,-3.8595465821294908}]
Set[{A021,A031,A032,A041,A042,A043,A121,A131,A132,A141,A142,A143,B021,B031,B032,B041,B042,B043,B121,B131,B132,B141,B142,B143,\[Alpha]1,\[Alpha]2,\[Alpha]3,\[Alpha]4,\[Beta]11,\[Beta]12,\[Beta]13,\[Beta]14,\[Beta]21,\[Beta]22,\[Beta]23,\[Beta]24,\[Beta]31,\[Beta]32,\[Beta]33,\[Beta]34,\[Beta]41,\[Beta]42,\[Beta]43,\[Beta]44},{0.05308446844647268,-0.7525794331768305,0.9243662430181744,0.8188686826353514,-4.8042974973073935,4.9841902231184845,-9.13835033742973e-30,2.895327334061169,-1.895327334061172,2.498570636095085,-1.6160048075896232,0.11743417149453833,-2.387628637793494,-1.6272942024525374,3.979999268315794,4.785721916126918,2.148523033139028,3.2937941461379086,0.07214348211812371,-3.049545815518925,3.0325231442065412,3.3390925205334003,0.7046507401587767,-4.077810380110707,-5.0,2.2377612854541633,4.110867416220775,-0.3251235328641927,0.9210634049916847,-0.904739843320124,-0.9336022250574716,1.923678919594642,-4.950413043521847,4.973570146425441,1.4577341649696935,-1.4889080298563353,-2.5643681449807962,3.455641819829972,-4.814857968257853,3.9169513451543,-2.067564603744167,1.9818346473615733,3.9461839872496096,-3.8595465821294908}]


-----------------Final Result------------------
Options: alg=LN_AUGLAG_EQ,dx=0.01,max_eval=100000000,popSize=0
imin=-1,jmin=-5,imax=1,jmax=5,parameter_minmax=5,randSeed=33663106

5022504 steps

Completed with maxf : 1.8621179815209667

Constraints at 1.0211362

x = [0.05308446844647268,-0.7525794331768305,0.9243662430181744,0.8188686826353514,-4.8042974973073935,4.9841902231184845,-9.13835033742973e-30,2.895327334061169,-1.895327334061172,2.498570636095085,-1.6160048075896232,0.11743417149453833,-2.387628637793494,-1.6272942024525374,3.979999268315794,4.785721916126918,2.148523033139028,3.2937941461379086,0.07214348211812371,-3.049545815518925,3.0325231442065412,3.3390925205334003,0.7046507401587767,-4.077810380110707,-5.0,2.2377612854541633,4.110867416220775,-0.3251235328641927,0.9210634049916847,-0.904739843320124,-0.9336022250574716,1.923678919594642,-4.950413043521847,4.973570146425441,1.4577341649696935,-1.4889080298563353,-2.5643681449807962,3.455641819829972,-4.814857968257853,3.9169513451543,-2.067564603744167,1.9818346473615733,3.9461839872496096,-3.8595465821294908]
c0 = [0.0,0.05308446844647268,0.17178680984134387,0.998761408446442]
c1 = [0.0,-9.13835033742973e-30,0.9999999999999969,1.0000000000000002]
A0 = [0.0,0.05308446844647268,-0.7525794331768305,0.8188686826353514,0.0,0.0,0.9243662430181744,-4.8042974973073935,0.0,0.0,0.0,4.9841902231184845,0.0,0.0,0.0,0.0]
A1 = [0.0,-9.13835033742973e-30,2.895327334061169,2.498570636095085,0.0,0.0,-1.895327334061172,-1.6160048075896232,0.0,0.0,0.0,0.11743417149453833,0.0,0.0,0.0,0.0]
B0 = [0.0,-2.387628637793494,-1.6272942024525374,4.785721916126918,0.0,0.0,3.979999268315794,2.148523033139028,0.0,0.0,0.0,3.2937941461379086,0.0,0.0,0.0,0.0]
B1 = [0.0,0.07214348211812371,-3.049545815518925,3.3390925205334003,0.0,0.0,3.0325231442065412,0.7046507401587767,0.0,0.0,0.0,-4.077810380110707,0.0,0.0,0.0,0.0]
α  = [-5.0,2.2377612854541633,4.110867416220775,-0.3251235328641927]
β1 = [0.9210634049916847,-0.904739843320124,-0.9336022250574716,1.923678919594642]
β2 = [-4.950413043521847,4.973570146425441,1.4577341649696935,-1.4889080298563353]
β3 = [-2.5643681449807962,3.455641819829972,-4.814857968257853,3.9169513451543]
β4 = [-2.067564603744167,1.9818346473615733,3.9461839872496096,-3.8595465821294908]


Set[{A021,A031,A032,A041,A042,A043,A121,A131,A132,A141,A142,A143,B021,B031,B032,B041,B042,B043,B121,B131,B132,B141,B142,B143,\[Alpha]1,\[Alpha]2,\[Alpha]3,\[Alpha]4,\[Beta]11,\[Beta]12,\[Beta]13,\[Beta]14,\[Beta]21,\[Beta]22,\[Beta]23,\[Beta]24,\[Beta]31,\[Beta]32,\[Beta]33,\[Beta]34,\[Beta]41,\[Beta]42,\[Beta]43,\[Beta]44},{0.05308446844647268,-0.7525794331768305,0.9243662430181744,0.8188686826353514,-4.8042974973073935,4.9841902231184845,-9.13835033742973e-30,2.895327334061169,-1.895327334061172,2.498570636095085,-1.6160048075896232,0.11743417149453833,-2.387628637793494,-1.6272942024525374,3.979999268315794,4.785721916126918,2.148523033139028,3.2937941461379086,0.07214348211812371,-3.049545815518925,3.0325231442065412,3.3390925205334003,0.7046507401587767,-4.077810380110707,-5.0,2.2377612854541633,4.110867416220775,-0.3251235328641927,0.9210634049916847,-0.904739843320124,-0.9336022250574716,1.923678919594642,-4.950413043521847,4.973570146425441,1.4577341649696935,-1.4889080298563353,-2.5643681449807962,3.455641819829972,-4.814857968257853,3.9169513451543,-2.067564603744167,1.9818346473615733,3.9461839872496096,-3.8595465821294908}]



