
-----------------Setup------------------
Options: alg=LN_AUGLAG_EQ,dx=0.01,max_eval=100000000,popSize=0
imin=-1,jmin=-5,imax=1,jmax=5,
parameter_minmax=5,randSeed=22669168

f_1([0.00651554,-2.68849,2.69499,4.58167,-2.7514,-0.846286,9.77193e-6,0.809562,-0.39437,-0.418894,4.6716,-3.25272,2.50003,4.02728,0.603635,4.80475,4.11703,2.84445,0.231528,-1.32616,2.64784,-0.630889,2.11534,0.157357,-0.497698,3.05994,-2.56991,0.271951,4.9393,-4.84069,0.0846491,0.733432,-3.58208,3.8814,-0.310358,0.304142,-1.81971,1.8074,2.8337,-2.22998,-2.33404,2.45553,-0.609058,1.10503])
2.024940233895458
Max g: 1.577794025943422
f_2([0.0128561,-2.6612,2.67406,4.65681,-2.74057,-0.916239,-3.10508e-21,0.922013,-0.482481,-0.6657,4.67848,-3.09223,2.559,3.98236,0.589711,4.77701,3.91931,2.85528,0.147439,-1.20848,2.69337,-0.362438,1.94938,0.210526,-0.176453,3.35569,-2.1351,0.181096,5.0,-4.91322,-0.114372,0.503641,-3.99818,3.86603,-0.230405,0.211355,-1.97315,1.33847,2.88069,-2.32403,-2.47331,2.04679,-0.961163,1.11728])
2.163011118234999
Max g: 0.8828345578703317
f_3([0.219805,-2.88456,3.10436,4.61098,-2.71578,-0.895203,-2.1157e-20,0.983597,-0.427473,-0.638861,4.68578,-3.04692,2.59469,3.93059,0.597833,4.73588,3.87328,2.91896,0.142814,-1.08746,2.71412,-0.270059,2.0047,0.201446,-0.209004,3.40375,-2.19129,0.176991,4.97012,-4.32263,-0.131985,0.420353,-3.9093,3.88167,-0.0944868,0.104047,-1.90398,1.32625,2.86789,-2.34365,-2.30505,2.11349,-1.16886,1.23373])
1.596214730543089
Max g: 0.7891179408599486
f_4([0.220449,-2.88336,3.10381,4.61087,-2.7158,-0.895067,-5.83978e-7,0.974674,-0.422653,-0.627355,4.68574,-3.05839,2.59912,3.93243,0.598014,4.73508,3.87122,2.91801,0.144892,-1.05999,2.72195,-0.252005,2.01974,0.202531,-0.275098,3.3917,-2.18063,0.175802,4.99999,-4.31868,-0.168999,0.441166,-3.89875,3.88729,-0.0242335,0.0459186,-1.87967,1.32985,2.85028,-2.33784,-2.25508,2.11747,-1.24473,1.28219])
1.6335902903067083
Max g: 0.7643798164222237
f_5([0.221128,-2.8822,3.10333,4.61094,-2.71575,-0.895182,-4.31595e-20,0.972091,-0.418602,-0.622016,4.68579,-3.06377,2.60324,3.93123,0.594477,4.73407,3.86931,2.91725,0.141467,-1.03843,2.72931,-0.234604,2.03598,0.199652,-0.321514,3.3846,-2.17374,0.173962,5.0,-4.31392,-0.210304,0.460987,-3.90693,3.89161,0.0477369,-0.00672086,-1.85952,1.32072,2.84058,-2.32928,-2.20924,2.11621,-1.32629,1.33667])
1.6761348104631688
Max g: 0.7314901763369056
f_6([0.22173,-2.88149,3.10322,4.61075,-2.71425,-0.896511,1.37341e-6,0.970798,-0.414469,-0.61957,4.6858,-3.06623,2.60634,3.93112,0.592698,4.73393,3.8682,2.91616,0.137883,-1.01909,2.73591,-0.218543,2.05084,0.197737,-0.353711,3.38118,-2.16949,0.172867,5.0,-4.30788,-0.248081,0.479351,-3.92294,3.89473,0.11971,-0.0590432,-1.84323,1.30686,2.83204,-2.31885,-2.16722,2.1136,-1.41399,1.39473])
1.7114229054527563
Max g: 0.6952185772074768
f_7([0.222255,-2.88095,3.10321,4.61102,-2.71451,-0.896547,-2.07187e-6,0.971947,-0.413417,-0.619339,4.68578,-3.06644,2.60759,3.9316,0.592292,4.73403,3.86745,2.91556,0.134664,-1.00375,2.74065,-0.206438,2.06322,0.196316,-0.370911,3.3797,-2.16719,0.172447,5.0,-4.3025,-0.276589,0.492087,-3.94108,3.89714,0.179684,-0.102434,-1.82923,1.29272,2.82548,-2.30943,-2.13421,2.11107,-1.48803,1.44431])
1.7403492030357703
Max g: 0.6650379194871991
f_8([0.222781,-2.87991,3.10269,4.61123,-2.71469,-0.89655,-8.40702e-22,0.973406,-0.411946,-0.620418,4.68577,-3.06535,2.60819,3.93216,0.593581,4.73354,3.86689,2.91543,0.131876,-0.991755,2.74484,-0.195912,2.07278,0.19566,-0.381995,3.37962,-2.16552,0.172428,5.0,-4.29712,-0.30108,0.503611,-3.9596,3.89975,0.238551,-0.144774,-1.81636,1.27721,2.81921,-2.29951,-2.10288,2.10867,-1.56154,1.49317])
1.7461145819354775
Max g: 0.6352148017804787
f_9([0.223395,-2.87925,3.10265,4.61136,-2.71467,-0.89669,-1.26104e-6,0.97497,-0.410944,-0.621747,4.68577,-3.06402,2.60879,3.93299,0.594798,4.7331,3.86597,2.9153,0.129335,-0.982462,2.7483,-0.187118,2.08051,0.195468,-0.390049,3.38015,-2.16542,0.172629,5.0,-4.29136,-0.322857,0.513749,-3.97877,3.90194,0.295216,-0.185439,-1.80392,1.26144,2.81322,-2.28908,-2.0744,2.10715,-1.63373,1.54126])
1.7481026436250318
Max g: 0.6197838395991928
f_10([0.22392,-2.8786,3.10252,4.6113,-2.7142,-0.897103,-2.15307e-20,0.976861,-0.409849,-0.623674,4.68578,-3.0621,2.60883,3.93524,0.595554,4.73301,3.86554,2.91475,0.12693,-0.974994,2.75132,-0.179857,2.08703,0.195677,-0.396568,3.3816,-2.16517,0.17301,5.0,-4.28521,-0.341968,0.522595,-3.99666,3.9041,0.351463,-0.22562,-1.79253,1.24561,2.80628,-2.27813,-2.04502,2.10608,-1.70787,1.59074])
1.7448223418372673
{0.22392046861173281,-2.878600585378072,3.1025210539898307,4.611304214478957,-2.7142016755587988,-0.8971025389201571,-2.1530682163697407e-20,0.9768607541244893,-0.40984915919202936,-0.6236735022515092,4.68577627017888,-3.0621027679273642,2.608833582161184,3.935244586085102,0.5955536254039207,4.733006615983063,3.8655358275829275,2.9147461119552163,0.12692997608182516,-0.9749939333334866,2.7513183559057857,-0.1798572008857396,2.087026483342576,0.19567659886505695,-0.3965682476003756,3.3816042567397138,-2.165174763179807,0.1730104899174735,5.0,-4.285207601630188,-0.3419683149655385,0.5225950643826358,-3.996661532755911,3.9040989878469015,0.3514630098913629,-0.22561998718101767,-1.792534606881963,1.2456129822241542,2.8062780285423683,-2.278126603637804,-2.0450220690371603,2.106076188789274,-1.7078711452209776,1.590738269820024}]
Set[{A021,A031,A032,A041,A042,A043,A121,A131,A132,A141,A142,A143,B021,B031,B032,B041,B042,B043,B121,B131,B132,B141,B142,B143,\[Alpha]1,\[Alpha]2,\[Alpha]3,\[Alpha]4,\[Beta]11,\[Beta]12,\[Beta]13,\[Beta]14,\[Beta]21,\[Beta]22,\[Beta]23,\[Beta]24,\[Beta]31,\[Beta]32,\[Beta]33,\[Beta]34,\[Beta]41,\[Beta]42,\[Beta]43,\[Beta]44},{0.22392046861173281,-2.878600585378072,3.1025210539898307,4.611304214478957,-2.7142016755587988,-0.8971025389201571,-2.1530682163697407e-20,0.9768607541244893,-0.40984915919202936,-0.6236735022515092,4.68577627017888,-3.0621027679273642,2.608833582161184,3.935244586085102,0.5955536254039207,4.733006615983063,3.8655358275829275,2.9147461119552163,0.12692997608182516,-0.9749939333334866,2.7513183559057857,-0.1798572008857396,2.087026483342576,0.19567659886505695,-0.3965682476003756,3.3816042567397138,-2.165174763179807,0.1730104899174735,5.0,-4.285207601630188,-0.3419683149655385,0.5225950643826358,-3.996661532755911,3.9040989878469015,0.3514630098913629,-0.22561998718101767,-1.792534606881963,1.2456129822241542,2.8062780285423683,-2.278126603637804,-2.0450220690371603,2.106076188789274,-1.7078711452209776,1.590738269820024}]

Max g: 0.6223555278291624
f_11([0.224413,-2.8779,3.10231,4.61138,-2.71422,-0.897164,2.09034e-20,0.979651,-0.409044,-0.625737,4.68577,-3.06003,2.60873,3.93665,0.597176,4.73284,3.86444,2.9142,0.125018,-0.969994,2.75383,-0.174741,2.09232,0.196329,-0.400915,3.38243,-2.16549,0.17353,5.0,-4.27911,-0.358231,0.53038,-4.01459,3.90617,0.406662,-0.264936,-1.78079,1.23016,2.79878,-2.26638,-2.01663,2.10515,-1.7815,1.63968])
1.7394545752754709
Max g: 0.6231385732982258
f_12([0.224875,-2.87695,3.10182,4.61127,-2.71432,-0.896961,-2.51612e-7,0.982148,-0.408189,-0.62784,4.68571,-3.05787,2.6086,3.93807,0.598037,4.73256,3.86369,2.91365,0.123331,-0.967629,2.75584,-0.172028,2.09625,0.197461,-0.405367,3.38402,-2.16546,0.173833,5.0,-4.27303,-0.370264,0.535744,-4.03234,3.9078,0.460216,-0.302742,-1.76931,1.2152,2.79084,-2.25441,-1.99023,2.10444,-1.85407,1.68837])
1.7336891963757637
Max g: 0.6242069442360343
f_13([0.225281,-2.87635,3.10163,4.61108,-2.71428,-0.896794,-1.02218e-20,0.985125,-0.40665,-0.630075,4.68568,-3.05561,2.60824,3.93943,0.599343,4.73254,3.8629,2.91368,0.121574,-0.967925,2.75728,-0.170055,2.09744,0.19881,-0.408274,3.38533,-2.16645,0.174386,5.0,-4.26706,-0.379675,0.53973,-4.04987,3.90946,0.511456,-0.338333,-1.75855,1.20132,2.78259,-2.24234,-1.96433,2.10452,-1.92634,1.73652])
1.7261345619554576
Max g: 0.6221835894334236
f_14([0.225814,-2.87562,3.10144,4.61143,-2.71475,-0.89668,-5.02523e-7,0.988021,-0.405968,-0.632023,4.68563,-3.05361,2.60771,3.94084,0.599966,4.73256,3.86212,2.91334,0.120247,-0.969638,2.75801,-0.169131,2.09707,0.200687,-0.411373,3.38688,-2.16665,0.174762,5.0,-4.26128,-0.386646,0.542481,-4.06622,3.91096,0.560886,-0.372672,-1.74746,1.18594,2.77418,-2.22988,-1.93893,2.10549,-1.99926,1.78486])
1.7193751522109733
Max g: 0.6211899948865511
f_15([0.226146,-2.87504,3.10119,4.6112,-2.7144,-0.896803,-4.83412e-20,0.991213,-0.405213,-0.633988,4.68559,-3.0516,2.60776,3.94209,0.603187,4.7327,3.86153,2.91325,0.119144,-0.973631,2.75804,-0.170924,2.09589,0.203034,-0.414317,3.38856,-2.16668,0.175343,5.0,-4.25534,-0.391087,0.544581,-4.08444,3.91264,0.610462,-0.406668,-1.73608,1.17118,2.76479,-2.21659,-1.91385,2.10668,-2.07489,1.83511])
1.709434843763202
Max g: 0.6192288935864063
f_16([0.226613,-2.87434,3.10095,4.6112,-2.71447,-0.896737,1.81173e-6,0.994035,-0.404204,-0.636047,4.68558,-3.04953,2.60747,3.94379,0.604833,4.73237,3.86092,2.91268,0.11816,-0.979837,2.75798,-0.17393,2.09365,0.205566,-0.416733,3.39015,-2.16759,0.175973,5.0,-4.24958,-0.392808,0.544595,-4.10178,3.91393,0.657941,-0.438402,-1.72561,1.15728,2.7562,-2.20351,-1.88993,2.10887,-2.14753,1.88263])
1.6998921476533417
Max g: 0.6159575157060893
f_17([0.227084,-2.87367,3.10075,4.61128,-2.71498,-0.896306,-6.83575e-21,0.996544,-0.402752,-0.638389,4.68557,-3.04718,2.6072,3.94527,0.60733,4.73177,3.86017,2.91257,0.11738,-0.987614,2.75755,-0.177692,2.08936,0.208576,-0.419213,3.39208,-2.16813,0.176632,5.0,-4.24417,-0.392783,0.544072,-4.11848,3.91555,0.704528,-0.469358,-1.71528,1.14249,2.74642,-2.19008,-1.86598,2.11131,-2.2205,1.93025])
1.6905482577124369
Max g: 0.6117317781178091
f_18([0.227439,-2.87265,3.10008,4.61135,-2.71507,-0.896292,-8.02513e-21,0.999226,-0.401334,-0.640361,4.68557,-3.04521,2.60688,3.94641,0.610305,4.732,3.85925,2.91241,0.116885,-0.998133,2.75664,-0.183923,2.08391,0.212171,-0.421072,3.39361,-2.1683,0.177265,5.0,-4.2387,-0.389805,0.54225,-4.13587,3.91683,0.751824,-0.500209,-1.70416,1.12829,2.73636,-2.17571,-1.84134,2.11482,-2.29798,1.98046])
1.6811049646870544
Max g: 0.6065137906022882
f_19([0.227796,-2.87221,3.1,4.61146,-2.7145,-0.896951,-5.35193e-13,1.00215,-0.400569,-0.642606,4.68555,-3.04294,2.60656,3.94832,0.613102,4.7315,3.85918,2.9121,0.116356,-1.01017,2.75544,-0.19069,2.07693,0.216022,-0.423533,3.39505,-2.16842,0.177994,5.0,-4.23362,-0.385641,0.539607,-4.15327,3.91795,0.796706,-0.528877,-1.69477,1.11476,2.72629,-2.16157,-1.81762,2.11828,-2.37352,2.02883])
1.6721586870840603
Max g: 0.600976197331379
f_20([0.229743,-2.87302,3.10276,4.61144,-2.72259,-0.888864,-5.08776e-8,0.997468,-0.394385,-0.638897,4.68917,-3.05028,2.60452,3.95062,0.595078,4.72743,3.81096,2.91429,0.122183,-1.04389,2.75448,-0.216419,2.0561,0.215474,-0.41457,3.39393,-2.1717,0.178045,5.0,-4.2257,-0.381921,0.553488,-4.1752,3.92186,0.826836,-0.553279,-1.66821,1.11391,2.673,-2.14327,-1.72397,1.99749,-2.37437,2.05001])
1.658142852172703
{0.22974308940486238,-2.8730174243929265,3.1027600701410982,4.611435121072989,-2.7225947913060935,-0.8888643749109914,-5.0877630127798043e-8,0.9974680408921136,-0.39438549459047234,-0.638896534698752,4.689174897655429,-3.0502796530194485,2.604524879951549,3.950624288207892,0.5950778712904046,4.7274256272048465,3.810956735780008,2.9142893906212186,0.12218307211370866,-1.043893695297134,2.754475196186341,-0.2164189106861364,2.056101225939186,0.2154744809894412,-0.41456974012625625,3.3939310098672677,-2.1717005122952022,0.17804463939127002,4.999999798001777,-4.225702724055476,-0.3819214156375245,0.5534875860754055,-4.175203269005727,3.92186277923927,0.8268357485153282,-0.5532787401629966,-1.668210470256097,1.1139127225600092,2.6730011959399578,-2.1432679330065936,-1.7239744414655154,1.9974882885384722,-2.3743732061080607,2.050010345275083}]
Set[{A021,A031,A032,A041,A042,A043,A121,A131,A132,A141,A142,A143,B021,B031,B032,B041,B042,B043,B121,B131,B132,B141,B142,B143,\[Alpha]1,\[Alpha]2,\[Alpha]3,\[Alpha]4,\[Beta]11,\[Beta]12,\[Beta]13,\[Beta]14,\[Beta]21,\[Beta]22,\[Beta]23,\[Beta]24,\[Beta]31,\[Beta]32,\[Beta]33,\[Beta]34,\[Beta]41,\[Beta]42,\[Beta]43,\[Beta]44},{0.22974308940486238,-2.8730174243929265,3.1027600701410982,4.611435121072989,-2.7225947913060935,-0.8888643749109914,-5.0877630127798043e-8,0.9974680408921136,-0.39438549459047234,-0.638896534698752,4.689174897655429,-3.0502796530194485,2.604524879951549,3.950624288207892,0.5950778712904046,4.7274256272048465,3.810956735780008,2.9142893906212186,0.12218307211370866,-1.043893695297134,2.754475196186341,-0.2164189106861364,2.056101225939186,0.2154744809894412,-0.41456974012625625,3.3939310098672677,-2.1717005122952022,0.17804463939127002,4.999999798001777,-4.225702724055476,-0.3819214156375245,0.5534875860754055,-4.175203269005727,3.92186277923927,0.8268357485153282,-0.5532787401629966,-1.668210470256097,1.1139127225600092,2.6730011959399578,-2.1432679330065936,-1.7239744414655154,1.9974882885384722,-2.3743732061080607,2.050010345275083}]

Max g: 0.6180645599955445
f_21([0.230065,-2.87283,3.1029,4.61157,-2.72267,-0.888903,-2.56194e-20,0.999028,-0.394435,-0.640257,4.68916,-3.04891,2.60395,3.95238,0.599353,4.7273,3.81056,2.91406,0.121772,-1.06424,2.75181,-0.229455,2.04417,0.220469,-0.410152,3.39673,-2.17365,0.179214,5.0,-4.22321,-0.387751,0.560738,-4.19294,3.92253,0.861275,-0.572696,-1.65711,1.10256,2.66649,-2.13139,-1.70365,2.00023,-2.43403,2.08702])
1.6441270172613458
Max g: 0.6154171964418342
f_22([0.230408,-2.87229,3.1027,4.61147,-2.723,-0.888484,9.32646e-22,1.00019,-0.393593,-0.641785,4.68917,-3.04738,2.60338,3.95422,0.603169,4.72698,3.80987,2.91409,0.121507,-1.0846,2.74846,-0.243141,2.03191,0.225581,-0.40802,3.39862,-2.17432,0.180192,5.0,-4.22082,-0.391404,0.566833,-4.20906,3.92321,0.89583,-0.59198,-1.64805,1.09065,2.6593,-2.11952,-1.68295,2.00302,-2.49412,2.12433])
1.6324968563774536
Max g: 0.6114117356519628
f_23([0.230741,-2.8718,3.10254,4.61143,-2.7227,-0.888739,-5.18956e-8,1.00124,-0.392991,-0.64293,4.68916,-3.04623,2.60324,3.95582,0.607036,4.72691,3.80994,2.9142,0.121374,-1.10486,2.74541,-0.257176,2.02002,0.23107,-0.407635,3.40036,-2.17477,0.181005,5.0,-4.21874,-0.392987,0.571509,-4.22471,3.92401,0.928379,-0.609813,-1.63963,1.07857,2.65214,-2.10729,-1.66295,2.00642,-2.5541,2.16071])
1.621960129422816
Max g: 0.6071723061381649
f_24([0.231072,-2.87132,3.1024,4.6113,-2.72269,-0.888633,5.51133e-8,1.00221,-0.392166,-0.643691,4.68917,-3.04548,2.60274,3.95762,0.610168,4.72667,3.80979,2.9137,0.121408,-1.12547,2.7422,-0.271137,2.00728,0.236673,-0.40783,3.40244,-2.17547,0.18184,5.0,-4.21683,-0.392833,0.57536,-4.24057,3.92449,0.959967,-0.626558,-1.63107,1.06585,2.64467,-2.09531,-1.64294,2.01004,-2.61464,2.19716])
1.6122186271440004
Max g: 0.6021109958038533
f_25([0.231401,-2.87122,3.10262,4.61117,-2.72293,-0.888238,-8.91399e-21,1.00313,-0.391429,-0.644076,4.68918,-3.04511,2.60277,3.95946,0.613127,4.7266,3.8093,2.91372,0.121384,-1.14628,2.73886,-0.285793,1.99458,0.242814,-0.408444,3.40393,-2.17602,0.182609,4.99998,-4.21532,-0.392127,0.578935,-4.25624,3.92508,0.991763,-0.642781,-1.62341,1.05422,2.63749,-2.08319,-1.62267,2.01371,-2.67629,2.23351])
1.6022783186962293
Max g: 0.596403888568263
f_26([0.231758,-2.87086,3.10263,4.61118,-2.723,-0.888177,8.50154e-21,1.00388,-0.390576,-0.64442,4.68914,-3.04472,2.60252,3.96094,0.616542,4.72633,3.8087,2.91321,0.121256,-1.16677,2.73551,-0.300661,1.98246,0.248785,-0.410125,3.40537,-2.17651,0.183437,4.99999,-4.214,-0.39042,0.581549,-4.27252,3.92561,1.02345,-0.658721,-1.61546,1.04234,2.62891,-2.07045,-1.60188,2.01844,-2.73935,2.27052])
1.59442547502249
Max g: 0.5904796870006539
f_27([0.23206,-2.87068,3.10274,4.61114,-2.72291,-0.888248,2.48356e-7,1.00445,-0.3897,-0.644766,4.68914,-3.04437,2.60208,3.96237,0.620365,4.72613,3.80797,2.91283,0.121421,-1.18675,2.73169,-0.31525,1.96949,0.255232,-0.411764,3.40647,-2.17618,0.184227,5.0,-4.21275,-0.386677,0.583512,-4.28858,3.92591,1.05369,-0.673649,-1.60768,1.03057,2.62083,-2.05812,-1.58107,2.02332,-2.80207,2.3069])
1.5850815850815851
Max g: 0.584339854787042
f_28([0.232351,-2.87066,3.10301,4.61135,-2.72297,-0.888396,-1.47861e-20,1.00509,-0.389159,-0.644612,4.6891,-3.04448,2.6018,3.9639,0.623575,4.72604,3.8078,2.91225,0.12154,-1.20604,2.72795,-0.32951,1.95697,0.261574,-0.413379,3.40772,-2.17643,0.184971,5.0,-4.21185,-0.382106,0.584833,-4.30434,3.92639,1.0833,-0.687881,-1.60009,1.02001,2.61169,-2.04555,-1.55965,2.02888,-2.8658,2.34349])
1.5760359043941135
Max g: 0.5783616305430881
f_29([0.232624,-2.87058,3.10321,4.61145,-2.72343,-0.88807,1.18874e-7,1.00538,-0.388099,-0.644947,4.68909,-3.04414,2.60143,3.96484,0.627143,4.72592,3.80745,2.91245,0.121563,-1.2245,2.72431,-0.34293,1.94477,0.26786,-0.415328,3.409,-2.17642,0.185668,5.0,-4.21119,-0.378086,0.586078,-4.3201,3.92642,1.11127,-0.700609,-1.59278,1.01003,2.60232,-2.03303,-1.53909,2.03536,-2.92934,2.37914])
1.567884851466941
Max g: 0.5733380984798284
f_30([0.232892,-2.87033,3.10322,4.61138,-2.72296,-0.888417,-1.06622e-6,1.00559,-0.387011,-0.644797,4.68908,-3.04428,2.60098,3.96611,0.630034,4.72569,3.80721,2.91237,0.12168,-1.24295,2.72047,-0.357008,1.93241,0.274382,-0.416943,3.41044,-2.17659,0.186332,5.0,-4.21075,-0.372754,0.58707,-4.33533,3.92656,1.13889,-0.712963,-1.58571,1.00046,2.59225,-2.02014,-1.51751,2.04178,-2.9936,2.4153])
1.5592367831173801
{0.23289247034659577,-2.8703321369421637,3.103224482126743,4.61137638145979,-2.722962771680777,-0.8884165515281645,-1.0662249489188515e-6,1.0055899458931312,-0.38701100028182417,-0.6447968181071166,4.689078915722565,-3.0442823653701576,2.6009782247321174,3.9661107198157604,0.630034269483705,4.725690116941812,3.8072091031338897,2.9123683275239394,0.12167975387906063,-1.242946684393669,2.720467810510169,-0.35700760751357524,1.9324099998726019,0.274382174341946,-0.4169433589986794,3.410444991491543,-2.176585065786701,0.18633200501271155,4.999999143137678,-4.210750606351878,-0.3727543985764356,0.5870699247835182,-4.335325338665418,3.926561305929112,1.1388930775675319,-0.7129628864211319,-1.5857147465357837,1.0004610852829368,2.5922478105660756,-2.0201381926074897,-1.5175075194549692,2.0417827456686495,-2.9935987430923845,2.415299201977303}]
Set[{A021,A031,A032,A041,A042,A043,A121,A131,A132,A141,A142,A143,B021,B031,B032,B041,B042,B043,B121,B131,B132,B141,B142,B143,\[Alpha]1,\[Alpha]2,\[Alpha]3,\[Alpha]4,\[Beta]11,\[Beta]12,\[Beta]13,\[Beta]14,\[Beta]21,\[Beta]22,\[Beta]23,\[Beta]24,\[Beta]31,\[Beta]32,\[Beta]33,\[Beta]34,\[Beta]41,\[Beta]42,\[Beta]43,\[Beta]44},{0.23289247034659577,-2.8703321369421637,3.103224482126743,4.61137638145979,-2.722962771680777,-0.8884165515281645,-1.0662249489188515e-6,1.0055899458931312,-0.38701100028182417,-0.6447968181071166,4.689078915722565,-3.0442823653701576,2.6009782247321174,3.9661107198157604,0.630034269483705,4.725690116941812,3.8072091031338897,2.9123683275239394,0.12167975387906063,-1.242946684393669,2.720467810510169,-0.35700760751357524,1.9324099998726019,0.274382174341946,-0.4169433589986794,3.410444991491543,-2.176585065786701,0.18633200501271155,4.999999143137678,-4.210750606351878,-0.3727543985764356,0.5870699247835182,-4.335325338665418,3.926561305929112,1.1388930775675319,-0.7129628864211319,-1.5857147465357837,1.0004610852829368,2.5922478105660756,-2.0201381926074897,-1.5175075194549692,2.0417827456686495,-2.9935987430923845,2.415299201977303}]

Max g: 0.5833711990006378
f_31([0.233098,-2.87018,3.10328,4.61147,-2.72256,-0.888913,-1.06933e-6,1.00593,-0.386311,-0.644741,4.6891,-3.04436,2.6006,3.96808,0.63277,4.72544,3.80674,2.91259,0.121636,-1.26053,2.71691,-0.370078,1.92055,0.280684,-0.418725,3.41156,-2.17644,0.187037,4.99999,-4.21069,-0.367783,0.587956,-4.35051,3.92681,1.16489,-0.724386,-1.57951,0.992459,2.58239,-2.00773,-1.49655,2.04907,-3.05678,2.45007])
1.5523779702884182
Max g: 0.5923744751776638
f_32([0.233316,-2.87031,3.10362,4.61142,-2.72254,-0.888892,-3.17439e-21,1.0061,-0.385674,-0.644573,4.68909,-3.04452,2.60034,3.9698,0.635412,4.72525,3.8065,2.91247,0.121727,-1.27765,2.71337,-0.382928,1.90836,0.287298,-0.420074,3.41244,-2.17631,0.187693,4.99988,-4.21095,-0.362766,0.588905,-4.36552,3.92688,1.19031,-0.73489,-1.57302,0.984692,2.57171,-1.99534,-1.47576,2.0562,-3.12017,2.48486])
1.5450221420370676
Max g: 0.6002143324458933
f_33([0.233482,-2.87009,3.10357,4.6113,-2.72296,-0.888338,-1.74405e-22,1.00644,-0.384897,-0.644694,4.68914,-3.04445,2.59994,3.9714,0.638465,4.72522,3.80641,2.91253,0.121759,-1.29344,2.70983,-0.395822,1.89792,0.293454,-0.421502,3.41291,-2.17584,0.188343,4.99848,-4.21124,-0.356448,0.589136,-4.38027,3.92691,1.21546,-0.745649,-1.56672,0.977517,2.55985,-1.98261,-1.45468,2.06384,-3.1838,2.51981])
1.5361752675185512
Max g: 0.6084623384749941
f_34([0.233727,-2.86974,3.10346,4.61128,-2.72299,-0.888295,-1.3782e-21,1.00661,-0.384041,-0.644796,4.68915,-3.04437,2.59966,3.9734,0.640848,4.72527,3.80602,2.91225,0.121874,-1.30829,2.70601,-0.408533,1.88774,0.299684,-0.423168,3.41359,-2.17547,0.188998,4.99383,-4.21184,-0.34956,0.589036,-4.39443,3.92694,1.23854,-0.755208,-1.56012,0.970247,2.54749,-1.96976,-1.43348,2.07195,-3.24802,2.55477])
1.5292170516051113
Max g: 0.6162707121513176
f_35([0.233885,-2.8693,3.10318,4.61116,-2.72294,-0.888224,-4.74536e-20,1.00688,-0.383139,-0.644605,4.68912,-3.04453,2.59933,3.97505,0.643528,4.72511,3.8057,2.91198,0.122099,-1.32297,2.70228,-0.42115,1.87738,0.306034,-0.425269,3.41431,-2.175,0.1896,4.98819,-4.21246,-0.34207,0.588848,-4.40867,3.92685,1.2615,-0.764563,-1.55406,0.965051,2.53451,-1.95714,-1.41239,2.08038,-3.31159,2.58944])
1.5225570449451047
Max g: 0.6237716576337364
f_36([0.234102,-2.86913,3.10323,4.61138,-2.72333,-0.888054,5.00841e-8,1.0069,-0.382309,-0.644406,4.68905,-3.04464,2.59898,3.97646,0.645908,4.72513,3.80587,2.91177,0.122222,-1.33731,2.69824,-0.433669,1.86703,0.312286,-0.427178,3.41538,-2.17481,0.190149,4.98194,-4.21298,-0.333796,0.588394,-4.42225,3.92703,1.28344,-0.772849,-1.548,0.960097,2.52072,-1.94423,-1.39113,2.08859,-3.37594,2.62424])
1.5159964413695757
Max g: 0.6301858668095202
f_37([0.234286,-2.86898,3.10327,4.61133,-2.7236,-0.887784,-2.01394e-22,1.00722,-0.38154,-0.644363,4.68907,-3.0447,2.59822,3.97767,0.648386,4.72484,3.80571,2.91177,0.122506,-1.35085,2.69433,-0.445869,1.85665,0.318946,-0.429005,3.41602,-2.17441,0.19073,4.97501,-4.21363,-0.324282,0.587266,-4.43578,3.92713,1.30399,-0.780816,-1.54174,0.955539,2.50642,-1.93156,-1.36955,2.09747,-3.44034,2.65909])
1.5106286748077793
Max g: 0.6366740008207294
f_38([0.234516,-2.86896,3.10348,4.61143,-2.72379,-0.887669,-1.03984e-21,1.00741,-0.380693,-0.644153,4.68907,-3.04492,2.598,3.97924,0.651052,4.72468,3.80581,2.9118,0.122857,-1.36368,2.69031,-0.45753,1.84658,0.325318,-0.430227,3.41663,-2.17409,0.191336,4.96696,-4.21435,-0.314057,0.585772,-4.4485,3.9271,1.32463,-0.788954,-1.53555,0.951503,2.49165,-1.91888,-1.34876,2.10621,-3.50406,2.6934])
1.5020800095426963
Max g: 0.6426782498201353
f_39([0.234712,-2.869,3.10371,4.61168,-2.72411,-0.887604,-5.49214e-8,1.00752,-0.379836,-0.643707,4.68907,-3.04536,2.59782,3.98046,0.653701,4.72452,3.80546,2.91138,0.123036,-1.37544,2.68608,-0.468459,1.83686,0.331363,-0.431783,3.41732,-2.17396,0.191922,4.95978,-4.21512,-0.302967,0.583461,-4.46072,3.92675,1.34418,-0.796213,-1.52943,0.948914,2.4762,-1.90616,-1.32835,2.11455,-3.5672,2.7275])
1.4948235843758233
Max g: 0.6481297821426182
f_40([0.234918,-2.86879,3.1037,4.61179,-2.72426,-0.887566,-5.64885e-20,1.00771,-0.378812,-0.643658,4.68911,-3.04545,2.59763,3.98189,0.656443,4.72445,3.80489,2.91107,0.123466,-1.38662,2.68172,-0.480054,1.82758,0.337786,-0.433727,3.41799,-2.17373,0.192557,4.9513,-4.21585,-0.290571,0.580924,-4.47326,3.9269,1.36283,-0.803287,-1.52413,0.947469,2.4598,-1.89347,-1.3076,2.12341,-3.63097,2.76195])
1.4878653684623835
{0.23491755843037537,-2.8687851179852393,3.1037026764156206,4.611793765003871,-2.7242551130865102,-0.8875660006583983,-5.64884721980347e-20,1.007711217275277,-0.3788115116578154,-0.6436581859498836,4.6891120066008325,-3.0454538206510184,2.59763157005612,3.9818921543562045,0.6564432475122133,4.724451297124353,3.8048903529285294,2.9110738775750313,0.12346635770016347,-1.3866219988346151,2.681722447048049,-0.48005424183889617,1.8275787495076479,0.33778615992217453,-0.4337270543469112,3.417988239518837,-2.173730390590276,0.1925570067744358,4.951300815234698,-4.215847659310723,-0.2905706417777598,0.5809239563929792,-4.473262397841351,3.926904377262962,1.3628290612557594,-0.8032872819131074,-1.5241275753262673,0.947468945871406,2.4597998197115354,-1.893468927504252,-1.3076032824516295,2.1234083609920003,-3.6309742771497344,2.761951340227091}]
Set[{A021,A031,A032,A041,A042,A043,A121,A131,A132,A141,A142,A143,B021,B031,B032,B041,B042,B043,B121,B131,B132,B141,B142,B143,\[Alpha]1,\[Alpha]2,\[Alpha]3,\[Alpha]4,\[Beta]11,\[Beta]12,\[Beta]13,\[Beta]14,\[Beta]21,\[Beta]22,\[Beta]23,\[Beta]24,\[Beta]31,\[Beta]32,\[Beta]33,\[Beta]34,\[Beta]41,\[Beta]42,\[Beta]43,\[Beta]44},{0.23491755843037537,-2.8687851179852393,3.1037026764156206,4.611793765003871,-2.7242551130865102,-0.8875660006583983,-5.64884721980347e-20,1.007711217275277,-0.3788115116578154,-0.6436581859498836,4.6891120066008325,-3.0454538206510184,2.59763157005612,3.9818921543562045,0.6564432475122133,4.724451297124353,3.8048903529285294,2.9110738775750313,0.12346635770016347,-1.3866219988346151,2.681722447048049,-0.48005424183889617,1.8275787495076479,0.33778615992217453,-0.4337270543469112,3.417988239518837,-2.173730390590276,0.1925570067744358,4.951300815234698,-4.215847659310723,-0.2905706417777598,0.5809239563929792,-4.473262397841351,3.926904377262962,1.3628290612557594,-0.8032872819131074,-1.5241275753262673,0.947468945871406,2.4597998197115354,-1.893468927504252,-1.3076032824516295,2.1234083609920003,-3.6309742771497344,2.761951340227091}]

Max g: 0.6534984549903484
f_41([0.235097,-2.86844,3.10353,4.61212,-2.72427,-0.887888,1.44313e-21,1.00797,-0.378132,-0.643403,4.68912,-3.04571,2.59719,3.9829,0.659114,4.72427,3.80455,2.91143,0.123689,-1.3971,2.67752,-0.490603,1.81865,0.343744,-0.435197,3.41871,-2.17331,0.193085,4.94306,-4.21673,-0.278268,0.577561,-4.48535,3.92702,1.38039,-0.809498,-1.51862,0.946506,2.44299,-1.88061,-1.28662,2.13305,-3.69512,2.79654])
1.4822987957316316
Max g: 0.658073073825233
f_42([0.235274,-2.86823,3.10351,4.6122,-2.72351,-0.888695,2.85874e-20,1.00781,-0.376852,-0.643585,4.68912,-3.04554,2.59685,3.98361,0.661457,4.72405,3.80445,2.91105,0.124042,-1.40638,2.67342,-0.500118,1.81015,0.349374,-0.437409,3.41926,-2.17317,0.19356,4.93402,-4.21764,-0.265482,0.574291,-4.49718,3.92703,1.39719,-0.815977,-1.51325,0.945692,2.42574,-1.86805,-1.26619,2.14241,-3.75866,2.83094])
1.4775274476767015
Max g: 0.6624927037677066
f_43([0.235438,-2.86819,3.10363,4.61226,-2.72319,-0.889084,-8.75822e-21,1.00804,-0.375877,-0.643507,4.68907,-3.04556,2.59673,3.98396,0.66361,4.72397,3.80425,2.91093,0.124426,-1.41559,2.66855,-0.510967,1.80157,0.355599,-0.438639,3.4199,-2.17306,0.193941,4.92546,-4.21849,-0.251695,0.570717,-4.50809,3.92724,1.41355,-0.821863,-1.50783,0.945829,2.40689,-1.85453,-1.24554,2.15218,-3.82311,2.86572])
1.470469828678784
Max g: 0.6670075023001809
f_44([0.235537,-2.86833,3.10387,4.61237,-2.72338,-0.888999,-2.80091e-20,1.00794,-0.374774,-0.643385,4.68905,-3.04567,2.59617,3.98513,0.665063,4.72359,3.80417,2.91071,0.124709,-1.42348,2.66422,-0.520248,1.79394,0.361014,-0.440206,3.42075,-2.17311,0.194399,4.91678,-4.21943,-0.237579,0.566605,-4.51835,3.92746,1.42929,-0.827612,-1.50289,0.947064,2.38827,-1.84171,-1.2252,2.16091,-3.88565,2.89982])
1.4651020621169877
Max g: 0.6704564185273467
f_45([0.235668,-2.86821,3.10387,4.61222,-2.72372,-0.888691,5.97025e-8,1.00828,-0.373949,-0.643256,4.68903,-3.04578,2.59593,3.98647,0.66705,4.72345,3.80383,2.91063,0.12511,-1.43111,2.65973,-0.52939,1.78604,0.366691,-0.441275,3.42148,-2.17297,0.194905,4.90781,-4.22034,-0.222868,0.561909,-4.52828,3.92775,1.44391,-0.833006,-1.49773,0.948225,2.3693,-1.82879,-1.2049,2.17014,-3.94841,2.93372])
1.4592372801328026
Max g: 0.6741366737371379
f_46([0.235831,-2.8682,3.10404,4.61241,-2.72328,-0.889164,5.9851e-8,1.00826,-0.372888,-0.64269,4.68901,-3.04633,2.59594,3.98722,0.668513,4.72326,3.80349,2.91057,0.125431,-1.43814,2.65518,-0.538273,1.77868,0.371849,-0.442543,3.42192,-2.173,0.195259,4.89809,-4.22135,-0.207854,0.557429,-4.53784,3.92799,1.45809,-0.838098,-1.49298,0.951031,2.34982,-1.81619,-1.18514,2.17964,-4.01049,2.96759])
1.4540683197399615
Max g: 0.6768362322610679
f_47([0.235938,-2.8683,3.10424,4.61219,-2.7233,-0.889061,8.27429e-21,1.00842,-0.371987,-0.642534,4.68901,-3.04648,2.59586,3.98804,0.669874,4.72322,3.80323,2.91059,0.125828,-1.44426,2.65068,-0.547382,1.77267,0.376825,-0.443971,3.42221,-2.17271,0.195548,4.88941,-4.22227,-0.192852,0.552214,-4.54767,3.92818,1.47125,-0.84276,-1.4879,0.953665,2.32997,-1.80361,-1.16542,2.18855,-4.07152,3.00116])
1.4497939871074201
Max g: 0.6792523644312762
f_48([0.236096,-2.86791,3.10401,4.61207,-2.72292,-0.889187,-9.41861e-8,1.0087,-0.371028,-0.642717,4.68903,-3.04632,2.59569,3.98897,0.671577,4.72313,3.80323,2.91048,0.126094,-1.44915,2.6459,-0.555114,1.76652,0.381451,-0.44464,3.42285,-2.17275,0.195965,4.87968,-4.22313,-0.177701,0.547133,-4.55612,3.92824,1.48357,-0.847515,-1.48371,0.95727,2.30957,-1.79082,-1.14648,2.19776,-4.13234,3.03465])
1.4427363681095025
Max g: 0.6819486966330768
f_49([0.236191,-2.86753,3.10372,4.61221,-2.72289,-0.889351,3.26912e-7,1.00874,-0.369818,-0.643159,4.68901,-3.04585,2.59543,3.98952,0.673178,4.72324,3.80337,2.91034,0.126618,-1.45362,2.64107,-0.562563,1.76024,0.386072,-0.445748,3.4233,-2.17267,0.196278,4.87069,-4.22418,-0.161502,0.541216,-4.56433,3.92855,1.49557,-0.852293,-1.47918,0.961317,2.28894,-1.77823,-1.12762,2.20624,-4.19287,3.06859])
1.4365733768718845
Max g: 0.6842301213320177
f_50([0.236335,-2.8673,3.10363,4.61231,-2.72311,-0.889228,-4.08484e-7,1.009,-0.36896,-0.643236,4.68896,-3.04573,2.59553,3.9903,0.675336,4.72316,3.80325,2.91025,0.127045,-1.45749,2.63643,-0.569495,1.75463,0.390304,-0.446492,3.42411,-2.17281,0.196714,4.86119,-4.22527,-0.145701,0.535516,-4.57199,3.92886,1.50665,-0.856699,-1.4753,0.965513,2.26824,-1.76569,-1.10907,2.21454,-4.25075,3.10102])
1.4321996411548652
{0.23633475138621707,-2.8672958427123953,3.1036299683699,4.61231426083668,-2.7231065567079713,-0.8892281453015919,-4.084835105162968e-7,1.0090002159887965,-0.3689599004890419,-0.6432355265016428,4.688963856936318,-3.045731085243447,2.5955296400657155,3.9902959117156214,0.6753355772458737,4.723164608235679,3.8032492692895086,2.91024933712976,0.1270446779433614,-1.4574946967695104,2.636426823439606,-0.5694954602502968,1.7546305122130021,0.39030416141620167,-0.44649166289350484,3.4241067577406508,-2.1728053246610886,0.19671399351577518,4.861193822379486,-4.225265235217096,-0.1457008901169957,0.5355156214333157,-4.571988633804001,3.9288569558178295,1.5066470725613863,-0.8566991845047018,-1.4753006712684151,0.9655131181663661,2.268236462647193,-1.765688036527233,-1.1090712830503193,2.2145380417489178,-4.250752470141038,3.101018380520355}]
Set[{A021,A031,A032,A041,A042,A043,A121,A131,A132,A141,A142,A143,B021,B031,B032,B041,B042,B043,B121,B131,B132,B141,B142,B143,\[Alpha]1,\[Alpha]2,\[Alpha]3,\[Alpha]4,\[Beta]11,\[Beta]12,\[Beta]13,\[Beta]14,\[Beta]21,\[Beta]22,\[Beta]23,\[Beta]24,\[Beta]31,\[Beta]32,\[Beta]33,\[Beta]34,\[Beta]41,\[Beta]42,\[Beta]43,\[Beta]44},{0.23633475138621707,-2.8672958427123953,3.1036299683699,4.61231426083668,-2.7231065567079713,-0.8892281453015919,-4.084835105162968e-7,1.0090002159887965,-0.3689599004890419,-0.6432355265016428,4.688963856936318,-3.045731085243447,2.5955296400657155,3.9902959117156214,0.6753355772458737,4.723164608235679,3.8032492692895086,2.91024933712976,0.1270446779433614,-1.4574946967695104,2.636426823439606,-0.5694954602502968,1.7546305122130021,0.39030416141620167,-0.44649166289350484,3.4241067577406508,-2.1728053246610886,0.19671399351577518,4.861193822379486,-4.225265235217096,-0.1457008901169957,0.5355156214333157,-4.571988633804001,3.9288569558178295,1.5066470725613863,-0.8566991845047018,-1.4753006712684151,0.9655131181663661,2.268236462647193,-1.765688036527233,-1.1090712830503193,2.2145380417489178,-4.250752470141038,3.101018380520355}]

Max g: 0.6860792143902268
f_51([0.236417,-2.86717,3.10359,4.61231,-2.7228,-0.889521,1.75478e-7,1.00924,-0.367885,-0.643376,4.68889,-3.04551,2.59546,3.99134,0.676531,4.72313,3.80306,2.90962,0.127419,-1.46122,2.63146,-0.576351,1.74875,0.39433,-0.447373,3.42462,-2.17288,0.197093,4.85222,-4.22636,-0.129156,0.529759,-4.57854,3.92888,1.51778,-0.861429,-1.47057,0.971014,2.24604,-1.753,-1.09031,2.22278,-4.31013,3.13457])
1.4272294869309796
Max g: 0.6875092990006726
f_52([0.236564,-2.86717,3.10374,4.6123,-2.7231,-0.889209,-1.71463e-20,1.00969,-0.367065,-0.643442,4.68886,-3.04541,2.59541,3.99148,0.67769,4.72295,3.8026,2.90977,0.127871,-1.46355,2.62603,-0.582995,1.74357,0.398347,-0.448273,3.42513,-2.173,0.197302,4.84315,-4.22773,-0.11278,0.523404,-4.58534,3.92942,1.5278,-0.865402,-1.46637,0.977036,2.22431,-1.74055,-1.07224,2.23097,-4.36779,3.16743])
1.4233527666363488
Max g: 0.688838176035854
f_53([0.236638,-2.8671,3.10374,4.61231,-2.72289,-0.889446,3.54754e-7,1.0103,-0.366466,-0.643552,4.68885,-3.0453,2.59519,3.99199,0.679351,4.72301,3.80189,2.90956,0.128356,-1.46584,2.62082,-0.588906,1.73807,0.40214,-0.449178,3.42542,-2.17285,0.197664,4.83427,-4.2289,-0.0967635,0.517388,-4.59191,3.92972,1.53694,-0.868913,-1.46216,0.983037,2.20273,-1.72824,-1.0548,2.23887,-4.42509,3.2])
1.4191778370882848
Max g: 0.6899543523866827
f_54([0.236703,-2.86691,3.10362,4.61222,-2.7223,-0.889922,-3.33616e-20,1.01064,-0.365642,-0.643754,4.68884,-3.04509,2.59521,3.99192,0.680027,4.7231,3.8011,2.90968,0.128828,-1.4678,2.61577,-0.595111,1.73334,0.405882,-0.449679,3.42543,-2.17308,0.19782,4.8251,-4.23005,-0.08049,0.511142,-4.59785,3.93015,1.54504,-0.872761,-1.45855,0.989188,2.18061,-1.71604,-1.03737,2.24687,-4.48219,3.23297])
1.4148041013712656
Max g: 0.690462088512394
f_55([0.236844,-2.86683,3.10368,4.61225,-2.72222,-0.890029,-9.34348e-21,1.01112,-0.364743,-0.644094,4.68882,-3.04472,2.59504,3.99187,0.681288,4.72346,3.80094,2.9094,0.129237,-1.46904,2.61041,-0.601173,1.72929,0.409139,-0.449788,3.42578,-2.17301,0.198006,4.81639,-4.23125,-0.0638761,0.504546,-4.60332,3.93061,1.55263,-0.875662,-1.45523,0.996687,2.15766,-1.7035,-1.02047,2.25477,-4.53786,3.26552])
1.409535737893947
Max g: 0.6911699725136167
f_56([0.236889,-2.86679,3.10368,4.61236,-2.72211,-0.890256,-1.82914e-7,1.01145,-0.363992,-0.644285,4.68882,-3.04453,2.59515,3.99228,0.6818,4.72341,3.8008,2.90926,0.129545,-1.46964,2.60594,-0.605379,1.72584,0.411533,-0.450361,3.42599,-2.17302,0.198134,4.80912,-4.2322,-0.0505322,0.499198,-4.60749,3.93108,1.5586,-0.878278,-1.45279,1.0029,2.13944,-1.69352,-1.00692,2.26095,-4.58335,3.29194])
1.4068518546130486
Max g: 0.6916673494115217
f_57([0.236986,-2.86667,3.10366,4.61234,-2.72209,-0.890285,-1.12587e-20,1.01177,-0.363281,-0.644284,4.68884,-3.04456,2.59505,3.99256,0.6821,4.72345,3.80052,2.90919,0.130038,-1.46957,2.60129,-0.609623,1.72265,0.414039,-0.451064,3.42635,-2.17316,0.198258,4.80183,-4.23318,-0.0369335,0.493737,-4.61151,3.93145,1.56385,-0.880683,-1.45052,1.00923,2.12084,-1.68355,-0.99407,2.26682,-4.62791,3.31838])
1.4041679713321504
Max g: 0.6917899568084733
f_58([0.237042,-2.86677,3.10382,4.61232,-2.7221,-0.890217,2.01712e-8,1.01216,-0.362636,-0.64445,4.68885,-3.0444,2.59509,3.99285,0.682942,4.72334,3.80049,2.90907,0.130409,-1.46957,2.59673,-0.613436,1.71927,0.416296,-0.451446,3.42685,-2.17325,0.198424,4.7948,-4.23419,-0.0234794,0.488199,-4.61486,3.93195,1.56854,-0.882996,-1.4484,1.01603,2.10238,-1.67372,-0.981403,2.27268,-4.67186,3.34459])
1.400191847953042
Max g: 0.691819403378739
f_59([0.23712,-2.86668,3.1038,4.61225,-2.72203,-0.890227,-6.90389e-21,1.01265,-0.361994,-0.644858,4.68884,-3.04398,2.59504,3.9931,0.683654,4.72322,3.80042,2.90899,0.130764,-1.46908,2.59213,-0.617155,1.7165,0.418275,-0.452098,3.42697,-2.17345,0.198605,4.78777,-4.23511,-0.0102017,0.482736,-4.61823,3.93246,1.57341,-0.88533,-1.4463,1.02275,2.08411,-1.66394,-0.9688,2.27836,-4.71471,3.37047])
1.3980049800945324
Max g: 0.692085089836513
f_60([0.23717,-2.86653,3.1037,4.6124,-2.72199,-0.890429,-6.48385e-7,1.01283,-0.3611,-0.645044,4.68884,-3.0438,2.59526,3.9934,0.684128,4.72326,3.8004,2.90891,0.131192,-1.46864,2.58738,-0.620798,1.71331,0.420386,-0.452355,3.42727,-2.17344,0.198681,4.78081,-4.2362,0.00359968,0.476953,-4.62149,3.93301,1.57783,-0.887434,-1.44428,1.02999,2.06553,-1.6542,-0.956489,2.284,-4.7572,3.39601])
1.3953210968136343
{0.23717012675687354,-2.866525879184318,3.1037028413333148,4.612399224886094,-2.721989873209897,-0.8904294825391543,-6.483851715807859e-7,1.0128277868018003,-0.3611003082373512,-0.6450441704234001,4.688841368663824,-3.043797579070261,2.595261751653755,3.9933967456004043,0.6841278174863984,4.723260894749229,3.8004020087974455,2.9089125441453305,0.13119224975110738,-1.4686435440428414,2.5873820669272085,-0.6207981898162128,1.7133129050598772,0.4203864266333093,-0.4523552770170767,3.4272726800063897,-2.1734378327618136,0.19868082697176787,4.780808435471005,-4.236197816540008,0.0035996819449164497,0.4769527363255146,-4.6214899338657665,3.933009374288691,1.5778268263723474,-0.8874344342390356,-1.444277832570445,1.0299883682362898,2.0655271139988685,-1.654201879909535,-0.9564885176503232,2.2839980605487353,-4.757201825927413,3.3960105203134745}]
Set[{A021,A031,A032,A041,A042,A043,A121,A131,A132,A141,A142,A143,B021,B031,B032,B041,B042,B043,B121,B131,B132,B141,B142,B143,\[Alpha]1,\[Alpha]2,\[Alpha]3,\[Alpha]4,\[Beta]11,\[Beta]12,\[Beta]13,\[Beta]14,\[Beta]21,\[Beta]22,\[Beta]23,\[Beta]24,\[Beta]31,\[Beta]32,\[Beta]33,\[Beta]34,\[Beta]41,\[Beta]42,\[Beta]43,\[Beta]44},{0.23717012675687354,-2.866525879184318,3.1037028413333148,4.612399224886094,-2.721989873209897,-0.8904294825391543,-6.483851715807859e-7,1.0128277868018003,-0.3611003082373512,-0.6450441704234001,4.688841368663824,-3.043797579070261,2.595261751653755,3.9933967456004043,0.6841278174863984,4.723260894749229,3.8004020087974455,2.9089125441453305,0.13119224975110738,-1.4686435440428414,2.5873820669272085,-0.6207981898162128,1.7133129050598772,0.4203864266333093,-0.4523552770170767,3.4272726800063897,-2.1734378327618136,0.19868082697176787,4.780808435471005,-4.236197816540008,0.0035996819449164497,0.4769527363255146,-4.6214899338657665,3.933009374288691,1.5778268263723474,-0.8874344342390356,-1.444277832570445,1.0299883682362898,2.0655271139988685,-1.654201879909535,-0.9564885176503232,2.2839980605487353,-4.757201825927413,3.3960105203134745}]

Max g: 0.691958860143699
f_61([0.237289,-2.8663,3.10359,4.61226,-2.72185,-0.890431,-1.02786e-20,1.01317,-0.360527,-0.645242,4.68882,-3.04358,2.59515,3.99382,0.684008,4.72321,3.80023,2.90889,0.131566,-1.4679,2.58253,-0.624426,1.71044,0.422437,-0.452853,3.42741,-2.17356,0.198765,4.77362,-4.23723,0.0172189,0.471388,-4.62453,3.93355,1.58191,-0.889344,-1.44255,1.03765,2.04703,-1.64454,-0.944227,2.28956,-4.80008,3.42148])
1.392339004279303
Max g: 0.6914430951191362
f_62([0.237357,-2.8662,3.10356,4.61231,-2.72164,-0.890686,-7.68201e-9,1.01366,-0.359765,-0.645556,4.68886,-3.0433,2.59521,3.99395,0.684774,4.72308,3.8003,2.90894,0.13213,-1.46649,2.57735,-0.628215,1.70792,0.424397,-0.453248,3.42794,-2.17373,0.198909,4.76682,-4.23831,0.0307876,0.465842,-4.62731,3.93414,1.58586,-0.891669,-1.44075,1.04558,2.02773,-1.63464,-0.932167,2.29484,-4.84233,3.44766])
1.388462283984672
Max g: 0.6912791320920517
f_63([0.237457,-2.86616,3.10361,4.61236,-2.72187,-0.890496,1.21102e-20,1.01404,-0.359047,-0.645905,4.68888,-3.04297,2.59526,3.99411,0.684942,4.72302,3.80036,2.9089,0.132475,-1.46513,2.57224,-0.631458,1.70526,0.426013,-0.453337,3.42843,-2.17405,0.198969,4.75985,-4.23939,0.0442317,0.460194,-4.62957,3.93467,1.58943,-0.893554,-1.43898,1.05362,2.00875,-1.62497,-0.920443,2.29975,-4.88361,3.47304])
1.3855795945348186
Max g: 0.6907363240366342
f_64([0.237541,-2.86613,3.10367,4.61243,-2.72181,-0.890634,9.40077e-8,1.0145,-0.358497,-0.646299,4.68888,-3.04258,2.59523,3.99418,0.685359,4.72302,3.80012,2.9087,0.133005,-1.46329,2.56712,-0.634512,1.70279,0.427663,-0.453853,3.42893,-2.17441,0.199105,4.75331,-4.24045,0.0579213,0.454287,-4.63182,3.93524,1.59277,-0.895597,-1.4377,1.06194,1.98975,-1.61522,-0.909071,2.3049,-4.9249,3.49863])
1.3837903390142197
Max g: 0.6900696515123723
f_65([0.237617,-2.86625,3.10387,4.61235,-2.72193,-0.890466,-2.47901e-7,1.0148,-0.357731,-0.646422,4.6889,-3.04248,2.5954,3.99459,0.685655,4.72309,3.79995,2.90863,0.133438,-1.46148,2.56188,-0.637718,1.70045,0.429314,-0.453982,3.42919,-2.17455,0.199213,4.7463,-4.24141,0.0714182,0.448612,-4.63356,3.93571,1.59545,-0.897193,-1.4365,1.07031,1.9709,-1.60565,-0.897786,2.30989,-4.96529,3.52343])
1.3801124248885444
Max g: 0.6893588317868709
f_66([0.237672,-2.86607,3.10374,4.61243,-2.72207,-0.89036,-2.34712e-7,1.01535,-0.356753,-0.646865,4.68889,-3.04203,2.59533,3.99497,0.685984,4.72307,3.79991,2.90857,0.133872,-1.45902,2.5565,-0.640567,1.69804,0.430487,-0.454326,3.4295,-2.17454,0.19932,4.73951,-4.2425,0.0850911,0.442661,-4.6354,3.93627,1.59771,-0.898866,-1.43518,1.07891,1.95126,-1.59573,-0.886593,2.31484,-5.0,3.54836])
1.3776273477766017
Max g: 0.6893519488734059
f_67([0.237699,-2.86614,3.10384,4.6126,-2.72195,-0.890647,-1.58239e-8,1.01668,-0.355549,-0.647457,4.6889,-3.04145,2.59553,3.99487,0.685371,4.72312,3.8001,2.9086,0.134521,-1.45342,2.55112,-0.641456,1.69786,0.430034,-0.454601,3.4296,-2.17484,0.199219,4.73209,-4.2437,0.100328,0.435328,-4.63592,3.93709,1.59963,-0.902713,-1.43346,1.09051,1.9268,-1.5851,-0.879231,2.31557,-5.0,3.55605])
1.3769315261852577
Max g: 0.688767686907279
f_68([0.237739,-2.86608,3.10382,4.61258,-2.72187,-0.890716,-3.27107e-9,1.01754,-0.355253,-0.64807,4.68891,-3.04084,2.59571,3.99473,0.684938,4.7231,3.80004,2.90858,0.134882,-1.4481,2.54635,-0.641189,1.69809,0.429748,-0.454412,3.42997,-2.17525,0.199154,4.72646,-4.24477,0.113274,0.427821,-4.63632,3.93785,1.60167,-0.905051,-1.43235,1.10004,1.90806,-1.57535,-0.875483,2.31394,-5.0,3.55761])
1.3767327200163022
Max g: 0.6883394028515637
f_69([0.237511,-2.86053,3.09812,4.6202,-2.73741,-0.889027,-1.87253e-6,1.01774,-0.344526,-0.646615,4.70707,-3.06045,2.60017,3.97849,0.686782,4.75416,3.7789,2.9003,0.136928,-1.42028,2.55082,-0.61427,1.71319,0.397978,-0.46767,3.43327,-2.18039,0.196933,4.72049,-4.24533,0.0518248,0.463741,-4.6404,3.95048,1.59978,-0.937058,-1.41497,1.09771,1.87018,-1.57393,-1.18648,2.36685,-4.94144,3.63199])
1.3751422706646588
Max g: 0.6851114535365275
f_70([0.237573,-2.86063,3.09821,4.62038,-2.73497,-0.885526,-1.07254e-6,1.02171,-0.346501,-0.650324,4.70704,-3.05672,2.60075,3.97616,0.682555,4.75402,3.77905,2.90061,0.137978,-1.40516,2.54733,-0.605152,1.72078,0.392751,-0.461263,3.43476,-2.18334,0.196229,4.72684,-4.24592,0.0625097,0.450733,-4.62295,3.95281,1.6009,-0.946153,-1.40966,1.12194,1.84911,-1.56693,-1.14956,2.39093,-4.97294,3.65109])
1.3765339138473467
{0.2375733607131449,-2.8606336358002165,3.0982095358972024,4.620376608438649,-2.7349653463104784,-0.8855261628274813,-1.0725427391519616e-6,1.0217077641043635,-0.3465010674681269,-0.6503237748953361,4.707039031161599,-3.056716318606943,2.6007541122782913,3.976159273116952,0.6825545379619368,4.754016490744559,3.7790472397185013,2.900612476789014,0.1379781205939862,-1.4051592266900157,2.5473259438215288,-0.605152029184737,1.7207798200412225,0.3927505021521245,-0.46126292602197677,3.4347589650515644,-2.1833416871321667,0.19622943574695234,4.726842158830287,-4.245924221367104,0.06250971406907212,0.45073317239254035,-4.622952397168047,3.952812121004151,1.6009045683433822,-0.9461527284563249,-1.4096558164211253,1.1219374964867206,1.8491080866669594,-1.566929667267564,-1.149562822143779,2.390933345015217,-4.972940751439187,3.651089185079207}]
Set[{A021,A031,A032,A041,A042,A043,A121,A131,A132,A141,A142,A143,B021,B031,B032,B041,B042,B043,B121,B131,B132,B141,B142,B143,\[Alpha]1,\[Alpha]2,\[Alpha]3,\[Alpha]4,\[Beta]11,\[Beta]12,\[Beta]13,\[Beta]14,\[Beta]21,\[Beta]22,\[Beta]23,\[Beta]24,\[Beta]31,\[Beta]32,\[Beta]33,\[Beta]34,\[Beta]41,\[Beta]42,\[Beta]43,\[Beta]44},{0.2375733607131449,-2.8606336358002165,3.0982095358972024,4.620376608438649,-2.7349653463104784,-0.8855261628274813,-1.0725427391519616e-6,1.0217077641043635,-0.3465010674681269,-0.6503237748953361,4.707039031161599,-3.056716318606943,2.6007541122782913,3.976159273116952,0.6825545379619368,4.754016490744559,3.7790472397185013,2.900612476789014,0.1379781205939862,-1.4051592266900157,2.5473259438215288,-0.605152029184737,1.7207798200412225,0.3927505021521245,-0.46126292602197677,3.4347589650515644,-2.1833416871321667,0.19622943574695234,4.726842158830287,-4.245924221367104,0.06250971406907212,0.45073317239254035,-4.622952397168047,3.952812121004151,1.6009045683433822,-0.9461527284563249,-1.4096558164211253,1.1219374964867206,1.8491080866669594,-1.566929667267564,-1.149562822143779,2.390933345015217,-4.972940751439187,3.651089185079207}]

Max g: 0.6816009569413986
f_71([0.237638,-2.86047,3.09811,4.62038,-2.73463,-0.885768,-1.40744e-20,1.02416,-0.347556,-0.652794,4.70704,-3.05424,2.60106,3.97542,0.680759,4.75412,3.77885,2.90033,0.138829,-1.39533,2.54189,-0.601735,1.72297,0.391454,-0.456351,3.43582,-2.18534,0.196081,4.72943,-4.24689,0.0765108,0.439275,-4.61352,3.95458,1.601,-0.949812,-1.40942,1.13803,1.83085,-1.5574,-1.12291,2.40677,-5.0,3.66831])
1.3746452552422703
Max g: 0.6813514737676316
f_72([0.237685,-2.86055,3.09823,4.62037,-2.73463,-0.885739,1.18853e-7,1.02561,-0.348311,-0.654076,4.70703,-3.05296,2.6011,3.97491,0.680006,4.75412,3.77891,2.90036,0.13931,-1.38801,2.53737,-0.599629,1.72485,0.390492,-0.453339,3.43673,-2.18646,0.196026,4.72912,-4.24777,0.0878705,0.430656,-4.60912,3.95551,1.60043,-0.951339,-1.41075,1.14831,1.81685,-1.54955,-1.11066,2.41195,-5.0,3.66755])
1.3732536120595822
Max g: 0.680992088998396
f_73([0.23773,-2.86049,3.09822,4.62035,-2.73461,-0.88574,-3.21901e-23,1.02647,-0.34905,-0.654924,4.70703,-3.0521,2.60109,3.97486,0.679796,4.75419,3.77893,2.90034,0.139719,-1.38253,2.53309,-0.59866,1.72565,0.39061,-0.451429,3.4374,-2.18723,0.196074,4.72825,-4.24859,0.0983255,0.423149,-4.6068,3.9562,1.59964,-0.951363,-1.41295,1.15654,1.80522,-1.54188,-1.10257,2.41396,-5.0,3.66456])
1.3736512243974932
Max g: 0.6810106245556353
f_74([0.238376,-2.87377,3.11306,4.6264,-2.73585,-0.890555,9.24037e-20,0.996606,-0.320837,-0.674136,4.69176,-3.01763,2.58532,3.98154,0.673026,4.74994,4.11857,2.87358,0.136647,-1.38734,2.52519,-0.617465,1.73555,0.384549,-0.476159,3.44604,-2.16075,0.183343,4.73193,-4.2521,0.0174487,0.484374,-4.65068,3.95211,1.6703,-0.989302,-1.38943,1.15568,1.80124,-1.5482,-1.07925,2.40216,-5.0,3.66962])
1.3763351076783914
Max g: 0.6690206162672583
f_75([0.238478,-2.8744,3.11288,4.62638,-2.73591,-0.890484,-2.10978e-20,0.998919,-0.324675,-0.676911,4.69177,-3.01486,2.58612,3.97967,0.669625,4.74985,4.11855,2.87364,0.137137,-1.38255,2.51976,-0.617817,1.73532,0.387218,-0.472866,3.44678,-2.1634,0.182863,4.74158,-4.25255,0.0309292,0.472031,-4.64204,3.9535,1.67026,-0.987813,-1.39729,1.15704,1.79418,-1.53785,-1.07423,2.4008,-5.0,3.65769])
1.3776273477766017
Max g: 0.6718656385465938
f_76([0.23856,-2.87431,3.11287,4.62637,-2.73601,-0.890361,-1.00359e-20,0.999892,-0.32627,-0.67789,4.69178,-3.01389,2.58614,3.97958,0.669524,4.74981,4.11856,2.87358,0.137588,-1.37629,2.51448,-0.616957,1.73606,0.388283,-0.470481,3.44779,-2.16458,0.182971,4.74505,-4.25333,0.0447979,0.461283,-4.639,3.95432,1.66808,-0.98578,-1.40402,1.16067,1.78407,-1.52797,-1.06775,2.40051,-5.0,3.65093])
1.3759374953404806
Max g: 0.6738127992168899
f_77([0.238646,-2.87408,3.11273,4.62638,-2.73616,-0.890233,-7.12787e-21,1.0004,-0.327207,-0.678353,4.69179,-3.01343,2.58604,3.97963,0.670036,4.74989,4.11857,2.87355,0.137993,-1.37066,2.50948,-0.616484,1.73677,0.388926,-0.468978,3.44867,-2.16517,0.183108,4.74511,-4.25415,0.0574262,0.452272,-4.63775,3.95496,1.66524,-0.983462,-1.40935,1.16591,1.77359,-1.51906,-1.06194,2.40033,-5.0,3.64613])
1.375440479918092
Max g: 0.6749081621606967
f_78([0.2387,-2.87405,3.11275,4.62644,-2.73604,-0.890408,-2.57306e-7,1.00077,-0.327724,-0.678804,4.69179,-3.01299,2.58594,3.97992,0.670498,4.74987,4.11849,2.8735,0.138308,-1.36608,2.50525,-0.616082,1.73708,0.389412,-0.468366,3.44912,-2.16544,0.183256,4.74416,-4.25491,0.0678259,0.445205,-4.63716,3.95548,1.66259,-0.981444,-1.4133,1.17121,1.76396,-1.51165,-1.05729,2.40008,-5.0,3.64269])
1.3751422706646588
Max g: 0.6755808957011062
f_79([0.23877,-2.874,3.11277,4.62641,-2.73605,-0.890363,1.94212e-22,1.00111,-0.328187,-0.679164,4.69179,-3.01263,2.58585,3.98016,0.671168,4.74988,4.11843,2.87356,0.138681,-1.36164,2.50082,-0.615997,1.73707,0.390105,-0.467917,3.44955,-2.16562,0.183408,4.74236,-4.25573,0.0784784,0.438312,-4.63672,3.95589,1.65944,-0.979032,-1.41717,1.17705,1.75399,-1.5042,-1.05276,2.39955,-5.0,3.63947])
1.3746452552422703
Max g: 0.6760932509624533
f_80([0.238841,-2.87393,3.11277,4.62639,-2.73605,-0.890341,-3.31236e-23,1.00138,-0.328529,-0.679503,4.69179,-3.01229,2.58579,3.98039,0.671616,4.74984,4.11835,2.87353,0.13903,-1.35736,2.49635,-0.61618,1.73712,0.390764,-0.467667,3.44995,-2.16587,0.183542,4.73985,-4.25659,0.0890226,0.431698,-4.63633,3.95637,1.65624,-0.976603,-1.42079,1.1833,1.7438,-1.49685,-1.04832,2.39888,-5.0,3.63644])
1.3742476429043593
{0.23884079983052858,-2.8739333844123522,3.11277418424288,4.626394841422457,-2.736054087065721,-0.8903407543567371,-3.312355763471093e-23,1.0013762043941024,-0.3285287074636933,-0.6795031086454051,4.691793680639282,-3.0122905719938773,2.585786964420607,3.9803881479800727,0.6716161996164753,4.74984454363141,4.118351833734129,2.873528761698156,0.13902989489330814,-1.357355112159598,2.4963462821130555,-0.6161801402549706,1.7371166564155656,0.39076385592665863,-0.4676670456388812,3.4499520249286966,-2.165871915550441,0.18354223178441292,4.73984859923212,-4.256586193546869,0.0890225843554134,0.43169792879649826,-4.636332364499068,3.9563675463078156,1.6562358400068486,-0.9766029297867065,-1.4207904947125067,1.1832954417512904,1.7437953750747692,-1.4968474812977508,-1.0483238605082104,2.3988804579545486,-5.0,3.6364396927476865}]
Set[{A021,A031,A032,A041,A042,A043,A121,A131,A132,A141,A142,A143,B021,B031,B032,B041,B042,B043,B121,B131,B132,B141,B142,B143,\[Alpha]1,\[Alpha]2,\[Alpha]3,\[Alpha]4,\[Beta]11,\[Beta]12,\[Beta]13,\[Beta]14,\[Beta]21,\[Beta]22,\[Beta]23,\[Beta]24,\[Beta]31,\[Beta]32,\[Beta]33,\[Beta]34,\[Beta]41,\[Beta]42,\[Beta]43,\[Beta]44},{0.23884079983052858,-2.8739333844123522,3.11277418424288,4.626394841422457,-2.736054087065721,-0.8903407543567371,-3.312355763471093e-23,1.0013762043941024,-0.3285287074636933,-0.6795031086454051,4.691793680639282,-3.0122905719938773,2.585786964420607,3.9803881479800727,0.6716161996164753,4.74984454363141,4.118351833734129,2.873528761698156,0.13902989489330814,-1.357355112159598,2.4963462821130555,-0.6161801402549706,1.7371166564155656,0.39076385592665863,-0.4676670456388812,3.4499520249286966,-2.165871915550441,0.18354223178441292,4.73984859923212,-4.256586193546869,0.0890225843554134,0.43169792879649826,-4.636332364499068,3.9563675463078156,1.6562358400068486,-0.9766029297867065,-1.4207904947125067,1.1832954417512904,1.7437953750747692,-1.4968474812977508,-1.0483238605082104,2.3988804579545486,-5.0,3.6364396927476865}]

Max g: 0.6764608719801313
f_81([0.238114,-2.87345,3.11249,4.62877,-2.74968,-0.901761,-1.64968e-6,0.993239,-0.326264,-0.67879,4.69188,-3.01312,2.58415,3.9757,0.674596,4.75114,4.11583,2.87355,0.135891,-1.34712,2.49291,-0.606819,1.7388,0.390139,-0.750863,3.45314,-2.1588,0.18231,4.73904,-4.25833,-0.0457524,0.494204,-4.63569,3.92045,1.64953,-0.949951,-1.74675,1.1972,1.75166,-1.49008,-1.04768,2.39878,-4.99991,3.63096])
1.4744459520578925
Max g: 0.6782795360598817
f_82([0.238174,-2.87353,3.11319,4.62856,-2.74074,-0.891081,1.24043e-6,0.993785,-0.334104,-0.680744,4.69198,-3.01124,2.56905,3.9949,0.714557,4.75136,4.1175,2.87394,0.13591,-1.35253,2.48533,-0.612503,1.73697,0.391517,-0.669132,3.48211,-2.15093,0.190146,4.76326,-4.25833,-0.0147899,0.495862,-4.62301,3.92209,1.64858,-0.953422,-1.68186,1.32484,1.77206,-1.48358,-1.03572,2.40527,-5.0,3.59587])
1.4390584539838271
Max g: 0.6854139952366225
f_83([0.23811,-2.87103,3.1136,4.62841,-2.73935,-0.889478,2.47712e-20,0.999589,-0.340116,-0.686763,4.69196,-3.00519,2.56275,3.99872,0.724497,4.75165,4.11858,2.87443,0.136558,-1.35558,2.47845,-0.621114,1.73062,0.39692,-0.623828,3.49339,-2.15852,0.193618,4.76779,-4.25892,-0.00152982,0.491793,-4.62067,3.92254,1.64774,-0.949913,-1.66414,1.36711,1.75015,-1.47919,-1.02502,2.40979,-5.0,3.58768])
1.4221599296226162
Max g: 0.6749843616231068
f_84([0.238096,-2.86992,3.11342,4.6286,-2.73914,-0.889853,1.89685e-8,1.00511,-0.344876,-0.692066,4.69193,-2.99986,2.55985,3.9999,0.726351,4.75175,4.11931,2.87473,0.136899,-1.35633,2.47259,-0.626976,1.72674,0.399971,-0.595517,3.50053,-2.16456,0.195056,4.76609,-4.25978,0.00923523,0.487835,-4.62102,3.92298,1.64543,-0.946876,-1.6577,1.38978,1.73094,-1.4732,-1.0175,2.41228,-5.0,3.58416])
1.411523799583501
Max g: 0.6696305598917611
f_85([0.238088,-2.86934,3.1135,4.62861,-2.73894,-0.889734,-1.43145e-29,1.01078,-0.349654,-0.697471,4.6919,-2.99443,2.55752,4.00032,0.727311,4.75194,4.11995,2.87508,0.137394,-1.35313,2.46425,-0.631239,1.72334,0.40266,-0.569897,3.50688,-2.17039,0.196172,4.76109,-4.26118,0.0250849,0.480043,-4.62151,3.92362,1.64106,-0.942846,-1.65565,1.41114,1.70675,-1.46271,-1.00888,2.41322,-5.0,3.58068])
1.3992972201927427
Max g: 0.6656586286575985
f_86([0.238094,-2.86908,3.11355,4.62862,-2.73886,-0.889815,-1.78093e-24,1.01424,-0.35235,-0.700754,4.69189,-2.99114,2.55633,4.00037,0.727427,4.75203,4.12032,2.87526,0.137916,-1.34775,2.4565,-0.63323,1.72177,0.40417,-0.555448,3.51043,-2.17381,0.19672,4.75554,-4.2626,0.0409138,0.471292,-4.62153,3.92433,1.63628,-0.939333,-1.6571,1.42649,1.68576,-1.45178,-1.00239,2.41237,-5.0,3.57817])
1.3922396011948253
Max g: 0.6640135535973934
f_87([0.238092,-2.86899,3.11355,4.62863,-2.73882,-0.889866,-1.76207e-22,1.01597,-0.353538,-0.702347,4.69189,-2.98954,2.55582,4.00029,0.727292,4.75208,4.12048,2.87533,0.138344,-1.34299,2.45087,-0.634007,1.7212,0.404906,-0.548697,3.51204,-2.17544,0.196935,4.75145,-4.26361,0.0529433,0.464376,-4.62119,3.92488,1.63269,-0.937071,-1.65913,1.43638,1.6711,-1.44357,-0.998391,2.41113,-5.0,3.57674])
1.3878658654778058
Max g: 0.6634183327255494
f_88([0.23809,-2.86895,3.11356,4.62864,-2.73881,-0.889865,7.49906e-9,1.0168,-0.354032,-0.703087,4.69188,-2.9888,2.55559,4.00026,0.727193,4.75211,4.12055,2.87538,0.138612,-1.33981,2.44737,-0.634328,1.72099,0.405274,-0.545635,3.51279,-2.1762,0.197026,4.74889,-4.26425,0.0605727,0.459935,-4.6208,3.92524,1.63032,-0.93561,-1.66068,1.44231,1.66208,-1.43837,-0.996064,2.41014,-5.0,3.57594])
1.3856789976192962
Max g: 0.6631956860872386
f_89([0.23809,-2.86894,3.11356,4.62864,-2.73879,-0.889862,6.15833e-23,1.01712,-0.354201,-0.703378,4.69188,-2.98851,2.5555,4.00023,0.727124,4.75211,4.12058,2.87541,0.138739,-1.33834,2.4458,-0.634442,1.72094,0.405419,-0.544465,3.51308,-2.17649,0.197055,4.74776,-4.26454,0.0640051,0.457927,-4.62062,3.9254,1.62924,-0.934988,-1.66142,1.44491,1.65807,-1.43603,-0.995047,2.40966,-5.0,3.57562])
1.3854801914503407
Max g: 0.6631291381739173
f_90([0.238088,-2.86893,3.11357,4.62864,-2.73885,-0.889818,7.75116e-24,1.01731,-0.354284,-0.703528,4.69188,-2.98835,2.55544,4.00021,0.727045,4.75212,4.12062,2.87542,0.138808,-1.33733,2.44471,-0.634484,1.72091,0.405455,-0.543745,3.51324,-2.17667,0.197069,4.74695,-4.26475,0.0664226,0.456546,-4.62048,3.92551,1.62853,-0.934597,-1.66193,1.44675,1.65519,-1.43436,-0.99434,2.4093,-5.0,3.57538])
1.3844861606055636
{0.2380881139397569,-2.868926507028041,3.11356581926153,4.628643821850804,-2.73885122471174,-0.8898177989305839,7.751164823009884e-24,1.0173068322714085,-0.3542838263532859,-0.7035275407379006,4.691881488719848,-2.9883539479819476,2.555439532145818,4.000209587434709,0.7270450596118417,4.75212318375596,4.120622385825607,2.8754233590877676,0.13880822149478061,-1.3373253795606195,2.4447089613459214,-0.6344835537896732,1.7209120907339464,0.40545509413891345,-0.5437446002607428,3.5132391655214623,-2.176674541506354,0.19706903020899372,4.7469548116940015,-4.264745727424597,0.06642258733958321,0.4565458961666264,-4.620476734161568,3.9255068900199968,1.628533924476625,-0.9345973818583149,-1.661928844274861,1.4467531521864636,1.6551874789633259,-1.4343573847853812,-0.9943396315519127,2.4093041140134015,-5.0,3.575375613653818}]
Set[{A021,A031,A032,A041,A042,A043,A121,A131,A132,A141,A142,A143,B021,B031,B032,B041,B042,B043,B121,B131,B132,B141,B142,B143,\[Alpha]1,\[Alpha]2,\[Alpha]3,\[Alpha]4,\[Beta]11,\[Beta]12,\[Beta]13,\[Beta]14,\[Beta]21,\[Beta]22,\[Beta]23,\[Beta]24,\[Beta]31,\[Beta]32,\[Beta]33,\[Beta]34,\[Beta]41,\[Beta]42,\[Beta]43,\[Beta]44},{0.2380881139397569,-2.868926507028041,3.11356581926153,4.628643821850804,-2.73885122471174,-0.8898177989305839,7.751164823009884e-24,1.0173068322714085,-0.3542838263532859,-0.7035275407379006,4.691881488719848,-2.9883539479819476,2.555439532145818,4.000209587434709,0.7270450596118417,4.75212318375596,4.120622385825607,2.8754233590877676,0.13880822149478061,-1.3373253795606195,2.4447089613459214,-0.6344835537896732,1.7209120907339464,0.40545509413891345,-0.5437446002607428,3.5132391655214623,-2.176674541506354,0.19706903020899372,4.7469548116940015,-4.264745727424597,0.06642258733958321,0.4565458961666264,-4.620476734161568,3.9255068900199968,1.628533924476625,-0.9345973818583149,-1.661928844274861,1.4467531521864636,1.6551874789633259,-1.4343573847853812,-0.9943396315519127,2.4093041140134015,-5.0,3.575375613653818}]

Max g: 0.6630699928749229
f_91([0.238088,-2.86892,3.11356,4.62865,-2.73882,-0.889835,8.71779e-27,1.01751,-0.354372,-0.70371,4.69188,-2.98817,2.5554,4.00018,0.72698,4.75212,4.12062,2.87543,0.138894,-1.33628,2.44363,-0.634556,1.72087,0.405588,-0.543055,3.51341,-2.17686,0.197081,4.74618,-4.26495,0.0687663,0.455118,-4.62035,3.92562,1.6278,-0.934127,-1.66246,1.44854,1.65244,-1.43273,-0.993655,2.40896,-5.0,3.57518])
1.3848837729434744
Max g: 0.6630574232835009
f_92([0.238089,-2.8689,3.11356,4.62865,-2.73883,-0.889829,-2.19912e-25,1.01769,-0.354464,-0.70388,4.69188,-2.988,2.55536,4.00017,0.726919,4.75214,4.12063,2.87544,0.138999,-1.33524,2.44254,-0.634628,1.72084,0.405691,-0.542406,3.51357,-2.17702,0.197093,4.74537,-4.26515,0.0711881,0.453706,-4.62019,3.92574,1.62702,-0.933697,-1.66301,1.45032,1.64967,-1.4311,-0.992972,2.40859,-5.0,3.57497])
1.3844861606055636
Max g: 0.6630151183501516
f_93([0.238089,-2.86888,3.11356,4.62865,-2.73886,-0.889834,-5.59584e-24,1.01786,-0.354528,-0.704048,4.69188,-2.98783,2.55533,4.00015,0.726843,4.75214,4.12066,2.87545,0.139095,-1.33419,2.44146,-0.634679,1.72081,0.405785,-0.541791,3.51372,-2.17718,0.197103,4.7446,-4.26535,0.0736139,0.452284,-4.62001,3.92585,1.62624,-0.933278,-1.66357,1.4521,1.64688,-1.42946,-0.992299,2.40824,-5.0,3.57477])
1.3839891451831752
Max g: 0.6629755590309587
f_94([0.238088,-2.86892,3.11356,4.62867,-2.73886,-0.889812,3.46329e-23,1.01803,-0.354591,-0.704192,4.69188,-2.98768,2.55529,4.00012,0.726774,4.75214,4.12069,2.87546,0.139187,-1.33314,2.44038,-0.634712,1.72078,0.405865,-0.541221,3.51386,-2.17734,0.197109,4.74381,-4.26554,0.0760354,0.450865,-4.6198,3.92597,1.62546,-0.932865,-1.66411,1.45387,1.64412,-1.42783,-0.991648,2.40787,-5.0,3.57458])
1.383690935929742
Max g: 0.6629444650942302
f_95([0.238088,-2.8689,3.11356,4.62867,-2.73885,-0.889819,2.28021e-10,1.0182,-0.354645,-0.704341,4.69188,-2.98754,2.55527,4.00008,0.726706,4.75214,4.12069,2.87547,0.139279,-1.33208,2.4393,-0.634749,1.72074,0.405959,-0.540713,3.51398,-2.17747,0.197112,4.74303,-4.26575,0.0784493,0.449451,-4.61962,3.92609,1.62467,-0.932426,-1.66467,1.45564,1.64136,-1.42621,-0.991,2.4075,-5.0,3.57439])
1.3830945174228757
Max g: 0.6629309968244828
f_96([0.238088,-2.86891,3.11356,4.62867,-2.73884,-0.889827,3.00015e-23,1.01833,-0.354687,-0.704456,4.69188,-2.98742,2.55525,4.00006,0.726653,4.75214,4.1207,2.87548,0.139358,-1.33118,2.43838,-0.634776,1.72072,0.406027,-0.540303,3.51407,-2.17759,0.197118,4.74236,-4.26592,0.0804949,0.448239,-4.61945,3.92619,1.624,-0.932054,-1.66515,1.45713,1.63902,-1.42482,-0.990446,2.40717,-5.0,3.57425])
1.3827963081694425
Max g: 0.6629105460410809
f_97([0.238088,-2.86891,3.11356,4.62867,-2.73884,-0.889828,-1.48849e-22,1.01845,-0.354722,-0.704559,4.69188,-2.98732,2.55523,4.00004,0.726609,4.75214,4.12071,2.87549,0.139434,-1.33031,2.43751,-0.6348,1.72071,0.406091,-0.539935,3.51416,-2.17769,0.197122,4.74173,-4.26608,0.0824341,0.4471,-4.61929,3.92628,1.62336,-0.93171,-1.6656,1.45854,1.63681,-1.42351,-0.989931,2.40686,-5.0,3.57411])
1.3825975020004873
Max g: 0.6628954610464524
f_98([0.238088,-2.86891,3.11356,4.62867,-2.73884,-0.889828,-9.97286e-23,1.01857,-0.354751,-0.704658,4.69188,-2.98722,2.55521,4.00002,0.726563,4.75214,4.12072,2.87549,0.139509,-1.32946,2.43664,-0.634822,1.72069,0.406152,-0.539589,3.51424,-2.17779,0.197125,4.7411,-4.26624,0.0843644,0.445964,-4.61913,3.92637,1.62272,-0.931367,-1.66605,1.45993,1.63462,-1.42221,-0.989423,2.40655,-5.0,3.57397])
1.382299292747054
Max g: 0.6628814228551629
f_99([0.238088,-2.86891,3.11356,4.62867,-2.73884,-0.889828,1.59968e-23,1.01868,-0.354777,-0.704754,4.69187,-2.98712,2.5552,3.99999,0.726517,4.75215,4.12072,2.8755,0.139585,-1.32859,2.43578,-0.634842,1.72068,0.406211,-0.53926,3.51432,-2.17788,0.197128,4.74046,-4.2664,0.0863011,0.444825,-4.61897,3.92647,1.62208,-0.931023,-1.66651,1.46133,1.63242,-1.42091,-0.988916,2.40624,-5.0,3.57384])
1.3817028742401878
Max g: 0.6628689455928543
f_100([0.238088,-2.86891,3.11356,4.62867,-2.73884,-0.889828,5.78094e-23,1.01879,-0.354799,-0.704846,4.69187,-2.98703,2.55519,3.99997,0.726469,4.75215,4.12073,2.8755,0.139661,-1.32772,2.4349,-0.634859,1.72068,0.406268,-0.538946,3.51439,-2.17797,0.197129,4.73983,-4.26656,0.0882489,0.443678,-4.6188,3.92656,1.62143,-0.930677,-1.66697,1.46274,1.63021,-1.4196,-0.988411,2.40592,-5.0,3.57371])
1.3817028742401878
{0.23808801472067953,-2.8689139774537833,3.1135592089606874,4.628669400797903,-2.7388412772093202,-0.889828224316707,5.780941079315176e-23,1.0187924554978454,-0.3547986226489168,-0.7048458527462265,4.691874319423246,-2.9870284666770193,2.55518724167773,3.9999723192178918,0.7264687658344542,4.752148242227189,4.120732374680366,2.8755007538680797,0.13966105862243497,-1.3277192681911434,2.4349029245906473,-0.6348590633325784,1.7206769044874544,0.4062678847190218,-0.5389463890534224,3.5143903024391734,-2.177968563571304,0.19712924486530503,4.739826620135112,-4.266556093195572,0.08824887981929835,0.44367843867014484,-4.618795318587172,3.9265643218565898,1.6214260474586648,-0.9306766480242458,-1.6669682548523648,1.4627384776790697,1.630214241379693,-1.4195953832909833,-0.9884110142914796,2.4059206326117986,-5.0,3.5737139591350613}]
Set[{A021,A031,A032,A041,A042,A043,A121,A131,A132,A141,A142,A143,B021,B031,B032,B041,B042,B043,B121,B131,B132,B141,B142,B143,\[Alpha]1,\[Alpha]2,\[Alpha]3,\[Alpha]4,\[Beta]11,\[Beta]12,\[Beta]13,\[Beta]14,\[Beta]21,\[Beta]22,\[Beta]23,\[Beta]24,\[Beta]31,\[Beta]32,\[Beta]33,\[Beta]34,\[Beta]41,\[Beta]42,\[Beta]43,\[Beta]44},{0.23808801472067953,-2.8689139774537833,3.1135592089606874,4.628669400797903,-2.7388412772093202,-0.889828224316707,5.780941079315176e-23,1.0187924554978454,-0.3547986226489168,-0.7048458527462265,4.691874319423246,-2.9870284666770193,2.55518724167773,3.9999723192178918,0.7264687658344542,4.752148242227189,4.120732374680366,2.8755007538680797,0.13966105862243497,-1.3277192681911434,2.4349029245906473,-0.6348590633325784,1.7206769044874544,0.4062678847190218,-0.5389463890534224,3.5143903024391734,-2.177968563571304,0.19712924486530503,4.739826620135112,-4.266556093195572,0.08824887981929835,0.44367843867014484,-4.618795318587172,3.9265643218565898,1.6214260474586648,-0.9306766480242458,-1.6669682548523648,1.4627384776790697,1.630214241379693,-1.4195953832909833,-0.9884110142914796,2.4059206326117986,-5.0,3.5737139591350613}]

Max g: 0.6628568192076258
f_101([0.238088,-2.86892,3.11356,4.62867,-2.73884,-0.889829,2.93449e-22,1.0189,-0.354817,-0.704935,4.69187,-2.98694,2.55518,3.99995,0.726419,4.75215,4.12074,2.87551,0.139737,-1.32685,2.43403,-0.634874,1.72067,0.406324,-0.538651,3.51446,-2.17805,0.19713,4.73919,-4.26672,0.0901945,0.442533,-4.61862,3.92666,1.62077,-0.930331,-1.66743,1.46414,1.62801,-1.41829,-0.98791,2.4056,-5.0,3.57359])
1.3816034711557101
Max g: 0.6628460782462833
f_102([0.238088,-2.86892,3.11356,4.62867,-2.73884,-0.889828,-7.82787e-22,1.019,-0.354832,-0.705021,4.69187,-2.98685,2.55517,3.99993,0.726369,4.75215,4.12075,2.87551,0.139814,-1.32597,2.43316,-0.634887,1.72067,0.406379,-0.538372,3.51452,-2.17814,0.19713,4.73856,-4.26688,0.092139,0.441389,-4.61844,3.92676,1.62012,-0.929986,-1.66789,1.46554,1.62581,-1.41698,-0.987411,2.40528,-5.0,3.57347])
1.3811064557333215
Max g: 0.6628359632034551
f_103([0.238088,-2.86892,3.11356,4.62867,-2.73884,-0.889828,-5.43147e-23,1.0191,-0.354843,-0.705103,4.69187,-2.98677,2.55516,3.9999,0.726318,4.75215,4.12075,2.87551,0.139891,-1.32509,2.43229,-0.634899,1.72066,0.406431,-0.538106,3.51459,-2.17821,0.197129,4.73792,-4.26704,0.0940895,0.44024,-4.61826,3.92685,1.61946,-0.929639,-1.66836,1.46694,1.6236,-1.41567,-0.986915,2.40495,-5.0,3.57335])
1.3808082464798883
Max g: 0.6628261693030426
f_104([0.238088,-2.86892,3.11356,4.62867,-2.73884,-0.889829,-5.28484e-22,1.0192,-0.354851,-0.705184,4.69187,-2.98669,2.55515,3.99988,0.726265,4.75216,4.12076,2.87552,0.139968,-1.32421,2.43141,-0.634909,1.72066,0.406483,-0.537853,3.51464,-2.17829,0.197128,4.73728,-4.2672,0.0960467,0.439087,-4.61807,3.92695,1.61879,-0.929291,-1.66883,1.46834,1.62139,-1.41435,-0.986419,2.40462,-5.0,3.57323])
1.3807088433954107
Max g: 0.6628178525576089
f_105([0.238088,-2.86892,3.11356,4.62867,-2.73884,-0.889829,-1.29908e-22,1.0193,-0.354856,-0.705262,4.69187,-2.98661,2.55515,3.99985,0.726212,4.75216,4.12076,2.87552,0.140046,-1.32332,2.43054,-0.634918,1.72066,0.406534,-0.537614,3.5147,-2.17836,0.197125,4.73665,-4.26736,0.0980041,0.437936,-4.61788,3.92704,1.61812,-0.928943,-1.6693,1.46975,1.61918,-1.41304,-0.985927,2.40429,-5.0,3.57312])
1.3804106341419775
Max g: 0.6628090861386458
f_106([0.238088,-2.86892,3.11356,4.62867,-2.73884,-0.889828,-4.20109e-24,1.01939,-0.354859,-0.705333,4.69187,-2.98654,2.55515,3.99983,0.726161,4.75216,4.12077,2.87552,0.14012,-1.32248,2.42971,-0.634923,1.72066,0.406582,-0.537397,3.51475,-2.17843,0.197123,4.73604,-4.26751,0.0998553,0.436844,-4.61769,3.92714,1.61749,-0.928614,-1.66975,1.47107,1.61709,-1.4118,-0.985463,2.40397,-5.0,3.57301])
1.380211827973022
Max g: 0.6628020324836807
f_107([0.238088,-2.86893,3.11356,4.62867,-2.73884,-0.889828,-2.49447e-23,1.01948,-0.354859,-0.705406,4.69187,-2.98647,2.55514,3.99981,0.726107,4.75216,4.12078,2.87553,0.140198,-1.32159,2.42883,-0.634929,1.72066,0.406631,-0.537179,3.5148,-2.17849,0.19712,4.7354,-4.26768,0.101814,0.435692,-4.6175,3.92723,1.61682,-0.928265,-1.67023,1.47248,1.61488,-1.41049,-0.984975,2.40363,-5.0,3.5729])
1.380211827973022
Max g: 0.6627951484995709
f_108([0.238088,-2.86893,3.11356,4.62867,-2.73884,-0.889828,9.61598e-23,1.01956,-0.354856,-0.705476,4.69187,-2.9864,2.55514,3.99978,0.726053,4.75216,4.12078,2.87553,0.140276,-1.3207,2.42796,-0.634933,1.72067,0.406679,-0.536974,3.51484,-2.17856,0.197116,4.73477,-4.26784,0.103757,0.434548,-4.6173,3.92733,1.61614,-0.927918,-1.6707,1.47387,1.61269,-1.40918,-0.984494,2.40329,-5.0,3.5728])
1.3801124248885444
Max g: 0.6627880906530184
f_109([0.238088,-2.86893,3.11356,4.62867,-2.73884,-0.889828,-8.61376e-24,1.01965,-0.35485,-0.705544,4.69187,-2.98633,2.55514,3.99976,0.725998,4.75216,4.12079,2.87553,0.140354,-1.31981,2.42709,-0.634936,1.72067,0.406725,-0.536778,3.51489,-2.17862,0.197112,4.73413,-4.268,0.105708,0.4334,-4.61709,3.92743,1.61547,-0.927571,-1.67118,1.47527,1.6105,-1.40788,-0.984013,2.40295,-5.0,3.5727])
1.3799136187195888
Max g: 0.6627824249690715
f_110([0.238088,-2.86894,3.11356,4.62867,-2.73884,-0.889828,-1.18821e-22,1.01973,-0.354843,-0.70561,4.69187,-2.98626,2.55514,3.99973,0.725943,4.75217,4.12079,2.87553,0.140432,-1.31893,2.42623,-0.634937,1.72067,0.406771,-0.536595,3.51493,-2.17868,0.197108,4.7335,-4.26816,0.107635,0.432265,-4.61689,3.92752,1.61479,-0.927226,-1.67165,1.47665,1.60832,-1.40658,-0.983539,2.40261,-5.0,3.5726])
1.3797148125506336
{0.2380884265622515,-2.8689372540430513,3.113555884397206,4.62866944864321,-2.738841265249324,-0.8898283627541118,-1.1882065628552826e-22,1.0197339823065334,-0.3548434129756472,-0.7056096662032086,4.6918715200384735,-2.9862618538352645,2.5551397318186972,3.9997321777570227,0.725942746913923,4.752166607406071,4.120790712365631,2.875534895703407,0.14043203294842949,-1.3189281859924542,2.426228478789465,-0.6349370059095765,1.720672344590019,0.40677056620850943,-0.5365946644993377,3.5149260569385468,-2.1786804040180323,0.19710763240912343,4.733503849153661,-4.268155131726011,0.10763495015833331,0.4322653978915421,-4.616890917591957,3.9275249184180376,1.6147932353586862,-0.9272260799678631,-1.671652826035946,1.4766460113300144,1.6083235878382198,-1.4065836770041504,-0.9835393920515794,2.402614835725434,-5.0,3.572598512571769}]
Set[{A021,A031,A032,A041,A042,A043,A121,A131,A132,A141,A142,A143,B021,B031,B032,B041,B042,B043,B121,B131,B132,B141,B142,B143,\[Alpha]1,\[Alpha]2,\[Alpha]3,\[Alpha]4,\[Beta]11,\[Beta]12,\[Beta]13,\[Beta]14,\[Beta]21,\[Beta]22,\[Beta]23,\[Beta]24,\[Beta]31,\[Beta]32,\[Beta]33,\[Beta]34,\[Beta]41,\[Beta]42,\[Beta]43,\[Beta]44},{0.2380884265622515,-2.8689372540430513,3.113555884397206,4.62866944864321,-2.738841265249324,-0.8898283627541118,-1.1882065628552826e-22,1.0197339823065334,-0.3548434129756472,-0.7056096662032086,4.6918715200384735,-2.9862618538352645,2.5551397318186972,3.9997321777570227,0.725942746913923,4.752166607406071,4.120790712365631,2.875534895703407,0.14043203294842949,-1.3189281859924542,2.426228478789465,-0.6349370059095765,1.720672344590019,0.40677056620850943,-0.5365946644993377,3.5149260569385468,-2.1786804040180323,0.19710763240912343,4.733503849153661,-4.268155131726011,0.10763495015833331,0.4322653978915421,-4.616890917591957,3.9275249184180376,1.6147932353586862,-0.9272260799678631,-1.671652826035946,1.4766460113300144,1.6083235878382198,-1.4065836770041504,-0.9835393920515794,2.402614835725434,-5.0,3.572598512571769}]

Max g: 0.6627755089818965
f_111([0.238088,-2.86894,3.11356,4.62867,-2.73884,-0.889828,1.89993e-23,1.01982,-0.354834,-0.705675,4.69187,-2.9862,2.55514,3.99971,0.725887,4.75217,4.12079,2.87554,0.140511,-1.31803,2.42535,-0.634938,1.72068,0.406816,-0.536416,3.51497,-2.17874,0.197103,4.73286,-4.26832,0.109597,0.43111,-4.61668,3.92762,1.61411,-0.926875,-1.67214,1.47805,1.60611,-1.40527,-0.98306,2.40227,-5.0,3.5725])
1.3799136187195888
Max g: 0.662769622259126
f_112([0.238089,-2.86895,3.11355,4.62867,-2.73884,-0.889828,-8.14108e-22,1.0199,-0.354822,-0.705738,4.69187,-2.98613,2.55514,3.99968,0.725829,4.75217,4.1208,2.87554,0.140591,-1.31713,2.42447,-0.634937,1.72068,0.406859,-0.536246,3.515,-2.1788,0.197097,4.73223,-4.26848,0.111554,0.429959,-4.61647,3.92772,1.61342,-0.926524,-1.67262,1.47945,1.60391,-1.40396,-0.982584,2.40192,-5.0,3.57241])
1.3799136187195888
Max g: 0.6627634156288824
f_113([0.238089,-2.86895,3.11355,4.62867,-2.73884,-0.889827,-2.59897e-22,1.01998,-0.354808,-0.7058,4.69187,-2.98607,2.55515,3.99965,0.725771,4.75217,4.1208,2.87554,0.140671,-1.31623,2.4236,-0.634935,1.72069,0.406903,-0.536084,3.51504,-2.17885,0.197091,4.73159,-4.26864,0.113518,0.428802,-4.61625,3.92782,1.61272,-0.926171,-1.6731,1.48086,1.6017,-1.40264,-0.982107,2.40157,-5.0,3.57232])
1.3800130218040667
Max g: 0.6627576878654473
f_114([0.238089,-2.86895,3.11355,4.62867,-2.73884,-0.889827,1.60266e-23,1.02006,-0.354793,-0.705859,4.69187,-2.98601,2.55515,3.99963,0.725713,4.75217,4.12081,2.87554,0.14075,-1.31533,2.42272,-0.634932,1.7207,0.406945,-0.535931,3.51507,-2.1789,0.197085,4.73095,-4.2688,0.115468,0.427655,-4.61604,3.92792,1.61203,-0.925821,-1.67359,1.48226,1.5995,-1.40134,-0.981637,2.40122,-5.0,3.57223])
1.3798142156351112
Max g: 0.6627516440934231
f_115([0.238089,-2.86896,3.11355,4.62867,-2.73884,-0.889827,7.47047e-23,1.02013,-0.354776,-0.705918,4.69187,-2.98595,2.55515,3.9996,0.725654,4.75217,4.12081,2.87555,0.14083,-1.31443,2.42185,-0.634929,1.72071,0.406986,-0.535785,3.5151,-2.17895,0.197078,4.73031,-4.26896,0.117421,0.426505,-4.61582,3.92802,1.61133,-0.925469,-1.67407,1.48366,1.59731,-1.40004,-0.981168,2.40087,-5.0,3.57214])
1.3800130218040667
Max g: 0.6627453805641075
f_116([0.238089,-2.86896,3.11355,4.62867,-2.73884,-0.889827,1.42331e-9,1.02021,-0.354757,-0.705976,4.69187,-2.98589,2.55516,3.99957,0.725595,4.75217,4.12081,2.87555,0.14091,-1.31352,2.42097,-0.634924,1.72072,0.407026,-0.535644,3.51513,-2.17901,0.197071,4.72967,-4.26912,0.119379,0.425353,-4.61559,3.92811,1.61063,-0.925116,-1.67456,1.48506,1.5951,-1.39873,-0.980699,2.40051,-5.0,3.57206])
1.3801124248885444
Max g: 0.66273960281492
f_117([0.238089,-2.86897,3.11355,4.62867,-2.73884,-0.889827,-1.52886e-22,1.02028,-0.354737,-0.706032,4.69187,-2.98584,2.55516,3.99955,0.725535,4.75217,4.12082,2.87555,0.14099,-1.31261,2.4201,-0.634919,1.72073,0.407066,-0.53551,3.51516,-2.17905,0.197064,4.72904,-4.26929,0.121332,0.424204,-4.61537,3.92821,1.60993,-0.924762,-1.67504,1.48646,1.5929,-1.39742,-0.980233,2.40015,-5.0,3.57197])
1.3803112310574999
Max g: 0.6627333058421749
f_118([0.238089,-2.86897,3.11355,4.62867,-2.73884,-0.889825,-6.80402e-24,1.02035,-0.354724,-0.70608,4.69187,-2.98579,2.55517,3.99952,0.725487,4.75217,4.12082,2.87556,0.141068,-1.31183,2.41934,-0.634913,1.72074,0.407097,-0.535396,3.51518,-2.17909,0.197055,4.72849,-4.26942,0.123018,0.423209,-4.61516,3.9283,1.60931,-0.924455,-1.67547,1.48767,1.59101,-1.39629,-0.979833,2.39984,-5.0,3.57191])
1.3801124248885444
Max g: 0.662721240941174
f_119([0.23809,-2.86897,3.11355,4.62867,-2.73885,-0.889827,-7.89698e-23,1.02038,-0.354712,-0.706111,4.69187,-2.98576,2.55517,3.9995,0.725468,4.75217,4.12082,2.87556,0.141101,-1.31139,2.41892,-0.634914,1.72074,0.407121,-0.535335,3.5152,-2.17912,0.197054,4.72819,-4.2695,0.123959,0.422656,-4.61505,3.92835,1.60896,-0.924284,-1.67571,1.48834,1.58995,-1.39566,-0.97961,2.39967,-5.0,3.57187])
1.3801124248885444
Max g: 0.6627205650172616
f_120([0.23809,-2.86898,3.11355,4.62867,-2.73886,-0.889839,-1.84403e-24,1.0204,-0.354708,-0.706138,4.69187,-2.98573,2.55517,3.99948,0.725455,4.75217,4.12081,2.87556,0.141126,-1.31111,2.41863,-0.634913,1.72073,0.407139,-0.535293,3.51521,-2.17915,0.197053,4.72799,-4.26955,0.124573,0.422291,-4.61498,3.92837,1.60873,-0.924168,-1.67586,1.48878,1.58926,-1.39525,-0.97946,2.39955,-5.0,3.57185])
1.3801124248885444
{0.23809036214057613,-2.8689805995384106,3.1135489466818975,4.628667216654157,-2.738856732082754,-0.8898387329678404,-1.844026143912386e-24,1.0203984383954932,-0.3547076906119911,-0.7061380412976103,4.6918709826690055,-2.985732941371395,2.5551734033110955,3.9994794340178776,0.725454698275621,4.752170540796787,4.120813104889643,2.875555840321678,0.14112594921356797,-1.3111062278302894,2.4186349376016607,-0.6349132307770098,1.7207296513877277,0.4071389825587691,-0.5352930604642122,3.5152138098663497,-2.179148982254932,0.1970534389786382,4.727986326810392,-4.26955484475899,0.12457261770689751,0.42229072765410075,-4.61497501394667,3.92837425578246,1.6087258102926492,-0.9241677922755607,-1.675863971147647,1.4887838351982046,1.5892556696116107,-1.395248445449998,-0.9794595949883389,2.399554787101073,-5.0,3.5718520631461286}]
Set[{A021,A031,A032,A041,A042,A043,A121,A131,A132,A141,A142,A143,B021,B031,B032,B041,B042,B043,B121,B131,B132,B141,B142,B143,\[Alpha]1,\[Alpha]2,\[Alpha]3,\[Alpha]4,\[Beta]11,\[Beta]12,\[Beta]13,\[Beta]14,\[Beta]21,\[Beta]22,\[Beta]23,\[Beta]24,\[Beta]31,\[Beta]32,\[Beta]33,\[Beta]34,\[Beta]41,\[Beta]42,\[Beta]43,\[Beta]44},{0.23809036214057613,-2.8689805995384106,3.1135489466818975,4.628667216654157,-2.738856732082754,-0.8898387329678404,-1.844026143912386e-24,1.0203984383954932,-0.3547076906119911,-0.7061380412976103,4.6918709826690055,-2.985732941371395,2.5551734033110955,3.9994794340178776,0.725454698275621,4.752170540796787,4.120813104889643,2.875555840321678,0.14112594921356797,-1.3111062278302894,2.4186349376016607,-0.6349132307770098,1.7207296513877277,0.4071389825587691,-0.5352930604642122,3.5152138098663497,-2.179148982254932,0.1970534389786382,4.727986326810392,-4.26955484475899,0.12457261770689751,0.42229072765410075,-4.61497501394667,3.92837425578246,1.6087258102926492,-0.9241677922755607,-1.675863971147647,1.4887838351982046,1.5892556696116107,-1.395248445449998,-0.9794595949883389,2.399554787101073,-5.0,3.5718520631461286}]

Max g: 0.662704349672925
{0.23886609707279532,-2.873901085882643,3.112767182955441,4.626401839801424,-2.736078470708718,-0.8903233812019161,2.7515314645077143e-30,1.0015034880372369,-0.3286604813803156,-0.6796519197282651,4.691793120000611,-3.012141200272348,2.585780456499121,3.9804950010765987,0.6719182254488199,4.749838100509513,4.118339338759711,2.8734939916997018,0.13919892860853836,-1.355312568311723,2.494126738766335,-0.6163076750426341,1.7370606746611956,0.39108916165484287,-0.4675691825705349,3.4501621758818426,-2.1659673698810757,0.18360913011076105,4.738530358674466,-4.257013553281608,0.09409333577564208,0.42856726565387115,-4.636159703883343,3.956570379069877,1.654593657557705,-0.9753877188275867,-1.4225470910207538,1.1864214046829982,1.7386733166952415,-1.493268606651735,-1.0463034216858556,2.3985100965389905,-4.999999999999995,3.6350795843782997}]
Set[{A021,A031,A032,A041,A042,A043,A121,A131,A132,A141,A142,A143,B021,B031,B032,B041,B042,B043,B121,B131,B132,B141,B142,B143,\[Alpha]1,\[Alpha]2,\[Alpha]3,\[Alpha]4,\[Beta]11,\[Beta]12,\[Beta]13,\[Beta]14,\[Beta]21,\[Beta]22,\[Beta]23,\[Beta]24,\[Beta]31,\[Beta]32,\[Beta]33,\[Beta]34,\[Beta]41,\[Beta]42,\[Beta]43,\[Beta]44},{0.23886609707279532,-2.873901085882643,3.112767182955441,4.626401839801424,-2.736078470708718,-0.8903233812019161,2.7515314645077143e-30,1.0015034880372369,-0.3286604813803156,-0.6796519197282651,4.691793120000611,-3.012141200272348,2.585780456499121,3.9804950010765987,0.6719182254488199,4.749838100509513,4.118339338759711,2.8734939916997018,0.13919892860853836,-1.355312568311723,2.494126738766335,-0.6163076750426341,1.7370606746611956,0.39108916165484287,-0.4675691825705349,3.4501621758818426,-2.1659673698810757,0.18360913011076105,4.738530358674466,-4.257013553281608,0.09409333577564208,0.42856726565387115,-4.636159703883343,3.956570379069877,1.654593657557705,-0.9753877188275867,-1.4225470910207538,1.1864214046829982,1.7386733166952415,-1.493268606651735,-1.0463034216858556,2.3985100965389905,-4.999999999999995,3.6350795843782997}]


-----------------Final Result------------------
Options: alg=LN_AUGLAG_EQ,dx=0.01,max_eval=100000000,popSize=0
imin=-1,jmin=-5,imax=1,jmax=5,parameter_minmax=5,randSeed=22669168

12003009 steps

Completed with maxf : 1.3741482398198817

Constraints at 0.67658556

x = [0.23886609707279532,-2.873901085882643,3.112767182955441,4.626401839801424,-2.736078470708718,-0.8903233812019161,2.7515314645077143e-30,1.0015034880372369,-0.3286604813803156,-0.6796519197282651,4.691793120000611,-3.012141200272348,2.585780456499121,3.9804950010765987,0.6719182254488199,4.749838100509513,4.118339338759711,2.8734939916997018,0.13919892860853836,-1.355312568311723,2.494126738766335,-0.6163076750426341,1.7370606746611956,0.39108916165484287,-0.4675691825705349,3.4501621758818426,-2.1659673698810757,0.18360913011076105,4.738530358674466,-4.257013553281608,0.09409333577564208,0.42856726565387115,-4.636159703883343,3.956570379069877,1.654593657557705,-0.9753877188275867,-1.4225470910207538,1.1864214046829982,1.7386733166952415,-1.493268606651735,-1.0463034216858556,2.3985100965389905,-4.999999999999995,3.6350795843782997]
c0 = [0.0,0.23886609707279532,0.23886609707279804,0.9999999878907904]
c1 = [0.0,2.7515314645077143e-30,0.6728430066569213,0.9999999999999973]
A0 = [0.0,0.23886609707279532,-2.873901085882643,4.626401839801424,0.0,0.0,3.112767182955441,-2.736078470708718,0.0,0.0,0.0,-0.8903233812019161,0.0,0.0,0.0,0.0]
A1 = [0.0,2.7515314645077143e-30,1.0015034880372369,-0.6796519197282651,0.0,0.0,-0.3286604813803156,4.691793120000611,0.0,0.0,0.0,-3.012141200272348,0.0,0.0,0.0,0.0]
B0 = [0.0,2.585780456499121,3.9804950010765987,4.749838100509513,0.0,0.0,0.6719182254488199,4.118339338759711,0.0,0.0,0.0,2.8734939916997018,0.0,0.0,0.0,0.0]
B1 = [0.0,0.13919892860853836,-1.355312568311723,-0.6163076750426341,0.0,0.0,2.494126738766335,1.7370606746611956,0.0,0.0,0.0,0.39108916165484287,0.0,0.0,0.0,0.0]
  = [-0.4675691825705349,3.4501621758818426,-2.1659673698810757,0.18360913011076105]
1 = [4.738530358674466,-4.257013553281608,0.09409333577564208,0.42856726565387115]
2 = [-4.636159703883343,3.956570379069877,1.654593657557705,-0.9753877188275867]
3 = [-1.4225470910207538,1.1864214046829982,1.7386733166952415,-1.493268606651735]
4 = [-1.0463034216858556,2.3985100965389905,-4.999999999999995,3.6350795843782997]


Set[{A021,A031,A032,A041,A042,A043,A121,A131,A132,A141,A142,A143,B021,B031,B032,B041,B042,B043,B121,B131,B132,B141,B142,B143,\[Alpha]1,\[Alpha]2,\[Alpha]3,\[Alpha]4,\[Beta]11,\[Beta]12,\[Beta]13,\[Beta]14,\[Beta]21,\[Beta]22,\[Beta]23,\[Beta]24,\[Beta]31,\[Beta]32,\[Beta]33,\[Beta]34,\[Beta]41,\[Beta]42,\[Beta]43,\[Beta]44},{0.23886609707279532,-2.873901085882643,3.112767182955441,4.626401839801424,-2.736078470708718,-0.8903233812019161,2.7515314645077143e-30,1.0015034880372369,-0.3286604813803156,-0.6796519197282651,4.691793120000611,-3.012141200272348,2.585780456499121,3.9804950010765987,0.6719182254488199,4.749838100509513,4.118339338759711,2.8734939916997018,0.13919892860853836,-1.355312568311723,2.494126738766335,-0.6163076750426341,1.7370606746611956,0.39108916165484287,-0.4675691825705349,3.4501621758818426,-2.1659673698810757,0.18360913011076105,4.738530358674466,-4.257013553281608,0.09409333577564208,0.42856726565387115,-4.636159703883343,3.956570379069877,1.654593657557705,-0.9753877188275867,-1.4225470910207538,1.1864214046829982,1.7386733166952415,-1.493268606651735,-1.0463034216858556,2.3985100965389905,-4.999999999999995,3.6350795843782997}]



