
-----------------Setup------------------
Options: alg=LN_AUGLAG_EQ,dx=0.01,max_eval=100000000,popSize=0
imin=-12,jmin=-1,imax=1,jmax=1,
parameter_minmax=5,
randSeed=88069631, rand_minmax=1,
END_C=true, INEQ_C=false

Initial Condition:

[0.239646,-0.347291,0.171355,0.00911343,-0.173155,-0.946533,0.307138,-0.845389,0.525055,-0.0835686,-0.306929,0.0961246,-0.541678,-0.905688,0.0558036,0.197844,0.874901,0.586296,0.672652,0.103486,-0.0442598,0.475962,0.140954,-0.484544,-0.570867,0.988085,0.0324021,-0.222205,-0.656757,-0.975337,0.990957,-0.284885,0.455603,-0.0897776,-0.590481,0.360365,-0.460837,-0.573962,0.908384,-0.0639921,-0.372975,0.092069,0.922346,0.626203]

f_1([-0.000113617,1.624,-1.62398,2.41701,-0.354376,-1.52765,0.000166731,-0.522933,0.588927,0.485791,-0.722271,0.779953,-0.0592855,-0.723779,0.400728,1.88688,2.43247,-0.320338,-1.19911,-0.249099,0.0602414,-0.0837342,-0.409853,-1.64658,-0.00125457,1.45759,-0.8922,0.106038,-0.693588,-1.14467,2.31592,0.545532,1.08647,-0.368686,-0.886069,0.0618879,-0.716388,0.181573,0.987691,-0.29342,-0.596798,-0.750051,0.443647,0.634106])
20.037720697052784
Max g: 0.905745764869361
f_2([0.688182,2.02649,-1.0264,2.54904,-0.27415,-1.27573,0.490111,-0.153276,1.15313,0.649504,-0.516593,0.867061,0.0928507,-0.624638,0.0828155,1.88401,2.36536,-0.21244,-1.03616,-0.752872,0.558554,0.357115,-1.19717,-1.52385,-0.0311445,1.69678,-0.772185,0.104698,0.615214,-1.08737,1.09766,0.384121,0.806725,-1.76112,0.635181,0.317124,0.402152,1.08509,-1.10358,-0.384567,0.75068,-1.3821,0.00768136,0.624473])
6.263838379203139
Max g: 0.11967254071642658
f_3([0.642631,1.99961,-0.999611,2.54533,-0.286287,-1.25904,0.612572,0.0130783,0.986922,0.732014,-0.47056,0.733849,0.179465,-0.53432,0.105872,1.89811,2.40624,-0.152637,-0.711771,-0.641262,0.680252,1.02521,-1.94758,-0.926963,-0.125111,1.74972,-0.716231,0.0913633,0.413886,-1.10624,1.23643,0.453291,0.880453,-2.22817,1.01303,0.335929,0.584222,1.10592,-1.2355,-0.45299,0.940181,-2.4578,0.567215,0.949752])
5.700092925074856
Max g: 0.021597893958220205
f_4([0.643765,2.00054,-1.00055,2.54534,-0.28697,-1.2584,0.583831,0.0174127,0.975224,0.731157,-0.475073,0.739189,0.159899,-0.549506,0.0891411,1.89551,2.40668,-0.150036,-0.745445,-0.650918,0.659944,0.94791,-1.8515,-1.01053,-0.124424,1.75295,-0.721657,0.0932798,0.452879,-1.12135,1.2257,0.442467,0.904515,-2.18482,0.947301,0.332695,0.547392,1.12138,-1.22592,-0.442479,0.946797,-2.29605,0.45529,0.894313])
5.9746081276935845
Max g: 0.004934549208805761
f_5([0.64424,2.00055,-1.00055,2.54527,-0.28756,-1.25771,0.582103,0.020064,0.975376,0.731763,-0.475133,0.740454,0.1578,-0.551367,0.0878796,1.89538,2.40682,-0.149525,-0.750786,-0.654355,0.65901,0.936585,-1.83838,-1.02181,-0.123797,1.75346,-0.723081,0.0934613,0.460447,-1.12226,1.2208,0.440895,0.907668,-2.17901,0.938261,0.332786,0.539938,1.12203,-1.22084,-0.440852,0.944851,-2.27309,0.441665,0.886928])
6.003342243433104
Max g: 0.0031414274951839793
f_6([0.644811,2.00079,-1.00079,2.54409,-0.28692,-1.25717,0.580135,0.0221492,0.975977,0.732363,-0.475445,0.741869,0.156179,-0.552854,0.0869425,1.89603,2.40766,-0.148451,-0.756802,-0.65815,0.658083,0.923941,-1.82355,-1.03413,-0.122912,1.75387,-0.724458,0.0935058,0.467717,-1.12235,1.21532,0.439216,0.911422,-2.17329,0.92858,0.333243,0.53233,1.12237,-1.21537,-0.439217,0.941424,-2.24757,0.427056,0.879141])
6.037445363497654
Max g: 0.0013607572785998556
f_7([0.644775,2.001,-1.001,2.54361,-0.286511,-1.25711,0.578172,0.0240772,0.975922,0.732909,-0.475627,0.742718,0.154723,-0.553883,0.0854055,1.89644,2.40813,-0.148343,-0.761533,-0.66143,0.65725,0.914122,-1.81211,-1.04431,-0.123218,1.75424,-0.724668,0.0936121,0.474109,-1.1231,1.21128,0.437755,0.9144,-2.16827,0.920641,0.333244,0.525728,1.12323,-1.21129,-0.437785,0.939347,-2.22726,0.415319,0.872496])
6.064688089146887
Max g: 0.000528344209037579
f_8([0.644776,2.00098,-1.00099,2.54289,-0.286287,-1.2566,0.576837,0.0243878,0.975612,0.733381,-0.475709,0.742328,0.154809,-0.553992,0.0858907,1.89638,2.40875,-0.14879,-0.762963,-0.661918,0.656178,0.910694,-1.80848,-1.04795,-0.123317,1.7547,-0.724977,0.0935909,0.475847,-1.12349,1.21075,0.436954,0.915766,-2.1659,0.917409,0.332747,0.524124,1.12354,-1.21075,-0.43697,0.939721,-2.21987,0.41055,0.86957])
6.078508303983542
Max g: 0.0018344345096867332
f_9([0.644719,2.00096,-1.00096,2.54287,-0.286294,-1.25658,0.577956,0.0244066,0.975593,0.733432,-0.475584,0.742152,0.155459,-0.553381,0.086337,1.89626,2.40874,-0.148831,-0.761322,-0.661261,0.65701,0.914491,-1.81278,-1.04428,-0.123383,1.75459,-0.72475,0.0935346,0.474162,-1.12321,1.21151,0.437544,0.914754,-2.16799,0.920339,0.332909,0.525833,1.12321,-1.21151,-0.437544,0.940115,-2.22725,0.415041,0.872093])
6.066278905243192
Max g: 0.000579340511737414
f_10([0.644713,2.00097,-1.00098,2.54286,-0.286308,-1.25656,0.578589,0.0244824,0.975518,0.733459,-0.475579,0.74212,0.155746,-0.553191,0.0866326,1.89632,2.40873,-0.148839,-0.760401,-0.660883,0.657478,0.916594,-1.81517,-1.0422,-0.123387,1.75457,-0.724683,0.0935034,0.473211,-1.12301,1.21192,0.437877,0.914172,-2.16917,0.921991,0.333003,0.526775,1.12301,-1.21191,-0.437873,0.940333,-2.23144,0.417578,0.873528])
6.0586231027797215
{0.644713384312971,2.000972494556272,-1.000975540484965,2.542859927575359,-0.286308345255848,-1.2565552659674093,0.5785891724731632,0.024482410944710875,0.9755175890552917,0.7334590161986674,-0.4755789008792681,0.7421198846805986,0.15574592526954248,-0.5531911186443341,0.0866325619586691,1.8963150107462141,2.4087278235453375,-0.14883927041650133,-0.7604009974805891,-0.6608832775474501,0.6574784044384929,0.9165941303087746,-1.8151669099971828,-1.0422031216808199,-0.12338740470463459,1.7545720382564678,-0.7246831597850585,0.09350338988723808,0.47321055800386325,-1.1230139276987703,1.2119178688221703,0.43787662069975886,0.9141719584462589,-2.1691652414220775,0.9219913352858351,0.3330032810696378,0.5267749098515765,1.1230075049496497,-1.2119079991815818,-0.43787291477114676,0.9403332338056847,-2.2314403839701007,0.41757824592221215,0.8735280460200968}]
Set[{A021,A031,A032,A041,A042,A043,A121,A131,A132,A141,A142,A143,B021,B031,B032,B041,B042,B043,B121,B131,B132,B141,B142,B143,\[Alpha]1,\[Alpha]2,\[Alpha]3,\[Alpha]4,\[Beta]11,\[Beta]12,\[Beta]13,\[Beta]14,\[Beta]21,\[Beta]22,\[Beta]23,\[Beta]24,\[Beta]31,\[Beta]32,\[Beta]33,\[Beta]34,\[Beta]41,\[Beta]42,\[Beta]43,\[Beta]44},{0.644713384312971,2.000972494556272,-1.000975540484965,2.542859927575359,-0.286308345255848,-1.2565552659674093,0.5785891724731632,0.024482410944710875,0.9755175890552917,0.7334590161986674,-0.4755789008792681,0.7421198846805986,0.15574592526954248,-0.5531911186443341,0.0866325619586691,1.8963150107462141,2.4087278235453375,-0.14883927041650133,-0.7604009974805891,-0.6608832775474501,0.6574784044384929,0.9165941303087746,-1.8151669099971828,-1.0422031216808199,-0.12338740470463459,1.7545720382564678,-0.7246831597850585,0.09350338988723808,0.47321055800386325,-1.1230139276987703,1.2119178688221703,0.43787662069975886,0.9141719584462589,-2.1691652414220775,0.9219913352858351,0.3330032810696378,0.5267749098515765,1.1230075049496497,-1.2119079991815818,-0.43787291477114676,0.9403332338056847,-2.2314403839701007,0.41757824592221215,0.8735280460200968}]

Max g: 7.220984986511247e-5
f_11([0.644706,2.00097,-1.00097,2.54285,-0.286316,-1.25654,0.578599,0.0244661,0.975491,0.733456,-0.475598,0.742109,0.155773,-0.553168,0.0866518,1.8963,2.40872,-0.148829,-0.760335,-0.660838,0.657495,0.91674,-1.81534,-1.04205,-0.123384,1.75456,-0.72468,0.0935016,0.473131,-1.12299,1.21196,0.437896,0.914142,-2.16925,0.922096,0.333008,0.526874,1.12298,-1.21196,-0.437894,0.940365,-2.23173,0.417735,0.873626])
6.058722528785741
Max g: 9.531647184934933e-5
f_12([0.644706,2.00097,-1.00097,2.54285,-0.286316,-1.25654,0.57859,0.024465,0.975488,0.733455,-0.475599,0.74211,0.155769,-0.553172,0.086648,1.8963,2.40872,-0.148829,-0.760343,-0.660837,0.657486,0.916718,-1.81531,-1.04208,-0.123385,1.75456,-0.72468,0.0935021,0.473136,-1.12299,1.21196,0.437892,0.914149,-2.16923,0.922077,0.333005,0.526868,1.12299,-1.21196,-0.43789,0.940368,-2.23169,0.417706,0.873611])
6.0586231027797215
Max g: 9.038231496893978e-5
f_13([0.644704,2.00097,-1.00097,2.54285,-0.28631,-1.25654,0.578528,0.0244595,0.975473,0.733449,-0.475606,0.742111,0.155735,-0.5532,0.0866202,1.8963,2.40872,-0.148841,-0.760411,-0.660848,0.657434,0.916552,-1.81512,-1.04224,-0.123389,1.75457,-0.724686,0.0935064,0.473188,-1.12301,1.21195,0.437864,0.914195,-2.16913,0.921942,0.332992,0.526814,1.123,-1.21195,-0.437864,0.940371,-2.23137,0.417497,0.873499])
6.059020806803798
Max g: 5.571361212308723e-5
f_14([0.644704,2.00096,-1.00097,2.54285,-0.286314,-1.25654,0.578483,0.0244902,0.975483,0.733453,-0.475596,0.742126,0.155698,-0.553231,0.0865862,1.8963,2.40871,-0.148842,-0.76052,-0.660908,0.657401,0.916314,-1.81484,-1.04248,-0.123392,1.75457,-0.72469,0.09351,0.473324,-1.12302,1.21186,0.43783,0.914256,-2.169,0.921757,0.332989,0.526677,1.12302,-1.21187,-0.43783,0.940333,-2.2309,0.417221,0.873345])
6.060213918876028
Max g: 1.7018877460861503e-5
f_15([0.644704,2.00097,-1.00097,2.54285,-0.286312,-1.25654,0.578474,0.0245003,0.975489,0.733455,-0.475594,0.742133,0.155691,-0.553237,0.0865815,1.8963,2.40871,-0.148845,-0.760549,-0.660928,0.657396,0.916251,-1.81477,-1.04254,-0.123393,1.75457,-0.724691,0.093511,0.473365,-1.12302,1.21184,0.437821,0.914271,-2.16897,0.921707,0.332989,0.526635,1.12302,-1.21184,-0.437821,0.940319,-2.23077,0.41715,0.873305])
6.060412770888066
Max g: 6.714575234934017e-6
f_16([0.644704,2.00097,-1.00097,2.54285,-0.286313,-1.25654,0.578468,0.0245048,0.975493,0.733456,-0.475594,0.742136,0.155688,-0.553239,0.0865791,1.8963,2.40871,-0.148847,-0.760565,-0.66094,0.657395,0.916217,-1.81473,-1.04257,-0.123393,1.75457,-0.724692,0.0935113,0.473387,-1.12303,1.21182,0.437816,0.91428,-2.16895,0.921681,0.332989,0.526613,1.12303,-1.21182,-0.437816,0.940311,-2.23071,0.417111,0.873284])
6.060711048906123
Max g: 1.6207145976387949e-6
f_17([0.644704,2.00097,-1.00097,2.54285,-0.286313,-1.25654,0.578465,0.0245059,0.975494,0.733457,-0.475594,0.742137,0.155687,-0.55324,0.0865779,1.8963,2.40871,-0.148847,-0.760572,-0.660944,0.657393,0.916202,-1.81471,-1.04259,-0.123393,1.75457,-0.724692,0.0935114,0.473396,-1.12303,1.21182,0.437814,0.914283,-2.16894,0.921669,0.332989,0.526604,1.12303,-1.21182,-0.437814,0.940308,-2.23068,0.417094,0.873274])
6.060711048906123
Max g: 1.3957752940108037e-6
f_18([0.644704,2.00097,-1.00097,2.54285,-0.286313,-1.25654,0.578465,0.0245059,0.975494,0.733457,-0.475594,0.742137,0.155687,-0.55324,0.0865779,1.8963,2.40871,-0.148847,-0.760572,-0.660944,0.657393,0.916202,-1.81471,-1.04259,-0.123393,1.75457,-0.724692,0.0935114,0.473396,-1.12303,1.21182,0.437814,0.914283,-2.16894,0.921669,0.332989,0.526604,1.12303,-1.21182,-0.437814,0.940308,-2.23068,0.417094,0.873274])
6.060711048906123
Max g: 1.3958133336933187e-6
{0.6447039368319779,2.000967568225235,-1.0009675682252372,2.542852029502136,-0.28631265621740865,-1.2565393732847305,0.578465235948684,0.0245059222344499,0.9754940777655495,0.7334565322455392,-0.47559363177299196,0.742137099527452,0.15568702026220638,-0.5532401401863375,0.08657788223256162,1.8962992864852921,2.40871393650797,-0.14884673278177948,-0.7605722347995777,-0.6609441763052437,0.6573932207041242,0.9162022551606599,-1.8147142475302616,-1.0425852354322935,-0.12339283415944444,1.7545736387305435,-0.7246922269564343,0.09351144825714539,0.4733962865738475,-1.1230272660716438,1.2118168616703184,0.4378144383282636,0.9142834196937714,-2.168942155979328,0.921669293081684,0.33298912911684325,0.5266036430540099,1.1230272496265732,-1.2118167632057,-0.43781445858015827,0.9403077280525534,-2.2306764381025306,0.417094374763608,0.8732743165593968}]
Set[{A021,A031,A032,A041,A042,A043,A121,A131,A132,A141,A142,A143,B021,B031,B032,B041,B042,B043,B121,B131,B132,B141,B142,B143,\[Alpha]1,\[Alpha]2,\[Alpha]3,\[Alpha]4,\[Beta]11,\[Beta]12,\[Beta]13,\[Beta]14,\[Beta]21,\[Beta]22,\[Beta]23,\[Beta]24,\[Beta]31,\[Beta]32,\[Beta]33,\[Beta]34,\[Beta]41,\[Beta]42,\[Beta]43,\[Beta]44},{0.6447039368319779,2.000967568225235,-1.0009675682252372,2.542852029502136,-0.28631265621740865,-1.2565393732847305,0.578465235948684,0.0245059222344499,0.9754940777655495,0.7334565322455392,-0.47559363177299196,0.742137099527452,0.15568702026220638,-0.5532401401863375,0.08657788223256162,1.8962992864852921,2.40871393650797,-0.14884673278177948,-0.7605722347995777,-0.6609441763052437,0.6573932207041242,0.9162022551606599,-1.8147142475302616,-1.0425852354322935,-0.12339283415944444,1.7545736387305435,-0.7246922269564343,0.09351144825714539,0.4733962865738475,-1.1230272660716438,1.2118168616703184,0.4378144383282636,0.9142834196937714,-2.168942155979328,0.921669293081684,0.33298912911684325,0.5266036430540099,1.1230272496265732,-1.2118167632057,-0.43781445858015827,0.9403077280525534,-2.2306764381025306,0.417094374763608,0.8732743165593968}]


-----------------Final Result------------------
Options: alg=LN_AUGLAG_EQ,dx=0.01,max_eval=100000000,popSize=0
imin=-12,jmin=-1,imax=1,jmax=1,
parameter_minmax=5,
randSeed=88069631,rand_minmax=1,
END_C=true, INEQ_C=false

1815754 steps

Completed with maxf : 6.060711048906123

Constraints at 1.3958196298791137e-6

x = [0.6447039368319779,2.000967568225235,-1.0009675682252372,2.542852029502136,-0.28631265621740865,-1.2565393732847305,0.578465235948684,0.0245059222344499,0.9754940777655495,0.7334565322455392,-0.47559363177299196,0.742137099527452,0.15568702026220638,-0.5532401401863375,0.08657788223256162,1.8962992864852921,2.40871393650797,-0.14884673278177948,-0.7605722347995777,-0.6609441763052437,0.6573932207041242,0.9162022551606599,-1.8147142475302616,-1.0425852354322935,-0.12339283415944444,1.7545736387305435,-0.7246922269564343,0.09351144825714539,0.4733962865738475,-1.1230272660716438,1.2118168616703184,0.4378144383282636,0.9142834196937714,-2.168942155979328,0.921669293081684,0.33298912911684325,0.5266036430540099,1.1230272496265732,-1.2118167632057,-0.43781445858015827,0.9403077280525534,-2.2306764381025306,0.417094374763608,0.8732743165593968]
c0 = [0.0,0.6447039368319779,0.9999999999999978,0.999999999999997]
c1 = [0.0,0.578465235948684,0.9999999999999994,0.9999999999999992]
A0 = [0.0,0.6447039368319779,2.000967568225235,2.542852029502136,0.0,0.0,-1.0009675682252372,-0.28631265621740865,0.0,0.0,0.0,-1.2565393732847305,0.0,0.0,0.0,0.0]
A1 = [0.0,0.578465235948684,0.0245059222344499,0.7334565322455392,0.0,0.0,0.9754940777655495,-0.47559363177299196,0.0,0.0,0.0,0.742137099527452,0.0,0.0,0.0,0.0]
B0 = [0.0,0.15568702026220638,-0.5532401401863375,1.8962992864852921,0.0,0.0,0.08657788223256162,2.40871393650797,0.0,0.0,0.0,-0.14884673278177948,0.0,0.0,0.0,0.0]
B1 = [0.0,-0.7605722347995777,-0.6609441763052437,0.9162022551606599,0.0,0.0,0.6573932207041242,-1.8147142475302616,0.0,0.0,0.0,-1.0425852354322935,0.0,0.0,0.0,0.0]
α  = [-0.12339283415944444,1.7545736387305435,-0.7246922269564343,0.09351144825714539]
β1 = [0.4733962865738475,-1.1230272660716438,1.2118168616703184,0.4378144383282636]
β2 = [0.9142834196937714,-2.168942155979328,0.921669293081684,0.33298912911684325]
β3 = [0.5266036430540099,1.1230272496265732,-1.2118167632057,-0.43781445858015827]
β4 = [0.9403077280525534,-2.2306764381025306,0.417094374763608,0.8732743165593968]


Set[{A021,A031,A032,A041,A042,A043,A121,A131,A132,A141,A142,A143,B021,B031,B032,B041,B042,B043,B121,B131,B132,B141,B142,B143,\[Alpha]1,\[Alpha]2,\[Alpha]3,\[Alpha]4,\[Beta]11,\[Beta]12,\[Beta]13,\[Beta]14,\[Beta]21,\[Beta]22,\[Beta]23,\[Beta]24,\[Beta]31,\[Beta]32,\[Beta]33,\[Beta]34,\[Beta]41,\[Beta]42,\[Beta]43,\[Beta]44},{0.6447039368319779,2.000967568225235,-1.0009675682252372,2.542852029502136,-0.28631265621740865,-1.2565393732847305,0.578465235948684,0.0245059222344499,0.9754940777655495,0.7334565322455392,-0.47559363177299196,0.742137099527452,0.15568702026220638,-0.5532401401863375,0.08657788223256162,1.8962992864852921,2.40871393650797,-0.14884673278177948,-0.7605722347995777,-0.6609441763052437,0.6573932207041242,0.9162022551606599,-1.8147142475302616,-1.0425852354322935,-0.12339283415944444,1.7545736387305435,-0.7246922269564343,0.09351144825714539,0.4733962865738475,-1.1230272660716438,1.2118168616703184,0.4378144383282636,0.9142834196937714,-2.168942155979328,0.921669293081684,0.33298912911684325,0.5266036430540099,1.1230272496265732,-1.2118167632057,-0.43781445858015827,0.9403077280525534,-2.2306764381025306,0.417094374763608,0.8732743165593968}]



