
-----------------Setup------------------
Options: alg=LN_AUGLAG_EQ,dx=0.01,max_eval=100000000,popSize=0
imin=-6,jmin=-3,imax=1,jmax=3,
parameter_minmax=5,
randSeed=11233526, rand_minmax=1

Initial Condition:

[-0.418192,0.183617,0.155885,-0.807273,-0.519289,0.299627,-0.991876,-0.139514,0.438739,0.0994573,-0.686479,-0.645478,0.858128,0.749177,0.106152,0.295048,-0.501616,-0.779711,0.840532,0.873119,-0.191922,-0.638678,0.925404,-0.216097,-0.186514,0.0950084,-0.416741,0.306305,0.933119,-0.784974,0.983069,-0.734114,-0.50385,0.670006,0.527865,-0.133511,0.582135,-0.565502,0.348081,-0.719499,-0.595578,-0.198299,0.0847787,0.0779854]

f_1([0.451642,0.209354,0.410113,0.0220611,0.721045,0.256851,0.171395,0.926703,0.0733005,0.175924,0.00383662,-0.17974,1.199,0.325512,0.180408,2.37216,0.115004,-0.0988007,1.11049,1.21654,1.74606,0.693662,2.4076,0.0089143,0.153251,0.536018,0.188943,0.118367,1.36801,-0.654013,1.0579,-0.772528,-1.08444,1.26857,-0.316622,0.136231,-0.406645,0.706675,-1.11405,0.815743,0.647705,-0.993487,0.0903699,0.256664])
29.563124701816516
Max g: 0.10318141478332987
f_2([0.452591,0.228526,0.453193,0.0272815,0.669936,0.302374,0.34677,0.954526,0.0454745,0.10306,0.0575211,-0.160581,1.18794,0.270246,0.151307,2.38735,0.168894,-0.0958776,0.924637,0.646463,1.76996,0.198952,2.13745,0.0550653,0.153242,0.494856,0.227022,0.126001,1.44847,-0.704887,1.22338,-0.966236,-1.35527,1.57273,-0.618832,0.410837,-0.443977,0.703783,-1.21935,0.961657,0.852899,-1.41479,0.455496,0.0983058])
22.551842981621217
Max g: 0.08082010778229476
f_3([0.417813,0.208911,0.490747,0.0131539,0.647146,0.339578,0.461755,0.977029,0.0229665,0.0799379,0.0631028,-0.143049,1.19435,0.26635,0.181073,2.37098,0.159047,-0.130162,0.809058,0.263115,1.86887,-0.0667892,1.97883,0.0701554,0.150436,0.466013,0.247327,0.13669,1.48108,-0.643396,1.28559,-1.12264,-1.58464,1.73847,-0.837784,0.689562,-0.472768,0.635864,-1.27736,1.11449,1.09059,-1.77271,0.810388,-0.13383])
18.694192513191283
Max g: 0.03929567782946597
f_4([0.388554,0.190201,0.496104,0.015647,0.631023,0.353234,0.538135,0.966863,0.0331366,0.0535572,0.0723118,-0.125869,1.19457,0.267905,0.199458,2.36336,0.149888,-0.158721,0.746616,0.0227257,1.97634,-0.19661,1.90254,0.0787554,0.144149,0.448997,0.262007,0.144706,1.48679,-0.568718,1.30411,-1.22198,-1.71349,1.77975,-0.959362,0.892898,-0.488554,0.569977,-1.3042,1.22179,1.27691,-1.97984,1.06477,-0.361896])
17.02596006180854
Max g: 0.004503616316628101
f_5([0.391161,0.174706,0.506492,0.0379764,0.626445,0.335283,0.545254,0.969449,0.0301915,0.0463155,0.0796555,-0.124593,1.18686,0.257022,0.20895,2.36286,0.153198,-0.161663,0.737927,-0.00859609,1.99326,-0.209332,1.89288,0.079445,0.142299,0.450669,0.26118,0.145844,1.49071,-0.561039,1.30812,-1.23775,-1.71696,1.76873,-0.965918,0.914193,-0.490734,0.561146,-1.30813,1.23773,1.30498,-2.00733,1.09557,-0.393242])
16.82558076054887
Max g: 0.000343461734956918
f_6([0.391156,0.174539,0.506414,0.0381119,0.626191,0.335685,0.544737,0.969351,0.0290495,0.0455693,0.0799581,-0.124987,1.18693,0.25693,0.208961,2.3629,0.153307,-0.161786,0.737944,-0.0082847,1.9931,-0.209193,1.89311,0.0792915,0.142233,0.450728,0.261221,0.145817,1.4907,-0.561081,1.30841,-1.23803,-1.71721,1.7691,-0.965712,0.91382,-0.490685,0.561064,-1.3084,1.23802,1.30459,-2.00684,1.09518,-0.392929])
16.814714420331306
Max g: 6.800894795055967e-5
f_7([0.391161,0.17454,0.506407,0.0381128,0.62619,0.335694,0.544603,0.969086,0.0290391,0.045616,0.0797685,-0.125025,1.18692,0.256953,0.208984,2.36291,0.153309,-0.161783,0.737964,-0.0081775,1.99304,-0.209128,1.89314,0.0792791,0.14224,0.450716,0.261224,0.145819,1.49068,-0.561078,1.30846,-1.23806,-1.7172,1.76915,-0.965623,0.913672,-0.49068,0.561081,-1.30847,1.23806,1.30449,-2.00673,1.09507,-0.392823])
16.817904538560317
Max g: 6.323020890874886e-6
{0.3911621956435803,0.1745390695487835,0.5064083441125075,0.038088759939697056,0.6261905207215289,0.33570528442032715,0.5445840776281785,0.9690544187627487,0.029033583268759943,0.04562046801969214,0.07974579905783213,-0.12503000586558607,1.186917036432333,0.25695438158763273,0.20898801997375321,2.362910090835852,0.15331043101491074,-0.16178115455153008,0.7379666561554212,-0.008163978357511743,1.9930330277449437,-0.20912043140603992,1.8931430414617094,0.07927697260910856,0.14224036421230615,0.4507157014002052,0.2612245041422075,0.1458191876930347,1.4906779409656241,-0.5610821369544496,1.3084735298201007,-1.2380695742035914,-1.7171879158908514,1.7691459695740177,-0.9656043542408547,0.9136454098365391,-0.49067861581685,0.5610828577377615,-1.3084746842624968,1.2380707939829407,1.3044757613017526,-2.006718655625648,1.095051636723743,-0.39280919195898817}]
Set[{A021,A031,A032,A041,A042,A043,A121,A131,A132,A141,A142,A143,B021,B031,B032,B041,B042,B043,B121,B131,B132,B141,B142,B143,\[Alpha]1,\[Alpha]2,\[Alpha]3,\[Alpha]4,\[Beta]11,\[Beta]12,\[Beta]13,\[Beta]14,\[Beta]21,\[Beta]22,\[Beta]23,\[Beta]24,\[Beta]31,\[Beta]32,\[Beta]33,\[Beta]34,\[Beta]41,\[Beta]42,\[Beta]43,\[Beta]44},{0.3911621956435803,0.1745390695487835,0.5064083441125075,0.038088759939697056,0.6261905207215289,0.33570528442032715,0.5445840776281785,0.9690544187627487,0.029033583268759943,0.04562046801969214,0.07974579905783213,-0.12503000586558607,1.186917036432333,0.25695438158763273,0.20898801997375321,2.362910090835852,0.15331043101491074,-0.16178115455153008,0.7379666561554212,-0.008163978357511743,1.9930330277449437,-0.20912043140603992,1.8931430414617094,0.07927697260910856,0.14224036421230615,0.4507157014002052,0.2612245041422075,0.1458191876930347,1.4906779409656241,-0.5610821369544496,1.3084735298201007,-1.2380695742035914,-1.7171879158908514,1.7691459695740177,-0.9656043542408547,0.9136454098365391,-0.49067861581685,0.5610828577377615,-1.3084746842624968,1.2380707939829407,1.3044757613017526,-2.006718655625648,1.095051636723743,-0.39280919195898817}]


-----------------Final Result------------------
Options: alg=LN_AUGLAG_EQ,dx=0.01,max_eval=100000000,popSize=0
imin=-6,jmin=-3,imax=1,jmax=3,
parameter_minmax=5,
randSeed=11233526,rand_minmax=1

740715 steps

Completed with maxf : 16.81860237692291

Constraints at 5.204216709729995e-6

x = [0.3911621956435803,0.1745390695487835,0.5064083441125075,0.038088759939697056,0.6261905207215289,0.33570528442032715,0.5445840776281785,0.9690544187627487,0.029033583268759943,0.04562046801969214,0.07974579905783213,-0.12503000586558607,1.186917036432333,0.25695438158763273,0.20898801997375321,2.362910090835852,0.15331043101491074,-0.16178115455153008,0.7379666561554212,-0.008163978357511743,1.9930330277449437,-0.20912043140603992,1.8931430414617094,0.07927697260910856,0.14224036421230615,0.4507157014002052,0.2612245041422075,0.1458191876930347,1.4906779409656241,-0.5610821369544496,1.3084735298201007,-1.2380695742035914,-1.7171879158908514,1.7691459695740177,-0.9656043542408547,0.9136454098365391,-0.49067861581685,0.5610828577377615,-1.3084746842624968,1.2380707939829407,1.3044757613017526,-2.006718655625648,1.095051636723743,-0.39280919195898817]
c0 = [0.0,0.3911621956435803,0.680947413661291,0.9999845650815531]
c1 = [0.0,0.5445840776281785,0.9980880020315086,0.0003362612119381936]
A0 = [0.0,0.3911621956435803,0.1745390695487835,0.038088759939697056,0.0,0.0,0.5064083441125075,0.6261905207215289,0.0,0.0,0.0,0.33570528442032715,0.0,0.0,0.0,0.0]
A1 = [0.0,0.5445840776281785,0.9690544187627487,0.04562046801969214,0.0,0.0,0.029033583268759943,0.07974579905783213,0.0,0.0,0.0,-0.12503000586558607,0.0,0.0,0.0,0.0]
B0 = [0.0,1.186917036432333,0.25695438158763273,2.362910090835852,0.0,0.0,0.20898801997375321,0.15331043101491074,0.0,0.0,0.0,-0.16178115455153008,0.0,0.0,0.0,0.0]
B1 = [0.0,0.7379666561554212,-0.008163978357511743,-0.20912043140603992,0.0,0.0,1.9930330277449437,1.8931430414617094,0.0,0.0,0.0,0.07927697260910856,0.0,0.0,0.0,0.0]
α  = [0.14224036421230615,0.4507157014002052,0.2612245041422075,0.1458191876930347]
β1 = [1.4906779409656241,-0.5610821369544496,1.3084735298201007,-1.2380695742035914]
β2 = [-1.7171879158908514,1.7691459695740177,-0.9656043542408547,0.9136454098365391]
β3 = [-0.49067861581685,0.5610828577377615,-1.3084746842624968,1.2380707939829407]
β4 = [1.3044757613017526,-2.006718655625648,1.095051636723743,-0.39280919195898817]


Set[{A021,A031,A032,A041,A042,A043,A121,A131,A132,A141,A142,A143,B021,B031,B032,B041,B042,B043,B121,B131,B132,B141,B142,B143,\[Alpha]1,\[Alpha]2,\[Alpha]3,\[Alpha]4,\[Beta]11,\[Beta]12,\[Beta]13,\[Beta]14,\[Beta]21,\[Beta]22,\[Beta]23,\[Beta]24,\[Beta]31,\[Beta]32,\[Beta]33,\[Beta]34,\[Beta]41,\[Beta]42,\[Beta]43,\[Beta]44},{0.3911621956435803,0.1745390695487835,0.5064083441125075,0.038088759939697056,0.6261905207215289,0.33570528442032715,0.5445840776281785,0.9690544187627487,0.029033583268759943,0.04562046801969214,0.07974579905783213,-0.12503000586558607,1.186917036432333,0.25695438158763273,0.20898801997375321,2.362910090835852,0.15331043101491074,-0.16178115455153008,0.7379666561554212,-0.008163978357511743,1.9930330277449437,-0.20912043140603992,1.8931430414617094,0.07927697260910856,0.14224036421230615,0.4507157014002052,0.2612245041422075,0.1458191876930347,1.4906779409656241,-0.5610821369544496,1.3084735298201007,-1.2380695742035914,-1.7171879158908514,1.7691459695740177,-0.9656043542408547,0.9136454098365391,-0.49067861581685,0.5610828577377615,-1.3084746842624968,1.2380707939829407,1.3044757613017526,-2.006718655625648,1.095051636723743,-0.39280919195898817}]



