
-----------------Setup------------------
Options: alg=LN_AUGLAG_EQ,dx=0.01,max_eval=100000000,popSize=0
imin=-6,jmin=-4,imax=1,jmax=4,
parameter_minmax=5,randSeed=65410068

f_1([0.00253475,-4.08988,4.09242,4.93871,-3.6635,-1.1926,0.180986,-0.712159,0.893213,-1.47816,1.56075,0.298772,0.811614,1.95666,-3.14795,-2.18827,0.428732,3.36694,3.38733,2.74819,-4.13086,-2.89527,-0.853916,0.737915,4.73132,-4.99546,4.80665,-4.31837,2.05476,-3.8211,4.76177,0.330738,3.24087,1.55016,-1.20487,-2.84952,4.99903,-3.73769,-4.46821,-4.49785,-3.46881,4.61016,3.60659,-3.73941])
1.8827535480791664
Max g: 80.12094873031822
f_2([0.00253475,-4.08988,4.09242,4.93871,-3.6635,-1.1926,0.180986,-0.712159,0.893213,-1.47816,1.56075,0.298772,0.811614,1.95666,-3.14795,-2.18827,0.428732,3.36694,3.38733,2.74819,-4.13086,-2.89527,-0.853916,0.737915,4.73132,-4.99546,4.80665,-4.31837,2.05476,-3.8211,4.76177,0.330738,3.24087,1.55016,-1.20487,-2.84952,4.99903,-3.73769,-4.46821,-4.49785,-3.46881,4.61016,3.60659,-3.73941])
1.8827535480791664
Max g: 80.12094761255834
f_3([0.00253475,-4.08988,4.09242,4.93871,-3.6635,-1.1926,0.180986,-0.712159,0.893213,-1.47816,1.56075,0.298772,0.811614,1.95666,-3.14795,-2.18827,0.428732,3.36694,3.38733,2.74819,-4.13086,-2.89527,-0.853916,0.737915,4.73132,-4.99546,4.80665,-4.31837,2.05476,-3.8211,4.76177,0.330738,3.24087,1.55016,-1.20487,-2.84952,4.99903,-3.73769,-4.46821,-4.49785,-3.46881,4.61016,3.60659,-3.73941])
1.8827535480791664
Max g: 80.12094692208315
f_4([0.00253475,-4.08988,4.09242,4.93871,-3.6635,-1.1926,0.180986,-0.712159,0.893213,-1.47816,1.56075,0.298772,0.811614,1.95666,-3.14795,-2.18827,0.428732,3.36694,3.38733,2.74819,-4.13086,-2.89527,-0.853916,0.737915,4.73132,-4.99546,4.80665,-4.31837,2.05476,-3.8211,4.76177,0.330738,3.24087,1.55016,-1.20487,-2.84952,4.99903,-3.73769,-4.46821,-4.49785,-3.46881,4.61016,3.60659,-3.73941])
1.8827535480791664
Max g: 80.12094585773544
f_5([0.00253475,-4.08988,4.09242,4.93871,-3.6635,-1.1926,0.180986,-0.712159,0.893213,-1.47816,1.56075,0.298772,0.811614,1.95666,-3.14795,-2.18827,0.428732,3.36694,3.38733,2.74819,-4.13086,-2.89527,-0.853916,0.737915,4.73132,-4.99546,4.80665,-4.31837,2.05476,-3.8211,4.76177,0.330738,3.24087,1.55016,-1.20487,-2.84952,4.99903,-3.73769,-4.46821,-4.49785,-3.46881,4.61016,3.60659,-3.73941])
1.8827535480791664
Max g: 80.12094467107241
f_6([8.72325e-5,-4.09552,4.09561,4.93312,-3.47664,-1.45473,0.0285606,-0.414333,0.493342,-2.25293,2.34153,0.26536,0.01723,2.38552,-1.44914,-0.870515,-2.01922,3.15851,1.87994,1.56117,-0.126912,-0.238297,-0.10994,-0.877555,4.60966,-4.95347,4.86582,-4.15163,0.248265,-2.83334,2.75687,0.778758,1.35217,1.72192,-1.47101,-2.31714,4.99902,-1.22363,-3.61684,-3.61391,-3.99329,4.4844,3.8457,-2.78991])
5.508235960399002
Max g: 17.56765351497458
f_7([0.000307215,-3.50932,4.34013,4.81024,-3.95347,-0.0145952,0.128881,-0.0924734,0.221355,-2.55677,1.89917,1.01707,0.0710257,1.95945,-1.25636,0.102394,-2.28648,2.6733,1.02499,-0.485466,0.142866,3.47138,-0.72748,-1.69127,4.7432,-4.33171,4.99202,-4.32638,-2.01359,-1.99391,2.3542,2.57866,1.19537,1.73759,-1.69623,-1.2976,3.57548,1.65939,-2.99008,-2.30021,-5.0,4.41027,3.61392,-2.9361])
4.868251347726896
Max g: 0.44703063391396025
f_8([8.13152e-19,-3.33524,4.33523,4.80968,-3.947,0.137315,0.139812,-0.0801272,0.219939,-2.43462,2.66436,0.139132,-0.00276605,2.16332,-1.15689,0.271357,-2.07111,2.69025,1.03018,-0.498049,0.140797,3.45509,-0.732893,-1.704,4.74806,-4.23417,4.99807,-4.51095,-1.91738,-1.9114,2.16438,2.66598,1.21019,1.39947,-1.52523,-1.0794,3.46251,1.61187,-2.6822,-2.39379,-4.99898,4.40746,3.68733,-3.09604])
2.0134033599227785
Max g: 0.18137298552026504
f_9([2.34681e-5,-3.33506,4.33508,4.80972,-3.94723,0.137514,0.14009,-0.078753,0.21888,-2.41286,2.82283,-0.0363783,-0.00429469,2.2371,-1.12344,0.330748,-2.00878,2.69971,1.0101,-0.503888,0.142273,3.44667,-0.753284,-1.70942,4.74736,-4.24864,4.99813,-4.49617,-1.95971,-1.88644,2.13366,2.71431,1.18278,1.13248,-1.49973,-0.815538,3.51177,1.55817,-2.64616,-2.42481,-4.99999,4.40473,3.73319,-3.12167])
1.985877140022903
Max g: 0.1697681867337616
f_10([0.00199899,-3.33488,4.33475,4.80978,-3.94575,0.135903,0.140322,-0.0786237,0.218956,-2.41162,2.82902,-0.0401875,-0.00370383,2.2426,-1.12549,0.334588,-2.00759,2.6995,0.998018,-0.507051,0.142573,3.43887,-0.765476,-1.70883,4.74824,-4.25776,4.99788,-4.48796,-2.00561,-1.85543,2.13755,2.7248,1.17453,0.911815,-1.49839,-0.588097,3.52607,1.52643,-2.61357,-2.4389,-5.0,4.40289,3.74511,-3.12804])
2.044819154373723
{0.0019989850038872395,-3.3348792755847096,4.334747680592794,4.809778884627349,-3.9457531852524403,0.13590338155017484,0.14032220319802866,-0.07862373399430699,0.21895557040122923,-2.4116172541790615,2.8290211447413682,-0.040187480349210124,-0.003703825963361507,2.2425951843622545,-1.1254921319551834,0.33458812282394723,-2.0075875688176654,2.6995021434796036,0.9980175796434809,-0.5070506718450898,0.1425725329842558,3.4388658013295723,-0.765476142674089,-1.7088269071258995,4.74824256782501,-4.257758744646951,4.997882965096208,-4.487964790064293,-2.0056079987535096,-1.855427558218003,2.1375494032125912,2.724802055123128,1.1745259254187868,0.911814626558134,-1.4983893544399507,-0.5880965728944275,3.526074522641286,1.5264335328662797,-2.613565497503321,-2.438904886937674,-4.999999971975593,4.402894401534948,3.745105776699854,-3.1280416981536163}]
Set[{A021,A031,A032,A041,A042,A043,A121,A131,A132,A141,A142,A143,B021,B031,B032,B041,B042,B043,B121,B131,B132,B141,B142,B143,\[Alpha]1,\[Alpha]2,\[Alpha]3,\[Alpha]4,\[Beta]11,\[Beta]12,\[Beta]13,\[Beta]14,\[Beta]21,\[Beta]22,\[Beta]23,\[Beta]24,\[Beta]31,\[Beta]32,\[Beta]33,\[Beta]34,\[Beta]41,\[Beta]42,\[Beta]43,\[Beta]44},{0.0019989850038872395,-3.3348792755847096,4.334747680592794,4.809778884627349,-3.9457531852524403,0.13590338155017484,0.14032220319802866,-0.07862373399430699,0.21895557040122923,-2.4116172541790615,2.8290211447413682,-0.040187480349210124,-0.003703825963361507,2.2425951843622545,-1.1254921319551834,0.33458812282394723,-2.0075875688176654,2.6995021434796036,0.9980175796434809,-0.5070506718450898,0.1425725329842558,3.4388658013295723,-0.765476142674089,-1.7088269071258995,4.74824256782501,-4.257758744646951,4.997882965096208,-4.487964790064293,-2.0056079987535096,-1.855427558218003,2.1375494032125912,2.724802055123128,1.1745259254187868,0.911814626558134,-1.4983893544399507,-0.5880965728944275,3.526074522641286,1.5264335328662797,-2.613565497503321,-2.438904886937674,-4.999999971975593,4.402894401534948,3.745105776699854,-3.1280416981536163}]

Max g: 0.16199644979111627
f_11([0.00402305,-3.3348,4.33479,4.81016,-3.94546,0.135288,0.141054,-0.0781162,0.21917,-2.41038,2.83498,-0.0431233,-0.00297538,2.24263,-1.12362,0.336545,-2.00627,2.69975,0.989937,-0.509339,0.142587,3.43432,-0.774251,-1.70759,4.74821,-4.266,4.99796,-4.47933,-2.03066,-1.82007,2.13898,2.71265,1.16878,0.73341,-1.49955,-0.402635,3.52307,1.5056,-2.58378,-2.44404,-5.0,4.40098,3.74741,-3.1268])
2.110144060295529
Max g: 0.1517428509952028
f_12([0.00603071,-3.3345,4.33449,4.81021,-3.94443,0.134222,0.142097,-0.0784406,0.22054,-2.41033,2.83974,-0.0439775,-0.00245088,2.24719,-1.1245,0.338904,-2.00347,2.70003,0.985677,-0.510486,0.142179,3.43292,-0.779525,-1.7073,4.74807,-4.27431,4.99787,-4.47091,-2.03942,-1.78574,2.13629,2.6896,1.16368,0.596959,-1.50114,-0.259679,3.50978,1.49203,-2.55792,-2.44321,-4.99999,4.39911,3.74675,-3.1246])
2.1964128291846317
Max g: 0.14391328071877088
f_13([0.00934876,-3.33468,4.33468,4.81033,-3.94377,0.133433,0.143414,-0.0791191,0.222534,-2.40964,2.8477,-0.0484641,-0.00104835,2.25034,-1.12358,0.341635,-2.00041,2.70076,0.983558,-0.511222,0.141731,3.43163,-0.782338,-1.70632,4.74792,-4.28808,4.99783,-4.45686,-2.03584,-1.75336,2.12829,2.66099,1.15911,0.489792,-1.50224,-0.14692,3.49151,1.48263,-2.53437,-2.43878,-5.0,4.39749,3.74569,-3.12233])
2.3898942299301336
Max g: 0.1380849987798385
f_14([0.014089,-3.33457,4.33414,4.81035,-3.94374,0.133007,0.144503,-0.0782208,0.222724,-2.41315,2.81293,-0.00892562,0.00157253,2.23666,-1.13481,0.327314,-2.01228,2.69981,0.983928,-0.510915,0.141163,3.43162,-0.782506,-1.7041,4.74729,-4.309,4.99779,-4.43568,-2.03033,-1.72733,2.13307,2.62402,1.1628,0.430016,-1.5076,-0.0861041,3.46521,1.48287,-2.51703,-2.43045,-5.0,4.3975,3.73739,-3.11502])
3.6509142459229813
Max g: 0.1332956653043197
f_15([0.0141199,-3.33476,4.33417,4.81023,-3.94366,0.133249,0.14652,-0.0785906,0.22512,-2.41305,2.81372,-0.00390093,0.0016429,2.23419,-1.13479,0.326133,-2.01445,2.70013,0.984869,-0.511062,0.140169,3.43255,-0.782964,-1.70226,4.7468,-4.30974,4.99772,-4.43494,-2.00751,-1.68557,2.12032,2.57202,1.16555,0.351434,-1.51166,-0.00545634,3.42745,1.47965,-2.49013,-2.41604,-4.99999,4.39633,3.73022,-3.10834])
3.6467254733295222
Max g: 0.12803637025747724
f_16([0.0139997,-3.33551,4.33494,4.81046,-3.94316,0.132556,0.148659,-0.0777006,0.22636,-2.41161,2.81811,-0.00365164,0.00143737,2.23628,-1.13565,0.328126,-2.01569,2.70088,0.986645,-0.511165,0.139301,3.43423,-0.782712,-1.7009,4.74694,-4.30979,4.99779,-4.43531,-1.97685,-1.64333,2.10124,2.51789,1.16603,0.286385,-1.5131,0.0605348,3.38864,1.47545,-2.46275,-2.39965,-5.0,4.39521,3.72595,-3.10344])
3.640741512481723
Max g: 0.12425430284018088
f_17([0.0142217,-3.33549,4.33511,4.81053,-3.94324,0.132643,0.15096,-0.0776996,0.228659,-2.4117,2.82398,-0.00292443,0.00139094,2.23805,-1.13577,0.329023,-2.01478,2.70116,0.988944,-0.511195,0.138366,3.43655,-0.78225,-1.69967,4.74679,-4.31015,4.9979,-4.43504,-1.94215,-1.60213,2.0801,2.46306,1.16645,0.231385,-1.51346,0.115725,3.34673,1.47113,-2.435,-2.38129,-5.0,4.39351,3.72169,-3.09801])
3.632663165337194
Max g: 0.12138725161249958
f_18([0.0140972,-3.33508,4.33482,4.81046,-3.94291,0.132432,0.153357,-0.0772581,0.230604,-2.41074,2.8288,-0.00209709,0.000858219,2.24081,-1.13504,0.333398,-2.0139,2.69996,0.991879,-0.511118,0.137416,3.43882,-0.781082,-1.69833,4.7466,-4.30861,4.99802,-4.43613,-1.9057,-1.56156,2.05837,2.40775,1.16742,0.187091,-1.51416,0.159426,3.30261,1.46653,-2.40684,-2.36113,-5.0,4.39254,3.71827,-3.09391])
3.628474392743735
Max g: 0.119353257509208
f_19([0.0142,-3.33499,4.33478,4.81072,-3.94297,0.132153,0.155832,-0.0776389,0.233473,-2.40987,2.83463,-0.00216515,0.000990585,2.23965,-1.13482,0.33244,-2.01381,2.69973,0.995032,-0.510886,0.136433,3.44037,-0.779478,-1.69627,4.74671,-4.30818,4.99791,-4.43602,-1.86889,-1.52224,2.03617,2.35344,1.17,0.148759,-1.51475,0.196117,3.2585,1.46115,-2.37904,-2.33948,-4.99999,4.39131,3.71514,-3.08972])
3.6187005900256635
Max g: 0.11737659075093518
f_20([0.0140142,-3.33528,4.3351,4.8109,-3.94308,0.132151,0.158105,-0.0770336,0.235138,-2.40906,2.83995,-0.00200305,0.000921204,2.23913,-1.1344,0.331256,-2.01285,2.69976,0.997884,-0.510945,0.135576,3.44047,-0.777954,-1.693,4.7468,-4.3077,4.99795,-4.43687,-1.83347,-1.48749,2.01527,2.30453,1.17166,0.119482,-1.5151,0.223809,3.21755,1.45507,-2.3529,-2.3184,-5.0,4.39048,3.71186,-3.0854])
3.614511817432204
{0.014014195145989458,-3.335283922152996,4.335098122106155,4.810899090179894,-3.94307658870784,0.13215055178408577,0.15810479817600542,-0.07703355629219458,0.2351383544681999,-2.409057544560757,2.839949873762305,-0.002003054768489293,0.000921204475051669,2.239126267654973,-1.1344047611515986,0.3312555288447508,-2.0128475484223207,2.699755605457466,0.9978840312011242,-0.5109445180227501,0.135575503530936,3.440466260952141,-0.7779540200344367,-1.6930040402381985,4.746797629891641,-4.307701056379793,4.9979511218755865,-4.436867657245864,-1.8334650734358542,-1.487492969471478,2.0152715630756624,2.3045305081190066,1.1716563335729593,0.11948246554949814,-1.515095239183086,0.22380864247527188,3.2175520652641527,1.4550695250775243,-2.352895907969029,-2.318403858521128,-4.999999999999992,4.390481666570395,3.711859781634483,-3.085400003510155}]
Set[{A021,A031,A032,A041,A042,A043,A121,A131,A132,A141,A142,A143,B021,B031,B032,B041,B042,B043,B121,B131,B132,B141,B142,B143,\[Alpha]1,\[Alpha]2,\[Alpha]3,\[Alpha]4,\[Beta]11,\[Beta]12,\[Beta]13,\[Beta]14,\[Beta]21,\[Beta]22,\[Beta]23,\[Beta]24,\[Beta]31,\[Beta]32,\[Beta]33,\[Beta]34,\[Beta]41,\[Beta]42,\[Beta]43,\[Beta]44},{0.014014195145989458,-3.335283922152996,4.335098122106155,4.810899090179894,-3.94307658870784,0.13215055178408577,0.15810479817600542,-0.07703355629219458,0.2351383544681999,-2.409057544560757,2.839949873762305,-0.002003054768489293,0.000921204475051669,2.239126267654973,-1.1344047611515986,0.3312555288447508,-2.0128475484223207,2.699755605457466,0.9978840312011242,-0.5109445180227501,0.135575503530936,3.440466260952141,-0.7779540200344367,-1.6930040402381985,4.746797629891641,-4.307701056379793,4.9979511218755865,-4.436867657245864,-1.8334650734358542,-1.487492969471478,2.0152715630756624,2.3045305081190066,1.1716563335729593,0.11948246554949814,-1.515095239183086,0.22380864247527188,3.2175520652641527,1.4550695250775243,-2.352895907969029,-2.318403858521128,-4.999999999999992,4.390481666570395,3.711859781634483,-3.085400003510155}]

Max g: 0.11586563687149103
f_21([0.0140399,-3.33512,4.33511,4.81089,-3.94308,0.132173,0.159763,-0.0769144,0.236678,-2.40847,2.84354,-0.00150704,0.000792148,2.23912,-1.13419,0.331136,-2.01268,2.6999,0.999989,-0.511001,0.134988,3.44141,-0.777039,-1.69124,4.74691,-4.30752,4.99793,-4.4374,-1.80829,-1.46267,2.0003,2.26961,1.173,0.101198,-1.51509,0.24074,3.18749,1.45011,-2.33401,-2.30236,-5.0,4.38974,3.70887,-3.08183])
3.6103230448387444
Max g: 0.11495845093724935
f_22([0.01405,-3.33511,4.33511,4.81089,-3.9431,0.132202,0.160025,-0.0768914,0.236917,-2.40839,2.84416,-0.0014641,0.000796607,2.23919,-1.1342,0.331201,-2.01264,2.69988,1.00031,-0.511048,0.134909,3.44159,-0.776952,-1.69095,4.74689,-4.30756,4.99793,-4.43734,-1.80441,-1.45885,1.99795,2.2642,1.17327,0.0984392,-1.51514,0.243237,3.18286,1.4493,-2.33107,-2.29982,-5.0,4.38962,3.70839,-3.08124])
3.6101235794771513
Max g: 0.11474146233028479
f_23([0.0141279,-3.34077,4.34029,4.80908,-3.94242,0.133275,0.161738,-0.07572,0.237456,-2.40982,2.85322,-0.00486026,0.00180831,2.233,-1.1342,0.329423,-2.01918,2.70093,1.00196,-0.511483,0.134484,3.44131,-0.776566,-1.68752,4.74679,-4.3101,4.99821,-4.43486,-1.78148,-1.43115,1.98506,2.22654,1.17128,0.0875174,-1.51223,0.253124,3.14852,1.44181,-2.30864,-2.28048,-5.0,4.39055,3.70345,-3.07734])
3.5992527172703164
Max g: 0.11465685090409627
f_24([0.0143157,-3.34041,4.34007,4.80909,-3.94291,0.133803,0.163766,-0.0753356,0.239102,-2.40921,2.85751,-0.00391768,0.0017342,2.2337,-1.13494,0.330292,-2.01934,2.70011,1.00465,-0.511767,0.133914,3.44349,-0.775815,-1.6856,4.74678,-4.31009,4.99825,-4.43494,-1.75006,-1.40359,1.96637,2.18617,1.1741,0.0781669,-1.5125,0.260152,3.11136,1.43478,-2.28587,-2.25909,-5.0,4.38998,3.69912,-3.07243])
3.590476241360211
Max g: 0.11385917592135691
f_25([0.0141886,-3.34041,4.34004,4.80907,-3.94293,0.133859,0.165156,-0.0750886,0.240244,-2.40862,2.86058,-0.00353626,0.00160713,2.23435,-1.13477,0.330564,-2.01852,2.70005,1.00635,-0.51205,0.133543,3.4448,-0.775442,-1.68408,4.74675,-4.30971,4.99823,-4.43528,-1.72863,-1.38547,1.95361,2.15944,1.17472,0.0719923,-1.51162,0.264879,3.08637,1.42968,-2.27053,-2.24427,-5.0,4.38962,3.69595,-3.06873])
3.5891797165098547
Max g: 0.113481094861835
f_26([0.0141971,-3.34035,4.34003,4.80908,-3.94293,0.133849,0.16571,-0.0750325,0.240743,-2.40839,2.86182,-0.00341395,0.0015721,2.2344,-1.13463,0.330636,-2.01836,2.70003,1.00702,-0.512176,0.133401,3.44532,-0.775297,-1.68346,4.74674,-4.30958,4.99823,-4.43543,-1.72016,-1.37839,1.9485,2.14899,1.17484,0.0696314,-1.5112,0.266691,3.07647,1.42755,-2.26444,-2.23834,-5.0,4.38947,3.6946,-3.0672])
3.587185062893922
Max g: 0.11337029242542329
f_27([0.0142137,-3.34034,4.34003,4.80908,-3.94292,0.133845,0.165931,-0.0750002,0.240932,-2.4083,2.86232,-0.0033661,0.00156568,2.23446,-1.13462,0.330699,-2.01834,2.70004,1.00728,-0.512233,0.133348,3.44551,-0.775258,-1.6832,4.74675,-4.30955,4.99823,-4.43544,-1.71678,-1.37557,1.94644,2.14484,1.17493,0.0687068,-1.51102,0.267396,3.07253,1.42669,-2.26201,-2.23597,-5.0,4.3894,3.69405,-3.06656])
3.5866863994899383
Max g: 0.11331311814568337
f_28([0.0142157,-3.34034,4.34003,4.80908,-3.94292,0.133844,0.165948,-0.0749983,0.240947,-2.40829,2.86236,-0.00336385,0.00156517,2.23446,-1.13462,0.330702,-2.01834,2.70004,1.0073,-0.512239,0.133345,3.44552,-0.775253,-1.68318,4.74675,-4.30954,4.99823,-4.43544,-1.71651,-1.37535,1.94628,2.14451,1.17493,0.068631,-1.51101,0.267451,3.07222,1.42662,-2.26182,-2.23578,-5.0,4.3894,3.69401,-3.06651])
3.5865866668091417
Max g: 0.1133049711348443
f_29([0.0142154,-3.34034,4.34003,4.80908,-3.94292,0.133843,0.165949,-0.0749984,0.240947,-2.40829,2.86236,-0.00336371,0.00156454,2.23446,-1.13462,0.330702,-2.01834,2.70004,1.0073,-0.512239,0.133345,3.44552,-0.775253,-1.68318,4.74675,-4.30954,4.99823,-4.43545,-1.7165,-1.37534,1.94627,2.14449,1.17493,0.0686262,-1.511,0.267454,3.0722,1.42662,-2.26181,-2.23577,-5.0,4.3894,3.69401,-3.06651])
3.586486934128345
Max g: 0.11330548375669006
f_30([0.0142155,-3.34034,4.34003,4.80908,-3.94292,0.133844,0.165949,-0.0749985,0.240948,-2.40829,2.86236,-0.00336261,0.00156472,2.23446,-1.13462,0.330702,-2.01834,2.70004,1.0073,-0.512239,0.133344,3.44552,-0.775253,-1.68318,4.74675,-4.30954,4.99823,-4.43545,-1.71649,-1.37533,1.94626,2.14447,1.17493,0.0686217,-1.511,0.267457,3.07218,1.42662,-2.2618,-2.23576,-5.0,4.3894,3.694,-3.06651])
3.5865866668091417
{0.014215528994291715,-3.3403386605614136,4.340031781695752,4.809078300781348,-3.942923470478618,0.1338437601674639,0.16594934631414215,-0.07499845116878039,0.24094779757788878,-2.40828905657874,2.862363280680427,-0.0033626071153213533,0.0015647226778076708,2.2344637468387103,-1.134621558641953,0.3307022390255385,-2.018338654213163,2.7000383171332856,1.0073020078531365,-0.5122390380695134,0.13334442767035742,3.4455242084266127,-0.7752532575393531,-1.6831767662318025,4.7467457735593985,-4.30954290176752,4.99822930862608,-4.435445599106212,-1.7164855506114005,-1.3753260320733436,1.946262223742029,2.1444745984346207,1.1749260175437386,0.06862169359139224,-1.5110044367881872,0.26745735607616233,3.07218193259928,1.426617250812957,-2.2617998098315355,-2.235760369621718,-4.99999999990893,4.389399389639379,3.6940043642266907,-3.066509084523588}]
Set[{A021,A031,A032,A041,A042,A043,A121,A131,A132,A141,A142,A143,B021,B031,B032,B041,B042,B043,B121,B131,B132,B141,B142,B143,\[Alpha]1,\[Alpha]2,\[Alpha]3,\[Alpha]4,\[Beta]11,\[Beta]12,\[Beta]13,\[Beta]14,\[Beta]21,\[Beta]22,\[Beta]23,\[Beta]24,\[Beta]31,\[Beta]32,\[Beta]33,\[Beta]34,\[Beta]41,\[Beta]42,\[Beta]43,\[Beta]44},{0.014215528994291715,-3.3403386605614136,4.340031781695752,4.809078300781348,-3.942923470478618,0.1338437601674639,0.16594934631414215,-0.07499845116878039,0.24094779757788878,-2.40828905657874,2.862363280680427,-0.0033626071153213533,0.0015647226778076708,2.2344637468387103,-1.134621558641953,0.3307022390255385,-2.018338654213163,2.7000383171332856,1.0073020078531365,-0.5122390380695134,0.13334442767035742,3.4455242084266127,-0.7752532575393531,-1.6831767662318025,4.7467457735593985,-4.30954290176752,4.99822930862608,-4.435445599106212,-1.7164855506114005,-1.3753260320733436,1.946262223742029,2.1444745984346207,1.1749260175437386,0.06862169359139224,-1.5110044367881872,0.26745735607616233,3.07218193259928,1.426617250812957,-2.2617998098315355,-2.235760369621718,-4.99999999990893,4.389399389639379,3.6940043642266907,-3.066509084523588}]

Max g: 0.11330440001797418
f_31([0.0142156,-3.34034,4.34003,4.80908,-3.94292,0.133844,0.165951,-0.0749982,0.240949,-2.40829,2.86236,-0.00336228,0.00156459,2.23446,-1.13462,0.330701,-2.01834,2.70004,1.0073,-0.512239,0.133344,3.44552,-0.775253,-1.68318,4.74675,-4.30954,4.99823,-4.43545,-1.71647,-1.37531,1.94625,2.14446,1.17493,0.068618,-1.511,0.26746,3.07216,1.42661,-2.26179,-2.23575,-5.0,4.3894,3.694,-3.06651])
3.586486934128345
Max g: 0.11330390374270746
f_32([0.0142159,-3.34034,4.34003,4.80908,-3.94292,0.133844,0.165951,-0.0749977,0.240949,-2.40829,2.86237,-0.00336064,0.00156344,2.23446,-1.13462,0.330701,-2.01834,2.70004,1.0073,-0.51224,0.133343,3.44553,-0.775253,-1.68317,4.74675,-4.30954,4.99823,-4.43545,-1.71646,-1.3753,1.94624,2.14444,1.17493,0.0686144,-1.511,0.267463,3.07215,1.42661,-2.26178,-2.23574,-5.0,4.3894,3.694,-3.0665])
3.5865866668091417
Max g: 0.113303176231564
f_33([0.0142164,-3.34034,4.34003,4.80908,-3.94292,0.133845,0.165952,-0.074998,0.24095,-2.40829,2.86237,-0.00336091,0.0015639,2.23446,-1.13462,0.330701,-2.01834,2.70004,1.00731,-0.51224,0.133344,3.44553,-0.775253,-1.68317,4.74675,-4.30954,4.99823,-4.43545,-1.71644,-1.37529,1.94624,2.14442,1.17493,0.0686121,-1.511,0.267465,3.07213,1.42661,-2.26177,-2.23573,-5.0,4.3894,3.694,-3.0665])
3.5865866668091417
Max g: 0.11330445124924515
f_34([0.0142163,-3.34034,4.34003,4.80908,-3.94292,0.133845,0.165952,-0.0749981,0.24095,-2.40829,2.86237,-0.00336114,0.00156428,2.23446,-1.13462,0.330701,-2.01834,2.70004,1.00731,-0.51224,0.133343,3.44553,-0.775252,-1.68317,4.74675,-4.30954,4.99823,-4.43545,-1.71643,-1.37528,1.94623,2.14441,1.17493,0.0686081,-1.511,0.267468,3.07211,1.4266,-2.26176,-2.23572,-5.0,4.3894,3.694,-3.0665])
3.5865866668091417
Max g: 0.11330481922150201
f_35([0.0142164,-3.34034,4.34003,4.80908,-3.94292,0.133845,0.165954,-0.0749976,0.240951,-2.40829,2.86237,-0.00335975,0.00156394,2.23446,-1.13462,0.330701,-2.01834,2.70004,1.00731,-0.51224,0.133343,3.44553,-0.775251,-1.68317,4.74675,-4.30954,4.99823,-4.43545,-1.71641,-1.37527,1.94622,2.14439,1.17492,0.0686041,-1.511,0.267471,3.0721,1.4266,-2.26175,-2.23571,-5.0,4.3894,3.69399,-3.0665])
3.5866863994899383
Max g: 0.11330389467530114
f_36([0.0142163,-3.34034,4.34003,4.80908,-3.94292,0.133844,0.165954,-0.0749971,0.240951,-2.40829,2.86237,-0.0033599,0.0015646,2.23446,-1.13462,0.330701,-2.01834,2.70004,1.00731,-0.512241,0.133343,3.44553,-0.775251,-1.68317,4.74675,-4.30954,4.99823,-4.43545,-1.7164,-1.37526,1.94621,2.14437,1.17492,0.0686001,-1.511,0.267474,3.07208,1.4266,-2.26174,-2.2357,-5.0,4.3894,3.69399,-3.06649])
3.5866863994899383
Max g: 0.11330296373818158
f_37([0.0142164,-3.34034,4.34003,4.80908,-3.94292,0.133844,0.165955,-0.074997,0.240952,-2.40829,2.86238,-0.00335917,0.00156489,2.23446,-1.13462,0.3307,-2.01834,2.70004,1.00731,-0.512241,0.133343,3.44553,-0.775251,-1.68317,4.74675,-4.30954,4.99823,-4.43545,-1.71639,-1.37525,1.9462,2.14436,1.17492,0.0685965,-1.511,0.267477,3.07206,1.42659,-2.26173,-2.23569,-5.0,4.3894,3.69399,-3.06649])
3.5865866668091417
Max g: 0.11330317181841937
f_38([0.0142164,-3.34034,4.34003,4.80908,-3.94292,0.133842,0.165956,-0.0749972,0.240953,-2.40829,2.86238,-0.00335876,0.0015638,2.23446,-1.13462,0.330701,-2.01834,2.70004,1.00731,-0.512241,0.133342,3.44553,-0.77525,-1.68317,4.74675,-4.30954,4.99823,-4.43545,-1.71637,-1.37524,1.9462,2.14434,1.17492,0.0685941,-1.511,0.26748,3.07205,1.42659,-2.26172,-2.23568,-5.0,4.3894,3.69399,-3.06649])
3.586486934128345
Max g: 0.11330414844338285
f_39([0.0142162,-3.34034,4.34003,4.80908,-3.94292,0.133843,0.165958,-0.0749971,0.240955,-2.40829,2.86238,-0.00335888,0.00156383,2.23446,-1.13462,0.330701,-2.01834,2.70004,1.00731,-0.512241,0.133342,3.44553,-0.77525,-1.68317,4.74675,-4.30954,4.99823,-4.43545,-1.71636,-1.37523,1.94619,2.14433,1.17492,0.0685895,-1.511,0.267482,3.07203,1.42659,-2.26171,-2.23567,-5.0,4.3894,3.69398,-3.06649])
3.586486934128345
Max g: 0.11330357767355337
f_40([0.0142163,-3.34034,4.34003,4.80908,-3.94292,0.133842,0.165958,-0.0749972,0.240955,-2.40829,2.86238,-0.00335882,0.00156369,2.23446,-1.13462,0.330701,-2.01834,2.70004,1.00731,-0.512241,0.133342,3.44553,-0.775249,-1.68317,4.74675,-4.30954,4.99823,-4.43545,-1.71635,-1.37521,1.94618,2.14431,1.17492,0.0685874,-1.511,0.267485,3.07202,1.42658,-2.2617,-2.23567,-5.0,4.3894,3.69398,-3.06648])
3.5865866668091417
{0.01421625568462206,-3.34033885468396,4.340032291813692,4.809078368485102,-3.9429242794493495,0.1338419625998364,0.16595815626639168,-0.07499717634270683,0.2409553326090989,-2.408286875566165,2.86238210415358,-0.0033588167567280836,0.0015636900862300367,2.234461844395029,-1.1346187809583685,0.33070121974098654,-2.0183365093310974,2.7000378630334456,1.0073132175686228,-0.5122405669198532,0.13334195753626849,3.445531149130524,-0.7752493806923708,-1.6831673563727167,4.746745410202627,-4.309542904022592,4.99822938019936,-4.435449744445677,-1.7163474259587317,-1.375214591203261,1.9461813781065134,2.144308668246459,1.174923034505012,0.06858737577283129,-1.5109950508064447,0.26748468553505267,3.0720218361086973,1.4265822389097278,-2.2617021038432825,-2.235665480017221,-5.0,4.389396902541618,3.693982677161909,-3.0664845740309965}]
Set[{A021,A031,A032,A041,A042,A043,A121,A131,A132,A141,A142,A143,B021,B031,B032,B041,B042,B043,B121,B131,B132,B141,B142,B143,\[Alpha]1,\[Alpha]2,\[Alpha]3,\[Alpha]4,\[Beta]11,\[Beta]12,\[Beta]13,\[Beta]14,\[Beta]21,\[Beta]22,\[Beta]23,\[Beta]24,\[Beta]31,\[Beta]32,\[Beta]33,\[Beta]34,\[Beta]41,\[Beta]42,\[Beta]43,\[Beta]44},{0.01421625568462206,-3.34033885468396,4.340032291813692,4.809078368485102,-3.9429242794493495,0.1338419625998364,0.16595815626639168,-0.07499717634270683,0.2409553326090989,-2.408286875566165,2.86238210415358,-0.0033588167567280836,0.0015636900862300367,2.234461844395029,-1.1346187809583685,0.33070121974098654,-2.0183365093310974,2.7000378630334456,1.0073132175686228,-0.5122405669198532,0.13334195753626849,3.445531149130524,-0.7752493806923708,-1.6831673563727167,4.746745410202627,-4.309542904022592,4.99822938019936,-4.435449744445677,-1.7163474259587317,-1.375214591203261,1.9461813781065134,2.144308668246459,1.174923034505012,0.06858737577283129,-1.5109950508064447,0.26748468553505267,3.0720218361086973,1.4265822389097278,-2.2617021038432825,-2.235665480017221,-5.0,4.389396902541618,3.693982677161909,-3.0664845740309965}]

Max g: 0.11330520674898381
f_41([0.0142163,-3.34034,4.34003,4.80908,-3.94292,0.133843,0.165959,-0.0749972,0.240956,-2.40829,2.86238,-0.00335913,0.001564,2.23446,-1.13462,0.330701,-2.01834,2.70004,1.00731,-0.512241,0.133342,3.44553,-0.775249,-1.68316,4.74675,-4.30954,4.99823,-4.43545,-1.71633,-1.3752,1.94617,2.14429,1.17492,0.0685858,-1.51099,0.267487,3.07201,1.42658,-2.26169,-2.23566,-5.0,4.3894,3.69398,-3.06648])
3.5866863994899383
Max g: 0.11330779803115501
f_42([0.0142163,-3.34034,4.34003,4.80908,-3.94292,0.133843,0.165961,-0.074997,0.240957,-2.40829,2.86239,-0.00335887,0.00156441,2.23446,-1.13462,0.330702,-2.01834,2.70004,1.00731,-0.512241,0.13334,3.44553,-0.775249,-1.68316,4.74675,-4.30954,4.99823,-4.43545,-1.71632,-1.37519,1.94617,2.14428,1.17492,0.0685836,-1.51099,0.26749,3.07199,1.42658,-2.26168,-2.23565,-5.0,4.3894,3.69398,-3.06648])
3.5866863994899383
Max g: 0.11330717471937812
f_43([0.0142162,-3.34034,4.34003,4.80908,-3.94292,0.133843,0.165962,-0.0749967,0.240958,-2.40829,2.86239,-0.00335801,0.00156466,2.23446,-1.13462,0.330701,-2.01834,2.70004,1.00732,-0.512241,0.133341,3.44553,-0.775248,-1.68316,4.74675,-4.30954,4.99823,-4.43545,-1.71631,-1.37518,1.94616,2.14426,1.17492,0.06858,-1.51099,0.267493,3.07198,1.42657,-2.26167,-2.23564,-5.0,4.3894,3.69398,-3.06648])
3.586486934128345
Max g: 0.11330855326755213
f_44([0.0142162,-3.34034,4.34003,4.80908,-3.94292,0.133842,0.165963,-0.0749967,0.240959,-2.40829,2.86239,-0.00335749,0.0015644,2.23446,-1.13462,0.330702,-2.01834,2.70004,1.00732,-0.512241,0.133341,3.44553,-0.775248,-1.68316,4.74675,-4.30954,4.99823,-4.43545,-1.7163,-1.37517,1.94615,2.14424,1.17492,0.0685769,-1.51099,0.267496,3.07196,1.42657,-2.26166,-2.23563,-5.0,4.3894,3.69397,-3.06648])
3.5866863994899383
Max g: 0.11330979059356555
f_45([0.0142165,-3.34034,4.34003,4.80908,-3.94292,0.133843,0.165964,-0.0749966,0.240961,-2.40828,2.86239,-0.0033576,0.00156428,2.23446,-1.13462,0.330702,-2.01834,2.70004,1.00732,-0.512242,0.133341,3.44553,-0.775247,-1.68316,4.74675,-4.30954,4.99823,-4.43545,-1.71628,-1.37516,1.94614,2.14423,1.17492,0.0685742,-1.51099,0.267499,3.07195,1.42656,-2.26165,-2.23562,-5.0,4.3894,3.69397,-3.06647])
3.5865866668091417
Max g: 0.11331037404008354
f_46([0.0142166,-3.34034,4.34003,4.80908,-3.94292,0.133845,0.165964,-0.0749966,0.240961,-2.40829,2.8624,-0.00335729,0.00156423,2.23446,-1.13462,0.330702,-2.01833,2.70004,1.00732,-0.512242,0.13334,3.44553,-0.775246,-1.68316,4.74675,-4.30954,4.99823,-4.43545,-1.71627,-1.37515,1.94613,2.14421,1.17492,0.0685704,-1.51099,0.267502,3.07193,1.42656,-2.26164,-2.23561,-5.0,4.3894,3.69397,-3.06647])
3.5863872014475486
Max g: 0.1133094146173999
f_47([0.0142164,-3.34034,4.34003,4.80908,-3.94292,0.133845,0.165965,-0.0749962,0.240962,-2.40829,2.8624,-0.00335702,0.00156413,2.23446,-1.13462,0.330702,-2.01833,2.70004,1.00732,-0.512242,0.13334,3.44553,-0.775245,-1.68316,4.74675,-4.30954,4.99823,-4.43545,-1.71625,-1.37514,1.94613,2.14419,1.17492,0.0685659,-1.51099,0.267505,3.07192,1.42656,-2.26163,-2.2356,-5.0,4.3894,3.69397,-3.06647])
3.586486934128345
Max g: 0.11330933375887481
f_48([0.0142164,-3.34034,4.34003,4.80908,-3.94292,0.133846,0.165966,-0.0749963,0.240962,-2.40828,2.8624,-0.00335564,0.00156347,2.23446,-1.13462,0.330702,-2.01833,2.70004,1.00732,-0.512242,0.13334,3.44553,-0.775245,-1.68316,4.74675,-4.30954,4.99823,-4.43545,-1.71624,-1.37513,1.94612,2.14418,1.17492,0.0685623,-1.51099,0.267508,3.0719,1.42655,-2.26162,-2.23559,-5.0,4.3894,3.69397,-3.06646])
3.5863872014475486
Max g: 0.11330903120337354
f_49([0.0142165,-3.34034,4.34003,4.80908,-3.94292,0.133846,0.165967,-0.0749959,0.240963,-2.40828,2.8624,-0.00335508,0.00156369,2.23446,-1.13462,0.330702,-2.01833,2.70004,1.00732,-0.512243,0.13334,3.44553,-0.775246,-1.68316,4.74675,-4.30954,4.99823,-4.43545,-1.71623,-1.37511,1.94611,2.14416,1.17492,0.068559,-1.51099,0.267511,3.07188,1.42655,-2.26162,-2.23558,-5.0,4.38939,3.69396,-3.06646])
3.5863872014475486
Max g: 0.11330919886273144
f_50([0.0142165,-3.34033,4.34003,4.80908,-3.94292,0.133845,0.165968,-0.0749954,0.240963,-2.40828,2.8624,-0.00335516,0.00156444,2.23447,-1.13462,0.330702,-2.01833,2.70004,1.00732,-0.512243,0.13334,3.44553,-0.775246,-1.68315,4.74675,-4.30954,4.99823,-4.43545,-1.71622,-1.3751,1.9461,2.14415,1.17492,0.0685558,-1.51099,0.267514,3.07187,1.42655,-2.26161,-2.23557,-5.0,4.38939,3.69396,-3.06646])
3.586486934128345
{0.014216514319094762,-3.3403346594982746,4.340031826372305,4.809078155264697,-3.9429242586348283,0.13384538259528303,0.16596790889022786,-0.07499540140507684,0.24096331029530493,-2.4082844979449876,2.862403349735935,-0.003355162153717351,0.0015644430642848708,2.234465203304521,-1.1346173677516498,0.33070208561578024,-2.01833210334858,2.7000377802664017,1.0073241849261754,-0.5122426082587362,0.1333399370310747,3.4455348178005094,-0.7752458888453213,-1.683154495048167,4.746745976820425,-4.309541066441916,4.9982294290481875,-4.4354515790145115,-1.7162156316690684,-1.3751038110941918,1.9461020545749705,2.1441463572538844,1.1749225906449277,0.0685558438983149,-1.5109891901241592,0.26751370535512564,3.071870026438404,1.4265468156447418,-2.261605849683362,-2.235571491405278,-4.999999993632176,4.38939484507399,3.693961558068495,-3.0664598885885357}]
Set[{A021,A031,A032,A041,A042,A043,A121,A131,A132,A141,A142,A143,B021,B031,B032,B041,B042,B043,B121,B131,B132,B141,B142,B143,\[Alpha]1,\[Alpha]2,\[Alpha]3,\[Alpha]4,\[Beta]11,\[Beta]12,\[Beta]13,\[Beta]14,\[Beta]21,\[Beta]22,\[Beta]23,\[Beta]24,\[Beta]31,\[Beta]32,\[Beta]33,\[Beta]34,\[Beta]41,\[Beta]42,\[Beta]43,\[Beta]44},{0.014216514319094762,-3.3403346594982746,4.340031826372305,4.809078155264697,-3.9429242586348283,0.13384538259528303,0.16596790889022786,-0.07499540140507684,0.24096331029530493,-2.4082844979449876,2.862403349735935,-0.003355162153717351,0.0015644430642848708,2.234465203304521,-1.1346173677516498,0.33070208561578024,-2.01833210334858,2.7000377802664017,1.0073241849261754,-0.5122426082587362,0.1333399370310747,3.4455348178005094,-0.7752458888453213,-1.683154495048167,4.746745976820425,-4.309541066441916,4.9982294290481875,-4.4354515790145115,-1.7162156316690684,-1.3751038110941918,1.9461020545749705,2.1441463572538844,1.1749225906449277,0.0685558438983149,-1.5109891901241592,0.26751370535512564,3.071870026438404,1.4265468156447418,-2.261605849683362,-2.235571491405278,-4.999999993632176,4.38939484507399,3.693961558068495,-3.0664598885885357}]

Max g: 0.11330976827144412
f_51([0.0142165,-3.34033,4.34003,4.80908,-3.94292,0.133846,0.165969,-0.0749951,0.240964,-2.40828,2.86241,-0.00335507,0.00156451,2.23446,-1.13462,0.330702,-2.01833,2.70004,1.00732,-0.512243,0.13334,3.44553,-0.775245,-1.68315,4.74675,-4.30954,4.99823,-4.43545,-1.7162,-1.37509,1.94609,2.14413,1.17492,0.0685508,-1.51099,0.267516,3.07185,1.42654,-2.2616,-2.23556,-5.0,4.38939,3.69396,-3.06646])
3.5863872014475486
Max g: 0.11330781363043013
f_52([0.0142165,-3.34033,4.34003,4.80908,-3.94292,0.133846,0.165969,-0.0749951,0.240964,-2.40828,2.86241,-0.00335508,0.00156484,2.23446,-1.13462,0.330702,-2.01833,2.70004,1.00733,-0.512244,0.13334,3.44553,-0.775245,-1.68315,4.74675,-4.30954,4.99823,-4.43545,-1.7162,-1.37509,1.94609,2.14412,1.17492,0.0685491,-1.51099,0.267518,3.07185,1.42654,-2.26159,-2.23556,-5.0,4.38939,3.69396,-3.06646])
3.586486934128345
Max g: 0.11330691376031848
f_53([0.0121316,-3.34227,4.34047,4.80902,-3.94386,0.134741,0.167499,-0.0740821,0.241581,-2.40767,2.86572,-0.00290981,0.000963148,2.23721,-1.13281,0.331798,-2.01452,2.70052,1.0089,-0.512904,0.133147,3.44942,-0.775913,-1.68303,4.74432,-4.30527,4.99823,-4.43722,-1.69374,-1.35485,1.93274,2.11499,1.17321,0.0648644,-1.50836,0.270086,3.04201,1.41969,-2.24179,-2.21846,-5.0,4.38887,3.68933,-3.06161])
2.7176158190279267
Max g: 0.11346304257779286
f_54([0.0101192,-3.34291,4.33949,4.80911,-3.94403,0.134882,0.170156,-0.0739327,0.244075,-2.40616,2.87064,-0.00159205,0.00059518,2.23801,-1.13055,0.333025,-2.01247,2.70087,1.0115,-0.513873,0.132596,3.45091,-0.77577,-1.67923,4.74404,-4.30487,4.99821,-4.43745,-1.65527,-1.32384,1.90853,2.06921,1.17369,0.0563323,-1.50578,0.276072,2.9961,1.40802,-2.21306,-2.18941,-5.0,4.38836,3.68186,-3.05313])
2.4601060372109753
Max g: 0.11255316210802838
f_55([0.00936774,-3.34447,4.34023,4.80922,-3.94389,0.13456,0.172771,-0.0733387,0.24611,-2.40571,2.87748,-0.001062,0.00050219,2.23952,-1.13086,0.334383,-2.01176,2.70032,1.01392,-0.515144,0.1322,3.45259,-0.776015,-1.67528,4.74433,-4.30539,4.99812,-4.4372,-1.61635,-1.29381,1.88417,2.02465,1.17074,0.0475603,-1.50096,0.282821,2.9501,1.39537,-2.18396,-2.16013,-5.0,4.38789,3.67386,-3.04428])
2.4047543993688345
Max g: 0.11234147517559556
f_56([0.0100963,-3.34351,4.3401,4.80923,-3.94371,0.134415,0.174951,-0.0728952,0.247847,-2.40488,2.8826,-0.000427981,0.000344298,2.23982,-1.1307,0.333825,-2.01089,2.70048,1.01554,-0.51636,0.13196,3.45434,-0.776713,-1.67224,4.74442,-4.30455,4.99812,-4.43796,-1.58401,-1.26962,1.86326,1.98922,1.16821,0.0415349,-1.49685,0.287336,2.91308,1.38419,-2.16013,-2.13592,-4.99999,4.38719,3.66673,-3.03627])
2.4598068391685857
Max g: 0.11209224955396291
f_57([0.0100789,-3.34341,4.3401,4.80925,-3.94364,0.134321,0.176811,-0.0725941,0.249405,-2.40436,2.88663,0.00061368,0.000223722,2.23997,-1.13047,0.334248,-2.01078,2.70036,1.01688,-0.517443,0.131781,3.45612,-0.777474,-1.66982,4.74441,-4.30408,4.99812,-4.43855,-1.55755,-1.25005,1.84636,1.96023,1.16583,0.0368097,-1.49307,0.29066,2.88249,1.37441,-2.14028,-2.11539,-5.0,4.38668,3.66046,-3.02924])
2.4581113835950426
Max g: 0.11180528722830957
f_58([0.0101454,-3.34307,4.33995,4.80926,-3.94365,0.13437,0.178463,-0.0724121,0.250875,-2.40382,2.89063,0.0010586,0.000141464,2.24042,-1.1305,0.334245,-2.0102,2.70024,1.01798,-0.518468,0.131631,3.45731,-0.778156,-1.66736,4.74432,-4.30349,4.99812,-4.43898,-1.53457,-1.23297,1.83127,1.93523,1.16349,0.0329844,-1.48965,0.293429,2.85532,1.36534,-2.12255,-2.0969,-5.0,4.38631,3.65466,-3.02297])
2.4609038986573486
Max g: 0.11165473503900053
f_59([0.00999243,-3.34307,4.33989,4.80926,-3.94361,0.134343,0.179706,-0.0723447,0.25205,-2.40343,2.89363,0.00145427,6.57703e-5,2.24074,-1.13046,0.334421,-2.00999,2.70028,1.01876,-0.51929,0.131543,3.45845,-0.778805,-1.66566,4.74432,-4.30321,4.99811,-4.43925,-1.51748,-1.22041,1.82006,1.91678,1.16163,0.0301834,-1.48697,0.295422,2.83509,1.35844,-2.10926,-2.08302,-5.0,4.38602,3.65017,-3.01809])
2.4469413233458175
Max g: 0.11150513620725025
f_60([0.00996978,-3.34306,4.3399,4.80926,-3.94363,0.134366,0.180415,-0.0722741,0.252689,-2.40318,2.89534,0.00164838,1.57104e-5,2.24083,-1.13028,0.33458,-2.00991,2.70035,1.01918,-0.519759,0.131492,3.45899,-0.779172,-1.66461,4.74432,-4.303,4.99811,-4.43945,-1.50791,-1.21341,1.8138,1.90647,1.16054,0.0287073,-1.48542,0.296444,2.82373,1.35446,-2.1018,-2.07515,-5.0,4.38585,3.64759,-3.01527])
2.444049075602715
{0.009969781005766079,-3.3430604709761917,4.339900701677582,4.8092571800099515,-3.9436295906134236,0.13436596946284382,0.18041531731735916,-0.07227407161234385,0.25268938892970305,-2.4031843775628183,2.895343336223223,0.0016483823679006597,1.5710366208617955e-5,2.2408313014384214,-1.1302809187394174,0.3345803781627337,-2.009914173484922,2.7003472207091446,1.019176800887243,-0.5197588561613846,0.13149225134678863,3.458986266661611,-0.7791716985254464,-1.664607309752306,4.744319985278558,-4.303001297426284,4.998110184929783,-4.439451196143531,-1.507914409412872,-1.2134079938555278,1.8138008147497513,1.9064738672073154,1.1605440047811624,0.028707261513168148,-1.4854236837662884,0.2964438260963964,2.8237318759939036,1.3544638313178456,-2.10180149325877,-2.0751507151719895,-5.0,4.385848283395607,3.6475920653098104,-3.0152677772201697}]
Set[{A021,A031,A032,A041,A042,A043,A121,A131,A132,A141,A142,A143,B021,B031,B032,B041,B042,B043,B121,B131,B132,B141,B142,B143,\[Alpha]1,\[Alpha]2,\[Alpha]3,\[Alpha]4,\[Beta]11,\[Beta]12,\[Beta]13,\[Beta]14,\[Beta]21,\[Beta]22,\[Beta]23,\[Beta]24,\[Beta]31,\[Beta]32,\[Beta]33,\[Beta]34,\[Beta]41,\[Beta]42,\[Beta]43,\[Beta]44},{0.009969781005766079,-3.3430604709761917,4.339900701677582,4.8092571800099515,-3.9436295906134236,0.13436596946284382,0.18041531731735916,-0.07227407161234385,0.25268938892970305,-2.4031843775628183,2.895343336223223,0.0016483823679006597,1.5710366208617955e-5,2.2408313014384214,-1.1302809187394174,0.3345803781627337,-2.009914173484922,2.7003472207091446,1.019176800887243,-0.5197588561613846,0.13149225134678863,3.458986266661611,-0.7791716985254464,-1.664607309752306,4.744319985278558,-4.303001297426284,4.998110184929783,-4.439451196143531,-1.507914409412872,-1.2134079938555278,1.8138008147497513,1.9064738672073154,1.1605440047811624,0.028707261513168148,-1.4854236837662884,0.2964438260963964,2.8237318759939036,1.3544638313178456,-2.10180149325877,-2.0751507151719895,-5.0,4.385848283395607,3.6475920653098104,-3.0152677772201697}]

Max g: 0.11141838209258012
f_61([0.00997059,-3.34304,4.3399,4.80926,-3.94363,0.134371,0.180704,-0.0722363,0.25294,-2.40308,2.89603,0.00173604,-4.34956e-6,2.2409,-1.13025,0.334634,-2.00986,2.70036,1.01935,-0.519955,0.131474,3.45924,-0.779332,-1.6642,4.74432,-4.30292,4.99811,-4.43954,-1.504,-1.21058,1.81123,1.9023,1.1601,0.0281012,-1.48479,0.296865,2.8191,1.35284,-2.09875,-2.07194,-5.0,4.38577,3.64653,-3.01411])
2.4439493429219183
Max g: 0.11138230609966279
f_62([0.00997227,-3.34302,4.3399,4.80926,-3.94363,0.13437,0.180994,-0.072198,0.253192,-2.40298,2.89673,0.00182617,-2.5564e-5,2.24097,-1.13021,0.334688,-2.00981,2.70037,1.01952,-0.520154,0.131457,3.45949,-0.779495,-1.66379,4.74432,-4.30284,4.99811,-4.43962,-1.50007,-1.20774,1.80863,1.89812,1.15965,0.0274973,-1.48415,0.297282,2.81444,1.3512,-2.09569,-2.06871,-5.0,4.3857,3.64546,-3.01294])
2.4435504121987317
Max g: 0.11134375543177291
f_63([0.00997354,-3.343,4.3399,4.80926,-3.94363,0.13437,0.181282,-0.0721595,0.253442,-2.40288,2.89742,0.00191378,-4.60181e-5,2.24104,-1.13018,0.334741,-2.00975,2.70037,1.01968,-0.520353,0.13144,3.45974,-0.779661,-1.66338,4.74433,-4.30275,4.99811,-4.43971,-1.49616,-1.20494,1.80606,1.89398,1.1592,0.0269056,-1.48351,0.29769,2.80982,1.34957,-2.09264,-2.0655,-5.0,4.38562,3.64439,-3.01178])
2.4435504121987317
Max g: 0.11130677688770571
f_64([0.00997533,-3.34299,4.3399,4.80926,-3.94363,0.134368,0.181575,-0.0721204,0.253696,-2.40278,2.89813,0.00200177,-6.68757e-5,2.24111,-1.13014,0.334798,-2.00969,2.70038,1.01985,-0.520557,0.131423,3.45999,-0.779832,-1.66296,4.74433,-4.30267,4.99811,-4.43979,-1.49221,-1.2021,1.80345,1.8898,1.15873,0.0263126,-1.48285,0.298099,2.80514,1.3479,-2.08955,-2.06224,-5.0,4.38555,3.6433,-3.01059])
2.443151481475545
Max g: 0.11126941962140557
f_65([0.00998156,-3.34297,4.3399,4.80926,-3.94363,0.134368,0.181863,-0.072082,0.253945,-2.40267,2.89882,0.00208901,-8.75299e-5,2.24118,-1.1301,0.334854,-2.00964,2.70039,1.02001,-0.520759,0.131408,3.46024,-0.780003,-1.66255,4.74433,-4.30258,4.99811,-4.43988,-1.48833,-1.19933,1.8009,1.88571,1.15827,0.0257376,-1.48221,0.298493,2.80055,1.34626,-2.08652,-2.05904,-5.0,4.38548,3.64223,-3.00942])
2.442652818071562
Max g: 0.11123254534841712
f_66([0.00997956,-3.34295,4.33991,4.80926,-3.94363,0.134369,0.182157,-0.0720434,0.2542,-2.40257,2.89953,0.00217674,-0.00010873,2.24125,-1.13007,0.334909,-2.00958,2.7004,1.02017,-0.520967,0.131392,3.4605,-0.78018,-1.66213,4.74433,-4.3025,4.99811,-4.43997,-1.48438,-1.19651,1.79828,1.88155,1.15779,0.0251567,-1.48154,0.298891,2.79587,1.34458,-2.08343,-2.05577,-5.0,4.3854,3.64113,-3.00822])
2.4424533527099683
Max g: 0.11119456595511581
f_67([0.00998083,-3.34293,4.33991,4.80926,-3.94363,0.134368,0.182447,-0.0720055,0.254453,-2.40247,2.90024,0.00226431,-0.000130547,2.24133,-1.13003,0.334965,-2.00952,2.70041,1.02033,-0.521174,0.131378,3.46076,-0.780357,-1.66171,4.74433,-4.30241,4.99811,-4.44006,-1.48047,-1.19373,1.7957,1.87745,1.15732,0.0245884,-1.48089,0.299277,2.79125,1.34291,-2.08038,-2.05254,-5.0,4.38532,3.64003,-3.00703])
2.4420544219867817
Max g: 0.11115782983384409
f_68([0.00998683,-3.34291,4.33991,4.80926,-3.94363,0.134367,0.18274,-0.0719666,0.254706,-2.40236,2.90095,0.00235068,-0.000151316,2.24139,-1.13,0.33502,-2.00947,2.70041,1.02049,-0.521383,0.131363,3.46101,-0.780538,-1.66129,4.74434,-4.30232,4.99811,-4.44015,-1.47656,-1.19096,1.79311,1.87335,1.15684,0.024025,-1.48022,0.29966,2.78662,1.34124,-2.07731,-2.04929,-5.0,4.38525,3.63893,-3.00583])
2.4418549566251886
Max g: 0.11112046379325863
f_69([0.0100042,-3.3429,4.33991,4.80926,-3.94363,0.134356,0.182996,-0.0719371,0.254933,-2.40227,2.90156,0.00242612,-0.00018531,2.24144,-1.12995,0.335073,-2.00942,2.70042,1.02062,-0.521565,0.131347,3.46123,-0.780707,-1.66092,4.74434,-4.30226,4.99811,-4.44021,-1.47317,-1.18855,1.79085,1.86979,1.15642,0.0235521,-1.47967,0.299987,2.78256,1.33977,-2.07465,-2.04648,-5.0,4.38518,3.63797,-3.00478])
2.4432512141563416
Max g: 0.1110855551928383
f_70([0.0100365,-3.34286,4.33992,4.80926,-3.94362,0.134331,0.183207,-0.0719202,0.255127,-2.4022,2.90206,0.00249895,-0.000180947,2.24153,-1.12994,0.335148,-2.00939,2.70042,1.02073,-0.521719,0.131341,3.46142,-0.780835,-1.66062,4.74434,-4.30219,4.99811,-4.44028,-1.47039,-1.18657,1.78901,1.86688,1.15608,0.0231297,-1.47914,0.300252,2.77932,1.33856,-2.07244,-2.04415,-5.0,4.38513,3.63717,-3.00392])
2.446243194580241
{0.010036542441379734,-3.34286434245485,4.339919808006435,4.809262675716746,-3.9436201266685647,0.13433106202121373,0.18320662225846032,-0.07192022781505791,0.25512685007351876,-2.4022034033658874,2.902061642776063,0.0024989541697115537,-0.0001809469771078397,2.241530051534357,-1.1299387350012267,0.33514811604913103,-2.0093852144762256,2.7004234176513466,1.0207317653244796,-0.5217194832085267,0.1313409457824015,3.4614182321901383,-0.7808345742762244,-1.6606248049803651,4.744339086345062,-4.3021892055054725,4.9981075162407285,-4.4402817669978765,-1.470389045012131,-1.1865733830528782,1.789014184582939,1.866884769272551,1.1560779266327985,0.023129738831808765,-1.4791429787707622,0.3002518146918362,2.7793153114418008,1.3385558826469464,-2.0724442611168152,-2.0441450063540385,-5.0,4.385125819941962,3.6371660032345763,-3.0039222252139166}]
Set[{A021,A031,A032,A041,A042,A043,A121,A131,A132,A141,A142,A143,B021,B031,B032,B041,B042,B043,B121,B131,B132,B141,B142,B143,\[Alpha]1,\[Alpha]2,\[Alpha]3,\[Alpha]4,\[Beta]11,\[Beta]12,\[Beta]13,\[Beta]14,\[Beta]21,\[Beta]22,\[Beta]23,\[Beta]24,\[Beta]31,\[Beta]32,\[Beta]33,\[Beta]34,\[Beta]41,\[Beta]42,\[Beta]43,\[Beta]44},{0.010036542441379734,-3.34286434245485,4.339919808006435,4.809262675716746,-3.9436201266685647,0.13433106202121373,0.18320662225846032,-0.07192022781505791,0.25512685007351876,-2.4022034033658874,2.902061642776063,0.0024989541697115537,-0.0001809469771078397,2.241530051534357,-1.1299387350012267,0.33514811604913103,-2.0093852144762256,2.7004234176513466,1.0207317653244796,-0.5217194832085267,0.1313409457824015,3.4614182321901383,-0.7808345742762244,-1.6606248049803651,4.744339086345062,-4.3021892055054725,4.9981075162407285,-4.4402817669978765,-1.470389045012131,-1.1865733830528782,1.789014184582939,1.866884769272551,1.1560779266327985,0.023129738831808765,-1.4791429787707622,0.3002518146918362,2.7793153114418008,1.3385558826469464,-2.0724442611168152,-2.0441450063540385,-5.0,4.385125819941962,3.6371660032345763,-3.0039222252139166}]

Max g: 0.11104091656157838
f_71([0.0100068,-3.34283,4.33988,4.80927,-3.9436,0.134304,0.183413,-0.071921,0.255334,-2.40214,2.90258,0.00256619,-0.000213242,2.24143,-1.12979,0.335421,-2.0096,2.70041,1.02086,-0.521885,0.131341,3.46201,-0.781068,-1.66061,4.74435,-4.30204,4.9981,-4.44043,-1.46771,-1.18459,1.78723,1.86398,1.15567,0.022739,-1.47875,0.30056,2.77587,1.33736,-2.07027,-2.04182,-5.0,4.38508,3.63637,-3.00306])
2.4430517487947485
Max g: 0.11105852550904038
f_72([0.0100264,-3.34278,4.33988,4.80927,-3.9436,0.134323,0.183621,-0.0718948,0.255516,-2.40207,2.90308,0.00263365,-0.000228222,2.24148,-1.12976,0.335482,-2.00959,2.70042,1.02096,-0.522016,0.131317,3.46219,-0.781203,-1.66032,4.74435,-4.30198,4.9981,-4.4405,-1.46491,-1.18264,1.78539,1.86108,1.15536,0.0223338,-1.47821,0.30081,2.77268,1.33615,-2.06809,-2.0395,-5.0,4.38502,3.63557,-3.0022])
2.444747204368291
Max g: 0.11100993636758658
f_73([0.0100897,-3.34273,4.33989,4.80927,-3.94359,0.134311,0.183829,-0.0718585,0.255687,-2.402,2.9036,0.00269499,-0.000237462,2.24153,-1.12975,0.335515,-2.00957,2.70043,1.02107,-0.522169,0.13131,3.46246,-0.781359,-1.66007,4.74435,-4.30192,4.9981,-4.44055,-1.46206,-1.18065,1.78351,1.85812,1.15501,0.0219381,-1.4777,0.301076,2.76933,1.33492,-2.06587,-2.03715,-5.0,4.38497,3.63476,-3.00131])
2.4498335710889205
Max g: 0.11099613305233547
f_74([0.0101172,-3.3427,4.33989,4.80928,-3.94359,0.134302,0.184044,-0.0718237,0.255868,-2.40192,2.90412,0.00274632,-0.000256291,2.24159,-1.12973,0.33554,-2.00951,2.70044,1.02117,-0.52233,0.131304,3.46263,-0.781501,-1.65976,4.74436,-4.30186,4.9981,-4.44063,-1.45925,-1.17869,1.78163,1.85525,1.15464,0.0215557,-1.47721,0.301324,2.76604,1.33371,-2.06368,-2.03483,-5.0,4.38491,3.63397,-3.00044])
2.4517284920240567
Max g: 0.11094996653215841
f_75([0.0101396,-3.34267,4.33989,4.80927,-3.94359,0.134294,0.184264,-0.0717812,0.256045,-2.40185,2.90464,0.00281804,-0.000265608,2.2416,-1.1297,0.335567,-2.00947,2.70042,1.02128,-0.522491,0.131292,3.46279,-0.781638,-1.65943,4.74435,-4.30178,4.9981,-4.44067,-1.45642,-1.17673,1.77975,1.85235,1.15428,0.021172,-1.4767,0.30159,2.76272,1.33248,-2.06146,-2.03246,-5.0,4.38485,3.63315,-2.99955])
2.4533242149168033
Max g: 0.11092656571720969
f_76([0.0101492,-3.34264,4.33988,4.80928,-3.9436,0.134301,0.184468,-0.0717385,0.256207,-2.40176,2.90517,0.00285496,-0.00028105,2.24163,-1.12965,0.33556,-2.00938,2.70042,1.02138,-0.522649,0.131289,3.46295,-0.781771,-1.65911,4.74436,-4.30172,4.9981,-4.44077,-1.45365,-1.17478,1.77789,1.84947,1.15391,0.0208,-1.47622,0.301834,2.75942,1.33126,-2.05927,-2.03014,-5.0,4.3848,3.63235,-2.99865])
2.453922611001583
Max g: 0.11090293129977619
f_77([0.0101768,-3.3426,4.33989,4.80927,-3.9436,0.13431,0.18468,-0.0717158,0.256396,-2.4017,2.90569,0.00292303,-0.000297751,2.24168,-1.12962,0.335619,-2.00934,2.70042,1.02148,-0.522808,0.131281,3.46315,-0.781921,-1.6588,4.74436,-4.30165,4.9981,-4.44082,-1.45082,-1.17283,1.77601,1.84659,1.15353,0.0204337,-1.47573,0.302076,2.75611,1.33002,-2.05707,-2.02779,-5.0,4.38475,3.63154,-2.99777])
2.4561167299791093
Max g: 0.11087351215452626
f_78([0.0103231,-3.34252,4.33988,4.80927,-3.9436,0.134274,0.184903,-0.0716856,0.256589,-2.40162,2.90626,0.00301071,-0.000303542,2.24173,-1.12956,0.335693,-2.00929,2.70042,1.02159,-0.522957,0.131284,3.46333,-0.78205,-1.6585,4.74436,-4.30161,4.9981,-4.4409,-1.44801,-1.17088,1.77416,1.8437,1.15316,0.02004,-1.47523,0.302311,2.7528,1.32878,-2.05487,-2.02545,-5.0,4.38469,3.63073,-2.99687])
2.4681843843555042
Max g: 0.1108489805561963
f_79([0.0104315,-3.34244,4.33987,4.80928,-3.9436,0.134267,0.185117,-0.0716492,0.256766,-2.40158,2.90678,0.003066,-0.000286616,2.24172,-1.1295,0.335743,-2.00926,2.7004,1.0217,-0.523106,0.131319,3.46349,-0.782057,-1.6583,4.74435,-4.3016,4.99809,-4.44088,-1.4451,-1.1689,1.77229,1.84081,1.15275,0.0198159,-1.47469,0.302546,2.74949,1.32754,-2.05263,-2.0231,-5.0,4.38464,3.6299,-2.996])
2.477559256350389
Max g: 0.11103027561734227
f_80([0.010445,-3.34235,4.33986,4.80927,-3.94361,0.134294,0.185314,-0.0716266,0.25694,-2.40154,2.9073,0.00314625,-0.000335968,2.24177,-1.12948,0.335768,-2.0092,2.70039,1.02181,-0.523287,0.131265,3.46373,-0.782348,-1.6579,4.74435,-4.30155,4.99809,-4.44092,-1.44239,-1.16698,1.7704,1.83791,1.15234,0.0193528,-1.47415,0.302769,2.74614,1.3263,-2.05043,-2.02075,-5.0,4.38458,3.62909,-2.99512])
2.4783571177967625
{0.010444954976356344,-3.342345000056273,4.339860330047066,4.809273838635291,-3.943606468497681,0.13429351975351989,0.1853135743440266,-0.07162656280319968,0.2569401371472262,-2.40154024710862,2.9072971926548217,0.003146252000662758,-0.00033596800843008174,2.241767419557812,-1.1294801869361106,0.335768380888191,-2.009197004900806,2.700389564674203,1.0218096465776103,-0.5232872355837401,0.1312652286790463,3.463729858106208,-0.7823481165406941,-1.657899418984817,4.744353458726735,-4.301549137472091,4.998093571178888,-4.440921633174913,-1.4423937727336882,-1.1669785383482942,1.770397257538702,1.8379144594925318,1.1523376992397911,0.019352830018073343,-1.4741517930394725,0.3027687809519443,2.74613760556117,1.32630043865522,-2.050434690929668,-2.0207538965589262,-5.0,4.384583272407919,3.6290883819170072,-2.99511793488978}]
Set[{A021,A031,A032,A041,A042,A043,A121,A131,A132,A141,A142,A143,B021,B031,B032,B041,B042,B043,B121,B131,B132,B141,B142,B143,\[Alpha]1,\[Alpha]2,\[Alpha]3,\[Alpha]4,\[Beta]11,\[Beta]12,\[Beta]13,\[Beta]14,\[Beta]21,\[Beta]22,\[Beta]23,\[Beta]24,\[Beta]31,\[Beta]32,\[Beta]33,\[Beta]34,\[Beta]41,\[Beta]42,\[Beta]43,\[Beta]44},{0.010444954976356344,-3.342345000056273,4.339860330047066,4.809273838635291,-3.943606468497681,0.13429351975351989,0.1853135743440266,-0.07162656280319968,0.2569401371472262,-2.40154024710862,2.9072971926548217,0.003146252000662758,-0.00033596800843008174,2.241767419557812,-1.1294801869361106,0.335768380888191,-2.009197004900806,2.700389564674203,1.0218096465776103,-0.5232872355837401,0.1312652286790463,3.463729858106208,-0.7823481165406941,-1.657899418984817,4.744353458726735,-4.301549137472091,4.998093571178888,-4.440921633174913,-1.4423937727336882,-1.1669785383482942,1.770397257538702,1.8379144594925318,1.1523376992397911,0.019352830018073343,-1.4741517930394725,0.3027687809519443,2.74613760556117,1.32630043865522,-2.050434690929668,-2.0207538965589262,-5.0,4.384583272407919,3.6290883819170072,-2.99511793488978}]

Max g: 0.11081185809186869
f_81([0.0104445,-3.3423,4.33986,4.80927,-3.94359,0.13431,0.18553,-0.0716023,0.257133,-2.40146,2.9078,0.00321275,-0.0003432,2.24185,-1.12948,0.335813,-2.00914,2.70038,1.02191,-0.523442,0.131249,3.4639,-0.782501,-1.65758,4.74435,-4.30148,4.99809,-4.44099,-1.43963,-1.16507,1.76855,1.8351,1.15197,0.0190169,-1.47366,0.303014,2.74286,1.32507,-2.04825,-2.01842,-5.0,4.38453,3.62826,-2.99421])
2.4777587217119827
Max g: 0.11080949054895717
f_82([0.010471,-3.34227,4.33986,4.80928,-3.9436,0.134305,0.185745,-0.0715802,0.257325,-2.40138,2.90833,0.00326058,-0.000368766,2.24189,-1.12944,0.335846,-2.0091,2.7004,1.02201,-0.523609,0.131245,3.46411,-0.782652,-1.65729,4.74435,-4.3014,4.99809,-4.44106,-1.43688,-1.16315,1.76669,1.83226,1.1516,0.0186372,-1.47316,0.303247,2.73958,1.32382,-2.04606,-2.01608,-5.0,4.38448,3.62744,-2.99333])
2.4798531080087125
Max g: 0.11075670631249379
f_83([0.010492,-3.34222,4.33985,4.80928,-3.94359,0.134316,0.185951,-0.071561,0.257512,-2.4013,2.90884,0.00333386,-0.000382408,2.24196,-1.12942,0.33588,-2.00905,2.70041,1.02211,-0.523772,0.131234,3.46429,-0.782801,-1.65697,4.74435,-4.30133,4.99809,-4.44115,-1.4341,-1.16124,1.76486,1.82942,1.15123,0.018273,-1.47265,0.303482,2.73631,1.32257,-2.04387,-2.01374,-5.0,4.38442,3.62662,-2.99243])
2.481349098220662
Max g: 0.1107210332398009
f_84([0.0105179,-3.34219,4.33985,4.80928,-3.9436,0.134317,0.186165,-0.0715273,0.257693,-2.40122,2.90936,0.00338475,-0.000398762,2.24201,-1.1294,0.335911,-2.009,2.7004,1.0222,-0.523931,0.131232,3.46447,-0.782956,-1.65666,4.74434,-4.30126,4.99809,-4.44121,-1.43136,-1.15933,1.76302,1.82661,1.15086,0.017919,-1.47214,0.303712,2.73303,1.32132,-2.04169,-2.0114,-5.0,4.38436,3.62579,-2.99153])
2.482545890390222
Max g: 0.11069742863421117
f_85([0.0105143,-3.34217,4.33985,4.80928,-3.94359,0.134303,0.186381,-0.0714946,0.257875,-2.40114,2.90986,0.00346166,-0.000418486,2.24207,-1.12937,0.335953,-2.00895,2.70042,1.02231,-0.524101,0.131227,3.46465,-0.783106,-1.65634,4.74435,-4.3012,4.99809,-4.44128,-1.42856,-1.1574,1.76113,1.82376,1.15048,0.0175643,-1.47164,0.303936,2.72972,1.32005,-2.03947,-2.00904,-5.0,4.38431,3.62493,-2.99062])
2.4821469596670354
Max g: 0.11065976410774903
f_86([0.0105541,-3.34214,4.33985,4.80928,-3.94359,0.134302,0.186593,-0.0714673,0.25806,-2.40106,2.91038,0.00352716,-0.000429466,2.24211,-1.12933,0.335996,-2.00891,2.70043,1.0224,-0.524266,0.131224,3.46483,-0.783262,-1.65603,4.74435,-4.30116,4.99809,-4.44131,-1.4258,-1.15551,1.75928,1.82096,1.15009,0.0172343,-1.47114,0.304152,2.72646,1.3188,-2.03729,-2.0067,-5.0,4.38426,3.6241,-2.98971])
2.4861362668989013
Max g: 0.11064204125591293
f_87([0.0105722,-3.3421,4.33985,4.80928,-3.94358,0.134289,0.186808,-0.0714507,0.258258,-2.40099,2.9109,0.00360349,-0.000448049,2.24217,-1.12931,0.336035,-2.00888,2.70044,1.0225,-0.524429,0.131216,3.46501,-0.783415,-1.6557,4.74435,-4.30107,4.99809,-4.44141,-1.42304,-1.15361,1.75743,1.81815,1.14969,0.016889,-1.47062,0.304373,2.72317,1.31754,-2.03509,-2.00434,-5.0,4.3842,3.62326,-2.98879])
2.4878317224724444
Max g: 0.1106140925148012
f_88([0.0106232,-3.34205,4.33985,4.80928,-3.94358,0.134279,0.187021,-0.0714295,0.258451,-2.40092,2.91143,0.00366597,-0.000467516,2.24223,-1.12926,0.336108,-2.00882,2.70044,1.02259,-0.524601,0.131217,3.4652,-0.783583,-1.6554,4.74435,-4.30101,4.99809,-4.44146,-1.42027,-1.15171,1.75557,1.81535,1.14927,0.0165679,-1.47009,0.304581,2.71988,1.31627,-2.0329,-2.00199,-5.0,4.38415,3.62242,-2.98789])
2.4921202277467005
Max g: 0.1105918638103574
f_89([0.0106345,-3.34202,4.33985,4.80928,-3.94357,0.134284,0.187216,-0.0714043,0.25862,-2.40084,2.91191,0.00371925,-0.0004802,2.24228,-1.12923,0.336158,-2.00879,2.70045,1.02268,-0.524755,0.13121,3.46538,-0.783723,-1.65511,4.74435,-4.30095,4.99809,-4.44152,-1.41774,-1.14998,1.75388,1.81277,1.14893,0.0162527,-1.46961,0.304776,2.7169,1.31511,-2.0309,-1.99984,-5.0,4.3841,3.62166,-2.98705])
2.493117554554667
Max g: 0.11056057962017404
f_90([0.0106434,-3.342,4.33985,4.80928,-3.94358,0.134286,0.187411,-0.0713776,0.258788,-2.40077,2.9124,0.00377444,-0.000494448,2.24233,-1.12921,0.336192,-2.00874,2.70046,1.02276,-0.524909,0.131206,3.46555,-0.783868,-1.65482,4.74435,-4.30089,4.99809,-4.44158,-1.41523,-1.14826,1.75219,1.81023,1.14857,0.0159452,-1.46914,0.30497,2.71391,1.31396,-2.02891,-1.99769,-5.0,4.38405,3.62089,-2.98621])
2.49361621795865
{0.010643379228168921,-3.342004047661966,4.339849660831963,4.809281474968484,-3.9435750138891086,0.1342855718181289,0.18741072011061694,-0.07137756738751862,0.25878829772613166,-2.4007707339026574,2.9123962115377067,0.0037744386472650716,-0.0004944481683067163,2.242330068903091,-1.1292056122762515,0.33619236987318013,-2.008744546912747,2.700455838089551,1.0227625927328188,-0.5249091919099174,0.13120616321788078,3.46554806920652,-0.783868212960921,-1.6548183229364393,4.744353544263129,-4.3008851767095875,4.998092692417112,-4.44158498420749,-1.4152276076216583,-1.1482586623604814,1.7521925012116617,1.810227241736856,1.1485740823219355,0.015945207139847154,-1.4691424828193147,0.3049698289998265,2.713912218818124,1.3139581384585726,-2.0289055132048,-1.9976943613819849,-4.999999993041456,4.384047450879575,3.620886703352491,-2.9862100264691978}]
Set[{A021,A031,A032,A041,A042,A043,A121,A131,A132,A141,A142,A143,B021,B031,B032,B041,B042,B043,B121,B131,B132,B141,B142,B143,\[Alpha]1,\[Alpha]2,\[Alpha]3,\[Alpha]4,\[Beta]11,\[Beta]12,\[Beta]13,\[Beta]14,\[Beta]21,\[Beta]22,\[Beta]23,\[Beta]24,\[Beta]31,\[Beta]32,\[Beta]33,\[Beta]34,\[Beta]41,\[Beta]42,\[Beta]43,\[Beta]44},{0.010643379228168921,-3.342004047661966,4.339849660831963,4.809281474968484,-3.9435750138891086,0.1342855718181289,0.18741072011061694,-0.07137756738751862,0.25878829772613166,-2.4007707339026574,2.9123962115377067,0.0037744386472650716,-0.0004944481683067163,2.242330068903091,-1.1292056122762515,0.33619236987318013,-2.008744546912747,2.700455838089551,1.0227625927328188,-0.5249091919099174,0.13120616321788078,3.46554806920652,-0.783868212960921,-1.6548183229364393,4.744353544263129,-4.3008851767095875,4.998092692417112,-4.44158498420749,-1.4152276076216583,-1.1482586623604814,1.7521925012116617,1.810227241736856,1.1485740823219355,0.015945207139847154,-1.4691424828193147,0.3049698289998265,2.713912218818124,1.3139581384585726,-2.0289055132048,-1.9976943613819849,-4.999999993041456,4.384047450879575,3.620886703352491,-2.9862100264691978}]

Max g: 0.11053303638788209
f_91([0.0106447,-3.34199,4.33985,4.80928,-3.94357,0.134287,0.187533,-0.0713597,0.258893,-2.40073,2.9127,0.00380861,-0.000504174,2.24236,-1.12919,0.336216,-2.00872,2.70046,1.02282,-0.525005,0.131203,3.46565,-0.783959,-1.65464,4.74435,-4.30085,4.99809,-4.44163,-1.41364,-1.14718,1.75113,1.80862,1.14835,0.0157539,-1.46885,0.305091,2.71203,1.31323,-2.02765,-1.99634,-5.0,4.38402,3.6204,-2.98568])
2.493416752597057
Max g: 0.11051737773769335
f_92([0.0106544,-3.34197,4.33985,4.80928,-3.94358,0.134288,0.187838,-0.0713189,0.259157,-2.40062,2.91346,0.00389484,-0.000526424,2.24244,-1.12915,0.336273,-2.00866,2.70047,1.02295,-0.525246,0.131197,3.46592,-0.784187,-1.65418,4.74436,-4.30075,4.99809,-4.44172,-1.40973,-1.1445,1.7485,1.80466,1.14779,0.0152801,-1.46811,0.30539,2.70738,1.31142,-2.02453,-1.99299,-5.0,4.38394,3.6192,-2.98437])
2.493416752597057
Max g: 0.11047711662006404
f_93([0.0106684,-3.34193,4.33985,4.80928,-3.94357,0.134286,0.188176,-0.0712732,0.259449,-2.4005,2.9143,0.00398752,-0.000552451,2.24252,-1.12911,0.336343,-2.00859,2.70048,1.0231,-0.525515,0.131191,3.46621,-0.784441,-1.65368,4.74436,-4.30065,4.99809,-4.44183,-1.40539,-1.14156,1.74559,1.8003,1.14717,0.0147681,-1.46729,0.305709,2.70224,1.30941,-2.02109,-1.98929,-5.0,4.38385,3.61786,-2.98292])
2.4937159506394466
Max g: 0.1104323184974727
f_94([0.0106712,-3.34191,4.33985,4.80928,-3.94357,0.134289,0.188515,-0.0712269,0.259742,-2.40037,2.91514,0.00408615,-0.000577427,2.24261,-1.12907,0.336406,-2.00852,2.70049,1.02324,-0.525786,0.131185,3.46651,-0.7847,-1.65318,4.74436,-4.30054,4.99809,-4.44194,-1.40104,-1.13861,1.74266,1.79592,1.14653,0.0142582,-1.46645,0.306026,2.69708,1.30739,-2.01763,-1.98556,-5.0,4.38376,3.61651,-2.98146])
2.4940151486818367
Max g: 0.11038745231845332
f_95([0.010673,-3.34188,4.33985,4.80928,-3.94357,0.134286,0.188856,-0.0711793,0.260036,-2.40025,2.91599,0.00418344,-0.00060331,2.2427,-1.12902,0.336472,-2.00845,2.7005,1.02339,-0.526059,0.13118,3.46681,-0.784961,-1.65267,4.74437,-4.30044,4.99809,-4.44205,-1.39669,-1.13566,1.73973,1.79155,1.14589,0.0137556,-1.46562,0.306337,2.69191,1.30535,-2.01417,-1.98182,-5.0,4.38368,3.61515,-2.97999])
2.4937159506394466
Max g: 0.11034448841734923
f_96([0.0106734,-3.34186,4.33985,4.80928,-3.94357,0.134288,0.1892,-0.0711326,0.260332,-2.40013,2.91684,0.00428295,-0.000628089,2.24279,-1.12898,0.33654,-2.00839,2.70051,1.02353,-0.526337,0.131175,3.4671,-0.785228,-1.65216,4.74437,-4.30033,4.99809,-4.44215,-1.39232,-1.13271,1.73678,1.78717,1.14524,0.0132541,-1.46477,0.306644,2.68673,1.3033,-2.01069,-1.97806,-5.0,4.38359,3.61378,-2.9785])
2.4935164852778535
Max g: 0.11029765506891018
f_97([0.0106745,-3.34184,4.33985,4.80928,-3.94357,0.134289,0.189544,-0.0710851,0.260629,-2.4,2.91769,0.00438382,-0.000654533,2.24287,-1.12894,0.336609,-2.00832,2.70052,1.02367,-0.526615,0.131171,3.4674,-0.785496,-1.65164,4.74437,-4.30023,4.99809,-4.44226,-1.38795,-1.12977,1.73384,1.7828,1.14458,0.0127614,-1.46392,0.306945,2.68154,1.30124,-2.0072,-1.9743,-5.0,4.3835,3.6124,-2.97701])
2.49331701991626
Max g: 0.11025367941224665
f_98([0.0106849,-3.34182,4.33986,4.80928,-3.94357,0.134285,0.189888,-0.0710392,0.260927,-2.39988,2.91855,0.00448206,-0.000680551,2.24296,-1.12889,0.336678,-2.00825,2.70054,1.02381,-0.526896,0.131167,3.4677,-0.785767,-1.65113,4.74438,-4.30012,4.99809,-4.44238,-1.38359,-1.12684,1.73089,1.77846,1.14393,0.0122758,-1.46307,0.30724,2.67637,1.29918,-2.00373,-1.97054,-5.0,4.38342,3.61102,-2.97551])
2.4935164852778535
Max g: 0.1102087828050366
f_99([0.0106923,-3.34179,4.33986,4.80928,-3.94357,0.134284,0.19023,-0.0709923,0.261223,-2.39975,2.9194,0.00458363,-0.000705743,2.24305,-1.12885,0.336749,-2.00819,2.70055,1.02395,-0.527177,0.131164,3.46799,-0.786038,-1.65061,4.74438,-4.30001,4.99809,-4.44248,-1.37926,-1.12394,1.72797,1.77415,1.14327,0.0117994,-1.46221,0.307527,2.67123,1.29713,-2.00028,-1.96681,-5.0,4.38333,3.60964,-2.97402])
2.4941148813626333
Max g: 0.11016578092409421
f_100([0.0106993,-3.34177,4.33986,4.80928,-3.94357,0.134284,0.190452,-0.0709629,0.261415,-2.39968,2.91995,0.00465605,-0.000723354,2.24311,-1.12882,0.336792,-2.00813,2.70055,1.02404,-0.527358,0.131162,3.46818,-0.786211,-1.65028,4.74438,-4.29994,4.99809,-4.44256,-1.37647,-1.12207,1.72608,1.77138,1.14284,0.0114923,-1.46166,0.30771,2.66792,1.2958,-1.99805,-1.96439,-5.0,4.38327,3.60875,-2.97306])
2.494314346724227
{0.010699332914311901,-3.3417720379403155,4.339857483512679,4.809281633564326,-3.9435749810298293,0.13428437614607783,0.1904516420162361,-0.07096289247749238,0.2614145344937286,-2.399678097951337,2.9199521121061127,0.004656050125019693,-0.0007233540831894149,2.243108287604447,-1.1288177769472822,0.3367919078549561,-2.008133061157454,2.70055359395456,1.0240390614188433,-0.5273576934185084,0.13116246623325922,3.46818300584896,-0.7862113859875174,-1.650277603233953,4.744379862139991,-4.299942097512923,4.998091548076016,-4.442558197979095,-1.3764658381982289,-1.1220735962344894,1.726080522027375,1.7713760791807809,1.142841484036636,0.01149234940561124,-1.461661555184311,0.30770950990035123,2.6679189586770606,1.2958011261686835,-1.9980474811722024,-1.9643910524045805,-5.0,4.38327295290616,3.6087498895262917,-2.9730573511305267}]
Set[{A021,A031,A032,A041,A042,A043,A121,A131,A132,A141,A142,A143,B021,B031,B032,B041,B042,B043,B121,B131,B132,B141,B142,B143,\[Alpha]1,\[Alpha]2,\[Alpha]3,\[Alpha]4,\[Beta]11,\[Beta]12,\[Beta]13,\[Beta]14,\[Beta]21,\[Beta]22,\[Beta]23,\[Beta]24,\[Beta]31,\[Beta]32,\[Beta]33,\[Beta]34,\[Beta]41,\[Beta]42,\[Beta]43,\[Beta]44},{0.010699332914311901,-3.3417720379403155,4.339857483512679,4.809281633564326,-3.9435749810298293,0.13428437614607783,0.1904516420162361,-0.07096289247749238,0.2614145344937286,-2.399678097951337,2.9199521121061127,0.004656050125019693,-0.0007233540831894149,2.243108287604447,-1.1288177769472822,0.3367919078549561,-2.008133061157454,2.70055359395456,1.0240390614188433,-0.5273576934185084,0.13116246623325922,3.46818300584896,-0.7862113859875174,-1.650277603233953,4.744379862139991,-4.299942097512923,4.998091548076016,-4.442558197979095,-1.3764658381982289,-1.1220735962344894,1.726080522027375,1.7713760791807809,1.142841484036636,0.01149234940561124,-1.461661555184311,0.30770950990035123,2.6679189586770606,1.2958011261686835,-1.9980474811722024,-1.9643910524045805,-5.0,4.38327295290616,3.6087498895262917,-2.9730573511305267}]

Max g: 0.11013725303383168
f_101([0.0107264,-3.34174,4.33986,4.80928,-3.94358,0.134279,0.190663,-0.0709342,0.261597,-2.3996,2.92047,0.00471927,-0.000738797,2.24316,-1.12879,0.336833,-2.00809,2.70056,1.02412,-0.527532,0.13116,3.46836,-0.786383,-1.64996,4.74438,-4.29988,4.99809,-4.44262,-1.37381,-1.1203,1.72428,1.76875,1.14244,0.011205,-1.46113,0.307881,2.66477,1.29454,-1.99593,-1.96209,-5.0,4.38322,3.6079,-2.97213])
2.496508465701753
Max g: 0.11010767916176106
f_102([0.0107327,-3.34172,4.33986,4.80928,-3.94358,0.134281,0.190875,-0.0709029,0.261778,-2.39952,2.921,0.00478411,-0.000753621,2.24322,-1.12876,0.336874,-2.00804,2.70057,1.0242,-0.527709,0.13116,3.46855,-0.786554,-1.64964,4.74438,-4.29981,4.99809,-4.44268,-1.37114,-1.11852,1.72248,1.76611,1.14202,0.010927,-1.4606,0.308047,2.66161,1.29326,-1.9938,-1.95979,-5.0,4.38316,3.60704,-2.97121])
2.496508465701753
Max g: 0.1100839168290241
f_103([0.0107492,-3.3417,4.33986,4.80928,-3.94358,0.134284,0.191086,-0.0708722,0.261959,-2.39945,2.92153,0.00484799,-0.000771002,2.24327,-1.12874,0.336917,-2.008,2.70057,1.02429,-0.527884,0.131158,3.46873,-0.786727,-1.64932,4.74438,-4.29975,4.99809,-4.44275,-1.36848,-1.11676,1.72068,1.76347,1.14161,0.0106387,-1.46007,0.308215,2.65845,1.29199,-1.99168,-1.95748,-5.0,4.38311,3.60618,-2.97028])
2.497605525190516
Max g: 0.11005140282977399
f_104([0.010759,-3.34168,4.33986,4.80928,-3.94358,0.134284,0.191283,-0.0708461,0.262129,-2.39938,2.92201,0.00490937,-0.000784925,2.24332,-1.12871,0.336952,-2.00795,2.70057,1.02436,-0.528047,0.131157,3.4689,-0.786886,-1.64902,4.74438,-4.29969,4.99809,-4.44281,-1.36602,-1.11512,1.71902,1.76105,1.14122,0.0103817,-1.45958,0.308368,2.65554,1.29081,-1.98971,-1.95535,-5.0,4.38306,3.60539,-2.96942])
2.4975057925097195
Max g: 0.11002927566088622
f_105([0.0107728,-3.34165,4.33986,4.80928,-3.94358,0.134287,0.191479,-0.0708207,0.2623,-2.39931,2.9225,0.00496844,-0.000800179,2.24337,-1.12869,0.336992,-2.00791,2.70058,1.02444,-0.528211,0.131157,3.46907,-0.787046,-1.64873,4.74439,-4.29963,4.99809,-4.44287,-1.36357,-1.1135,1.71735,1.75863,1.14083,0.0101235,-1.45908,0.308518,2.65263,1.28963,-1.98775,-1.95322,-5.0,4.38301,3.60459,-2.96856])
2.498802317360076
Max g: 0.11000248008216257
f_106([0.0107785,-3.34163,4.33986,4.80928,-3.94358,0.134288,0.191677,-0.0707952,0.262472,-2.39924,2.92299,0.0050308,-0.000815604,2.24342,-1.12866,0.337027,-2.00787,2.70058,1.02451,-0.528377,0.131156,3.46924,-0.787208,-1.64843,4.74439,-4.29957,4.99809,-4.44294,-1.36109,-1.11186,1.71568,1.75619,1.14044,0.00986767,-1.45858,0.308668,2.64969,1.28844,-1.98577,-1.95107,-5.0,4.38296,3.60379,-2.96769])
2.4992012480832626
Max g: 0.10997886909150931
f_107([0.0107808,-3.34162,4.33986,4.80928,-3.94357,0.134287,0.191876,-0.0707693,0.262645,-2.39916,2.92349,0.00509048,-0.000829818,2.24348,-1.12864,0.337067,-2.00783,2.70059,1.02459,-0.528543,0.131156,3.46941,-0.787372,-1.64812,4.74439,-4.29951,4.99809,-4.443,-1.35862,-1.11022,1.714,1.75375,1.14005,0.00961312,-1.45808,0.308815,2.64675,1.28724,-1.98379,-1.94891,-5.0,4.38291,3.60298,-2.96682])
2.4992012480832626
Max g: 0.10995224786007557
f_108([0.0107793,-3.34161,4.33986,4.80928,-3.94357,0.134289,0.192074,-0.0707437,0.262818,-2.39909,2.92398,0.00515017,-0.000844537,2.24352,-1.12861,0.337104,-2.00779,2.70059,1.02466,-0.528709,0.131155,3.46958,-0.787535,-1.64782,4.74439,-4.29945,4.99809,-4.44306,-1.35615,-1.10859,1.71233,1.75133,1.13965,0.00936027,-1.45758,0.30896,2.64383,1.28605,-1.98182,-1.94677,-5.0,4.38286,3.60218,-2.96595])
2.4991015154024656
Max g: 0.10992644870457291
f_109([0.0107924,-3.34159,4.33987,4.80928,-3.94357,0.134284,0.192267,-0.0707194,0.262986,-2.39902,2.92446,0.00520999,-0.000859318,2.24357,-1.12859,0.33714,-2.00775,2.7006,1.02473,-0.528872,0.131155,3.46974,-0.787695,-1.64753,4.74439,-4.29938,4.99809,-4.44312,-1.35376,-1.10701,1.7107,1.74898,1.13927,0.00911807,-1.45709,0.309099,2.64098,1.28488,-1.97989,-1.94468,-5.0,4.38281,3.60139,-2.9651])
2.5002983075720255
Max g: 0.10990238024592122
f_110([0.010791,-3.34157,4.33987,4.80928,-3.94357,0.134287,0.192449,-0.0706952,0.263145,-2.39896,2.92492,0.00526489,-0.000873101,2.24362,-1.12856,0.337177,-2.00771,2.7006,1.0248,-0.529026,0.131155,3.4699,-0.787848,-1.64725,4.74439,-4.29933,4.99809,-4.44318,-1.35149,-1.10551,1.70916,1.74675,1.13891,0.00888926,-1.45663,0.30923,2.63829,1.28378,-1.97808,-1.9427,-5.0,4.38276,3.60065,-2.96429])
2.499899376848839
{0.010790987071933105,-3.3415738974055036,4.339866196159968,4.809281560717326,-3.943573324682423,0.134287319084859,0.19244949941255932,-0.07069523885543269,0.26314473826799206,-2.39895611514043,2.9249215665668737,0.005264885710371273,-0.0008731008535039167,2.2436151717450143,-1.128561750611412,0.3371769783784312,-2.007713884580195,2.7006047467601397,1.024800255847016,-0.5290261543873983,0.1311551966707037,3.469903608012253,-0.7878479266353485,-1.6472523953285934,4.74439079000949,-4.299326446844301,4.998090322256453,-4.443183257229344,-1.351487110803703,-1.1055101535922276,1.7091605850537086,1.7467507372035598,1.1389086136608566,0.008889256104249793,-1.4566252397248287,0.30922970602873484,2.638287060177544,1.28377803382203,-1.9780753789741334,-1.9426983757234926,-5.0,4.382763991820936,3.6006457757387587,-2.964291312426062}]
Set[{A021,A031,A032,A041,A042,A043,A121,A131,A132,A141,A142,A143,B021,B031,B032,B041,B042,B043,B121,B131,B132,B141,B142,B143,\[Alpha]1,\[Alpha]2,\[Alpha]3,\[Alpha]4,\[Beta]11,\[Beta]12,\[Beta]13,\[Beta]14,\[Beta]21,\[Beta]22,\[Beta]23,\[Beta]24,\[Beta]31,\[Beta]32,\[Beta]33,\[Beta]34,\[Beta]41,\[Beta]42,\[Beta]43,\[Beta]44},{0.010790987071933105,-3.3415738974055036,4.339866196159968,4.809281560717326,-3.943573324682423,0.134287319084859,0.19244949941255932,-0.07069523885543269,0.26314473826799206,-2.39895611514043,2.9249215665668737,0.005264885710371273,-0.0008731008535039167,2.2436151717450143,-1.128561750611412,0.3371769783784312,-2.007713884580195,2.7006047467601397,1.024800255847016,-0.5290261543873983,0.1311551966707037,3.469903608012253,-0.7878479266353485,-1.6472523953285934,4.74439079000949,-4.299326446844301,4.998090322256453,-4.443183257229344,-1.351487110803703,-1.1055101535922276,1.7091605850537086,1.7467507372035598,1.1389086136608566,0.008889256104249793,-1.4566252397248287,0.30922970602873484,2.638287060177544,1.28377803382203,-1.9780753789741334,-1.9426983757234926,-5.0,4.382763991820936,3.6006457757387587,-2.964291312426062}]

Max g: 0.1098786536459847
f_111([0.0107969,-3.34156,4.33987,4.80928,-3.94357,0.134285,0.19263,-0.0706713,0.263302,-2.39889,2.92537,0.00532091,-0.000886495,2.24366,-1.12854,0.337215,-2.00768,2.70061,1.02487,-0.52918,0.131156,3.47006,-0.788,-1.64698,4.74439,-4.29927,4.99809,-4.44324,-1.34924,-1.10403,1.70764,1.74455,1.13854,0.00866437,-1.45616,0.309358,2.63562,1.28268,-1.97627,-1.94074,-5.0,4.38272,3.59991,-2.96349])
2.5002983075720255
Max g: 0.10985543210212018
f_112([0.0107976,-3.34155,4.33987,4.80928,-3.94357,0.134288,0.192813,-0.0706469,0.26346,-2.39882,2.92583,0.00537562,-0.000900886,2.24371,-1.12852,0.337251,-2.00764,2.70062,1.02493,-0.529335,0.131156,3.47022,-0.788154,-1.6467,4.74439,-4.29921,4.99809,-4.4433,-1.34698,-1.10255,1.7061,1.74234,1.13818,0.00844079,-1.4557,0.309485,2.63294,1.28158,-1.97446,-1.93876,-5.0,4.38267,3.59916,-2.96268])
2.500198574891229
Max g: 0.10983318161628278
f_113([0.0107993,-3.34153,4.33987,4.80928,-3.94357,0.134288,0.192995,-0.0706221,0.263618,-2.39876,2.92629,0.00543164,-0.00091492,2.24376,-1.12849,0.337287,-2.0076,2.70062,1.025,-0.52949,0.131156,3.47038,-0.788308,-1.64642,4.7444,-4.29915,4.99809,-4.44336,-1.34472,-1.10107,1.70457,1.74014,1.13781,0.00821844,-1.45523,0.30961,2.63026,1.28048,-1.97266,-1.93679,-5.0,4.38263,3.59841,-2.96188])
2.499999109529636
Max g: 0.10980997405573015
f_114([0.010802,-3.34152,4.33987,4.80928,-3.94357,0.134287,0.193179,-0.0705981,0.263777,-2.39869,2.92675,0.0054869,-0.000928498,2.24381,-1.12847,0.337324,-2.00757,2.70063,1.02506,-0.529647,0.131157,3.47053,-0.788463,-1.64614,4.7444,-4.2991,4.99809,-4.44342,-1.34246,-1.09958,1.70303,1.73792,1.13744,0.00799608,-1.45476,0.309735,2.62757,1.27937,-1.97084,-1.93481,-5.0,4.38258,3.59766,-2.96107])
2.5002983075720255
Max g: 0.10978653179940345
f_115([0.0108028,-3.34151,4.33987,4.80928,-3.94357,0.134288,0.193362,-0.0705738,0.263935,-2.39862,2.9272,0.0055415,-0.000942478,2.24385,-1.12845,0.337358,-2.00753,2.70063,1.02513,-0.529803,0.131158,3.47069,-0.788619,-1.64586,4.7444,-4.29904,4.99809,-4.44348,-1.3402,-1.0981,1.70149,1.73572,1.13707,0.00777715,-1.45429,0.309857,2.6249,1.27827,-1.96903,-1.93284,-5.0,4.38253,3.59691,-2.96026])
2.499899376848839
Max g: 0.10976257977356982
f_116([0.0108047,-3.3415,4.33987,4.80928,-3.94357,0.134288,0.193544,-0.0705497,0.264094,-2.39856,2.92766,0.0055966,-0.000956508,2.2439,-1.12842,0.337396,-2.0075,2.70064,1.02519,-0.529959,0.131159,3.47085,-0.788774,-1.64558,4.7444,-4.29898,4.99809,-4.44354,-1.33795,-1.09663,1.69996,1.73353,1.1367,0.00756046,-1.45383,0.309978,2.62223,1.27716,-1.96722,-1.93087,-5.0,4.38249,3.59616,-2.95945])
2.4996001788064492
Max g: 0.10973926950790958
f_117([0.0108085,-3.34148,4.33987,4.80928,-3.94357,0.134286,0.193722,-0.0705258,0.264248,-2.39849,2.92811,0.00565095,-0.000969832,2.24394,-1.1284,0.337431,-2.00746,2.70064,1.02526,-0.530112,0.131159,3.471,-0.788926,-1.64531,4.7444,-4.29892,4.99809,-4.4436,-1.33577,-1.09521,1.69848,1.73141,1.13634,0.00735157,-1.45337,0.310093,2.61964,1.27609,-1.96547,-1.92896,-5.0,4.38244,3.59543,-2.95866])
2.499899376848839
Max g: 0.10971673893638573
f_118([0.0108088,-3.34147,4.33987,4.80928,-3.94357,0.134287,0.193867,-0.0705064,0.264373,-2.39844,2.92847,0.0056956,-0.000980519,2.24398,-1.12838,0.337459,-2.00743,2.70065,1.02531,-0.530236,0.13116,3.47112,-0.789051,-1.64509,4.7444,-4.29888,4.99809,-4.44364,-1.33399,-1.09404,1.69726,1.72968,1.13604,0.00718165,-1.453,0.310187,2.61752,1.27521,-1.96404,-1.92739,-5.0,4.38241,3.59483,-2.95801])
2.499699911487246
Max g: 0.10969813200652645
f_119([0.0108089,-3.34146,4.33987,4.80928,-3.94357,0.134288,0.19401,-0.0704874,0.264497,-2.39839,2.92883,0.00573839,-0.000991306,2.24402,-1.12837,0.337487,-2.0074,2.70065,1.02536,-0.53036,0.131162,3.47125,-0.789174,-1.64487,4.7444,-4.29883,4.99809,-4.44369,-1.33223,-1.0929,1.69607,1.72797,1.13575,0.00701586,-1.45263,0.310277,2.61544,1.27434,-1.96263,-1.92586,-5.0,4.38237,3.59425,-2.95738])
2.4994007134448557
Max g: 0.10967957077039583
f_120([0.010814,-3.34146,4.33987,4.80928,-3.94357,0.134285,0.194143,-0.0704706,0.264614,-2.39834,2.92917,0.00577529,-0.00100453,2.24405,-1.12835,0.337519,-2.00739,2.70066,1.0254,-0.530477,0.131161,3.47137,-0.789293,-1.64466,4.7444,-4.29879,4.99809,-4.44373,-1.33057,-1.09181,1.69493,1.72635,1.13548,0.00685525,-1.45228,0.310363,2.61346,1.27352,-1.96129,-1.92439,-5.0,4.38233,3.59369,-2.95677])
2.4996001788064492
{0.010813951416741118,-3.341455420554159,4.3398738495908145,4.809281492680079,-3.9435736067640903,0.13428520780282002,0.19414342541236615,-0.07047059890611622,0.26461402431848263,-2.3983397409429204,2.9291714977555405,0.005775289368178313,-0.0010045341397007376,2.244047089188067,-1.128348948374374,0.33751883380522124,-2.007385269993205,2.7006551068629494,1.0254031966485284,-0.5304774542556279,0.1311613809522097,3.4713679410602887,-0.7892933452082743,-1.6446648368778256,4.744404433338547,-4.2987936402201194,4.998088959987168,-4.443733296913224,-1.3305683060011786,-1.091813194210562,1.6949324848029363,1.7263476343617208,1.1354776643618587,0.006855249364180888,-1.4522763651398134,0.31036338054041074,2.6134561892074855,1.2735200298405578,-1.9612904469423529,-1.924390324495287,-5.0,4.382334278753835,3.5936851630203344,-2.956774092285457}]
Set[{A021,A031,A032,A041,A042,A043,A121,A131,A132,A141,A142,A143,B021,B031,B032,B041,B042,B043,B121,B131,B132,B141,B142,B143,\[Alpha]1,\[Alpha]2,\[Alpha]3,\[Alpha]4,\[Beta]11,\[Beta]12,\[Beta]13,\[Beta]14,\[Beta]21,\[Beta]22,\[Beta]23,\[Beta]24,\[Beta]31,\[Beta]32,\[Beta]33,\[Beta]34,\[Beta]41,\[Beta]42,\[Beta]43,\[Beta]44},{0.010813951416741118,-3.341455420554159,4.3398738495908145,4.809281492680079,-3.9435736067640903,0.13428520780282002,0.19414342541236615,-0.07047059890611622,0.26461402431848263,-2.3983397409429204,2.9291714977555405,0.005775289368178313,-0.0010045341397007376,2.244047089188067,-1.128348948374374,0.33751883380522124,-2.007385269993205,2.7006551068629494,1.0254031966485284,-0.5304774542556279,0.1311613809522097,3.4713679410602887,-0.7892933452082743,-1.6446648368778256,4.744404433338547,-4.2987936402201194,4.998088959987168,-4.443733296913224,-1.3305683060011786,-1.091813194210562,1.6949324848029363,1.7263476343617208,1.1354776643618587,0.006855249364180888,-1.4522763651398134,0.31036338054041074,2.6134561892074855,1.2735200298405578,-1.9612904469423529,-1.924390324495287,-5.0,4.382334278753835,3.5936851630203344,-2.956774092285457}]

Max g: 0.1096566359634368
slurmstepd: *** JOB 9005345 ON comet-31-08 CANCELLED AT 2017-04-24T08:19:22 DUE TO TIME LIMIT ***

signal (15): Terminated
while loading /home/crackauc/.julia/v0.5/SRKGenerator/test/runtests.jl, in expression starting on line 45
clock_gettime at  (unknown line)
clock_gettime at /lib64/librt.so.1 (unknown line)
unknown function (ip: 0x2b0207659f1d)
unknown function (ip: 0x2b02076e7324)
unknown function (ip: 0x2b0207705c31)
unknown function (ip: 0x2b020763c766)
unknown function (ip: 0x2b020755ffa9)
unknown function (ip: 0x2b0207563df4)
cuMemcpyDtoHAsync_v2 at /usr/lib64/libcuda.so (unknown line)
unknown function (ip: 0x2b02072498ee)
unknown function (ip: 0x2b0207225b5a)
cudaMemcpyAsync at /usr/local/cuda/lib64/libcudart.so (unknown line)
cudaMemcpyAsync at /home/crackauc/.julia/v0.5/CUDArt/src/../gen-6.5/gen_libcudart.jl:396 [inlined]
#copy!#9 at /home/crackauc/.julia/v0.5/CUDArt/src/arrays.jl:152
unknown function (ip: 0x2b0206c6f442)
f_maker at /home/crackauc/.julia/v0.5/SRKGenerator/src/optim_functions.jl:84
unknown function (ip: 0x2b0206bc7801)
jl_call_method_internal at /home/centos/buildbot/slave/package_tarball64/build/src/julia_internal.h:189 [inlined]
jl_apply_generic at /home/centos/buildbot/slave/package_tarball64/build/src/gf.c:1942
#5 at /home/crackauc/.julia/v0.5/SRKGenerator/src/main.jl:61
jl_call_method_internal at /home/centos/buildbot/slave/package_tarball64/build/src/julia_internal.h:189 [inlined]
jl_apply_generic at /home/centos/buildbot/slave/package_tarball64/build/src/gf.c:1942
nlopt_callback_wrapper at /home/crackauc/.julia/v0.5/NLopt/src/NLopt.jl:427
unknown function (ip: 0x2b0206babc0f)
f_max at /home/crackauc/.julia/v0.5/NLopt/deps/src/nlopt-2.4/api/optimize.c:779
auglag at /home/crackauc/.julia/v0.5/NLopt/deps/src/nlopt-2.4/auglag/auglag.c:36
func_wrap at /home/crackauc/.julia/v0.5/NLopt/deps/src/nlopt-2.4/cobyla/cobyla.c:100
cobylb at /home/crackauc/.julia/v0.5/NLopt/deps/src/nlopt-2.4/cobyla/cobyla.c:573 [inlined]
cobyla at /home/crackauc/.julia/v0.5/NLopt/deps/src/nlopt-2.4/cobyla/cobyla.c:430
cobyla_minimize at /home/crackauc/.julia/v0.5/NLopt/deps/src/nlopt-2.4/cobyla/cobyla.c:247
nlopt_optimize_ at /home/crackauc/.julia/v0.5/NLopt/deps/src/nlopt-2.4/api/optimize.c:647 [inlined]
nlopt_optimize at /home/crackauc/.julia/v0.5/NLopt/deps/src/nlopt-2.4/api/optimize.c:826
nlopt_optimize_limited at /home/crackauc/.julia/v0.5/NLopt/deps/src/nlopt-2.4/api/optimize.c:865
auglag_minimize at /home/crackauc/.julia/v0.5/NLopt/deps/src/nlopt-2.4/auglag/auglag.c:195
nlopt_optimize_ at /home/crackauc/.julia/v0.5/NLopt/deps/src/nlopt-2.4/api/optimize.c:733 [inlined]
nlopt_optimize at /home/crackauc/.julia/v0.5/NLopt/deps/src/nlopt-2.4/api/optimize.c:826
optimize! at /home/crackauc/.julia/v0.5/NLopt/src/NLopt.jl:526
#srk_optimize#1 at /home/crackauc/.julia/v0.5/SRKGenerator/src/main.jl:92
unknown function (ip: 0x2b0206bb169d)
jl_call_method_internal at /home/centos/buildbot/slave/package_tarball64/build/src/julia_internal.h:189 [inlined]
jl_apply_generic at /home/centos/buildbot/slave/package_tarball64/build/src/gf.c:1942
#srk_optimize at ./<missing>:0
unknown function (ip: 0x2b0206badefc)
jl_call_method_internal at /home/centos/buildbot/slave/package_tarball64/build/src/julia_internal.h:189 [inlined]
jl_apply_generic at /home/centos/buildbot/slave/package_tarball64/build/src/gf.c:1942
do_call at /home/centos/buildbot/slave/package_tarball64/build/src/interpreter.c:66
eval at /home/centos/buildbot/slave/package_tarball64/build/src/interpreter.c:190
eval_body at /home/centos/buildbot/slave/package_tarball64/build/src/interpreter.c:469
jl_interpret_call at /home/centos/buildbot/slave/package_tarball64/build/src/interpreter.c:573
jl_toplevel_eval_flex at /home/centos/buildbot/slave/package_tarball64/build/src/toplevel.c:572
jl_parse_eval_all at /home/centos/buildbot/slave/package_tarball64/build/src/ast.c:717
jl_load at /home/centos/buildbot/slave/package_tarball64/build/src/toplevel.c:596
jl_load_ at /home/centos/buildbot/slave/package_tarball64/build/src/toplevel.c:605
include_from_node1 at ./loading.jl:488
unknown function (ip: 0x2affdd324d0b)
jl_call_method_internal at /home/centos/buildbot/slave/package_tarball64/build/src/julia_internal.h:189 [inlined]
jl_apply_generic at /home/centos/buildbot/slave/package_tarball64/build/src/gf.c:1942
process_options at ./client.jl:262
_start at ./client.jl:318
unknown function (ip: 0x2affdd34a2e8)
jl_call_method_internal at /home/centos/buildbot/slave/package_tarball64/build/src/julia_internal.h:189 [inlined]
jl_apply_generic at /home/centos/buildbot/slave/package_tarball64/build/src/gf.c:1942
unknown function (ip: 0x4018ed)
unknown function (ip: 0x4013b6)
__libc_start_main at /lib64/libc.so.6 (unknown line)
unknown function (ip: 0x4013fc)
unknown function (ip: 0xffffffffffffffff)
Allocations: 108623440553 (Pool: 108467083372; Big: 156357181); GC: 132280

signal (11): Segmentation fault
while loading /home/crackauc/.julia/v0.5/SRKGenerator/test/runtests.jl, in expression starting on line 45
