
-----------------Setup------------------
Options: alg=LN_AUGLAG_EQ,dx=0.01,max_eval=100000000,popSize=0
imin=-1,jmin=-4,imax=1,jmax=4,
parameter_minmax=5,
randSeed=72035930, rand_minmax=2,
END_C=true, INEQ_C=true

Initial Condition:

[-0.177897,-1.92545,-0.0736148,-0.719052,-1.81979,1.85607,-0.930807,-1.10616,-0.875203,-1.62355,0.444474,-1.11423,-0.54659,0.456564,-0.74456,0.360298,0.662642,1.217,1.39123,1.61252,-0.160063,-1.29933,-0.944168,-1.97122,1.31085,0.179618,-1.90165,-1.55238,-1.33839,0.530121,0.516577,1.72334,-0.257111,-1.01442,-0.0624921,1.63392,-0.512994,1.29759,0.299132,-0.289576,-0.845824,0.0720563,0.732194,1.04468]

f_1([0.00552585,0.0320137,-0.0264878,-0.47976,-0.461909,1.5081,3.84046e-7,0.690771,-0.684468,-0.241654,1.93609,-1.67883,-0.00825279,0.449807,-0.459506,-0.824231,0.517978,-0.0247161,0.925923,2.38678,-1.05927,1.48133,1.22422,-1.52622,4.37487,0.851814,-2.37044,-2.2973,-1.08461,0.364713,-0.548696,1.43134,-0.91784,-1.13317,0.160095,1.72501,-1.31559,1.34807,0.296811,-0.665498,-0.483017,-0.747936,0.447134,0.64498])
15.862062968552989
Max g: 1.7532162930498933
f_2([-2.67783e-10,0.836719,-0.836719,-0.675864,-1.02967,1.7073,0.0143459,1.0816,-0.162838,0.272495,2.13432,-1.40681,1.16769,0.565935,-0.256803,-1.29017,0.806601,0.293547,0.909488,1.46929,-0.383493,1.26406,1.72113,-1.00934,4.78913,1.37435,-3.17818,-1.98433,1.53476,-1.5869,0.662185,0.386135,-1.32654,1.43578,0.245938,-0.349294,-0.636374,1.67973,-0.602047,-0.437406,1.02012,-0.893808,-1.20725,1.07285])
2.90194470841796
Max g: 0.11392827569451502
f_3([1.85641e-5,0.745898,-0.745944,-0.735363,-0.870249,1.60582,0.0382267,1.34988,-0.500627,0.340261,2.07874,-1.41899,1.15042,0.60662,-0.11458,-1.3468,0.940163,0.190302,0.78487,1.35986,-0.418846,1.06226,1.6455,-0.818431,4.56086,1.78123,-3.1141,-2.22744,1.69971,-1.89356,0.774467,0.412302,-1.53287,1.6749,0.168413,-0.301429,-0.613508,1.74935,-0.706022,-0.407145,1.23828,-1.04718,-1.24802,1.05586])
2.7011012353960533
Max g: 0.1049374729913044
f_4([-1.83102e-27,0.904391,-0.904391,-1.23614,-0.438627,1.67476,0.109947,1.14498,-0.342986,0.576983,1.84671,-1.42369,0.905032,0.647427,-0.429611,-1.21729,0.935844,0.33606,0.767658,1.12671,-0.542798,1.28732,1.5609,-0.921673,4.48955,2.02804,-3.27553,-2.24177,1.47767,-1.81593,0.858477,0.477331,-1.70076,2.00796,-0.0171593,-0.296023,-0.622649,1.97159,-0.847417,-0.512299,1.42033,-1.34875,-0.923188,0.839014])
2.9810498071440548
Max g: 0.07872036238580216
f_5([-5.7391e-23,0.597999,-0.597999,-1.68165,0.652832,1.02882,0.137282,1.31206,-0.343293,0.408313,1.62283,-1.03114,0.908089,0.499386,-0.41131,-1.29441,1.01318,0.529643,0.719784,1.28071,-0.638233,0.991198,1.47841,-0.6104,4.37578,2.01428,-3.17424,-2.21555,1.66207,-1.9286,0.785481,0.482612,-1.75993,2.12379,-0.0763224,-0.286427,-0.724773,2.00043,-0.77287,-0.50318,1.50876,-1.68742,-0.748791,0.923002])
2.8910130992975196
Max g: 0.07872444152211167
f_6([-0.000345323,0.529848,-0.529581,-1.94082,0.581168,1.3603,0.234798,1.43415,-0.518329,0.393811,1.35292,-0.750115,0.875216,0.454256,-0.278267,-1.37553,0.923731,0.592187,0.734464,1.2296,-0.56566,0.938684,1.54356,-0.749866,4.18283,2.13206,-3.08633,-2.22778,1.63789,-2.09892,0.884761,0.581192,-1.7841,2.31846,-0.196606,-0.363534,-0.92731,2.90104,-1.16688,-0.708873,1.54057,-1.89464,-0.705134,1.09678])
2.9743914634070596
Max g: 0.12793850414005398
f_7([9.84777e-25,0.469963,-0.469963,-2.01469,0.592258,1.42243,0.204592,1.4557,-0.55007,0.425068,1.11068,-0.535746,0.888269,0.508298,-0.191421,-1.40069,0.930901,0.493892,0.708071,1.20827,-0.550909,0.879255,1.60789,-0.705516,4.2379,2.29716,-3.09804,-2.43692,1.69494,-2.21202,0.98158,0.531553,-1.86446,2.47348,-0.27005,-0.334946,-0.758574,2.30593,-1.0033,-0.545717,1.54828,-1.81199,-0.758399,1.01899])
2.7312128496096295
Max g: 0.06023789775344901
f_8([4.63667e-11,0.451247,-0.451247,-1.97092,0.696742,1.27418,0.224434,1.46191,-0.542318,0.477021,1.07018,-0.547201,0.854754,0.519271,-0.251881,-1.30344,0.855529,0.540872,0.68828,1.15917,-0.619166,0.817102,1.68809,-0.690441,4.02173,2.37909,-3.04662,-2.35421,1.65331,-2.21874,1.03006,0.534806,-1.90804,2.56248,-0.333694,-0.324563,-0.568157,2.11314,-1.01941,-0.516307,1.596,-1.96398,-0.578447,0.939455])
2.77414425997354
Max g: 0.04772869574199268
f_9([-2.61373e-27,0.294492,-0.294492,-2.45157,1.06292,1.38865,0.23907,1.5934,-0.630558,0.523543,1.0113,-0.534846,0.897399,0.427368,-0.371019,-1.26633,1.149,0.578113,0.717677,1.20906,-0.574639,0.867558,1.73628,-0.809141,3.85784,2.47357,-3.05883,-2.2726,1.64819,-2.19267,1.00172,0.5364,-1.77309,2.41706,-0.310432,-0.327192,-0.742271,2.32616,-1.0319,-0.556921,1.56384,-1.99506,-0.584945,1.01423])
2.7500947199085717
Max g: 0.06611377498351767
f_10([1.81091e-7,0.117796,-0.117796,-2.61537,1.13547,1.4799,0.310552,1.82263,-0.822633,0.599843,1.02163,-0.621473,0.936582,0.379944,-0.354379,-1.21942,1.18581,0.615021,0.767795,1.26019,-0.585824,0.883731,1.74587,-0.868087,3.83667,2.62688,-3.08916,-2.37475,1.60972,-2.27732,1.05324,0.605305,-1.79382,2.64738,-0.442187,-0.422355,-0.644524,2.36638,-1.10338,-0.613575,1.29852,-1.98201,-0.441031,1.07621])
2.566841199744101
{1.8109061513011355e-7,0.11779559493637153,-0.11779571979908923,-2.6153677605291508,1.1354699584703136,1.4798980292492996,0.31055244383724934,1.8226328614480185,-0.8226329180658305,0.5998434256822021,1.0216297310726998,-0.621472942978264,0.936582182232813,0.3799442077949024,-0.354378944056676,-1.219421186685798,1.1858090337044938,0.6150207789843634,0.7677949582382321,1.2601894079150915,-0.5858241549807228,0.8837311660798294,1.7458654348801663,-0.8680866776367531,3.8366700953198145,2.6268777338782425,-3.089164924621087,-2.3747477588754733,1.6097225284234387,-2.2773222242525453,1.0532388249289224,0.6053051034011429,-1.7938158956193369,2.6473804545698085,-0.4421869584426725,-0.4223548005413665,-0.6445235525123186,2.366378946817262,-1.1033758568661378,-0.6135748656229659,1.2985201860274143,-1.9820146666615144,-0.4410310374002077,1.0762134654695892}]
Set[{A021,A031,A032,A041,A042,A043,A121,A131,A132,A141,A142,A143,B021,B031,B032,B041,B042,B043,B121,B131,B132,B141,B142,B143,\[Alpha]1,\[Alpha]2,\[Alpha]3,\[Alpha]4,\[Beta]11,\[Beta]12,\[Beta]13,\[Beta]14,\[Beta]21,\[Beta]22,\[Beta]23,\[Beta]24,\[Beta]31,\[Beta]32,\[Beta]33,\[Beta]34,\[Beta]41,\[Beta]42,\[Beta]43,\[Beta]44},{1.8109061513011355e-7,0.11779559493637153,-0.11779571979908923,-2.6153677605291508,1.1354699584703136,1.4798980292492996,0.31055244383724934,1.8226328614480185,-0.8226329180658305,0.5998434256822021,1.0216297310726998,-0.621472942978264,0.936582182232813,0.3799442077949024,-0.354378944056676,-1.219421186685798,1.1858090337044938,0.6150207789843634,0.7677949582382321,1.2601894079150915,-0.5858241549807228,0.8837311660798294,1.7458654348801663,-0.8680866776367531,3.8366700953198145,2.6268777338782425,-3.089164924621087,-2.3747477588754733,1.6097225284234387,-2.2773222242525453,1.0532388249289224,0.6053051034011429,-1.7938158956193369,2.6473804545698085,-0.4421869584426725,-0.4223548005413665,-0.6445235525123186,2.366378946817262,-1.1033758568661378,-0.6135748656229659,1.2985201860274143,-1.9820146666615144,-0.4410310374002077,1.0762134654695892}]

Max g: 0.07656382373353843
f_11([1.17854e-11,0.103774,-0.103774,-2.91948,1.28144,1.63804,0.272114,1.80612,-0.806124,0.688296,1.05717,-0.745463,0.923869,0.351241,-0.311204,-1.25012,1.1762,0.647732,0.715983,1.20277,-0.622397,0.854572,1.97526,-1.00429,3.63621,2.6646,-2.96155,-2.33941,1.62005,-2.18445,1.02843,0.53554,-1.75077,2.46696,-0.388034,-0.322295,-0.7018,2.33131,-1.08319,-0.553807,1.53616,-2.09297,-0.410389,0.963094])
2.5038353799044724
Max g: 0.059862540449759694
f_12([-2.84427e-21,-0.460082,0.460082,-3.35547,1.68452,1.67094,0.282354,1.68851,-0.688512,0.709619,1.22274,-0.932363,0.993671,0.348348,-0.339071,-1.19253,1.23966,0.661064,0.699695,1.22475,-0.619336,0.622254,2.14804,-0.907099,3.6761,2.71876,-3.03298,-2.36205,1.6319,-2.24864,1.12093,0.489468,-1.83135,2.61027,-0.471203,-0.304685,-0.689289,2.31772,-1.14031,-0.496743,1.50177,-2.10619,-0.313076,0.904908])
2.3818982490791982
Max g: 0.047497577440057226
f_13([-1.10706e-26,-0.646632,0.646632,-3.31373,1.64719,1.66654,0.232908,1.62924,-0.702438,0.710664,1.27969,-0.990357,1.01643,0.288448,-0.286297,-1.18822,1.26478,0.670354,0.653815,1.16914,-0.633798,0.561996,2.22451,-0.90346,3.65426,2.72815,-3.01831,-2.36419,1.67267,-2.25975,1.11941,0.467504,-1.8742,2.54136,-0.40152,-0.258683,-0.691864,2.31298,-1.15209,-0.470109,1.62678,-2.05151,-0.420282,0.84424])
2.3911404276992068
Max g: 0.054039238118432475
f_14([-1.81676e-10,-0.654507,0.654507,-3.44156,1.81357,1.62799,0.244604,1.51809,-0.518085,0.814857,1.49002,-1.30487,0.971259,0.347758,-0.334355,-1.19499,1.20459,0.673706,0.632128,1.2241,-0.711343,0.377549,2.38072,-0.852059,3.67553,2.82497,-3.00696,-2.49346,1.68807,-2.22625,1.09519,0.442624,-1.89343,2.53451,-0.401415,-0.235367,-0.735433,2.27982,-1.09841,-0.450793,1.68549,-2.22915,-0.273718,0.815527])
2.3194886988279575
Max g: 0.05197579611110148
f_15([-2.11216e-10,-0.95457,0.95457,-3.61574,1.95021,1.66553,0.276946,1.55112,-0.556278,0.802488,1.59034,-1.39283,0.973438,0.307337,-0.275292,-1.21517,1.19234,0.744978,0.634276,1.18656,-0.684558,0.256986,2.52364,-0.835891,3.65621,2.89276,-3.17531,-2.37369,1.622,-2.23145,1.18634,0.424118,-1.95069,2.73865,-0.539933,-0.246943,-0.6651,2.30835,-1.21161,-0.432535,1.60146,-2.19236,-0.182979,0.773084])
2.272681536139527
Max g: 0.0317672753211945
f_16([6.80705e-26,-1.33391,1.33391,-3.58709,1.95695,1.63014,0.300859,1.60618,-0.616759,0.694129,1.67396,-1.36809,0.910424,0.378231,-0.317762,-1.16814,1.01456,0.767485,0.647806,1.17067,-0.638337,0.219591,2.47367,-0.745602,3.59577,2.89075,-3.13846,-2.3481,1.63941,-2.35794,1.28453,0.4315,-1.92249,2.79089,-0.613114,-0.254892,-0.666607,2.39061,-1.29437,-0.434008,1.53243,-2.17402,-0.138494,0.775964])
2.2635387357842496
Max g: 0.030561367389763228
f_17([-6.8984e-26,-1.51277,1.51277,-3.79857,2.20549,1.59308,0.284656,1.64779,-0.647788,0.496485,1.65859,-1.15507,0.779206,0.399858,-0.209587,-1.1321,0.784762,0.646991,0.622062,1.18255,-0.671482,0.14991,2.63449,-0.845784,3.69579,3.03036,-3.24585,-2.48046,1.68618,-2.3137,1.21493,0.421563,-1.92753,2.73573,-0.566302,-0.232461,-0.692461,2.3777,-1.25909,-0.425071,1.67249,-2.32361,-0.128273,0.780872])
2.2790417450823286
Max g: 0.037070863229649476
f_18([9.36906e-9,-1.811,1.811,-4.069,2.30202,1.76698,0.269398,1.66118,-0.661181,0.489063,1.44072,-0.929788,0.790955,0.719494,-0.327781,-1.10009,0.560847,0.67545,0.567063,1.18059,-0.833274,0.164726,2.70366,-0.985623,3.36353,3.2351,-3.11474,-2.48402,1.58595,-2.16257,1.13084,0.442689,-2.07905,2.8715,-0.551131,-0.237299,-0.594917,2.17262,-1.13967,-0.441556,1.88171,-2.5658,-0.113406,0.799107])
2.239091682660356
Max g: 0.01569943006235408
f_19([-1.35737e-17,-2.02428,2.02428,-3.86353,2.20539,1.65815,0.329147,1.38544,-0.43286,0.475511,0.964159,-0.450048,0.800652,0.505716,-0.219725,-1.30283,0.720361,0.741988,0.572229,1.0845,-0.797374,0.282016,2.45594,-0.943806,3.3378,2.79304,-2.90508,-2.21295,1.40744,-2.09731,1.20856,0.498488,-1.88594,2.92145,-0.67656,-0.286874,-0.455723,2.17391,-1.2239,-0.503365,1.72281,-2.70785,-0.00406552,0.906257])
2.395811206141577
Max g: 0.07528173691910567
f_20([0.000353074,-2.62964,2.62926,-3.83205,2.40788,1.42474,0.368771,1.45223,-0.452871,0.467169,1.12262,-0.590098,0.874822,0.456467,-0.00397457,-1.53507,0.79731,0.787992,0.628728,1.08505,-0.758563,0.283477,2.51193,-0.88859,3.12478,2.6667,-2.70504,-2.09091,1.31393,-1.99896,1.24299,0.454255,-1.76989,2.91081,-0.822722,-0.292251,-0.31542,2.11754,-1.31959,-0.470446,1.67532,-2.57689,0.11033,0.82543])
2.288582058496531
{0.00035307353864463115,-2.6296374111927614,2.6292645788041513,-3.832054792824183,2.4078810053724964,1.4247409317283084,0.3687710750426208,1.4522274912614295,-0.45287141939907993,0.46716865281514275,1.1226224679644097,-0.590098250321245,0.8748224894076919,0.45646745066861105,-0.003974570869827865,-1.535065445755466,0.7973100855313732,0.7879924043088204,0.6287280513194146,1.0850458978941373,-0.7585632585332615,0.28347653175296544,2.5119327788140846,-0.8885896159807446,3.1247770756822293,2.666695470304051,-2.705044798640825,-2.090911876313328,1.3139349623229857,-1.9989615368931113,1.2429947686155194,0.4542554676868048,-1.7698908335074033,2.910805458323285,-0.8227224247550706,-0.2922507516456751,-0.31541981693240095,2.1175425053460604,-1.3195917404901192,-0.47044636576077165,1.675319115051296,-2.5768919134106056,0.11033000048303314,0.8254302520385531}]
Set[{A021,A031,A032,A041,A042,A043,A121,A131,A132,A141,A142,A143,B021,B031,B032,B041,B042,B043,B121,B131,B132,B141,B142,B143,\[Alpha]1,\[Alpha]2,\[Alpha]3,\[Alpha]4,\[Beta]11,\[Beta]12,\[Beta]13,\[Beta]14,\[Beta]21,\[Beta]22,\[Beta]23,\[Beta]24,\[Beta]31,\[Beta]32,\[Beta]33,\[Beta]34,\[Beta]41,\[Beta]42,\[Beta]43,\[Beta]44},{0.00035307353864463115,-2.6296374111927614,2.6292645788041513,-3.832054792824183,2.4078810053724964,1.4247409317283084,0.3687710750426208,1.4522274912614295,-0.45287141939907993,0.46716865281514275,1.1226224679644097,-0.590098250321245,0.8748224894076919,0.45646745066861105,-0.003974570869827865,-1.535065445755466,0.7973100855313732,0.7879924043088204,0.6287280513194146,1.0850458978941373,-0.7585632585332615,0.28347653175296544,2.5119327788140846,-0.8885896159807446,3.1247770756822293,2.666695470304051,-2.705044798640825,-2.090911876313328,1.3139349623229857,-1.9989615368931113,1.2429947686155194,0.4542554676868048,-1.7698908335074033,2.910805458323285,-0.8227224247550706,-0.2922507516456751,-0.31541981693240095,2.1175425053460604,-1.3195917404901192,-0.47044636576077165,1.675319115051296,-2.5768919134106056,0.11033000048303314,0.8254302520385531}]

Max g: 0.03418745416227664
f_21([1.96827e-21,-2.6492,2.6492,-3.78121,2.39845,1.38276,0.380806,1.38294,-0.403185,0.516543,1.1422,-0.658746,0.847885,0.389867,0.0120895,-1.57969,0.783761,0.903329,0.630464,1.04291,-0.720877,0.333625,2.45547,-0.910133,3.16344,2.71722,-2.64669,-2.23399,1.27637,-2.07762,1.32486,0.477865,-1.78306,2.90323,-0.819314,-0.302051,-0.312234,2.20138,-1.38881,-0.492944,1.61263,-2.60966,0.142353,0.854525])
2.269700188197589
Max g: 0.014679403507862288
f_22([1.60431e-20,-2.84072,2.84072,-3.74918,2.37265,1.38025,0.35243,1.29203,-0.366031,0.532427,1.20305,-0.735992,0.861766,0.456173,-0.275876,-1.6457,0.944044,0.959904,0.587262,0.983555,-0.728344,0.24405,2.31049,-0.733831,3.35356,2.31454,-2.70386,-1.96378,1.26901,-2.11515,1.35128,0.494503,-1.869,2.97759,-0.814173,-0.294847,-0.278402,2.12941,-1.35456,-0.496598,1.81796,-2.82176,0.108799,0.89476])
2.30329004167676
Max g: 0.0040103472556678454
f_23([1.29247e-25,-2.8764,2.8764,-3.87412,2.48119,1.41828,0.339883,1.29508,-0.379426,0.53572,1.20032,-0.737335,0.878842,0.496091,-0.203006,-1.77156,0.928169,0.947751,0.567149,0.972215,-0.756629,0.184699,2.33541,-0.709067,3.29048,2.27594,-2.77645,-1.78655,1.23458,-2.04099,1.31992,0.485406,-1.9047,2.98221,-0.794627,-0.283512,-0.250953,2.06947,-1.32975,-0.488758,1.89377,-2.88608,0.100707,0.89133])
2.2789423668175974
Max g: 0.008811755394021348
f_24([-3.55429e-25,-2.87639,2.87639,-3.87405,2.48126,1.41834,0.339855,1.29502,-0.379327,0.53571,1.20034,-0.737366,0.878876,0.496022,-0.203065,-1.77158,0.92816,0.947773,0.567164,0.972189,-0.756558,0.184747,2.33543,-0.709072,3.28997,2.27545,-2.777,-1.78498,1.23475,-2.04116,1.31998,0.48539,-1.90459,2.98199,-0.794522,-0.283462,-0.250936,2.06939,-1.32971,-0.488731,1.89376,-2.88602,0.100635,0.891288])
2.2791411233470598
Max g: 0.008798439142537029
f_25([4.65289e-24,-2.87636,2.87636,-3.87399,2.48134,1.41841,0.33981,1.29494,-0.379234,0.535705,1.20037,-0.737377,0.878918,0.495964,-0.203112,-1.77157,0.928113,0.947831,0.567175,0.972143,-0.756492,0.184789,2.33547,-0.709104,3.28945,2.27497,-2.77757,-1.78342,1.23491,-2.04129,1.32006,0.485378,-1.90445,2.98181,-0.794403,-0.283417,-0.250929,2.06933,-1.32965,-0.488707,1.89379,-2.88598,0.10058,0.891248])
2.279240501611791
Max g: 0.008769609736112016
f_26([-1.03398e-24,-2.87632,2.87632,-3.87393,2.48142,1.41847,0.33976,1.29485,-0.379153,0.535696,1.2004,-0.737364,0.878972,0.495915,-0.203154,-1.77155,0.928048,0.947906,0.567181,0.97208,-0.756428,0.184822,2.33552,-0.709143,3.28895,2.2745,-2.77814,-1.78184,1.23508,-2.04139,1.32013,0.485372,-1.9043,2.98164,-0.794275,-0.283377,-0.250935,2.06929,-1.32959,-0.488688,1.89383,-2.88595,0.100525,0.891209])
2.2791411233470598
Max g: 0.008727507626668296
f_27([8.49799e-24,-2.87629,2.87629,-3.87387,2.4815,1.41853,0.339707,1.29476,-0.379079,0.535686,1.20044,-0.737339,0.879032,0.495872,-0.203194,-1.77152,0.927975,0.94799,0.567184,0.972009,-0.756365,0.184851,2.33557,-0.709185,3.28845,2.27403,-2.77869,-1.78027,1.23525,-2.04148,1.3202,0.48537,-1.90415,2.98147,-0.794142,-0.283339,-0.250949,2.06925,-1.32952,-0.488673,1.89387,-2.88593,0.100471,0.89117])
2.279240501611791
Max g: 0.008679060679732342
f_28([-5.14403e-23,-2.87625,2.87625,-3.87381,2.48158,1.41859,0.339653,1.29465,-0.379009,0.535674,1.20048,-0.737305,0.879097,0.495832,-0.203231,-1.77149,0.927895,0.94808,0.567185,0.971933,-0.756303,0.184876,2.33562,-0.709229,3.28795,2.27356,-2.77924,-1.77869,1.23542,-2.04156,1.32027,0.48537,-1.90399,2.9813,-0.794006,-0.283302,-0.250969,2.06921,-1.32944,-0.48866,1.89392,-2.88591,0.100417,0.891133])
2.279240501611791
Max g: 0.008626442931606804
f_29([-2.97268e-24,-2.87621,2.87621,-3.87376,2.48167,1.41866,0.339597,1.29454,-0.378943,0.53566,1.20052,-0.737263,0.879165,0.495795,-0.203268,-1.77145,0.927811,0.948174,0.567185,0.971853,-0.756241,0.184899,2.33568,-0.709276,3.28745,2.27309,-2.77978,-1.77711,1.23558,-2.04164,1.32034,0.485373,-1.90383,2.98114,-0.793867,-0.283268,-0.250992,2.06918,-1.32937,-0.488648,1.89398,-2.88589,0.100364,0.891095])
2.2794392581412537
Max g: 0.008570127455026666
f_30([5.42826e-24,-2.87617,2.87617,-3.87371,2.48175,1.41872,0.339541,1.29443,-0.37888,0.535646,1.20056,-0.737217,0.879235,0.49576,-0.203303,-1.7714,0.927724,0.948272,0.567184,0.971769,-0.75618,0.184919,2.33573,-0.709323,3.28696,2.27262,-2.78032,-1.77553,1.23575,-2.04171,1.32041,0.485377,-1.90367,2.98097,-0.793725,-0.283234,-0.251018,2.06915,-1.32929,-0.488638,1.89403,-2.88588,0.100311,0.891057])
2.2791411233470598
{5.42825986836829e-24,-2.8761704127739534,2.876170412773954,-3.8737069591485507,2.4817534461210236,1.4187206293060846,0.3395407139228007,1.2944305421305333,-0.37887970032583873,0.5356457856449637,1.2005613896443659,-0.7372172163683955,0.879235435286302,0.4957598633197322,-0.2033029179101454,-1.7714026321088794,0.9277235213672765,0.9482716633120583,0.567184207270917,0.9717685992382232,-0.7561801512009768,0.1849186108295078,2.3357313824332624,-0.7093232168873027,3.286957906282544,2.2726232633572754,-2.78032212522155,-1.7755314767758723,1.2357534108608452,-2.0417073110626567,1.32040878456056,0.48537664918144746,-1.9036719115005702,2.9809721606799844,-0.7937254769507563,-0.28323428507038273,-0.25101821420925485,2.0691538140708627,-1.3292875228486685,-0.48863795143162825,1.8940308225430982,-2.8858826835316287,0.1003105199248408,0.8910574335294178}]
Set[{A021,A031,A032,A041,A042,A043,A121,A131,A132,A141,A142,A143,B021,B031,B032,B041,B042,B043,B121,B131,B132,B141,B142,B143,\[Alpha]1,\[Alpha]2,\[Alpha]3,\[Alpha]4,\[Beta]11,\[Beta]12,\[Beta]13,\[Beta]14,\[Beta]21,\[Beta]22,\[Beta]23,\[Beta]24,\[Beta]31,\[Beta]32,\[Beta]33,\[Beta]34,\[Beta]41,\[Beta]42,\[Beta]43,\[Beta]44},{5.42825986836829e-24,-2.8761704127739534,2.876170412773954,-3.8737069591485507,2.4817534461210236,1.4187206293060846,0.3395407139228007,1.2944305421305333,-0.37887970032583873,0.5356457856449637,1.2005613896443659,-0.7372172163683955,0.879235435286302,0.4957598633197322,-0.2033029179101454,-1.7714026321088794,0.9277235213672765,0.9482716633120583,0.567184207270917,0.9717685992382232,-0.7561801512009768,0.1849186108295078,2.3357313824332624,-0.7093232168873027,3.286957906282544,2.2726232633572754,-2.78032212522155,-1.7755314767758723,1.2357534108608452,-2.0417073110626567,1.32040878456056,0.48537664918144746,-1.9036719115005702,2.9809721606799844,-0.7937254769507563,-0.28323428507038273,-0.25101821420925485,2.0691538140708627,-1.3292875228486685,-0.48863795143162825,1.8940308225430982,-2.8858826835316287,0.1003105199248408,0.8910574335294178}]

Max g: 0.00851043744733082
f_31([-1.13737e-23,-2.87614,2.87614,-3.87365,2.48184,1.41879,0.33948,1.2943,-0.378837,0.535621,1.20061,-0.737133,0.879329,0.495735,-0.203339,-1.77134,0.927629,0.948373,0.56717,0.971674,-0.756124,0.184929,2.33578,-0.709373,3.28647,2.27215,-2.78083,-1.77395,1.23593,-2.04177,1.32046,0.485391,-1.90351,2.98079,-0.793577,-0.283207,-0.251066,2.06913,-1.32921,-0.488631,1.8941,-2.88588,0.100255,0.891021])
2.278842988552866
Max g: 0.008441590071496752
f_32([5.05003e-24,-2.87611,2.87611,-3.8736,2.48193,1.41885,0.339423,1.29415,-0.378803,0.535589,1.20066,-0.737032,0.879431,0.495715,-0.203374,-1.77127,0.927533,0.948476,0.567153,0.97157,-0.756067,0.184932,2.33583,-0.709416,3.28599,2.27169,-2.78132,-1.77236,1.2361,-2.04183,1.32051,0.485412,-1.90336,2.98061,-0.793424,-0.283183,-0.251125,2.06912,-1.32912,-0.488629,1.89417,-2.88589,0.100195,0.890984])
2.2786442320234035
Max g: 0.008365594677113009
f_33([-4.91138e-23,-2.87609,2.87609,-3.87354,2.48202,1.41892,0.339366,1.29401,-0.378771,0.535557,1.20072,-0.73693,0.879533,0.495696,-0.203409,-1.77119,0.927437,0.94858,0.567136,0.971466,-0.75601,0.184933,2.33587,-0.709458,3.2855,2.27122,-2.78181,-1.77077,1.23628,-2.04189,1.32055,0.485434,-1.9032,2.98043,-0.79327,-0.283159,-0.251186,2.0691,-1.32904,-0.488629,1.89423,-2.88589,0.100131,0.890948])
2.2782467189644784
Max g: 0.008288529726368399
{1.7410406697260612e-30,-2.840736971387806,2.840736971387806,-3.748674965673948,2.373149938534318,1.3807523452243469,0.35154920781643734,1.2934662766892568,-0.36916990959984924,0.5330694291014108,1.2020520904194556,-0.7356845618013612,0.8622723998533292,0.4568129819831838,-0.27523163810802587,-1.6462770312052908,0.9434517884980271,0.9593403688774113,0.5872187957894025,0.9829098670286263,-0.7274992479718867,0.24408590140114597,2.3108551442022547,-0.733631427840936,3.3488091300292653,2.3100815687591933,-2.7085597913172834,-1.9496630433190256,1.2714561383242557,-2.1198969477712017,1.3534669886495194,0.4947439924956572,-1.8661983040289554,2.9711254414809156,-0.8114601209527257,-0.2937136618997023,-0.2773393731632926,2.1286066922925775,-1.355308226502211,-0.4960556810687903,1.8194838138209284,-2.82032655240258,0.10664750302130774,0.8940491942679867}]
Set[{A021,A031,A032,A041,A042,A043,A121,A131,A132,A141,A142,A143,B021,B031,B032,B041,B042,B043,B121,B131,B132,B141,B142,B143,\[Alpha]1,\[Alpha]2,\[Alpha]3,\[Alpha]4,\[Beta]11,\[Beta]12,\[Beta]13,\[Beta]14,\[Beta]21,\[Beta]22,\[Beta]23,\[Beta]24,\[Beta]31,\[Beta]32,\[Beta]33,\[Beta]34,\[Beta]41,\[Beta]42,\[Beta]43,\[Beta]44},{1.7410406697260612e-30,-2.840736971387806,2.840736971387806,-3.748674965673948,2.373149938534318,1.3807523452243469,0.35154920781643734,1.2934662766892568,-0.36916990959984924,0.5330694291014108,1.2020520904194556,-0.7356845618013612,0.8622723998533292,0.4568129819831838,-0.27523163810802587,-1.6462770312052908,0.9434517884980271,0.9593403688774113,0.5872187957894025,0.9829098670286263,-0.7274992479718867,0.24408590140114597,2.3108551442022547,-0.733631427840936,3.3488091300292653,2.3100815687591933,-2.7085597913172834,-1.9496630433190256,1.2714561383242557,-2.1198969477712017,1.3534669886495194,0.4947439924956572,-1.8661983040289554,2.9711254414809156,-0.8114601209527257,-0.2937136618997023,-0.2773393731632926,2.1286066922925775,-1.355308226502211,-0.4960556810687903,1.8194838138209284,-2.82032655240258,0.10664750302130774,0.8940491942679867}]


-----------------Final Result------------------
Options: alg=LN_AUGLAG_EQ,dx=0.01,max_eval=100000000,popSize=0
imin=-1,jmin=-4,imax=1,jmax=4,
parameter_minmax=5,
randSeed=72035930,rand_minmax=2,
END_C=true, INEQ_C=true

3322788 steps

Completed with maxf : 2.303488798206222

Constraints at 0.0031291713361107365

x = [1.7410406697260612e-30,-2.840736971387806,2.840736971387806,-3.748674965673948,2.373149938534318,1.3807523452243469,0.35154920781643734,1.2934662766892568,-0.36916990959984924,0.5330694291014108,1.2020520904194556,-0.7356845618013612,0.8622723998533292,0.4568129819831838,-0.27523163810802587,-1.6462770312052908,0.9434517884980271,0.9593403688774113,0.5872187957894025,0.9829098670286263,-0.7274992479718867,0.24408590140114597,2.3108551442022547,-0.733631427840936,3.3488091300292653,2.3100815687591933,-2.7085597913172834,-1.9496630433190256,1.2714561383242557,-2.1198969477712017,1.3534669886495194,0.4947439924956572,-1.8661983040289554,2.9711254414809156,-0.8114601209527257,-0.2937136618997023,-0.2773393731632926,2.1286066922925775,-1.355308226502211,-0.4960556810687903,1.8194838138209284,-2.82032655240258,0.10664750302130774,0.8940491942679867]
c0 = [0.0,1.7410406697260612e-30,0.0,0.005227318084716881]
c1 = [0.0,0.35154920781643734,0.9242963670894075,0.9994369577195051]
A0 = [0.0,1.7410406697260612e-30,-2.840736971387806,-3.748674965673948,0.0,0.0,2.840736971387806,2.373149938534318,0.0,0.0,0.0,1.3807523452243469,0.0,0.0,0.0,0.0]
A1 = [0.0,0.35154920781643734,1.2934662766892568,0.5330694291014108,0.0,0.0,-0.36916990959984924,1.2020520904194556,0.0,0.0,0.0,-0.7356845618013612,0.0,0.0,0.0,0.0]
B0 = [0.0,0.8622723998533292,0.4568129819831838,-1.6462770312052908,0.0,0.0,-0.27523163810802587,0.9434517884980271,0.0,0.0,0.0,0.9593403688774113,0.0,0.0,0.0,0.0]
B1 = [0.0,0.5872187957894025,0.9829098670286263,0.24408590140114597,0.0,0.0,-0.7274992479718867,2.3108551442022547,0.0,0.0,0.0,-0.733631427840936,0.0,0.0,0.0,0.0]
α  = [3.3488091300292653,2.3100815687591933,-2.7085597913172834,-1.9496630433190256]
β1 = [1.2714561383242557,-2.1198969477712017,1.3534669886495194,0.4947439924956572]
β2 = [-1.8661983040289554,2.9711254414809156,-0.8114601209527257,-0.2937136618997023]
β3 = [-0.2773393731632926,2.1286066922925775,-1.355308226502211,-0.4960556810687903]
β4 = [1.8194838138209284,-2.82032655240258,0.10664750302130774,0.8940491942679867]


Set[{A021,A031,A032,A041,A042,A043,A121,A131,A132,A141,A142,A143,B021,B031,B032,B041,B042,B043,B121,B131,B132,B141,B142,B143,\[Alpha]1,\[Alpha]2,\[Alpha]3,\[Alpha]4,\[Beta]11,\[Beta]12,\[Beta]13,\[Beta]14,\[Beta]21,\[Beta]22,\[Beta]23,\[Beta]24,\[Beta]31,\[Beta]32,\[Beta]33,\[Beta]34,\[Beta]41,\[Beta]42,\[Beta]43,\[Beta]44},{1.7410406697260612e-30,-2.840736971387806,2.840736971387806,-3.748674965673948,2.373149938534318,1.3807523452243469,0.35154920781643734,1.2934662766892568,-0.36916990959984924,0.5330694291014108,1.2020520904194556,-0.7356845618013612,0.8622723998533292,0.4568129819831838,-0.27523163810802587,-1.6462770312052908,0.9434517884980271,0.9593403688774113,0.5872187957894025,0.9829098670286263,-0.7274992479718867,0.24408590140114597,2.3108551442022547,-0.733631427840936,3.3488091300292653,2.3100815687591933,-2.7085597913172834,-1.9496630433190256,1.2714561383242557,-2.1198969477712017,1.3534669886495194,0.4947439924956572,-1.8661983040289554,2.9711254414809156,-0.8114601209527257,-0.2937136618997023,-0.2773393731632926,2.1286066922925775,-1.355308226502211,-0.4960556810687903,1.8194838138209284,-2.82032655240258,0.10664750302130774,0.8940491942679867}]



