
-----------------Setup------------------
Options: alg=LN_AUGLAG_EQ,dx=0.01,max_eval=100000000,popSize=0
imin=-6,jmin=-3,imax=1,jmax=3,
parameter_minmax=5,
randSeed=35268258, rand_minmax=2

Initial Condition:

[1.04539,0.926033,-1.03251,-1.08119,1.90566,1.40531,-1.26968,0.786783,0.594689,-1.39429,1.25365,-1.45927,1.80129,-0.878038,-0.336024,-1.871,-0.925938,-0.697636,0.599206,-0.0536263,0.71831,1.29644,1.77919,-0.96063,0.741461,1.77142,1.93449,-0.276832,1.60834,0.39181,0.042043,-0.406265,1.30626,-1.7506,-0.388928,-1.29553,-0.0598161,-0.375926,1.42557,-0.205867,1.84777,-1.67873,1.59768,1.07307]

f_1([0.133384,0.132846,0.418154,0.269716,0.345272,-0.0234832,0.483955,0.113857,-0.113723,3.27911,0.0840466,0.135836,1.36786,-1.21194,-0.351169,-0.615719,-0.689935,-0.608289,0.94329,0.66558,0.7726,0.564564,2.0167,-0.481736,-0.699128,0.980499,1.81175,-1.29782,1.41192,0.281298,-1.59352,0.93265,-1.47651,1.17385,0.92056,-0.640316,-0.408725,-0.295463,1.65714,-0.947477,1.06604,-1.96424,-0.0981989,0.925701])
3.9864514919262
Max g: 2.399256408779168
f_2([0.115075,0.0919336,0.487639,0.242463,0.36774,-0.0598453,0.559553,0.0586558,-0.0566193,0.873811,0.0231188,0.103063,1.27057,-1.05518,-0.375514,-0.801256,-0.615074,-0.405505,0.767305,0.327552,0.796547,0.190467,1.99893,-0.370436,-0.681178,1.09349,1.74223,-1.15438,1.43865,0.270312,-1.55993,0.850422,-1.64137,1.12996,1.15095,-0.638981,-0.438379,-0.271057,1.56027,-0.850293,1.34758,-2.03802,-0.449057,1.13877])
13.468978236462766
Max g: 0.00545908124328065
f_3([0.11763,0.0925565,0.486262,0.241629,0.369977,-0.0599824,0.569038,0.055745,-0.055745,0.871005,0.0199618,0.109034,1.2703,-1.05191,-0.378111,-0.806269,-0.613114,-0.402216,0.75625,0.299193,0.808176,0.154104,2.00028,-0.34867,-0.681081,1.09362,1.73898,-1.15149,1.45115,0.265257,-1.56535,0.84891,-1.66364,1.12516,1.1792,-0.640666,-0.451113,-0.265237,1.56528,-0.848879,1.37475,-2.0345,-0.4977,1.15743])
13.434684465500911
Max g: 0.0005461226821052989
f_4([0.117666,0.0925576,0.486351,0.241586,0.370066,-0.0598358,0.570287,0.0557414,-0.0557414,0.87096,0.0199641,0.109076,1.27031,-1.05181,-0.378219,-0.806305,-0.613133,-0.402228,0.754906,0.295684,0.809832,0.149359,2.00073,-0.346032,-0.681184,1.09364,1.73894,-1.1514,1.4526,0.264633,-1.56634,0.849099,-1.66632,1.1244,1.18308,-0.641172,-0.452603,-0.264665,1.56637,-0.849101,1.37797,-2.03383,-0.504014,1.1599])
13.434385391916942
Max g: 0.00014702117783460533
f_5([0.117663,0.092556,0.486349,0.241586,0.370068,-0.0598351,0.570277,0.0557403,-0.0557403,0.870955,0.0199634,0.109071,1.27031,-1.05181,-0.37822,-0.806306,-0.613136,-0.402229,0.754906,0.295688,0.809832,0.149365,2.00073,-0.34603,-0.681183,1.09364,1.73894,-1.1514,1.4526,0.26464,-1.56634,0.8491,-1.66632,1.1244,1.18308,-0.641171,-0.452599,-0.264665,1.56636,-0.849101,1.37797,-2.03384,-0.50401,1.15989])
13.434385391916942
Max g: 0.00014679545153151174
f_6([0.11766,0.0925621,0.486357,0.241595,0.370071,-0.0598309,0.570046,0.0557447,-0.0557447,0.870823,0.0198432,0.10896,1.27032,-1.05181,-0.378228,-0.80632,-0.613132,-0.402228,0.75502,0.296022,0.809803,0.149712,2.00068,-0.346222,-0.681178,1.09364,1.73894,-1.1514,1.45238,0.264819,-1.56655,0.849359,-1.66602,1.12453,1.18277,-0.641279,-0.452376,-0.264819,1.56655,-0.849359,1.37765,-2.03385,-0.503623,1.15982])
13.433787244749004
Max g: 1.7681722010998158e-6
f_7([0.11766,0.0925622,0.486357,0.241595,0.370071,-0.0598309,0.570045,0.0557447,-0.0557447,0.870822,0.0198426,0.10896,1.27032,-1.05181,-0.378228,-0.80632,-0.613132,-0.402228,0.755021,0.296023,0.809803,0.149713,2.00068,-0.346223,-0.681178,1.09364,1.73894,-1.1514,1.45237,0.26482,-1.56655,0.84936,-1.66602,1.12454,1.18276,-0.641279,-0.452375,-0.264819,1.56656,-0.84936,1.37765,-2.03385,-0.503621,1.15982])
13.433787244749004
Max g: 1.7641807654733555e-6
f_8([0.11766,0.0925622,0.486357,0.241595,0.370071,-0.0598309,0.570045,0.0557447,-0.0557447,0.870822,0.0198426,0.10896,1.27032,-1.05181,-0.378228,-0.80632,-0.613132,-0.402228,0.755021,0.296023,0.809803,0.149713,2.00068,-0.346223,-0.681178,1.09364,1.73894,-1.1514,1.45237,0.26482,-1.56655,0.84936,-1.66602,1.12454,1.18276,-0.641279,-0.452375,-0.264819,1.56656,-0.84936,1.37765,-2.03385,-0.503621,1.15982])
13.433787244749004
Max g: 1.764334141896029e-6
f_9([0.11766,0.0925622,0.486357,0.241595,0.370071,-0.0598309,0.570045,0.0557447,-0.0557447,0.870822,0.0198426,0.10896,1.27032,-1.05181,-0.378228,-0.80632,-0.613132,-0.402228,0.755021,0.296023,0.809803,0.149713,2.00068,-0.346223,-0.681178,1.09364,1.73894,-1.1514,1.45237,0.26482,-1.56655,0.84936,-1.66602,1.12454,1.18276,-0.641279,-0.452375,-0.264819,1.56656,-0.84936,1.37765,-2.03385,-0.503621,1.15982])
13.433787244749004
Max g: 1.764454482966471e-6
f_10([0.11766,0.0925622,0.486357,0.241595,0.370071,-0.0598309,0.570045,0.0557447,-0.0557447,0.870822,0.0198426,0.10896,1.27032,-1.05181,-0.378228,-0.80632,-0.613132,-0.402228,0.755021,0.296023,0.809803,0.149713,2.00068,-0.346223,-0.681178,1.09364,1.73894,-1.1514,1.45237,0.26482,-1.56655,0.84936,-1.66602,1.12454,1.18276,-0.641279,-0.452375,-0.264819,1.56656,-0.84936,1.37765,-2.03385,-0.503621,1.15982])
13.433787244749004
{0.11766008956137523,0.09256215487933293,0.48635712585438645,0.2415950012543544,0.3700709900831903,-0.059830923240722304,0.5700452496940521,0.055744695630200645,-0.05574469563020008,0.8708220191270799,0.019842636635638417,0.10895972967736335,1.2703158701930095,-1.0518069947303228,-0.3782277437580009,-0.8063196868074671,-0.6131320711536191,-0.4022282570376102,0.7550206042309859,0.2960232360519096,0.8098030546100075,0.14971346597553054,2.0006827945759262,-0.3462228890054039,-0.6811775847921394,1.0936369717517853,1.7389371019602775,-1.1513964526521514,1.4523745118475246,0.264820027836405,-1.566554275453832,0.8493599117673486,-1.6660194074590684,1.1245353085471848,1.182763872815681,-0.6412794861220661,-0.4523752014741558,-0.2648193394498592,1.5665551033417766,-0.8493603560481319,1.3776490880296848,-2.0338483833446688,-0.5036211598552016,1.1598198240915654}]
Set[{A021,A031,A032,A041,A042,A043,A121,A131,A132,A141,A142,A143,B021,B031,B032,B041,B042,B043,B121,B131,B132,B141,B142,B143,\[Alpha]1,\[Alpha]2,\[Alpha]3,\[Alpha]4,\[Beta]11,\[Beta]12,\[Beta]13,\[Beta]14,\[Beta]21,\[Beta]22,\[Beta]23,\[Beta]24,\[Beta]31,\[Beta]32,\[Beta]33,\[Beta]34,\[Beta]41,\[Beta]42,\[Beta]43,\[Beta]44},{0.11766008956137523,0.09256215487933293,0.48635712585438645,0.2415950012543544,0.3700709900831903,-0.059830923240722304,0.5700452496940521,0.055744695630200645,-0.05574469563020008,0.8708220191270799,0.019842636635638417,0.10895972967736335,1.2703158701930095,-1.0518069947303228,-0.3782277437580009,-0.8063196868074671,-0.6131320711536191,-0.4022282570376102,0.7550206042309859,0.2960232360519096,0.8098030546100075,0.14971346597553054,2.0006827945759262,-0.3462228890054039,-0.6811775847921394,1.0936369717517853,1.7389371019602775,-1.1513964526521514,1.4523745118475246,0.264820027836405,-1.566554275453832,0.8493599117673486,-1.6660194074590684,1.1245353085471848,1.182763872815681,-0.6412794861220661,-0.4523752014741558,-0.2648193394498592,1.5665551033417766,-0.8493603560481319,1.3776490880296848,-2.0338483833446688,-0.5036211598552016,1.1598198240915654}]

Max g: 1.7645215701911354e-6
f_11([0.117661,0.0925625,0.486356,0.241596,0.37007,-0.0598317,0.570048,0.0557486,-0.0557422,0.870825,0.0198477,0.108961,1.27032,-1.05181,-0.378229,-0.806321,-0.613133,-0.402229,0.75502,0.296023,0.809805,0.149713,2.00068,-0.346221,-0.681176,1.09364,1.73894,-1.1514,1.45237,0.26482,-1.56655,0.849361,-1.66602,1.12453,1.18277,-0.641281,-0.452374,-0.26482,1.56655,-0.849361,1.37765,-2.03385,-0.50362,1.15982])
13.433787244749004
Max g: 1.5583643677707926e-6
f_12([0.117661,0.0925625,0.486356,0.241596,0.37007,-0.0598317,0.57005,0.0557509,-0.0557417,0.870828,0.0198509,0.108962,1.27032,-1.05181,-0.378229,-0.806321,-0.613133,-0.402229,0.755019,0.296021,0.809805,0.14971,2.00068,-0.346219,-0.681176,1.09364,1.73894,-1.1514,1.45237,0.264819,-1.56655,0.84936,-1.66602,1.12453,1.18277,-0.641281,-0.452375,-0.264819,1.56655,-0.84936,1.37765,-2.03385,-0.503622,1.15982])
13.433787244749004
Max g: 7.711988243563894e-7
{0.11766118954271941,0.09256249942983891,0.48635585067382275,0.2415960707650455,0.37007025542125027,-0.059831733983085666,0.5700504312442704,0.0557508886225621,-0.055741659745237475,0.8708275162839392,0.019850920752492406,0.10896173644590261,1.2703156825985809,-1.0518083174575932,-0.3782288020132693,-0.8063205350391311,-0.6131325374555137,-0.4022287977865106,0.7550193459729134,0.2960208524941836,0.8098054346533733,0.14970990571661558,2.000682496634605,-0.3462191439017141,-0.6811762854319426,1.093637054987404,1.738936158630247,-1.1513969542641118,1.4523747071142297,0.2648185890510131,-1.5665532809967322,0.8493599938257824,-1.6660208858643066,1.1245307996727818,1.1827713848988934,-0.6412812449487575,-0.45237457466693487,-0.2648187448115272,1.5665534297597594,-0.8493600291893613,1.3776530224620427,-2.0338508878227235,-0.5036217205511135,1.1598194376362798}]
Set[{A021,A031,A032,A041,A042,A043,A121,A131,A132,A141,A142,A143,B021,B031,B032,B041,B042,B043,B121,B131,B132,B141,B142,B143,\[Alpha]1,\[Alpha]2,\[Alpha]3,\[Alpha]4,\[Beta]11,\[Beta]12,\[Beta]13,\[Beta]14,\[Beta]21,\[Beta]22,\[Beta]23,\[Beta]24,\[Beta]31,\[Beta]32,\[Beta]33,\[Beta]34,\[Beta]41,\[Beta]42,\[Beta]43,\[Beta]44},{0.11766118954271941,0.09256249942983891,0.48635585067382275,0.2415960707650455,0.37007025542125027,-0.059831733983085666,0.5700504312442704,0.0557508886225621,-0.055741659745237475,0.8708275162839392,0.019850920752492406,0.10896173644590261,1.2703156825985809,-1.0518083174575932,-0.3782288020132693,-0.8063205350391311,-0.6131325374555137,-0.4022287977865106,0.7550193459729134,0.2960208524941836,0.8098054346533733,0.14970990571661558,2.000682496634605,-0.3462191439017141,-0.6811762854319426,1.093637054987404,1.738936158630247,-1.1513969542641118,1.4523747071142297,0.2648185890510131,-1.5665532809967322,0.8493599938257824,-1.6660208858643066,1.1245307996727818,1.1827713848988934,-0.6412812449487575,-0.45237457466693487,-0.2648187448115272,1.5665534297597594,-0.8493600291893613,1.3776530224620427,-2.0338508878227235,-0.5036217205511135,1.1598194376362798}]


-----------------Final Result------------------
Options: alg=LN_AUGLAG_EQ,dx=0.01,max_eval=100000000,popSize=0
imin=-6,jmin=-3,imax=1,jmax=3,
parameter_minmax=5,
randSeed=35268258,rand_minmax=2

1218493 steps

Completed with maxf : 13.433787244749004

Constraints at 7.711979010949221e-7

x = [0.11766118954271941,0.09256249942983891,0.48635585067382275,0.2415960707650455,0.37007025542125027,-0.059831733983085666,0.5700504312442704,0.0557508886225621,-0.055741659745237475,0.8708275162839392,0.019850920752492406,0.10896173644590261,1.2703156825985809,-1.0518083174575932,-0.3782288020132693,-0.8063205350391311,-0.6131325374555137,-0.4022287977865106,0.7550193459729134,0.2960208524941836,0.8098054346533733,0.14970990571661558,2.000682496634605,-0.3462191439017141,-0.6811762854319426,1.093637054987404,1.738936158630247,-1.1513969542641118,1.4523747071142297,0.2648185890510131,-1.5665532809967322,0.8493599938257824,-1.6660208858643066,1.1245307996727818,1.1827713848988934,-0.6412812449487575,-0.45237457466693487,-0.2648187448115272,1.5665534297597594,-0.8493600291893613,1.3776530224620427,-2.0338508878227235,-0.5036217205511135,1.1598194376362798]
c0 = [0.0,0.11766118954271941,0.5789183501036617,0.5518345922032101]
c1 = [0.0,0.5700504312442704,9.228877324622686e-6,0.9996401734823341]
A0 = [0.0,0.11766118954271941,0.09256249942983891,0.2415960707650455,0.0,0.0,0.48635585067382275,0.37007025542125027,0.0,0.0,0.0,-0.059831733983085666,0.0,0.0,0.0,0.0]
A1 = [0.0,0.5700504312442704,0.0557508886225621,0.8708275162839392,0.0,0.0,-0.055741659745237475,0.019850920752492406,0.0,0.0,0.0,0.10896173644590261,0.0,0.0,0.0,0.0]
B0 = [0.0,1.2703156825985809,-1.0518083174575932,-0.8063205350391311,0.0,0.0,-0.3782288020132693,-0.6131325374555137,0.0,0.0,0.0,-0.4022287977865106,0.0,0.0,0.0,0.0]
B1 = [0.0,0.7550193459729134,0.2960208524941836,0.14970990571661558,0.0,0.0,0.8098054346533733,2.000682496634605,0.0,0.0,0.0,-0.3462191439017141,0.0,0.0,0.0,0.0]
α  = [-0.6811762854319426,1.093637054987404,1.738936158630247,-1.1513969542641118]
β1 = [1.4523747071142297,0.2648185890510131,-1.5665532809967322,0.8493599938257824]
β2 = [-1.6660208858643066,1.1245307996727818,1.1827713848988934,-0.6412812449487575]
β3 = [-0.45237457466693487,-0.2648187448115272,1.5665534297597594,-0.8493600291893613]
β4 = [1.3776530224620427,-2.0338508878227235,-0.5036217205511135,1.1598194376362798]


Set[{A021,A031,A032,A041,A042,A043,A121,A131,A132,A141,A142,A143,B021,B031,B032,B041,B042,B043,B121,B131,B132,B141,B142,B143,\[Alpha]1,\[Alpha]2,\[Alpha]3,\[Alpha]4,\[Beta]11,\[Beta]12,\[Beta]13,\[Beta]14,\[Beta]21,\[Beta]22,\[Beta]23,\[Beta]24,\[Beta]31,\[Beta]32,\[Beta]33,\[Beta]34,\[Beta]41,\[Beta]42,\[Beta]43,\[Beta]44},{0.11766118954271941,0.09256249942983891,0.48635585067382275,0.2415960707650455,0.37007025542125027,-0.059831733983085666,0.5700504312442704,0.0557508886225621,-0.055741659745237475,0.8708275162839392,0.019850920752492406,0.10896173644590261,1.2703156825985809,-1.0518083174575932,-0.3782288020132693,-0.8063205350391311,-0.6131325374555137,-0.4022287977865106,0.7550193459729134,0.2960208524941836,0.8098054346533733,0.14970990571661558,2.000682496634605,-0.3462191439017141,-0.6811762854319426,1.093637054987404,1.738936158630247,-1.1513969542641118,1.4523747071142297,0.2648185890510131,-1.5665532809967322,0.8493599938257824,-1.6660208858643066,1.1245307996727818,1.1827713848988934,-0.6412812449487575,-0.45237457466693487,-0.2648187448115272,1.5665534297597594,-0.8493600291893613,1.3776530224620427,-2.0338508878227235,-0.5036217205511135,1.1598194376362798}]



