
-----------------Setup------------------
Options: alg=GN_ISRES,dx=0.01,max_eval=100000000,popSize=0
imin=-1,jmin=-4,imax=1,jmax=4,
parameter_minmax=5,
randSeed=8987983, rand_minmax=2,
END_C=true, INEQ_C=true

Initial Condition:

[0.125618,-0.816376,-0.914711,-1.35564,0.274989,-0.441555,-1.47288,-0.248772,1.02106,-1.14318,0.440097,-1.39236,0.675703,1.01812,-1.6582,1.77907,-1.78829,0.191865,0.235453,1.62449,-0.103555,0.319599,-0.500456,1.85235,-1.40478,-1.9749,0.924351,-1.29305,1.4335,-1.14958,0.115456,1.76706,0.380651,0.741294,-1.15106,1.99505,1.38987,1.38684,-0.53012,-0.653112,-0.926905,0.610651,1.7127,1.95447]

f_1([4.57174,4.49191,-4.10426,1.92575,1.51083,-4.42338,-1.78178,2.12578,-0.913007,4.79569,0.513971,-2.65928,2.47418,4.23246,-3.76222,-0.989361,4.6721,-3.47254,-0.865134,0.557664,-2.55031,-4.40368,0.572769,4.39936,-2.34979,2.49399,-1.59871,0.802925,0.996811,-0.0939094,2.88171,0.939137,-1.95279,-1.61637,1.85891,3.60008,1.30795,0.243056,-1.91954,-1.13139,-0.129578,-0.446613,4.14045,-0.0884659])
0.1278004484444196
Max g: 14.676041183106111
f_2([0.31093,4.12863,-4.14534,0.32028,3.43068,-2.04583,-0.063145,1.62865,-1.74478,0.648168,-0.257791,0.0877637,-0.279408,3.27848,-4.00589,-2.28392,1.72757,0.481542,-0.0741828,-0.487159,0.732284,-2.33616,0.0190432,3.43246,-0.689565,1.44422,0.569883,0.0158678,-1.50048,1.05487,0.855175,-0.0351515,0.100687,-0.134842,0.274605,-0.0895959,2.04768,-0.671764,-0.898782,-0.613701,-0.311211,1.197,-0.76732,0.574466])
4.097564611399929
Max g: 0.853357548299148
f_3([-0.129228,3.80316,-4.29263,1.78807,2.88741,-4.16103,0.235027,2.29642,-1.78385,1.27338,-0.0685492,-0.307244,-0.0200001,2.88338,-4.28063,-2.19203,4.82461,0.765125,-0.567745,-0.173487,0.413074,-3.22558,0.957543,3.62008,-0.163682,0.580983,-0.374305,0.228766,-0.325504,0.430373,0.470336,0.378213,0.670936,-0.942839,0.166247,0.115927,1.51402,-0.265668,-0.460158,-0.492194,-0.490886,1.57695,-2.227,1.0394])
3.213197433556313
Max g: 0.4104341111813099
f_4([-0.0856677,4.90056,-4.44033,3.15303,2.25459,-4.88465,0.1926,2.55236,-1.78624,1.44376,-0.20235,-0.207794,-0.31625,2.93876,-4.50794,-1.99675,3.77917,0.698845,-0.65569,-0.130426,0.480186,-3.2472,0.68114,3.87632,0.128779,0.658741,-0.231507,0.303194,-0.76472,0.884529,0.377516,0.277382,0.747398,-1.04974,0.209328,0.119983,1.83112,-0.701476,-0.719802,-0.292069,-0.542377,1.00391,-1.16221,0.766045])
4.022633399792547
Max g: 0.13332388288775418
f_5([0.0366236,4.44263,-4.41572,3.0476,2.39757,-4.81647,0.295382,2.57795,-1.80908,1.52571,-0.288133,-0.250997,0.113783,2.85114,-3.30839,-2.1307,3.99279,0.153474,-0.738676,-0.110189,0.450841,-3.02195,0.715657,3.79232,0.260512,0.876557,-0.487173,0.374425,-0.567844,0.764867,0.450309,0.263381,0.579653,-0.87881,0.115103,0.198955,1.78206,-0.877447,-0.66012,-0.271316,-0.335201,0.931683,-1.40629,0.809737])
3.2408245911516076
Max g: 0.13328802407286666
f_6([0.0250635,4.47903,-4.56269,3.0064,2.26752,-4.76705,0.335688,2.56792,-1.81151,1.38908,-0.183519,-0.203886,0.0788516,2.83703,-2.91659,-2.44127,4.11339,0.0565849,-0.69658,-0.109128,0.39851,-2.81187,0.570412,3.6684,0.240079,0.898147,-0.641608,0.498236,-0.682469,0.840737,0.610592,0.268797,0.470548,-0.908106,0.219291,0.190316,1.85722,-0.829646,-0.712492,-0.253943,-0.347293,1.03218,-1.46795,0.79369])
2.8134980528071254
Max g: 0.06553969000067535
f_7([0.0397234,4.39497,-4.41332,3.04328,2.16837,-4.69106,0.34385,2.5915,-1.82285,1.36926,-0.211976,-0.147902,-0.0185111,2.85203,-2.89338,-2.52493,4.11831,0.00390669,-0.678689,-0.128158,0.442895,-2.87603,0.700252,3.62772,0.130934,0.917509,-0.654453,0.595717,-0.631991,0.812451,0.528006,0.273883,0.474176,-0.913294,0.242812,0.184486,1.71135,-0.834074,-0.642932,-0.254823,-0.361054,1.02467,-1.49048,0.80397])
2.911485021832162
Max g: 0.05881742975586789
f_8([-0.0110681,4.28709,-4.31453,3.02951,2.12435,-4.62724,0.345307,2.5672,-1.79816,1.36191,-0.334991,-0.0302521,-0.0501683,2.67239,-2.66774,-2.49321,4.02323,-0.15806,-0.689433,-0.136849,0.46866,-2.84161,0.738218,3.55331,0.333301,0.990447,-1.11697,0.795792,-0.624388,0.792957,0.518931,0.267444,0.539372,-0.921865,0.20562,0.188454,1.71244,-0.840915,-0.653252,-0.246661,-0.350907,0.998866,-1.46121,0.803664])
3.094241650672977
Max g: 0.05984035037847521
f_9([-0.00897977,4.2855,-4.31598,3.01617,2.08187,-4.58934,0.357879,2.57677,-1.79095,1.36792,-0.345538,-0.0251076,-0.0408231,2.68581,-2.60941,-2.48633,4.1036,-0.290308,-0.675985,-0.144383,0.474318,-2.83224,0.749212,3.54358,0.333678,0.962785,-1.15763,0.850437,-0.625612,0.824114,0.503594,0.265279,0.525689,-0.924705,0.230881,0.18274,1.72087,-0.853499,-0.596621,-0.259536,-0.351297,1.01623,-1.46548,0.798865])
3.034813448363675
Max g: 0.047072985162036465
f_10([-0.00509373,4.30179,-4.3124,3.01953,2.08405,-4.59516,0.36384,2.57547,-1.79223,1.37118,-0.350182,-0.027407,-0.0303373,2.75381,-2.62809,-2.50329,4.11491,-0.328483,-0.669019,-0.161126,0.487305,-2.82499,0.754477,3.53767,0.308033,0.963161,-1.19915,0.922666,-0.632631,0.835132,0.519624,0.264304,0.524258,-0.941498,0.247199,0.180534,1.70562,-0.862115,-0.566242,-0.262697,-0.34446,1.01523,-1.4768,0.795699])
2.9170502046571136
{-0.005093726167066729,4.301793431419572,-4.312404280752718,3.0195286678258895,2.084045044041332,-4.595164532316477,0.3638402525838678,2.5754709303096255,-1.7922301387356177,1.3711785787741126,-0.35018242586332554,-0.027407014293749747,-0.03033730599753031,2.753808467996854,-2.6280931106968506,-2.5032930803865807,4.11491037076693,-0.3284827667139768,-0.6690186198840493,-0.16112637654892192,0.48730538771316295,-2.8249922885749648,0.7544769546765735,3.537666836195279,0.3080330495487303,0.9631606974648995,-1.1991534314917274,0.9226658955610737,-0.6326308929662074,0.8351319638296557,0.5196238885615336,0.26430393928698437,0.5242579620010382,-0.9414981266540947,0.24719858000522452,0.1805341126683917,1.7056227022938444,-0.8621148848642093,-0.5662418194280137,-0.26269721570126475,-0.3444599453901027,1.015231141087689,-1.476798439935207,0.7956991291850302}]
Set[{A021,A031,A032,A041,A042,A043,A121,A131,A132,A141,A142,A143,B021,B031,B032,B041,B042,B043,B121,B131,B132,B141,B142,B143,\[Alpha]1,\[Alpha]2,\[Alpha]3,\[Alpha]4,\[Beta]11,\[Beta]12,\[Beta]13,\[Beta]14,\[Beta]21,\[Beta]22,\[Beta]23,\[Beta]24,\[Beta]31,\[Beta]32,\[Beta]33,\[Beta]34,\[Beta]41,\[Beta]42,\[Beta]43,\[Beta]44},{-0.005093726167066729,4.301793431419572,-4.312404280752718,3.0195286678258895,2.084045044041332,-4.595164532316477,0.3638402525838678,2.5754709303096255,-1.7922301387356177,1.3711785787741126,-0.35018242586332554,-0.027407014293749747,-0.03033730599753031,2.753808467996854,-2.6280931106968506,-2.5032930803865807,4.11491037076693,-0.3284827667139768,-0.6690186198840493,-0.16112637654892192,0.48730538771316295,-2.8249922885749648,0.7544769546765735,3.537666836195279,0.3080330495487303,0.9631606974648995,-1.1991534314917274,0.9226658955610737,-0.6326308929662074,0.8351319638296557,0.5196238885615336,0.26430393928698437,0.5242579620010382,-0.9414981266540947,0.24719858000522452,0.1805341126683917,1.7056227022938444,-0.8621148848642093,-0.5662418194280137,-0.26269721570126475,-0.3444599453901027,1.015231141087689,-1.476798439935207,0.7956991291850302}]

Max g: 0.03660357255271397
f_11([-0.00126019,4.30141,-4.31058,3.01403,2.05955,-4.56573,0.370037,2.57516,-1.79658,1.36857,-0.355838,-0.0204767,-0.0224711,2.73875,-2.60019,-2.50965,4.12639,-0.34363,-0.66039,-0.174796,0.498089,-2.82659,0.753341,3.54162,0.323517,0.957444,-1.22153,0.942084,-0.630874,0.84651,0.518467,0.265716,0.525368,-0.973424,0.262763,0.180612,1.70323,-0.861441,-0.568149,-0.262596,-0.323647,1.02111,-1.4846,0.790898])
2.893199421121608
Max g: 0.030511097325669853
f_12([-0.00619252,4.30433,-4.31272,3.01165,2.06978,-4.57628,0.372889,2.57498,-1.79748,1.36924,-0.359977,-0.0198961,-0.0431018,2.73329,-2.59843,-2.50953,4.11305,-0.345733,-0.653492,-0.173508,0.499596,-2.82084,0.757275,3.54105,0.309803,0.964814,-1.23251,0.960363,-0.652038,0.860265,0.522537,0.265185,0.537014,-0.980548,0.271459,0.174961,1.70247,-0.868336,-0.557001,-0.262619,-0.326495,1.02449,-1.48235,0.785228])
2.8785908162061102
Max g: 0.02681595243894716
f_13([-0.00321868,4.30276,-4.31082,3.01846,2.06173,-4.57497,0.374084,2.57451,-1.7981,1.36864,-0.362877,-0.0168266,-0.0343237,2.74073,-2.59351,-2.50834,4.1145,-0.347789,-0.648008,-0.183039,0.507903,-2.81908,0.762246,3.54257,0.316298,0.966454,-1.2469,0.963809,-0.648844,0.860487,0.522488,0.265411,0.550367,-1.00201,0.278734,0.172393,1.70087,-0.87629,-0.549674,-0.263115,-0.334432,1.03724,-1.48293,0.778584])
2.871236824615996
Max g: 0.02150863915277318
f_14([-0.000417641,4.29904,-4.30585,3.02295,2.0657,-4.58807,0.375812,2.57469,-1.79602,1.36544,-0.352465,-0.0161155,-0.0312923,2.7385,-2.59405,-2.51435,4.12264,-0.347566,-0.638503,-0.196657,0.521467,-2.8199,0.77333,3.54184,0.319226,0.983173,-1.26542,0.964901,-0.651289,0.878143,0.507392,0.265556,0.557748,-1.01177,0.286076,0.168647,1.69962,-0.885331,-0.54089,-0.263294,-0.331295,1.04951,-1.4938,0.772057])
2.87700076397041
Max g: 0.015490878229520097
f_15([-0.00396603,4.3027,-4.3092,3.02838,2.06424,-4.58986,0.377885,2.57533,-1.80692,1.3677,-0.354032,-0.0161506,-0.0203306,2.74241,-2.58875,-2.51399,4.11459,-0.346892,-0.63369,-0.200982,0.522204,-2.81972,0.774839,3.54248,0.306837,0.967384,-1.2479,0.971108,-0.656846,0.876724,0.513874,0.265443,0.564118,-1.0233,0.28972,0.169386,1.69779,-0.89691,-0.535016,-0.262089,-0.313053,1.05965,-1.52008,0.772551])
2.8691498810566394
Max g: 0.013705442297817047
f_16([-0.00318796,4.30515,-4.31113,3.03391,2.06396,-4.59478,0.378527,2.57552,-1.81485,1.36866,-0.354186,-0.01505,-0.0259933,2.74151,-2.58497,-2.51492,4.11349,-0.347016,-0.628068,-0.203084,0.521067,-2.81991,0.777239,3.54265,0.317248,0.967823,-1.25817,0.975161,-0.664072,0.887807,0.509946,0.265302,0.571398,-1.03814,0.299183,0.167697,1.69589,-0.900534,-0.531411,-0.263657,-0.291256,1.06145,-1.5447,0.772911])
2.87073993329234
Max g: 0.00913641327211974
f_17([0.000341143,4.3085,-4.31158,3.02742,2.06412,-4.59092,0.377506,2.57573,-1.81682,1.36962,-0.356524,-0.0133225,-0.0268259,2.73902,-2.58429,-2.51926,4.11399,-0.345853,-0.622198,-0.207298,0.524918,-2.81972,0.779548,3.54247,0.314815,0.965158,-1.2609,0.979832,-0.675924,0.898999,0.51056,0.265459,0.574909,-1.0451,0.305268,0.166569,1.69589,-0.906231,-0.524444,-0.264325,-0.295174,1.07062,-1.54839,0.771386])
2.8548394109353357
Max g: 0.006923637152502299
f_18([-0.00193047,4.31089,-4.31385,3.02112,2.06055,-4.58043,0.378981,2.57547,-1.8183,1.36894,-0.355632,-0.0149329,-0.0278347,2.74668,-2.58493,-2.52395,4.11451,-0.346219,-0.621296,-0.213127,0.529664,-2.81985,0.780992,3.5424,0.315713,0.958179,-1.26171,0.988425,-0.678081,0.901562,0.51039,0.265495,0.576858,-1.05241,0.308421,0.165627,1.69435,-0.907306,-0.521401,-0.264757,-0.289758,1.07237,-1.5518,0.770205])
2.8518580629933976
Max g: 0.004452503103926194
f_19([-0.00151883,4.31176,-4.31361,3.0226,2.06027,-4.58133,0.378779,2.57551,-1.81762,1.36899,-0.354646,-0.0143308,-0.027113,2.74849,-2.5851,-2.52585,4.11636,-0.345992,-0.619298,-0.213063,0.529486,-2.81972,0.781366,3.5424,0.312614,0.960009,-1.26273,0.990098,-0.683036,0.906761,0.510825,0.265554,0.579667,-1.05553,0.310833,0.1648,1.69374,-0.909182,-0.518521,-0.264898,-0.291982,1.07593,-1.55358,0.770403])
2.844404693138552
Max g: 0.004392779359620208
f_20([-0.000440388,4.31209,-4.31323,3.02237,2.0568,-4.57774,0.378879,2.57546,-1.81818,1.36878,-0.354254,-0.0145329,-0.0266598,2.74892,-2.5845,-2.52797,4.11735,-0.345979,-0.61826,-0.213861,0.530031,-2.8197,0.782059,3.54242,0.312433,0.959147,-1.26362,0.991958,-0.6879,0.909597,0.512645,0.265607,0.581624,-1.05862,0.312817,0.164445,1.69346,-0.910482,-0.516919,-0.265176,-0.29228,1.07866,-1.55605,0.769594])
2.837945105931019
{-0.0004403875333129001,4.312093796815265,-4.313225807145918,3.0223699293733612,2.056804407975946,-4.577739673412665,0.37887854648511404,2.5754559240846033,-1.8181803226260906,1.3687807642311653,-0.3542535355453326,-0.014532914163067123,-0.02665975110197056,2.7489240071060284,-2.584497955581226,-2.5279718905952593,4.117350039705597,-0.3459791940966249,-0.6182600332913218,-0.21386099000473857,0.5300306351760941,-2.8197016841474745,0.7820588145023019,3.5424219062287126,0.3124332203361345,0.9591474293852112,-1.2636167131658251,0.9919578213205282,-0.6879004679413652,0.9095971091300525,0.5126446836504401,0.26560709450716685,0.5816239504631209,-1.0586221013129535,0.3128174677806949,0.1644445198289085,1.6934631181907205,-0.9104819027396234,-0.5169188524676808,-0.26517643935337637,-0.2922797155105355,1.0786578664699022,-1.5560460906933813,0.7695942507765812}]
Set[{A021,A031,A032,A041,A042,A043,A121,A131,A132,A141,A142,A143,B021,B031,B032,B041,B042,B043,B121,B131,B132,B141,B142,B143,\[Alpha]1,\[Alpha]2,\[Alpha]3,\[Alpha]4,\[Beta]11,\[Beta]12,\[Beta]13,\[Beta]14,\[Beta]21,\[Beta]22,\[Beta]23,\[Beta]24,\[Beta]31,\[Beta]32,\[Beta]33,\[Beta]34,\[Beta]41,\[Beta]42,\[Beta]43,\[Beta]44},{-0.0004403875333129001,4.312093796815265,-4.313225807145918,3.0223699293733612,2.056804407975946,-4.577739673412665,0.37887854648511404,2.5754559240846033,-1.8181803226260906,1.3687807642311653,-0.3542535355453326,-0.014532914163067123,-0.02665975110197056,2.7489240071060284,-2.584497955581226,-2.5279718905952593,4.117350039705597,-0.3459791940966249,-0.6182600332913218,-0.21386099000473857,0.5300306351760941,-2.8197016841474745,0.7820588145023019,3.5424219062287126,0.3124332203361345,0.9591474293852112,-1.2636167131658251,0.9919578213205282,-0.6879004679413652,0.9095971091300525,0.5126446836504401,0.26560709450716685,0.5816239504631209,-1.0586221013129535,0.3128174677806949,0.1644445198289085,1.6934631181907205,-0.9104819027396234,-0.5169188524676808,-0.26517643935337637,-0.2922797155105355,1.0786578664699022,-1.5560460906933813,0.7695942507765812}]

Max g: 0.004385756138608936
f_21([-0.000342417,4.31225,-4.31345,3.02164,2.05693,-4.57791,0.379093,2.57525,-1.8184,1.36865,-0.354614,-0.0145972,-0.0234061,2.75039,-2.58392,-2.52759,4.11704,-0.34613,-0.617494,-0.214188,0.530229,-2.81966,0.782409,3.54244,0.312333,0.959369,-1.26383,0.992753,-0.689029,0.909901,0.513174,0.265541,0.580472,-1.05866,0.313703,0.164159,1.69271,-0.911143,-0.516211,-0.265352,-0.291033,1.07921,-1.55789,0.769758])
2.8362556754305874
Max g: 0.0038573353622193864
f_22([-0.000534472,4.31216,-4.31316,3.02122,2.05754,-4.57825,0.378893,2.57544,-1.81944,1.36921,-0.355366,-0.0140053,-0.0144859,2.75958,-2.58224,-2.52891,4.11832,-0.346155,-0.617234,-0.214179,0.530112,-2.81988,0.782789,3.54241,0.307244,0.960199,-1.26378,0.995821,-0.690106,0.910602,0.513829,0.265675,0.580493,-1.05912,0.314719,0.163794,1.69325,-0.911189,-0.516404,-0.265317,-0.290452,1.07919,-1.55917,0.769835])
2.8313861404587546
Max g: 0.00235277684814289
f_23([-0.000503214,4.31245,-4.31312,3.02091,2.05623,-4.57687,0.378799,2.57538,-1.81994,1.36995,-0.355601,-0.0148913,-0.0109829,2.76178,-2.58027,-2.5282,4.11775,-0.346224,-0.617113,-0.214378,0.53016,-2.82009,0.782881,3.54237,0.305771,0.960339,-1.26372,0.997817,-0.691138,0.910915,0.514327,0.265597,0.581041,-1.05961,0.314591,0.163987,1.69325,-0.911665,-0.515863,-0.265427,-0.289655,1.07987,-1.56019,0.77002])
2.8281066577226226
Max g: 0.0017564888358509623
f_24([-0.000313547,4.31263,-4.31306,3.02055,2.05734,-4.57748,0.37874,2.57539,-1.82041,1.37005,-0.355939,-0.0142094,-0.00502866,2.76719,-2.57941,-2.52826,4.11794,-0.346163,-0.617,-0.214597,0.530228,-2.82013,0.782962,3.54241,0.305368,0.959793,-1.26377,0.998816,-0.692022,0.911178,0.514823,0.26566,0.580874,-1.05968,0.315134,0.163923,1.69326,-0.911864,-0.516117,-0.265388,-0.288223,1.07954,-1.56149,0.769971])
2.8244296619275655
Max g: 0.0009962521466127527
f_25([-0.000190634,4.31276,-4.31302,3.02026,2.05685,-4.57699,0.378849,2.5754,-1.82047,1.36995,-0.356106,-0.0138804,-0.00267421,2.76803,-2.57811,-2.52836,4.11818,-0.346142,-0.616961,-0.214621,0.530252,-2.82014,0.783048,3.54241,0.305227,0.959514,-1.26382,0.999096,-0.692074,0.911432,0.514946,0.265607,0.58067,-1.05963,0.315187,0.163913,1.69326,-0.911815,-0.515698,-0.265537,-0.288067,1.07973,-1.56166,0.769935])
2.822342718368209
Max g: 0.0009704564691044443
f_26([-0.000103749,4.31282,-4.31298,3.02026,2.05664,-4.57685,0.379127,2.57542,-1.82061,1.37007,-0.356826,-0.0134407,-0.00277271,2.76709,-2.57709,-2.52857,4.11843,-0.346152,-0.616835,-0.214734,0.530314,-2.82015,0.78312,3.54241,0.305123,0.959497,-1.26382,0.999298,-0.692281,0.911558,0.515136,0.265585,0.580377,-1.05973,0.315694,0.163885,1.69324,-0.911847,-0.515603,-0.265508,-0.287599,1.07985,-1.56226,0.769939])
2.821746448779821
Max g: 0.000775257703423779
f_27([-2.74039e-5,4.31288,-4.31296,3.02014,2.05649,-4.57659,0.379194,2.57542,-1.82102,1.37018,-0.356902,-0.0133088,-0.0015642,2.76718,-2.576,-2.52828,4.11821,-0.346158,-0.616718,-0.214835,0.530365,-2.82012,0.783304,3.54243,0.304956,0.959475,-1.26383,0.999477,-0.692277,0.911636,0.515136,0.265574,0.580238,-1.05992,0.315937,0.163871,1.69323,-0.912041,-0.515597,-0.265475,-0.286422,1.07972,-1.56315,0.769869])
2.8208520443972396
Max g: 0.0006646383908038567
f_28([-6.5732e-5,4.31293,-4.31298,3.02011,2.05652,-4.57657,0.379299,2.57542,-1.82108,1.37011,-0.356766,-0.0134974,-0.00160023,2.76699,-2.57567,-2.52828,4.11808,-0.346189,-0.616627,-0.214895,0.530453,-2.8201,0.783364,3.5424,0.304725,0.959204,-1.26376,0.999759,-0.692332,0.911688,0.515118,0.265532,0.579991,-1.05999,0.316287,0.16376,1.69324,-0.912185,-0.515452,-0.265464,-0.286458,1.0798,-1.56322,0.769785])
2.8208520443972396
Max g: 0.0004975183014153811
f_29([-5.87487e-5,4.31288,-4.31293,3.02008,2.05653,-4.57658,0.379408,2.57542,-1.8212,1.37005,-0.356855,-0.0133693,-0.00171958,2.76686,-2.5756,-2.5283,4.11803,-0.346187,-0.616571,-0.214989,0.530519,-2.8201,0.783421,3.54244,0.304625,0.959295,-1.26382,0.999881,-0.692423,0.911914,0.51498,0.265531,0.579907,-1.05998,0.316415,0.163762,1.69322,-0.912199,-0.515418,-0.265474,-0.28608,1.07968,-1.56344,0.769735])
2.8210508009267024
Max g: 0.00044155164114363654
f_30([-1.46812e-5,4.31291,-4.31293,3.02012,2.05651,-4.57659,0.379444,2.57542,-1.82138,1.37004,-0.357047,-0.0131332,-0.00170714,2.7669,-2.57563,-2.52832,4.11808,-0.346192,-0.6165,-0.215113,0.530572,-2.82009,0.78347,3.54243,0.304647,0.959308,-1.26378,0.999851,-0.692529,0.912032,0.514965,0.265523,0.579807,-1.06007,0.316518,0.163726,1.69318,-0.912279,-0.51527,-0.265517,-0.285482,1.07976,-1.56401,0.76972])
2.8207526661325084
{-1.468122592742887e-5,4.312906524169762,-4.312934993739778,3.0201192639048164,2.0565061591468203,-4.576590785896754,0.3794440518594087,2.575416285265951,-1.8213798522005307,1.3700448485848025,-0.35704677495225334,-0.013133205361714324,-0.0017071366886362528,2.7668972677914727,-2.575631859143817,-2.5283218612341294,4.118079928208628,-0.34619207851414374,-0.6165004866487317,-0.2151127536322605,0.5305718724920024,-2.8200900315704662,0.7834704429516577,3.5424293547749777,0.3046465259513618,0.9593077076901757,-1.2637822580649973,0.9998506101532068,-0.6925285056148505,0.9120316125913767,0.5149648532132471,0.26552305020399947,0.5798074874849192,-1.0600730702070362,0.3165177231732876,0.16372612410440673,1.6931848600523485,-0.9122793659142641,-0.5152702954925481,-0.2655174263513626,-0.2854818320481978,1.079762880705128,-1.5640097246011408,0.7697196044525315}]
Set[{A021,A031,A032,A041,A042,A043,A121,A131,A132,A141,A142,A143,B021,B031,B032,B041,B042,B043,B121,B131,B132,B141,B142,B143,\[Alpha]1,\[Alpha]2,\[Alpha]3,\[Alpha]4,\[Beta]11,\[Beta]12,\[Beta]13,\[Beta]14,\[Beta]21,\[Beta]22,\[Beta]23,\[Beta]24,\[Beta]31,\[Beta]32,\[Beta]33,\[Beta]34,\[Beta]41,\[Beta]42,\[Beta]43,\[Beta]44},{-1.468122592742887e-5,4.312906524169762,-4.312934993739778,3.0201192639048164,2.0565061591468203,-4.576590785896754,0.3794440518594087,2.575416285265951,-1.8213798522005307,1.3700448485848025,-0.35704677495225334,-0.013133205361714324,-0.0017071366886362528,2.7668972677914727,-2.575631859143817,-2.5283218612341294,4.118079928208628,-0.34619207851414374,-0.6165004866487317,-0.2151127536322605,0.5305718724920024,-2.8200900315704662,0.7834704429516577,3.5424293547749777,0.3046465259513618,0.9593077076901757,-1.2637822580649973,0.9998506101532068,-0.6925285056148505,0.9120316125913767,0.5149648532132471,0.26552305020399947,0.5798074874849192,-1.0600730702070362,0.3165177231732876,0.16372612410440673,1.6931848600523485,-0.9122793659142641,-0.5152702954925481,-0.2655174263513626,-0.2854818320481978,1.079762880705128,-1.5640097246011408,0.7697196044525315}]

Max g: 0.0003489785655626243
f_31([-1.86666e-5,4.31292,-4.31296,3.02009,2.05651,-4.57658,0.379499,2.57542,-1.82166,1.37033,-0.357036,-0.0133442,-0.00175269,2.76684,-2.57567,-2.52831,4.11811,-0.346167,-0.616429,-0.215222,0.530594,-2.82009,0.783475,3.54247,0.304715,0.959213,-1.26368,0.999739,-0.692542,0.912078,0.514954,0.265538,0.579767,-1.06019,0.316719,0.163722,1.69317,-0.912292,-0.515268,-0.265535,-0.284742,1.07973,-1.56474,0.769711])
2.8210508009267024
Max g: 0.00024867137033379727
f_32([-3.20596e-5,4.31293,-4.31298,3.02009,2.05653,-4.57658,0.379603,2.57541,-1.82175,1.3706,-0.357123,-0.0135416,-0.00173127,2.76687,-2.57563,-2.52833,4.11815,-0.346186,-0.616391,-0.215271,0.530617,-2.82009,0.783474,3.54247,0.304842,0.959163,-1.26376,0.999765,-0.692654,0.912183,0.514913,0.26557,0.579685,-1.0603,0.316888,0.163723,1.69316,-0.912366,-0.515168,-0.265552,-0.284442,1.07973,-1.56502,0.76971])
2.8208520443972396
Max g: 0.00018564566905530933
f_33([-2.79752e-5,4.31295,-4.31299,3.02009,2.05654,-4.57659,0.379616,2.57541,-1.82186,1.37062,-0.357123,-0.0135296,-0.00172333,2.76687,-2.57562,-2.52828,4.11808,-0.346201,-0.616343,-0.215291,0.530604,-2.82008,0.783475,3.54249,0.304653,0.959288,-1.26373,0.999787,-0.692861,0.912322,0.514949,0.265579,0.579654,-1.06034,0.316987,0.16371,1.69314,-0.912406,-0.51513,-0.265554,-0.284153,1.07975,-1.56533,0.769718])
2.8203551530735833
Max g: 0.00018196687799564693
f_34([-1.59782e-5,4.31296,-4.31298,3.02009,2.05655,-4.57663,0.379632,2.57541,-1.82198,1.37055,-0.357117,-0.013448,-0.00168357,2.76686,-2.57548,-2.52831,4.11806,-0.34619,-0.616293,-0.215314,0.5306,-2.82008,0.783493,3.54249,0.304578,0.959164,-1.26366,0.999907,-0.692952,0.912377,0.514984,0.265582,0.579611,-1.06037,0.317082,0.163683,1.69313,-0.912448,-0.515096,-0.265566,-0.283846,1.07977,-1.56564,0.769715])
2.8200570182793894
Max g: 0.00017585021428020672
f_35([-2.17841e-5,4.31296,-4.31299,3.02009,2.05655,-4.57662,0.379634,2.57541,-1.82202,1.3705,-0.357145,-0.013362,-0.00163666,2.76683,-2.57542,-2.52831,4.11804,-0.346186,-0.616262,-0.215322,0.530598,-2.82008,0.783504,3.54251,0.30458,0.959208,-1.26372,0.999925,-0.693019,0.912444,0.51499,0.265586,0.579634,-1.06044,0.317135,0.163677,1.69313,-0.912483,-0.515046,-0.265581,-0.283733,1.07982,-1.56578,0.769708])
2.8200570182793894
Max g: 0.0001685560814341056
f_36([-8.53489e-6,4.31296,-4.31297,3.02008,2.05654,-4.57661,0.379636,2.57541,-1.82204,1.37052,-0.357176,-0.0133435,-0.001603,2.76685,-2.57542,-2.52829,4.11804,-0.346189,-0.61624,-0.215335,0.530598,-2.82008,0.783497,3.54251,0.304607,0.959241,-1.26377,0.99992,-0.693046,0.912479,0.51498,0.265586,0.579649,-1.06051,0.317191,0.163671,1.69312,-0.912501,-0.515038,-0.265583,-0.283719,1.07986,-1.56585,0.769708])
2.819858261749927
Max g: 0.0001629049855120034
f_37([-1.16853e-6,4.31296,-4.31298,3.02009,2.05652,-4.5766,0.379636,2.57541,-1.82205,1.37052,-0.357182,-0.0133322,-0.00127851,2.76714,-2.57541,-2.52828,4.11807,-0.346186,-0.616227,-0.215339,0.530602,-2.82008,0.783505,3.54252,0.304609,0.959268,-1.26379,0.999929,-0.693056,0.912488,0.514972,0.265587,0.579642,-1.06051,0.317205,0.163669,1.69312,-0.912516,-0.51503,-0.265576,-0.283703,1.07991,-1.56587,0.769701])
2.8196595052204643
Max g: 0.00010695046237780856
f_38([-3.0727e-6,4.31296,-4.31297,3.02009,2.05653,-4.57661,0.379646,2.57541,-1.82206,1.37051,-0.357175,-0.013344,-0.000853584,2.76754,-2.57543,-2.52829,4.11815,-0.346189,-0.616213,-0.215352,0.530613,-2.82008,0.783509,3.54251,0.304628,0.959231,-1.26382,0.999949,-0.693069,0.91251,0.514976,0.26559,0.579657,-1.06056,0.317222,0.163668,1.69311,-0.912521,-0.515008,-0.265582,-0.283718,1.07992,-1.5659,0.7697])
2.8193613704262703
Max g: 4.499238847777143e-5
f_39([-2.57582e-7,4.31296,-4.31297,3.02008,2.05652,-4.5766,0.379668,2.57541,-1.82205,1.37051,-0.357163,-0.0133577,-0.00076113,2.76763,-2.57541,-2.52828,4.11815,-0.34619,-0.61621,-0.215377,0.530633,-2.82008,0.783505,3.54252,0.304619,0.959172,-1.26377,0.999964,-0.693084,0.912516,0.51498,0.265589,0.57963,-1.06055,0.317241,0.163666,1.69309,-0.912531,-0.514966,-0.265586,-0.283715,1.07992,-1.5659,0.76969])
2.819261992161539
Max g: 3.219066869269982e-5
f_40([8.61546e-7,4.31296,-4.31296,3.02007,2.05653,-4.5766,0.379671,2.57541,-1.82205,1.37051,-0.357174,-0.0133418,-0.000756232,2.76765,-2.57543,-2.5283,4.11817,-0.34619,-0.616208,-0.215386,0.530638,-2.82008,0.783507,3.54252,0.304607,0.959187,-1.26377,0.999974,-0.693082,0.912518,0.514976,0.265589,0.579629,-1.06055,0.317255,0.163663,1.69308,-0.912527,-0.514964,-0.26559,-0.28369,1.07992,-1.56592,0.76969])
2.819261992161539
{8.615464628526673e-7,4.312959100214965,-4.312964166178052,3.020074400720705,2.0565256011125794,-4.5765986452874,0.3796711598845465,2.5754125643162316,-1.8220540777074776,1.3705097681726601,-0.3571743332938577,-0.013341807792878583,-0.0007562323390753593,2.7676475481854794,-2.575430439384291,-2.528297726356604,4.118166224201197,-0.34618964512816336,-0.6162078568991939,-0.21538603269651327,0.530638035519612,-2.820078296148252,0.7835066386489065,3.542522052871013,0.30460735384107523,0.9591865345078705,-1.2637685417964144,0.999973657103729,-0.6930817379048261,0.912517683233969,0.5149763983844938,0.2655886975453283,0.5796285742005438,-1.0605482510340567,0.3172549315076608,0.16366272887454772,1.6930807805156873,-0.9125265306758573,-0.5149637397586335,-0.2655898077913217,-0.2836896889286906,1.0799175785264201,-1.5659157754275623,0.7696895850888478}]
Set[{A021,A031,A032,A041,A042,A043,A121,A131,A132,A141,A142,A143,B021,B031,B032,B041,B042,B043,B121,B131,B132,B141,B142,B143,\[Alpha]1,\[Alpha]2,\[Alpha]3,\[Alpha]4,\[Beta]11,\[Beta]12,\[Beta]13,\[Beta]14,\[Beta]21,\[Beta]22,\[Beta]23,\[Beta]24,\[Beta]31,\[Beta]32,\[Beta]33,\[Beta]34,\[Beta]41,\[Beta]42,\[Beta]43,\[Beta]44},{8.615464628526673e-7,4.312959100214965,-4.312964166178052,3.020074400720705,2.0565256011125794,-4.5765986452874,0.3796711598845465,2.5754125643162316,-1.8220540777074776,1.3705097681726601,-0.3571743332938577,-0.013341807792878583,-0.0007562323390753593,2.7676475481854794,-2.575430439384291,-2.528297726356604,4.118166224201197,-0.34618964512816336,-0.6162078568991939,-0.21538603269651327,0.530638035519612,-2.820078296148252,0.7835066386489065,3.542522052871013,0.30460735384107523,0.9591865345078705,-1.2637685417964144,0.999973657103729,-0.6930817379048261,0.912517683233969,0.5149763983844938,0.2655886975453283,0.5796285742005438,-1.0605482510340567,0.3172549315076608,0.16366272887454772,1.6930807805156873,-0.9125265306758573,-0.5149637397586335,-0.2655898077913217,-0.2836896889286906,1.0799175785264201,-1.5659157754275623,0.7696895850888478}]

Max g: 2.251551339049751e-5
f_41([1.36928e-6,4.31296,-4.31296,3.02006,2.05653,-4.57659,0.379673,2.57541,-1.82206,1.37051,-0.357174,-0.0133441,-0.000743101,2.76765,-2.57541,-2.52829,4.11815,-0.346189,-0.616206,-0.215385,0.530637,-2.82008,0.783507,3.54253,0.304606,0.95918,-1.26377,0.999983,-0.693081,0.912519,0.514975,0.265588,0.579628,-1.06055,0.317264,0.163659,1.69308,-0.912531,-0.514964,-0.265587,-0.283679,1.07992,-1.56592,0.769686])
2.819162613896808
Max g: 1.817520398593453e-5
f_42([2.56873e-6,4.31295,-4.31295,3.02006,2.05653,-4.57659,0.379679,2.57541,-1.82207,1.37051,-0.357173,-0.0133431,-0.000706765,2.76766,-2.57539,-2.52829,4.11816,-0.346189,-0.616204,-0.215387,0.530637,-2.82008,0.783511,3.54253,0.304604,0.959182,-1.26377,0.999984,-0.693085,0.912523,0.514973,0.265587,0.579619,-1.06055,0.317277,0.163658,1.69308,-0.91253,-0.514959,-0.265588,-0.283654,1.07992,-1.56595,0.769684])
2.819261992161539
Max g: 1.243613916358799e-5
f_43([2.23635e-6,4.31295,-4.31295,3.02005,2.05653,-4.57658,0.379684,2.57541,-1.82207,1.37051,-0.357169,-0.0133432,-0.000689715,2.76767,-2.57539,-2.52828,4.11816,-0.346189,-0.616204,-0.215386,0.530637,-2.82008,0.783512,3.54253,0.304606,0.959177,-1.26377,0.999986,-0.693071,0.912523,0.514962,0.265586,0.579613,-1.06055,0.317278,0.163657,1.69308,-0.912531,-0.51496,-0.265587,-0.283641,1.07991,-1.56595,0.769682])
2.819162613896808
Max g: 1.229233005765884e-5
f_44([1.2979e-6,4.31295,-4.31295,3.02005,2.05653,-4.57658,0.379687,2.57541,-1.82207,1.37051,-0.35717,-0.0133421,-0.000688967,2.76767,-2.57539,-2.52828,4.11815,-0.346189,-0.616202,-0.215387,0.530636,-2.82008,0.783509,3.54253,0.304614,0.959173,-1.26377,0.999987,-0.693065,0.912527,0.514952,0.265586,0.579612,-1.06055,0.317287,0.163656,1.69307,-0.912532,-0.514954,-0.265586,-0.28363,1.07991,-1.56596,0.76968])
2.819162613896808
Max g: 9.394885597466263e-6
f_45([1.73002e-6,4.31295,-4.31295,3.02005,2.05653,-4.57658,0.37969,2.57541,-1.82207,1.37051,-0.35717,-0.0133415,-0.000683289,2.76768,-2.57538,-2.52828,4.11815,-0.34619,-0.6162,-0.215387,0.530636,-2.82008,0.783512,3.54253,0.304606,0.959174,-1.26377,0.999991,-0.693065,0.912529,0.514951,0.265586,0.579609,-1.06056,0.317291,0.163656,1.69307,-0.912532,-0.514951,-0.265586,-0.283621,1.07991,-1.56597,0.76968])
2.819162613896808
Max g: 7.136778654784348e-6
f_46([7.08979e-7,4.31295,-4.31295,3.02005,2.05653,-4.57658,0.379692,2.57541,-1.82207,1.37051,-0.357171,-0.0133415,-0.000677604,2.76768,-2.57538,-2.52828,4.11815,-0.34619,-0.6162,-0.215387,0.530636,-2.82008,0.783512,3.54253,0.304602,0.959176,-1.26377,0.999993,-0.693066,0.912529,0.514951,0.265586,0.579607,-1.06056,0.317295,0.163655,1.69307,-0.912532,-0.51495,-0.265586,-0.283617,1.07991,-1.56597,0.769679])
2.819162613896808
Max g: 5.346161807542882e-6
f_47([-1.28334e-7,4.31295,-4.31295,3.02005,2.05653,-4.57658,0.379695,2.57541,-1.82207,1.37051,-0.357172,-0.0133413,-0.000677535,2.76768,-2.57537,-2.52828,4.11815,-0.346192,-0.616199,-0.215387,0.530636,-2.82008,0.783511,3.54254,0.304601,0.959174,-1.26377,0.999996,-0.693064,0.912529,0.514949,0.265586,0.579601,-1.06056,0.317299,0.163655,1.69307,-0.912531,-0.514949,-0.265586,-0.283612,1.07991,-1.56598,0.769679])
2.819063235632077
Max g: 4.087443561145987e-6
{2.6959393059718886e-7,4.312947735108822,-4.312947844971625,3.020048696473908,2.0565292667753847,-4.576577638936774,0.3796962162543194,2.5754125770403546,-1.822073524326453,1.3705110393726105,-0.3571697635845343,-0.01334113769536348,-0.0006711171533579865,2.7676768383776085,-2.5753692797518553,-2.528283152559453,4.11815450293865,-0.3461910342459987,-0.6161990748506402,-0.21538800066586802,0.5306356947691264,-2.820078850429214,0.7835111074213142,3.5425369088389327,0.3046009982868482,0.9591741286700749,-1.2637725256131351,0.9999974541180362,-0.6930626796709394,0.912529050810583,0.5149473857103072,0.26558632822961553,0.5795988680345855,-1.0605546732942064,0.3173015768728561,0.16365425917518878,1.6930648410256013,-0.9125316569401446,-0.5149465070984331,-0.26558638538359264,-0.28360569768878535,1.0799098515719274,-1.5659820897551358,0.7696780084792381}]
Set[{A021,A031,A032,A041,A042,A043,A121,A131,A132,A141,A142,A143,B021,B031,B032,B041,B042,B043,B121,B131,B132,B141,B142,B143,\[Alpha]1,\[Alpha]2,\[Alpha]3,\[Alpha]4,\[Beta]11,\[Beta]12,\[Beta]13,\[Beta]14,\[Beta]21,\[Beta]22,\[Beta]23,\[Beta]24,\[Beta]31,\[Beta]32,\[Beta]33,\[Beta]34,\[Beta]41,\[Beta]42,\[Beta]43,\[Beta]44},{2.6959393059718886e-7,4.312947735108822,-4.312947844971625,3.020048696473908,2.0565292667753847,-4.576577638936774,0.3796962162543194,2.5754125770403546,-1.822073524326453,1.3705110393726105,-0.3571697635845343,-0.01334113769536348,-0.0006711171533579865,2.7676768383776085,-2.5753692797518553,-2.528283152559453,4.11815450293865,-0.3461910342459987,-0.6161990748506402,-0.21538800066586802,0.5306356947691264,-2.820078850429214,0.7835111074213142,3.5425369088389327,0.3046009982868482,0.9591741286700749,-1.2637725256131351,0.9999974541180362,-0.6930626796709394,0.912529050810583,0.5149473857103072,0.26558632822961553,0.5795988680345855,-1.0605546732942064,0.3173015768728561,0.16365425917518878,1.6930648410256013,-0.9125316569401446,-0.5149465070984331,-0.26558638538359264,-0.28360569768878535,1.0799098515719274,-1.5659820897551358,0.7696780084792381}]


-----------------Final Result------------------
Options: alg=GN_ISRES,dx=0.01,max_eval=100000000,popSize=0
imin=-1,jmin=-4,imax=1,jmax=4,
parameter_minmax=5,
randSeed=8987983,rand_minmax=2,
END_C=true, INEQ_C=true

4788779 steps

Completed with maxf : 2.819063235632077

Constraints at 2.7738125751991527e-6

x = [2.6959393059718886e-7,4.312947735108822,-4.312947844971625,3.020048696473908,2.0565292667753847,-4.576577638936774,0.3796962162543194,2.5754125770403546,-1.822073524326453,1.3705110393726105,-0.3571697635845343,-0.01334113769536348,-0.0006711171533579865,2.7676768383776085,-2.5753692797518553,-2.528283152559453,4.11815450293865,-0.3461910342459987,-0.6161990748506402,-0.21538800066586802,0.5306356947691264,-2.820078850429214,0.7835111074213142,3.5425369088389327,0.3046009982868482,0.9591741286700749,-1.2637725256131351,0.9999974541180362,-0.6930626796709394,0.912529050810583,0.5149473857103072,0.26558632822961553,0.5795988680345855,-1.0605546732942064,0.3173015768728561,0.16365425917518878,1.6930648410256013,-0.9125316569401446,-0.5149465070984331,-0.26558638538359264,-0.28360569768878535,1.0799098515719274,-1.5659820897551358,0.7696780084792381]
c0 = [0.0,2.6959393059718886e-7,-1.0986280329916553e-7,0.5000003243125186]
c1 = [0.0,0.3796962162543194,0.7533390527139017,1.0000001380927128]
A0 = [0.0,2.6959393059718886e-7,4.312947735108822,3.020048696473908,0.0,0.0,-4.312947844971625,2.0565292667753847,0.0,0.0,0.0,-4.576577638936774,0.0,0.0,0.0,0.0]
A1 = [0.0,0.3796962162543194,2.5754125770403546,1.3705110393726105,0.0,0.0,-1.822073524326453,-0.3571697635845343,0.0,0.0,0.0,-0.01334113769536348,0.0,0.0,0.0,0.0]
B0 = [0.0,-0.0006711171533579865,2.7676768383776085,-2.528283152559453,0.0,0.0,-2.5753692797518553,4.11815450293865,0.0,0.0,0.0,-0.3461910342459987,0.0,0.0,0.0,0.0]
B1 = [0.0,-0.6161990748506402,-0.21538800066586802,-2.820078850429214,0.0,0.0,0.5306356947691264,0.7835111074213142,0.0,0.0,0.0,3.5425369088389327,0.0,0.0,0.0,0.0]
α  = [0.3046009982868482,0.9591741286700749,-1.2637725256131351,0.9999974541180362]
β1 = [-0.6930626796709394,0.912529050810583,0.5149473857103072,0.26558632822961553]
β2 = [0.5795988680345855,-1.0605546732942064,0.3173015768728561,0.16365425917518878]
β3 = [1.6930648410256013,-0.9125316569401446,-0.5149465070984331,-0.26558638538359264]
β4 = [-0.28360569768878535,1.0799098515719274,-1.5659820897551358,0.7696780084792381]


Set[{A021,A031,A032,A041,A042,A043,A121,A131,A132,A141,A142,A143,B021,B031,B032,B041,B042,B043,B121,B131,B132,B141,B142,B143,\[Alpha]1,\[Alpha]2,\[Alpha]3,\[Alpha]4,\[Beta]11,\[Beta]12,\[Beta]13,\[Beta]14,\[Beta]21,\[Beta]22,\[Beta]23,\[Beta]24,\[Beta]31,\[Beta]32,\[Beta]33,\[Beta]34,\[Beta]41,\[Beta]42,\[Beta]43,\[Beta]44},{2.6959393059718886e-7,4.312947735108822,-4.312947844971625,3.020048696473908,2.0565292667753847,-4.576577638936774,0.3796962162543194,2.5754125770403546,-1.822073524326453,1.3705110393726105,-0.3571697635845343,-0.01334113769536348,-0.0006711171533579865,2.7676768383776085,-2.5753692797518553,-2.528283152559453,4.11815450293865,-0.3461910342459987,-0.6161990748506402,-0.21538800066586802,0.5306356947691264,-2.820078850429214,0.7835111074213142,3.5425369088389327,0.3046009982868482,0.9591741286700749,-1.2637725256131351,0.9999974541180362,-0.6930626796709394,0.912529050810583,0.5149473857103072,0.26558632822961553,0.5795988680345855,-1.0605546732942064,0.3173015768728561,0.16365425917518878,1.6930648410256013,-0.9125316569401446,-0.5149465070984331,-0.26558638538359264,-0.28360569768878535,1.0799098515719274,-1.5659820897551358,0.7696780084792381}]



