
-----------------Setup------------------
Options: alg=LN_AUGLAG_EQ,dx=0.01,max_eval=100000000,popSize=0
imin=-6,jmin=-3,imax=1,jmax=3,
parameter_minmax=5,
randSeed=31525647, rand_minmax=3

Initial Condition:

[0.308329,0.729358,-1.48317,-0.867263,2.26182,1.14581,0.962254,1.35709,-1.65297,-1.14528,-2.47344,0.0837178,-0.0184682,-2.05192,-0.668781,-1.49621,-1.10196,2.31245,2.76954,1.8345,0.334883,0.990882,-0.479719,-1.98454,2.41897,1.3236,0.299405,2.86518,0.681059,1.27494,2.29434,0.665183,-1.11937,1.64426,-2.2277,-2.50698,-1.04764,-2.91477,-2.45134,-2.39793,-0.58179,1.07502,0.592153,1.02951]

f_1([2.3849e-7,0.574266,-0.574263,0.331146,1.21391,-1.21211,0.32938,-0.1715,0.951485,-0.0468402,-0.660778,0.836679,-0.295163,1.20157,-0.56278,-1.05558,-0.529471,1.02037,1.38921,2.37008,-2.05676,4.99373,0.549277,-3.7722,1.0081,0.701462,-1.324,2.38159,-0.867117,-0.00952653,0.758543,0.0729692,1.43239,1.67677,-1.94133,-0.163702,1.08144,-0.0276763,-0.820257,-2.70905,-3.62111,-0.125142,2.27919,0.783612])
4.224713447155359
Max g: 5.6154835207138225
f_2([2.38845e-7,0.574266,-0.574263,0.331146,1.21391,-1.21211,0.32938,-0.1715,0.951485,-0.0468402,-0.660778,0.836678,-0.295163,1.20157,-0.56278,-1.05558,-0.529471,1.02037,1.38921,2.37008,-2.05677,4.99372,0.549277,-3.7722,1.0081,0.701462,-1.324,2.38159,-0.867117,-0.00952651,0.758543,0.0729692,1.43239,1.67677,-1.94133,-0.163702,1.08144,-0.0276762,-0.820257,-2.70905,-3.62111,-0.125142,2.27919,0.783612])
4.224713447155359
Max g: 5.615482491107997
f_3([3.5984e-7,0.5491,-0.5491,0.334039,1.15142,-1.174,0.281352,-0.159868,0.920151,-0.125431,-0.649941,0.802649,-0.2427,1.15521,-0.602597,-1.06369,-0.579404,0.894186,1.40731,2.326,-2.07681,2.48238,0.526399,-3.83588,0.972487,0.677804,-1.35869,2.38888,-0.904864,0.0155281,0.737204,0.165361,1.46386,1.68373,-1.96478,-0.158513,1.1305,-0.0269352,-0.800643,-2.6413,-3.64206,-0.163581,2.26522,0.768903])
4.448221105575349
Max g: 5.776593311414614
f_4([3.55218e-7,0.5491,-0.5491,0.334039,1.15142,-1.174,0.281352,-0.159868,0.920151,-0.125431,-0.649941,0.802649,-0.2427,1.15521,-0.602597,-1.06369,-0.579404,0.894186,1.40731,2.326,-2.07681,2.48238,0.5264,-3.83588,0.972487,0.677804,-1.35869,2.38888,-0.904864,0.0155281,0.737204,0.165361,1.46386,1.68373,-1.96478,-0.158513,1.1305,-0.0269352,-0.800643,-2.6413,-3.64206,-0.163581,2.26522,0.768903])
4.448221105575349
Max g: 5.776588865181243
f_5([0.0794427,1.47985,-1.41002,-0.384938,0.938516,-0.24486,0.103524,-0.380664,0.681942,0.758282,-0.890531,0.132249,-1.37059,1.40806,-0.946923,-0.712844,0.0184714,1.67543,0.754694,1.40133,-1.47471,1.46256,1.93408,-4.2508,0.40607,0.0429582,-1.87488,1.98894,-1.17755,-0.214099,1.44645,0.813514,1.67245,0.276409,-1.22895,-0.815331,3.39597,-1.06244,-1.78319,-0.848287,-3.67376,1.2365,1.2217,1.29263])
8.621294513898613
Max g: 0.4960795243030256
f_6([0.0351041,1.27975,-1.27727,-0.348451,0.722899,-0.127173,0.14681,-0.170527,0.813827,0.987667,-0.961957,-0.0257093,-1.30295,1.2512,-0.910618,-0.693105,-0.0884651,1.63954,0.762799,0.690411,-0.427175,1.52722,2.0334,-4.27813,0.531003,0.123263,-1.66169,2.01337,-2.20154,0.562122,1.49108,1.13741,0.112285,0.739787,-0.231909,-0.626748,3.13123,-0.505423,-1.50576,-1.11415,-3.29702,1.88417,-0.4708,1.8776])
7.24515726285957
Max g: 0.09171521922954212
f_7([0.0385516,1.19461,-1.19448,-0.214416,0.573891,-0.112226,0.32535,-0.144335,0.762266,1.09365,-0.903501,-0.190146,-1.09982,1.19657,-0.886411,-0.660807,-0.129219,1.64192,0.605111,0.7417,-0.52824,1.44493,2.08105,-4.31526,0.475488,0.172998,-1.644,1.99663,-2.06254,0.914449,1.13404,1.00971,0.104811,1.12688,-0.625347,-0.606068,3.04589,-0.901897,-1.13729,-1.00595,-2.99681,2.70749,-1.40654,1.69581])
6.854268088611231
Max g: 0.02676093616034958
f_8([0.0402892,1.17499,-1.17463,-0.187852,0.544342,-0.110841,0.345948,-0.12188,0.756004,1.06933,-0.862209,-0.190025,-1.04995,1.18143,-0.873561,-0.658729,-0.137654,1.64446,0.578936,0.708876,-0.506472,1.45511,2.04588,-4.30985,0.428611,0.191364,-1.62633,2.00645,-1.95643,0.984852,1.0139,0.958027,0.018019,1.16185,-0.618505,-0.560691,2.95814,-0.986559,-1.01299,-0.958801,-2.94735,2.90625,-1.63059,1.67142])
6.745006539267649
Max g: 0.006360972961380551
f_9([0.0402232,1.17489,-1.17398,-0.187373,0.543955,-0.11047,0.339065,-0.125026,0.75536,1.07221,-0.856963,-0.188874,-1.05007,1.18207,-0.873539,-0.658553,-0.137556,1.64455,0.580527,0.70978,-0.506232,1.45554,2.04687,-4.30929,0.429123,0.190922,-1.62641,2.00637,-1.96274,0.981331,1.01854,0.962885,0.00357571,1.15375,-0.597101,-0.560079,2.96269,-0.981939,-1.01782,-0.962973,-2.94447,2.89941,-1.62973,1.67483])
6.780396913370725
Max g: 0.0012272918718249648
f_10([0.0404188,1.17491,-1.17395,-0.187292,0.543874,-0.110432,0.337218,-0.126234,0.755553,1.07288,-0.855326,-0.188729,-1.05006,1.18214,-0.873212,-0.658515,-0.137633,1.64475,0.580974,0.709826,-0.505983,1.45588,2.04701,-4.30921,0.42895,0.19074,-1.6261,2.00638,-1.96391,0.980195,1.01967,0.964044,-0.000222471,1.15161,-0.591465,-0.559923,2.96392,-0.980311,-1.0195,-0.964077,-2.94417,2.89771,-1.6295,1.67597])
6.7896681944737844
{0.040418807037920855,1.1749092786701685,-1.1739473315843556,-0.18729206698515422,0.5438742906673399,-0.11043153883872742,0.3372176615803479,-0.12623355004498837,0.7555532591479561,1.0728809650951865,-0.8553256114497758,-0.18872869159268563,-1.050062942869745,1.1821353575756484,-0.8732121918023734,-0.6585151793367513,-0.1376327043977899,1.6447536841953623,0.5809736310473655,0.7098262154326459,-0.5059831527647716,1.4558814546648222,2.0470062811603427,-4.309209719447926,0.42895040002064583,0.19074033919917222,-1.6260972326348537,2.0063831855342547,-1.963914884023919,0.9801953964102867,1.0196735515772029,0.9640444027611246,-0.0002224708842192161,1.151605238105131,-0.5914653036694266,-0.5599227871741012,2.9639189789610763,-0.9803105717563051,-1.0195044463496858,-0.9640770671384359,-2.9441718201987115,2.8977128067099063,-1.629498229948,1.6759659117590933}]
Set[{A021,A031,A032,A041,A042,A043,A121,A131,A132,A141,A142,A143,B021,B031,B032,B041,B042,B043,B121,B131,B132,B141,B142,B143,\[Alpha]1,\[Alpha]2,\[Alpha]3,\[Alpha]4,\[Beta]11,\[Beta]12,\[Beta]13,\[Beta]14,\[Beta]21,\[Beta]22,\[Beta]23,\[Beta]24,\[Beta]31,\[Beta]32,\[Beta]33,\[Beta]34,\[Beta]41,\[Beta]42,\[Beta]43,\[Beta]44},{0.040418807037920855,1.1749092786701685,-1.1739473315843556,-0.18729206698515422,0.5438742906673399,-0.11043153883872742,0.3372176615803479,-0.12623355004498837,0.7555532591479561,1.0728809650951865,-0.8553256114497758,-0.18872869159268563,-1.050062942869745,1.1821353575756484,-0.8732121918023734,-0.6585151793367513,-0.1376327043977899,1.6447536841953623,0.5809736310473655,0.7098262154326459,-0.5059831527647716,1.4558814546648222,2.0470062811603427,-4.309209719447926,0.42895040002064583,0.19074033919917222,-1.6260972326348537,2.0063831855342547,-1.963914884023919,0.9801953964102867,1.0196735515772029,0.9640444027611246,-0.0002224708842192161,1.151605238105131,-0.5914653036694266,-0.5599227871741012,2.9639189789610763,-0.9803105717563051,-1.0195044463496858,-0.9640770671384359,-2.9441718201987115,2.8977128067099063,-1.629498229948,1.6759659117590933}]

Max g: 8.848890005463961e-5
f_11([0.0404217,1.17491,-1.17394,-0.187289,0.543865,-0.110431,0.337225,-0.126239,0.75556,1.07288,-0.855321,-0.188739,-1.05006,1.18214,-0.873209,-0.658516,-0.137635,1.64476,0.580972,0.709833,-0.505991,1.45588,2.047,-4.30921,0.428968,0.190739,-1.62609,2.00639,-1.96391,0.980196,1.01967,0.964044,-0.000223732,1.15161,-0.591476,-0.559929,2.96391,-0.980312,-1.01952,-0.964078,-2.94417,2.89772,-1.6295,1.67596])
6.790066959252411
Max g: 8.394722794646814e-5
f_12([0.0404216,1.17491,-1.17394,-0.187289,0.543865,-0.110431,0.33723,-0.126276,0.755599,1.07286,-0.85527,-0.188782,-1.05006,1.18215,-0.873202,-0.658514,-0.137632,1.64476,0.580966,0.709841,-0.506004,1.45589,2.04699,-4.30921,0.42897,0.190733,-1.62609,2.00639,-1.96391,0.980214,1.01966,0.964033,-0.000218136,1.15162,-0.591496,-0.559927,2.96391,-0.980291,-1.01955,-0.964062,-2.94418,2.89774,-1.62949,1.67593])
6.790266341641724
Max g: 7.297449364579434e-5
f_13([0.0404216,1.17491,-1.17394,-0.187289,0.543865,-0.110431,0.337231,-0.126294,0.755617,1.07285,-0.855246,-0.188802,-1.05006,1.18215,-0.873198,-0.658513,-0.137631,1.64476,0.580964,0.709839,-0.506005,1.45589,2.04699,-4.30921,0.428971,0.19073,-1.62609,2.00639,-1.96391,0.980222,1.01966,0.964028,-0.000216954,1.15163,-0.591506,-0.559924,2.96391,-0.980284,-1.01956,-0.964055,-2.94418,2.89775,-1.62949,1.67592])
6.790066959252411
Max g: 7.142310907443106e-5
f_14([0.0404216,1.17491,-1.17394,-0.187289,0.543865,-0.110431,0.337231,-0.126294,0.755617,1.07285,-0.855246,-0.188802,-1.05006,1.18215,-0.873198,-0.658513,-0.137631,1.64476,0.580964,0.709839,-0.506005,1.45589,2.04699,-4.30921,0.428971,0.19073,-1.62609,2.00639,-1.96391,0.980222,1.01966,0.964028,-0.000216953,1.15163,-0.591506,-0.559924,2.96391,-0.980284,-1.01956,-0.964055,-2.94418,2.89775,-1.62949,1.67592])
6.790266341641724
Max g: 7.14222729449876e-5
f_15([0.0404223,1.17491,-1.17395,-0.187285,0.543857,-0.110428,0.33727,-0.126312,0.755654,1.07281,-0.855224,-0.188849,-1.05005,1.18216,-0.873191,-0.658506,-0.137633,1.64477,0.580952,0.709832,-0.506007,1.45588,2.04698,-4.30922,0.428973,0.190723,-1.62609,2.00639,-1.96389,0.98026,1.01963,0.963996,-0.00013688,1.15169,-0.591642,-0.559919,2.96388,-0.980313,-1.01955,-0.964016,-2.94418,2.89778,-1.62948,1.67588])
6.790465724031037
Max g: 5.7431700371257666e-5
f_16([0.0404223,1.17491,-1.17395,-0.187285,0.543857,-0.110428,0.33727,-0.126312,0.755654,1.07281,-0.855224,-0.188849,-1.05005,1.18216,-0.873191,-0.658506,-0.137633,1.64477,0.580952,0.709832,-0.506007,1.45588,2.04698,-4.30922,0.428973,0.190723,-1.62609,2.00639,-1.96389,0.98026,1.01963,0.963996,-0.000136801,1.15169,-0.591642,-0.559919,2.96388,-0.980313,-1.01955,-0.964016,-2.94418,2.89778,-1.62948,1.67588])
6.790465724031037
Max g: 5.7414950462408854e-5
f_17([0.0404223,1.17491,-1.17395,-0.187285,0.543857,-0.110428,0.33727,-0.126312,0.755654,1.07281,-0.855224,-0.188849,-1.05005,1.18216,-0.873191,-0.658506,-0.137633,1.64477,0.580952,0.709832,-0.506007,1.45588,2.04698,-4.30922,0.428973,0.190723,-1.62609,2.00639,-1.96389,0.98026,1.01963,0.963996,-0.000136801,1.15169,-0.591642,-0.559919,2.96388,-0.980313,-1.01955,-0.964016,-2.94418,2.89778,-1.62948,1.67588])
6.790465724031037
Max g: 5.741493001359954e-5
f_18([0.0404253,1.17491,-1.17395,-0.187291,0.543861,-0.110429,0.337404,-0.126354,0.755761,1.07271,-0.855157,-0.189007,-1.05005,1.18217,-0.873179,-0.658496,-0.137631,1.64477,0.580913,0.709815,-0.506019,1.45586,2.04697,-4.30924,0.428982,0.190708,-1.62608,2.00639,-1.96382,0.980375,1.01955,0.963895,0.000121883,1.15188,-0.592093,-0.559912,2.96381,-0.980392,-1.01952,-0.963901,-2.94421,2.89791,-1.62947,1.67577])
6.7899672680577545
Max g: 1.4348269479547149e-5
f_19([0.0404206,1.17491,-1.17395,-0.187286,0.543857,-0.110427,0.337453,-0.126384,0.755814,1.07267,-0.855115,-0.18908,-1.05004,1.18218,-0.873166,-0.658491,-0.137633,1.64477,0.580897,0.709806,-0.506022,1.45585,2.04697,-4.30925,0.428988,0.190697,-1.62608,2.00639,-1.96379,0.980417,1.01952,0.963854,0.0002111,1.15196,-0.592266,-0.559905,2.96379,-0.98042,-1.01951,-0.963855,-2.94422,2.89796,-1.62947,1.67572])
6.789867576863098
Max g: 6.830924484141354e-6
f_20([0.0404207,1.17491,-1.17395,-0.187286,0.543857,-0.110428,0.337451,-0.126389,0.755817,1.07267,-0.855109,-0.189083,-1.05004,1.18218,-0.873165,-0.65849,-0.137632,1.64477,0.580897,0.709807,-0.506023,1.45584,2.04697,-4.30925,0.428987,0.190696,-1.62608,2.00639,-1.96379,0.980419,1.01952,0.963854,0.000209823,1.15196,-0.592261,-0.559905,2.96379,-0.980419,-1.01952,-0.963854,-2.94421,2.89796,-1.62947,1.67572])
6.789867576863098
{0.04042066897115742,1.1749105059915423,-1.173945697277728,-0.1872858860179661,0.5438569650645753,-0.11042755440483,0.33745053034545147,-0.1263886887731394,0.7558167271196475,1.0726662528772333,-0.8551092552205852,-0.18908323196257343,-1.050039017679148,1.1821837143847365,-0.87316531842079,-0.6584901767659884,-0.1376323051899727,1.6447728187213415,0.5808972038600648,0.7098073228628352,-0.5060231423306665,1.4558449331352683,2.0469748550719014,-4.309252375079906,0.42898734578784015,0.19069647884185847,-1.626077386716221,2.0063935658260057,-1.9637900058891544,0.9804188331861825,1.0195169590114839,0.9638543853413459,0.00020982326408252726,1.1519565818845814,-0.5922606941472939,-0.5599051658773395,2.963790478954331,-0.9804194533225105,-1.0195168729473663,-0.9638543202205399,-2.944212747741633,2.897957863109424,-1.6294659511028138,1.6757207528891058}]
Set[{A021,A031,A032,A041,A042,A043,A121,A131,A132,A141,A142,A143,B021,B031,B032,B041,B042,B043,B121,B131,B132,B141,B142,B143,\[Alpha]1,\[Alpha]2,\[Alpha]3,\[Alpha]4,\[Beta]11,\[Beta]12,\[Beta]13,\[Beta]14,\[Beta]21,\[Beta]22,\[Beta]23,\[Beta]24,\[Beta]31,\[Beta]32,\[Beta]33,\[Beta]34,\[Beta]41,\[Beta]42,\[Beta]43,\[Beta]44},{0.04042066897115742,1.1749105059915423,-1.173945697277728,-0.1872858860179661,0.5438569650645753,-0.11042755440483,0.33745053034545147,-0.1263886887731394,0.7558167271196475,1.0726662528772333,-0.8551092552205852,-0.18908323196257343,-1.050039017679148,1.1821837143847365,-0.87316531842079,-0.6584901767659884,-0.1376323051899727,1.6447728187213415,0.5808972038600648,0.7098073228628352,-0.5060231423306665,1.4558449331352683,2.0469748550719014,-4.309252375079906,0.42898734578784015,0.19069647884185847,-1.626077386716221,2.0063935658260057,-1.9637900058891544,0.9804188331861825,1.0195169590114839,0.9638543853413459,0.00020982326408252726,1.1519565818845814,-0.5922606941472939,-0.5599051658773395,2.963790478954331,-0.9804194533225105,-1.0195168729473663,-0.9638543202205399,-2.944212747741633,2.897957863109424,-1.6294659511028138,1.6757207528891058}]

Max g: 5.271076346791137e-6
f_21([0.0404207,1.17491,-1.17395,-0.187286,0.543857,-0.110428,0.337449,-0.126395,0.755821,1.07266,-0.855101,-0.189088,-1.05004,1.18218,-0.873164,-0.65849,-0.137632,1.64477,0.580897,0.709807,-0.506023,1.45584,2.04698,-4.30925,0.428988,0.190696,-1.62608,2.00639,-1.96379,0.980419,1.01952,0.963855,0.000205672,1.15196,-0.592257,-0.559904,2.96379,-0.980417,-1.01952,-0.963854,-2.94421,2.89796,-1.62946,1.67572])
6.789867576863098
Max g: 4.206870490491843e-6
f_22([0.0404207,1.17491,-1.17395,-0.187286,0.543857,-0.110428,0.337449,-0.126395,0.755822,1.07266,-0.8551,-0.189089,-1.05004,1.18218,-0.873164,-0.65849,-0.137632,1.64477,0.580897,0.709807,-0.506023,1.45584,2.04698,-4.30925,0.428988,0.190695,-1.62608,2.00639,-1.96379,0.980419,1.01952,0.963855,0.000205166,1.15196,-0.592257,-0.559904,2.96379,-0.980417,-1.01952,-0.963854,-2.94421,2.89796,-1.62946,1.67572])
6.789867576863098
Max g: 4.101180866994403e-6
f_23([0.0404207,1.17491,-1.17395,-0.187286,0.543857,-0.110428,0.337449,-0.126395,0.755822,1.07266,-0.8551,-0.189089,-1.05004,1.18218,-0.873164,-0.65849,-0.137632,1.64477,0.580897,0.709807,-0.506023,1.45584,2.04698,-4.30925,0.428988,0.190695,-1.62608,2.00639,-1.96379,0.980419,1.01952,0.963855,0.000205165,1.15196,-0.592257,-0.559904,2.96379,-0.980417,-1.01952,-0.963854,-2.94421,2.89796,-1.62946,1.67572])
6.789767885668441
Max g: 4.100965475845042e-6
f_24([0.0404207,1.17491,-1.17395,-0.187286,0.543857,-0.110428,0.337446,-0.126394,0.755819,1.07267,-0.855102,-0.189085,-1.05004,1.18218,-0.873165,-0.65849,-0.137632,1.64477,0.580898,0.709808,-0.506023,1.45585,2.04698,-4.30925,0.428988,0.190696,-1.62608,2.00639,-1.96379,0.980417,1.01952,0.963857,0.000200283,1.15195,-0.592248,-0.559904,2.96379,-0.980415,-1.01952,-0.963856,-2.94421,2.89795,-1.62946,1.67572])
6.789867576863098
Max g: 2.1374256478912113e-6
f_25([0.0404207,1.17491,-1.17395,-0.187286,0.543857,-0.110428,0.337444,-0.126391,0.755815,1.07267,-0.855106,-0.189081,-1.05004,1.18218,-0.873165,-0.65849,-0.137632,1.64477,0.580899,0.709808,-0.506023,1.45585,2.04698,-4.30925,0.428987,0.190696,-1.62608,2.00639,-1.96379,0.980414,1.01952,0.963859,0.000195875,1.15195,-0.59224,-0.559905,2.96379,-0.980414,-1.01952,-0.963859,-2.94421,2.89795,-1.62947,1.67573])
6.789867576863098
Max g: 1.488744349187332e-7
f_26([0.0404207,1.17491,-1.17395,-0.187286,0.543857,-0.110428,0.337444,-0.12639,0.755815,1.07267,-0.855106,-0.18908,-1.05004,1.18218,-0.873165,-0.65849,-0.137632,1.64477,0.580899,0.709808,-0.506022,1.45585,2.04698,-4.30925,0.428987,0.190697,-1.62608,2.00639,-1.96379,0.980414,1.01952,0.963859,0.000195622,1.15195,-0.592239,-0.559905,2.96379,-0.980414,-1.01952,-0.963859,-2.94421,2.89795,-1.62947,1.67573])
6.789867576863098
Max g: 3.378462754000111e-8
f_27([0.0404207,1.17491,-1.17395,-0.187286,0.543857,-0.110428,0.337444,-0.12639,0.755815,1.07267,-0.855106,-0.18908,-1.05004,1.18218,-0.873165,-0.65849,-0.137632,1.64477,0.580899,0.709808,-0.506022,1.45585,2.04698,-4.30925,0.428987,0.190697,-1.62608,2.00639,-1.96379,0.980414,1.01952,0.963859,0.000195624,1.15195,-0.592239,-0.559905,2.96379,-0.980414,-1.01952,-0.963859,-2.94421,2.89795,-1.62947,1.67573])
6.789867576863098
Max g: 2.3773972790408493e-8
f_28([0.0404207,1.17491,-1.17395,-0.187286,0.543857,-0.110428,0.337444,-0.12639,0.755815,1.07267,-0.855107,-0.18908,-1.05004,1.18218,-0.873165,-0.65849,-0.137632,1.64477,0.580899,0.709808,-0.506022,1.45585,2.04698,-4.30925,0.428987,0.190697,-1.62608,2.00639,-1.96379,0.980414,1.01952,0.963859,0.000195626,1.15195,-0.592239,-0.559905,2.96379,-0.980414,-1.01952,-0.963859,-2.94421,2.89795,-1.62947,1.67573])
6.789867576863098
Max g: 2.2359328166743353e-8
f_29([0.0404207,1.17491,-1.17395,-0.187286,0.543857,-0.110428,0.337444,-0.12639,0.755815,1.07267,-0.855107,-0.18908,-1.05004,1.18218,-0.873165,-0.65849,-0.137632,1.64477,0.580899,0.709808,-0.506022,1.45585,2.04698,-4.30925,0.428987,0.190697,-1.62608,2.00639,-1.96379,0.980414,1.01952,0.963859,0.000195626,1.15195,-0.592239,-0.559905,2.96379,-0.980414,-1.01952,-0.963859,-2.94421,2.89795,-1.62947,1.67573])
6.789867576863098
Max g: 2.2226565699057232e-8
f_30([0.0404207,1.17491,-1.17395,-0.187286,0.543857,-0.110428,0.337444,-0.12639,0.755815,1.07267,-0.855107,-0.18908,-1.05004,1.18218,-0.873165,-0.65849,-0.137632,1.64477,0.580899,0.709808,-0.506022,1.45585,2.04698,-4.30925,0.428987,0.190697,-1.62608,2.00639,-1.96379,0.980414,1.01952,0.963859,0.000195682,1.15195,-0.592239,-0.559905,2.96379,-0.980414,-1.01952,-0.963859,-2.94421,2.89795,-1.62947,1.67573])
6.789867576863098
{0.04042073774447895,1.1749103895915973,-1.1739457054011389,-0.18728591807210188,0.5438569565780984,-0.1104276227875194,0.3374436539419439,-0.12639011993131688,0.7558145632786175,1.0726696110215581,-0.8551066736184352,-0.18907961554310698,-1.0500388738838344,1.1821836961332572,-0.873165432533329,-0.6584901913522556,-0.13763236399706477,1.6447728534153363,0.5808990081175256,0.7098079575888271,-0.5060224952476423,1.4558459746464671,2.046975470794925,-4.3092516521866315,0.4289874027235556,0.19069657405333393,-1.6260774997803003,2.006393523048476,-1.963794565264263,0.9804141537604543,1.0195211749436308,0.9638592364372277,0.00019568167006785568,1.1519480247241614,-0.592238836633295,-0.5599048700085637,2.963794565038876,-0.9804141352486673,-1.0195211988205086,-0.9638592308422187,-2.944211121956772,2.897951303828098,-1.6294656415122442,1.6757254598688702}]
Set[{A021,A031,A032,A041,A042,A043,A121,A131,A132,A141,A142,A143,B021,B031,B032,B041,B042,B043,B121,B131,B132,B141,B142,B143,\[Alpha]1,\[Alpha]2,\[Alpha]3,\[Alpha]4,\[Beta]11,\[Beta]12,\[Beta]13,\[Beta]14,\[Beta]21,\[Beta]22,\[Beta]23,\[Beta]24,\[Beta]31,\[Beta]32,\[Beta]33,\[Beta]34,\[Beta]41,\[Beta]42,\[Beta]43,\[Beta]44},{0.04042073774447895,1.1749103895915973,-1.1739457054011389,-0.18728591807210188,0.5438569565780984,-0.1104276227875194,0.3374436539419439,-0.12639011993131688,0.7558145632786175,1.0726696110215581,-0.8551066736184352,-0.18907961554310698,-1.0500388738838344,1.1821836961332572,-0.873165432533329,-0.6584901913522556,-0.13763236399706477,1.6447728534153363,0.5808990081175256,0.7098079575888271,-0.5060224952476423,1.4558459746464671,2.046975470794925,-4.3092516521866315,0.4289874027235556,0.19069657405333393,-1.6260774997803003,2.006393523048476,-1.963794565264263,0.9804141537604543,1.0195211749436308,0.9638592364372277,0.00019568167006785568,1.1519480247241614,-0.592238836633295,-0.5599048700085637,2.963794565038876,-0.9804141352486673,-1.0195211988205086,-0.9638592308422187,-2.944211121956772,2.897951303828098,-1.6294656415122442,1.6757254598688702}]

Max g: 5.308531392245186e-9
f_31([0.0404207,1.17491,-1.17395,-0.187286,0.543857,-0.110428,0.337444,-0.12639,0.755815,1.07267,-0.855107,-0.18908,-1.05004,1.18218,-0.873165,-0.65849,-0.137632,1.64477,0.580899,0.709808,-0.506022,1.45585,2.04698,-4.30925,0.428987,0.190697,-1.62608,2.00639,-1.96379,0.980414,1.01952,0.963859,0.000195694,1.15195,-0.592239,-0.559905,2.96379,-0.980414,-1.01952,-0.963859,-2.94421,2.89795,-1.62947,1.67573])
6.789867576863098
Max g: 6.616971415240869e-10
f_32([0.0404207,1.17491,-1.17395,-0.187286,0.543857,-0.110428,0.337444,-0.12639,0.755815,1.07267,-0.855107,-0.18908,-1.05004,1.18218,-0.873165,-0.65849,-0.137632,1.64477,0.580899,0.709808,-0.506022,1.45585,2.04698,-4.30925,0.428987,0.190697,-1.62608,2.00639,-1.96379,0.980414,1.01952,0.963859,0.000195696,1.15195,-0.592239,-0.559905,2.96379,-0.980414,-1.01952,-0.963859,-2.94421,2.89795,-1.62947,1.67573])
6.789867576863098
Max g: 1.0519540794007298e-10
f_33([0.0404207,1.17491,-1.17395,-0.187286,0.543857,-0.110428,0.337444,-0.12639,0.755815,1.07267,-0.855107,-0.18908,-1.05004,1.18218,-0.873165,-0.65849,-0.137632,1.64477,0.580899,0.709808,-0.506022,1.45585,2.04698,-4.30925,0.428987,0.190697,-1.62608,2.00639,-1.96379,0.980414,1.01952,0.963859,0.000195696,1.15195,-0.592239,-0.559905,2.96379,-0.980414,-1.01952,-0.963859,-2.94421,2.89795,-1.62947,1.67573])
6.789867576863098
Max g: 3.2296387786345804e-12
{0.04042073768447828,1.174910389841444,-1.1739457058090015,-0.18728591834312705,0.5438569568510077,-0.11042762287964791,0.33744365880080046,-0.1263900796392948,0.7558145279225025,1.0726696269421958,-0.8551067279969327,-0.18907957885495685,-1.0500388788478885,1.182183689303612,-0.8731654399522131,-0.6584901941721181,-0.13763236643461932,1.6447728520836895,0.5808990091240261,0.7098079597741825,-0.5060224959949922,1.455845977089901,2.0469754702484595,-4.309251650489496,0.4289874003502972,0.19069658071666346,-1.6260775028086545,2.006393521741614,-1.9637945579290517,0.9804141462335453,1.0195211735133456,0.9638592381818588,0.0001956959139605038,1.1519480199543164,-0.592238839473448,-0.5599048763945852,2.963794557927991,-0.9804141462334511,-1.019521173514079,-0.9638592381807567,-2.944211129332277,2.897951309782999,-1.6294656503076095,1.6757254698569584}]
Set[{A021,A031,A032,A041,A042,A043,A121,A131,A132,A141,A142,A143,B021,B031,B032,B041,B042,B043,B121,B131,B132,B141,B142,B143,\[Alpha]1,\[Alpha]2,\[Alpha]3,\[Alpha]4,\[Beta]11,\[Beta]12,\[Beta]13,\[Beta]14,\[Beta]21,\[Beta]22,\[Beta]23,\[Beta]24,\[Beta]31,\[Beta]32,\[Beta]33,\[Beta]34,\[Beta]41,\[Beta]42,\[Beta]43,\[Beta]44},{0.04042073768447828,1.174910389841444,-1.1739457058090015,-0.18728591834312705,0.5438569568510077,-0.11042762287964791,0.33744365880080046,-0.1263900796392948,0.7558145279225025,1.0726696269421958,-0.8551067279969327,-0.18907957885495685,-1.0500388788478885,1.182183689303612,-0.8731654399522131,-0.6584901941721181,-0.13763236643461932,1.6447728520836895,0.5808990091240261,0.7098079597741825,-0.5060224959949922,1.455845977089901,2.0469754702484595,-4.309251650489496,0.4289874003502972,0.19069658071666346,-1.6260775028086545,2.006393521741614,-1.9637945579290517,0.9804141462335453,1.0195211735133456,0.9638592381818588,0.0001956959139605038,1.1519480199543164,-0.592238839473448,-0.5599048763945852,2.963794557927991,-0.9804141462334511,-1.019521173514079,-0.9638592381807567,-2.944211129332277,2.897951309782999,-1.6294656503076095,1.6757254698569584}]


-----------------Final Result------------------
Options: alg=LN_AUGLAG_EQ,dx=0.01,max_eval=100000000,popSize=0
imin=-6,jmin=-3,imax=1,jmax=3,
parameter_minmax=5,
randSeed=31525647,rand_minmax=3

3309851 steps

Completed with maxf : 6.789867576863098

Constraints at 5.013767179207207e-13

x = [0.04042073768447828,1.174910389841444,-1.1739457058090015,-0.18728591834312705,0.5438569568510077,-0.11042762287964791,0.33744365880080046,-0.1263900796392948,0.7558145279225025,1.0726696269421958,-0.8551067279969327,-0.18907957885495685,-1.0500388788478885,1.182183689303612,-0.8731654399522131,-0.6584901941721181,-0.13763236643461932,1.6447728520836895,0.5808990091240261,0.7098079597741825,-0.5060224959949922,1.455845977089901,2.0469754702484595,-4.309251650489496,0.4289874003502972,0.19069658071666346,-1.6260775028086545,2.006393521741614,-1.9637945579290517,0.9804141462335453,1.0195211735133456,0.9638592381818588,0.0001956959139605038,1.1519480199543164,-0.592238839473448,-0.5599048763945852,2.963794557927991,-0.9804141462334511,-1.019521173514079,-0.9638592381807567,-2.944211129332277,2.897951309782999,-1.6294656503076095,1.6757254698569584]
c0 = [0.0,0.04042073768447828,0.0009646840324424311,0.24614341562823272]
c1 = [0.0,0.33744365880080046,0.6294244482832076,0.028483320090306297]
A0 = [0.0,0.04042073768447828,1.174910389841444,-0.18728591834312705,0.0,0.0,-1.1739457058090015,0.5438569568510077,0.0,0.0,0.0,-0.11042762287964791,0.0,0.0,0.0,0.0]
A1 = [0.0,0.33744365880080046,-0.1263900796392948,1.0726696269421958,0.0,0.0,0.7558145279225025,-0.8551067279969327,0.0,0.0,0.0,-0.18907957885495685,0.0,0.0,0.0,0.0]
B0 = [0.0,-1.0500388788478885,1.182183689303612,-0.6584901941721181,0.0,0.0,-0.8731654399522131,-0.13763236643461932,0.0,0.0,0.0,1.6447728520836895,0.0,0.0,0.0,0.0]
B1 = [0.0,0.5808990091240261,0.7098079597741825,1.455845977089901,0.0,0.0,-0.5060224959949922,2.0469754702484595,0.0,0.0,0.0,-4.309251650489496,0.0,0.0,0.0,0.0]
α  = [0.4289874003502972,0.19069658071666346,-1.6260775028086545,2.006393521741614]
β1 = [-1.9637945579290517,0.9804141462335453,1.0195211735133456,0.9638592381818588]
β2 = [0.0001956959139605038,1.1519480199543164,-0.592238839473448,-0.5599048763945852]
β3 = [2.963794557927991,-0.9804141462334511,-1.019521173514079,-0.9638592381807567]
β4 = [-2.944211129332277,2.897951309782999,-1.6294656503076095,1.6757254698569584]


Set[{A021,A031,A032,A041,A042,A043,A121,A131,A132,A141,A142,A143,B021,B031,B032,B041,B042,B043,B121,B131,B132,B141,B142,B143,\[Alpha]1,\[Alpha]2,\[Alpha]3,\[Alpha]4,\[Beta]11,\[Beta]12,\[Beta]13,\[Beta]14,\[Beta]21,\[Beta]22,\[Beta]23,\[Beta]24,\[Beta]31,\[Beta]32,\[Beta]33,\[Beta]34,\[Beta]41,\[Beta]42,\[Beta]43,\[Beta]44},{0.04042073768447828,1.174910389841444,-1.1739457058090015,-0.18728591834312705,0.5438569568510077,-0.11042762287964791,0.33744365880080046,-0.1263900796392948,0.7558145279225025,1.0726696269421958,-0.8551067279969327,-0.18907957885495685,-1.0500388788478885,1.182183689303612,-0.8731654399522131,-0.6584901941721181,-0.13763236643461932,1.6447728520836895,0.5808990091240261,0.7098079597741825,-0.5060224959949922,1.455845977089901,2.0469754702484595,-4.309251650489496,0.4289874003502972,0.19069658071666346,-1.6260775028086545,2.006393521741614,-1.9637945579290517,0.9804141462335453,1.0195211735133456,0.9638592381818588,0.0001956959139605038,1.1519480199543164,-0.592238839473448,-0.5599048763945852,2.963794557927991,-0.9804141462334511,-1.019521173514079,-0.9638592381807567,-2.944211129332277,2.897951309782999,-1.6294656503076095,1.6757254698569584}]



