
-----------------Setup------------------
Options: alg=LN_AUGLAG_EQ,dx=0.01,max_eval=100000000,popSize=0
imin=-6,jmin=-3,imax=1,jmax=3,
parameter_minmax=5,
randSeed=95588732, rand_minmax=3

Initial Condition:

[2.2622,-2.84498,1.56617,0.102643,-1.07634,2.46005,-2.08736,0.230186,-1.03855,-2.46078,-0.637426,-1.87094,0.229442,-2.59444,-1.32477,1.15286,0.730997,2.49057,-2.48257,1.77712,1.77429,0.799841,0.380608,-0.211334,1.03031,-0.774715,1.75644,-1.29403,2.96435,-2.22037,-0.46049,-2.72998,-2.27016,2.18889,2.28796,1.56964,-0.259311,2.41055,2.89375,-0.581338,-2.44106,0.551327,1.17669,-0.0801255]

f_1([0.994223,-2.37054,2.44903,-0.241021,-1.30347,1.92097,1.15173e-5,0.599949,-0.470902,-0.0329162,-0.348229,0.405273,1.39495,-0.93535,-0.251466,4.40094,3.18837,2.48295,1.75949,0.811226,1.3302,3.03597,0.0523651,-1.26522,0.432888,-0.672652,-0.0966175,-0.00488955,3.17294,-2.5806,1.58188,-3.2254,-2.48489,2.0645,1.59261,0.0944889,-0.0950953,1.58976,3.18729,-1.40604,0.458252,0.0639749,0.751112,0.395875])
7.2585158829435485
Max g: 15.864290734461477
f_2([0.00529909,-1.90217,1.90723,1.46747,-3.50695,2.04366,0.00755618,0.645787,-0.623457,0.088586,-0.0979195,0.0282064,0.0502817,-1.00519,0.0393275,2.73076,0.217888,1.20628,1.00272,0.794943,1.196,0.535534,2.8582,-1.89762,1.05675,-1.09022,0.179864,0.00783676,3.55156,-2.19907,2.10356,-3.44891,-2.50093,2.45931,1.36612,-1.02012,0.118522,0.134732,3.02023,-2.77456,-0.182252,-0.132711,0.0229586,0.449606])
41.95922630138547
Max g: 6.896744176384537
f_3([0.00260693,-1.89621,1.91298,1.47228,-3.50561,2.0471,0.00134236,0.643208,-0.626489,0.0886529,-0.094429,0.0239271,0.0498974,-1.00764,0.0399843,2.72949,0.209588,1.20452,1.01512,0.691164,1.05587,0.54309,3.08643,-1.78171,1.06339,-1.08395,0.185014,0.012686,3.55728,-2.19592,2.1244,-3.44119,-2.50184,2.41921,1.34383,-1.04409,0.106963,0.128745,3.01057,-2.79426,-0.181176,-0.133577,0.0202673,0.469807])
42.0
Max g: 3.1698115037718178
f_4([0.018717,-1.818,2.00634,1.48892,-3.00359,1.84747,0.0608426,0.782179,-0.439049,0.948739,-0.688275,0.0413278,-0.137547,-0.88308,0.475025,3.35851,0.515558,1.11262,0.918899,0.553274,0.597019,0.325333,2.70861,-1.74112,1.26119,-1.10309,0.181772,0.0708999,2.78939,-0.74436,2.3896,-1.50776,-2.25849,2.18188,1.02087,-1.51466,-0.156515,0.0133812,2.9165,-2.98941,-0.166232,0.0846439,-0.119352,0.589518])
15.79686732288791
Max g: 1.9268725911911941
f_5([0.00913944,-1.84098,1.841,1.73099,-2.68672,1.95575,1.43697e-5,1.10768,-0.256892,1.28272,-0.351885,0.0692402,-0.605766,-0.940529,0.0954625,3.50001,0.490053,0.946483,0.851672,1.27964,0.743532,0.0220003,3.05606,-0.930634,1.93599,-0.907447,-0.127874,0.0797045,2.01254,-1.79577,2.28662,-1.50188,-1.559,1.63815,1.34512,-1.43649,-0.493359,0.531054,2.89822,-2.90375,0.369536,-1.00652,-0.1653,0.704046])
12.26440953142765
Max g: 0.5634514095208496
f_6([1.01385e-19,-1.82045,1.82045,1.73235,-2.67972,1.9473,4.15046e-19,1.10116,-0.251677,1.34294,-0.394558,0.0515675,-0.548692,-0.953414,0.0469372,3.31846,0.307557,0.7522,0.815129,1.16051,0.803108,-0.0631261,3.039,-0.881026,1.91612,-0.904173,-0.105274,0.0978725,1.96908,-1.76386,2.26325,-1.47159,-1.3622,1.37546,1.3721,-1.38699,-0.595444,0.590615,2.91362,-2.90843,0.85059,-1.49747,-0.159973,0.795147])
9.717299507952745
Max g: 0.6592075753185593
f_7([8.16372e-21,-1.8188,1.8188,1.73899,-2.68442,1.94543,0.0167208,1.09383,-0.250093,1.34951,-0.401017,0.0515041,-0.493271,-0.962394,0.0357358,3.04591,0.037497,0.479152,0.781519,1.06505,0.875525,-0.135588,3.02488,-0.819562,1.84074,-0.882293,-0.0915705,0.142868,1.97871,-1.7529,2.20297,-1.4316,-1.37671,1.38014,1.41167,-1.41066,-0.587769,0.575867,2.93851,-2.92882,0.992542,-1.66975,-0.0813296,0.751124])
10.776319068789297
Max g: 0.6545832291848369
f_8([-3.80455e-19,-1.81709,1.81709,1.73772,-2.68092,1.9432,0.0494139,1.07882,-0.245041,1.36664,-0.405314,0.0386716,-0.328649,-0.974122,0.0292155,2.6761,-0.336492,0.117281,0.761069,0.988041,0.911661,-0.187042,3.00984,-0.800679,1.70457,-0.893187,-0.0685903,0.277796,1.97192,-1.72596,2.09791,-1.3396,-1.4315,1.44946,1.42917,-1.4399,-0.558304,0.553266,2.99321,-2.99265,1.11213,-1.85927,0.0832817,0.654603])
10.100612151407189
Max g: 0.6321676665784144
f_9([1.53385e-7,-1.81727,1.81739,1.73527,-2.67941,1.9441,0.100763,1.06665,-0.252573,1.38779,-0.396779,0.00899493,-0.0910664,-0.972564,0.0406087,2.43448,-0.577244,-0.121732,0.748099,0.922447,0.92188,-0.221366,2.98642,-0.813052,1.53252,-0.999916,-0.0328385,0.509681,1.92908,-1.64221,1.87569,-1.14406,-1.50382,1.56356,1.41436,-1.46516,-0.505804,0.530495,3.09325,-3.12374,1.26908,-2.14185,0.398998,0.461016])
6.535854412878203
Max g: 0.5700120320702551
f_10([-1.1358e-5,-1.81343,1.82677,1.73663,-2.68032,1.94319,0.16335,1.04722,-0.271702,1.39292,-0.396123,0.00318047,-0.0590816,-0.971749,0.0451541,2.41635,-0.599756,-0.141925,0.740604,0.852908,0.917643,-0.242525,2.95466,-0.852168,1.50569,-1.01928,-0.0286104,0.544046,1.81732,-1.45782,1.41564,-0.736672,-1.58635,1.71546,1.35504,-1.47308,-0.454949,0.534284,3.23713,-3.31987,1.45541,-2.51592,0.897885,0.146788])
6.77102594107301
{-1.1357976150641033e-5,-1.8134252208791224,1.8267724556967824,1.7366301969857885,-2.680319915557687,1.9431940055984538,0.16334956639645365,1.0472190267221504,-0.2717018524146085,1.3929219757944495,-0.3961225454900695,0.0031804718208547126,-0.0590815861318092,-0.9717493415895395,0.04515405607134802,2.4163535413143804,-0.5997560768235545,-0.14192499529535407,0.7406044290546937,0.8529083647874056,0.9176426675587245,-0.24252534442620452,2.9546564604439145,-0.8521683362690974,1.5056944379064745,-1.0192782488106031,-0.02861035570069683,0.5440456014669725,1.8173247430086388,-1.4578183881035045,1.4156442131587101,-0.7366715089309702,-1.586352252357564,1.7154646486387068,1.3550418797933543,-1.4730836706645003,-0.454948729224547,0.5342835647541339,3.2371348020900235,-3.319869673162566,1.4554126341664508,-2.5159247941790537,0.8978852895476799,0.1467878274847759}]
Set[{A021,A031,A032,A041,A042,A043,A121,A131,A132,A141,A142,A143,B021,B031,B032,B041,B042,B043,B121,B131,B132,B141,B142,B143,\[Alpha]1,\[Alpha]2,\[Alpha]3,\[Alpha]4,\[Beta]11,\[Beta]12,\[Beta]13,\[Beta]14,\[Beta]21,\[Beta]22,\[Beta]23,\[Beta]24,\[Beta]31,\[Beta]32,\[Beta]33,\[Beta]34,\[Beta]41,\[Beta]42,\[Beta]43,\[Beta]44},{-1.1357976150641033e-5,-1.8134252208791224,1.8267724556967824,1.7366301969857885,-2.680319915557687,1.9431940055984538,0.16334956639645365,1.0472190267221504,-0.2717018524146085,1.3929219757944495,-0.3961225454900695,0.0031804718208547126,-0.0590815861318092,-0.9717493415895395,0.04515405607134802,2.4163535413143804,-0.5997560768235545,-0.14192499529535407,0.7406044290546937,0.8529083647874056,0.9176426675587245,-0.24252534442620452,2.9546564604439145,-0.8521683362690974,1.5056944379064745,-1.0192782488106031,-0.02861035570069683,0.5440456014669725,1.8173247430086388,-1.4578183881035045,1.4156442131587101,-0.7366715089309702,-1.586352252357564,1.7154646486387068,1.3550418797933543,-1.4730836706645003,-0.454948729224547,0.5342835647541339,3.2371348020900235,-3.319869673162566,1.4554126341664508,-2.5159247941790537,0.8978852895476799,0.1467878274847759}]

Max g: 0.4615738790692808
f_11([6.63137e-5,-1.80666,1.83817,1.7365,-2.68179,1.94366,0.212357,1.01878,-0.302762,1.39055,-0.392517,0.00196932,-0.0594051,-0.970594,0.043553,2.41577,-0.601367,-0.144256,0.733964,0.792023,0.89929,-0.249526,2.92639,-0.905208,1.50244,-1.0189,-0.0279428,0.546771,1.65151,-1.21093,0.66702,-0.0634694,-1.68509,1.88288,1.241,-1.42798,-0.472671,0.606489,3.34487,-3.47308,1.62265,-2.88914,1.47068,-0.214999])
7.351627458752768
Max g: 0.40111183139256545
f_12([0.000348714,-1.79584,1.86927,1.74004,-2.68503,1.9447,0.235663,0.982793,-0.332103,1.39427,-0.390574,-0.00369473,-0.0715331,-0.96726,0.0450381,2.41852,-0.602349,-0.147361,0.725475,0.744671,0.879226,-0.247947,2.90612,-0.945125,1.49641,-1.02109,-0.0178508,0.545183,1.50963,-0.983676,-0.258287,0.755321,-1.7825,2.02103,1.08185,-1.31182,-0.564095,0.70251,3.32556,-3.45458,1.72609,-3.17115,1.89052,-0.449828])
10.547727159441823
Max g: 0.2684478298168124
f_13([0.00214386,-1.78646,1.88234,1.73921,-2.68186,1.94235,0.242954,0.954325,-0.353019,1.39513,-0.386817,-0.00831417,-0.103891,-0.963857,0.0582635,2.41537,-0.603899,-0.150805,0.715315,0.706088,0.866905,-0.251304,2.89393,-0.962141,1.48288,-1.03537,0.0113307,0.543792,1.46279,-0.829851,-1.10679,1.47292,-1.8452,2.09632,0.923786,-1.16898,-0.647432,0.746111,3.18502,-3.2801,1.79031,-3.36933,2.0674,-0.492053])
12.620506478740852
Max g: 0.14926743001649023
f_14([0.00327841,-1.78307,1.89091,1.73942,-2.68143,1.94187,0.245413,0.940281,-0.367039,1.39217,-0.387522,-0.00464905,-0.120197,-0.963448,0.0647015,2.41342,-0.604665,-0.153666,0.703672,0.672336,0.866795,-0.262645,2.88169,-0.956553,1.47316,-1.04442,0.0292108,0.543757,1.48356,-0.733889,-1.72857,1.97163,-1.88215,2.13107,0.81721,-1.06361,-0.671775,0.738829,3.00117,-3.0681,1.86062,-3.51826,2.08321,-0.429203])
11.925858234374
Max g: 0.12619734822943784
f_15([0.00477505,-1.77806,1.90364,1.74013,-2.68511,1.94497,0.246007,0.934786,-0.375706,1.38097,-0.385325,0.0043585,-0.135376,-0.959893,0.0712738,2.41138,-0.607502,-0.153559,0.687204,0.633756,0.881229,-0.292536,2.87566,-0.933418,1.46582,-1.05339,0.0462476,0.543586,1.5234,-0.674964,-2.15039,2.29444,-1.91013,2.14978,0.765281,-1.0005,-0.662409,0.708078,2.83539,-2.88294,1.95013,-3.64213,2.03015,-0.340637])
11.327112919266748
Max g: 0.09670754432695783
f_16([0.0058185,-1.77519,1.91247,1.74096,-2.68722,1.94622,0.245574,0.933625,-0.381042,1.37003,-0.387802,0.0177693,-0.144233,-0.961009,0.074597,2.40708,-0.607175,-0.152614,0.668038,0.587292,0.906136,-0.33241,2.8698,-0.902316,1.45913,-1.0581,0.0563927,0.543802,1.56375,-0.651836,-2.39783,2.48012,-1.94349,2.16353,0.770598,-0.98658,-0.646587,0.683984,2.71719,-2.75556,2.04322,-3.74993,1.96674,-0.261591])
11.00491097813677
Max g: 0.07526407318452755
f_17([0.00661214,-1.77327,1.9194,1.73937,-2.68575,1.94637,0.246968,0.932845,-0.383328,1.36499,-0.382901,0.0179142,-0.149807,-0.960273,0.0799196,2.40739,-0.607481,-0.153627,0.650832,0.543987,0.93103,-0.367793,2.86078,-0.872622,1.45341,-1.05871,0.0631705,0.543473,1.59405,-0.648885,-2.51849,2.56947,-1.98372,2.18544,0.803842,-1.00229,-0.640993,0.673758,2.6609,-2.69393,2.1226,-3.8356,1.90322,-0.191223])
10.825765901338947
Max g: 0.06400493259017259
f_18([0.0071158,-1.77229,1.92422,1.74058,-2.68602,1.94532,0.248543,0.934055,-0.386681,1.36328,-0.377723,0.0144404,-0.152658,-0.957421,0.0848343,2.40638,-0.605504,-0.154703,0.634833,0.500564,0.957943,-0.403097,2.85384,-0.844396,1.4518,-1.0604,0.0668199,0.543174,1.61632,-0.652457,-2.58177,2.61491,-2.02383,2.20767,0.84846,-1.02915,-0.644863,0.673022,2.63981,-2.66795,2.19635,-3.91101,1.84009,-0.125709])
10.725775633098426
Max g: 0.05753599727630854
f_19([0.0074145,-1.77118,1.92621,1.73978,-2.68536,1.94559,0.250069,0.933563,-0.388165,1.36327,-0.373431,0.0101611,-0.15278,-0.955218,0.0892153,2.4067,-0.604853,-0.155678,0.620863,0.461843,0.982241,-0.433749,2.84716,-0.819586,1.45143,-1.06102,0.0678984,0.543209,1.63482,-0.659718,-2.61573,2.6379,-2.06223,2.22997,0.891239,-1.05604,-0.653599,0.676348,2.63596,-2.65853,2.26226,-3.97737,1.78016,-0.0650425])
10.64353039750677
Max g: 0.054538547329321174
f_20([0.00746813,-1.77047,1.92652,1.74092,-2.6852,1.94424,0.251766,0.933951,-0.390315,1.36023,-0.368353,0.00811984,-0.153274,-0.952395,0.0928261,2.40711,-0.604105,-0.156416,0.608,0.424266,1.00617,-0.463164,2.84181,-0.796759,1.4505,-1.0608,0.0687975,0.543012,1.65194,-0.66856,-2.63691,2.65143,-2.09863,2.25117,0.934402,-1.08406,-0.664665,0.682329,2.63952,-2.657,2.32486,-4.03959,1.72029,-0.00529639])
10.66027851820907
{0.00746813238861197,-1.7704670153060449,1.926520715076788,1.7409178592859997,-2.6852028525073126,1.9442380716274117,0.25176648093216497,0.9339507988757846,-0.39031529829784334,1.36023333287534,-0.3683531682644769,0.008119835389136762,-0.15327372486287447,-0.9523953347760042,0.09282612441237444,2.407107195211593,-0.6041051258157351,-0.15641575265830923,0.6080002873743188,0.4242657000952549,1.0061733966283077,-0.4631635434796943,2.841810937847371,-0.7967594891179723,1.4504988844798976,-1.0607953317062753,0.06879753517840997,0.5430116087740199,1.6519431929516997,-0.668560216823977,-2.636907967696119,2.651427561464353,-2.0986329255862115,2.2511726723150725,0.934402275042708,-1.0840618980524335,-0.6646654223901389,0.6823287272985907,2.6395152448223955,-2.657004637192216,2.324861124518709,-4.039587222325662,1.7202948243503786,-0.005296389528815252}]
Set[{A021,A031,A032,A041,A042,A043,A121,A131,A132,A141,A142,A143,B021,B031,B032,B041,B042,B043,B121,B131,B132,B141,B142,B143,\[Alpha]1,\[Alpha]2,\[Alpha]3,\[Alpha]4,\[Beta]11,\[Beta]12,\[Beta]13,\[Beta]14,\[Beta]21,\[Beta]22,\[Beta]23,\[Beta]24,\[Beta]31,\[Beta]32,\[Beta]33,\[Beta]34,\[Beta]41,\[Beta]42,\[Beta]43,\[Beta]44},{0.00746813238861197,-1.7704670153060449,1.926520715076788,1.7409178592859997,-2.6852028525073126,1.9442380716274117,0.25176648093216497,0.9339507988757846,-0.39031529829784334,1.36023333287534,-0.3683531682644769,0.008119835389136762,-0.15327372486287447,-0.9523953347760042,0.09282612441237444,2.407107195211593,-0.6041051258157351,-0.15641575265830923,0.6080002873743188,0.4242657000952549,1.0061733966283077,-0.4631635434796943,2.841810937847371,-0.7967594891179723,1.4504988844798976,-1.0607953317062753,0.06879753517840997,0.5430116087740199,1.6519431929516997,-0.668560216823977,-2.636907967696119,2.651427561464353,-2.0986329255862115,2.2511726723150725,0.934402275042708,-1.0840618980524335,-0.6646654223901389,0.6823287272985907,2.6395152448223955,-2.657004637192216,2.324861124518709,-4.039587222325662,1.7202948243503786,-0.005296389528815252}]

Max g: 0.052133037376043356
f_21([0.0398515,-1.72416,1.7382,1.67625,-2.69825,1.99237,0.236142,0.96551,-0.400233,1.36896,-0.354518,-0.0144387,-0.160786,-0.978412,0.0629943,2.32375,-0.511786,-0.203524,0.579288,0.378628,1.03906,-0.534096,2.8492,-0.745113,1.47348,-1.12561,0.0915668,0.561382,1.66477,-0.683291,-2.65044,2.65864,-2.15304,2.2728,0.98741,-1.10331,-0.712531,0.736588,2.64533,-2.6645,2.40446,-4.07684,1.62884,0.0380012])
4.380132019624924
Max g: 0.027689331315519095
f_22([0.0230817,-1.72271,1.74299,1.66858,-2.70584,1.98453,0.236913,0.960563,-0.4025,1.37168,-0.353796,-0.0178789,-0.167307,-0.978437,0.0613675,2.3265,-0.506873,-0.200209,0.565548,0.341306,1.06123,-0.561374,2.84342,-0.719323,1.47729,-1.12486,0.0934271,0.554077,1.71272,-0.697455,-2.67059,2.65276,-2.20218,2.28339,1.07474,-1.15534,-0.737681,0.727331,2.66014,-2.64983,2.47709,-4.14141,1.55745,0.106015])
4.850176002430566
Max g: 0.022978953971300342
f_23([-8.3026e-21,-1.71177,1.76905,1.65392,-2.71811,1.97142,0.239684,0.959883,-0.404987,1.37244,-0.354255,-0.0181861,-0.178649,-0.976815,0.0644609,2.33251,-0.501066,-0.195928,0.554644,0.305203,1.0822,-0.585953,2.83656,-0.700234,1.48077,-1.12101,0.09762,0.543664,1.7358,-0.711573,-2.67995,2.65448,-2.23762,2.29878,1.13173,-1.19242,-0.746392,0.725414,2.6703,-2.64924,2.53847,-4.20521,1.49076,0.175275])
9.350037146838009
Max g: 0.019470620683013973
f_24([0.00245549,-1.70053,1.79055,1.65511,-2.71699,1.97223,0.242213,0.960075,-0.408039,1.36451,-0.352913,-0.0116059,-0.179345,-0.975686,0.0729498,2.33343,-0.500911,-0.195261,0.543066,0.270102,1.1029,-0.610596,2.82796,-0.679209,1.48,-1.12253,0.0996164,0.542719,1.75557,-0.724266,-2.68766,2.65569,-2.27245,2.31352,1.18654,-1.22757,-0.75722,0.726998,2.68353,-2.65302,2.60734,-4.27362,1.41723,0.247967])
10.493594840743317
Max g: 0.014802286792336528
f_25([0.00423564,-1.6948,1.80308,1.65547,-2.71735,1.97205,0.245917,0.959482,-0.411482,1.36083,-0.349734,-0.0110925,-0.178183,-0.974257,0.0761061,2.3337,-0.501763,-0.194085,0.531398,0.228417,1.12678,-0.637596,2.81961,-0.658428,1.48005,-1.12182,0.0990545,0.542734,1.77579,-0.733604,-2.6996,2.65713,-2.31047,2.32879,1.24782,-1.26583,-0.77213,0.729806,2.69637,-2.6539,2.6809,-4.34857,1.32941,0.337737])
10.754885461938139
Max g: 0.01093748840975195
f_26([0.00549369,-1.69175,1.81296,1.65632,-2.71706,1.97172,0.249893,0.959388,-0.41571,1.35777,-0.345529,-0.0122361,-0.176923,-0.973568,0.078478,2.33383,-0.502258,-0.193962,0.520348,0.188129,1.1493,-0.66339,2.81148,-0.638676,1.48028,-1.1218,0.098223,0.543114,1.79486,-0.739843,-2.7121,2.65739,-2.34965,2.34414,1.30746,-1.30224,-0.786982,0.731589,2.70976,-2.65429,2.75353,-4.42144,1.23746,0.430424])
10.900933062109987
Max g: 0.0064496336581369995
f_27([0.00618919,-1.68931,1.81803,1.65621,-2.71674,1.96988,0.253686,0.959835,-0.420637,1.35475,-0.340483,-0.014269,-0.174321,-0.973105,0.0800965,2.33341,-0.501754,-0.195029,0.509967,0.14808,1.17246,-0.688435,2.80398,-0.619454,1.48125,-1.12184,0.0963098,0.544089,1.81159,-0.743474,-2.7238,2.6564,-2.38662,2.35835,1.36401,-1.33594,-0.801628,0.733318,2.72115,-2.65268,2.82231,-4.48931,1.14538,0.521331])
11.000424874377227
Max g: 0.005230214497298213
f_28([0.00659081,-1.68718,1.82002,1.65803,-2.71503,1.96812,0.257464,0.960043,-0.425093,1.3516,-0.335729,-0.0158701,-0.173039,-0.972625,0.0823985,2.3332,-0.500558,-0.194653,0.500525,0.110974,1.19379,-0.711799,2.79735,-0.60199,1.48249,-1.12172,0.0951257,0.543522,1.82637,-0.747126,-2.73314,2.65445,-2.42182,2.37143,1.41812,-1.36796,-0.814549,0.734376,2.73111,-2.65091,2.88861,-4.55251,1.0544,0.609753])
11.097324715583396
Max g: 0.007809983176570334
f_29([0.00682946,-1.68584,1.82122,1.66016,-2.71587,1.96638,0.261382,0.960195,-0.429631,1.34817,-0.329792,-0.0183757,-0.171339,-0.97149,0.0846432,2.33271,-0.499031,-0.195183,0.491982,0.0754864,1.21423,-0.733104,2.79028,-0.585245,1.48336,-1.12078,0.0935149,0.543652,1.84062,-0.748833,-2.743,2.65198,-2.45339,2.38061,1.46952,-1.39733,-0.82718,0.734424,2.74031,-2.6476,2.95026,-4.61022,0.9637,0.696697])
11.201003558026208
Max g: 0.014359865225646251
f_30([0.00698702,-1.68516,1.82256,1.66031,-2.71488,1.96526,0.265226,0.961472,-0.435348,1.34267,-0.321663,-0.021012,-0.169391,-0.970486,0.0858414,2.33178,-0.49871,-0.195062,0.484106,0.0422093,1.23329,-0.752504,2.7831,-0.569443,1.48346,-1.12019,0.092172,0.544251,1.85343,-0.748706,-2.75192,2.64836,-2.4819,2.38703,1.51728,-1.42323,-0.838817,0.733758,2.74868,-2.64362,3.00891,-4.66361,0.874163,0.781196])
11.34495764311027
{0.0069870218386119095,-1.6851620241186065,1.8225596697719277,1.6603073041312209,-2.7148836914358143,1.9652550749581903,0.26522550662215755,0.9614719159661039,-0.4353477754858395,1.3426747299690045,-0.32166252420845354,-0.021011963705419023,-0.1693913567474769,-0.9704859279508812,0.08584141693952953,2.3317808867581786,-0.4987102786517644,-0.19506166436853767,0.4841064137432086,0.04220930867113784,1.233293396206881,-0.7525036923790227,2.783095144958925,-0.5694429498833639,1.4834647475246205,-1.120194394484526,0.09217199690803513,0.5442508147597734,1.853426522974603,-0.748706126453309,-2.7519190938595672,2.6483551482419676,-2.4818963778396568,2.387030862834078,1.5172788228950682,-1.4232263167475299,-0.8388169678473764,0.7337584512176284,2.748680322679502,-2.6436231344003205,3.0089107847470076,-4.663609074493588,0.8741634953232797,0.7811955679915108}]
Set[{A021,A031,A032,A041,A042,A043,A121,A131,A132,A141,A142,A143,B021,B031,B032,B041,B042,B043,B121,B131,B132,B141,B142,B143,\[Alpha]1,\[Alpha]2,\[Alpha]3,\[Alpha]4,\[Beta]11,\[Beta]12,\[Beta]13,\[Beta]14,\[Beta]21,\[Beta]22,\[Beta]23,\[Beta]24,\[Beta]31,\[Beta]32,\[Beta]33,\[Beta]34,\[Beta]41,\[Beta]42,\[Beta]43,\[Beta]44},{0.0069870218386119095,-1.6851620241186065,1.8225596697719277,1.6603073041312209,-2.7148836914358143,1.9652550749581903,0.26522550662215755,0.9614719159661039,-0.4353477754858395,1.3426747299690045,-0.32166252420845354,-0.021011963705419023,-0.1693913567474769,-0.9704859279508812,0.08584141693952953,2.3317808867581786,-0.4987102786517644,-0.19506166436853767,0.4841064137432086,0.04220930867113784,1.233293396206881,-0.7525036923790227,2.783095144958925,-0.5694429498833639,1.4834647475246205,-1.120194394484526,0.09217199690803513,0.5442508147597734,1.853426522974603,-0.748706126453309,-2.7519190938595672,2.6483551482419676,-2.4818963778396568,2.387030862834078,1.5172788228950682,-1.4232263167475299,-0.8388169678473764,0.7337584512176284,2.748680322679502,-2.6436231344003205,3.0089107847470076,-4.663609074493588,0.8741634953232797,0.7811955679915108}]

Max g: 0.022077373752590557
f_31([0.00699646,-1.6855,1.82265,1.65977,-2.71484,1.96495,0.262653,0.95787,-0.440836,1.33617,-0.321467,-0.0263297,-0.168733,-0.970875,0.088149,2.33175,-0.498762,-0.19486,0.482373,0.0432347,1.23301,-0.75529,2.78163,-0.565907,1.48465,-1.12044,0.091438,0.544321,1.85009,-0.748622,-2.75235,2.65157,-2.47003,2.37716,1.50927,-1.41685,-0.840941,0.738728,2.75147,-2.64919,3.02548,-4.67392,0.849422,0.799442])
11.302090429407952
Max g: 0.01986901294427712
f_32([0.00692401,-1.68569,1.82281,1.65948,-2.71452,1.96504,0.25909,0.953116,-0.44672,1.33055,-0.325692,-0.0296154,-0.16884,-0.970996,0.0885921,2.33157,-0.498686,-0.194565,0.483129,0.0463994,1.22961,-0.753235,2.78182,-0.56871,1.48435,-1.12002,0.0915044,0.544215,1.84754,-0.747149,-2.75436,2.65443,-2.46641,2.37816,1.49388,-1.40578,-0.842275,0.741761,2.75296,-2.65246,3.0208,-4.67199,0.852427,0.799327])
11.2290167837247
Max g: 0.0182709517703743
f_33([0.00706494,-1.68547,1.82333,1.65972,-2.71366,1.96447,0.254244,0.94657,-0.455456,1.32002,-0.334157,-0.0289153,-0.169726,-0.970989,0.0884015,2.33196,-0.498661,-0.194609,0.484929,0.0540859,1.22117,-0.748456,2.78281,-0.575407,1.48395,-1.11993,0.0921281,0.543874,1.84505,-0.745442,-2.75863,2.65915,-2.46344,2.3852,1.46048,-1.38234,-0.843091,0.743669,2.75715,-2.65772,3.00911,-4.66676,0.85837,0.799687])
11.23739084407585
Max g: 0.01379676536695762
f_34([0.00706533,-1.68564,1.82334,1.65964,-2.71367,1.96453,0.251047,0.942309,-0.4611,1.31303,-0.339363,-0.0285698,-0.169883,-0.970853,0.0887592,2.33208,-0.498764,-0.194555,0.486165,0.0593523,1.21547,-0.745063,2.78339,-0.579878,1.48386,-1.12004,0.0923725,0.543824,1.84392,-0.744597,-2.76162,2.66233,-2.46095,2.3897,1.43686,-1.36565,-0.843259,0.744221,2.76017,-2.66115,3.00128,-4.66303,0.861965,0.800056])
11.2411791094728
Max g: 0.010630429568820543
f_35([0.00701348,-1.68547,1.82335,1.65986,-2.71353,1.96436,0.248776,0.939283,-0.465129,1.30809,-0.343068,-0.0283217,-0.170196,-0.970851,0.0891052,2.33215,-0.498599,-0.194568,0.487064,0.0631606,1.21136,-0.742456,2.78357,-0.583002,1.48377,-1.12009,0.0926281,0.543656,1.84336,-0.744121,-2.76374,2.6645,-2.45924,2.3929,1.42007,-1.35378,-0.843203,0.744259,2.76259,-2.66364,2.99579,-4.66042,0.864507,0.800375])
11.245166757259062
Max g: 0.008352363703669763
f_36([0.00704045,-1.68563,1.82336,1.66008,-2.71345,1.96443,0.246825,0.936717,-0.468516,1.30409,-0.346291,-0.0281732,-0.170725,-0.970836,0.0893323,2.33218,-0.498519,-0.194349,0.487796,0.0662638,1.20804,-0.740386,2.78382,-0.585563,1.48363,-1.12014,0.0930732,0.543408,1.84306,-0.743925,-2.76537,2.66624,-2.45777,2.39551,1.40583,-1.34365,-0.843168,0.744202,2.76464,-2.66571,2.99115,-4.65803,0.866651,0.800459])
11.249752552213263
Max g: 0.0064526063948754375
f_37([0.00702186,-1.68563,1.82318,1.6601,-2.71342,1.9645,0.245111,0.934497,-0.471556,1.30035,-0.348964,-0.0280213,-0.170963,-0.970872,0.0896133,2.33245,-0.49875,-0.194229,0.488454,0.0690789,1.20502,-0.738546,2.78409,-0.587899,1.48356,-1.12015,0.0932972,0.543293,1.84276,-0.74371,-2.76681,2.66776,-2.45642,2.39785,1.39335,-1.33481,-0.843097,0.744267,2.76629,-2.66748,2.98692,-4.65597,0.868604,0.80058])
11.255833715087313
Max g: 0.004746185432197403
f_38([0.00699712,-1.68568,1.82307,1.66023,-2.71353,1.96456,0.243657,0.932675,-0.474193,1.29723,-0.351227,-0.0279419,-0.171252,-0.970837,0.0896087,2.33257,-0.498694,-0.194274,0.489019,0.0714637,1.20247,-0.737001,2.78438,-0.589916,1.48352,-1.12022,0.0935257,0.543176,1.84248,-0.743552,-2.76803,2.66908,-2.45521,2.3998,1.38246,-1.32707,-0.842968,0.744182,2.76771,-2.66894,2.98341,-4.65421,0.870114,0.800792])
11.258325994953726
Max g: 0.003275392758370632
f_39([0.00700814,-1.68566,1.82319,1.66027,-2.71351,1.96458,0.24264,0.931359,-0.475983,1.29505,-0.352765,-0.0279042,-0.171402,-0.970809,0.0895998,2.33256,-0.498668,-0.194238,0.489408,0.0731329,1.20066,-0.735893,2.78452,-0.591308,1.48343,-1.12025,0.0936807,0.543123,1.84239,-0.743484,-2.76889,2.66997,-2.45439,2.4011,1.37512,-1.32186,-0.84283,0.744055,2.76867,-2.6699,2.98096,-4.65304,0.871224,0.800916])
11.26081827482014
Max g: 0.0022871254202349034
f_40([0.00701607,-1.68568,1.82319,1.66028,-2.71344,1.96454,0.242004,0.930603,-0.477204,1.29367,-0.35377,-0.0278655,-0.171533,-0.97081,0.0895999,2.33262,-0.498663,-0.194262,0.489671,0.0742524,1.19945,-0.735155,2.78462,-0.592239,1.48342,-1.1203,0.0938049,0.54308,1.8423,-0.74342,-2.76948,2.67058,-2.45379,2.40191,1.37033,-1.31845,-0.842765,0.74401,2.76928,-2.67054,2.97937,-4.65227,0.87191,0.801052])
11.263011481102584
{0.007016067543878326,-1.6856768551854198,1.8231926962963092,1.6602769179011336,-2.713439433858246,1.9645449120904366,0.24200364242869127,0.9306029652376299,-0.4772043396980157,1.2936700241282921,-0.3537696452643751,-0.02786552499724436,-0.17153256492147947,-0.9708103944031681,0.08959986306687931,2.332618480848574,-0.49866278025586197,-0.19426194104115024,0.4896710755337465,0.07425241801679501,1.1994531952332466,-0.7351546044664197,2.7846241224740136,-0.5922390068637029,1.4834234265550552,-1.1202955890054276,0.09380488325485131,0.5430804714612583,1.8422962826377205,-0.7434200718520108,-2.769476833124158,2.670581455893237,-2.4537892157960983,2.4019078590388783,1.3703286129910426,-1.3184523075629866,-0.8427653805801111,0.7440096964675653,2.7692807684252196,-2.6705368550159267,2.979367885695005,-4.652265695522647,0.8719103126078886,0.8010524269633499}]
Set[{A021,A031,A032,A041,A042,A043,A121,A131,A132,A141,A142,A143,B021,B031,B032,B041,B042,B043,B121,B131,B132,B141,B142,B143,\[Alpha]1,\[Alpha]2,\[Alpha]3,\[Alpha]4,\[Beta]11,\[Beta]12,\[Beta]13,\[Beta]14,\[Beta]21,\[Beta]22,\[Beta]23,\[Beta]24,\[Beta]31,\[Beta]32,\[Beta]33,\[Beta]34,\[Beta]41,\[Beta]42,\[Beta]43,\[Beta]44},{0.007016067543878326,-1.6856768551854198,1.8231926962963092,1.6602769179011336,-2.713439433858246,1.9645449120904366,0.24200364242869127,0.9306029652376299,-0.4772043396980157,1.2936700241282921,-0.3537696452643751,-0.02786552499724436,-0.17153256492147947,-0.9708103944031681,0.08959986306687931,2.332618480848574,-0.49866278025586197,-0.19426194104115024,0.4896710755337465,0.07425241801679501,1.1994531952332466,-0.7351546044664197,2.7846241224740136,-0.5922390068637029,1.4834234265550552,-1.1202955890054276,0.09380488325485131,0.5430804714612583,1.8422962826377205,-0.7434200718520108,-2.769476833124158,2.670581455893237,-2.4537892157960983,2.4019078590388783,1.3703286129910426,-1.3184523075629866,-0.8427653805801111,0.7440096964675653,2.7692807684252196,-2.6705368550159267,2.979367885695005,-4.652265695522647,0.8719103126078886,0.8010524269633499}]

Max g: 0.001628804804679973
f_41([0.00701607,-1.68568,1.82319,1.66028,-2.71344,1.96454,0.242004,0.930603,-0.477204,1.29367,-0.35377,-0.0278655,-0.171533,-0.97081,0.0895999,2.33262,-0.498663,-0.194262,0.489671,0.0742524,1.19945,-0.735155,2.78462,-0.592239,1.48342,-1.1203,0.0938049,0.54308,1.8423,-0.74342,-2.76948,2.67058,-2.45379,2.40191,1.37033,-1.31845,-0.842765,0.74401,2.76928,-2.67054,2.97937,-4.65227,0.87191,0.801052])
11.263011481102584
Max g: 0.0016288035874301166
f_42([0.00701104,-1.68557,1.82324,1.66021,-2.71337,1.96452,0.241054,0.92942,-0.47894,1.29148,-0.355239,-0.0276797,-0.171629,-0.970828,0.0896923,2.3326,-0.498639,-0.194252,0.490061,0.0759171,1.19767,-0.734064,2.78479,-0.593612,1.48339,-1.12037,0.0939068,0.543063,1.8423,-0.743483,-2.7703,2.67147,-2.45304,2.4032,1.36336,-1.31353,-0.842451,0.74367,2.77024,-2.67145,2.97692,-4.65106,0.873023,0.801139])
11.267597276056785
Max g: 0.0006546655130760248
f_43([0.00701039,-1.68555,1.82321,1.66031,-2.7134,1.96454,0.24034,0.928512,-0.480219,1.28996,-0.356411,-0.0275695,-0.171746,-0.970806,0.0897049,2.33259,-0.498638,-0.194167,0.49034,0.0771232,1.19637,-0.733255,2.78487,-0.594604,1.48333,-1.12032,0.0939857,0.543,1.84226,-0.743438,-2.77093,2.67211,-2.45243,2.40413,1.3581,-1.3098,-0.842322,0.74351,2.77095,-2.67213,2.97514,-4.65021,0.873804,0.801237])
11.269690791144573
Max g: 2.3769036970655577e-5
f_44([0.00701217,-1.68553,1.82322,1.66034,-2.71348,1.96455,0.240198,0.928308,-0.480473,1.28963,-0.356649,-0.0275457,-0.171783,-0.970807,0.0897363,2.33255,-0.498581,-0.194174,0.490412,0.0773946,1.19607,-0.733056,2.78488,-0.594835,1.4833,-1.12033,0.0940277,0.542995,1.84224,-0.743441,-2.77103,2.67223,-2.45228,2.40431,1.35694,-1.30898,-0.842299,0.743474,2.7711,-2.67229,2.97463,-4.64988,0.873972,0.801266])
11.270488320701826
Max g: 0.00010561959294097534
f_45([0.0070184,-1.68537,1.82319,1.66034,-2.71346,1.96455,0.24023,0.928356,-0.480405,1.28972,-0.356584,-0.0275689,-0.171775,-0.970795,0.089691,2.33254,-0.498593,-0.19417,0.490401,0.0773586,1.19614,-0.733086,2.78488,-0.594776,1.4833,-1.12033,0.0940243,0.543,1.84224,-0.743456,-2.771,2.67221,-2.45229,2.40425,1.35723,-1.30919,-0.842263,0.743468,2.77105,-2.67225,2.97477,-4.64992,0.873904,0.801243])
11.269292026365948
Max g: 8.747562594457747e-5
f_46([0.00701813,-1.68537,1.82319,1.66034,-2.71347,1.96455,0.240242,0.928373,-0.480384,1.28975,-0.356562,-0.0275741,-0.171773,-0.970796,0.0896898,2.33254,-0.498592,-0.194172,0.490396,0.0773379,1.19617,-0.733102,2.78488,-0.594759,1.48331,-1.12033,0.0940234,0.543001,1.84224,-0.743457,-2.77099,2.6722,-2.4523,2.40423,1.35732,-1.30925,-0.84226,0.743465,2.77103,-2.67224,2.9748,-4.64994,0.873891,0.801241])
11.26919233517129
Max g: 8.196304372720675e-5
f_47([0.00701813,-1.68537,1.82319,1.66034,-2.71347,1.96455,0.240242,0.928373,-0.480384,1.28975,-0.356562,-0.0275741,-0.171773,-0.970796,0.0896898,2.33254,-0.498592,-0.194172,0.490396,0.0773379,1.19617,-0.733102,2.78488,-0.594759,1.48331,-1.12033,0.0940234,0.543001,1.84224,-0.743457,-2.77099,2.6722,-2.4523,2.40423,1.35732,-1.30925,-0.84226,0.743465,2.77103,-2.67224,2.9748,-4.64994,0.873891,0.801241])
11.26919233517129
Max g: 8.196034318030954e-5
f_48([0.00701813,-1.68537,1.82319,1.66034,-2.71347,1.96455,0.240242,0.928373,-0.480384,1.28975,-0.356562,-0.0275741,-0.171773,-0.970796,0.0896898,2.33254,-0.498592,-0.194172,0.490396,0.0773379,1.19617,-0.733102,2.78488,-0.594759,1.48331,-1.12033,0.0940234,0.543001,1.84224,-0.743457,-2.77099,2.6722,-2.4523,2.40423,1.35732,-1.30925,-0.84226,0.743465,2.77103,-2.67224,2.9748,-4.64994,0.873891,0.801241])
11.26919233517129
Max g: 8.196003492999537e-5
f_49([0.00701939,-1.68537,1.82319,1.66034,-2.71347,1.96455,0.240268,0.928406,-0.480339,1.2898,-0.356521,-0.0275754,-0.171767,-0.970795,0.0896898,2.33254,-0.498595,-0.194175,0.490385,0.0772916,1.19621,-0.733131,2.78488,-0.594722,1.48331,-1.12033,0.094019,0.543004,1.84225,-0.743458,-2.77097,2.67218,-2.45232,2.4042,1.3575,-1.30938,-0.842264,0.743466,2.77101,-2.67221,2.97486,-4.64996,0.873863,0.801238])
11.26919233517129
Max g: 6.989906713927851e-5
f_50([0.00701897,-1.68537,1.82319,1.66034,-2.71346,1.96455,0.240315,0.928465,-0.480255,1.28989,-0.356439,-0.0275812,-0.171761,-0.970793,0.0896925,2.33254,-0.498593,-0.194174,0.490367,0.0772168,1.19629,-0.733181,2.78487,-0.594659,1.48331,-1.12033,0.0940132,0.543006,1.84226,-0.743462,-2.77094,2.67215,-2.45236,2.40414,1.35785,-1.30963,-0.842263,0.743462,2.77096,-2.67216,2.97498,-4.65003,0.873818,0.801231])
11.269092643976634
{0.0070189687173276985,-1.6853725166801579,1.8231946968618753,1.660335567760519,-2.713464882358716,1.9645492493005712,0.24031483909514859,0.9284653906842839,-0.48025539712619936,1.2898941798995818,-0.35643942582341753,-0.027581247296735317,-0.1717611220382962,-0.9707927044419805,0.0896924919867784,2.3325403102509856,-0.49859284765974743,-0.1941736712326751,0.4903672384452497,0.07721675949261261,1.1962933669121343,-0.7331809058607262,2.7848679348387524,-0.5946594636201963,1.4833076490093393,-1.1203272007827505,0.09401315723933948,0.5430056907037972,1.8422573188642355,-0.7434616215666138,-2.7709428254768986,2.6721456968291832,-2.4523555739147618,2.404135726197885,1.3578476681328873,-1.3096265969320522,-0.8422628025490471,0.7434624936552269,2.7709562126433194,-2.672156031478484,2.974975080486488,-4.650027755413169,0.8738183526082968,0.8012314917223592}]
Set[{A021,A031,A032,A041,A042,A043,A121,A131,A132,A141,A142,A143,B021,B031,B032,B041,B042,B043,B121,B131,B132,B141,B142,B143,\[Alpha]1,\[Alpha]2,\[Alpha]3,\[Alpha]4,\[Beta]11,\[Beta]12,\[Beta]13,\[Beta]14,\[Beta]21,\[Beta]22,\[Beta]23,\[Beta]24,\[Beta]31,\[Beta]32,\[Beta]33,\[Beta]34,\[Beta]41,\[Beta]42,\[Beta]43,\[Beta]44},{0.0070189687173276985,-1.6853725166801579,1.8231946968618753,1.660335567760519,-2.713464882358716,1.9645492493005712,0.24031483909514859,0.9284653906842839,-0.48025539712619936,1.2898941798995818,-0.35643942582341753,-0.027581247296735317,-0.1717611220382962,-0.9707927044419805,0.0896924919867784,2.3325403102509856,-0.49859284765974743,-0.1941736712326751,0.4903672384452497,0.07721675949261261,1.1962933669121343,-0.7331809058607262,2.7848679348387524,-0.5946594636201963,1.4833076490093393,-1.1203272007827505,0.09401315723933948,0.5430056907037972,1.8422573188642355,-0.7434616215666138,-2.7709428254768986,2.6721456968291832,-2.4523555739147618,2.404135726197885,1.3578476681328873,-1.3096265969320522,-0.8422628025490471,0.7434624936552269,2.7709562126433194,-2.672156031478484,2.974975080486488,-4.650027755413169,0.8738183526082968,0.8012314917223592}]

Max g: 4.9261339068795706e-5
f_51([0.00702,-1.68537,1.8232,1.66034,-2.71347,1.96455,0.240347,0.928508,-0.480199,1.28996,-0.356385,-0.0275849,-0.171756,-0.970795,0.0896896,2.33254,-0.498596,-0.194173,0.490354,0.0771622,1.19635,-0.733217,2.78486,-0.594614,1.48331,-1.12033,0.0940097,0.543009,1.84226,-0.743463,-2.77092,2.67212,-2.45238,2.40409,1.35809,-1.3098,-0.842265,0.743463,2.77093,-2.67212,2.97505,-4.65006,0.873783,0.801226])
11.269292026365948
Max g: 3.4236212979710245e-5
f_52([0.0070211,-1.68537,1.8232,1.66034,-2.71347,1.96455,0.240373,0.928541,-0.480155,1.29001,-0.356342,-0.0275875,-0.171754,-0.970796,0.0896865,2.33254,-0.498594,-0.194174,0.490344,0.0771201,1.1964,-0.733245,2.78486,-0.594578,1.48331,-1.12033,0.0940067,0.54301,1.84227,-0.743466,-2.7709,2.6721,-2.45241,2.40406,1.35828,-1.30993,-0.842267,0.743464,2.7709,-2.6721,2.97511,-4.65009,0.873756,0.801222])
11.269092643976634
Max g: 2.2239318262062824e-5
{0.007020991102039017,-1.685372755769054,1.8231958277996065,1.6603361552613616,-2.7134659433887935,1.9645489433718635,0.240375630158701,0.9285447255505181,-0.4801488894440063,1.2900192524469316,-0.3563368312522696,-0.02758823558268689,-0.17175332593961296,-0.9707968077599851,0.08968656909327523,2.332537504307713,-0.4985944394532596,-0.19417478975709557,0.49034299466890413,0.07711447469173259,1.1964034991318164,-0.7332491074258335,2.7848589250656346,-0.5945735764714271,1.4833108158797315,-1.120327423394465,0.09400672480129513,0.5430097464582324,1.8422677049962308,-0.743465864105754,-2.7708941342074054,2.672092224801211,-2.452408565065797,2.404055981395096,1.3583005396691499,-1.3099472866980233,-0.8422671808572348,0.7434639517160496,2.770896718315982,-2.672093702268711,2.9751240046890937,-4.650099498135204,0.873752333517243,0.8012219107682468}]
Set[{A021,A031,A032,A041,A042,A043,A121,A131,A132,A141,A142,A143,B021,B031,B032,B041,B042,B043,B121,B131,B132,B141,B142,B143,\[Alpha]1,\[Alpha]2,\[Alpha]3,\[Alpha]4,\[Beta]11,\[Beta]12,\[Beta]13,\[Beta]14,\[Beta]21,\[Beta]22,\[Beta]23,\[Beta]24,\[Beta]31,\[Beta]32,\[Beta]33,\[Beta]34,\[Beta]41,\[Beta]42,\[Beta]43,\[Beta]44},{0.007020991102039017,-1.685372755769054,1.8231958277996065,1.6603361552613616,-2.7134659433887935,1.9645489433718635,0.240375630158701,0.9285447255505181,-0.4801488894440063,1.2900192524469316,-0.3563368312522696,-0.02758823558268689,-0.17175332593961296,-0.9707968077599851,0.08968656909327523,2.332537504307713,-0.4985944394532596,-0.19417478975709557,0.49034299466890413,0.07711447469173259,1.1964034991318164,-0.7332491074258335,2.7848589250656346,-0.5945735764714271,1.4833108158797315,-1.120327423394465,0.09400672480129513,0.5430097464582324,1.8422677049962308,-0.743465864105754,-2.7708941342074054,2.672092224801211,-2.452408565065797,2.404055981395096,1.3583005396691499,-1.3099472866980233,-0.8422671808572348,0.7434639517160496,2.770896718315982,-2.672093702268711,2.9751240046890937,-4.650099498135204,0.873752333517243,0.8012219107682468}]


-----------------Final Result------------------
Options: alg=LN_AUGLAG_EQ,dx=0.01,max_eval=100000000,popSize=0
imin=-6,jmin=-3,imax=1,jmax=3,
parameter_minmax=5,
randSeed=95588732,rand_minmax=3

5253264 steps

Completed with maxf : 11.26919233517129

Constraints at 2.0636078851055117e-5

x = [0.007020991102039017,-1.685372755769054,1.8231958277996065,1.6603361552613616,-2.7134659433887935,1.9645489433718635,0.240375630158701,0.9285447255505181,-0.4801488894440063,1.2900192524469316,-0.3563368312522696,-0.02758823558268689,-0.17175332593961296,-0.9707968077599851,0.08968656909327523,2.332537504307713,-0.4985944394532596,-0.19417478975709557,0.49034299466890413,0.07711447469173259,1.1964034991318164,-0.7332491074258335,2.7848589250656346,-0.5945735764714271,1.4833108158797315,-1.120327423394465,0.09400672480129513,0.5430097464582324,1.8422677049962308,-0.743465864105754,-2.7708941342074054,2.672092224801211,-2.452408565065797,2.404055981395096,1.3583005396691499,-1.3099472866980233,-0.8422671808572348,0.7434639517160496,2.770896718315982,-2.672093702268711,2.9751240046890937,-4.650099498135204,0.873752333517243,0.8012219107682468]
c0 = [0.0,0.007020991102039017,0.13782307203055244,0.9114191552444315]
c1 = [0.0,0.240375630158701,0.44839583610651185,0.9060941856119751]
A0 = [0.0,0.007020991102039017,-1.685372755769054,1.6603361552613616,0.0,0.0,1.8231958277996065,-2.7134659433887935,0.0,0.0,0.0,1.9645489433718635,0.0,0.0,0.0,0.0]
A1 = [0.0,0.240375630158701,0.9285447255505181,1.2900192524469316,0.0,0.0,-0.4801488894440063,-0.3563368312522696,0.0,0.0,0.0,-0.02758823558268689,0.0,0.0,0.0,0.0]
B0 = [0.0,-0.17175332593961296,-0.9707968077599851,2.332537504307713,0.0,0.0,0.08968656909327523,-0.4985944394532596,0.0,0.0,0.0,-0.19417478975709557,0.0,0.0,0.0,0.0]
B1 = [0.0,0.49034299466890413,0.07711447469173259,-0.7332491074258335,0.0,0.0,1.1964034991318164,2.7848589250656346,0.0,0.0,0.0,-0.5945735764714271,0.0,0.0,0.0,0.0]
α  = [1.4833108158797315,-1.120327423394465,0.09400672480129513,0.5430097464582324]
β1 = [1.8422677049962308,-0.743465864105754,-2.7708941342074054,2.672092224801211]
β2 = [-2.452408565065797,2.404055981395096,1.3583005396691499,-1.3099472866980233]
β3 = [-0.8422671808572348,0.7434639517160496,2.770896718315982,-2.672093702268711]
β4 = [2.9751240046890937,-4.650099498135204,0.873752333517243,0.8012219107682468]


Set[{A021,A031,A032,A041,A042,A043,A121,A131,A132,A141,A142,A143,B021,B031,B032,B041,B042,B043,B121,B131,B132,B141,B142,B143,\[Alpha]1,\[Alpha]2,\[Alpha]3,\[Alpha]4,\[Beta]11,\[Beta]12,\[Beta]13,\[Beta]14,\[Beta]21,\[Beta]22,\[Beta]23,\[Beta]24,\[Beta]31,\[Beta]32,\[Beta]33,\[Beta]34,\[Beta]41,\[Beta]42,\[Beta]43,\[Beta]44},{0.007020991102039017,-1.685372755769054,1.8231958277996065,1.6603361552613616,-2.7134659433887935,1.9645489433718635,0.240375630158701,0.9285447255505181,-0.4801488894440063,1.2900192524469316,-0.3563368312522696,-0.02758823558268689,-0.17175332593961296,-0.9707968077599851,0.08968656909327523,2.332537504307713,-0.4985944394532596,-0.19417478975709557,0.49034299466890413,0.07711447469173259,1.1964034991318164,-0.7332491074258335,2.7848589250656346,-0.5945735764714271,1.4833108158797315,-1.120327423394465,0.09400672480129513,0.5430097464582324,1.8422677049962308,-0.743465864105754,-2.7708941342074054,2.672092224801211,-2.452408565065797,2.404055981395096,1.3583005396691499,-1.3099472866980233,-0.8422671808572348,0.7434639517160496,2.770896718315982,-2.672093702268711,2.9751240046890937,-4.650099498135204,0.873752333517243,0.8012219107682468}]



