
-----------------Setup------------------
Options: alg=LN_AUGLAG_EQ,dx=0.01,max_eval=100000000,popSize=0
imin=-6,jmin=-3,imax=1,jmax=3,
parameter_minmax=5,
randSeed=52777098, rand_minmax=1,
END_C=true, INEQ_C=false

Initial Condition:

[-0.4744,0.894973,0.386235,-0.845722,-0.294504,0.70415,0.261993,-0.0118475,0.34483,-0.114127,0.773217,0.0537905,-0.13138,0.767379,0.946516,0.730262,0.264927,0.234852,0.933343,0.187743,-0.71537,-0.934397,-0.0288645,-0.263768,0.338898,0.382051,0.518705,-0.892786,0.344671,-0.606127,0.313263,-0.589186,0.243974,0.318654,0.138928,-0.0653886,0.977138,0.22943,0.142688,0.11046,0.26008,-0.61591,-0.395642,-0.0322271]

f_1([0.125851,0.165009,0.83444,1.53718,-0.571564,0.0330961,0.252768,0.215455,0.784549,0.440488,0.637034,-0.0774993,0.144388,1.63994,-0.0216421,0.0504009,-0.0682946,-0.542846,0.967337,0.853254,-0.563416,-0.356013,1.24564,1.68703,0.485936,0.0171728,0.585692,-0.0904281,0.799502,-1.05004,0.959014,0.28888,-1.07909,1.56402,-0.27792,-0.202856,0.19942,1.04502,-0.955684,-0.287241,0.932358,-1.19354,-0.218064,0.47562])
21.120775882326413
Max g: 0.09337595082651196
f_2([0.138741,0.170195,0.829775,1.55899,-0.560224,0.0011342,0.477713,0.405461,0.594535,0.522371,0.583374,-0.10574,0.0772644,1.57498,0.0462029,0.0398894,-0.095331,-0.555007,0.691159,0.790752,-0.719734,-1.11069,1.83392,1.20178,0.477393,0.0265606,0.58291,-0.0866142,0.709223,-1.35856,1.20567,0.443292,-1.24752,2.38921,-0.834868,-0.306969,0.291493,1.35806,-1.20611,-0.443334,1.24801,-2.38988,0.294342,0.847331])
9.677722103674094
Max g: 0.0011153800323993046
f_3([0.138803,0.170318,0.829681,1.55897,-0.560311,0.00134327,0.477783,0.411994,0.587344,0.525938,0.578237,-0.104604,0.077943,1.57368,0.0474941,0.0404014,-0.0963392,-0.554364,0.689345,0.790435,-0.720542,-1.11445,1.84012,1.19693,0.477139,0.0265559,0.582947,-0.0866435,0.709018,-1.36011,1.20732,0.443751,-1.24756,2.3895,-0.835677,-0.306222,0.290958,1.36,-1.20724,-0.443732,1.25205,-2.39887,0.297752,0.84909])
9.715704448838242
Max g: 0.0010283329824254395
f_4([0.138056,0.170205,0.829795,1.55903,-0.560152,0.00112332,0.477163,0.412405,0.587375,0.526166,0.578112,-0.104427,0.078026,1.57361,0.0475727,0.0402522,-0.096381,-0.554357,0.690085,0.791193,-0.720488,-1.11214,1.83766,1.19878,0.477061,0.0265992,0.582942,-0.086604,0.710448,-1.35964,1.20591,0.443274,-1.24839,2.38787,-0.833456,-0.306022,0.28957,1.3596,-1.2059,-0.443265,1.25138,-2.3939,0.294936,0.847593])
9.734346702239016
Max g: 0.00037482099777819133
{0.13750965597684353,0.17018252778894644,0.8298174722108087,1.5589754318159295,-0.5601775644829793,0.0012014967720666795,0.47652504461147804,0.4128127925620211,0.5871872074379788,0.5262537972965264,0.5780726556591937,-0.10432645295571981,0.07759671119275775,1.5734721003413161,0.04770091963929407,0.040409325218543256,-0.09645697070811386,-0.5543463939359095,0.6907640358716542,0.7917919056371255,-0.7203510887414228,-1.1100943285935343,1.8354590665099328,1.2005257095791824,0.477106001346491,0.026561229340039797,0.5829511751489935,-0.08661314025465895,0.7115710915594169,-1.3591932669560407,1.204810570311027,0.4428184103088063,-1.2490323431697599,2.386240908433772,-0.831406808627033,-0.30580327324633283,0.2884162102032139,1.3591999672913635,-1.2048071029649123,-0.4428197102089413,1.2507799419576329,-2.389343573700464,0.2923611187714121,0.8461922869739366}]
Set[{A021,A031,A032,A041,A042,A043,A121,A131,A132,A141,A142,A143,B021,B031,B032,B041,B042,B043,B121,B131,B132,B141,B142,B143,\[Alpha]1,\[Alpha]2,\[Alpha]3,\[Alpha]4,\[Beta]11,\[Beta]12,\[Beta]13,\[Beta]14,\[Beta]21,\[Beta]22,\[Beta]23,\[Beta]24,\[Beta]31,\[Beta]32,\[Beta]33,\[Beta]34,\[Beta]41,\[Beta]42,\[Beta]43,\[Beta]44},{0.13750965597684353,0.17018252778894644,0.8298174722108087,1.5589754318159295,-0.5601775644829793,0.0012014967720666795,0.47652504461147804,0.4128127925620211,0.5871872074379788,0.5262537972965264,0.5780726556591937,-0.10432645295571981,0.07759671119275775,1.5734721003413161,0.04770091963929407,0.040409325218543256,-0.09645697070811386,-0.5543463939359095,0.6907640358716542,0.7917919056371255,-0.7203510887414228,-1.1100943285935343,1.8354590665099328,1.2005257095791824,0.477106001346491,0.026561229340039797,0.5829511751489935,-0.08661314025465895,0.7115710915594169,-1.3591932669560407,1.204810570311027,0.4428184103088063,-1.2490323431697599,2.386240908433772,-0.831406808627033,-0.30580327324633283,0.2884162102032139,1.3591999672913635,-1.2048071029649123,-0.4428197102089413,1.2507799419576329,-2.389343573700464,0.2923611187714121,0.8461922869739366}]


-----------------Final Result------------------
Options: alg=LN_AUGLAG_EQ,dx=0.01,max_eval=100000000,popSize=0
imin=-6,jmin=-3,imax=1,jmax=3,
parameter_minmax=5,
randSeed=52777098,rand_minmax=1,
END_C=true, INEQ_C=false

476665 steps

Completed with maxf : 9.756677529842085

Constraints at 0.00012248442972917495

x = [0.13750965597684353,0.17018252778894644,0.8298174722108087,1.5589754318159295,-0.5601775644829793,0.0012014967720666795,0.47652504461147804,0.4128127925620211,0.5871872074379788,0.5262537972965264,0.5780726556591937,-0.10432645295571981,0.07759671119275775,1.5734721003413161,0.04770091963929407,0.040409325218543256,-0.09645697070811386,-0.5543463939359095,0.6907640358716542,0.7917919056371255,-0.7203510887414228,-1.1100943285935343,1.8354590665099328,1.2005257095791824,0.477106001346491,0.026561229340039797,0.5829511751489935,-0.08661314025465895,0.7115710915594169,-1.3591932669560407,1.204810570311027,0.4428184103088063,-1.2490323431697599,2.386240908433772,-0.831406808627033,-0.30580327324633283,0.2884162102032139,1.3591999672913635,-1.2048071029649123,-0.4428197102089413,1.2507799419576329,-2.389343573700464,0.2923611187714121,0.8461922869739366]
c0 = [0.0,0.13750965597684353,0.9999999999997551,0.9999993641050168]
c1 = [0.0,0.47652504461147804,0.9999999999999999,1.0000000000000004]
A0 = [0.0,0.13750965597684353,0.17018252778894644,1.5589754318159295,0.0,0.0,0.8298174722108087,-0.5601775644829793,0.0,0.0,0.0,0.0012014967720666795,0.0,0.0,0.0,0.0]
A1 = [0.0,0.47652504461147804,0.4128127925620211,0.5262537972965264,0.0,0.0,0.5871872074379788,0.5780726556591937,0.0,0.0,0.0,-0.10432645295571981,0.0,0.0,0.0,0.0]
B0 = [0.0,0.07759671119275775,1.5734721003413161,0.040409325218543256,0.0,0.0,0.04770091963929407,-0.09645697070811386,0.0,0.0,0.0,-0.5543463939359095,0.0,0.0,0.0,0.0]
B1 = [0.0,0.6907640358716542,0.7917919056371255,-1.1100943285935343,0.0,0.0,-0.7203510887414228,1.8354590665099328,0.0,0.0,0.0,1.2005257095791824,0.0,0.0,0.0,0.0]
α  = [0.477106001346491,0.026561229340039797,0.5829511751489935,-0.08661314025465895]
β1 = [0.7115710915594169,-1.3591932669560407,1.204810570311027,0.4428184103088063]
β2 = [-1.2490323431697599,2.386240908433772,-0.831406808627033,-0.30580327324633283]
β3 = [0.2884162102032139,1.3591999672913635,-1.2048071029649123,-0.4428197102089413]
β4 = [1.2507799419576329,-2.389343573700464,0.2923611187714121,0.8461922869739366]


Set[{A021,A031,A032,A041,A042,A043,A121,A131,A132,A141,A142,A143,B021,B031,B032,B041,B042,B043,B121,B131,B132,B141,B142,B143,\[Alpha]1,\[Alpha]2,\[Alpha]3,\[Alpha]4,\[Beta]11,\[Beta]12,\[Beta]13,\[Beta]14,\[Beta]21,\[Beta]22,\[Beta]23,\[Beta]24,\[Beta]31,\[Beta]32,\[Beta]33,\[Beta]34,\[Beta]41,\[Beta]42,\[Beta]43,\[Beta]44},{0.13750965597684353,0.17018252778894644,0.8298174722108087,1.5589754318159295,-0.5601775644829793,0.0012014967720666795,0.47652504461147804,0.4128127925620211,0.5871872074379788,0.5262537972965264,0.5780726556591937,-0.10432645295571981,0.07759671119275775,1.5734721003413161,0.04770091963929407,0.040409325218543256,-0.09645697070811386,-0.5543463939359095,0.6907640358716542,0.7917919056371255,-0.7203510887414228,-1.1100943285935343,1.8354590665099328,1.2005257095791824,0.477106001346491,0.026561229340039797,0.5829511751489935,-0.08661314025465895,0.7115710915594169,-1.3591932669560407,1.204810570311027,0.4428184103088063,-1.2490323431697599,2.386240908433772,-0.831406808627033,-0.30580327324633283,0.2884162102032139,1.3591999672913635,-1.2048071029649123,-0.4428197102089413,1.2507799419576329,-2.389343573700464,0.2923611187714121,0.8461922869739366}]



