
-----------------Setup------------------
Options: alg=LN_AUGLAG_EQ,dx=0.01,max_eval=100000000,popSize=0
imin=-1,jmin=-4,imax=1,jmax=4,
parameter_minmax=5,
randSeed=8781427, rand_minmax=3,
END_C=true, INEQ_C=true

Initial Condition:

[0.907047,-0.493012,0.334921,0.871104,1.6441,2.08297,1.97911,0.883306,0.285729,0.183629,-1.93193,2.45044,0.57279,0.469976,-2.44703,-1.60575,-1.82099,-0.38975,2.1054,-2.68231,-2.21898,2.68627,-1.96133,2.36887,1.62713,-1.12294,2.95154,2.48457,1.47839,-1.62537,1.94874,2.79428,-1.35419,-1.38022,-2.4742,2.531,-0.24108,2.81512,2.12761,1.47327,-0.380067,-1.38055,-2.23137,-1.87632]

f_1([0.35886,1.84132,-1.12306,0.308324,0.83085,-0.256517,0.0224461,-0.14254,0.165033,1.81044,-0.424125,-1.07777,-0.466331,0.688833,-0.863815,1.03033,-1.19749,2.11779,0.785182,-0.242934,0.646053,2.33201,-2.74334,1.38969,2.28166,-1.81971,3.45471,1.71554,0.295695,-2.40557,0.152142,1.77042,-1.13903,1.29552,-1.69245,1.54962,-1.05866,2.21556,0.793917,-0.22887,0.583284,-0.923823,-1.83748,1.22342])
2.465276613188738
Max g: 4.7375906789938815
f_2([0.10061,1.69747,-1.117,0.187685,0.937355,-0.125813,0.012309,-0.0194139,0.0317249,1.79922,-0.42532,-0.813051,-0.583959,0.597993,-0.859842,0.983768,-1.17195,2.06498,0.645208,-0.154029,0.591773,2.33099,-2.70911,1.2834,2.25734,-1.91067,3.38864,1.38979,0.37748,-2.28128,0.285339,1.75004,-1.1327,1.40577,-1.62441,1.5878,-0.958438,2.18003,0.568187,-0.298416,0.719858,-0.941469,-1.36564,0.955364])
3.339010316706107
Max g: 4.12509070727262
f_3([1.15939e-5,1.66033,-1.65485,0.348594,0.898442,-0.247036,0.0526592,0.19504,0.80496,1.6391,-0.295372,-0.343733,-0.0766237,1.37102,-1.42064,0.728943,-1.21944,2.27513,0.815245,1.67461,-0.440854,2.60126,-2.61528,1.83372,1.49647,-3.78212,2.81986,0.475688,1.928,-2.26502,1.17783,0.205358,-1.76817,1.89569,0.537897,-0.642712,-0.896734,2.32957,-1.24027,-0.194055,1.64527,-1.26623,-2.35,2.01725])
2.447885416860765
Max g: 0.420479635933428
f_4([0.000128169,1.68194,-1.68154,0.597384,0.783246,-0.380737,0.118489,0.655139,0.327702,1.59458,-0.25809,-0.336501,-0.0695546,1.40239,-1.45072,0.720936,-1.26474,2.28301,0.642877,1.31926,-0.147247,2.5042,-2.70653,1.7585,1.53057,-3.8167,2.78658,0.499871,2.20575,-2.50442,1.04933,0.247803,-2.01472,2.35498,0.0789978,-0.417214,-1.17459,2.45882,-1.03752,-0.245199,1.51511,-1.65384,-2.24951,2.38573])
2.5387171508251503
Max g: 0.07145191090980729
f_5([0.000258639,1.6814,-1.68106,0.594167,0.783533,-0.3777,0.146302,0.666353,0.333647,1.5917,-0.262603,-0.329094,-0.0729406,1.39694,-1.45009,0.7211,-1.26321,2.28125,0.622968,1.28757,-0.148398,2.46703,-2.73168,1.77487,1.53075,-3.81599,2.78525,0.500048,2.28173,-2.65358,1.1088,0.262054,-2.13573,2.56618,-0.0440835,-0.384786,-1.25958,2.62277,-1.10317,-0.258715,1.64923,-1.91472,-2.18266,2.44536])
2.532555698411811
Max g: 0.06109058967980707
f_6([0.00140331,1.67765,-1.67625,0.594943,0.78311,-0.37809,0.150446,0.664518,0.335482,1.58727,-0.260804,-0.326468,-0.0739571,1.39492,-1.44997,0.722652,-1.26586,2.2797,0.619136,1.27966,-0.147743,2.45858,-2.73534,1.77931,1.53096,-3.81731,2.78467,0.501573,2.29575,-2.6841,1.12294,0.264178,-2.15313,2.59645,-0.0612134,-0.379853,-1.27644,2.65598,-1.11664,-0.261825,1.67894,-1.96149,-2.17338,2.45326])
2.5302699983229915
Max g: 0.059284108731282203
f_7([0.000857033,1.67724,-1.676,0.594181,0.781152,-0.375334,0.152722,0.670076,0.329924,1.58709,-0.263049,-0.324037,-0.0734284,1.39425,-1.44797,0.723651,-1.26434,2.2803,0.615614,1.27483,-0.149177,2.45253,-2.73722,1.78121,1.52907,-3.81685,2.788,0.499806,2.30597,-2.70376,1.12834,0.268166,-2.17196,2.62313,-0.0720827,-0.377337,-1.28983,2.68039,-1.12348,-0.265977,1.70121,-1.99234,-2.16909,2.45833])
2.5327544549412737
Max g: 0.057699644973418396
f_8([0.000295433,1.68101,-1.67978,0.593037,0.780468,-0.373662,0.15635,0.669504,0.330474,1.58575,-0.259978,-0.325792,-0.0752936,1.39333,-1.44905,0.729473,-1.26768,2.28163,0.612241,1.26838,-0.14938,2.44335,-2.73764,1.78423,1.53215,-3.81838,2.78848,0.497684,2.32301,-2.73646,1.14019,0.272144,-2.19263,2.65701,-0.0902589,-0.372518,-1.3011,2.70642,-1.13637,-0.26766,1.72173,-2.02475,-2.16187,2.46331])
2.530369376587723
Max g: 0.055971858205140945
f_9([0.000429179,1.68151,-1.6796,0.590909,0.782776,-0.373749,0.158768,0.668946,0.331054,1.5905,-0.259136,-0.331365,-0.0768855,1.39373,-1.45123,0.729701,-1.26465,2.28108,0.609486,1.265,-0.150758,2.43952,-2.74089,1.78621,1.53379,-3.81928,2.78909,0.496354,2.33467,-2.75858,1.1494,0.27364,-2.20611,2.67899,-0.102071,-0.369057,-1.31704,2.733,-1.14127,-0.27325,1.73888,-2.05327,-2.15505,2.46731])
2.5240091676449214
Max g: 0.054758352373156294
f_10([0.00165807,1.68045,-1.67671,0.587555,0.784214,-0.371818,0.162679,0.669647,0.330353,1.59108,-0.263532,-0.327544,-0.0745334,1.39338,-1.44753,0.72931,-1.26888,2.28623,0.60584,1.25793,-0.150383,2.43161,-2.74395,1.79017,1.5356,-3.81988,2.78834,0.495947,2.3486,-2.788,1.16223,0.276159,-2.22938,2.71702,-0.122514,-0.363644,-1.3358,2.76932,-1.158,-0.274642,1.76266,-2.09141,-2.14667,2.47354])
2.5242079241743838
{0.0016580698201298276,1.680445401015244,-1.676709524788186,0.5875551685174284,0.7842144951913457,-0.37181768013860056,0.1626793909676859,0.6696473445750301,0.3303526554249701,1.5910757046454804,-0.26353160927685954,-0.32754409536862045,-0.0745334315106438,1.3933769881832692,-1.4475258976954162,0.7293101750080239,-1.2688778085905532,2.2862274699510836,0.6058395701108679,1.257933356659233,-0.15038306615219363,2.4316127200792628,-2.7439539877663495,1.7901666363697506,1.5355975114830862,-3.819876303263894,2.7883353902366927,0.49594689016703536,2.3486010032195606,-2.7879992720748747,1.1622276528306748,0.27615901301687007,-2.2293780890430037,2.7170160764430875,-0.12251441137242056,-0.36364373705126424,-1.3357988574682045,2.7693173374953193,-1.1579993860824986,-0.27464196011543396,1.762656311352638,-2.091414383307742,-2.146674904131412,2.473535063686251}]
Set[{A021,A031,A032,A041,A042,A043,A121,A131,A132,A141,A142,A143,B021,B031,B032,B041,B042,B043,B121,B131,B132,B141,B142,B143,\[Alpha]1,\[Alpha]2,\[Alpha]3,\[Alpha]4,\[Beta]11,\[Beta]12,\[Beta]13,\[Beta]14,\[Beta]21,\[Beta]22,\[Beta]23,\[Beta]24,\[Beta]31,\[Beta]32,\[Beta]33,\[Beta]34,\[Beta]41,\[Beta]42,\[Beta]43,\[Beta]44},{0.0016580698201298276,1.680445401015244,-1.676709524788186,0.5875551685174284,0.7842144951913457,-0.37181768013860056,0.1626793909676859,0.6696473445750301,0.3303526554249701,1.5910757046454804,-0.26353160927685954,-0.32754409536862045,-0.0745334315106438,1.3933769881832692,-1.4475258976954162,0.7293101750080239,-1.2688778085905532,2.2862274699510836,0.6058395701108679,1.257933356659233,-0.15038306615219363,2.4316127200792628,-2.7439539877663495,1.7901666363697506,1.5355975114830862,-3.819876303263894,2.7883353902366927,0.49594689016703536,2.3486010032195606,-2.7879992720748747,1.1622276528306748,0.27615901301687007,-2.2293780890430037,2.7170160764430875,-0.12251441137242056,-0.36364373705126424,-1.3357988574682045,2.7693173374953193,-1.1579993860824986,-0.27464196011543396,1.762656311352638,-2.091414383307742,-2.146674904131412,2.473535063686251}]

Max g: 0.05278720200481046
f_11([0.00375143,1.67778,-1.67223,0.585305,0.785048,-0.370372,0.164393,0.670186,0.329814,1.58902,-0.264845,-0.324178,-0.072677,1.39611,-1.44871,0.726884,-1.27009,2.2844,0.603944,1.25375,-0.149513,2.42786,-2.74618,1.79256,1.53843,-3.82231,2.78495,0.498886,2.35654,-2.8038,1.1697,0.276617,-2.24155,2.73722,-0.134791,-0.359619,-1.34208,2.78233,-1.164,-0.275441,1.77634,-2.11136,-2.14437,2.47811])
2.5208290631735206
Max g: 0.05244436177864642
f_12([0.00375132,1.67763,-1.67328,0.584409,0.786614,-0.371032,0.165932,0.670586,0.329414,1.59212,-0.268426,-0.323699,-0.0731991,1.39683,-1.45128,0.723039,-1.27122,2.2834,0.602014,1.25127,-0.149432,2.42637,-2.74714,1.7923,1.5407,-3.82309,2.78017,0.502246,2.36308,-2.81689,1.17665,0.27594,-2.25045,2.75228,-0.144012,-0.356129,-1.348,2.79374,-1.17065,-0.274479,1.79071,-2.13402,-2.13873,2.48062])
2.521325954497177
Max g: 0.05148354536603983
f_13([0.00487628,1.67811,-1.6724,0.585989,0.782449,-0.368459,0.168187,0.67116,0.32884,1.58912,-0.267804,-0.32132,-0.072132,1.39859,-1.45172,0.724181,-1.27235,2.28236,0.600299,1.24803,-0.150252,2.42223,-2.75154,1.79682,1.53993,-3.82367,2.78094,0.502778,2.37207,-2.83587,1.18346,0.279077,-2.26241,2.77272,-0.155511,-0.353429,-1.35555,2.81132,-1.17763,-0.277207,1.80326,-2.15471,-2.13371,2.48385])
2.518344606555239
Max g: 0.050628579237668836
f_14([0.00444683,1.67307,-1.66834,0.586426,0.780971,-0.367397,0.170039,0.671442,0.328558,1.59332,-0.27207,-0.321247,-0.0721312,1.39904,-1.45257,0.723426,-1.27192,2.28075,0.597957,1.24414,-0.150563,2.418,-2.75392,1.79928,1.54187,-3.82542,2.77969,0.503863,2.38338,-2.85538,1.18845,0.282604,-2.27495,2.79317,-0.166791,-0.349973,-1.36675,2.83155,-1.18421,-0.279837,1.81633,-2.17604,-2.12818,2.48629])
2.518841497878895
Max g: 0.04980118988404192
f_15([0.00298222,1.67372,-1.67006,0.584342,0.783416,-0.367798,0.17217,0.66993,0.33007,1.59445,-0.273854,-0.320593,-0.0705674,1.40119,-1.45177,0.723565,-1.26844,2.28163,0.597348,1.24248,-0.151402,2.41449,-2.757,1.80343,1.54464,-3.8277,2.78176,0.501262,2.38631,-2.86497,1.19195,0.285561,-2.28101,2.80859,-0.17769,-0.347606,-1.37211,2.84502,-1.19293,-0.279988,1.82877,-2.19752,-2.12017,2.48767])
2.520928441438252
Max g: 0.04874281785389101
f_16([0.00352728,1.67295,-1.66888,0.583279,0.783568,-0.36689,0.173927,0.665143,0.334857,1.59281,-0.270945,-0.321869,-0.0687657,1.40313,-1.45153,0.718439,-1.26801,2.28447,0.595695,1.23916,-0.151497,2.41075,-2.75991,1.8068,1.54551,-3.82909,2.78137,0.502213,2.39238,-2.87944,1.20055,0.285513,-2.29244,2.82605,-0.186843,-0.345289,-1.38023,2.86189,-1.19732,-0.28353,1.83864,-2.21477,-2.11452,2.48904])
2.516655176054807
Max g: 0.0481522414385579
f_17([0.000713529,1.67166,-1.67095,0.581084,0.786028,-0.367348,0.175743,0.668124,0.331876,1.59079,-0.271315,-0.319471,-0.0650921,1.40504,-1.44796,0.716574,-1.26693,2.28689,0.593381,1.2358,-0.153229,2.40664,-2.76583,1.81242,1.54383,-3.83007,2.78488,0.50111,2.40511,-2.90237,1.20617,0.290405,-2.30846,2.85147,-0.197754,-0.343626,-1.39133,2.88042,-1.19906,-0.289948,1.85139,-2.2336,-2.10905,2.49001])
2.5197359022614765
Max g: 0.04654110829060787
f_18([0.000612835,1.67375,-1.67314,0.583022,0.781863,-0.364936,0.177723,0.669524,0.330476,1.59206,-0.272097,-0.319964,-0.0639639,1.40509,-1.44627,0.71861,-1.26826,2.28669,0.591376,1.23261,-0.153755,2.40239,-2.76721,1.81418,1.54174,-3.8267,2.78419,0.500763,2.41235,-2.91782,1.21242,0.292333,-2.31912,2.86995,-0.210017,-0.339415,-1.39873,2.89772,-1.20676,-0.29144,1.86832,-2.26089,-2.10247,2.49373])
2.518046471761045
Max g: 0.04625505348652492
f_19([0.00208081,1.67349,-1.67139,0.582074,0.781478,-0.363591,0.179704,0.668355,0.331644,1.59536,-0.271503,-0.323859,-0.0643633,1.40316,-1.4454,0.717215,-1.27165,2.28906,0.589244,1.2284,-0.153246,2.40006,-2.77306,1.81849,1.54368,-3.83224,2.78634,0.50215,2.42265,-2.93822,1.22159,0.293247,-2.33426,2.89411,-0.222452,-0.336289,-1.40715,2.9154,-1.2148,-0.292497,1.88272,-2.28345,-2.09783,2.49746])
2.5132763150539437
Max g: 0.04505423834041089
f_20([0.00227285,1.67365,-1.67138,0.582105,0.78115,-0.363267,0.180005,0.668661,0.331339,1.59547,-0.271802,-0.32367,-0.0644422,1.40292,-1.44539,0.716762,-1.27165,2.28905,0.58887,1.22768,-0.153192,2.39931,-2.77332,1.81886,1.54442,-3.83353,2.78671,0.502411,2.42422,-2.94152,1.22272,0.293682,-2.33621,2.89748,-0.224432,-0.335661,-1.40874,2.91835,-1.21589,-0.292828,1.88501,-2.28718,-2.09683,2.49783])
2.5129781802597497
{0.0022728459658108886,1.673650305463463,-1.6713774594976503,0.5821051863696365,0.7811496897992949,-0.36326695015326343,0.18000545428895728,0.6686612788556442,0.33133872114435586,1.5954716853360473,-0.271801831597428,-0.32366985373861884,-0.06444221728448818,1.40292371318095,-1.4453850672725628,0.7167615293286682,-1.271652816222818,2.289048670738551,0.5888695523763389,1.2276783808384997,-0.15319244984687802,2.3993087681871117,-2.773320986775014,1.8188591667429144,1.5444170680954055,-3.833530313290117,2.7867148271351874,0.5024106048237182,2.4242184503418605,-2.9415187046617954,1.222723285381212,0.2936818923437688,-2.336212708142902,2.89747853558756,-0.22443206501238844,-0.33566057848361164,-1.408744637644988,2.918351532229411,-1.2158873947785094,-0.2928278778595496,1.885005297378065,-2.2871781528230666,-2.096832952037153,2.497831775370765}]
Set[{A021,A031,A032,A041,A042,A043,A121,A131,A132,A141,A142,A143,B021,B031,B032,B041,B042,B043,B121,B131,B132,B141,B142,B143,\[Alpha]1,\[Alpha]2,\[Alpha]3,\[Alpha]4,\[Beta]11,\[Beta]12,\[Beta]13,\[Beta]14,\[Beta]21,\[Beta]22,\[Beta]23,\[Beta]24,\[Beta]31,\[Beta]32,\[Beta]33,\[Beta]34,\[Beta]41,\[Beta]42,\[Beta]43,\[Beta]44},{0.0022728459658108886,1.673650305463463,-1.6713774594976503,0.5821051863696365,0.7811496897992949,-0.36326695015326343,0.18000545428895728,0.6686612788556442,0.33133872114435586,1.5954716853360473,-0.271801831597428,-0.32366985373861884,-0.06444221728448818,1.40292371318095,-1.4453850672725628,0.7167615293286682,-1.271652816222818,2.289048670738551,0.5888695523763389,1.2276783808384997,-0.15319244984687802,2.3993087681871117,-2.773320986775014,1.8188591667429144,1.5444170680954055,-3.833530313290117,2.7867148271351874,0.5024106048237182,2.4242184503418605,-2.9415187046617954,1.222723285381212,0.2936818923437688,-2.336212708142902,2.89747853558756,-0.22443206501238844,-0.33566057848361164,-1.408744637644988,2.918351532229411,-1.2158873947785094,-0.2928278778595496,1.885005297378065,-2.2871781528230666,-2.096832952037153,2.497831775370765}]

Max g: 0.04492042345774194
f_21([0.00240938,1.67264,-1.66977,0.581368,0.784839,-0.366243,0.180658,0.670455,0.329545,1.59477,-0.272661,-0.322109,-0.0645427,1.40182,-1.44413,0.715484,-1.26864,2.28935,0.587824,1.22578,-0.152907,2.39771,-2.77401,1.8195,1.54813,-3.83543,2.78606,0.501264,2.42895,-2.94949,1.22468,0.294965,-2.34195,2.90628,-0.229534,-0.333797,-1.41285,2.92593,-1.21923,-0.293057,1.89052,-2.29601,-2.09485,2.49901])
2.514071341171794
Max g: 0.04478310652226414
f_22([0.00341053,1.67542,-1.67053,0.582053,0.783289,-0.365359,0.182186,0.670328,0.329672,1.59329,-0.270733,-0.322553,-0.0639018,1.4035,-1.44428,0.713809,-1.26239,2.28797,0.587011,1.224,-0.153555,2.39427,-2.77572,1.82195,1.54572,-3.83358,2.78843,0.499434,2.4323,-2.9598,1.23046,0.296076,-2.34824,2.91924,-0.236982,-0.332706,-1.41948,2.93806,-1.22165,-0.296739,1.90059,-2.31342,-2.09182,2.50332])
2.508704914876305
Max g: 0.043995884083643744
f_23([0.00273275,1.67476,-1.67125,0.580053,0.78635,-0.366415,0.183711,0.669149,0.330851,1.59321,-0.271399,-0.321812,-0.0633922,1.4047,-1.44511,0.713947,-1.26403,2.28721,0.586595,1.22297,-0.154704,2.39019,-2.77609,1.82431,1.54223,-3.83196,2.78905,0.500682,2.43895,-2.97308,1.23441,0.299225,-2.35184,2.92773,-0.242368,-0.332235,-1.42343,2.95068,-1.22635,-0.299534,1.90629,-2.32536,-2.08699,2.50457])
2.50830740181738
Max g: 0.043419851984004554
f_24([0.00328003,1.67552,-1.67193,0.582078,0.786137,-0.368484,0.185213,0.671141,0.328857,1.59812,-0.269587,-0.328515,-0.0628735,1.40333,-1.44403,0.708238,-1.26093,2.28617,0.584476,1.21948,-0.155838,2.3841,-2.77616,1.82636,1.53976,-3.83455,2.79151,0.502804,2.4481,-2.99127,1.2375,0.304652,-2.3651,2.94887,-0.25182,-0.330505,-1.43402,2.96931,-1.23207,-0.303069,1.92301,-2.34834,-2.08349,2.50786])
2.503239110316085
Max g: 0.04256315249626563
f_25([0.00286451,1.67495,-1.67209,0.583633,0.784634,-0.368286,0.186876,0.669242,0.330758,1.60122,-0.273488,-0.327732,-0.0622455,1.40392,-1.44343,0.70546,-1.25957,2.28701,0.582981,1.21698,-0.156271,2.38024,-2.77709,1.82799,1.53891,-3.83184,2.7899,0.50301,2.45597,-3.00649,1.24288,0.306886,-2.37721,2.96834,-0.261758,-0.328507,-1.43929,2.98174,-1.23654,-0.30524,1.93138,-2.3651,-2.07824,2.51048])
2.502940975521891
Max g: 0.04150707281696342
f_26([0.00261358,1.67406,-1.67133,0.584914,0.784105,-0.369035,0.187852,0.670344,0.329656,1.60043,-0.273871,-0.326563,-0.0623796,1.40488,-1.44441,0.705794,-1.26026,2.28842,0.581638,1.21512,-0.156605,2.3783,-2.77833,1.82906,1.54142,-3.83206,2.78821,0.502414,2.46064,-3.01595,1.24676,0.307662,-2.38379,2.97962,-0.268723,-0.326055,-1.44794,2.99621,-1.24108,-0.306722,1.94133,-2.38031,-2.0738,2.51145])
2.503537245110279
Max g: 0.04107764683932136
f_27([0.00282309,1.67714,-1.67356,0.584163,0.7828,-0.366981,0.189111,0.671767,0.328233,1.60258,-0.275371,-0.327206,-0.0630354,1.40301,-1.44301,0.706007,-1.25968,2.29045,0.580548,1.213,-0.15655,2.37618,-2.7803,1.83087,1.54418,-3.83326,2.78823,0.500853,2.46698,-3.0281,1.25167,0.308797,-2.39008,2.99127,-0.276228,-0.323852,-1.45393,3.00937,-1.24767,-0.307054,1.95098,-2.39571,-2.07083,2.51446])
2.5024440841982347
Max g: 0.04063122827822574
f_28([0.00416702,1.67962,-1.67447,0.583517,0.782753,-0.36629,0.190539,0.679396,0.320604,1.6018,-0.276472,-0.325324,-0.0618217,1.40418,-1.44272,0.707773,-1.26212,2.28967,0.579206,1.21036,-0.157055,2.37163,-2.78086,1.83274,1.543,-3.83384,2.78926,0.501607,2.47321,-3.04178,1.2561,0.31172,-2.40003,3.00776,-0.284244,-0.32263,-1.45953,3.021,-1.25082,-0.310253,1.96245,-2.41486,-2.0675,2.51863])
2.499661492785759
Max g: 0.03991522866928621
f_29([0.00320122,1.67774,-1.67358,0.582378,0.783858,-0.366243,0.191391,0.682706,0.317294,1.60063,-0.276442,-0.324192,-0.0618596,1.40394,-1.4422,0.708475,-1.26264,2.29115,0.578169,1.20885,-0.157591,2.36939,-2.78189,1.83419,1.54234,-3.8305,2.78752,0.500676,2.47969,-3.05346,1.26014,0.313089,-2.40673,3.01898,-0.28966,-0.321538,-1.46399,3.02928,-1.25255,-0.312395,1.97018,-2.427,-2.06331,2.51892])
2.5015496798156533
Max g: 0.039177847315179926
f_30([0.002433,1.6766,-1.67382,0.581698,0.784477,-0.366207,0.192469,0.684309,0.315691,1.60426,-0.278672,-0.325592,-0.0607891,1.40381,-1.4409,0.706471,-1.26186,2.29067,0.576949,1.20728,-0.158389,2.36709,-2.78346,1.8357,1.54426,-3.83296,2.78709,0.501576,2.4856,-3.06465,1.26338,0.315202,-2.41291,3.02967,-0.296411,-0.319404,-1.47001,3.04199,-1.25636,-0.314627,1.98042,-2.44384,-2.05874,2.52081])
2.5010527884919966
{0.0024329987253046592,1.6766033899369426,-1.673816245758201,0.5816984208342323,0.784476734513858,-0.3662068868642154,0.1924688091307488,0.6843087161663199,0.31569128383368006,1.604264421000688,-0.2786721055414542,-0.3255923154592338,-0.06078905568610022,1.4038050406325215,-1.440904972826225,0.7064710590731114,-1.261861995652114,2.290671834194753,0.5769490885448788,1.2072762885715562,-0.15838880305868644,2.36708830369838,-2.783461426288359,1.8357031565539519,1.5442562484979228,-3.832960457200781,2.787087191083759,0.5015761554786782,2.485601519922473,-3.0646472343280227,1.2633766059481366,0.31520200803591186,-2.4129103238709604,3.029673281045427,-0.2964114677595116,-0.31940399639211164,-1.470012295863143,3.041994226339308,-1.2563611799226515,-0.3146266808392483,1.9804245843616672,-2.4438367281828794,-2.0587393376054677,2.520807516571276}]
Set[{A021,A031,A032,A041,A042,A043,A121,A131,A132,A141,A142,A143,B021,B031,B032,B041,B042,B043,B121,B131,B132,B141,B142,B143,\[Alpha]1,\[Alpha]2,\[Alpha]3,\[Alpha]4,\[Beta]11,\[Beta]12,\[Beta]13,\[Beta]14,\[Beta]21,\[Beta]22,\[Beta]23,\[Beta]24,\[Beta]31,\[Beta]32,\[Beta]33,\[Beta]34,\[Beta]41,\[Beta]42,\[Beta]43,\[Beta]44},{0.0024329987253046592,1.6766033899369426,-1.673816245758201,0.5816984208342323,0.784476734513858,-0.3662068868642154,0.1924688091307488,0.6843087161663199,0.31569128383368006,1.604264421000688,-0.2786721055414542,-0.3255923154592338,-0.06078905568610022,1.4038050406325215,-1.440904972826225,0.7064710590731114,-1.261861995652114,2.290671834194753,0.5769490885448788,1.2072762885715562,-0.15838880305868644,2.36708830369838,-2.783461426288359,1.8357031565539519,1.5442562484979228,-3.832960457200781,2.787087191083759,0.5015761554786782,2.485601519922473,-3.0646472343280227,1.2633766059481366,0.31520200803591186,-2.4129103238709604,3.029673281045427,-0.2964114677595116,-0.31940399639211164,-1.470012295863143,3.041994226339308,-1.2563611799226515,-0.3146266808392483,1.9804245843616672,-2.4438367281828794,-2.0587393376054677,2.520807516571276}]

Max g: 0.03894796448488491
f_31([0.00182257,1.67737,-1.67536,0.580517,0.785429,-0.365965,0.193935,0.685182,0.314818,1.60047,-0.273679,-0.326794,-0.0600143,1.4046,-1.44054,0.706558,-1.26245,2.29141,0.576019,1.2049,-0.159085,2.36204,-2.78428,1.83865,1.54172,-3.83447,2.79137,0.501393,2.49049,-3.07779,1.26784,0.318605,-2.42051,3.04383,-0.303944,-0.318555,-1.4768,3.05556,-1.25927,-0.318979,1.98859,-2.45738,-2.0566,2.52426])
2.499562114521028
Max g: 0.038420923697286224
f_32([0.00084201,1.67792,-1.67686,0.57789,0.786738,-0.364628,0.195266,0.689169,0.310831,1.59858,-0.27198,-0.326598,-0.0597579,1.40505,-1.44073,0.708587,-1.2644,2.29054,0.575402,1.2028,-0.158893,2.35757,-2.78391,1.84099,1.54087,-3.83402,2.7922,0.50171,2.50007,-3.08894,1.27144,0.32082,-2.42758,3.0569,-0.311055,-0.317834,-1.47956,3.06554,-1.26564,-0.319261,1.99728,-2.47327,-2.05135,2.52545])
2.4969782796380144
Max g: 0.03708388199520973
f_33([0.00084519,1.67621,-1.67537,0.578865,0.786101,-0.365071,0.19635,0.689459,0.310541,1.59764,-0.274429,-0.323209,-0.0608069,1.40563,-1.44246,0.708106,-1.26075,2.28879,0.573998,1.2012,-0.159683,2.35715,-2.78797,1.84286,1.53517,-3.83043,2.79409,0.501081,2.50169,-3.10004,1.27537,0.322399,-2.43357,3.06822,-0.318763,-0.314851,-1.48879,3.0808,-1.27047,-0.321073,2.00707,-2.4887,-2.04767,2.52811])
2.5010527884919966
Max g: 0.03735478638171097
f_34([0.00206366,1.67617,-1.67357,0.578435,0.786172,-0.364619,0.197087,0.691376,0.308624,1.59601,-0.276107,-0.319908,-0.0617466,1.40441,-1.44242,0.707264,-1.25814,2.28787,0.572807,1.19934,-0.159788,2.3553,-2.78893,1.84393,1.5362,-3.83021,2.79334,0.50066,2.50613,-3.10836,1.27823,0.323421,-2.44143,3.08059,-0.324972,-0.313149,-1.49396,3.09045,-1.27421,-0.32181,2.01601,-2.50167,-2.04365,2.52839])
2.5027422189924287
Max g: 0.036743189664012244
f_35([0.00293965,1.67521,-1.6713,0.581861,0.783773,-0.365651,0.197914,0.691557,0.308443,1.59597,-0.276906,-0.319064,-0.061655,1.40422,-1.44201,0.706559,-1.25814,2.28912,0.571613,1.19735,-0.159649,2.3532,-2.78903,1.8441,1.53746,-3.82803,2.79019,0.500353,2.51207,-3.11897,1.28182,0.324523,-2.45055,3.09485,-0.331803,-0.311557,-1.49776,3.09844,-1.27808,-0.322101,2.02466,-2.51499,-2.04152,2.53102])
2.5016490580803845
Max g: 0.036040524807972374
f_36([0.00290999,1.67665,-1.67222,0.576426,0.786615,-0.363052,0.198917,0.692835,0.307165,1.59661,-0.274981,-0.321631,-0.0622478,1.40565,-1.44376,0.708467,-1.25758,2.28952,0.571001,1.196,-0.16002,2.35115,-2.79117,1.84667,1.5392,-3.82705,2.7891,0.498766,2.51503,-3.12688,1.28532,0.325844,-2.45585,3.1046,-0.337627,-0.31039,-1.50107,3.10694,-1.2814,-0.323705,2.03082,-2.52616,-2.03744,2.53185])
2.4991646014621027
Max g: 0.035711741090180826
f_37([0.00292608,1.67644,-1.67233,0.578116,0.780525,-0.358671,0.199761,0.69117,0.30883,1.59551,-0.276744,-0.318771,-0.0612097,1.40773,-1.44467,0.70823,-1.25782,2.28819,0.570528,1.19525,-0.160234,2.34954,-2.7913,1.84736,1.53645,-3.82617,2.78993,0.499732,2.51814,-3.13434,1.28989,0.325551,-2.46137,3.11475,-0.342669,-0.309771,-1.5051,3.11358,-1.28402,-0.324374,2.03616,-2.53687,-2.03236,2.53188])
2.4998602493152213
Max g: 0.034748960198006884
f_38([0.00326283,1.6751,-1.67022,0.579803,0.772795,-0.3526,0.200627,0.693428,0.306572,1.59617,-0.272731,-0.323435,-0.0587418,1.40788,-1.4411,0.709622,-1.25838,2.28862,0.569765,1.1931,-0.159468,2.34805,-2.79304,1.84891,1.53595,-3.82592,2.7911,0.498869,2.52316,-3.14436,1.29531,0.325373,-2.46733,3.12474,-0.348274,-0.30842,-1.5084,3.1216,-1.28783,-0.324926,2.04117,-2.54588,-2.03131,2.53471])
2.4941956882255387
Max g: 0.034405583162565034
f_39([0.00269027,1.67522,-1.67093,0.581501,0.771444,-0.352968,0.201263,0.694284,0.305716,1.59609,-0.273255,-0.322838,-0.0580516,1.40897,-1.44108,0.708313,-1.25719,2.28958,0.568884,1.19182,-0.159802,2.34631,-2.79353,1.84977,1.53603,-3.82676,2.79237,0.49835,2.52693,-3.15216,1.29841,0.326143,-2.47204,3.13324,-0.353426,-0.306803,-1.51215,3.12872,-1.2899,-0.326196,2.04935,-2.55759,-2.02771,2.53501])
2.4947919578139266
Max g: 0.034067587143185585
f_40([0.00181158,1.67373,-1.67031,0.581873,0.771673,-0.353564,0.201951,0.693856,0.306144,1.59572,-0.272969,-0.322752,-0.0582454,1.40854,-1.44052,0.709331,-1.25542,2.28855,0.567913,1.18984,-0.159607,2.3447,-2.79546,1.85158,1.53199,-3.82238,2.793,0.497376,2.53035,-3.1589,1.3003,0.327601,-2.47692,3.1404,-0.357242,-0.305632,-1.51714,3.13907,-1.29489,-0.326455,2.05792,-2.57073,-2.02466,2.53657])
2.496382010049627
{0.0018115776892078967,1.6737322210453818,-1.670309376780474,0.5818731354760859,0.7716731860452019,-0.3535639964446285,0.2019509072595764,0.6938555688860244,0.3061444311139756,1.5957209953835585,-0.27296866204029935,-0.32275233334325887,-0.05824544189474177,1.4085392217471744,-1.4405182553507734,0.7093312826099392,-1.255417626040662,2.2885497690474765,0.5679133713116584,1.189841618103068,-0.15960667072917759,2.3447008301856083,-2.795455527601541,1.8515827229657775,1.531991697028702,-3.8223805560700175,2.792998253717765,0.497375872781955,2.5303479586405646,-3.1589001788887305,1.3002950306132883,0.3276005762271144,-2.4769216548580095,3.140401829881154,-0.3572416937342553,-0.3056315822106417,-1.517143656975892,3.1390724961577687,-1.294894986322437,-0.3264548589066428,2.057918353234924,-2.5707295727969317,-2.0246591180696765,2.5365650260527373}]
Set[{A021,A031,A032,A041,A042,A043,A121,A131,A132,A141,A142,A143,B021,B031,B032,B041,B042,B043,B121,B131,B132,B141,B142,B143,\[Alpha]1,\[Alpha]2,\[Alpha]3,\[Alpha]4,\[Beta]11,\[Beta]12,\[Beta]13,\[Beta]14,\[Beta]21,\[Beta]22,\[Beta]23,\[Beta]24,\[Beta]31,\[Beta]32,\[Beta]33,\[Beta]34,\[Beta]41,\[Beta]42,\[Beta]43,\[Beta]44},{0.0018115776892078967,1.6737322210453818,-1.670309376780474,0.5818731354760859,0.7716731860452019,-0.3535639964446285,0.2019509072595764,0.6938555688860244,0.3061444311139756,1.5957209953835585,-0.27296866204029935,-0.32275233334325887,-0.05824544189474177,1.4085392217471744,-1.4405182553507734,0.7093312826099392,-1.255417626040662,2.2885497690474765,0.5679133713116584,1.189841618103068,-0.15960667072917759,2.3447008301856083,-2.795455527601541,1.8515827229657775,1.531991697028702,-3.8223805560700175,2.792998253717765,0.497375872781955,2.5303479586405646,-3.1589001788887305,1.3002950306132883,0.3276005762271144,-2.4769216548580095,3.140401829881154,-0.3572416937342553,-0.3056315822106417,-1.517143656975892,3.1390724961577687,-1.294894986322437,-0.3264548589066428,2.057918353234924,-2.5707295727969317,-2.0246591180696765,2.5365650260527373}]

Max g: 0.03394263260538988
f_41([0.0024122,1.67431,-1.67013,0.58118,0.774046,-0.35528,0.203276,0.694686,0.305314,1.59938,-0.275313,-0.324072,-0.057125,1.40793,-1.43842,0.707673,-1.25456,2.2889,0.566929,1.18811,-0.160004,2.34245,-2.79782,1.85397,1.53372,-3.823,2.79173,0.497564,2.53575,-3.17001,1.30389,0.329809,-2.4833,3.15261,-0.364224,-0.304304,-1.52712,3.15877,-1.3034,-0.327471,2.06709,-2.58714,-2.01932,2.53838])
2.494990714343389
Max g: 0.03305583844162696
f_42([0.00237627,1.67461,-1.67036,0.583318,0.773271,-0.356591,0.204376,0.694129,0.305871,1.59766,-0.27523,-0.32243,-0.0567434,1.40736,-1.43722,0.707435,-1.25424,2.28939,0.566502,1.18628,-0.159549,2.33969,-2.79857,1.85609,1.53235,-3.82389,2.79433,0.497214,2.53767,-3.17645,1.30774,0.330468,-2.48689,3.16007,-0.369196,-0.30337,-1.53155,3.16903,-1.30924,-0.327697,2.07347,-2.60033,-2.0135,2.539])
2.495586983931777
Max g: 0.03271654962653936
f_43([0.00368416,1.67527,-1.6695,0.586009,0.773894,-0.359908,0.205045,0.697029,0.302971,1.5975,-0.275432,-0.322072,-0.0572727,1.40612,-1.43693,0.707302,-1.25518,2.28915,0.565399,1.18451,-0.159891,2.33754,-2.79987,1.85784,1.53131,-3.82239,2.79311,0.497985,2.54177,-3.18535,1.31179,0.331121,-2.49392,3.17163,-0.375189,-0.301806,-1.53803,3.17935,-1.31023,-0.330705,2.08123,-2.61111,-2.00991,2.53879])
2.4935994186371513
Max g: 0.03225714358487408
{0.003684164275715829,1.6752671340390022,-1.6695027597122636,0.5860086947357324,0.773893626250654,-0.3599075166300827,0.2050448439878723,0.697028650242037,0.3029713497579628,1.5975037426729142,-0.2754317872910615,-0.32207195538185174,-0.05727266942796287,1.4061181487336807,-1.4369314850215666,0.7073019671353274,-1.2551848790311586,2.289149116216569,0.5653991216127684,1.1845054790360572,-0.15989117559029256,2.3375353340308385,-2.7998658086385584,1.8578406438030513,1.531312804778214,-3.8223939643036213,2.7931114390121365,0.49798466794401436,2.5417699465708505,-3.185346484883202,1.3117937873843013,0.3311212265403082,-2.493924561276428,3.171633650219971,-0.3751890053730755,-0.30180626245227493,-1.5380334993641003,3.179346429389066,-1.3102321101160985,-0.3307048755992807,2.0812252164547984,-2.6111062998696943,-2.0099110211257214,2.5387865276205894}]
Set[{A021,A031,A032,A041,A042,A043,A121,A131,A132,A141,A142,A143,B021,B031,B032,B041,B042,B043,B121,B131,B132,B141,B142,B143,\[Alpha]1,\[Alpha]2,\[Alpha]3,\[Alpha]4,\[Beta]11,\[Beta]12,\[Beta]13,\[Beta]14,\[Beta]21,\[Beta]22,\[Beta]23,\[Beta]24,\[Beta]31,\[Beta]32,\[Beta]33,\[Beta]34,\[Beta]41,\[Beta]42,\[Beta]43,\[Beta]44},{0.003684164275715829,1.6752671340390022,-1.6695027597122636,0.5860086947357324,0.773893626250654,-0.3599075166300827,0.2050448439878723,0.697028650242037,0.3029713497579628,1.5975037426729142,-0.2754317872910615,-0.32207195538185174,-0.05727266942796287,1.4061181487336807,-1.4369314850215666,0.7073019671353274,-1.2551848790311586,2.289149116216569,0.5653991216127684,1.1845054790360572,-0.15989117559029256,2.3375353340308385,-2.7998658086385584,1.8578406438030513,1.531312804778214,-3.8223939643036213,2.7931114390121365,0.49798466794401436,2.5417699465708505,-3.185346484883202,1.3117937873843013,0.3311212265403082,-2.493924561276428,3.171633650219971,-0.3751890053730755,-0.30180626245227493,-1.5380334993641003,3.179346429389066,-1.3102321101160985,-0.3307048755992807,2.0812252164547984,-2.6111062998696943,-2.0099110211257214,2.5387865276205894}]


-----------------Final Result------------------
Options: alg=LN_AUGLAG_EQ,dx=0.01,max_eval=100000000,popSize=0
imin=-1,jmin=-4,imax=1,jmax=4,
parameter_minmax=5,
randSeed=8781427,rand_minmax=3,
END_C=true, INEQ_C=true

4331532 steps

Completed with maxf : 2.4935994186371513

Constraints at 0.03225714358800924

x = [0.003684164275715829,1.6752671340390022,-1.6695027597122636,0.5860086947357324,0.773893626250654,-0.3599075166300827,0.2050448439878723,0.697028650242037,0.3029713497579628,1.5975037426729142,-0.2754317872910615,-0.32207195538185174,-0.05727266942796287,1.4061181487336807,-1.4369314850215666,0.7073019671353274,-1.2551848790311586,2.289149116216569,0.5653991216127684,1.1845054790360572,-0.15989117559029256,2.3375353340308385,-2.7998658086385584,1.8578406438030513,1.531312804778214,-3.8223939643036213,2.7931114390121365,0.49798466794401436,2.5417699465708505,-3.185346484883202,1.3117937873843013,0.3311212265403082,-2.493924561276428,3.171633650219971,-0.3751890053730755,-0.30180626245227493,-1.5380334993641003,3.179346429389066,-1.3102321101160985,-0.3307048755992807,2.0812252164547984,-2.6111062998696943,-2.0099110211257214,2.5387865276205894]
c0 = [0.0,0.003684164275715829,0.005764374326738597,0.9999948043563037]
c1 = [0.0,0.2050448439878723,0.9999999999999998,1.0000000000000009]
A0 = [0.0,0.003684164275715829,1.6752671340390022,0.5860086947357324,0.0,0.0,-1.6695027597122636,0.773893626250654,0.0,0.0,0.0,-0.3599075166300827,0.0,0.0,0.0,0.0]
A1 = [0.0,0.2050448439878723,0.697028650242037,1.5975037426729142,0.0,0.0,0.3029713497579628,-0.2754317872910615,0.0,0.0,0.0,-0.32207195538185174,0.0,0.0,0.0,0.0]
B0 = [0.0,-0.05727266942796287,1.4061181487336807,0.7073019671353274,0.0,0.0,-1.4369314850215666,-1.2551848790311586,0.0,0.0,0.0,2.289149116216569,0.0,0.0,0.0,0.0]
B1 = [0.0,0.5653991216127684,1.1845054790360572,2.3375353340308385,0.0,0.0,-0.15989117559029256,-2.7998658086385584,0.0,0.0,0.0,1.8578406438030513,0.0,0.0,0.0,0.0]
α  = [1.531312804778214,-3.8223939643036213,2.7931114390121365,0.49798466794401436]
β1 = [2.5417699465708505,-3.185346484883202,1.3117937873843013,0.3311212265403082]
β2 = [-2.493924561276428,3.171633650219971,-0.3751890053730755,-0.30180626245227493]
β3 = [-1.5380334993641003,3.179346429389066,-1.3102321101160985,-0.3307048755992807]
β4 = [2.0812252164547984,-2.6111062998696943,-2.0099110211257214,2.5387865276205894]


Set[{A021,A031,A032,A041,A042,A043,A121,A131,A132,A141,A142,A143,B021,B031,B032,B041,B042,B043,B121,B131,B132,B141,B142,B143,\[Alpha]1,\[Alpha]2,\[Alpha]3,\[Alpha]4,\[Beta]11,\[Beta]12,\[Beta]13,\[Beta]14,\[Beta]21,\[Beta]22,\[Beta]23,\[Beta]24,\[Beta]31,\[Beta]32,\[Beta]33,\[Beta]34,\[Beta]41,\[Beta]42,\[Beta]43,\[Beta]44},{0.003684164275715829,1.6752671340390022,-1.6695027597122636,0.5860086947357324,0.773893626250654,-0.3599075166300827,0.2050448439878723,0.697028650242037,0.3029713497579628,1.5975037426729142,-0.2754317872910615,-0.32207195538185174,-0.05727266942796287,1.4061181487336807,-1.4369314850215666,0.7073019671353274,-1.2551848790311586,2.289149116216569,0.5653991216127684,1.1845054790360572,-0.15989117559029256,2.3375353340308385,-2.7998658086385584,1.8578406438030513,1.531312804778214,-3.8223939643036213,2.7931114390121365,0.49798466794401436,2.5417699465708505,-3.185346484883202,1.3117937873843013,0.3311212265403082,-2.493924561276428,3.171633650219971,-0.3751890053730755,-0.30180626245227493,-1.5380334993641003,3.179346429389066,-1.3102321101160985,-0.3307048755992807,2.0812252164547984,-2.6111062998696943,-2.0099110211257214,2.5387865276205894}]



