
-----------------Setup------------------
Options: alg=LN_AUGLAG_EQ,dx=0.01,max_eval=100000000,popSize=0
imin=-6,jmin=-3,imax=1,jmax=3,
parameter_minmax=5,
randSeed=7755982, rand_minmax=2,
END_C=true, INEQ_C=false

Initial Condition:

[1.27766,-0.0102092,-1.24049,-1.3731,0.0114963,-0.837487,-1.67648,-1.54423,1.30233,-0.315339,-0.0435327,-1.52763,0.573215,0.697992,0.117642,0.943517,-1.2814,1.56308,0.402198,-1.68856,0.0490816,-0.913593,0.66086,1.52718,1.35194,-1.03466,-1.71439,1.73848,-1.68671,-1.37449,1.16325,-1.23094,-1.65169,-1.13744,0.56264,0.459131,-0.710359,-0.682866,-0.387432,-0.515314,-1.8016,0.627315,-0.153936,-1.35797]

f_1([0.793641,0.342893,0.111536,0.979134,-0.0435895,-0.2816,0.114337,-0.83592,1.24929,-0.941871,1.33999,-0.115112,0.254539,1.05197,-0.443285,1.02652,-2.42213,1.09886,0.443015,1.29247,-0.176115,1.14268,0.410838,1.15689,0.97824,-1.06067,-1.35573,0.817241,-2.0556,1.09968,3.43756,-1.70024,-1.58602,0.815969,0.322141,-0.103223,-0.659618,0.00911579,-0.538176,-0.347975,0.546589,1.01974,1.76747,-1.34435])
18.40827816691629
Max g: 1.9894524607296489
f_2([0.228441,0.141842,0.370487,0.737762,-0.181145,-0.344746,0.00139101,-0.803828,0.905219,-1.09868,1.24548,-0.00199898,0.10592,0.531991,-0.493562,0.882586,-2.41617,0.975679,0.299919,0.672101,-0.299172,0.457111,-0.232782,0.311272,1.07377,-0.818317,-0.973677,0.188699,-1.89699,1.22436,3.31455,-2.09596,-1.21845,1.11491,0.212537,-0.335863,-0.214021,0.0896549,-0.185386,-0.349904,0.168112,0.353698,1.68,-1.25157])
41.92852141343125
Max g: 0.9502394623875983
f_3([1.33887e-6,0.0730954,0.872267,1.08523,0.0715525,-0.156785,0.675798,-0.690712,1.69067,-0.613513,1.41784,0.144889,0.400245,0.163749,-0.692835,2.68542,-1.218,-0.0754135,-0.135989,1.57475,0.851647,1.38835,0.72456,-0.121822,2.28998,-1.58492,-0.558454,1.05991,-0.69293,1.93731,1.03896,-1.26281,-0.0703775,-0.362167,-0.696679,1.08895,1.52887,-1.42566,-0.380282,0.308254,-0.0642569,0.512935,2.26982,-2.8056])
4.585994336590703
Max g: 0.377373042485883
f_4([0.0271325,0.266842,0.711812,0.686741,0.208465,0.104794,0.110132,-0.513405,1.51341,-0.397887,1.33951,0.00990314,0.0395779,0.91908,-0.275625,2.93154,-0.90005,-0.435035,-0.609641,1.42774,-0.404786,0.829024,-0.0166098,-0.132879,2.16312,-1.61975,-0.0954594,0.612469,-0.774921,0.976118,0.409965,0.381864,0.871321,-1.24424,0.269175,0.0781354,2.0248,-1.13685,-0.364584,-0.527591,-0.805067,1.16423,2.92415,-3.27016])
27.46312968637625
Max g: 0.20649274358456038
f_5([0.0796231,0.244986,0.755001,0.70299,0.165148,0.131876,0.267209,-0.448178,1.4429,-0.368674,1.36367,0.00501316,-0.0106105,1.23379,-0.164472,2.90339,-0.898403,-0.502091,-0.525928,1.49914,-0.341816,0.899447,0.0434955,-0.10508,2.08604,-1.72321,-0.05398,0.691421,-0.913882,1.24367,0.290624,0.379334,0.920131,-1.25782,0.172142,0.165923,1.9119,-1.24249,-0.291863,-0.377653,-0.951484,1.27348,2.94015,-3.26325])
14.882599376692673
Max g: 0.006972191827111524
f_6([0.0834289,0.243622,0.756377,0.702863,0.164618,0.132514,0.269715,-0.444606,1.44461,-0.364786,1.35696,0.00772355,-0.00795665,1.23476,-0.160776,2.90125,-0.901485,-0.502749,-0.519283,1.50808,-0.34331,0.902205,0.0446653,-0.105396,2.08203,-1.72604,-0.0522741,0.696287,-0.917764,1.25664,0.297606,0.363518,0.92979,-1.27316,0.15447,0.188903,1.91775,-1.25661,-0.297611,-0.36351,-0.926255,1.26889,2.92999,-3.27261])
14.764963766997942
Max g: 3.926749944077601e-5
f_7([0.0844411,0.243592,0.756403,0.702846,0.164585,0.132566,0.269696,-0.444593,1.44459,-0.365705,1.35595,0.00975195,-0.0072081,1.23476,-0.160782,2.90077,-0.902041,-0.503199,-0.51933,1.50813,-0.343381,0.902175,0.0447,-0.105339,2.08116,-1.72699,-0.0513575,0.697193,-0.917606,1.25647,0.297501,0.363633,0.929704,-1.27304,0.154518,0.188817,1.9176,-1.25647,-0.297516,-0.363614,-0.92681,1.26906,2.93016,-3.27241])
14.756390324257477
Max g: 1.4764910147402333e-5
f_8([0.0852197,0.24359,0.756409,0.702853,0.164577,0.132569,0.269693,-0.44459,1.44459,-0.366485,1.35513,0.0113512,-0.00663447,1.23475,-0.160799,2.90037,-0.902427,-0.503565,-0.519329,1.50814,-0.343389,0.902167,0.0447025,-0.105334,2.08049,-1.72773,-0.0506398,0.697881,-0.917619,1.25648,0.297496,0.363642,0.929713,-1.27305,0.154518,0.188816,1.91761,-1.25648,-0.297508,-0.363626,-0.926821,1.26907,2.93017,-3.27242])
14.747318425543732
Max g: 9.609294845835947e-6
f_9([0.085855,0.243586,0.756412,0.702837,0.164588,0.132574,0.269697,-0.444601,1.4446,-0.367094,1.35448,0.0126185,-0.00616581,1.23478,-0.160792,2.90007,-0.902758,-0.503868,-0.519327,1.50815,-0.343393,0.902176,0.0446992,-0.105332,2.07994,-1.72832,-0.0500731,0.698461,-0.917621,1.25649,0.297494,0.36364,0.929713,-1.27305,0.154504,0.188834,1.91761,-1.25648,-0.297503,-0.363626,-0.926798,1.26905,2.93019,-3.27245])
14.736751158910138
Max g: 4.379544395138879e-6
f_10([0.0864451,0.243583,0.756415,0.702827,0.164591,0.13258,0.269698,-0.444596,1.4446,-0.367705,1.35387,0.0138343,-0.0057318,1.23479,-0.160791,2.89978,-0.903042,-0.504158,-0.519323,1.50816,-0.343399,0.902191,0.0446917,-0.105333,2.07943,-1.72888,-0.0495317,0.698987,-0.917618,1.25649,0.297489,0.36364,0.929717,-1.27306,0.154494,0.188845,1.91762,-1.25649,-0.297494,-0.363633,-0.926787,1.26905,2.9302,-3.27246])
14.725186980329978
{0.08644514436748592,0.24358297423665187,0.7564152317458639,0.7028271112633758,0.16459067907901948,0.13258041884904817,0.26969794395524554,-0.4445957370047346,1.444595737004739,-0.3677045583309865,1.3538702497729518,0.013834301923647825,-0.0057318038118369585,1.2347896984661701,-0.16079112309249094,2.899775070050696,-0.9030418167199701,-0.5041583259374877,-0.5193231772113576,1.508160767850907,-0.3433985322832149,0.9021909026240592,0.04469167933002031,-0.10533277896011056,2.0794278283677192,-1.7288846523178099,-0.049531661233998554,0.6989871020962302,-0.9176176402375645,1.2564905881258814,0.2974889708765034,0.36363956607890024,0.929717135514432,-1.2730552474988341,0.1544940166844321,0.1888454107092713,1.917619529962133,-1.2564925432059486,-0.29749369518408114,-0.3636327071619127,-0.9267867858531027,1.2690483617858201,2.9301986594361775,-3.272459489350484}]
Set[{A021,A031,A032,A041,A042,A043,A121,A131,A132,A141,A142,A143,B021,B031,B032,B041,B042,B043,B121,B131,B132,B141,B142,B143,\[Alpha]1,\[Alpha]2,\[Alpha]3,\[Alpha]4,\[Beta]11,\[Beta]12,\[Beta]13,\[Beta]14,\[Beta]21,\[Beta]22,\[Beta]23,\[Beta]24,\[Beta]31,\[Beta]32,\[Beta]33,\[Beta]34,\[Beta]41,\[Beta]42,\[Beta]43,\[Beta]44},{0.08644514436748592,0.24358297423665187,0.7564152317458639,0.7028271112633758,0.16459067907901948,0.13258041884904817,0.26969794395524554,-0.4445957370047346,1.444595737004739,-0.3677045583309865,1.3538702497729518,0.013834301923647825,-0.0057318038118369585,1.2347896984661701,-0.16079112309249094,2.899775070050696,-0.9030418167199701,-0.5041583259374877,-0.5193231772113576,1.508160767850907,-0.3433985322832149,0.9021909026240592,0.04469167933002031,-0.10533277896011056,2.0794278283677192,-1.7288846523178099,-0.049531661233998554,0.6989871020962302,-0.9176176402375645,1.2564905881258814,0.2974889708765034,0.36363956607890024,0.929717135514432,-1.2730552474988341,0.1544940166844321,0.1888454107092713,1.917619529962133,-1.2564925432059486,-0.29749369518408114,-0.3636327071619127,-0.9267867858531027,1.2690483617858201,2.9301986594361775,-3.272459489350484}]

Max g: 1.9667239293310224e-5
f_11([0.0864268,0.243584,0.756416,0.702827,0.164591,0.132582,0.269697,-0.444595,1.4446,-0.367685,1.35389,0.0137952,-0.00574517,1.23479,-0.160791,2.89978,-0.903034,-0.504147,-0.519324,1.50816,-0.3434,0.90219,0.0446918,-0.105332,2.07945,-1.72887,-0.0495489,0.698969,-0.917619,1.25649,0.297492,0.363636,0.929716,-1.27306,0.154494,0.188845,1.91762,-1.25649,-0.297491,-0.363637,-0.926791,1.26905,2.9302,-3.27246])
14.725884818692574
Max g: 1.5017646823811074e-5
f_12([0.0864042,0.243584,0.756416,0.702827,0.164591,0.132582,0.269697,-0.444596,1.4446,-0.367662,1.35391,0.0137476,-0.00576179,1.23479,-0.160792,2.8998,-0.903023,-0.504135,-0.519324,1.50816,-0.3434,0.90219,0.044692,-0.105332,2.07947,-1.72884,-0.0495694,0.698949,-0.917619,1.25649,0.297492,0.363636,0.929716,-1.27306,0.154495,0.188845,1.91762,-1.25649,-0.297492,-0.363637,-0.926791,1.26905,2.9302,-3.27246])
14.726183892276543
Max g: 9.354766210564226e-6
f_13([0.0863847,0.243584,0.756416,0.702826,0.164591,0.132583,0.269697,-0.444596,1.4446,-0.367641,1.35393,0.013706,-0.00577614,1.23479,-0.160792,2.89981,-0.903014,-0.504126,-0.519324,1.50816,-0.343399,0.902191,0.0446919,-0.105333,2.07948,-1.72883,-0.0495874,0.698932,-0.917618,1.25649,0.297492,0.363636,0.929716,-1.27306,0.154495,0.188845,1.91762,-1.25649,-0.297492,-0.363636,-0.926791,1.26905,2.9302,-3.27246])
14.726682348249826
Max g: 4.4399194125135325e-6
f_14([0.0863648,0.243585,0.756415,0.702826,0.164591,0.132583,0.269697,-0.444596,1.4446,-0.36762,1.35396,0.0136643,-0.00579081,1.23479,-0.160793,2.89982,-0.903004,-0.504116,-0.519324,1.50816,-0.343399,0.90219,0.0446923,-0.105333,2.0795,-1.72881,-0.0496055,0.698914,-0.917618,1.25649,0.297493,0.363635,0.929716,-1.27306,0.154495,0.188844,1.91762,-1.25649,-0.297493,-0.363635,-0.926792,1.26905,2.9302,-3.27246])
14.727180804223108
Max g: 6.704714886063279e-8
{0.08636040433306086,0.24358463957600338,0.7564153564525098,0.7028261664628195,0.1645901921843511,0.13258364135282993,0.2696972016507347,-0.4445959998529416,1.4445959312810441,-0.3676155416922737,1.3539604551678892,0.01365508652438441,-0.005793992790204617,1.2347891713682322,-0.16079309269973258,2.899817598640882,-0.9030020850425404,-0.5041141076800456,-0.5193238082621228,1.5081602518941242,-0.3433984567713736,0.9021899615568271,0.04469223367803463,-0.10533279813889843,2.0795041234714877,-1.7288043702719986,-0.049609503166189964,0.6989097728790554,-0.9176183822725028,1.2564902709588972,0.2974927985409827,0.36363531324444565,0.9297160431603432,-1.2730555660727298,0.15449511398802032,0.18884443194349293,1.9176183364197235,-1.2564903109098984,-0.2974928693585341,-0.36363519884208917,-0.9267917974349112,1.2690511090868717,2.9301987896526844,-3.2724581094687735}]
Set[{A021,A031,A032,A041,A042,A043,A121,A131,A132,A141,A142,A143,B021,B031,B032,B041,B042,B043,B121,B131,B132,B141,B142,B143,\[Alpha]1,\[Alpha]2,\[Alpha]3,\[Alpha]4,\[Beta]11,\[Beta]12,\[Beta]13,\[Beta]14,\[Beta]21,\[Beta]22,\[Beta]23,\[Beta]24,\[Beta]31,\[Beta]32,\[Beta]33,\[Beta]34,\[Beta]41,\[Beta]42,\[Beta]43,\[Beta]44},{0.08636040433306086,0.24358463957600338,0.7564153564525098,0.7028261664628195,0.1645901921843511,0.13258364135282993,0.2696972016507347,-0.4445959998529416,1.4445959312810441,-0.3676155416922737,1.3539604551678892,0.01365508652438441,-0.005793992790204617,1.2347891713682322,-0.16079309269973258,2.899817598640882,-0.9030020850425404,-0.5041141076800456,-0.5193238082621228,1.5081602518941242,-0.3433984567713736,0.9021899615568271,0.04469223367803463,-0.10533279813889843,2.0795041234714877,-1.7288043702719986,-0.049609503166189964,0.6989097728790554,-0.9176183822725028,1.2564902709588972,0.2974927985409827,0.36363531324444565,0.9297160431603432,-1.2730555660727298,0.15449511398802032,0.18884443194349293,1.9176183364197235,-1.2564903109098984,-0.2974928693585341,-0.36363519884208917,-0.9267917974349112,1.2690511090868717,2.9301987896526844,-3.2724581094687735}]


-----------------Final Result------------------
Options: alg=LN_AUGLAG_EQ,dx=0.01,max_eval=100000000,popSize=0
imin=-6,jmin=-3,imax=1,jmax=3,
parameter_minmax=5,
randSeed=7755982,rand_minmax=2,
END_C=true, INEQ_C=false

1451400 steps

Completed with maxf : 14.727280495417766

Constraints at 6.85718974935412e-8

x = [0.08636040433306086,0.24358463957600338,0.7564153564525098,0.7028261664628195,0.1645901921843511,0.13258364135282993,0.2696972016507347,-0.4445959998529416,1.4445959312810441,-0.3676155416922737,1.3539604551678892,0.01365508652438441,-0.005793992790204617,1.2347891713682322,-0.16079309269973258,2.899817598640882,-0.9030020850425404,-0.5041141076800456,-0.5193238082621228,1.5081602518941242,-0.3433984567713736,0.9021899615568271,0.04469223367803463,-0.10533279813889843,2.0795041234714877,-1.7288043702719986,-0.049609503166189964,0.6989097728790554,-0.9176183822725028,1.2564902709588972,0.2974927985409827,0.36363531324444565,0.9297160431603432,-1.2730555660727298,0.15449511398802032,0.18884443194349293,1.9176183364197235,-1.2564903109098984,-0.2974928693585341,-0.36363519884208917,-0.9267917974349112,1.2690511090868717,2.9301987896526844,-3.2724581094687735]
c0 = [0.0,0.08636040433306086,0.9999999960285132,1.0000000000000004]
c1 = [0.0,0.2696972016507347,0.9999999314281025,1.0]
A0 = [0.0,0.08636040433306086,0.24358463957600338,0.7028261664628195,0.0,0.0,0.7564153564525098,0.1645901921843511,0.0,0.0,0.0,0.13258364135282993,0.0,0.0,0.0,0.0]
A1 = [0.0,0.2696972016507347,-0.4445959998529416,-0.3676155416922737,0.0,0.0,1.4445959312810441,1.3539604551678892,0.0,0.0,0.0,0.01365508652438441,0.0,0.0,0.0,0.0]
B0 = [0.0,-0.005793992790204617,1.2347891713682322,2.899817598640882,0.0,0.0,-0.16079309269973258,-0.9030020850425404,0.0,0.0,0.0,-0.5041141076800456,0.0,0.0,0.0,0.0]
B1 = [0.0,-0.5193238082621228,1.5081602518941242,0.9021899615568271,0.0,0.0,-0.3433984567713736,0.04469223367803463,0.0,0.0,0.0,-0.10533279813889843,0.0,0.0,0.0,0.0]
α  = [2.0795041234714877,-1.7288043702719986,-0.049609503166189964,0.6989097728790554]
β1 = [-0.9176183822725028,1.2564902709588972,0.2974927985409827,0.36363531324444565]
β2 = [0.9297160431603432,-1.2730555660727298,0.15449511398802032,0.18884443194349293]
β3 = [1.9176183364197235,-1.2564903109098984,-0.2974928693585341,-0.36363519884208917]
β4 = [-0.9267917974349112,1.2690511090868717,2.9301987896526844,-3.2724581094687735]


Set[{A021,A031,A032,A041,A042,A043,A121,A131,A132,A141,A142,A143,B021,B031,B032,B041,B042,B043,B121,B131,B132,B141,B142,B143,\[Alpha]1,\[Alpha]2,\[Alpha]3,\[Alpha]4,\[Beta]11,\[Beta]12,\[Beta]13,\[Beta]14,\[Beta]21,\[Beta]22,\[Beta]23,\[Beta]24,\[Beta]31,\[Beta]32,\[Beta]33,\[Beta]34,\[Beta]41,\[Beta]42,\[Beta]43,\[Beta]44},{0.08636040433306086,0.24358463957600338,0.7564153564525098,0.7028261664628195,0.1645901921843511,0.13258364135282993,0.2696972016507347,-0.4445959998529416,1.4445959312810441,-0.3676155416922737,1.3539604551678892,0.01365508652438441,-0.005793992790204617,1.2347891713682322,-0.16079309269973258,2.899817598640882,-0.9030020850425404,-0.5041141076800456,-0.5193238082621228,1.5081602518941242,-0.3433984567713736,0.9021899615568271,0.04469223367803463,-0.10533279813889843,2.0795041234714877,-1.7288043702719986,-0.049609503166189964,0.6989097728790554,-0.9176183822725028,1.2564902709588972,0.2974927985409827,0.36363531324444565,0.9297160431603432,-1.2730555660727298,0.15449511398802032,0.18884443194349293,1.9176183364197235,-1.2564903109098984,-0.2974928693585341,-0.36363519884208917,-0.9267917974349112,1.2690511090868717,2.9301987896526844,-3.2724581094687735}]



