
-----------------Setup------------------
Options: alg=LN_AUGLAG_EQ,dx=0.01,max_eval=100000000,popSize=0
imin=-1,jmin=-4,imax=1,jmax=4,
parameter_minmax=5,
randSeed=2872179, rand_minmax=1,
END_C=true, INEQ_C=true

Initial Condition:

[0.222248,-0.997305,-0.665685,-0.749625,-0.777777,-0.962314,0.764782,0.88622,-0.974366,0.600164,0.0203485,-0.901864,0.0371743,-0.606885,0.675315,-0.569105,-0.618636,0.784051,0.377019,0.0503408,-0.0965451,-0.311907,0.917893,-0.0514549,-0.561591,-0.948939,-0.40856,-0.373392,-0.365203,0.802596,0.937228,-0.884096,0.142635,0.392907,-0.628678,-0.914206,-0.0468316,-0.17929,-0.207546,0.0469582,0.288046,-0.491968,-0.590794,0.75173]

f_1([-9.047e-18,1.0404,-1.0404,1.97719,-0.327318,-0.649872,0.492361,1.49053,-0.59476,1.01067,-0.0499374,0.0392629,-0.262535,-0.621204,-0.0103194,1.69314,0.735389,0.580945,0.857064,-0.0156625,-0.355432,-0.309195,1.77285,0.601375,2.29305,-1.27238,-0.240276,0.190942,-0.0381863,-0.116345,0.953359,0.226699,-0.647307,1.53491,-0.660343,-0.237003,1.03442,0.136634,-0.9555,-0.222023,0.981562,-1.81038,0.0580296,0.774988])
3.098912429115347
Max g: 0.071147089595466
f_2([1.74212e-12,1.08359,-1.08359,1.97172,-0.353526,-0.618196,0.58809,1.45156,-0.539463,1.0537,-0.0904523,0.0367571,0.0306401,-0.57204,0.119451,1.29773,0.262776,0.167845,0.700638,0.0787467,-0.531435,-0.444377,1.92719,0.294744,2.17909,-1.40564,-0.299597,0.522671,-0.0220731,-0.139209,0.882736,0.279486,-0.540801,1.43503,-0.708794,-0.182916,1.03024,0.130105,-0.882059,-0.277626,0.851868,-2.17553,0.374456,0.946792])
2.8406283190787636
Max g: 0.0413365467959497
f_3([0.00899932,1.08932,-1.07645,1.97232,-0.35158,-0.620743,0.554449,1.44675,-0.545241,1.05624,-0.0885214,0.0322695,0.0115828,-0.565321,0.142737,1.29343,0.268474,0.171428,0.744546,0.0565495,-0.483195,-0.405759,1.87473,0.390608,2.17906,-1.40833,-0.287111,0.516376,-0.0253821,-0.142801,0.903681,0.264502,-0.579481,1.44932,-0.672917,-0.19692,1.0254,0.142808,-0.903688,-0.264508,0.897371,-2.07668,0.282921,0.896377])
2.874118794293203
Max g: 6.883233721999282e-5
f_4([0.00570691,1.08869,-1.0771,1.97234,-0.351611,-0.620735,0.554449,1.44663,-0.54507,1.05795,-0.0866613,0.0287033,0.00399975,-0.560263,0.147811,1.29562,0.270653,0.173625,0.744549,0.0565435,-0.483209,-0.405785,1.87481,0.390593,2.17877,-1.40874,-0.281346,0.511312,-0.0253603,-0.142757,0.903636,0.264483,-0.5795,1.44929,-0.672885,-0.196906,1.02535,0.142754,-0.903627,-0.264483,0.897359,-2.07659,0.282907,0.896325])
2.8778951683529916
Max g: 4.0397811111869686e-5
f_5([0.00331635,1.0882,-1.07753,1.97234,-0.35165,-0.620688,0.554439,1.4466,-0.545055,1.05923,-0.085322,0.0260904,-0.00131292,-0.556708,0.151424,1.29728,0.272273,0.175306,0.744551,0.0565165,-0.483186,-0.405834,1.8748,0.390652,2.17866,-1.40899,-0.277315,0.507646,-0.0253787,-0.142741,0.903641,0.26448,-0.579507,1.4493,-0.67288,-0.196908,1.02537,0.142737,-0.903631,-0.264478,0.897403,-2.07662,0.282886,0.896334])
2.8796839771181544
Max g: 3.30592627734716e-5
f_6([0.00186515,1.08795,-1.07782,1.97236,-0.351688,-0.62067,0.554439,1.44657,-0.545066,1.05998,-0.0846023,0.0246179,-0.00449397,-0.554572,0.153584,1.29829,0.273293,0.176345,0.744546,0.0565301,-0.483183,-0.405852,1.87482,0.39065,2.17852,-1.4091,-0.274848,0.505432,-0.0254007,-0.142754,0.903674,0.264483,-0.579485,1.4493,-0.672906,-0.196907,1.02541,0.142738,-0.903665,-0.26448,0.897388,-2.07662,0.282903,0.896329])
2.8810752728243925
Max g: 3.762480313568295e-5
f_7([0.000966327,1.08775,-1.07801,1.97233,-0.351718,-0.620611,0.554426,1.44659,-0.545098,1.06042,-0.0841417,0.0237201,-0.00647296,-0.553215,0.154892,1.29892,0.273966,0.176998,0.74454,0.0565191,-0.483176,-0.405867,1.87485,0.390647,2.17844,-1.4092,-0.273288,0.504042,-0.0254242,-0.142731,0.903679,0.264476,-0.579494,1.4493,-0.672901,-0.196901,1.02542,0.142722,-0.903672,-0.264474,0.897414,-2.07662,0.282891,0.896317])
2.8815721641480487
Max g: 0.00013896086018329486
f_8([0.000445816,1.08766,-1.07813,1.97231,-0.351706,-0.620599,0.554427,1.4466,-0.545124,1.06069,-0.0838883,0.0232005,-0.00760151,-0.552454,0.155651,1.29928,0.274342,0.177392,0.74454,0.0565217,-0.483169,-0.405866,1.87484,0.39065,2.17839,-1.40924,-0.272394,0.503244,-0.0254378,-0.142738,0.903697,0.264479,-0.579483,1.4493,-0.672915,-0.196903,1.02544,0.142725,-0.903689,-0.264476,0.897406,-2.07663,0.282898,0.89632])
2.882069055471705
Max g: 0.0002464291304741296
f_9([0.00028791,1.08763,-1.07817,1.97231,-0.351706,-0.620606,0.554403,1.44662,-0.545141,1.06078,-0.0838038,0.0230234,-0.00797182,-0.552202,0.155899,1.29941,0.274464,0.177518,0.744571,0.056512,-0.483142,-0.405838,1.87481,0.390713,2.17838,-1.40925,-0.272105,0.502982,-0.0254336,-0.14274,0.903705,0.264469,-0.57952,1.44932,-0.672888,-0.196914,1.02543,0.142741,-0.903705,-0.264469,0.897439,-2.07655,0.282832,0.896283])
2.882168433736436
Max g: 0.00028181555173494976
f_10([0.000758167,1.0877,-1.07809,1.9723,-0.351703,-0.6206,0.554394,1.44659,-0.545107,1.06054,-0.0840269,0.0234911,-0.00696234,-0.55288,0.155206,1.29908,0.274109,0.17719,0.744576,0.0565087,-0.48314,-0.405814,1.8748,0.390714,2.17842,-1.40921,-0.272904,0.503693,-0.0254247,-0.142739,0.903698,0.264465,-0.57954,1.44933,-0.672872,-0.196914,1.02543,0.142738,-0.903699,-0.264465,0.897459,-2.07654,0.28281,0.896274])
2.881770920677511
{0.0007581672716710987,1.0877023803575134,-1.0780906273060142,1.9723034998363165,-0.3517030710907683,-0.6206004956437416,0.5543939658416838,1.4465896792551804,-0.5451066748477553,1.0605358471390456,-0.08402687918967938,0.023491091135409554,-0.006962339513064142,-0.5528795129698412,0.1552058175057442,1.2990813749418957,0.27410850742089793,0.1771899620690672,0.7445760114789185,0.05650874873568691,-0.48313957638316696,-0.40581420239641636,1.8747998694236954,0.39071379952839547,2.1784228506852283,-1.409211825833248,-0.2729042211138467,0.5036931032003367,-0.025424680934201575,-0.1427388640587981,0.903698094231422,0.2644651753448168,-0.5795398242693316,1.4493255984278286,-0.6728721728234868,-0.19691416421314725,1.0254259233623062,0.142738197731479,-0.9036986751004291,-0.26446514193161746,0.8974593306389294,-2.0765433608847705,0.28281025947666416,0.8962739246032128}]
Set[{A021,A031,A032,A041,A042,A043,A121,A131,A132,A141,A142,A143,B021,B031,B032,B041,B042,B043,B121,B131,B132,B141,B142,B143,\[Alpha]1,\[Alpha]2,\[Alpha]3,\[Alpha]4,\[Beta]11,\[Beta]12,\[Beta]13,\[Beta]14,\[Beta]21,\[Beta]22,\[Beta]23,\[Beta]24,\[Beta]31,\[Beta]32,\[Beta]33,\[Beta]34,\[Beta]41,\[Beta]42,\[Beta]43,\[Beta]44},{0.0007581672716710987,1.0877023803575134,-1.0780906273060142,1.9723034998363165,-0.3517030710907683,-0.6206004956437416,0.5543939658416838,1.4465896792551804,-0.5451066748477553,1.0605358471390456,-0.08402687918967938,0.023491091135409554,-0.006962339513064142,-0.5528795129698412,0.1552058175057442,1.2990813749418957,0.27410850742089793,0.1771899620690672,0.7445760114789185,0.05650874873568691,-0.48313957638316696,-0.40581420239641636,1.8747998694236954,0.39071379952839547,2.1784228506852283,-1.409211825833248,-0.2729042211138467,0.5036931032003367,-0.025424680934201575,-0.1427388640587981,0.903698094231422,0.2644651753448168,-0.5795398242693316,1.4493255984278286,-0.6728721728234868,-0.19691416421314725,1.0254259233623062,0.142738197731479,-0.9036986751004291,-0.26446514193161746,0.8974593306389294,-2.0765433608847705,0.28281025947666416,0.8962739246032128}]

Max g: 0.00018564442648761812
f_11([0.00112079,1.08777,-1.07801,1.97231,-0.351712,-0.620597,0.554396,1.44658,-0.545089,1.06035,-0.0842163,0.0238678,-0.00617345,-0.55342,0.154675,1.29882,0.273848,0.176925,0.744577,0.0565039,-0.483141,-0.405815,1.87479,0.390717,2.17846,-1.40918,-0.273523,0.504248,-0.0254175,-0.142735,0.903688,0.264465,-0.579538,1.44932,-0.672867,-0.196914,1.02542,0.142734,-0.903688,-0.264465,0.897457,-2.07654,0.282809,0.896278])
2.8814727858833176
Max g: 0.00011025481997077526
f_12([0.00137498,1.08782,-1.07796,1.97231,-0.351707,-0.620603,0.554398,1.44657,-0.545073,1.06021,-0.0843583,0.0241443,-0.00561324,-0.553805,0.154295,1.29864,0.273668,0.176737,0.744579,0.0565025,-0.483144,-0.405817,1.87479,0.390721,2.17849,-1.40916,-0.273962,0.504639,-0.0254102,-0.142734,0.903679,0.264465,-0.579542,1.44932,-0.672861,-0.196915,1.02541,0.142734,-0.90368,-0.264465,0.897457,-2.07655,0.282808,0.896281])
2.8814727858833176
Max g: 5.652603494538154e-5
f_13([0.00151446,1.08785,-1.07793,1.97231,-0.351706,-0.620604,0.554399,1.44657,-0.545071,1.06014,-0.0844267,0.0242869,-0.00530917,-0.554011,0.154089,1.29854,0.273562,0.176637,0.74458,0.0565023,-0.483144,-0.405816,1.87479,0.390722,2.17849,-1.40915,-0.274198,0.504854,-0.0254091,-0.142734,0.903678,0.264465,-0.579541,1.44932,-0.67286,-0.196915,1.02541,0.142734,-0.903678,-0.264465,0.897453,-2.07654,0.282808,0.896281])
2.8814727858833176
Max g: 2.7493793608223587e-5
f_14([0.00159293,1.08787,-1.07792,1.97231,-0.351704,-0.620604,0.554399,1.44657,-0.545068,1.0601,-0.0844682,0.0243678,-0.00513814,-0.55413,0.153972,1.29849,0.273508,0.17658,0.74458,0.0565023,-0.483144,-0.405816,1.87479,0.390721,2.1785,-1.40915,-0.274329,0.504973,-0.0254085,-0.142734,0.903678,0.264465,-0.579541,1.44932,-0.67286,-0.196915,1.02541,0.142734,-0.903678,-0.264465,0.897453,-2.07654,0.282808,0.896281])
2.8814727858833176
Max g: 1.1142613088637593e-5
f_15([0.00162341,1.08787,-1.07792,1.97231,-0.351703,-0.620605,0.554399,1.44657,-0.545067,1.06009,-0.084484,0.0243987,-0.00507286,-0.554175,0.153927,1.29847,0.273486,0.176558,0.74458,0.0565023,-0.483144,-0.405817,1.87479,0.390723,2.1785,-1.40914,-0.274379,0.505019,-0.0254084,-0.142734,0.903678,0.264465,-0.579541,1.44932,-0.67286,-0.196915,1.02541,0.142734,-0.903678,-0.264465,0.897453,-2.07654,0.282808,0.896282])
2.881373407618586
Max g: 4.903264524396098e-6
f_16([0.00163328,1.08787,-1.07791,1.97231,-0.351703,-0.620605,0.554399,1.44657,-0.545067,1.06008,-0.0844883,0.0244085,-0.00505173,-0.554189,0.153913,1.29846,0.273478,0.176551,0.74458,0.0565023,-0.483144,-0.405816,1.87479,0.390722,2.17851,-1.40914,-0.274395,0.505034,-0.0254081,-0.142734,0.903678,0.264465,-0.579541,1.44932,-0.67286,-0.196915,1.02541,0.142734,-0.903678,-0.264465,0.897453,-2.07654,0.282808,0.896282])
2.881274029353855
Max g: 2.887995564788406e-6
f_17([0.00164017,1.08788,-1.07791,1.97231,-0.351703,-0.620605,0.554399,1.44657,-0.545067,1.06008,-0.0844919,0.0244157,-0.00503659,-0.554199,0.153902,1.29846,0.273474,0.176546,0.74458,0.0565024,-0.483144,-0.405816,1.87479,0.390722,2.17851,-1.40914,-0.274407,0.505045,-0.0254079,-0.142734,0.903678,0.264465,-0.579541,1.44932,-0.67286,-0.196915,1.02541,0.142734,-0.903678,-0.264465,0.897453,-2.07654,0.282808,0.896282])
2.881274029353855
Max g: 1.4385936323670946e-6
f_18([0.00164419,1.08788,-1.07791,1.97231,-0.351703,-0.620605,0.554399,1.44657,-0.545067,1.06007,-0.0844937,0.0244198,-0.00502786,-0.554205,0.153896,1.29845,0.273471,0.176543,0.74458,0.0565025,-0.483144,-0.405816,1.87479,0.390722,2.17851,-1.40914,-0.274414,0.505051,-0.0254078,-0.142734,0.903677,0.264465,-0.579541,1.44932,-0.67286,-0.196915,1.02541,0.142735,-0.903677,-0.264465,0.897453,-2.07654,0.282808,0.896282])
2.881274029353855
Max g: 6.051620907837054e-7
f_19([0.00164622,1.08788,-1.07791,1.97231,-0.351703,-0.620605,0.554399,1.44657,-0.545067,1.06007,-0.0844947,0.024422,-0.0050234,-0.554208,0.153893,1.29845,0.273469,0.176542,0.74458,0.0565025,-0.483144,-0.405816,1.87479,0.390722,2.17851,-1.40914,-0.274417,0.505054,-0.0254077,-0.142735,0.903677,0.264465,-0.579541,1.44932,-0.67286,-0.196915,1.02541,0.142735,-0.903677,-0.264465,0.897453,-2.07654,0.282808,0.896282])
2.881274029353855
Max g: 1.7747078107685065e-7
f_20([0.00164737,1.08788,-1.07791,1.97231,-0.351703,-0.620605,0.554399,1.44657,-0.545067,1.06007,-0.0844953,0.0244232,-0.0050209,-0.55421,0.153892,1.29845,0.273468,0.176541,0.74458,0.0565025,-0.483144,-0.405816,1.87479,0.390722,2.17851,-1.40914,-0.274419,0.505056,-0.0254077,-0.142735,0.903677,0.264465,-0.579541,1.44932,-0.67286,-0.196915,1.02541,0.142735,-0.903677,-0.264465,0.897453,-2.07654,0.282808,0.896282])
2.881274029353855
{0.0016473698981063734,1.0878765452502481,-1.0779120866284033,1.9723079217835269,-0.3517031121610746,-0.620604809842092,0.554399232706589,1.4465686495669607,-0.5450665606873369,1.0600721217679876,-0.08449530728796158,0.02442318576567913,-0.005020897793664078,-0.5542097733849649,0.15389172419617933,1.2984508647028703,0.27346838208729946,0.17654077687532752,0.7445799085539353,0.05650249633788764,-0.4831442061919959,-0.40581625931970744,1.874788145672684,0.39072227207865656,2.1785068530023546,-1.4091435438751108,-0.27441912647527367,0.505055818999664,-0.025407737720240933,-0.14273450783138517,0.9036774005816283,0.2644648406008709,-0.5795412146692476,1.4493164527701354,-0.6728600293136958,-0.1969152093799733,1.025407719298693,0.1427345163568098,-0.9036773957238403,-0.2644648423329591,0.8974529444361761,-2.0765425316801265,0.2828080421018068,0.8962815463859537}]
Set[{A021,A031,A032,A041,A042,A043,A121,A131,A132,A141,A142,A143,B021,B031,B032,B041,B042,B043,B121,B131,B132,B141,B142,B143,\[Alpha]1,\[Alpha]2,\[Alpha]3,\[Alpha]4,\[Beta]11,\[Beta]12,\[Beta]13,\[Beta]14,\[Beta]21,\[Beta]22,\[Beta]23,\[Beta]24,\[Beta]31,\[Beta]32,\[Beta]33,\[Beta]34,\[Beta]41,\[Beta]42,\[Beta]43,\[Beta]44},{0.0016473698981063734,1.0878765452502481,-1.0779120866284033,1.9723079217835269,-0.3517031121610746,-0.620604809842092,0.554399232706589,1.4465686495669607,-0.5450665606873369,1.0600721217679876,-0.08449530728796158,0.02442318576567913,-0.005020897793664078,-0.5542097733849649,0.15389172419617933,1.2984508647028703,0.27346838208729946,0.17654077687532752,0.7445799085539353,0.05650249633788764,-0.4831442061919959,-0.40581625931970744,1.874788145672684,0.39072227207865656,2.1785068530023546,-1.4091435438751108,-0.27441912647527367,0.505055818999664,-0.025407737720240933,-0.14273450783138517,0.9036774005816283,0.2644648406008709,-0.5795412146692476,1.4493164527701354,-0.6728600293136958,-0.1969152093799733,1.025407719298693,0.1427345163568098,-0.9036773957238403,-0.2644648423329591,0.8974529444361761,-2.0765425316801265,0.2828080421018068,0.8962815463859537}]

Max g: 4.321620394875936e-9
f_21([0.00164811,1.08788,-1.07791,1.97231,-0.351703,-0.620605,0.554399,1.44657,-0.545067,1.06007,-0.0844957,0.0244239,-0.00501928,-0.554211,0.153891,1.29845,0.273468,0.17654,0.74458,0.0565025,-0.483144,-0.405816,1.87479,0.390722,2.17851,-1.40914,-0.27442,0.505057,-0.0254077,-0.142735,0.903677,0.264465,-0.579541,1.44932,-0.67286,-0.196915,1.02541,0.142735,-0.903677,-0.264465,0.897453,-2.07654,0.282808,0.896282])
2.881274029353855
Max g: 1.0667836614075554e-8
f_22([0.00164853,1.08788,-1.07791,1.97231,-0.351703,-0.620605,0.554399,1.44657,-0.545067,1.06007,-0.0844959,0.0244243,-0.00501838,-0.554211,0.15389,1.29845,0.273468,0.17654,0.74458,0.0565025,-0.483144,-0.405816,1.87479,0.390722,2.17851,-1.40914,-0.274421,0.505058,-0.0254077,-0.142735,0.903677,0.264465,-0.579541,1.44932,-0.67286,-0.196915,1.02541,0.142735,-0.903677,-0.264465,0.897453,-2.07654,0.282808,0.896282])
2.881274029353855
Max g: 1.4480867838173594e-8
f_23([0.00164874,1.08788,-1.07791,1.97231,-0.351703,-0.620605,0.554399,1.44657,-0.545067,1.06007,-0.084496,0.0244246,-0.00501791,-0.554212,0.15389,1.29845,0.273467,0.17654,0.74458,0.0565025,-0.483144,-0.405816,1.87479,0.390722,2.17851,-1.40914,-0.274421,0.505058,-0.0254077,-0.142735,0.903677,0.264465,-0.579541,1.44932,-0.67286,-0.196915,1.02541,0.142735,-0.903677,-0.264465,0.897453,-2.07654,0.282808,0.896282])
2.881274029353855
Max g: 1.664320592453805e-8
f_24([0.00164886,1.08788,-1.07791,1.97231,-0.351703,-0.620605,0.554399,1.44657,-0.545067,1.06007,-0.084496,0.0244247,-0.00501766,-0.554212,0.15389,1.29845,0.273467,0.17654,0.74458,0.0565025,-0.483144,-0.405816,1.87479,0.390722,2.17851,-1.40914,-0.274422,0.505058,-0.0254077,-0.142735,0.903677,0.264465,-0.579541,1.44932,-0.67286,-0.196915,1.02541,0.142735,-0.903677,-0.264465,0.897453,-2.07654,0.282808,0.896282])
2.881274029353855
Max g: 1.764677159954431e-8
f_25([0.00164893,1.08788,-1.07791,1.97231,-0.351703,-0.620605,0.554399,1.44657,-0.545067,1.06007,-0.0844961,0.0244248,-0.00501751,-0.554212,0.153889,1.29845,0.273467,0.17654,0.74458,0.0565025,-0.483144,-0.405816,1.87479,0.390722,2.17851,-1.40914,-0.274422,0.505058,-0.0254077,-0.142735,0.903677,0.264465,-0.579541,1.44932,-0.67286,-0.196915,1.02541,0.142735,-0.903677,-0.264465,0.897453,-2.07654,0.282808,0.896282])
2.881274029353855
Max g: 1.8173700100376777e-8
f_26([0.00164897,1.08788,-1.07791,1.97231,-0.351703,-0.620605,0.554399,1.44657,-0.545067,1.06007,-0.0844961,0.0244248,-0.00501742,-0.554212,0.153889,1.29845,0.273467,0.17654,0.74458,0.0565025,-0.483144,-0.405816,1.87479,0.390722,2.17851,-1.40914,-0.274422,0.505058,-0.0254077,-0.142735,0.903677,0.264465,-0.579541,1.44932,-0.67286,-0.196915,1.02541,0.142735,-0.903677,-0.264465,0.897453,-2.07654,0.282808,0.896282])
2.881274029353855
Max g: 1.855142839346513e-8
f_27([0.00164899,1.08788,-1.07791,1.97231,-0.351703,-0.620605,0.554399,1.44657,-0.545067,1.06007,-0.0844961,0.0244248,-0.00501736,-0.554212,0.153889,1.29845,0.273467,0.17654,0.74458,0.0565025,-0.483144,-0.405816,1.87479,0.390722,2.17851,-1.40914,-0.274422,0.505058,-0.0254077,-0.142735,0.903677,0.264465,-0.579541,1.44932,-0.67286,-0.196915,1.02541,0.142735,-0.903677,-0.264465,0.897453,-2.07654,0.282808,0.896282])
2.881274029353855
Max g: 1.8755775599288427e-8
f_28([0.00164901,1.08788,-1.07791,1.97231,-0.351703,-0.620605,0.554399,1.44657,-0.545067,1.06007,-0.0844961,0.0244248,-0.00501733,-0.554212,0.153889,1.29845,0.273467,0.17654,0.74458,0.0565025,-0.483144,-0.405816,1.87479,0.390722,2.17851,-1.40914,-0.274422,0.505058,-0.0254077,-0.142735,0.903677,0.264465,-0.579541,1.44932,-0.67286,-0.196915,1.02541,0.142735,-0.903677,-0.264465,0.897453,-2.07654,0.282808,0.896282])
2.881274029353855
Max g: 1.8863407280633737e-8
f_29([0.00164901,1.08788,-1.07791,1.97231,-0.351703,-0.620605,0.554399,1.44657,-0.545067,1.06007,-0.0844961,0.0244248,-0.00501732,-0.554212,0.153889,1.29845,0.273467,0.17654,0.74458,0.0565025,-0.483144,-0.405816,1.87479,0.390722,2.17851,-1.40914,-0.274422,0.505058,-0.0254077,-0.142735,0.903677,0.264465,-0.579541,1.44932,-0.67286,-0.196915,1.02541,0.142735,-0.903677,-0.264465,0.897453,-2.07654,0.282808,0.896282])
2.881274029353855
Max g: 1.8947196700480617e-8
f_30([0.00164902,1.08788,-1.07791,1.97231,-0.351703,-0.620605,0.554399,1.44657,-0.545067,1.06007,-0.0844961,0.0244249,-0.00501731,-0.554212,0.153889,1.29845,0.273467,0.17654,0.74458,0.0565025,-0.483144,-0.405816,1.87479,0.390722,2.17851,-1.40914,-0.274422,0.505058,-0.0254077,-0.142735,0.903677,0.264465,-0.579541,1.44932,-0.67286,-0.196915,1.02541,0.142735,-0.903677,-0.264465,0.897453,-2.07654,0.282808,0.896282])
2.881274029353855
{0.0016490194882809095,1.0878768802351269,-1.0779117960984557,1.9723079203543896,-0.3517031247789262,-0.6206047955754699,0.5543992343588121,1.4465686027525282,-0.5450665014156713,1.060071273492082,-0.08449612446006245,0.024424850967977287,-0.0050173064814632,-0.5542122116367978,0.15388926308528247,1.2984496686468143,0.2734672040949108,0.17653961826262535,0.7445799088702126,0.05650249294088872,-0.4831442089943756,-0.405816263499256,1.8747881417800885,0.3907222757299106,2.1785069791453044,-1.4091434167000072,-0.27442189960617,0.5050583386724425,-0.025407724358011988,-0.14273450746789818,0.9036773879253837,0.26446484089662586,-0.5795412208138069,1.4493164481837673,-0.672860020593938,-0.19691520844250737,1.0254077087275295,0.14273451365574288,-0.9036773825387306,-0.26446484227743905,0.8974529475715283,-2.0765425369339856,0.28280803944209987,0.8962815506300887}]
Set[{A021,A031,A032,A041,A042,A043,A121,A131,A132,A141,A142,A143,B021,B031,B032,B041,B042,B043,B121,B131,B132,B141,B142,B143,\[Alpha]1,\[Alpha]2,\[Alpha]3,\[Alpha]4,\[Beta]11,\[Beta]12,\[Beta]13,\[Beta]14,\[Beta]21,\[Beta]22,\[Beta]23,\[Beta]24,\[Beta]31,\[Beta]32,\[Beta]33,\[Beta]34,\[Beta]41,\[Beta]42,\[Beta]43,\[Beta]44},{0.0016490194882809095,1.0878768802351269,-1.0779117960984557,1.9723079203543896,-0.3517031247789262,-0.6206047955754699,0.5543992343588121,1.4465686027525282,-0.5450665014156713,1.060071273492082,-0.08449612446006245,0.024424850967977287,-0.0050173064814632,-0.5542122116367978,0.15388926308528247,1.2984496686468143,0.2734672040949108,0.17653961826262535,0.7445799088702126,0.05650249294088872,-0.4831442089943756,-0.405816263499256,1.8747881417800885,0.3907222757299106,2.1785069791453044,-1.4091434167000072,-0.27442189960617,0.5050583386724425,-0.025407724358011988,-0.14273450746789818,0.9036773879253837,0.26446484089662586,-0.5795412208138069,1.4493164481837673,-0.672860020593938,-0.19691520844250737,1.0254077087275295,0.14273451365574288,-0.9036773825387306,-0.26446484227743905,0.8974529475715283,-2.0765425369339856,0.28280803944209987,0.8962815506300887}]

Max g: 1.898307577796743e-8
f_31([0.00164902,1.08788,-1.07791,1.97231,-0.351703,-0.620605,0.554399,1.44657,-0.545067,1.06007,-0.0844961,0.0244249,-0.0050173,-0.554212,0.153889,1.29845,0.273467,0.17654,0.74458,0.0565025,-0.483144,-0.405816,1.87479,0.390722,2.17851,-1.40914,-0.274422,0.505058,-0.0254077,-0.142735,0.903677,0.264465,-0.579541,1.44932,-0.67286,-0.196915,1.02541,0.142735,-0.903677,-0.264465,0.897453,-2.07654,0.282808,0.896282])
2.881274029353855
Max g: 1.9019795960417696e-8
f_32([0.00164902,1.08788,-1.07791,1.97231,-0.351703,-0.620605,0.554399,1.44657,-0.545067,1.06007,-0.0844961,0.0244249,-0.0050173,-0.554212,0.153889,1.29845,0.273467,0.17654,0.74458,0.0565025,-0.483144,-0.405816,1.87479,0.390722,2.17851,-1.40914,-0.274422,0.505058,-0.0254077,-0.142735,0.903677,0.264465,-0.579541,1.44932,-0.67286,-0.196915,1.02541,0.142735,-0.903677,-0.264465,0.897453,-2.07654,0.282808,0.896282])
2.881274029353855
Max g: 1.9031056286422654e-8
f_33([0.00164903,1.08788,-1.07791,1.97231,-0.351703,-0.620605,0.554399,1.44657,-0.545067,1.06007,-0.0844961,0.0244249,-0.00501729,-0.554212,0.153889,1.29845,0.273467,0.17654,0.74458,0.0565025,-0.483144,-0.405816,1.87479,0.390722,2.17851,-1.40914,-0.274422,0.505058,-0.0254077,-0.142735,0.903677,0.264465,-0.579541,1.44932,-0.67286,-0.196915,1.02541,0.142735,-0.903677,-0.264465,0.897453,-2.07654,0.282808,0.896282])
2.881274029353855
Max g: 1.903740720621272e-8
{0.001649025253971429,1.0878768812652282,-1.0779117950526118,1.972307920383503,-0.35170312474678406,-0.6206047956367179,0.5543992344037626,1.446568602612379,-0.5450665012542953,1.060071270500367,-0.08449612736414133,0.02442485686376795,-0.005017293931251148,-0.5542122201539049,0.1538892545683639,1.2984496645538104,0.2734671999150585,0.17653961424120898,0.7445799089034982,0.056502492968798765,-0.4831442089991141,-0.40581626334938004,1.8747881416438312,0.39072227570906964,2.1785069797488132,-1.4091434162646095,-0.2744219094226101,0.5050583474506187,-0.02540772431005291,-0.14273450752837138,0.9036773879220581,0.2644648409127881,-0.5795412207555333,1.449316448173275,-0.6728600206232918,-0.196915208463794,1.0254077087018276,0.14273451371163165,-0.9036773825449133,-0.2644648422951012,0.897452947469799,-2.07654253689888,0.28280803947819894,0.8962815506584014}]
Set[{A021,A031,A032,A041,A042,A043,A121,A131,A132,A141,A142,A143,B021,B031,B032,B041,B042,B043,B121,B131,B132,B141,B142,B143,\[Alpha]1,\[Alpha]2,\[Alpha]3,\[Alpha]4,\[Beta]11,\[Beta]12,\[Beta]13,\[Beta]14,\[Beta]21,\[Beta]22,\[Beta]23,\[Beta]24,\[Beta]31,\[Beta]32,\[Beta]33,\[Beta]34,\[Beta]41,\[Beta]42,\[Beta]43,\[Beta]44},{0.001649025253971429,1.0878768812652282,-1.0779117950526118,1.972307920383503,-0.35170312474678406,-0.6206047956367179,0.5543992344037626,1.446568602612379,-0.5450665012542953,1.060071270500367,-0.08449612736414133,0.02442485686376795,-0.005017293931251148,-0.5542122201539049,0.1538892545683639,1.2984496645538104,0.2734671999150585,0.17653961424120898,0.7445799089034982,0.056502492968798765,-0.4831442089991141,-0.40581626334938004,1.8747881416438312,0.39072227570906964,2.1785069797488132,-1.4091434162646095,-0.2744219094226101,0.5050583474506187,-0.02540772431005291,-0.14273450752837138,0.9036773879220581,0.2644648409127881,-0.5795412207555333,1.449316448173275,-0.6728600206232918,-0.196915208463794,1.0254077087018276,0.14273451371163165,-0.9036773825449133,-0.2644648422951012,0.897452947469799,-2.07654253689888,0.28280803947819894,0.8962815506584014}]


-----------------Final Result------------------
Options: alg=LN_AUGLAG_EQ,dx=0.01,max_eval=100000000,popSize=0
imin=-1,jmin=-4,imax=1,jmax=4,
parameter_minmax=5,
randSeed=2872179,rand_minmax=1,
END_C=true, INEQ_C=true

3339649 steps

Completed with maxf : 2.881274029353855

Constraints at 1.9039032794765376e-8

x = [0.001649025253971429,1.0878768812652282,-1.0779117950526118,1.972307920383503,-0.35170312474678406,-0.6206047956367179,0.5543992344037626,1.446568602612379,-0.5450665012542953,1.060071270500367,-0.08449612736414133,0.02442485686376795,-0.005017293931251148,-0.5542122201539049,0.1538892545683639,1.2984496645538104,0.2734671999150585,0.17653961424120898,0.7445799089034982,0.056502492968798765,-0.4831442089991141,-0.40581626334938004,1.8747881416438312,0.39072227570906964,2.1785069797488132,-1.4091434162646095,-0.2744219094226101,0.5050583474506187,-0.02540772431005291,-0.14273450752837138,0.9036773879220581,0.2644648409127881,-0.5795412207555333,1.449316448173275,-0.6728600206232918,-0.196915208463794,1.0254077087018276,0.14273451371163165,-0.9036773825449133,-0.2644648422951012,0.897452947469799,-2.07654253689888,0.28280803947819894,0.8962815506584014]
c0 = [0.0,0.001649025253971429,0.00996508621261638,1.0000000000000009]
c1 = [0.0,0.5543992344037626,0.9015021013580836,0.9999999999999936]
A0 = [0.0,0.001649025253971429,1.0878768812652282,1.972307920383503,0.0,0.0,-1.0779117950526118,-0.35170312474678406,0.0,0.0,0.0,-0.6206047956367179,0.0,0.0,0.0,0.0]
A1 = [0.0,0.5543992344037626,1.446568602612379,1.060071270500367,0.0,0.0,-0.5450665012542953,-0.08449612736414133,0.0,0.0,0.0,0.02442485686376795,0.0,0.0,0.0,0.0]
B0 = [0.0,-0.005017293931251148,-0.5542122201539049,1.2984496645538104,0.0,0.0,0.1538892545683639,0.2734671999150585,0.0,0.0,0.0,0.17653961424120898,0.0,0.0,0.0,0.0]
B1 = [0.0,0.7445799089034982,0.056502492968798765,-0.40581626334938004,0.0,0.0,-0.4831442089991141,1.8747881416438312,0.0,0.0,0.0,0.39072227570906964,0.0,0.0,0.0,0.0]
α  = [2.1785069797488132,-1.4091434162646095,-0.2744219094226101,0.5050583474506187]
β1 = [-0.02540772431005291,-0.14273450752837138,0.9036773879220581,0.2644648409127881]
β2 = [-0.5795412207555333,1.449316448173275,-0.6728600206232918,-0.196915208463794]
β3 = [1.0254077087018276,0.14273451371163165,-0.9036773825449133,-0.2644648422951012]
β4 = [0.897452947469799,-2.07654253689888,0.28280803947819894,0.8962815506584014]


Set[{A021,A031,A032,A041,A042,A043,A121,A131,A132,A141,A142,A143,B021,B031,B032,B041,B042,B043,B121,B131,B132,B141,B142,B143,\[Alpha]1,\[Alpha]2,\[Alpha]3,\[Alpha]4,\[Beta]11,\[Beta]12,\[Beta]13,\[Beta]14,\[Beta]21,\[Beta]22,\[Beta]23,\[Beta]24,\[Beta]31,\[Beta]32,\[Beta]33,\[Beta]34,\[Beta]41,\[Beta]42,\[Beta]43,\[Beta]44},{0.001649025253971429,1.0878768812652282,-1.0779117950526118,1.972307920383503,-0.35170312474678406,-0.6206047956367179,0.5543992344037626,1.446568602612379,-0.5450665012542953,1.060071270500367,-0.08449612736414133,0.02442485686376795,-0.005017293931251148,-0.5542122201539049,0.1538892545683639,1.2984496645538104,0.2734671999150585,0.17653961424120898,0.7445799089034982,0.056502492968798765,-0.4831442089991141,-0.40581626334938004,1.8747881416438312,0.39072227570906964,2.1785069797488132,-1.4091434162646095,-0.2744219094226101,0.5050583474506187,-0.02540772431005291,-0.14273450752837138,0.9036773879220581,0.2644648409127881,-0.5795412207555333,1.449316448173275,-0.6728600206232918,-0.196915208463794,1.0254077087018276,0.14273451371163165,-0.9036773825449133,-0.2644648422951012,0.897452947469799,-2.07654253689888,0.28280803947819894,0.8962815506584014}]



