
-----------------Setup------------------
Options: alg=LN_AUGLAG_EQ,dx=0.01,max_eval=100000000,popSize=0
imin=-1,jmin=-4,imax=1,jmax=4,
parameter_minmax=5,
randSeed=28997669, rand_minmax=1,
END_C=true, INEQ_C=true

Initial Condition:

[0.108194,0.162897,0.69152,0.071379,-0.225987,0.754231,0.871134,0.745049,-0.0933951,-0.926317,0.960083,-0.417464,-0.259767,0.99095,0.305524,-0.539611,0.890017,-0.383077,0.290053,0.597678,0.0846528,0.814931,0.101932,-0.261925,0.615549,0.216421,0.603116,0.758201,0.34977,0.351085,-0.572601,-0.555287,0.590989,-0.115344,-0.196533,-0.126378,0.116502,0.568344,-0.656841,-0.632763,0.0610943,-0.402081,0.433255,-0.426039]

f_1([5.80628e-16,0.079027,0.0144082,1.50096,-1.20608,0.704622,0.01027,0.866508,-0.856187,-1.83711,1.89261,0.00384683,-0.0292053,1.22404,0.144244,-1.04871,0.208185,1.15952,0.52124,-0.612919,0.067248,0.997623,-0.471208,0.119416,0.684775,-0.44832,0.238443,-0.0401692,0.440517,0.498603,-0.626973,0.0214272,0.275097,0.491163,-0.753568,0.0134475,2.08595,0.195179,-1.35778,-1.45077,0.0119833,0.163819,0.136865,-0.349333])
15.992049738821498
Max g: 0.9018814738325649
f_2([0.00412248,0.270601,-0.0858367,1.87395,-1.62195,0.747991,0.604798,1.33911,-0.616049,-1.12472,2.21517,-0.0904531,-0.699326,1.67529,-0.203929,-1.3482,0.377012,0.15361,0.773337,-1.31414,0.255107,0.743387,-0.672738,-0.0218631,0.391497,-0.445356,0.677191,0.376657,-0.417375,0.701357,0.520698,0.195271,-0.18667,0.753047,-0.401921,-0.164258,1.42231,-0.695075,-0.517376,-0.209643,-0.859268,1.47297,1.00112,-1.61471])
2.8959820125340836
Max g: 0.005656213404341429
f_3([0.00209724,0.27068,-0.0838056,1.87277,-1.6206,0.747817,0.599582,1.41679,-0.664502,-1.13744,2.16348,-0.0260376,-0.69219,1.67296,-0.205511,-1.34804,0.375511,0.155651,0.774255,-1.22849,0.198804,0.739242,-0.677686,-0.0246617,0.391357,-0.444972,0.679705,0.373912,-0.418613,0.711477,0.540952,0.166197,-0.192928,0.740857,-0.418736,-0.129183,1.41888,-0.711117,-0.540693,-0.167065,-0.852946,1.47921,1.05214,-1.67841])
2.8576220023478114
Max g: 0.0002836322582355777
f_4([0.00220282,0.270718,-0.0837366,1.87282,-1.62078,0.747967,0.599552,1.42167,-0.667917,-1.13812,2.16,-0.0218807,-0.692223,1.67301,-0.205572,-1.34802,0.375401,0.155637,0.774305,-1.22328,0.195454,0.739038,-0.677842,-0.024827,0.391383,-0.44498,0.679711,0.373887,-0.418674,0.712089,0.54226,0.164325,-0.192984,0.740113,-0.41987,-0.127258,1.41869,-0.712074,-0.54225,-0.164363,-0.852528,1.47995,1.05536,-1.68279])
2.853547493493829
Max g: 1.2228534858285678e-5
f_5([0.00220843,0.270721,-0.0837361,1.87282,-1.62078,0.747962,0.599556,1.42192,-0.668101,-1.13816,2.15982,-0.0216608,-0.692231,1.67301,-0.20557,-1.34802,0.375403,0.155627,0.774311,-1.22301,0.19528,0.739032,-0.677851,-0.0248387,0.391382,-0.44498,0.679711,0.373887,-0.418678,0.712118,0.54233,0.164231,-0.192975,0.740069,-0.419933,-0.127161,1.41868,-0.712121,-0.542332,-0.164223,-0.852506,1.47999,1.05553,-1.68301])
2.8533487369643664
Max g: 4.885954044714369e-6
f_6([0.00220835,0.270721,-0.0837362,1.87282,-1.62078,0.747961,0.599556,1.42194,-0.668118,-1.13817,2.15981,-0.0216395,-0.692232,1.67301,-0.205571,-1.34802,0.375402,0.155627,0.774311,-1.22299,0.195264,0.739031,-0.677852,-0.0248398,0.391381,-0.444979,0.679711,0.373887,-0.418679,0.712121,0.542336,0.164222,-0.192975,0.740065,-0.419938,-0.127152,1.41868,-0.712126,-0.542339,-0.16421,-0.852504,1.47999,1.05555,-1.68303])
2.8533487369643664
Max g: 7.532348756777996e-6
f_7([0.00220836,0.270721,-0.0837362,1.87282,-1.62078,0.747961,0.599556,1.42194,-0.668119,-1.13817,2.15981,-0.0216378,-0.692232,1.67301,-0.205571,-1.34802,0.375402,0.155627,0.774311,-1.22298,0.195263,0.739031,-0.677852,-0.0248399,0.391381,-0.444979,0.679711,0.373887,-0.418679,0.712121,0.542337,0.164222,-0.192975,0.740065,-0.419939,-0.127151,1.41868,-0.712126,-0.54234,-0.164209,-0.852504,1.47999,1.05555,-1.68304])
2.8533487369643664
Max g: 7.74282062840359e-6
f_8([0.00220836,0.270721,-0.0837362,1.87282,-1.62078,0.747961,0.599556,1.42194,-0.668119,-1.13817,2.15981,-0.0216377,-0.692232,1.67301,-0.205571,-1.34802,0.375402,0.155627,0.774311,-1.22298,0.195263,0.739031,-0.677852,-0.0248399,0.391381,-0.444979,0.679711,0.373887,-0.418679,0.712121,0.542337,0.164221,-0.192975,0.740065,-0.419939,-0.127151,1.41868,-0.712126,-0.54234,-0.164209,-0.852504,1.47999,1.05555,-1.68304])
2.8533487369643664
Max g: 7.760786204333292e-6
f_9([0.00220802,0.270722,-0.0837355,1.87282,-1.62078,0.747961,0.599556,1.4219,-0.668087,-1.13816,2.15984,-0.0216802,-0.692231,1.67301,-0.205569,-1.34802,0.375402,0.155627,0.77431,-1.22303,0.195294,0.739032,-0.67785,-0.0248381,0.391382,-0.444979,0.679711,0.373886,-0.418679,0.712116,0.542324,0.164238,-0.192976,0.740072,-0.419928,-0.127169,1.41868,-0.712117,-0.542326,-0.164234,-0.852508,1.47998,1.05552,-1.683])
2.8533487369643664
Max g: 2.6365605960976257e-6
f_10([0.00220794,0.270722,-0.0837353,1.87282,-1.62078,0.747961,0.599556,1.42188,-0.668071,-1.13815,2.15986,-0.0217002,-0.692231,1.67301,-0.205569,-1.34802,0.375403,0.155627,0.77431,-1.22306,0.195309,0.739033,-0.67785,-0.0248373,0.391383,-0.444979,0.679711,0.373886,-0.418678,0.712113,0.542319,0.164246,-0.192976,0.740076,-0.419923,-0.127177,1.41868,-0.712113,-0.542319,-0.164246,-0.85251,1.47998,1.05551,-1.68298])
2.8533487369643664
{0.0022079375108222626,0.2707219314527398,-0.08373528024371611,1.872819971583933,-1.6207811043919143,0.7479611335722328,0.5995559247346688,1.4218756405872348,-0.6680713139852072,-1.1381548319462553,2.1598550055027728,-0.02170017460028198,-0.6922306047058157,1.6730061355640202,-0.20556940090325826,-1.3480187072486949,0.3754027181663886,0.15562747039481456,0.7743100006177769,-1.2230552985163456,0.19530865102142922,0.7390334824050628,-0.6778498538536749,-0.02483729338005976,0.39138255997383653,-0.44497884454620223,0.6797106118142751,0.3738856711380528,-0.4186781235374197,0.7121132089179548,0.5423186089268762,0.16424630526439504,-0.1929758586367759,0.7400759559168565,-0.4199227652638836,-0.12717733360801195,1.4186780160134165,-0.7121133694851456,-0.5423187127047346,-0.16424593703922613,-0.8525102674340245,1.4799798407873526,1.0555064193460337,-1.6829759974982916}]
Set[{A021,A031,A032,A041,A042,A043,A121,A131,A132,A141,A142,A143,B021,B031,B032,B041,B042,B043,B121,B131,B132,B141,B142,B143,\[Alpha]1,\[Alpha]2,\[Alpha]3,\[Alpha]4,\[Beta]11,\[Beta]12,\[Beta]13,\[Beta]14,\[Beta]21,\[Beta]22,\[Beta]23,\[Beta]24,\[Beta]31,\[Beta]32,\[Beta]33,\[Beta]34,\[Beta]41,\[Beta]42,\[Beta]43,\[Beta]44},{0.0022079375108222626,0.2707219314527398,-0.08373528024371611,1.872819971583933,-1.6207811043919143,0.7479611335722328,0.5995559247346688,1.4218756405872348,-0.6680713139852072,-1.1381548319462553,2.1598550055027728,-0.02170017460028198,-0.6922306047058157,1.6730061355640202,-0.20556940090325826,-1.3480187072486949,0.3754027181663886,0.15562747039481456,0.7743100006177769,-1.2230552985163456,0.19530865102142922,0.7390334824050628,-0.6778498538536749,-0.02483729338005976,0.39138255997383653,-0.44497884454620223,0.6797106118142751,0.3738856711380528,-0.4186781235374197,0.7121132089179548,0.5423186089268762,0.16424630526439504,-0.1929758586367759,0.7400759559168565,-0.4199227652638836,-0.12717733360801195,1.4186780160134165,-0.7121133694851456,-0.5423187127047346,-0.16424593703922613,-0.8525102674340245,1.4799798407873526,1.0555064193460337,-1.6829759974982916}]

Max g: 2.266553035396024e-7
f_11([0.00220795,0.270722,-0.0837353,1.87282,-1.62078,0.747961,0.599556,1.42187,-0.66807,-1.13815,2.15986,-0.0217019,-0.692231,1.67301,-0.205569,-1.34802,0.375403,0.155628,0.77431,-1.22306,0.19531,0.739034,-0.67785,-0.0248372,0.391383,-0.444979,0.679711,0.373886,-0.418678,0.712113,0.542318,0.164247,-0.192976,0.740076,-0.419922,-0.127178,1.41868,-0.712113,-0.542318,-0.164247,-0.85251,1.47998,1.05551,-1.68297])
2.8533487369643664
Max g: 1.8487973041381167e-8
f_12([0.00220794,0.270722,-0.0837353,1.87282,-1.62078,0.747961,0.599556,1.42187,-0.66807,-1.13815,2.15986,-0.021702,-0.692231,1.67301,-0.205569,-1.34802,0.375403,0.155628,0.77431,-1.22306,0.19531,0.739034,-0.67785,-0.0248372,0.391383,-0.444979,0.679711,0.373886,-0.418678,0.712113,0.542318,0.164247,-0.192976,0.740076,-0.419922,-0.127178,1.41868,-0.712113,-0.542318,-0.164247,-0.85251,1.47998,1.05551,-1.68297])
2.8533487369643664
Max g: 1.896653931132697e-9
{0.0022079430785892557,0.27072193160816166,-0.08373526878143459,1.8728199973933322,-1.6207811004003025,0.7479611030069703,0.599555921118738,1.421873613309876,-0.6680698411053756,-1.1381544603815947,2.1598564613141775,-0.02170200093258235,-0.6922305364260865,1.6730061053393768,-0.20556939224111676,-1.3480186965319196,0.3754026607194504,0.15562756197757624,0.7743099646443646,-1.2230574877433298,0.19531004665208745,0.7390335261939646,-0.6778497502362566,-0.024837185126073733,0.39138255293050817,-0.4449788483452838,0.6797106297995655,0.37388566561451764,-0.41867808117125965,0.712112969867231,0.5423180510407097,0.16424706026295094,-0.19297589226777595,0.7400762978838082,-0.4199222710873522,-0.12717813452787527,1.4186780807179737,-0.7121129704832357,-0.5423180514489366,-0.16424705878355492,-0.8525104232988664,1.479979604784389,1.0555050175702614,-1.6829741990503762}]
Set[{A021,A031,A032,A041,A042,A043,A121,A131,A132,A141,A142,A143,B021,B031,B032,B041,B042,B043,B121,B131,B132,B141,B142,B143,\[Alpha]1,\[Alpha]2,\[Alpha]3,\[Alpha]4,\[Beta]11,\[Beta]12,\[Beta]13,\[Beta]14,\[Beta]21,\[Beta]22,\[Beta]23,\[Beta]24,\[Beta]31,\[Beta]32,\[Beta]33,\[Beta]34,\[Beta]41,\[Beta]42,\[Beta]43,\[Beta]44},{0.0022079430785892557,0.27072193160816166,-0.08373526878143459,1.8728199973933322,-1.6207811004003025,0.7479611030069703,0.599555921118738,1.421873613309876,-0.6680698411053756,-1.1381544603815947,2.1598564613141775,-0.02170200093258235,-0.6922305364260865,1.6730061053393768,-0.20556939224111676,-1.3480186965319196,0.3754026607194504,0.15562756197757624,0.7743099646443646,-1.2230574877433298,0.19531004665208745,0.7390335261939646,-0.6778497502362566,-0.024837185126073733,0.39138255293050817,-0.4449788483452838,0.6797106297995655,0.37388566561451764,-0.41867808117125965,0.712112969867231,0.5423180510407097,0.16424706026295094,-0.19297589226777595,0.7400762978838082,-0.4199222710873522,-0.12717813452787527,1.4186780807179737,-0.7121129704832357,-0.5423180514489366,-0.16424705878355492,-0.8525104232988664,1.479979604784389,1.0555050175702614,-1.6829741990503762}]


-----------------Final Result------------------
Options: alg=LN_AUGLAG_EQ,dx=0.01,max_eval=100000000,popSize=0
imin=-1,jmin=-4,imax=1,jmax=4,
parameter_minmax=5,
randSeed=28997669,rand_minmax=1,
END_C=true, INEQ_C=true

1274457 steps

Completed with maxf : 2.8533487369643664

Constraints at 9.368110592822276e-10

x = [0.0022079430785892557,0.27072193160816166,-0.08373526878143459,1.8728199973933322,-1.6207811004003025,0.7479611030069703,0.599555921118738,1.421873613309876,-0.6680698411053756,-1.1381544603815947,2.1598564613141775,-0.02170200093258235,-0.6922305364260865,1.6730061053393768,-0.20556939224111676,-1.3480186965319196,0.3754026607194504,0.15562756197757624,0.7743099646443646,-1.2230574877433298,0.19531004665208745,0.7390335261939646,-0.6778497502362566,-0.024837185126073733,0.39138255293050817,-0.4449788483452838,0.6797106297995655,0.37388566561451764,-0.41867808117125965,0.712112969867231,0.5423180510407097,0.16424706026295094,-0.19297589226777595,0.7400762978838082,-0.4199222710873522,-0.12717813452787527,1.4186780807179737,-0.7121129704832357,-0.5423180514489366,-0.16424705878355492,-0.8525104232988664,1.479979604784389,1.0555050175702614,-1.6829741990503762]
c0 = [0.0,0.0022079430785892557,0.18698666282672707,0.9999999999999998]
c1 = [0.0,0.599555921118738,0.7538037722045003,1.0000000000000004]
A0 = [0.0,0.0022079430785892557,0.27072193160816166,1.8728199973933322,0.0,0.0,-0.08373526878143459,-1.6207811004003025,0.0,0.0,0.0,0.7479611030069703,0.0,0.0,0.0,0.0]
A1 = [0.0,0.599555921118738,1.421873613309876,-1.1381544603815947,0.0,0.0,-0.6680698411053756,2.1598564613141775,0.0,0.0,0.0,-0.02170200093258235,0.0,0.0,0.0,0.0]
B0 = [0.0,-0.6922305364260865,1.6730061053393768,-1.3480186965319196,0.0,0.0,-0.20556939224111676,0.3754026607194504,0.0,0.0,0.0,0.15562756197757624,0.0,0.0,0.0,0.0]
B1 = [0.0,0.7743099646443646,-1.2230574877433298,0.7390335261939646,0.0,0.0,0.19531004665208745,-0.6778497502362566,0.0,0.0,0.0,-0.024837185126073733,0.0,0.0,0.0,0.0]
α  = [0.39138255293050817,-0.4449788483452838,0.6797106297995655,0.37388566561451764]
β1 = [-0.41867808117125965,0.712112969867231,0.5423180510407097,0.16424706026295094]
β2 = [-0.19297589226777595,0.7400762978838082,-0.4199222710873522,-0.12717813452787527]
β3 = [1.4186780807179737,-0.7121129704832357,-0.5423180514489366,-0.16424705878355492]
β4 = [-0.8525104232988664,1.479979604784389,1.0555050175702614,-1.6829741990503762]


Set[{A021,A031,A032,A041,A042,A043,A121,A131,A132,A141,A142,A143,B021,B031,B032,B041,B042,B043,B121,B131,B132,B141,B142,B143,\[Alpha]1,\[Alpha]2,\[Alpha]3,\[Alpha]4,\[Beta]11,\[Beta]12,\[Beta]13,\[Beta]14,\[Beta]21,\[Beta]22,\[Beta]23,\[Beta]24,\[Beta]31,\[Beta]32,\[Beta]33,\[Beta]34,\[Beta]41,\[Beta]42,\[Beta]43,\[Beta]44},{0.0022079430785892557,0.27072193160816166,-0.08373526878143459,1.8728199973933322,-1.6207811004003025,0.7479611030069703,0.599555921118738,1.421873613309876,-0.6680698411053756,-1.1381544603815947,2.1598564613141775,-0.02170200093258235,-0.6922305364260865,1.6730061053393768,-0.20556939224111676,-1.3480186965319196,0.3754026607194504,0.15562756197757624,0.7743099646443646,-1.2230574877433298,0.19531004665208745,0.7390335261939646,-0.6778497502362566,-0.024837185126073733,0.39138255293050817,-0.4449788483452838,0.6797106297995655,0.37388566561451764,-0.41867808117125965,0.712112969867231,0.5423180510407097,0.16424706026295094,-0.19297589226777595,0.7400762978838082,-0.4199222710873522,-0.12717813452787527,1.4186780807179737,-0.7121129704832357,-0.5423180514489366,-0.16424705878355492,-0.8525104232988664,1.479979604784389,1.0555050175702614,-1.6829741990503762}]



