
-----------------Setup------------------
Options: alg=LN_AUGLAG_EQ,dx=0.01,max_eval=100000000,popSize=0
imin=-1,jmin=-4,imax=1,jmax=4,
parameter_minmax=5,
randSeed=61770617, rand_minmax=3,
END_C=true, INEQ_C=true

Initial Condition:

[-0.776198,-0.29725,-0.829428,0.201839,2.66807,1.09385,1.83379,1.49763,-2.8692,-0.794417,0.577812,-0.910572,-1.60588,-1.40106,0.985698,-1.94932,0.38738,-0.49194,1.52531,2.50382,-0.612251,-0.149557,1.79854,2.25436,0.710373,-2.68281,1.49045,1.30229,-1.96578,1.81914,-1.77302,-2.05476,0.0480636,-2.737,2.346,1.6305,0.557558,1.48877,0.251223,1.01716,-2.40558,-2.78571,-2.38708,2.89302]

f_1([0.102819,0.34087,-0.215431,-1.05064,1.11948,0.0565984,0.234063,2.11588,-1.80337,1.18993,-1.08025,0.307968,-0.280618,-1.3298,0.147945,-1.74889,1.30989,-0.291629,0.744682,3.70444,-1.47223,-1.41839,0.126964,0.311547,0.69868,-2.85219,0.687325,1.10801,-1.66157,4.51522,-1.00052,-2.70707,-0.113455,-2.06118,0.56172,0.545442,0.102547,-0.380814,1.48696,0.404697,0.207645,-0.402192,-2.02042,2.84333])
6.811386264681586
Max g: 8.586525282123048
f_2([0.0305822,0.324615,-0.293701,-1.04009,1.07203,0.000659763,0.170504,2.12063,-1.8188,1.04717,-1.02929,0.292189,-0.184095,-1.10733,0.309072,-1.72552,1.26738,-0.288676,0.736318,3.69148,-1.36002,1.00474,0.0595456,0.375166,0.809983,-2.91097,0.848477,1.08065,-1.58771,4.58764,-0.809915,-2.62088,0.320583,-2.13712,0.546833,0.608053,-0.0117486,-0.561235,1.35817,0.0598385,0.20147,-0.459467,-1.78161,2.67048])
9.643070539934534
Max g: 8.202353488111136
f_3([0.212866,0.406553,-0.0944634,-0.882724,1.17232,0.700968,1.0,2.65865,-1.65865,1.34974,-0.78045,0.430703,-0.210139,-0.90101,0.279884,0.662747,0.980078,-0.17882,1.46832,1.38322,-0.216015,1.35907,-0.363712,0.579185,1.08906,-1.16676,0.396358,0.660407,0.542667,3.72683,-0.839761,-2.44494,-0.271745,-1.8817,0.843479,1.31631,0.437197,-0.152852,-0.144919,-0.134612,0.222014,-0.522807,-2.03618,2.30146])
2.127887404426059
Max g: 0.6423277062851929
f_4([0.201774,0.572144,-0.308226,-0.92852,1.21934,0.697101,1.0,2.59694,-1.59694,1.59871,-1.28428,0.685567,-0.250324,-0.931169,0.244194,0.544707,1.03892,-0.116415,1.61442,1.49178,-0.187766,1.48496,-0.509136,0.732367,1.19343,-1.21382,0.384403,0.648161,0.64341,3.61991,-0.718492,-2.52018,-0.310948,-1.86211,0.972083,1.20241,0.444948,-0.24463,-0.282908,0.0932256,0.306237,-0.619795,-2.07924,2.40475])
2.1073161036266854
Max g: 0.6021895412204024
f_5([-0.0108927,0.575156,-0.488971,-0.995432,1.2176,0.755563,0.989483,2.17895,-1.34086,1.42938,-1.33886,0.809566,-0.319406,-0.919071,0.236644,0.700657,1.03548,-0.145989,1.68014,1.55801,-0.177668,1.58345,-0.430122,0.627499,1.19846,-1.19398,0.424529,0.572884,0.645407,3.5437,-0.68028,-2.50065,-0.283143,-1.85226,0.932276,1.20744,0.410307,-0.222956,-0.277851,0.0710171,0.496442,-0.559098,-2.12815,2.39251])
2.3256501512412964
Max g: 0.6104478276106275
f_6([0.164922,0.861827,-0.607778,-0.927596,1.16408,0.762941,1.0,2.2238,-1.2238,1.42133,-1.35777,0.936435,-0.305911,-0.626584,0.101053,0.696723,1.14338,-0.20879,1.77223,1.64807,-0.17711,1.68753,-0.398427,0.5433,1.03023,-1.12275,0.534817,0.553418,0.672252,3.55792,-0.458616,-2.76585,-0.284089,-1.84048,0.869087,1.25191,0.390746,-0.144108,-0.32322,0.0830163,0.268696,-0.404298,-2.30706,2.43125])
2.2272656691573345
Max g: 0.615688739783135
f_7([0.118543,0.955687,-0.775407,-0.930982,1.21156,0.717866,0.999999,2.33023,-1.33023,1.49902,-1.60446,1.10544,-0.329569,-0.63524,0.0560113,0.519985,1.24409,-0.126768,1.81509,1.68284,-0.160881,1.72247,-0.499062,0.659531,1.082,-1.05973,0.437509,0.54804,0.641713,3.57876,-0.45701,-2.77627,-0.310147,-1.78238,1.01767,1.07016,0.420717,-0.0866887,-0.375584,0.0778723,0.301563,-0.429998,-2.33951,2.46973])
2.150446270520059
Max g: 0.6156018055214401
f_8([0.00672931,0.910233,-0.903504,-0.880354,1.23814,0.628969,1.0,2.42096,-1.42096,1.14045,-1.14704,1.0066,-0.312134,-0.467669,-0.00979484,0.538352,1.23887,-0.0808924,1.80154,1.66414,-0.160407,1.70617,-0.485341,0.647384,1.11029,-1.01619,0.395332,0.521125,0.660753,3.56649,-0.452922,-2.76927,-0.310589,-1.77594,1.02139,1.06837,0.392783,-0.078893,-0.391242,0.0787568,0.303333,-0.473439,-2.32845,2.49821])
2.157303370786517
Max g: 0.6086222611742971
f_9([0.021126,0.862607,-0.841481,-1.02807,1.25686,0.741384,1.0,2.61046,-1.61046,1.29475,-1.4888,1.19405,-0.180795,-0.346769,0.0520411,0.636531,0.994047,0.00688424,1.79535,1.65546,-0.169485,1.69102,-0.47499,0.634912,1.23142,-1.17015,0.360707,0.558551,0.696185,3.52337,-0.409214,-2.78959,-0.330962,-1.72866,0.904299,1.12855,0.424876,-0.133291,-0.434804,0.156077,0.271932,-0.405756,-2.3193,2.43464])
1.9582487065297731
Max g: 0.5879819550003947
f_10([0.0891099,0.894924,-0.805814,-1.10879,1.1484,0.886136,0.974954,2.80021,-1.82525,1.15064,-1.56093,1.38524,0.0807666,-0.597137,0.865791,0.563576,1.13223,-0.00953,1.83164,1.66121,-0.153766,1.70359,-0.633058,0.843812,1.23833,-1.12707,0.325834,0.51965,0.690865,3.5334,-0.476637,-2.69821,-0.245933,-1.65268,0.998574,0.975096,0.424376,-0.219064,-0.445272,0.254673,0.378983,-0.388764,-2.39276,2.42526])
1.6571325643940098
{0.08910993035108049,0.89492403639766,-0.8058141060465805,-1.1087928803888771,1.1484002219761085,0.8861359120451296,0.9749536087719491,2.8002069053887606,-1.825253296616809,1.1506438876717036,-1.5609326966554873,1.385242417755728,0.08076658744248538,-0.5971365999044226,0.8657907412159168,0.5635758851443661,1.1322267527908332,-0.009530004183546886,1.8316427158961195,1.6612144621575866,-0.15376640106500228,1.7035883509946734,-0.6330580921274417,0.8438123223154774,1.2383252113832919,-1.1270693227693327,0.3258343620857899,0.5196497303477073,0.6908652867168943,3.533401978515197,-0.4766365378717112,-2.6982103683667447,-0.24593261442166817,-1.6526807788071738,0.9985741083221996,0.9750959691121283,0.42437624367941307,-0.21906409258259485,-0.4452722412934654,0.25467324333376984,0.3789832188061854,-0.3887641781840338,-2.3927611811852283,2.4252552501539646}]
Set[{A021,A031,A032,A041,A042,A043,A121,A131,A132,A141,A142,A143,B021,B031,B032,B041,B042,B043,B121,B131,B132,B141,B142,B143,\[Alpha]1,\[Alpha]2,\[Alpha]3,\[Alpha]4,\[Beta]11,\[Beta]12,\[Beta]13,\[Beta]14,\[Beta]21,\[Beta]22,\[Beta]23,\[Beta]24,\[Beta]31,\[Beta]32,\[Beta]33,\[Beta]34,\[Beta]41,\[Beta]42,\[Beta]43,\[Beta]44},{0.08910993035108049,0.89492403639766,-0.8058141060465805,-1.1087928803888771,1.1484002219761085,0.8861359120451296,0.9749536087719491,2.8002069053887606,-1.825253296616809,1.1506438876717036,-1.5609326966554873,1.385242417755728,0.08076658744248538,-0.5971365999044226,0.8657907412159168,0.5635758851443661,1.1322267527908332,-0.009530004183546886,1.8316427158961195,1.6612144621575866,-0.15376640106500228,1.7035883509946734,-0.6330580921274417,0.8438123223154774,1.2383252113832919,-1.1270693227693327,0.3258343620857899,0.5196497303477073,0.6908652867168943,3.533401978515197,-0.4766365378717112,-2.6982103683667447,-0.24593261442166817,-1.6526807788071738,0.9985741083221996,0.9750959691121283,0.42437624367941307,-0.21906409258259485,-0.4452722412934654,0.25467324333376984,0.3789832188061854,-0.3887641781840338,-2.3927611811852283,2.4252552501539646}]

Max g: 0.600597491495122
f_11([0.10638,1.00572,-0.899337,-1.0742,1.21361,0.823669,0.999999,3.24245,-2.24245,1.47902,-1.49495,1.01592,0.072697,-0.913331,1.09911,0.495231,1.00637,-0.00359422,1.76322,1.65137,-0.136094,1.68766,-0.529982,0.699684,1.34759,-1.1708,0.148549,0.675359,0.637542,3.64043,-0.723724,-2.54764,-0.328981,-1.70667,1.27623,0.764834,0.402229,-0.250919,-0.401952,0.246156,0.310937,-0.351595,-2.46367,2.51186])
1.638350072359799
Max g: 0.5932841116510288
f_12([0.0251249,0.574598,-0.549473,-1.24822,1.52894,0.67862,1.0,3.64947,-2.64947,1.57432,-1.91034,1.33601,0.0812909,-0.904984,1.12208,0.575276,1.04034,-0.0725274,1.84811,1.75933,-0.117996,1.812,-0.461654,0.606954,1.3102,-1.21982,0.259254,0.635332,0.601754,3.61105,-0.923118,-2.33789,-0.314461,-1.71961,1.37232,0.641711,0.360744,-0.141162,-0.44389,0.21129,0.250446,-0.216824,-2.56691,2.5037])
1.5106490021801107
Max g: 0.6262382476047657
f_13([0.0333497,0.452054,-0.418704,-1.39034,1.66442,0.708458,1.0,4.11666,-3.11666,1.55961,-2.03321,1.4736,0.187571,-1.11295,1.61645,0.54127,1.12736,-0.0660133,1.91053,1.80845,-0.103719,1.87919,-0.488066,0.636354,1.10627,-1.21548,0.580311,0.550058,0.672098,3.70973,-1.02694,-2.35239,-0.311331,-1.80165,1.60709,0.522602,0.351525,-0.195559,-0.411761,0.250839,0.33757,-0.2251,-2.58288,2.50049])
1.331171856075428
Max g: 0.6435182971713138
f_14([0.0311452,0.319165,-0.259267,-1.18452,1.7948,0.362036,1.0,4.38152,-3.38152,1.66354,-2.21604,1.5525,0.19224,-1.0919,1.69406,0.54703,1.02405,0.0034902,1.89859,1.8088,-0.0942891,1.87595,-0.434257,0.581953,1.0692,-1.23761,0.643341,0.530598,0.698459,3.74988,-1.26164,-2.17599,-0.326331,-2.01827,1.78015,0.560375,0.364722,-0.305364,-0.385719,0.330994,0.268249,-0.210741,-2.59805,2.52598])
1.2619052055577293
Max g: 0.6399115179573668
f_15([5.28203e-5,0.169058,-0.130687,-1.11221,1.90251,0.171079,1.0,4.70171,-3.70171,1.75538,-2.295,1.53963,0.162689,-1.13871,1.7494,0.664063,0.949915,0.00826452,1.94272,1.86238,-0.0871769,1.94037,-0.440537,0.584734,1.15723,-1.28062,0.630529,0.496569,0.682567,3.91411,-1.49436,-2.10888,-0.285336,-1.84686,1.74023,0.401742,0.274957,-0.265752,-0.409053,0.327902,0.324235,-0.160446,-2.65622,2.51647])
1.2098309948385413
Max g: 0.6530970940510399
f_16([0.0828089,0.433484,-0.208671,-1.03867,2.11603,-0.0895535,1.0,4.82133,-3.82133,1.9391,-2.45418,1.51508,0.149077,-1.3262,1.90191,0.574872,1.10908,-0.00173975,1.88406,1.80353,-0.0933149,1.88912,-0.299606,0.437015,1.12929,-1.26709,0.678127,0.463252,0.676821,3.86651,-1.44278,-2.09775,-0.272034,-1.89959,1.71089,0.48705,0.353694,-0.243699,-0.376927,0.264643,0.334626,-0.115117,-2.65626,2.46603])
1.1911478810690617
Max g: 0.6440174716666708
f_17([0.0814304,0.44202,-0.322234,-1.01986,2.16433,-0.144535,1.0,4.80043,-3.80043,2.0201,-2.48676,1.46666,0.0116583,-1.4984,1.5579,0.731932,0.961393,0.00911837,1.90984,1.82838,-0.0996593,1.91844,-0.221702,0.35234,1.11585,-1.22802,0.595655,0.528355,0.686396,3.93211,-1.47182,-2.1533,-0.312003,-1.86003,1.61244,0.534473,0.330628,-0.275352,-0.378583,0.300134,0.267994,-0.0882804,-2.54357,2.35128])
1.2766131887379581
Max g: 0.6461992397945902
f_18([0.0139514,0.324064,-0.291723,-1.08481,2.1374,-0.092265,1.0,4.89374,-3.89374,1.84985,-2.40192,1.55206,0.0111069,-1.3065,1.35763,0.970211,0.788507,-0.0541787,1.93092,1.84681,-0.0966942,1.9528,-0.114109,0.228477,1.11369,-1.16857,0.524187,0.528656,0.664304,3.94453,-1.40345,-2.22527,-0.323139,-1.91282,1.715,0.501344,0.359458,-0.183276,-0.389259,0.230165,0.26027,-0.0702177,-2.57998,2.36802])
1.2485885180837386
Max g: 0.6576299971245335
f_19([0.0677197,0.325537,-0.257817,-1.12745,2.16476,-0.0418081,1.0,4.99933,-3.99933,1.69035,-2.35431,1.66397,-0.0281495,-1.40915,1.3189,1.09248,0.757844,-0.190949,1.97005,1.88457,-0.0839634,1.99853,0.0179775,0.0955054,1.10914,-1.34033,0.687403,0.55754,0.787897,3.745,-1.53945,-1.93525,-0.283931,-2.07311,1.9038,0.475094,0.354434,-0.127975,-0.418242,0.214063,0.280465,0.00937613,-2.60906,2.32669])
1.2092347252501536
Max g: 0.6678453052877584
f_20([0.184038,0.393909,-0.209871,-1.14365,2.25361,-0.117275,1.0,4.99985,-3.99985,1.54016,-2.39229,1.85214,0.0409661,-1.22543,1.36446,1.10276,0.652045,-0.219791,1.97174,1.88887,-0.0736299,2.01196,0.122703,-0.0256635,1.01597,-1.36532,0.711594,0.63012,0.754078,3.73666,-1.53084,-1.92716,-0.354888,-2.09475,2.08103,0.343658,0.294201,-0.116012,-0.386394,0.185804,0.289241,0.258067,-2.96623,2.41401])
1.1238687958459885
{0.1840379165883327,0.393909098829206,-0.20987118224279228,-1.14365059142617,2.2536119182973313,-0.11727476667836405,0.9999999999984026,4.999847660369684,-3.9998476603676183,1.5401550821283552,-2.3922906250928992,1.8521355429635706,0.04096605422520821,-1.225431483188673,1.3644591530168633,1.1027605796924895,0.6520451216143969,-0.2197914125429087,1.9717410705472995,1.8888712931881553,-0.07362992341138448,2.0119572144924014,0.1227026111151865,-0.025663527576857813,1.0159667747764864,-1.3653172498229007,0.7115942753014869,0.6301201812841346,0.7540779083182713,3.7366588619342456,-1.5308437943779725,-1.9271558695290385,-0.3548880827662113,-2.0947450609834775,2.0810283663936353,0.34365794674302286,0.2942011346183228,-0.11601181650585986,-0.38639415707389774,0.18580392169422955,0.2892413357721411,0.25806669519925873,-2.9662330756904294,2.414005950256925}]
Set[{A021,A031,A032,A041,A042,A043,A121,A131,A132,A141,A142,A143,B021,B031,B032,B041,B042,B043,B121,B131,B132,B141,B142,B143,\[Alpha]1,\[Alpha]2,\[Alpha]3,\[Alpha]4,\[Beta]11,\[Beta]12,\[Beta]13,\[Beta]14,\[Beta]21,\[Beta]22,\[Beta]23,\[Beta]24,\[Beta]31,\[Beta]32,\[Beta]33,\[Beta]34,\[Beta]41,\[Beta]42,\[Beta]43,\[Beta]44},{0.1840379165883327,0.393909098829206,-0.20987118224279228,-1.14365059142617,2.2536119182973313,-0.11727476667836405,0.9999999999984026,4.999847660369684,-3.9998476603676183,1.5401550821283552,-2.3922906250928992,1.8521355429635706,0.04096605422520821,-1.225431483188673,1.3644591530168633,1.1027605796924895,0.6520451216143969,-0.2197914125429087,1.9717410705472995,1.8888712931881553,-0.07362992341138448,2.0119572144924014,0.1227026111151865,-0.025663527576857813,1.0159667747764864,-1.3653172498229007,0.7115942753014869,0.6301201812841346,0.7540779083182713,3.7366588619342456,-1.5308437943779725,-1.9271558695290385,-0.3548880827662113,-2.0947450609834775,2.0810283663936353,0.34365794674302286,0.2942011346183228,-0.11601181650585986,-0.38639415707389774,0.18580392169422955,0.2892413357721411,0.25806669519925873,-2.9662330756904294,2.414005950256925}]

Max g: 0.6833979481136778
f_21([0.121912,0.339028,-0.171636,-1.15709,2.30295,-0.148252,1.0,4.99993,-3.99993,1.39062,-2.41004,2.01941,0.0777814,-1.22875,1.47949,1.19576,0.71743,-0.238672,1.97165,1.89083,-0.0729326,2.01127,0.0847716,0.0183661,0.947657,-1.29821,0.83301,0.521721,0.734657,3.72526,-1.53942,-1.89824,-0.336455,-2.10468,2.10648,0.326319,0.304619,-0.0697187,-0.404836,0.158437,0.293212,0.206533,-2.9048,2.40722])
1.1093595691952223
Max g: 0.683882458752954
f_22([0.14183,0.313538,-0.149991,-1.15802,2.28618,-0.134602,1.0,4.95285,-3.95285,1.23441,-2.33467,2.10026,0.124511,-1.25345,1.61783,1.01198,0.874271,-0.317974,1.92718,1.85064,-0.0727526,1.96876,0.0992641,0.00053987,0.996219,-1.43514,0.86098,0.568149,0.709113,3.73703,-1.52504,-1.90671,-0.349295,-2.10237,2.11674,0.318009,0.329595,-0.128369,-0.354384,0.161876,0.320315,0.331696,-3.09145,2.4545])
1.0808380072173465
Max g: 0.6791237226806985
f_23([0.088669,0.296939,-0.182805,-1.14206,2.33891,-0.256747,1.0,4.88696,-3.88696,0.954835,-2.06976,2.11493,0.173251,-1.21656,1.70238,0.970266,0.867284,-0.335417,1.94608,1.87751,-0.0685188,1.97925,-0.0323625,0.135799,1.14653,-1.49346,0.743898,0.603534,0.691372,3.8368,-1.55184,-1.97235,-0.338594,-2.06728,2.18415,0.212439,0.344592,-0.041744,-0.451391,0.16871,0.27456,0.485315,-3.27439,2.49945])
1.0493350972975322
Max g: 0.6755754039215478
f_24([0.205901,0.385063,-0.0941688,-1.05037,2.32915,-0.278781,1.0,4.9786,-3.9786,1.06823,-1.92266,1.85443,0.155415,-1.14617,1.62584,0.947084,1.03426,-0.439526,1.93205,1.86596,-0.0705291,1.96369,-0.0475691,0.152604,1.09565,-1.506,0.85158,0.55746,0.666194,3.82811,-1.54101,-1.96827,-0.312966,-2.13664,2.1455,0.305672,0.322631,-0.0422894,-0.416394,0.13938,0.280821,0.489363,-3.29383,2.51264])
1.0548009018577524
Max g: 0.6806968160637312
f_25([0.157849,0.191775,0.0503232,-0.962079,2.38168,-0.422158,1.0,4.9999,-3.9999,1.72556,-2.2079,1.48233,0.0650218,-1.18368,1.48227,0.878954,1.01781,-0.305852,1.89267,1.83019,-0.0685875,1.94152,0.164293,-0.0701405,1.21095,-1.45821,0.673979,0.569347,0.693028,3.87182,-1.66212,-1.88741,-0.320078,-1.98293,2.10307,0.199627,0.362353,-0.183892,-0.462301,0.292,0.281543,0.431684,-3.27337,2.55022])
1.1122415388724294
Max g: 0.6458069941324587
f_26([0.129046,0.313495,-0.0598219,-0.953758,2.54381,-0.621067,1.0,4.88772,-3.88772,1.87803,-2.29273,1.4147,0.0717525,-1.1251,1.46695,0.989538,1.02895,-0.480322,1.9309,1.8666,-0.0649555,1.98248,0.106107,-0.0116796,1.2636,-1.47844,0.575557,0.604384,0.671292,3.78038,-1.57998,-1.87211,-0.34023,-1.95183,2.16551,0.113603,0.347866,-0.0917421,-0.557876,0.29547,0.307858,0.496958,-3.34257,2.5416])
1.1239681741107197
Max g: 0.6458517200945822
f_27([0.19888,0.42058,0.0619232,-0.745973,2.42959,-0.702653,1.0,4.79311,-3.79311,2.05735,-2.05171,0.994355,0.0690312,-1.06866,1.4961,0.999318,1.09781,-0.446882,1.91498,1.84885,-0.0660946,1.96281,0.153505,-0.0566519,1.37842,-1.53869,0.649864,0.507966,0.709609,3.72308,-1.59857,-1.81028,-0.339062,-1.98012,2.16376,0.147639,0.306199,-0.143557,-0.369033,0.189206,0.305898,0.522587,-3.31767,2.49611])
1.1516947099707455
Max g: 0.6766153337219367
f_28([0.171991,0.24834,0.0915829,-0.794447,2.4422,-0.647753,1.0,4.82814,-3.82814,2.3322,-1.99562,0.663418,0.0391051,-1.07395,1.42363,1.06306,1.1028,-0.569397,1.88455,1.82953,-0.0640215,1.94203,0.103316,0.00261539,1.38698,-1.59774,0.642999,0.552067,0.593687,3.66016,-1.61112,-1.69128,-0.3111,-2.03029,2.19405,0.149043,0.308772,-0.206153,-0.293966,0.178536,0.352532,0.511103,-3.36367,2.53518])
1.1828001068316345
Max g: 0.6784173248364807
f_29([0.0337057,0.139346,-0.0219164,-0.611054,2.17698,-0.592679,1.0,4.86089,-3.86089,2.32263,-1.81155,0.488923,0.0301298,-1.40651,1.76221,1.0387,1.14529,-0.523017,1.8525,1.78426,-0.0656862,1.89165,0.11627,-0.00944433,1.36566,-1.5244,0.663546,0.506119,0.708151,3.68178,-1.60261,-1.75629,-0.372944,-2.09195,2.25376,0.191106,0.326799,-0.15515,-0.352723,0.170677,0.317486,0.514017,-3.32737,2.50778])
1.150800305588164
Max g: 0.6628045786103727
{0.10524672397820695,0.3142684992023549,-0.18391953032431108,-1.1547148649092944,2.301257891445556,-0.1489445327262272,1.0,4.999735086472286,-3.999735086472286,1.376842204300843,-2.414788228346671,2.037946024045828,0.07568524639407488,-1.2455946451118616,1.487334269702754,1.218959960287977,0.7414000957230873,-0.29736753362210633,1.966616863596405,1.8875106344092774,-0.07281618793519484,2.007187531725539,0.08245869079462205,0.02060862725193072,0.9267720188735679,-1.3199870107663878,0.8687688840486626,0.5283075525267688,0.7196185648590222,3.7183784601385526,-1.530906281382269,-1.893794214242311,-0.3302843280002753,-2.0989123208306038,2.1023924604714925,0.32203033655535296,0.3143639053355643,-0.05399618111525723,-0.42318959106728005,0.15771649556570563,0.289575508249573,0.21505545672636509,-2.921158232271897,2.4147189738891335}]
Set[{A021,A031,A032,A041,A042,A043,A121,A131,A132,A141,A142,A143,B021,B031,B032,B041,B042,B043,B121,B131,B132,B141,B142,B143,\[Alpha]1,\[Alpha]2,\[Alpha]3,\[Alpha]4,\[Beta]11,\[Beta]12,\[Beta]13,\[Beta]14,\[Beta]21,\[Beta]22,\[Beta]23,\[Beta]24,\[Beta]31,\[Beta]32,\[Beta]33,\[Beta]34,\[Beta]41,\[Beta]42,\[Beta]43,\[Beta]44},{0.10524672397820695,0.3142684992023549,-0.18391953032431108,-1.1547148649092944,2.301257891445556,-0.1489445327262272,1.0,4.999735086472286,-3.999735086472286,1.376842204300843,-2.414788228346671,2.037946024045828,0.07568524639407488,-1.2455946451118616,1.487334269702754,1.218959960287977,0.7414000957230873,-0.29736753362210633,1.966616863596405,1.8875106344092774,-0.07281618793519484,2.007187531725539,0.08245869079462205,0.02060862725193072,0.9267720188735679,-1.3199870107663878,0.8687688840486626,0.5283075525267688,0.7196185648590222,3.7183784601385526,-1.530906281382269,-1.893794214242311,-0.3302843280002753,-2.0989123208306038,2.1023924604714925,0.32203033655535296,0.3143639053355643,-0.05399618111525723,-0.42318959106728005,0.15771649556570563,0.289575508249573,0.21505545672636509,-2.921158232271897,2.4147189738891335}]


-----------------Final Result------------------
Options: alg=LN_AUGLAG_EQ,dx=0.01,max_eval=100000000,popSize=0
imin=-1,jmin=-4,imax=1,jmax=4,
parameter_minmax=5,
randSeed=61770617,rand_minmax=3,
END_C=true, INEQ_C=true

2927614 steps

Completed with maxf : 1.1132353215197421

Constraints at 0.6805307233831686

x = [0.10524672397820695,0.3142684992023549,-0.18391953032431108,-1.1547148649092944,2.301257891445556,-0.1489445327262272,1.0,4.999735086472286,-3.999735086472286,1.376842204300843,-2.414788228346671,2.037946024045828,0.07568524639407488,-1.2455946451118616,1.487334269702754,1.218959960287977,0.7414000957230873,-0.29736753362210633,1.966616863596405,1.8875106344092774,-0.07281618793519484,2.007187531725539,0.08245869079462205,0.02060862725193072,0.9267720188735679,-1.3199870107663878,0.8687688840486626,0.5283075525267688,0.7196185648590222,3.7183784601385526,-1.530906281382269,-1.893794214242311,-0.3302843280002753,-2.0989123208306038,2.1023924604714925,0.32203033655535296,0.3143639053355643,-0.05399618111525723,-0.42318959106728005,0.15771649556570563,0.289575508249573,0.21505545672636509,-2.921158232271897,2.4147189738891335]
c0 = [0.0,0.10524672397820695,0.1303489688780438,0.9975984938100346]
c1 = [0.0,1.0,0.9999999999999996,1.0]
A0 = [0.0,0.10524672397820695,0.3142684992023549,-1.1547148649092944,0.0,0.0,-0.18391953032431108,2.301257891445556,0.0,0.0,0.0,-0.1489445327262272,0.0,0.0,0.0,0.0]
A1 = [0.0,1.0,4.999735086472286,1.376842204300843,0.0,0.0,-3.999735086472286,-2.414788228346671,0.0,0.0,0.0,2.037946024045828,0.0,0.0,0.0,0.0]
B0 = [0.0,0.07568524639407488,-1.2455946451118616,1.218959960287977,0.0,0.0,1.487334269702754,0.7414000957230873,0.0,0.0,0.0,-0.29736753362210633,0.0,0.0,0.0,0.0]
B1 = [0.0,1.966616863596405,1.8875106344092774,2.007187531725539,0.0,0.0,-0.07281618793519484,0.08245869079462205,0.0,0.0,0.0,0.02060862725193072,0.0,0.0,0.0,0.0]
α  = [0.9267720188735679,-1.3199870107663878,0.8687688840486626,0.5283075525267688]
β1 = [0.7196185648590222,3.7183784601385526,-1.530906281382269,-1.893794214242311]
β2 = [-0.3302843280002753,-2.0989123208306038,2.1023924604714925,0.32203033655535296]
β3 = [0.3143639053355643,-0.05399618111525723,-0.42318959106728005,0.15771649556570563]
β4 = [0.289575508249573,0.21505545672636509,-2.921158232271897,2.4147189738891335]


Set[{A021,A031,A032,A041,A042,A043,A121,A131,A132,A141,A142,A143,B021,B031,B032,B041,B042,B043,B121,B131,B132,B141,B142,B143,\[Alpha]1,\[Alpha]2,\[Alpha]3,\[Alpha]4,\[Beta]11,\[Beta]12,\[Beta]13,\[Beta]14,\[Beta]21,\[Beta]22,\[Beta]23,\[Beta]24,\[Beta]31,\[Beta]32,\[Beta]33,\[Beta]34,\[Beta]41,\[Beta]42,\[Beta]43,\[Beta]44},{0.10524672397820695,0.3142684992023549,-0.18391953032431108,-1.1547148649092944,2.301257891445556,-0.1489445327262272,1.0,4.999735086472286,-3.999735086472286,1.376842204300843,-2.414788228346671,2.037946024045828,0.07568524639407488,-1.2455946451118616,1.487334269702754,1.218959960287977,0.7414000957230873,-0.29736753362210633,1.966616863596405,1.8875106344092774,-0.07281618793519484,2.007187531725539,0.08245869079462205,0.02060862725193072,0.9267720188735679,-1.3199870107663878,0.8687688840486626,0.5283075525267688,0.7196185648590222,3.7183784601385526,-1.530906281382269,-1.893794214242311,-0.3302843280002753,-2.0989123208306038,2.1023924604714925,0.32203033655535296,0.3143639053355643,-0.05399618111525723,-0.42318959106728005,0.15771649556570563,0.289575508249573,0.21505545672636509,-2.921158232271897,2.4147189738891335}]



