
-----------------Setup------------------
Options: alg=LN_AUGLAG_EQ,dx=0.01,max_eval=100000000,popSize=0
imin=-6,jmin=-3,imax=1,jmax=3,
parameter_minmax=5,
randSeed=6637653, rand_minmax=2

Initial Condition:

[1.8803,-0.19011,-1.58766,-0.552653,-0.0848793,0.606239,0.745421,-1.39179,0.937112,0.505393,-0.400253,-1.08611,-0.969263,-0.526929,-0.103859,-1.60619,-0.739281,0.767621,-0.705337,-0.808998,1.41378,-0.409758,-0.0911541,-0.962105,-0.720765,0.552719,-1.30151,0.955398,-0.178992,1.48899,0.0943407,-1.3767,1.45539,-0.5356,-1.15742,-0.380484,-0.121779,-1.17173,-0.47244,-1.13538,0.0166939,0.589007,1.25008,1.91661]

f_1([5.48558e-5,1.62919,-1.15943,0.44276,-0.491352,0.0510539,6.14497e-5,0.208717,-0.128456,0.828474,0.0386743,0.132785,0.272447,1.95242,-0.730606,2.08422,-1.66328,-0.406706,0.300885,-1.54774,0.76842,1.07675,-1.12249,-1.74515,-1.46424,-1.28707,1.06822,2.69106,1.03286,0.535844,-1.14572,0.551491,3.83685,-1.40724,-2.989,0.56392,-1.02187,0.0978945,1.5927,-0.646572,-1.55376,1.7136,-0.82845,0.701033])
16.76367252866715
Max g: 0.6345996223335965
f_2([-1.63985e-5,1.64799,-1.15462,0.475567,-0.527754,0.0522647,-2.2644e-5,0.143178,-0.120917,0.819004,-0.0315951,0.211944,0.245526,1.97991,-0.744824,2.07251,-1.42283,-0.636967,0.837493,-1.4302,0.672237,1.28068,-0.54415,-2.26383,-1.42917,-1.24035,1.03182,2.63429,2.77018,-0.28847,-2.63951,1.15537,0.281615,0.478749,-0.820837,0.0873726,-1.96208,0.318527,2.87316,-1.22897,-3.56368,1.62308,2.07452,-0.125928])
11.311860166484294
Max g: 0.09586717680182866
f_3([0.000966683,1.62231,-1.17103,0.484294,-0.532407,0.0605479,0.121818,0.0856191,-0.0811699,0.776111,0.0103503,0.093006,0.186228,2.00109,-0.787321,2.05733,-1.34285,-0.729402,0.752832,-1.64219,0.802804,1.26702,-0.68019,-2.18441,-1.38266,-1.23858,1.04635,2.5755,2.82587,-0.390032,-2.64134,1.20656,-0.685835,0.870418,-0.0209728,-0.157074,-1.8011,0.36735,2.65414,-1.21238,-3.9394,1.94086,2.2742,-0.277775])
12.072005525740504
Max g: 0.07764489287895615
f_4([0.00270956,1.60636,-1.19735,0.484496,-0.523415,0.0689688,0.209766,0.0776571,-0.0776571,0.825888,0.0639437,0.00511247,0.0997329,1.99644,-0.793364,2.05207,-1.3325,-0.769284,0.712887,-1.89301,0.917252,1.22143,-0.924018,-2.01739,-1.39226,-1.23815,1.04088,2.58916,2.74459,-0.470743,-2.49867,1.22638,-1.21464,1.14241,0.380409,-0.302378,-1.74765,0.473304,2.49751,-1.22571,-4.14802,2.17488,2.46775,-0.49144])
11.63206828372114
Max g: 0.04824577539910535
f_5([-6.33345e-9,1.59733,-1.20745,0.486579,-0.515171,0.0657318,0.259225,0.0808362,-0.0808351,0.84211,0.0936724,-0.0133688,0.0804643,1.99542,-0.792338,2.0444,-1.32532,-0.776106,0.704126,-2.05863,1.00516,1.18861,-1.00722,-1.9729,-1.38965,-1.23552,1.03621,2.58918,2.68454,-0.498338,-2.40809,1.22379,-1.46109,1.27203,0.578549,-0.384499,-1.68593,0.500763,2.40572,-1.22264,-4.23767,2.27345,2.58928,-0.623351])
11.773829162522757
Max g: 0.03868129210916571
f_6([-3.58803e-8,1.5916,-1.21165,0.488065,-0.513971,0.067109,0.303878,0.0755418,-0.0755442,0.862618,0.114056,-0.0250736,0.078379,1.99606,-0.792634,2.04456,-1.3255,-0.776745,0.69963,-2.19908,1.07846,1.15975,-1.07544,-1.93878,-1.38775,-1.23216,1.03512,2.58484,2.62273,-0.512212,-2.32283,1.21402,-1.66668,1.3826,0.749871,-0.46198,-1.62123,0.512914,2.31812,-1.21192,-4.30877,2.35144,2.69695,-0.738294])
11.54992273932414
Max g: 0.029661167809941658
f_7([-7.708e-20,1.58655,-1.21085,0.488732,-0.513226,0.0679637,0.343054,0.0651026,-0.0651026,0.881565,0.130092,-0.0302163,0.0789852,1.99551,-0.790302,2.04464,-1.32477,-0.776746,0.69758,-2.31485,1.13807,1.13363,-1.12877,-1.91311,-1.3846,-1.22934,1.03246,2.58153,2.56384,-0.516358,-2.24572,1.19964,-1.83514,1.47493,0.893912,-0.531162,-1.56106,0.515908,2.24028,-1.1971,-4.35972,2.41017,2.78272,-0.831829])
11.31146140170567
Max g: 0.02609880526620212
f_8([-5.08681e-6,1.58228,-1.21521,0.489283,-0.511691,0.0694654,0.374567,0.0503689,-0.0503755,0.898434,0.136406,-0.0348411,0.082203,1.99686,-0.790256,2.04135,-1.32107,-0.775724,0.695087,-2.41369,1.18974,1.11195,-1.17316,-1.88748,-1.38336,-1.22662,1.03086,2.57932,2.50299,-0.511353,-2.18042,1.19025,-1.97505,1.55489,1.01665,-0.594784,-1.5007,0.510817,2.1748,-1.18753,-4.39956,2.45922,2.85326,-0.912585])
11.190735364976584
Max g: 0.02344316984394057
f_9([8.53939e-6,1.58377,-1.21893,0.489516,-0.510713,0.0695835,0.398997,0.0358401,-0.0358401,0.903059,0.128762,-0.031821,0.0930514,1.99958,-0.790546,2.04049,-1.31649,-0.774817,0.688463,-2.51849,1.25198,1.09717,-1.20855,-1.86107,-1.38326,-1.22299,1.02938,2.57676,2.43132,-0.496321,-2.13182,1.19732,-2.09252,1.62686,1.12537,-0.658769,-1.42889,0.494763,2.12915,-1.19603,-4.43772,2.51311,2.92181,-0.99723])
11.173688170690314
Max g: 0.013262443222564091
f_10([2.73165e-7,1.58594,-1.21967,0.490959,-0.512227,0.0687186,0.418075,0.0296113,-0.0296128,0.903571,0.123092,-0.0266631,0.102316,2.00006,-0.791231,2.0407,-1.31669,-0.771135,0.683248,-2.59681,1.29607,1.08457,-1.24307,-1.83342,-1.38229,-1.22511,1.03137,2.57601,2.37343,-0.482588,-2.09143,1.20116,-2.17745,1.68296,1.20453,-0.709515,-1.37141,0.481475,2.08982,-1.20038,-4.46055,2.55289,2.97168,-1.06379])
11.119256778407836
{2.7316510977373844e-7,1.5859375995303042,-1.2196700188964138,0.4909590385879795,-0.5122273165079487,0.06871860954393806,0.41807529940262117,0.02961134422217389,-0.029612800888762725,0.9035707900418473,0.1230924761111617,-0.02666307239293795,0.10231570667745338,2.0000564499703195,-0.7912307796594692,2.0407034145373695,-1.3166903638679583,-0.7711348827077961,0.6832475486400673,-2.596812496318257,1.2960692302201342,1.0845656805988224,-1.2430673092600832,-1.8334193905134613,-1.3822899360674266,-1.2251149644769372,1.0313690887826885,2.57600529356776,2.3734256294569738,-0.48258828022927464,-2.091434616934281,1.2011566529039868,-2.1774481768632348,1.6829603254068983,1.2045256235108848,-0.70951484156757,-1.3714106867922522,0.481474709933862,2.0898245258287687,-1.2003779088812259,-4.460548324110813,2.5528905076460435,2.9716790058514673,-1.0637884633879748}]
Set[{A021,A031,A032,A041,A042,A043,A121,A131,A132,A141,A142,A143,B021,B031,B032,B041,B042,B043,B121,B131,B132,B141,B142,B143,\[Alpha]1,\[Alpha]2,\[Alpha]3,\[Alpha]4,\[Beta]11,\[Beta]12,\[Beta]13,\[Beta]14,\[Beta]21,\[Beta]22,\[Beta]23,\[Beta]24,\[Beta]31,\[Beta]32,\[Beta]33,\[Beta]34,\[Beta]41,\[Beta]42,\[Beta]43,\[Beta]44},{2.7316510977373844e-7,1.5859375995303042,-1.2196700188964138,0.4909590385879795,-0.5122273165079487,0.06871860954393806,0.41807529940262117,0.02961134422217389,-0.029612800888762725,0.9035707900418473,0.1230924761111617,-0.02666307239293795,0.10231570667745338,2.0000564499703195,-0.7912307796594692,2.0407034145373695,-1.3166903638679583,-0.7711348827077961,0.6832475486400673,-2.596812496318257,1.2960692302201342,1.0845656805988224,-1.2430673092600832,-1.8334193905134613,-1.3822899360674266,-1.2251149644769372,1.0313690887826885,2.57600529356776,2.3734256294569738,-0.48258828022927464,-2.091434616934281,1.2011566529039868,-2.1774481768632348,1.6829603254068983,1.2045256235108848,-0.70951484156757,-1.3714106867922522,0.481474709933862,2.0898245258287687,-1.2003779088812259,-4.460548324110813,2.5528905076460435,2.9716790058514673,-1.0637884633879748}]

Max g: 0.008451333902125935
f_11([5.97963e-6,1.58656,-1.21878,0.491185,-0.512678,0.0682863,0.423892,0.0297521,-0.0297521,0.900368,0.119791,-0.0201589,0.10564,1.99999,-0.790925,2.04088,-1.31633,-0.770352,0.681885,-2.62073,1.3097,1.08094,-1.25291,-1.82586,-1.38262,-1.22532,1.03176,2.57617,2.35645,-0.478496,-2.07985,1.20235,-2.19968,1.69793,1.22658,-0.724269,-1.3554,0.477969,2.07895,-1.20192,-4.46708,2.56422,2.98725,-1.08426])
11.047578809449776
Max g: 0.006925749911847134
f_12([5.14572e-6,1.5876,-1.21754,0.491201,-0.513035,0.0676945,0.428974,0.0292318,-0.0292318,0.899579,0.11804,-0.0176194,0.10818,2.0003,-0.790871,2.04071,-1.31615,-0.769312,0.680605,-2.64127,1.32131,1.07755,-1.26165,-1.81877,-1.38274,-1.22535,1.03177,2.57633,2.34075,-0.474403,-2.0691,1.20307,-2.22116,1.71232,1.24749,-0.738112,-1.3404,0.47417,2.06868,-1.20287,-4.47263,2.57418,3.00069,-1.10214])
11.0144813328238
Max g: 0.005718540905062408
f_13([1.71064e-6,1.58833,-1.21711,0.491025,-0.513138,0.067427,0.43362,0.0284032,-0.0284041,0.899309,0.117234,-0.0165438,0.110502,2.00036,-0.790918,2.04062,-1.31606,-0.768464,0.67941,-2.66017,1.33214,1.07463,-1.26951,-1.81247,-1.3828,-1.2255,1.03232,2.576,2.32634,-0.470488,-2.05926,1.20371,-2.24158,1.726,1.26727,-0.751275,-1.32618,0.470371,2.05906,-1.2036,-4.47707,2.58295,3.01247,-1.11826])
10.997633520926843
Max g: 0.004613194818615884
f_14([-3.16036e-21,1.58912,-1.21644,0.490964,-0.513554,0.0672992,0.437683,0.0275052,-0.0275052,0.899615,0.116675,-0.0162899,0.112673,2.00034,-0.790783,2.04056,-1.31629,-0.76736,0.678264,-2.67667,1.3415,1.07199,-1.27667,-1.80658,-1.38278,-1.22542,1.03265,2.57557,2.31336,-0.466876,-2.05035,1.20411,-2.26006,1.73844,1.28503,-0.763094,-1.31325,0.466869,2.0502,-1.20405,-4.48158,2.59114,3.02321,-1.13268])
10.994642785087146
Max g: 0.003801177362886987
f_15([4.46846e-7,1.58966,-1.21553,0.491171,-0.513964,0.0668873,0.441395,0.0267655,-0.0267653,0.89979,0.116132,-0.0159229,0.114814,2.0006,-0.790789,2.04052,-1.31632,-0.766407,0.677204,-2.69224,1.35048,1.06946,-1.28303,-1.80131,-1.38257,-1.22545,1.03276,2.57526,2.3011,-0.463397,-2.04181,1.2043,-2.27691,1.74994,1.30136,-0.774083,-1.30126,0.463459,2.04194,-1.20438,-4.48563,2.59865,3.03295,-1.14599])
10.990555446106228
Max g: 0.002999670678450972
f_16([3.06675e-6,1.5902,-1.2151,0.4913,-0.514333,0.0666758,0.444671,0.0254499,-0.0254499,0.900381,0.115525,-0.0159062,0.116905,2.00055,-0.790762,2.04005,-1.31587,-0.765658,0.676289,-2.70581,1.35825,1.06753,-1.28886,-1.79677,-1.38278,-1.22547,1.0333,2.57493,2.29057,-0.46043,-2.03458,1.20455,-2.29199,1.76016,1.31598,-0.783928,-1.29061,0.460417,2.03454,-1.20453,-4.48897,2.60519,3.04147,-1.15767])
10.998131976900126
Max g: 0.002324049401712047
f_17([1.43632e-20,1.59096,-1.21483,0.491147,-0.514547,0.0666107,0.448536,0.0238352,-0.0238352,0.900705,0.114455,-0.0151601,0.119004,2.0006,-0.790697,2.03952,-1.31565,-0.764557,0.675099,-2.72169,1.36746,1.06478,-1.29522,-1.79113,-1.38257,-1.22557,1.03365,2.57453,2.27708,-0.456161,-2.02525,1.2045,-2.30979,1.77229,1.33315,-0.795623,-1.27732,0.456364,2.02549,-1.20463,-4.49308,2.61293,3.05173,-1.17156])
10.99743413853753
Max g: 0.0012253762314486938
f_18([-5.21984e-20,1.59119,-1.21417,0.491152,-0.514872,0.0665383,0.452025,0.0226345,-0.0226345,0.901272,0.113734,-0.0150097,0.120886,2.00061,-0.790565,2.03938,-1.31563,-0.763709,0.674125,-2.73577,1.3755,1.06247,-1.30113,-1.78616,-1.38252,-1.22545,1.03388,2.57411,2.26558,-0.452697,-2.01741,1.2046,-2.32543,1.78301,1.34862,-0.806199,-1.26581,0.452906,2.01767,-1.20475,-4.49669,2.61977,3.06105,-1.18409])
10.999029197652035
Max g: 0.0004900785447021772
f_19([5.8669e-7,1.59158,-1.21399,0.491045,-0.514906,0.0664596,0.455022,0.0214841,-0.0214851,0.901597,0.113079,-0.0146753,0.122412,2.00079,-0.790593,2.03921,-1.31595,-0.762641,0.673353,-2.74811,1.38258,1.06062,-1.30616,-1.78217,-1.38259,-1.2255,1.03402,2.57407,2.25587,-0.449852,-2.01077,1.20471,-2.33848,1.79195,1.36172,-0.815212,-1.25594,0.449835,2.0108,-1.20471,-4.49918,2.62535,3.06853,-1.19468])
10.996237844201652
Max g: 0.0008040378291405137
f_20([8.22641e-7,1.59155,-1.21396,0.491094,-0.515032,0.0664878,0.45548,0.0213843,-0.0213843,0.901643,0.113041,-0.0147113,0.122544,2.00082,-0.790689,2.03911,-1.3159,-0.762561,0.673199,-2.74997,1.38366,1.06028,-1.30692,-1.78144,-1.38259,-1.22548,1.03415,2.57392,2.25415,-0.449253,-2.00964,1.20471,-2.34055,1.79338,1.36381,-0.816672,-1.25417,0.449267,2.00962,-1.20469,-4.49963,2.62624,3.06973,-1.19635])
10.996038461812338
{8.22640659445091e-7,1.5915505231526252,-1.2139567665232074,0.49109372502961035,-0.5150322951892364,0.06648783506739694,0.4554802932442275,0.021384300739979857,-0.02138430073998164,0.9016433301438571,0.11304113112950348,-0.014711335744281991,0.12254442221151124,2.000818128435171,-0.7906888961610802,2.0391136950883606,-1.3159006095268175,-0.7625605121136246,0.6731994769598506,-2.7499652177722274,1.3836561600794357,1.0602764718062418,-1.3069219562301373,-1.7814379493713106,-1.3825897954442634,-1.225481973495008,1.0341486520623238,2.573920360453657,2.2541509841839438,-0.44925258198983675,-2.0096420046761554,1.2047068364893074,-2.340553867217794,1.7933808920791614,1.3638058830044952,-0.816671600434465,-1.2541685782614178,0.449267338921978,2.0096179769112754,-1.2046943205723686,-4.499626278444041,2.6262383294176974,3.0697284869663157,-1.1963485431241923}]
Set[{A021,A031,A032,A041,A042,A043,A121,A131,A132,A141,A142,A143,B021,B031,B032,B041,B042,B043,B121,B131,B132,B141,B142,B143,\[Alpha]1,\[Alpha]2,\[Alpha]3,\[Alpha]4,\[Beta]11,\[Beta]12,\[Beta]13,\[Beta]14,\[Beta]21,\[Beta]22,\[Beta]23,\[Beta]24,\[Beta]31,\[Beta]32,\[Beta]33,\[Beta]34,\[Beta]41,\[Beta]42,\[Beta]43,\[Beta]44},{8.22640659445091e-7,1.5915505231526252,-1.2139567665232074,0.49109372502961035,-0.5150322951892364,0.06648783506739694,0.4554802932442275,0.021384300739979857,-0.02138430073998164,0.9016433301438571,0.11304113112950348,-0.014711335744281991,0.12254442221151124,2.000818128435171,-0.7906888961610802,2.0391136950883606,-1.3159006095268175,-0.7625605121136246,0.6731994769598506,-2.7499652177722274,1.3836561600794357,1.0602764718062418,-1.3069219562301373,-1.7814379493713106,-1.3825897954442634,-1.225481973495008,1.0341486520623238,2.573920360453657,2.2541509841839438,-0.44925258198983675,-2.0096420046761554,1.2047068364893074,-2.340553867217794,1.7933808920791614,1.3638058830044952,-0.816671600434465,-1.2541685782614178,0.449267338921978,2.0096179769112754,-1.2046943205723686,-4.499626278444041,2.6262383294176974,3.0697284869663157,-1.1963485431241923}]

Max g: 0.0011021734534821803
f_21([1.47318e-5,1.59155,-1.21398,0.491112,-0.515039,0.0664926,0.455239,0.0214693,-0.0212694,0.901711,0.113093,-0.0148046,0.122512,2.00081,-0.790683,2.03912,-1.31591,-0.762562,0.673175,-2.74974,1.38355,1.06035,-1.30685,-1.78139,-1.38259,-1.22549,1.03414,2.57395,2.2543,-0.449277,-2.00995,1.20491,-2.34013,1.79318,1.36336,-0.816465,-1.2543,0.449274,2.00996,-1.20491,-4.49954,2.62616,3.06961,-1.19624])
10.9977332121215
Max g: 0.0010412119449940693
f_22([2.20862e-5,1.59156,-1.214,0.49111,-0.515035,0.0664968,0.454889,0.0215654,-0.0211106,0.901789,0.11314,-0.0149289,0.122479,2.00082,-0.79068,2.03912,-1.31594,-0.762553,0.673124,-2.74936,1.38339,1.06047,-1.30673,-1.7813,-1.38259,-1.2255,1.03412,2.57397,2.2546,-0.449345,-2.01057,1.2053,-2.33919,1.79273,1.36245,-0.816031,-1.25461,0.449352,2.01057,-1.2053,-4.49942,2.62607,3.06937,-1.19603])
11.000723947961196
Max g: 0.0009225289087495536
f_23([4.47007e-6,1.59155,-1.21401,0.491127,-0.515044,0.0664941,0.454549,0.0216741,-0.0209669,0.90181,0.113172,-0.0149816,0.122482,2.00082,-0.790684,2.03913,-1.31593,-0.762568,0.673088,-2.749,1.38323,1.06057,-1.30659,-1.78123,-1.3826,-1.22548,1.03412,2.57396,2.25497,-0.449457,-2.01123,1.20571,-2.33803,1.79213,1.36137,-0.815506,-1.25498,0.449462,2.01125,-1.20572,-4.49927,2.62596,3.06915,-1.19584])
11.005110360526084
Max g: 0.0007755613228170866
f_24([5.07995e-6,1.59155,-1.21402,0.491142,-0.515049,0.0664872,0.454273,0.0217711,-0.020861,0.90182,0.113182,-0.0150018,0.122499,2.00082,-0.790678,2.03914,-1.31593,-0.762572,0.673059,-2.74871,1.38311,1.06067,-1.30649,-1.78118,-1.38259,-1.22547,1.03411,2.57396,2.25528,-0.449557,-2.01178,1.20604,-2.33706,1.79163,1.36047,-0.81507,-1.25528,0.449555,2.01178,-1.20604,-4.49915,2.62586,3.06898,-1.19569])
11.008001405171123
Max g: 0.0006528529559486351
f_25([4.62261e-6,1.59155,-1.21401,0.491136,-0.515044,0.0664838,0.454045,0.0218566,-0.0207801,0.901822,0.113175,-0.0149978,0.122503,2.00082,-0.790679,2.03914,-1.31593,-0.76257,0.673035,-2.74847,1.38301,1.06076,-1.30641,-1.78114,-1.3826,-1.22547,1.03412,2.57395,2.25554,-0.449635,-2.01222,1.20631,-2.33627,1.79122,1.35974,-0.814712,-1.25553,0.449631,2.01222,-1.20631,-4.49907,2.62579,3.06883,-1.19556])
11.009596464285629
Max g: 0.0005533339857819453
f_26([3.56694e-6,1.59154,-1.21401,0.491135,-0.515042,0.066485,0.453838,0.0219282,-0.0207017,0.901821,0.11317,-0.0149904,0.122513,2.00081,-0.790673,2.03915,-1.31593,-0.762573,0.673015,-2.74826,1.38292,1.06083,-1.30633,-1.78111,-1.3826,-1.22548,1.03413,2.57395,2.25577,-0.449705,-2.01262,1.20656,-2.33554,1.79084,1.35906,-0.81438,-1.25576,0.449702,2.01262,-1.20655,-4.49898,2.62572,3.0687,-1.19544])
11.011091832205478
Max g: 0.00046093157797888473
f_27([3.26401e-6,1.59153,-1.21401,0.491132,-0.515038,0.0664847,0.45365,0.0219998,-0.0206341,0.901816,0.113156,-0.0149716,0.122509,2.0008,-0.79067,2.03916,-1.31595,-0.762574,0.672995,-2.74808,1.38284,1.06087,-1.30625,-1.78107,-1.3826,-1.22548,1.03413,2.57394,2.25597,-0.44977,-2.01299,1.20678,-2.33487,1.79049,1.35844,-0.814083,-1.25598,0.449772,2.01299,-1.20678,-4.49891,2.62566,3.06858,-1.19534])
11.012686891319982
Max g: 0.00037817611159307596
f_28([4.67673e-6,1.59153,-1.21401,0.49114,-0.515041,0.0664821,0.453477,0.0220582,-0.0205654,0.901813,0.113147,-0.0149595,0.122503,2.00079,-0.790663,2.03915,-1.31594,-0.762578,0.672977,-2.74791,1.38277,1.06093,-1.30619,-1.78104,-1.3826,-1.22549,1.03414,2.57395,2.25617,-0.449837,-2.01333,1.20699,-2.33426,1.79017,1.35787,-0.813806,-1.25617,0.449835,2.01333,-1.20699,-4.49883,2.62561,3.06848,-1.19525])
11.014082568045174
Max g: 0.0003004148622260949
f_29([3.36262e-6,1.59153,-1.21402,0.491138,-0.515042,0.066488,0.453314,0.0221236,-0.0205103,0.901805,0.113144,-0.0149489,0.122498,2.00078,-0.790651,2.03916,-1.31594,-0.762583,0.672961,-2.74774,1.38269,1.06099,-1.30613,-1.78101,-1.38259,-1.22548,1.03413,2.57394,2.25635,-0.44989,-2.01365,1.20719,-2.33368,1.78987,1.35734,-0.813546,-1.25636,0.449893,2.01366,-1.20719,-4.49877,2.62555,3.06837,-1.19516])
11.015079479991739
Max g: 0.00022641046638960383
f_30([1.43261e-6,1.59152,-1.21402,0.491139,-0.51504,0.066487,0.453197,0.02217,-0.020471,0.901799,0.113142,-0.0149407,0.122498,2.00078,-0.79065,2.03916,-1.31594,-0.76258,0.672949,-2.74762,1.38264,1.06103,-1.30609,-1.78099,-1.38259,-1.22548,1.03413,2.57394,2.25648,-0.44993,-2.01388,1.20733,-2.33328,1.78967,1.35697,-0.813365,-1.25648,0.449928,2.01388,-1.20733,-4.49872,2.62552,3.0683,-1.1951])
11.015976700743648
{1.43260916426663e-6,1.5915244714374766,-1.214018932209319,0.4911389687348731,-0.5150404788360183,0.06648704856997346,0.45319727179201746,0.022170030251307524,-0.020470995922688744,0.9017988213721292,0.11314187015497139,-0.014940688401495044,0.12249834239989507,2.0007831060665944,-0.790649918527991,2.0391572554351423,-1.3159383842853603,-0.7625800601855858,0.672948529902362,-2.74762049337072,1.382643950048813,1.0610325229163762,-1.3060886967960206,-1.7809928412945442,-1.3825905427339016,-1.225481591320314,1.0341287491006885,2.5739438660491034,2.2564801793083538,-0.4499299754424936,-2.0138794617648985,1.2073264038384586,-2.3332778692326563,1.7896675358088157,1.3569666592280842,-0.8133652075636731,-1.2564775364201022,0.4499283948432925,2.01387805016513,-1.2073255357250388,-4.49872237949861,2.6255185197173545,3.068301683751897,-1.195098171220824}]
Set[{A021,A031,A032,A041,A042,A043,A121,A131,A132,A141,A142,A143,B021,B031,B032,B041,B042,B043,B121,B131,B132,B141,B142,B143,\[Alpha]1,\[Alpha]2,\[Alpha]3,\[Alpha]4,\[Beta]11,\[Beta]12,\[Beta]13,\[Beta]14,\[Beta]21,\[Beta]22,\[Beta]23,\[Beta]24,\[Beta]31,\[Beta]32,\[Beta]33,\[Beta]34,\[Beta]41,\[Beta]42,\[Beta]43,\[Beta]44},{1.43260916426663e-6,1.5915244714374766,-1.214018932209319,0.4911389687348731,-0.5150404788360183,0.06648704856997346,0.45319727179201746,0.022170030251307524,-0.020470995922688744,0.9017988213721292,0.11314187015497139,-0.014940688401495044,0.12249834239989507,2.0007831060665944,-0.790649918527991,2.0391572554351423,-1.3159383842853603,-0.7625800601855858,0.672948529902362,-2.74762049337072,1.382643950048813,1.0610325229163762,-1.3060886967960206,-1.7809928412945442,-1.3825905427339016,-1.225481591320314,1.0341287491006885,2.5739438660491034,2.2564801793083538,-0.4499299754424936,-2.0138794617648985,1.2073264038384586,-2.3332778692326563,1.7896675358088157,1.3569666592280842,-0.8133652075636731,-1.2564775364201022,0.4499283948432925,2.01387805016513,-1.2073255357250388,-4.49872237949861,2.6255185197173545,3.068301683751897,-1.195098171220824}]

Max g: 0.00017690570207906653
f_31([3.38282e-6,1.59152,-1.21402,0.491139,-0.515037,0.0664853,0.45311,0.0222027,-0.0204395,0.90179,0.113142,-0.0149313,0.122499,2.00078,-0.790651,2.03915,-1.31594,-0.762576,0.672939,-2.74753,1.38261,1.06106,-1.30605,-1.78097,-1.38259,-1.22548,1.03413,2.57394,2.25658,-0.449962,-2.01405,1.20743,-2.33297,1.78951,1.35668,-0.813226,-1.25657,0.449959,2.01405,-1.20743,-4.49869,2.62549,3.06825,-1.19505])
11.016674539106244
Max g: 0.00013748306090954898
f_32([9.55343e-7,1.59153,-1.21402,0.491142,-0.515039,0.0664814,0.453053,0.0222252,-0.0204211,0.901789,0.113139,-0.0149277,0.122502,2.00078,-0.790646,2.03916,-1.31594,-0.762578,0.672933,-2.74748,1.38258,1.06107,-1.30603,-1.78096,-1.3826,-1.22548,1.03413,2.57395,2.25664,-0.449982,-2.01416,1.2075,-2.33276,1.7894,1.35649,-0.813133,-1.25664,0.449979,2.01416,-1.2075,-4.49867,2.62548,3.06821,-1.19502])
11.016774230300902
Max g: 0.00011181077442978804
f_33([1.00191e-7,1.59153,-1.21402,0.491139,-0.515046,0.0664896,0.452914,0.0222832,-0.0203794,0.901776,0.113126,-0.0149019,0.122521,2.00078,-0.790649,2.03916,-1.31594,-0.762569,0.672919,-2.74733,1.38252,1.06112,-1.30597,-1.78094,-1.38259,-1.22548,1.03413,2.57395,2.25681,-0.450034,-2.01444,1.20766,-2.33227,1.78915,1.35603,-0.812907,-1.2568,0.450031,2.01443,-1.20766,-4.49862,2.62544,3.06813,-1.19494])
11.018169907026092
Max g: 4.868164444715717e-5
f_34([1.04861e-6,1.59153,-1.21403,0.491144,-0.515052,0.0664938,0.452821,0.0223215,-0.0203498,0.901769,0.113122,-0.014891,0.122529,2.00079,-0.790649,2.03916,-1.31595,-0.762565,0.672909,-2.74724,1.38248,1.06114,-1.30594,-1.78093,-1.38259,-1.22549,1.03413,2.57395,2.25691,-0.450066,-2.01462,1.20777,-2.33195,1.78898,1.35573,-0.812759,-1.25691,0.450066,2.01461,-1.20777,-4.49859,2.62541,3.06807,-1.19489])
11.018668362999376
Max g: 7.97639870109279e-6
f_35([9.82024e-7,1.59153,-1.21403,0.491144,-0.515053,0.0664957,0.452749,0.0223471,-0.020323,0.901764,0.113123,-0.0148873,0.122526,2.00079,-0.79065,2.03916,-1.31594,-0.762564,0.672901,-2.74717,1.38246,1.06117,-1.30591,-1.78091,-1.38259,-1.22549,1.03413,2.57395,2.25699,-0.450092,-2.01476,1.20786,-2.33169,1.78885,1.35549,-0.812645,-1.25699,0.450091,2.01475,-1.20786,-4.49856,2.62539,3.06802,-1.19485])
11.019166818972659
Max g: 8.188497402361605e-6
f_36([9.32662e-7,1.59153,-1.21403,0.491144,-0.515053,0.0664957,0.452745,0.0223485,-0.0203215,0.901764,0.113123,-0.0148867,0.122526,2.00079,-0.79065,2.03916,-1.31594,-0.762564,0.672901,-2.74717,1.38245,1.06117,-1.30591,-1.78091,-1.38259,-1.22549,1.03413,2.57395,2.257,-0.450094,-2.01476,1.20786,-2.33168,1.78884,1.35548,-0.812638,-1.25699,0.450093,2.01476,-1.20786,-4.49855,2.62538,3.06802,-1.19485])
11.019266510167315
Max g: 9.013120832124244e-6
f_37([9.32659e-7,1.59153,-1.21403,0.491144,-0.515053,0.0664957,0.452745,0.0223485,-0.0203215,0.901764,0.113123,-0.0148867,0.122526,2.00079,-0.79065,2.03916,-1.31594,-0.762564,0.672901,-2.74717,1.38245,1.06117,-1.30591,-1.78091,-1.38259,-1.22549,1.03413,2.57395,2.257,-0.450094,-2.01476,1.20786,-2.33168,1.78884,1.35548,-0.812638,-1.25699,0.450093,2.01476,-1.20786,-4.49855,2.62538,3.06802,-1.19485])
11.019266510167315
Max g: 9.013056575968292e-6
f_38([9.32657e-7,1.59153,-1.21403,0.491144,-0.515053,0.0664957,0.452745,0.0223485,-0.0203215,0.901764,0.113123,-0.0148867,0.122526,2.00079,-0.79065,2.03916,-1.31594,-0.762564,0.672901,-2.74717,1.38245,1.06117,-1.30591,-1.78091,-1.38259,-1.22549,1.03413,2.57395,2.257,-0.450094,-2.01476,1.20786,-2.33168,1.78884,1.35548,-0.812638,-1.25699,0.450093,2.01476,-1.20786,-4.49855,2.62538,3.06802,-1.19485])
11.019266510167315
Max g: 9.013051127215732e-6
{8.746923719794043e-7,1.5915281061566038,-1.2140280708986404,0.49114412508803273,-0.5150528500925814,0.06649565528560543,0.45274506320233626,0.022348595666577604,-0.02032154639960633,0.9017637199244668,0.1131229104558689,-0.014886683833742973,0.12252611989289773,2.0007864137361833,-0.7906502574872283,2.0391577372527956,-1.3159435773879689,-0.76256434130148,0.6729008550362884,-2.7471705481016224,1.3824539245178433,1.06116730473262,-1.3059100872821185,-1.7809132998003705,-1.3825869324283766,-1.2254889194271519,1.0341311926994967,2.5739451955978354,2.2569956770125934,-0.45009412089534234,-2.014762903380988,1.207862420610245,-2.3316789062328636,1.7888401925229076,1.3554789858264409,-0.8126385739686598,-1.2569928485459154,0.4500929243780446,2.014761711961456,-1.207861851713659,-4.4985546281179065,2.625384737358768,3.0680174350805336,-1.1948474185717928}]
Set[{A021,A031,A032,A041,A042,A043,A121,A131,A132,A141,A142,A143,B021,B031,B032,B041,B042,B043,B121,B131,B132,B141,B142,B143,\[Alpha]1,\[Alpha]2,\[Alpha]3,\[Alpha]4,\[Beta]11,\[Beta]12,\[Beta]13,\[Beta]14,\[Beta]21,\[Beta]22,\[Beta]23,\[Beta]24,\[Beta]31,\[Beta]32,\[Beta]33,\[Beta]34,\[Beta]41,\[Beta]42,\[Beta]43,\[Beta]44},{8.746923719794043e-7,1.5915281061566038,-1.2140280708986404,0.49114412508803273,-0.5150528500925814,0.06649565528560543,0.45274506320233626,0.022348595666577604,-0.02032154639960633,0.9017637199244668,0.1131229104558689,-0.014886683833742973,0.12252611989289773,2.0007864137361833,-0.7906502574872283,2.0391577372527956,-1.3159435773879689,-0.76256434130148,0.6729008550362884,-2.7471705481016224,1.3824539245178433,1.06116730473262,-1.3059100872821185,-1.7809132998003705,-1.3825869324283766,-1.2254889194271519,1.0341311926994967,2.5739451955978354,2.2569956770125934,-0.45009412089534234,-2.014762903380988,1.207862420610245,-2.3316789062328636,1.7888401925229076,1.3554789858264409,-0.8126385739686598,-1.2569928485459154,0.4500929243780446,2.014761711961456,-1.207861851713659,-4.4985546281179065,2.625384737358768,3.0680174350805336,-1.1948474185717928}]


-----------------Final Result------------------
Options: alg=LN_AUGLAG_EQ,dx=0.01,max_eval=100000000,popSize=0
imin=-6,jmin=-3,imax=1,jmax=3,
parameter_minmax=5,
randSeed=6637653,rand_minmax=2

3890108 steps

Completed with maxf : 11.019266510167315

Constraints at 9.050442412394943e-6

x = [8.746923719794043e-7,1.5915281061566038,-1.2140280708986404,0.49114412508803273,-0.5150528500925814,0.06649565528560543,0.45274506320233626,0.022348595666577604,-0.02032154639960633,0.9017637199244668,0.1131229104558689,-0.014886683833742973,0.12252611989289773,2.0007864137361833,-0.7906502574872283,2.0391577372527956,-1.3159435773879689,-0.76256434130148,0.6729008550362884,-2.7471705481016224,1.3824539245178433,1.06116730473262,-1.3059100872821185,-1.7809132998003705,-1.3825869324283766,-1.2254889194271519,1.0341311926994967,2.5739451955978354,2.2569956770125934,-0.45009412089534234,-2.014762903380988,1.207862420610245,-2.3316789062328636,1.7888401925229076,1.3554789858264409,-0.8126385739686598,-1.2569928485459154,0.4500929243780446,2.014761711961456,-1.207861851713659,-4.4985546281179065,2.625384737358768,3.0680174350805336,-1.1948474185717928]
c0 = [0.0,8.746923719794043e-7,0.3775000352579634,0.042586930281056756]
c1 = [0.0,0.45274506320233626,0.0020270492669712745,0.9999999465465927]
A0 = [0.0,8.746923719794043e-7,1.5915281061566038,0.49114412508803273,0.0,0.0,-1.2140280708986404,-0.5150528500925814,0.0,0.0,0.0,0.06649565528560543,0.0,0.0,0.0,0.0]
A1 = [0.0,0.45274506320233626,0.022348595666577604,0.9017637199244668,0.0,0.0,-0.02032154639960633,0.1131229104558689,0.0,0.0,0.0,-0.014886683833742973,0.0,0.0,0.0,0.0]
B0 = [0.0,0.12252611989289773,2.0007864137361833,2.0391577372527956,0.0,0.0,-0.7906502574872283,-1.3159435773879689,0.0,0.0,0.0,-0.76256434130148,0.0,0.0,0.0,0.0]
B1 = [0.0,0.6729008550362884,-2.7471705481016224,1.06116730473262,0.0,0.0,1.3824539245178433,-1.3059100872821185,0.0,0.0,0.0,-1.7809132998003705,0.0,0.0,0.0,0.0]
α  = [-1.3825869324283766,-1.2254889194271519,1.0341311926994967,2.5739451955978354]
β1 = [2.2569956770125934,-0.45009412089534234,-2.014762903380988,1.207862420610245]
β2 = [-2.3316789062328636,1.7888401925229076,1.3554789858264409,-0.8126385739686598]
β3 = [-1.2569928485459154,0.4500929243780446,2.014761711961456,-1.207861851713659]
β4 = [-4.4985546281179065,2.625384737358768,3.0680174350805336,-1.1948474185717928]


Set[{A021,A031,A032,A041,A042,A043,A121,A131,A132,A141,A142,A143,B021,B031,B032,B041,B042,B043,B121,B131,B132,B141,B142,B143,\[Alpha]1,\[Alpha]2,\[Alpha]3,\[Alpha]4,\[Beta]11,\[Beta]12,\[Beta]13,\[Beta]14,\[Beta]21,\[Beta]22,\[Beta]23,\[Beta]24,\[Beta]31,\[Beta]32,\[Beta]33,\[Beta]34,\[Beta]41,\[Beta]42,\[Beta]43,\[Beta]44},{8.746923719794043e-7,1.5915281061566038,-1.2140280708986404,0.49114412508803273,-0.5150528500925814,0.06649565528560543,0.45274506320233626,0.022348595666577604,-0.02032154639960633,0.9017637199244668,0.1131229104558689,-0.014886683833742973,0.12252611989289773,2.0007864137361833,-0.7906502574872283,2.0391577372527956,-1.3159435773879689,-0.76256434130148,0.6729008550362884,-2.7471705481016224,1.3824539245178433,1.06116730473262,-1.3059100872821185,-1.7809132998003705,-1.3825869324283766,-1.2254889194271519,1.0341311926994967,2.5739451955978354,2.2569956770125934,-0.45009412089534234,-2.014762903380988,1.207862420610245,-2.3316789062328636,1.7888401925229076,1.3554789858264409,-0.8126385739686598,-1.2569928485459154,0.4500929243780446,2.014761711961456,-1.207861851713659,-4.4985546281179065,2.625384737358768,3.0680174350805336,-1.1948474185717928}]



