
-----------------Setup------------------
Options: alg=LN_AUGLAG_EQ,dx=0.01,max_eval=100000000,popSize=0
imin=-6,jmin=-4,imax=1,jmax=4,
parameter_minmax=5,randSeed=68286764

f_1([0.0405416,4.4931,-3.95671,-3.21576,4.34118,-0.130006,0.543791,1.20253,-0.650325,4.05062,-4.76855,1.69661,-3.30005,0.599376,3.07905,-2.92118,1.18716,-4.21219,0.265646,4.99883,-4.21011,0.25719,3.41175,-3.33405,-4.18524,4.9495,1.29601,-1.96457,4.44432,-2.98183,-1.96015,1.41455,-3.50343,2.34617,2.56139,-0.542948,3.87049,-1.02532,-3.11771,-2.20842,2.77165,-0.923626,-4.71279,4.17013])
1.8088516316088483
Max g: 7.292636741187344
f_2([0.0256873,4.47567,-3.89389,-3.34946,4.33772,-0.0825703,0.322483,1.31896,-0.882617,3.8955,-4.48173,1.54168,-3.0647,0.528697,4.01286,-2.85785,1.13439,-4.24202,0.0680753,4.44609,-4.28137,0.263449,3.13825,-2.66283,-4.0694,4.37193,1.06585,-1.72871,4.53174,-3.3829,-0.829117,0.874439,-3.59964,1.95047,2.33697,-0.759686,2.27476,1.42781,-2.78959,-0.626281,2.5292,-0.821621,-4.82006,4.16956])
1.8054607204617623
Max g: 2.2308593988393124
f_3([0.214722,4.90922,-4.04331,-3.32426,4.35573,-0.0322409,-2.96143e-6,1.79564,-1.48078,3.71629,-4.47857,1.2248,-3.06258,0.239602,3.92507,-2.92189,0.667955,-4.22226,0.0890995,4.28869,-4.07206,0.0389836,3.14489,-2.57923,-3.61764,4.99505,1.3569,-1.64228,4.51484,-3.91468,-0.530441,0.924304,-3.67621,2.11189,1.96915,-0.393738,1.9105,1.09995,-2.35977,-0.617742,2.4966,-1.65716,-4.99991,3.93765])
0.9719947070441548
Max g: 1.1500591261508823
f_4([0.199024,4.90152,-4.03716,-3.35802,4.35139,-0.000584145,-2.27422e-5,2.09476,-1.71303,3.80047,-4.47396,1.2426,-3.05765,0.170818,3.92474,-2.88851,0.742102,-4.20467,0.103733,4.2354,-3.95891,-0.182127,3.38584,-2.51767,-3.64458,4.98825,1.35774,-1.68305,4.55151,-3.99484,-0.232389,0.771281,-3.68784,2.37888,1.54565,-0.320507,1.68468,1.03257,-2.23861,-0.426397,2.71995,-1.6003,-4.99998,3.74734])
1.0036099668566931
Max g: 1.066383705170094
f_5([0.194652,4.90354,-4.02245,-3.35047,4.35418,-0.00405864,-6.2493e-20,2.50775,-2.02025,3.96082,-4.46987,1.25223,-3.06378,0.00949293,3.89619,-2.85743,0.805919,-4.20074,0.130718,4.15263,-3.75833,-0.395637,3.67699,-2.44686,-3.64262,4.92776,1.40837,-1.69479,4.54499,-4.01892,-0.138926,0.622323,-3.64113,2.82551,1.23064,-0.406778,1.3702,1.00008,-2.10902,-0.146462,2.99834,-1.61511,-4.99977,3.52094])
1.0154781558714945
Max g: 1.1070341999694162
f_6([0.190006,4.90117,-4.04168,-3.35527,4.3534,0.00114992,-1.19564e-19,2.92076,-2.35381,4.12973,-4.4661,1.22405,-3.07258,-0.201658,3.86178,-2.83765,0.886853,-4.19428,0.155351,4.08803,-3.57949,-0.53881,3.90494,-2.38738,-3.64183,4.85811,1.48981,-1.7034,4.54014,-3.92983,-0.138199,0.555204,-3.68019,3.09159,1.01724,-0.401607,1.0656,0.978103,-1.99506,0.0624988,3.20338,-1.61486,-5.0,3.33383])
0.9867551438020591
Max g: 1.071448547216111
f_7([0.184842,4.89986,-4.06468,-3.35375,4.35286,0.000323654,7.93737e-21,3.38345,-2.76941,4.30181,-4.46111,1.15887,-3.07995,-0.459437,3.82463,-2.80684,0.983304,-4.18024,0.171441,4.0242,-3.43198,-0.6736,4.10205,-2.3323,-3.64159,4.75476,1.59447,-1.71082,4.53274,-3.85713,-0.307192,0.657862,-3.73835,3.27981,0.850857,-0.356273,0.79804,1.01321,-1.89283,0.171327,3.36464,-1.58107,-4.99999,3.16259])
0.936589605361344
Max g: 0.9975533929793422
f_8([0.181123,4.89897,-4.08641,-3.35618,4.35365,0.0021109,-2.06857e-6,3.78399,-3.18559,4.42203,-4.45674,1.0347,-3.08748,-0.683121,3.78816,-2.77527,1.07764,-4.1665,0.180048,3.96509,-3.32297,-0.800412,4.25532,-2.28698,-3.64041,4.66473,1.6991,-1.72595,4.52751,-3.81217,-0.612033,0.90213,-3.79978,3.41608,0.72123,-0.30356,0.570428,1.07506,-1.8052,0.236821,3.46846,-1.5267,-5.0,3.03404])
0.8894160473445283
Max g: 0.9137064725752304
f_9([0.184192,4.89787,-4.1111,-3.36,4.35435,0.0056406,-2.16387e-21,4.01387,-3.4199,4.49783,-4.45409,0.956258,-3.09071,-0.808619,3.77001,-2.75964,1.13659,-4.15924,0.182773,3.90437,-3.24432,-0.922083,4.36519,-2.25257,-3.64004,4.61095,1.76189,-1.73456,4.52835,-3.79688,-0.833078,1.08923,-3.8623,3.53868,0.618532,-0.2612,0.373031,1.14446,-1.72045,0.261826,3.51814,-1.49688,-5.0,2.97556])
0.8607927679558897
Max g: 0.839787144445002
f_10([0.187283,4.89761,-4.12551,-3.36506,4.35399,0.010936,3.43825e-7,4.11187,-3.51683,4.53127,-4.45269,0.921426,-3.09167,-0.855174,3.76212,-2.75368,1.16086,-4.15608,0.184019,3.84356,-3.1772,-1.02509,4.44667,-2.22578,-3.63977,4.59088,1.78662,-1.73914,4.53207,-3.80159,-0.919087,1.1682,-3.9256,3.65122,0.53484,-0.227266,0.215226,1.22657,-1.63918,0.244192,3.5394,-1.50011,-5.0,2.96604])
0.8502211037914447
{0.1872834449289491,4.897613563761916,-4.125511279821962,-3.3650551074195487,4.353988112951972,0.010935978172193305,3.438246046740421e-7,4.111871125585025,-3.516827591729338,4.531269347542109,-4.452693927128366,0.9214255947246789,-3.0916662281916087,-0.8551740517275283,3.762116922743005,-2.753684323912447,1.160864870155657,-4.156080949428039,0.1840185865945843,3.8435633951931045,-3.1771956745365126,-1.0250894425919943,4.446669360100325,-2.22577842379658,-3.639771596937968,4.590875462032415,1.7866216313969707,-1.7391374994513198,4.532071243302121,-3.801588308399715,-0.9190867226544175,1.1681996310449019,-3.925601331582584,3.6512205620775595,0.5348399061719463,-0.2272657693553092,0.21522627093118155,1.2265724306799448,-1.6391821210086976,0.24419234199915707,3.539403084662743,-1.5001077278676684,-4.999999986056836,2.9660369894555063}]
Set[{A021,A031,A032,A041,A042,A043,A121,A131,A132,A141,A142,A143,B021,B031,B032,B041,B042,B043,B121,B131,B132,B141,B142,B143,\[Alpha]1,\[Alpha]2,\[Alpha]3,\[Alpha]4,\[Beta]11,\[Beta]12,\[Beta]13,\[Beta]14,\[Beta]21,\[Beta]22,\[Beta]23,\[Beta]24,\[Beta]31,\[Beta]32,\[Beta]33,\[Beta]34,\[Beta]41,\[Beta]42,\[Beta]43,\[Beta]44},{0.1872834449289491,4.897613563761916,-4.125511279821962,-3.3650551074195487,4.353988112951972,0.010935978172193305,3.438246046740421e-7,4.111871125585025,-3.516827591729338,4.531269347542109,-4.452693927128366,0.9214255947246789,-3.0916662281916087,-0.8551740517275283,3.762116922743005,-2.753684323912447,1.160864870155657,-4.156080949428039,0.1840185865945843,3.8435633951931045,-3.1771956745365126,-1.0250894425919943,4.446669360100325,-2.22577842379658,-3.639771596937968,4.590875462032415,1.7866216313969707,-1.7391374994513198,4.532071243302121,-3.801588308399715,-0.9190867226544175,1.1681996310449019,-3.925601331582584,3.6512205620775595,0.5348399061719463,-0.2272657693553092,0.21522627093118155,1.2265724306799448,-1.6391821210086976,0.24419234199915707,3.539403084662743,-1.5001077278676684,-4.999999986056836,2.9660369894555063}]

Max g: 0.796001570404163
f_11([0.187691,4.8975,-4.12937,-3.36567,4.35313,0.0125269,1.19377e-6,4.15679,-3.55931,4.5471,-4.4519,0.904794,-3.09207,-0.871832,3.75887,-2.75058,1.16738,-4.15484,0.185711,3.79099,-3.11837,-1.10061,4.50688,-2.20616,-3.63953,4.58322,1.79641,-1.74012,4.53575,-3.80927,-0.941418,1.19321,-3.97974,3.74299,0.474217,-0.204892,0.0929655,1.30555,-1.56939,0.213898,3.54644,-1.51203,-4.99999,2.97421])
0.846132063878782
Max g: 0.7704848821836338
f_12([0.186871,4.90182,-4.12959,-3.31501,4.36294,-0.0480859,6.88199e-6,4.16283,-3.56044,4.5476,-4.46224,0.914634,-3.09193,-0.86395,3.75697,-2.7466,1.1549,-4.14894,0.174413,3.73425,-3.10529,-1.22506,4.54855,-2.18054,-3.63814,4.58383,1.79267,-1.73961,4.54702,-3.85324,-0.918191,1.20231,-4.04166,3.80601,0.432435,-0.16698,0.0242737,1.41474,-1.58509,0.179737,3.52507,-1.54422,-4.98419,3.00242])
0.8443368756244424
Max g: 0.7545748202982259
f_13([0.185892,4.90152,-4.12917,-3.3138,4.36066,-0.0470798,-3.52528e-7,4.17937,-3.57305,4.55532,-4.462,0.90668,-3.09117,-0.870009,3.75505,-2.74485,1.1537,-4.14362,0.176773,3.64889,-3.01266,-1.33037,4.63167,-2.15323,-3.63881,4.58287,1.79676,-1.74065,4.55554,-3.88065,-0.881432,1.18415,-4.13013,3.92561,0.380299,-0.150656,-0.140032,1.54894,-1.47638,0.108149,3.53377,-1.57302,-4.99461,3.0336])
0.846431261921172
Max g: 0.7266469985315214
f_14([0.185429,4.90308,-4.13256,-3.31325,4.36073,-0.048269,-1.39949e-20,4.22118,-3.60698,4.57266,-4.46146,0.888802,-3.09054,-0.885602,3.74769,-2.74711,1.16963,-4.14282,0.181262,3.56127,-2.91208,-1.42505,4.70961,-2.12844,-3.63927,4.57418,1.80773,-1.74185,4.56268,-3.9036,-0.852997,1.17494,-4.21225,4.03834,0.340595,-0.145622,-0.318143,1.68251,-1.37084,0.0477004,3.52667,-1.61716,-4.96597,3.05953])
0.8462317965595787
Max g: 0.6984087837456974
f_15([0.184381,4.9033,-4.13288,-3.31102,4.36124,-0.0501993,6.82312e-7,4.27171,-3.6477,4.58999,-4.46079,0.870809,-3.09127,-0.913963,3.74821,-2.74458,1.18496,-4.14328,0.186335,3.48951,-2.82735,-1.49484,4.76805,-2.11023,-3.63991,4.56383,1.82019,-1.74438,4.56845,-3.92599,-0.830784,1.1723,-4.27146,4.12399,0.31661,-0.147828,-0.462267,1.79159,-1.28985,0.00248801,3.5175,-1.68153,-4.90774,3.07718])
0.8447358063476289
Max g: 0.6782730524789774
f_16([0.183645,4.9037,-4.13542,-3.30832,4.36158,-0.0538664,3.64506e-22,4.32994,-3.69353,4.6094,-4.45975,0.850349,-3.09228,-0.948376,3.7458,-2.7379,1.20101,-4.14336,0.192096,3.41846,-2.74197,-1.5558,4.8195,-2.09354,-3.64,4.54948,1.83757,-1.74746,4.57342,-3.94772,-0.810045,1.17113,-4.32637,4.20328,0.297599,-0.154434,-0.607237,1.90134,-1.21329,-0.0392529,3.50256,-1.7572,-4.83368,3.0935])
0.8429406180932892
Max g: 0.6583215919435387
f_17([0.180969,4.90327,-4.13425,-3.30875,4.36175,-0.0543105,-4.66015e-6,4.39721,-3.74738,4.63273,-4.45882,0.826089,-3.09334,-0.975814,3.74217,-2.7356,1.215,-4.14341,0.198007,3.34754,-2.65678,-1.61763,4.87158,-2.07731,-3.6395,4.5345,1.85306,-1.74784,4.57773,-3.97074,-0.789704,1.17222,-4.37707,4.27409,0.284442,-0.162833,-0.75505,2.01494,-1.13831,-0.0808392,3.48736,-1.83931,-4.74946,3.1079])
0.8410456971581528
Max g: 0.6368398430856478
f_18([0.180605,4.90257,-4.13747,-3.30946,4.36207,-0.0528477,-3.15241e-7,4.47162,-3.80744,4.65845,-4.45751,0.799063,-3.09391,-1.00879,3.73559,-2.73315,1.2323,-4.1408,0.2044,3.27638,-2.57026,-1.67706,4.92203,-2.061,-3.63949,4.51481,1.87236,-1.74806,4.58142,-3.99716,-0.765648,1.1725,-4.42221,4.34015,0.271042,-0.172613,-0.904077,2.13328,-1.06551,-0.122588,3.47047,-1.9241,-4.65912,3.11883])
0.83845264745744
Max g: 0.6148468632249777
f_19([0.181511,4.90386,-4.14593,-3.30987,4.36315,-0.0533927,-6.60086e-8,4.54882,-3.86936,4.68628,-4.45655,0.770266,-3.09478,-1.04186,3.72912,-2.72554,1.24714,-4.14059,0.210812,3.20334,-2.48258,-1.73354,4.97012,-2.04602,-3.63883,4.49553,1.89161,-1.74884,4.58393,-4.02204,-0.738792,1.17102,-4.46294,4.39719,0.263377,-0.185284,-1.04985,2.25046,-0.996469,-0.164412,3.45695,-2.0156,-4.56405,3.12822])
0.8368569245646935
Max g: 0.5916999500088186
f_20([0.181754,4.90503,-4.15063,-3.30999,4.36395,-0.0539617,6.19313e-7,4.63432,-3.93863,4.71504,-4.45532,0.740288,-3.09556,-1.07696,3.72569,-2.72285,1.26828,-4.13572,0.217005,3.1311,-2.39765,-1.7745,4.99998,-2.03049,-3.63878,4.48219,1.91068,-1.75523,4.58552,-4.04783,-0.71136,1.17136,-4.50066,4.45204,0.259394,-0.199546,-1.19479,2.37024,-0.929705,-0.207865,3.44109,-2.10536,-4.46621,3.13513])
0.8348622709487605
{0.1817536919954799,4.905034826869566,-4.150626297148413,-3.309986650457069,4.363949085870502,-0.05396171750848019,6.19312948255078e-7,4.634322710156793,-3.9386342321194743,4.715036321589527,-4.4553243619280085,0.740288490618872,-3.0955565981626765,-1.0769599089362147,3.725687868177678,-2.722852681876549,1.2682777810690649,-4.135722150185723,0.21700456211536928,3.1311040175456597,-2.397653067989506,-1.7745012324636689,4.999976965324224,-2.030485564865363,-3.6387786260879698,4.4821948274815995,1.9106813401292173,-1.7552286145895888,4.585515129057454,-4.047827337208149,-0.7113598068516179,1.171359708429662,-4.500663142862588,4.45204089466266,0.2593944126495852,-0.19954647257186203,-1.194794320441437,2.370242736768706,-0.9297054053055921,-0.2078650894968427,3.4410893359244747,-2.105356028002877,-4.46620736647826,3.1351333047588703}]
Set[{A021,A031,A032,A041,A042,A043,A121,A131,A132,A141,A142,A143,B021,B031,B032,B041,B042,B043,B121,B131,B132,B141,B142,B143,\[Alpha]1,\[Alpha]2,\[Alpha]3,\[Alpha]4,\[Beta]11,\[Beta]12,\[Beta]13,\[Beta]14,\[Beta]21,\[Beta]22,\[Beta]23,\[Beta]24,\[Beta]31,\[Beta]32,\[Beta]33,\[Beta]34,\[Beta]41,\[Beta]42,\[Beta]43,\[Beta]44},{0.1817536919954799,4.905034826869566,-4.150626297148413,-3.309986650457069,4.363949085870502,-0.05396171750848019,6.19312948255078e-7,4.634322710156793,-3.9386342321194743,4.715036321589527,-4.4553243619280085,0.740288490618872,-3.0955565981626765,-1.0769599089362147,3.725687868177678,-2.722852681876549,1.2682777810690649,-4.135722150185723,0.21700456211536928,3.1311040175456597,-2.397653067989506,-1.7745012324636689,4.999976965324224,-2.030485564865363,-3.6387786260879698,4.4821948274815995,1.9106813401292173,-1.7552286145895888,4.585515129057454,-4.047827337208149,-0.7113598068516179,1.171359708429662,-4.500663142862588,4.45204089466266,0.2593944126495852,-0.19954647257186203,-1.194794320441437,2.370242736768706,-0.9297054053055921,-0.2078650894968427,3.4410893359244747,-2.105356028002877,-4.46620736647826,3.1351333047588703}]

Max g: 0.5677554242619757
f_21([0.182235,4.90504,-4.15837,-3.31237,4.36447,-0.0523005,7.91265e-22,4.72386,-4.01337,4.74346,-4.45391,0.710449,-3.09618,-1.11321,3.71894,-2.71857,1.28624,-4.13258,0.223348,3.05732,-2.31403,-1.78654,5.0,-2.01599,-3.638,4.46052,1.93276,-1.75606,4.58623,-4.07648,-0.683627,1.1728,-4.53125,4.49625,0.256006,-0.21354,-1.33768,2.49293,-0.865511,-0.253312,3.43009,-2.19092,-4.37526,3.13937])
0.8323689539288442
Max g: 0.544019638188827
f_22([0.179953,4.90453,-4.15857,-3.31314,4.36468,-0.0524434,-2.12452e-20,4.81387,-4.08862,4.77376,-4.45268,0.678916,-3.09647,-1.14855,3.71405,-2.71565,1.30948,-4.13153,0.229393,2.98367,-2.23142,-1.79819,5.0,-2.00194,-3.63809,4.44226,1.95371,-1.7594,4.58638,-4.10113,-0.656391,1.17369,-4.55585,4.53577,0.253439,-0.228044,-1.4803,2.61699,-0.804062,-0.298372,3.42213,-2.27173,-4.29116,3.14306])
0.8296761715473348
Max g: 0.518691534608641
f_23([0.178651,4.90431,-4.15946,-3.31094,4.3647,-0.0543511,-2.27951e-6,4.90414,-4.1647,4.80498,-4.45122,0.646245,-3.09688,-1.18195,3.71015,-2.71167,1.32841,-4.13007,0.234962,2.90922,-2.14931,-1.81074,4.99999,-1.98777,-3.63811,4.42495,1.97359,-1.76177,4.58627,-4.12806,-0.626407,1.17226,-4.57518,4.5649,0.252407,-0.24037,-1.61775,2.73967,-0.746433,-0.343831,3.4183,-2.34974,-4.2118,3.14437])
0.827880983292995
Max g: 0.4923800289267947
f_24([0.177624,4.90388,-4.16139,-3.31001,4.36407,-0.0544438,8.21405e-20,4.99222,-4.23898,4.83628,-4.44961,0.613336,-3.09743,-1.21341,3.70492,-2.70863,1.34603,-4.1262,0.240023,2.83702,-2.0711,-1.82416,4.99994,-1.97382,-3.63826,4.40971,1.99401,-1.76526,4.58471,-4.15121,-0.600581,1.17271,-4.58595,4.58709,0.253441,-0.254065,-1.75174,2.86282,-0.690213,-0.390366,3.4187,-2.42849,-4.13438,3.14389])
0.8253876662730788
Max g: 0.4647890100045617
f_25([0.17803,4.90424,-4.16697,-3.30806,4.36242,-0.0556323,-3.98953e-20,5.0,-4.24055,4.8723,-4.44817,0.575873,-3.09884,-1.24171,3.69931,-2.70623,1.36109,-4.12258,0.243267,2.76315,-1.99505,-1.83797,5.0,-1.95987,-3.63809,4.39291,2.01316,-1.76753,4.58339,-4.16043,-0.581007,1.16612,-4.59473,4.60277,0.256701,-0.263951,-1.88332,2.98989,-0.637748,-0.439431,3.42599,-2.47881,-4.09163,3.14162])
0.8294767061857414
Max g: 0.4365271074237914
f_26([0.174184,4.90397,-4.16348,-3.30542,4.36298,-0.0581471,2.53171e-20,5.0,-4.2359,4.90952,-4.44689,0.537371,-3.09972,-1.27452,3.69614,-2.70012,1.37596,-4.12181,0.245666,2.69057,-1.92253,-1.85103,4.99997,-1.94745,-3.63797,4.37282,2.03327,-1.76802,4.58051,-4.16699,-0.567968,1.16337,-4.60386,4.61344,0.260324,-0.271338,-2.011,3.11247,-0.589424,-0.485099,3.44041,-2.52242,-4.05814,3.13537])
0.8332665480560141
Max g: 0.4081007465210258
f_27([0.173026,4.90373,-4.16432,-3.30352,4.36286,-0.0594446,2.76082e-8,5.0,-4.23358,4.94672,-4.44541,0.498686,-3.10117,-1.30416,3.69125,-2.69462,1.39093,-4.11828,0.247417,2.61834,-1.85267,-1.86343,5.0,-1.93711,-3.63711,4.35573,2.05252,-1.77178,4.57713,-4.1735,-0.555878,1.16251,-4.60678,4.61743,0.262454,-0.275254,-2.13724,3.2378,-0.544603,-0.529968,3.4559,-2.55417,-4.03544,3.12881])
0.8360590631183203
Max g: 0.38006301960328925
f_28([0.170878,4.90431,-4.16594,-3.30322,4.36293,-0.0609608,-2.29657e-6,5.0,-4.23187,4.98247,-4.44368,0.461212,-3.10204,-1.33375,3.68715,-2.69257,1.40783,-4.11591,0.249048,2.548,-1.78492,-1.87425,5.0,-1.92794,-3.63703,4.3367,2.07259,-1.7728,4.57386,-4.18113,-0.541729,1.15891,-4.60681,4.61991,0.263442,-0.27916,-2.25862,3.35731,-0.503633,-0.570866,3.47571,-2.58441,-4.01717,3.12163])
0.83875184549983
Max g: 0.35285985077988413
f_29([0.169886,4.90401,-4.1662,-3.30359,4.36218,-0.0585938,-1.4613e-20,5.0,-4.23156,4.99999,-4.44166,0.441674,-3.10207,-1.35506,3.6819,-2.68463,1.41777,-4.11528,0.250549,2.47752,-1.71766,-1.88315,4.99995,-1.92043,-3.63657,4.32228,2.08776,-1.77438,4.56989,-4.18546,-0.528643,1.15482,-4.60544,4.61944,0.265179,-0.282439,-2.38089,3.47789,-0.466082,-0.610002,3.49315,-2.6056,-4.00483,3.11331])
0.83875184549983
Max g: 0.32656469423760714
f_30([0.17123,4.90399,-4.17329,-3.30214,4.36156,-0.0594746,1.2292e-20,5.0,-4.23231,5.0,-4.43955,0.439545,-3.10258,-1.37794,3.6772,-2.6809,1.43306,-4.11553,0.251338,2.4071,-1.65215,-1.89278,4.99996,-1.91344,-3.63641,4.30715,2.10401,-1.77592,4.56632,-4.18792,-0.520343,1.15331,-4.60185,4.61456,0.267641,-0.284161,-2.49841,3.59822,-0.430896,-0.648169,3.5122,-2.62546,-3.9979,3.10539])
0.8379539840534567
{0.1712297920260501,4.903985736861176,-4.173290440061654,-3.302138621771168,4.361556513870926,-0.05947455447299925,1.2291950953396568e-20,5.0,-4.232308122995943,4.999999999999999,-4.439545300050294,0.4395453000502944,-3.102580078528904,-1.377944321221643,3.677199835281623,-2.680895188859467,1.4330577621429994,-4.115534710269818,0.2513376381643908,2.4070967239804166,-1.6521475570353492,-1.8927752959857906,4.999955907384662,-1.9134440762907798,-3.636407991859953,4.307154707726276,2.104011444075635,-1.7759210965127672,4.566323887775021,-4.187921692575554,-0.5203434877128541,1.1533117543393498,-4.60184657920581,4.6145570847682835,0.2676410392785047,-0.28416078097070174,-2.498411558636665,3.5982184225967195,-0.43089598506747523,-0.6481687475124441,3.5122027455230524,-2.6254623718627337,-3.9979043553884672,3.1053911520491915}]
Set[{A021,A031,A032,A041,A042,A043,A121,A131,A132,A141,A142,A143,B021,B031,B032,B041,B042,B043,B121,B131,B132,B141,B142,B143,\[Alpha]1,\[Alpha]2,\[Alpha]3,\[Alpha]4,\[Beta]11,\[Beta]12,\[Beta]13,\[Beta]14,\[Beta]21,\[Beta]22,\[Beta]23,\[Beta]24,\[Beta]31,\[Beta]32,\[Beta]33,\[Beta]34,\[Beta]41,\[Beta]42,\[Beta]43,\[Beta]44},{0.1712297920260501,4.903985736861176,-4.173290440061654,-3.302138621771168,4.361556513870926,-0.05947455447299925,1.2291950953396568e-20,5.0,-4.232308122995943,4.999999999999999,-4.439545300050294,0.4395453000502944,-3.102580078528904,-1.377944321221643,3.677199835281623,-2.680895188859467,1.4330577621429994,-4.115534710269818,0.2513376381643908,2.4070967239804166,-1.6521475570353492,-1.8927752959857906,4.999955907384662,-1.9134440762907798,-3.636407991859953,4.307154707726276,2.104011444075635,-1.7759210965127672,4.566323887775021,-4.187921692575554,-0.5203434877128541,1.1533117543393498,-4.60184657920581,4.6145570847682835,0.2676410392785047,-0.28416078097070174,-2.498411558636665,3.5982184225967195,-0.43089598506747523,-0.6481687475124441,3.5122027455230524,-2.6254623718627337,-3.9979043553884672,3.1053911520491915}]

Max g: 0.3007034954336413
f_31([0.171497,4.90441,-4.17779,-3.30047,4.3619,-0.0624718,-4.65095e-20,5.0,-4.2345,4.99994,-4.43729,0.437293,-3.1034,-1.4015,3.67283,-2.67625,1.44583,-4.11328,0.252044,2.33755,-1.5885,-1.90004,4.99993,-1.90894,-3.63662,4.29235,2.12083,-1.77833,4.56227,-4.19139,-0.509505,1.15021,-4.59807,4.61069,0.268425,-0.285894,-2.61525,3.71736,-0.39844,-0.68452,3.53506,-2.6371,-4.00093,3.09719])
0.835560399714337
Max g: 0.2756779009444171
f_32([0.169291,4.90447,-4.17528,-3.29993,4.36192,-0.0620126,5.82453e-20,4.99998,-4.23744,5.0,-4.43506,0.435062,-3.10394,-1.4241,3.66886,-2.67073,1.45869,-4.11118,0.252629,2.26974,-1.52655,-1.90664,5.0,-1.90499,-3.6363,4.28116,2.13725,-1.78276,4.55804,-4.19446,-0.498181,1.14627,-4.59509,4.60641,0.269536,-0.285756,-2.7284,3.83261,-0.369949,-0.717173,3.55731,-2.64322,-4.0088,3.09])
0.8333662807368107
Max g: 0.252125824595008
f_33([0.167675,4.90431,-4.17389,-3.3,4.36195,-0.0621094,8.88831e-21,5.0,-4.2418,4.99998,-4.43289,0.432904,-3.10466,-1.44341,3.66309,-2.66677,1.47304,-4.10921,0.252891,2.20161,-1.46484,-1.91318,4.99995,-1.90113,-3.63625,4.27063,2.15242,-1.78764,4.55312,-4.19854,-0.486081,1.14198,-4.59062,4.60095,0.270914,-0.285497,-2.83984,3.94766,-0.34332,-0.748028,3.58324,-2.64896,-4.02156,3.08233])
0.8303743003129113
Max g: 0.22909543786413333
f_34([0.164395,4.90442,-4.17068,-3.30193,4.36079,-0.0589492,5.58092e-7,5.0,-4.24718,5.0,-4.43073,0.430727,-3.10491,-1.46289,3.65971,-2.66305,1.4832,-4.10655,0.252894,2.13318,-1.40455,-1.91805,5.0,-1.89989,-3.63642,4.25896,2.16757,-1.78983,4.54957,-4.20303,-0.473588,1.13758,-4.58805,4.59511,0.27491,-0.285523,-2.94595,4.05705,-0.319485,-0.777173,3.60224,-2.63952,-4.04255,3.07473])
0.8272825872082151
Max g: 0.20663016454660293
f_35([0.162896,4.90452,-4.1703,-3.30023,4.36049,-0.0604449,2.62961e-20,5.0,-4.25092,5.0,-4.42926,0.429257,-3.10525,-1.47834,3.65784,-2.66088,1.49382,-4.10635,0.253252,2.08539,-1.36151,-1.91989,4.99983,-1.89955,-3.63644,4.2495,2.17807,-1.79159,4.54603,-4.2047,-0.466328,1.13553,-4.58537,4.59064,0.276397,-0.285956,-3.0199,4.13312,-0.303624,-0.796393,3.61672,-2.63361,-4.05777,3.06989])
0.8262852604002486
Max g: 0.19136456186025624
f_36([0.162211,4.9047,-4.17086,-3.30014,4.36066,-0.060614,4.80547e-7,5.0,-4.25426,5.0,-4.4281,0.428104,-3.10567,-1.48949,3.65536,-2.65837,1.50035,-4.10569,0.253339,2.04735,-1.32782,-1.92097,4.99924,-1.89961,-3.63652,4.24177,2.18686,-1.79277,4.54316,-4.20734,-0.459366,1.13315,-4.58273,4.5863,0.27799,-0.285832,-3.07794,4.19349,-0.292068,-0.811216,3.62952,-2.62759,-4.07248,3.06632])
0.8252879335922821
Max g: 0.17962486802752697
f_37([0.161225,4.90445,-4.17045,-3.30043,4.36062,-0.060372,5.44223e-21,5.0,-4.25803,5.0,-4.42686,0.426857,-3.10591,-1.50211,3.65415,-2.65686,1.50885,-4.10472,0.253338,2.00882,-1.29409,-1.92108,4.99751,-1.89979,-3.63639,4.23469,2.19547,-1.79472,4.54045,-4.20966,-0.452922,1.1314,-4.58019,4.58142,0.280615,-0.285944,-3.13659,4.25442,-0.280947,-0.825862,3.64232,-2.61966,-4.0896,3.06273])
0.823891676061129
Max g: 0.16790610242466109
f_38([0.160528,4.9042,-4.17055,-3.29987,4.361,-0.0612004,-3.63235e-8,5.0,-4.26212,5.0,-4.42573,0.425733,-3.1062,-1.51221,3.65199,-2.65525,1.51478,-4.10382,0.253329,1.97129,-1.26142,-1.92014,4.99526,-1.90042,-3.6364,4.22763,2.20374,-1.79547,4.53796,-4.21172,-0.446746,1.12955,-4.5776,4.57671,0.282903,-0.285972,-3.19251,4.31296,-0.270772,-0.83927,3.65494,-2.60946,-4.10906,3.05932])
0.8214980917220094
Max g: 0.15669922431832276
f_39([0.160212,4.90434,-4.17151,-3.30052,4.36125,-0.0607997,-2.5394e-20,5.0,-4.26652,5.0,-4.4247,0.424685,-3.10642,-1.52252,3.64984,-2.65279,1.52142,-4.10356,0.253214,1.93446,-1.22961,-1.91806,4.99188,-1.90107,-3.63634,4.22066,2.21156,-1.79671,4.5353,-4.21376,-0.440528,1.12765,-4.57525,4.57198,0.284819,-0.285419,-3.24644,4.36901,-0.261319,-0.852089,3.66757,-2.59671,-4.13041,3.05601])
0.8192042400636864
Max g: 0.14608355889383903
f_40([0.159868,4.90429,-4.17236,-3.29969,4.36106,-0.0613875,-1.80389e-7,5.0,-4.27098,5.0,-4.42353,0.423527,-3.10663,-1.53262,3.64777,-2.65092,1.52835,-4.10276,0.253235,1.89883,-1.1988,-1.91489,4.98807,-1.90222,-3.63631,4.21465,2.21979,-1.79854,4.53281,-4.21561,-0.434625,1.12612,-4.5731,4.56655,0.287267,-0.285006,-3.29764,4.42319,-0.252693,-0.864128,3.68015,-2.58352,-4.15319,3.05307])
0.8164117250013803
{0.15986810387678727,4.904287286005084,-4.17235970429819,-3.299685542374022,4.36106484236533,-0.06138753723938133,-1.803888137402808e-7,4.999998407604887,-4.270976388907202,4.9999999232909405,-4.423527393314324,0.4235273409699629,-3.1066263879858895,-1.5326177996554171,3.6477720241044795,-2.6509183453757617,1.5283521222792047,-4.10275918715072,0.25323526872741975,1.8988343381363948,-1.1988029955627446,-1.9148878145502737,4.988069933160603,-1.9022200901832995,-3.6363114283121556,4.214646695250492,2.21979147989346,-1.7985410638092418,4.532807047351869,-4.215606547881983,-0.4346249496407136,1.126115787474513,-4.573101674682785,4.5665538409774316,0.28726699454054433,-0.2850056083144932,-3.2976399148019664,4.423186472259917,-0.2526925320198422,-0.8641277674722375,3.6801516370488594,-2.5835247846034064,-4.153187161058158,3.0530734412414104}]
Set[{A021,A031,A032,A041,A042,A043,A121,A131,A132,A141,A142,A143,B021,B031,B032,B041,B042,B043,B121,B131,B132,B141,B142,B143,\[Alpha]1,\[Alpha]2,\[Alpha]3,\[Alpha]4,\[Beta]11,\[Beta]12,\[Beta]13,\[Beta]14,\[Beta]21,\[Beta]22,\[Beta]23,\[Beta]24,\[Beta]31,\[Beta]32,\[Beta]33,\[Beta]34,\[Beta]41,\[Beta]42,\[Beta]43,\[Beta]44},{0.15986810387678727,4.904287286005084,-4.17235970429819,-3.299685542374022,4.36106484236533,-0.06138753723938133,-1.803888137402808e-7,4.999998407604887,-4.270976388907202,4.9999999232909405,-4.423527393314324,0.4235273409699629,-3.1066263879858895,-1.5326177996554171,3.6477720241044795,-2.6509183453757617,1.5283521222792047,-4.10275918715072,0.25323526872741975,1.8988343381363948,-1.1988029955627446,-1.9148878145502737,4.988069933160603,-1.9022200901832995,-3.6363114283121556,4.214646695250492,2.21979147989346,-1.7985410638092418,4.532807047351869,-4.215606547881983,-0.4346249496407136,1.126115787474513,-4.573101674682785,4.5665538409774316,0.28726699454054433,-0.2850056083144932,-3.2976399148019664,4.423186472259917,-0.2526925320198422,-0.8641277674722375,3.6801516370488594,-2.5835247846034064,-4.153187161058158,3.0530734412414104}]

Max g: 0.1358690471104364
f_41([0.159755,4.90415,-4.17361,-3.30033,4.3611,-0.0609677,-1.76215e-19,5.0,-4.27592,5.0,-4.42251,0.422514,-3.10712,-1.54272,3.6462,-2.64917,1.53392,-4.10178,0.253072,1.86408,-1.16921,-1.91134,4.98364,-1.90343,-3.63631,4.20794,2.2276,-1.7996,4.53046,-4.21773,-0.428581,1.12428,-4.57103,4.56247,0.289224,-0.284413,-3.346,4.47422,-0.244792,-0.875379,3.69224,-2.56736,-4.17859,3.05034])
0.8148160021086338
Max g: 0.12618839892153058
f_42([0.159202,4.90443,-4.17403,-3.30017,4.3607,-0.060539,-2.75911e-20,5.0,-4.28101,5.0,-4.42146,0.421462,-3.10736,-1.55233,3.64471,-2.64736,1.54007,-4.1009,0.252951,1.82996,-1.14017,-1.90634,4.97816,-1.90483,-3.63632,4.20183,2.23459,-1.80105,4.5285,-4.22079,-0.423331,1.12298,-4.56889,4.5572,0.291922,-0.284102,-3.39415,4.52455,-0.237324,-0.886022,3.70417,-2.54965,-4.20593,3.048])
0.8127216158119042
Max g: 0.11690040418959938
f_43([0.158322,4.90431,-4.17402,-3.3002,4.36035,-0.0601846,1.19757e-8,5.0,-4.28606,5.0,-4.42044,0.420438,-3.10755,-1.56354,3.64387,-2.6452,1.54667,-4.10063,0.252753,1.79695,-1.11237,-1.90109,4.97241,-1.90632,-3.63629,4.19544,2.24292,-1.8024,4.52655,-4.22296,-0.417627,1.12125,-4.56691,4.55185,0.294554,-0.283478,-3.43914,4.57192,-0.230518,-0.896021,3.71643,-2.53086,-4.23462,3.04587])
0.8106272295151745
Max g: 0.10803103666988319
f_44([0.158495,4.90424,-4.17541,-3.30049,4.36008,-0.0596042,-2.07637e-20,5.0,-4.29144,5.0,-4.41944,0.419443,-3.10762,-1.5726,3.64233,-2.64406,1.55332,-4.09974,0.252543,1.76418,-1.08477,-1.89515,4.96601,-1.90778,-3.63614,4.18987,2.24985,-1.80395,4.52471,-4.22534,-0.412347,1.11981,-4.56557,4.54764,0.297158,-0.282956,-3.4837,4.61883,-0.22401,-0.905669,3.72826,-2.50943,-4.26573,3.04402])
0.8083333778568516
Max g: 0.09943636935245462
f_45([0.159238,4.9042,-4.17773,-3.3005,4.36026,-0.0599957,2.10419e-20,5.0,-4.29689,5.0,-4.4185,0.418499,-3.10793,-1.58114,3.64119,-2.6425,1.5588,-4.0989,0.252417,1.73263,-1.05833,-1.8877,4.95844,-1.90951,-3.63595,4.18468,2.25606,-1.80553,4.52292,-4.22789,-0.407428,1.11865,-4.56427,4.54285,0.300604,-0.282872,-3.52442,4.66197,-0.218244,-0.914641,3.73906,-2.48619,-4.29777,3.04216])
0.8062389915601219
Max g: 0.09121974967583237
f_46([0.158384,4.90427,-4.17754,-3.30088,4.36005,-0.0592547,1.72055e-21,5.0,-4.30264,5.0,-4.41749,0.417488,-3.10816,-1.59074,3.64004,-2.63966,1.56327,-4.09794,0.252124,1.70245,-1.03339,-1.88049,4.95112,-1.91136,-3.63581,4.17897,2.26361,-1.80695,4.52125,-4.22983,-0.402581,1.11736,-4.56349,4.53843,0.303915,-0.282539,-3.56383,4.70376,-0.212599,-0.923125,3.74932,-2.46129,-4.33141,3.04049])
0.8037456745402056
Max g: 0.08357721967547901
f_47([0.158078,4.90431,-4.17819,-3.30141,4.36001,-0.0586292,-7.67503e-7,5.0,-4.30844,5.0,-4.41648,0.416483,-3.10838,-1.60001,3.63866,-2.63861,1.57012,-4.09748,0.251843,1.67255,-1.00876,-1.87269,4.94323,-1.91312,-3.63564,4.17283,2.2707,-1.80819,4.51985,-4.23238,-0.398095,1.11625,-4.56276,4.53423,0.307199,-0.282108,-3.60151,4.74338,-0.207333,-0.931131,3.76005,-2.43458,-4.36689,3.03867])
0.8011526248394927
Max g: 0.07594095731834635
f_48([0.158567,4.90419,-4.18009,-3.30199,4.36034,-0.0583812,2.63812e-8,5.0,-4.31427,5.0,-4.41553,0.415528,-3.10862,-1.6073,3.63684,-2.63741,1.57573,-4.0969,0.251576,1.64387,-0.985047,-1.86455,4.93508,-1.9149,-3.63554,4.16772,2.27686,-1.80956,4.51835,-4.23529,-0.393658,1.1151,-4.56231,4.53032,0.310483,-0.281739,-3.63759,4.78139,-0.202612,-0.938618,3.77051,-2.40725,-4.40333,3.03744])
0.799357436585153
Max g: 0.07522221285004349
f_49([0.157695,4.90419,-4.17959,-3.30164,4.3603,-0.0587735,-1.8585e-9,5.0,-4.32038,5.0,-4.41458,0.414577,-3.10878,-1.6158,3.63499,-2.63652,1.58259,-4.09612,0.251289,1.61632,-0.962719,-1.85505,4.92584,-1.91704,-3.63556,4.16273,2.284,-1.81136,4.51721,-4.23698,-0.389374,1.11396,-4.56234,4.52646,0.314027,-0.28118,-3.67199,4.8177,-0.198242,-0.945426,3.78089,-2.37727,-4.44207,3.03618])
0.7962657234804569
Max g: 0.07728330835877167
f_50([0.157672,4.90416,-4.18044,-3.30192,4.36018,-0.0582668,-4.90906e-21,5.0,-4.32643,5.0,-4.41379,0.413787,-3.10895,-1.62368,3.63327,-2.63409,1.58777,-4.09562,0.250927,1.5896,-0.941109,-1.84575,4.91665,-1.91896,-3.63546,4.1575,2.29044,-1.81299,4.51614,-4.2398,-0.385151,1.11286,-4.56253,4.52294,0.316981,-0.280427,-3.70381,4.8517,-0.193986,-0.952261,3.78996,-2.3457,-4.4816,3.03517])
0.7940716045029306
{0.15767239770585342,4.9041562503000335,-4.180443390785545,-3.301921179730345,4.360179554828637,-0.0582667869593792,-4.9090645114916455e-21,5.0,-4.32642537999937,4.999999999999999,-4.413787160363939,0.41378716036392477,-3.1089498216809295,-1.6236833283332044,3.6332719249343484,-2.634086860160591,1.5877716629184833,-4.095616774168388,0.2509274321647574,1.5896027000211423,-0.9411094942066307,-1.8457532727189596,4.916649369875913,-1.9189587818286822,-3.6354642275617732,4.157498473435873,2.2904359370036205,-1.8129875104127047,4.516143350107716,-4.2397956295092625,-0.3851508629722515,1.1128586485343988,-4.5625337138766815,4.522937010014777,0.3169806982684358,-0.2804273216943746,-3.703812154330919,4.851698280623215,-0.19398630220783872,-0.9522605595639689,3.7899619829403015,-2.3456975686923847,-4.481603118931384,3.0351656574553396}]
Set[{A021,A031,A032,A041,A042,A043,A121,A131,A132,A141,A142,A143,B021,B031,B032,B041,B042,B043,B121,B131,B132,B141,B142,B143,\[Alpha]1,\[Alpha]2,\[Alpha]3,\[Alpha]4,\[Beta]11,\[Beta]12,\[Beta]13,\[Beta]14,\[Beta]21,\[Beta]22,\[Beta]23,\[Beta]24,\[Beta]31,\[Beta]32,\[Beta]33,\[Beta]34,\[Beta]41,\[Beta]42,\[Beta]43,\[Beta]44},{0.15767239770585342,4.9041562503000335,-4.180443390785545,-3.301921179730345,4.360179554828637,-0.0582667869593792,-4.9090645114916455e-21,5.0,-4.32642537999937,4.999999999999999,-4.413787160363939,0.41378716036392477,-3.1089498216809295,-1.6236833283332044,3.6332719249343484,-2.634086860160591,1.5877716629184833,-4.095616774168388,0.2509274321647574,1.5896027000211423,-0.9411094942066307,-1.8457532727189596,4.916649369875913,-1.9189587818286822,-3.6354642275617732,4.157498473435873,2.2904359370036205,-1.8129875104127047,4.516143350107716,-4.2397956295092625,-0.3851508629722515,1.1128586485343988,-4.5625337138766815,4.522937010014777,0.3169806982684358,-0.2804273216943746,-3.703812154330919,4.851698280623215,-0.19398630220783872,-0.9522605595639689,3.7899619829403015,-2.3456975686923847,-4.481603118931384,3.0351656574553396}]

Max g: 0.07903525478120252
f_51([0.157063,4.90434,-4.18026,-3.30159,4.35987,-0.0583325,-6.96531e-7,5.0,-4.3325,5.0,-4.41293,0.412932,-3.10915,-1.6303,3.63209,-2.63279,1.59275,-4.09506,0.250616,1.56402,-0.920548,-1.8357,4.90699,-1.92112,-3.6354,4.15366,2.29564,-1.8147,4.5154,-4.24279,-0.381649,1.11208,-4.56322,4.51923,0.320995,-0.280223,-3.73426,4.88359,-0.190013,-0.95838,3.79863,-2.3128,-4.52188,3.03395])
0.791678020163811
Max g: 0.08091103693281333
f_52([0.155399,4.9044,-4.18069,-3.3,4.35826,-0.0585414,4.80287e-7,5.0,-4.35033,5.0,-4.41104,0.41104,-3.11005,-1.6433,3.62959,-2.63203,1.60002,-4.09389,0.24123,1.53738,-0.917147,-1.83349,4.89176,-1.92441,-3.63328,4.13979,2.30608,-1.8132,4.51478,-4.23866,-0.390807,1.11343,-4.56579,4.501,0.333547,-0.267267,-3.77308,4.91027,-0.18798,-0.946461,3.83062,-2.2237,-4.6478,3.03214])
0.7844972671464521
Max g: 0.07138104232243409
f_53([0.154322,4.90461,-4.1807,-3.30138,4.35827,-0.0570242,-8.64466e-22,5.0,-4.37048,5.0,-4.4095,0.409504,-3.11012,-1.65793,3.62704,-2.62964,1.60981,-4.09185,0.238269,1.50888,-0.900575,-1.8102,4.87086,-1.92935,-3.63315,4.13053,2.31831,-1.81574,4.51567,-4.24038,-0.391056,1.11242,-4.57279,4.48941,0.348417,-0.263236,-3.80969,4.93869,-0.187156,-0.941902,3.86803,-2.10572,-4.79886,3.03177])
0.7758205239171435
Max g: 0.06938120868994706
f_54([0.152806,4.90488,-4.18036,-3.30076,4.35824,-0.0575203,4.36095e-21,5.0,-4.3841,5.0,-4.4081,0.408095,-3.11033,-1.67102,3.62554,-2.62664,1.61819,-4.0919,0.236752,1.48098,-0.881885,-1.7844,4.84739,-1.93454,-3.6331,4.12075,2.32845,-1.81673,4.51717,-4.2465,-0.387483,1.11123,-4.58098,4.48453,0.360932,-0.262364,-3.83921,4.96827,-0.186274,-0.94349,3.89051,-2.01742,-4.9085,3.03276])
0.7700360284309378
Max g: 0.06830186809635916
f_55([0.153418,4.90483,-4.18235,-3.30061,4.3583,-0.0577113,-1.01547e-20,5.0,-4.3928,5.0,-4.40705,0.407046,-3.11059,-1.68027,3.62464,-2.62559,1.62485,-4.09089,0.235991,1.45898,-0.866327,-1.7633,4.82833,-1.93877,-3.63308,4.11569,2.33569,-1.81882,4.51883,-4.25128,-0.385018,1.1113,-4.58742,4.48277,0.369545,-0.262683,-3.86033,4.99095,-0.1857,-0.945959,3.90474,-1.95682,-4.98396,3.03417])
0.7661464538798685
Max g: 0.06808103016879936
f_56([0.15322,4.90461,-4.18231,-3.30236,4.35812,-0.055765,-2.66323e-21,5.0,-4.39523,5.0,-4.40534,0.405342,-3.11105,-1.68511,3.62399,-2.62457,1.62768,-4.09034,0.236577,1.44716,-0.856249,-1.74718,4.81509,-1.94182,-3.63329,4.11349,2.33989,-1.82029,4.521,-4.25597,-0.373741,1.10376,-4.59232,4.4841,0.375896,-0.26641,-3.86672,5.0,-0.185458,-0.949584,3.90843,-1.9424,-5.0,3.03382])
0.7647501963487153
Max g: 0.06655048087859507
f_57([0.153066,4.90455,-4.18274,-3.30243,4.35812,-0.0557272,8.32172e-9,5.0,-4.39571,5.0,-4.40395,0.403949,-3.11118,-1.68994,3.62325,-2.62366,1.63093,-4.09,0.236878,1.44629,-0.856144,-1.73635,4.80596,-1.94362,-3.63329,4.11032,2.34391,-1.82109,4.52325,-4.26088,-0.36583,1.09917,-4.59675,4.48626,0.380456,-0.268877,-3.86139,4.9995,-0.187051,-0.951697,3.90953,-1.94128,-5.0,3.03145])
0.7640520675831387
Max g: 0.06473693102748783
f_58([0.152904,4.9045,-4.18308,-3.30229,4.3582,-0.0559617,6.07214e-5,5.0,-4.39629,5.0,-4.40342,0.403419,-3.11133,-1.69469,3.62249,-2.62285,1.63435,-4.08969,0.237055,1.4459,-0.856621,-1.72663,4.79782,-1.9454,-3.63326,4.10706,2.34787,-1.82191,4.52536,-4.26428,-0.364439,1.09921,-4.6007,4.48836,0.384051,-0.270827,-3.85829,4.99825,-0.188875,-0.951688,3.91107,-1.94013,-5.0,3.02863])
0.7631544734559689
Max g: 0.06407406509100592
f_59([0.152547,4.9044,-4.18309,-3.30227,4.35825,-0.0560094,0.000205043,5.0,-4.39693,5.0,-4.40287,0.402867,-3.11146,-1.69973,3.62172,-2.622,1.63774,-4.08936,0.237224,1.4454,-0.856951,-1.71749,4.79021,-1.9471,-3.63324,4.10356,2.35211,-1.82258,4.52743,-4.26749,-0.363677,1.09969,-4.60406,4.49043,0.386828,-0.272497,-3.85525,4.99682,-0.190502,-0.951591,3.91288,-1.93907,-5.0,3.02565])
0.7624563446903924
Max g: 0.06358393260081613
f_60([0.152497,4.90439,-4.18374,-3.3023,4.35823,-0.0559421,0.000365816,5.0,-4.3976,5.0,-4.40234,0.402338,-3.11158,-1.70453,3.62108,-2.62111,1.64085,-4.089,0.237379,1.44482,-0.857227,-1.70876,4.78293,-1.94871,-3.63321,4.10015,2.35604,-1.82319,4.52952,-4.27085,-0.362779,1.10004,-4.60702,4.49254,0.388775,-0.273733,-3.85219,4.99532,-0.19207,-0.951591,3.91505,-1.93817,-5.0,3.02259])
0.7617582159248157
{0.15249681827486988,4.904392620732888,-4.183740619136126,-3.3023007224678365,4.358227234847337,-0.05594213046428033,0.0003658162763277752,4.999999924049224,-4.397597969960173,4.99999999127434,-4.40233791290976,0.40233786382180475,-3.111578499954857,-1.7045334421212786,3.621078636393912,-2.6211119757955035,1.6408474925274645,-4.088997188605014,0.23737859162285024,1.444823821022732,-0.8572272944791269,-1.708762976007147,4.782932934048163,-1.9487112702744807,-3.633207328495492,4.100145676441972,2.3560401261593893,-1.8231944482041968,4.529517419319454,-4.270850833835107,-0.36277945635837905,1.1000392690632637,-4.607023676334715,4.492535158549011,0.3887745281654021,-0.2737328957909488,-3.8521931695713802,4.9953185139052065,-0.19207028859020103,-0.9515908601489493,3.9150472007606187,-1.9381700006092695,-4.999999985278204,3.022586221212464}]
Set[{A021,A031,A032,A041,A042,A043,A121,A131,A132,A141,A142,A143,B021,B031,B032,B041,B042,B043,B121,B131,B132,B141,B142,B143,\[Alpha]1,\[Alpha]2,\[Alpha]3,\[Alpha]4,\[Beta]11,\[Beta]12,\[Beta]13,\[Beta]14,\[Beta]21,\[Beta]22,\[Beta]23,\[Beta]24,\[Beta]31,\[Beta]32,\[Beta]33,\[Beta]34,\[Beta]41,\[Beta]42,\[Beta]43,\[Beta]44},{0.15249681827486988,4.904392620732888,-4.183740619136126,-3.3023007224678365,4.358227234847337,-0.05594213046428033,0.0003658162763277752,4.999999924049224,-4.397597969960173,4.99999999127434,-4.40233791290976,0.40233786382180475,-3.111578499954857,-1.7045334421212786,3.621078636393912,-2.6211119757955035,1.6408474925274645,-4.088997188605014,0.23737859162285024,1.444823821022732,-0.8572272944791269,-1.708762976007147,4.782932934048163,-1.9487112702744807,-3.633207328495492,4.100145676441972,2.3560401261593893,-1.8231944482041968,4.529517419319454,-4.270850833835107,-0.36277945635837905,1.1000392690632637,-4.607023676334715,4.492535158549011,0.3887745281654021,-0.2737328957909488,-3.8521931695713802,4.9953185139052065,-0.19207028859020103,-0.9515908601489493,3.9150472007606187,-1.9381700006092695,-4.999999985278204,3.022586221212464}]

Max g: 0.06316157174732921
f_61([0.152469,4.90439,-4.18436,-3.30222,4.35821,-0.0559921,0.000507622,5.0,-4.39828,5.0,-4.40178,0.401784,-3.11174,-1.70915,3.62033,-2.62037,1.64407,-4.08867,0.237509,1.44415,-0.857426,-1.7004,4.77593,-1.95024,-3.63318,4.09694,2.35997,-1.82391,4.53156,-4.27387,-0.361949,1.10036,-4.60966,4.49486,0.390024,-0.274646,-3.84936,4.99392,-0.193504,-0.95156,3.91749,-1.93748,-5.0,3.01944])
0.7610600871592392
Max g: 0.06279103852487908
f_62([0.152149,4.90438,-4.18443,-3.30219,4.3582,-0.0560076,0.000667588,5.0,-4.39896,5.0,-4.40125,0.401248,-3.11189,-1.71382,3.61958,-2.61956,1.64721,-4.08812,0.237634,1.44335,-0.857469,-1.69237,4.76924,-1.95172,-3.63318,4.09384,2.36394,-1.82478,4.53371,-4.27709,-0.361077,1.10062,-4.6121,4.49722,0.390691,-0.275354,-3.84647,4.99244,-0.194956,-0.951468,3.91999,-1.93683,-5.0,3.01624])
0.7602622257128661
Max g: 0.06241993909179404
f_63([0.151963,4.90436,-4.18477,-3.30211,4.35821,-0.0560998,0.000818132,5.0,-4.39969,5.0,-4.40069,0.400688,-3.11204,-1.71866,3.61892,-2.61877,1.65041,-4.08761,0.237753,1.44247,-0.857455,-1.6845,4.76267,-1.95312,-3.63315,4.09054,2.36797,-1.82556,4.53574,-4.28017,-0.360229,1.10084,-4.61435,4.4995,0.391084,-0.275841,-3.84376,4.99097,-0.196279,-0.951416,3.92271,-1.9363,-5.0,3.01293])
0.7597635623088828
Max g: 0.062131267243269644
f_64([0.151683,4.90437,-4.18499,-3.30203,4.35818,-0.0561736,0.000969699,5.0,-4.40039,5.0,-4.40012,0.400118,-3.11221,-1.72333,3.6182,-2.61799,1.65362,-4.0872,0.237861,1.44148,-0.857356,-1.67687,4.75626,-1.95451,-3.63316,4.0874,2.37194,-1.82639,4.53781,-4.28327,-0.359368,1.10109,-4.61621,4.50156,0.391168,-0.276159,-3.84102,4.98962,-0.197581,-0.951424,3.92549,-1.93583,-5.0,3.00968])
0.7587662355009163
Max g: 0.0618861152645217
f_65([0.151477,4.9043,-4.18512,-3.30198,4.35818,-0.0561974,0.00107851,5.0,-4.40101,5.0,-4.39965,0.399649,-3.11234,-1.72746,3.6176,-2.61726,1.65626,-4.08672,0.237947,1.44054,-0.857173,-1.67051,4.75091,-1.95564,-3.63315,4.08459,2.37543,-1.82708,4.53955,-4.28579,-0.358622,1.10122,-4.61773,4.50334,0.391045,-0.276334,-3.83878,4.98844,-0.198618,-0.951396,3.92801,-1.93548,-5.0,3.00676])
0.7580681067353398
Max g: 0.0617003798004591
f_66([0.151309,4.9043,-4.18539,-3.30194,4.35817,-0.0562287,0.00119087,5.0,-4.40157,5.0,-4.39921,0.399214,-3.11246,-1.73111,3.61696,-2.61654,1.65874,-4.08645,0.238026,1.4397,-0.85702,-1.66471,4.74606,-1.95667,-3.63313,4.08191,2.37861,-1.8276,4.54111,-4.28808,-0.357995,1.10138,-4.619,4.50488,0.390877,-0.276471,-3.83685,4.98744,-0.199549,-0.951382,3.93044,-1.93526,-5.0,3.00411])
0.7571705126081699
Max g: 0.0615434039537713
f_67([0.151549,4.90423,-4.18635,-3.30207,4.35824,-0.056225,0.00134237,5.0,-4.4022,5.0,-4.39787,0.397872,-3.11247,-1.73548,3.61676,-2.61633,1.66215,-4.08617,0.2381,1.43887,-0.856845,-1.65909,4.74139,-1.95764,-3.63314,4.07929,2.382,-1.8283,4.54278,-4.29048,-0.357402,1.10157,-4.61966,4.50583,0.390809,-0.276641,-3.83592,4.98712,-0.200328,-0.951248,3.93256,-1.93442,-5.0,3.00122])
0.75657211652339
Max g: 0.061381150895449314
f_68([0.151244,4.90427,-4.18648,-3.302,4.35825,-0.0562675,0.00151118,5.0,-4.40296,5.0,-4.39732,0.397319,-3.11263,-1.74047,3.61616,-2.61551,1.66559,-4.08574,0.23817,1.43776,-0.856652,-1.65231,4.73568,-1.95887,-3.63307,4.07599,2.38609,-1.8292,4.54475,-4.29352,-0.356324,1.10161,-4.6209,4.50785,0.389644,-0.276359,-3.83331,4.98578,-0.201427,-0.95145,3.93572,-1.9342,-5.0,2.99777])
0.7557742550770168
Max g: 0.06121322680426426
f_69([0.151111,4.90423,-4.18678,-3.30207,4.35825,-0.0561882,0.00162605,5.0,-4.4036,5.0,-4.39684,0.39684,-3.11273,-1.74448,3.61558,-2.61469,1.66828,-4.08543,0.238232,1.43676,-0.856405,-1.64652,4.73085,-1.95992,-3.63307,4.07326,2.38951,-1.82989,4.54638,-4.29595,-0.355582,1.10168,-4.62194,4.50962,0.388666,-0.276103,-3.83136,4.98477,-0.202329,-0.95146,3.93868,-1.93418,-5.0,2.99478])
0.7550761263114402
Max g: 0.06108674787167147
f_70([0.150953,4.90423,-4.18699,-3.30208,4.35825,-0.056173,0.00172254,5.0,-4.40414,5.0,-4.39644,0.396436,-3.11284,-1.7479,3.61506,-2.61409,1.67061,-4.08513,0.238287,1.43588,-0.856163,-1.64166,4.72678,-1.96078,-3.63305,4.07085,2.39245,-1.83045,4.54777,-4.29796,-0.354937,1.10171,-4.62274,4.51099,0.387873,-0.275896,-3.82979,4.98395,-0.203082,-0.951452,3.94121,-1.9342,-5.0,2.99226])
0.7546771955882536
{0.15095299870628284,4.904228989561178,-4.186992387342263,-3.3020758877443903,4.358248151308641,-0.0561729961428349,0.001722539418667666,4.999999999999992,-4.404136340514423,4.9999999999999964,-4.396436487257546,0.3964364872575496,-3.112835708868648,-1.747899663400614,3.6150625678180717,-2.6140873411028447,1.6706097706039011,-4.085129736662175,0.23828696310385797,1.4358799335121268,-0.856162600410493,-1.6416591591288654,4.72678034204539,-1.9607839121181996,-3.6330492719308953,4.07085028127538,2.3924460313193237,-1.8304473473284744,4.54777049573224,-4.297964440320204,-0.3549366462179094,1.1017094795730102,-4.622736419445827,4.510987412423944,0.3878726343792856,-0.27589633069335084,-3.829791442392631,4.983951315199154,-0.20308222358110295,-0.9514516150652265,3.9412129170020096,-1.9341987994343488,-4.999999999999991,2.992257834498286}]
Set[{A021,A031,A032,A041,A042,A043,A121,A131,A132,A141,A142,A143,B021,B031,B032,B041,B042,B043,B121,B131,B132,B141,B142,B143,\[Alpha]1,\[Alpha]2,\[Alpha]3,\[Alpha]4,\[Beta]11,\[Beta]12,\[Beta]13,\[Beta]14,\[Beta]21,\[Beta]22,\[Beta]23,\[Beta]24,\[Beta]31,\[Beta]32,\[Beta]33,\[Beta]34,\[Beta]41,\[Beta]42,\[Beta]43,\[Beta]44},{0.15095299870628284,4.904228989561178,-4.186992387342263,-3.3020758877443903,4.358248151308641,-0.0561729961428349,0.001722539418667666,4.999999999999992,-4.404136340514423,4.9999999999999964,-4.396436487257546,0.3964364872575496,-3.112835708868648,-1.747899663400614,3.6150625678180717,-2.6140873411028447,1.6706097706039011,-4.085129736662175,0.23828696310385797,1.4358799335121268,-0.856162600410493,-1.6416591591288654,4.72678034204539,-1.9607839121181996,-3.6330492719308953,4.07085028127538,2.3924460313193237,-1.8304473473284744,4.54777049573224,-4.297964440320204,-0.3549366462179094,1.1017094795730102,-4.622736419445827,4.510987412423944,0.3878726343792856,-0.27589633069335084,-3.829791442392631,4.983951315199154,-0.20308222358110295,-0.9514516150652265,3.9412129170020096,-1.9341987994343488,-4.999999999999991,2.992257834498286}]

Max g: 0.06098642817803459
f_71([0.150783,4.90423,-4.18725,-3.30208,4.35825,-0.0561646,0.00182777,5.0,-4.40472,5.0,-4.396,0.395998,-3.11295,-1.75162,3.61449,-2.61344,1.67318,-4.08481,0.238345,1.4349,-0.855885,-1.63634,4.72232,-1.96173,-3.63302,4.06819,2.39566,-1.83104,4.54928,-4.30018,-0.354238,1.10175,-4.62357,4.51244,0.387024,-0.275672,-3.82812,4.98312,-0.203905,-0.951454,3.94401,-1.93425,-5.0,2.98951])
0.7544777302266603
Max g: 0.06088171203284754
f_72([0.150719,4.90422,-4.18735,-3.30209,4.35825,-0.0561625,0.00186912,5.0,-4.40495,5.0,-4.39583,0.395826,-3.113,-1.75307,3.61426,-2.61318,1.67417,-4.08469,0.238367,1.43451,-0.855771,-1.63426,4.72057,-1.9621,-3.633,4.06716,2.39691,-1.83126,4.54987,-4.30104,-0.35396,1.10177,-4.62389,4.51299,0.386711,-0.275589,-3.82748,4.98282,-0.204219,-0.951468,3.94513,-1.93431,-5.0,2.98844])
0.7540787995034737
Max g: 0.06084138189607247
f_73([0.150523,4.90424,-4.18721,-3.30212,4.35824,-0.0561241,0.00189432,5.0,-4.40534,5.0,-4.39469,0.394692,-3.11347,-1.755,3.61377,-2.61272,1.67523,-4.08438,0.238321,1.43426,-0.856035,-1.63156,4.71827,-1.96259,-3.63279,4.06576,2.39871,-1.83194,4.5563,-4.30762,-0.354223,1.1024,-4.62455,4.51381,0.386252,-0.275265,-3.82611,4.98169,-0.204677,-0.951232,3.94734,-1.93468,-5.0,2.98655])
0.7532809380571005
Max g: 0.0608432887003353
f_74([0.150236,4.90424,-4.18743,-3.30198,4.35824,-0.0562972,0.002026,5.0,-4.40609,5.0,-4.39413,0.39413,-3.11365,-1.75958,3.61302,-2.61178,1.67813,-4.0839,0.238389,1.43296,-0.855622,-1.62503,4.71283,-1.96376,-3.63277,4.06249,2.40276,-1.83268,4.55813,-4.31042,-0.353126,1.10228,-4.62554,4.51548,0.385255,-0.274971,-3.82429,4.98095,-0.205646,-0.951332,3.95115,-1.93496,-5.0,2.98302])
0.7520841458875407
Max g: 0.06070009724958324
f_75([0.149944,4.90421,-4.18765,-3.30195,4.3582,-0.0562966,0.00214878,5.0,-4.40682,5.0,-4.39356,0.39356,-3.1138,-1.76449,3.61239,-2.61096,1.68148,-4.08352,0.238454,1.43164,-0.855191,-1.61845,4.70726,-1.96488,-3.63273,4.05893,2.40693,-1.83338,4.55992,-4.31314,-0.352217,1.10227,-4.6265,4.51712,0.384291,-0.274682,-3.82261,4.98022,-0.206561,-0.951375,3.95487,-1.93517,-5.0,2.97952])
0.7512862844411675
Max g: 0.06058984177340837
f_76([0.149719,4.90416,-4.18793,-3.3019,4.35823,-0.0563426,0.00226585,5.0,-4.40757,5.0,-4.39299,0.392987,-3.11396,-1.76927,3.6117,-2.61004,1.68472,-4.08328,0.238509,1.43034,-0.854795,-1.61193,4.70178,-1.96603,-3.63267,4.05546,2.41111,-1.83408,4.56169,-4.31576,-0.351218,1.10221,-4.62736,4.51864,0.383336,-0.274391,-3.82092,4.9796,-0.207525,-0.951434,3.95882,-1.9356,-5.0,2.97601])
0.7504884229947943
Max g: 0.06045894933949152
f_77([0.149601,4.90416,-4.18837,-3.30182,4.35824,-0.0564222,0.0024071,5.0,-4.40831,5.0,-4.39243,0.392427,-3.11411,-1.77386,3.61098,-2.60916,1.68791,-4.08291,0.238578,1.42903,-0.854363,-1.60541,4.69632,-1.96716,-3.63262,4.05216,2.41509,-1.83485,4.56351,-4.31834,-0.350391,1.10227,-4.62848,4.52031,0.382528,-0.274193,-3.81945,4.97915,-0.208477,-0.951481,3.9626,-1.93589,-5.0,2.97246])
0.7501892249524044
Max g: 0.06037690025342983
f_78([0.149283,4.90413,-4.18852,-3.30168,4.35823,-0.0565521,0.00250077,5.0,-4.40905,5.0,-4.39186,0.391859,-3.11429,-1.7783,3.61017,-2.60837,1.69094,-4.08244,0.238621,1.42767,-0.853918,-1.5992,4.69107,-1.96823,-3.63259,4.04887,2.41913,-1.83558,4.56525,-4.32096,-0.34945,1.10218,-4.62937,4.52175,0.381702,-0.273881,-3.81803,4.97864,-0.209345,-0.951507,3.96666,-1.93643,-5.0,2.96893])
0.7492916308252345
Max g: 0.060296884122286606
f_79([0.14902,4.90416,-4.18878,-3.30166,4.35828,-0.0566582,0.00262741,5.0,-4.4098,5.0,-4.3913,0.391297,-3.11445,-1.78283,3.60955,-2.60729,1.69373,-4.082,0.238673,1.42629,-0.853419,-1.59297,4.6858,-1.96927,-3.63257,4.04567,2.42302,-1.83636,4.56697,-4.32344,-0.348433,1.10205,-4.63026,4.52321,0.380925,-0.273693,-3.81672,4.97836,-0.210225,-0.951579,3.97069,-1.93695,-5.0,2.96542])
0.7484937693788613
Max g: 0.06021052010219884
f_80([0.148651,4.90411,-4.18878,-3.30171,4.35837,-0.0566793,0.00272912,5.0,-4.41054,5.0,-4.39073,0.390731,-3.11462,-1.78754,3.60887,-2.60648,1.69684,-4.08147,0.238725,1.42488,-0.852895,-1.58677,4.6806,-1.97036,-3.63252,4.04231,2.42715,-1.83714,4.56867,-4.32606,-0.347605,1.10209,-4.63117,4.52462,0.380154,-0.27341,-3.81556,4.97806,-0.21106,-0.951671,3.97459,-1.93732,-5.0,2.96192])
0.7478953732940814
{0.14865108021487075,4.904110803970995,-4.188780379401546,-3.3017070552331194,4.358369380946752,-0.05667929459245285,0.002729123954309286,4.999999950506609,-4.410536272957002,4.999999641966892,-4.390731164344224,0.39073131263704786,-3.1146197730843155,-1.78754094680153,3.6088743391314715,-2.6064833933085976,1.6968437466541662,-4.081466094457887,0.23872469179493735,1.4248800682118756,-0.8528951669686091,-1.5867658937393276,4.680599875295031,-1.9703626682142579,-3.632522996955566,4.042305665340887,2.427153699885269,-1.8371422787483513,4.568672168082014,-4.326063152939462,-0.3476051917392124,1.102089611672759,-4.631170691569731,4.524620778141283,0.38015422290617923,-0.2734099637461459,-3.815555042863907,4.978062525785834,-0.2110600423152683,-0.9516711863227523,3.9745867445103547,-1.9373248295740484,-4.999999900037436,2.961919563232196}]
Set[{A021,A031,A032,A041,A042,A043,A121,A131,A132,A141,A142,A143,B021,B031,B032,B041,B042,B043,B121,B131,B132,B141,B142,B143,\[Alpha]1,\[Alpha]2,\[Alpha]3,\[Alpha]4,\[Beta]11,\[Beta]12,\[Beta]13,\[Beta]14,\[Beta]21,\[Beta]22,\[Beta]23,\[Beta]24,\[Beta]31,\[Beta]32,\[Beta]33,\[Beta]34,\[Beta]41,\[Beta]42,\[Beta]43,\[Beta]44},{0.14865108021487075,4.904110803970995,-4.188780379401546,-3.3017070552331194,4.358369380946752,-0.05667929459245285,0.002729123954309286,4.999999950506609,-4.410536272957002,4.999999641966892,-4.390731164344224,0.39073131263704786,-3.1146197730843155,-1.78754094680153,3.6088743391314715,-2.6064833933085976,1.6968437466541662,-4.081466094457887,0.23872469179493735,1.4248800682118756,-0.8528951669686091,-1.5867658937393276,4.680599875295031,-1.9703626682142579,-3.632522996955566,4.042305665340887,2.427153699885269,-1.8371422787483513,4.568672168082014,-4.326063152939462,-0.3476051917392124,1.102089611672759,-4.631170691569731,4.524620778141283,0.38015422290617923,-0.2734099637461459,-3.815555042863907,4.978062525785834,-0.2110600423152683,-0.9516711863227523,3.9745867445103547,-1.9373248295740484,-4.999999900037436,2.961919563232196}]

Max g: 0.060147520614964686
f_81([0.148441,4.90409,-4.18898,-3.30171,4.35838,-0.0566788,0.00282435,5.0,-4.41113,5.0,-4.39028,0.390275,-3.11474,-1.79134,3.60838,-2.60592,1.69947,-4.08114,0.238768,1.42379,-0.852522,-1.58169,4.67633,-1.97124,-3.63252,4.03956,2.43047,-1.83771,4.57002,-4.32804,-0.346864,1.10203,-4.63175,4.52564,0.379411,-0.273158,-3.81456,4.97783,-0.211707,-0.951753,3.9778,-1.9377,-5.0,2.95911])
0.7474964425708948
Max g: 0.06007189124895966
f_82([0.148298,4.90408,-4.18917,-3.30172,4.35839,-0.0566735,0.00289789,5.0,-4.41162,5.0,-4.3899,0.389898,-3.11483,-1.7944,3.60792,-2.60535,1.70161,-4.08089,0.238799,1.42285,-0.852172,-1.57757,4.67287,-1.97197,-3.63249,4.03733,2.43316,-1.83821,4.57113,-4.32971,-0.346224,1.10198,-4.63225,4.52648,0.378909,-0.272978,-3.81382,4.97772,-0.212254,-0.951824,3.98051,-1.93808,-5.0,2.95676])
0.7470975118477082
Max g: 0.060019130377774614
f_83([0.148104,4.90407,-4.1893,-3.30168,4.35838,-0.0567136,0.00297015,5.0,-4.41211,5.0,-4.38953,0.389533,-3.11492,-1.79738,3.60746,-2.60484,1.70369,-4.08064,0.238832,1.42192,-0.851836,-1.57352,4.66948,-1.97268,-3.63247,4.03513,2.43582,-1.83867,4.57222,-4.33136,-0.345624,1.10195,-4.63276,4.52732,0.378413,-0.272827,-3.8131,4.97764,-0.212799,-0.951899,3.9832,-1.93846,-5.0,2.95446])
0.7464991157629283
Max g: 0.059982808294993376
f_84([0.147954,4.90407,-4.18945,-3.30168,4.35838,-0.0567035,0.00303598,5.0,-4.41254,5.0,-4.3892,0.389199,-3.115,-1.80005,3.60706,-2.60435,1.70553,-4.0804,0.238864,1.42109,-0.851527,-1.56983,4.66638,-1.97333,-3.63246,4.03315,2.4382,-1.83909,4.57322,-4.33283,-0.345058,1.10189,-4.63319,4.52804,0.377959,-0.27267,-3.81246,4.97754,-0.213279,-0.951963,3.98565,-1.93885,-5.0,2.95238])
0.7459007196781484
Max g: 0.05993915341267879
f_85([0.147789,4.90406,-4.18968,-3.3017,4.35838,-0.0566773,0.00311912,5.0,-4.4131,5.0,-4.38878,0.388775,-3.1151,-1.80345,3.60654,-2.60373,1.70787,-4.0801,0.238901,1.42001,-0.851125,-1.56516,4.66246,-1.97414,-3.63244,4.03066,2.44122,-1.83964,4.57447,-4.33471,-0.344356,1.10184,-4.63372,4.52896,0.37738,-0.272469,-3.81166,4.97744,-0.213881,-0.952054,3.98879,-1.93934,-5.0,2.94974])
0.7456015216357584
Max g: 0.0598873690939871
f_86([0.147589,4.90405,-4.18992,-3.3017,4.35837,-0.0566772,0.00321125,5.0,-4.41372,5.0,-4.3883,0.388299,-3.11521,-1.80726,3.606,-2.60309,1.71055,-4.07978,0.23894,1.41882,-0.850695,-1.55996,4.65808,-1.97504,-3.6324,4.02785,2.4446,-1.84024,4.57587,-4.33681,-0.343583,1.10179,-4.63434,4.52997,0.376758,-0.272248,-3.81083,4.9774,-0.214553,-0.952159,3.99234,-1.93994,-5.0,2.94679])
0.7450031255509785
Max g: 0.05983506203541467
f_87([0.147382,4.90405,-4.19012,-3.3017,4.35836,-0.0566618,0.00330346,5.0,-4.41434,5.0,-4.38783,0.387827,-3.11533,-1.81102,3.60544,-2.6024,1.71318,-4.07946,0.238981,1.41763,-0.850251,-1.55477,4.65371,-1.97594,-3.63238,4.0251,2.44795,-1.84087,4.57726,-4.33887,-0.342809,1.10174,-4.63492,4.53098,0.376136,-0.272038,-3.81003,4.97738,-0.215219,-0.952263,3.99587,-1.94056,-5.0,2.94387])
0.7442052641046053
Max g: 0.05978262491997625
f_88([0.147192,4.90405,-4.19037,-3.30168,4.35836,-0.0566785,0.00339473,5.0,-4.41496,5.0,-4.38735,0.387354,-3.11544,-1.81478,3.60487,-2.60171,1.71582,-4.07913,0.239021,1.41644,-0.849812,-1.54959,4.64935,-1.97684,-3.63235,4.02235,2.45132,-1.8415,4.57864,-4.34094,-0.342029,1.10168,-4.63548,4.53195,0.375504,-0.271813,-3.80927,4.9774,-0.215874,-0.952378,3.99947,-1.94122,-5.0,2.94093])
0.7436068680198255
Max g: 0.059731014898721894
f_89([0.147028,4.90405,-4.19066,-3.30169,4.35836,-0.0566731,0.00348292,5.0,-4.41557,5.0,-4.38688,0.386877,-3.11556,-1.81856,3.6043,-2.60099,1.71844,-4.07881,0.239058,1.41524,-0.84937,-1.54441,4.645,-1.97774,-3.63232,4.01954,2.45471,-1.84213,4.58002,-4.343,-0.341252,1.10161,-4.63609,4.53291,0.374907,-0.271592,-3.80854,4.97745,-0.216522,-0.95249,4.00307,-1.94187,-5.0,2.93799])
0.7432079372966388
Max g: 0.059681568683031344
f_90([0.146836,4.90403,-4.1909,-3.3017,4.35836,-0.056663,0.00357593,5.0,-4.4162,5.0,-4.38639,0.386392,-3.11567,-1.82236,3.6037,-2.60028,1.72112,-4.07848,0.239096,1.41403,-0.848922,-1.53917,4.6406,-1.97865,-3.63228,4.01674,2.45815,-1.84279,4.58141,-4.3451,-0.340445,1.10154,-4.63666,4.53389,0.374279,-0.271374,-3.80785,4.97754,-0.217175,-0.952616,4.00676,-1.94257,-5.0,2.93499])
0.7427092738926555
{0.14683614660527794,4.904029412115438,-4.190898833445592,-3.3016991055907736,4.358360736329402,-0.056662983596038656,0.003575925425536543,5.0,-4.416204258483819,4.999999999999999,-4.38639190266464,0.3863919026646381,-3.1156745539591606,-1.8223624948259727,3.6037030041036164,-2.600282348127999,1.721117563455224,-4.078478170950947,0.23909610911830073,1.4140291179625508,-0.8489221534074146,-1.5391714276199064,4.6405976934857645,-1.9786492756303327,-3.6322841244455764,4.0167418592520505,2.4581493336986626,-1.8427855814444487,4.581412921486192,-4.345097166330572,-0.3404454036925199,1.1015384326640998,-4.636663641022325,4.53389212541071,0.3742792776450735,-0.27137399289069225,-3.807853388667333,4.977541926741001,-0.21717548225455757,-0.9526162456365872,4.006757997762343,-1.9425702841581574,-5.0,2.9349917915169876}]
Set[{A021,A031,A032,A041,A042,A043,A121,A131,A132,A141,A142,A143,B021,B031,B032,B041,B042,B043,B121,B131,B132,B141,B142,B143,\[Alpha]1,\[Alpha]2,\[Alpha]3,\[Alpha]4,\[Beta]11,\[Beta]12,\[Beta]13,\[Beta]14,\[Beta]21,\[Beta]22,\[Beta]23,\[Beta]24,\[Beta]31,\[Beta]32,\[Beta]33,\[Beta]34,\[Beta]41,\[Beta]42,\[Beta]43,\[Beta]44},{0.14683614660527794,4.904029412115438,-4.190898833445592,-3.3016991055907736,4.358360736329402,-0.056662983596038656,0.003575925425536543,5.0,-4.416204258483819,4.999999999999999,-4.38639190266464,0.3863919026646381,-3.1156745539591606,-1.8223624948259727,3.6037030041036164,-2.600282348127999,1.721117563455224,-4.078478170950947,0.23909610911830073,1.4140291179625508,-0.8489221534074146,-1.5391714276199064,4.6405976934857645,-1.9786492756303327,-3.6322841244455764,4.0167418592520505,2.4581493336986626,-1.8427855814444487,4.581412921486192,-4.345097166330572,-0.3404454036925199,1.1015384326640998,-4.636663641022325,4.53389212541071,0.3742792776450735,-0.27137399289069225,-3.807853388667333,4.977541926741001,-0.21717548225455757,-0.9526162456365872,4.006757997762343,-1.9425702841581574,-5.0,2.9349917915169876}]

Max g: 0.05962873297250794
f_91([0.146615,4.90403,-4.1911,-3.3017,4.35836,-0.0566573,0.00366519,5.0,-4.41683,5.0,-4.38591,0.385907,-3.11579,-1.82614,3.60312,-2.5996,1.72378,-4.07814,0.239133,1.41282,-0.848479,-1.53396,4.63622,-1.97955,-3.63225,4.01391,2.46156,-1.84341,4.58279,-4.34716,-0.339672,1.10148,-4.63725,4.53486,0.373673,-0.271144,-3.8072,4.97765,-0.217821,-0.95273,4.01046,-1.9433,-5.0,2.93201])
0.7424100758502656
Max g: 0.05958363668984254
f_92([0.146418,4.90402,-4.19133,-3.30172,4.35836,-0.056647,0.0037543,5.0,-4.41745,5.0,-4.38543,0.385428,-3.11591,-1.8299,3.60255,-2.59892,1.72643,-4.0778,0.239169,1.41162,-0.848035,-1.5288,4.63188,-1.98045,-3.63222,4.01113,2.46496,-1.84406,4.58415,-4.3492,-0.33888,1.1014,-4.63786,4.53585,0.373066,-0.270926,-3.80657,4.97779,-0.218457,-0.952853,4.01417,-1.94405,-5.0,2.92906])
0.7418116797654857
Max g: 0.059535300928406885
f_93([0.146208,4.90401,-4.19155,-3.3017,4.35836,-0.0566561,0.00384446,5.0,-4.41809,5.0,-4.38494,0.384937,-3.11602,-1.83371,3.60197,-2.59821,1.72908,-4.07744,0.239205,1.4104,-0.847592,-1.52352,4.62744,-1.98136,-3.63219,4.00828,2.46841,-1.84469,4.58553,-4.35128,-0.338074,1.10132,-4.63845,4.53682,0.372458,-0.2707,-3.80594,4.97794,-0.219098,-0.952984,4.01796,-1.94483,-5.0,2.92604])
0.7415124817230958
Max g: 0.05948467559431197
f_94([0.146017,4.90401,-4.19179,-3.30169,4.35836,-0.0566693,0.00393131,5.0,-4.4187,5.0,-4.38446,0.384458,-3.11614,-1.83743,3.60141,-2.59751,1.7317,-4.07711,0.239239,1.40922,-0.847163,-1.51838,4.62311,-1.98225,-3.63216,4.00552,2.47179,-1.84534,4.58687,-4.35329,-0.337289,1.10124,-4.63902,4.53775,0.371873,-0.27048,-3.80536,4.97811,-0.21972,-0.953109,4.02168,-1.94561,-5.0,2.9231])
0.7413130163615025
Max g: 0.05943503633075201
f_95([0.145906,4.90401,-4.19193,-3.3017,4.35837,-0.0566666,0.00398314,5.0,-4.41907,5.0,-4.38417,0.384171,-3.11622,-1.83964,3.60107,-2.5971,1.73326,-4.07691,0.239259,1.40851,-0.846909,-1.5153,4.62052,-1.98278,-3.63214,4.00387,2.4738,-1.84572,4.58766,-4.35449,-0.336826,1.1012,-4.63936,4.53832,0.371516,-0.270348,-3.80502,4.97822,-0.22009,-0.953185,4.02393,-1.9461,-5.0,2.92134])
0.7410138183191125
Max g: 0.05940731484585672
f_96([0.145891,4.90401,-4.19194,-3.3017,4.35837,-0.0566675,0.00398925,5.0,-4.41912,5.0,-4.38414,0.384138,-3.11622,-1.83989,3.60103,-2.59706,1.73343,-4.07689,0.239261,1.40843,-0.846882,-1.51495,4.62023,-1.98284,-3.63214,4.00367,2.47404,-1.84576,4.58775,-4.35463,-0.336774,1.10119,-4.6394,4.53838,0.371476,-0.270331,-3.80499,4.97823,-0.220131,-0.953193,4.02418,-1.94615,-5.0,2.92113])
0.7410138183191125
Max g: 0.0594040228381446
f_97([0.145751,4.90398,-4.19174,-3.30195,4.35832,-0.0563883,0.00400648,5.0,-4.41919,5.0,-4.3841,0.384098,-3.11621,-1.84026,3.60096,-2.59678,1.73365,-4.07697,0.239251,1.40834,-0.846866,-1.51472,4.62004,-1.98288,-3.63213,4.0035,2.47443,-1.84588,4.5879,-4.35474,-0.336721,1.10118,-4.63941,4.53842,0.371419,-0.270293,-3.80496,4.97814,-0.220138,-0.953224,4.02425,-1.94589,-5.0,2.92075])
0.7409140856383158
Max g: 0.0594270233382141
f_98([0.145391,4.90395,-4.1918,-3.30194,4.35829,-0.056354,0.00410061,5.0,-4.41993,5.0,-4.38355,0.383551,-3.11634,-1.84463,3.60027,-2.59597,1.73675,-4.07659,0.239287,1.4069,-0.846297,-1.50878,4.61501,-1.98386,-3.6321,4.00011,2.47842,-1.84657,4.58947,-4.35719,-0.335567,1.10087,-4.64008,4.53951,0.370697,-0.270025,-3.80443,4.97858,-0.220803,-0.953428,4.02868,-1.94676,-5.0,2.91729])
0.7404154222343327
Max g: 0.05932713429840117
f_99([0.14522,4.90394,-4.19216,-3.30176,4.35827,-0.0565165,0.00419405,5.0,-4.42067,5.0,-4.38298,0.382983,-3.11649,-1.84892,3.59962,-2.59498,1.73958,-4.07616,0.239331,1.40547,-0.84575,-1.50275,4.60994,-1.98488,-3.63203,3.99691,2.4823,-1.84735,4.59098,-4.35946,-0.334556,1.10068,-4.64053,4.54033,0.370045,-0.269725,-3.80396,4.97905,-0.221498,-0.95359,4.03315,-1.94779,-5.0,2.91378])
0.739418095426366
Max g: 0.0592759337250956
f_100([0.145164,4.90392,-4.19267,-3.30178,4.35827,-0.0565203,0.00430248,5.0,-4.42138,5.0,-4.38243,0.382429,-3.1166,-1.85315,3.59903,-2.5942,1.74247,-4.07571,0.239366,1.40407,-0.845226,-1.49688,4.60498,-1.98588,-3.63201,3.99369,2.48613,-1.84803,4.59247,-4.36177,-0.333696,1.10065,-4.64127,4.54153,0.369377,-0.269495,-3.80363,4.97954,-0.22225,-0.953742,4.03766,-1.94887,-5.0,2.91039])
0.7388196993415862
{0.14516403779873982,4.903918120828965,-4.192668386719409,-3.30177891707522,4.358269308111393,-0.05652026802381453,0.004302481307155472,4.9999995252658485,-4.421379402347284,4.99999965596954,-4.382429121734013,0.3824289224800017,-3.1166002086732174,-1.8531479928715076,3.5990254954529988,-2.59419976831116,1.7424736829496625,-4.075710757699689,0.23936588454598245,1.4040683584554194,-0.8452260468974017,-1.4968820240493739,4.6049845763879516,-1.9858810661563722,-3.632005742278984,3.993688639676451,2.4861320274302323,-1.8480265971836356,4.592470609224804,-4.361772815830033,-0.33369556085220153,1.1006518552500035,-4.641273111302023,4.54153026628777,0.369377126674094,-0.26949475136863393,-3.8036292100526277,4.979537897222697,-0.22225028848790676,-0.953741857230902,4.037660954853439,-1.9488716065219762,-4.999999966243927,2.9103944880195316}]
Set[{A021,A031,A032,A041,A042,A043,A121,A131,A132,A141,A142,A143,B021,B031,B032,B041,B042,B043,B121,B131,B132,B141,B142,B143,\[Alpha]1,\[Alpha]2,\[Alpha]3,\[Alpha]4,\[Beta]11,\[Beta]12,\[Beta]13,\[Beta]14,\[Beta]21,\[Beta]22,\[Beta]23,\[Beta]24,\[Beta]31,\[Beta]32,\[Beta]33,\[Beta]34,\[Beta]41,\[Beta]42,\[Beta]43,\[Beta]44},{0.14516403779873982,4.903918120828965,-4.192668386719409,-3.30177891707522,4.358269308111393,-0.05652026802381453,0.004302481307155472,4.9999995252658485,-4.421379402347284,4.99999965596954,-4.382429121734013,0.3824289224800017,-3.1166002086732174,-1.8531479928715076,3.5990254954529988,-2.59419976831116,1.7424736829496625,-4.075710757699689,0.23936588454598245,1.4040683584554194,-0.8452260468974017,-1.4968820240493739,4.6049845763879516,-1.9858810661563722,-3.632005742278984,3.993688639676451,2.4861320274302323,-1.8480265971836356,4.592470609224804,-4.361772815830033,-0.33369556085220153,1.1006518552500035,-4.641273111302023,4.54153026628777,0.369377126674094,-0.26949475136863393,-3.8036292100526277,4.979537897222697,-0.22225028848790676,-0.953741857230902,4.037660954853439,-1.9488716065219762,-4.999999966243927,2.9103944880195316}]

Max g: 0.059237836336245187
f_101([0.144886,4.90392,-4.19287,-3.30179,4.35832,-0.0565358,0.00440455,5.0,-4.42211,5.0,-4.38187,0.381874,-3.11674,-1.85756,3.59841,-2.59323,1.74543,-4.07529,0.239406,1.40264,-0.844696,-1.4909,4.59996,-1.98692,-3.63194,3.99047,2.49016,-1.84886,4.59401,-4.364,-0.332764,1.10052,-4.64195,4.54264,0.368736,-0.269271,-3.80315,4.97991,-0.222915,-0.953904,4.04213,-1.94992,-5.0,2.90693])
0.7384207686183996
Max g: 0.059224727401433946
f_102([0.144588,4.90396,-4.19303,-3.30186,4.35833,-0.0564726,0.00449717,5.0,-4.42282,5.0,-4.3813,0.381304,-3.11688,-1.86181,3.5977,-2.59247,1.74865,-4.07495,0.239435,1.40119,-0.84415,-1.48485,4.59482,-1.98792,-3.63192,3.9873,2.4941,-1.8497,4.59549,-4.36643,-0.331813,1.10042,-4.6424,4.54344,0.368025,-0.26892,-3.80292,4.98056,-0.223614,-0.954126,4.04668,-1.95103,-5.0,2.90346])
0.7379221052144164
Max g: 0.059157484436361166
f_103([0.144332,4.90403,-4.19333,-3.30191,4.35828,-0.0563911,0.00458962,5.0,-4.42352,5.0,-4.38077,0.380774,-3.11703,-1.8658,3.59706,-2.59163,1.75137,-4.07465,0.239463,1.39992,-0.843722,-1.47926,4.59014,-1.98889,-3.63187,3.98413,2.49786,-1.85029,4.59693,-4.36856,-0.330883,1.10026,-4.64309,4.54447,0.367408,-0.268676,-3.80261,4.98109,-0.224262,-0.954281,4.05114,-1.95213,-5.0,2.90016])
0.7371242437680431
Max g: 0.05909584738561106
f_104([0.144185,4.90401,-4.19351,-3.30191,4.35829,-0.0563721,0.0046658,5.0,-4.42407,5.0,-4.38034,0.380337,-3.11713,-1.86904,3.59653,-2.59109,1.75393,-4.0744,0.239481,1.39891,-0.843389,-1.47482,4.58637,-1.98964,-3.63184,3.98174,2.50088,-1.85097,4.59803,-4.37026,-0.330207,1.10017,-4.64358,4.54524,0.366936,-0.268495,-3.80238,4.98151,-0.224754,-0.954406,4.05465,-1.95306,-5.0,2.89756])
0.7369247784064499
Max g: 0.0590531625194324
f_105([0.143945,4.904,-4.19362,-3.30194,4.35827,-0.0563453,0.00473744,5.0,-4.42461,5.0,-4.37992,0.37992,-3.11723,-1.87224,3.59602,-2.59061,1.75631,-4.07408,0.239505,1.39791,-0.843047,-1.47033,4.58259,-1.99039,-3.63182,3.97923,2.50388,-1.85149,4.5991,-4.37189,-0.32951,1.10007,-4.64406,4.54606,0.366403,-0.268272,-3.80225,4.98199,-0.225263,-0.954517,4.05819,-1.95401,-5.0,2.89495])
0.7366255803640599
Max g: 0.05901514769130808
f_106([0.143758,4.904,-4.19385,-3.302,4.35827,-0.0562751,0.00480911,5.0,-4.42515,5.0,-4.3795,0.379503,-3.1173,-1.87538,3.59553,-2.59006,1.75853,-4.07383,0.239526,1.39692,-0.842717,-1.466,4.57897,-1.99115,-3.63179,3.9767,2.50683,-1.85189,4.60019,-4.37355,-0.328799,1.09996,-4.6446,4.54689,0.365875,-0.268041,-3.80202,4.9824,-0.225753,-0.954665,4.06165,-1.95487,-5.0,2.89238])
0.7360271842792799
Max g: 0.05897409191354885
f_107([0.143571,4.90399,-4.19404,-3.30197,4.35829,-0.0563347,0.00487516,5.0,-4.42569,5.0,-4.37908,0.379077,-3.11739,-1.87856,3.59503,-2.58949,1.76086,-4.07354,0.239541,1.39591,-0.84238,-1.46164,4.57528,-1.99189,-3.63176,3.97419,2.50981,-1.85243,4.60124,-4.3752,-0.328088,1.09983,-4.64515,4.54773,0.36546,-0.267881,-3.80187,4.98286,-0.226236,-0.954792,4.06513,-1.95575,-5.0,2.88979])
0.7354287881945001
Max g: 0.058931247223192006
f_108([0.143455,4.90397,-4.19431,-3.30194,4.35827,-0.0563509,0.00494173,5.0,-4.42623,5.0,-4.37865,0.378648,-3.11749,-1.88172,3.59456,-2.58893,1.76311,-4.07321,0.239564,1.39491,-0.842035,-1.45717,4.5715,-1.99263,-3.63174,3.97179,2.51273,-1.853,4.60229,-4.37681,-0.327385,1.09972,-4.64568,4.54846,0.365044,-0.267696,-3.80166,4.98329,-0.226724,-0.954931,4.06872,-1.95681,-5.0,2.88726])
0.7351295901521101
Max g: 0.05888796154295416
f_109([0.143362,4.90392,-4.19453,-3.30194,4.35829,-0.056345,0.00501893,5.0,-4.42676,5.0,-4.37823,0.378229,-3.11757,-1.88485,3.5941,-2.58835,1.76545,-4.0729,0.239582,1.3939,-0.84169,-1.45284,4.56785,-1.99338,-3.63171,3.96952,2.51566,-1.85367,4.60337,-4.37845,-0.326694,1.09963,-4.64625,4.54937,0.364521,-0.2675,-3.80148,4.98374,-0.227221,-0.955063,4.07233,-1.95788,-5.0,2.88471])
0.7347306594289236
Max g: 0.058844048759757926
f_110([0.143183,4.90392,-4.19474,-3.30194,4.35826,-0.0563223,0.00508556,5.0,-4.42729,5.0,-4.3778,0.377803,-3.11766,-1.88797,3.59361,-2.58779,1.7677,-4.07264,0.239598,1.3929,-0.841354,-1.44845,4.56412,-1.99409,-3.63168,3.967,2.51861,-1.85413,4.60443,-4.38008,-0.326004,1.09952,-4.64684,4.55024,0.364028,-0.267288,-3.80134,4.98417,-0.227706,-0.955185,4.07593,-1.95894,-5.0,2.88216])
0.7344314613865336
{0.14318301509997747,4.903924032535114,-4.194743290843221,-3.3019446570072337,4.358262808186086,-0.05632230386666136,0.005085555500792381,4.999999972414926,-4.427291099293132,4.999999951383709,-4.377802743023892,0.3778026864504609,-3.1176573442782773,-1.8879718951687832,3.5936118023471946,-2.587785999839318,1.767698953519191,-4.072639079032481,0.23959805210627444,1.3929005202909457,-0.8413538991398087,-1.448452080356986,4.564119295906399,-1.9940947237487876,-3.631675607297732,3.9670043137933693,2.518608140364916,-1.8541281284159008,4.604430343716615,-4.380079020854437,-0.32600410509904415,1.0995186760583073,-4.646843082022728,4.550236978772742,0.36402819916779044,-0.26728794413060974,-3.801338397510703,4.984165529106671,-0.22770555699169617,-0.9551847476738174,4.075926883295392,-1.9589448948350563,-4.9999998988625665,2.882164958301103}]
Set[{A021,A031,A032,A041,A042,A043,A121,A131,A132,A141,A142,A143,B021,B031,B032,B041,B042,B043,B121,B131,B132,B141,B142,B143,\[Alpha]1,\[Alpha]2,\[Alpha]3,\[Alpha]4,\[Beta]11,\[Beta]12,\[Beta]13,\[Beta]14,\[Beta]21,\[Beta]22,\[Beta]23,\[Beta]24,\[Beta]31,\[Beta]32,\[Beta]33,\[Beta]34,\[Beta]41,\[Beta]42,\[Beta]43,\[Beta]44},{0.14318301509997747,4.903924032535114,-4.194743290843221,-3.3019446570072337,4.358262808186086,-0.05632230386666136,0.005085555500792381,4.999999972414926,-4.427291099293132,4.999999951383709,-4.377802743023892,0.3778026864504609,-3.1176573442782773,-1.8879718951687832,3.5936118023471946,-2.587785999839318,1.767698953519191,-4.072639079032481,0.23959805210627444,1.3929005202909457,-0.8413538991398087,-1.448452080356986,4.564119295906399,-1.9940947237487876,-3.631675607297732,3.9670043137933693,2.518608140364916,-1.8541281284159008,4.604430343716615,-4.380079020854437,-0.32600410509904415,1.0995186760583073,-4.646843082022728,4.550236978772742,0.36402819916779044,-0.26728794413060974,-3.801338397510703,4.984165529106671,-0.22770555699169617,-0.9551847476738174,4.075926883295392,-1.9589448948350563,-4.9999998988625665,2.882164958301103}]

Max g: 0.05881080782985151
f_111([0.14298,4.90392,-4.1949,-3.30194,4.35826,-0.0563403,0.00514989,5.0,-4.42783,5.0,-4.37739,0.377387,-3.11774,-1.89105,3.59315,-2.58718,1.76984,-4.07233,0.239618,1.39194,-0.841053,-1.44403,4.56038,-1.99482,-3.63164,3.9646,2.5215,-1.85463,4.60548,-4.38173,-0.325325,1.09941,-4.64736,4.55109,0.363525,-0.267079,-3.80116,4.98465,-0.228159,-0.955322,4.07949,-1.95994,-5.0,2.87959])
0.734032530663347
Max g: 0.05877240901840701
f_112([0.142775,4.90391,-4.19501,-3.3019,4.35829,-0.0563936,0.00521807,5.0,-4.42836,5.0,-4.37696,0.376956,-3.11783,-1.89407,3.59271,-2.58657,1.77202,-4.07205,0.23963,1.39096,-0.840733,-1.43966,4.55667,-1.99555,-3.63161,3.96232,2.52431,-1.85522,4.60653,-4.38333,-0.324643,1.09931,-4.64796,4.55195,0.363049,-0.26688,-3.80105,4.98512,-0.228629,-0.955465,4.0831,-1.96095,-5.0,2.87704])
0.7330352038553805
Max g: 0.05872060027649868
f_113([0.142627,4.90391,-4.19522,-3.30189,4.35828,-0.0563854,0.00528638,5.0,-4.42889,5.0,-4.37653,0.376532,-3.1179,-1.89709,3.59228,-2.58606,1.77419,-4.0717,0.239656,1.39001,-0.840432,-1.43524,4.55293,-1.99628,-3.63158,3.96004,2.52714,-1.85579,4.60755,-4.38485,-0.323962,1.09919,-4.64845,4.55277,0.362535,-0.266702,-3.80083,4.98549,-0.229089,-0.95559,4.08661,-1.96194,-5.0,2.87452])
0.7327360058129905
Max g: 0.05867756829805059
f_114([0.14239,4.90391,-4.19534,-3.30192,4.35827,-0.0563596,0.00535498,5.0,-4.42942,5.0,-4.37611,0.376105,-3.11798,-1.90016,3.59178,-2.58546,1.77639,-4.07141,0.239672,1.38905,-0.840141,-1.43076,4.54915,-1.99703,-3.63154,3.95753,2.53007,-1.85626,4.60859,-4.38648,-0.323257,1.09909,-4.64903,4.55357,0.362055,-0.26647,-3.80071,4.98599,-0.229563,-0.955739,4.09025,-1.96306,-5.0,2.87199])
0.7324368077706006
Max g: 0.058623383544097366
f_115([0.142327,4.9039,-4.19573,-3.30187,4.35826,-0.0563936,0.00542644,5.0,-4.42995,5.0,-4.37569,0.375689,-3.11806,-1.90322,3.59137,-2.58484,1.77839,-4.07108,0.239687,1.38813,-0.839875,-1.4264,4.54547,-1.99777,-3.63152,3.9551,2.53294,-1.85669,4.60964,-4.3881,-0.32263,1.09903,-4.64954,4.55439,0.361541,-0.266256,-3.80065,4.98651,-0.23003,-0.95587,4.09392,-1.9642,-5.0,2.86945])
0.7322373424090073
Max g: 0.058584577658667966
f_116([0.142242,4.90386,-4.196,-3.30188,4.35826,-0.0563873,0.00548823,5.0,-4.43048,5.0,-4.37526,0.375263,-3.11814,-1.90632,3.59096,-2.58434,1.78077,-4.07082,0.239703,1.38714,-0.839538,-1.42205,4.54179,-1.9985,-3.6315,3.95279,2.53583,-1.85729,4.61065,-4.38963,-0.321943,1.09889,-4.65011,4.55531,0.361047,-0.266061,-3.80047,4.98693,-0.230469,-0.956003,4.09754,-1.9653,-5.0,2.86691])
0.7318384116858206
Max g: 0.05853501074808774
f_117([0.142136,4.90388,-4.19628,-3.30187,4.35828,-0.0564149,0.00555535,5.0,-4.431,5.0,-4.37484,0.374841,-3.11823,-1.90933,3.5905,-2.58382,1.78302,-4.0705,0.239723,1.38619,-0.839232,-1.41772,4.53813,-1.99922,-3.63147,3.9505,2.5387,-1.85791,4.61167,-4.39123,-0.321271,1.09878,-4.65065,4.55608,0.360615,-0.265887,-3.80038,4.98741,-0.230931,-0.956136,4.10115,-1.96641,-5.0,2.86444])
0.7315392136434307
Max g: 0.058504083957911776
slurmstepd: *** JOB 9005365 ON comet-31-08 CANCELLED AT 2017-04-24T08:20:42 DUE TO TIME LIMIT ***

signal (15): Terminated
while loading /home/crackauc/.julia/v0.5/SRKGenerator/test/runtests.jl, in expression starting on line 45
unknown function (ip: 0x2b0e4086516f)
inst_type_w_ at /home/centos/buildbot/slave/package_tarball64/build/src/jltypes.c:2532
jl_instantiate_type_with at /home/centos/buildbot/slave/package_tarball64/build/src/jltypes.c:2540 [inlined]
jl_apply_type_ at /home/centos/buildbot/slave/package_tarball64/build/src/jltypes.c:1846
jl_call_method_internal at /home/centos/buildbot/slave/package_tarball64/build/src/julia_internal.h:189 [inlined]
jl_apply_generic at /home/centos/buildbot/slave/package_tarball64/build/src/gf.c:1942
jl_apply at /home/centos/buildbot/slave/package_tarball64/build/src/julia.h:1392 [inlined]
jl_f__apply at /home/centos/buildbot/slave/package_tarball64/build/src/builtins.c:547
typejoin at ./promotion.jl:90
unknown function (ip: 0x2b0e48eb441f)
collect_to! at ./array.jl:346
collect_to_with_first! at ./array.jl:327
unknown function (ip: 0x2b10728d9625)
jl_call_method_internal at /home/centos/buildbot/slave/package_tarball64/build/src/julia_internal.h:189 [inlined]
jl_apply_generic at /home/centos/buildbot/slave/package_tarball64/build/src/gf.c:1942
collect at ./array.jl:308
#launch#35 at /home/crackauc/.julia/v0.5/CUDArt/src/execute.jl:14
unknown function (ip: 0x2b10728d8f6e)
f_maker at /home/crackauc/.julia/v0.5/SRKGenerator/src/optim_functions.jl:82
unknown function (ip: 0x2b10728338d1)
jl_call_method_internal at /home/centos/buildbot/slave/package_tarball64/build/src/julia_internal.h:189 [inlined]
jl_apply_generic at /home/centos/buildbot/slave/package_tarball64/build/src/gf.c:1942
#5 at /home/crackauc/.julia/v0.5/SRKGenerator/src/main.jl:61
jl_call_method_internal at /home/centos/buildbot/slave/package_tarball64/build/src/julia_internal.h:189 [inlined]
jl_apply_generic at /home/centos/buildbot/slave/package_tarball64/build/src/gf.c:1942
nlopt_callback_wrapper at /home/crackauc/.julia/v0.5/NLopt/src/NLopt.jl:427
unknown function (ip: 0x2b1072817c0f)
f_max at /home/crackauc/.julia/v0.5/NLopt/deps/src/nlopt-2.4/api/optimize.c:779
auglag at /home/crackauc/.julia/v0.5/NLopt/deps/src/nlopt-2.4/auglag/auglag.c:36
func_wrap at /home/crackauc/.julia/v0.5/NLopt/deps/src/nlopt-2.4/cobyla/cobyla.c:100
cobylb at /home/crackauc/.julia/v0.5/NLopt/deps/src/nlopt-2.4/cobyla/cobyla.c:573 [inlined]
cobyla at /home/crackauc/.julia/v0.5/NLopt/deps/src/nlopt-2.4/cobyla/cobyla.c:430
cobyla_minimize at /home/crackauc/.julia/v0.5/NLopt/deps/src/nlopt-2.4/cobyla/cobyla.c:247
nlopt_optimize_ at /home/crackauc/.julia/v0.5/NLopt/deps/src/nlopt-2.4/api/optimize.c:647 [inlined]
nlopt_optimize at /home/crackauc/.julia/v0.5/NLopt/deps/src/nlopt-2.4/api/optimize.c:826
nlopt_optimize_limited at /home/crackauc/.julia/v0.5/NLopt/deps/src/nlopt-2.4/api/optimize.c:865
auglag_minimize at /home/crackauc/.julia/v0.5/NLopt/deps/src/nlopt-2.4/auglag/auglag.c:195
nlopt_optimize_ at /home/crackauc/.julia/v0.5/NLopt/deps/src/nlopt-2.4/api/optimize.c:733 [inlined]
nlopt_optimize at /home/crackauc/.julia/v0.5/NLopt/deps/src/nlopt-2.4/api/optimize.c:826
optimize! at /home/crackauc/.julia/v0.5/NLopt/src/NLopt.jl:526
#srk_optimize#1 at /home/crackauc/.julia/v0.5/SRKGenerator/src/main.jl:92
unknown function (ip: 0x2b107281d6ad)
jl_call_method_internal at /home/centos/buildbot/slave/package_tarball64/build/src/julia_internal.h:189 [inlined]
jl_apply_generic at /home/centos/buildbot/slave/package_tarball64/build/src/gf.c:1942
#srk_optimize at ./<missing>:0
unknown function (ip: 0x2b1072819efc)
jl_call_method_internal at /home/centos/buildbot/slave/package_tarball64/build/src/julia_internal.h:189 [inlined]
jl_apply_generic at /home/centos/buildbot/slave/package_tarball64/build/src/gf.c:1942
do_call at /home/centos/buildbot/slave/package_tarball64/build/src/interpreter.c:66
eval at /home/centos/buildbot/slave/package_tarball64/build/src/interpreter.c:190
eval_body at /home/centos/buildbot/slave/package_tarball64/build/src/interpreter.c:469
jl_interpret_call at /home/centos/buildbot/slave/package_tarball64/build/src/interpreter.c:573
jl_toplevel_eval_flex at /home/centos/buildbot/slave/package_tarball64/build/src/toplevel.c:572
jl_parse_eval_all at /home/centos/buildbot/slave/package_tarball64/build/src/ast.c:717
jl_load at /home/centos/buildbot/slave/package_tarball64/build/src/toplevel.c:596
jl_load_ at /home/centos/buildbot/slave/package_tarball64/build/src/toplevel.c:605
include_from_node1 at ./loading.jl:488
unknown function (ip: 0x2b0e48f90d0b)
jl_call_method_internal at /home/centos/buildbot/slave/package_tarball64/build/src/julia_internal.h:189 [inlined]
jl_apply_generic at /home/centos/buildbot/slave/package_tarball64/build/src/gf.c:1942
process_options at ./client.jl:262
_start at ./client.jl:318
unknown function (ip: 0x2b0e48fb62e8)
jl_call_method_internal at /home/centos/buildbot/slave/package_tarball64/build/src/julia_internal.h:189 [inlined]
jl_apply_generic at /home/centos/buildbot/slave/package_tarball64/build/src/gf.c:1942
jl_apply at /home/centos/buildbot/slave/package_tarball64/build/ui/../src/julia.h:1392 [inlined]
true_main at /home/centos/buildbot/slave/package_tarball64/build/ui/repl.c:112
main at /home/centos/buildbot/slave/package_tarball64/build/ui/repl.c:232
__libc_start_main at /lib64/libc.so.6 (unknown line)
unknown function (ip: 0x4013fc)
unknown function (ip: 0xffffffffffffffff)
Allocations: 105851617605 (Pool: 105699343332; Big: 152274273); GC: 128872

signal (11): Segmentation fault
while loading /home/crackauc/.julia/v0.5/SRKGenerator/test/runtests.jl, in expression starting on line 45
