
-----------------Setup------------------
Options: alg=LN_AUGLAG_EQ,dx=0.01,max_eval=100000000,popSize=0
imin=-12,jmin=-1,imax=1,jmax=1,
parameter_minmax=5,
randSeed=95994161, rand_minmax=1,
END_C=true, INEQ_C=false

Initial Condition:

[0.396473,-0.178856,0.430399,0.0356024,0.121627,-0.461825,0.340721,-0.723068,0.925331,-0.273921,0.779855,-0.693709,-0.435214,0.0252274,-0.334476,-0.18797,-0.353312,-0.758743,-0.916797,0.066461,-0.160836,0.778491,0.38417,0.644656,0.668959,-0.279758,-0.978353,0.502574,-0.496019,-0.0366648,-0.0084638,-0.948317,-0.0543351,-0.514303,0.524061,0.457008,0.0437566,0.652411,-0.703789,0.0131399,0.551953,0.109243,-0.977704,-0.112317]

f_1([0.31019,0.133738,0.0496638,0.357263,0.4662,-0.235608,0.0494005,-1.17803,2.17604,-0.138951,1.0458,-0.0925259,-0.11004,-0.298101,-0.428538,4.01677,0.364275,-0.352726,1.7528,2.01782,-0.0535388,1.13146,-0.877522,0.326878,0.842007,0.649611,-0.621995,0.1149,0.808585,-0.572035,0.686308,0.0298636,-0.176369,0.0363547,0.0632873,0.0813407,-0.448248,1.58585,-1.55116,0.356483,0.0766981,0.235394,0.373989,-0.948327])
21.958531707335727
Max g: 0.5964186720686604
f_2([0.919426,0.968094,0.0318291,0.350477,0.554555,0.0937179,0.0818746,-1.17282,2.17275,-0.164222,1.13846,0.0258109,-0.0588107,-0.455063,-0.647256,3.93412,0.293602,-0.388721,1.19117,1.78141,0.165726,1.72222,-0.866217,0.278331,0.382964,0.932516,-0.46761,0.139577,1.43744,-1.53213,0.714936,0.376863,-1.1064,1.37907,-0.60511,0.355905,-0.380793,1.46141,-0.683507,-0.382445,0.9017,-0.936167,1.32772,-1.30345])
9.970340457589073
Max g: 0.12050311614542475
f_3([0.920595,0.97487,0.0251254,0.313871,0.5844,0.101429,0.146599,-1.13813,2.13813,-0.143319,1.21399,-0.0706486,-0.0491518,-0.413753,-0.620183,3.90582,0.279915,-0.387087,0.718549,1.09784,0.545138,1.64202,-0.911117,0.194869,0.377128,0.965969,-0.496194,0.140411,1.91221,-2.21625,0.561482,0.743278,-1.90949,2.34461,-0.41548,-0.00860669,-0.833881,2.11029,-0.541547,-0.727908,1.50395,-1.7451,1.46615,-1.22506])
8.840761603206106
Max g: 0.08163316377437768
f_4([0.900769,0.982644,0.0173558,0.306159,0.587497,0.10618,0.205465,-1.09574,2.09574,-0.118589,1.22467,-0.106079,-0.0429381,-0.413537,-0.627669,3.9013,0.282303,-0.39492,0.634831,0.829107,0.735948,1.57795,-0.957216,0.170441,0.353776,0.978618,-0.487116,0.141135,2.10197,-2.62382,0.609829,0.915362,-2.26763,2.93297,-0.394677,-0.263222,-1.01517,2.50124,-0.590743,-0.891008,1.83889,-2.3112,1.44436,-0.971221])
7.316560930933343
Max g: 0.0505318651551904
f_5([0.866874,0.986766,0.0132337,0.306584,0.587268,0.106148,0.240987,-1.05661,2.05661,-0.115879,1.21667,-0.100795,-0.0447675,-0.428001,-0.63735,3.89033,0.282553,-0.400153,0.592256,0.62247,0.916588,1.52078,-1.00469,0.142125,0.318761,0.998718,-0.473734,0.142821,2.16096,-2.83125,0.660347,1.01487,-2.46216,3.29937,-0.397011,-0.434383,-1.07007,2.69744,-0.640301,-0.984414,2.08388,-2.75052,1.37845,-0.709817])
6.501864237612859
Max g: 0.05713512130135001
f_6([0.823654,0.966302,0.0336957,0.306781,0.587666,0.105575,0.272581,-1.02664,2.02666,-0.1182,1.19184,-0.0736239,-0.0328224,-0.412396,-0.650073,3.89334,0.284953,-0.414262,0.555845,0.409078,1.12642,1.4447,-1.05276,0.129023,0.323733,0.999477,-0.465941,0.142893,2.13454,-2.92944,0.681103,1.11546,-2.46538,3.40197,-0.38054,-0.558266,-1.10828,2.892,-0.675387,-1.10796,2.33269,-3.20191,1.31771,-0.449001])
6.069361111429784
Max g: 0.015812814451888313
f_7([0.81148,0.965549,0.0344509,0.30274,0.589339,0.107916,0.295518,-1.00701,2.00701,-0.119738,1.17075,-0.0510099,-0.0228388,-0.4191,-0.649002,3.89212,0.280135,-0.418622,0.534291,0.249547,1.27891,1.40398,-1.07631,0.1176,0.311386,0.999708,-0.454315,0.143209,2.08151,-2.95572,0.688159,1.18594,-2.46096,3.49011,-0.37248,-0.657035,-1.0826,2.95718,-0.68838,-1.18612,2.48172,-3.52385,1.30936,-0.267325])
5.709538395646671
Max g: 0.005217132602850949
f_8([0.811212,0.965719,0.034281,0.302827,0.589465,0.107708,0.293287,-1.00798,2.00599,-0.120147,1.17022,-0.0510829,-0.0233669,-0.419443,-0.649159,3.89179,0.280043,-0.418977,0.534827,0.255181,1.27433,1.406,-1.07488,0.117993,0.311242,0.999849,-0.454397,0.143306,2.08755,-2.95852,0.686854,1.18405,-2.4537,3.47155,-0.369468,-0.648375,-1.08757,2.95859,-0.686852,-1.18411,2.4795,-3.51244,1.30829,-0.275254])
5.745431183819565
Max g: 0.003912159138547644
f_9([0.811208,0.965701,0.0342986,0.302797,0.58947,0.107719,0.293088,-1.00787,2.00595,-0.120171,1.17021,-0.0510144,-0.0233399,-0.419426,-0.649125,3.89183,0.280039,-0.418985,0.534931,0.256184,1.27343,1.40629,-1.07463,0.118003,0.311233,0.999861,-0.454393,0.143302,2.0882,-2.95845,0.686708,1.18349,-2.45337,3.4701,-0.369295,-0.647421,-1.0882,2.95849,-0.686712,-1.18351,2.47879,-3.51029,1.30819,-0.276593])
5.7501042061024625
Max g: 0.003752493989315764
f_10([0.811126,0.965778,0.0342119,0.302762,0.589419,0.107815,0.292504,-1.00782,2.0058,-0.120213,1.17021,-0.0511405,-0.023384,-0.419581,-0.649114,3.89185,0.280067,-0.419039,0.535174,0.258676,1.2711,1.40691,-1.0742,0.118048,0.311162,0.999876,-0.454342,0.143307,2.08932,-2.95788,0.686484,1.18202,-2.45335,3.4677,-0.369137,-0.64522,-1.0893,2.95783,-0.686482,-1.182,2.47683,-3.50475,1.308,-0.280035])
5.759847954692334
{0.8111255342969343,0.9657784903147267,0.03421188048450987,0.302761722105991,0.5894185591511908,0.1078150393730444,0.2925035993851241,-1.0078229393549962,2.005797934108386,-0.12021345074682517,1.1702060995887122,-0.05114053621941969,-0.023383986551189406,-0.4195811415724948,-0.6491141536603507,3.8918526623563645,0.28006725103766467,-0.41903922187277615,0.535173644953813,0.2586757614483359,1.2711005274060307,1.4069111424044385,-1.0742046999519028,0.11804763187929618,0.31116217893203063,0.9998764448830177,-0.45434158121693474,0.14330682546668028,2.0893173680509354,-2.957884239959421,0.6864838887770726,1.1820176967474334,-2.453348314680233,3.4676995883371635,-0.36913656627404,-0.6452204994781586,-1.0893006749169318,2.9578264292574823,-0.6864816596411702,-1.1819959737159345,2.4768323657136952,-3.5047486419730216,1.3080029900552732,-0.28003508020766327}]
Set[{A021,A031,A032,A041,A042,A043,A121,A131,A132,A141,A142,A143,B021,B031,B032,B041,B042,B043,B121,B131,B132,B141,B142,B143,\[Alpha]1,\[Alpha]2,\[Alpha]3,\[Alpha]4,\[Beta]11,\[Beta]12,\[Beta]13,\[Beta]14,\[Beta]21,\[Beta]22,\[Beta]23,\[Beta]24,\[Beta]31,\[Beta]32,\[Beta]33,\[Beta]34,\[Beta]41,\[Beta]42,\[Beta]43,\[Beta]44},{0.8111255342969343,0.9657784903147267,0.03421188048450987,0.302761722105991,0.5894185591511908,0.1078150393730444,0.2925035993851241,-1.0078229393549962,2.005797934108386,-0.12021345074682517,1.1702060995887122,-0.05114053621941969,-0.023383986551189406,-0.4195811415724948,-0.6491141536603507,3.8918526623563645,0.28006725103766467,-0.41903922187277615,0.535173644953813,0.2586757614483359,1.2711005274060307,1.4069111424044385,-1.0742046999519028,0.11804763187929618,0.31116217893203063,0.9998764448830177,-0.45434158121693474,0.14330682546668028,2.0893173680509354,-2.957884239959421,0.6864838887770726,1.1820176967474334,-2.453348314680233,3.4676995883371635,-0.36913656627404,-0.6452204994781586,-1.0893006749169318,2.9578264292574823,-0.6864816596411702,-1.1819959737159345,2.4768323657136952,-3.5047486419730216,1.3080029900552732,-0.28003508020766327}]

Max g: 0.0033015128159376572
f_11([0.811063,0.965739,0.0342558,0.302905,0.58935,0.10774,0.291432,-1.00749,2.00607,-0.120058,1.17016,-0.0509067,-0.0233015,-0.419617,-0.649082,3.8918,0.280035,-0.419019,0.53584,0.264919,1.26534,1.40879,-1.0731,0.118259,0.311083,0.999891,-0.454289,0.143306,2.09247,-2.95642,0.685712,1.1782,-2.45302,3.46196,-0.368677,-0.640258,-1.09244,2.95638,-0.685707,-1.17819,2.47202,-3.49147,1.30763,-0.288134])
5.782914788088765
Max g: 0.0023201515899237413
f_12([0.811057,0.965744,0.0342537,0.302932,0.589312,0.107754,0.290656,-1.00736,2.00636,-0.119879,1.17029,-0.050975,-0.0232954,-0.419657,-0.648877,3.89173,0.279961,-0.418957,0.536307,0.269326,1.26129,1.41011,-1.07225,0.118366,0.311071,0.99998,-0.454354,0.14331,2.09473,-2.95538,0.685144,1.17549,-2.45269,3.4577,-0.368315,-0.636691,-1.09471,2.95534,-0.685137,-1.17547,2.46858,-3.48198,1.30734,-0.293909])
5.798624097039782
Max g: 0.0016363120970014633
f_13([0.811066,0.965744,0.0342537,0.302915,0.589322,0.107764,0.290042,-1.00718,2.0065,-0.119797,1.17033,-0.0509246,-0.0232521,-0.419637,-0.648922,3.8918,0.279994,-0.418885,0.536647,0.272635,1.25826,1.41113,-1.07158,0.118451,0.311078,0.999955,-0.454323,0.143294,2.0965,-2.95458,0.684654,1.17341,-2.45252,3.45445,-0.368001,-0.633931,-1.09649,2.95456,-0.684649,-1.17341,2.466,-3.47472,1.30709,-0.298342])
5.8136374239486655
Max g: 0.0011050641941287853
f_14([0.81106,0.965747,0.0342531,0.302868,0.589335,0.107796,0.289551,-1.00705,2.00663,-0.119817,1.17043,-0.0508499,-0.0232071,-0.419619,-0.648973,3.89187,0.279953,-0.41893,0.536924,0.275334,1.25578,1.41195,-1.07104,0.118515,0.31107,0.999905,-0.454275,0.143295,2.09793,-2.95393,0.684284,1.17171,-2.45235,3.45182,-0.367761,-0.631714,-1.09791,2.95391,-0.684282,-1.17171,2.46388,-3.46887,1.30692,-0.301922])
5.824574284610766
Max g: 0.0006819744373254832
f_15([0.811047,0.965779,0.0342215,0.302862,0.589372,0.107766,0.289379,-1.00698,2.00665,-0.119807,1.17041,-0.0507925,-0.0231579,-0.419626,-0.64895,3.8919,0.279958,-0.418912,0.537023,0.276281,1.25491,1.4122,-1.0708,0.118521,0.311064,0.9999,-0.454254,0.143288,2.09842,-2.95369,0.684151,1.17112,-2.45227,3.45089,-0.367675,-0.630937,-1.0984,2.95368,-0.684149,-1.17112,2.46315,-3.46681,1.30686,-0.303183])
5.828352472839493
Max g: 0.0005332835064525698
f_16([0.811075,0.965787,0.0342104,0.30287,0.589362,0.107766,0.288935,-1.00686,2.00676,-0.119731,1.17039,-0.0507093,-0.0231403,-0.419607,-0.64894,3.89194,0.279953,-0.418914,0.53727,0.278678,1.25272,1.41289,-1.07025,0.11855,0.311103,0.999874,-0.454256,0.143283,2.09963,-2.95303,0.683802,1.16959,-2.45219,3.44862,-0.36747,-0.628963,-1.09965,2.95304,-0.683805,-1.16959,2.46124,-3.46153,1.30667,-0.306378])
5.836903109357134
Max g: 0.00015085143852303085
f_17([0.811079,0.96579,0.03421,0.302847,0.589371,0.107782,0.288762,-1.00679,2.00679,-0.11971,1.1704,-0.0506904,-0.0231202,-0.419593,-0.648916,3.89193,0.27995,-0.418917,0.537366,0.279639,1.25182,1.41318,-1.07007,0.118578,0.311104,0.999874,-0.454261,0.143283,2.10014,-2.9528,0.683675,1.16899,-2.45212,3.44768,-0.367387,-0.628171,-1.10015,2.95281,-0.683676,-1.16898,2.46052,-3.45949,1.30664,-0.307665])
5.839488185513631
Max g: 3.7584044934035887e-6
f_18([0.811069,0.965791,0.0342084,0.302847,0.589372,0.107781,0.288695,-1.00679,2.00679,-0.119714,1.1704,-0.0506876,-0.0231026,-0.419598,-0.648905,3.89193,0.279939,-0.418906,0.537395,0.279929,1.25156,1.41328,-1.07001,0.118589,0.311091,0.999878,-0.454251,0.143281,2.1003,-2.95273,0.683625,1.1688,-2.4521,3.44736,-0.367351,-0.627909,-1.10031,2.95275,-0.683627,-1.16881,2.46029,-3.45883,1.30661,-0.30807])
5.840979575603917
Max g: 2.747786589982204e-5
{0.8110690513276634,0.9657920447258284,0.0342079484979824,0.3028466750879144,0.589372744492829,0.10778058015085736,0.2886987639448936,-1.0067872024371771,2.0067872024371782,-0.1197136258563935,1.1704014883008798,-0.05068786244448613,-0.02310422386498691,-0.41959748239814104,-0.6489065364807546,3.8919351700981606,0.27993905066855806,-0.418905524453294,0.5373934086639964,0.27991185201167773,1.2515765001858032,1.4132753156873836,-1.0700144883903495,0.11858821225125397,0.31109191123744584,0.9998791721074769,-0.4542525269332957,0.1432814352868855,2.100298337559767,-2.9527419748971298,0.6836282257245191,1.1688159234951334,-2.4520992975058267,3.4473740186095183,-0.36735164308227336,-0.6279231664561268,-1.100303071006395,2.9527493704404986,-0.6836293060072941,-1.168817568649095,2.4603018714190776,-3.4588658672761947,1.3066090021358538,-0.308046126975866}]
Set[{A021,A031,A032,A041,A042,A043,A121,A131,A132,A141,A142,A143,B021,B031,B032,B041,B042,B043,B121,B131,B132,B141,B142,B143,\[Alpha]1,\[Alpha]2,\[Alpha]3,\[Alpha]4,\[Beta]11,\[Beta]12,\[Beta]13,\[Beta]14,\[Beta]21,\[Beta]22,\[Beta]23,\[Beta]24,\[Beta]31,\[Beta]32,\[Beta]33,\[Beta]34,\[Beta]41,\[Beta]42,\[Beta]43,\[Beta]44},{0.8110690513276634,0.9657920447258284,0.0342079484979824,0.3028466750879144,0.589372744492829,0.10778058015085736,0.2886987639448936,-1.0067872024371771,2.0067872024371782,-0.1197136258563935,1.1704014883008798,-0.05068786244448613,-0.02310422386498691,-0.41959748239814104,-0.6489065364807546,3.8919351700981606,0.27993905066855806,-0.418905524453294,0.5373934086639964,0.27991185201167773,1.2515765001858032,1.4132753156873836,-1.0700144883903495,0.11858821225125397,0.31109191123744584,0.9998791721074769,-0.4542525269332957,0.1432814352868855,2.100298337559767,-2.9527419748971298,0.6836282257245191,1.1688159234951334,-2.4520992975058267,3.4473740186095183,-0.36735164308227336,-0.6279231664561268,-1.100303071006395,2.9527493704404986,-0.6836293060072941,-1.168817568649095,2.4603018714190776,-3.4588658672761947,1.3066090021358538,-0.308046126975866}]


-----------------Final Result------------------
Options: alg=LN_AUGLAG_EQ,dx=0.01,max_eval=100000000,popSize=0
imin=-12,jmin=-1,imax=1,jmax=1,
parameter_minmax=5,
randSeed=95994161,rand_minmax=1,
END_C=true, INEQ_C=false

1833607 steps

Completed with maxf : 5.840979575603917

Constraints at 2.673443052289559e-5

x = [0.8110690513276634,0.9657920447258284,0.0342079484979824,0.3028466750879144,0.589372744492829,0.10778058015085736,0.2886987639448936,-1.0067872024371771,2.0067872024371782,-0.1197136258563935,1.1704014883008798,-0.05068786244448613,-0.02310422386498691,-0.41959748239814104,-0.6489065364807546,3.8919351700981606,0.27993905066855806,-0.418905524453294,0.5373934086639964,0.27991185201167773,1.2515765001858032,1.4132753156873836,-1.0700144883903495,0.11858821225125397,0.31109191123744584,0.9998791721074769,-0.4542525269332957,0.1432814352868855,2.100298337559767,-2.9527419748971298,0.6836282257245191,1.1688159234951334,-2.4520992975058267,3.4473740186095183,-0.36735164308227336,-0.6279231664561268,-1.100303071006395,2.9527493704404986,-0.6836293060072941,-1.168817568649095,2.4603018714190776,-3.4588658672761947,1.3066090021358538,-0.308046126975866]
c0 = [0.0,0.8110690513276634,0.9999999932238107,0.9999999997316007]
c1 = [0.0,0.2886987639448936,1.000000000000001,1.0]
A0 = [0.0,0.8110690513276634,0.9657920447258284,0.3028466750879144,0.0,0.0,0.0342079484979824,0.589372744492829,0.0,0.0,0.0,0.10778058015085736,0.0,0.0,0.0,0.0]
A1 = [0.0,0.2886987639448936,-1.0067872024371771,-0.1197136258563935,0.0,0.0,2.0067872024371782,1.1704014883008798,0.0,0.0,0.0,-0.05068786244448613,0.0,0.0,0.0,0.0]
B0 = [0.0,-0.02310422386498691,-0.41959748239814104,3.8919351700981606,0.0,0.0,-0.6489065364807546,0.27993905066855806,0.0,0.0,0.0,-0.418905524453294,0.0,0.0,0.0,0.0]
B1 = [0.0,0.5373934086639964,0.27991185201167773,1.4132753156873836,0.0,0.0,1.2515765001858032,-1.0700144883903495,0.0,0.0,0.0,0.11858821225125397,0.0,0.0,0.0,0.0]
α  = [0.31109191123744584,0.9998791721074769,-0.4542525269332957,0.1432814352868855]
β1 = [2.100298337559767,-2.9527419748971298,0.6836282257245191,1.1688159234951334]
β2 = [-2.4520992975058267,3.4473740186095183,-0.36735164308227336,-0.6279231664561268]
β3 = [-1.100303071006395,2.9527493704404986,-0.6836293060072941,-1.168817568649095]
β4 = [2.4603018714190776,-3.4588658672761947,1.3066090021358538,-0.308046126975866]


Set[{A021,A031,A032,A041,A042,A043,A121,A131,A132,A141,A142,A143,B021,B031,B032,B041,B042,B043,B121,B131,B132,B141,B142,B143,\[Alpha]1,\[Alpha]2,\[Alpha]3,\[Alpha]4,\[Beta]11,\[Beta]12,\[Beta]13,\[Beta]14,\[Beta]21,\[Beta]22,\[Beta]23,\[Beta]24,\[Beta]31,\[Beta]32,\[Beta]33,\[Beta]34,\[Beta]41,\[Beta]42,\[Beta]43,\[Beta]44},{0.8110690513276634,0.9657920447258284,0.0342079484979824,0.3028466750879144,0.589372744492829,0.10778058015085736,0.2886987639448936,-1.0067872024371771,2.0067872024371782,-0.1197136258563935,1.1704014883008798,-0.05068786244448613,-0.02310422386498691,-0.41959748239814104,-0.6489065364807546,3.8919351700981606,0.27993905066855806,-0.418905524453294,0.5373934086639964,0.27991185201167773,1.2515765001858032,1.4132753156873836,-1.0700144883903495,0.11858821225125397,0.31109191123744584,0.9998791721074769,-0.4542525269332957,0.1432814352868855,2.100298337559767,-2.9527419748971298,0.6836282257245191,1.1688159234951334,-2.4520992975058267,3.4473740186095183,-0.36735164308227336,-0.6279231664561268,-1.100303071006395,2.9527493704404986,-0.6836293060072941,-1.168817568649095,2.4603018714190776,-3.4588658672761947,1.3066090021358538,-0.308046126975866}]



