
-----------------Setup------------------
Options: alg=LN_AUGLAG_EQ,dx=0.01,max_eval=100000000,popSize=0
imin=-6,jmin=-3,imax=1,jmax=3,
parameter_minmax=5,
randSeed=45965216, rand_minmax=1

Initial Condition:

[0.455761,-0.185277,-0.330352,-0.588472,-0.890861,0.83091,0.084927,0.0121152,0.0784896,-0.0581544,-0.529891,0.613033,0.451402,0.842242,0.47069,0.366629,-0.89874,0.521989,-0.857756,0.638071,0.214376,-0.296204,-0.176095,-0.952017,-0.918745,0.0203258,0.753243,-0.970413,0.366456,-0.423702,-0.443494,0.182378,0.575158,0.464173,0.581785,0.631673,0.547507,-0.861903,-0.657199,0.703629,-0.55337,0.691521,-0.210746,-0.252344]

f_1([0.805148,0.460946,0.140478,-0.305934,-0.766159,1.91787,0.942692,0.970596,0.0130479,0.853058,0.0277009,0.0603523,3.01007,1.29946,0.256065,1.48429,-2.03071,-1.32525,-0.977849,-0.668065,0.491375,2.49548,0.135081,-1.52804,0.159656,-0.0889523,0.877319,0.051997,-0.0533575,0.477435,0.132093,0.444242,0.00550356,-0.555044,0.117265,0.433117,1.05495,-0.477223,-0.13273,-0.444961,-0.0820094,1.18982,-1.86448,0.756677])
15.964547912300231
Max g: 0.013938350527473532
f_2([0.809389,0.458636,0.142614,-0.303115,-0.766105,1.91747,0.955597,0.988354,-0.00606687,0.88754,-0.0241746,0.0474265,3.01094,1.2988,0.254212,1.48218,-2.03151,-1.3256,-0.977533,-0.664155,0.486212,2.4957,0.129151,-1.5284,0.159246,-0.0879077,0.876869,0.0517901,-0.063681,0.477871,0.137435,0.448358,-0.0168442,-0.555854,0.134396,0.438288,1.06368,-0.477862,-0.137457,-0.448351,-0.0879882,1.19569,-1.8702,0.762499])
14.147875272073884
Max g: 3.134822504897647e-5
f_3([0.809383,0.458612,0.142663,-0.303146,-0.76624,1.91745,0.955445,0.988049,-0.00560787,0.886536,-0.0226777,0.0477266,3.01088,1.29884,0.254262,1.48215,-2.03155,-1.32558,-0.977477,-0.664254,0.486356,2.49574,0.129262,-1.52834,0.159253,-0.0879488,0.8769,0.0517959,-0.0633311,0.477892,0.137223,0.448215,-0.0163209,-0.555913,0.134116,0.438118,1.06332,-0.477893,-0.137215,-0.448216,-0.0878355,1.19562,-1.87011,0.762321])
14.202306664356362
Max g: 5.0405244692828394e-5
f_4([0.809388,0.458612,0.142664,-0.303163,-0.766239,1.91745,0.955474,0.988092,-0.00567016,0.886675,-0.0228962,0.0476888,3.01089,1.29884,0.254259,1.48215,-2.03155,-1.32558,-0.977483,-0.664241,0.486336,2.49573,0.129248,-1.52835,0.159254,-0.0879435,0.876895,0.0517948,-0.0633749,0.47789,0.13725,0.448235,-0.0163973,-0.555906,0.13416,0.438142,1.06337,-0.47789,-0.13725,-0.448235,-0.0878567,1.19564,-1.87012,0.762345])
14.19512889834109
Max g: 8.936729365277563e-7
f_5([0.809389,0.458612,0.142664,-0.303163,-0.766239,1.91746,0.955474,0.988092,-0.00567024,0.886675,-0.0228968,0.0476887,3.01089,1.29884,0.254259,1.48215,-2.03155,-1.32558,-0.977483,-0.664241,0.486336,2.49573,0.129248,-1.52835,0.159254,-0.0879435,0.876895,0.0517947,-0.0633753,0.47789,0.13725,0.448235,-0.0163973,-0.555906,0.13416,0.438142,1.06338,-0.47789,-0.13725,-0.448235,-0.0878566,1.19564,-1.87012,0.762346])
14.19512889834109
Max g: 6.221796684177661e-7
{0.8093885932186995,0.45861196975630625,0.14266385983944885,-0.3031628188939928,-0.766239219469166,1.9174599871744482,0.9554741407323326,0.9880924126986806,-0.005670241612690581,0.8866749644278534,-0.02289683653807788,0.047688705690468194,3.0108882185347854,1.2988355766834911,0.2542594436141428,1.4821548482202669,-2.0315464513661907,-1.3255777636415287,-0.9774832906863798,-0.6642411124221733,0.4863359570183406,2.495731478188092,0.12924800417204144,-1.5283514890736154,0.15925374989739574,-0.08794347702733213,0.8768950587828327,0.05179471456989847,-0.06337527750149713,0.4778900169710829,0.13725014738060637,0.4482350415963755,-0.0163972684772909,-0.5559059135141017,0.1341602710221701,0.4381424619957748,1.0633751737462143,-0.47789011008636495,-0.13724981888437413,-0.4482351397708874,-0.08785664050079402,1.1956361278014271,-1.8701249084361482,0.7623455672905382}]
Set[{A021,A031,A032,A041,A042,A043,A121,A131,A132,A141,A142,A143,B021,B031,B032,B041,B042,B043,B121,B131,B132,B141,B142,B143,\[Alpha]1,\[Alpha]2,\[Alpha]3,\[Alpha]4,\[Beta]11,\[Beta]12,\[Beta]13,\[Beta]14,\[Beta]21,\[Beta]22,\[Beta]23,\[Beta]24,\[Beta]31,\[Beta]32,\[Beta]33,\[Beta]34,\[Beta]41,\[Beta]42,\[Beta]43,\[Beta]44},{0.8093885932186995,0.45861196975630625,0.14266385983944885,-0.3031628188939928,-0.766239219469166,1.9174599871744482,0.9554741407323326,0.9880924126986806,-0.005670241612690581,0.8866749644278534,-0.02289683653807788,0.047688705690468194,3.0108882185347854,1.2988355766834911,0.2542594436141428,1.4821548482202669,-2.0315464513661907,-1.3255777636415287,-0.9774832906863798,-0.6642411124221733,0.4863359570183406,2.495731478188092,0.12924800417204144,-1.5283514890736154,0.15925374989739574,-0.08794347702733213,0.8768950587828327,0.05179471456989847,-0.06337527750149713,0.4778900169710829,0.13725014738060637,0.4482350415963755,-0.0163972684772909,-0.5559059135141017,0.1341602710221701,0.4381424619957748,1.0633751737462143,-0.47789011008636495,-0.13724981888437413,-0.4482351397708874,-0.08785664050079402,1.1956361278014271,-1.8701249084361482,0.7623455672905382}]


-----------------Final Result------------------
Options: alg=LN_AUGLAG_EQ,dx=0.01,max_eval=100000000,popSize=0
imin=-6,jmin=-3,imax=1,jmax=3,
parameter_minmax=5,
randSeed=45965216,rand_minmax=1

585548 steps

Completed with maxf : 14.195029207146433

Constraints at 6.221805175822548e-7

x = [0.8093885932186995,0.45861196975630625,0.14266385983944885,-0.3031628188939928,-0.766239219469166,1.9174599871744482,0.9554741407323326,0.9880924126986806,-0.005670241612690581,0.8866749644278534,-0.02289683653807788,0.047688705690468194,3.0108882185347854,1.2988355766834911,0.2542594436141428,1.4821548482202669,-2.0315464513661907,-1.3255777636415287,-0.9774832906863798,-0.6642411124221733,0.4863359570183406,2.495731478188092,0.12924800417204144,-1.5283514890736154,0.15925374989739574,-0.08794347702733213,0.8768950587828327,0.05179471456989847,-0.06337527750149713,0.4778900169710829,0.13725014738060637,0.4482350415963755,-0.0163972684772909,-0.5559059135141017,0.1341602710221701,0.4381424619957748,1.0633751737462143,-0.47789011008636495,-0.13724981888437413,-0.4482351397708874,-0.08785664050079402,1.1956361278014271,-1.8701249084361482,0.7623455672905382]
c0 = [0.0,0.8093885932186995,0.6012758295957551,0.8480579488112895]
c1 = [0.0,0.9554741407323326,0.9824221710859901,0.9114668335802438]
A0 = [0.0,0.8093885932186995,0.45861196975630625,-0.3031628188939928,0.0,0.0,0.14266385983944885,-0.766239219469166,0.0,0.0,0.0,1.9174599871744482,0.0,0.0,0.0,0.0]
A1 = [0.0,0.9554741407323326,0.9880924126986806,0.8866749644278534,0.0,0.0,-0.005670241612690581,-0.02289683653807788,0.0,0.0,0.0,0.047688705690468194,0.0,0.0,0.0,0.0]
B0 = [0.0,3.0108882185347854,1.2988355766834911,1.4821548482202669,0.0,0.0,0.2542594436141428,-2.0315464513661907,0.0,0.0,0.0,-1.3255777636415287,0.0,0.0,0.0,0.0]
B1 = [0.0,-0.9774832906863798,-0.6642411124221733,2.495731478188092,0.0,0.0,0.4863359570183406,0.12924800417204144,0.0,0.0,0.0,-1.5283514890736154,0.0,0.0,0.0,0.0]
α  = [0.15925374989739574,-0.08794347702733213,0.8768950587828327,0.05179471456989847]
β1 = [-0.06337527750149713,0.4778900169710829,0.13725014738060637,0.4482350415963755]
β2 = [-0.0163972684772909,-0.5559059135141017,0.1341602710221701,0.4381424619957748]
β3 = [1.0633751737462143,-0.47789011008636495,-0.13724981888437413,-0.4482351397708874]
β4 = [-0.08785664050079402,1.1956361278014271,-1.8701249084361482,0.7623455672905382]


Set[{A021,A031,A032,A041,A042,A043,A121,A131,A132,A141,A142,A143,B021,B031,B032,B041,B042,B043,B121,B131,B132,B141,B142,B143,\[Alpha]1,\[Alpha]2,\[Alpha]3,\[Alpha]4,\[Beta]11,\[Beta]12,\[Beta]13,\[Beta]14,\[Beta]21,\[Beta]22,\[Beta]23,\[Beta]24,\[Beta]31,\[Beta]32,\[Beta]33,\[Beta]34,\[Beta]41,\[Beta]42,\[Beta]43,\[Beta]44},{0.8093885932186995,0.45861196975630625,0.14266385983944885,-0.3031628188939928,-0.766239219469166,1.9174599871744482,0.9554741407323326,0.9880924126986806,-0.005670241612690581,0.8866749644278534,-0.02289683653807788,0.047688705690468194,3.0108882185347854,1.2988355766834911,0.2542594436141428,1.4821548482202669,-2.0315464513661907,-1.3255777636415287,-0.9774832906863798,-0.6642411124221733,0.4863359570183406,2.495731478188092,0.12924800417204144,-1.5283514890736154,0.15925374989739574,-0.08794347702733213,0.8768950587828327,0.05179471456989847,-0.06337527750149713,0.4778900169710829,0.13725014738060637,0.4482350415963755,-0.0163972684772909,-0.5559059135141017,0.1341602710221701,0.4381424619957748,1.0633751737462143,-0.47789011008636495,-0.13724981888437413,-0.4482351397708874,-0.08785664050079402,1.1956361278014271,-1.8701249084361482,0.7623455672905382}]



