
-----------------Setup------------------
Options: alg=LN_AUGLAG_EQ,dx=0.01,max_eval=100000000,popSize=0
imin=-6,jmin=-3,imax=1,jmax=3,
parameter_minmax=5,
randSeed=27003251, rand_minmax=1

Initial Condition:

[-0.0191899,-0.984703,0.522105,0.855263,0.679504,0.4591,0.370202,-0.156597,-0.0820508,0.876036,0.728046,0.240529,-0.371752,0.600724,-0.472923,-0.928534,-0.326314,-0.140975,-0.398545,-0.363867,-0.0802611,-0.019376,-0.375341,0.121193,-0.381733,0.673969,0.113465,-0.0650235,-0.204777,-0.470165,-0.623131,0.0786549,-0.300212,-0.679348,0.526717,-0.805117,-0.205252,0.980541,0.263235,-0.0320015,-0.145532,0.0683426,-0.165392,-0.998511]

f_1([0.0517892,-0.117391,1.06481,0.484604,-0.257497,-0.213832,0.492958,-0.356475,1.16354,-0.0663818,0.939819,0.0245488,0.0887174,2.29069,-0.487177,1.01445,-0.990967,-0.210762,-0.690342,0.762839,0.0786062,0.121671,0.258766,-0.315304,-0.476981,1.29443,0.461226,-0.278866,-0.616691,0.940209,0.778851,-0.101874,0.305353,-0.797025,0.538351,-0.0474987,1.61699,-0.940026,-0.778972,0.10162,-0.967486,1.77521,1.64596,-2.4539])
9.561781244288525
Max g: 0.011217243189477734
f_2([0.0334044,-0.124646,1.05539,0.488049,-0.252535,-0.204331,0.479183,-0.341528,1.16229,-0.0728744,0.92703,0.0441899,0.0161133,2.26283,-0.514163,0.968637,-1.03909,-0.253091,-0.692207,0.757249,0.0829712,0.122734,0.259557,-0.318358,-0.480619,1.29586,0.501287,-0.316551,-0.618199,0.938091,0.780427,-0.100256,0.324402,-0.79537,0.540208,-0.0692499,1.61822,-0.938017,-0.780394,0.100176,-0.9684,1.77089,1.64518,-2.44767])
9.796753390094018
Max g: 0.000892961581111669
f_3([0.031786,-0.125194,1.05424,0.488358,-0.252118,-0.203044,0.478984,-0.340954,1.16238,-0.0726302,0.92671,0.0447544,0.00829787,2.26028,-0.516537,0.964034,-1.04394,-0.257645,-0.692092,0.756994,0.0833069,0.123176,0.25963,-0.318535,-0.48093,1.29606,0.505292,-0.320417,-0.617991,0.938165,0.780389,-0.100564,0.325108,-0.795595,0.540104,-0.0696169,1.61798,-0.938174,-0.780397,0.100586,-0.968829,1.7707,1.64559,-2.44746])
9.800541655490967
Max g: 1.1381706725321905e-5
f_4([0.0320861,-0.125082,1.05433,0.488291,-0.252186,-0.203158,0.478971,-0.340988,1.16234,-0.072385,0.926945,0.0442034,0.00955558,2.26066,-0.516139,0.96473,-1.04317,-0.2569,-0.692079,0.757089,0.0832335,0.12317,0.259618,-0.318496,-0.480949,1.29607,0.504657,-0.319776,-0.618064,0.938187,0.780368,-0.100492,0.325098,-0.795625,0.540076,-0.0695503,1.61806,-0.938187,-0.780367,0.100492,-0.968787,1.77069,1.64557,-2.44747])
9.806822200754329
Max g: 4.673235269014083e-6
f_5([0.0321274,-0.125071,1.05434,0.488278,-0.252196,-0.203159,0.47897,-0.341,1.16234,-0.0723546,0.92697,0.0441388,0.00971111,2.2607,-0.516086,0.964813,-1.04307,-0.256814,-0.692076,0.757102,0.0832233,0.123163,0.259618,-0.318489,-0.480942,1.29606,0.504576,-0.319691,-0.618072,0.938192,0.780365,-0.100484,0.325097,-0.795628,0.540071,-0.0695397,1.61807,-0.93819,-0.780363,0.10048,-0.968787,1.7707,1.64556,-2.44747])
9.80742034792227
Max g: 2.7594936908510986e-5
f_6([0.0320921,-0.125085,1.05433,0.488288,-0.252189,-0.203149,0.478969,-0.340993,1.16234,-0.0723809,0.926942,0.0442005,0.009565,2.26066,-0.516133,0.96473,-1.04316,-0.256897,-0.692076,0.757095,0.0832301,0.123166,0.25962,-0.318493,-0.480945,1.29606,0.504652,-0.319764,-0.618066,0.938191,0.780365,-0.10049,0.325104,-0.795629,0.540071,-0.0695457,1.61807,-0.93819,-0.780365,0.100489,-0.968792,1.77069,1.64557,-2.44747])
9.806921891948987
Max g: 6.034424745923576e-6
{0.032087716155674934,-0.12508671483929418,1.0543239421766222,0.48828821548321455,-0.25218700688776574,-0.20314756647008433,0.4789688378503771,-0.34099213389898103,1.1623423783527103,-0.07238418532797386,0.9269392406907808,0.04420783307017893,0.009547007927511508,2.260649548414984,-0.5161386761036914,0.964720849885369,-1.0431723858860875,-0.2569072340941759,-0.6920758006394244,0.7570935693400702,0.08323113195433446,0.12316627424067243,0.2596201949173536,-0.31849327752409706,-0.48094416630651987,1.2960563345296934,0.5046614821826501,-0.31977366347838704,-0.618065235526539,0.9381907348076,0.7803649834471339,-0.10049052392652154,0.3251048071531631,-0.7956294369852801,0.540071644805393,-0.06954702196869544,1.618065237808095,-0.9381905779778416,-0.7803647832219819,0.10049009939453211,-0.968792243134756,1.7706940918886211,1.6455663886807674,-2.447468250736288}]
Set[{A021,A031,A032,A041,A042,A043,A121,A131,A132,A141,A142,A143,B021,B031,B032,B041,B042,B043,B121,B131,B132,B141,B142,B143,\[Alpha]1,\[Alpha]2,\[Alpha]3,\[Alpha]4,\[Beta]11,\[Beta]12,\[Beta]13,\[Beta]14,\[Beta]21,\[Beta]22,\[Beta]23,\[Beta]24,\[Beta]31,\[Beta]32,\[Beta]33,\[Beta]34,\[Beta]41,\[Beta]42,\[Beta]43,\[Beta]44},{0.032087716155674934,-0.12508671483929418,1.0543239421766222,0.48828821548321455,-0.25218700688776574,-0.20314756647008433,0.4789688378503771,-0.34099213389898103,1.1623423783527103,-0.07238418532797386,0.9269392406907808,0.04420783307017893,0.009547007927511508,2.260649548414984,-0.5161386761036914,0.964720849885369,-1.0431723858860875,-0.2569072340941759,-0.6920758006394244,0.7570935693400702,0.08323113195433446,0.12316627424067243,0.2596201949173536,-0.31849327752409706,-0.48094416630651987,1.2960563345296934,0.5046614821826501,-0.31977366347838704,-0.618065235526539,0.9381907348076,0.7803649834471339,-0.10049052392652154,0.3251048071531631,-0.7956294369852801,0.540071644805393,-0.06954702196869544,1.618065237808095,-0.9381905779778416,-0.7803647832219819,0.10049009939453211,-0.968792243134756,1.7706940918886211,1.6455663886807674,-2.447468250736288}]


-----------------Final Result------------------
Options: alg=LN_AUGLAG_EQ,dx=0.01,max_eval=100000000,popSize=0
imin=-6,jmin=-3,imax=1,jmax=3,
parameter_minmax=5,
randSeed=27003251,rand_minmax=1

627669 steps

Completed with maxf : 9.806921891948987

Constraints at 3.3887557953642296e-6

x = [0.032087716155674934,-0.12508671483929418,1.0543239421766222,0.48828821548321455,-0.25218700688776574,-0.20314756647008433,0.4789688378503771,-0.34099213389898103,1.1623423783527103,-0.07238418532797386,0.9269392406907808,0.04420783307017893,0.009547007927511508,2.260649548414984,-0.5161386761036914,0.964720849885369,-1.0431723858860875,-0.2569072340941759,-0.6920758006394244,0.7570935693400702,0.08323113195433446,0.12316627424067243,0.2596201949173536,-0.31849327752409706,-0.48094416630651987,1.2960563345296934,0.5046614821826501,-0.31977366347838704,-0.618065235526539,0.9381907348076,0.7803649834471339,-0.10049052392652154,0.3251048071531631,-0.7956294369852801,0.540071644805393,-0.06954702196869544,1.618065237808095,-0.9381905779778416,-0.7803647832219819,0.10049009939453211,-0.968792243134756,1.7706940918886211,1.6455663886807674,-2.447468250736288]
c0 = [0.0,0.032087716155674934,0.9292372273373279,0.032953642125364446]
c1 = [0.0,0.4789688378503771,0.8213502444537293,0.8987628884329859]
A0 = [0.0,0.032087716155674934,-0.12508671483929418,0.48828821548321455,0.0,0.0,1.0543239421766222,-0.25218700688776574,0.0,0.0,0.0,-0.20314756647008433,0.0,0.0,0.0,0.0]
A1 = [0.0,0.4789688378503771,-0.34099213389898103,-0.07238418532797386,0.0,0.0,1.1623423783527103,0.9269392406907808,0.0,0.0,0.0,0.04420783307017893,0.0,0.0,0.0,0.0]
B0 = [0.0,0.009547007927511508,2.260649548414984,0.964720849885369,0.0,0.0,-0.5161386761036914,-1.0431723858860875,0.0,0.0,0.0,-0.2569072340941759,0.0,0.0,0.0,0.0]
B1 = [0.0,-0.6920758006394244,0.7570935693400702,0.12316627424067243,0.0,0.0,0.08323113195433446,0.2596201949173536,0.0,0.0,0.0,-0.31849327752409706,0.0,0.0,0.0,0.0]
α  = [-0.48094416630651987,1.2960563345296934,0.5046614821826501,-0.31977366347838704]
β1 = [-0.618065235526539,0.9381907348076,0.7803649834471339,-0.10049052392652154]
β2 = [0.3251048071531631,-0.7956294369852801,0.540071644805393,-0.06954702196869544]
β3 = [1.618065237808095,-0.9381905779778416,-0.7803647832219819,0.10049009939453211]
β4 = [-0.968792243134756,1.7706940918886211,1.6455663886807674,-2.447468250736288]


Set[{A021,A031,A032,A041,A042,A043,A121,A131,A132,A141,A142,A143,B021,B031,B032,B041,B042,B043,B121,B131,B132,B141,B142,B143,\[Alpha]1,\[Alpha]2,\[Alpha]3,\[Alpha]4,\[Beta]11,\[Beta]12,\[Beta]13,\[Beta]14,\[Beta]21,\[Beta]22,\[Beta]23,\[Beta]24,\[Beta]31,\[Beta]32,\[Beta]33,\[Beta]34,\[Beta]41,\[Beta]42,\[Beta]43,\[Beta]44},{0.032087716155674934,-0.12508671483929418,1.0543239421766222,0.48828821548321455,-0.25218700688776574,-0.20314756647008433,0.4789688378503771,-0.34099213389898103,1.1623423783527103,-0.07238418532797386,0.9269392406907808,0.04420783307017893,0.009547007927511508,2.260649548414984,-0.5161386761036914,0.964720849885369,-1.0431723858860875,-0.2569072340941759,-0.6920758006394244,0.7570935693400702,0.08323113195433446,0.12316627424067243,0.2596201949173536,-0.31849327752409706,-0.48094416630651987,1.2960563345296934,0.5046614821826501,-0.31977366347838704,-0.618065235526539,0.9381907348076,0.7803649834471339,-0.10049052392652154,0.3251048071531631,-0.7956294369852801,0.540071644805393,-0.06954702196869544,1.618065237808095,-0.9381905779778416,-0.7803647832219819,0.10049009939453211,-0.968792243134756,1.7706940918886211,1.6455663886807674,-2.447468250736288}]



