
-----------------Setup------------------
Options: alg=LN_AUGLAG_EQ,dx=0.01,max_eval=100000000,popSize=0
imin=-1,jmin=-5,imax=1,jmax=5,
parameter_minmax=5,randSeed=9396126

f_1([0.0794858,4.95326,-4.01759,-3.02248,4.42967,-0.407204,0.00285486,-0.0280607,0.0346149,-0.260362,0.23259,0.0343288,4.33089,1.32006,-2.52719,4.64362,-1.42855,1.89619,-0.0532665,-2.55579,2.55076,1.88113,2.00366,-3.82787,0.300743,0.758188,-0.548168,-0.46279,2.70418,-0.483899,0.441733,-2.87481,-2.96847,2.29191,-2.09773,2.86324,-1.21471,-0.238959,-2.5429,4.14045,0.325254,-0.858052,0.104315,0.201695])
7.627894493566136
Max g: 1.0126728170788013
f_2([0.697084,4.98455,-4.09114,-2.95943,4.14126,-0.252914,-2.15357e-18,0.508879,-0.508879,0.277381,0.222471,-0.499852,4.31233,0.736081,-2.59828,4.54074,-0.878289,2.23741,0.218503,-2.50128,2.55534,1.36639,2.41135,-3.72417,0.00308307,1.30486,0.277888,-0.681534,2.95178,-0.314037,1.38782,-2.87668,-3.40377,2.33773,-1.81255,2.82913,-1.72783,0.00280892,-2.26574,4.00717,0.579343,-1.88649,0.638632,0.853901])
1.576234710563069
Max g: 1.0050113254649689
f_3([0.720524,4.75351,-3.7814,-3.05051,4.16967,-0.133521,1.85288e-21,0.6645,-0.6645,0.115571,0.375736,-0.491307,4.31942,0.72348,-2.6971,4.3927,-0.852014,2.17652,0.168055,-2.62669,2.66801,1.32945,2.42076,-3.69957,0.0790441,1.34022,0.263267,-0.750292,3.11509,-0.531574,1.38272,-2.95536,-3.68325,2.39343,-1.56093,2.87938,-1.82307,0.405964,-2.47577,4.00786,0.169854,-2.05737,1.03444,0.979047])
1.5102310624698685
Max g: 1.017517112471781
f_4([0.72122,4.75303,-3.75654,-3.14429,4.28036,-0.13607,2.11818e-22,0.593943,-0.593943,0.119086,0.339639,-0.458725,4.31305,0.942534,-2.66656,4.50544,-0.93362,2.13755,0.170671,-2.63984,2.68357,1.32518,2.4051,-3.67752,0.0356541,1.38114,0.304407,-0.770093,3.08764,-0.524624,1.39913,-2.93903,-3.691,2.39096,-1.41238,2.88767,-1.79856,0.272744,-2.42961,4.01284,-0.0415589,-1.99366,1.09997,1.00045])
1.50625493909076
Max g: 1.0144663705441115
f_5([0.7212,4.75303,-3.75655,-3.14429,4.28036,-0.13607,5.32824e-15,0.59395,-0.59395,0.119089,0.339635,-0.458724,4.31305,0.942504,-2.66657,4.50541,-0.933652,2.13751,0.17066,-2.63987,2.6836,1.32515,2.40514,-3.67753,0.0357682,1.3811,0.304613,-0.770113,3.08759,-0.524535,1.39916,-2.93902,-3.69137,2.39092,-1.41277,2.88764,-1.79871,0.272471,-2.42969,4.01284,-0.0417214,-1.99359,1.1001,1.00048])
1.5060561329218047
Max g: 1.014461176274675
f_6([0.710702,4.75943,-4.00145,-3.39461,4.39008,-0.137893,-9.15495e-24,0.671091,-0.671091,0.131734,0.37608,-0.507814,4.30502,1.18843,-2.68368,4.15742,-0.925505,2.20096,0.169644,-2.52826,2.56688,1.38239,2.28467,-3.61606,0.351512,1.46655,0.29092,-0.892483,3.10388,-0.556086,1.42649,-2.97603,-3.67038,2.31706,-1.53408,2.77511,-1.76314,0.224306,-2.47652,3.9971,-0.129785,-1.96606,1.20294,0.9599])
1.4138100705264884
Max g: 1.0131552785852571
f_7([0.841353,4.80807,-3.96079,-3.54055,4.70813,-0.167587,-1.23209e-12,0.650086,-0.650086,-0.0849902,0.503276,-0.418285,4.33904,1.17886,-2.67414,3.94354,-0.82052,2.16976,0.171128,-2.62323,2.65604,1.2578,2.26906,-3.48091,0.205855,1.66346,0.341079,-1.09147,3.17647,-0.753598,1.49525,-2.92981,-3.33133,2.32244,-1.62214,2.66678,-1.71723,0.278551,-2.50227,4.01046,0.145639,-1.9381,0.885985,1.04852])
1.327229983946402
Max g: 1.0139276491356182
f_8([0.698352,4.78694,-3.85078,-3.52995,4.53627,-0.0590019,-1.62332e-28,0.6435,-0.6435,-0.228547,0.744652,-0.516105,4.32122,0.980367,-2.69235,3.94923,-0.793925,2.16603,0.183419,-2.63151,2.67876,1.0384,2.52227,-3.50177,-0.0059888,1.8265,0.340137,-1.18664,2.9196,-0.547908,1.45949,-2.89618,-3.06346,2.23925,-1.67741,2.61044,-1.43273,-0.064161,-2.5509,4.04283,-0.432972,-1.66545,0.952898,1.20409])
1.2669917147529088
Max g: 1.0061736479866124
f_9([0.782474,4.73334,-3.86545,-3.36902,4.47148,-0.125393,-4.344e-24,0.25188,-0.25188,-0.75521,1.13446,-0.379252,4.30443,0.978227,-2.76093,3.91592,-0.917176,2.14165,0.173408,-2.55802,2.59953,1.10187,2.48242,-3.53317,0.0231811,2.05264,0.310564,-1.41974,3.03867,-0.655854,1.45814,-2.85342,-3.11684,2.15856,-1.48414,2.42838,-1.39339,0.148975,-2.85551,4.13713,-0.622636,-1.61004,1.16605,1.10881])
1.2997947326305537
Max g: 1.0103721171260325
f_10([0.791556,4.73799,-3.89122,-3.56391,4.53385,-0.0303039,-1.83704e-21,0.0795767,-0.0795767,-0.797879,1.15382,-0.35594,4.31308,0.946556,-2.70332,3.81103,-0.909137,2.19312,0.182493,-2.56968,2.61113,1.14283,2.53796,-3.63253,0.127593,2.03021,0.269102,-1.42909,3.01042,-1.06458,1.81688,-2.77722,-3.10182,2.00223,-1.36335,2.46287,-1.36578,0.113398,-2.86672,4.14134,-0.791504,-1.33226,0.980346,1.16358])
1.3097350410783248
{0.7915556167428083,4.737985594334861,-3.8912206434404353,-3.5639124090022705,4.533848114189613,-0.030303896925888855,-1.8370368876643496e-21,0.07957666895796972,-0.0795766689579697,-0.797878905073031,1.1538186232926284,-0.3559397182195967,4.31307882561416,0.9465556423684355,-2.7033187566687316,3.811031339020952,-0.9091372417041985,2.1931160772103877,0.18249323242818408,-2.5696837773646926,2.611132708666201,1.1428320252348045,2.5379613699945414,-3.6325330127609816,0.1275930810797369,2.0302147068172927,0.2691022744462843,-1.4290944737081097,3.010422000570783,-1.064575320696338,1.816882132471538,-2.777222531315629,-3.10181989713664,2.002225926891559,-1.3633477183728415,2.462868600251289,-1.36578098268924,0.11339803238628605,-2.866724713073468,4.14133597292509,-0.7915040080094197,-1.3322603955539065,0.980346263893391,1.1635828968805126}]
Set[{A021,A031,A032,A041,A042,A043,A121,A131,A132,A141,A142,A143,B021,B031,B032,B041,B042,B043,B121,B131,B132,B141,B142,B143,\[Alpha]1,\[Alpha]2,\[Alpha]3,\[Alpha]4,\[Beta]11,\[Beta]12,\[Beta]13,\[Beta]14,\[Beta]21,\[Beta]22,\[Beta]23,\[Beta]24,\[Beta]31,\[Beta]32,\[Beta]33,\[Beta]34,\[Beta]41,\[Beta]42,\[Beta]43,\[Beta]44},{0.7915556167428083,4.737985594334861,-3.8912206434404353,-3.5639124090022705,4.533848114189613,-0.030303896925888855,-1.8370368876643496e-21,0.07957666895796972,-0.0795766689579697,-0.797878905073031,1.1538186232926284,-0.3559397182195967,4.31307882561416,0.9465556423684355,-2.7033187566687316,3.811031339020952,-0.9091372417041985,2.1931160772103877,0.18249323242818408,-2.5696837773646926,2.611132708666201,1.1428320252348045,2.5379613699945414,-3.6325330127609816,0.1275930810797369,2.0302147068172927,0.2691022744462843,-1.4290944737081097,3.010422000570783,-1.064575320696338,1.816882132471538,-2.777222531315629,-3.10181989713664,2.002225926891559,-1.3633477183728415,2.462868600251289,-1.36578098268924,0.11339803238628605,-2.866724713073468,4.14133597292509,-0.7915040080094197,-1.3322603955539065,0.980346263893391,1.1635828968805126}]

Max g: 1.0084969488511584
f_11([0.791572,4.73799,-3.89122,-3.5637,4.53406,-0.0300853,2.89068e-22,0.0795893,-0.0795893,-0.797879,1.15382,-0.355939,4.31308,0.946553,-2.70332,3.81104,-0.909132,2.19312,0.182497,-2.56971,2.61116,1.14277,2.53805,-3.63255,0.127604,2.03022,0.26916,-1.42909,3.01049,-1.06416,1.81698,-2.77716,-3.10182,2.00234,-1.36349,2.46287,-1.36588,0.113075,-2.86671,4.14135,-0.791591,-1.33194,0.980651,1.16378])
1.3097350410783248
Max g: 1.008490071729329
f_12([0.791588,4.73799,-3.89121,-3.56348,4.53427,-0.0298712,-6.28995e-21,0.0796012,-0.0796012,-0.797879,1.15382,-0.355939,4.31308,0.94655,-2.70332,3.81104,-0.909126,2.19313,0.182499,-2.56973,2.61119,1.14272,2.53814,-3.63258,0.127614,2.03022,0.269217,-1.42909,3.01055,-1.06376,1.81708,-2.77711,-3.10182,2.00245,-1.36363,2.46286,-1.36598,0.112761,-2.8667,4.14136,-0.791677,-1.33162,0.980948,1.16397])
1.3097350410783248
Max g: 1.0084833871520942
f_13([0.791605,4.73799,-3.89121,-3.56328,4.53447,-0.0296608,-3.37627e-21,0.0796124,-0.0796124,-0.797879,1.15382,-0.355938,4.31308,0.946548,-2.70332,3.81104,-0.909119,2.19313,0.182501,-2.56976,2.61122,1.14266,2.53823,-3.6326,0.127624,2.03022,0.269271,-1.42909,3.01061,-1.06337,1.81718,-2.77705,-3.10182,2.00256,-1.36377,2.46286,-1.36608,0.112454,-2.86669,4.14137,-0.791763,-1.33131,0.981237,1.16416])
1.3095362349093693
Max g: 1.0084770674123718
f_14([0.621106,4.78186,-3.95099,-3.64486,4.48311,0.0213127,6.16971e-24,-0.0203802,0.0203802,-0.523107,1.07873,-0.555622,4.31966,1.12948,-2.77254,3.85374,-0.915341,2.2958,0.177077,-2.59393,2.63374,1.16077,2.56891,-3.67997,-0.123378,2.09796,0.414482,-1.41475,2.96649,-0.986434,1.76554,-2.80299,-3.09805,2.02461,-1.39855,2.40799,-1.35181,0.117486,-2.90605,4.15252,-0.850605,-1.3833,0.943181,1.35999])
1.2089403134179255
Max g: 1.0093415837942892
f_15([0.63546,4.96993,-4.03154,-3.73647,4.86506,-0.281989,-0.163254,-0.113252,0.113255,-0.222637,0.821849,-0.764756,4.28747,0.611211,-3.04353,3.61587,-0.831267,2.45265,0.174681,-2.6857,2.72652,1.10261,2.70574,-3.76749,-0.0515963,2.34327,0.34682,-1.59529,3.31839,-1.42852,1.82205,-2.80985,-2.97175,1.87549,-1.27549,2.38685,-1.54626,0.281159,-2.83675,4.16001,-1.06044,-1.08956,0.991836,1.21375])
1.0804121251882446
Max g: 1.0107962642363002
f_16([0.267586,4.94505,-4.30598,-3.47753,4.72501,-0.608413,-5.57814e-10,-0.00879239,0.00879239,0.0696144,0.861966,-0.93158,4.26289,0.177959,-3.03913,3.66553,-0.814732,2.50107,0.194268,-2.75588,2.79551,1.29457,2.5163,-3.77152,-0.214935,2.50584,0.341433,-1.63453,3.25681,-1.22107,1.79829,-2.80343,-2.99928,1.93454,-1.22629,2.22367,-1.53431,0.0188944,-2.68034,4.18923,-1.14047,-0.953785,0.918791,1.12966])
1.2019820975044857
Max g: 1.0029844242135855
f_17([0.556086,4.99973,-4.37316,-3.76398,4.93786,-0.368433,-2.1967e-10,0.108525,-0.108525,-6.54704e-6,0.956186,-0.956179,4.28635,0.166169,-3.01081,3.70142,-0.795328,2.62224,0.202152,-2.7389,2.78852,1.28565,2.60424,-3.84003,-0.458346,2.77778,0.450504,-1.74008,3.26824,-0.975822,1.5589,-2.90275,-3.32975,1.92257,-1.05937,2.28885,-1.1537,-0.25204,-2.82616,4.27759,-1.09174,-0.923353,0.841928,1.16469])
0.9673908181370868
Max g: 0.9999999995774065
f_18([0.646965,4.99192,-4.30738,-3.80135,4.93214,-0.199528,1.44437e-21,0.207665,-0.207665,0.603815,0.514344,-1.11816,4.276,0.0746938,-2.94827,3.74934,-0.846386,2.56817,0.23087,-2.80279,2.8599,1.31794,2.56747,-3.83403,-0.648793,3.03063,0.480803,-1.93367,3.42942,-0.834883,1.37818,-2.86114,-3.38383,2.12252,-1.07885,2.2463,-1.1737,-0.397243,-2.61287,4.17837,-1.24014,-0.668201,0.549493,1.37427])
0.9080471767038931
Max g: 1.0000000000000009
f_19([0.608575,4.99296,-4.22657,-3.86331,4.95443,-0.191971,-2.06019e-26,0.184903,-0.184903,0.495092,0.559488,-1.05458,4.25715,0.0469706,-2.94559,3.71575,-0.871093,2.58542,0.212642,-2.83226,2.87827,1.29119,2.53202,-3.76861,-0.600614,3.12292,0.482802,-2.00618,3.32704,-0.806274,1.32819,-2.84394,-3.30016,2.15971,-0.97281,2.24399,-0.916765,-0.711533,-2.91632,4.21958,-1.17736,-0.547394,0.698809,1.12647])
0.89949851143881
Max g: 0.9999999999999991
f_20([0.60099,4.9998,-4.13682,-3.74635,4.96984,-0.350309,8.84641e-16,0.147801,-0.147801,-0.0318132,0.8308,-0.798987,4.28195,0.293408,-2.93357,3.52775,-0.821014,2.59077,0.241924,-2.84299,2.90865,1.15227,2.68645,-3.78864,-0.511925,3.1611,0.47557,-2.1299,3.25322,-0.7216,1.44516,-2.92875,-3.38277,2.3422,-1.12859,2.19224,-1.09524,-0.512036,-2.71232,4.3336,-1.36909,-0.337589,0.853131,0.949701])
0.9477090074105
{0.6009897106139455,4.99979577889196,-4.1368208917145095,-3.746345570646112,4.969844711523927,-0.3503088183259335,8.846410007619068e-16,0.1478013101903395,-0.14780131019043782,-0.031813156292041525,0.8307999434937721,-0.7989867872016763,4.281950029520154,0.2934078734391772,-2.9335712188811542,3.5277542436107403,-0.8210143827989307,2.5907737037014122,0.24192414658650355,-2.842990363401857,2.9086501684251354,1.1522688463411048,2.686454533196189,-3.7886367062935697,-0.5119245876631053,3.1610977507479743,0.47557012667178866,-2.1298955831281945,3.2532216051333114,-0.7216000372807867,1.4451642322011875,-2.9287486179974707,-3.3827662230823425,2.3421956599184277,-1.128593551778709,2.1922389286434703,-1.095242653136932,-0.5120356374761373,-2.712324699117858,4.333604923497733,-1.3690933578117188,-0.33758917023800616,0.8531309998050325,0.9497011332806102}]
Set[{A021,A031,A032,A041,A042,A043,A121,A131,A132,A141,A142,A143,B021,B031,B032,B041,B042,B043,B121,B131,B132,B141,B142,B143,\[Alpha]1,\[Alpha]2,\[Alpha]3,\[Alpha]4,\[Beta]11,\[Beta]12,\[Beta]13,\[Beta]14,\[Beta]21,\[Beta]22,\[Beta]23,\[Beta]24,\[Beta]31,\[Beta]32,\[Beta]33,\[Beta]34,\[Beta]41,\[Beta]42,\[Beta]43,\[Beta]44},{0.6009897106139455,4.99979577889196,-4.1368208917145095,-3.746345570646112,4.969844711523927,-0.3503088183259335,8.846410007619068e-16,0.1478013101903395,-0.14780131019043782,-0.031813156292041525,0.8307999434937721,-0.7989867872016763,4.281950029520154,0.2934078734391772,-2.9335712188811542,3.5277542436107403,-0.8210143827989307,2.5907737037014122,0.24192414658650355,-2.842990363401857,2.9086501684251354,1.1522688463411048,2.686454533196189,-3.7886367062935697,-0.5119245876631053,3.1610977507479743,0.47557012667178866,-2.1298955831281945,3.2532216051333114,-0.7216000372807867,1.4451642322011875,-2.9287486179974707,-3.3827662230823425,2.3421956599184277,-1.128593551778709,2.1922389286434703,-1.095242653136932,-0.5120356374761373,-2.712324699117858,4.333604923497733,-1.3690933578117188,-0.33758917023800616,0.8531309998050325,0.9497011332806102}]

Max g: 1.0000000000005014
f_21([0.593645,4.90995,-4.29959,-4.02619,4.88156,-0.0606058,1.01361e-10,-0.573208,0.573208,-0.393756,1.29015,-0.89639,4.22446,0.144154,-2.86497,3.35929,-0.829354,2.63474,0.254615,-2.78593,2.85988,1.12294,2.67217,-3.73869,-0.520677,3.4263,0.463477,-2.36473,3.39479,-0.854422,1.53344,-2.92738,-3.30668,2.35488,-1.16878,2.03437,-1.00747,-0.903359,-2.53622,4.42309,-1.69068,-0.154583,0.92694,0.913916])
0.9094388198865812
Max g: 0.9999999990966746
f_22([0.59983,4.92688,-4.29421,-3.96068,4.95789,-0.230445,6.94613e-25,-0.877414,0.877414,-0.92281,1.52843,-0.605623,4.22196,-0.0296585,-3.01744,3.3937,-1.04402,2.74104,0.308904,-2.80407,2.90083,1.1331,2.72393,-3.80091,-0.513741,3.57584,0.387688,-2.54035,3.34393,-0.837797,1.43003,-2.86963,-3.3502,2.37632,-1.11147,2.04492,-1.03177,-0.846607,-2.41923,4.42933,-1.80679,0.233434,0.835171,0.616985])
0.9393591483143723
Max g: 1.0
f_23([0.65252,4.9373,-4.26128,-3.86322,4.93192,-0.203942,5.7632e-24,-1.10545,1.10545,-1.1443,1.7423,-0.597997,4.15281,-0.0869522,-3.1661,3.36891,-1.1159,2.83419,0.332438,-2.80162,2.90403,1.15987,2.65803,-3.75714,-0.408526,3.61737,0.38348,-2.50948,3.3514,-0.878984,1.47421,-2.91864,-3.36008,2.2124,-1.43056,2.67766,-1.2469,-0.938325,-2.30339,4.42241,-1.78328,0.579624,0.809858,0.506049])
0.889160590653128
Max g: 1.0000000000000022
f_24([0.652526,4.9373,-4.26128,-3.86322,4.93192,-0.203941,-1.96344e-23,-1.10545,1.10545,-1.1443,1.7423,-0.597997,4.15281,-0.0869533,-3.1661,3.36891,-1.11591,2.83419,0.332455,-2.80162,2.90403,1.15987,2.65803,-3.75714,-0.408537,3.61736,0.38348,-2.50949,3.35139,-0.878956,1.47422,-2.91864,-3.3601,2.2124,-1.43057,2.67766,-1.24689,-0.938316,-2.30338,4.42241,-1.7833,0.579623,0.809836,0.506029])
0.889160590653128
Max g: 1.0000000000000009
f_25([0.652533,4.9373,-4.26128,-3.86322,4.93192,-0.20394,-2.30745e-24,-1.10545,1.10545,-1.1443,1.7423,-0.597997,4.15281,-0.0869543,-3.1661,3.3689,-1.11591,2.83419,0.332471,-2.80161,2.90403,1.15987,2.65803,-3.75714,-0.408549,3.61735,0.383479,-2.50949,3.35139,-0.878928,1.47423,-2.91863,-3.36011,2.21239,-1.43057,2.67766,-1.24688,-0.938307,-2.30336,4.42241,-1.78332,0.579623,0.809814,0.506009])
0.889160590653128
Max g: 0.9999999999999987
f_26([0.652539,4.9373,-4.26128,-3.86322,4.93192,-0.203939,2.20326e-24,-1.10545,1.10545,-1.1443,1.7423,-0.597997,4.15281,-0.0869554,-3.1661,3.3689,-1.11591,2.83418,0.332488,-2.80161,2.90403,1.15987,2.65804,-3.75714,-0.40856,3.61735,0.383479,-2.5095,3.35139,-0.8789,1.47423,-2.91863,-3.36012,2.21239,-1.43058,2.67766,-1.24687,-0.938299,-2.30335,4.42241,-1.78333,0.579623,0.809792,0.50599])
0.889160590653128
Max g: 1.0000000000000004
f_27([0.624044,4.92689,-4.12506,-3.71074,4.72027,-0.162979,6.61744e-22,-0.989897,0.989897,-1.55396,2.01668,-0.462718,4.15758,-0.225997,-3.12729,3.38043,-1.14869,2.87183,0.420665,-2.72192,2.8578,1.29829,2.7052,-3.93487,-0.607772,3.73192,0.389217,-2.58705,3.22499,-0.470164,1.51082,-2.97759,-3.4665,2.19433,-1.39944,2.65478,-1.34571,-0.815074,-2.18845,4.40211,-1.85307,0.738781,0.694545,0.399584])
0.9316057077251108
Max g: 0.9999999999999978
f_28([0.710197,4.93121,-4.07235,-3.42805,4.65068,-0.297971,1.44022e-23,-0.943463,0.943463,-1.98932,2.34098,-0.35166,4.1565,-0.220733,-3.10352,3.27544,-1.11999,2.85704,0.432992,-2.73191,2.87359,1.26218,2.68044,-3.87108,-0.615959,3.66401,0.345289,-2.61142,2.98708,-0.420831,1.56742,-3.01505,-3.52458,2.16245,-1.28025,2.6658,-1.05425,-0.841673,-2.16949,4.40719,-1.83099,0.766638,0.710948,0.424335])
0.820970074701418
Max g: 0.9999999999999984
f_29([0.70668,4.93809,-4.1285,-3.50584,4.77215,-0.378185,-3.83088e-22,-0.881301,0.881301,-2.24604,2.53939,-0.293349,4.16608,-0.0520007,-3.08689,3.25411,-1.18545,2.87131,0.449188,-2.7451,2.87628,1.26046,2.63446,-3.81873,-0.508058,3.65608,0.330669,-2.67215,2.84464,-0.355008,1.65428,-2.95929,-3.5851,2.15391,-1.17888,2.59056,-1.10199,-0.919362,-2.39061,4.39746,-1.80301,0.88414,0.672793,0.142813])
0.7912485524425823
Max g: 0.9999999999999944
f_30([0.706706,4.93809,-4.12849,-3.50576,4.77222,-0.378114,6.29185e-23,-0.881305,0.881305,-2.24604,2.53939,-0.293348,4.16608,-0.0519866,-3.08688,3.25424,-1.18532,2.87143,0.44926,-2.74506,2.87628,1.26044,2.6345,-3.81874,-0.507803,3.6563,0.330862,-2.67197,2.8444,-0.354871,1.654,-2.95928,-3.58508,2.15388,-1.17928,2.59054,-1.10197,-0.919324,-2.39032,4.39747,-1.80287,0.884462,0.672942,0.142944])
0.79134795552706
{0.7067059289358899,4.938091617588776,-4.1284937640283506,-3.505764910241608,4.772216438410216,-0.3781140120394437,6.291849371796942e-23,-0.8813052378128733,0.8813052378128733,-2.246038745357405,2.539387143829023,-0.29334839847162003,4.166076414494187,-0.05198662037502957,-3.086883352852468,3.2542416228653384,-1.1853236897129051,2.8714345625700726,0.449259783120248,-2.7450629262155744,2.876279773385547,1.2604430982875279,2.634501485879892,-3.818736529370096,-0.5078027438546632,3.656297601639622,0.33086199627775476,-2.671968486635456,2.8443986815611355,-0.35487089287924806,1.6540004022620067,-2.9592829282918576,-3.5850758637080156,2.153881492299813,-1.1792832864669358,2.5905431938591064,-1.101971508367479,-0.9193241084065441,-2.390318122620022,4.397473942075894,-1.8028710827797876,0.8844624725854052,0.6729421416995172,0.1429437383872364}]
Set[{A021,A031,A032,A041,A042,A043,A121,A131,A132,A141,A142,A143,B021,B031,B032,B041,B042,B043,B121,B131,B132,B141,B142,B143,\[Alpha]1,\[Alpha]2,\[Alpha]3,\[Alpha]4,\[Beta]11,\[Beta]12,\[Beta]13,\[Beta]14,\[Beta]21,\[Beta]22,\[Beta]23,\[Beta]24,\[Beta]31,\[Beta]32,\[Beta]33,\[Beta]34,\[Beta]41,\[Beta]42,\[Beta]43,\[Beta]44},{0.7067059289358899,4.938091617588776,-4.1284937640283506,-3.505764910241608,4.772216438410216,-0.3781140120394437,6.291849371796942e-23,-0.8813052378128733,0.8813052378128733,-2.246038745357405,2.539387143829023,-0.29334839847162003,4.166076414494187,-0.05198662037502957,-3.086883352852468,3.2542416228653384,-1.1853236897129051,2.8714345625700726,0.449259783120248,-2.7450629262155744,2.876279773385547,1.2604430982875279,2.634501485879892,-3.818736529370096,-0.5078027438546632,3.656297601639622,0.33086199627775476,-2.671968486635456,2.8443986815611355,-0.35487089287924806,1.6540004022620067,-2.9592829282918576,-3.5850758637080156,2.153881492299813,-1.1792832864669358,2.5905431938591064,-1.101971508367479,-0.9193241084065441,-2.390318122620022,4.397473942075894,-1.8028710827797876,0.8844624725854052,0.6729421416995172,0.1429437383872364}]

Max g: 0.9999999999999898
f_31([0.69137,4.94538,-4.15296,-3.47861,4.72756,-0.366619,-6.49579e-22,-0.830998,0.830998,-2.28227,2.71395,-0.431683,4.21828,-0.0439965,-3.07471,3.29674,-1.18881,2.91806,0.48251,-2.74236,2.88052,1.26866,2.62263,-3.81227,-0.463015,3.67272,0.354193,-2.66402,2.779,-0.283829,1.62303,-2.96159,-3.56562,2.11704,-1.34139,2.61031,-1.10751,-0.897861,-2.35753,4.41085,-1.80055,0.929847,0.63332,0.19079])
0.7665965874921099
Max g: 1.0000000000000095
f_32([0.691482,4.94539,-4.15295,-3.47847,4.7277,-0.366478,7.14164e-21,-0.831007,0.831007,-2.28227,2.71395,-0.431681,4.21828,-0.0439744,-3.07471,3.29696,-1.18859,2.91828,0.482611,-2.74226,2.8805,1.26859,2.62276,-3.81228,-0.46262,3.67306,0.35458,-2.66371,2.77838,-0.283201,1.62251,-2.96154,-3.56491,2.11709,-1.3411,2.61035,-1.1077,-0.897978,-2.35725,4.41088,-1.80037,0.930606,0.633222,0.190784])
0.7664971844076323
Max g: 0.9999999999999942
f_33([0.790516,4.93961,-4.14798,-3.4378,4.87521,-0.472016,7.34916e-26,-1.0046,1.0046,-2.68142,2.97464,-0.29322,4.25141,0.430898,-2.68098,3.31744,-1.31204,2.86766,0.558622,-2.70063,2.84942,1.30884,2.48247,-3.69292,-0.311144,3.66239,0.391019,-2.80775,2.50212,0.144786,1.55874,-2.95541,-3.24364,1.9802,-1.36835,2.56529,-1.23942,-0.897496,-2.3248,4.42068,-1.61505,0.862216,0.578816,0.125178])
0.7165968359998212
Max g: 1.0000000000000033
f_34([0.752704,4.97025,-4.21754,-3.33257,4.72859,-0.466871,-2.32276e-23,-1.04205,1.04205,-3.31131,3.30883,0.00247392,4.28187,0.377675,-2.59932,3.30794,-1.31669,2.9298,0.558337,-2.63391,2.80048,1.33286,2.45837,-3.6938,-0.379275,3.74689,0.429484,-2.86233,2.56284,0.0972861,1.44233,-2.94505,-3.36654,2.09087,-1.2753,2.6342,-1.24146,-0.925345,-2.1342,4.39778,-1.9063,1.35872,0.612021,-0.0692701])
0.6692809677884305
Max g: 0.9999999999999981
f_35([0.752707,4.97025,-4.21754,-3.33256,4.7286,-0.466864,5.03238e-22,-1.04205,1.04205,-3.31131,3.30883,0.00247394,4.28187,0.377675,-2.59932,3.30795,-1.31668,2.9298,0.558318,-2.63391,2.80048,1.33286,2.45838,-3.6938,-0.379256,3.7469,0.429507,-2.86232,2.56279,0.097325,1.44232,-2.94505,-3.36656,2.09084,-1.27534,2.63419,-1.24149,-0.925364,-2.13418,4.39779,-1.9063,1.35873,0.612036,-0.0692676])
0.6692809677884305
Max g: 0.9999999999999984
f_36([0.75271,4.97025,-4.21754,-3.33255,4.7286,-0.466857,3.19898e-23,-1.04205,1.04205,-3.31131,3.30883,0.00247396,4.28187,0.377675,-2.59932,3.30796,-1.31667,2.92981,0.558299,-2.63391,2.80048,1.33285,2.45839,-3.6938,-0.379238,3.74692,0.429531,-2.8623,2.56275,0.0973639,1.4423,-2.94504,-3.36659,2.09081,-1.27538,2.63419,-1.24152,-0.925382,-2.13417,4.39779,-1.9063,1.35873,0.612052,-0.0692651])
0.6692809677884305
Max g: 1.000000000000001
f_37([0.731263,4.97005,-4.23608,-3.36127,4.70281,-0.437715,-7.24707e-23,-0.962888,0.962888,-3.51105,3.44672,0.0643316,4.28324,0.403422,-2.60598,3.3844,-1.42724,2.98204,0.623872,-2.57001,2.77444,1.42042,2.52555,-3.82206,-0.377899,3.62156,0.426599,-2.74681,2.48068,0.292186,1.31821,-2.92807,-3.20788,1.81432,-1.20112,2.58593,-1.37927,-0.942061,-2.04333,4.41119,-1.88608,1.34987,0.516849,0.0239691])
0.6662988752540991
Max g: 0.9999999999999958
f_38([0.725277,4.98158,-4.11434,-3.29267,4.58093,-0.375853,1.58999e-21,-1.0624,1.0624,-3.68555,3.57233,0.113225,4.28067,0.466796,-2.59743,3.34272,-1.49337,3.05456,0.616531,-2.58425,2.79097,1.43952,2.58015,-3.89538,-0.310121,3.71577,0.426347,-2.84951,2.33525,0.26529,1.3169,-2.92996,-3.2636,1.79405,-1.16397,2.51146,-1.45961,-0.934039,-2.03068,4.41733,-1.88505,1.38228,0.51504,-0.0162841])
0.6638137981421564
Max g: 1.0000000000000018
f_39([0.73227,4.9861,-4.13984,-3.29187,4.57886,-0.365616,3.0052e-21,-1.10188,1.10188,-3.72629,3.57813,0.148164,4.27874,0.475374,-2.59488,3.34392,-1.50801,3.07063,0.628336,-2.57658,2.79335,1.42733,2.589,-3.86607,-0.308767,3.72634,0.442908,-2.85412,2.27701,0.81628,1.27891,-2.93337,-3.17883,1.79057,-1.14315,2.51661,-1.45669,-0.935936,-2.01051,4.41656,-1.88888,1.38135,0.51724,-0.0135963])
0.6467164676119901
Max g: 0.9999999999999988
f_40([0.717402,4.99978,-4.23852,-3.22042,4.49705,-0.385354,1.55096e-24,-0.921142,0.921142,-4.05622,3.75288,0.30334,4.25388,0.652019,-2.49512,3.35552,-1.76616,3.25351,0.689813,-2.48726,2.74677,1.36479,2.71103,-3.90424,-0.382561,3.7209,0.476896,-2.87605,1.95768,0.682499,1.44453,-3.03584,-2.91067,1.56127,-1.14823,2.53718,-1.47439,-0.888638,-1.9927,4.48814,-1.59199,1.24039,0.657889,-0.304922])
0.6374719807555629
{0.7174020332805489,4.999775794458989,-4.238523536449914,-3.2204185615834233,4.497049803124854,-0.38535434806665503,1.5509631213073383e-24,-0.9211420399423979,0.9211420399423979,-4.05621720065658,3.752877308896743,0.3033398917598368,4.253883525146505,0.6520189241446723,-2.4951168270972524,3.355523948064644,-1.766155519588211,3.2535114268885024,0.6898127537256895,-2.4872622590962314,2.7467747879690636,1.3647903871041827,2.711030248665524,-3.9042446361689493,-0.38256090994308123,3.7209046569569795,0.47689623634841266,-2.876047548968621,1.9576801715014427,0.6824994869756472,1.4445332369451684,-3.0358378570238913,-2.9106687026300384,1.5612723948700615,-1.1482323443376141,2.5371832515592474,-1.474388433666425,-0.8886381592287907,-1.9927004892561822,4.488136968940587,-1.5919855719722698,1.2403872309805273,0.6578886210132684,-0.30492200138822034}]
Set[{A021,A031,A032,A041,A042,A043,A121,A131,A132,A141,A142,A143,B021,B031,B032,B041,B042,B043,B121,B131,B132,B141,B142,B143,\[Alpha]1,\[Alpha]2,\[Alpha]3,\[Alpha]4,\[Beta]11,\[Beta]12,\[Beta]13,\[Beta]14,\[Beta]21,\[Beta]22,\[Beta]23,\[Beta]24,\[Beta]31,\[Beta]32,\[Beta]33,\[Beta]34,\[Beta]41,\[Beta]42,\[Beta]43,\[Beta]44},{0.7174020332805489,4.999775794458989,-4.238523536449914,-3.2204185615834233,4.497049803124854,-0.38535434806665503,1.5509631213073383e-24,-0.9211420399423979,0.9211420399423979,-4.05621720065658,3.752877308896743,0.3033398917598368,4.253883525146505,0.6520189241446723,-2.4951168270972524,3.355523948064644,-1.766155519588211,3.2535114268885024,0.6898127537256895,-2.4872622590962314,2.7467747879690636,1.3647903871041827,2.711030248665524,-3.9042446361689493,-0.38256090994308123,3.7209046569569795,0.47689623634841266,-2.876047548968621,1.9576801715014427,0.6824994869756472,1.4445332369451684,-3.0358378570238913,-2.9106687026300384,1.5612723948700615,-1.1482323443376141,2.5371832515592474,-1.474388433666425,-0.8886381592287907,-1.9927004892561822,4.488136968940587,-1.5919855719722698,1.2403872309805273,0.6578886210132684,-0.30492200138822034}]

Max g: 0.9999999999999958
f_41([0.714089,4.99555,-4.23747,-3.22372,4.48489,-0.385541,-5.22674e-22,-0.895241,0.895241,-4.32133,3.94882,0.372505,4.24741,0.610835,-2.49765,3.35703,-1.78745,3.25565,0.813195,-2.4528,2.75263,1.44048,2.72959,-3.9829,-0.324069,3.66972,0.441148,-2.84654,1.96191,0.626705,1.40712,-2.99892,-2.82648,1.20961,-1.12258,2.50774,-1.60036,-0.627058,-2.05219,4.47242,-1.54552,1.19873,0.573019,-0.282173])
0.62673644763197
Max g: 1.0937945487153167
f_42([0.691522,4.99942,-4.13954,-3.444,4.57633,-0.250834,2.52065e-22,-0.806441,0.806441,-4.70237,4.29147,0.410894,4.2421,0.898633,-2.53137,3.40616,-1.9341,3.3362,0.923359,-2.32586,2.73149,1.32067,2.84032,-3.88325,-0.349505,3.68989,0.512054,-2.86642,1.99745,0.714651,1.22287,-2.92428,-2.50787,0.874637,-1.08104,2.57285,-1.67693,-0.882411,-1.81671,4.38176,-1.38589,1.14354,0.483634,-0.292177])
0.5935358174164145
Max g: 1.1709272491788378
f_43([0.69153,4.99942,-4.13954,-3.44399,4.57634,-0.250829,-1.61497e-23,-0.806441,0.806441,-4.70237,4.29147,0.410894,4.2421,0.898627,-2.53137,3.40615,-1.9341,3.3362,0.923382,-2.32584,2.7315,1.32067,2.84034,-3.88325,-0.349501,3.68988,0.512081,-2.86643,1.99745,0.714657,1.22285,-2.92428,-2.50783,0.8746,-1.08102,2.57286,-1.67694,-0.882397,-1.8167,4.38176,-1.38588,1.14349,0.483623,-0.292203])
0.5935358174164145
Max g: 1.1709023263514247
f_44([0.691537,4.99942,-4.13954,-3.44399,4.57634,-0.250825,-2.96069e-23,-0.806441,0.806441,-4.70237,4.29147,0.410894,4.2421,0.898621,-2.53137,3.40615,-1.9341,3.3362,0.923405,-2.32583,2.7315,1.32066,2.84035,-3.88325,-0.349498,3.68987,0.512107,-2.86644,1.99745,0.714663,1.22282,-2.92428,-2.5078,0.874564,-1.08101,2.57286,-1.67694,-0.882383,-1.81668,4.38176,-1.38586,1.14344,0.483611,-0.292229])
0.5935358174164145
Max g: 1.1708774840635656
f_45([0.738671,4.9995,-4.158,-3.58313,4.59396,-0.127517,-6.9954e-24,-0.700389,0.700389,-4.7043,4.36932,0.334975,4.23555,0.89639,-2.47688,3.37216,-2.00431,3.35046,1.07933,-2.21833,2.73615,1.29916,2.97833,-3.93246,-0.176394,3.61061,0.408954,-2.88814,2.057,0.66535,1.1856,-2.91752,-2.41959,0.536487,-1.03024,2.64243,-1.88745,-0.745955,-1.75289,4.37312,-1.36074,1.01531,0.485592,-0.431835])
0.5731581850984836
Max g: 1.1983011271887918
f_46([0.749382,4.98813,-4.10246,-3.55306,4.48033,-0.0375711,-9.69352e-24,-0.700806,0.700806,-4.64366,4.40012,0.243541,4.20994,0.994511,-2.46701,3.34677,-2.10748,3.42617,1.1281,-2.18431,2.72209,1.32814,2.98215,-3.93857,-0.0873724,3.49567,0.39823,-2.81703,2.15432,0.640077,1.19216,-2.92225,-2.40631,0.464738,-1.06736,2.66276,-1.7701,-0.772295,-1.7864,4.37871,-1.28851,0.952374,0.484386,-0.426459])
0.5769355023086367
Max g: 1.1763505934528795
f_47([0.749393,4.98813,-4.10246,-3.55305,4.48033,-0.0375656,-3.47108e-22,-0.700806,0.700806,-4.64366,4.40012,0.243541,4.20994,0.994514,-2.46701,3.34678,-2.10747,3.42618,1.12814,-2.18428,2.7221,1.32813,2.98216,-3.93857,-0.0873683,3.49569,0.398237,-2.81701,2.1543,0.640051,1.1921,-2.92224,-2.40618,0.464697,-1.06733,2.66277,-1.77012,-0.772277,-1.78634,4.37871,-1.2884,0.952316,0.48438,-0.426462])
0.5769355023086367
Max g: 1.1763260806496714
f_48([0.749405,4.98813,-4.10246,-3.55305,4.48034,-0.03756,-8.37004e-22,-0.700806,0.700806,-4.64366,4.40012,0.243541,4.20994,0.994517,-2.46701,3.34679,-2.10746,3.42619,1.12818,-2.18426,2.72211,1.32812,2.98218,-3.93856,-0.0873643,3.4957,0.398244,-2.81699,2.15427,0.640026,1.19204,-2.92224,-2.40605,0.464656,-1.0673,2.66278,-1.77014,-0.772259,-1.78628,4.37872,-1.2883,0.952259,0.484374,-0.426464])
0.5769355023086367
Max g: 1.1763015910295842
f_49([0.749416,4.98813,-4.10246,-3.55304,4.48034,-0.0375545,-1.04036e-23,-0.700806,0.700806,-4.64366,4.40012,0.243541,4.20994,0.99452,-2.467,3.3468,-2.10745,3.4262,1.12821,-2.18423,2.72211,1.32811,2.9822,-3.93856,-0.0873603,3.49572,0.39825,-2.81697,2.15425,0.640001,1.19198,-2.92224,-2.40591,0.464615,-1.06728,2.66279,-1.77016,-0.772241,-1.78623,4.37872,-1.28819,0.952202,0.484368,-0.426467])
0.5769355023086367
Max g: 1.1762771330696717
f_50([0.749428,4.98813,-4.10246,-3.55303,4.48035,-0.037549,2.52419e-22,-0.700806,0.700806,-4.64366,4.40012,0.243541,4.20994,0.994523,-2.467,3.34681,-2.10744,3.42621,1.12825,-2.1842,2.72212,1.3281,2.98222,-3.93855,-0.0873563,3.49574,0.398257,-2.81696,2.15422,0.639976,1.19191,-2.92223,-2.40578,0.464574,-1.06725,2.66279,-1.77018,-0.772223,-1.78617,4.37872,-1.28808,0.952145,0.484363,-0.426469])
0.5769355023086367
{0.7494277424220983,4.98813091269943,-4.102455043309286,-3.5530349666969263,4.480349646059995,-0.037549009887737954,2.524193454511192e-22,-0.7008060156964121,0.700806015696412,-4.64365611107175,4.400115069349652,0.24354104172209862,4.209942569282125,0.9945228933603112,-2.4670041649301995,3.346812042336294,-2.107444701803007,3.426211336931042,1.128246883182697,-2.1842047454166504,2.722120458343276,1.3281046812603616,2.982217857595623,-3.9385544699127855,-0.08735632829294941,3.4957417916290288,0.3982567705470535,-2.816955255178154,2.154222826437163,0.639975875560488,1.1919133435869422,-2.9222338876481126,-2.4057811700245475,0.464573892922462,-1.067253951403068,2.662793019749535,-1.770177556109103,-0.7722234675000217,-1.7861716476219593,4.3787246190204705,-1.2880846408686615,0.952144556378283,0.48436275374401444,-0.4264694536540648}]
Set[{A021,A031,A032,A041,A042,A043,A121,A131,A132,A141,A142,A143,B021,B031,B032,B041,B042,B043,B121,B131,B132,B141,B142,B143,\[Alpha]1,\[Alpha]2,\[Alpha]3,\[Alpha]4,\[Beta]11,\[Beta]12,\[Beta]13,\[Beta]14,\[Beta]21,\[Beta]22,\[Beta]23,\[Beta]24,\[Beta]31,\[Beta]32,\[Beta]33,\[Beta]34,\[Beta]41,\[Beta]42,\[Beta]43,\[Beta]44},{0.7494277424220983,4.98813091269943,-4.102455043309286,-3.5530349666969263,4.480349646059995,-0.037549009887737954,2.524193454511192e-22,-0.7008060156964121,0.700806015696412,-4.64365611107175,4.400115069349652,0.24354104172209862,4.209942569282125,0.9945228933603112,-2.4670041649301995,3.346812042336294,-2.107444701803007,3.426211336931042,1.128246883182697,-2.1842047454166504,2.722120458343276,1.3281046812603616,2.982217857595623,-3.9385544699127855,-0.08735632829294941,3.4957417916290288,0.3982567705470535,-2.816955255178154,2.154222826437163,0.639975875560488,1.1919133435869422,-2.9222338876481126,-2.4057811700245475,0.464573892922462,-1.067253951403068,2.662793019749535,-1.770177556109103,-0.7722234675000217,-1.7861716476219593,4.3787246190204705,-1.2880846408686615,0.952144556378283,0.48436275374401444,-0.4264694536540648}]

Max g: 1.176252738820252
f_51([0.749439,4.98813,-4.10245,-3.55303,4.48036,-0.0375435,-6.40419e-23,-0.700806,0.700806,-4.64366,4.40012,0.243541,4.20994,0.994526,-2.467,3.34682,-2.10744,3.42622,1.12828,-2.18418,2.72213,1.3281,2.98224,-3.93855,-0.0873524,3.49576,0.398263,-2.81694,2.1542,0.639951,1.19185,-2.92223,-2.40565,0.464533,-1.06723,2.6628,-1.7702,-0.772206,-1.78612,4.37873,-1.28798,0.952088,0.484357,-0.426472])
0.5769355023086367
Max g: 1.176228405889752
f_52([0.749451,4.98813,-4.10245,-3.55302,4.48036,-0.037538,-7.76063e-22,-0.700806,0.700806,-4.64366,4.40012,0.243541,4.20994,0.994529,-2.467,3.34683,-2.10743,3.42623,1.12832,-2.18415,2.72214,1.32809,2.98225,-3.93855,-0.0873484,3.49578,0.39827,-2.81692,2.15417,0.639926,1.19179,-2.92223,-2.40552,0.464492,-1.0672,2.66281,-1.77022,-0.772188,-1.78606,4.37873,-1.28787,0.952031,0.484351,-0.426475])
0.5770349053931144
Max g: 1.1762041533808199
f_53([0.749462,4.98813,-4.10245,-3.55302,4.48037,-0.0375326,-5.61388e-22,-0.700806,0.700806,-4.64366,4.40012,0.243541,4.20994,0.994532,-2.467,3.34684,-2.10742,3.42624,1.12835,-2.18413,2.72214,1.32808,2.98227,-3.93854,-0.0873445,3.4958,0.398276,-2.8169,2.15415,0.639901,1.19173,-2.92222,-2.40539,0.464452,-1.06718,2.66281,-1.77023,-0.772171,-1.78601,4.37874,-1.28777,0.951975,0.484346,-0.426477])
0.5770349053931144
Max g: 1.1761799696710598
f_54([0.749473,4.98813,-4.10245,-3.55301,4.48037,-0.0375271,-1.43257e-21,-0.700806,0.700806,-4.64366,4.40011,0.243541,4.20994,0.994535,-2.467,3.34685,-2.10741,3.42625,1.12839,-2.1841,2.72215,1.32807,2.98229,-3.93854,-0.0873406,3.49581,0.398283,-2.81688,2.15413,0.639876,1.19167,-2.92222,-2.40526,0.464411,-1.06715,2.66282,-1.77025,-0.772153,-1.78595,4.37874,-1.28766,0.951918,0.48434,-0.42648])
0.5770349053931144
Max g: 1.1761558190718984
f_55([0.749485,4.98813,-4.10244,-3.55301,4.48038,-0.0375217,-2.71806e-22,-0.700806,0.700806,-4.64366,4.40011,0.243541,4.20994,0.994538,-2.467,3.34686,-2.1074,3.42626,1.12842,-2.18408,2.72216,1.32806,2.98231,-3.93853,-0.0873367,3.49583,0.398289,-2.81686,2.1541,0.639852,1.1916,-2.92222,-2.40513,0.464371,-1.06713,2.66283,-1.77027,-0.772136,-1.7859,4.37874,-1.28756,0.951862,0.484334,-0.426482])
0.5770349053931144
Max g: 1.176131718994204
f_56([0.749496,4.98813,-4.10244,-3.553,4.48038,-0.0375162,-2.52807e-22,-0.700806,0.700806,-4.64366,4.40011,0.243541,4.20994,0.99454,-2.467,3.34687,-2.10739,3.42627,1.12846,-2.18405,2.72217,1.32806,2.98232,-3.93853,-0.0873328,3.49585,0.398296,-2.81684,2.15408,0.639827,1.19154,-2.92221,-2.405,0.464331,-1.0671,2.66283,-1.77029,-0.772119,-1.78584,4.37875,-1.28745,0.951806,0.484329,-0.426485])
0.5770349053931144
Max g: 1.1761078156991063
f_57([0.749507,4.98813,-4.10244,-3.553,4.48039,-0.0375108,-2.14869e-22,-0.700806,0.700806,-4.64366,4.40011,0.243541,4.20994,0.994543,-2.467,3.34688,-2.10738,3.42628,1.12849,-2.18403,2.72217,1.32805,2.98234,-3.93853,-0.0873289,3.49587,0.398302,-2.81682,2.15405,0.639803,1.19148,-2.92221,-2.40487,0.464291,-1.06708,2.66284,-1.77031,-0.772101,-1.78579,4.37875,-1.28735,0.951751,0.484323,-0.426487])
0.5770349053931144
Max g: 1.1760839563329495
f_58([0.749518,4.98813,-4.10244,-3.55299,4.48039,-0.0375054,-9.85801e-23,-0.700806,0.700806,-4.64366,4.40011,0.243541,4.20994,0.994546,-2.467,3.34689,-2.10737,3.42629,1.12853,-2.18401,2.72218,1.32804,2.98236,-3.93852,-0.087325,3.49589,0.398309,-2.81681,2.15403,0.639778,1.19142,-2.92221,-2.40474,0.464251,-1.06705,2.66285,-1.77033,-0.772084,-1.78573,4.37876,-1.28725,0.951695,0.484318,-0.42649])
0.5770349053931144
Max g: 1.1760601342817418
f_59([0.749529,4.98813,-4.10244,-3.55299,4.4804,-0.0375001,-1.25369e-23,-0.700806,0.700806,-4.64366,4.40011,0.243541,4.20994,0.994549,-2.467,3.3469,-2.10736,3.4263,1.12856,-2.18398,2.72219,1.32803,2.98238,-3.93852,-0.0873212,3.4959,0.398315,-2.81679,2.15401,0.639754,1.19136,-2.9222,-2.40461,0.464211,-1.06703,2.66286,-1.77035,-0.772067,-1.78568,4.37876,-1.28714,0.95164,0.484312,-0.426492])
0.5770349053931144
Max g: 1.1760363288961382
f_60([0.750921,4.98862,-4.09542,-3.5475,4.47774,-0.0328109,2.31958e-29,-0.703274,0.703274,-4.73999,4.46507,0.274921,4.20936,0.924612,-2.4606,3.34763,-2.10289,3.43763,1.18759,-2.1644,2.73824,1.35247,2.9833,-3.92929,-0.0859372,3.499,0.398,-2.80214,2.05654,0.642685,1.16657,-2.94404,-2.36015,0.332146,-1.03681,2.66642,-1.78608,-0.780391,-1.77129,4.42667,-0.787046,0.880143,0.452528,-0.471798])
0.5739534097743053
{0.7509205270488873,4.988623806202597,-4.095419856296513,-3.5474982280791174,4.477744143187483,-0.03281093858923923,2.3195787458932896e-29,-0.7032743900786801,0.70327439007868,-4.739992466564595,4.465071708307272,0.27492075825733914,4.209358766359994,0.9246123289597122,-2.4606048809679497,3.34763192898433,-2.102886263517647,3.4376314969203503,1.1875917189450975,-2.1644016559811563,2.7382366531772933,1.352466936805357,2.98330133537207,-3.929292435370517,-0.08593723619024161,3.4989997845841585,0.39799967102577266,-2.8021417894458795,2.0565355491678603,0.6426854068797574,1.1665726062908202,-2.9440442767229333,-2.360154575005796,0.3321456562924213,-1.0368148725348423,2.666415754428391,-1.7860753624143035,-0.7803906067349355,-1.771286524228916,4.426669832173944,-0.7870464270035062,0.8801432313238234,0.4525280315087243,-0.47179812258776643}]
Set[{A021,A031,A032,A041,A042,A043,A121,A131,A132,A141,A142,A143,B021,B031,B032,B041,B042,B043,B121,B131,B132,B141,B142,B143,\[Alpha]1,\[Alpha]2,\[Alpha]3,\[Alpha]4,\[Beta]11,\[Beta]12,\[Beta]13,\[Beta]14,\[Beta]21,\[Beta]22,\[Beta]23,\[Beta]24,\[Beta]31,\[Beta]32,\[Beta]33,\[Beta]34,\[Beta]41,\[Beta]42,\[Beta]43,\[Beta]44},{0.7509205270488873,4.988623806202597,-4.095419856296513,-3.5474982280791174,4.477744143187483,-0.03281093858923923,2.3195787458932896e-29,-0.7032743900786801,0.70327439007868,-4.739992466564595,4.465071708307272,0.27492075825733914,4.209358766359994,0.9246123289597122,-2.4606048809679497,3.34763192898433,-2.102886263517647,3.4376314969203503,1.1875917189450975,-2.1644016559811563,2.7382366531772933,1.352466936805357,2.98330133537207,-3.929292435370517,-0.08593723619024161,3.4989997845841585,0.39799967102577266,-2.8021417894458795,2.0565355491678603,0.6426854068797574,1.1665726062908202,-2.9440442767229333,-2.360154575005796,0.3321456562924213,-1.0368148725348423,2.666415754428391,-1.7860753624143035,-0.7803906067349355,-1.771286524228916,4.426669832173944,-0.7870464270035062,0.8801432313238234,0.4525280315087243,-0.47179812258776643}]

Max g: 1.1131526980149429
f_61([0.757144,4.9844,-4.09033,-3.53315,4.44195,0.00154235,-1.85793e-24,-0.707494,0.707494,-4.66895,4.49091,0.17804,4.21016,0.950304,-2.48576,3.36802,-2.09065,3.41398,1.24714,-2.12878,2.75505,1.33143,3.02349,-3.91488,-0.0805785,3.47824,0.409413,-2.77694,2.07517,0.653653,1.13687,-2.94767,-2.23035,0.275223,-1.02064,2.69012,-1.89044,-0.769508,-1.70651,4.4221,-0.794722,0.792651,0.440097,-0.469925])
0.572661169676095
Max g: 1.0573878921584483
f_62([0.757146,4.9844,-4.09033,-3.53315,4.44195,0.00154344,2.18912e-23,-0.707494,0.707494,-4.66895,4.49091,0.17804,4.21016,0.950305,-2.48576,3.36802,-2.09065,3.41398,1.24717,-2.12877,2.75506,1.33143,3.02349,-3.91488,-0.0805816,3.47824,0.40941,-2.77694,2.07518,0.653649,1.13686,-2.94767,-2.23032,0.275212,-1.02064,2.69013,-1.89045,-0.769501,-1.7065,4.4221,-0.794719,0.792628,0.440098,-0.469941])
0.572661169676095
Max g: 1.0573753970384407
f_63([0.757149,4.9844,-4.09033,-3.53315,4.44195,0.00154453,7.17491e-23,-0.707494,0.707494,-4.66895,4.49091,0.17804,4.21016,0.950305,-2.48576,3.36802,-2.09065,3.41398,1.24719,-2.12876,2.75506,1.33143,3.0235,-3.91488,-0.0805846,3.47825,0.409407,-2.77694,2.07519,0.653645,1.13685,-2.94767,-2.23029,0.275201,-1.02064,2.69013,-1.89046,-0.769495,-1.70649,4.4221,-0.794715,0.792606,0.440099,-0.469957])
0.572661169676095
Max g: 1.0573629216603138
f_64([0.763808,4.98818,-4.13538,-3.56377,4.40366,0.0888125,6.72084e-24,-0.719516,0.719516,-4.77496,4.52666,0.248297,4.20481,0.971195,-2.43481,3.23734,-1.97358,3.43415,1.33815,-2.07949,2.75822,1.37858,3.00225,-3.8918,-0.0856726,3.35666,0.455277,-2.6648,2.07646,0.625724,1.08875,-2.93469,-2.1922,0.140761,-0.988558,2.6893,-1.89258,-0.765259,-1.66266,4.41556,-0.665843,0.748011,0.431722,-0.524666])
0.5767366961396813
Max g: 1.037393169887118
f_65([0.778871,4.99171,-4.16068,-3.58917,4.44259,0.0311051,6.26932e-22,-0.654837,0.654837,-4.68043,4.51271,0.167726,4.20374,0.957034,-2.43729,3.22099,-2.00974,3.44027,1.42325,-2.0428,2.78035,1.41047,3.01813,-3.8908,-0.0904428,3.33002,0.297724,-2.68099,2.19473,0.622527,1.06118,-2.93958,-2.06314,0.0261875,-0.95029,2.69407,-1.96131,-0.746096,-1.60284,4.41146,-0.628846,0.678861,0.448828,-0.601108])
0.5725617665916174
Max g: 1.0000000000000022
f_66([0.787074,4.99466,-4.13316,-3.56806,4.41494,0.0886222,-1.39628e-20,-0.533545,0.533545,-4.64865,4.64941,-0.00076152,4.18738,0.614531,-2.44149,3.28134,-2.13386,3.55886,1.53887,-2.06884,2.82996,1.58877,2.8322,-3.82385,-0.132451,3.44186,0.356133,-2.71082,2.08028,0.661378,0.970062,-2.89148,-1.95196,-0.0672135,-0.865412,2.64248,-2.11517,-0.796385,-1.449,4.33972,-0.553207,0.624943,0.446115,-0.682325])
0.5615280242145914
Max g: 0.9999999999999949
f_67([0.765166,4.9998,-4.19289,-3.2046,4.28617,-0.136097,6.90494e-21,-0.503643,0.503643,-4.72198,4.81321,-0.0912265,4.0775,0.2304,-2.43047,3.31226,-2.22374,3.60723,1.60263,-1.99179,2.80654,1.5601,2.89718,-3.83091,-0.217623,3.55957,0.391929,-2.70176,2.22173,0.613026,0.979441,-2.89779,-1.8288,-0.107912,-0.884027,2.64651,-2.23053,-0.736296,-1.48424,4.3572,-0.49755,0.622103,0.462935,-0.764184])
0.563019070481757
Max g: 0.9999999999999983
f_68([0.868258,4.99056,-4.06835,-3.32214,4.15396,0.168181,-7.75935e-7,-0.389916,0.389916,-4.64344,4.88572,-0.24228,4.10489,-0.0227823,-2.55014,3.33927,-2.40273,3.67466,1.63592,-2.0641,2.85636,1.63326,2.78169,-3.75437,-0.112271,3.73336,0.253898,-2.96692,2.20469,0.643313,0.98375,-2.91053,-1.67265,-0.156545,-0.864243,2.59357,-2.01696,-0.827237,-1.47894,4.36798,-0.513343,0.60578,0.489435,-0.834658])
0.5352856099124756
Max g: 1.0000100978549804
f_69([0.829005,4.99541,-4.11159,-3.33434,4.16902,0.118316,2.58181e-23,-0.418484,0.418484,-4.72858,4.9996,-0.271022,4.12021,-0.397565,-2.57983,3.40182,-2.49189,3.74448,1.52071,-2.09511,2.81666,1.65536,2.78873,-3.79837,0.127562,3.70773,0.219589,-2.9262,2.2107,0.719943,1.02091,-2.9056,-1.57189,-0.141929,-0.889942,2.54484,-1.92791,-0.97678,-1.52673,4.35824,-0.434345,0.698966,0.551314,-0.944066])
0.538267702446807
Max g: 1.0000000000000056
f_70([0.812555,4.9998,-4.10429,-3.38049,4.23818,0.0880331,1.23215e-24,-0.938187,0.938187,-4.74387,4.99398,-0.250115,4.0992,-0.437618,-2.55078,3.41813,-2.50963,3.75022,1.4464,-2.11377,2.81007,1.67407,2.79717,-3.83351,-0.137702,3.76619,0.239506,-2.94523,2.14555,0.924688,0.966298,-2.90167,-1.54251,-0.125302,-0.886635,2.5854,-1.90086,-1.02796,-1.48078,4.35215,-0.384436,0.745116,0.605559,-1.08549])
0.5388641209536732
{0.8125550186902832,4.999804990257954,-4.104289529399266,-3.3804898749690357,4.238183719222776,0.08803313108794023,1.2321519127771323e-24,-0.9381874573396655,0.9381874573396655,-4.743866044748625,4.9939807120447925,-0.25011466729616766,4.099197079348893,-0.43761820818374303,-2.550776780672605,3.4181324486473974,-2.509628117982988,3.7502247492231464,1.4464014414943598,-2.113767961317389,2.8100689486804793,1.674069920121787,2.7971712807392692,-3.8335133918954725,-0.13770228947199625,3.7661856822066726,0.23950605620209128,-2.9452309647217723,2.1455515489352055,0.924688473861278,0.9662976052618287,-2.901673249504042,-1.5425138557098415,-0.12530225474533307,-0.8866354052325732,2.5853993543998968,-1.9008603151289911,-1.0279579501231813,-1.4807796747651174,4.35214842958332,-0.38443594025118616,0.7451155473279519,0.6055587778185169,-1.0854927561137546}]
Set[{A021,A031,A032,A041,A042,A043,A121,A131,A132,A141,A142,A143,B021,B031,B032,B041,B042,B043,B121,B131,B132,B141,B142,B143,\[Alpha]1,\[Alpha]2,\[Alpha]3,\[Alpha]4,\[Beta]11,\[Beta]12,\[Beta]13,\[Beta]14,\[Beta]21,\[Beta]22,\[Beta]23,\[Beta]24,\[Beta]31,\[Beta]32,\[Beta]33,\[Beta]34,\[Beta]41,\[Beta]42,\[Beta]43,\[Beta]44},{0.8125550186902832,4.999804990257954,-4.104289529399266,-3.3804898749690357,4.238183719222776,0.08803313108794023,1.2321519127771323e-24,-0.9381874573396655,0.9381874573396655,-4.743866044748625,4.9939807120447925,-0.25011466729616766,4.099197079348893,-0.43761820818374303,-2.550776780672605,3.4181324486473974,-2.509628117982988,3.7502247492231464,1.4464014414943598,-2.113767961317389,2.8100689486804793,1.674069920121787,2.7971712807392692,-3.8335133918954725,-0.13770228947199625,3.7661856822066726,0.23950605620209128,-2.9452309647217723,2.1455515489352055,0.924688473861278,0.9662976052618287,-2.901673249504042,-1.5425138557098415,-0.12530225474533307,-0.8866354052325732,2.5853993543998968,-1.9008603151289911,-1.0279579501231813,-1.4807796747651174,4.35214842958332,-0.38443594025118616,0.7451155473279519,0.6055587778185169,-1.0854927561137546}]

Max g: 1.000000000000001
f_71([0.839744,4.99886,-4.04285,-3.70007,4.57734,0.0856204,3.13598e-15,-0.671995,0.671995,-4.53363,4.77443,-0.240802,4.1217,-0.670779,-2.62078,3.2731,-2.44149,3.83496,1.59693,-2.1291,2.85776,1.68691,2.67364,-3.66207,-0.0918654,3.72853,0.199823,-2.93908,2.06458,0.749803,1.03377,-2.91308,-1.57773,-0.21148,-0.894288,2.5629,-1.80341,-1.01007,-1.53008,4.36223,-0.122777,0.724845,0.632838,-1.22778])
0.5312100834488894
Max g: 0.9999999999999611
{0.851645114256361,4.993483665044674,-4.102348731937527,-3.3265537663781175,4.163397246709041,0.14824223331544642,7.856102212214676e-30,-0.3885985392694358,0.38859853926943577,-4.633224784743078,4.853569252554186,-0.2203444678111063,4.1183393980460465,-0.37569308411432656,-2.5564107547232986,3.3545751303831923,-2.4145365508837564,3.7210238377125675,1.4952242927366661,-2.0963078050356896,2.8046209305385843,1.613756332553673,2.792692767382805,-3.8070294227853534,0.005790106574244792,3.735007547616059,0.23317044603014883,-2.939095360149194,2.26046333068682,0.6766300056609071,1.0224688079494533,-2.906783674869971,-1.576480986498003,-0.10985146583969119,-0.8988770283731465,2.5669717240468786,-1.9274992659029944,-0.8712385445896415,-1.546022601576818,4.360690332424586,-0.45756771273272906,0.7050323450784574,0.5311931094504728,-0.8848625557310242}]
Set[{A021,A031,A032,A041,A042,A043,A121,A131,A132,A141,A142,A143,B021,B031,B032,B041,B042,B043,B121,B131,B132,B141,B142,B143,\[Alpha]1,\[Alpha]2,\[Alpha]3,\[Alpha]4,\[Beta]11,\[Beta]12,\[Beta]13,\[Beta]14,\[Beta]21,\[Beta]22,\[Beta]23,\[Beta]24,\[Beta]31,\[Beta]32,\[Beta]33,\[Beta]34,\[Beta]41,\[Beta]42,\[Beta]43,\[Beta]44},{0.851645114256361,4.993483665044674,-4.102348731937527,-3.3265537663781175,4.163397246709041,0.14824223331544642,7.856102212214676e-30,-0.3885985392694358,0.38859853926943577,-4.633224784743078,4.853569252554186,-0.2203444678111063,4.1183393980460465,-0.37569308411432656,-2.5564107547232986,3.3545751303831923,-2.4145365508837564,3.7210238377125675,1.4952242927366661,-2.0963078050356896,2.8046209305385843,1.613756332553673,2.792692767382805,-3.8070294227853534,0.005790106574244792,3.735007547616059,0.23317044603014883,-2.939095360149194,2.26046333068682,0.6766300056609071,1.0224688079494533,-2.906783674869971,-1.576480986498003,-0.10985146583969119,-0.8988770283731465,2.5669717240468786,-1.9274992659029944,-0.8712385445896415,-1.546022601576818,4.360690332424586,-0.45756771273272906,0.7050323450784574,0.5311931094504728,-0.8848625557310242}]


-----------------Final Result------------------
Options: alg=LN_AUGLAG_EQ,dx=0.01,max_eval=100000000,popSize=0
imin=-1,jmin=-5,imax=1,jmax=5,parameter_minmax=5,randSeed=9396126

7180323 steps

Completed with maxf : 0.5429396474172594

Constraints at 1.0

x = [0.851645114256361,4.993483665044674,-4.102348731937527,-3.3265537663781175,4.163397246709041,0.14824223331544642,7.856102212214676e-30,-0.3885985392694358,0.38859853926943577,-4.633224784743078,4.853569252554186,-0.2203444678111063,4.1183393980460465,-0.37569308411432656,-2.5564107547232986,3.3545751303831923,-2.4145365508837564,3.7210238377125675,1.4952242927366661,-2.0963078050356896,2.8046209305385843,1.613756332553673,2.792692767382805,-3.8070294227853534,0.005790106574244792,3.735007547616059,0.23317044603014883,-2.939095360149194,2.26046333068682,0.6766300056609071,1.0224688079494533,-2.906783674869971,-1.576480986498003,-0.10985146583969119,-0.8988770283731465,2.5669717240468786,-1.9274992659029944,-0.8712385445896415,-1.546022601576818,4.360690332424586,-0.45756771273272906,0.7050323450784574,0.5311931094504728,-0.8848625557310242]
c0 = [0.0,0.851645114256361,0.8911349331071472,0.9850857136463702]
c1 = [0.0,7.856102212214676e-30,-5.551115123125783e-17,1.7763568394002505e-15]
A0 = [0.0,0.851645114256361,4.993483665044674,-3.3265537663781175,0.0,0.0,-4.102348731937527,4.163397246709041,0.0,0.0,0.0,0.14824223331544642,0.0,0.0,0.0,0.0]
A1 = [0.0,7.856102212214676e-30,-0.3885985392694358,-4.633224784743078,0.0,0.0,0.38859853926943577,4.853569252554186,0.0,0.0,0.0,-0.2203444678111063,0.0,0.0,0.0,0.0]
B0 = [0.0,4.1183393980460465,-0.37569308411432656,3.3545751303831923,0.0,0.0,-2.5564107547232986,-2.4145365508837564,0.0,0.0,0.0,3.7210238377125675,0.0,0.0,0.0,0.0]
B1 = [0.0,1.4952242927366661,-2.0963078050356896,1.613756332553673,0.0,0.0,2.8046209305385843,2.792692767382805,0.0,0.0,0.0,-3.8070294227853534,0.0,0.0,0.0,0.0]
α  = [0.005790106574244792,3.735007547616059,0.23317044603014883,-2.939095360149194]
β1 = [2.26046333068682,0.6766300056609071,1.0224688079494533,-2.906783674869971]
β2 = [-1.576480986498003,-0.10985146583969119,-0.8988770283731465,2.5669717240468786]
β3 = [-1.9274992659029944,-0.8712385445896415,-1.546022601576818,4.360690332424586]
β4 = [-0.45756771273272906,0.7050323450784574,0.5311931094504728,-0.8848625557310242]


Set[{A021,A031,A032,A041,A042,A043,A121,A131,A132,A141,A142,A143,B021,B031,B032,B041,B042,B043,B121,B131,B132,B141,B142,B143,\[Alpha]1,\[Alpha]2,\[Alpha]3,\[Alpha]4,\[Beta]11,\[Beta]12,\[Beta]13,\[Beta]14,\[Beta]21,\[Beta]22,\[Beta]23,\[Beta]24,\[Beta]31,\[Beta]32,\[Beta]33,\[Beta]34,\[Beta]41,\[Beta]42,\[Beta]43,\[Beta]44},{0.851645114256361,4.993483665044674,-4.102348731937527,-3.3265537663781175,4.163397246709041,0.14824223331544642,7.856102212214676e-30,-0.3885985392694358,0.38859853926943577,-4.633224784743078,4.853569252554186,-0.2203444678111063,4.1183393980460465,-0.37569308411432656,-2.5564107547232986,3.3545751303831923,-2.4145365508837564,3.7210238377125675,1.4952242927366661,-2.0963078050356896,2.8046209305385843,1.613756332553673,2.792692767382805,-3.8070294227853534,0.005790106574244792,3.735007547616059,0.23317044603014883,-2.939095360149194,2.26046333068682,0.6766300056609071,1.0224688079494533,-2.906783674869971,-1.576480986498003,-0.10985146583969119,-0.8988770283731465,2.5669717240468786,-1.9274992659029944,-0.8712385445896415,-1.546022601576818,4.360690332424586,-0.45756771273272906,0.7050323450784574,0.5311931094504728,-0.8848625557310242}]



