
-----------------Setup------------------
Options: alg=LN_AUGLAG_EQ,dx=0.01,max_eval=100000000,popSize=0
imin=-12,jmin=-1,imax=1,jmax=1,
parameter_minmax=5,
randSeed=4361354, rand_minmax=2

Initial Condition:

[-1.39934,0.633292,1.75361,-0.451315,0.1952,1.71393,1.64512,1.9279,1.24498,-1.16093,-0.784696,1.36486,0.593726,0.785237,1.00598,-1.08279,1.8026,0.450609,1.98394,0.271123,-0.576583,1.4706,-1.24535,0.462244,-0.295847,1.9583,1.4767,-0.19687,-0.959877,-0.708562,-0.623515,0.500884,1.89177,1.05652,-0.598939,-0.644506,-0.193375,-0.860806,1.64825,-1.32351,1.76324,-1.65,1.41551,1.01554]

f_1([0.0368552,-0.753572,1.27201,-2.05031,1.41806,0.99762,0.556526,0.607083,-0.0273931,0.878244,-0.997042,0.752243,0.473961,2.03024,0.107967,2.98393,1.23404,0.965814,1.57095,2.25585,-0.224248,1.68152,-0.615165,0.50213,-0.515124,1.29807,0.484863,-0.0273117,0.95829,-1.64448,-0.0701461,2.0741,0.501813,1.39259,0.00410125,-1.41788,0.652575,-0.729629,1.2182,-1.46381,0.774154,-2.36703,1.17671,0.983647])
9.10702444732525
Max g: 0.626190476938044
f_2([0.0669482,-0.517134,1.51713,-1.80408,1.20372,1.04665,0.44643,0.319809,-0.169448,1.07434,-0.32483,0.250487,0.367151,1.59165,0.10314,2.93837,3.88233,1.02948,1.78296,1.86774,0.277982,2.28167,-0.445068,0.50772,-0.410656,1.17288,0.304724,0.0076348,1.44059,-1.25561,-0.731373,1.53868,-0.812998,1.64482,0.0552893,-0.967529,-0.120605,0.282656,1.25011,-1.38868,0.484813,-2.62689,1.24388,0.849394])
14.39022412916203
Max g: 0.2086977061795699
f_3([0.0828445,-0.500612,1.50059,-3.28896,2.23009,2.05506,0.427607,0.387853,-0.190538,1.07819,-0.25155,0.173358,0.326383,1.52775,0.00496694,2.93824,3.86579,0.958334,1.59493,1.70302,0.323693,2.14063,-0.458198,0.517674,-0.492806,1.10953,0.378444,0.00819631,1.41407,-0.960065,-0.977648,1.55154,-0.862798,1.79735,-0.014463,-0.907432,-0.233672,0.568236,1.1001,-1.43809,0.648621,-2.66565,1.17925,0.824099])
13.624445030802942
Max g: 0.12027649364840087
f_4([0.10334,-0.499782,1.49978,-4.98568,2.99534,2.86888,0.397295,0.451672,-0.279291,1.13234,-0.207517,0.0751797,0.244913,1.83657,0.00835747,2.13778,3.10077,0.777673,1.33568,1.41227,0.460464,1.94943,-0.464561,0.540451,-0.504161,1.11859,0.381026,0.00382339,1.35776,-0.823751,-1.00558,1.46682,-1.03064,1.77752,0.10536,-0.836215,-0.325496,0.768768,1.01329,-1.44764,0.78528,-2.53973,0.95348,0.785826])
10.963407405707818
Max g: 0.11061038992522443
f_5([0.105327,-0.499025,1.49817,-4.98426,2.99686,2.87031,0.373604,0.459147,-0.275804,1.15403,-0.169573,0.0155523,0.250099,1.82754,-0.0121982,2.13906,3.09893,0.77527,1.09514,1.08813,0.62015,1.7712,-0.49071,0.592798,-0.504804,1.11923,0.379826,0.00485604,1.42298,-0.810182,-1.09784,1.4787,-1.24893,1.80538,0.271552,-0.814411,-0.441283,0.842211,1.08839,-1.48307,0.989465,-2.6094,0.829345,0.777461])
10.278362224236236
Max g: 0.09976448954797323
f_6([0.105429,-0.498229,1.49802,-4.98402,2.99885,2.86745,0.363639,0.460093,-0.275274,1.1566,-0.152081,-0.00452186,0.253049,1.82108,-0.0230179,2.13838,3.09618,0.772864,0.967623,0.877308,0.749028,1.67547,-0.50213,0.631728,-0.508192,1.12296,0.379201,0.00563251,1.47939,-0.807707,-1.16622,1.48884,-1.40544,1.84571,0.385536,-0.816375,-0.511763,0.855444,1.15649,-1.49707,1.14641,-2.67766,0.71553,0.805067])
10.31882860868601
Max g: 0.08788513808704179
f_7([0.102977,-0.498269,1.49827,-4.98378,2.9993,2.86913,0.361251,0.460974,-0.280389,1.14987,-0.138389,-0.0114806,0.252713,1.81413,-0.0307263,2.13713,3.0941,0.772077,0.881811,0.708175,0.862586,1.6059,-0.510853,0.668588,-0.51138,1.12407,0.381051,0.00599508,1.5249,-0.801416,-1.22194,1.49417,-1.53381,1.89005,0.48065,-0.829785,-0.561524,0.852552,1.21448,-1.50391,1.27988,-2.74175,0.602205,0.85173])
10.60955025028585
Max g: 0.0746178607845911
f_8([0.10048,-0.497462,1.49743,-4.98448,2.9994,2.87246,0.363727,0.460363,-0.286561,1.13772,-0.123878,-0.0138382,0.252343,1.80443,-0.0385923,2.13545,3.09504,0.768061,0.821392,0.568675,0.95864,1.55019,-0.519557,0.703683,-0.514452,1.12382,0.383296,0.00651704,1.55829,-0.789754,-1.26662,1.49478,-1.63997,1.93128,0.562166,-0.848351,-0.596743,0.841466,1.26215,-1.5057,1.39204,-2.80277,0.495011,0.909305])
11.071384048244557
Max g: 0.06264153878478496
f_9([0.0967877,-0.497248,1.49725,-4.98541,3.00085,2.87195,0.370198,0.458851,-0.29478,1.12364,-0.11219,-0.0114538,0.251472,1.79419,-0.0473257,2.13386,3.09309,0.767497,0.779427,0.457189,1.0346,1.50311,-0.525616,0.735003,-0.518736,1.12482,0.386208,0.00696726,1.58141,-0.774376,-1.3007,1.49078,-1.722,1.96178,0.632364,-0.86851,-0.62221,0.82689,1.29855,-1.50313,1.48224,-2.85393,0.394445,0.972749])
11.740222790735027
Max g: 0.052044828785888786
f_10([0.0931985,-0.49417,1.4941,-4.86737,2.9973,2.86935,0.377493,0.456547,-0.302152,1.10763,-0.0930442,-0.0145886,0.251661,1.78662,-0.0541398,2.13941,3.07716,0.768922,0.742929,0.356278,1.11062,1.46625,-0.53053,0.763233,-0.519898,1.12465,0.388047,0.00738759,1.60894,-0.768838,-1.32794,1.48559,-1.79055,1.98214,0.697671,-0.887143,-0.636443,0.799061,1.33398,-1.49758,1.58428,-2.90821,0.281824,1.03869])
12.445352025422466
{0.09319853073455636,-0.4941697476277027,1.4941026028002828,-4.8673695023029335,2.997300285003307,2.869349289156633,0.37749347178809295,0.4565469610941639,-0.3021517487590071,1.1076342160114807,-0.0930442070928052,-0.014588622510803229,0.2516614066902944,1.786621205288389,-0.054139756487343524,2.1394063349639962,3.0771648465334738,0.7689217613236801,0.7429288598235233,0.35627839451363186,1.1106207125840355,1.4662544475225627,-0.5305304766951937,0.7632325190919037,-0.5198983370095532,1.124651439230191,0.38804667364936724,0.007387585664264671,1.6089352940464818,-0.7688375937098822,-1.3279397954759384,1.4855929595898598,-1.7905532827965722,1.9821442574924129,0.6976711539822704,-0.8871433441574996,-0.6364430395300311,0.7990610384710018,1.333979679179075,-1.4975843836394915,1.5842849326909363,-2.908208244835916,0.28182356783916884,1.0386888534521015}]
Set[{A021,A031,A032,A041,A042,A043,A121,A131,A132,A141,A142,A143,B021,B031,B032,B041,B042,B043,B121,B131,B132,B141,B142,B143,\[Alpha]1,\[Alpha]2,\[Alpha]3,\[Alpha]4,\[Beta]11,\[Beta]12,\[Beta]13,\[Beta]14,\[Beta]21,\[Beta]22,\[Beta]23,\[Beta]24,\[Beta]31,\[Beta]32,\[Beta]33,\[Beta]34,\[Beta]41,\[Beta]42,\[Beta]43,\[Beta]44},{0.09319853073455636,-0.4941697476277027,1.4941026028002828,-4.8673695023029335,2.997300285003307,2.869349289156633,0.37749347178809295,0.4565469610941639,-0.3021517487590071,1.1076342160114807,-0.0930442070928052,-0.014588622510803229,0.2516614066902944,1.786621205288389,-0.054139756487343524,2.1394063349639962,3.0771648465334738,0.7689217613236801,0.7429288598235233,0.35627839451363186,1.1106207125840355,1.4662544475225627,-0.5305304766951937,0.7632325190919037,-0.5198983370095532,1.124651439230191,0.38804667364936724,0.007387585664264671,1.6089352940464818,-0.7688375937098822,-1.3279397954759384,1.4855929595898598,-1.7905532827965722,1.9821442574924129,0.6976711539822704,-0.8871433441574996,-0.6364430395300311,0.7990610384710018,1.333979679179075,-1.4975843836394915,1.5842849326909363,-2.908208244835916,0.28182356783916884,1.0386888534521015}]

Max g: 0.03457741862461283
f_11([0.0906734,-0.493938,1.49394,-4.86787,2.99759,2.86991,0.390101,0.449611,-0.310379,1.1007,-0.0790857,-0.021611,0.251916,1.77629,-0.0618641,2.1376,3.07766,0.768431,0.711648,0.249791,1.18079,1.41582,-0.536653,0.799387,-0.523075,1.12433,0.390304,0.00788866,1.6358,-0.759607,-1.35609,1.47854,-1.85813,1.99978,0.76677,-0.907328,-0.648526,0.772454,1.36031,-1.48495,1.66776,-2.95554,0.166607,1.11922])
12.727025900474569
Max g: 0.02556179961401872
f_12([0.0890965,-0.493852,1.49381,-4.86782,2.99715,2.87025,0.405937,0.437847,-0.317294,1.09712,-0.0666068,-0.0305134,0.252827,1.76517,-0.0716117,2.13737,3.07668,0.767887,0.683347,0.141822,1.24838,1.35885,-0.54251,0.840245,-0.526234,1.12517,0.392146,0.0084998,1.65778,-0.742785,-1.38059,1.46514,-1.92699,2.01663,0.841154,-0.930417,-0.662892,0.747627,1.38141,-1.46685,1.74782,-2.99917,0.0431836,1.20737])
12.749297325822846
Max g: 0.014037853787109977
f_13([0.0880095,-0.492515,1.49251,-4.86913,2.99784,2.87078,0.422499,0.424471,-0.323342,1.09838,-0.057295,-0.0410945,0.254733,1.75633,-0.0795295,2.13709,3.07551,0.767964,0.660509,0.0474972,1.3058,1.30594,-0.549547,0.880251,-0.5289,1.12674,0.392825,0.00903552,1.67469,-0.725855,-1.39702,1.44819,-1.98629,2.02776,0.907194,-0.949358,-0.677166,0.728317,1.39689,-1.44872,1.81785,-3.03303,-0.0733478,1.2891])
12.576196649343597
Max g: 0.013298660731382972
f_14([0.0868002,-0.490022,1.48999,-4.86929,2.99738,2.8719,0.439753,0.408621,-0.327655,1.09961,-0.0477481,-0.0518662,0.255576,1.74836,-0.086669,2.13687,3.07554,0.766796,0.642116,-0.0366411,1.35575,1.25512,-0.556764,0.920472,-0.531762,1.12823,0.393801,0.00950013,1.6886,-0.709308,-1.40834,1.42914,-2.03793,2.03436,0.966859,-0.964977,-0.690061,0.71025,1.40762,-1.42902,1.878,-3.05758,-0.182659,1.36359])
12.363524422468748
Max g: 0.019553578812333328
f_15([0.0839504,-0.506091,1.49827,-4.90853,2.94068,2.96422,0.457892,0.383167,-0.323441,1.0996,-0.0495369,-0.0500646,0.247738,1.76758,-0.10414,2.1474,3.06655,0.76199,0.632413,-0.0911058,1.39903,1.23338,-0.566929,0.941498,-0.538459,1.12994,0.399532,0.00910475,1.72825,-0.755443,-1.40043,1.43035,-2.05368,2.03557,0.996865,-0.981792,-0.689024,0.712681,1.39113,-1.41484,1.90832,-3.06392,-0.269517,1.42458])
12.30058776065866
Max g: 0.025008197896275064
f_16([0.093114,-0.508676,1.50867,-4.95118,2.89386,3.03796,0.432104,0.399592,-0.336225,1.09069,-0.0668704,-0.0450926,0.261071,1.77683,-0.0951582,2.14793,3.07925,0.751219,0.631558,-0.067675,1.39391,1.26049,-0.560363,0.915191,-0.535048,1.14138,0.384331,0.0093814,1.7089,-0.747026,-1.40553,1.44447,-2.03665,2.04096,0.951878,-0.957406,-0.691947,0.729921,1.398,-1.43558,1.92594,-3.09594,-0.212417,1.38302])
12.352786413818686
Max g: 0.014740798815409017
f_17([0.0951192,-0.50985,1.50611,-4.95846,2.89181,3.06604,0.426079,0.395842,-0.342032,1.08051,-0.0745062,-0.0441562,0.261702,1.77687,-0.0975311,2.14469,3.0791,0.749284,0.633856,-0.0596576,1.38846,1.2624,-0.557648,0.910918,-0.537914,1.14527,0.382974,0.00956957,1.70194,-0.743413,-1.40662,1.44838,-2.02665,2.03808,0.940322,-0.952307,-0.696041,0.737415,1.40431,-1.44553,1.91898,-3.09335,-0.208558,1.38347])
12.311822899338818
Max g: 0.011471284230156309
f_18([0.0949396,-0.509253,1.50654,-4.95848,2.89185,3.06582,0.417808,0.389966,-0.349531,1.06951,-0.0836959,-0.0444202,0.262258,1.77648,-0.0982516,2.14467,3.07914,0.749383,0.635444,-0.0527709,1.38369,1.26563,-0.557209,0.908012,-0.537769,1.14545,0.382667,0.00962124,1.69937,-0.742359,-1.40971,1.45274,-2.02096,2.03977,0.924048,-0.943141,-0.697893,0.740909,1.40904,-1.45199,1.91239,-3.08957,-0.203229,1.38083])
12.31361256744716
Max g: 0.006642366973733882
f_19([0.0950296,-0.508765,1.50657,-4.95845,2.892,3.06588,0.412848,0.38681,-0.354192,1.06183,-0.08957,-0.0428712,0.262726,1.77591,-0.0986527,2.14457,3.07905,0.749369,0.636352,-0.0485559,1.38044,1.26739,-0.557076,0.906401,-0.537586,1.14559,0.382291,0.0096834,1.69858,-0.742286,-1.41185,1.45553,-2.01773,2.0408,0.914353,-0.937534,-0.698875,0.742614,1.41192,-1.45565,1.90828,-3.0875,-0.199561,1.37903])
12.34672142745152
Max g: 0.0037500727169265113
f_20([0.0952441,-0.511735,1.50905,-4.95815,2.88806,3.06893,0.410084,0.385293,-0.356678,1.0577,-0.0934352,-0.040909,0.263279,1.77441,-0.0996113,2.14677,3.07679,0.749764,0.637404,-0.0447263,1.37753,1.26791,-0.55484,0.903999,-0.537847,1.14594,0.382098,0.00977563,1.69798,-0.743033,-1.41186,1.45682,-2.01544,2.04183,0.908004,-0.934484,-0.698285,0.743319,1.41205,-1.45702,1.90355,-3.08532,-0.194838,1.37654])
12.39196026019021
{0.09524412791675187,-0.5117346372391982,1.5090455411480637,-4.958152774971001,2.888062867223449,3.0689317234526308,0.41008439276800096,0.3852927102084244,-0.3566777256719475,1.057700813738921,-0.09343522785238789,-0.04090895777183352,0.26327942138329496,1.7744062841320023,-0.09961127748874042,2.14676905887066,3.0767862007798397,0.7497639287227543,0.6374035487669963,-0.04472634925122982,1.3775319407910178,1.2679140571764864,-0.5548395751441054,0.9039986925403748,-0.5378468200950703,1.145939415263382,0.38209796817267555,0.009775626984370336,1.6979839384557822,-0.7430329145034622,-1.4118599777713812,1.4568216290868172,-2.0154374193633218,2.041832615638213,0.9080039131429873,-0.9344839408724953,-0.6982845994786047,0.7433194861979231,1.412054958060196,-1.457019801585895,1.9035521936090387,-3.085320234779915,-0.19483756406664587,1.3765376724810308}]
Set[{A021,A031,A032,A041,A042,A043,A121,A131,A132,A141,A142,A143,B021,B031,B032,B041,B042,B043,B121,B131,B132,B141,B142,B143,\[Alpha]1,\[Alpha]2,\[Alpha]3,\[Alpha]4,\[Beta]11,\[Beta]12,\[Beta]13,\[Beta]14,\[Beta]21,\[Beta]22,\[Beta]23,\[Beta]24,\[Beta]31,\[Beta]32,\[Beta]33,\[Beta]34,\[Beta]41,\[Beta]42,\[Beta]43,\[Beta]44},{0.09524412791675187,-0.5117346372391982,1.5090455411480637,-4.958152774971001,2.888062867223449,3.0689317234526308,0.41008439276800096,0.3852927102084244,-0.3566777256719475,1.057700813738921,-0.09343522785238789,-0.04090895777183352,0.26327942138329496,1.7744062841320023,-0.09961127748874042,2.14676905887066,3.0767862007798397,0.7497639287227543,0.6374035487669963,-0.04472634925122982,1.3775319407910178,1.2679140571764864,-0.5548395751441054,0.9039986925403748,-0.5378468200950703,1.145939415263382,0.38209796817267555,0.009775626984370336,1.6979839384557822,-0.7430329145034622,-1.4118599777713812,1.4568216290868172,-2.0154374193633218,2.041832615638213,0.9080039131429873,-0.9344839408724953,-0.6982845994786047,0.7433194861979231,1.412054958060196,-1.457019801585895,1.9035521936090387,-3.085320234779915,-0.19483756406664587,1.3765376724810308}]

Max g: 0.001836486023319428
f_21([0.0969189,-0.512213,1.50923,-4.91287,2.85027,3.0612,0.407263,0.383222,-0.360537,1.05503,-0.101773,-0.0387676,0.262314,1.77293,-0.0912708,2.1456,3.07699,0.748999,0.638613,-0.0419842,1.37647,1.26927,-0.554719,0.902989,-0.55813,1.15595,0.382978,0.00946652,1.68981,-0.734678,-1.41213,1.45734,-2.01472,2.04597,0.911068,-0.939864,-0.700963,0.744569,1.40816,-1.4559,1.90049,-3.08377,-0.192965,1.37645])
12.352189857782571
Max g: 0.003789563009803043
f_22([0.0946869,-0.512545,1.50847,-4.91259,2.85057,3.06112,0.406549,0.382963,-0.360986,1.05299,-0.102494,-0.0369618,0.258919,1.77239,-0.0922176,2.146,3.07673,0.748917,0.63852,-0.0401438,1.37403,1.26947,-0.554502,0.902776,-0.55247,1.16081,0.382018,0.00963894,1.69571,-0.740824,-1.41332,1.45824,-2.01332,2.04296,0.901388,-0.93109,-0.6986,0.743764,1.41446,-1.45967,1.89879,-3.08111,-0.19346,1.37573])
12.468518284824915
Max g: 0.000823349851612809
f_23([0.0946156,-0.512577,1.50846,-4.9126,2.85057,3.06155,0.406799,0.383079,-0.360642,1.05381,-0.101883,-0.0376788,0.258805,1.77243,-0.0921498,2.14597,3.07664,0.748886,0.638388,-0.0406777,1.37438,1.26923,-0.55454,0.903026,-0.552547,1.1608,0.382119,0.00962991,1.69733,-0.742185,-1.41389,1.45868,-2.01243,2.04154,0.901505,-0.930633,-0.698275,0.743151,1.41426,-1.45915,1.89927,-3.08132,-0.193705,1.37573])
12.456686590108642
Max g: 0.0002271214543227984
f_24([0.0945976,-0.512586,1.50844,-4.9126,2.85058,3.06154,0.407006,0.3832,-0.360395,1.05428,-0.101533,-0.0379479,0.258762,1.77247,-0.0921313,2.14596,3.07664,0.748882,0.638324,-0.0409611,1.3746,1.26912,-0.554555,0.903138,-0.552574,1.1608,0.382153,0.00962621,1.69783,-0.742604,-1.41401,1.45877,-2.0122,2.04106,0.901785,-0.930644,-0.698111,0.742886,1.41412,-1.45891,1.89956,-3.08149,-0.193892,1.3758])
12.451615863801669
Max g: 9.609791900944131e-5
f_25([0.0945782,-0.512602,1.50844,-4.9126,2.85058,3.06155,0.407252,0.38336,-0.360139,1.05473,-0.101172,-0.0381506,0.25872,1.77249,-0.0921029,2.14593,3.07665,0.748877,0.638263,-0.0412295,1.37482,1.26902,-0.554563,0.903232,-0.552598,1.16079,0.382186,0.00962267,1.69814,-0.742866,-1.41403,1.45876,-2.01214,2.04075,0.902191,-0.9308,-0.697969,0.742691,1.41396,-1.45868,1.89987,-3.08168,-0.194101,1.37591])
12.447340545542847
Max g: 5.162537062286532e-5
f_26([0.0945665,-0.5126,1.50845,-4.91288,2.85055,3.06209,0.407358,0.38343,-0.360046,1.05492,-0.101056,-0.0382044,0.258702,1.77252,-0.0921105,2.14591,3.07666,0.74883,0.638239,-0.041338,1.3749,1.26897,-0.554568,0.90327,-0.552622,1.1608,0.382196,0.0096214,1.69813,-0.74284,-1.41398,1.4587,-2.01222,2.04075,0.902409,-0.930928,-0.69797,0.742676,1.41391,-1.45862,1.89998,-3.08174,-0.194201,1.37596])
12.446942841518771
Max g: 2.040523139035244e-5
f_27([0.0945678,-0.5126,1.50845,-4.91288,2.85055,3.06209,0.407359,0.383432,-0.360052,1.0549,-0.101066,-0.0381797,0.258704,1.77252,-0.092111,2.14591,3.07666,0.748829,0.638243,-0.0413227,1.37488,1.26898,-0.554569,0.903265,-0.552621,1.16081,0.382193,0.00962165,1.69805,-0.742762,-1.41394,1.45866,-2.01229,2.04082,0.902432,-0.930965,-0.698005,0.742719,1.41392,-1.45864,1.89996,-3.08173,-0.194195,1.37596])
12.447340545542847
Max g: 4.703677806805473e-6
f_28([0.0945678,-0.5126,1.50845,-4.91288,2.85055,3.06209,0.407359,0.383432,-0.360053,1.0549,-0.101067,-0.0381769,0.258704,1.77252,-0.0921108,2.14591,3.07666,0.748829,0.638243,-0.041321,1.37488,1.26898,-0.554569,0.903265,-0.552621,1.16081,0.382193,0.00962166,1.69804,-0.742753,-1.41394,1.45865,-2.01229,2.04083,0.902434,-0.930969,-0.698009,0.742724,1.41393,-1.45864,1.89995,-3.08172,-0.194194,1.37596])
12.447439971548867
Max g: 3.469516366427783e-6
f_29([0.0945681,-0.512601,1.50845,-4.91288,2.85055,3.06209,0.407359,0.383431,-0.360055,1.05489,-0.10107,-0.0381725,0.258705,1.77252,-0.0921114,2.14591,3.07666,0.748829,0.638244,-0.0413165,1.37488,1.26898,-0.554569,0.903264,-0.552621,1.16081,0.382193,0.00962173,1.69802,-0.742734,-1.41393,1.45865,-2.01231,2.04084,0.902439,-0.930977,-0.698019,0.742735,1.41393,-1.45865,1.89995,-3.08172,-0.194193,1.37596])
12.447439971548867
Max g: 1.3999558863275752e-6
{0.09456813579806911,-0.512600624089293,1.5084467836328963,-4.912880603233022,2.850548570596667,3.0620940219491937,0.40735853533342226,0.383431204698212,-0.3600545747582772,1.0548947201747023,-0.10106980896785846,-0.03817249835829116,0.25870474557207485,1.7725162545728927,-0.09211138745412352,2.1459098141836197,3.0766644183925504,0.7488292029377941,0.6382440267126781,-0.04131650270787773,1.374878198542028,1.2689764151863976,-0.5545690096626734,0.9032636544257637,-0.5526206301144927,1.1608062329751496,0.38219288832323567,0.009621725585605334,1.6980186373846158,-0.7427344772119078,-1.4139296122684428,1.4586454253399002,-2.012306317630183,2.040844282870341,0.9024387460919877,-0.9309766025516338,-0.698018725295253,0.7427346264072427,1.4139297221745555,-1.4586455129401212,1.8999499573407803,-3.0817216084082286,-0.19419280177137355,1.3759645573704606}]
Set[{A021,A031,A032,A041,A042,A043,A121,A131,A132,A141,A142,A143,B021,B031,B032,B041,B042,B043,B121,B131,B132,B141,B142,B143,\[Alpha]1,\[Alpha]2,\[Alpha]3,\[Alpha]4,\[Beta]11,\[Beta]12,\[Beta]13,\[Beta]14,\[Beta]21,\[Beta]22,\[Beta]23,\[Beta]24,\[Beta]31,\[Beta]32,\[Beta]33,\[Beta]34,\[Beta]41,\[Beta]42,\[Beta]43,\[Beta]44},{0.09456813579806911,-0.512600624089293,1.5084467836328963,-4.912880603233022,2.850548570596667,3.0620940219491937,0.40735853533342226,0.383431204698212,-0.3600545747582772,1.0548947201747023,-0.10106980896785846,-0.03817249835829116,0.25870474557207485,1.7725162545728927,-0.09211138745412352,2.1459098141836197,3.0766644183925504,0.7488292029377941,0.6382440267126781,-0.04131650270787773,1.374878198542028,1.2689764151863976,-0.5545690096626734,0.9032636544257637,-0.5526206301144927,1.1608062329751496,0.38219288832323567,0.009621725585605334,1.6980186373846158,-0.7427344772119078,-1.4139296122684428,1.4586454253399002,-2.012306317630183,2.040844282870341,0.9024387460919877,-0.9309766025516338,-0.698018725295253,0.7427346264072427,1.4139297221745555,-1.4586455129401212,1.8999499573407803,-3.0817216084082286,-0.19419280177137355,1.3759645573704606}]


-----------------Final Result------------------
Options: alg=LN_AUGLAG_EQ,dx=0.01,max_eval=100000000,popSize=0
imin=-12,jmin=-1,imax=1,jmax=1,
parameter_minmax=5,
randSeed=4361354,rand_minmax=2

2902550 steps

Completed with maxf : 12.447439971548867

Constraints at 1.3999557f-6

x = [0.09456813579806911,-0.512600624089293,1.5084467836328963,-4.912880603233022,2.850548570596667,3.0620940219491937,0.40735853533342226,0.383431204698212,-0.3600545747582772,1.0548947201747023,-0.10106980896785846,-0.03817249835829116,0.25870474557207485,1.7725162545728927,-0.09211138745412352,2.1459098141836197,3.0766644183925504,0.7488292029377941,0.6382440267126781,-0.04131650270787773,1.374878198542028,1.2689764151863976,-0.5545690096626734,0.9032636544257637,-0.5526206301144927,1.1608062329751496,0.38219288832323567,0.009621725585605334,1.6980186373846158,-0.7427344772119078,-1.4139296122684428,1.4586454253399002,-2.012306317630183,2.040844282870341,0.9024387460919877,-0.9309766025516338,-0.698018725295253,0.7427346264072427,1.4139297221745555,-1.4586455129401212,1.8999499573407803,-3.0817216084082286,-0.19419280177137355,1.3759645573704606]
c0 = [0.0,0.09456813579806911,0.9958461595436033,0.9997619893128387]
c1 = [0.0,0.40735853533342226,0.023376629939934834,0.9156524128485527]
A0 = [0.0,0.09456813579806911,-0.512600624089293,-4.912880603233022,0.0,0.0,1.5084467836328963,2.850548570596667,0.0,0.0,0.0,3.0620940219491937,0.0,0.0,0.0,0.0]
A1 = [0.0,0.40735853533342226,0.383431204698212,1.0548947201747023,0.0,0.0,-0.3600545747582772,-0.10106980896785846,0.0,0.0,0.0,-0.03817249835829116,0.0,0.0,0.0,0.0]
B0 = [0.0,0.25870474557207485,1.7725162545728927,2.1459098141836197,0.0,0.0,-0.09211138745412352,3.0766644183925504,0.0,0.0,0.0,0.7488292029377941,0.0,0.0,0.0,0.0]
B1 = [0.0,0.6382440267126781,-0.04131650270787773,1.2689764151863976,0.0,0.0,1.374878198542028,-0.5545690096626734,0.0,0.0,0.0,0.9032636544257637,0.0,0.0,0.0,0.0]
α  = [-0.5526206301144927,1.1608062329751496,0.38219288832323567,0.009621725585605334]
β1 = [1.6980186373846158,-0.7427344772119078,-1.4139296122684428,1.4586454253399002]
β2 = [-2.012306317630183,2.040844282870341,0.9024387460919877,-0.9309766025516338]
β3 = [-0.698018725295253,0.7427346264072427,1.4139297221745555,-1.4586455129401212]
β4 = [1.8999499573407803,-3.0817216084082286,-0.19419280177137355,1.3759645573704606]


Set[{A021,A031,A032,A041,A042,A043,A121,A131,A132,A141,A142,A143,B021,B031,B032,B041,B042,B043,B121,B131,B132,B141,B142,B143,\[Alpha]1,\[Alpha]2,\[Alpha]3,\[Alpha]4,\[Beta]11,\[Beta]12,\[Beta]13,\[Beta]14,\[Beta]21,\[Beta]22,\[Beta]23,\[Beta]24,\[Beta]31,\[Beta]32,\[Beta]33,\[Beta]34,\[Beta]41,\[Beta]42,\[Beta]43,\[Beta]44},{0.09456813579806911,-0.512600624089293,1.5084467836328963,-4.912880603233022,2.850548570596667,3.0620940219491937,0.40735853533342226,0.383431204698212,-0.3600545747582772,1.0548947201747023,-0.10106980896785846,-0.03817249835829116,0.25870474557207485,1.7725162545728927,-0.09211138745412352,2.1459098141836197,3.0766644183925504,0.7488292029377941,0.6382440267126781,-0.04131650270787773,1.374878198542028,1.2689764151863976,-0.5545690096626734,0.9032636544257637,-0.5526206301144927,1.1608062329751496,0.38219288832323567,0.009621725585605334,1.6980186373846158,-0.7427344772119078,-1.4139296122684428,1.4586454253399002,-2.012306317630183,2.040844282870341,0.9024387460919877,-0.9309766025516338,-0.698018725295253,0.7427346264072427,1.4139297221745555,-1.4586455129401212,1.8999499573407803,-3.0817216084082286,-0.19419280177137355,1.3759645573704606}]



