
-----------------Setup------------------
Options: alg=LN_AUGLAG_EQ,dx=0.01,max_eval=100000000,popSize=0
imin=-6,jmin=-3,imax=1,jmax=3,
parameter_minmax=5,
randSeed=94140425, rand_minmax=1,
END_C=true, INEQ_C=false

Initial Condition:

[0.134027,-0.564538,0.491967,0.162793,-0.809131,-0.203901,-0.219022,-0.392246,-0.686016,0.614797,0.43222,-0.76818,-0.436218,0.441482,-0.0816709,-0.587016,0.0773757,-0.585255,-0.54253,0.528946,0.16545,-0.105226,0.463665,0.288612,-0.781597,0.512303,0.0370225,0.660477,-0.17014,0.675906,0.957189,-0.520395,-0.325099,-0.137849,0.696212,0.818482,0.151711,0.498965,-0.461291,-0.0498007,-0.602442,0.268399,-0.740976,-0.637141]

f_1([0.0493879,-0.251816,0.32457,-1.77474,0.131562,1.73961,0.240749,0.00865996,0.00285704,0.499738,0.0382518,-0.0251443,2.23198,2.60683,-0.756834,-0.426883,0.342994,-0.403203,-0.361015,-0.0449768,-0.0288662,-0.509868,0.673656,1.00387,-0.362015,-0.0129853,0.506624,0.0575837,-0.225417,0.101513,0.67452,-0.311842,-0.0950535,-1.00479,0.434487,0.712982,0.0572004,0.343145,-0.887097,0.1,1.9574,-0.0727932,-0.611326,-0.0673976])
35.92172817059537
Max g: 1.2058823903024378
f_2([0.393132,0.21529,0.780924,-1.51506,1.03928,1.47578,0.494137,0.699592,0.0678131,0.822002,0.148692,-0.0119342,1.08354,2.25345,-0.477339,-0.00378546,2.6654,-0.2171,-0.580467,0.690726,0.356721,-0.373242,0.947479,1.91785,0.205225,0.601858,0.221599,0.0167663,-0.0494166,0.736732,0.283732,0.0756923,0.184279,-0.780264,0.66818,-0.0661929,1.55729,-1.09311,-0.500382,-0.0206189,0.143735,0.286286,-0.956403,0.479871])
24.25676179263757
Max g: 0.19135462802540115
f_3([0.486167,0.19301,0.806842,-1.51531,1.04932,1.46598,0.53046,0.821377,0.17724,0.715111,0.323323,-0.0390751,0.980685,2.28934,-0.364886,0.0967905,2.92891,-0.479618,-0.728617,0.797467,0.114434,-0.571951,0.574065,1.90459,0.243973,0.497619,0.235313,0.0231646,-0.367001,0.781442,0.550522,0.035016,0.376823,-0.803446,0.401151,0.0255492,1.36833,-0.781211,-0.552343,-0.0346561,-0.266846,0.569961,-0.998525,0.695316])
16.382254017911183
Max g: 0.017283383683339586
f_4([0.473289,0.193266,0.806734,-1.51615,1.05034,1.46582,0.532166,0.939787,0.0596636,0.731452,0.323838,-0.0555526,0.954693,2.29055,-0.362685,0.0968218,2.93001,-0.479314,-0.729153,0.804284,0.111112,-0.570512,0.57597,1.90446,0.236106,0.500927,0.23914,0.0238286,-0.365439,0.780494,0.55128,0.0337156,0.375114,-0.802094,0.402493,0.0244666,1.36534,-0.780453,-0.551091,-0.0338136,-0.265093,0.567618,-0.997059,0.694579])
14.538963828711537
Max g: 0.006365989526916584
f_5([0.472532,0.193206,0.806763,-1.51615,1.05034,1.46579,0.532119,0.9526,0.0469688,0.733401,0.323669,-0.0572862,0.95337,2.2906,-0.363085,0.0968577,2.93031,-0.479235,-0.729197,0.80532,0.110563,-0.570676,0.576393,1.90451,0.235725,0.500961,0.239407,0.0239058,-0.365554,0.780531,0.551527,0.0334964,0.375194,-0.802061,0.402472,0.0243827,1.36532,-0.780454,-0.55127,-0.0336181,-0.265139,0.567441,-0.99684,0.694572])
14.32582405453583
Max g: 0.005218172932009376
f_6([0.472532,0.193206,0.806763,-1.51615,1.05034,1.46579,0.532119,0.9526,0.0469688,0.733401,0.323669,-0.0572862,0.95337,2.2906,-0.363085,0.0968577,2.93031,-0.479235,-0.729197,0.80532,0.110563,-0.570676,0.576393,1.90451,0.235725,0.500961,0.239407,0.0239058,-0.365554,0.780531,0.551527,0.0334964,0.375194,-0.802061,0.402472,0.0243827,1.36532,-0.780454,-0.55127,-0.0336181,-0.265139,0.567441,-0.99684,0.694572])
14.325724363341173
Max g: 0.005218172893065349
f_7([0.472532,0.193206,0.806763,-1.51615,1.05034,1.46579,0.532119,0.9526,0.0469688,0.733401,0.323669,-0.0572862,0.95337,2.2906,-0.363085,0.0968577,2.93031,-0.479235,-0.729197,0.80532,0.110563,-0.570676,0.576393,1.90451,0.235725,0.500961,0.239407,0.0239058,-0.365554,0.780531,0.551527,0.0334964,0.375194,-0.802061,0.402472,0.0243827,1.36532,-0.780454,-0.55127,-0.0336181,-0.265139,0.567441,-0.99684,0.694572])
14.32582405453583
Max g: 0.005218172889035779
f_8([0.471194,0.19294,0.807058,-1.51591,1.05033,1.46558,0.532213,1.00475,-0.00474404,0.740785,0.324183,-0.064969,0.950258,2.2907,-0.362304,0.0973899,2.93175,-0.479291,-0.729562,0.809478,0.108195,-0.570291,0.577072,1.9046,0.234608,0.50198,0.239309,0.0241106,-0.365054,0.780215,0.552084,0.0327808,0.374975,-0.801479,0.40262,0.0239605,1.36489,-0.780224,-0.551771,-0.0328752,-0.265131,0.566623,-0.996005,0.694471])
13.50765841998951
Max g: 0.000577537526647857
f_9([0.471176,0.193054,0.806944,-1.51569,1.05,1.46568,0.532106,1.01661,-0.01661,0.742921,0.32409,-0.0670116,0.950215,2.29045,-0.362485,0.0972631,2.93165,-0.479236,-0.729446,0.81052,0.107627,-0.569914,0.577161,1.90474,0.234583,0.501893,0.239343,0.0241791,-0.365156,0.780448,0.552052,0.0326523,0.37506,-0.801592,0.402724,0.0238072,1.36518,-0.780458,-0.552087,-0.0326384,-0.265041,0.56647,-0.995672,0.694242])
13.337186477126805
Max g: 1.592700692545218e-5
f_10([0.471184,0.193024,0.806975,-1.51571,1.05003,1.46568,0.532114,1.01387,-0.013865,0.742582,0.324116,-0.0666987,0.95025,2.29045,-0.362507,0.0972696,2.93161,-0.479268,-0.729458,0.810279,0.107759,-0.569982,0.577128,1.90472,0.234603,0.501876,0.239344,0.0241802,-0.365142,0.780419,0.552034,0.0326888,0.375053,-0.801591,0.402697,0.0238412,1.36515,-0.780423,-0.55205,-0.0326819,-0.265064,0.566516,-0.995728,0.694276])
13.377561410962707
{0.4711836405989693,0.1930243296656943,0.8069754114896405,-1.5157071455378173,1.0500307000008642,1.46567611728507,0.532114089630238,1.0138650018134459,-0.013865001813444534,0.7425824903215948,0.32411596118444636,-0.06669865765813905,0.9502499264028343,2.290454203649001,-0.36250705326901933,0.0972695847654822,2.9316071605495044,-0.4792680091680527,-0.7294583693585762,0.8102791579509084,0.10775868129746276,-0.5699817070192945,0.5771282675428744,1.904720555391259,0.23460337581339177,0.5018756781362773,0.23934353072138298,0.024180183319147727,-0.3651423583621448,0.7804189228306229,0.5520344668137938,0.032688802653224054,0.37505255131298354,-0.8015914081308327,0.4026974869542071,0.023841242061977474,1.3651533654453005,-0.7804230495333158,-0.5520498415584262,-0.03268194973607878,-0.2650642080287595,0.5665163813650381,-0.9957282927443674,0.6942764797521449}]
Set[{A021,A031,A032,A041,A042,A043,A121,A131,A132,A141,A142,A143,B021,B031,B032,B041,B042,B043,B121,B131,B132,B141,B142,B143,\[Alpha]1,\[Alpha]2,\[Alpha]3,\[Alpha]4,\[Beta]11,\[Beta]12,\[Beta]13,\[Beta]14,\[Beta]21,\[Beta]22,\[Beta]23,\[Beta]24,\[Beta]31,\[Beta]32,\[Beta]33,\[Beta]34,\[Beta]41,\[Beta]42,\[Beta]43,\[Beta]44},{0.4711836405989693,0.1930243296656943,0.8069754114896405,-1.5157071455378173,1.0500307000008642,1.46567611728507,0.532114089630238,1.0138650018134459,-0.013865001813444534,0.7425824903215948,0.32411596118444636,-0.06669865765813905,0.9502499264028343,2.290454203649001,-0.36250705326901933,0.0972695847654822,2.9316071605495044,-0.4792680091680527,-0.7294583693585762,0.8102791579509084,0.10775868129746276,-0.5699817070192945,0.5771282675428744,1.904720555391259,0.23460337581339177,0.5018756781362773,0.23934353072138298,0.024180183319147727,-0.3651423583621448,0.7804189228306229,0.5520344668137938,0.032688802653224054,0.37505255131298354,-0.8015914081308327,0.4026974869542071,0.023841242061977474,1.3651533654453005,-0.7804230495333158,-0.5520498415584262,-0.03268194973607878,-0.2650642080287595,0.5665163813650381,-0.9957282927443674,0.6942764797521449}]

Max g: 5.232579021297035e-6
f_11([0.471194,0.193034,0.806965,-1.5157,1.05003,1.46567,0.53212,1.0122,-0.0122013,0.742373,0.324106,-0.0664787,0.95027,2.29046,-0.362527,0.0972713,2.93159,-0.479267,-0.729465,0.810149,0.10783,-0.569998,0.577093,1.90472,0.234604,0.501875,0.239336,0.0241845,-0.365132,0.780403,0.55202,0.0327094,0.375051,-0.801592,0.402682,0.0238592,1.36513,-0.780405,-0.552022,-0.0327082,-0.26507,0.566532,-0.995743,0.694281])
13.400889150512342
Max g: 3.3151594041047616e-6
f_12([0.471202,0.19305,0.80695,-1.5157,1.05001,1.46568,0.532118,1.01117,-0.0111699,0.742261,0.324101,-0.0663622,0.950293,2.29045,-0.36252,0.0972631,2.9316,-0.479262,-0.729462,0.810051,0.107885,-0.569995,0.57707,1.9047,0.234613,0.50187,0.239336,0.0241814,-0.365138,0.780402,0.552008,0.0327267,0.375053,-0.801598,0.402672,0.023872,1.36514,-0.780402,-0.552008,-0.0327264,-0.265082,0.566557,-0.995768,0.694293])
13.416341285684107
Max g: 5.5196130674438695e-6
{0.4712021787091427,0.19304972499278006,0.806950228438293,-1.515697513966146,1.0500135090349212,1.4656839840780584,0.5321175018003735,1.0111698309438153,-0.011169830943815474,0.7422609466945533,0.3241012419341768,-0.06636218862873046,0.9502925062378202,2.290451922616207,-0.36252099186799985,0.0972630564027931,2.931604215515843,-0.4792624831676963,-0.7294623970780314,0.8100499980971793,0.10788537341979575,-0.5699946770187582,0.5770696857863948,1.9047014078154147,0.23461251659334287,0.5018699579539367,0.23933636455438456,0.024181252559133545,-0.365136839207791,0.7804018711974765,0.5520084814453785,0.032726268976596896,0.37505374055313434,-0.8015977416649124,0.40267202857563794,0.02387193244448207,1.365136066022157,-0.7804014606805902,-0.5520081296232469,-0.032726432544562464,-0.2650821862054749,0.566557474575814,-0.9957688727378722,0.6942936135800686}]
Set[{A021,A031,A032,A041,A042,A043,A121,A131,A132,A141,A142,A143,B021,B031,B032,B041,B042,B043,B121,B131,B132,B141,B142,B143,\[Alpha]1,\[Alpha]2,\[Alpha]3,\[Alpha]4,\[Beta]11,\[Beta]12,\[Beta]13,\[Beta]14,\[Beta]21,\[Beta]22,\[Beta]23,\[Beta]24,\[Beta]31,\[Beta]32,\[Beta]33,\[Beta]34,\[Beta]41,\[Beta]42,\[Beta]43,\[Beta]44},{0.4712021787091427,0.19304972499278006,0.806950228438293,-1.515697513966146,1.0500135090349212,1.4656839840780584,0.5321175018003735,1.0111698309438153,-0.011169830943815474,0.7422609466945533,0.3241012419341768,-0.06636218862873046,0.9502925062378202,2.290451922616207,-0.36252099186799985,0.0972630564027931,2.931604215515843,-0.4792624831676963,-0.7294623970780314,0.8100499980971793,0.10788537341979575,-0.5699946770187582,0.5770696857863948,1.9047014078154147,0.23461251659334287,0.5018699579539367,0.23933636455438456,0.024181252559133545,-0.365136839207791,0.7804018711974765,0.5520084814453785,0.032726268976596896,0.37505374055313434,-0.8015977416649124,0.40267202857563794,0.02387193244448207,1.365136066022157,-0.7804014606805902,-0.5520081296232469,-0.032726432544562464,-0.2650821862054749,0.566557474575814,-0.9957688727378722,0.6942936135800686}]


-----------------Final Result------------------
Options: alg=LN_AUGLAG_EQ,dx=0.01,max_eval=100000000,popSize=0
imin=-6,jmin=-3,imax=1,jmax=3,
parameter_minmax=5,
randSeed=94140425,rand_minmax=1,
END_C=true, INEQ_C=false

1225414 steps

Completed with maxf : 13.416341285684107

Constraints at 5.48690416023569e-6

x = [0.4712021787091427,0.19304972499278006,0.806950228438293,-1.515697513966146,1.0500135090349212,1.4656839840780584,0.5321175018003735,1.0111698309438153,-0.011169830943815474,0.7422609466945533,0.3241012419341768,-0.06636218862873046,0.9502925062378202,2.290451922616207,-0.36252099186799985,0.0972630564027931,2.931604215515843,-0.4792624831676963,-0.7294623970780314,0.8100499980971793,0.10788537341979575,-0.5699946770187582,0.5770696857863948,1.9047014078154147,0.23461251659334287,0.5018699579539367,0.23933636455438456,0.024181252559133545,-0.365136839207791,0.7804018711974765,0.5520084814453785,0.032726268976596896,0.37505374055313434,-0.8015977416649124,0.40267202857563794,0.02387193244448207,1.365136066022157,-0.7804014606805902,-0.5520081296232469,-0.032726432544562464,-0.2650821862054749,0.566557474575814,-0.9957688727378722,0.6942936135800686]
c0 = [0.0,0.4712021787091427,0.9999999534310731,0.9999999791468337]
c1 = [0.0,0.5321175018003735,0.9999999999999998,0.9999999999999997]
A0 = [0.0,0.4712021787091427,0.19304972499278006,-1.515697513966146,0.0,0.0,0.806950228438293,1.0500135090349212,0.0,0.0,0.0,1.4656839840780584,0.0,0.0,0.0,0.0]
A1 = [0.0,0.5321175018003735,1.0111698309438153,0.7422609466945533,0.0,0.0,-0.011169830943815474,0.3241012419341768,0.0,0.0,0.0,-0.06636218862873046,0.0,0.0,0.0,0.0]
B0 = [0.0,0.9502925062378202,2.290451922616207,0.0972630564027931,0.0,0.0,-0.36252099186799985,2.931604215515843,0.0,0.0,0.0,-0.4792624831676963,0.0,0.0,0.0,0.0]
B1 = [0.0,-0.7294623970780314,0.8100499980971793,-0.5699946770187582,0.0,0.0,0.10788537341979575,0.5770696857863948,0.0,0.0,0.0,1.9047014078154147,0.0,0.0,0.0,0.0]
α  = [0.23461251659334287,0.5018699579539367,0.23933636455438456,0.024181252559133545]
β1 = [-0.365136839207791,0.7804018711974765,0.5520084814453785,0.032726268976596896]
β2 = [0.37505374055313434,-0.8015977416649124,0.40267202857563794,0.02387193244448207]
β3 = [1.365136066022157,-0.7804014606805902,-0.5520081296232469,-0.032726432544562464]
β4 = [-0.2650821862054749,0.566557474575814,-0.9957688727378722,0.6942936135800686]


Set[{A021,A031,A032,A041,A042,A043,A121,A131,A132,A141,A142,A143,B021,B031,B032,B041,B042,B043,B121,B131,B132,B141,B142,B143,\[Alpha]1,\[Alpha]2,\[Alpha]3,\[Alpha]4,\[Beta]11,\[Beta]12,\[Beta]13,\[Beta]14,\[Beta]21,\[Beta]22,\[Beta]23,\[Beta]24,\[Beta]31,\[Beta]32,\[Beta]33,\[Beta]34,\[Beta]41,\[Beta]42,\[Beta]43,\[Beta]44},{0.4712021787091427,0.19304972499278006,0.806950228438293,-1.515697513966146,1.0500135090349212,1.4656839840780584,0.5321175018003735,1.0111698309438153,-0.011169830943815474,0.7422609466945533,0.3241012419341768,-0.06636218862873046,0.9502925062378202,2.290451922616207,-0.36252099186799985,0.0972630564027931,2.931604215515843,-0.4792624831676963,-0.7294623970780314,0.8100499980971793,0.10788537341979575,-0.5699946770187582,0.5770696857863948,1.9047014078154147,0.23461251659334287,0.5018699579539367,0.23933636455438456,0.024181252559133545,-0.365136839207791,0.7804018711974765,0.5520084814453785,0.032726268976596896,0.37505374055313434,-0.8015977416649124,0.40267202857563794,0.02387193244448207,1.365136066022157,-0.7804014606805902,-0.5520081296232469,-0.032726432544562464,-0.2650821862054749,0.566557474575814,-0.9957688727378722,0.6942936135800686}]



