
-----------------Setup------------------
Options: alg=LN_AUGLAG_EQ,dx=0.01,max_eval=100000000,popSize=0
imin=-6,jmin=-3,imax=1,jmax=3,
parameter_minmax=5,
randSeed=1472913, rand_minmax=3,
END_C=true, INEQ_C=false

Initial Condition:

[-2.49916,1.61685,2.12618,2.68957,-0.221665,-2.48724,-0.129555,2.15694,-0.0139249,-2.47216,-1.7393,-0.680615,2.80998,2.46344,2.74438,-1.72864,1.43141,0.0932249,-0.913018,2.68081,1.82326,-0.819583,2.61097,1.26152,-2.22455,-2.94665,0.840697,2.82006,-2.54634,-2.28585,0.0651852,0.190921,2.36995,2.57845,1.6387,-2.70085,0.762559,-1.3768,2.8852,0.90002,-0.605918,2.2082,-0.0721325,1.35438]

f_1([0.705652,0.863143,-0.0270774,2.72922,-0.0229943,-1.86982,0.768425,1.35491,-0.665727,0.63067,-0.759662,0.793794,2.16538,3.38109,0.0489804,2.17529,2.13831,-2.09364,0.052081,1.74606,-1.888,-1.78313,1.59494,-0.271797,0.674033,-1.81073,-0.185547,2.46718,-0.00321443,0.565375,-0.259948,0.843573,0.256021,2.35792,0.086283,-2.6885,1.55023,-2.07145,0.918413,-0.491802,-0.846736,-0.583555,-0.484078,1.68335])
2.5718334397497276
Max g: 0.9088243279169388
f_2([1.00003,0.935218,0.0479269,2.39537,0.133157,-1.55063,0.405847,0.940306,-0.00671752,1.0967,-0.660465,0.56363,2.19498,3.13869,-0.190038,1.99477,2.11106,-1.92205,0.371896,1.08488,-1.79983,-2.88995,0.707406,0.916328,0.442467,-1.58891,-0.274574,2.42198,-0.860285,1.55332,-0.276313,0.591914,-0.87499,1.34119,-0.386797,-0.0651697,1.86057,-1.53934,0.268727,-0.59037,-0.542207,1.31609,-2.72845,1.98002])
2.445724078509189
Max g: 0.28445192189659374
f_3([1.0,0.962069,0.0154507,2.32482,0.159173,-1.50911,0.260389,0.956782,0.0348227,1.09846,-0.576113,0.477645,2.22126,3.13267,-0.259666,1.96943,2.09056,-1.87159,0.512438,0.470388,-0.820641,-2.80681,0.715945,1.13798,0.433218,-1.56224,-0.28268,2.41023,-0.973125,1.30813,-0.0646654,0.728078,-0.966429,1.29954,0.0371149,-0.372508,1.95687,-1.29994,0.0718972,-0.731073,-1.42897,1.96503,-2.5136,1.97823])
2.5280690052955013
Max g: 0.011114858432469621
f_4([1.0,0.96531,0.0158223,2.32414,0.160986,-1.50718,0.261231,0.960949,0.0386504,1.13036,-0.585223,0.454366,2.22842,3.1583,-0.246464,1.97662,2.09724,-1.86421,0.511325,0.4834,-0.847746,-2.80754,0.721903,1.12919,0.441863,-1.5575,-0.303855,2.41939,-0.969709,1.31208,-0.0709371,0.728507,-0.94865,1.28464,0.0366011,-0.372548,1.97015,-1.31235,0.0706176,-0.728345,-1.43753,1.9459,-2.50143,1.99312])
2.4794197023031037
Max g: 0.010397477837416513
f_5([1.0,0.96635,0.016706,2.32446,0.162017,-1.50648,0.261227,0.960935,0.039062,1.13992,-0.588168,0.448056,2.22935,3.19059,-0.231816,1.9831,2.10287,-1.8585,0.511296,0.483612,-0.84837,-2.80749,0.722113,1.12877,0.447321,-1.55232,-0.323478,2.42838,-0.969399,1.31211,-0.071166,0.728398,-0.949007,1.28488,0.0366734,-0.372468,1.96971,-1.31228,0.0709671,-0.728347,-1.43761,1.9452,-2.50102,1.99335])
2.460777448902329
Max g: 0.009482515180239126
f_6([1.0,0.967265,0.0176448,2.32484,0.162663,-1.50553,0.261231,0.960994,0.0389973,1.14716,-0.590001,0.442645,2.22828,3.21923,-0.218974,1.98797,2.10785,-1.8532,0.511248,0.483619,-0.848408,-2.80749,0.722223,1.12862,0.452393,-1.54807,-0.340119,2.43564,-0.969434,1.31222,-0.0710996,0.728373,-0.949006,1.28492,0.0365672,-0.372405,1.96967,-1.31233,0.0709613,-0.728309,-1.43759,1.94518,-2.50098,1.99336])
2.446920372845068
Max g: 0.008663444941758858
f_7([1.0,0.968035,0.0187377,2.3251,0.163581,-1.50471,0.261224,0.961013,0.0389857,1.15378,-0.591848,0.437879,2.22632,3.24629,-0.206842,1.99261,2.11279,-1.84805,0.511265,0.48349,-0.848384,-2.80724,0.722181,1.1284,0.457655,-1.54383,-0.356268,2.44226,-0.969337,1.31205,-0.0710785,0.72836,-0.949106,1.28491,0.0367081,-0.372473,1.96961,-1.31229,0.0710906,-0.728336,-1.43747,1.94504,-2.50118,1.99357])
2.4329636055931507
Max g: 0.007716268861488462
f_8([1.0,0.968948,0.0196794,2.32525,0.164195,-1.50342,0.261317,0.960752,0.0392473,1.16025,-0.593326,0.432923,2.22326,3.27267,-0.195054,1.99727,2.11717,-1.84272,0.51128,0.483473,-0.848353,-2.80711,0.722064,1.12839,0.46314,-1.53967,-0.372047,2.44842,-0.969187,1.31206,-0.0712467,0.728378,-0.948988,1.28487,0.0365968,-0.372464,1.96952,-1.31223,0.0711171,-0.728331,-1.43715,1.94491,-2.5013,1.99354])
2.4210006622343645
Max g: 0.006724537090567306
f_9([1.0,0.969998,0.0204867,2.32558,0.165137,-1.50257,0.261287,0.960709,0.0392877,1.16673,-0.595185,0.428284,2.21976,3.2974,-0.183802,2.00175,2.12179,-1.83787,0.511272,0.483406,-0.848322,-2.80688,0.722036,1.1282,0.46857,-1.53584,-0.387055,2.45411,-0.969243,1.31209,-0.0711909,0.72836,-0.948983,1.2849,0.0365622,-0.372412,1.96935,-1.31213,0.0711296,-0.728385,-1.4372,1.94487,-2.50143,1.99371])
2.4101343220168
Max g: 0.005790479762175504
f_10([1.0,0.970956,0.0213004,2.32579,0.166103,-1.50169,0.261318,0.961043,0.0389481,1.17274,-0.59685,0.423959,2.21589,3.32057,-0.173525,2.00626,2.12638,-1.83373,0.511276,0.483404,-0.84827,-2.80672,0.721895,1.12822,0.474025,-1.53216,-0.40105,2.45901,-0.969243,1.31208,-0.0713454,0.728479,-0.948957,1.28487,0.0365378,-0.372427,1.96941,-1.31224,0.0712092,-0.728413,-1.43708,1.94492,-2.50167,1.99381])
2.4002648937458018
{1.0000000000000016,0.9709563573561149,0.02130041386207565,2.325793561750131,0.1661027386861201,-1.5016868861415216,0.2613181529141671,0.9610428975630703,0.03894814092621262,1.1727432933356954,-0.5968503554857663,0.42395877725465336,2.2158853528001536,3.320569546319969,-0.17352505851077074,2.0062610032944774,2.126382661484289,-1.833727811818847,0.5112756321781261,0.4834035085647778,-0.848270411281094,-2.8067185503474583,0.721894711231748,1.1282247817125364,0.4740252791056647,-1.532160296483003,-0.40104974725820497,2.4590126638404497,-0.9692434514472862,1.312082482845735,-0.071345440111736,0.7284791129049328,-0.9489567555184222,1.2848738573025362,0.03653780602907978,-0.3724272703258913,1.9694070203618326,-1.3122373120601032,0.0712091507469265,-0.7284130092081122,-1.4370847556019417,1.9449168665212355,-2.5016719819343365,1.9938067606755467}]
Set[{A021,A031,A032,A041,A042,A043,A121,A131,A132,A141,A142,A143,B021,B031,B032,B041,B042,B043,B121,B131,B132,B141,B142,B143,\[Alpha]1,\[Alpha]2,\[Alpha]3,\[Alpha]4,\[Beta]11,\[Beta]12,\[Beta]13,\[Beta]14,\[Beta]21,\[Beta]22,\[Beta]23,\[Beta]24,\[Beta]31,\[Beta]32,\[Beta]33,\[Beta]34,\[Beta]41,\[Beta]42,\[Beta]43,\[Beta]44},{1.0000000000000016,0.9709563573561149,0.02130041386207565,2.325793561750131,0.1661027386861201,-1.5016868861415216,0.2613181529141671,0.9610428975630703,0.03894814092621262,1.1727432933356954,-0.5968503554857663,0.42395877725465336,2.2158853528001536,3.320569546319969,-0.17352505851077074,2.0062610032944774,2.126382661484289,-1.833727811818847,0.5112756321781261,0.4834035085647778,-0.848270411281094,-2.8067185503474583,0.721894711231748,1.1282247817125364,0.4740252791056647,-1.532160296483003,-0.40104974725820497,2.4590126638404497,-0.9692434514472862,1.312082482845735,-0.071345440111736,0.7284791129049328,-0.9489567555184222,1.2848738573025362,0.03653780602907978,-0.3724272703258913,1.9694070203618326,-1.3122373120601032,0.0712091507469265,-0.7284130092081122,-1.4370847556019417,1.9449168665212355,-2.5016719819343365,1.9938067606755467}]

Max g: 0.004832865809471176
f_11([1.0,0.972176,0.0218217,2.32609,0.166765,-1.50054,0.261302,0.961079,0.0389214,1.17872,-0.598186,0.419331,2.2114,3.34325,-0.163428,2.01048,2.13092,-1.82952,0.511287,0.483492,-0.848332,-2.80674,0.721827,1.12832,0.47965,-1.52882,-0.414316,2.46339,-0.969218,1.31204,-0.0712706,0.728459,-0.948893,1.28485,0.0366382,-0.372493,1.96944,-1.31221,0.0712459,-0.728454,-1.43722,1.94506,-2.5017,1.99381])
2.388800406360298
Max g: 0.003796773031167877
f_12([1.0,0.972408,0.0226503,2.32623,0.167457,-1.49965,0.261623,0.961022,0.0389453,1.18362,-0.599064,0.415366,2.2073,3.36189,-0.154875,2.01407,2.1341,-1.82516,0.51111,0.483481,-0.848219,-2.80701,0.721791,1.12864,0.484384,-1.5258,-0.425629,2.46685,-0.969054,1.31229,-0.0721415,0.728817,-0.949206,1.28489,0.0363144,-0.372355,1.96918,-1.31202,0.0714854,-0.72842,-1.43692,1.94604,-2.50352,1.99431])
2.3811241843717434
Max g: 0.002817046429008041
f_13([1.0,0.973522,0.0239241,2.32624,0.168576,-1.49821,0.261401,0.960901,0.0390972,1.18918,-0.600033,0.410837,2.20153,3.38524,-0.144164,2.01862,2.13882,-1.8202,0.511276,0.483281,-0.847828,-2.80677,0.721528,1.12889,0.490997,-1.52254,-0.439856,2.47135,-0.969126,1.31217,-0.0717726,0.728804,-0.949157,1.28508,0.0366599,-0.372584,1.96913,-1.31205,0.0717104,-0.728755,-1.43707,1.94569,-2.50295,1.99432])
2.3710553737114317
Max g: 0.0016938558298291717
f_14([1.0,0.974508,0.0246762,2.3265,0.169511,-1.49726,0.261378,0.960865,0.0391349,1.19436,-0.60129,0.406913,2.19628,3.40487,-0.135188,2.02256,2.14288,-1.81602,0.511267,0.483301,-0.847855,-2.80696,0.721632,1.12899,0.49665,-1.52,-0.451824,2.47515,-0.969155,1.31212,-0.071744,0.728817,-0.949243,1.2851,0.0366781,-0.372607,1.96914,-1.31206,0.0717543,-0.728808,-1.43713,1.94574,-2.50293,1.99436])
2.3628806957495945
Max g: 0.0006179613253567418
f_15([1.0,0.974829,0.0251708,2.32639,0.170092,-1.49648,0.261389,0.960952,0.0390476,1.19764,-0.601939,0.40428,2.19283,3.41672,-0.129946,2.02501,2.1454,-1.81361,0.511263,0.483327,-0.847871,-2.80702,0.721648,1.12905,0.500179,-1.51827,-0.459034,2.47715,-0.969167,1.31214,-0.0717602,0.72884,-0.94923,1.28512,0.0367006,-0.372619,1.96915,-1.31209,0.0717699,-0.728816,-1.43726,1.94582,-2.50296,1.99438])
2.3579958272114236
Max g: 0.000133241294454578
f_16([0.99901,0.974508,0.0254923,2.32608,0.169731,-1.49581,0.261324,0.959689,0.0403074,1.19853,-0.602131,0.4036,2.19236,3.42003,-0.128368,2.02589,2.14635,-1.81257,0.511202,0.484111,-0.848343,-2.80791,0.721541,1.13007,0.501508,-1.51815,-0.461729,2.47838,-0.969342,1.31231,-0.0718569,0.728905,-0.949443,1.28532,0.0367404,-0.372619,1.96945,-1.31238,0.0718431,-0.728901,-1.43792,1.94663,-2.50245,1.99374])
2.3552044737610403
Max g: 1.2947709713273525e-5
f_17([0.999009,0.974506,0.0254943,2.32608,0.169731,-1.49581,0.261287,0.959683,0.0403175,1.19863,-0.602152,0.403523,2.19237,3.42,-0.128382,2.0259,2.14635,-1.81258,0.511217,0.484052,-0.848266,-2.8079,0.721555,1.13007,0.501513,-1.51815,-0.461729,2.47838,-0.969124,1.3121,-0.0718143,0.728899,-0.94954,1.28536,0.0368166,-0.37265,1.96947,-1.31234,0.071783,-0.728906,-1.43815,1.94675,-2.50242,1.99379])
2.3552044737610403
Max g: 6.381751779138689e-5
f_18([0.999024,0.974512,0.0254875,2.32608,0.169738,-1.49582,0.261308,0.959689,0.0403109,1.19851,-0.602124,0.403614,2.19236,3.42004,-0.128367,2.02589,2.14634,-1.81257,0.511214,0.484071,-0.848282,-2.8079,0.72154,1.13008,0.501481,-1.51814,-0.46173,2.47839,-0.969333,1.31227,-0.0718244,0.728902,-0.949435,1.28529,0.0367749,-0.372635,1.96942,-1.31233,0.071816,-0.728904,-1.43802,1.94668,-2.50242,1.99374])
2.3552044737610403
Max g: 1.4594340554285878e-5
{0.999022744338943,0.9745132887746372,0.02548666769915265,2.3260797406843716,0.16973630506654402,-1.4958160457509153,0.2613157086118949,0.9596924902332457,0.04030750976675384,1.1984765399094215,-0.6021176530202929,0.40363906560359725,2.1923518419590637,3.420043398243879,-0.12836350954269116,2.025890904110778,2.1463424397403466,-1.8125671006347277,0.5112112954952157,0.4840808368016019,-0.8482977891039774,-2.807901495802213,0.7215391489388068,1.130078243209366,0.501483454593805,-1.5181402277088147,-0.4617306976580386,2.4783876448716518,-0.9693700444042753,1.3123054332616293,-0.07183129929993051,0.72890142004729,-0.9494166461865017,1.285284650095431,0.03675935352914019,-0.3726291009504056,1.9694025056774505,-1.3123275392963314,0.07182800845983907,-0.7289019216155068,-1.4379798992885147,1.9466632341799832,-2.5024192040310624,1.9937325254625253}]
Set[{A021,A031,A032,A041,A042,A043,A121,A131,A132,A141,A142,A143,B021,B031,B032,B041,B042,B043,B121,B131,B132,B141,B142,B143,\[Alpha]1,\[Alpha]2,\[Alpha]3,\[Alpha]4,\[Beta]11,\[Beta]12,\[Beta]13,\[Beta]14,\[Beta]21,\[Beta]22,\[Beta]23,\[Beta]24,\[Beta]31,\[Beta]32,\[Beta]33,\[Beta]34,\[Beta]41,\[Beta]42,\[Beta]43,\[Beta]44},{0.999022744338943,0.9745132887746372,0.02548666769915265,2.3260797406843716,0.16973630506654402,-1.4958160457509153,0.2613157086118949,0.9596924902332457,0.04030750976675384,1.1984765399094215,-0.6021176530202929,0.40363906560359725,2.1923518419590637,3.420043398243879,-0.12836350954269116,2.025890904110778,2.1463424397403466,-1.8125671006347277,0.5112112954952157,0.4840808368016019,-0.8482977891039774,-2.807901495802213,0.7215391489388068,1.130078243209366,0.501483454593805,-1.5181402277088147,-0.4617306976580386,2.4783876448716518,-0.9693700444042753,1.3123054332616293,-0.07183129929993051,0.72890142004729,-0.9494166461865017,1.285284650095431,0.03675935352914019,-0.3726291009504056,1.9694025056774505,-1.3123275392963314,0.07182800845983907,-0.7289019216155068,-1.4379798992885147,1.9466632341799832,-2.5024192040310624,1.9937325254625253}]


-----------------Final Result------------------
Options: alg=LN_AUGLAG_EQ,dx=0.01,max_eval=100000000,popSize=0
imin=-6,jmin=-3,imax=1,jmax=3,
parameter_minmax=5,
randSeed=1472913,rand_minmax=3,
END_C=true, INEQ_C=false

1824660 steps

Completed with maxf : 2.3553041649556965

Constraints at 7.100342356514133e-6

x = [0.999022744338943,0.9745132887746372,0.02548666769915265,2.3260797406843716,0.16973630506654402,-1.4958160457509153,0.2613157086118949,0.9596924902332457,0.04030750976675384,1.1984765399094215,-0.6021176530202929,0.40363906560359725,2.1923518419590637,3.420043398243879,-0.12836350954269116,2.025890904110778,2.1463424397403466,-1.8125671006347277,0.5112112954952157,0.4840808368016019,-0.8482977891039774,-2.807901495802213,0.7215391489388068,1.130078243209366,0.501483454593805,-1.5181402277088147,-0.4617306976580386,2.4783876448716518,-0.9693700444042753,1.3123054332616293,-0.07183129929993051,0.72890142004729,-0.9494166461865017,1.285284650095431,0.03675935352914019,-0.3726291009504056,1.9694025056774505,-1.3123275392963314,0.07182800845983907,-0.7289019216155068,-1.4379798992885147,1.9466632341799832,-2.5024192040310624,1.9937325254625253]
c0 = [0.0,0.999022744338943,0.9999999564737898,1.0000000000000004]
c1 = [0.0,0.2613157086118949,0.9999999999999994,0.9999979524927259]
A0 = [0.0,0.999022744338943,0.9745132887746372,2.3260797406843716,0.0,0.0,0.02548666769915265,0.16973630506654402,0.0,0.0,0.0,-1.4958160457509153,0.0,0.0,0.0,0.0]
A1 = [0.0,0.2613157086118949,0.9596924902332457,1.1984765399094215,0.0,0.0,0.04030750976675384,-0.6021176530202929,0.0,0.0,0.0,0.40363906560359725,0.0,0.0,0.0,0.0]
B0 = [0.0,2.1923518419590637,3.420043398243879,2.025890904110778,0.0,0.0,-0.12836350954269116,2.1463424397403466,0.0,0.0,0.0,-1.8125671006347277,0.0,0.0,0.0,0.0]
B1 = [0.0,0.5112112954952157,0.4840808368016019,-2.807901495802213,0.0,0.0,-0.8482977891039774,0.7215391489388068,0.0,0.0,0.0,1.130078243209366,0.0,0.0,0.0,0.0]
α  = [0.501483454593805,-1.5181402277088147,-0.4617306976580386,2.4783876448716518]
β1 = [-0.9693700444042753,1.3123054332616293,-0.07183129929993051,0.72890142004729]
β2 = [-0.9494166461865017,1.285284650095431,0.03675935352914019,-0.3726291009504056]
β3 = [1.9694025056774505,-1.3123275392963314,0.07182800845983907,-0.7289019216155068]
β4 = [-1.4379798992885147,1.9466632341799832,-2.5024192040310624,1.9937325254625253]


Set[{A021,A031,A032,A041,A042,A043,A121,A131,A132,A141,A142,A143,B021,B031,B032,B041,B042,B043,B121,B131,B132,B141,B142,B143,\[Alpha]1,\[Alpha]2,\[Alpha]3,\[Alpha]4,\[Beta]11,\[Beta]12,\[Beta]13,\[Beta]14,\[Beta]21,\[Beta]22,\[Beta]23,\[Beta]24,\[Beta]31,\[Beta]32,\[Beta]33,\[Beta]34,\[Beta]41,\[Beta]42,\[Beta]43,\[Beta]44},{0.999022744338943,0.9745132887746372,0.02548666769915265,2.3260797406843716,0.16973630506654402,-1.4958160457509153,0.2613157086118949,0.9596924902332457,0.04030750976675384,1.1984765399094215,-0.6021176530202929,0.40363906560359725,2.1923518419590637,3.420043398243879,-0.12836350954269116,2.025890904110778,2.1463424397403466,-1.8125671006347277,0.5112112954952157,0.4840808368016019,-0.8482977891039774,-2.807901495802213,0.7215391489388068,1.130078243209366,0.501483454593805,-1.5181402277088147,-0.4617306976580386,2.4783876448716518,-0.9693700444042753,1.3123054332616293,-0.07183129929993051,0.72890142004729,-0.9494166461865017,1.285284650095431,0.03675935352914019,-0.3726291009504056,1.9694025056774505,-1.3123275392963314,0.07182800845983907,-0.7289019216155068,-1.4379798992885147,1.9466632341799832,-2.5024192040310624,1.9937325254625253}]



