
-----------------Setup------------------
Options: alg=LN_AUGLAG_EQ,dx=0.01,max_eval=100000000,popSize=0
imin=-6,jmin=-3,imax=1,jmax=3,
parameter_minmax=5,
randSeed=27579747, rand_minmax=2

Initial Condition:

[0.215773,1.84851,1.58932,-0.887142,1.04697,-0.59142,0.0423235,-0.343361,-0.0196559,-0.981504,-1.84161,1.81241,-0.349282,-0.836071,-0.0831422,-0.535877,-1.39224,0.218244,-0.154844,1.169,0.226977,1.81074,-0.951828,-0.635414,-1.33422,-0.0342082,-0.651516,-0.899133,-1.7579,-1.36651,-1.83586,0.315677,0.320552,-1.38776,-0.0228404,-1.63351,-0.253503,0.928714,-0.557813,0.760517,-1.06859,-1.44783,-0.194967,-0.439727]

f_1([0.197614,0.332113,-0.163688,-0.433567,1.30383,-0.221777,1.68504e-7,-0.036588,0.0375183,-0.235921,-0.952398,1.3534,-0.0452442,0.0145624,-0.0941632,1.89848,-1.60176,0.16355,-0.0407363,0.301388,-0.711438,1.36173,-1.34278,1.39341,1.10712,-0.0865038,-0.916962,-0.624496,0.978773,1.11791,-2.00154,-0.106432,1.62354,-0.821502,-0.481186,-0.182835,-0.375839,0.575597,-0.618082,0.108158,1.05598,-1.56226,-0.153979,1.2232])
40.560658531548704
Max g: 1.8543707972102803
f_2([0.0848089,0.0339626,-0.0332692,0.00481237,0.972993,-0.339622,0.538795,0.168474,-0.126351,0.407248,-0.787918,1.38067,2.33076,0.0785724,-0.0403461,1.60213,-1.26261,0.562101,0.834905,0.46771,0.832951,1.41117,-1.25968,1.94593,1.17032,0.190021,-1.05753,0.785957,1.20931,0.712847,-1.59103,0.723963,-1.47412,0.923161,1.12817,-0.576876,-0.351778,-0.589037,1.82647,-0.85251,1.35477,-1.79265,-0.486977,0.939421])
10.718498175888497
Max g: 0.16964714714082785
f_3([0.157085,0.210451,-0.210268,0.258092,0.725457,-0.459633,0.47719,0.14507,-0.0551209,0.178294,-0.347162,1.16887,1.41909,0.260661,0.00783863,1.62331,-1.12263,0.698351,0.695758,0.243642,0.949637,1.29793,-1.29784,1.99404,1.00036,0.128058,-1.04483,0.916384,1.21161,0.767803,-1.77198,0.792574,-1.58609,0.914474,1.21934,-0.547526,-0.212009,-0.767841,1.77262,-0.792805,1.31444,-1.74893,-0.43865,0.873006])
14.830261499497983
Max g: 0.0016362296843048796
f_4([0.156721,0.210106,-0.209616,0.257911,0.725269,-0.459446,0.478252,0.14567,-0.055178,0.176832,-0.345156,1.16832,1.41774,0.261244,0.00812203,1.62339,-1.12305,0.698203,0.692178,0.233029,0.957711,1.29091,-1.29811,1.9985,0.999201,0.128464,-1.0449,0.917229,1.21212,0.767349,-1.77288,0.793409,-1.59177,0.915073,1.22541,-0.548682,-0.212135,-0.767342,1.77289,-0.793414,1.32067,-1.74741,-0.449547,0.876266])
14.782609108452151
Max g: 0.00019957749730314944
f_5([0.156703,0.210116,-0.209608,0.257874,0.725296,-0.459424,0.478363,0.14566,-0.0551078,0.176815,-0.345125,1.16831,1.41775,0.261241,0.00814266,1.62336,-1.12303,0.698204,0.691738,0.231709,0.958761,1.29013,-1.29816,1.99901,0.999214,0.128482,-1.04493,0.917237,1.21215,0.767258,-1.77291,0.793507,-1.59242,0.91513,1.22611,-0.548818,-0.212146,-0.767258,1.77291,-0.793507,1.32146,-1.74727,-0.45083,0.876636])
14.783207255620091
Max g: 3.296328611579469e-5
f_6([0.156721,0.210126,-0.209597,0.257884,0.725295,-0.459424,0.478393,0.14568,-0.0551117,0.176817,-0.34513,1.16831,1.41774,0.261239,0.00816101,1.62336,-1.12304,0.698189,0.691632,0.231398,0.959004,1.28994,-1.29817,1.99913,0.999197,0.128492,-1.04494,0.917253,1.21216,0.767233,-1.77292,0.793532,-1.59258,0.915146,1.22629,-0.548855,-0.212155,-0.767232,1.77292,-0.793531,1.32166,-1.74724,-0.451146,0.876734])
14.782110652478869
Max g: 1.5872280426987295e-5
f_7([0.156722,0.210126,-0.209596,0.257883,0.725295,-0.459423,0.47838,0.145663,-0.0551201,0.176802,-0.345148,1.1683,1.41774,0.261238,0.00816053,1.62336,-1.12304,0.698189,0.691642,0.231424,0.958982,1.28996,-1.29817,1.99912,0.999198,0.128491,-1.04494,0.917253,1.21216,0.767235,-1.77293,0.793535,-1.59257,0.91516,1.22626,-0.54885,-0.212157,-0.767236,1.77293,-0.793535,1.32164,-1.74723,-0.451134,0.876733])
14.782010961284213
Max g: 5.533654277356526e-6
f_8([0.156722,0.210126,-0.209596,0.257884,0.725294,-0.459422,0.478373,0.145655,-0.0551241,0.176795,-0.345158,1.16829,1.41774,0.261238,0.00816061,1.62336,-1.12304,0.69819,0.691647,0.231439,0.95897,1.28996,-1.29817,1.99911,0.999198,0.128491,-1.04494,0.917252,1.21216,0.767238,-1.77293,0.793537,-1.59256,0.915171,1.22624,-0.548846,-0.212159,-0.767238,1.77293,-0.793537,1.32162,-1.74723,-0.451128,0.876733])
14.782110652478869
Max g: 7.45978565586114e-7
f_9([0.156722,0.210126,-0.209596,0.257884,0.725294,-0.459422,0.478373,0.145654,-0.0551244,0.176794,-0.345159,1.16829,1.41774,0.261238,0.00816057,1.62336,-1.12304,0.69819,0.691648,0.23144,0.958969,1.28996,-1.29817,1.99911,0.999198,0.128491,-1.04494,0.917252,1.21216,0.767238,-1.77293,0.793537,-1.59256,0.915172,1.22624,-0.548846,-0.212159,-0.767238,1.77293,-0.793537,1.32162,-1.74723,-0.451127,0.876733])
14.782110652478869
Max g: 9.353146084301045e-7
f_10([0.156722,0.210126,-0.209596,0.257884,0.725294,-0.459422,0.478374,0.145656,-0.0551236,0.176795,-0.345157,1.16829,1.41774,0.261238,0.00816061,1.62336,-1.12304,0.69819,0.691647,0.231437,0.958971,1.28996,-1.29817,1.99911,0.999198,0.128491,-1.04494,0.917252,1.21216,0.767238,-1.77293,0.793537,-1.59256,0.91517,1.22624,-0.548846,-0.212158,-0.767238,1.77293,-0.793537,1.32163,-1.74723,-0.451128,0.876733])
14.782110652478869
{0.15672174482684575,0.21012587277168213,-0.20959590138105497,0.25788362686427896,0.7252944053866842,-0.45942195395278074,0.47837390860189216,0.1456555260971496,-0.05512364769298589,0.1767953758629333,-0.3451570386791276,1.1682904504633194,1.417737897086049,0.2612381077900256,0.008160610692593934,1.6233599069214577,-1.1230363970565993,0.6981898182648487,0.6916468221108866,0.23143748075943865,0.9589714726800017,1.2899634641460325,-1.298171108899972,1.9991139207083661,0.999198004942733,0.12849122350115388,-1.0449414372238255,0.9172522104812554,1.2121583961924034,0.7672375565304735,-1.7729329554712767,0.7935370091427111,-1.5925636692935177,0.9151698720724261,1.2262402554201641,-0.5488464366595103,-0.21215839233914857,-0.7672375506746422,1.772932943389132,-0.7935370054922347,1.3216251419642235,-1.7472299378228746,-0.45112832773409944,0.8767330710973015}]
Set[{A021,A031,A032,A041,A042,A043,A121,A131,A132,A141,A142,A143,B021,B031,B032,B041,B042,B043,B121,B131,B132,B141,B142,B143,\[Alpha]1,\[Alpha]2,\[Alpha]3,\[Alpha]4,\[Beta]11,\[Beta]12,\[Beta]13,\[Beta]14,\[Beta]21,\[Beta]22,\[Beta]23,\[Beta]24,\[Beta]31,\[Beta]32,\[Beta]33,\[Beta]34,\[Beta]41,\[Beta]42,\[Beta]43,\[Beta]44},{0.15672174482684575,0.21012587277168213,-0.20959590138105497,0.25788362686427896,0.7252944053866842,-0.45942195395278074,0.47837390860189216,0.1456555260971496,-0.05512364769298589,0.1767953758629333,-0.3451570386791276,1.1682904504633194,1.417737897086049,0.2612381077900256,0.008160610692593934,1.6233599069214577,-1.1230363970565993,0.6981898182648487,0.6916468221108866,0.23143748075943865,0.9589714726800017,1.2899634641460325,-1.298171108899972,1.9991139207083661,0.999198004942733,0.12849122350115388,-1.0449414372238255,0.9172522104812554,1.2121583961924034,0.7672375565304735,-1.7729329554712767,0.7935370091427111,-1.5925636692935177,0.9151698720724261,1.2262402554201641,-0.5488464366595103,-0.21215839233914857,-0.7672375506746422,1.772932943389132,-0.7935370054922347,1.3216251419642235,-1.7472299378228746,-0.45112832773409944,0.8767330710973015}]

Max g: 3.262847818596981e-7
f_11([0.156722,0.210126,-0.209596,0.257884,0.725294,-0.459422,0.478374,0.145656,-0.0551236,0.176795,-0.345157,1.16829,1.41774,0.261238,0.00816061,1.62336,-1.12304,0.69819,0.691647,0.231437,0.958972,1.28996,-1.29817,1.99911,0.999198,0.128491,-1.04494,0.917252,1.21216,0.767238,-1.77293,0.793537,-1.59256,0.91517,1.22624,-0.548846,-0.212158,-0.767238,1.77293,-0.793537,1.32163,-1.74723,-0.451128,0.876733])
14.782110652478869
Max g: 2.9430574954858457e-7
f_12([0.156722,0.210126,-0.209596,0.257884,0.725294,-0.459422,0.478374,0.145656,-0.0551236,0.176795,-0.345157,1.16829,1.41774,0.261238,0.00816061,1.62336,-1.12304,0.69819,0.691647,0.231437,0.958972,1.28996,-1.29817,1.99911,0.999198,0.128491,-1.04494,0.917252,1.21216,0.767238,-1.77293,0.793537,-1.59256,0.91517,1.22624,-0.548846,-0.212158,-0.767238,1.77293,-0.793537,1.32163,-1.74723,-0.451128,0.876733])
14.782110652478869
Max g: 2.933813343375391e-7
{0.15672174435388017,0.21012587734649116,-0.20959590618295512,0.2578836259340262,0.7252944034211782,-0.4594219522636105,0.47837397759985434,0.14565561084317258,-0.05512361171540924,0.17679544807558004,-0.3451569460627093,1.168290524314613,1.417737895680031,0.26123811007354547,0.008160609208686815,1.6233599076552976,-1.1230363983345775,0.6981898155608478,0.6916467689435035,0.23143733577402906,0.9589715893046998,1.2899633909079038,-1.2981711102760272,1.9991139773460649,0.9991980036150735,0.1284912255834167,-1.044941439765083,0.917252212793938,1.2121583830127938,0.7672375354180904,-1.772932901171301,0.7935369882122993,-1.5925637265112238,0.9151697722957238,1.2262404464667584,-0.548846473265212,-0.2121583799006104,-0.7672375295292932,1.772932889619988,-0.793536984859229,1.321625258995583,-1.7472299892807919,-0.4511283910428955,0.8767330745970059}]
Set[{A021,A031,A032,A041,A042,A043,A121,A131,A132,A141,A142,A143,B021,B031,B032,B041,B042,B043,B121,B131,B132,B141,B142,B143,\[Alpha]1,\[Alpha]2,\[Alpha]3,\[Alpha]4,\[Beta]11,\[Beta]12,\[Beta]13,\[Beta]14,\[Beta]21,\[Beta]22,\[Beta]23,\[Beta]24,\[Beta]31,\[Beta]32,\[Beta]33,\[Beta]34,\[Beta]41,\[Beta]42,\[Beta]43,\[Beta]44},{0.15672174435388017,0.21012587734649116,-0.20959590618295512,0.2578836259340262,0.7252944034211782,-0.4594219522636105,0.47837397759985434,0.14565561084317258,-0.05512361171540924,0.17679544807558004,-0.3451569460627093,1.168290524314613,1.417737895680031,0.26123811007354547,0.008160609208686815,1.6233599076552976,-1.1230363983345775,0.6981898155608478,0.6916467689435035,0.23143733577402906,0.9589715893046998,1.2899633909079038,-1.2981711102760272,1.9991139773460649,0.9991980036150735,0.1284912255834167,-1.044941439765083,0.917252212793938,1.2121583830127938,0.7672375354180904,-1.772932901171301,0.7935369882122993,-1.5925637265112238,0.9151697722957238,1.2262404464667584,-0.548846473265212,-0.2121583799006104,-0.7672375295292932,1.772932889619988,-0.793536984859229,1.321625258995583,-1.7472299892807919,-0.4511283910428955,0.8767330745970059}]


-----------------Final Result------------------
Options: alg=LN_AUGLAG_EQ,dx=0.01,max_eval=100000000,popSize=0
imin=-6,jmin=-3,imax=1,jmax=3,
parameter_minmax=5,
randSeed=27579747,rand_minmax=2

1224175 steps

Completed with maxf : 14.782110652478869

Constraints at 2.9336771145693774e-7

x = [0.15672174435388017,0.21012587734649116,-0.20959590618295512,0.2578836259340262,0.7252944034211782,-0.4594219522636105,0.47837397759985434,0.14565561084317258,-0.05512361171540924,0.17679544807558004,-0.3451569460627093,1.168290524314613,1.417737895680031,0.26123811007354547,0.008160609208686815,1.6233599076552976,-1.1230363983345775,0.6981898155608478,0.6916467689435035,0.23143733577402906,0.9589715893046998,1.2899633909079038,-1.2981711102760272,1.9991139773460649,0.9991980036150735,0.1284912255834167,-1.044941439765083,0.917252212793938,1.2121583830127938,0.7672375354180904,-1.772932901171301,0.7935369882122993,-1.5925637265112238,0.9151697722957238,1.2262404464667584,-0.548846473265212,-0.2121583799006104,-0.7672375295292932,1.772932889619988,-0.793536984859229,1.321625258995583,-1.7472299892807919,-0.4511283910428955,0.8767330745970059]
c0 = [0.0,0.15672174435388017,0.000529971163536036,0.5237560770915939]
c1 = [0.0,0.47837397759985434,0.09053199912776333,0.9999290263274838]
A0 = [0.0,0.15672174435388017,0.21012587734649116,0.2578836259340262,0.0,0.0,-0.20959590618295512,0.7252944034211782,0.0,0.0,0.0,-0.4594219522636105,0.0,0.0,0.0,0.0]
A1 = [0.0,0.47837397759985434,0.14565561084317258,0.17679544807558004,0.0,0.0,-0.05512361171540924,-0.3451569460627093,0.0,0.0,0.0,1.168290524314613,0.0,0.0,0.0,0.0]
B0 = [0.0,1.417737895680031,0.26123811007354547,1.6233599076552976,0.0,0.0,0.008160609208686815,-1.1230363983345775,0.0,0.0,0.0,0.6981898155608478,0.0,0.0,0.0,0.0]
B1 = [0.0,0.6916467689435035,0.23143733577402906,1.2899633909079038,0.0,0.0,0.9589715893046998,-1.2981711102760272,0.0,0.0,0.0,1.9991139773460649,0.0,0.0,0.0,0.0]
α  = [0.9991980036150735,0.1284912255834167,-1.044941439765083,0.917252212793938]
β1 = [1.2121583830127938,0.7672375354180904,-1.772932901171301,0.7935369882122993]
β2 = [-1.5925637265112238,0.9151697722957238,1.2262404464667584,-0.548846473265212]
β3 = [-0.2121583799006104,-0.7672375295292932,1.772932889619988,-0.793536984859229]
β4 = [1.321625258995583,-1.7472299892807919,-0.4511283910428955,0.8767330745970059]


Set[{A021,A031,A032,A041,A042,A043,A121,A131,A132,A141,A142,A143,B021,B031,B032,B041,B042,B043,B121,B131,B132,B141,B142,B143,\[Alpha]1,\[Alpha]2,\[Alpha]3,\[Alpha]4,\[Beta]11,\[Beta]12,\[Beta]13,\[Beta]14,\[Beta]21,\[Beta]22,\[Beta]23,\[Beta]24,\[Beta]31,\[Beta]32,\[Beta]33,\[Beta]34,\[Beta]41,\[Beta]42,\[Beta]43,\[Beta]44},{0.15672174435388017,0.21012587734649116,-0.20959590618295512,0.2578836259340262,0.7252944034211782,-0.4594219522636105,0.47837397759985434,0.14565561084317258,-0.05512361171540924,0.17679544807558004,-0.3451569460627093,1.168290524314613,1.417737895680031,0.26123811007354547,0.008160609208686815,1.6233599076552976,-1.1230363983345775,0.6981898155608478,0.6916467689435035,0.23143733577402906,0.9589715893046998,1.2899633909079038,-1.2981711102760272,1.9991139773460649,0.9991980036150735,0.1284912255834167,-1.044941439765083,0.917252212793938,1.2121583830127938,0.7672375354180904,-1.772932901171301,0.7935369882122993,-1.5925637265112238,0.9151697722957238,1.2262404464667584,-0.548846473265212,-0.2121583799006104,-0.7672375295292932,1.772932889619988,-0.793536984859229,1.321625258995583,-1.7472299892807919,-0.4511283910428955,0.8767330745970059}]



