
-----------------Setup------------------
Options: alg=GN_ISRES,dx=0.01,max_eval=100000000,popSize=0
imin=-1,jmin=-4,imax=1,jmax=4,
parameter_minmax=5,
randSeed=61131614, rand_minmax=1,
END_C=true, INEQ_C=true

Initial Condition:

[-0.0559622,0.504433,-0.660273,-0.421267,-0.0728288,0.109359,-0.0734404,-0.760673,-0.741586,0.399862,-0.769537,0.967444,-0.747534,0.15643,-0.664531,0.943507,-0.188371,-0.568254,0.163358,-0.167836,-0.0492445,-0.374803,0.50037,0.988383,-0.117066,0.490742,0.23192,-0.0122971,0.999874,-0.547268,-0.888798,0.538389,0.197622,0.586801,-0.461944,0.0231306,0.854979,-0.243549,-0.32959,0.359923,-0.509182,0.185639,0.711309,0.846095]

f_1([1.81337,-0.072724,3.02779,2.93244,0.911533,-1.75338,-0.164044,-0.456476,-0.442907,-0.265262,2.83487,-2.15055,1.36995,-2.12376,-0.851217,4.63379,-0.916238,-3.25156,-0.46971,-2.35895,2.00688,0.380912,-1.09235,0.46765,0.501345,3.51682,-0.0169474,-1.27983,-2.35529,0.207611,0.856351,-0.65598,-0.096324,2.93041,-2.31427,-1.35758,0.367042,-2.44502,1.47247,0.663728,-1.30233,-0.753751,-0.999517,2.60297])
0.46041950049999686
Max g: 4.672310085210535
f_2([-1.2312,-1.08771,-0.34369,-1.90906,0.507529,0.773107,0.378297,0.942443,0.246822,-2.67728,2.63769,0.264273,-1.15083,-3.23819,2.41371,2.07656,1.66096,-2.9909,0.270741,-1.94234,1.23542,-0.906622,0.445037,1.39625,1.11136,0.351839,-0.326803,0.418179,-1.57849,1.60209,0.966055,-0.134758,-2.38492,2.03644,-0.466662,0.422184,2.28684,-1.51139,-0.122817,0.426754,-2.49145,2.93164,0.947512,-0.0155158])
1.6244371152974204
Max g: 2.2323867934867945
f_3([0.403818,-0.611776,0.952605,0.96986,0.480118,-0.815328,-0.0163381,-0.288511,0.681613,-2.66997,3.0359,0.992029,0.0307968,-3.01245,2.62573,3.72727,-0.490472,-1.28878,0.499717,-1.60843,0.699711,-2.05193,0.349782,1.86573,0.423341,0.500881,-0.327691,0.47405,-2.21288,1.78573,1.25886,0.209657,-1.89446,1.80988,0.0755466,0.00427659,2.85665,-1.48635,-1.1567,-0.409245,-4.56415,3.2874,1.80853,-0.610539])
3.36494804380097
Max g: 0.5607713012504312
f_4([0.337469,-1.31659,1.43008,0.981585,0.163224,-0.725747,0.0826191,-0.350882,0.810013,-2.54082,3.28618,0.435356,-0.169662,-2.9524,2.61164,3.60777,-0.648479,-1.01106,0.422627,-1.63717,0.742352,-1.18302,0.163292,1.09841,0.425412,0.931923,-0.664318,0.406543,-2.27644,1.94757,0.93215,0.344077,-1.84044,2.00427,-0.117788,-0.0695996,3.03625,-1.85255,-1.0997,-0.309553,-4.56317,3.58805,1.6487,-0.749524])
4.036645735119658
Max g: 0.26324529488743736
f_5([0.170009,-0.993933,1.05253,0.651407,0.522798,-0.664379,0.0618252,-0.458501,0.848003,-2.48768,3.15753,0.411867,-0.0431733,-2.98024,2.70438,3.7552,-0.767754,-1.06669,0.403923,-1.71482,0.80822,-1.77355,0.713453,1.02863,0.405928,1.03809,-0.839759,0.426741,-2.24184,1.86154,0.847657,0.450134,-1.77522,2.03383,-0.20937,-0.0522281,3.18907,-1.85886,-0.844336,-0.51958,-4.48327,3.7107,1.62415,-0.778155])
4.523499854038174
Max g: 0.15968653887647166
f_6([0.183225,-0.944116,1.03538,0.705537,0.623085,-0.814828,0.0593565,-0.476019,0.854601,-2.42087,3.04859,0.37896,-0.00314433,-2.92364,2.73295,3.69644,-0.779218,-1.02511,0.402807,-1.76445,0.830358,-1.64884,0.750403,0.925931,0.187617,1.25591,-0.834039,0.432302,-2.24689,1.84085,0.824451,0.565495,-1.58794,1.89454,-0.270465,-0.0440495,3.18625,-1.84125,-0.838738,-0.540211,-4.52932,3.74106,1.58927,-0.817825])
4.222880603226066
Max g: 0.07137220807752023
f_7([0.196281,-0.922351,1.02689,0.73684,0.617772,-0.843711,0.07177,-0.482534,0.834357,-2.31052,2.891,0.416699,-0.025824,-2.99372,2.77246,3.66964,-0.775316,-1.07936,0.400356,-1.77489,0.850533,-1.64675,0.793953,0.917727,0.00747813,1.52076,-0.969576,0.466103,-2.19756,1.80484,0.815649,0.56002,-1.53851,1.85813,-0.286138,-0.0488407,3.19267,-1.80483,-0.828679,-0.575182,-4.59229,3.84323,1.59716,-0.838704])
4.204992515574437
Max g: 0.053136637498815656
f_8([0.206763,-0.901045,1.08088,0.723676,0.611235,-0.838173,0.0723281,-0.476278,0.823823,-2.30917,2.90937,0.410027,-0.00921271,-2.98367,2.84472,3.60985,-0.820733,-1.06706,0.401016,-1.7724,0.85346,-1.61382,0.757058,0.900555,-0.39874,1.84402,-0.95797,0.509581,-2.25062,1.85653,0.830913,0.540965,-1.44305,1.79649,-0.308218,-0.0649354,3.24926,-1.85667,-0.833109,-0.573528,-4.62602,3.83534,1.63113,-0.836178])
4.142185452264272
Max g: 0.02849809196710294
f_9([0.200937,-0.912577,1.10387,0.730633,0.621833,-0.849782,0.0808003,-0.479366,0.810845,-2.33462,2.89899,0.43584,-0.00116004,-2.97613,2.84639,3.60071,-0.832926,-1.06855,0.399513,-1.77984,0.857559,-1.61493,0.75677,0.894326,-0.597749,2.0273,-0.957891,0.522856,-2.25901,1.8517,0.830807,0.557901,-1.4369,1.79684,-0.300064,-0.0708359,3.25564,-1.86707,-0.828718,-0.56606,-4.61279,3.82961,1.6284,-0.838837])
4.071527506040335
Max g: 0.031466524420962864
f_10([0.20559,-0.911406,1.10854,0.713604,0.626234,-0.840363,0.0896527,-0.481777,0.792595,-2.34104,2.90283,0.444703,0.0052209,-2.96051,2.85924,3.59992,-0.827729,-1.08271,0.399401,-1.77947,0.854835,-1.61581,0.767091,0.894761,-0.617681,2.04537,-0.954128,0.524933,-2.25076,1.85387,0.832837,0.561903,-1.40416,1.79568,-0.302752,-0.089851,3.26222,-1.85718,-0.833173,-0.571744,-4.61799,3.83744,1.62143,-0.840219])
3.9722486195737914
{0.2055896954662437,-0.911405769726834,1.1085441409697092,0.713603748191952,0.6262339885377335,-0.8403631227754575,0.08965265597471844,-0.4817769577093756,0.7925950694664953,-2.3410352878569145,2.902832347046333,0.4447025041642589,0.005220901541168038,-2.9605096750926405,2.859235935339564,3.599915680808276,-0.827728614244516,-1.0827062539881693,0.3994009848928818,-1.7794666751439248,0.8548349615025159,-1.6158061030944264,0.767091095227716,0.894761420706807,-0.6176807635796328,2.0453707308543656,-0.9541279856675213,0.5249327786920674,-2.250755691951025,1.8538668159703142,0.8328373043377203,0.5619034878982823,-1.4041623809304307,1.7956780563149068,-0.30275214379364956,-0.0898509984813421,3.2622162132911914,-1.8571819762288908,-0.8331728047535623,-0.5717444957631707,-4.617987228962279,3.8374353572378466,1.6214313354099381,-0.8402189004925641}]
Set[{A021,A031,A032,A041,A042,A043,A121,A131,A132,A141,A142,A143,B021,B031,B032,B041,B042,B043,B121,B131,B132,B141,B142,B143,\[Alpha]1,\[Alpha]2,\[Alpha]3,\[Alpha]4,\[Beta]11,\[Beta]12,\[Beta]13,\[Beta]14,\[Beta]21,\[Beta]22,\[Beta]23,\[Beta]24,\[Beta]31,\[Beta]32,\[Beta]33,\[Beta]34,\[Beta]41,\[Beta]42,\[Beta]43,\[Beta]44},{0.2055896954662437,-0.911405769726834,1.1085441409697092,0.713603748191952,0.6262339885377335,-0.8403631227754575,0.08965265597471844,-0.4817769577093756,0.7925950694664953,-2.3410352878569145,2.902832347046333,0.4447025041642589,0.005220901541168038,-2.9605096750926405,2.859235935339564,3.599915680808276,-0.827728614244516,-1.0827062539881693,0.3994009848928818,-1.7794666751439248,0.8548349615025159,-1.6158061030944264,0.767091095227716,0.894761420706807,-0.6176807635796328,2.0453707308543656,-0.9541279856675213,0.5249327786920674,-2.250755691951025,1.8538668159703142,0.8328373043377203,0.5619034878982823,-1.4041623809304307,1.7956780563149068,-0.30275214379364956,-0.0898509984813421,3.2622162132911914,-1.8571819762288908,-0.8331728047535623,-0.5717444957631707,-4.617987228962279,3.8374353572378466,1.6214313354099381,-0.8402189004925641}]

Max g: 0.027422044088259715
f_11([0.205385,-0.913428,1.11219,0.711057,0.627259,-0.84097,0.103511,-0.483244,0.759642,-2.34906,2.90219,0.450771,0.0160663,-2.95591,2.8765,3.60371,-0.827324,-1.08345,0.399182,-1.77985,0.856983,-1.61543,0.762834,0.89133,-0.618974,2.03337,-0.943764,0.526004,-2.25034,1.84894,0.828422,0.571486,-1.36906,1.79823,-0.306264,-0.121481,3.26305,-1.86126,-0.833645,-0.571837,-4.6177,3.83646,1.62792,-0.841824])
3.8884727424053267
Max g: 0.025515846481855817
f_12([0.209538,-0.915169,1.12086,0.724869,0.62768,-0.853248,0.114653,-0.485344,0.737788,-2.34243,2.90097,0.449988,0.0167526,-2.94836,2.86919,3.60531,-0.831052,-1.08632,0.399305,-1.78129,0.859908,-1.61421,0.756046,0.891679,-0.637725,2.04928,-0.937127,0.528615,-2.25159,1.85343,0.829949,0.569147,-1.34481,1.80014,-0.312676,-0.141051,3.26172,-1.86313,-0.830795,-0.572308,-4.61792,3.82792,1.62988,-0.841614])
3.791082042968677
Max g: 0.02141948231599816
f_13([0.208187,-0.923566,1.12817,0.730472,0.628654,-0.858942,0.121336,-0.496051,0.731303,-2.35979,2.90146,0.462257,0.0164469,-2.94408,2.86956,3.60205,-0.829596,-1.08451,0.399517,-1.78128,0.860308,-1.61181,0.755857,0.890168,-0.638129,2.04172,-0.931153,0.529365,-2.25175,1.85592,0.831287,0.569417,-1.31768,1.78578,-0.316575,-0.154768,3.26524,-1.86574,-0.831533,-0.570978,-4.61798,3.82567,1.63138,-0.841924])
3.7616660766082197
Max g: 0.016338083839998945
f_14([0.206286,-0.934484,1.1373,0.739723,0.628254,-0.867656,0.130693,-0.516033,0.728294,-2.36934,2.90196,0.47098,0.0123755,-2.93602,2.8465,3.60926,-0.829467,-1.09268,0.399845,-1.78229,0.861342,-1.61154,0.757878,0.885938,-0.646588,2.05207,-0.934458,0.529548,-2.25427,1.8547,0.82975,0.568288,-1.28287,1.77743,-0.319275,-0.174371,3.26859,-1.86283,-0.832363,-0.576239,-4.61859,3.82609,1.63675,-0.842593])
3.7577903242837
Max g: 0.013196292232599304
f_15([0.205658,-0.939276,1.14391,0.744337,0.629014,-0.871503,0.139748,-0.535181,0.72852,-2.37411,2.89968,0.480701,0.0150225,-2.92546,2.84037,3.61132,-0.828161,-1.09173,0.4001,-1.78298,0.862732,-1.61263,0.75865,0.88603,-0.6659,2.04755,-0.906981,0.52831,-2.25246,1.8524,0.828952,0.570629,-1.25861,1.77042,-0.323312,-0.190082,3.26771,-1.86084,-0.831298,-0.575662,-4.61932,3.82508,1.63657,-0.843065])
3.7239023360103354
Max g: 0.009413077925333076
f_16([0.202242,-0.959145,1.15932,0.76639,0.630499,-0.89617,0.14828,-0.553594,0.727725,-2.38018,2.90222,0.481218,0.0143946,-2.9345,2.83939,3.61562,-0.82977,-1.09069,0.400333,-1.78423,0.865356,-1.60988,0.757295,0.884036,-0.696085,2.03604,-0.864849,0.52522,-2.25325,1.85008,0.829344,0.574501,-1.23085,1.76673,-0.324511,-0.208456,3.27863,-1.87268,-0.832308,-0.575075,-4.62077,3.82782,1.64032,-0.84477])
3.7063123831528997
Max g: 0.008949802603237748
f_17([0.201612,-0.969512,1.17306,0.765472,0.630787,-0.896749,0.151792,-0.563332,0.727892,-2.37792,2.90218,0.47852,0.0148099,-2.93525,2.84383,3.61417,-0.831966,-1.09074,0.400937,-1.78433,0.8659,-1.61001,0.759238,0.881245,-0.69957,2.03881,-0.864807,0.526643,-2.25384,1.84836,0.82954,0.577487,-1.21424,1.7545,-0.328549,-0.213541,3.27688,-1.86713,-0.832164,-0.576964,-4.62164,3.82491,1.64335,-0.846927])
3.691405643443208
Max g: 0.004703285126367493
f_18([0.201642,-0.986833,1.18899,0.762789,0.630926,-0.893748,0.154411,-0.568797,0.727999,-2.37783,2.90228,0.47764,0.0151842,-2.93597,2.84419,3.6158,-0.834246,-1.09127,0.401264,-1.7848,0.866742,-1.60822,0.759658,0.880529,-0.697574,2.03634,-0.867998,0.527031,-2.25599,1.84902,0.829578,0.576173,-1.20511,1.75574,-0.330165,-0.219478,3.27127,-1.86202,-0.832773,-0.57825,-4.61978,3.82726,1.64346,-0.850551])
3.6925981826199834
Max g: 0.004199512868169551
f_19([0.201196,-0.993163,1.19405,0.760621,0.630809,-0.891482,0.15554,-0.571592,0.728776,-2.37751,2.90233,0.475728,0.0141921,-2.93786,2.84443,3.6155,-0.833837,-1.09069,0.400881,-1.78518,0.867308,-1.60338,0.757259,0.877679,-0.69749,2.03104,-0.8602,0.526977,-2.26508,1.85318,0.831443,0.579122,-1.19839,1.75153,-0.331589,-0.222278,3.27209,-1.86012,-0.832337,-0.578689,-4.61917,3.82916,1.64376,-0.852817])
3.6835547605294376
Max g: 0.0019006934940381723
f_20([0.201407,-0.995587,1.19713,0.761068,0.630875,-0.89173,0.156519,-0.57336,0.729125,-2.37801,2.90242,0.476194,0.0137763,-2.93771,2.84354,3.61569,-0.833993,-1.09061,0.401108,-1.78517,0.867353,-1.60199,0.756783,0.876859,-0.69806,2.03027,-0.858837,0.526992,-2.26644,1.85569,0.831943,0.578902,-1.19534,1.7514,-0.331983,-0.223822,3.27005,-1.8584,-0.83242,-0.578869,-4.61885,3.82945,1.64381,-0.854121])
3.677095173321905
{0.2014066412612327,-0.995586670561325,1.1971296052143072,0.7610683403894515,0.6308745021422528,-0.8917304753457881,0.156518750805829,-0.5733598659092468,0.7291252039495442,-2.378014601274186,2.9024177825572615,0.47619369159666947,0.013776316572416725,-2.93771264572027,2.843542018391762,3.6156862825621947,-0.8339931124197549,-1.0906146200081543,0.4011075659523494,-1.785166639485066,0.8673530526808101,-1.6019905674679202,0.7567833302078016,0.8768592425222248,-0.6980599038628111,2.030269814400949,-0.8588365873965715,0.5269916267733676,-2.2664432080033854,1.8556904922396258,0.8319432288087565,0.5789021719263847,-1.1953363395129473,1.7514025790422059,-0.3319831439985255,-0.2238217923965153,3.2700533855693186,-1.8584005703970892,-0.8324202823828842,-0.5788685690112584,-4.618847687244907,3.829445023255621,1.6438075885613013,-0.8541207087826813}]
Set[{A021,A031,A032,A041,A042,A043,A121,A131,A132,A141,A142,A143,B021,B031,B032,B041,B042,B043,B121,B131,B132,B141,B142,B143,\[Alpha]1,\[Alpha]2,\[Alpha]3,\[Alpha]4,\[Beta]11,\[Beta]12,\[Beta]13,\[Beta]14,\[Beta]21,\[Beta]22,\[Beta]23,\[Beta]24,\[Beta]31,\[Beta]32,\[Beta]33,\[Beta]34,\[Beta]41,\[Beta]42,\[Beta]43,\[Beta]44},{0.2014066412612327,-0.995586670561325,1.1971296052143072,0.7610683403894515,0.6308745021422528,-0.8917304753457881,0.156518750805829,-0.5733598659092468,0.7291252039495442,-2.378014601274186,2.9024177825572615,0.47619369159666947,0.013776316572416725,-2.93771264572027,2.843542018391762,3.6156862825621947,-0.8339931124197549,-1.0906146200081543,0.4011075659523494,-1.785166639485066,0.8673530526808101,-1.6019905674679202,0.7567833302078016,0.8768592425222248,-0.6980599038628111,2.030269814400949,-0.8588365873965715,0.5269916267733676,-2.2664432080033854,1.8556904922396258,0.8319432288087565,0.5789021719263847,-1.1953363395129473,1.7514025790422059,-0.3319831439985255,-0.2238217923965153,3.2700533855693186,-1.8584005703970892,-0.8324202823828842,-0.5788685690112584,-4.618847687244907,3.829445023255621,1.6438075885613013,-0.8541207087826813}]

Max g: 0.0018976086398502059
f_21([0.201743,-0.9966,1.19809,0.761302,0.630794,-0.892006,0.156654,-0.573794,0.729435,-2.37784,2.90241,0.475596,0.0132005,-2.93908,2.8434,3.61521,-0.833614,-1.09032,0.400975,-1.78523,0.867436,-1.60177,0.75681,0.876913,-0.698115,2.02911,-0.857856,0.527014,-2.26914,1.85814,0.831989,0.578527,-1.19527,1.7513,-0.332005,-0.224237,3.27037,-1.85933,-0.832466,-0.57916,-4.61874,3.82979,1.64383,-0.854978])
3.677194551586636
Max g: 0.001682262539773508
f_22([0.201721,-0.996972,1.19861,0.760954,0.630831,-0.891743,0.156747,-0.573868,0.729437,-2.37793,2.90237,0.475746,0.0125418,-2.93955,2.84267,3.61527,-0.833572,-1.09037,0.400831,-1.78525,0.867425,-1.60324,0.757503,0.876631,-0.698168,2.02791,-0.856824,0.527058,-2.27015,1.85945,0.831936,0.578628,-1.19515,1.7517,-0.332068,-0.224413,3.2717,-1.86054,-0.832391,-0.578677,-4.61865,3.82991,1.64422,-0.855665])
3.675803255880398
Max g: 0.0014886758693087034
f_23([0.201816,-0.997027,1.19874,0.760988,0.630782,-0.891806,0.156814,-0.573737,0.729471,-2.37795,2.90239,0.475665,0.0125426,-2.93978,2.8428,3.61526,-0.833494,-1.09036,0.400695,-1.78524,0.867396,-1.60381,0.757795,0.876521,-0.698357,2.02862,-0.857249,0.527022,-2.27139,1.86115,0.831882,0.5782,-1.19553,1.75193,-0.332002,-0.224465,3.27217,-1.86185,-0.832366,-0.578288,-4.61856,3.83068,1.64429,-0.856421])
3.6752069862920105
Max g: 0.0013854726870555743
f_24([0.201865,-0.997031,1.19884,0.760791,0.630817,-0.891539,0.15693,-0.573586,0.729515,-2.37791,2.90232,0.475762,0.0119001,-2.93982,2.84163,3.61543,-0.833455,-1.09038,0.400609,-1.78521,0.867271,-1.6038,0.757765,0.876277,-0.697969,2.02869,-0.857647,0.527029,-2.27113,1.86157,0.831706,0.577769,-1.19506,1.75195,-0.332015,-0.22478,3.27249,-1.86261,-0.832254,-0.577746,-4.61853,3.83152,1.6442,-0.857146])
3.6737163123210412
Max g: 0.0011995195838144829
f_25([0.201703,-0.996959,1.19861,0.760839,0.63075,-0.891596,0.156976,-0.573562,0.729599,-2.37789,2.90232,0.475628,0.0117287,-2.93977,2.84096,3.61542,-0.833437,-1.09038,0.400548,-1.78519,0.867186,-1.60359,0.757572,0.875844,-0.698288,2.02862,-0.857253,0.52703,-2.27139,1.86209,0.831494,0.577725,-1.19542,1.75218,-0.331898,-0.224782,3.27321,-1.86331,-0.832137,-0.577685,-4.61847,3.83171,1.64432,-0.857599])
3.67282190793846
Max g: 0.0012165177391723727
f_26([0.201702,-0.99697,1.19856,0.760694,0.630707,-0.89146,0.157028,-0.573599,0.72967,-2.3779,2.90232,0.475729,0.0117388,-2.94023,2.84133,3.61537,-0.833438,-1.09039,0.400446,-1.78519,0.867104,-1.60335,0.757013,0.875629,-0.699049,2.02919,-0.857243,0.527051,-2.27253,1.86396,0.831354,0.577296,-1.19608,1.75264,-0.331794,-0.224724,3.27332,-1.86411,-0.83203,-0.577213,-4.61843,3.83174,1.6443,-0.857679])
3.6715299904969534
Max g: 0.0011912322774482367
f_27([0.201585,-0.996993,1.19835,0.760764,0.630784,-0.891539,0.15702,-0.573647,0.729984,-2.37798,2.90232,0.475898,0.0116644,-2.94038,2.84156,3.61529,-0.833424,-1.09042,0.400276,-1.78518,0.86693,-1.60477,0.757424,0.875482,-0.698435,2.02855,-0.857052,0.527122,-2.27354,1.86564,0.831074,0.576814,-1.19665,1.75323,-0.331595,-0.224864,3.27357,-1.86575,-0.831201,-0.576777,-4.61815,3.83187,1.64432,-0.858133])
3.672225638350072
Max g: 0.0011301707352449888
f_28([0.20162,-0.997045,1.19858,0.760791,0.630816,-0.891592,0.157048,-0.574288,0.730677,-2.37797,2.90232,0.475923,0.0117542,-2.94037,2.84179,3.61527,-0.833424,-1.09044,0.400091,-1.7852,0.866754,-1.60573,0.757576,0.875037,-0.699118,2.029,-0.857034,0.527171,-2.27535,1.86803,0.83064,0.576481,-1.19711,1.75338,-0.331394,-0.224742,3.27506,-1.86823,-0.830614,-0.576086,-4.61805,3.83202,1.64447,-0.858559])
3.671828125291147
Max g: 0.0009618876599448555
f_29([0.201632,-0.997016,1.19855,0.760794,0.630816,-0.891527,0.157081,-0.574555,0.731081,-2.37796,2.90234,0.475775,0.011847,-2.94025,2.84175,3.61524,-0.833424,-1.09048,0.399961,-1.7852,0.866681,-1.60705,0.75772,0.875001,-0.699083,2.02856,-0.856531,0.527154,-2.27658,1.87009,0.830523,0.575859,-1.19741,1.7536,-0.331276,-0.224785,3.27604,-1.86968,-0.830327,-0.575979,-4.61773,3.8322,1.64459,-0.859143])
3.6716293687616846
Max g: 0.0008852522602740677
f_30([0.201633,-0.997047,1.19865,0.760795,0.630747,-0.891436,0.157125,-0.574563,0.731181,-2.37783,2.90234,0.475659,0.0118024,-2.94023,2.84159,3.61518,-0.833422,-1.09047,0.399805,-1.7852,0.866614,-1.60733,0.757872,0.874735,-0.699276,2.02829,-0.856064,0.527168,-2.2769,1.87117,0.830269,0.575507,-1.19755,1.75374,-0.33124,-0.224837,3.27705,-1.87119,-0.830306,-0.575702,-4.61773,3.8326,1.64476,-0.859665])
3.6715299904969534
{0.2016334048844891,-0.9970469278920095,1.1986457729519222,0.7607947340151571,0.6307473213691489,-0.8914357874161354,0.15712490415400768,-0.5745626820636671,0.7311810998783734,-2.3778294182160526,2.9023420967923848,0.47565945197225956,0.011802402601297775,-2.9402303907176113,2.8415886750730923,3.6151763986452146,-0.8334224802438998,-1.0904724131718257,0.39980538091632445,-1.7852021587586946,0.8666135074520295,-1.6073349384032838,0.7578721175450589,0.8747347376327227,-0.6992758810922598,2.0282879693172196,-0.8560637781160461,0.527168453977208,-2.276895235122571,1.8711692104165056,0.8302692087911925,0.5755066835039645,-1.1975487243952339,1.7537359691532222,-0.33123957137594495,-0.22483670365425118,3.2770468194127673,-1.871187947650417,-0.8303061405340405,-0.5757018894218896,-4.617725988889559,3.832597191626954,1.6447557430468827,-0.8596654647133107}]
Set[{A021,A031,A032,A041,A042,A043,A121,A131,A132,A141,A142,A143,B021,B031,B032,B041,B042,B043,B121,B131,B132,B141,B142,B143,\[Alpha]1,\[Alpha]2,\[Alpha]3,\[Alpha]4,\[Beta]11,\[Beta]12,\[Beta]13,\[Beta]14,\[Beta]21,\[Beta]22,\[Beta]23,\[Beta]24,\[Beta]31,\[Beta]32,\[Beta]33,\[Beta]34,\[Beta]41,\[Beta]42,\[Beta]43,\[Beta]44},{0.2016334048844891,-0.9970469278920095,1.1986457729519222,0.7607947340151571,0.6307473213691489,-0.8914357874161354,0.15712490415400768,-0.5745626820636671,0.7311810998783734,-2.3778294182160526,2.9023420967923848,0.47565945197225956,0.011802402601297775,-2.9402303907176113,2.8415886750730923,3.6151763986452146,-0.8334224802438998,-1.0904724131718257,0.39980538091632445,-1.7852021587586946,0.8666135074520295,-1.6073349384032838,0.7578721175450589,0.8747347376327227,-0.6992758810922598,2.0282879693172196,-0.8560637781160461,0.527168453977208,-2.276895235122571,1.8711692104165056,0.8302692087911925,0.5755066835039645,-1.1975487243952339,1.7537359691532222,-0.33123957137594495,-0.22483670365425118,3.2770468194127673,-1.871187947650417,-0.8303061405340405,-0.5757018894218896,-4.617725988889559,3.832597191626954,1.6447557430468827,-0.8596654647133107}]

Max g: 0.0006795336289854386
f_31([0.201631,-0.997072,1.19868,0.760806,0.630804,-0.891649,0.157213,-0.574707,0.73142,-2.37784,2.90235,0.47555,0.0118134,-2.94019,2.84123,3.61522,-0.833432,-1.09048,0.399727,-1.7852,0.866558,-1.60766,0.75794,0.874468,-0.699759,2.02855,-0.855794,0.527186,-2.27735,1.87191,0.830168,0.575357,-1.19811,1.75432,-0.331045,-0.224927,3.27813,-1.87256,-0.830281,-0.575323,-4.61767,3.83304,1.64471,-0.860106])
3.6701386947907153
Max g: 0.0007990060043547038
f_32([0.201631,-0.997095,1.19885,0.760814,0.630788,-0.891626,0.157437,-0.574911,0.731689,-2.37797,2.90234,0.475652,0.0120031,-2.9401,2.84157,3.61526,-0.833431,-1.09053,0.399532,-1.78519,0.866391,-1.60781,0.758043,0.874177,-0.700414,2.0285,-0.855202,0.527172,-2.27751,1.87277,0.829991,0.574697,-1.19815,1.75464,-0.331029,-0.22529,3.27845,-1.87362,-0.83008,-0.574762,-4.61767,3.83437,1.64456,-0.861383])
3.669542425202328
Max g: 0.0005008307623172987
f_33([0.201634,-0.997097,1.199,0.76083,0.630856,-0.891613,0.157564,-0.574923,0.731867,-2.37785,2.90234,0.475549,0.0119477,-2.94009,2.84158,3.61524,-0.833436,-1.09052,0.399462,-1.78522,0.866345,-1.60792,0.758168,0.873926,-0.700268,2.02789,-0.854936,0.527201,-2.27799,1.87382,0.829862,0.574407,-1.19925,1.75573,-0.330833,-0.225578,3.27829,-1.87373,-0.829829,-0.574666,-4.61753,3.83482,1.64452,-0.861861])
3.6675548599077024
Max g: 0.0006949104225829465
f_34([0.201634,-0.997108,1.19895,0.76083,0.630689,-0.891613,0.157622,-0.574992,0.731974,-2.37782,2.90234,0.47553,0.0119288,-2.94005,2.84134,3.61526,-0.833448,-1.09052,0.399384,-1.78522,0.86619,-1.60804,0.758573,0.873823,-0.700325,2.02674,-0.853616,0.527189,-2.27804,1.87405,0.829687,0.574251,-1.1999,1.75625,-0.330704,-0.22573,3.2782,-1.87404,-0.829712,-0.574497,-4.61724,3.83553,1.64416,-0.862515])
3.6677536164371647
Max g: 0.0006802818274633789
f_35([0.201634,-0.997082,1.1989,0.760827,0.630777,-0.891602,0.157615,-0.575028,0.732258,-2.37781,2.90234,0.475559,0.0118111,-2.94022,2.84132,3.61525,-0.833441,-1.09054,0.399305,-1.78524,0.866032,-1.60793,0.758786,0.873741,-0.700231,2.02682,-0.853741,0.527216,-2.27773,1.87417,0.829548,0.573972,-1.20031,1.75676,-0.330589,-0.225721,3.27771,-1.87413,-0.829538,-0.574062,-4.61716,3.83652,1.64353,-0.863002])
3.6673561033782396
Max g: 0.0006361758457160869
f_36([0.20163,-0.997106,1.199,0.76083,0.630791,-0.891628,0.157726,-0.574943,0.732338,-2.37795,2.90234,0.475634,0.0118898,-2.94006,2.84134,3.61525,-0.83344,-1.09056,0.399193,-1.7851,0.865761,-1.60804,0.759122,0.873737,-0.700268,2.02669,-0.853533,0.527239,-2.27726,1.87421,0.829417,0.573648,-1.20097,1.75738,-0.330587,-0.225842,3.27795,-1.87471,-0.829555,-0.573734,-4.61731,3.83798,1.64323,-0.863913])
3.665964807672002
Max g: 0.0004984121914837767
f_37([0.201625,-0.997125,1.19884,0.760829,0.630761,-0.891633,0.157816,-0.574887,0.732356,-2.37784,2.90234,0.475528,0.0117347,-2.94024,2.84112,3.61524,-0.833439,-1.09055,0.39913,-1.78509,0.865671,-1.60824,0.759397,0.873654,-0.700295,2.0261,-0.853052,0.527252,-2.27731,1.87439,0.829332,0.573598,-1.20141,1.75796,-0.330524,-0.22611,3.27787,-1.87493,-0.829387,-0.573503,-4.61734,3.83867,1.64311,-0.864421])
3.6641759989068388
Max g: 0.000509529486837509
f_38([0.201624,-0.997117,1.19884,0.760829,0.630759,-0.891622,0.157899,-0.574858,0.732471,-2.37779,2.90234,0.475486,0.0117329,-2.94021,2.84096,3.61525,-0.833439,-1.09053,0.39906,-1.78504,0.86553,-1.60851,0.759757,0.873628,-0.700278,2.02557,-0.852392,0.527202,-2.27714,1.87464,0.829251,0.573121,-1.20184,1.75843,-0.330495,-0.226078,3.27779,-1.87515,-0.829324,-0.573225,-4.61703,3.83936,1.64288,-0.865226])
3.6636791075831825
Max g: 0.0004542586749586897
f_39([0.201624,-0.997031,1.19871,0.76083,0.630796,-0.891623,0.157972,-0.574847,0.732535,-2.37777,2.90234,0.475411,0.0117348,-2.94024,2.84101,3.61523,-0.833439,-1.09052,0.398999,-1.78496,0.865349,-1.60888,0.760151,0.87359,-0.700301,2.02491,-0.851937,0.527243,-2.27709,1.87506,0.829092,0.572916,-1.20211,1.75871,-0.330393,-0.226205,3.27744,-1.87519,-0.829179,-0.573037,-4.61691,3.83985,1.64265,-0.865607])
3.6629834597300635
Max g: 0.0004359179692244226
f_40([0.201634,-0.997004,1.19884,0.760831,0.630804,-0.891622,0.158009,-0.574863,0.732624,-2.37774,2.90234,0.475393,0.011767,-2.9402,2.84097,3.61523,-0.833439,-1.09054,0.398948,-1.78501,0.865372,-1.60876,0.760275,0.873518,-0.700316,2.02477,-0.851677,0.527232,-2.27715,1.87517,0.829146,0.572807,-1.20241,1.75912,-0.330334,-0.226332,3.27743,-1.87527,-0.829177,-0.572953,-4.6172,3.84066,1.64249,-0.865978])
3.662089055347482
{0.20163410699831488,-0.9970042263153319,1.1988398472970765,0.7608305353763162,0.6308041606153113,-0.8916221960568079,0.15800947787884428,-0.5748633570148038,0.732623559882908,-2.377744563850604,2.9023412791954715,0.47539346383587655,0.011767012279363743,-2.940197947396052,2.8409676939522193,3.6152278099916795,-0.8334393310847374,-1.0905360693014752,0.39894766991525976,-1.7850100759331835,0.86537194369143,-1.6087598746909182,0.7602746151671896,0.8735177236762324,-0.7003156476962565,2.0247673460067954,-0.8516767949351126,0.5272317627963248,-2.277145319167235,1.8751702888756228,0.8291455494003224,0.5728066442847154,-1.2024071066596491,1.759115042933769,-0.3303341414014524,-0.2263323248031438,3.277431120860692,-1.8752745314372794,-0.8291765732909181,-0.5729529768376903,-4.617200211751218,3.8406578173078514,1.6424934976177037,-0.8659778929197697}]
Set[{A021,A031,A032,A041,A042,A043,A121,A131,A132,A141,A142,A143,B021,B031,B032,B041,B042,B043,B121,B131,B132,B141,B142,B143,\[Alpha]1,\[Alpha]2,\[Alpha]3,\[Alpha]4,\[Beta]11,\[Beta]12,\[Beta]13,\[Beta]14,\[Beta]21,\[Beta]22,\[Beta]23,\[Beta]24,\[Beta]31,\[Beta]32,\[Beta]33,\[Beta]34,\[Beta]41,\[Beta]42,\[Beta]43,\[Beta]44},{0.20163410699831488,-0.9970042263153319,1.1988398472970765,0.7608305353763162,0.6308041606153113,-0.8916221960568079,0.15800947787884428,-0.5748633570148038,0.732623559882908,-2.377744563850604,2.9023412791954715,0.47539346383587655,0.011767012279363743,-2.940197947396052,2.8409676939522193,3.6152278099916795,-0.8334393310847374,-1.0905360693014752,0.39894766991525976,-1.7850100759331835,0.86537194369143,-1.6087598746909182,0.7602746151671896,0.8735177236762324,-0.7003156476962565,2.0247673460067954,-0.8516767949351126,0.5272317627963248,-2.277145319167235,1.8751702888756228,0.8291455494003224,0.5728066442847154,-1.2024071066596491,1.759115042933769,-0.3303341414014524,-0.2263323248031438,3.277431120860692,-1.8752745314372794,-0.8291765732909181,-0.5729529768376903,-4.617200211751218,3.8406578173078514,1.6424934976177037,-0.8659778929197697}]

Max g: 0.00046268188683102224
f_41([0.20163,-0.996994,1.19885,0.76083,0.6308,-0.891623,0.158045,-0.574865,0.732728,-2.37775,2.90234,0.475391,0.0118455,-2.94017,2.84109,3.61523,-0.833439,-1.09058,0.398882,-1.78503,0.865285,-1.60871,0.76063,0.87342,-0.700371,2.02445,-0.85126,0.527242,-2.27727,1.87543,0.829124,0.572636,-1.2028,1.7596,-0.330361,-0.226352,3.27708,-1.87525,-0.829041,-0.572838,-4.61745,3.84172,1.64228,-0.866477])
3.661691542288557
Max g: 0.0003595397234785612
f_42([0.201634,-0.996992,1.19879,0.76083,0.630742,-0.891622,0.15811,-0.574842,0.732742,-2.37782,2.90234,0.475379,0.0118346,-2.94033,2.84123,3.61523,-0.833439,-1.0905,0.398828,-1.78505,0.865241,-1.60875,0.760825,0.873297,-0.700342,2.02435,-0.851232,0.527236,-2.27715,1.87545,0.829044,0.57263,-1.20317,1.75998,-0.330336,-0.226525,3.27694,-1.87526,-0.829023,-0.572716,-4.61756,3.84233,1.64219,-0.866946])
3.6604990031117817
Max g: 0.00032105788002524774
f_43([0.201627,-0.997012,1.19881,0.760831,0.630792,-0.891622,0.158171,-0.574828,0.732777,-2.37795,2.90234,0.475533,0.0118239,-2.94035,2.84122,3.61523,-0.833439,-1.09053,0.398798,-1.78506,0.865208,-1.60874,0.760886,0.873282,-0.700294,2.02413,-0.851069,0.527238,-2.27703,1.87552,0.828994,0.572467,-1.20315,1.76012,-0.330305,-0.226639,3.27665,-1.87528,-0.828938,-0.572464,-4.61753,3.84278,1.64205,-0.867247])
3.6604990031117817
Max g: 0.00030521854903301513
f_44([0.201624,-0.997059,1.19887,0.760831,0.630804,-0.891627,0.158222,-0.574824,0.732859,-2.37795,2.90234,0.475636,0.0118274,-2.94039,2.84127,3.61523,-0.833439,-1.09055,0.398756,-1.78511,0.865163,-1.60875,0.76103,0.873246,-0.700326,2.02412,-0.851053,0.527251,-2.27671,1.87552,0.828851,0.572235,-1.20343,1.76033,-0.330249,-0.226651,3.27635,-1.87528,-0.82881,-0.572287,-4.61749,3.84327,1.64176,-0.867501])
3.6599027335233942
Max g: 0.00026264214478085543
f_45([0.201624,-0.997022,1.19877,0.760831,0.630757,-0.891609,0.158286,-0.574816,0.732906,-2.37798,2.90234,0.475654,0.0118705,-2.94044,2.84139,3.61523,-0.833439,-1.09055,0.398724,-1.7851,0.865081,-1.60874,0.7612,0.87322,-0.700299,2.02407,-0.85105,0.527248,-2.27648,1.87552,0.828795,0.572085,-1.20357,1.76057,-0.330226,-0.226779,3.27608,-1.87526,-0.828729,-0.572151,-4.61731,3.84361,1.64159,-0.867891])
3.6593064639350064
Max g: 0.0002325298888996708
f_46([0.201622,-0.997018,1.19879,0.76083,0.630759,-0.891604,0.158319,-0.574848,0.733029,-2.378,2.90234,0.47567,0.0119103,-2.94039,2.84142,3.61523,-0.83344,-1.09059,0.398696,-1.78507,0.865007,-1.60872,0.761306,0.873163,-0.700335,2.02416,-0.851073,0.527246,-2.2763,1.87548,0.828793,0.571975,-1.20385,1.76079,-0.330195,-0.226822,3.27596,-1.87526,-0.828704,-0.572006,-4.61722,3.84397,1.64147,-0.868169])
3.658511437817156
Max g: 0.00022448827850579943
f_47([0.201632,-0.997018,1.19884,0.76083,0.630759,-0.891592,0.158351,-0.574846,0.733082,-2.37804,2.90234,0.475714,0.0119081,-2.94037,2.84147,3.61523,-0.83344,-1.09058,0.398668,-1.78505,0.864938,-1.60872,0.761411,0.873144,-0.700342,2.02418,-0.851068,0.527248,-2.27625,1.8756,0.828737,0.571871,-1.20406,1.76109,-0.33016,-0.226849,3.27583,-1.87527,-0.82867,-0.571903,-4.61718,3.84432,1.64131,-0.868445])
3.658113924758231
Max g: 0.00023366996063120803
f_48([0.201629,-0.997158,1.19897,0.760828,0.630753,-0.891582,0.158395,-0.574823,0.733085,-2.378,2.90234,0.475684,0.0119485,-2.94034,2.84148,3.61523,-0.833437,-1.09059,0.398632,-1.78507,0.864913,-1.60872,0.761579,0.873136,-0.700405,2.02418,-0.85103,0.527248,-2.27617,1.87562,0.828727,0.571755,-1.20415,1.76122,-0.330164,-0.226922,3.27572,-1.87529,-0.828659,-0.571779,-4.61736,3.84488,1.64115,-0.868689])
3.6579151682287687
Max g: 0.00017281136400654315
f_49([0.201629,-0.997248,1.19903,0.760827,0.63076,-0.891605,0.158415,-0.574852,0.733139,-2.37809,2.90234,0.47575,0.0119303,-2.94038,2.84145,3.61523,-0.833438,-1.0906,0.398612,-1.78504,0.864855,-1.60869,0.761683,0.873109,-0.70038,2.02412,-0.850974,0.52725,-2.27604,1.87561,0.828702,0.5717,-1.20426,1.76137,-0.330135,-0.226979,3.27565,-1.87528,-0.828629,-0.57172,-4.61749,3.84527,1.64109,-0.868892])
3.657716411699306
Max g: 0.00017537506499165918
f_50([0.201619,-0.997388,1.19916,0.760826,0.630754,-0.891596,0.158429,-0.574777,0.733134,-2.37817,2.90234,0.475807,0.0119316,-2.94036,2.84146,3.61523,-0.833437,-1.09059,0.398592,-1.78501,0.864789,-1.60871,0.761783,0.873091,-0.700421,2.02413,-0.850957,0.527251,-2.27587,1.87561,0.828643,0.571627,-1.20438,1.76146,-0.33013,-0.226954,3.27555,-1.87528,-0.828589,-0.571654,-4.61749,3.84558,1.641,-0.869086])
3.6575176551698436
{0.20161921501364102,-0.9973882243488452,1.1991607886545026,0.7608262792142557,0.6307539406759921,-0.8915956824719418,0.1584289059837374,-0.5747772651793099,0.733134138644314,-2.378173637089182,2.9023417070117126,0.4758074697345725,0.011931561334683101,-2.940355872029939,2.8414615412292257,3.6152279832563914,-0.8334374377822656,-1.0905905992453613,0.3985923575827906,-1.7850112762047976,0.8647890221109498,-1.6087136415206218,0.7617828642934196,0.8730908404478669,-0.7004214052529149,2.0241346190805416,-0.8509567627655517,0.5272506530369878,-2.275871013526887,1.875606977331481,0.8286432529301913,0.5716268089547536,-1.2043838446815414,1.7614633774648947,-0.3301303051810424,-0.2269538037456104,3.2755457815839057,-1.8752833171038394,-0.8285890432033414,-0.5716542916711904,-4.617488214386571,3.845576256008819,1.6410029381536684,-0.8690856198862335}]
Set[{A021,A031,A032,A041,A042,A043,A121,A131,A132,A141,A142,A143,B021,B031,B032,B041,B042,B043,B121,B131,B132,B141,B142,B143,\[Alpha]1,\[Alpha]2,\[Alpha]3,\[Alpha]4,\[Beta]11,\[Beta]12,\[Beta]13,\[Beta]14,\[Beta]21,\[Beta]22,\[Beta]23,\[Beta]24,\[Beta]31,\[Beta]32,\[Beta]33,\[Beta]34,\[Beta]41,\[Beta]42,\[Beta]43,\[Beta]44},{0.20161921501364102,-0.9973882243488452,1.1991607886545026,0.7608262792142557,0.6307539406759921,-0.8915956824719418,0.1584289059837374,-0.5747772651793099,0.733134138644314,-2.378173637089182,2.9023417070117126,0.4758074697345725,0.011931561334683101,-2.940355872029939,2.8414615412292257,3.6152279832563914,-0.8334374377822656,-1.0905905992453613,0.3985923575827906,-1.7850112762047976,0.8647890221109498,-1.6087136415206218,0.7617828642934196,0.8730908404478669,-0.7004214052529149,2.0241346190805416,-0.8509567627655517,0.5272506530369878,-2.275871013526887,1.875606977331481,0.8286432529301913,0.5716268089547536,-1.2043838446815414,1.7614633774648947,-0.3301303051810424,-0.2269538037456104,3.2755457815839057,-1.8752833171038394,-0.8285890432033414,-0.5716542916711904,-4.617488214386571,3.845576256008819,1.6410029381536684,-0.8690856198862335}]

Max g: 0.0001413940313434662
f_51([0.201598,-0.997575,1.19935,0.760828,0.630759,-0.891599,0.158466,-0.574743,0.733131,-2.37821,2.90234,0.475871,0.0119376,-2.94041,2.84152,3.61523,-0.833438,-1.09058,0.398578,-1.785,0.864761,-1.60873,0.761864,0.873063,-0.700422,2.02413,-0.85095,0.52725,-2.27574,1.8756,0.828616,0.571522,-1.20442,1.76154,-0.330124,-0.22699,3.27545,-1.8753,-0.828569,-0.571585,-4.6174,3.84576,1.64094,-0.869292])
3.657617033434575
Max g: 0.00012506514199049103
f_52([0.201592,-0.997671,1.19943,0.760835,0.63076,-0.891589,0.15848,-0.574707,0.733132,-2.37822,2.90234,0.475891,0.011913,-2.94048,2.84152,3.61523,-0.833439,-1.09059,0.398564,-1.785,0.864732,-1.60875,0.76193,0.87306,-0.700426,2.02414,-0.850941,0.527251,-2.27565,1.87556,0.828583,0.571484,-1.2045,1.76162,-0.330111,-0.227005,3.27538,-1.87534,-0.828538,-0.571504,-4.61734,3.84589,1.64085,-0.869406])
3.657418276905112
Max g: 0.00011177722565866661
f_53([0.201611,-0.997656,1.19945,0.760834,0.63076,-0.891592,0.1585,-0.574689,0.733132,-2.37828,2.90234,0.475939,0.0118987,-2.94051,2.84154,3.61525,-0.833438,-1.0906,0.398547,-1.78501,0.864712,-1.60875,0.761992,0.873054,-0.700433,2.02416,-0.850971,0.527249,-2.27556,1.87557,0.82856,0.571424,-1.20463,1.76174,-0.330099,-0.227019,3.27536,-1.87539,-0.828531,-0.571459,-4.61732,3.8461,1.64078,-0.869549])
3.6572195203756497
Max g: 0.00010116066601335177
f_54([0.20165,-0.997683,1.19955,0.760818,0.63076,-0.891587,0.158515,-0.574648,0.733119,-2.37833,2.90234,0.475994,0.0118743,-2.94055,2.84153,3.61524,-0.833438,-1.09058,0.398539,-1.78499,0.864663,-1.60876,0.762026,0.873009,-0.700464,2.02417,-0.850939,0.52725,-2.27548,1.87558,0.828512,0.57137,-1.20469,1.76182,-0.330078,-0.227036,3.2753,-1.87543,-0.828477,-0.571388,-4.61722,3.84614,1.64074,-0.869655])
3.6572195203756497
Max g: 0.00010303038686248632
f_55([0.20163,-0.997586,1.1994,0.760818,0.630761,-0.89159,0.158529,-0.574674,0.733155,-2.37828,2.90234,0.475952,0.0119049,-2.9405,2.84154,3.61523,-0.833434,-1.09056,0.398525,-1.785,0.864661,-1.60877,0.762028,0.872978,-0.700412,2.02411,-0.850943,0.527247,-2.27547,1.8756,0.828494,0.571336,-1.20473,1.76187,-0.330081,-0.227061,3.27536,-1.87555,-0.828448,-0.571355,-4.61722,3.84625,1.64071,-0.869738])
3.6572195203756497
Max g: 8.0699075142505e-5
f_56([0.201625,-0.997585,1.19941,0.760827,0.63076,-0.891589,0.158542,-0.574667,0.733148,-2.37832,2.90234,0.475974,0.0118787,-2.94054,2.84154,3.61523,-0.833435,-1.09058,0.398514,-1.78502,0.864657,-1.60876,0.762042,0.87296,-0.700447,2.02412,-0.85093,0.527248,-2.27539,1.87563,0.828441,0.571317,-1.20481,1.76198,-0.330059,-0.227127,3.27542,-1.87565,-0.828441,-0.571316,-4.61722,3.84634,1.64067,-0.869796])
3.6569213855814557
Max g: 8.940516455298693e-5
f_57([0.201644,-0.997585,1.19945,0.760832,0.63076,-0.891589,0.15856,-0.574669,0.733165,-2.37831,2.90234,0.475981,0.0118856,-2.94053,2.84153,3.61524,-0.833434,-1.09059,0.398502,-1.78501,0.864644,-1.60875,0.762061,0.872938,-0.700442,2.02414,-0.850945,0.527249,-2.27538,1.87568,0.82843,0.571273,-1.20485,1.76207,-0.33005,-0.227169,3.27543,-1.8757,-0.828443,-0.571274,-4.61721,3.84647,1.64064,-0.869898])
3.6568220073167246
Max g: 8.776556689108853e-5
f_58([0.201655,-0.997546,1.19944,0.760833,0.630757,-0.891589,0.158569,-0.574671,0.733187,-2.37833,2.90234,0.475994,0.011898,-2.94051,2.84154,3.61525,-0.833435,-1.0906,0.398484,-1.78501,0.864625,-1.60874,0.762078,0.872904,-0.700432,2.02413,-0.85094,0.52725,-2.27542,1.87575,0.828424,0.571235,-1.20492,1.76214,-0.330041,-0.227203,3.27545,-1.8758,-0.828427,-0.571228,-4.61723,3.84662,1.64062,-0.870002])
3.6568220073167246
Max g: 7.310662798168903e-5
f_59([0.201689,-0.997552,1.19952,0.760831,0.630756,-0.891589,0.158579,-0.574672,0.7332,-2.37836,2.90234,0.476013,0.0118814,-2.94055,2.84153,3.61524,-0.833434,-1.09058,0.398475,-1.78502,0.864621,-1.60874,0.7621,0.872885,-0.70044,2.02415,-0.850961,0.52725,-2.27546,1.87582,0.828425,0.571207,-1.20493,1.76218,-0.330032,-0.227211,3.27546,-1.87586,-0.828417,-0.571185,-4.61722,3.84673,1.64059,-0.870077])
3.6567226290519934
Max g: 6.682380078253743e-5
f_60([0.201718,-0.997468,1.19952,0.760834,0.630753,-0.891588,0.158596,-0.57467,0.733209,-2.37835,2.90234,0.476001,0.0118872,-2.94054,2.84155,3.61523,-0.833434,-1.09059,0.398468,-1.78501,0.864598,-1.60874,0.76212,0.872873,-0.700442,2.02418,-0.850981,0.527252,-2.27545,1.87586,0.828404,0.571165,-1.20495,1.76223,-0.330027,-0.227235,3.2754,-1.87585,-0.828387,-0.571165,-4.61721,3.84682,1.64056,-0.870161])
3.656623250787262
{0.20171799574101462,-0.9974675089173687,1.199518889504968,0.7608341102552367,0.6307534828723768,-0.8915884390545308,0.15859553480198005,-0.5746699321396369,0.7332087650846689,-2.378352371538267,2.9023424022205084,0.4760008568260129,0.011887230058278634,-2.940536626972996,2.8415519618600307,3.6152331427062014,-0.8334344318577064,-1.0905862125595496,0.39846797443516335,-1.7850102442605007,0.8645983038880284,-1.6087434435490715,0.762120278868555,0.8728733816918411,-0.7004424256516452,2.0241808371953414,-0.8509814034020451,0.5272524397899154,-2.2754457676394533,1.8758638142244592,0.8284042824378407,0.5711652330125903,-1.2049520341298054,1.7622329900018225,-0.3300274853942992,-0.22723481728272196,3.2753997159708432,-1.8758546656747637,-0.8283870075612574,-0.571165065420787,-4.6172140669951585,3.846815008709703,1.6405643954015552,-0.8701611821416996}]
Set[{A021,A031,A032,A041,A042,A043,A121,A131,A132,A141,A142,A143,B021,B031,B032,B041,B042,B043,B121,B131,B132,B141,B142,B143,\[Alpha]1,\[Alpha]2,\[Alpha]3,\[Alpha]4,\[Beta]11,\[Beta]12,\[Beta]13,\[Beta]14,\[Beta]21,\[Beta]22,\[Beta]23,\[Beta]24,\[Beta]31,\[Beta]32,\[Beta]33,\[Beta]34,\[Beta]41,\[Beta]42,\[Beta]43,\[Beta]44},{0.20171799574101462,-0.9974675089173687,1.199518889504968,0.7608341102552367,0.6307534828723768,-0.8915884390545308,0.15859553480198005,-0.5746699321396369,0.7332087650846689,-2.378352371538267,2.9023424022205084,0.4760008568260129,0.011887230058278634,-2.940536626972996,2.8415519618600307,3.6152331427062014,-0.8334344318577064,-1.0905862125595496,0.39846797443516335,-1.7850102442605007,0.8645983038880284,-1.6087434435490715,0.762120278868555,0.8728733816918411,-0.7004424256516452,2.0241808371953414,-0.8509814034020451,0.5272524397899154,-2.2754457676394533,1.8758638142244592,0.8284042824378407,0.5711652330125903,-1.2049520341298054,1.7622329900018225,-0.3300274853942992,-0.22723481728272196,3.2753997159708432,-1.8758546656747637,-0.8283870075612574,-0.571165065420787,-4.6172140669951585,3.846815008709703,1.6405643954015552,-0.8701611821416996}]

Max g: 5.953349875979696e-5
f_61([0.201728,-0.997501,1.19956,0.760831,0.630753,-0.891588,0.158612,-0.57467,0.733217,-2.37836,2.90234,0.476009,0.0118967,-2.94054,2.84156,3.61525,-0.833434,-1.0906,0.398457,-1.785,0.864576,-1.60875,0.762166,0.872847,-0.700442,2.02416,-0.850966,0.52725,-2.27542,1.87588,0.828396,0.571139,-1.20502,1.76231,-0.330025,-0.227259,3.27535,-1.87584,-0.828381,-0.571127,-4.61719,3.84692,1.64053,-0.870261])
3.656623250787262
Max g: 5.032450336057799e-5
f_62([0.201739,-0.997453,1.19954,0.76083,0.630758,-0.891588,0.158613,-0.57467,0.733237,-2.37837,2.90234,0.47602,0.0118893,-2.94056,2.84155,3.61525,-0.833433,-1.09059,0.39845,-1.785,0.864563,-1.60875,0.762211,0.872833,-0.700441,2.02418,-0.850978,0.527248,-2.27539,1.87588,0.828373,0.571118,-1.20512,1.76238,-0.330004,-0.227268,3.27533,-1.87585,-0.828363,-0.57112,-4.61718,3.847,1.6405,-0.870315])
3.656623250787262
Max g: 6.306293484637681e-5
f_63([0.20173,-0.997454,1.19953,0.760831,0.630763,-0.891588,0.158619,-0.574669,0.733249,-2.37837,2.90234,0.47602,0.0118887,-2.94055,2.84156,3.61525,-0.833433,-1.0906,0.398442,-1.785,0.864553,-1.60874,0.76223,0.872824,-0.70044,2.02422,-0.85102,0.527247,-2.27537,1.87588,0.828374,0.571095,-1.20513,1.76242,-0.330004,-0.227274,3.27532,-1.87588,-0.828359,-0.571084,-4.61719,3.8471,1.64046,-0.870367])
3.6565238725225306
Max g: 5.049226395230084e-5
f_64([0.201709,-0.997523,1.19954,0.760827,0.630763,-0.891588,0.158626,-0.574669,0.733264,-2.37837,2.90234,0.476028,0.0118862,-2.94055,2.84156,3.61525,-0.833433,-1.09059,0.398435,-1.785,0.864543,-1.60872,0.762232,0.872805,-0.700444,2.02424,-0.851038,0.527248,-2.27531,1.87588,0.828363,0.57107,-1.20516,1.76245,-0.330006,-0.227283,3.2753,-1.87589,-0.828347,-0.571061,-4.61719,3.84717,1.64044,-0.870419])
3.6561263594636055
Max g: 3.713427098066708e-5
f_65([0.201692,-0.99755,1.19953,0.760826,0.630761,-0.891588,0.158633,-0.574669,0.73327,-2.37837,2.90234,0.476031,0.0118869,-2.94055,2.84157,3.61525,-0.833438,-1.09059,0.39843,-1.785,0.864533,-1.60873,0.762264,0.872804,-0.70044,2.02422,-0.851035,0.527249,-2.27526,1.87588,0.828336,0.571044,-1.20519,1.76249,-0.330001,-0.227299,3.27529,-1.87591,-0.828337,-0.571036,-4.6172,3.84726,1.64041,-0.870468])
3.655927602934143
Max g: 3.4792658941039416e-5
{0.2016995209364473,-0.9975454411010563,1.1995420485672748,0.7608242088840198,0.630763422966029,-0.8915875423807822,0.15863550985279162,-0.574669522134174,0.733270764945973,-2.378373007162366,2.9023420965697215,0.47603251689017195,0.011888250042466702,-2.9405544714413043,2.8415615470864526,3.615249868242244,-0.83343533715134,-1.090594365298537,0.39842995626911004,-1.7850015582411651,0.8645310986686626,-1.6087320404828944,0.7622629866174654,0.8728065629304191,-0.70043896103537,2.0242215799067727,-0.8510272128434405,0.527248769294372,-2.2752606338867247,1.8758810263354804,0.8283334781460623,0.5710424242821663,-1.2051885575181422,1.7624921315255548,-0.33000066441635223,-0.22730375561951296,3.275295632153905,-1.8759162751645004,-0.8283378840971128,-0.5710323801990215,-4.617195154791668,3.847265418035435,1.640404236578385,-0.8704731783743038}]
Set[{A021,A031,A032,A041,A042,A043,A121,A131,A132,A141,A142,A143,B021,B031,B032,B041,B042,B043,B121,B131,B132,B141,B142,B143,\[Alpha]1,\[Alpha]2,\[Alpha]3,\[Alpha]4,\[Beta]11,\[Beta]12,\[Beta]13,\[Beta]14,\[Beta]21,\[Beta]22,\[Beta]23,\[Beta]24,\[Beta]31,\[Beta]32,\[Beta]33,\[Beta]34,\[Beta]41,\[Beta]42,\[Beta]43,\[Beta]44},{0.2016995209364473,-0.9975454411010563,1.1995420485672748,0.7608242088840198,0.630763422966029,-0.8915875423807822,0.15863550985279162,-0.574669522134174,0.733270764945973,-2.378373007162366,2.9023420965697215,0.47603251689017195,0.011888250042466702,-2.9405544714413043,2.8415615470864526,3.615249868242244,-0.83343533715134,-1.090594365298537,0.39842995626911004,-1.7850015582411651,0.8645310986686626,-1.6087320404828944,0.7622629866174654,0.8728065629304191,-0.70043896103537,2.0242215799067727,-0.8510272128434405,0.527248769294372,-2.2752606338867247,1.8758810263354804,0.8283334781460623,0.5710424242821663,-1.2051885575181422,1.7624921315255548,-0.33000066441635223,-0.22730375561951296,3.275295632153905,-1.8759162751645004,-0.8283378840971128,-0.5710323801990215,-4.617195154791668,3.847265418035435,1.640404236578385,-0.8704731783743038}]


-----------------Final Result------------------
Options: alg=GN_ISRES,dx=0.01,max_eval=100000000,popSize=0
imin=-1,jmin=-4,imax=1,jmax=4,
parameter_minmax=5,
randSeed=61131614,rand_minmax=1,
END_C=true, INEQ_C=true

6508567 steps

Completed with maxf : 3.655927602934143

Constraints at 3.3362326573289946e-5

x = [0.2016995209364473,-0.9975454411010563,1.1995420485672748,0.7608242088840198,0.630763422966029,-0.8915875423807822,0.15863550985279162,-0.574669522134174,0.733270764945973,-2.378373007162366,2.9023420965697215,0.47603251689017195,0.011888250042466702,-2.9405544714413043,2.8415615470864526,3.615249868242244,-0.83343533715134,-1.090594365298537,0.39842995626911004,-1.7850015582411651,0.8645310986686626,-1.6087320404828944,0.7622629866174654,0.8728065629304191,-0.70043896103537,2.0242215799067727,-0.8510272128434405,0.527248769294372,-2.2752606338867247,1.8758810263354804,0.8283334781460623,0.5710424242821663,-1.2051885575181422,1.7624921315255548,-0.33000066441635223,-0.22730375561951296,3.275295632153905,-1.8759162751645004,-0.8283378840971128,-0.5710323801990215,-4.617195154791668,3.847265418035435,1.640404236578385,-0.8704731783743038]
c0 = [0.0,0.2016995209364473,0.2019966074662185,0.5000000894692667]
c1 = [0.0,0.15863550985279162,0.158601242811799,1.0000016062975274]
A0 = [0.0,0.2016995209364473,-0.9975454411010563,0.7608242088840198,0.0,0.0,1.1995420485672748,0.630763422966029,0.0,0.0,0.0,-0.8915875423807822,0.0,0.0,0.0,0.0]
A1 = [0.0,0.15863550985279162,-0.574669522134174,-2.378373007162366,0.0,0.0,0.733270764945973,2.9023420965697215,0.0,0.0,0.0,0.47603251689017195,0.0,0.0,0.0,0.0]
B0 = [0.0,0.011888250042466702,-2.9405544714413043,3.615249868242244,0.0,0.0,2.8415615470864526,-0.83343533715134,0.0,0.0,0.0,-1.090594365298537,0.0,0.0,0.0,0.0]
B1 = [0.0,0.39842995626911004,-1.7850015582411651,-1.6087320404828944,0.0,0.0,0.8645310986686626,0.7622629866174654,0.0,0.0,0.0,0.8728065629304191,0.0,0.0,0.0,0.0]
α  = [-0.70043896103537,2.0242215799067727,-0.8510272128434405,0.527248769294372]
β1 = [-2.2752606338867247,1.8758810263354804,0.8283334781460623,0.5710424242821663]
β2 = [-1.2051885575181422,1.7624921315255548,-0.33000066441635223,-0.22730375561951296]
β3 = [3.275295632153905,-1.8759162751645004,-0.8283378840971128,-0.5710323801990215]
β4 = [-4.617195154791668,3.847265418035435,1.640404236578385,-0.8704731783743038]


Set[{A021,A031,A032,A041,A042,A043,A121,A131,A132,A141,A142,A143,B021,B031,B032,B041,B042,B043,B121,B131,B132,B141,B142,B143,\[Alpha]1,\[Alpha]2,\[Alpha]3,\[Alpha]4,\[Beta]11,\[Beta]12,\[Beta]13,\[Beta]14,\[Beta]21,\[Beta]22,\[Beta]23,\[Beta]24,\[Beta]31,\[Beta]32,\[Beta]33,\[Beta]34,\[Beta]41,\[Beta]42,\[Beta]43,\[Beta]44},{0.2016995209364473,-0.9975454411010563,1.1995420485672748,0.7608242088840198,0.630763422966029,-0.8915875423807822,0.15863550985279162,-0.574669522134174,0.733270764945973,-2.378373007162366,2.9023420965697215,0.47603251689017195,0.011888250042466702,-2.9405544714413043,2.8415615470864526,3.615249868242244,-0.83343533715134,-1.090594365298537,0.39842995626911004,-1.7850015582411651,0.8645310986686626,-1.6087320404828944,0.7622629866174654,0.8728065629304191,-0.70043896103537,2.0242215799067727,-0.8510272128434405,0.527248769294372,-2.2752606338867247,1.8758810263354804,0.8283334781460623,0.5710424242821663,-1.2051885575181422,1.7624921315255548,-0.33000066441635223,-0.22730375561951296,3.275295632153905,-1.8759162751645004,-0.8283378840971128,-0.5710323801990215,-4.617195154791668,3.847265418035435,1.640404236578385,-0.8704731783743038}]



