
-----------------Setup------------------
Options: alg=LN_AUGLAG_EQ,dx=0.01,max_eval=100000000,popSize=0
imin=-12,jmin=-1,imax=1,jmax=1,
parameter_minmax=5,
randSeed=24690569, rand_minmax=3

Initial Condition:

[1.30414,-2.31346,-0.552165,-2.5554,2.3891,0.625786,1.14781,-0.790266,0.804941,-0.436633,2.4018,-2.56978,1.09022,0.958905,0.773528,0.591565,2.37685,0.254171,2.35587,-1.03783,-2.49493,-2.94763,1.34034,-1.75644,-1.88371,-2.61619,-0.363217,2.68916,0.506642,2.75745,2.78332,-1.6585,-0.760439,-2.50708,-1.80939,-2.49176,0.221902,-1.19296,2.8968,2.53819,-0.500222,-2.40957,-2.2861,0.304489]

f_1([1.91648e-7,-1.5477,2.3179,-2.91062,3.03822,0.0049692,0.0892032,-0.0838741,0.298212,0.309674,3.20895,-2.54083,1.52531,3.31139,0.130381,0.714144,1.74632,-0.351384,0.534556,1.59033,1.12928,-1.97397,0.172214,-3.32,-1.4148,-0.353392,-0.257066,2.67594,-0.495244,1.05164,0.643632,-2.45207,1.22416,-0.514468,-0.680388,-0.663834,-0.573926,-1.85826,1.2889,2.26009,-1.4301,-0.227153,-0.886613,0.702485])
5.966355769193999
Max g: 69.28963861002977
f_2([1.93359e-7,-1.5477,2.3179,-2.91062,3.03822,0.0049692,0.0892032,-0.0838741,0.298212,0.309674,3.20895,-2.54083,1.52531,3.31139,0.130381,0.714144,1.74632,-0.351384,0.534557,1.59033,1.12928,-1.97397,0.172218,-3.32,-1.4148,-0.353392,-0.257066,2.67594,-0.495244,1.05164,0.643632,-2.45206,1.22416,-0.514468,-0.680388,-0.663834,-0.573926,-1.85826,1.2889,2.26009,-1.4301,-0.227153,-0.886613,0.702485])
5.966455195200019
Max g: 69.28939132106932
f_3([1.93371e-7,-1.5477,2.3179,-2.91062,3.03822,0.0049692,0.0892032,-0.0838741,0.298212,0.309674,3.20895,-2.54083,1.52531,3.31139,0.130381,0.714144,1.74632,-0.351384,0.534557,1.59033,1.12928,-1.97397,0.172219,-3.32,-1.4148,-0.353392,-0.257066,2.67594,-0.495244,1.05164,0.643632,-2.45206,1.22416,-0.514468,-0.680388,-0.663833,-0.573926,-1.85826,1.2889,2.26009,-1.4301,-0.227153,-0.886613,0.702485])
5.966455195200019
Max g: 69.28933666498082
f_4([1.93775e-7,-1.5477,2.3179,-2.91062,3.03822,0.0049692,0.0892032,-0.0838741,0.298212,0.309674,3.20895,-2.54083,1.52531,3.31139,0.130381,0.714144,1.74632,-0.351384,0.534557,1.59033,1.12928,-1.97397,0.17222,-3.32,-1.4148,-0.353392,-0.257066,2.67594,-0.495244,1.05164,0.643633,-2.45206,1.22416,-0.514468,-0.680388,-0.663833,-0.573926,-1.85826,1.2889,2.26009,-1.4301,-0.227153,-0.886613,0.702485])
5.966455195200019
Max g: 69.28927298831188
f_5([1.93688e-7,-1.5477,2.3179,-2.91062,3.03822,0.0049692,0.0892032,-0.0838741,0.298212,0.309674,3.20895,-2.54083,1.52531,3.31139,0.130381,0.714144,1.74632,-0.351384,0.534557,1.59033,1.12928,-1.97397,0.17222,-3.32,-1.4148,-0.353392,-0.257066,2.67594,-0.495244,1.05164,0.643633,-2.45206,1.22416,-0.514468,-0.680388,-0.663833,-0.573926,-1.85826,1.2889,2.26009,-1.4301,-0.227153,-0.886613,0.702485])
5.966455195200019
Max g: 69.28925505263993
f_6([1.93791e-7,-1.5477,2.3179,-2.91062,3.03822,0.0049692,0.0892032,-0.0838741,0.298212,0.309674,3.20895,-2.54083,1.52531,3.31139,0.130381,0.714144,1.74632,-0.351384,0.534557,1.59033,1.12928,-1.97397,0.17222,-3.32,-1.4148,-0.353392,-0.257066,2.67594,-0.495244,1.05164,0.643633,-2.45206,1.22416,-0.514468,-0.680388,-0.663833,-0.573926,-1.85826,1.2889,2.26009,-1.4301,-0.227153,-0.886613,0.702485])
5.966455195200019
Max g: 69.28924858907824
f_7([1.9386e-7,-1.5477,2.3179,-2.91062,3.03822,0.0049692,0.0892032,-0.0838741,0.298212,0.309674,3.20895,-2.54083,1.52531,3.31139,0.130381,0.714144,1.74632,-0.351384,0.534557,1.59033,1.12928,-1.97397,0.17222,-3.31999,-1.4148,-0.353392,-0.257066,2.67594,-0.495244,1.05164,0.643633,-2.45206,1.22416,-0.514468,-0.680388,-0.663833,-0.573926,-1.85826,1.2889,2.26009,-1.4301,-0.227153,-0.886613,0.702485])
5.966455195200019
Max g: 69.28924168449797
f_8([1.93867e-7,-1.5477,2.3179,-2.91062,3.03822,0.0049692,0.0892032,-0.0838741,0.298212,0.309674,3.20895,-2.54083,1.52531,3.31139,0.130381,0.714144,1.74632,-0.351384,0.534557,1.59033,1.12928,-1.97397,0.17222,-3.31999,-1.4148,-0.353392,-0.257066,2.67594,-0.495244,1.05164,0.643633,-2.45206,1.22416,-0.514468,-0.680388,-0.663833,-0.573926,-1.85826,1.2889,2.26009,-1.4301,-0.227153,-0.886613,0.702485])
5.966455195200019
Max g: 69.2892349183108
f_9([1.93907e-7,-1.5477,2.3179,-2.91062,3.03822,0.0049692,0.0892032,-0.0838741,0.298212,0.309674,3.20895,-2.54083,1.52531,3.31139,0.130381,0.714144,1.74632,-0.351384,0.534557,1.59033,1.12928,-1.97397,0.17222,-3.31999,-1.4148,-0.353392,-0.257066,2.67594,-0.495244,1.05164,0.643633,-2.45206,1.22416,-0.514468,-0.680388,-0.663833,-0.573926,-1.85826,1.2889,2.26009,-1.4301,-0.227153,-0.886613,0.702485])
5.966455195200019
Max g: 69.28922796416956
f_10([1.93908e-7,-1.5477,2.3179,-2.91062,3.03822,0.0049692,0.0892032,-0.0838741,0.298212,0.309674,3.20895,-2.54083,1.52531,3.31139,0.130381,0.714144,1.74632,-0.351384,0.534557,1.59033,1.12928,-1.97397,0.172221,-3.31999,-1.4148,-0.353392,-0.257066,2.67594,-0.495244,1.05164,0.643633,-2.45206,1.22416,-0.514468,-0.680388,-0.663833,-0.573926,-1.85826,1.2889,2.26009,-1.4301,-0.227153,-0.886613,0.702485])
5.966455195200019
{1.939083888365852e-7,-1.5476991518696317,2.3179037872358537,-2.9106217848045013,3.0382193268262476,0.004969201143924074,0.08920316832714804,-0.08387409611158819,0.2982120041612669,0.3096736462631614,3.2089504790529126,-2.540827635039914,1.5253135854125175,3.31139020383021,0.13038088033904036,0.7141441629573393,1.7463243527802714,-0.35138397505332114,0.534556774946083,1.590332800440016,1.1292790080270199,-1.9739671883255836,0.17222054770634074,-3.319994646215494,-1.4148048026164788,-0.3533918420339053,-0.2570663086420381,2.675936751725141,-0.4952441698746824,1.051639869714007,0.6436325722977715,-2.452063097160814,1.2241633265635978,-0.5144681080535701,-0.6803876692390824,-0.6638330507864676,-0.573926428342792,-1.8582578079288627,1.2888997808614553,2.2600875705310757,-1.4301016621889422,-0.22715293965153158,-0.8866133407202033,0.7024846755304143}]
Set[{A021,A031,A032,A041,A042,A043,A121,A131,A132,A141,A142,A143,B021,B031,B032,B041,B042,B043,B121,B131,B132,B141,B142,B143,\[Alpha]1,\[Alpha]2,\[Alpha]3,\[Alpha]4,\[Beta]11,\[Beta]12,\[Beta]13,\[Beta]14,\[Beta]21,\[Beta]22,\[Beta]23,\[Beta]24,\[Beta]31,\[Beta]32,\[Beta]33,\[Beta]34,\[Beta]41,\[Beta]42,\[Beta]43,\[Beta]44},{1.939083888365852e-7,-1.5476991518696317,2.3179037872358537,-2.9106217848045013,3.0382193268262476,0.004969201143924074,0.08920316832714804,-0.08387409611158819,0.2982120041612669,0.3096736462631614,3.2089504790529126,-2.540827635039914,1.5253135854125175,3.31139020383021,0.13038088033904036,0.7141441629573393,1.7463243527802714,-0.35138397505332114,0.534556774946083,1.590332800440016,1.1292790080270199,-1.9739671883255836,0.17222054770634074,-3.319994646215494,-1.4148048026164788,-0.3533918420339053,-0.2570663086420381,2.675936751725141,-0.4952441698746824,1.051639869714007,0.6436325722977715,-2.452063097160814,1.2241633265635978,-0.5144681080535701,-0.6803876692390824,-0.6638330507864676,-0.573926428342792,-1.8582578079288627,1.2888997808614553,2.2600875705310757,-1.4301016621889422,-0.22715293965153158,-0.8866133407202033,0.7024846755304143}]

Max g: 69.28922113718293
f_11([1.93875e-7,-1.5477,2.3179,-2.91062,3.03822,0.0049692,0.0892032,-0.0838741,0.298212,0.309674,3.20895,-2.54083,1.52531,3.31139,0.130381,0.714144,1.74632,-0.351384,0.534557,1.59033,1.12928,-1.97397,0.172221,-3.31999,-1.4148,-0.353392,-0.257066,2.67594,-0.495244,1.05164,0.643633,-2.45206,1.22416,-0.514468,-0.680388,-0.663833,-0.573926,-1.85826,1.2889,2.26009,-1.4301,-0.227153,-0.886613,0.702485])
5.966455195200019
Max g: 69.28921478152616
f_12([1.93791e-7,-1.5477,2.3179,-2.91062,3.03822,0.0049692,0.0892032,-0.0838741,0.298212,0.309674,3.20895,-2.54083,1.52531,3.31139,0.130381,0.714144,1.74632,-0.351384,0.534557,1.59033,1.12928,-1.97397,0.172221,-3.31999,-1.4148,-0.353392,-0.257066,2.67594,-0.495244,1.05164,0.643633,-2.45206,1.22416,-0.514468,-0.680388,-0.663833,-0.573926,-1.85826,1.2889,2.26009,-1.4301,-0.227153,-0.886613,0.702485])
5.966455195200019
Max g: 69.28920908904841
f_13([1.93649e-7,-1.5477,2.3179,-2.91062,3.03822,0.0049692,0.0892032,-0.0838741,0.298212,0.309674,3.20895,-2.54083,1.52531,3.31139,0.130381,0.714144,1.74632,-0.351384,0.534557,1.59033,1.12928,-1.97397,0.172221,-3.31999,-1.4148,-0.353392,-0.257066,2.67594,-0.495244,1.05164,0.643633,-2.45206,1.22416,-0.514468,-0.680388,-0.663833,-0.573926,-1.85826,1.2889,2.26009,-1.4301,-0.227153,-0.886613,0.702485])
5.966455195200019
Max g: 69.28920330013106
f_14([1.93575e-7,-1.5477,2.3179,-2.91062,3.03822,0.0049692,0.0892032,-0.0838741,0.298212,0.309674,3.20895,-2.54083,1.52531,3.31139,0.130381,0.714144,1.74632,-0.351384,0.534557,1.59033,1.12928,-1.97397,0.172221,-3.31999,-1.4148,-0.353392,-0.257066,2.67594,-0.495244,1.05164,0.643633,-2.45206,1.22416,-0.514468,-0.680388,-0.663833,-0.573926,-1.85826,1.2889,2.26009,-1.4301,-0.227153,-0.886613,0.702485])
5.966455195200019
Max g: 69.28919827876018
f_15([-9.70117e-21,-1.54664,2.31477,-2.91075,3.03824,0.0048552,0.0830409,-0.0874448,0.284965,0.306453,3.20684,-2.54322,1.51968,3.31066,0.121046,0.713271,1.74638,-0.348366,0.53312,1.59092,1.13631,-0.436317,0.170831,1.67865,-1.41437,-0.358503,-0.259112,2.67513,-0.399046,1.03858,0.645467,-2.34862,1.2234,-0.513703,-0.677434,-0.653662,-0.571609,-1.85613,1.28975,2.25895,1.07296,-0.228932,-0.886249,0.699116])
6.3667442954329045
Max g: 14.57652360334153
f_16([1.28876e-7,-1.54663,2.31477,-2.91075,3.03824,0.00485407,0.0830425,-0.087445,0.284963,0.306444,3.20684,-2.54322,1.51968,3.31067,0.121046,0.713243,1.74635,-0.348392,0.533144,1.59086,1.13626,-0.43636,0.170733,1.67855,-1.41437,-0.358509,-0.259144,2.67512,-0.399044,1.03859,0.645492,-2.34862,1.2234,-0.513704,-0.677407,-0.653656,-0.571616,-1.85613,1.28972,2.25894,1.07296,-0.228929,-0.886244,0.699122])
6.367042573450962
Max g: 14.573970338650046
f_17([5.01532e-8,-1.55078,2.31295,-2.9084,3.03535,0.00481812,0.0792144,-0.0853563,0.274237,0.310549,3.20623,-2.54394,1.5193,3.31393,0.115817,0.708154,1.74321,-0.34289,0.297191,1.58779,1.1299,-0.435115,0.170402,1.67687,-1.41861,-0.35786,-0.261016,2.67601,-0.394779,0.878244,0.646253,-2.30875,1.22797,-0.462624,-0.69331,-0.633076,-0.667358,-1.85339,1.29173,2.33885,0.927565,-0.243749,-0.85914,0.689413])
6.567087697561386
Max g: 15.040936698188023
f_18([-4.97632e-21,-2.14536,2.14536,-3.19394,3.16768,0.0414575,0.219807,0.176687,0.133224,0.478669,2.19513,-2.67379,2.12432,2.38232,-0.0285837,-0.309687,1.23751,-0.807683,-0.108655,-0.0421579,-0.0622016,-0.861719,1.22308,-0.429416,-2.10577,2.20557,-1.55282,1.81617,-0.667924,1.59654,0.874103,-1.01357,1.08928,-0.617794,-0.797564,0.0945855,-0.75611,-2.41991,0.665377,2.21585,1.3407,-0.0696729,-1.60553,0.251603])
10.903453524078301
Max g: 0.9889389160651828
f_19([0.0357976,-2.12427,2.23483,-2.99977,3.28437,0.0402965,0.999999,0.427772,-0.0738071,0.656847,2.45257,-2.80785,1.97344,2.29954,0.00352924,-0.345526,1.0586,-0.894105,-1.7287,-0.976379,0.15404,-0.805462,0.431874,-0.985952,-1.72243,2.46615,-1.53893,1.79136,1.42548,1.38287,-0.209801,-1.59823,1.33579,0.841533,-1.19291,-0.988677,-0.536341,-1.74876,0.0268055,2.26287,1.49946,0.854022,-3.24373,0.887932])
4.65313708169376
Max g: 0.25417815866546
f_20([0.0399156,-2.14385,2.22358,-3.02348,3.28341,0.0299674,1.0,0.175761,0.252818,0.196539,2.69864,-2.64496,1.85399,2.10019,-0.16899,-0.29035,1.12058,-0.806813,-1.48134,-0.88886,0.148732,-0.62797,0.351859,-0.787445,-1.48293,2.40956,-1.81852,1.89114,1.7192,1.57877,-0.290354,-2.01083,1.62832,0.97114,-1.23409,-1.36974,-0.679883,-1.57385,0.196681,2.05998,1.83584,1.56483,-4.1297,0.722117])
2.1931388407692514
{0.03991559177203105,-2.1438484610892035,2.223582792374309,-3.0234807684013387,3.2834073240762147,0.02996737656380766,1.0000000000000013,0.17576098396955997,0.2528179134066663,0.19653863921757178,2.6986420524829144,-2.6449553944798496,1.8539929444714907,2.1001902744200343,-0.16898994097598813,-0.29035037168928046,1.1205824403404279,-0.8068134069606632,-1.4813420977625942,-0.888859625738659,0.14873200573051273,-0.6279700126803505,0.35185876794296117,-0.7874454859516721,-1.4829250041411157,2.4095590405297918,-1.8185222337546956,1.8911392866931658,1.7191989539770975,1.5787680647997988,-0.29035431147593244,-2.010830952290443,1.6283200985628612,0.9711398904127573,-1.2340863673334088,-1.369736525530018,-0.6798827825954287,-1.573846543197631,0.19668100805186167,2.0599781720891253,1.8358434379590065,1.5648322325437356,-4.129699650815664,0.722116911734186}]
Set[{A021,A031,A032,A041,A042,A043,A121,A131,A132,A141,A142,A143,B021,B031,B032,B041,B042,B043,B121,B131,B132,B141,B142,B143,\[Alpha]1,\[Alpha]2,\[Alpha]3,\[Alpha]4,\[Beta]11,\[Beta]12,\[Beta]13,\[Beta]14,\[Beta]21,\[Beta]22,\[Beta]23,\[Beta]24,\[Beta]31,\[Beta]32,\[Beta]33,\[Beta]34,\[Beta]41,\[Beta]42,\[Beta]43,\[Beta]44},{0.03991559177203105,-2.1438484610892035,2.223582792374309,-3.0234807684013387,3.2834073240762147,0.02996737656380766,1.0000000000000013,0.17576098396955997,0.2528179134066663,0.19653863921757178,2.6986420524829144,-2.6449553944798496,1.8539929444714907,2.1001902744200343,-0.16898994097598813,-0.29035037168928046,1.1205824403404279,-0.8068134069606632,-1.4813420977625942,-0.888859625738659,0.14873200573051273,-0.6279700126803505,0.35185876794296117,-0.7874454859516721,-1.4829250041411157,2.4095590405297918,-1.8185222337546956,1.8911392866931658,1.7191989539770975,1.5787680647997988,-0.29035431147593244,-2.010830952290443,1.6283200985628612,0.9711398904127573,-1.2340863673334088,-1.369736525530018,-0.6798827825954287,-1.573846543197631,0.19668100805186167,2.0599781720891253,1.8358434379590065,1.5648322325437356,-4.129699650815664,0.722116911734186}]

Max g: 0.18753969557507955
f_21([0.0345039,-2.14702,2.21879,-3.02299,3.28763,0.0243388,1.0,0.195572,0.272021,0.146425,2.7033,-2.63941,1.84003,2.08507,-0.184736,-0.288369,1.13407,-0.808385,-1.33861,-0.818327,0.150783,-0.504274,0.284382,-0.660927,-1.46536,2.41394,-1.84881,1.90053,1.92366,1.6025,-0.337546,-2.19133,1.90081,0.993188,-1.20291,-1.69334,-0.882371,-1.56149,0.350579,2.09544,2.20753,2.11025,-4.72095,0.399115])
2.0575217685592024
Max g: 0.14031036534448205
f_22([0.0343638,-2.14223,2.21517,-3.01832,3.28438,0.0244492,0.999998,0.216578,0.278487,0.126838,2.69473,-2.64173,1.84034,2.0912,-0.19345,-0.289019,1.14058,-0.810988,-1.26599,-0.788296,0.154758,-0.436941,0.248048,-0.591772,-1.45902,2.41264,-1.85343,1.89997,2.08698,1.60559,-0.419652,-2.27431,2.08589,0.979404,-1.16632,-1.9004,-1.04188,-1.57012,0.43955,2.17402,2.42998,2.44439,-4.99996,0.123981])
2.0079081915556727
Max g: 0.11280352946750696
f_23([0.0358231,-2.14117,2.21661,-3.01762,3.28319,0.0252801,1.0,0.228675,0.286084,0.13197,2.68457,-2.65117,1.8422,2.09719,-0.195058,-0.290644,1.14176,-0.812579,-1.2388,-0.779453,0.160596,-0.411443,0.231772,-0.563299,-1.46521,2.41287,-1.84962,1.90133,2.15321,1.60223,-0.468527,-2.28752,2.15647,0.967241,-1.1341,-1.99037,-1.1255,-1.58432,0.479288,2.23262,2.53019,2.58577,-5.0,-0.117777])
1.999954111074145
Max g: 0.10325412969333439
f_24([0.0349904,-2.14218,2.21827,-3.01574,3.28294,0.0249623,1.0,0.259995,0.298879,0.124824,2.66922,-2.65771,1.84124,2.09972,-0.199897,-0.291695,1.14872,-0.817986,-1.18614,-0.770986,0.174605,-0.361945,0.20192,-0.512184,-1.46632,2.41173,-1.85036,1.90439,2.29424,1.61726,-0.566298,-2.34599,2.31498,0.942363,-1.0807,-2.17765,-1.29012,-1.61501,0.564325,2.34202,2.73945,2.8767,-4.99999,-0.61815])
1.9709217173165687
Max g: 0.08020136883569273
f_25([0.0353734,-2.14032,2.21833,-3.0147,3.28419,0.024732,1.0,0.28364,0.306552,0.116781,2.66038,-2.65868,1.84044,2.10003,-0.201903,-0.29377,1.14978,-0.815999,-1.15246,-0.768845,0.185487,-0.331848,0.181746,-0.478756,-1.46222,2.41158,-1.85167,1.90206,2.40135,1.64146,-0.632677,-2.41115,2.43757,0.931952,-1.05659,-2.3137,-1.40006,-1.64054,0.630505,2.41095,2.89564,3.06559,-5.0,-0.962541])
1.9459657898057752
Max g: 0.06429916764295465
f_26([0.0357229,-2.14016,2.22027,-3.01611,3.28629,0.0252598,1.0,0.29868,0.314705,0.111981,2.65775,-2.6624,1.84012,2.10148,-0.204661,-0.295358,1.14946,-0.812988,-1.12864,-0.767509,0.193962,-0.310727,0.168885,-0.459387,-1.46173,2.41058,-1.85263,1.90349,2.48304,1.66953,-0.684716,-2.46818,2.53106,0.929984,-1.04724,-2.41409,-1.48375,-1.67024,0.686198,2.46819,3.02289,3.20118,-5.0,-1.22517])
1.9227995304033254
Max g: 0.05333842279760667
f_27([0.0359307,-2.14049,2.21952,-3.01697,3.28579,0.0253062,0.999999,0.304996,0.315896,0.110469,2.65676,-2.66293,1.83953,2.10226,-0.205415,-0.296007,1.1494,-0.813074,-1.12094,-0.766843,0.196827,-0.304625,0.164376,-0.452862,-1.46248,2.41088,-1.8513,1.90269,2.50992,1.68153,-0.703624,-2.48818,2.56115,0.930749,-1.04505,-2.44728,-1.51098,-1.68213,0.704597,2.48878,3.0668,3.24447,-5.0,-1.31254])
1.9187230641565425
Max g: 0.04975740912813223
f_28([0.0364134,-2.14043,2.21996,-3.01715,3.28569,0.0256191,1.0,0.308532,0.317435,0.109883,2.65565,-2.66308,1.83945,2.10344,-0.206319,-0.295784,1.14879,-0.812853,-1.1158,-0.766705,0.198981,-0.299893,0.161845,-0.449746,-1.46236,2.41144,-1.85118,1.90178,2.5292,1.69047,-0.716734,-2.50304,2.58205,0.931659,-1.04379,-2.4703,-1.52992,-1.69104,0.71762,2.50347,3.09827,3.27416,-5.0,-1.37339])
1.9134534858375303
Max g: 0.04710542348017596
f_29([0.0353486,-2.13972,2.21593,-3.02114,3.28825,0.0251716,1.0,0.319304,0.320295,0.104617,2.65487,-2.66357,1.84783,2.11089,-0.204925,-0.297634,1.15216,-0.813219,-1.10468,-0.763358,0.200722,-0.292967,0.15806,-0.441372,-1.4602,2.40995,-1.85317,1.90356,2.58117,1.71138,-0.745485,-2.54763,2.61478,0.933837,-1.04947,-2.49841,-1.57941,-1.70958,0.7448,2.54449,3.17069,3.34225,-4.99995,-1.51304])
1.9036103112416396
Max g: 0.04850283738641456
f_30([0.033339,-2.1433,2.21809,-3.02098,3.29079,0.0234229,1.0,0.336781,0.325036,0.104908,2.64997,-2.6656,1.84469,2.1118,-0.209356,-0.301045,1.15191,-0.809978,-1.08347,-0.76216,0.210028,-0.275789,0.14772,-0.42901,-1.46005,2.41225,-1.8544,1.90232,2.6596,1.75587,-0.801344,-2.61442,2.69044,0.937276,-1.04244,-2.58518,-1.66081,-1.7563,0.80262,2.61428,3.3122,3.46905,-5.0,-1.78187])
1.8918780425313861
{0.03333899079992071,-2.1433043542285155,2.2180859905602373,-3.0209814341686965,3.2907906574036025,0.023422928163947414,0.9999999999999997,0.3367811938571846,0.3250357685680347,0.10490842894616163,2.649972364729591,-2.6655957867158233,1.8446873222116795,2.1117993596382783,-0.20935557154248186,-0.3010453859316322,1.1519097268260317,-0.8099778339674568,-1.083471673562121,-0.7621600117011733,0.2100275017996668,-0.27578885530985453,0.14771985880196178,-0.4290100365879288,-1.4600473870919326,2.4122456977882756,-1.854397477459654,1.9023182697933219,2.6596031069604473,1.7558718741565937,-0.8013443262146681,-2.614415815945309,2.690435159448799,0.9372759189729654,-1.042438610190576,-2.5851780092241503,-1.6608086996210145,-1.7563016885754643,0.8026199340157382,2.614279542005727,3.312202902058414,3.4690451285101305,-4.999999999999997,-1.7818676993385871}]
Set[{A021,A031,A032,A041,A042,A043,A121,A131,A132,A141,A142,A143,B021,B031,B032,B041,B042,B043,B121,B131,B132,B141,B142,B143,\[Alpha]1,\[Alpha]2,\[Alpha]3,\[Alpha]4,\[Beta]11,\[Beta]12,\[Beta]13,\[Beta]14,\[Beta]21,\[Beta]22,\[Beta]23,\[Beta]24,\[Beta]31,\[Beta]32,\[Beta]33,\[Beta]34,\[Beta]41,\[Beta]42,\[Beta]43,\[Beta]44},{0.03333899079992071,-2.1433043542285155,2.2180859905602373,-3.0209814341686965,3.2907906574036025,0.023422928163947414,0.9999999999999997,0.3367811938571846,0.3250357685680347,0.10490842894616163,2.649972364729591,-2.6655957867158233,1.8446873222116795,2.1117993596382783,-0.20935557154248186,-0.3010453859316322,1.1519097268260317,-0.8099778339674568,-1.083471673562121,-0.7621600117011733,0.2100275017996668,-0.27578885530985453,0.14771985880196178,-0.4290100365879288,-1.4600473870919326,2.4122456977882756,-1.854397477459654,1.9023182697933219,2.6596031069604473,1.7558718741565937,-0.8013443262146681,-2.614415815945309,2.690435159448799,0.9372759189729654,-1.042438610190576,-2.5851780092241503,-1.6608086996210145,-1.7563016885754643,0.8026199340157382,2.614279542005727,3.312202902058414,3.4690451285101305,-4.999999999999997,-1.7818676993385871}]

Max g: 0.03862248238547167
f_31([0.0335382,-2.14661,2.21867,-3.02352,3.29072,0.0233667,1.0,0.35187,0.329318,0.105144,2.64736,-2.66792,1.84241,2.11203,-0.211118,-0.302029,1.15218,-0.810486,-1.06528,-0.761228,0.218899,-0.261814,0.137856,-0.419194,-1.46174,2.41226,-1.85163,1.90111,2.72636,1.80175,-0.854583,-2.67369,2.76415,0.950134,-1.04559,-2.66803,-1.72713,-1.80263,0.855655,2.6741,3.44116,3.57872,-4.99999,-2.02054])
1.878455531718808
Max g: 0.02908410273714046
f_32([0.0327347,-2.14745,2.21819,-3.02334,3.29071,0.0229015,1.0,0.360102,0.331651,0.105617,2.64487,-2.66789,1.842,2.11277,-0.212271,-0.300416,1.1504,-0.810432,-1.0553,-0.760756,0.224228,-0.254639,0.132209,-0.413633,-1.46266,2.41301,-1.85221,1.90196,2.76305,1.82929,-0.883995,-2.70812,2.80452,0.958643,-1.04731,-2.71548,-1.76457,-1.83005,0.884621,2.70998,3.51771,3.6404,-5.0,-2.15801])
1.8716945633095095
Max g: 0.02405542864610638
f_33([0.0332585,-2.14561,2.21903,-3.02393,3.2925,0.0234643,1.0,0.361632,0.333852,0.105533,2.64397,-2.6683,1.84268,2.11325,-0.211856,-0.300737,1.14974,-0.809444,-1.05303,-0.758601,0.22371,-0.253699,0.132319,-0.413093,-1.46416,2.41404,-1.85316,1.90325,2.77791,1.8365,-0.893202,-2.72142,2.79637,0.956628,-1.04147,-2.71153,-1.77691,-1.83626,0.893472,2.7199,3.53419,3.65476,-5.0,-2.18935])
1.869208913159032
Max g: 0.024018376421313575
f_34([0.033118,-2.14589,2.21906,-3.02403,3.29275,0.0232528,1.0,0.362795,0.335011,0.105759,2.64359,-2.66861,1.84251,2.11348,-0.212133,-0.300741,1.14954,-0.809381,-1.05106,-0.758536,0.224704,-0.252467,0.131264,-0.411911,-1.46437,2.41412,-1.85293,1.90321,2.78684,1.84297,-0.899845,-2.73012,2.79965,0.956096,-1.03935,-2.71658,-1.7857,-1.84263,0.89998,2.72855,3.54905,3.66772,-5.0,-2.21716])
1.8670215410266118
Max g: 0.02291621316720921
f_35([0.0331014,-2.14578,2.21885,-3.02395,3.29268,0.0231477,1.0,0.363952,0.33585,0.10592,2.6433,-2.66885,1.84242,2.11335,-0.212,-0.300961,1.14963,-0.809376,-1.0493,-0.758371,0.225609,-0.251259,0.130344,-0.411049,-1.46451,2.41411,-1.85267,1.90307,2.79396,1.84837,-0.905422,-2.73705,2.80506,0.957046,-1.03905,-2.72322,-1.79293,-1.84804,0.905484,2.7356,3.56286,3.67887,-5.0,-2.24211])
1.8647347428881726
Max g: 0.02206440630614706
f_36([0.0329613,-2.14581,2.21894,-3.0239,3.29276,0.0232466,1.0,0.365133,0.336647,0.105989,2.64305,-2.66904,1.84243,2.11344,-0.211939,-0.301131,1.14961,-0.809316,-1.04759,-0.758262,0.226503,-0.250057,0.129465,-0.410252,-1.46471,2.41416,-1.85246,1.90304,2.80061,1.85352,-0.910625,-2.74362,2.81084,0.958301,-1.03916,-2.73018,-1.79958,-1.85321,0.91071,2.74221,3.57626,3.68989,-5.0,-2.26649])
1.8625473707557525
Max g: 0.02125199216752474
f_37([0.0328318,-2.14582,2.21887,-3.02389,3.29299,0.0230915,1.0,0.36623,0.337444,0.106096,2.64272,-2.66919,1.84229,2.11337,-0.211932,-0.301281,1.14956,-0.809238,-1.04599,-0.758172,0.227354,-0.249046,0.128519,-0.409263,-1.46496,2.41431,-1.85236,1.90297,2.80686,1.8583,-0.915468,-2.74982,2.8167,0.95967,-1.03955,-2.73701,-1.80594,-1.85805,0.91562,2.7485,3.58898,3.7004,-5.0,-2.28973])
1.861155406671485
Max g: 0.020549669326119985
f_38([0.0326801,-2.146,2.21888,-3.02383,3.2928,0.0232823,1.0,0.367094,0.33802,0.106221,2.64241,-2.66928,1.84224,2.11338,-0.211988,-0.301197,1.14946,-0.809224,-1.04476,-0.7581,0.227994,-0.248254,0.127827,-0.408555,-1.46493,2.41428,-1.8523,1.90288,2.81149,1.8619,-0.919096,-2.75443,2.82126,0.960778,-1.03985,-2.74237,-1.81074,-1.86171,0.919322,2.75326,3.59852,3.70835,-5.0,-2.30719])
1.8596640165811986
Max g: 0.01999416005323454
f_39([0.0326547,-2.14603,2.21898,-3.02379,3.29284,0.0233036,1.0,0.367561,0.338236,0.106212,2.64226,-2.66927,1.84219,2.11337,-0.211959,-0.301285,1.14948,-0.809238,-1.0442,-0.758082,0.228279,-0.247857,0.127549,-0.408277,-1.465,2.41435,-1.85221,1.90283,2.8138,1.86357,-0.920832,-2.75666,2.82344,0.96125,-1.03998,-2.74492,-1.81305,-1.86341,0.921038,2.75551,3.60286,3.71206,-5.0,-2.31524])
1.8594651645691604
Max g: 0.019742686800349712
f_40([0.0326363,-2.14584,2.21915,-3.0237,3.29305,0.0233491,1.0,0.368075,0.339096,0.106353,2.6419,-2.66941,1.8425,2.1137,-0.211826,-0.301124,1.14929,-0.809308,-1.04305,-0.758002,0.228897,-0.246893,0.127009,-0.407871,-1.46513,2.41449,-1.8522,1.90286,2.81823,1.86678,-0.924443,-2.76071,2.82865,0.962501,-1.04081,-2.75054,-1.81737,-1.86647,0.92424,2.75976,3.61223,3.71942,-5.0,-2.33195])
1.8572777924367403
{0.0326363129828305,-2.145843764774817,2.2191500307204537,-3.0237034666180094,3.2930539978509787,0.023349131266122976,1.0000000000000004,0.368075044010628,0.3390958124810008,0.1063526894707667,2.641904692758737,-2.6694130028067726,1.8424975075984924,2.113701539051566,-0.21182645074693343,-0.30112397152242343,1.1492913235948294,-0.8093080983848248,-1.0430461889050922,-0.7580024893249313,0.22889710915109837,-0.24689337347161294,0.12700885669978057,-0.4078712474495412,-1.465127576531479,2.4144895666370756,-1.8521956960283756,1.9028617897090743,2.818226203476321,1.86678339578108,-0.9244430137707329,-2.760713428729161,2.8286468820053914,0.9625006753487403,-1.0408107876383854,-2.750537587942482,-1.8173670126659447,-1.8664668516914615,0.9242399176808572,2.7597599847502527,3.612225172155752,3.719417924506617,-4.999999820164307,-2.3319496535242665}]
Set[{A021,A031,A032,A041,A042,A043,A121,A131,A132,A141,A142,A143,B021,B031,B032,B041,B042,B043,B121,B131,B132,B141,B142,B143,\[Alpha]1,\[Alpha]2,\[Alpha]3,\[Alpha]4,\[Beta]11,\[Beta]12,\[Beta]13,\[Beta]14,\[Beta]21,\[Beta]22,\[Beta]23,\[Beta]24,\[Beta]31,\[Beta]32,\[Beta]33,\[Beta]34,\[Beta]41,\[Beta]42,\[Beta]43,\[Beta]44},{0.0326363129828305,-2.145843764774817,2.2191500307204537,-3.0237034666180094,3.2930539978509787,0.023349131266122976,1.0000000000000004,0.368075044010628,0.3390958124810008,0.1063526894707667,2.641904692758737,-2.6694130028067726,1.8424975075984924,2.113701539051566,-0.21182645074693343,-0.30112397152242343,1.1492913235948294,-0.8093080983848248,-1.0430461889050922,-0.7580024893249313,0.22889710915109837,-0.24689337347161294,0.12700885669978057,-0.4078712474495412,-1.465127576531479,2.4144895666370756,-1.8521956960283756,1.9028617897090743,2.818226203476321,1.86678339578108,-0.9244430137707329,-2.760713428729161,2.8286468820053914,0.9625006753487403,-1.0408107876383854,-2.750537587942482,-1.8173670126659447,-1.8664668516914615,0.9242399176808572,2.7597599847502527,3.612225172155752,3.719417924506617,-4.999999820164307,-2.3319496535242665}]

Max g: 0.0192894351458458
f_41([0.0322179,-2.14598,2.21897,-3.02351,3.29327,0.0231684,1.0,0.369363,0.339906,0.106374,2.64152,-2.66947,1.84289,2.11398,-0.211584,-0.300897,1.14905,-0.809334,-1.04128,-0.757944,0.229857,-0.24576,0.125967,-0.40682,-1.46522,2.4144,-1.85204,1.90287,2.82477,1.8719,-0.929564,-2.76721,2.83549,0.964237,-1.04141,-2.75847,-1.82412,-1.87174,0.929513,2.76652,3.62629,3.73101,-5.0,-2.3576])
1.8556869763404347
Max g: 0.018459414080934128
f_42([0.0324078,-2.14603,2.21915,-3.02361,3.29302,0.0234062,1.0,0.370493,0.340869,0.106371,2.64124,-2.66964,1.84276,2.11381,-0.211364,-0.301028,1.14887,-0.809269,-1.03958,-0.757901,0.230797,-0.244553,0.125045,-0.405938,-1.46561,2.41471,-1.85189,1.90279,2.83133,1.87693,-0.9348,-2.77362,2.84211,0.965822,-1.04208,-2.76598,-1.83089,-1.87672,0.93462,2.77309,3.6401,3.74237,-5.0,-2.38272])
1.8529030481719
Max g: 0.01774882238148698
f_43([0.0324111,-2.14599,2.21915,-3.02351,3.29315,0.0231942,1.0,0.371581,0.341799,0.106523,2.64102,-2.66995,1.84246,2.11363,-0.211455,-0.301095,1.14904,-0.809451,-1.03791,-0.757823,0.231711,-0.243615,0.123969,-0.404775,-1.46592,2.41492,-1.85191,1.9029,2.8377,1.88204,-0.939715,-2.78015,2.84839,0.967529,-1.04268,-2.77337,-1.83726,-1.88195,0.939833,2.7795,3.6535,3.7535,-5.0,-2.40727])
1.852008214117728
Max g: 0.016995137816439215
f_44([0.0324537,-2.1459,2.21923,-3.02362,3.29331,0.0232436,1.0,0.372477,0.342552,0.106634,2.64078,-2.67015,1.84245,2.11371,-0.211509,-0.30113,1.14902,-0.809454,-1.03657,-0.757783,0.232458,-0.242694,0.123228,-0.404078,-1.46599,2.41493,-1.85181,1.90287,2.84309,1.88619,-0.943927,-2.78548,2.85339,0.968725,-1.04308,-2.77915,-1.84258,-1.88603,0.943951,2.78479,3.66443,3.76247,-5.0,-2.42714])
1.849820841985308
Max g: 0.01639368579680875
f_45([0.032599,-2.14594,2.2192,-3.02371,3.2932,0.0232007,1.0,0.373349,0.343288,0.106689,2.64072,-2.67047,1.84261,2.11388,-0.2114,-0.301358,1.14907,-0.809361,-1.03525,-0.75773,0.233203,-0.241777,0.1225,-0.403428,-1.46606,2.41495,-1.85167,1.90277,2.84838,1.89031,-0.948038,-2.79077,2.85838,0.97003,-1.0436,-2.78494,-1.84789,-1.89016,0.948068,2.7901,3.67526,3.77129,-5.0,-2.4468])
1.8479317478709452
Max g: 0.015810030707095857
f_46([0.0327397,-2.14594,2.21921,-3.02379,3.29315,0.0231844,1.0,0.373932,0.343988,0.106817,2.64043,-2.67058,1.84265,2.11401,-0.211411,-0.301346,1.14914,-0.809501,-1.03423,-0.757723,0.233769,-0.241145,0.121899,-0.402802,-1.46613,2.41505,-1.85164,1.90272,2.85237,1.89346,-0.951193,-2.79474,2.86218,0.971005,-1.04395,-2.78934,-1.85187,-1.89331,0.951161,2.79413,3.68344,3.77821,-5.0,-2.46188])
1.8479317478709452
Max g: 0.01536554622982328
f_47([0.0327467,-2.14586,2.21935,-3.02373,3.29325,0.0232119,1.0,0.374633,0.344544,0.106822,2.64029,-2.6707,1.84263,2.114,-0.21135,-0.301258,1.14907,-0.809601,-1.03323,-0.757714,0.234336,-0.240469,0.121347,-0.402274,-1.46626,2.41508,-1.85152,1.9027,2.85634,1.89657,-0.954267,-2.79876,2.86598,0.971936,-1.04428,-2.79374,-1.85587,-1.8964,0.954249,2.79811,3.69159,3.785,-5.0,-2.47682])
1.8470369138167733
Max g: 0.014925697961845868
f_48([0.0327737,-2.1459,2.21938,-3.02373,3.29321,0.0232045,1.0,0.375321,0.345079,0.106876,2.64016,-2.67086,1.84266,2.114,-0.211263,-0.301315,1.149,-0.809516,-1.03226,-0.757709,0.234891,-0.239794,0.120816,-0.401802,-1.46634,2.41515,-1.8515,1.9027,2.86019,1.89961,-0.957277,-2.80262,2.8696,0.972873,-1.04461,-2.79797,-1.8597,-1.89947,0.957274,2.80201,3.69953,3.79164,-5.0,-2.4914])
1.8462415057686206
Max g: 0.014459863330747363
f_49([0.0327362,-2.14587,2.21936,-3.0237,3.29327,0.0231797,1.0,0.375946,0.345648,0.10694,2.63996,-2.67097,1.84271,2.11406,-0.211209,-0.301305,1.14896,-0.809544,-1.03132,-0.757703,0.235434,-0.239163,0.120277,-0.401283,-1.46638,2.41517,-1.8514,1.90261,2.86394,1.90254,-0.960182,-2.80641,2.8732,0.973803,-1.04501,-2.80209,-1.86347,-1.90241,0.960192,2.8058,3.70728,3.79806,-5.0,-2.50556])
1.8452472457084295
Max g: 0.014060837396338371
f_50([0.0326965,-2.14593,2.21936,-3.02369,3.29324,0.0231845,1.0,0.376626,0.346147,0.106973,2.6398,-2.67109,1.84272,2.11398,-0.211052,-0.301384,1.14894,-0.809516,-1.03039,-0.757701,0.235973,-0.23857,0.119728,-0.400748,-1.46647,2.41521,-1.85133,1.90259,2.86758,1.90545,-0.963049,-2.81008,2.87669,0.974734,-1.04536,-2.80618,-1.86713,-1.90532,0.963058,2.8095,3.71495,3.80445,-5.0,-2.5196])
1.843755855618143
{0.03269649029624782,-2.1459299609035076,2.2193611364325267,-3.0236880292857338,3.293244298159254,0.023184493481362922,1.0000000003597855,0.376626173578137,0.3461473299696091,0.10697339288602116,2.6397973952031517,-2.671088469372125,1.84272311228263,2.1139794314784677,-0.21105183041949785,-0.3013839632917872,1.1489404893497883,-0.8095161505884604,-1.0303909826296485,-0.7577014996229123,0.23597290466959386,-0.23856969398968994,0.11972795884461437,-0.4007478801144369,-1.466469148131167,2.4152117966614237,-1.8513313938528064,1.9025935023442917,2.8675779453650936,1.9054475720501678,-0.9630494083430472,-2.8100824951384804,2.876692822094759,0.9747339495748623,-1.0453588847519866,-2.8061819313843697,-1.8671277275871612,-1.9053206633339688,0.9630579661414652,2.8094966324398376,3.7149498049174685,3.804448224013581,-4.999999936659338,-2.519596671647927}]
Set[{A021,A031,A032,A041,A042,A043,A121,A131,A132,A141,A142,A143,B021,B031,B032,B041,B042,B043,B121,B131,B132,B141,B142,B143,\[Alpha]1,\[Alpha]2,\[Alpha]3,\[Alpha]4,\[Beta]11,\[Beta]12,\[Beta]13,\[Beta]14,\[Beta]21,\[Beta]22,\[Beta]23,\[Beta]24,\[Beta]31,\[Beta]32,\[Beta]33,\[Beta]34,\[Beta]41,\[Beta]42,\[Beta]43,\[Beta]44},{0.03269649029624782,-2.1459299609035076,2.2193611364325267,-3.0236880292857338,3.293244298159254,0.023184493481362922,1.0000000003597855,0.376626173578137,0.3461473299696091,0.10697339288602116,2.6397973952031517,-2.671088469372125,1.84272311228263,2.1139794314784677,-0.21105183041949785,-0.3013839632917872,1.1489404893497883,-0.8095161505884604,-1.0303909826296485,-0.7577014996229123,0.23597290466959386,-0.23856969398968994,0.11972795884461437,-0.4007478801144369,-1.466469148131167,2.4152117966614237,-1.8513313938528064,1.9025935023442917,2.8675779453650936,1.9054475720501678,-0.9630494083430472,-2.8100824951384804,2.876692822094759,0.9747339495748623,-1.0453588847519866,-2.8061819313843697,-1.8671277275871612,-1.9053206633339688,0.9630579661414652,2.8094966324398376,3.7149498049174685,3.804448224013581,-4.999999936659338,-2.519596671647927}]

Max g: 0.013641171510554467
f_51([0.0327901,-2.1459,2.21937,-3.0237,3.29324,0.0231126,1.0,0.37727,0.34663,0.106983,2.63966,-2.67119,1.84284,2.11406,-0.210917,-0.301377,1.14887,-0.809532,-1.02949,-0.757673,0.236495,-0.237948,0.119233,-0.40032,-1.46664,2.4152,-1.85117,1.9026,2.87112,1.90831,-0.96587,-2.81365,2.88012,0.975663,-1.04575,-2.8101,-1.87068,-1.90817,0.965831,2.81311,3.72245,3.81052,-5.0,-2.53318])
1.8432587255880475
Max g: 0.013253404264823965
f_52([0.0327554,-2.14585,2.21932,-3.02372,3.2933,0.0231362,1.0,0.377825,0.347163,0.107083,2.6394,-2.67125,1.84279,2.11409,-0.210975,-0.301356,1.14886,-0.809567,-1.02864,-0.757679,0.236991,-0.2374,0.118718,-0.399812,-1.46663,2.4152,-1.85111,1.90253,2.87461,1.91103,-0.968551,-2.81717,2.88333,0.976475,-1.04607,-2.81382,-1.87412,-1.91088,0.968511,2.81659,3.7295,3.8164,-5.0,-2.54611])
1.8416679094917419
Max g: 0.012855430500446074
f_53([0.0327028,-2.14598,2.21933,-3.02371,3.29324,0.0231435,1.0,0.378409,0.347668,0.107121,2.63924,-2.67136,1.84273,2.11412,-0.211008,-0.301309,1.14885,-0.80966,-1.02779,-0.757683,0.237486,-0.236833,0.118229,-0.399348,-1.46669,2.41515,-1.85094,1.90248,2.87798,1.9137,-0.971178,-2.82059,2.88654,0.97731,-1.04642,-2.81752,-1.87755,-1.91358,0.971186,2.82002,3.73653,3.82222,-5.0,-2.55894])
1.8412702054676655
Max g: 0.012476572091495886
f_54([0.0327133,-2.14605,2.21933,-3.02376,3.29317,0.0231745,1.0,0.378739,0.348008,0.107154,2.6391,-2.67139,1.8428,2.11423,-0.210993,-0.301351,1.14887,-0.809677,-1.02728,-0.757698,0.237788,-0.236484,0.117946,-0.399089,-1.46672,2.4152,-1.85092,1.90244,2.88008,1.91536,-0.972822,-2.82269,2.88844,0.977827,-1.04664,-2.81971,-1.87958,-1.91519,0.972755,2.82212,3.74072,3.82579,-5.0,-2.56671])
1.8407730754375702
Max g: 0.012254884843101471
f_55([0.0327448,-2.14602,2.21933,-3.02379,3.29321,0.0231617,1.0,0.379191,0.348296,0.107164,2.63895,-2.6714,1.84279,2.1143,-0.211045,-0.301356,1.14885,-0.809696,-1.02671,-0.757703,0.238122,-0.236119,0.117604,-0.398748,-1.46677,2.41526,-1.85089,1.90241,2.8823,1.91715,-0.974576,-2.82497,2.8906,0.978371,-1.04685,-2.8222,-1.88193,-1.91703,0.974582,2.82447,3.74547,3.82974,-5.0,-2.57539])
1.839579963365341
Max g: 0.011996493221728938
f_56([0.0327429,-2.14598,2.21936,-3.0238,3.29327,0.0231728,1.0,0.379531,0.348558,0.107185,2.63884,-2.67144,1.84284,2.11443,-0.211085,-0.301327,1.14888,-0.809784,-1.02625,-0.757712,0.2384,-0.235804,0.117337,-0.398505,-1.46681,2.41528,-1.85086,1.90239,2.88422,1.91865,-0.976063,-2.82688,2.8924,0.978855,-1.04708,-2.82427,-1.88375,-1.91849,0.976015,2.82633,3.74933,3.83297,-5.0,-2.58248])
1.839480537359322
Max g: 0.011789502019910691
f_57([0.0327449,-2.14602,2.21936,-3.02382,3.29327,0.0231542,1.0,0.379821,0.348807,0.107194,2.63875,-2.67148,1.84284,2.11441,-0.211037,-0.301384,1.14889,-0.809772,-1.02584,-0.757724,0.238645,-0.235553,0.117079,-0.398242,-1.46686,2.41528,-1.85079,1.90237,2.88584,1.91996,-0.977366,-2.82852,2.89398,0.979274,-1.04726,-2.82606,-1.88542,-1.91982,0.977311,2.82801,3.75272,3.83582,-5.0,-2.58872])
1.8388839813232072
Max g: 0.011605084057146192
f_58([0.0327521,-2.14605,2.21937,-3.02381,3.29326,0.0231362,1.0,0.379964,0.348999,0.107229,2.63871,-2.67153,1.84284,2.11445,-0.211059,-0.301418,1.14888,-0.809745,-1.02558,-0.757718,0.238797,-0.235375,0.116934,-0.398117,-1.46688,2.41527,-1.85075,1.90236,2.88687,1.92083,-0.978185,-2.82958,2.89499,0.979596,-1.04741,-2.82725,-1.88647,-1.9207,0.978152,2.8291,3.75493,3.83766,-5.0,-2.59277])
1.83858570330515
Max g: 0.011487246616477542
f_59([0.0327648,-2.14603,2.21938,-3.02381,3.29326,0.0231307,1.0,0.38004,0.349061,0.107229,2.63869,-2.67154,1.84286,2.11449,-0.211061,-0.301419,1.14888,-0.809751,-1.02547,-0.757721,0.238861,-0.235306,0.116878,-0.398067,-1.46689,2.41529,-1.85075,1.90235,2.88728,1.92117,-0.978511,-2.83003,2.89537,0.979708,-1.04745,-2.82771,-1.88689,-1.92104,0.978474,2.82954,3.75582,3.83841,-5.0,-2.5944])
1.8381879992810735
Max g: 0.011444230598343597
f_60([0.0323951,-2.14587,2.21893,-3.02384,3.29332,0.0233187,1.0,0.380326,0.34902,0.107354,2.63851,-2.67159,1.84294,2.11445,-0.21103,-0.301312,1.14892,-0.809819,-1.02537,-0.757795,0.238921,-0.235136,0.116918,-0.39818,-1.46671,2.4152,-1.85087,1.90237,2.88764,1.92145,-0.978911,-2.83024,2.89559,0.979802,-1.04784,-2.8276,-1.88776,-1.9215,0.978921,2.83037,3.75649,3.83944,-5.0,-2.59612])
1.8387845553171882
{0.0323951317639728,-2.1458714416882145,2.218932187254668,-3.0238449379811083,3.293315594257189,0.02331869426313446,0.9999999999999992,0.3803263250194454,0.34901954109655536,0.10735375168824865,2.6385119619159187,-2.6715900685057026,1.842935585967033,2.1144515214705626,-0.21103000258250715,-0.3013118540587466,1.148920709335099,-0.8098191669496662,-1.0253669666210892,-0.7577950674914962,0.23892115091457486,-0.23513567807446645,0.1169181493189164,-0.3981798702521222,-1.4667057061550555,2.415204821533739,-1.850866425309311,1.9023661786287371,2.8876437616565065,1.9214454406814367,-0.9789109221876318,-2.830240790572515,2.8955897298072784,0.9798022163643063,-1.0478385761756603,-2.8275969318020238,-1.887758777348896,-1.9214972014177143,0.9789213140814302,2.8303748128291986,3.7564920579440058,3.839435110714684,-4.9999999999999964,-2.5961161166266726}]
Set[{A021,A031,A032,A041,A042,A043,A121,A131,A132,A141,A142,A143,B021,B031,B032,B041,B042,B043,B121,B131,B132,B141,B142,B143,\[Alpha]1,\[Alpha]2,\[Alpha]3,\[Alpha]4,\[Beta]11,\[Beta]12,\[Beta]13,\[Beta]14,\[Beta]21,\[Beta]22,\[Beta]23,\[Beta]24,\[Beta]31,\[Beta]32,\[Beta]33,\[Beta]34,\[Beta]41,\[Beta]42,\[Beta]43,\[Beta]44},{0.0323951317639728,-2.1458714416882145,2.218932187254668,-3.0238449379811083,3.293315594257189,0.02331869426313446,0.9999999999999992,0.3803263250194454,0.34901954109655536,0.10735375168824865,2.6385119619159187,-2.6715900685057026,1.842935585967033,2.1144515214705626,-0.21103000258250715,-0.3013118540587466,1.148920709335099,-0.8098191669496662,-1.0253669666210892,-0.7577950674914962,0.23892115091457486,-0.23513567807446645,0.1169181493189164,-0.3981798702521222,-1.4667057061550555,2.415204821533739,-1.850866425309311,1.9023661786287371,2.8876437616565065,1.9214454406814367,-0.9789109221876318,-2.830240790572515,2.8955897298072784,0.9798022163643063,-1.0478385761756603,-2.8275969318020238,-1.887758777348896,-1.9214972014177143,0.9789213140814302,2.8303748128291986,3.7564920579440058,3.839435110714684,-4.9999999999999964,-2.5961161166266726}]

Max g: 0.011489007663966877
f_61([0.032244,-2.14598,2.21906,-3.02384,3.2935,0.0233464,1.0,0.38096,0.349688,0.107386,2.63829,-2.6717,1.84286,2.11451,-0.211144,-0.301523,1.14898,-0.809671,-1.02439,-0.757835,0.239518,-0.234457,0.11635,-0.397662,-1.46674,2.41521,-1.85082,1.90233,2.89168,1.92458,-0.982038,-2.8343,2.89933,0.980682,-1.04802,-2.83208,-1.89146,-1.92455,0.982124,2.83397,3.76469,3.84633,-5.0,-2.61118])
1.835602923124577
Max g: 0.010956660162396437
f_62([0.0322911,-2.146,2.21909,-3.02381,3.29346,0.0233144,1.0,0.381695,0.350066,0.107447,2.63815,-2.67184,1.84285,2.11462,-0.21126,-0.301583,1.14901,-0.809659,-1.02354,-0.757845,0.240015,-0.233911,0.115866,-0.397192,-1.4667,2.41517,-1.85076,1.9023,2.89513,1.92733,-0.984701,-2.83783,2.90257,0.98155,-1.04832,-2.83589,-1.89479,-1.92724,0.984741,2.83737,3.77175,3.85227,-5.0,-2.62418])
1.8357023491305962
Max g: 0.010573724228013393
f_63([0.0324071,-2.14586,2.21927,-3.02381,3.29344,0.0234897,1.0,0.382145,0.350688,0.107525,2.638,-2.67195,1.84294,2.11472,-0.211189,-0.301441,1.14912,-0.809968,-1.0227,-0.757857,0.240523,-0.233358,0.115392,-0.396768,-1.46685,2.41528,-1.85074,1.90232,2.89851,1.93012,-0.987319,-2.84139,2.90573,0.98244,-1.04865,-2.83958,-1.89811,-1.92999,0.987289,2.84089,3.77873,3.8581,-5.0,-2.63698])
1.8333161249861378
Max g: 0.010200778333045751
f_64([0.0322032,-2.14595,2.21912,-3.02374,3.29346,0.0234161,1.0,0.382662,0.351269,0.107672,2.63772,-2.67205,1.84293,2.11478,-0.21124,-0.301699,1.14922,-0.809821,-1.02189,-0.757896,0.241018,-0.232884,0.114871,-0.396225,-1.4669,2.41529,-1.85072,1.90234,2.90169,1.93275,-0.989868,-2.84465,2.90872,0.983309,-1.049,-2.8431,-1.9013,-1.93264,0.98983,2.84418,3.78553,3.86392,-5.0,-2.64959])
1.8270522866069348
Max g: 0.009838451776197854
f_65([0.0322354,-2.14591,2.21906,-3.02381,3.29336,0.0235344,1.0,0.383224,0.351752,0.107673,2.63764,-2.67218,1.84295,2.11482,-0.211206,-0.301677,1.1492,-0.809905,-1.02111,-0.757912,0.241492,-0.232434,0.114346,-0.39567,-1.46692,2.41533,-1.85064,1.90222,2.90483,1.93533,-0.99237,-2.84786,2.91174,0.984178,-1.04945,-2.84652,-1.90447,-1.93519,0.992329,2.84738,3.7921,3.86945,-5.0,-2.66171])
1.823373524384228
Max g: 0.009508849147491394
f_66([0.0322477,-2.14589,2.21915,-3.02374,3.29342,0.0235045,1.0,0.38385,0.352138,0.107718,2.63744,-2.67223,1.84293,2.11491,-0.211251,-0.301619,1.14914,-0.809967,-1.02036,-0.757943,0.241962,-0.231879,0.113968,-0.395395,-1.467,2.41534,-1.85051,1.90217,2.90791,1.93787,-0.994777,-2.85106,2.91458,0.985,-1.04978,-2.84986,-1.90759,-1.93778,0.994774,2.85066,3.79856,3.87486,-5.0,-2.67356])
1.8245666364564572
Max g: 0.009165082640354372
f_67([0.032272,-2.14589,2.21908,-3.02384,3.2934,0.0235357,1.0,0.384309,0.3525,0.107731,2.63735,-2.67232,1.84293,2.11487,-0.211161,-0.301706,1.14913,-0.809901,-1.01974,-0.757949,0.242344,-0.231466,0.113592,-0.39506,-1.46702,2.41535,-1.85043,1.90211,2.91041,1.93994,-0.996804,-2.85362,2.91691,0.985668,-1.05008,-2.85255,-1.91011,-1.93986,0.996799,2.85324,3.80384,3.87924,-5.0,-2.68322])
1.8242683584383999
Max g: 0.008872854539432262
f_68([0.0322966,-2.14594,2.2191,-3.0239,3.29344,0.0234838,1.0,0.384735,0.352861,0.107753,2.63727,-2.67242,1.8429,2.11489,-0.211174,-0.30176,1.14913,-0.809902,-1.01915,-0.757966,0.242711,-0.231117,0.113202,-0.394667,-1.46713,2.41537,-1.85035,1.90212,2.91274,1.9419,-0.998677,-2.85602,2.91911,0.986324,-1.05041,-2.85509,-1.91249,-1.94183,0.998704,2.85569,3.80883,3.88339,-5.0,-2.69233])
1.8302339187995458
Max g: 0.008620469623382088
f_69([0.0323328,-2.14596,2.21916,-3.02384,3.29342,0.0234452,1.0,0.385217,0.353214,0.107828,2.63712,-2.6725,1.84288,2.1149,-0.211178,-0.301744,1.14916,-0.809969,-1.01853,-0.757992,0.243092,-0.23071,0.11285,-0.394365,-1.46709,2.41539,-1.85032,1.90202,2.91527,1.94402,-1.00071,-2.85864,2.92142,0.987015,-1.0507,-2.85777,-1.91499,-1.94393,1.00069,2.85829,3.81405,3.88785,-5.0,-2.70203])
1.8282453986791638
Max g: 0.008330245016269
f_70([0.0323343,-2.14597,2.21922,-3.02374,3.29339,0.023421,1.0,0.385674,0.353569,0.107887,2.63696,-2.67256,1.8429,2.11492,-0.211161,-0.301741,1.14917,-0.809995,-1.01793,-0.758013,0.24347,-0.23032,0.112488,-0.39403,-1.46716,2.41536,-1.85027,1.90208,2.91768,1.94603,-1.0026,-2.86116,2.92369,0.98769,-1.05101,-2.86042,-1.91742,-1.94594,1.00259,2.86081,3.81919,3.89215,-5.0,-2.71147])
1.827449990631011
{0.032334337702674715,-2.145972085907684,2.2192243333872055,-3.023743925518887,3.2933948181757926,0.023421029829399885,1.0000000000000004,0.3856744950211084,0.35356918895207057,0.10788671440999745,2.636955421580087,-2.6725631682356004,1.8428976523844842,2.1149151865998985,-0.21116133691124975,-0.3017410447803403,1.1491651958305793,-0.809994842456851,-1.0179296682934422,-0.7580130769849776,0.24347007966240963,-0.23031994320838647,0.1124876043742345,-0.394030140498477,-1.4671630909532234,2.4153626410191373,-1.8502706400098217,1.902077443623111,2.9176767537393826,1.94602755176541,-1.0026024242014695,-2.861163103272657,2.923687829826044,0.9876898627445492,-1.051012089531857,-2.860419812306817,-1.9174153470352493,-1.945937383196126,1.0025910569498273,2.8608093800676144,3.819187555140566,3.8921503227970375,-4.9999999999999964,-2.71147361759281}]
Set[{A021,A031,A032,A041,A042,A043,A121,A131,A132,A141,A142,A143,B021,B031,B032,B041,B042,B043,B121,B131,B132,B141,B142,B143,\[Alpha]1,\[Alpha]2,\[Alpha]3,\[Alpha]4,\[Beta]11,\[Beta]12,\[Beta]13,\[Beta]14,\[Beta]21,\[Beta]22,\[Beta]23,\[Beta]24,\[Beta]31,\[Beta]32,\[Beta]33,\[Beta]34,\[Beta]41,\[Beta]42,\[Beta]43,\[Beta]44},{0.032334337702674715,-2.145972085907684,2.2192243333872055,-3.023743925518887,3.2933948181757926,0.023421029829399885,1.0000000000000004,0.3856744950211084,0.35356918895207057,0.10788671440999745,2.636955421580087,-2.6725631682356004,1.8428976523844842,2.1149151865998985,-0.21116133691124975,-0.3017410447803403,1.1491651958305793,-0.809994842456851,-1.0179296682934422,-0.7580130769849776,0.24347007966240963,-0.23031994320838647,0.1124876043742345,-0.394030140498477,-1.4671630909532234,2.4153626410191373,-1.8502706400098217,1.902077443623111,2.9176767537393826,1.94602755176541,-1.0026024242014695,-2.861163103272657,2.923687829826044,0.9876898627445492,-1.051012089531857,-2.860419812306817,-1.9174153470352493,-1.945937383196126,1.0025910569498273,2.8608093800676144,3.819187555140566,3.8921503227970375,-4.9999999999999964,-2.71147361759281}]

Max g: 0.008071773285564854
f_71([0.0323871,-2.14588,2.21921,-3.02371,3.29334,0.0234391,1.0,0.386144,0.353895,0.107897,2.63685,-2.67263,1.8429,2.11492,-0.21111,-0.301824,1.14921,-0.810016,-1.01734,-0.758039,0.243835,-0.229909,0.112174,-0.393777,-1.46724,2.41546,-1.85027,1.90205,2.92005,1.948,-1.00449,-2.8636,2.9259,0.988343,-1.05131,-2.86299,-1.91978,-1.94793,1.00449,2.86328,3.82415,3.89637,-5.0,-2.72064])
1.826356304564801
Max g: 0.00780978297288254
f_72([0.0323416,-2.14591,2.21919,-3.0237,3.29339,0.0234079,1.0,0.386514,0.354272,0.107953,2.63667,-2.67265,1.84298,2.115,-0.211076,-0.301848,1.14926,-0.810053,-1.01678,-0.758049,0.244182,-0.229576,0.111803,-0.393412,-1.46724,2.41548,-1.85024,1.90201,2.92233,1.94989,-1.0063,-2.86598,2.92801,0.988938,-1.05157,-2.86543,-1.92207,-1.9498,1.00626,2.86566,3.82894,3.90031,-5.0,-2.72936])
1.8261574525527628
Max g: 0.007544710476748484
f_73([0.032314,-2.14593,2.21919,-3.02372,3.29345,0.0233841,1.0,0.386952,0.354599,0.107972,2.63656,-2.67273,1.843,2.11499,-0.211011,-0.301864,1.14926,-0.810065,-1.01623,-0.758093,0.244539,-0.229265,0.111415,-0.392989,-1.46725,2.41549,-1.85021,1.90197,2.9246,1.95172,-1.00804,-2.86833,2.93016,0.989561,-1.05187,-2.8679,-1.92435,-1.95165,1.00804,2.86801,3.83366,3.90435,-5.0,-2.73812])
1.8270522866069348
Max g: 0.007306785984093511
f_74([0.0323722,-2.1459,2.2193,-3.02371,3.29356,0.0233353,1.0,0.38737,0.354903,0.107971,2.63647,-2.67278,1.84301,2.11499,-0.210971,-0.301903,1.14923,-0.810034,-1.0157,-0.758102,0.244867,-0.228957,0.111055,-0.392616,-1.46727,2.41554,-1.85019,1.90192,2.92676,1.9535,-1.00974,-2.87057,2.93213,0.990111,-1.05209,-2.87021,-1.92651,-1.95343,1.00975,2.87023,3.83828,3.90814,-5.0,-2.74653])
1.825560896516648
Max g: 0.00706055301921843
f_75([0.0324189,-2.14582,2.21925,-3.02377,3.2936,0.0233187,1.0,0.387772,0.355219,0.107998,2.63635,-2.67282,1.8431,2.11509,-0.210922,-0.301932,1.14917,-0.809985,-1.01518,-0.75814,0.245199,-0.228639,0.11073,-0.392305,-1.46735,2.41555,-1.85014,1.90194,2.92885,1.95529,-1.01144,-2.87274,2.93409,0.990731,-1.05239,-2.87249,-1.92863,-1.95523,1.01144,2.87247,3.84266,3.91194,-5.0,-2.75472])
1.8257597485286863
Max g: 0.006830731367506171
f_76([0.0323453,-2.14583,2.21924,-3.02375,3.29363,0.0233291,1.0,0.388156,0.355513,0.108023,2.63623,-2.67288,1.84311,2.11507,-0.210853,-0.301981,1.14916,-0.809953,-1.01468,-0.758161,0.245513,-0.228302,0.110443,-0.392056,-1.46742,2.41555,-1.85007,1.90195,2.9309,1.95696,-1.01304,-2.87487,2.93599,0.991261,-1.05263,-2.87465,-1.93067,-1.95689,1.01302,2.8746,3.84696,3.91551,-5.0,-2.76256])
1.8251631924925718
Max g: 0.006606213368859526
f_77([0.0323224,-2.14582,2.21922,-3.02374,3.29368,0.0233044,1.0,0.388522,0.355841,0.10808,2.63611,-2.67295,1.84311,2.11512,-0.210908,-0.301987,1.14917,-0.809966,-1.01419,-0.758199,0.245833,-0.227957,0.110165,-0.391828,-1.46739,2.41552,-1.85004,1.9019,2.93289,1.95865,-1.01464,-2.87695,2.93784,0.991813,-1.0529,-2.87679,-1.93269,-1.95857,1.01462,2.87669,3.85124,3.91915,-5.0,-2.77048])
1.8254614705106291
Max g: 0.006384921531043863
f_78([0.0323546,-2.14592,2.21932,-3.02375,3.29372,0.0232426,1.0,0.38889,0.35615,0.108067,2.63603,-2.67301,1.84312,2.11525,-0.210959,-0.302029,1.14921,-0.81002,-1.0137,-0.758222,0.246146,-0.227647,0.109862,-0.391547,-1.46747,2.41556,-1.84994,1.90186,2.93491,1.96032,-1.01623,-2.87903,2.93968,0.992349,-1.05316,-2.87891,-1.93468,-1.96023,1.01619,2.87876,3.8554,3.92266,-5.0,-2.77817])
1.8245666364564572
Max g: 0.006172322183688128
f_79([0.0322626,-2.14601,2.21937,-3.02376,3.2937,0.0233353,1.0,0.389247,0.356445,0.108074,2.63594,-2.67306,1.84302,2.11523,-0.211003,-0.302089,1.14922,-0.810024,-1.01322,-0.758251,0.246453,-0.227356,0.10954,-0.391227,-1.46755,2.41562,-1.84987,1.9018,2.93684,1.96191,-1.01777,-2.88103,2.94147,0.992841,-1.05339,-2.88095,-1.93661,-1.96183,1.01773,2.88076,3.85955,3.9261,-5.0,-2.78573])
1.8220809863059797
Max g: 0.005944463201641714
f_80([0.0322569,-2.1461,2.21935,-3.02381,3.29368,0.0233166,1.0,0.389571,0.356663,0.108101,2.63588,-2.67314,1.84301,2.11523,-0.210988,-0.302102,1.14921,-0.810041,-1.01284,-0.758273,0.246699,-0.227092,0.109329,-0.391056,-1.46759,2.41563,-1.84983,1.9018,2.93844,1.96325,-1.01904,-2.88269,2.94295,0.993311,-1.05363,-2.88267,-1.93823,-1.96319,1.01901,2.88245,3.8629,3.92894,-5.0,-2.79192])
1.8226775423420944
{0.03225693980905726,-2.1460963666157498,2.2193483456925853,-3.0238081133973,3.2936777156098263,0.023316589791963292,1.000000000000001,0.38957066541325724,0.3566628521236587,0.10810104417719202,2.635880294088959,-2.673139663528527,1.8430068537605715,2.1152270756042513,-0.21098848112245747,-0.30210240004171857,1.1492134144967736,-0.8100411995668756,-1.0128374492376833,-0.7582727076425755,0.246698711171868,-0.2270919472930811,0.1093285047811042,-0.3910555712401245,-1.4675868239552718,2.4156289996574833,-1.8498307064808281,1.9017959172052643,2.938437394398134,1.9632544125857407,-1.0190427389687706,-2.882687311302542,2.9429492747339334,0.9933110667539816,-1.0536250594695056,-2.8826712844410927,-1.9382348323783296,-1.9631858009911274,1.0190128658095818,2.8824494839342742,3.8628965828993382,3.928936302965041,-4.999999941221198,-2.7919162420933255}]
Set[{A021,A031,A032,A041,A042,A043,A121,A131,A132,A141,A142,A143,B021,B031,B032,B041,B042,B043,B121,B131,B132,B141,B142,B143,\[Alpha]1,\[Alpha]2,\[Alpha]3,\[Alpha]4,\[Beta]11,\[Beta]12,\[Beta]13,\[Beta]14,\[Beta]21,\[Beta]22,\[Beta]23,\[Beta]24,\[Beta]31,\[Beta]32,\[Beta]33,\[Beta]34,\[Beta]41,\[Beta]42,\[Beta]43,\[Beta]44},{0.03225693980905726,-2.1460963666157498,2.2193483456925853,-3.0238081133973,3.2936777156098263,0.023316589791963292,1.000000000000001,0.38957066541325724,0.3566628521236587,0.10810104417719202,2.635880294088959,-2.673139663528527,1.8430068537605715,2.1152270756042513,-0.21098848112245747,-0.30210240004171857,1.1492134144967736,-0.8100411995668756,-1.0128374492376833,-0.7582727076425755,0.246698711171868,-0.2270919472930811,0.1093285047811042,-0.3910555712401245,-1.4675868239552718,2.4156289996574833,-1.8498307064808281,1.9017959172052643,2.938437394398134,1.9632544125857407,-1.0190427389687706,-2.882687311302542,2.9429492747339334,0.9933110667539816,-1.0536250594695056,-2.8826712844410927,-1.9382348323783296,-1.9631858009911274,1.0190128658095818,2.8824494839342742,3.8628965828993382,3.928936302965041,-4.999999941221198,-2.7919162420933255}]

Max g: 0.005779202302045927
f_81([0.0322457,-2.14608,2.2193,-3.0238,3.29366,0.0233067,1.0,0.389829,0.356909,0.108108,2.63581,-2.67318,1.84301,2.11527,-0.210994,-0.302101,1.14922,-0.810076,-1.01247,-0.758289,0.246937,-0.226855,0.109101,-0.390854,-1.46764,2.41564,-1.84977,1.90177,2.93994,1.96452,-1.02023,-2.88427,2.94433,0.993724,-1.0538,-2.88428,-1.93973,-1.96445,1.0202,2.88402,3.86611,3.9316,-5.0,-2.79778])
1.8227769683481134
Max g: 0.005605548337453081
f_82([0.0322427,-2.14605,2.21927,-3.02379,3.29365,0.0233051,1.0,0.389981,0.357035,0.108105,2.6358,-2.67322,1.84301,2.11524,-0.210948,-0.302107,1.14918,-0.810055,-1.01228,-0.758312,0.247065,-0.226728,0.10898,-0.390737,-1.46766,2.41564,-1.84975,1.90177,2.94075,1.96518,-1.02085,-2.88511,2.94507,0.99394,-1.05392,-2.88512,-1.94054,-1.96511,1.02083,2.88486,3.86774,3.93304,-5.0,-2.80085])
1.8234729503902471
Max g: 0.005521547382732084
f_83([0.0323234,-2.14607,2.21923,-3.0239,3.29372,0.02319,1.0,0.390451,0.357461,0.108165,2.63569,-2.67335,1.843,2.11532,-0.211002,-0.302018,1.14925,-0.810262,-1.01164,-0.758353,0.24747,-0.226355,0.108565,-0.39033,-1.46778,2.41565,-1.84967,1.9018,2.94341,1.96743,-1.02298,-2.88789,2.94748,0.994691,-1.05425,-2.88794,-1.94321,-1.96736,1.02295,2.88764,3.87317,3.93772,-5.0,-2.81097])
1.8228763943541326
Max g: 0.005220689173884796
f_84([0.0323414,-2.146,2.21908,-3.02399,3.29372,0.0231915,1.0,0.390945,0.358066,0.108206,2.63542,-2.67336,1.84308,2.11541,-0.210938,-0.301901,1.14919,-0.810378,-1.01086,-0.758411,0.247983,-0.225809,0.108122,-0.389965,-1.4678,2.41575,-1.84966,1.90169,2.94656,1.9701,-1.02551,-2.89118,2.95047,0.99562,-1.05479,-2.89132,-1.94639,-1.97001,1.02546,2.89099,3.87988,3.94342,-5.0,-2.82337])
1.8220809863059797
Max g: 0.004904366885220834
f_85([0.0324318,-2.14599,2.21908,-3.02396,3.29361,0.023179,1.0,0.391496,0.358562,0.108218,2.63533,-2.67347,1.8431,2.11543,-0.210853,-0.301902,1.14917,-0.810415,-1.0101,-0.758447,0.248481,-0.22536,0.10761,-0.389471,-1.46778,2.41575,-1.84952,1.90156,2.94967,1.97273,-1.02791,-2.89453,2.95329,0.996472,-1.05509,-2.89469,-1.94941,-1.97265,1.02787,2.89424,3.88661,3.94904,-5.0,-2.83573])
1.8209873002397696
Max g: 0.004525336436822847
f_86([0.0325187,-2.14593,2.21919,-3.0239,3.29355,0.0232388,1.0,0.392069,0.359075,0.108157,2.63524,-2.67356,1.84308,2.11551,-0.210849,-0.302009,1.1493,-0.810544,-1.00936,-0.758547,0.248975,-0.224881,0.107156,-0.389042,-1.46789,2.41576,-1.84932,1.90146,2.95271,1.97523,-1.03031,-2.89763,2.95618,0.997344,-1.05563,-2.89794,-1.95252,-1.97518,1.03031,2.89739,3.8929,3.95454,-5.0,-2.84751])
1.8187005021013305
Max g: 0.004222544794498073
f_87([0.0323607,-2.14581,2.219,-3.02382,3.29343,0.0234041,1.0,0.392518,0.359666,0.108283,2.635,-2.67369,1.84316,2.11544,-0.210676,-0.30206,1.1493,-0.81052,-1.00863,-0.758601,0.24945,-0.224355,0.106748,-0.38872,-1.46798,2.4158,-1.84932,1.9015,2.95576,1.97775,-1.03277,-2.90075,2.959,0.998125,-1.056,-2.90114,-1.95562,-1.97769,1.03272,2.9006,3.89927,3.95992,-5.0,-2.85925])
1.8189987801193876
Max g: 0.0038703293917757287
f_88([0.0323066,-2.14582,2.2191,-3.02376,3.29348,0.023449,1.0,0.393096,0.36017,0.108276,2.63479,-2.67375,1.84313,2.11548,-0.210706,-0.302187,1.14927,-0.810403,-1.00791,-0.758714,0.249933,-0.223943,0.106219,-0.388117,-1.46812,2.41581,-1.84924,1.90156,2.95885,1.98014,-1.03513,-2.90389,2.96182,0.998819,-1.05641,-2.90424,-1.95874,-1.98011,1.03514,2.90373,3.90552,3.96534,-5.0,-2.8709])
1.8179050940531776
Max g: 0.003556343298238396
f_89([0.0324042,-2.14585,2.21917,-3.02372,3.29345,0.023347,1.0,0.393648,0.360635,0.108334,2.63461,-2.67384,1.84308,2.11546,-0.210719,-0.302128,1.14924,-0.810453,-1.00722,-0.758808,0.2504,-0.223459,0.105829,-0.387797,-1.46813,2.41581,-1.84919,1.90153,2.96178,1.98259,-1.03742,-2.90697,2.96449,0.999654,-1.05686,-2.9073,-1.96163,-1.98254,1.03741,2.90678,3.91145,3.97055,-5.0,-2.88205])
1.817209112011044
Max g: 0.0032465650567606863
f_90([0.0324383,-2.14588,2.21924,-3.02372,3.29336,0.0234268,1.0,0.394132,0.361131,0.108396,2.63451,-2.67401,1.84311,2.11551,-0.210698,-0.302155,1.14925,-0.810479,-1.00653,-0.758849,0.250864,-0.223077,0.105336,-0.38731,-1.46825,2.41579,-1.84911,1.90157,2.96453,1.98502,-1.03968,-2.90989,2.96707,1.0005,-1.0573,-2.91027,-1.96449,-1.98502,1.03973,2.90978,3.91758,3.97569,-5.0,-2.89329])
1.816115425944834
{0.03243832025965113,-2.1458777702172234,2.2192352453767237,-3.0237169245697375,3.2933570279353104,0.023426776212307526,1.0000000000000007,0.3941322647130265,0.3611310947730608,0.10839603450784467,2.6345124058139855,-2.674005581270337,1.8431146581412705,2.1155120966173446,-0.2106983715924615,-0.30215492360179075,1.1492516646038202,-0.8104794864511258,-1.0065291884952465,-0.7588494485424643,0.2508639629140293,-0.2230769236527421,0.10533637727980567,-0.3873104581174182,-1.4682536083430135,2.415792853588648,-1.849113153606667,1.9015655144888095,2.964531103270315,1.985018706878213,-1.0396798448004432,-2.909886229151438,2.967067593519021,1.0005038692766628,-1.0573029458246501,-2.9102704002003064,-1.9644854028309533,-1.9850188037732683,1.0397303035345622,2.90977934232989,3.9175820688604572,3.975691181082079,-5.0,-2.8932909688580644}]
Set[{A021,A031,A032,A041,A042,A043,A121,A131,A132,A141,A142,A143,B021,B031,B032,B041,B042,B043,B121,B131,B132,B141,B142,B143,\[Alpha]1,\[Alpha]2,\[Alpha]3,\[Alpha]4,\[Beta]11,\[Beta]12,\[Beta]13,\[Beta]14,\[Beta]21,\[Beta]22,\[Beta]23,\[Beta]24,\[Beta]31,\[Beta]32,\[Beta]33,\[Beta]34,\[Beta]41,\[Beta]42,\[Beta]43,\[Beta]44},{0.03243832025965113,-2.1458777702172234,2.2192352453767237,-3.0237169245697375,3.2933570279353104,0.023426776212307526,1.0000000000000007,0.3941322647130265,0.3611310947730608,0.10839603450784467,2.6345124058139855,-2.674005581270337,1.8431146581412705,2.1155120966173446,-0.2106983715924615,-0.30215492360179075,1.1492516646038202,-0.8104794864511258,-1.0065291884952465,-0.7588494485424643,0.2508639629140293,-0.2230769236527421,0.10533637727980567,-0.3873104581174182,-1.4682536083430135,2.415792853588648,-1.849113153606667,1.9015655144888095,2.964531103270315,1.985018706878213,-1.0396798448004432,-2.909886229151438,2.967067593519021,1.0005038692766628,-1.0573029458246501,-2.9102704002003064,-1.9644854028309533,-1.9850188037732683,1.0397303035345622,2.90977934232989,3.9175820688604572,3.975691181082079,-5.0,-2.8932909688580644}]

Max g: 0.002939769307370499
f_91([0.0324351,-2.14584,2.21913,-3.02368,3.29334,0.0233384,1.0,0.394542,0.361565,0.108485,2.63429,-2.67407,1.84313,2.11555,-0.210714,-0.302207,1.14932,-0.810498,-1.00598,-0.75894,0.251241,-0.22271,0.104982,-0.386971,-1.46824,2.41578,-1.8491,1.90155,2.96687,1.98693,-1.04154,-2.91229,2.96922,1.00112,-1.05765,-2.9127,-1.96679,-1.98691,1.04152,2.9122,3.92236,3.97994,-5.0,-2.90234])
1.8160159999388148
Max g: 0.0026792592393048986
f_92([0.0324087,-2.14592,2.21916,-3.02366,3.2932,0.0234493,1.0,0.394863,0.36198,0.108484,2.63418,-2.67411,1.84312,2.11565,-0.210748,-0.302228,1.14928,-0.810505,-1.00545,-0.758963,0.251593,-0.222358,0.104673,-0.386725,-1.46834,2.4158,-1.84898,1.90152,2.96901,1.98878,-1.04324,-2.91457,2.97121,1.00176,-1.05796,-2.91502,-1.969,-1.98879,1.04326,2.91455,3.92702,3.9838,-5.0,-2.91087])
1.8135303497883375
Max g: 0.002447775013438569
f_93([0.0324271,-2.14591,2.2191,-3.02369,3.29322,0.0233851,1.0,0.395348,0.36226,0.108464,2.6341,-2.67417,1.84313,2.11567,-0.210706,-0.302314,1.14929,-0.810482,-1.00493,-0.759015,0.251949,-0.222002,0.104351,-0.386453,-1.46845,2.41591,-1.84898,1.90152,2.9712,1.99062,-1.04498,-2.91687,2.97323,1.00237,-1.05829,-2.9173,-1.97118,-1.99063,1.04499,2.91683,3.93165,3.9877,-5.0,-2.91939])
1.814226331830471
Max g: 0.0022046705182117154
f_94([0.0324507,-2.14588,2.21913,-3.0236,3.29317,0.0233721,1.0,0.395754,0.362637,0.10843,2.63399,-2.6742,1.84319,2.11571,-0.210619,-0.302391,1.14928,-0.810461,-1.00439,-0.759071,0.252314,-0.221627,0.10404,-0.386195,-1.46858,2.41597,-1.84892,1.90154,2.97346,1.9925,-1.04672,-2.91924,2.97532,1.00299,-1.05861,-2.91971,-1.97344,-1.99253,1.04677,2.91922,3.9364,3.99173,-5.0,-2.92815])
1.8139280538124138
Max g: 0.001965402671466554
f_95([0.0324549,-2.14588,2.21911,-3.02357,3.29316,0.023342,1.0,0.395988,0.362816,0.108435,2.63394,-2.67423,1.8432,2.11575,-0.210619,-0.302379,1.14926,-0.810484,-1.0041,-0.759099,0.252509,-0.221445,0.103861,-0.386036,-1.46862,2.41597,-1.84887,1.90151,2.97465,1.99353,-1.04768,-2.92051,2.9764,1.00335,-1.0588,-2.92096,-1.97464,-1.99354,1.0477,2.92049,3.93891,3.99387,-5.0,-2.93281])
1.8137292018003757
Max g: 0.0018430223988458727
f_96([0.0324667,-2.14586,2.2191,-3.02359,3.29312,0.023386,1.0,0.39618,0.363002,0.108434,2.63389,-2.67426,1.8432,2.11577,-0.210611,-0.302379,1.14924,-0.810487,-1.00384,-0.759126,0.252686,-0.221281,0.103691,-0.385878,-1.46864,2.416,-1.84884,1.90148,2.97574,1.99445,-1.04853,-2.92166,2.9774,1.00364,-1.05895,-2.9221,-1.97572,-1.99445,1.04855,2.92163,3.9412,3.99582,-5.0,-2.93704])
1.813132645764261
Max g: 0.001721190184918342
f_97([0.0324702,-2.14589,2.21915,-3.02358,3.29314,0.0233662,1.0,0.396357,0.363192,0.108457,2.63381,-2.67428,1.84321,2.1158,-0.210617,-0.302389,1.14924,-0.810486,-1.00359,-0.759151,0.252857,-0.221118,0.103531,-0.385733,-1.46867,2.41602,-1.84884,1.90148,2.97681,1.99534,-1.04937,-2.92279,2.97836,1.00394,-1.0591,-2.92321,-1.97679,-1.99535,1.04939,2.92276,3.94344,3.9977,-5.0,-2.94116])
1.813132645764261
Max g: 0.0016073555351537872
f_98([0.0324517,-2.14591,2.21912,-3.0236,3.29314,0.0233664,1.0,0.39657,0.36333,0.108466,2.63376,-2.67432,1.84322,2.11581,-0.210603,-0.302386,1.14923,-0.810494,-1.00335,-0.759176,0.253022,-0.220953,0.103386,-0.385614,-1.46868,2.41603,-1.84883,1.90147,2.97783,1.9962,-1.05017,-2.92386,2.97927,1.00422,-1.05924,-2.92425,-1.9778,-1.9962,1.05018,2.92383,3.94554,3.9995,-5.0,-2.94507])
1.8120389596980508
Max g: 0.001496827338616391
f_99([0.0324618,-2.14589,2.21915,-3.02358,3.29316,0.0233621,1.0,0.396734,0.363483,0.108479,2.6337,-2.67434,1.84322,2.1158,-0.210586,-0.302357,1.1492,-0.810506,-1.00313,-0.759195,0.253171,-0.22082,0.103241,-0.385478,-1.4687,2.41604,-1.84881,1.90147,2.97873,1.99698,-1.05089,-2.92484,2.98012,1.0045,-1.05939,-2.92523,-1.97872,-1.99699,1.05091,2.92482,3.94748,4.00115,-5.0,-2.94866])
1.8123372377161082
Max g: 0.0013998130173240586
f_100([0.0324495,-2.14592,2.21916,-3.02359,3.29317,0.0233638,1.0,0.396916,0.363618,0.10848,2.63367,-2.67438,1.84321,2.1158,-0.210578,-0.302363,1.14919,-0.810508,-1.00292,-0.759218,0.253322,-0.220679,0.103104,-0.385356,-1.46873,2.41604,-1.84877,1.90146,2.97964,1.99775,-1.0516,-2.92578,2.98095,1.00476,-1.05953,-2.92618,-1.97961,-1.99776,1.05162,2.92576,3.94941,4.00277,-5.0,-2.95219])
1.8120389596980508
{0.032449507958062944,-2.145920380417556,2.2191634806379157,-3.0235908899463673,3.2931659084237044,0.02336377476271203,0.9999999718647239,0.3969163702438624,0.3636177918382264,0.10847998905151719,2.633669212026747,-2.6743757980616834,1.8432061058584934,2.1157970675846105,-0.21057763546399885,-0.30236306893963144,1.149188822106314,-0.8105080979949308,-1.0029158993662761,-0.7592182022064514,0.2533215859642465,-0.2206788816737375,0.10310359636233944,-0.38535610156634326,-1.4687307391271238,2.416036995454032,-1.8487685178885185,1.9014628269555067,2.9796379225572225,1.9977457268533576,-1.0516022077287899,-2.9257843762019577,2.980954600598376,1.0047604814108495,-1.0595345953416713,-2.926184411052382,-1.9796149368250835,-1.9977592492697602,1.051620671269264,2.925762856113163,3.9494104434843167,4.002771998795097,-4.999999986491213,-2.9521949102610714}]
Set[{A021,A031,A032,A041,A042,A043,A121,A131,A132,A141,A142,A143,B021,B031,B032,B041,B042,B043,B121,B131,B132,B141,B142,B143,\[Alpha]1,\[Alpha]2,\[Alpha]3,\[Alpha]4,\[Beta]11,\[Beta]12,\[Beta]13,\[Beta]14,\[Beta]21,\[Beta]22,\[Beta]23,\[Beta]24,\[Beta]31,\[Beta]32,\[Beta]33,\[Beta]34,\[Beta]41,\[Beta]42,\[Beta]43,\[Beta]44},{0.032449507958062944,-2.145920380417556,2.2191634806379157,-3.0235908899463673,3.2931659084237044,0.02336377476271203,0.9999999718647239,0.3969163702438624,0.3636177918382264,0.10847998905151719,2.633669212026747,-2.6743757980616834,1.8432061058584934,2.1157970675846105,-0.21057763546399885,-0.30236306893963144,1.149188822106314,-0.8105080979949308,-1.0029158993662761,-0.7592182022064514,0.2533215859642465,-0.2206788816737375,0.10310359636233944,-0.38535610156634326,-1.4687307391271238,2.416036995454032,-1.8487685178885185,1.9014628269555067,2.9796379225572225,1.9977457268533576,-1.0516022077287899,-2.9257843762019577,2.980954600598376,1.0047604814108495,-1.0595345953416713,-2.926184411052382,-1.9796149368250835,-1.9977592492697602,1.051620671269264,2.925762856113163,3.9494104434843167,4.002771998795097,-4.999999986491213,-2.9521949102610714}]

Max g: 0.0013048150511223433
f_101([0.0324358,-2.14593,2.21917,-3.02358,3.29317,0.0233594,1.0,0.39707,0.363765,0.108516,2.63361,-2.67441,1.84321,2.11581,-0.210578,-0.302344,1.14918,-0.810513,-1.00271,-0.759239,0.253461,-0.220542,0.102982,-0.385254,-1.46873,2.41604,-1.84877,1.90145,2.98049,1.99848,-1.05227,-2.9267,2.98174,1.005,-1.05965,-2.92708,-1.98047,-1.99848,1.05228,2.92667,3.95123,4.00432,-5.0,-2.95557])
1.8116412556739745
Max g: 0.0012119634269434076
f_102([0.032432,-2.14593,2.21919,-3.02356,3.29317,0.0233709,1.0,0.397236,0.36391,0.108533,2.63356,-2.67445,1.84322,2.11581,-0.210557,-0.302356,1.14919,-0.810521,-1.00251,-0.759268,0.253604,-0.220398,0.102863,-0.385157,-1.46875,2.41603,-1.84875,1.90146,2.98137,1.99922,-1.05296,-2.92764,2.98252,1.00525,-1.05978,-2.92799,-1.98132,-1.99921,1.05295,2.92759,3.95305,4.00591,-5.0,-2.95897])
1.8118401076860127
Max g: 0.0011206849623333626
f_103([0.0324259,-2.14592,2.21916,-3.02356,3.29315,0.0233733,1.0,0.397396,0.364047,0.108543,2.63353,-2.67449,1.84324,2.11582,-0.210546,-0.302375,1.14919,-0.810515,-1.00231,-0.759297,0.253741,-0.220261,0.10275,-0.385064,-1.46876,2.41604,-1.84873,1.90146,2.9822,1.99993,-1.05362,-2.92852,2.9833,1.00549,-1.0599,-2.92888,-1.98217,-1.99992,1.05361,2.92849,3.95477,4.00743,-5.0,-2.96222])
1.8119395336920319
Max g: 0.0010291731623837674
f_104([0.0324189,-2.14592,2.21917,-3.02355,3.29318,0.0233461,1.0,0.397479,0.364111,0.108551,2.63349,-2.67449,1.84325,2.11584,-0.210543,-0.302373,1.1492,-0.810529,-1.00221,-0.759308,0.25381,-0.2202,0.102683,-0.385001,-1.46876,2.41604,-1.84873,1.90146,2.98261,2.00029,-1.05395,-2.92895,2.98366,1.00561,-1.05996,-2.92931,-1.9826,-2.00028,1.05394,2.92895,3.95566,4.00818,-5.0,-2.96386])
1.8114424036619363
Max g: 0.0009829031404934296
f_105([0.0324173,-2.14593,2.21917,-3.02355,3.29318,0.0233522,1.0,0.397517,0.36415,0.108557,2.63349,-2.67451,1.84326,2.11584,-0.21053,-0.30238,1.14921,-0.810533,-1.00216,-0.759313,0.253845,-0.220172,0.102646,-0.384964,-1.46877,2.41604,-1.84873,1.90145,2.98283,2.00048,-1.05412,-2.92919,2.98385,1.00567,-1.05999,-2.92953,-1.98281,-2.00047,1.05412,2.92917,3.95611,4.00858,-5.0,-2.9647])
1.8102492915897073
Max g: 0.0009601513793836003
f_106([0.0324234,-2.14592,2.21918,-3.02353,3.29317,0.0233443,1.0,0.397551,0.364193,0.108558,2.63347,-2.67451,1.84325,2.11584,-0.210538,-0.302375,1.1492,-0.810541,-1.00211,-0.759321,0.253881,-0.22014,0.102614,-0.384933,-1.46877,2.41604,-1.84872,1.90145,2.98305,2.00066,-1.05429,-2.92942,2.98405,1.00573,-1.06002,-2.92976,-1.98304,-2.00066,1.05429,2.92941,3.95657,4.00898,-5.0,-2.96556])
1.8111441256438792
Max g: 0.000936875407480775
f_107([0.0324228,-2.14593,2.21919,-3.02354,3.29318,0.0233473,1.0,0.397592,0.364229,0.10856,2.63345,-2.67451,1.84326,2.11584,-0.210528,-0.302379,1.14921,-0.810545,-1.00205,-0.759326,0.253916,-0.220107,0.102583,-0.384905,-1.46878,2.41604,-1.84871,1.90145,2.98326,2.00084,-1.05446,-2.92965,2.98425,1.00579,-1.06005,-2.92999,-1.98325,-2.00085,1.05446,2.92964,3.95703,4.00937,-5.0,-2.96641])
1.8108458476258218
Max g: 0.0009156131104383625
f_108([0.0324117,-2.14593,2.21919,-3.02353,3.29318,0.0233499,1.0,0.39763,0.364265,0.10856,2.63344,-2.67451,1.84325,2.11584,-0.210526,-0.302383,1.14921,-0.810547,-1.002,-0.759328,0.253953,-0.220075,0.102546,-0.384873,-1.46878,2.41604,-1.8487,1.90144,2.98347,2.00103,-1.05462,-2.92989,2.98445,1.00586,-1.06008,-2.93023,-1.98346,-2.00104,1.05463,2.92988,3.95749,4.00976,-5.0,-2.96726])
1.8111441256438792
Max g: 0.0008894413096087739
f_109([0.0324022,-2.14598,2.21926,-3.02349,3.29312,0.0233903,1.0,0.398085,0.364624,0.108581,2.63339,-2.67468,1.84323,2.11576,-0.210468,-0.302372,1.14915,-0.81052,-1.00148,-0.759397,0.254299,-0.219743,0.102232,-0.384576,-1.46885,2.41616,-1.84879,1.90149,2.9856,2.00279,-1.0563,-2.93211,2.98627,1.00638,-1.06033,-2.93233,-1.98562,-2.00281,1.05631,2.93212,3.96213,4.01382,-5.0,-2.97596])
1.80995101357165
Max g: 0.000662639089746675
f_110([0.0324672,-2.14597,2.21933,-3.02347,3.29307,0.0234133,1.0,0.398514,0.364898,0.108582,2.63334,-2.67477,1.84323,2.11578,-0.210468,-0.302337,1.14908,-0.810504,-1.00101,-0.759458,0.254627,-0.219449,0.101932,-0.384295,-1.46888,2.41623,-1.8488,1.90145,2.98759,2.00448,-1.05783,-2.93425,2.98807,1.00696,-1.06062,-2.93441,-1.98763,-2.0045,1.05787,2.93426,3.96627,4.0174,-5.0,-2.98368])
1.810149865583688
{0.032467186026130086,-2.1459740829830753,2.2193297523311317,-3.023466675881087,3.2930744065932025,0.02341327068025175,1.000000151399647,0.39851370032936784,0.3648978997583433,0.10858204336889458,2.633336539227022,-2.6747721419620207,1.8432262251136822,2.1157836799326244,-0.21046808511332538,-0.3023368140882911,1.1490770613456258,-0.8105038741870025,-1.0010142316898014,-0.7594580735762442,0.25462706239487914,-0.2194494341523707,0.10193191310003775,-0.3842953211011283,-1.46887588204407,2.4162274571536972,-1.8488006355408713,1.9014526841555472,2.987592332700976,2.0044825697803623,-1.0578339684224096,-2.9342463747575107,2.9880705508743057,1.00695773815442,-1.0606244712458683,-2.934406821160194,-1.9876305067874422,-2.0045013646915795,1.0578676026569245,2.934262402611527,3.966273759419199,4.017400447814065,-4.999999913740205,-2.983680605944183}]
Set[{A021,A031,A032,A041,A042,A043,A121,A131,A132,A141,A142,A143,B021,B031,B032,B041,B042,B043,B121,B131,B132,B141,B142,B143,\[Alpha]1,\[Alpha]2,\[Alpha]3,\[Alpha]4,\[Beta]11,\[Beta]12,\[Beta]13,\[Beta]14,\[Beta]21,\[Beta]22,\[Beta]23,\[Beta]24,\[Beta]31,\[Beta]32,\[Beta]33,\[Beta]34,\[Beta]41,\[Beta]42,\[Beta]43,\[Beta]44},{0.032467186026130086,-2.1459740829830753,2.2193297523311317,-3.023466675881087,3.2930744065932025,0.02341327068025175,1.000000151399647,0.39851370032936784,0.3648978997583433,0.10858204336889458,2.633336539227022,-2.6747721419620207,1.8432262251136822,2.1157836799326244,-0.21046808511332538,-0.3023368140882911,1.1490770613456258,-0.8105038741870025,-1.0010142316898014,-0.7594580735762442,0.25462706239487914,-0.2194494341523707,0.10193191310003775,-0.3842953211011283,-1.46887588204407,2.4162274571536972,-1.8488006355408713,1.9014526841555472,2.987592332700976,2.0044825697803623,-1.0578339684224096,-2.9342463747575107,2.9880705508743057,1.00695773815442,-1.0606244712458683,-2.934406821160194,-1.9876305067874422,-2.0045013646915795,1.0578676026569245,2.934262402611527,3.966273759419199,4.017400447814065,-4.999999913740205,-2.983680605944183}]

Max g: 0.00046343346854632594
f_111([0.0324722,-2.14599,2.21937,-3.02349,3.29313,0.0233954,1.0,0.39884,0.365243,0.108579,2.6332,-2.67478,1.84331,2.11591,-0.210413,-0.302323,1.14905,-0.810567,-1.00056,-0.759511,0.254945,-0.219167,0.101623,-0.384014,-1.46901,2.41623,-1.84868,1.90145,2.98952,2.00616,-1.0594,-2.93628,2.98983,1.00752,-1.06093,-2.93641,-1.98955,-2.00617,1.0594,2.93633,3.9703,4.02085,-5.0,-2.99117])
1.807863067445249
Max g: 0.00024255168375625358
f_112([0.0324977,-2.14592,2.21934,-3.02344,3.29309,0.023389,1.0,0.399168,0.365589,0.108608,2.63311,-2.67486,1.84327,2.11594,-0.210472,-0.302365,1.14904,-0.810543,-1.00011,-0.759562,0.255262,-0.218874,0.101322,-0.383735,-1.46907,2.41625,-1.84864,1.90145,2.99152,2.00778,-1.06093,-2.93837,2.99157,1.00803,-1.06123,-2.93837,-1.99144,-2.00775,1.06089,2.93831,3.97438,4.02426,-5.0,-2.99863])
1.8087579014994206
Max g: 4.788911576392163e-5
f_113([0.0325077,-2.14594,2.21938,-3.0234,3.29305,0.0233954,1.0,0.399537,0.365901,0.108594,2.63299,-2.67489,1.84334,2.11605,-0.210469,-0.302392,1.149,-0.810494,-0.999661,-0.759625,0.255574,-0.218581,0.101037,-0.383478,-1.46909,2.41625,-1.84859,1.90144,2.99342,2.00936,-1.06242,-2.94034,2.99328,1.00853,-1.06151,-2.94031,-1.99336,-2.00932,1.06238,2.9403,3.9784,4.02768,-5.0,-3.00608])
1.8085590494873824
Max g: 7.135409410558013e-5
f_114([0.0325374,-2.14592,2.21938,-3.02344,3.29309,0.0233694,1.0,0.399843,0.366249,0.108608,2.63286,-2.67491,1.84335,2.11615,-0.210531,-0.302342,1.14893,-0.810512,-0.999226,-0.759685,0.255879,-0.218299,0.100769,-0.383243,-1.46916,2.41622,-1.84851,1.90144,2.9952,2.01092,-1.06385,-2.94226,2.99496,1.0091,-1.06181,-2.94225,-1.99517,-2.0109,1.06384,2.94222,3.98219,4.03102,-5.0,-3.0132])
1.8074653634211724
Max g: 0.0001857796468235362
f_115([0.0325667,-2.14586,2.21942,-3.02342,3.29315,0.0233541,1.0,0.400174,0.366546,0.108623,2.63278,-2.67498,1.84344,2.11622,-0.210466,-0.302432,1.14889,-0.810408,-0.998809,-0.759734,0.256174,-0.217988,0.100543,-0.383088,-1.46915,2.41626,-1.8485,1.9014,2.99695,2.01242,-1.0652,-2.94417,2.9966,1.00961,-1.06207,-2.94413,-1.99698,-2.01243,1.06522,2.94418,3.98598,4.03421,-5.0,-3.02018])
1.8061728253429241
Max g: 0.000295393871106997
f_116([0.0325307,-2.14588,2.21946,-3.02343,3.29313,0.0234551,1.0,0.400429,0.366914,0.108697,2.63262,-2.67503,1.84344,2.11617,-0.210419,-0.302446,1.14885,-0.810338,-0.998396,-0.759785,0.256466,-0.217714,0.100286,-0.382868,-1.46917,2.41622,-1.84847,1.90141,2.99868,2.01391,-1.06659,-2.946,2.99817,1.01011,-1.06233,-2.94595,-1.9987,-2.0139,1.06658,2.94601,3.9897,4.03738,-5.0,-3.02707])
1.8057751213188478
Max g: 0.0003873011141384275
f_117([0.0325412,-2.14588,2.21942,-3.02352,3.29312,0.0234926,1.0,0.40078,0.367159,0.108724,2.63255,-2.6751,1.84344,2.11616,-0.210377,-0.302486,1.14878,-0.810264,-0.997997,-0.75983,0.25675,-0.217437,0.10005,-0.382696,-1.46922,2.41623,-1.84842,1.90142,3.00032,2.01539,-1.0679,-2.94781,2.99968,1.01063,-1.0626,-2.9477,-2.00038,-2.01541,1.06793,2.94785,3.99332,4.04047,-5.0,-3.03376])
1.8051785652827332
Max g: 0.0004783516971326174
f_118([0.0325344,-2.14592,2.21937,-3.02352,3.29313,0.0234127,1.0,0.401078,0.367456,0.10873,2.63249,-2.67518,1.84344,2.11621,-0.210389,-0.302611,1.14881,-0.8102,-0.997596,-0.759881,0.257033,-0.217164,0.0997973,-0.382478,-1.4693,2.41624,-1.84837,1.90143,3.00204,2.01679,-1.06923,-2.94959,3.00125,1.01108,-1.06286,-2.94947,-2.00205,-2.01678,1.0692,2.94962,3.99691,4.04348,-5.0,-3.04037])
1.8061728253429241
Max g: 0.0005689336147812751
f_119([0.0325264,-2.14595,2.21941,-3.02356,3.29314,0.0234511,1.0,0.401437,0.367678,0.108724,2.6324,-2.67522,1.84347,2.11619,-0.210325,-0.30264,1.14884,-0.810221,-0.99721,-0.759926,0.257316,-0.216934,0.0995073,-0.382192,-1.46931,2.41627,-1.84837,1.90142,3.00372,2.01819,-1.07052,-2.95136,3.00278,1.01155,-1.06314,-2.95117,-2.00374,-2.01819,1.07053,2.9514,4.0005,4.0464,-5.0,-3.04689])
1.8053774172947714
Max g: 0.0006751190384265415
f_120([0.0326362,-2.14597,2.21949,-3.02363,3.29305,0.0235417,1.0,0.401737,0.36796,0.108715,2.63233,-2.67526,1.84353,2.11627,-0.210299,-0.302607,1.14883,-0.810272,-0.996825,-0.759976,0.257587,-0.216692,0.0992527,-0.381959,-1.46935,2.41629,-1.84833,1.90139,3.00533,2.01957,-1.0718,-2.95308,3.00428,1.01203,-1.06338,-2.95292,-2.00539,-2.01959,1.07182,2.95315,4.00395,4.04933,-5.0,-3.05326])
1.8040848792165232
{0.032636185944160664,-2.145967232943423,2.219492652783066,-3.023625798201063,3.2930542974140296,0.023541711590966713,0.999999972045063,0.4017365461033498,0.36796016166383266,0.10871519840377025,2.6323274543136415,-2.6752608847728463,1.8435303177112528,2.116267315638306,-0.21029916688019157,-0.3026070269554729,1.1488306641989394,-0.8102715222317517,-0.9968249582413852,-0.7599758887256546,0.25758748508405926,-0.21669195052575863,0.09925274590913148,-0.38195880991793274,-1.4693513576976391,2.4162902119426253,-1.8483326440652412,1.9013913009951693,3.005330333445627,2.0195674039525247,-1.07180443321445,-2.953084337707439,3.004277028978766,1.0120287894072524,-1.0633840800736294,-2.9529159377392884,-2.0053939325746413,-2.019592170818885,1.071821634004044,2.953152977981249,4.00395226783559,4.049334137906216,-4.99999992516268,-3.0532640628536223}]
Set[{A021,A031,A032,A041,A042,A043,A121,A131,A132,A141,A142,A143,B021,B031,B032,B041,B042,B043,B121,B131,B132,B141,B142,B143,\[Alpha]1,\[Alpha]2,\[Alpha]3,\[Alpha]4,\[Beta]11,\[Beta]12,\[Beta]13,\[Beta]14,\[Beta]21,\[Beta]22,\[Beta]23,\[Beta]24,\[Beta]31,\[Beta]32,\[Beta]33,\[Beta]34,\[Beta]41,\[Beta]42,\[Beta]43,\[Beta]44},{0.032636185944160664,-2.145967232943423,2.219492652783066,-3.023625798201063,3.2930542974140296,0.023541711590966713,0.999999972045063,0.4017365461033498,0.36796016166383266,0.10871519840377025,2.6323274543136415,-2.6752608847728463,1.8435303177112528,2.116267315638306,-0.21029916688019157,-0.3026070269554729,1.1488306641989394,-0.8102715222317517,-0.9968249582413852,-0.7599758887256546,0.25758748508405926,-0.21669195052575863,0.09925274590913148,-0.38195880991793274,-1.4693513576976391,2.4162902119426253,-1.8483326440652412,1.9013913009951693,3.005330333445627,2.0195674039525247,-1.07180443321445,-2.953084337707439,3.004277028978766,1.0120287894072524,-1.0633840800736294,-2.9529159377392884,-2.0053939325746413,-2.019592170818885,1.071821634004044,2.953152977981249,4.00395226783559,4.049334137906216,-4.99999992516268,-3.0532640628536223}]

Max g: 0.0007682056949072091
f_121([0.032647,-2.14591,2.21949,-3.02366,3.29306,0.023602,1.0,0.40207,0.3682,0.108701,2.63227,-2.67532,1.84359,2.11633,-0.210254,-0.302625,1.14884,-0.810291,-0.996465,-0.760047,0.257846,-0.216457,0.0990229,-0.381749,-1.46942,2.4163,-1.84828,1.90141,3.00692,2.0209,-1.07304,-2.95476,3.00567,1.01246,-1.06364,-2.95447,-2.00695,-2.0209,1.07303,2.9548,4.0071,4.0522,-5.0,-3.05929])
1.8042837312285613
Max g: 0.0008492329408965604
f_122([0.0326516,-2.14587,2.21952,-3.02364,3.29308,0.0236313,1.0,0.402321,0.368412,0.108715,2.63218,-2.67534,1.8436,2.11638,-0.210277,-0.302651,1.14882,-0.810263,-0.996153,-0.760083,0.258067,-0.216248,0.0988295,-0.381585,-1.46943,2.41629,-1.84824,1.90138,3.00824,2.02202,-1.07408,-2.95618,3.00688,1.01284,-1.06385,-2.95586,-2.00831,-2.02204,1.07408,2.95626,4.00994,4.05456,-5.0,-3.06446])
1.8031900451623513
Max g: 0.0009255869772650804
f_123([0.0326228,-2.14587,2.21956,-3.02363,3.29308,0.0236914,1.0,0.402572,0.368598,0.108706,2.63212,-2.67536,1.84359,2.11638,-0.210261,-0.302651,1.14881,-0.810289,-0.995858,-0.76011,0.258279,-0.216049,0.0986447,-0.381442,-1.46947,2.41632,-1.84821,1.90137,3.00949,2.02312,-1.07506,-2.95754,3.00799,1.01321,-1.06404,-2.95714,-2.00955,-2.02314,1.07507,2.95761,4.01262,4.05681,-5.0,-3.06941])
1.8024940631202175
Max g: 0.0009903621091401638
f_124([0.0325945,-2.14591,2.21959,-3.02367,3.29312,0.0237058,1.0,0.402778,0.368733,0.108699,2.63207,-2.67538,1.84359,2.11641,-0.210273,-0.302672,1.14881,-0.810287,-0.995633,-0.760135,0.25844,-0.215911,0.0984896,-0.381297,-1.46952,2.41633,-1.84819,1.90138,3.01047,2.02394,-1.0758,-2.95858,3.00888,1.01348,-1.06419,-2.95816,-2.01052,-2.02396,1.07582,2.95864,4.01467,4.05851,-5.0,-3.07316])
1.8032894711683705
Max g: 0.0010429554790305495
f_125([0.0326302,-2.14591,2.21959,-3.02367,3.2931,0.0236866,1.0,0.402941,0.368938,0.108695,2.63201,-2.6754,1.8436,2.11643,-0.210244,-0.302717,1.14882,-0.810275,-0.995389,-0.760165,0.258615,-0.21574,0.0983412,-0.381177,-1.46958,2.41633,-1.84812,1.90138,3.01152,2.02483,-1.07662,-2.9597,3.00984,1.01379,-1.06435,-2.95926,-2.01159,-2.02485,1.07663,2.95979,4.0169,4.06038,-5.0,-3.07725])
1.8026929151322557
Max g: 0.001115794117761304
f_126([0.0326884,-2.14589,2.21962,-3.02364,3.2931,0.0236234,1.0,0.403181,0.369091,0.108683,2.63197,-2.67543,1.84362,2.11644,-0.210205,-0.302729,1.14879,-0.810261,-0.995137,-0.760207,0.2588,-0.215565,0.0981834,-0.381048,-1.46964,2.41634,-1.84808,1.90138,3.01259,2.02574,-1.07748,-2.96084,3.01082,1.0141,-1.06455,-2.96036,-2.01268,-2.02577,1.07749,2.96095,4.0192,4.06234,-5.0,-3.08151])
1.8028917671442939
Max g: 0.0011734431895603636
f_127([0.0327012,-2.14589,2.21963,-3.02364,3.2931,0.0236223,1.0,0.40329,0.369151,0.108692,2.63196,-2.67546,1.84363,2.11645,-0.210209,-0.302722,1.14879,-0.810267,-0.995022,-0.760218,0.258882,-0.215481,0.0981194,-0.381006,-1.46964,2.41633,-1.84808,1.90139,3.01306,2.02616,-1.07785,-2.96136,3.01125,1.01424,-1.06461,-2.96087,-2.01316,-2.0262,1.07787,2.96147,4.02025,4.06322,-5.0,-3.08343])
1.8025934891262367
Max g: 0.0012007055725699045
f_128([0.0327136,-2.14589,2.21966,-3.02365,3.29311,0.0236414,1.0,0.403377,0.369226,0.108698,2.63192,-2.67547,1.84364,2.11647,-0.210212,-0.302718,1.14876,-0.810254,-0.994913,-0.760229,0.258961,-0.215418,0.0980395,-0.380929,-1.46965,2.41634,-1.84808,1.9014,3.01354,2.02657,-1.07822,-2.96186,3.01167,1.01438,-1.06469,-2.96135,-2.01362,-2.02659,1.07822,2.96196,4.02124,4.06405,-5.0,-3.08525])
1.803090619156332
Max g: 0.0012284677656773102
f_129([0.032723,-2.14588,2.21966,-3.02366,3.2931,0.0236436,1.0,0.403472,0.369315,0.108694,2.63192,-2.6755,1.84363,2.11647,-0.210209,-0.302745,1.14878,-0.810252,-0.994797,-0.760251,0.259047,-0.21534,0.09796,-0.380856,-1.46968,2.41633,-1.84805,1.9014,3.01405,2.02699,-1.07862,-2.9624,3.01214,1.01451,-1.06477,-2.96186,-2.01413,-2.02701,1.07863,2.9625,4.02231,4.06495,-5.0,-3.08722])
1.801897507084103
Max g: 0.001256096029035647
f_130([0.03272,-2.14587,2.21967,-3.02366,3.29312,0.0236566,1.0,0.403555,0.369403,0.108694,2.63189,-2.67552,1.84362,2.11647,-0.210203,-0.302741,1.14878,-0.810271,-0.994685,-0.760263,0.259126,-0.215269,0.0978862,-0.380789,-1.46971,2.41634,-1.84803,1.90141,3.01452,2.02739,-1.079,-2.96289,3.01256,1.01464,-1.06484,-2.96235,-2.01461,-2.02741,1.079,2.963,4.02332,4.0658,-5.0,-3.08909])
1.8016986550720648
{0.0327200411579159,-2.145868215384009,2.219672844832134,-3.0236629685273972,3.293121782338233,0.02365658877962917,0.9999999999999991,0.4035547443964313,0.36940344665275576,0.10869383002835542,2.631890708985318,-2.6755171990580475,1.8436229231247512,2.116466636673744,-0.21020326913140774,-0.3027414064314053,1.1487769373490855,-0.8102714940756994,-0.9946845856238539,-0.7602625102919337,0.2591264250303927,-0.21526925276047099,0.09788615363960908,-0.3807892633740198,-1.4697145617434533,2.416342172107647,-1.8480284385797734,1.9014054789086519,3.014523949168992,2.0273911023159887,-1.0790027852630821,-2.9628944070488785,3.0125607502491905,1.0146425762518325,-1.0648411127547006,-2.9623473849917716,-2.014606198952365,-2.027408127819667,1.0789969535117812,2.9629991652179433,4.023316667102895,4.065800619224343,-4.999999999999994,-3.0890882975311165}]
Set[{A021,A031,A032,A041,A042,A043,A121,A131,A132,A141,A142,A143,B021,B031,B032,B041,B042,B043,B121,B131,B132,B141,B142,B143,\[Alpha]1,\[Alpha]2,\[Alpha]3,\[Alpha]4,\[Beta]11,\[Beta]12,\[Beta]13,\[Beta]14,\[Beta]21,\[Beta]22,\[Beta]23,\[Beta]24,\[Beta]31,\[Beta]32,\[Beta]33,\[Beta]34,\[Beta]41,\[Beta]42,\[Beta]43,\[Beta]44},{0.0327200411579159,-2.145868215384009,2.219672844832134,-3.0236629685273972,3.293121782338233,0.02365658877962917,0.9999999999999991,0.4035547443964313,0.36940344665275576,0.10869383002835542,2.631890708985318,-2.6755171990580475,1.8436229231247512,2.116466636673744,-0.21020326913140774,-0.3027414064314053,1.1487769373490855,-0.8102714940756994,-0.9946845856238539,-0.7602625102919337,0.2591264250303927,-0.21526925276047099,0.09788615363960908,-0.3807892633740198,-1.4697145617434533,2.416342172107647,-1.8480284385797734,1.9014054789086519,3.014523949168992,2.0273911023159887,-1.0790027852630821,-2.9628944070488785,3.0125607502491905,1.0146425762518325,-1.0648411127547006,-2.9623473849917716,-2.014606198952365,-2.027408127819667,1.0789969535117812,2.9629991652179433,4.023316667102895,4.065800619224343,-4.999999999999994,-3.0890882975311165}]

Max g: 0.0012807051815857395
f_131([0.0327154,-2.14587,2.21967,-3.02366,3.29311,0.0236632,1.0,0.403613,0.369449,0.108694,2.63188,-2.67553,1.84363,2.11648,-0.210195,-0.302742,1.14877,-0.810271,-0.994618,-0.760275,0.259176,-0.215231,0.0978345,-0.380737,-1.46973,2.41633,-1.848,1.9014,3.01482,2.02764,-1.07923,-2.96321,3.01282,1.01472,-1.06489,-2.96264,-2.0149,-2.02765,1.07922,2.96331,4.02394,4.06633,-5.0,-3.09023])
1.8017980810780838
Max g: 0.0012950762306803698
