
-----------------Setup------------------
Options: alg=LN_AUGLAG_EQ,dx=0.01,max_eval=100000000,popSize=0
imin=-10,jmin=-3,imax=1,jmax=3,
parameter_minmax=5,randSeed=82712513

f_1([0.00678107,-4.08472,4.28795,2.507,0.55953,-2.71165,0.000558032,-3.65574,3.99658,-0.203687,0.463545,0.0809785,-0.0364321,-0.330173,0.512293,-0.664407,2.31456,4.6128,-0.290973,2.24455,-0.836957,2.41461,-2.07317,-0.437923,-3.4675,4.74972,-0.827764,0.0289702,4.47573,0.890582,3.61045,-2.2644,4.51996,3.08943,3.78539,-3.22193,-4.49421,-3.04945,-0.349086,0.119619,-1.12632,4.45639,2.9984,-0.169713])
5.957146807999384
Max g: 8.172849160325555
f_2([0.0027357,-4.12226,4.17241,2.48942,0.571669,-2.70223,0.00348948,-3.66072,4.03588,-0.303505,0.532687,0.145985,-0.00597726,-0.279666,0.412261,-0.666764,2.335,4.61499,-0.320538,2.26656,-0.830484,4.18907,-2.06867,-0.375437,-3.44859,4.78169,-0.85563,0.0148648,4.48044,0.906291,3.58677,-2.29231,4.51464,3.08365,3.8158,-3.77545,-4.14519,-0.345937,-0.395476,0.438387,-0.276549,2.81352,2.96396,-0.20391])
8.064515544029705
Max g: 7.638640859274913
f_3([0.0593194,-3.77674,3.8532,2.64776,1.05616,-2.73945,-4.09464e-19,-3.39773,3.41194,-0.697192,0.266062,0.445341,0.133081,-0.382951,0.390126,4.60163,2.6135,4.57804,-0.00495654,2.03731,-1.15569,3.20304,-2.64725,-0.0718416,-3.47826,4.54202,-0.0751199,0.0106135,4.35064,-0.845424,2.94675,-5.0,4.13161,2.14451,2.66075,-4.99998,-3.64071,3.10143,-1.11456,1.45008,-0.496745,1.65349,2.32751,-2.73926])
4.2741842614715715
Max g: 3.9368902400212313
f_4([0.387078,-3.41612,4.40034,2.62995,1.09867,-2.74441,-4.287e-22,-3.39417,3.39417,-2.54339,1.138,1.40539,0.20748,-0.491045,0.574213,3.75568,2.32576,4.64859,0.0864114,1.97178,-1.09534,3.14208,-2.84987,0.145921,-3.5051,4.54696,-0.529326,0.0113383,4.33766,-1.11468,2.86901,-5.0,4.00667,1.73387,2.2733,-5.0,-3.63477,3.02703,-1.30469,1.45201,-0.540862,1.55372,2.40114,-3.74227])
0.9620206105174391
Max g: 3.0138382672978157
f_5([0.236171,-0.262009,1.06188,2.13496,1.84048,-3.00923,6.92353e-9,-3.05791,3.05791,-2.4582,1.09524,1.36296,0.207021,-0.406689,0.477469,4.06765,2.44244,4.66591,0.123346,1.51947,-0.588627,3.47787,-3.35661,0.329208,-2.68892,4.53864,-0.647275,0.0104525,4.22701,-1.0415,2.29341,-4.18464,3.95105,1.47941,2.0977,-5.0,-3.38113,2.94038,-0.969873,1.13567,-0.913076,2.23246,2.68152,-4.44638])
1.9995466230215762
Max g: 2.528151601262861
f_6([0.205041,-0.266149,0.848642,2.2553,1.78131,-3.03776,-5.83317e-27,-2.78884,2.78884,-2.51468,1.07529,1.43939,0.201086,-0.36988,0.411798,4.23192,1.32502,4.72021,0.111576,1.49832,-0.623014,3.43907,-3.36275,0.307201,-2.67827,4.51068,-0.700856,0.0124653,4.2174,-1.16929,2.30915,-4.21675,3.94287,1.17323,1.9046,-5.0,-3.21029,3.0599,-1.06187,1.12192,-0.0438451,2.16124,2.64903,-4.67643])
2.2957831407236804
Max g: 2.020702916470185
f_7([0.187474,-0.354898,0.733208,2.16544,1.8174,-3.042,5.70622e-9,-2.2564,2.2564,-3.4977,1.54227,1.95543,0.182673,-0.382639,0.328004,4.21059,1.28587,4.71365,0.109531,1.53296,-0.673155,3.4536,-3.41229,0.309652,-2.57199,4.46769,-0.875125,0.0129825,4.23847,-1.19135,2.30272,-4.35757,3.88799,0.91901,1.73082,-5.0,-3.05245,3.15259,-1.11662,1.00223,-0.0463953,2.23749,2.62313,-4.95929])
2.2611723421908083
Max g: 1.5378221741021179
f_8([0.168263,0.281541,0.00818299,2.15719,1.56627,-3.11031,6.25409e-30,-2.00389,2.00389,-3.63477,1.5324,2.10237,0.182892,-0.37496,0.314661,4.17204,1.35804,4.70466,0.117098,1.53469,-0.680912,3.41787,-3.41905,0.341908,-2.56816,4.45573,-0.83444,0.0129216,4.22243,-1.08694,2.27531,-4.36111,3.87159,0.892614,1.65279,-5.0,-3.0461,3.13141,-1.11778,1.03666,-0.0270951,2.25629,2.63403,-4.9929])
2.737843829766012
Max g: 1.4169922198634284
f_9([0.144704,0.428773,-0.282563,2.72915,0.506308,-2.36345,0.000177835,-1.20292,1.45621,-3.69838,1.63431,2.31736,0.252654,-0.197598,0.22336,4.34764,0.592215,4.70025,0.151363,1.55025,-0.65348,3.55501,-3.6857,0.487801,-2.50304,4.45746,-0.791679,0.010953,4.23541,-1.11649,2.14879,-4.31477,3.80197,0.627138,1.55143,-4.73158,-3.03013,3.19326,-1.1761,1.04221,0.0776359,2.35407,2.37169,-4.9613])
3.2035435944633606
Max g: 1.248950319427097
f_10([0.15077,0.414649,-0.166472,2.74712,0.636371,-2.49027,-1.20486e-27,-0.932576,0.932576,-3.92116,1.58459,2.33657,0.173196,-0.265691,0.171316,4.41719,0.514142,4.73688,0.147926,1.45232,-0.601582,3.56283,-3.79897,0.53391,-2.50035,4.45361,-0.947514,0.0147077,4.23576,-1.10941,2.10581,-4.37196,3.77567,0.544631,1.44911,-5.0,-3.01162,3.23068,-1.32049,1.08107,0.0946108,2.64533,2.29623,-5.0])
3.5647127630153195
{0.15076978910401306,0.4146489236275557,-0.16647238300049466,2.747116018428496,0.6363707563525406,-2.4902651394790882,-1.2048620036964108e-27,-0.9325761995307799,0.9325761995307801,-3.9211595991087833,1.5845921740907802,2.3365674250180026,0.1731961297594332,-0.2656913584560403,0.17131643805797747,4.417193657353109,0.5141419198241874,4.73688336635273,0.14792550845229527,1.4523157869348828,-0.6015818382096983,3.5628275947511026,-3.7989672817232383,0.5339096470019956,-2.500345086929329,4.453605696461297,-0.9475136542259905,0.014707720930352488,4.235758872019374,-1.1094052471133142,2.1058057040207374,-4.371960574432161,3.7756734265673324,0.5446314108388598,1.4491133472547963,-5.0,-3.0116159943061396,3.230683630825824,-1.3204884663954115,1.0810734451977737,0.09461075103404971,2.645325618526026,2.296230883056439,-5.0}]
Set[{A021,A031,A032,A041,A042,A043,A121,A131,A132,A141,A142,A143,B021,B031,B032,B041,B042,B043,B121,B131,B132,B141,B142,B143,\[Alpha]1,\[Alpha]2,\[Alpha]3,\[Alpha]4,\[Beta]11,\[Beta]12,\[Beta]13,\[Beta]14,\[Beta]21,\[Beta]22,\[Beta]23,\[Beta]24,\[Beta]31,\[Beta]32,\[Beta]33,\[Beta]34,\[Beta]41,\[Beta]42,\[Beta]43,\[Beta]44},{0.15076978910401306,0.4146489236275557,-0.16647238300049466,2.747116018428496,0.6363707563525406,-2.4902651394790882,-1.2048620036964108e-27,-0.9325761995307799,0.9325761995307801,-3.9211595991087833,1.5845921740907802,2.3365674250180026,0.1731961297594332,-0.2656913584560403,0.17131643805797747,4.417193657353109,0.5141419198241874,4.73688336635273,0.14792550845229527,1.4523157869348828,-0.6015818382096983,3.5628275947511026,-3.7989672817232383,0.5339096470019956,-2.500345086929329,4.453605696461297,-0.9475136542259905,0.014707720930352488,4.235758872019374,-1.1094052471133142,2.1058057040207374,-4.371960574432161,3.7756734265673324,0.5446314108388598,1.4491133472547963,-5.0,-3.0116159943061396,3.230683630825824,-1.3204884663954115,1.0810734451977737,0.09461075103404971,2.645325618526026,2.296230883056439,-5.0}]

Max g: 0.9999999999999991
f_11([0.155213,0.352947,-0.115474,2.8549,0.658917,-2.51444,-2.38697e-9,-0.138029,0.138029,-3.84332,1.48138,2.36194,0.168085,-0.249218,0.147103,4.20846,-0.052603,4.72719,0.154196,1.3545,-0.507976,3.48188,-3.75201,0.56186,-2.46603,4.4333,-0.967075,0.0175511,4.31652,-1.08809,2.04038,-4.29011,3.74315,0.43898,1.41556,-5.0,-3.00063,3.08626,-1.373,1.26276,0.131147,2.47401,2.33792,-5.0])
3.904137971682074
Max g: 1.0000000094588364
f_12([0.14514,0.246818,-0.0747367,2.93236,0.556323,-2.48913,-1.34797e-24,0.664487,-0.664487,-3.90828,1.46284,2.44543,0.167193,-0.20664,0.0913676,4.23208,-0.157752,4.70989,0.161802,1.39871,-0.523468,3.48409,-3.76829,0.575843,-2.46411,4.39294,-0.922643,0.0180051,4.33104,-1.12953,2.00639,-4.25519,3.74921,0.348782,1.52992,-5.0,-3.01719,3.12997,-1.31829,1.27455,0.183215,2.83328,1.95637,-4.98469])
3.369914810465754
Max g: 1.0000000000000004
f_13([0.132302,0.168157,0.00327588,3.02054,0.478008,-2.62056,8.0769e-19,1.45754,-1.25512,-3.89301,1.59823,2.4972,0.0762543,-0.164791,0.0959014,3.85107,-0.40026,4.70661,0.174434,1.45755,-0.548579,3.50858,-3.8024,0.612608,-1.85855,4.33431,-1.28815,0.0253865,4.30602,-1.05411,1.92399,-4.25954,3.68894,0.153388,1.52583,-4.77147,-3.02752,3.01998,-1.35284,1.39649,0.226986,2.68701,2.00228,-4.90214])
2.5344679847846687
Max g: 1.008836255882485
f_14([0.026994,-0.682423,0.709402,3.0817,0.432252,-2.52052,-6.40501e-7,2.23851,-2.23812,-4.15471,1.57356,2.58152,0.158281,-0.232381,0.0919582,3.93805,-0.327107,4.71799,0.162092,1.44854,-0.54193,3.54282,-3.79662,0.558699,-1.86491,4.23207,-1.34883,0.0202838,4.32658,-1.12235,1.84437,-4.12809,3.67366,0.204635,1.48753,-4.74468,-3.03124,2.99905,-1.18028,1.20287,0.242918,2.47898,2.03295,-4.90458])
4.067716385497377
Max g: 0.999974488996477
f_15([0.0161525,-0.842835,0.858988,3.13323,0.367756,-2.53128,-3.85194e-23,2.75107,-2.75107,-4.15114,1.64838,2.50277,0.147107,-0.235882,0.0836253,4.03039,-0.348175,4.71081,0.163818,1.43173,-0.51545,3.54049,-3.82274,0.56774,-1.89177,4.22377,-1.33576,0.0205226,4.32507,-1.19161,1.78557,-3.92934,3.67562,0.216307,1.43599,-4.8834,-3.05253,2.9872,-1.05343,1.11536,0.326246,2.58738,1.8424,-4.9155])
4.126963689037798
Max g: 0.9999999999999996
f_16([0.0659368,-1.14064,1.20664,3.19643,0.320818,-2.5303,-2.42498e-6,3.80082,-3.77285,-4.31559,1.61107,2.73242,0.145445,-0.201906,0.046103,3.97424,-0.0525014,4.70952,0.170512,1.29337,-0.355989,3.46231,-3.7294,0.572827,-1.83097,4.15036,-1.46092,0.0194333,4.3794,-1.43293,1.70847,-3.69631,3.66525,0.106704,1.45257,-4.78959,-3.02743,2.87398,-1.04276,1.16886,0.343158,2.50781,1.95988,-4.91489])
2.5921194013610376
Max g: 1.0034350654578827
f_17([0.113477,-1.24742,1.3609,3.32187,0.176003,-2.51057,-4.58094e-24,4.33731,-4.33731,-4.49857,1.65444,2.84413,0.151432,-0.325317,0.155757,4.0424,-0.710445,4.72732,0.162402,1.25939,-0.351281,3.35916,-3.62057,0.541632,-1.8173,4.21582,-1.09302,0.0220397,4.36746,-1.46189,1.72216,-3.67471,3.66171,0.0641124,1.44072,-4.9364,-3.02033,2.89598,-0.999481,1.02654,0.243146,2.52353,1.93443,-4.91376])
2.063980559195165
Max g: 1.0000000000000004
f_18([0.126905,-1.30488,1.43179,3.40017,0.0931664,-2.54001,-2.05603e-24,4.80729,-4.80729,-4.41377,1.65514,2.75863,0.137922,-0.360285,0.192179,3.87157,-0.783595,4.72952,0.14812,1.17761,-0.256982,3.33819,-3.51689,0.46467,-1.83042,4.23155,-1.3635,0.0238714,4.36651,-1.53686,1.66627,-3.48376,3.61646,0.0540102,1.42189,-4.81451,-2.85483,2.90615,-1.00573,1.00831,0.239085,2.75519,1.89551,-4.90937])
1.8626993158541396
Max g: 0.9999999999999991
f_19([0.138397,-1.37896,1.51736,3.47336,0.0427257,-2.51881,-2.0502e-9,4.82249,-4.82249,-3.96331,1.11761,2.8457,0.14149,-0.309447,0.184738,3.31182,-1.21342,4.72581,0.163644,1.48535,-0.585921,3.23524,-3.45987,0.498191,-1.96305,4.31737,-1.41322,0.0308766,4.40224,-1.6824,1.61497,-3.41328,3.64909,-0.281464,1.39681,-4.66478,-2.85023,3.00217,-1.30037,1.24939,0.350553,2.74684,1.90346,-5.0])
1.7709358154211645
Max g: 0.9999999969947049
f_20([0.117061,-1.65653,1.77359,3.37983,0.134358,-2.63669,-1.92439e-28,4.82907,-4.82907,-3.99772,0.895692,3.10203,0.146687,-0.337878,0.22711,3.32629,-1.28507,4.73647,0.140154,1.47711,-0.548224,3.40265,-3.52501,0.405932,-1.9837,4.3125,-1.40111,0.0310871,4.42686,-1.64503,1.59243,-3.42591,3.6201,-0.320569,1.35164,-4.38213,-2.83602,3.08478,-1.15383,1.01447,0.355387,2.62055,1.82398,-4.8909])
1.8685841490340804
{0.11706085986813951,-1.6565335140025244,1.7735943738706639,3.3798337498657616,0.13435835214187153,-2.6366930515824616,-1.9243878866019408e-28,4.829071368144379,-4.829071368144378,-3.9977195275735684,0.8956921360801305,3.102027391493438,0.14668656637609048,-0.33787840372780276,0.22711045295847523,3.326287677206612,-1.2850690306552135,4.736470630006873,0.14015429251958555,1.477106007657919,-0.5482237571469655,3.4026543793899675,-3.5250101317584392,0.4059315398863328,-1.9836979645337174,4.312498903173548,-1.401109697859552,0.03108706042498546,4.42686196348791,-1.6450261160171924,1.5924263418580877,-3.42590571510751,3.620104519099342,-0.32056890080721234,1.3516370074847877,-4.382133061595891,-2.836015994982577,3.0847791586944204,-1.1538259191475149,1.014472677662069,0.35538737404151977,2.6205499374200545,1.8239844876676448,-4.890896119699658}]
Set[{A021,A031,A032,A041,A042,A043,A121,A131,A132,A141,A142,A143,B021,B031,B032,B041,B042,B043,B121,B131,B132,B141,B142,B143,\[Alpha]1,\[Alpha]2,\[Alpha]3,\[Alpha]4,\[Beta]11,\[Beta]12,\[Beta]13,\[Beta]14,\[Beta]21,\[Beta]22,\[Beta]23,\[Beta]24,\[Beta]31,\[Beta]32,\[Beta]33,\[Beta]34,\[Beta]41,\[Beta]42,\[Beta]43,\[Beta]44},{0.11706085986813951,-1.6565335140025244,1.7735943738706639,3.3798337498657616,0.13435835214187153,-2.6366930515824616,-1.9243878866019408e-28,4.829071368144379,-4.829071368144378,-3.9977195275735684,0.8956921360801305,3.102027391493438,0.14668656637609048,-0.33787840372780276,0.22711045295847523,3.326287677206612,-1.2850690306552135,4.736470630006873,0.14015429251958555,1.477106007657919,-0.5482237571469655,3.4026543793899675,-3.5250101317584392,0.4059315398863328,-1.9836979645337174,4.312498903173548,-1.401109697859552,0.03108706042498546,4.42686196348791,-1.6450261160171924,1.5924263418580877,-3.42590571510751,3.620104519099342,-0.32056890080721234,1.3516370074847877,-4.382133061595891,-2.836015994982577,3.0847791586944204,-1.1538259191475149,1.014472677662069,0.35538737404151977,2.6205499374200545,1.8239844876676448,-4.890896119699658}]

Max g: 0.9999999999999996
f_21([0.12822,-1.56577,1.69399,3.50767,0.128374,-2.69872,-1.57645e-23,4.74253,-4.74253,-3.80093,0.712296,3.08863,0.150518,-0.234523,0.133712,3.30036,-1.31621,4.79067,0.1142,1.49452,-0.546879,3.45355,-3.45766,0.296915,-2.02197,4.35757,-1.3404,0.0308518,4.48848,-1.61774,1.46832,-3.37243,3.60455,-0.600473,1.4318,-4.19794,-2.87747,2.92652,-1.07579,1.12012,0.374698,2.69538,1.82403,-4.98542])
1.8388607543286166
Max g: 1.0000000000000009
f_22([0.12827,-1.56575,1.69402,3.50793,0.128931,-2.69866,4.92068e-23,4.74253,-4.74253,-3.80093,0.712297,3.08863,0.150502,-0.234524,0.133708,3.30036,-1.31621,4.79067,0.114131,1.49459,-0.546861,3.45366,-3.4575,0.29665,-2.02199,4.35757,-1.34053,0.0308529,4.48848,-1.61767,1.46813,-3.37241,3.60449,-0.60069,1.43155,-4.19791,-2.87747,2.92605,-1.07502,1.12004,0.374797,2.69553,1.82426,-4.98606])
1.8383620396523506
Max g: 1.0000000000000022
f_23([0.128319,-1.56572,1.69404,3.50818,0.129476,-2.69861,-2.35213e-22,4.74253,-4.74253,-3.80093,0.712297,3.08863,0.150486,-0.234526,0.133703,3.30035,-1.31621,4.79067,0.114063,1.49465,-0.546843,3.45376,-3.45735,0.296391,-2.02201,4.35756,-1.34066,0.0308536,4.48848,-1.6176,1.46794,-3.3724,3.60443,-0.600901,1.43132,-4.19789,-2.87747,2.9256,-1.07426,1.11995,0.374893,2.69568,1.82449,-4.98669])
1.8382622967170974
Max g: 1.000000000000003
f_24([0.128367,-1.5657,1.69407,3.50843,0.130005,-2.69855,-6.83479e-22,4.74253,-4.74253,-3.80093,0.712299,3.08863,0.150471,-0.234528,0.133697,3.30035,-1.31622,4.79067,0.113997,1.49471,-0.546825,3.45386,-3.45719,0.296139,-2.02203,4.35755,-1.34078,0.0308532,4.48849,-1.61753,1.46776,-3.37239,3.60437,-0.601107,1.43109,-4.19787,-2.87748,2.92515,-1.07353,1.11987,0.374987,2.69582,1.82471,-4.9873])
1.8375640961703248
Max g: 1.0000000000000049
f_25([0.116489,-1.56196,1.67845,3.52023,0.165431,-2.69371,-1.73059e-20,4.7506,-4.7506,-3.75504,0.763093,2.99195,0.153055,-0.209856,0.108238,3.35717,-1.22296,4.75219,0.100034,1.52722,-0.571743,3.49198,-3.4409,0.244096,-2.05037,4.3872,-1.33585,0.0297931,4.47664,-1.58326,1.35959,-3.32275,3.59402,-0.595735,1.44025,-4.21296,-2.87805,2.90639,-1.11826,1.27678,0.410622,2.68362,1.85798,-5.0])
1.9331178281429227
Max g: 1.0000000000000147
f_26([0.0356472,-1.36216,1.39781,3.65594,-0.106894,-2.64602,-5.73443e-21,4.76703,-4.76703,-3.54553,0.509291,3.03623,0.150395,-0.219073,0.138681,3.03225,-1.6347,4.71619,0.114809,1.53925,-0.575901,3.48058,-3.47737,0.299018,-1.99377,4.32915,-1.41735,0.0380327,4.45704,-1.28642,1.31295,-3.48994,3.55983,-0.803009,1.37454,-3.95059,-2.86566,2.7343,-1.04278,1.24821,0.32164,2.4356,1.95546,-4.89349])
2.671714263693118
Max g: 0.9999999999999991
f_27([0.0579002,-1.29649,1.35439,3.84997,-0.154491,-2.70954,-1.95621e-6,4.75855,-4.75855,-3.533,0.519825,3.0132,0.151068,-0.234993,0.150272,3.09086,-1.67831,4.69431,0.0812569,1.4915,-0.527272,3.58062,-3.45059,0.182895,-2.00958,4.33981,-1.31214,0.0379928,4.49369,-1.44342,1.34839,-3.54172,3.52754,-0.829618,1.41357,-3.90321,-2.86658,2.80156,-1.01444,1.20275,0.311591,2.49424,1.99378,-4.84199])
2.5240947195183323
Max g: 1.0000261078123227
f_28([0.0559456,-1.17426,1.23019,3.97734,-0.273484,-2.70552,4.11668e-5,4.78345,-4.78345,-3.25077,0.419082,2.83163,0.144559,-0.203661,0.110931,3.04293,-1.84984,4.63827,0.0125054,1.54053,-0.536524,3.63246,-3.22853,-0.0591707,-2.03824,4.3113,-1.35147,0.0423056,4.49911,-1.53158,1.34855,-3.39414,3.39578,-0.953624,1.29813,-3.51842,-2.91237,2.62759,-0.945663,1.36363,0.438671,2.30587,2.06347,-4.91608])
2.613564132440483
Max g: 1.0000290058190995
f_29([0.0842069,-1.23078,1.31498,3.96609,-0.264947,-2.71284,-6.80503e-25,4.77172,-4.77172,-3.0355,0.629238,2.40626,0.144036,-0.234453,0.109934,2.99824,-1.97128,4.60934,-0.0494845,1.59659,-0.569623,3.69835,-3.09869,-0.234465,-2.00509,4.18784,-1.13696,0.0451458,4.5169,-1.53111,1.26702,-3.27933,3.34836,-1.01954,1.25846,-3.3784,-2.91624,2.42311,-0.826252,1.39867,0.445983,2.38209,2.19112,-5.0])
2.5225985754895337
Max g: 0.9999999999999991
f_30([0.084228,-1.23077,1.31499,3.96611,-0.264916,-2.71284,5.72296e-16,4.77172,-4.77172,-3.0355,0.629237,2.40626,0.144032,-0.234455,0.109928,2.99824,-1.97129,4.60934,-0.0495292,1.5966,-0.569622,3.69839,-3.0986,-0.234585,-2.00511,4.18783,-1.13707,0.0451463,4.51691,-1.53106,1.26701,-3.27933,3.34835,-1.01961,1.25839,-3.37836,-2.91624,2.42296,-0.826167,1.39871,0.445979,2.38209,2.19113,-5.0])
2.5220998608132676
{0.08422800759834777,-1.230765147115962,1.3149931547144795,3.966107796064474,-0.2649161660941924,-2.712839566456867,5.722964108819743e-16,4.771721211288206,-4.771721211288207,-3.0355013229964287,0.6292372342031917,2.4062640887932973,0.14403174846596273,-0.2344549071032291,0.10992757990579684,2.998240212906643,-1.971286789273097,4.609336637256176,-0.049529245411438994,1.5966043517774295,-0.5696224189866417,3.6983851483486965,-3.0986023085180134,-0.2345851182654233,-2.005106383236625,4.187834137658768,-1.1370691804567787,0.045146302919711064,4.51690525820926,-1.531060842637824,1.2670058023089257,-3.279329664719478,3.3483520094567676,-1.0196052095471653,1.2583903441996882,-3.3783596219917897,-2.916242306332066,2.422956687513032,-0.8261670881168427,1.3987142023425472,0.44597919877501435,2.3820925251928715,2.1911261089197582,-4.999999999999984}]
Set[{A021,A031,A032,A041,A042,A043,A121,A131,A132,A141,A142,A143,B021,B031,B032,B041,B042,B043,B121,B131,B132,B141,B142,B143,\[Alpha]1,\[Alpha]2,\[Alpha]3,\[Alpha]4,\[Beta]11,\[Beta]12,\[Beta]13,\[Beta]14,\[Beta]21,\[Beta]22,\[Beta]23,\[Beta]24,\[Beta]31,\[Beta]32,\[Beta]33,\[Beta]34,\[Beta]41,\[Beta]42,\[Beta]43,\[Beta]44},{0.08422800759834777,-1.230765147115962,1.3149931547144795,3.966107796064474,-0.2649161660941924,-2.712839566456867,5.722964108819743e-16,4.771721211288206,-4.771721211288207,-3.0355013229964287,0.6292372342031917,2.4062640887932973,0.14403174846596273,-0.2344549071032291,0.10992757990579684,2.998240212906643,-1.971286789273097,4.609336637256176,-0.049529245411438994,1.5966043517774295,-0.5696224189866417,3.6983851483486965,-3.0986023085180134,-0.2345851182654233,-2.005106383236625,4.187834137658768,-1.1370691804567787,0.045146302919711064,4.51690525820926,-1.531060842637824,1.2670058023089257,-3.279329664719478,3.3483520094567676,-1.0196052095471653,1.2583903441996882,-3.3783596219917897,-2.916242306332066,2.422956687513032,-0.8261670881168427,1.3987142023425472,0.44597919877501435,2.3820925251928715,2.1911261089197582,-4.999999999999984}]

Max g: 1.000000000000087
f_31([0.130907,-1.23942,1.37387,4.07511,-0.363352,-2.7153,-3.98854e-25,4.77569,-4.77569,-2.90943,0.420213,2.48922,0.144831,-0.291316,0.172968,2.99593,-1.87159,4.5928,-0.134545,1.64573,-0.583333,3.76161,-2.93865,-0.443103,-2.07644,4.22135,-1.16502,0.0437202,4.5017,-1.54902,1.24202,-3.27912,3.18135,-1.26739,1.07758,-2.94665,-2.90894,2.14681,-0.670242,1.39932,0.409615,2.55168,2.209,-5.0])
2.0823332592817603
Max g: 0.9999999999999996
f_32([0.133004,-1.28139,1.41439,4.07016,-0.413831,-2.65633,-1.19278e-8,4.79805,-4.79805,-2.87483,0.328659,2.54617,0.147907,-0.301333,0.190977,3.01766,-1.81905,4.59154,-0.133714,1.64801,-0.578767,3.75532,-2.93618,-0.438343,-2.07914,4.22402,-1.16947,0.0424416,4.52699,-1.50061,1.20005,-3.26492,3.17535,-1.29169,1.0604,-2.85167,-2.90964,2.11235,-0.676344,1.45974,0.312509,2.53633,2.20418,-5.0])
2.0433337715977458
Max g: 1.0000000042476724
f_33([0.150228,-1.3456,1.50851,4.11526,-0.383241,-2.73488,3.17919e-13,4.76569,-4.76569,-2.81797,0.237219,2.58075,0.149625,-0.288185,0.191382,3.08407,-1.84786,4.62896,-0.151425,1.68523,-0.594428,3.73292,-2.89162,-0.466561,-2.1328,4.2696,-1.22551,0.0412173,4.51841,-1.37422,1.13819,-3.2912,3.19314,-1.40695,0.93657,-2.76372,-2.92107,2.06523,-0.707303,1.6006,0.204708,2.50796,2.12433,-4.87174])
1.8501317060122322
Max g: 1.0000000000067786
f_34([0.127386,-1.16989,1.29956,4.2156,-0.515261,-2.70034,5.52785e-23,4.78285,-4.78285,-2.74198,0.228448,2.51353,0.152528,-0.204769,0.0995849,3.17877,-1.61961,4.6442,-0.172912,1.61649,-0.513227,3.69782,-2.80863,-0.508139,-2.10169,4.26206,-1.15892,0.0367578,4.53451,-1.27156,1.18979,-3.40668,3.18429,-1.45714,0.900024,-2.47876,-2.92895,1.96002,-0.717254,1.7077,0.28209,2.56514,2.07741,-4.87117])
2.0936042109653754
Max g: 1.0000000000000044
f_35([0.156861,-1.16413,1.35482,4.25229,-0.532679,-2.72167,-8.68504e-8,4.79411,-4.79411,-2.6653,0.185849,2.47945,0.155259,-0.213711,0.104183,2.92119,-1.65437,4.64232,-0.175747,1.65155,-0.52738,3.71215,-2.8044,-0.505455,-2.19419,4.23165,-0.976614,0.0402353,4.52402,-1.31655,1.20347,-3.41683,3.0677,-1.76778,0.840202,-2.11005,-2.92043,1.83177,-0.703768,1.73969,0.272701,2.52627,2.09519,-4.86787])
1.930325025955832
Max g: 1.0000011249111802
f_36([0.154071,-1.36652,1.5469,4.19349,-0.505539,-2.72845,1.64923e-23,4.78845,-4.78845,-2.68847,-0.0252374,2.71371,0.157372,-0.172936,0.0917783,2.87543,-1.70192,4.6396,-0.204973,1.69421,-0.578652,3.76883,-2.79382,-0.570387,-2.16296,4.2402,-1.12387,0.0415138,4.51525,-1.26589,1.14669,-3.41612,3.05525,-1.74136,0.807484,-1.98021,-2.9138,1.70857,-0.779316,1.96759,0.145895,2.46354,2.1765,-4.82997])
1.9007013741856216
Max g: 0.9999999999999991
f_37([0.154515,-1.61505,1.77038,4.24825,-0.597913,-2.69319,3.07907e-29,4.79651,-4.79651,-2.46379,-0.271243,2.73503,0.162408,-0.172492,0.104579,3.02786,-1.63414,4.6387,-0.220261,1.60256,-0.504834,3.82797,-2.80843,-0.621759,-2.08488,4.23069,-1.22033,0.0383291,4.4532,-1.29878,1.07868,-3.24116,3.07577,-1.80389,0.807438,-2.23105,-2.91877,1.59678,-0.799006,2.06944,0.133801,2.42126,2.27045,-4.861])
1.8418530423862138
Max g: 1.0000000000000018
f_38([0.203014,-1.63195,1.9643,4.33679,-0.646027,-2.69487,2.44663e-13,4.83238,-4.83238,-2.38553,-0.458021,2.84355,0.161174,-0.157314,0.0893406,3.23498,-1.69916,4.65707,-0.238039,1.67473,-0.564022,3.82481,-2.78712,-0.649688,-2.07373,4.2564,-1.25015,0.0364258,4.4521,-1.263,1.06341,-3.25854,3.08492,-1.87908,0.731405,-1.93069,-2.91678,1.34314,-0.757362,2.20988,0.203499,2.40141,2.19288,-4.8715])
1.5840175547566047
Max g: 1.0000000087378593
f_39([0.187252,-1.66548,1.92895,4.0898,-0.455403,-2.6602,-1.10375e-7,4.81381,-4.81381,-2.14702,-0.767811,2.91484,0.168194,-0.126879,0.0930985,3.33241,-2.05407,4.64208,-0.257054,1.53424,-0.44674,3.7338,-2.65047,-0.680868,-2.19802,4.35747,-1.14406,0.03921,4.38842,-1.06268,1.17433,-3.52296,3.04608,-2.227,0.657482,-1.58002,-2.55588,1.03078,-0.935975,2.44051,0.27757,2.4196,2.3685,-5.0])
1.655832468138933
Max g: 1.0000119149211555
f_40([0.144112,-1.66134,1.81185,4.05427,-0.375344,-2.68001,1.88514e-7,4.84103,-4.84103,-2.07859,-0.829863,2.90845,0.166817,-0.105555,0.0695081,3.3098,-1.97601,4.64363,-0.253484,1.56523,-0.498894,3.71809,-2.64205,-0.676984,-2.22535,4.35552,-1.16805,0.0386415,4.39911,-0.975408,1.24032,-3.64811,3.08647,-2.26335,0.828283,-1.51924,-2.53515,1.00937,-0.953113,2.44835,0.266347,2.37809,2.36885,-5.0])
1.9107754106461983
{0.14411173476499625,-1.661342436132157,1.8118538512719338,4.05426618166574,-0.3753435360835991,-2.6800089081323506,1.88513827904226e-7,4.841026223861295,-4.841026627064868,-2.0785860706435164,-0.8298625512500465,2.9084500631175954,0.1668167459492224,-0.105554692099462,0.06950809902961773,3.3098046766311655,-1.976008270941628,4.643631516732227,-0.2534837932695137,1.5652268771975657,-0.4988939197199705,3.7180852029030182,-2.642051384845615,-0.6769840342854268,-2.225351085396692,4.355519549204783,-1.1680528924173825,0.03864149249051617,4.399106469545254,-0.9754083319964059,1.240323705033652,-3.648111709775219,3.0864713327581583,-2.2633492827523365,0.8282832759807675,-1.5192381782223494,-2.5351544459108672,1.009368281082973,-0.953112925191444,2.4483502999858646,0.2663467136527723,2.3780945865971024,2.3688487340230577,-4.999998563761149}]
Set[{A021,A031,A032,A041,A042,A043,A121,A131,A132,A141,A142,A143,B021,B031,B032,B041,B042,B043,B121,B131,B132,B141,B142,B143,\[Alpha]1,\[Alpha]2,\[Alpha]3,\[Alpha]4,\[Beta]11,\[Beta]12,\[Beta]13,\[Beta]14,\[Beta]21,\[Beta]22,\[Beta]23,\[Beta]24,\[Beta]31,\[Beta]32,\[Beta]33,\[Beta]34,\[Beta]41,\[Beta]42,\[Beta]43,\[Beta]44},{0.14411173476499625,-1.661342436132157,1.8118538512719338,4.05426618166574,-0.3753435360835991,-2.6800089081323506,1.88513827904226e-7,4.841026223861295,-4.841026627064868,-2.0785860706435164,-0.8298625512500465,2.9084500631175954,0.1668167459492224,-0.105554692099462,0.06950809902961773,3.3098046766311655,-1.976008270941628,4.643631516732227,-0.2534837932695137,1.5652268771975657,-0.4988939197199705,3.7180852029030182,-2.642051384845615,-0.6769840342854268,-2.225351085396692,4.355519549204783,-1.1680528924173825,0.03864149249051617,4.399106469545254,-0.9754083319964059,1.240323705033652,-3.648111709775219,3.0864713327581583,-2.2633492827523365,0.8282832759807675,-1.5192381782223494,-2.5351544459108672,1.009368281082973,-0.953112925191444,2.4483502999858646,0.2663467136527723,2.3780945865971024,2.3688487340230577,-4.999998563761149}]

Max g: 1.000004103199708
f_41([0.130779,-1.61552,1.7463,4.06421,-0.37506,-2.68915,9.11366e-24,4.87443,-4.87443,-1.86829,-0.901913,2.7702,0.166129,-0.111612,0.0800477,3.35869,-2.05552,4.64932,-0.254859,1.61841,-0.525107,3.78863,-2.69366,-0.663923,-2.17448,4.33909,-1.21222,0.0390778,4.38818,-0.724584,1.33169,-3.79925,3.08778,-2.36834,0.69964,-1.51603,-2.53244,0.950585,-1.11683,2.709,0.181259,2.2558,2.40707,-4.9075])
1.87566589743706
Max g: 1.0000000000000027
f_42([0.130781,-1.61552,1.7463,4.06421,-0.37506,-2.68915,3.10564e-23,4.87443,-4.87443,-1.86829,-0.901913,2.7702,0.166146,-0.111615,0.08004,3.35869,-2.05552,4.64932,-0.254894,1.6184,-0.52517,3.78864,-2.69362,-0.664036,-2.17448,4.33909,-1.21222,0.0390766,4.38818,-0.724687,1.33169,-3.79934,3.08779,-2.36834,0.69963,-1.51594,-2.53244,0.950529,-1.11679,2.70903,0.181264,2.25581,2.40708,-4.90747])
1.8762643550485794
Max g: 1.0000000000000018
f_43([0.142378,-1.70558,1.84796,4.08067,-0.370828,-2.71915,-1.9423e-23,4.88332,-4.88332,-1.83615,-0.999918,2.83607,0.166862,-0.0972491,0.0638167,3.44758,-2.20835,4.64688,-0.259582,1.74765,-0.634325,3.82138,-2.71987,-0.662385,-2.12902,4.31884,-1.28948,0.0399448,4.30387,-0.821945,1.38914,-3.90895,3.08866,-2.37099,0.544015,-1.26647,-2.54247,1.07862,-0.946367,2.32853,0.206679,2.20763,2.34255,-4.76398])
1.900003173638849
Max g: 0.9999999999999991
f_44([0.143203,-1.68052,1.82373,4.10375,-0.409897,-2.70747,-8.61013e-23,4.82456,-4.82456,-1.77847,-1.01531,2.79378,0.166778,-0.101729,0.0749448,3.48963,-2.55207,4.63648,-0.286836,1.7736,-0.687408,3.81818,-2.67319,-0.72383,-2.14492,4.30744,-1.23519,0.0445025,4.33143,-0.773756,1.34169,-3.87549,3.10937,-2.49679,0.573924,-1.22488,-2.39365,0.92692,-0.988015,2.44053,0.184686,2.23983,2.39004,-4.80772])
1.8919239958833372
Max g: 0.9999999999999991
f_45([0.159124,-1.59321,1.79798,4.15689,-0.45647,-2.70243,-9.00253e-21,4.84057,-4.84057,-1.69036,-1.11174,2.8021,0.173412,-0.0887117,0.0735204,3.35826,-2.28814,4.62768,-0.313181,1.93376,-0.87289,3.84281,-2.67552,-0.776607,-2.10542,4.28417,-1.15364,0.0421563,4.3198,-0.697713,1.26332,-3.88689,3.17259,-2.62872,0.444026,-0.988129,-2.3711,0.527197,-1.0506,2.84017,0.206872,2.12444,2.42234,-4.84451])
1.8673872338110415
Max g: 1.0000000000000027
f_46([0.161254,-1.81195,2.02074,4.09415,-0.412239,-2.68842,1.55054e-6,4.85923,-4.85922,-1.58096,-1.24773,2.82869,0.16734,-0.14745,0.114558,3.57691,-2.55076,4.5643,-0.301469,2.01359,-0.90033,3.78207,-2.63159,-0.693994,-2.18987,4.27969,-1.15341,0.0439671,4.34416,-1.04946,1.46533,-3.81695,3.21473,-2.68006,0.521343,-0.99983,-2.35246,0.469415,-1.23905,3.11402,0.348079,2.169,2.28155,-4.54682])
1.8823486740990267
Max g: 1.0000117607786283
f_47([0.209291,-1.7067,2.29129,4.18598,-0.611146,-2.71642,-2.35044e-18,4.87664,-4.87664,-1.62327,-1.20739,2.83067,0.164425,-0.0746897,0.0441522,3.35945,-2.98807,4.54275,-0.308829,2.07877,-0.979804,3.72431,-2.57164,-0.688854,-2.25697,4.2474,-0.930013,0.0575731,4.27245,-0.904726,1.45579,-3.78626,3.20981,-2.81436,0.480388,-0.874602,-2.36091,0.474095,-1.2371,3.06263,0.245969,1.91852,2.42754,-4.55735])
1.5198828473887753
Max g: 1.000000000000048
f_48([0.180387,-1.80148,2.12255,4.40566,-0.587097,-2.84545,-1.09453e-19,4.89381,-4.89381,-1.41253,-1.31598,2.72851,0.16312,-0.0827371,0.0631198,3.23011,-3.2029,4.56406,-0.329053,2.18115,-1.1231,3.75742,-2.59504,-0.744241,-2.14546,4.1607,-1.00428,0.0657772,4.21066,-0.691481,1.43208,-3.92961,3.21622,-2.72465,0.395882,-0.862006,-2.3392,0.348647,-1.25285,3.21693,0.149449,2.08086,2.45499,-4.68659])
1.7723322165147097
Max g: 0.9999999999999982
f_49([0.174275,-2.44806,2.73762,4.40691,-0.469205,-2.94711,5.77509e-24,4.93701,-4.93701,-1.02782,-1.58438,2.61221,0.184283,-0.0812546,0.106878,3.36627,-2.97359,4.59771,-0.346868,2.27671,-1.26929,3.65603,-2.51926,-0.773053,-2.1524,4.09351,-1.00437,0.054712,4.21212,-0.446215,1.3539,-4.23912,3.19552,-2.70798,0.42022,-0.895187,-2.34045,0.294847,-1.25834,3.33006,0.111606,2.14133,2.4917,-4.7346])
1.7834036823278188
Max g: 1.0
f_50([0.174275,-2.44807,2.73762,4.40691,-0.469203,-2.94711,2.57025e-24,4.93701,-4.93701,-1.02782,-1.58439,2.61221,0.184281,-0.0812559,0.106874,3.36627,-2.97359,4.59771,-0.346867,2.27672,-1.2693,3.65603,-2.51927,-0.773048,-2.1524,4.09351,-1.00437,0.0547122,4.21212,-0.446185,1.3539,-4.23909,3.19552,-2.70798,0.420217,-0.895194,-2.34045,0.294825,-1.25833,3.33007,0.111605,2.14133,2.4917,-4.7346])
1.7833039393925656
{0.1742751960585632,-2.448068946135334,2.737618162381373,4.406911753477717,-0.4692029371453413,-2.9471062313491516,2.5702540425834164e-24,4.937014247194604,-4.937014247194604,-1.0278220240936733,-1.5843850502937833,2.6122070743874577,0.1842813706919124,-0.08125586703469675,0.1068744361917879,3.366273960203591,-2.9735888441536793,4.597714668074278,-0.3468667865339877,2.2767185274684407,-1.26930017869139,3.6560282879042014,-2.519265853374323,-0.773048287424285,-2.152398063225053,4.093506424579611,-1.0043692361885481,0.054712161141894596,4.212115503343411,-0.446185339116585,1.3539049643391279,-4.239093466177112,3.19551966739224,-2.707983069401003,0.4202168743141637,-0.8951943023659704,-2.340451525165757,0.29482503339714683,-1.2583294722942293,3.330068689282294,0.11160543936472285,2.1413296378409914,2.491699024904598,-4.7346040333941275}]
Set[{A021,A031,A032,A041,A042,A043,A121,A131,A132,A141,A142,A143,B021,B031,B032,B041,B042,B043,B121,B131,B132,B141,B142,B143,\[Alpha]1,\[Alpha]2,\[Alpha]3,\[Alpha]4,\[Beta]11,\[Beta]12,\[Beta]13,\[Beta]14,\[Beta]21,\[Beta]22,\[Beta]23,\[Beta]24,\[Beta]31,\[Beta]32,\[Beta]33,\[Beta]34,\[Beta]41,\[Beta]42,\[Beta]43,\[Beta]44},{0.1742751960585632,-2.448068946135334,2.737618162381373,4.406911753477717,-0.4692029371453413,-2.9471062313491516,2.5702540425834164e-24,4.937014247194604,-4.937014247194604,-1.0278220240936733,-1.5843850502937833,2.6122070743874577,0.1842813706919124,-0.08125586703469675,0.1068744361917879,3.366273960203591,-2.9735888441536793,4.597714668074278,-0.3468667865339877,2.2767185274684407,-1.26930017869139,3.6560282879042014,-2.519265853374323,-0.773048287424285,-2.152398063225053,4.093506424579611,-1.0043692361885481,0.054712161141894596,4.212115503343411,-0.446185339116585,1.3539049643391279,-4.239093466177112,3.19551966739224,-2.707983069401003,0.4202168743141637,-0.8951943023659704,-2.340451525165757,0.29482503339714683,-1.2583294722942293,3.330068689282294,0.11160543936472285,2.1413296378409914,2.491699024904598,-4.7346040333941275}]

Max g: 1.0000000000000036
f_51([0.174639,-2.4943,2.73363,4.45669,-0.507033,-2.96211,-2.49587e-21,4.94936,-4.94936,-1.11316,-1.51654,2.62971,0.17802,-0.132095,0.131578,3.43486,-3.15038,4.58697,-0.356332,2.27711,-1.26252,3.65161,-2.5057,-0.779882,-2.11203,4.02119,-1.03882,0.0579611,4.19671,-0.415452,1.42808,-4.20575,3.14775,-2.63023,0.422999,-0.967488,-2.3535,0.113118,-1.28493,3.5152,0.0545131,2.15652,2.40687,-4.5905])
1.7402149913631686
Max g: 0.9999999999999947
f_52([0.209124,-2.48176,2.95444,4.5177,-0.496243,-3.02608,-4.76132e-23,4.9672,-4.9672,-0.840497,-1.65705,2.49755,0.178419,-0.252725,0.266357,3.72393,-3.75234,4.5546,-0.377053,2.44382,-1.44525,3.72879,-2.55945,-0.826719,-2.19451,3.97306,-0.82249,0.0669724,4.2163,-0.296365,1.40938,-4.31244,3.13254,-2.50543,0.547969,-1.20587,-2.36416,0.0146461,-1.26885,3.6049,0.0506579,2.13537,2.35503,-4.5179])
1.6469553469013951
Max g: 1.0000000000000018
f_53([0.186641,-2.61629,2.97077,4.48213,-0.385899,-3.1041,-4.63592e-24,4.95898,-4.95898,-0.835547,-1.59245,2.42799,0.186043,-0.312226,0.331954,4.14568,-3.80878,4.57442,-0.406113,2.3969,-1.41876,3.82849,-2.58964,-0.928015,-2.16287,3.96946,-0.884454,0.0565788,4.24869,-0.173053,1.33896,-4.39179,3.16543,-2.47944,0.427556,-1.03977,-2.36884,-0.0910721,-1.24199,3.70753,0.0418036,2.0442,2.30665,-4.37901])
1.7577697479677377
Max g: 0.9999999999999982
f_54([0.186645,-2.61633,2.97073,4.48214,-0.385875,-3.1041,9.77884e-23,4.95898,-4.95898,-0.835547,-1.59245,2.42799,0.186045,-0.312221,0.331969,4.14568,-3.80878,4.57442,-0.406058,2.39705,-1.41887,3.82847,-2.58974,-0.927875,-2.16287,3.96947,-0.884383,0.0565781,4.24869,-0.173023,1.33897,-4.39187,3.16543,-2.47944,0.427488,-1.04006,-2.36884,-0.0911813,-1.24205,3.70757,0.041799,2.04419,2.30665,-4.37901])
1.757869490902991
Max g: 0.9999999999999982
f_55([0.203062,-2.49307,2.97316,4.62037,-0.58673,-3.03399,-5.73911e-11,4.956,-4.956,-1.05428,-1.66764,2.72192,0.191054,-0.375612,0.395944,4.26354,-3.67809,4.62651,-0.382549,2.59298,-1.61923,3.87499,-2.68371,-0.887476,-2.16774,3.95557,-0.800482,0.049912,4.22086,-0.144816,1.37734,-4.43218,3.11569,-2.43355,0.413276,-1.14158,-2.35089,-0.0964798,-1.2537,3.71751,-0.136542,2.37624,2.32035,-4.49826])
1.6117460907570036
Max g: 1.0000000003324097
{0.23506621369805306,-2.2428223405745276,2.8886646104111655,4.614514418221686,-0.6136757558880082,-3.017776800127592,-8.450677258935801e-30,4.932380756277628,-4.932380756277629,-0.9480928494956217,-1.7095737862024973,2.657666635698117,0.19482004937989067,-0.3399584790264165,0.36295018516827937,4.346899962348834,-3.7571670637600225,4.618629933556382,-0.386072812659925,2.6562594546727376,-1.6771877308974452,3.938313202892784,-2.725666960281389,-0.8847426535367235,-2.173346294824483,3.893677310842828,-0.7133554646138666,0.049722458075568236,4.158461466235305,-0.1525528213497662,1.4390586150426066,-4.4371589492133445,3.096626891071625,-2.4439457699903895,0.46326499582890907,-1.1588256090815445,-2.37203091663508,-0.14954934396782574,-1.360106459163134,3.8861076246227064,-0.12864735316280365,2.117001288102608,2.3644689638388527,-4.397831921324001}]
Set[{A021,A031,A032,A041,A042,A043,A121,A131,A132,A141,A142,A143,B021,B031,B032,B041,B042,B043,B121,B131,B132,B141,B142,B143,\[Alpha]1,\[Alpha]2,\[Alpha]3,\[Alpha]4,\[Beta]11,\[Beta]12,\[Beta]13,\[Beta]14,\[Beta]21,\[Beta]22,\[Beta]23,\[Beta]24,\[Beta]31,\[Beta]32,\[Beta]33,\[Beta]34,\[Beta]41,\[Beta]42,\[Beta]43,\[Beta]44},{0.23506621369805306,-2.2428223405745276,2.8886646104111655,4.614514418221686,-0.6136757558880082,-3.017776800127592,-8.450677258935801e-30,4.932380756277628,-4.932380756277629,-0.9480928494956217,-1.7095737862024973,2.657666635698117,0.19482004937989067,-0.3399584790264165,0.36295018516827937,4.346899962348834,-3.7571670637600225,4.618629933556382,-0.386072812659925,2.6562594546727376,-1.6771877308974452,3.938313202892784,-2.725666960281389,-0.8847426535367235,-2.173346294824483,3.893677310842828,-0.7133554646138666,0.049722458075568236,4.158461466235305,-0.1525528213497662,1.4390586150426066,-4.4371589492133445,3.096626891071625,-2.4439457699903895,0.46326499582890907,-1.1588256090815445,-2.37203091663508,-0.14954934396782574,-1.360106459163134,3.8861076246227064,-0.12864735316280365,2.117001288102608,2.3644689638388527,-4.397831921324001}]


-----------------Final Result------------------
Options: alg=LN_AUGLAG_EQ,dx=0.01,max_eval=100000000,popSize=0
imin=-10,jmin=-3,imax=1,jmax=3,parameter_minmax=5,randSeed=82712513

5563611 steps

Completed with maxf : 1.4763949276183654

Constraints at 1.0

x = [0.23506621369805306,-2.2428223405745276,2.8886646104111655,4.614514418221686,-0.6136757558880082,-3.017776800127592,-8.450677258935801e-30,4.932380756277628,-4.932380756277629,-0.9480928494956217,-1.7095737862024973,2.657666635698117,0.19482004937989067,-0.3399584790264165,0.36295018516827937,4.346899962348834,-3.7571670637600225,4.618629933556382,-0.386072812659925,2.6562594546727376,-1.6771877308974452,3.938313202892784,-2.725666960281389,-0.8847426535367235,-2.173346294824483,3.893677310842828,-0.7133554646138666,0.049722458075568236,4.158461466235305,-0.1525528213497662,1.4390586150426066,-4.4371589492133445,3.096626891071625,-2.4439457699903895,0.46326499582890907,-1.1588256090815445,-2.37203091663508,-0.14954934396782574,-1.360106459163134,3.8861076246227064,-0.12864735316280365,2.117001288102608,2.3644689638388527,-4.397831921324001]
c0 = [0.0,0.23506621369805306,0.645842269836638,0.983061862206086]
c1 = [0.0,-8.450677258935801e-30,-8.881784197001252e-16,-1.9984014443252818e-15]
A0 = [0.0,0.23506621369805306,-2.2428223405745276,4.614514418221686,0.0,0.0,2.8886646104111655,-0.6136757558880082,0.0,0.0,0.0,-3.017776800127592,0.0,0.0,0.0,0.0]
A1 = [0.0,-8.450677258935801e-30,4.932380756277628,-0.9480928494956217,0.0,0.0,-4.932380756277629,-1.7095737862024973,0.0,0.0,0.0,2.657666635698117,0.0,0.0,0.0,0.0]
B0 = [0.0,0.19482004937989067,-0.3399584790264165,4.346899962348834,0.0,0.0,0.36295018516827937,-3.7571670637600225,0.0,0.0,0.0,4.618629933556382,0.0,0.0,0.0,0.0]
B1 = [0.0,-0.386072812659925,2.6562594546727376,3.938313202892784,0.0,0.0,-1.6771877308974452,-2.725666960281389,0.0,0.0,0.0,-0.8847426535367235,0.0,0.0,0.0,0.0]
α  = [-2.173346294824483,3.893677310842828,-0.7133554646138666,0.049722458075568236]
β1 = [4.158461466235305,-0.1525528213497662,1.4390586150426066,-4.4371589492133445]
β2 = [3.096626891071625,-2.4439457699903895,0.46326499582890907,-1.1588256090815445]
β3 = [-2.37203091663508,-0.14954934396782574,-1.360106459163134,3.8861076246227064]
β4 = [-0.12864735316280365,2.117001288102608,2.3644689638388527,-4.397831921324001]


Set[{A021,A031,A032,A041,A042,A043,A121,A131,A132,A141,A142,A143,B021,B031,B032,B041,B042,B043,B121,B131,B132,B141,B142,B143,\[Alpha]1,\[Alpha]2,\[Alpha]3,\[Alpha]4,\[Beta]11,\[Beta]12,\[Beta]13,\[Beta]14,\[Beta]21,\[Beta]22,\[Beta]23,\[Beta]24,\[Beta]31,\[Beta]32,\[Beta]33,\[Beta]34,\[Beta]41,\[Beta]42,\[Beta]43,\[Beta]44},{0.23506621369805306,-2.2428223405745276,2.8886646104111655,4.614514418221686,-0.6136757558880082,-3.017776800127592,-8.450677258935801e-30,4.932380756277628,-4.932380756277629,-0.9480928494956217,-1.7095737862024973,2.657666635698117,0.19482004937989067,-0.3399584790264165,0.36295018516827937,4.346899962348834,-3.7571670637600225,4.618629933556382,-0.386072812659925,2.6562594546727376,-1.6771877308974452,3.938313202892784,-2.725666960281389,-0.8847426535367235,-2.173346294824483,3.893677310842828,-0.7133554646138666,0.049722458075568236,4.158461466235305,-0.1525528213497662,1.4390586150426066,-4.4371589492133445,3.096626891071625,-2.4439457699903895,0.46326499582890907,-1.1588256090815445,-2.37203091663508,-0.14954934396782574,-1.360106459163134,3.8861076246227064,-0.12864735316280365,2.117001288102608,2.3644689638388527,-4.397831921324001}]



