
-----------------Setup------------------
Options: alg=LN_AUGLAG_EQ,dx=0.01,max_eval=100000000,popSize=0
imin=-6,jmin=-3,imax=1,jmax=3,
parameter_minmax=5,
randSeed=44374541, rand_minmax=1

Initial Condition:

[-0.73764,0.402138,0.931524,0.213114,-0.589473,-0.584058,-0.800734,-0.197923,0.279629,0.951466,0.765594,-0.321226,-0.0149028,0.708326,0.476895,0.173732,-0.770675,-0.526651,-0.482646,-0.160286,0.517862,-0.605369,-0.160307,-0.37093,-0.824516,-0.816287,-0.0573308,0.562686,-0.219635,-0.966808,0.999969,-0.348209,0.0263218,-0.179858,-0.916408,0.273586,0.245929,0.588632,0.225475,0.379112,0.322226,-0.197566,-0.256829,-0.844886]

f_1([0.940248,-0.0414023,0.266349,-0.549868,1.53813,-0.950724,0.710955,0.794357,0.204687,0.666523,0.133019,0.0921997,2.02376,0.0806981,0.338004,3.85206,-1.70743,-0.89033,-0.573388,1.23949,0.198796,1.37285,-0.249573,-0.457857,-0.184322,0.35316,0.881513,-0.060155,-0.595215,1.13485,0.317011,0.0807193,0.253762,-0.903875,0.050758,0.573688,1.22369,-0.983581,-0.358012,0.0642917,-0.0181971,0.816343,1.27336,-2.06639])
11.206885338510945
Max g: 0.19551651990264363
f_2([0.928611,-0.0597436,0.257562,-0.512519,1.56546,-0.944664,0.497167,0.89721,0.0939892,0.762198,0.0447838,0.00980456,1.97974,0.10975,0.294813,3.8527,-1.75727,-0.88644,-0.708002,1.39641,-0.244819,1.24136,-0.353148,-0.505942,-0.146182,0.367901,0.832187,-0.0539037,-0.445275,0.806781,0.424528,0.214945,0.396405,-0.841985,0.302297,0.144358,1.44806,-0.805723,-0.424666,-0.218068,-0.100268,1.00921,1.37958,-2.28906])
16.019178686972023
Max g: 0.016378872358237637
f_3([0.92635,-0.0628058,0.260726,-0.504364,1.57399,-0.944108,0.505494,0.94947,0.00683867,0.796202,-0.0226431,0.0255192,1.97767,0.111574,0.290573,3.85281,-1.75875,-0.890585,-0.710988,1.39223,-0.248093,1.2396,-0.356706,-0.510144,-0.14832,0.369037,0.833218,-0.0539319,-0.464171,0.807989,0.427648,0.22853,0.365473,-0.83202,0.304048,0.162486,1.46419,-0.807986,-0.427636,-0.22856,-0.102198,1.01648,1.37869,-2.29297])
13.695676013111765
Max g: 2.1596205951193194e-5
{0.9263248094502553,-0.06280114547242958,0.26076612110820174,-0.5044409071636806,1.5738911467305843,-0.9441901327991601,0.5053328348193995,0.948211532544524,0.00895245400790009,0.7956583050995247,-0.021414512824081834,0.025282949019422792,1.9777151385526304,0.11159064556778935,0.29059401579813315,3.85276450499075,-1.7587346791591592,-0.8905751906625238,-0.7108654888503533,1.3923191254020069,-0.24791965575420316,1.2396949927002776,-0.3565990586854261,-0.5100208434675543,-0.14826475951566198,0.36900072182065297,0.833160867858948,-0.05389709930890861,-0.46376865533079004,0.8080334833380716,0.42752969633447163,0.22820597804579457,0.36619018230294836,-0.8323325414435797,0.30391561022557156,0.16222782293960633,1.4637690679627466,-0.8080336189301901,-0.42753009396577,-0.2282055067393194,-0.10209551434140703,1.016205997423564,1.3786914572323046,-2.2928015652617746}]
Set[{A021,A031,A032,A041,A042,A043,A121,A131,A132,A141,A142,A143,B021,B031,B032,B041,B042,B043,B121,B131,B132,B141,B142,B143,\[Alpha]1,\[Alpha]2,\[Alpha]3,\[Alpha]4,\[Beta]11,\[Beta]12,\[Beta]13,\[Beta]14,\[Beta]21,\[Beta]22,\[Beta]23,\[Beta]24,\[Beta]31,\[Beta]32,\[Beta]33,\[Beta]34,\[Beta]41,\[Beta]42,\[Beta]43,\[Beta]44},{0.9263248094502553,-0.06280114547242958,0.26076612110820174,-0.5044409071636806,1.5738911467305843,-0.9441901327991601,0.5053328348193995,0.948211532544524,0.00895245400790009,0.7956583050995247,-0.021414512824081834,0.025282949019422792,1.9777151385526304,0.11159064556778935,0.29059401579813315,3.85276450499075,-1.7587346791591592,-0.8905751906625238,-0.7108654888503533,1.3923191254020069,-0.24791965575420316,1.2396949927002776,-0.3565990586854261,-0.5100208434675543,-0.14826475951566198,0.36900072182065297,0.833160867858948,-0.05389709930890861,-0.46376865533079004,0.8080334833380716,0.42752969633447163,0.22820597804579457,0.36619018230294836,-0.8323325414435797,0.30391561022557156,0.16222782293960633,1.4637690679627466,-0.8080336189301901,-0.42753009396577,-0.2282055067393194,-0.10209551434140703,1.016205997423564,1.3786914572323046,-2.2928015652617746}]


-----------------Final Result------------------
Options: alg=LN_AUGLAG_EQ,dx=0.01,max_eval=100000000,popSize=0
imin=-6,jmin=-3,imax=1,jmax=3,
parameter_minmax=5,
randSeed=44374541,rand_minmax=1

387159 steps

Completed with maxf : 13.763266643088908

Constraints at 3.751651235183893e-5

x = [0.9263248094502553,-0.06280114547242958,0.26076612110820174,-0.5044409071636806,1.5738911467305843,-0.9441901327991601,0.5053328348193995,0.948211532544524,0.00895245400790009,0.7956583050995247,-0.021414512824081834,0.025282949019422792,1.9777151385526304,0.11159064556778935,0.29059401579813315,3.85276450499075,-1.7587346791591592,-0.8905751906625238,-0.7108654888503533,1.3923191254020069,-0.24791965575420316,1.2396949927002776,-0.3565990586854261,-0.5100208434675543,-0.14826475951566198,0.36900072182065297,0.833160867858948,-0.05389709930890861,-0.46376865533079004,0.8080334833380716,0.42752969633447163,0.22820597804579457,0.36619018230294836,-0.8323325414435797,0.30391561022557156,0.16222782293960633,1.4637690679627466,-0.8080336189301901,-0.42753009396577,-0.2282055067393194,-0.10209551434140703,1.016205997423564,1.3786914572323046,-2.2928015652617746]
c0 = [0.0,0.9263248094502553,0.19796497563577214,0.12526010676774346]
c1 = [0.0,0.5053328348193995,0.9571639865524241,0.7995267412948657]
A0 = [0.0,0.9263248094502553,-0.06280114547242958,-0.5044409071636806,0.0,0.0,0.26076612110820174,1.5738911467305843,0.0,0.0,0.0,-0.9441901327991601,0.0,0.0,0.0,0.0]
A1 = [0.0,0.5053328348193995,0.948211532544524,0.7956583050995247,0.0,0.0,0.00895245400790009,-0.021414512824081834,0.0,0.0,0.0,0.025282949019422792,0.0,0.0,0.0,0.0]
B0 = [0.0,1.9777151385526304,0.11159064556778935,3.85276450499075,0.0,0.0,0.29059401579813315,-1.7587346791591592,0.0,0.0,0.0,-0.8905751906625238,0.0,0.0,0.0,0.0]
B1 = [0.0,-0.7108654888503533,1.3923191254020069,1.2396949927002776,0.0,0.0,-0.24791965575420316,-0.3565990586854261,0.0,0.0,0.0,-0.5100208434675543,0.0,0.0,0.0,0.0]
α  = [-0.14826475951566198,0.36900072182065297,0.833160867858948,-0.05389709930890861]
β1 = [-0.46376865533079004,0.8080334833380716,0.42752969633447163,0.22820597804579457]
β2 = [0.36619018230294836,-0.8323325414435797,0.30391561022557156,0.16222782293960633]
β3 = [1.4637690679627466,-0.8080336189301901,-0.42753009396577,-0.2282055067393194]
β4 = [-0.10209551434140703,1.016205997423564,1.3786914572323046,-2.2928015652617746]


Set[{A021,A031,A032,A041,A042,A043,A121,A131,A132,A141,A142,A143,B021,B031,B032,B041,B042,B043,B121,B131,B132,B141,B142,B143,\[Alpha]1,\[Alpha]2,\[Alpha]3,\[Alpha]4,\[Beta]11,\[Beta]12,\[Beta]13,\[Beta]14,\[Beta]21,\[Beta]22,\[Beta]23,\[Beta]24,\[Beta]31,\[Beta]32,\[Beta]33,\[Beta]34,\[Beta]41,\[Beta]42,\[Beta]43,\[Beta]44},{0.9263248094502553,-0.06280114547242958,0.26076612110820174,-0.5044409071636806,1.5738911467305843,-0.9441901327991601,0.5053328348193995,0.948211532544524,0.00895245400790009,0.7956583050995247,-0.021414512824081834,0.025282949019422792,1.9777151385526304,0.11159064556778935,0.29059401579813315,3.85276450499075,-1.7587346791591592,-0.8905751906625238,-0.7108654888503533,1.3923191254020069,-0.24791965575420316,1.2396949927002776,-0.3565990586854261,-0.5100208434675543,-0.14826475951566198,0.36900072182065297,0.833160867858948,-0.05389709930890861,-0.46376865533079004,0.8080334833380716,0.42752969633447163,0.22820597804579457,0.36619018230294836,-0.8323325414435797,0.30391561022557156,0.16222782293960633,1.4637690679627466,-0.8080336189301901,-0.42753009396577,-0.2282055067393194,-0.10209551434140703,1.016205997423564,1.3786914572323046,-2.2928015652617746}]



