
-----------------Setup------------------
Options: alg=LN_AUGLAG_EQ,dx=0.01,max_eval=100000000,popSize=0
imin=-10,jmin=-3,imax=1,jmax=3,
parameter_minmax=5,randSeed=90601446

f_1([0.706768,4.69605,-3.93057,-2.33568,2.86605,0.308121,0.00435155,-3.73757,3.75066,-4.90225,3.02378,2.07469,2.00838,-3.66145,3.8573,2.37389,1.74413,-4.09838,-0.971944,-3.00718,2.74504,-3.24598,0.920178,2.23621,-1.90792,4.23629,2.96438,2.77926,0.165033,-2.66064,0.948042,1.73149,-1.0524,0.820046,0.116427,1.62159,1.35298,-0.165918,1.67983,-3.29268,-3.44983,4.37483,0.150837,4.2765])
0.9207270353226004
Max g: 15.702182746157433
f_2([0.544908,4.66764,-3.94142,-2.16666,2.77212,0.314672,0.000461607,-3.49672,3.52966,-4.85494,3.60093,1.51599,1.34574,-4.10781,3.48253,2.29834,2.04444,-3.63202,-0.827924,-2.74076,2.84124,-2.90517,1.30488,2.05601,-1.94373,4.17677,2.83593,2.62627,0.294443,-2.23837,0.84735,1.82771,-1.17986,-0.0284242,-0.052584,1.58713,1.45098,-0.120363,1.29398,-3.54805,-3.9831,4.36489,0.0551604,4.17928])
1.3124175420620492
Max g: 8.49971542922975
f_3([6.35902e-18,3.86506,-3.86506,-1.5986,2.30659,-0.244301,0.000937442,-3.28182,3.69418,-4.71215,4.5905,0.534009,-0.0838072,-4.3847,4.1199,1.927,2.62404,-3.64678,-0.117914,-3.74849,3.78317,-3.67225,1.23412,2.75537,-4.94212,3.71895,0.851692,1.73695,0.710687,-1.87079,0.393098,1.77214,-1.13688,-0.69762,0.0299612,1.67046,1.08915,0.65587,0.972634,-2.82697,-4.93614,4.06945,-3.25974,4.03608])
2.9753317586039616
Max g: 0.7964325470638354
f_4([-4.38065e-21,3.87005,-3.87005,-1.51015,2.31781,-0.179705,0.0105214,-2.7711,3.7711,-4.70247,4.83403,0.868441,-0.0214947,-4.38026,4.08307,2.08461,2.62345,-3.64738,-0.465666,-2.58657,2.63385,-3.93218,2.13847,2.33492,-4.82572,3.67894,0.870739,1.26125,-0.492154,1.02207,-0.726629,1.30108,0.146474,-0.495924,-0.953934,1.19843,1.9624,-1.38507,0.988691,-1.63546,-4.59183,4.38151,-3.81854,4.00106])
2.737444858024999
Max g: 0.33865490497567996
f_5([9.94018e-22,3.89108,-3.89108,-1.35845,2.37917,-0.275788,0.0928724,-2.75684,3.75684,-4.71487,4.90763,0.807232,-0.0514761,-4.32115,4.29065,2.1634,2.71549,-3.66435,-0.445309,-2.1988,2.26726,-3.74694,2.06673,2.23731,-4.79042,3.62241,1.1359,1.00683,-1.17359,1.63249,-0.95821,1.54837,0.486048,-0.745448,-0.931365,1.12868,2.5013,-1.91881,1.18249,-1.79823,-4.15637,4.31459,-4.09925,3.90694])
3.109486006519561
Max g: 0.2500222894452191
f_6([1.46102e-7,3.88653,-3.88653,-1.22178,2.41452,-0.303177,0.1355,-2.78561,3.78561,-4.73321,4.95275,0.780465,-0.0273945,-4.24563,4.28571,2.27987,2.80905,-3.66714,-0.433229,-1.83188,1.90814,-3.75824,1.88716,2.43516,-4.60547,3.63343,1.21787,0.738055,-1.49588,1.92581,-1.07195,1.66794,0.878866,-1.10486,-0.8104,1.00545,2.69992,-2.13565,1.30544,-1.89396,-3.84833,4.28116,-4.30142,3.85533])
3.35774617236486
Max g: 0.15654528889336583
f_7([-7.12243e-29,3.93747,-3.93747,-1.17805,2.41082,-0.286705,0.145122,-2.79888,3.79888,-4.75197,4.96787,0.784103,-0.0251049,-4.16907,4.27708,2.33177,2.87695,-3.66513,-0.420783,-1.55187,1.6611,-3.7085,1.85722,2.43172,-4.53154,3.67027,1.2389,0.620626,-1.67173,2.06907,-1.16207,1.77895,0.964065,-1.19744,-0.725984,0.934862,2.84473,-2.24598,1.28892,-1.89721,-3.70047,4.21476,-4.37525,3.84717])
3.5440659754179005
Max g: 0.09428931511934557
f_8([-9.34252e-25,3.89262,-3.89262,-1.11893,2.42671,-0.332751,0.156144,-2.80492,3.80492,-4.76085,4.99735,0.7635,-0.0362224,-4.14089,4.32506,2.36342,2.91794,-3.66562,-0.411504,-1.38186,1.49988,-3.69604,1.79177,2.49204,-4.52252,3.69115,1.26676,0.555854,-1.83293,2.22589,-1.19546,1.80747,1.21479,-1.43539,-0.624938,0.844241,2.88605,-2.28701,1.27126,-1.8756,-3.59626,4.20918,-4.46255,3.84544])
3.613487058354151
Max g: 0.04993457212874031
f_9([-1.28499e-29,3.99403,-3.99403,-1.08451,2.42196,-0.354536,0.157614,-2.8014,3.8014,-4.76113,4.99969,0.761448,-0.0312506,-4.17784,4.35027,2.37746,2.92904,-3.66601,-0.40539,-1.29969,1.43166,-3.66057,1.80316,2.45531,-4.55516,3.70419,1.30096,0.541604,-1.85541,2.24616,-1.18105,1.79559,1.20501,-1.44268,-0.554975,0.787213,2.92265,-2.30684,1.23802,-1.85273,-3.58613,4.21882,-4.47534,3.84])
3.6115919425843397
Max g: 0.03543770085930631
f_10([-3.37783e-25,4.00698,-4.00698,-1.06901,2.41674,-0.357511,0.162417,-2.80183,3.80183,-4.76144,4.99681,0.764633,-0.0277247,-4.18095,4.35297,2.39362,2.9389,-3.6625,-0.402567,-1.24013,1.37562,-3.65056,1.78303,2.46856,-4.5462,3.70877,1.31399,0.522929,-1.89163,2.2816,-1.19737,1.80931,1.22382,-1.47304,-0.537746,0.780327,2.92486,-2.31994,1.2312,-1.83742,-3.55867,4.22175,-4.49937,3.83328])
3.6169780610880142
{-3.3778267424801505e-25,4.006977175692177,-4.006977175692177,-1.0690129605772238,2.4167351973025566,-0.3575105902116951,0.16241676841886726,-2.8018290288058103,3.80182902880581,-4.761443369350379,4.99681040997711,0.7646329593732692,-0.02772470688169546,-4.180949477451982,4.3529705495772895,2.3936185072453418,2.9389049710777417,-3.662501483635079,-0.40256718540777414,-1.2401256011258388,1.37561651796786,-3.6505619144421417,1.7830284279265154,2.4685599414527304,-4.54620100861831,3.7087696250118225,1.3139947996712735,0.5229287509468643,-1.891633926681624,2.2815976019265656,-1.1973660463637301,1.8093060955984623,1.2238190631758883,-1.4730356511069986,-0.5377464103037477,0.7803268220112717,2.924859492511845,-2.3199406051370954,1.2311954327787293,-1.8374214301825098,-3.558673373309507,4.221747505437169,-4.499365407184934,3.8332783694414054}]
Set[{A021,A031,A032,A041,A042,A043,A121,A131,A132,A141,A142,A143,B021,B031,B032,B041,B042,B043,B121,B131,B132,B141,B142,B143,\[Alpha]1,\[Alpha]2,\[Alpha]3,\[Alpha]4,\[Beta]11,\[Beta]12,\[Beta]13,\[Beta]14,\[Beta]21,\[Beta]22,\[Beta]23,\[Beta]24,\[Beta]31,\[Beta]32,\[Beta]33,\[Beta]34,\[Beta]41,\[Beta]42,\[Beta]43,\[Beta]44},{-3.3778267424801505e-25,4.006977175692177,-4.006977175692177,-1.0690129605772238,2.4167351973025566,-0.3575105902116951,0.16241676841886726,-2.8018290288058103,3.80182902880581,-4.761443369350379,4.99681040997711,0.7646329593732692,-0.02772470688169546,-4.180949477451982,4.3529705495772895,2.3936185072453418,2.9389049710777417,-3.662501483635079,-0.40256718540777414,-1.2401256011258388,1.37561651796786,-3.6505619144421417,1.7830284279265154,2.4685599414527304,-4.54620100861831,3.7087696250118225,1.3139947996712735,0.5229287509468643,-1.891633926681624,2.2815976019265656,-1.1973660463637301,1.8093060955984623,1.2238190631758883,-1.4730356511069986,-0.5377464103037477,0.7803268220112717,2.924859492511845,-2.3199406051370954,1.2311954327787293,-1.8374214301825098,-3.558673373309507,4.221747505437169,-4.499365407184934,3.8332783694414054}]

Max g: 0.03328715094023668
f_11([-1.405e-22,4.00461,-4.00461,-1.06293,2.41845,-0.36146,0.164785,-2.80254,3.80254,-4.76149,5.0,0.761488,-0.0271392,-4.17747,4.3533,2.39658,2.94416,-3.65725,-0.401017,-1.19631,1.33305,-3.64011,1.75817,2.48444,-4.53869,3.70907,1.31453,0.514221,-1.90894,2.30086,-1.19775,1.80708,1.25943,-1.51147,-0.513885,0.762191,2.92892,-2.32215,1.21916,-1.82594,-3.54411,4.22776,-4.52116,3.8362])
3.618474205116813
Max g: 0.02400736438736345
f_12([1.05994e-9,4.00834,-4.00834,-1.06034,2.41583,-0.358707,0.16562,-2.80397,3.80397,-4.76171,5.0,0.761709,-0.0278565,-4.17287,4.35547,2.39768,2.95105,-3.65646,-0.400378,-1.16627,1.30439,-3.63625,1.74331,2.4966,-4.53724,3.7142,1.31488,0.507829,-1.91702,2.3059,-1.19298,1.80429,1.2816,-1.53408,-0.497899,0.748834,2.9297,-2.32197,1.21181,-1.81963,-3.53257,4.22545,-4.52999,3.83687])
3.6293461850594153
Max g: 0.020347196676228696
f_13([9.08828e-10,4.00807,-4.00807,-1.0599,2.41587,-0.358427,0.166046,-2.80409,3.80409,-4.76169,5.0,0.761693,-0.0282008,-4.17183,4.35645,2.39898,2.95182,-3.65606,-0.399902,-1.14727,1.28638,-3.63364,1.73455,2.50332,-4.53747,3.71421,1.31709,0.505999,-1.91848,2.30715,-1.19179,1.80349,1.2948,-1.54989,-0.484973,0.738918,2.92987,-2.32089,1.20521,-1.81422,-3.53001,4.22701,-4.5387,3.84151])
3.628049526901123
Max g: 0.020713937805611357
f_14([-2.30539e-21,4.01349,-4.01349,-1.05982,2.4168,-0.358611,0.166018,-2.80423,3.80422,-4.76171,4.99943,0.762286,-0.0285047,-4.17036,4.35653,2.40369,2.94654,-3.65565,-0.399296,-1.13198,1.27268,-3.63406,1.73212,2.50746,-4.5382,3.71347,1.31944,0.505633,-1.92015,2.3074,-1.18302,1.79611,1.30982,-1.56397,-0.476456,0.731278,2.92904,-2.31751,1.19718,-1.80847,-3.52792,4.22667,-4.54061,3.84151])
3.628747727447896
Max g: 0.020693558849744463
f_15([-1.29238e-14,4.01442,-4.01442,-1.06007,2.41679,-0.358876,0.165543,-2.804,3.804,-4.76166,5.0,0.761661,-0.0291192,-4.17051,4.35784,2.40491,2.94571,-3.65574,-0.399112,-1.12219,1.26346,-3.63222,1.72675,2.51153,-4.5395,3.71254,1.32177,0.50533,-1.92223,2.30744,-1.1799,1.79508,1.31006,-1.56686,-0.46954,0.725813,2.92914,-2.31549,1.18843,-1.80196,-3.52946,4.22715,-4.53909,3.84149])
3.6346325606278365
Max g: 0.02060215424770629
f_16([-2.43183e-8,4.01464,-4.01464,-1.06088,2.41767,-0.358707,0.164086,-2.80417,3.8036,-4.76128,5.0,0.761278,-0.0297342,-4.1704,4.36009,2.40379,2.94718,-3.65582,-0.398879,-1.11092,1.25312,-3.63019,1.72182,2.51513,-4.53854,3.71172,1.32236,0.504701,-1.92384,2.30453,-1.16988,1.78938,1.31885,-1.57475,-0.46581,0.721369,2.92956,-2.31212,1.17983,-1.79723,-3.53256,4.22768,-4.53697,3.84204])
3.648995543304302
Max g: 0.020416396622581025
f_17([-1.35099e-8,4.01471,-4.01471,-1.06079,2.41735,-0.358366,0.163531,-2.80394,3.80339,-4.76127,5.0,0.761266,-0.0303929,-4.1695,4.36125,2.4035,2.94669,-3.65546,-0.398798,-1.10295,1.24577,-3.62969,1.71842,2.51842,-4.53982,3.71162,1.32373,0.504528,-1.92477,2.30265,-1.16298,1.78507,1.32026,-1.57684,-0.463297,0.719235,2.92917,-2.30944,1.17418,-1.79392,-3.53466,4.22795,-4.5372,3.84417])
3.6532844895201912
Max g: 0.020208010546044902
f_18([8.14985e-7,4.01516,-4.01516,-1.06099,2.41772,-0.358392,0.162962,-2.80463,3.80304,-4.76091,5.0,0.759955,-0.0310324,-4.16881,4.36215,2.40279,2.94682,-3.65548,-0.398864,-1.09848,1.24141,-3.62873,1.71476,2.52114,-4.54003,3.71087,1.3258,0.504511,-1.92546,2.30155,-1.16061,1.78471,1.32193,-1.57827,-0.461949,0.717699,2.92988,-2.30817,1.17048,-1.79228,-3.53727,4.22799,-4.53625,3.8449])
3.6602664949879173
Max g: 0.020012529134142157
f_19([-5.57196e-12,4.01547,-4.01547,-1.06103,2.41765,-0.358301,0.16198,-2.80412,3.80303,-4.76089,5.0,0.760893,-0.0319205,-4.16791,4.36422,2.40219,2.94655,-3.65504,-0.398872,-1.09333,1.23648,-3.62854,1.71145,2.52439,-4.5413,3.70978,1.32756,0.504154,-1.92589,2.30001,-1.15715,1.78312,1.32713,-1.58213,-0.460658,0.715353,2.9298,-2.30593,1.16627,-1.79017,-3.53908,4.22851,-4.53524,3.84589])
3.668146186872923
Max g: 0.020026786787454592
f_20([-4.36723e-25,4.01522,-4.01522,-1.06116,2.41733,-0.357892,0.161383,-2.80399,3.80279,-4.7609,5.0,0.760859,-0.0323409,-4.16738,4.36451,2.40159,2.9466,-3.65509,-0.398938,-1.09076,1.23382,-3.62716,1.70802,2.52638,-4.54334,3.70879,1.33035,0.504284,-1.92655,2.29897,-1.15465,1.78232,1.32857,-1.58312,-0.460152,0.714388,2.9307,-2.30509,1.16351,-1.78911,-3.54204,4.22963,-4.5339,3.8464])
3.6722356472183058
{-4.367227789520233e-25,4.015220091209877,-4.015220091209878,-1.0611637503278624,2.4173284798132437,-0.35789174638763843,0.1613833807405818,-2.8039887107716823,3.8027930526870026,-4.7609011756279935,5.0,0.7608585098873007,-0.032340891279382694,-4.167376764856006,4.364513494327493,2.4015898283808066,2.9465995129825986,-3.655091438750066,-0.3989382686640581,-1.0907610113823567,1.2338235715824462,-3.627156813305092,1.70802069230994,2.526382665066602,-4.543340792836143,3.708791844229136,1.3303492843221496,0.5042844635537801,-1.9265507535859474,2.298968431453328,-1.154653910738512,1.7823168473346922,1.3285699863468212,-1.5831161912419642,-0.4601522365315225,0.7143876166030126,2.9307015118782522,-2.305093260225834,1.1635074482751668,-1.7891099910134405,-3.5420363044911376,4.229630323233541,-4.533897621817412,3.8464033230489947}]
Set[{A021,A031,A032,A041,A042,A043,A121,A131,A132,A141,A142,A143,B021,B031,B032,B041,B042,B043,B121,B131,B132,B141,B142,B143,\[Alpha]1,\[Alpha]2,\[Alpha]3,\[Alpha]4,\[Beta]11,\[Beta]12,\[Beta]13,\[Beta]14,\[Beta]21,\[Beta]22,\[Beta]23,\[Beta]24,\[Beta]31,\[Beta]32,\[Beta]33,\[Beta]34,\[Beta]41,\[Beta]42,\[Beta]43,\[Beta]44},{-4.367227789520233e-25,4.015220091209877,-4.015220091209878,-1.0611637503278624,2.4173284798132437,-0.35789174638763843,0.1613833807405818,-2.8039887107716823,3.8027930526870026,-4.7609011756279935,5.0,0.7608585098873007,-0.032340891279382694,-4.167376764856006,4.364513494327493,2.4015898283808066,2.9465995129825986,-3.655091438750066,-0.3989382686640581,-1.0907610113823567,1.2338235715824462,-3.627156813305092,1.70802069230994,2.526382665066602,-4.543340792836143,3.708791844229136,1.3303492843221496,0.5042844635537801,-1.9265507535859474,2.298968431453328,-1.154653910738512,1.7823168473346922,1.3285699863468212,-1.5831161912419642,-0.4601522365315225,0.7143876166030126,2.9307015118782522,-2.305093260225834,1.1635074482751668,-1.7891099910134405,-3.5420363044911376,4.229630323233541,-4.533897621817412,3.8464033230489947}]

Max g: 0.01985234840671555
f_21([-5.33389e-11,4.01521,-4.01521,-1.06119,2.41697,-0.357457,0.161247,-2.80407,3.80276,-4.7609,5.0,0.76078,-0.0326533,-4.16701,4.36509,2.40158,2.94653,-3.65515,-0.398969,-1.08978,1.23284,-3.62698,1.70709,2.52715,-4.543,3.7078,1.33119,0.504156,-1.92674,2.29872,-1.1538,1.7819,1.32898,-1.58339,-0.459909,0.714037,2.9305,-2.30446,1.16245,-1.7885,-3.5422,4.22946,-4.53359,3.84643])
3.673731791247104
Max g: 0.019814519746466294
f_22([5.62996e-17,4.01495,-4.01495,-1.06116,2.4173,-0.357838,0.161218,-2.80406,3.80271,-4.76091,5.0,0.760728,-0.0327802,-4.16704,4.36538,2.40127,2.94673,-3.65524,-0.398996,-1.0889,1.23196,-3.62628,1.70608,2.52748,-4.54378,3.70779,1.33195,0.504202,-1.92672,2.29849,-1.15314,1.78145,1.32917,-1.5836,-0.459796,0.713953,2.92985,-2.30352,1.16136,-1.78772,-3.54234,4.22946,-4.53351,3.84647])
3.6733328195060913
Max g: 0.019777567388510296
f_23([-2.64234e-23,4.01556,-4.01556,-1.06137,2.41741,-0.3576,0.160842,-2.80413,3.80264,-4.76091,5.0,0.760629,-0.0331623,-4.16635,4.36597,2.40125,2.9469,-3.65531,-0.399072,-1.0874,1.23041,-3.62589,1.70415,2.52897,-4.54444,3.70766,1.33314,0.503873,-1.92726,2.29793,-1.15174,1.78114,1.33003,-1.58398,-0.45973,0.713484,2.93011,-2.30279,1.16001,-1.7874,-3.54374,4.22951,-4.53226,3.84655])
3.6777215086572332
Max g: 0.019738404776941013
f_24([5.44003e-10,4.01556,-4.01556,-1.06125,2.41734,-0.357643,0.160751,-2.80418,3.80272,-4.76069,5.0,0.760408,-0.0333869,-4.16604,4.36631,2.40149,2.94644,-3.65534,-0.399095,-1.08673,1.22979,-3.62564,1.70371,2.52915,-4.54483,3.70765,1.33358,0.503874,-1.92726,2.29762,-1.15119,1.78091,1.33031,-1.58417,-0.459562,0.71326,2.93018,-2.3025,1.15951,-1.78726,-3.54412,4.22936,-4.53237,3.8472])
3.6786191950745124
Max g: 0.019691595519642183
f_25([-3.51552e-24,4.0159,-4.0159,-1.06175,2.41766,-0.357499,0.160438,-2.80442,3.80255,-4.76069,5.0,0.760083,-0.0336216,-4.16525,4.36589,2.4009,2.94672,-3.65535,-0.399043,-1.08573,1.22901,-3.6253,1.70389,2.52873,-4.54359,3.70459,1.33524,0.50395,-1.92856,2.29796,-1.15013,1.78075,1.33173,-1.58547,-0.459216,0.712786,2.93166,-2.30313,1.15875,-1.78731,-3.54387,4.2283,-4.53153,3.84718])
3.6807137967148305
Max g: 0.019543479208625106
f_26([1.1328e-11,4.01575,-4.01575,-1.06177,2.41782,-0.357632,0.159716,-2.80478,3.80253,-4.76069,5.0,0.760427,-0.0337289,-4.16526,4.36621,2.40078,2.94674,-3.65534,-0.399001,-1.08506,1.22842,-3.62488,1.70365,2.5286,-4.54383,3.70452,1.33561,0.503934,-1.92878,2.29776,-1.14945,1.78057,1.33604,-1.58822,-0.459348,0.711661,2.93204,-2.30302,1.15803,-1.78711,-3.54398,4.22827,-4.53147,3.8472])
3.685601200542239
Max g: 0.019536613693300592
f_27([3.97413e-11,4.01582,-4.01582,-1.06179,2.41791,-0.357653,0.159655,-2.80493,3.80245,-4.76069,5.0,0.760135,-0.0340402,-4.16462,4.36653,2.40071,2.94662,-3.65534,-0.398951,-1.08403,1.22754,-3.62476,1.70357,2.52867,-4.54429,3.7044,1.33629,0.503824,-1.92926,2.29766,-1.14829,1.77996,1.33591,-1.58839,-0.458973,0.711483,2.93229,-2.3027,1.15662,-1.78626,-3.54435,4.22838,-4.53125,3.84727])
3.6878952880530633
Max g: 0.019488057293240844
f_28([-6.80314e-14,4.01585,-4.01585,-1.06187,2.41798,-0.357725,0.159651,-2.80492,3.80239,-4.7607,5.0,0.760049,-0.0343518,-4.16432,4.36691,2.40035,2.94637,-3.65533,-0.398948,-1.08347,1.22703,-3.62455,1.70331,2.52876,-4.54601,3.70448,1.33763,0.504009,-1.92918,2.29737,-1.14778,1.77966,1.33593,-1.58853,-0.458789,0.71139,2.93219,-2.30245,1.15619,-1.786,-3.54442,4.22834,-4.53117,3.84729])
3.6868978587005308
Max g: 0.01938406949941137
f_29([-7.5162e-11,4.01608,-4.01608,-1.06159,2.41782,-0.357772,0.159537,-2.805,3.80228,-4.7607,5.0,0.759824,-0.0349014,-4.16416,4.36845,2.40039,2.94602,-3.65539,-0.398928,-1.08254,1.22619,-3.62431,1.70293,2.52898,-4.54687,3.70436,1.33888,0.503838,-1.92944,2.29704,-1.14636,1.77882,1.33576,-1.58838,-0.458748,0.711344,2.93289,-2.30258,1.15522,-1.78556,-3.54479,4.22826,-4.53067,3.84725])
3.6888927174055954
Max g: 0.019289336579859602
f_30([-2.55439e-12,4.0182,-4.0182,-1.06141,2.41759,-0.357664,0.159449,-2.80527,3.80245,-4.76071,5.0,0.759654,-0.0349986,-4.16412,4.36877,2.40075,2.94577,-3.65537,-0.398906,-1.08196,1.2257,-3.62424,1.70282,2.52908,-4.54706,3.70431,1.33929,0.503678,-1.92958,2.29683,-1.14582,1.77867,1.33583,-1.58856,-0.458492,0.711147,2.93364,-2.3027,1.15418,-1.78507,-3.54531,4.22823,-4.53012,3.84725])
3.6899898896933814
{-2.554390580776742e-12,4.018201707382181,-4.018201707379395,-1.0614071432570522,2.417591922784844,-0.3576635366025947,0.15944860096693686,-2.805273483737298,3.8024524910788773,-4.760706796906939,4.999999999982289,0.7596541542083556,-0.034998596276856156,-4.164121148511453,4.368765035670359,2.400746758837116,2.9457683930234806,-3.6553659555191502,-0.39890612589692287,-1.0819587297832742,1.2257037211099258,-3.6242406143935915,1.7028155462501156,2.529081340422897,-4.54706478317605,3.7043141339254846,1.3392944203409154,0.5036784974287397,-1.9295811425537326,2.2968283953171578,-1.145817470759872,1.7786719578686885,1.335834091840876,-1.5885558450632837,-0.45849237627525324,0.7111468986634678,2.9336357960380033,-2.3026964393070366,1.1541820596472925,-1.7850718716348168,-3.545308600771394,4.228229639842519,-4.530115127985248,3.8472486007123843}]
Set[{A021,A031,A032,A041,A042,A043,A121,A131,A132,A141,A142,A143,B021,B031,B032,B041,B042,B043,B121,B131,B132,B141,B142,B143,\[Alpha]1,\[Alpha]2,\[Alpha]3,\[Alpha]4,\[Beta]11,\[Beta]12,\[Beta]13,\[Beta]14,\[Beta]21,\[Beta]22,\[Beta]23,\[Beta]24,\[Beta]31,\[Beta]32,\[Beta]33,\[Beta]34,\[Beta]41,\[Beta]42,\[Beta]43,\[Beta]44},{-2.554390580776742e-12,4.018201707382181,-4.018201707379395,-1.0614071432570522,2.417591922784844,-0.3576635366025947,0.15944860096693686,-2.805273483737298,3.8024524910788773,-4.760706796906939,4.999999999982289,0.7596541542083556,-0.034998596276856156,-4.164121148511453,4.368765035670359,2.400746758837116,2.9457683930234806,-3.6553659555191502,-0.39890612589692287,-1.0819587297832742,1.2257037211099258,-3.6242406143935915,1.7028155462501156,2.529081340422897,-4.54706478317605,3.7043141339254846,1.3392944203409154,0.5036784974287397,-1.9295811425537326,2.2968283953171578,-1.145817470759872,1.7786719578686885,1.335834091840876,-1.5885558450632837,-0.45849237627525324,0.7111468986634678,2.9336357960380033,-2.3026964393070366,1.1541820596472925,-1.7850718716348168,-3.545308600771394,4.228229639842519,-4.530115127985248,3.8472486007123843}]

Max g: 0.019294062898623385
f_31([-4.74225e-23,4.01841,-4.01841,-1.06157,2.41765,-0.357571,0.1594,-2.80531,3.8024,-4.7607,5.0,0.759591,-0.0354989,-4.16335,4.36942,2.40046,2.94533,-3.65528,-0.39891,-1.08141,1.22516,-3.62399,1.70234,2.52932,-4.54797,3.7042,1.34027,0.503723,-1.92986,2.29684,-1.1453,1.77837,1.3358,-1.58847,-0.458514,0.711117,2.9334,-2.30243,1.15403,-1.785,-3.54531,4.22829,-4.53011,3.84719])
3.6906880902401538
Max g: 0.01920581083519418
f_32([-6.18001e-9,4.02044,-4.02044,-1.06153,2.41752,-0.357469,0.159405,-2.80483,3.80231,-4.7607,5.0,0.759806,-0.0358557,-4.16228,4.3694,2.40025,2.94541,-3.65542,-0.398897,-1.08116,1.22496,-3.62387,1.70222,2.52936,-4.54858,3.70413,1.34136,0.50363,-1.93015,2.29699,-1.14483,1.77802,1.33564,-1.58849,-0.458243,0.710968,2.93386,-2.30257,1.15358,-1.78477,-3.54613,4.22829,-4.52936,3.84724])
3.6918850054631926
Max g: 0.01917175129827811
f_33([-2.1405e-24,4.0203,-4.0203,-1.06135,2.41751,-0.357591,0.159316,-2.80495,3.80217,-4.7607,5.0,0.759476,-0.0364037,-4.16147,4.37021,2.39986,2.9453,-3.65545,-0.398931,-1.08095,1.22471,-3.62344,1.70156,2.52953,-4.54965,3.70387,1.34247,0.503563,-1.93061,2.29696,-1.14463,1.77832,1.33554,-1.58828,-0.458515,0.711173,2.93398,-2.30237,1.15313,-1.78473,-3.54671,4.22831,-4.52879,3.84723])
3.6931816636214845
Max g: 0.019102404133550917
f_34([-4.7203e-13,4.0203,-4.0203,-1.06162,2.41762,-0.357496,0.159276,-2.80502,3.80224,-4.7607,5.0,0.759423,-0.0367004,-4.16105,4.37051,2.39945,2.94511,-3.65543,-0.398942,-1.08087,1.22463,-3.62351,1.70142,2.52975,-4.55012,3.70342,1.34319,0.503722,-1.93061,2.29671,-1.14417,1.7781,1.33552,-1.58827,-0.458383,0.711046,2.93412,-2.3023,1.15288,-1.78468,-3.54707,4.22832,-4.5284,3.8472])
3.692782691880472
Max g: 0.019017885821254583
f_35([1.29852e-23,4.02034,-4.02034,-1.06199,2.41775,-0.357237,0.159239,-2.80481,3.80223,-4.76066,5.0,0.759496,-0.0370194,-4.16062,4.37105,2.39933,2.94496,-3.65539,-0.398931,-1.08077,1.22456,-3.62309,1.70129,2.52949,-4.55028,3.70278,1.34387,0.503633,-1.93111,2.29695,-1.14349,1.77762,1.33565,-1.58822,-0.4585,0.711054,2.93417,-2.30235,1.15258,-1.78443,-3.54763,4.22831,-4.5279,3.84726])
3.692782691880472
Max g: 0.018967748882571717
f_36([8.38587e-12,4.02037,-4.02037,-1.06202,2.41794,-0.357378,0.159235,-2.80476,3.80217,-4.76066,5.0,0.759343,-0.0373139,-4.16016,4.37142,2.39918,2.94474,-3.65538,-0.39894,-1.08049,1.22433,-3.62314,1.70122,2.5296,-4.55071,3.70274,1.34459,0.50363,-1.93122,2.29683,-1.1433,1.7777,1.33558,-1.5884,-0.458297,0.711047,2.93419,-2.302,1.15219,-1.78441,-3.5482,4.22829,-4.52772,3.84768])
3.6933811494919913
Max g: 0.018924403642335524
f_37([-6.75253e-27,4.02028,-4.02028,-1.06207,2.41799,-0.35736,0.159195,-2.80484,3.80216,-4.76065,5.0,0.759312,-0.0375689,-4.15984,4.37187,2.39925,2.94443,-3.65537,-0.39896,-1.08027,1.22411,-3.62341,1.70114,2.52994,-4.5511,3.70265,1.3451,0.503588,-1.93069,2.29631,-1.14332,1.77776,1.33574,-1.58849,-0.458402,0.711083,2.93441,-2.30208,1.15215,-1.78445,-3.54782,4.228,-4.52772,3.84758])
3.6940793500387636
Max g: 0.018903490540444365
f_38([6.1967e-11,4.01902,-4.01902,-1.06202,2.41791,-0.357504,0.158946,-2.80493,3.80211,-4.76064,5.0,0.759369,-0.0381515,-4.15951,4.37325,2.3985,2.94382,-3.65542,-0.398967,-1.08006,1.22397,-3.62371,1.70138,2.53003,-4.55094,3.70275,1.34424,0.504035,-1.93093,2.29616,-1.1428,1.7776,1.33627,-1.58853,-0.458904,0.711125,2.93357,-2.30098,1.15151,-1.78414,-3.54804,4.22799,-4.52755,3.84765])
3.6944783217797768
Max g: 0.01884081225426318
f_39([3.00893e-10,4.01974,-4.01974,-1.06178,2.41759,-0.357416,0.15916,-2.80474,3.80214,-4.76065,5.0,0.759335,-0.0384717,-4.15907,4.37366,2.39855,2.94349,-3.65542,-0.398996,-1.08042,1.22423,-3.62343,1.70095,2.53016,-4.55061,3.7014,1.34529,0.503986,-1.93065,2.29606,-1.14269,1.77733,1.33541,-1.58805,-0.458715,0.711293,2.93366,-2.30116,1.1512,-1.78372,-3.5483,4.22804,-4.52733,3.84764])
3.6930819206862315
Max g: 0.01879377027459163
f_40([-1.8912e-26,4.01987,-4.01987,-1.06177,2.41761,-0.357425,0.159137,-2.80473,3.80211,-4.76064,5.0,0.759277,-0.0388048,-4.15853,4.37403,2.39842,2.94331,-3.65543,-0.398987,-1.0801,1.22396,-3.62337,1.7009,2.53017,-4.55047,3.70038,1.34632,0.503942,-1.93075,2.29596,-1.14251,1.77733,1.33554,-1.58823,-0.458555,0.711181,2.93377,-2.30114,1.15118,-1.78384,-3.54853,4.22805,-4.52708,3.84762])
3.6935806353624976
{-1.8911989919590992e-26,4.019873649611973,-4.019873649611973,-1.0617704195576019,2.4176050250308885,-0.35742506092677206,0.15913716888672896,-2.8047270562520334,3.802114013899735,-4.7606442369636595,5.0,0.7592771004788776,-0.03880484259583358,-4.158529115799948,4.3740296725049825,2.3984175042946876,2.943305701399973,-3.6554317108734207,-0.3989873389774071,-1.0800965690014908,1.2239570358267797,-3.623374944854826,1.7008959629917477,2.5301710456118207,-4.550465752335114,3.7003789030348293,1.3463246100982056,0.5039421515157222,-1.9307477482733784,2.2959572512671045,-1.142505957370593,1.7773314100759734,1.3355408607617447,-1.5882310472303758,-0.45855512064021414,0.7111807813332243,2.933774711170424,-2.301137441132359,1.1511811433582477,-1.7838359618929533,-3.548531837527109,4.228048528921898,-4.5270818836758036,3.847623161978892}]
Set[{A021,A031,A032,A041,A042,A043,A121,A131,A132,A141,A142,A143,B021,B031,B032,B041,B042,B043,B121,B131,B132,B141,B142,B143,\[Alpha]1,\[Alpha]2,\[Alpha]3,\[Alpha]4,\[Beta]11,\[Beta]12,\[Beta]13,\[Beta]14,\[Beta]21,\[Beta]22,\[Beta]23,\[Beta]24,\[Beta]31,\[Beta]32,\[Beta]33,\[Beta]34,\[Beta]41,\[Beta]42,\[Beta]43,\[Beta]44},{-1.8911989919590992e-26,4.019873649611973,-4.019873649611973,-1.0617704195576019,2.4176050250308885,-0.35742506092677206,0.15913716888672896,-2.8047270562520334,3.802114013899735,-4.7606442369636595,5.0,0.7592771004788776,-0.03880484259583358,-4.158529115799948,4.3740296725049825,2.3984175042946876,2.943305701399973,-3.6554317108734207,-0.3989873389774071,-1.0800965690014908,1.2239570358267797,-3.623374944854826,1.7008959629917477,2.5301710456118207,-4.550465752335114,3.7003789030348293,1.3463246100982056,0.5039421515157222,-1.9307477482733784,2.2959572512671045,-1.142505957370593,1.7773314100759734,1.3355408607617447,-1.5882310472303758,-0.45855512064021414,0.7111807813332243,2.933774711170424,-2.301137441132359,1.1511811433582477,-1.7838359618929533,-3.548531837527109,4.228048528921898,-4.5270818836758036,3.847623161978892}]

Max g: 0.01872854949085692
f_41([-7.33831e-29,4.02044,-4.02044,-1.06204,2.41823,-0.357625,0.159102,-2.80445,3.80185,-4.76064,5.0,0.759262,-0.0390772,-4.15809,4.37461,2.3997,2.94224,-3.65542,-0.398985,-1.07932,1.22327,-3.62388,1.70086,2.53074,-4.55081,3.70041,1.34705,0.503568,-1.93051,2.29549,-1.14203,1.7771,1.3359,-1.58859,-0.458405,0.711052,2.93341,-2.30066,1.1511,-1.78391,-3.54884,4.22804,-4.52686,3.84768])
3.6955754940675622
Max g: 0.018720888943605032
f_42([-5.56315e-28,4.02037,-4.02037,-1.06209,2.41825,-0.357601,0.159078,-2.80446,3.80185,-4.76064,5.0,0.75926,-0.039246,-4.15786,4.37487,2.39961,2.94215,-3.65547,-0.398994,-1.0794,1.22331,-3.62382,1.70068,2.53085,-4.55106,3.70037,1.34734,0.503578,-1.9306,2.29552,-1.14194,1.77706,1.33597,-1.58864,-0.458262,0.710888,2.93357,-2.30076,1.15101,-1.78387,-3.5489,4.22803,-4.52677,3.84767])
3.696572923420095
Max g: 0.018699656026019605
f_43([-1.01983e-10,4.02025,-4.02025,-1.06255,2.41823,-0.357133,0.159073,-2.80441,3.80192,-4.76064,5.0,0.759223,-0.03976,-4.15708,4.37551,2.39942,2.94197,-3.65578,-0.399009,-1.07937,1.22331,-3.62387,1.70063,2.53096,-4.55204,3.70006,1.34859,0.503612,-1.93084,2.29553,-1.14164,1.77699,1.33613,-1.58892,-0.457892,0.710651,2.93394,-2.30086,1.15072,-1.78382,-3.54921,4.2276,-4.52598,3.84764])
3.696772409290601
Max g: 0.018618580270041894
f_44([1.27295e-26,4.02025,-4.02025,-1.06255,2.41823,-0.357131,0.159066,-2.80441,3.80192,-4.76064,5.0,0.759217,-0.0397969,-4.15702,4.37557,2.39941,2.94195,-3.65578,-0.399009,-1.07937,1.22331,-3.62387,1.70063,2.53096,-4.5521,3.70005,1.34867,0.503605,-1.93086,2.29553,-1.14161,1.77699,1.33613,-1.58892,-0.457893,0.710644,2.93395,-2.30086,1.15069,-1.78381,-3.54923,4.2276,-4.52596,3.84764])
3.6968721522258545
Max g: 0.018614178110544707
f_45([-7.13541e-28,4.02021,-4.02021,-1.06285,2.41827,-0.356793,0.159051,-2.80428,3.80183,-4.76065,5.0,0.759217,-0.040056,-4.15686,4.37622,2.39944,2.9419,-3.65578,-0.398986,-1.07948,1.22347,-3.62422,1.70101,2.53095,-4.55256,3.69984,1.34957,0.503408,-1.93091,2.29547,-1.14125,1.77673,1.33599,-1.58877,-0.458025,0.710758,2.9341,-2.30096,1.15059,-1.78377,-3.54967,4.22781,-4.52581,3.84771])
3.6976700957078803
Max g: 0.018581050541081362
f_46([-1.08438e-22,4.0202,-4.0202,-1.06289,2.41821,-0.356698,0.159031,-2.80425,3.80181,-4.76064,5.0,0.75918,-0.0404352,-4.15625,4.37667,2.39935,2.94151,-3.65582,-0.398976,-1.07943,1.22345,-3.62424,1.70113,2.53087,-4.55336,3.69974,1.35044,0.50344,-1.93122,2.29569,-1.14129,1.77686,1.3361,-1.58891,-0.457902,0.710666,2.93426,-2.30098,1.15033,-1.78364,-3.54979,4.22768,-4.52554,3.8477])
3.6981688103841464
Max g: 0.01853875761404296
f_47([-2.90327e-12,4.02009,-4.02009,-1.06301,2.41812,-0.356556,0.158956,-2.80424,3.80178,-4.76064,5.0,0.75915,-0.0408833,-4.15585,4.37737,2.39905,2.94114,-3.65591,-0.398972,-1.07941,1.22345,-3.62418,1.70114,2.5308,-4.55385,3.69882,1.35167,0.503586,-1.93152,2.29574,-1.14107,1.77686,1.33625,-1.58898,-0.458021,0.710704,2.9344,-2.30094,1.15013,-1.78363,-3.55014,4.22767,-4.5252,3.84771])
3.6981688103841464
Max g: 0.018438265617912022
f_48([6.46235e-26,4.02178,-4.02178,-1.06252,2.41796,-0.356858,0.159023,-2.80384,3.80161,-4.76065,5.0,0.759169,-0.0415814,-4.15395,4.37767,2.39855,2.94084,-3.65593,-0.398982,-1.07986,1.22388,-3.62439,1.70128,2.53085,-4.55437,3.6988,1.35227,0.503529,-1.93163,2.29581,-1.14116,1.77702,1.3363,-1.58921,-0.457669,0.710549,2.93455,-2.30099,1.14999,-1.78357,-3.55084,4.22763,-4.52442,3.84769])
3.698867010930919
Max g: 0.018409213252237468
f_49([-2.6286e-28,4.02367,-4.02367,-1.06198,2.41795,-0.357411,0.158994,-2.80398,3.80173,-4.76066,5.0,0.759147,-0.0420438,-4.15357,4.37863,2.39901,2.93991,-3.65615,-0.399025,-1.07953,1.22343,-3.62564,1.70059,2.53274,-4.5552,3.69883,1.35301,0.50358,-1.93269,2.29648,-1.14044,1.77655,1.33588,-1.58879,-0.457645,0.710502,2.93421,-2.3007,1.15011,-1.78373,-3.55101,4.22774,-4.52448,3.84782])
3.6985677821251595
Max g: 0.01830604184470294
f_50([-9.13276e-29,4.02552,-4.02552,-1.06171,2.41797,-0.35746,0.158909,-2.80403,3.80182,-4.76067,5.0,0.759125,-0.0423947,-4.15174,4.37835,2.39966,2.93961,-3.65615,-0.398875,-1.07919,1.22347,-3.62526,1.70232,2.53082,-4.55469,3.69902,1.35296,0.503015,-1.93211,2.29581,-1.14012,1.77645,1.33664,-1.58956,-0.458139,0.710993,2.93573,-2.30175,1.14943,-1.7834,-3.55171,4.22779,-4.5239,3.84788])
3.702358013664782
{-9.132758879367368e-29,4.025522044980042,-4.025522044980047,-1.061712528690385,2.417966819934377,-0.3574602763061962,0.1589093740366056,-2.8040313580725584,3.8018221057412305,-4.760673757175244,5.0,0.7591247033665306,-0.04239471207908268,-4.1517428394414795,4.378346840964866,2.3996611835872814,2.939605043459023,-3.656146113080302,-0.3988754648069492,-1.0791886139178903,1.2234650195553278,-3.6252603889659056,1.702321413312588,2.5308201208401067,-4.554693998101743,3.6990158787042215,1.352955132450974,0.5030152740913968,-1.9321060267339478,2.295807795834854,-1.1401184118298673,1.7764476789795467,1.3366374537458312,-1.5895636663725543,-0.45813877883343207,0.710992846262821,2.93572665090969,-2.301746458113663,1.149425527444219,-1.7833984471941458,-3.55171303441481,4.227787279435277,-4.523895932047447,3.8478834997896394}]
Set[{A021,A031,A032,A041,A042,A043,A121,A131,A132,A141,A142,A143,B021,B031,B032,B041,B042,B043,B121,B131,B132,B141,B142,B143,\[Alpha]1,\[Alpha]2,\[Alpha]3,\[Alpha]4,\[Beta]11,\[Beta]12,\[Beta]13,\[Beta]14,\[Beta]21,\[Beta]22,\[Beta]23,\[Beta]24,\[Beta]31,\[Beta]32,\[Beta]33,\[Beta]34,\[Beta]41,\[Beta]42,\[Beta]43,\[Beta]44},{-9.132758879367368e-29,4.025522044980042,-4.025522044980047,-1.061712528690385,2.417966819934377,-0.3574602763061962,0.1589093740366056,-2.8040313580725584,3.8018221057412305,-4.760673757175244,5.0,0.7591247033665306,-0.04239471207908268,-4.1517428394414795,4.378346840964866,2.3996611835872814,2.939605043459023,-3.656146113080302,-0.3988754648069492,-1.0791886139178903,1.2234650195553278,-3.6252603889659056,1.702321413312588,2.5308201208401067,-4.554693998101743,3.6990158787042215,1.352955132450974,0.5030152740913968,-1.9321060267339478,2.295807795834854,-1.1401184118298673,1.7764476789795467,1.3366374537458312,-1.5895636663725543,-0.45813877883343207,0.710992846262821,2.93572665090969,-2.301746458113663,1.149425527444219,-1.7833984471941458,-3.55171303441481,4.227787279435277,-4.523895932047447,3.8478834997896394}]

Max g: 0.018390347251339124
f_51([-3.84663e-13,4.02703,-4.02703,-1.06231,2.41753,-0.356477,0.158816,-2.80403,3.80187,-4.76069,5.0,0.759131,-0.0425835,-4.15195,4.37905,2.39975,2.93917,-3.65624,-0.398874,-1.0788,1.22316,-3.62433,1.70205,2.5302,-4.5547,3.69869,1.35315,0.503147,-1.93189,2.29534,-1.13915,1.77579,1.33671,-1.58957,-0.457778,0.710578,2.93616,-2.30178,1.14906,-1.78339,-3.55232,4.22769,-4.52331,3.84799])
3.7028567283410485
Max g: 0.018311209624767857
f_52([1.38117e-26,4.02717,-4.02717,-1.06285,2.41752,-0.356028,0.158818,-2.80398,3.80169,-4.76069,5.0,0.759013,-0.0430468,-4.15138,4.37956,2.39926,2.9391,-3.65658,-0.39887,-1.07905,1.2234,-3.62472,1.70234,2.53033,-4.55635,3.69859,1.35463,0.503361,-1.9321,2.29542,-1.1393,1.77603,1.33664,-1.58959,-0.457506,0.710372,2.93584,-2.30148,1.14884,-1.78318,-3.55216,4.22766,-4.52299,3.84755])
3.702258270729529
Max g: 0.018210867796632273
f_53([-9.72528e-28,4.02713,-4.02713,-1.06297,2.41752,-0.355894,0.15885,-2.80383,3.80163,-4.76069,5.0,0.759032,-0.0433448,-4.15058,4.37963,2.39906,2.93856,-3.65621,-0.398857,-1.07897,1.22336,-3.62456,1.7024,2.53012,-4.5569,3.69855,1.35526,0.503349,-1.93219,2.2955,-1.13919,1.77592,1.3367,-1.58974,-0.457294,0.710251,2.93588,-2.30154,1.14873,-1.78307,-3.5523,4.22762,-4.52292,3.84765])
3.7020587848590223
Max g: 0.018175978864767364
f_54([-5.84219e-25,4.02695,-4.02695,-1.06302,2.41767,-0.355955,0.158704,-2.80391,3.80156,-4.7603,5.0,0.758627,-0.0437631,-4.14981,4.38014,2.39905,2.93813,-3.65619,-0.39888,-1.07899,1.22329,-3.62482,1.70197,2.53081,-4.55763,3.69851,1.35611,0.503251,-1.93251,2.29561,-1.13897,1.7759,1.33703,-1.58978,-0.45748,0.71018,2.93616,-2.30165,1.14856,-1.78307,-3.55228,4.22755,-4.52243,3.84721])
3.7038541576935806
Max g: 0.01810782989432201
f_55([-1.00201e-23,4.02707,-4.02707,-1.05496,2.41638,-0.362815,0.159214,-2.80459,3.80281,-4.7604,5.0,0.758952,-0.0453884,-4.14562,4.3813,2.39376,2.94101,-3.65645,-0.398939,-1.07971,1.22392,-3.63227,1.70413,2.536,-4.55659,3.69829,1.35506,0.503473,-1.93104,2.29476,-1.1387,1.77495,1.33618,-1.58967,-0.456295,0.709732,2.93502,-2.30191,1.1521,-1.78532,-3.55164,4.22731,-4.52308,3.84744])
3.6998644402834513
Max g: 0.017931935919196215
f_56([-2.60853e-26,4.02713,-4.02713,-1.05511,2.41643,-0.362723,0.159108,-2.80461,3.80278,-4.7604,5.0,0.758899,-0.0456838,-4.14532,4.38176,2.39357,2.9408,-3.65645,-0.398952,-1.07961,1.22386,-3.63226,1.70412,2.536,-4.55681,3.69761,1.35591,0.503495,-1.93116,2.29468,-1.13892,1.7754,1.33632,-1.58967,-0.45664,0.709939,2.93484,-2.30125,1.1508,-1.78447,-3.55205,4.22729,-4.52294,3.84773])
3.7002634120244644
Max g: 0.01794131835564442
f_57([-2.52764e-27,4.02705,-4.02705,-1.05506,2.41673,-0.363016,0.159124,-2.80424,3.80285,-4.76042,5.0,0.759029,-0.0460215,-4.14451,4.38199,2.3931,2.94099,-3.65644,-0.399006,-1.07987,1.22407,-3.63048,1.70321,2.5351,-4.55707,3.69738,1.35659,0.503363,-1.93048,2.29383,-1.13879,1.77554,1.33612,-1.58949,-0.456678,0.71005,2.93471,-2.30065,1.1496,-1.78372,-3.55384,4.22759,-4.52142,3.84771])
3.7007621267007305
Max g: 0.017970819117295714
f_58([1.67504e-23,4.02714,-4.02714,-1.05553,2.41645,-0.362372,0.158978,-2.80399,3.80242,-4.76039,5.0,0.75893,-0.0464861,-4.14418,4.38279,2.39273,2.94055,-3.65659,-0.398995,-1.07998,1.22418,-3.63057,1.70331,2.53507,-4.55833,3.69712,1.35782,0.503596,-1.93108,2.29417,-1.139,1.77598,1.33672,-1.58989,-0.456778,0.70996,2.93497,-2.30076,1.14947,-1.78377,-3.55388,4.22756,-4.52127,3.84763])
3.7012608413769965
Max g: 0.017873856426175734
f_59([-4.8798e-25,4.02725,-4.02725,-1.05564,2.41628,-0.362057,0.158995,-2.8039,3.80231,-4.76038,5.0,0.758883,-0.0466945,-4.14379,4.38298,2.393,2.94039,-3.65687,-0.39897,-1.07986,1.22411,-3.6306,1.70352,2.53493,-4.55892,3.69708,1.35855,0.503529,-1.93138,2.29456,-1.13927,1.77618,1.33638,-1.58961,-0.457119,0.710327,2.93512,-2.30071,1.14874,-1.78318,-3.55385,4.22753,-4.52125,3.84762])
3.7016598131180096
Max g: 0.017892559286874707
f_60([2.21473e-13,4.02723,-4.02723,-1.05576,2.41628,-0.361899,0.158926,-2.80391,3.80232,-4.76038,5.0,0.758857,-0.046874,-4.14331,4.38308,2.39321,2.94004,-3.65685,-0.398981,-1.07978,1.22409,-3.63045,1.70362,2.53469,-4.55918,3.69704,1.35895,0.50343,-1.93173,2.29465,-1.13897,1.77612,1.33644,-1.58958,-0.457178,0.710308,2.9351,-2.30052,1.14866,-1.78328,-3.55386,4.22708,-4.52079,3.84762])
3.7028567283410485
{2.2147325823351714e-13,4.02723366036329,-4.027233660362474,-1.0557641256985688,2.416283459563053,-0.361898597401539,0.15892558555456687,-2.8039110510095084,3.8023236660102713,-4.760382408306473,4.999999999999315,0.7588572061528371,-0.04687402273304022,-4.143309160481643,4.383083034773154,2.3932134228116113,2.940044686150874,-3.6568500920074096,-0.3989812406928258,-1.0797837896144544,1.2240938000814996,-3.630446089372955,1.7036225224798343,2.5346924778932496,-4.559183823225375,3.6970411104067566,1.3589477910044712,0.5034298829541898,-1.9317310674461772,2.294649097351658,-1.1389737608304173,1.776124175226732,1.336438577031525,-1.5895785726591611,-0.4571779493303652,0.7103084304707828,2.9350954743619986,-2.300523197623382,1.1486615640001494,-1.7832821619017514,-3.5538631220542167,4.227080557230987,-4.520792117234907,3.8476154192708143}]
Set[{A021,A031,A032,A041,A042,A043,A121,A131,A132,A141,A142,A143,B021,B031,B032,B041,B042,B043,B121,B131,B132,B141,B142,B143,\[Alpha]1,\[Alpha]2,\[Alpha]3,\[Alpha]4,\[Beta]11,\[Beta]12,\[Beta]13,\[Beta]14,\[Beta]21,\[Beta]22,\[Beta]23,\[Beta]24,\[Beta]31,\[Beta]32,\[Beta]33,\[Beta]34,\[Beta]41,\[Beta]42,\[Beta]43,\[Beta]44},{2.2147325823351714e-13,4.02723366036329,-4.027233660362474,-1.0557641256985688,2.416283459563053,-0.361898597401539,0.15892558555456687,-2.8039110510095084,3.8023236660102713,-4.760382408306473,4.999999999999315,0.7588572061528371,-0.04687402273304022,-4.143309160481643,4.383083034773154,2.3932134228116113,2.940044686150874,-3.6568500920074096,-0.3989812406928258,-1.0797837896144544,1.2240938000814996,-3.630446089372955,1.7036225224798343,2.5346924778932496,-4.559183823225375,3.6970411104067566,1.3589477910044712,0.5034298829541898,-1.9317310674461772,2.294649097351658,-1.1389737608304173,1.776124175226732,1.336438577031525,-1.5895785726591611,-0.4571779493303652,0.7103084304707828,2.9350954743619986,-2.300523197623382,1.1486615640001494,-1.7832821619017514,-3.5538631220542167,4.227080557230987,-4.520792117234907,3.8476154192708143}]

Max g: 0.017866550646917244
f_61([1.11195e-13,4.02709,-4.02709,-1.05568,2.41615,-0.36185,0.158878,-2.80395,3.80226,-4.76038,5.0,0.758768,-0.0470744,-4.14287,4.38321,2.39286,2.94007,-3.65683,-0.398956,-1.07962,1.22397,-3.63054,1.70373,2.53472,-4.5595,3.69694,1.35933,0.503446,-1.93173,2.29461,-1.13889,1.77612,1.33638,-1.58952,-0.457256,0.710357,2.93545,-2.30058,1.14791,-1.78278,-3.55407,4.22726,-4.52069,3.84755])
3.703455185952568
Max g: 0.017862006878141004
f_62([-2.23995e-23,4.02842,-4.02842,-1.0554,2.41599,-0.361942,0.158748,-2.8043,3.80257,-4.76034,5.0,0.758755,-0.0469278,-4.14302,4.38277,2.39436,2.93893,-3.6568,-0.39887,-1.07927,1.22383,-3.63078,1.70474,2.53404,-4.55974,3.69641,1.36022,0.503353,-1.93281,2.29542,-1.13874,1.77618,1.33714,-1.59017,-0.457025,0.710032,2.93648,-2.30156,1.14857,-1.78348,-3.5539,4.22676,-4.52039,3.84757])
3.7038541576935806
Max g: 0.017801675900885307
f_63([2.56716e-13,4.02802,-4.02802,-1.05548,2.41609,-0.362038,0.158736,-2.80439,3.80252,-4.76034,5.0,0.758592,-0.047308,-4.14277,4.38348,2.39422,2.93827,-3.65679,-0.398866,-1.07937,1.22393,-3.6311,1.70488,2.53424,-4.56073,3.69637,1.361,0.503538,-1.93307,2.29551,-1.13851,1.7761,1.33701,-1.59012,-0.457019,0.710077,2.93635,-2.30128,1.14799,-1.78307,-3.55396,4.22679,-4.52033,3.84755])
3.7036546718230743
Max g: 0.017725602505712618
f_64([-5.37519e-21,4.02805,-4.02805,-1.05555,2.41612,-0.362021,0.158751,-2.80435,3.80251,-4.76034,5.0,0.758641,-0.0473108,-4.14272,4.38333,2.3943,2.938,-3.65666,-0.398864,-1.07947,1.22403,-3.63092,1.70485,2.53409,-4.56107,3.69633,1.36143,0.503584,-1.93292,2.29543,-1.13849,1.77601,1.33717,-1.5903,-0.456893,0.709968,2.93626,-2.30124,1.14788,-1.78289,-3.55378,4.22677,-4.5204,3.84747])
3.7036546718230743
Max g: 0.01770970190492959
{-4.3524153597300333e-29,4.027087524303918,-4.027087524303919,-1.0556843919400667,2.416148852927838,-0.3618503725413132,0.1588777816490733,-2.8039511226458056,3.802255296375453,-4.760384633853864,5.0,0.7587679505658652,-0.047074447126045624,-4.142874128769965,4.383214565809128,2.39286260808012,2.94007436418526,-3.656827696759079,-0.3989560106796967,-1.0796200433187453,1.2239696412521053,-3.6305392573348416,1.7037296299799587,2.534719469749661,-4.559502836703449,3.696943972041185,1.359325577706493,0.5034455525447786,-1.9317263361092545,2.2946144872903735,-1.138888211849805,1.7761205269346676,1.3363849790657354,-1.5895175115531752,-0.45725649043017785,0.7103574901764671,2.9354459292581234,-2.300577346546143,1.147912967382797,-1.7827762331862915,-3.5540713048189287,4.227259599041659,-4.520692967713774,3.847548021963888}]
Set[{A021,A031,A032,A041,A042,A043,A121,A131,A132,A141,A142,A143,B021,B031,B032,B041,B042,B043,B121,B131,B132,B141,B142,B143,\[Alpha]1,\[Alpha]2,\[Alpha]3,\[Alpha]4,\[Beta]11,\[Beta]12,\[Beta]13,\[Beta]14,\[Beta]21,\[Beta]22,\[Beta]23,\[Beta]24,\[Beta]31,\[Beta]32,\[Beta]33,\[Beta]34,\[Beta]41,\[Beta]42,\[Beta]43,\[Beta]44},{-4.3524153597300333e-29,4.027087524303918,-4.027087524303919,-1.0556843919400667,2.416148852927838,-0.3618503725413132,0.1588777816490733,-2.8039511226458056,3.802255296375453,-4.760384633853864,5.0,0.7587679505658652,-0.047074447126045624,-4.142874128769965,4.383214565809128,2.39286260808012,2.94007436418526,-3.656827696759079,-0.3989560106796967,-1.0796200433187453,1.2239696412521053,-3.6305392573348416,1.7037296299799587,2.534719469749661,-4.559502836703449,3.696943972041185,1.359325577706493,0.5034455525447786,-1.9317263361092545,2.2946144872903735,-1.138888211849805,1.7761205269346676,1.3363849790657354,-1.5895175115531752,-0.45725649043017785,0.7103574901764671,2.9354459292581234,-2.300577346546143,1.147912967382797,-1.7827762331862915,-3.5540713048189287,4.227259599041659,-4.520692967713774,3.847548021963888}]


-----------------Final Result------------------
Options: alg=LN_AUGLAG_EQ,dx=0.01,max_eval=100000000,popSize=0
imin=-10,jmin=-3,imax=1,jmax=3,parameter_minmax=5,randSeed=90601446

6484382 steps

Completed with maxf : 3.703455185952568

Constraints at 0.017862007

x = [-4.3524153597300333e-29,4.027087524303918,-4.027087524303919,-1.0556843919400667,2.416148852927838,-0.3618503725413132,0.1588777816490733,-2.8039511226458056,3.802255296375453,-4.760384633853864,5.0,0.7587679505658652,-0.047074447126045624,-4.142874128769965,4.383214565809128,2.39286260808012,2.94007436418526,-3.656827696759079,-0.3989560106796967,-1.0796200433187453,1.2239696412521053,-3.6305392573348416,1.7037296299799587,2.534719469749661,-4.559502836703449,3.696943972041185,1.359325577706493,0.5034455525447786,-1.9317263361092545,2.2946144872903735,-1.138888211849805,1.7761205269346676,1.3363849790657354,-1.5895175115531752,-0.45725649043017785,0.7103574901764671,2.9354459292581234,-2.300577346546143,1.147912967382797,-1.7827762331862915,-3.5540713048189287,4.227259599041659,-4.520692967713774,3.847548021963888]
c0 = [0.0,-4.3524153597300333e-29,-8.881784197001252e-16,0.998614088446458]
c1 = [0.0,0.1588777816490733,0.9983041737296472,0.9983833167120011]
A0 = [0.0,-4.3524153597300333e-29,4.027087524303918,-1.0556843919400667,0.0,0.0,-4.027087524303919,2.416148852927838,0.0,0.0,0.0,-0.3618503725413132,0.0,0.0,0.0,0.0]
A1 = [0.0,0.1588777816490733,-2.8039511226458056,-4.760384633853864,0.0,0.0,3.802255296375453,5.0,0.0,0.0,0.0,0.7587679505658652,0.0,0.0,0.0,0.0]
B0 = [0.0,-0.047074447126045624,-4.142874128769965,2.39286260808012,0.0,0.0,4.383214565809128,2.94007436418526,0.0,0.0,0.0,-3.656827696759079,0.0,0.0,0.0,0.0]
B1 = [0.0,-0.3989560106796967,-1.0796200433187453,-3.6305392573348416,0.0,0.0,1.2239696412521053,1.7037296299799587,0.0,0.0,0.0,2.534719469749661,0.0,0.0,0.0,0.0]
α  = [-4.559502836703449,3.696943972041185,1.359325577706493,0.5034455525447786]
β1 = [-1.9317263361092545,2.2946144872903735,-1.138888211849805,1.7761205269346676]
β2 = [1.3363849790657354,-1.5895175115531752,-0.45725649043017785,0.7103574901764671]
β3 = [2.9354459292581234,-2.300577346546143,1.147912967382797,-1.7827762331862915]
β4 = [-3.5540713048189287,4.227259599041659,-4.520692967713774,3.847548021963888]


Set[{A021,A031,A032,A041,A042,A043,A121,A131,A132,A141,A142,A143,B021,B031,B032,B041,B042,B043,B121,B131,B132,B141,B142,B143,\[Alpha]1,\[Alpha]2,\[Alpha]3,\[Alpha]4,\[Beta]11,\[Beta]12,\[Beta]13,\[Beta]14,\[Beta]21,\[Beta]22,\[Beta]23,\[Beta]24,\[Beta]31,\[Beta]32,\[Beta]33,\[Beta]34,\[Beta]41,\[Beta]42,\[Beta]43,\[Beta]44},{-4.3524153597300333e-29,4.027087524303918,-4.027087524303919,-1.0556843919400667,2.416148852927838,-0.3618503725413132,0.1588777816490733,-2.8039511226458056,3.802255296375453,-4.760384633853864,5.0,0.7587679505658652,-0.047074447126045624,-4.142874128769965,4.383214565809128,2.39286260808012,2.94007436418526,-3.656827696759079,-0.3989560106796967,-1.0796200433187453,1.2239696412521053,-3.6305392573348416,1.7037296299799587,2.534719469749661,-4.559502836703449,3.696943972041185,1.359325577706493,0.5034455525447786,-1.9317263361092545,2.2946144872903735,-1.138888211849805,1.7761205269346676,1.3363849790657354,-1.5895175115531752,-0.45725649043017785,0.7103574901764671,2.9354459292581234,-2.300577346546143,1.147912967382797,-1.7827762331862915,-3.5540713048189287,4.227259599041659,-4.520692967713774,3.847548021963888}]



