
-----------------Setup------------------
Options: alg=LN_AUGLAG_EQ,dx=0.01,max_eval=100000000,popSize=0
imin=-6,jmin=-4,imax=1,jmax=4,
parameter_minmax=5,randSeed=27135674

f_1([0.997151,-2.77456,3.77255,-0.413655,3.65991,-2.24713,0.0438229,-0.9806,1.02443,-3.99236,4.65946,-0.346276,-0.153327,-0.88436,2.25855,1.62233,-0.0331485,-2.38056,4.43549,-0.00811734,-0.0537847,0.674405,4.91168,0.774618,-1.55703,-0.900948,1.16049,-0.216151,-4.81582,2.96618,3.98503,-4.6457,1.53121,-4.65605,-0.829327,3.93225,-4.12056,3.23295,3.48609,0.961668,-2.58542,-0.624613,-3.29331,3.4297])
2.252861526515536
Max g: 124.45975796442264
f_2([0.997151,-2.77456,3.77255,-0.413655,3.65991,-2.24713,0.0438229,-0.9806,1.02443,-3.99236,4.65946,-0.346276,-0.153327,-0.88436,2.25855,1.62233,-0.0331487,-2.38056,4.43549,-0.0081263,-0.0537739,0.674382,4.91158,0.774556,-1.55703,-0.900948,1.16049,-0.216151,-4.81582,2.96618,3.98503,-4.6457,1.53121,-4.65605,-0.829327,3.93225,-4.12056,3.23294,3.48609,0.961631,-2.58542,-0.624632,-3.29331,3.42969])
2.252961259196333
Max g: 124.45082324167376
f_3([0.941516,-2.9773,3.97635,0.0725783,2.944,-2.01751,1.96031e-8,-0.860295,0.866801,-3.93675,4.68056,-0.722534,0.334775,-0.683002,1.84334,0.684474,1.77287,-1.09285,4.262,0.437782,1.33222,1.53649,1.03763,1.38829,-1.15485,0.369081,0.16012,-0.0129756,-4.4824,2.93721,3.88687,-4.76208,2.64511,-4.59187,-1.04715,3.83951,-3.88703,2.68963,3.60923,-0.0278181,-2.96954,-1.47611,-3.69145,3.19037])
3.932260138450332
Max g: 60.72671972877233
f_4([0.945811,-2.97345,3.95099,-0.38359,3.08985,-1.72521,0.000471163,-0.797571,0.838581,-3.86892,4.64111,-0.729843,0.389877,-0.670486,1.9299,3.18467,4.34579,-1.00491,4.2661,-0.0336871,1.34564,1.59483,0.989422,1.48176,-1.07157,0.21453,0.223227,-0.0264675,-4.38587,2.93285,3.83526,-4.74528,2.77026,-4.49461,-1.11124,3.75714,-3.84863,2.73733,3.72244,-0.100745,-1.98286,-1.46175,-2.95512,3.20811])
4.575835127631117
Max g: 55.55996508273748
f_5([0.945811,-2.97345,3.95099,-0.38359,3.08985,-1.72521,0.000471163,-0.797571,0.838581,-3.86892,4.64111,-0.729843,0.389877,-0.670486,1.9299,3.18467,4.34579,-1.00491,4.2661,-0.0336887,1.34563,1.59483,0.98942,1.48176,-1.07157,0.21453,0.223227,-0.0264675,-4.38587,2.93285,3.83526,-4.74528,2.77026,-4.49461,-1.11124,3.75714,-3.84863,2.73733,3.72244,-0.100746,-1.98286,-1.46175,-2.95512,3.20811])
4.575835127631117
Max g: 55.559897261348794
f_6([0.945811,-2.97345,3.95099,-0.38359,3.08985,-1.72521,0.000471165,-0.797571,0.838581,-3.86892,4.64111,-0.729843,0.389877,-0.670486,1.9299,3.18467,4.34579,-1.00491,4.2661,-0.0336895,1.34563,1.59483,0.989419,1.48176,-1.07157,0.21453,0.223227,-0.0264675,-4.38587,2.93285,3.83526,-4.74528,2.77026,-4.49461,-1.11124,3.75714,-3.84863,2.73733,3.72244,-0.100747,-1.98286,-1.46175,-2.95512,3.20811])
4.575835127631117
Max g: 55.5598606892974
f_7([0.945811,-2.97345,3.95099,-0.38359,3.08985,-1.72521,0.000471165,-0.797571,0.838581,-3.86892,4.64111,-0.729843,0.389877,-0.670486,1.9299,3.18467,4.34579,-1.00491,4.2661,-0.03369,1.34563,1.59483,0.989418,1.48176,-1.07157,0.21453,0.223227,-0.0264675,-4.38587,2.93285,3.83526,-4.74528,2.77026,-4.49461,-1.11124,3.75714,-3.84863,2.73733,3.72244,-0.100747,-1.98286,-1.46175,-2.95512,3.20811])
4.575835127631117
Max g: 55.55984103972268
f_8([0.945811,-2.97345,3.95099,-0.38359,3.08985,-1.72521,0.000471166,-0.797571,0.838581,-3.86892,4.64111,-0.729843,0.389877,-0.670486,1.9299,3.18467,4.34579,-1.00491,4.2661,-0.0336901,1.34563,1.59483,0.989418,1.48176,-1.07157,0.21453,0.223227,-0.0264675,-4.38587,2.93285,3.83526,-4.74528,2.77026,-4.49461,-1.11124,3.75714,-3.84863,2.73733,3.72244,-0.100747,-1.98286,-1.46175,-2.95512,3.20811])
4.575835127631117
Max g: 55.55983540838318
f_9([0.945811,-2.97345,3.95099,-0.38359,3.08985,-1.72521,0.000471166,-0.797571,0.838581,-3.86892,4.64111,-0.729843,0.389877,-0.670486,1.9299,3.18467,4.34579,-1.00491,4.2661,-0.0336902,1.34563,1.59483,0.989418,1.48176,-1.07157,0.21453,0.223227,-0.0264675,-4.38587,2.93285,3.83526,-4.74528,2.77026,-4.49461,-1.11124,3.75714,-3.84863,2.73733,3.72244,-0.100747,-1.98286,-1.46175,-2.95512,3.20811])
4.575835127631117
Max g: 55.55983344324144
f_10([0.945811,-2.97345,3.95099,-0.38359,3.08985,-1.72521,0.000471166,-0.797571,0.838581,-3.86892,4.64111,-0.729843,0.389877,-0.670486,1.9299,3.18467,4.34579,-1.00491,4.2661,-0.0336902,1.34563,1.59483,0.989418,1.48176,-1.07157,0.21453,0.223227,-0.0264675,-4.38587,2.93285,3.83526,-4.74528,2.77026,-4.49461,-1.11124,3.75714,-3.84863,2.73733,3.72244,-0.100747,-1.98286,-1.46175,-2.95512,3.20811])
4.575835127631117
{0.9458107224800945,-2.973451949580537,3.950988254087178,-0.3835898491632591,3.0898488428668873,-1.7252106495267931,0.00047116569458786374,-0.797570755768083,0.8385808943455204,-3.868922438331495,4.641110286904612,-0.7298434574757583,0.3898771085896448,-0.6704859807153285,1.9299017287230253,3.1846733218873893,4.345791329460922,-1.0049093612732425,4.2660997394321845,-0.03369018422937507,1.3456334461162507,1.5948263563573253,0.9894178115519313,1.4817595554658174,-1.071567758145974,0.21452996376418318,0.22322674438163848,-0.02646750243909848,-4.385869262875144,2.932850237687471,3.835256775947011,-4.745279919803329,2.7702577359510174,-4.494608951884759,-1.1112438607514872,3.757138858273003,-3.848632648835096,2.7373333243027975,3.722435052569189,-0.10074740492665102,-1.9828587272260416,-1.4617485194264126,-2.9551180982410745,3.208114549349825}]
Set[{A021,A031,A032,A041,A042,A043,A121,A131,A132,A141,A142,A143,B021,B031,B032,B041,B042,B043,B121,B131,B132,B141,B142,B143,\[Alpha]1,\[Alpha]2,\[Alpha]3,\[Alpha]4,\[Beta]11,\[Beta]12,\[Beta]13,\[Beta]14,\[Beta]21,\[Beta]22,\[Beta]23,\[Beta]24,\[Beta]31,\[Beta]32,\[Beta]33,\[Beta]34,\[Beta]41,\[Beta]42,\[Beta]43,\[Beta]44},{0.9458107224800945,-2.973451949580537,3.950988254087178,-0.3835898491632591,3.0898488428668873,-1.7252106495267931,0.00047116569458786374,-0.797570755768083,0.8385808943455204,-3.868922438331495,4.641110286904612,-0.7298434574757583,0.3898771085896448,-0.6704859807153285,1.9299017287230253,3.1846733218873893,4.345791329460922,-1.0049093612732425,4.2660997394321845,-0.03369018422937507,1.3456334461162507,1.5948263563573253,0.9894178115519313,1.4817595554658174,-1.071567758145974,0.21452996376418318,0.22322674438163848,-0.02646750243909848,-4.385869262875144,2.932850237687471,3.835256775947011,-4.745279919803329,2.7702577359510174,-4.494608951884759,-1.1112438607514872,3.757138858273003,-3.848632648835096,2.7373333243027975,3.722435052569189,-0.10074740492665102,-1.9828587272260416,-1.4617485194264126,-2.9551180982410745,3.208114549349825}]

Max g: 55.55983273530374
f_11([0.945811,-2.97345,3.95099,-0.38359,3.08985,-1.72521,0.000471166,-0.797571,0.838581,-3.86892,4.64111,-0.729843,0.389877,-0.670486,1.9299,3.18467,4.34579,-1.00491,4.2661,-0.0336902,1.34563,1.59483,0.989418,1.48176,-1.07157,0.21453,0.223227,-0.0264675,-4.38587,2.93285,3.83526,-4.74528,2.77026,-4.49461,-1.11124,3.75714,-3.84863,2.73733,3.72244,-0.100747,-1.98286,-1.46175,-2.95512,3.20811])
4.57573539495032
Max g: 55.55983226397911
f_12([0.945811,-2.97345,3.95099,-0.38359,3.08985,-1.72521,0.000471166,-0.797571,0.838581,-3.86892,4.64111,-0.729843,0.389877,-0.670486,1.9299,3.18467,4.34579,-1.00491,4.2661,-0.0336902,1.34563,1.59483,0.989418,1.48176,-1.07157,0.21453,0.223227,-0.0264675,-4.38587,2.93285,3.83526,-4.74528,2.77026,-4.49461,-1.11124,3.75714,-3.84863,2.73733,3.72244,-0.100747,-1.98286,-1.46175,-2.95512,3.20811])
4.575835127631117
Max g: 55.5598319952974
f_13([0.945811,-2.97345,3.95099,-0.38359,3.08985,-1.72521,0.000471166,-0.797571,0.838581,-3.86892,4.64111,-0.729843,0.389877,-0.670486,1.9299,3.18467,4.34579,-1.00491,4.2661,-0.0336902,1.34563,1.59483,0.989418,1.48176,-1.07157,0.21453,0.223227,-0.0264675,-4.38587,2.93285,3.83526,-4.74528,2.77026,-4.49461,-1.11124,3.75714,-3.84863,2.73733,3.72244,-0.100747,-1.98286,-1.46175,-2.95512,3.20811])
4.575835127631117
Max g: 55.55983186399453
f_14([0.945811,-2.97345,3.95099,-0.38359,3.08985,-1.72521,0.000471166,-0.797571,0.838581,-3.86892,4.64111,-0.729843,0.389877,-0.670486,1.9299,3.18467,4.34579,-1.00491,4.2661,-0.0336902,1.34563,1.59483,0.989418,1.48176,-1.07157,0.21453,0.223227,-0.0264675,-4.38587,2.93285,3.83526,-4.74528,2.77026,-4.49461,-1.11124,3.75714,-3.84863,2.73733,3.72244,-0.100747,-1.98286,-1.46175,-2.95512,3.20811])
4.575835127631117
Max g: 55.559831811306005
f_15([0.945674,-2.9743,3.95396,-0.380127,3.09468,-1.73453,8.57056e-6,-0.795672,0.832379,-3.86954,4.63823,-0.731599,0.384545,-0.668033,1.92618,3.18091,4.35123,-1.01461,4.26159,-0.0406806,1.34018,1.59483,0.989122,1.48273,-1.07311,0.215483,0.223778,-0.0264769,-4.40813,2.93455,3.839,-4.74229,2.76181,-4.4033,-1.11572,3.75637,-3.84894,2.73437,3.60665,-0.0996947,-1.97953,-1.46279,-2.94129,3.2075])
4.6418581623185
Max g: 55.10102929784832
f_16([0.997028,-3.07963,4.07943,-0.914622,3.81753,-1.90297,2.10563e-7,-0.881142,0.881428,-3.8937,4.7514,-0.789222,0.394488,-0.525366,1.87715,1.00327,4.14767,-0.518102,4.25103,-0.489474,0.142683,1.44045,0.372394,2.32884,-1.16116,0.536657,0.175311,-0.0145286,-4.49091,3.65054,3.65128,-4.25813,2.37072,-4.30078,-1.16373,4.75661,-3.53824,1.74741,3.60176,-1.7337,-0.895585,-3.14144,-2.79482,3.1306])
3.690408387518455
Max g: 3.732374106633131
f_17([0.997028,-3.07963,4.07943,-0.914622,3.81753,-1.90297,2.10565e-7,-0.881142,0.881428,-3.8937,4.7514,-0.789222,0.394488,-0.525366,1.87715,1.00327,4.14767,-0.518102,4.25103,-0.489474,0.142683,1.44045,0.372394,2.32884,-1.16116,0.536657,0.175311,-0.0145286,-4.49091,3.65054,3.65128,-4.25813,2.37072,-4.30078,-1.16373,4.75661,-3.53824,1.74741,3.60176,-1.7337,-0.895585,-3.14144,-2.79482,3.1306])
3.6902089221568617
Max g: 3.7323733317814316
f_18([0.997028,-3.07963,4.07943,-0.914622,3.81753,-1.90297,2.10567e-7,-0.881142,0.881428,-3.8937,4.7514,-0.789222,0.394488,-0.525366,1.87715,1.00327,4.14767,-0.518102,4.25103,-0.489474,0.142683,1.44045,0.372394,2.32884,-1.16116,0.536657,0.175311,-0.0145286,-4.49091,3.65054,3.65128,-4.25813,2.37072,-4.30078,-1.16373,4.75661,-3.53824,1.74741,3.60176,-1.7337,-0.895585,-3.14144,-2.79482,3.1306])
3.690408387518455
Max g: 3.7323732766003843
f_19([0.993369,-3.08158,4.08139,-0.912544,3.81305,-1.90059,0.000183542,-0.882062,0.882297,-3.89546,4.74625,-0.789471,0.385272,-0.534054,1.87858,0.583247,4.13998,-1.46414,4.25052,-0.491646,0.140058,1.43987,0.369474,2.33012,-1.16292,0.535208,0.175951,-0.0146513,-4.4955,4.31515,3.64911,-4.2588,2.42674,-4.30109,-1.1701,3.92332,-3.44682,1.68415,3.49434,-1.73049,0.108233,-3.13831,-2.06781,3.12967])
4.234749359306573
Max g: 4.437069650510537
f_20([0.993369,-3.08158,4.08139,-0.912544,3.81305,-1.90059,0.000183542,-0.882062,0.882297,-3.89546,4.74625,-0.789471,0.385272,-0.534054,1.87858,0.583247,4.13998,-1.46414,4.25052,-0.491646,0.140058,1.43987,0.369474,2.33012,-1.16292,0.535208,0.175951,-0.0146513,-4.4955,4.31515,3.64911,-4.2588,2.42674,-4.30109,-1.1701,3.92332,-3.44682,1.68415,3.49434,-1.73049,0.108233,-3.13831,-2.06781,3.12967])
4.234749359306573
{0.9933692682691041,-3.081583444788418,4.081388041559476,-0.9125435706598957,3.8130544145353,-1.900594655551835,0.00018354173523874801,-0.8820622125666993,0.8822970990910239,-3.895460069403104,4.746251159630421,-0.7894711435789482,0.38527150430532336,-0.5340542981391156,1.8785825049927083,0.583246508978827,4.139976433703389,-1.4641418702198603,4.250520242037722,-0.4916458558457768,0.14005801625913963,1.439873381926242,0.36947430532355574,2.3301219916115943,-1.16292068786202,0.5352081434942252,0.17595102233528412,-0.014651341647199936,-4.495497227805911,4.315146592837422,3.6491102286310424,-4.258800049262048,2.4267379561001747,-4.301087910402279,-1.1700992197426543,3.9233215797951857,-3.446823410183242,1.6841473290816606,3.4943394953656726,-1.7304942713776148,0.10823335932601533,-3.1383126532898626,-2.067813798565365,3.1296703115615703}]
Set[{A021,A031,A032,A041,A042,A043,A121,A131,A132,A141,A142,A143,B021,B031,B032,B041,B042,B043,B121,B131,B132,B141,B142,B143,\[Alpha]1,\[Alpha]2,\[Alpha]3,\[Alpha]4,\[Beta]11,\[Beta]12,\[Beta]13,\[Beta]14,\[Beta]21,\[Beta]22,\[Beta]23,\[Beta]24,\[Beta]31,\[Beta]32,\[Beta]33,\[Beta]34,\[Beta]41,\[Beta]42,\[Beta]43,\[Beta]44},{0.9933692682691041,-3.081583444788418,4.081388041559476,-0.9125435706598957,3.8130544145353,-1.900594655551835,0.00018354173523874801,-0.8820622125666993,0.8822970990910239,-3.895460069403104,4.746251159630421,-0.7894711435789482,0.38527150430532336,-0.5340542981391156,1.8785825049927083,0.583246508978827,4.139976433703389,-1.4641418702198603,4.250520242037722,-0.4916458558457768,0.14005801625913963,1.439873381926242,0.36947430532355574,2.3301219916115943,-1.16292068786202,0.5352081434942252,0.17595102233528412,-0.014651341647199936,-4.495497227805911,4.315146592837422,3.6491102286310424,-4.258800049262048,2.4267379561001747,-4.301087910402279,-1.1700992197426543,3.9233215797951857,-3.446823410183242,1.6841473290816606,3.4943394953656726,-1.7304942713776148,0.10823335932601533,-3.1383126532898626,-2.067813798565365,3.1296703115615703}]

Max g: 4.437069591377025
f_21([0.990621,-3.09656,4.08797,-0.91508,3.83877,-1.92624,5.10182e-5,-0.881317,0.88189,-3.89566,4.74505,-0.792497,0.389147,-0.522882,1.90021,0.180288,4.58631,-1.46482,4.24334,-0.487145,0.0873055,1.48762,0.354208,2.3316,-1.14678,0.525765,0.174105,-0.0143615,-4.51406,4.31613,3.65371,-4.29629,1.35916,-4.21034,-1.5412,4.70192,-3.28492,1.67939,3.47267,-1.72954,1.11051,-3.09844,-1.34409,3.13231])
3.7358864899617275
Max g: 5.838422367147146
f_22([0.981685,-3.20023,4.18192,-0.472686,3.48891,-2.01637,0.0180982,-1.04538,1.06348,-3.9972,4.49469,-0.479391,0.309711,0.253786,1.96968,-1.0438,0.426395,-1.47773,4.24549,0.0680814,0.0343706,1.55503,-0.027885,2.58833,-0.544975,0.738883,0.319845,-0.0387275,-2.23793,4.11627,3.40676,-4.32331,1.2684,-4.22282,-1.73947,4.50299,-3.10482,1.66459,3.14607,-1.82997,0.694407,-2.91013,-0.880961,3.20459])
2.4637961464004516
Max g: 1.0539452333157877
f_23([0.979418,-3.19842,4.17785,-0.474539,3.49234,-2.01789,0.0559784,-1.02528,1.08126,-3.99549,4.51939,-0.46792,0.30755,0.284707,1.98114,-1.04082,0.422869,-1.47868,4.24884,0.0831781,0.0312278,1.55351,-0.0369745,2.5973,-0.305758,0.670403,0.31387,-0.0421557,-2.19756,4.10849,3.41675,-4.32665,1.40749,-4.22271,-1.69476,4.51377,-2.99045,1.66685,3.14576,-1.83811,0.693541,-2.90465,-1.01883,3.20735])
1.9974461309953142
Max g: 1.1665084570776982
f_24([0.977763,-3.1993,4.17707,-0.47967,3.4965,-2.01683,0.0573804,-1.02572,1.0831,-3.99522,4.52139,-0.468768,0.312354,0.30844,1.98777,-1.03858,0.429187,-1.4741,4.25097,0.0884963,0.0310584,1.55516,-0.0402465,2.59757,-0.130053,0.586678,0.311481,-0.0476027,-2.19463,4.10239,3.4244,-4.32755,1.41055,-4.22271,-1.68573,4.52109,-2.95976,1.66941,3.13192,-1.84423,0.694663,-2.90113,-1.01833,3.20867])
1.931323363627135
Max g: 1.169632638946717
f_25([0.976591,-3.20214,4.17873,-0.481672,3.49598,-2.01431,0.0591848,-1.02432,1.08351,-3.99494,4.52255,-0.467951,0.31457,0.327453,1.99248,-1.03685,0.433,-1.47327,4.25331,0.0920745,0.0313106,1.55533,-0.042513,2.59938,0.0108624,0.517094,0.311584,-0.0540835,-2.19677,4.09749,3.43082,-4.32809,1.39971,-4.2227,-1.6787,4.52656,-2.93672,1.67051,3.11489,-1.84788,0.693141,-2.89702,-1.01802,3.20806])
1.8467500503115755
Max g: 1.1729762282611063
f_26([0.97578,-3.20285,4.17863,-0.479395,3.49488,-2.01551,0.0623971,-1.02225,1.08465,-3.99473,4.52555,-0.466577,0.315926,0.34277,1.99564,-1.03217,0.435713,-1.47377,4.25579,0.0953398,0.0313397,1.55604,-0.0446617,2.601,0.129491,0.45817,0.311945,-0.059159,-2.19835,4.09337,3.4381,-4.32849,1.38781,-4.22267,-1.6723,4.53138,-2.91707,1.67465,3.09698,-1.85437,0.691802,-2.89257,-1.01889,3.20675])
1.7799291541778197
Max g: 1.1786028645284037
f_27([0.975167,-3.20414,4.17931,-0.480509,3.49442,-2.01391,0.0656732,-1.02141,1.08708,-3.9946,4.52864,-0.4647,0.316285,0.353142,1.99878,-1.03152,0.438312,-1.4723,4.25782,0.09795,0.0315066,1.55646,-0.0462443,2.60221,0.213388,0.416687,0.311852,-0.0629811,-2.19995,4.08987,3.44469,-4.32899,1.37696,-4.22261,-1.66601,4.53552,-2.89865,1.67845,3.08071,-1.86026,0.690441,-2.88789,-1.0196,3.20453])
1.7341518536921572
Max g: 1.183539628053518
f_28([0.974638,-3.2045,4.17914,-0.481798,3.49455,-2.01275,0.0698675,-1.01868,1.08855,-3.99429,4.53314,-0.463144,0.316134,0.361335,2.00051,-1.03108,0.438429,-1.47075,4.26006,0.100281,0.0316163,1.55699,-0.0477397,2.6037,0.284435,0.381125,0.312602,-0.0664027,-2.20322,4.08672,3.45193,-4.32925,1.36671,-4.22265,-1.65945,4.53923,-2.87872,1.68281,3.06284,-1.86652,0.689598,-2.88339,-1.02055,3.20214])
1.6919649297151742
Max g: 1.1902538600662214
f_29([0.97417,-3.20373,4.1779,-0.482423,3.49543,-2.01302,0.0745633,-1.01659,1.09115,-3.99396,4.53753,-0.460916,0.3154,0.368309,2.00265,-1.02926,0.438995,-1.46914,4.26235,0.103051,0.0316543,1.55784,-0.0494661,2.6051,0.346675,0.34953,0.313132,-0.0696286,-2.20811,4.08323,3.45998,-4.32932,1.35576,-4.2226,-1.6521,4.54293,-2.85607,1.68931,3.04171,-1.87507,0.688429,-2.87861,-1.02144,3.19962])
1.6518723920349208
Max g: 1.1977659420846287
f_30([0.973819,-3.20381,4.17762,-0.48314,3.49589,-2.01275,0.0798563,-1.01401,1.09386,-3.99334,4.54244,-0.458411,0.314272,0.374058,2.00423,-1.0288,0.43919,-1.46895,4.26472,0.105624,0.0318709,1.55892,-0.05108,2.60637,0.398006,0.323769,0.313598,-0.0720713,-2.21345,4.07964,3.46868,-4.32907,1.34305,-4.22263,-1.64361,4.54639,-2.83252,1.69755,3.01846,-1.88547,0.687398,-2.87374,-1.02307,3.19676])
1.6184619439680428
{0.9738189537299063,-3.203805653257558,4.177624606987468,-0.4831400813823678,3.4958877010705174,-2.0127502440840366,0.07985627001466346,-1.0140074660078757,1.093863736022538,-3.9933381323648023,4.542442329178558,-0.4584106985426068,0.3142717217138932,0.37405786882603836,2.0042266237203266,-1.0287962829293835,0.4391899143876869,-1.4689490309039914,4.264718667934884,0.10562366387736447,0.031870906996745434,1.5589150092952548,-0.051080037283227554,2.6063733958266204,0.39800642199765734,0.32376860217243014,0.3135982411787001,-0.07207133983411236,-2.2134492207669614,4.079640525342724,3.4686752125555667,-4.3290656811673065,1.343047336256683,-4.222625082034087,-1.6436148283099254,4.546387238818825,-2.8325153751487018,1.6975531230466547,3.0184603676746646,-1.8854654549004408,0.687398208880694,-2.873743562258255,-1.0230727821976389,3.1967561516100713}]
Set[{A021,A031,A032,A041,A042,A043,A121,A131,A132,A141,A142,A143,B021,B031,B032,B041,B042,B043,B121,B131,B132,B141,B142,B143,\[Alpha]1,\[Alpha]2,\[Alpha]3,\[Alpha]4,\[Beta]11,\[Beta]12,\[Beta]13,\[Beta]14,\[Beta]21,\[Beta]22,\[Beta]23,\[Beta]24,\[Beta]31,\[Beta]32,\[Beta]33,\[Beta]34,\[Beta]41,\[Beta]42,\[Beta]43,\[Beta]44},{0.9738189537299063,-3.203805653257558,4.177624606987468,-0.4831400813823678,3.4958877010705174,-2.0127502440840366,0.07985627001466346,-1.0140074660078757,1.093863736022538,-3.9933381323648023,4.542442329178558,-0.4584106985426068,0.3142717217138932,0.37405786882603836,2.0042266237203266,-1.0287962829293835,0.4391899143876869,-1.4689490309039914,4.264718667934884,0.10562366387736447,0.031870906996745434,1.5589150092952548,-0.051080037283227554,2.6063733958266204,0.39800642199765734,0.32376860217243014,0.3135982411787001,-0.07207133983411236,-2.2134492207669614,4.079640525342724,3.4686752125555667,-4.3290656811673065,1.343047336256683,-4.222625082034087,-1.6436148283099254,4.546387238818825,-2.8325153751487018,1.6975531230466547,3.0184603676746646,-1.8854654549004408,0.687398208880694,-2.873743562258255,-1.0230727821976389,3.1967561516100713}]

Max g: 1.205603788733511
f_31([0.97363,-3.20375,4.17738,-0.482845,3.49493,-2.01209,0.0845498,-1.01149,1.09604,-3.99287,4.547,-0.456298,0.313004,0.378097,2.00521,-1.0283,0.439888,-1.46902,4.26688,0.1076,0.0321007,1.5594,-0.0523701,2.60798,0.433135,0.306433,0.314039,-0.073809,-2.21819,4.07675,3.47621,-4.32884,1.33327,-4.22265,-1.63643,4.5492,-2.81087,1.70508,2.99803,-1.89475,0.686429,-2.8696,-1.02448,3.19414])
1.5920327835569303
Max g: 1.2122846859780947
f_32([0.97346,-3.20366,4.17712,-0.482039,3.49398,-2.01195,0.0900023,-1.00818,1.09818,-3.99241,4.55228,-0.453744,0.311213,0.380694,2.00599,-1.02748,0.439604,-1.46897,4.26903,0.109683,0.0323548,1.55984,-0.0536936,2.60978,0.46219,0.291945,0.314341,-0.0750797,-2.22331,4.07387,3.48427,-4.3284,1.32379,-4.22266,-1.62952,4.55179,-2.7873,1.714,2.97536,-1.9055,0.685818,-2.86533,-1.0262,3.19136])
1.5652046924226315
Max g: 1.219834737906599
f_33([0.973285,-3.20404,4.17732,-0.482351,3.49363,-2.01131,0.0955422,-1.00603,1.10157,-3.99193,4.55743,-0.451046,0.309201,0.382718,2.00618,-1.02775,0.439045,-1.4687,4.27115,0.111591,0.0325205,1.56078,-0.0549182,2.61097,0.486163,0.279122,0.314974,-0.0762073,-2.22879,4.07117,3.49246,-4.3281,1.31421,-4.22266,-1.62231,4.5543,-2.76222,1.72398,2.95124,-1.91729,0.685159,-2.86093,-1.02773,3.18829])
1.5417675124354187
Max g: 1.2272436052006777
f_34([0.973188,-3.20393,4.17712,-0.482865,3.49324,-2.01043,0.101887,-1.00269,1.10458,-3.99146,4.56376,-0.448244,0.307006,0.384321,2.00676,-1.02811,0.43807,-1.46937,4.27342,0.113541,0.0328433,1.56162,-0.0561653,2.61245,0.505568,0.269219,0.315414,-0.0773871,-2.23513,4.06822,3.50119,-4.32751,1.30472,-4.22266,-1.61519,4.55677,-2.73568,1.73524,2.92593,-1.93051,0.684768,-2.85658,-1.02967,3.18526])
1.5144407578971364
Max g: 1.2354197138331717
f_35([0.97309,-3.20367,4.17677,-0.483172,3.49294,-2.00978,0.108694,-0.999646,1.10834,-3.99101,4.57053,-0.445122,0.304571,0.386096,2.00726,-1.02769,0.438284,-1.46931,4.27545,0.115406,0.0331454,1.56227,-0.0573968,2.61387,0.521656,0.261271,0.315665,-0.0780577,-2.24107,4.06534,3.50996,-4.32694,1.2954,-4.22269,-1.60865,4.55923,-2.70731,1.74778,2.89926,-1.94508,0.684638,-2.85201,-1.03132,3.182])
1.4912030432715169
Max g: 1.2436868184123449
f_36([0.973035,-3.20363,4.17667,-0.483802,3.49291,-2.00914,0.115758,-0.996392,1.11215,-3.99052,4.57739,-0.441765,0.301785,0.386721,2.00732,-1.02831,0.437512,-1.4703,4.27747,0.11722,0.0335019,1.56297,-0.0585655,2.61527,0.534288,0.25374,0.316233,-0.0784185,-2.24802,4.06259,3.51896,-4.32637,1.28631,-4.2227,-1.60245,4.56153,-2.67952,1.76116,2.87148,-1.96048,0.684629,-2.84781,-1.03292,3.17894])
1.4679653286458973
Max g: 1.2517907065902274
f_37([0.973015,-3.20324,4.17626,-0.484037,3.49251,-2.00851,0.123311,-0.993093,1.1164,-3.98983,4.58464,-0.438268,0.29876,0.386685,2.00744,-1.02883,0.437915,-1.47008,4.27944,0.11884,0.0339358,1.56361,-0.0596106,2.61656,0.54496,0.248632,0.316968,-0.0793632,-2.25465,4.05968,3.52815,-4.32555,1.27816,-4.22269,-1.59654,4.56377,-2.64939,1.77565,2.84257,-1.97711,0.684662,-2.84342,-1.03467,3.17576])
1.441236970192395
Max g: 1.2599754542636248
f_38([0.972961,-3.20301,4.17597,-0.483761,3.49197,-2.00822,0.131045,-0.989447,1.12049,-3.98916,4.59234,-0.434969,0.295898,0.386762,2.00724,-1.02878,0.438678,-1.47044,4.28141,0.120443,0.0343128,1.56408,-0.0606482,2.61806,0.553261,0.244088,0.31727,-0.0798541,-2.26129,4.05691,3.53735,-4.32485,1.27154,-4.2227,-1.59182,4.5659,-2.61922,1.79116,2.8131,-1.99477,0.684758,-2.8393,-1.03636,3.17273])
1.4160046019508425
Max g: 1.2678275904694327
f_39([0.97292,-3.20291,4.17586,-0.484013,3.49197,-2.00799,0.139664,-0.985329,1.12499,-3.9884,4.60092,-0.431266,0.292669,0.387661,2.00724,-1.02961,0.438556,-1.47123,4.28322,0.121934,0.0348116,1.56418,-0.0616651,2.61981,0.560647,0.240324,0.317581,-0.0799646,-2.26786,4.05425,3.54656,-4.32409,1.26438,-4.22272,-1.58759,4.56792,-2.58744,1.80795,2.7822,-2.01374,0.685157,-2.83497,-1.03821,3.1694])
1.3914703624748666
Max g: 1.2760627602651526
f_40([0.972866,-3.20279,4.17569,-0.484075,3.49208,-2.00801,0.149074,-0.980415,1.12949,-3.98762,4.61014,-0.426971,0.289205,0.388917,2.00753,-1.02919,0.437481,-1.47212,4.28509,0.123418,0.0353853,1.56479,-0.0626461,2.62107,0.566571,0.237025,0.317834,-0.0805482,-2.27583,4.05156,3.55622,-4.32327,1.25804,-4.22274,-1.58406,4.56994,-2.55336,1.82621,2.74908,-2.03436,0.685504,-2.83073,-1.04012,3.16611])
1.364542538659771
{0.9728658545787933,-3.2027881446415134,4.175690928743658,-0.4840750933473091,3.4920763244096706,-2.008005377175019,0.14907417299116246,-0.9804152129840163,1.1294893859751813,-3.9876217890366368,4.610136765230731,-0.42697086961397035,0.2892050460730778,0.3889171707442607,2.007533907732667,-1.0291934857373073,0.43748141655785755,-1.472118717268393,4.285086757862895,0.12341826524707745,0.03538531813117136,1.564791132539165,-0.06264608263903479,2.6210734811641645,0.5665708923795497,0.2370251469616716,0.3178338798619184,-0.08054816100421414,-2.275829125127258,4.05155678492618,3.5562244772063307,-4.323274794487207,1.258036712599083,-4.222739102659551,-1.5840562819145791,4.569939758536949,-2.5533585347610703,1.8262140725573137,2.7490829779054144,-2.0343589464760408,0.6855039836768771,-2.830731665513781,-1.0401204646334783,3.1661104278686536}]
Set[{A021,A031,A032,A041,A042,A043,A121,A131,A132,A141,A142,A143,B021,B031,B032,B041,B042,B043,B121,B131,B132,B141,B142,B143,\[Alpha]1,\[Alpha]2,\[Alpha]3,\[Alpha]4,\[Beta]11,\[Beta]12,\[Beta]13,\[Beta]14,\[Beta]21,\[Beta]22,\[Beta]23,\[Beta]24,\[Beta]31,\[Beta]32,\[Beta]33,\[Beta]34,\[Beta]41,\[Beta]42,\[Beta]43,\[Beta]44},{0.9728658545787933,-3.2027881446415134,4.175690928743658,-0.4840750933473091,3.4920763244096706,-2.008005377175019,0.14907417299116246,-0.9804152129840163,1.1294893859751813,-3.9876217890366368,4.610136765230731,-0.42697086961397035,0.2892050460730778,0.3889171707442607,2.007533907732667,-1.0291934857373073,0.43748141655785755,-1.472118717268393,4.285086757862895,0.12341826524707745,0.03538531813117136,1.564791132539165,-0.06264608263903479,2.6210734811641645,0.5665708923795497,0.2370251469616716,0.3178338798619184,-0.08054816100421414,-2.275829125127258,4.05155678492618,3.5562244772063307,-4.323274794487207,1.258036712599083,-4.222739102659551,-1.5840562819145791,4.569939758536949,-2.5533585347610703,1.8262140725573137,2.7490829779054144,-2.0343589464760408,0.6855039836768771,-2.830731665513781,-1.0401204646334783,3.1661104278686536}]

Max g: 1.2842517213347042
f_41([0.972837,-3.20278,4.17563,-0.484511,3.49198,-2.00757,0.158445,-0.975918,1.13436,-3.98683,4.61945,-0.422865,0.285659,0.389294,2.00736,-1.02982,0.436949,-1.47218,4.2869,0.12483,0.035945,1.56516,-0.0636116,2.62259,0.571429,0.234429,0.318041,-0.0808799,-2.28331,4.04892,3.56568,-4.32239,1.25387,-4.22272,-1.58195,4.57179,-2.51977,1.84518,2.71615,-2.05565,0.686069,-2.8268,-1.04197,3.16312])
1.3387117743334385
Max g: 1.2915431522271528
f_42([0.972794,-3.20264,4.17548,-0.484489,3.49174,-2.00733,0.168496,-0.971189,1.13969,-3.98593,4.62929,-0.418405,0.281928,0.389597,2.00748,-1.02968,0.436732,-1.47222,4.2886,0.12569,0.0365989,1.56553,-0.0641626,2.62372,0.575487,0.232277,0.318438,-0.0812117,-2.2906,4.0464,3.57511,-4.32136,1.25014,-4.2227,-1.58098,4.57333,-2.48523,1.86507,2.6821,-2.0778,0.686923,-2.823,-1.04408,3.16005])
1.3138783368150724
Max g: 1.2987670645485787
f_43([0.972785,-3.20245,4.17525,-0.484977,3.49206,-2.00723,0.179254,-0.966389,1.14564,-3.98505,4.63988,-0.413606,0.277892,0.390069,2.00759,-1.03037,0.436002,-1.47265,4.29025,0.126747,0.0372791,1.56569,-0.0649089,2.62519,0.578914,0.230631,0.318642,-0.0814622,-2.29891,4.04391,3.58469,-4.32034,1.24776,-4.22271,-1.5808,4.57492,-2.44902,1.88607,2.64682,-2.1012,0.68758,-2.81921,-1.0462,3.15698])
1.28804757248874
Max g: 1.3056857943712739
f_44([0.972722,-3.20245,4.17518,-0.485183,3.49169,-2.00658,0.190624,-0.960512,1.15114,-3.98414,4.65087,-0.408364,0.273564,0.390684,2.00791,-1.03048,0.434898,-1.47262,4.29181,0.127452,0.0381326,1.56632,-0.0654228,2.62588,0.581916,0.228981,0.31896,-0.0819568,-2.3064,4.04152,3.59437,-4.3193,1.24648,-4.22272,-1.58205,4.57641,-2.41127,1.90872,2.60992,-2.12631,0.688365,-2.81526,-1.04821,3.15367])
1.2617181447584243
Max g: 1.3119911668483009
f_45([0.972704,-3.20209,4.1748,-0.485728,3.49205,-2.00644,0.202616,-0.955362,1.15798,-3.98314,4.66254,-0.40281,0.268988,0.390676,2.00804,-1.02997,0.434366,-1.47317,4.29337,0.128132,0.0389794,1.56697,-0.0659302,2.62664,0.583781,0.228031,0.319118,-0.0819365,-2.31453,4.03909,3.6041,-4.31814,1.24664,-4.2227,-1.58415,4.57775,-2.37313,1.93268,2.57208,-2.15278,0.689431,-2.81159,-1.05016,3.15057])
1.234989786304922
Max g: 1.3173028868858607
f_46([0.972656,-3.2022,4.17489,-0.48538,3.49146,-2.00612,0.215928,-0.949047,1.16497,-3.98213,4.67536,-0.396529,0.264055,0.392154,2.00842,-1.03056,0.434811,-1.47284,4.29499,0.128395,0.0399485,1.56692,-0.0661463,2.62798,0.585724,0.227422,0.319129,-0.0825292,-2.32359,4.03674,3.61423,-4.3169,1.24768,-4.22268,-1.58807,4.57891,-2.33157,1.95846,2.53138,-2.18111,0.69035,-2.80773,-1.05226,3.14717])
1.208460893213013
Max g: 1.3223377361159032
f_47([0.97263,-3.20214,4.17486,-0.485918,3.49128,-2.00546,0.229922,-0.942819,1.17274,-3.98104,4.68925,-0.390272,0.258948,0.392546,2.00821,-1.0311,0.435095,-1.47323,4.29645,0.128644,0.040933,1.56729,-0.0663962,2.6288,0.587198,0.226412,0.319442,-0.082736,-2.33233,4.03447,3.62413,-4.31557,1.25089,-4.22268,-1.5936,4.57994,-2.28913,1.98587,2.48933,-2.21117,0.691535,-2.80415,-1.0546,3.14392])
1.1828295942482738
Max g: 1.3259490279829418
f_48([0.972611,-3.20201,4.17469,-0.485622,3.49034,-2.00476,0.245326,-0.935371,1.1807,-3.97984,4.70436,-0.383348,0.253253,0.392533,2.00842,-1.03123,0.43448,-1.47367,4.29798,0.128367,0.04219,1.56749,-0.0663089,2.62958,0.588921,0.225709,0.319624,-0.0828944,-2.34157,4.03223,3.63447,-4.31409,1.25555,-4.22265,-1.60096,4.58077,-2.24354,2.01526,2.44473,-2.24326,0.693014,-2.80055,-1.05688,3.14056])
1.1553033743483982
Max g: 1.3288112655982656
f_49([0.972588,-3.20197,4.17466,-0.485812,3.49063,-2.00491,0.261599,-0.927621,1.18922,-3.97851,4.72023,-0.375928,0.247348,0.392733,2.00882,-1.03165,0.434412,-1.47366,4.29944,0.12797,0.0435113,1.56783,-0.0661283,2.63017,0.589812,0.224928,0.319943,-0.0833065,-2.35117,4.0302,3.645,-4.31265,1.26278,-4.22264,-1.61094,4.58144,-2.1968,2.04664,2.39805,-2.27744,0.694553,-2.79682,-1.05944,3.13692])
1.1272784910445395
Max g: 1.329647530136822
f_50([0.97258,-3.20237,4.17507,-0.485541,3.49029,-2.00479,0.27898,-0.91917,1.19815,-3.97716,4.73727,-0.368042,0.241042,0.393502,2.00868,-1.03281,0.434379,-1.47356,4.30091,0.127073,0.0449285,1.56807,-0.065656,2.63074,0.591018,0.224274,0.320267,-0.0837271,-2.3606,4.02831,3.65548,-4.31102,1.27163,-4.22264,-1.62274,4.58184,-2.14798,2.07965,2.34965,-2.31315,0.696018,-2.79312,-1.06219,3.13311])
1.100649865271834
{0.9725803105040337,-3.2023730955482557,4.175067748385746,-0.4855414134575001,3.490288528093265,-2.004791722796598,0.278979865854743,-0.9191698924643944,1.198150930813686,-3.9771610041736953,4.737268935105318,-0.3680418031698357,0.24104190565978928,0.39350176063324643,2.0086778951858997,-1.0328061799625339,0.43437907011478033,-1.4735593943977714,4.300908486721772,0.12707302604675824,0.04492848889118444,1.5680703836863916,-0.06565597100107401,2.630744300135786,0.5910184652733335,0.2242742781488533,0.32026676451383873,-0.08372708388570085,-2.3605975630474165,4.028310207081751,3.65548205685187,-4.311024440748427,1.2716326444956754,-4.222644390590887,-1.6227383653052254,4.58183519069509,-2.1479785171046633,2.079650351519594,2.3496452801949386,-2.313152576092844,0.696018001295995,-2.7931192245732777,-1.0621921684918705,3.1331050910507146}]
Set[{A021,A031,A032,A041,A042,A043,A121,A131,A132,A141,A142,A143,B021,B031,B032,B041,B042,B043,B121,B131,B132,B141,B142,B143,\[Alpha]1,\[Alpha]2,\[Alpha]3,\[Alpha]4,\[Beta]11,\[Beta]12,\[Beta]13,\[Beta]14,\[Beta]21,\[Beta]22,\[Beta]23,\[Beta]24,\[Beta]31,\[Beta]32,\[Beta]33,\[Beta]34,\[Beta]41,\[Beta]42,\[Beta]43,\[Beta]44},{0.9725803105040337,-3.2023730955482557,4.175067748385746,-0.4855414134575001,3.490288528093265,-2.004791722796598,0.278979865854743,-0.9191698924643944,1.198150930813686,-3.9771610041736953,4.737268935105318,-0.3680418031698357,0.24104190565978928,0.39350176063324643,2.0086778951858997,-1.0328061799625339,0.43437907011478033,-1.4735593943977714,4.300908486721772,0.12707302604675824,0.04492848889118444,1.5680703836863916,-0.06565597100107401,2.630744300135786,0.5910184652733335,0.2242742781488533,0.32026676451383873,-0.08372708388570085,-2.3605975630474165,4.028310207081751,3.65548205685187,-4.311024440748427,1.2716326444956754,-4.222644390590887,-1.6227383653052254,4.58183519069509,-2.1479785171046633,2.079650351519594,2.3496452801949386,-2.313152576092844,0.696018001295995,-2.7931192245732777,-1.0621921684918705,3.1331050910507146}]

Max g: 1.328778282682078
f_51([0.972564,-3.20236,4.17494,-0.485849,3.49018,-2.00454,0.298074,-0.909694,1.20777,-3.97576,4.75597,-0.3592,0.234096,0.394278,2.00907,-1.03332,0.434554,-1.47389,4.30234,0.125921,0.0464328,1.5684,-0.065027,2.6311,0.591956,0.223841,0.320496,-0.0841553,-2.37095,4.02649,3.66606,-4.30923,1.28295,-4.22261,-1.63721,4.58188,-2.09689,2.11467,2.2987,-2.35091,0.697844,-2.78967,-1.06493,3.12934])
1.0737220414567383
Max g: 1.3257597154739518
f_52([0.972595,-3.2024,4.175,-0.485911,3.49033,-2.00463,0.318002,-0.899624,1.21763,-3.97412,4.77534,-0.350041,0.227016,0.394737,2.00901,-1.03368,0.434157,-1.47433,4.30376,0.123938,0.0481476,1.56842,-0.0639311,2.63151,0.592882,0.223571,0.320753,-0.0844939,-2.38134,4.02523,3.67633,-4.30758,1.2979,-4.22258,-1.65424,4.5815,-2.04487,2.15082,2.24669,-2.38966,0.699766,-2.78642,-1.06784,3.12549])
1.0470934156840326
Max g: 1.3202597132553002
f_53([0.972584,-3.2022,4.1748,-0.48561,3.48988,-2.00445,0.339434,-0.88893,1.22836,-3.97234,4.79634,-0.340263,0.219362,0.39472,2.009,-1.0344,0.433832,-1.47485,4.30523,0.121569,0.0499396,1.56808,-0.0625537,2.63224,0.593316,0.223198,0.321278,-0.0846767,-2.39199,4.02416,3.68657,-4.30574,1.31558,-4.22254,-1.67434,4.58077,-1.99052,2.18955,2.19225,-2.43092,0.702247,-2.78301,-1.07081,3.12122])
1.0204647899113268
Max g: 1.3113989958488323
f_54([0.972578,-3.20213,4.17476,-0.485506,3.48987,-2.00469,0.361941,-0.877409,1.23935,-3.97048,4.81854,-0.330175,0.211551,0.394965,2.00904,-1.03484,0.4337,-1.47524,4.30653,0.118532,0.0520155,1.56847,-0.0607411,2.63187,0.593739,0.222944,0.32167,-0.0852015,-2.40243,4.02354,3.69667,-4.30391,1.33606,-4.2225,-1.69747,4.5795,-1.93401,2.22988,2.13618,-2.47366,0.704836,-2.77976,-1.07388,3.11677])
0.9947337582657911
Max g: 1.2991925287270405
f_55([0.972583,-3.20211,4.17486,-0.485844,3.49026,-2.00457,0.385756,-0.865486,1.25124,-3.96851,4.84182,-0.319104,0.203216,0.395969,2.00891,-1.03522,0.432727,-1.47498,4.30792,0.114847,0.0540065,1.56863,-0.0585578,2.63161,0.594384,0.222902,0.321887,-0.0854101,-2.41371,4.02328,3.70639,-4.30194,1.3605,-4.22243,-1.7239,4.57769,-1.8762,2.2719,2.07828,-2.51777,0.707856,-2.77636,-1.07726,3.11178])
0.9706981821937983
Max g: 1.2827357522505496
f_56([0.972588,-3.20238,4.17497,-0.486103,3.49041,-2.00433,0.411259,-0.852803,1.26406,-3.96659,4.86705,-0.307314,0.194554,0.397087,2.00924,-1.03577,0.432153,-1.47519,4.30926,0.110187,0.056333,1.56852,-0.0557652,2.63131,0.595083,0.22303,0.322037,-0.0859604,-2.42481,4.02361,3.71569,-4.29993,1.38911,-4.2224,-1.75425,4.57534,-1.81626,2.31589,2.01796,-2.56369,0.710947,-2.77307,-1.08086,3.10654])
0.9460642100370258
Max g: 1.261679189737238
f_57([0.972584,-3.20219,4.1751,-0.486504,3.49061,-2.00468,0.437593,-0.839262,1.27686,-3.96453,4.89316,-0.295192,0.185573,0.398208,2.00931,-1.03479,0.432423,-1.47518,4.31049,0.104451,0.0586006,1.56853,-0.0522965,2.63056,0.59527,0.222828,0.322294,-0.0866114,-2.43678,4.02469,3.72443,-4.29773,1.42168,-4.22234,-1.78759,4.57186,-1.7558,2.36116,1.95678,-2.61026,0.71447,-2.77023,-1.08472,3.10104])
0.9212307725186598
Max g: 1.236061646348783
f_58([0.972559,-3.20203,4.17461,-0.486532,3.49072,-2.00437,0.464851,-0.826058,1.29091,-3.96235,4.91999,-0.282285,0.176269,0.398262,2.00943,-1.03516,0.432229,-1.47463,4.31162,0.098271,0.0608997,1.56817,-0.0485493,2.63006,0.595469,0.222536,0.322549,-0.087017,-2.44845,4.02615,3.73285,-4.29534,1.45824,-4.22227,-1.82409,4.56778,-1.69409,2.40716,1.89448,-2.65725,0.718768,-2.76738,-1.08867,3.09516])
0.8998879788281766
Max g: 1.2050217498697484
f_59([0.972526,-3.20225,4.17486,-0.486727,3.49059,-2.00392,0.492747,-0.812448,1.3052,-3.96006,4.94773,-0.269259,0.166963,0.399082,2.00939,-1.03527,0.432239,-1.47516,4.31281,0.091342,0.0631352,1.56789,-0.0443777,2.62939,0.595777,0.222749,0.32286,-0.087474,-2.46087,4.02832,3.7404,-4.29296,1.49822,-4.22222,-1.86385,4.56306,-1.632,2.45382,1.8319,-2.70439,0.723174,-2.76462,-1.09317,3.08886])
0.8790438485416766
Max g: 1.1689184680199445
f_60([0.972515,-3.20149,4.17455,-0.486751,3.49059,-2.00385,0.520979,-0.798592,1.31958,-3.95775,4.97599,-0.256102,0.157692,0.399761,2.00961,-1.03508,0.432612,-1.47521,4.314,0.0839043,0.0652255,1.56754,-0.0398547,2.62893,0.596369,0.222979,0.323292,-0.088229,-2.47226,4.03117,3.74717,-4.2905,1.54214,-4.22216,-1.90586,4.55743,-1.56957,2.50106,1.76892,-2.7515,0.728269,-2.76151,-1.09808,3.08164])
0.8581997182551767
{0.9725147202701389,-3.2014911607899617,4.1745471855216,-0.4867507085623815,3.4905887735816563,-2.0038516303978122,0.5209793283866266,-0.7985919533689649,1.3195771813298527,-3.9577506123959276,4.975987245137596,-0.2561019227705869,0.1576915441585039,0.3997607927261066,2.0096142807712907,-1.0350776928499803,0.4326119900347652,-1.4752057439416837,4.313995551430301,0.08390430287331434,0.06522548544299443,1.567536884589493,-0.03985465066738676,2.6289314408674453,0.5963685881433192,0.22297900293195758,0.323291809821366,-0.08822904056257931,-2.4722613064633356,4.03117477260289,3.7471722189474104,-4.290500592109223,1.5421374439895987,-4.222157149249817,-1.905863521873648,4.557426048492104,-1.5695673406559087,2.5010590565704054,1.7689181933162847,-2.7515010552270307,0.7282689483520947,-2.7615128659451442,-1.0980808861316806,3.0816423384243032}]
Set[{A021,A031,A032,A041,A042,A043,A121,A131,A132,A141,A142,A143,B021,B031,B032,B041,B042,B043,B121,B131,B132,B141,B142,B143,\[Alpha]1,\[Alpha]2,\[Alpha]3,\[Alpha]4,\[Beta]11,\[Beta]12,\[Beta]13,\[Beta]14,\[Beta]21,\[Beta]22,\[Beta]23,\[Beta]24,\[Beta]31,\[Beta]32,\[Beta]33,\[Beta]34,\[Beta]41,\[Beta]42,\[Beta]43,\[Beta]44},{0.9725147202701389,-3.2014911607899617,4.1745471855216,-0.4867507085623815,3.4905887735816563,-2.0038516303978122,0.5209793283866266,-0.7985919533689649,1.3195771813298527,-3.9577506123959276,4.975987245137596,-0.2561019227705869,0.1576915441585039,0.3997607927261066,2.0096142807712907,-1.0350776928499803,0.4326119900347652,-1.4752057439416837,4.313995551430301,0.08390430287331434,0.06522548544299443,1.567536884589493,-0.03985465066738676,2.6289314408674453,0.5963685881433192,0.22297900293195758,0.323291809821366,-0.08822904056257931,-2.4722613064633356,4.03117477260289,3.7471722189474104,-4.290500592109223,1.5421374439895987,-4.222157149249817,-1.905863521873648,4.557426048492104,-1.5695673406559087,2.5010590565704054,1.7689181933162847,-2.7515010552270307,0.7282689483520947,-2.7615128659451442,-1.0980808861316806,3.0816423384243032}]

Max g: 1.1275658570258071
f_61([0.972536,-3.2011,4.174,-0.48709,3.49045,-2.00345,0.547481,-0.78562,1.3331,-3.95523,5.0,-0.242072,0.148158,0.400176,2.01019,-1.03515,0.432498,-1.47538,4.31516,0.0753385,0.0671495,1.56703,-0.0346659,2.62832,0.596757,0.222686,0.323472,-0.088649,-2.48436,4.03493,3.75313,-4.28795,1.58958,-4.22209,-1.95043,4.5508,-1.50698,2.54864,1.70513,-2.79826,0.733885,-2.75856,-1.10336,3.07387])
0.8414446278813394
Max g: 1.0827091107589886
f_62([0.97253,-3.20096,4.17422,-0.48691,3.49053,-2.0037,0.563474,-0.777328,1.3408,-3.95144,5.0,-0.220321,0.134744,0.40093,2.01091,-1.03494,0.43255,-1.47587,4.31628,0.0665976,0.0684866,1.56658,-0.0293668,2.6279,0.597184,0.222994,0.323879,-0.0894605,-2.49652,4.03944,3.75837,-4.28521,1.64067,-4.22206,-1.99578,4.54326,-1.44324,2.59593,1.64149,-2.84389,0.740224,-2.75592,-1.10862,3.06582])
0.8323689539288442
Max g: 1.0322481582893377
f_63([0.972526,-3.20102,4.17378,-0.486422,3.48993,-2.00371,0.579713,-0.767299,1.3521,-3.94709,5.0,-0.195702,0.119573,0.401324,2.01079,-1.03515,0.431995,-1.47569,4.31734,0.0572953,0.0695957,1.56645,-0.0236661,2.62729,0.597651,0.223517,0.324464,-0.0902015,-2.50982,4.04484,3.76307,-4.28247,1.69348,-4.22206,-2.04061,4.53464,-1.38231,2.64175,1.57997,-2.88709,0.747355,-2.75367,-1.11351,3.05751])
0.8243903394651122
Max g: 0.9805818804204942
f_64([0.972556,-3.20023,4.17302,-0.486145,3.48983,-2.00422,0.585514,-0.747702,1.37231,-3.94243,5.0,-0.169489,0.103743,0.402797,2.01125,-1.03448,0.432333,-1.47639,4.31856,0.0477591,0.0700567,1.56617,-0.017863,2.62734,0.59756,0.223516,0.324859,-0.091209,-2.52223,4.05094,3.76669,-4.27947,1.74637,-4.22203,-2.08623,4.52497,-1.32354,2.68641,1.51935,-2.92827,0.755004,-2.75115,-1.11911,3.04823])
0.8213983590412127
Max g: 0.921406336534282
f_65([0.972542,-3.19994,4.17257,-0.486811,3.49048,-2.0039,0.585283,-0.725504,1.39495,-3.938,5.0,-0.14507,0.0889035,0.40322,2.01118,-1.03446,0.432121,-1.47649,4.31972,0.0377063,0.0702043,1.56594,-0.0117281,2.62749,0.59801,0.223587,0.325339,-0.0917933,-2.53466,4.05807,3.76905,-4.27649,1.80191,-4.22204,-2.1337,4.51417,-1.26633,2.73132,1.45931,-2.96875,0.763524,-2.74783,-1.12626,3.03735])
0.8216975570836027
Max g: 0.8534044922628953
f_66([0.972566,-3.20002,4.17286,-0.486606,3.49057,-2.00403,0.581674,-0.703565,1.41735,-3.93404,5.0,-0.123035,0.0755307,0.40386,2.01142,-1.03456,0.431985,-1.47649,4.32076,0.0273489,0.069578,1.566,-0.00537965,2.62763,0.598073,0.223615,0.325909,-0.0928368,-2.54706,4.06632,3.76966,-4.27347,1.86029,-4.22205,-2.18238,4.50219,-1.2105,2.77594,1.39981,-3.00789,0.773246,-2.74345,-1.1349,3.02455])
0.8237919433803323
Max g: 0.7776545090338776
f_67([0.972572,-3.19992,4.17305,-0.48686,3.49073,-2.00397,0.576284,-0.683156,1.43829,-3.93062,5.0,-0.103548,0.0636567,0.404288,2.01168,-1.03532,0.431749,-1.47607,4.32189,0.01664,0.0685235,1.56607,0.0011993,2.62823,0.598676,0.224194,0.326246,-0.0933165,-2.55901,4.07552,3.76886,-4.27025,1.92052,-4.22205,-2.2311,4.48899,-1.15687,2.81921,1.3425,-3.04459,0.784246,-2.73808,-1.14512,3.01])
0.8267839238042318
Max g: 0.6978677461554423
f_68([0.972588,-3.19977,4.1732,-0.486768,3.49052,-2.00396,0.570098,-0.664344,1.45621,-3.92773,5.0,-0.0868556,0.0533768,0.405088,2.01146,-1.03566,0.431657,-1.47636,4.32301,0.00555425,0.0671128,1.56614,0.00801081,2.62918,0.598727,0.224169,0.326543,-0.0938418,-2.57111,4.08607,3.76659,-4.2672,1.98305,-4.22209,-2.2789,4.47454,-1.10633,2.86071,1.28726,-3.0783,0.796865,-2.73169,-1.15638,2.9935])
0.8306734983553012
Max g: 0.6895027207491102
f_69([0.972531,-3.19969,4.17314,-0.486493,3.49008,-2.00377,0.563257,-0.649464,1.47074,-3.9255,4.99996,-0.0744608,0.045681,0.405262,2.01169,-1.0362,0.432036,-1.47669,4.32426,-0.00616269,0.0652935,1.56691,0.0151565,2.62991,0.598626,0.224039,0.327123,-0.0946118,-2.58314,4.09769,3.76289,-4.26386,2.04632,-4.22216,-2.32488,4.45873,-1.05823,2.9,1.23473,-3.10846,0.811277,-2.72502,-1.16843,2.97584])
0.8347625382679639
Max g: 0.6814325218079382
f_70([0.972549,-3.19929,4.17292,-0.486131,3.48992,-2.00383,0.549024,-0.639996,1.47821,-3.92551,4.99992,-0.0744164,0.0456006,0.40499,2.01158,-1.03495,0.43218,-1.47675,4.32536,-0.017419,0.0631317,1.56717,0.0220507,2.63135,0.598426,0.224238,0.32716,-0.0946775,-2.59363,4.10948,3.75883,-4.26049,2.10626,-4.22224,-2.36539,4.44285,-1.01491,2.93506,1.18667,-3.13391,0.826745,-2.71822,-1.17998,2.95806])
0.8443368756244424
{0.972549108760829,-3.199294760666825,4.17291651729731,-0.48613080682796034,3.489921184422641,-2.003832126992631,0.5490239680321838,-0.6399955243679301,1.478213129593799,-3.925508448437667,4.999923006933918,-0.07441636191013647,0.04560063704180322,0.4049898679519229,2.0115773824209606,-1.0349472500461503,0.4321802762003292,-1.4767534927493744,4.325358497500696,-0.017419020478544624,0.0631317079368665,1.5671706545183797,0.022050672331406514,2.6313502530938893,0.5984262069030142,0.2242381802742471,0.3271603259472098,-0.09467746421389171,-2.593631476553303,4.109478278456045,3.7588328039794656,-4.260492250419713,2.1062579612481778,-4.222235641469809,-2.3653915120510254,4.442849832016375,-1.0149146696884248,2.9350645704535494,1.1866680991210283,-3.133907699303649,0.8267445454158575,-2.71821778756674,-1.17997505538751,2.95805523348319}]
Set[{A021,A031,A032,A041,A042,A043,A121,A131,A132,A141,A142,A143,B021,B031,B032,B041,B042,B043,B121,B131,B132,B141,B142,B143,\[Alpha]1,\[Alpha]2,\[Alpha]3,\[Alpha]4,\[Beta]11,\[Beta]12,\[Beta]13,\[Beta]14,\[Beta]21,\[Beta]22,\[Beta]23,\[Beta]24,\[Beta]31,\[Beta]32,\[Beta]33,\[Beta]34,\[Beta]41,\[Beta]42,\[Beta]43,\[Beta]44},{0.972549108760829,-3.199294760666825,4.17291651729731,-0.48613080682796034,3.489921184422641,-2.003832126992631,0.5490239680321838,-0.6399955243679301,1.478213129593799,-3.925508448437667,4.999923006933918,-0.07441636191013647,0.04560063704180322,0.4049898679519229,2.0115773824209606,-1.0349472500461503,0.4321802762003292,-1.4767534927493744,4.325358497500696,-0.017419020478544624,0.0631317079368665,1.5671706545183797,0.022050672331406514,2.6313502530938893,0.5984262069030142,0.2242381802742471,0.3271603259472098,-0.09467746421389171,-2.593631476553303,4.109478278456045,3.7588328039794656,-4.260492250419713,2.1062579612481778,-4.222235641469809,-2.3653915120510254,4.442849832016375,-1.0149146696884248,2.9350645704535494,1.1866680991210283,-3.133907699303649,0.8267445454158575,-2.71821778756674,-1.17997505538751,2.95805523348319}]

Max g: 0.6734776139179193
f_71([0.972559,-3.19969,4.17314,-0.486472,3.48972,-2.00325,0.533298,-0.63079,1.48788,-3.92555,4.99999,-0.0744415,0.0456332,0.405257,2.01121,-1.0348,0.431933,-1.47645,4.32653,-0.028844,0.0608847,1.5677,0.0290983,2.63292,0.598862,0.224461,0.327151,-0.0946878,-2.60486,4.12188,3.75409,-4.25706,2.16279,-4.22235,-2.40192,4.42626,-0.975889,2.96709,1.14255,-3.15547,0.843695,-2.71152,-1.19111,2.93998])
0.8549085397888873
Max g: 0.6655990683950721
f_72([0.972554,-3.20016,4.1736,-0.486925,3.48975,-2.00315,0.519032,-0.622751,1.49624,-3.92557,4.99995,-0.0743874,0.0455911,0.405017,2.01092,-1.03531,0.431764,-1.47593,4.32766,-0.0403652,0.0586478,1.56831,0.0361674,2.6346,0.59847,0.224033,0.327252,-0.0946568,-2.61647,4.13463,3.74912,-4.25346,2.21677,-4.22252,-2.43446,4.40922,-0.942037,2.99577,1.10215,-3.17292,0.861723,-2.70477,-1.20177,2.92153])
0.8652807385917389
Max g: 0.6573236723685056
f_73([0.97257,-3.19987,4.17339,-0.486588,3.48951,-2.00342,0.507261,-0.616577,1.50283,-3.92556,4.99993,-0.0743767,0.0454626,0.404869,2.01063,-1.03471,0.431906,-1.47548,4.32882,-0.0520261,0.0564543,1.56937,0.0433,2.63604,0.598292,0.224381,0.327327,-0.0946707,-2.62789,4.14775,3.7438,-4.24983,2.26681,-4.22266,-2.46256,4.39181,-0.913381,3.02124,1.06566,-3.18664,0.880606,-2.69852,-1.21182,2.90341])
0.8734588184170642
Max g: 0.6489808428959511
f_74([0.972584,-3.19984,4.17308,-0.486354,3.48963,-2.00331,0.497551,-0.611841,1.5075,-3.92561,4.99995,-0.0743354,0.0453944,0.404913,2.01052,-1.03431,0.432613,-1.47568,4.33001,-0.0644147,0.0543316,1.57006,0.0508954,2.63792,0.598301,0.224031,0.327373,-0.0946751,-2.6398,4.16133,3.73835,-4.24577,2.31479,-4.2228,-2.48823,4.37346,-0.887899,3.04402,1.03198,-3.19672,0.900427,-2.69287,-1.22127,2.88538])
0.881237967519203
Max g: 0.6406268108459381
f_75([0.972604,-3.19975,4.17292,-0.486699,3.48993,-2.00357,0.489922,-0.60867,1.51075,-3.92562,4.99995,-0.0743391,0.0453466,0.405137,2.01038,-1.03493,0.431642,-1.47549,4.33122,-0.0767095,0.0524153,1.5709,0.0584691,2.63976,0.598239,0.224425,0.327352,-0.0945579,-2.65173,4.17499,3.733,-4.24181,2.35777,-4.223,-2.51036,4.35534,-0.866666,3.06402,1.00151,-3.20394,0.920625,-2.68778,-1.22963,2.86809])
0.887521126409392
Max g: 0.6327246369201527
f_76([0.972595,-3.19973,4.17294,-0.486625,3.49045,-2.00409,0.483978,-0.606877,1.51285,-3.92568,4.99999,-0.0743108,0.0452834,0.405356,2.0102,-1.03555,0.431598,-1.47567,4.33251,-0.0890416,0.0506526,1.57152,0.0660702,2.64194,0.598385,0.224531,0.327437,-0.0946325,-2.6641,4.18865,3.72767,-4.2377,2.3991,-4.22321,-2.5298,4.33711,-0.848576,3.08211,0.973271,-3.20894,0.941246,-2.68368,-1.2371,2.85175])
0.893205889214801
Max g: 0.6245825867284545
f_77([0.972598,-3.19974,4.17339,-0.486356,3.4904,-2.00436,0.47961,-0.605873,1.51354,-3.92571,4.99999,-0.0742778,0.0452079,0.405146,2.01039,-1.03567,0.431199,-1.47574,4.33366,-0.101578,0.0490293,1.57238,0.0737661,2.64384,0.598346,0.223979,0.327328,-0.0944916,-2.67684,4.20244,3.72216,-4.23339,2.43764,-4.22341,-2.54675,4.31866,-0.833812,3.09834,0.947329,-3.21166,0.961794,-2.68001,-1.24358,2.83576])
0.8981925232546335
Max g: 0.6164522397521406
f_78([0.972607,-3.19979,4.17299,-0.486139,3.4907,-2.00459,0.475939,-0.605382,1.51376,-3.92581,4.99995,-0.0741409,0.0450863,0.40501,2.01054,-1.03518,0.43099,-1.4755,4.33487,-0.113689,0.0475379,1.57313,0.0812268,2.6459,0.598375,0.224289,0.327375,-0.094552,-2.68947,4.21562,3.71737,-4.22916,2.4723,-4.22361,-2.56098,4.30097,-0.82122,3.11302,0.923924,-3.21329,0.981632,-2.67728,-1.24866,2.8212])
0.9023812958480929
Max g: 0.6088178262791546
f_79([0.972615,-3.20036,4.1731,-0.486778,3.49072,-2.00434,0.47312,-0.604976,1.51308,-3.92591,4.99997,-0.0740569,0.0449985,0.405421,2.01069,-1.03517,0.430686,-1.47562,4.33614,-0.12593,0.0462418,1.57405,0.0887745,2.64783,0.598424,0.224287,0.327208,-0.0945727,-2.70272,4.22876,3.71262,-4.22484,2.50555,-4.22381,-2.57404,4.28327,-0.811218,3.12627,0.902098,-3.2133,1.00161,-2.67527,-1.25297,2.80743])
0.9058719396759756
Max g: 0.6013516683869176
f_80([0.972628,-3.20002,4.17293,-0.486095,3.49008,-2.00403,0.471162,-0.605546,1.51218,-3.92605,4.99998,-0.0739329,0.044879,0.405715,2.01049,-1.0348,0.4306,-1.4749,4.33736,-0.1378,0.0451561,1.57467,0.0960942,2.64991,0.598355,0.224422,0.327196,-0.0945904,-2.71486,4.2413,3.70826,-4.22055,2.5357,-4.22402,-2.5851,4.26639,-0.802704,3.13801,0.882132,-3.2123,1.02038,-2.67407,-1.25636,2.79496])
0.9084649893766885
{0.9726279792182568,-3.2000154024492384,4.172934192299935,-0.4860953452767109,3.4900801757852182,-2.004027218720747,0.4711624404649123,-0.6055455264585254,1.5121837500970803,-3.9260486478631424,4.999981533735481,-0.07393292628809876,0.04487901737399426,0.4057150910888967,2.0104896226827065,-1.0347984184952967,0.4305996410912904,-1.4749014878639632,4.3373628531858115,-0.13780034025957724,0.04515609213494516,1.5746699337730292,0.09609423552961928,2.649907519810144,0.5983554279885437,0.22442163824226477,0.32719649577251536,-0.09459036608466394,-2.7148603317711126,4.241300630381358,3.70826267161666,-4.220548897474426,2.535695205739619,-4.224019486837679,-2.5850959072290687,4.266386600482114,-0.802703527264262,3.1380116410883443,0.8821321541349965,-3.2123037584806693,1.0203788387843027,-2.6740697436697034,-1.2563557901553026,2.7949550320346477}]
Set[{A021,A031,A032,A041,A042,A043,A121,A131,A132,A141,A142,A143,B021,B031,B032,B041,B042,B043,B121,B131,B132,B141,B142,B143,\[Alpha]1,\[Alpha]2,\[Alpha]3,\[Alpha]4,\[Beta]11,\[Beta]12,\[Beta]13,\[Beta]14,\[Beta]21,\[Beta]22,\[Beta]23,\[Beta]24,\[Beta]31,\[Beta]32,\[Beta]33,\[Beta]34,\[Beta]41,\[Beta]42,\[Beta]43,\[Beta]44},{0.9726279792182568,-3.2000154024492384,4.172934192299935,-0.4860953452767109,3.4900801757852182,-2.004027218720747,0.4711624404649123,-0.6055455264585254,1.5121837500970803,-3.9260486478631424,4.999981533735481,-0.07393292628809876,0.04487901737399426,0.4057150910888967,2.0104896226827065,-1.0347984184952967,0.4305996410912904,-1.4749014878639632,4.3373628531858115,-0.13780034025957724,0.04515609213494516,1.5746699337730292,0.09609423552961928,2.649907519810144,0.5983554279885437,0.22442163824226477,0.32719649577251536,-0.09459036608466394,-2.7148603317711126,4.241300630381358,3.70826267161666,-4.220548897474426,2.535695205739619,-4.224019486837679,-2.5850959072290687,4.266386600482114,-0.802703527264262,3.1380116410883443,0.8821321541349965,-3.2123037584806693,1.0203788387843027,-2.6740697436697034,-1.2563557901553026,2.7949550320346477}]

Max g: 0.5940664437903314
f_81([0.972644,-3.20058,4.17337,-0.486249,3.48958,-2.00357,0.469664,-0.606671,1.51132,-3.92607,4.99994,-0.0738799,0.0447991,0.405821,2.01047,-1.03443,0.430421,-1.47456,4.33867,-0.149851,0.044182,1.5756,0.103506,2.65183,0.598256,0.224944,0.32719,-0.0947124,-2.72829,4.25391,3.70415,-4.21614,2.56424,-4.22424,-2.59529,4.24933,-0.794968,3.14895,0.863161,-3.21029,1.03923,-2.67404,-1.25889,2.78358])
0.9106591083542148
Max g: 0.5867611624057485
f_82([0.972648,-3.20066,4.17349,-0.487077,3.48961,-2.00293,0.468707,-0.608452,1.51036,-3.92605,4.99983,-0.0737813,0.0447202,0.406042,2.01058,-1.0349,0.43001,-1.47498,4.33987,-0.161741,0.0433623,1.57592,0.110878,2.65413,0.598703,0.224249,0.32716,-0.0945205,-2.74088,4.26616,3.70008,-4.21168,2.59222,-4.22444,-2.60427,4.23273,-0.788999,3.15905,0.845036,-3.20766,1.05742,-2.6748,-1.26082,2.7733])
0.9131524253741311
Max g: 0.5796774906296713
f_83([0.972654,-3.20063,4.17332,-0.486914,3.48952,-2.00292,0.467743,-0.610002,1.50904,-3.92607,4.99981,-0.0737385,0.0446489,0.406778,2.01064,-1.03461,0.429538,-1.47477,4.34117,-0.173438,0.0425026,1.57653,0.118149,2.65635,0.598713,0.22459,0.326992,-0.0947406,-2.75403,4.27823,3.69632,-4.20724,2.61831,-4.22466,-2.61248,4.21636,-0.783467,3.16831,0.827896,-3.20424,1.07489,-2.67604,-1.26215,2.76358])
0.9151470789900641
Max g: 0.5724907652055053
f_84([0.972663,-3.20086,4.17399,-0.486956,3.48979,-2.00298,0.467261,-0.6114,1.5072,-3.92612,4.99968,-0.073562,0.0445542,0.407145,2.01049,-1.03446,0.429294,-1.47518,4.3425,-0.185063,0.0418165,1.57743,0.125332,2.65827,0.598711,0.224516,0.326988,-0.0947105,-2.76658,4.29,3.69277,-4.20269,2.64364,-4.22487,-2.62045,4.20024,-0.779281,3.17687,0.811406,-3.20031,1.09212,-2.67823,-1.26289,2.75498])
0.9168425345636072
Max g: 0.5653120436763395
f_85([0.972658,-3.20085,4.17398,-0.486709,3.48961,-2.00297,0.467456,-0.613717,1.50518,-3.92619,4.99983,-0.0736433,0.0445158,0.406744,2.01058,-1.03498,0.429191,-1.47496,4.34381,-0.19645,0.0412968,1.57777,0.132408,2.66063,0.59892,0.224864,0.327005,-0.0945941,-2.77974,4.30151,3.68959,-4.19831,2.66833,-4.22507,-2.62843,4.18468,-0.775544,3.18461,0.795824,-3.19584,1.10798,-2.68084,-1.26285,2.74714])
0.9178398613715737
Max g: 0.5581014165915326
f_86([0.972638,-3.20086,4.17354,-0.486224,3.48907,-2.00319,0.467307,-0.615572,1.50348,-3.92618,4.99996,-0.0737731,0.0445501,0.406455,2.01055,-1.03574,0.429097,-1.47443,4.34512,-0.207617,0.0408685,1.57837,0.139355,2.6627,0.598985,0.224323,0.327098,-0.094592,-2.79256,4.31262,3.68648,-4.19397,2.69186,-4.2253,-2.63571,4.1696,-0.772287,3.19207,0.781396,-3.19141,1.12313,-2.68458,-1.26255,2.7407])
0.9191363862219302
Max g: 0.551102767859657
f_87([0.97262,-3.20062,4.17355,-0.486342,3.48908,-2.00296,0.467596,-0.617716,1.5012,-3.92624,4.99999,-0.0737459,0.0445136,0.40693,2.01053,-1.03514,0.428736,-1.47527,4.34657,-0.21922,0.0405652,1.57918,0.146569,2.66464,0.598588,0.224369,0.326981,-0.0946411,-2.80557,4.32388,3.68329,-4.18943,2.71658,-4.22553,-2.64362,4.15422,-0.769465,3.19896,0.767005,-3.18611,1.13821,-2.68925,-1.26144,2.73495])
0.9198345149875067
Max g: 0.5438237156322296
f_88([0.972606,-3.20067,4.17336,-0.48609,3.48878,-2.00328,0.467889,-0.619965,1.49921,-3.9263,4.99985,-0.0735548,0.0444268,0.40662,2.01058,-1.03532,0.428786,-1.47612,4.34783,-0.229953,0.0403031,1.57996,0.153242,2.66642,0.598533,0.224574,0.327057,-0.0945101,-2.81784,4.33424,3.68043,-4.18511,2.73879,-4.22571,-2.65112,4.13998,-0.767619,3.20516,0.754074,-3.18098,1.15152,-2.6943,-1.26012,2.73031])
0.9205326437530832
Max g: 0.5369232479944257
f_89([0.972609,-3.20061,4.17329,-0.486301,3.48885,-2.00264,0.468416,-0.622648,1.4976,-3.92631,4.99992,-0.0736086,0.0443431,0.406066,2.01033,-1.03563,0.429181,-1.47538,4.34915,-0.240132,0.0401164,1.5809,0.159592,2.66804,0.59837,0.224281,0.327301,-0.0946454,-2.82961,4.34399,3.67773,-4.1809,2.76097,-4.22586,-2.65867,4.12648,-0.765812,3.21075,0.741784,-3.17584,1.16404,-2.69967,-1.25852,2.72642])
0.9211310398378632
Max g: 0.5300065907934046
f_90([0.972638,-3.20046,4.17349,-0.486379,3.48899,-2.00342,0.468812,-0.624563,1.49517,-3.92634,4.99995,-0.0736092,0.0442873,0.40581,2.01026,-1.03553,0.429408,-1.47506,4.35059,-0.250898,0.0400975,1.58167,0.166305,2.6699,0.598319,0.224433,0.327345,-0.0945981,-2.84173,4.35401,3.67488,-4.17647,2.78351,-4.22605,-2.66668,4.11253,-0.764673,3.21577,0.729623,-3.16968,1.17598,-2.70639,-1.25651,2.72352])
0.9221283666458296
{0.9726381469134628,-3.2004559680283466,4.173491137272148,-0.48637850075801364,3.488994173882323,-2.003424059570979,0.4688120553790863,-0.6245628158946138,1.4951709039794936,-3.9263396239199126,4.9999488630442075,-0.07360923912429283,0.04428730546600924,0.4058104034106552,2.0102570953876917,-1.0355254562213059,0.4294082966298585,-1.4750592511313203,4.350585888406785,-0.25089844131548517,0.04009753960840176,1.581671835356002,0.16630534668543953,2.669895225154716,0.5983185362919577,0.22443280224480602,0.3273450916045977,-0.09459808690382043,-2.8417261116967243,4.354007075832185,3.674881848673598,-4.176465609347726,2.783512359368324,-4.226047787088466,-2.6666784943203923,4.1125315606464365,-0.7646732140178492,3.2157704677814887,0.7296231480404266,-3.1696813767279246,1.1759798183096943,-2.706389232280309,-1.2565110860627067,2.7235189961238735}]
Set[{A021,A031,A032,A041,A042,A043,A121,A131,A132,A141,A142,A143,B021,B031,B032,B041,B042,B043,B121,B131,B132,B141,B142,B143,\[Alpha]1,\[Alpha]2,\[Alpha]3,\[Alpha]4,\[Beta]11,\[Beta]12,\[Beta]13,\[Beta]14,\[Beta]21,\[Beta]22,\[Beta]23,\[Beta]24,\[Beta]31,\[Beta]32,\[Beta]33,\[Beta]34,\[Beta]41,\[Beta]42,\[Beta]43,\[Beta]44},{0.9726381469134628,-3.2004559680283466,4.173491137272148,-0.48637850075801364,3.488994173882323,-2.003424059570979,0.4688120553790863,-0.6245628158946138,1.4951709039794936,-3.9263396239199126,4.9999488630442075,-0.07360923912429283,0.04428730546600924,0.4058104034106552,2.0102570953876917,-1.0355254562213059,0.4294082966298585,-1.4750592511313203,4.350585888406785,-0.25089844131548517,0.04009753960840176,1.581671835356002,0.16630534668543953,2.669895225154716,0.5983185362919577,0.22443280224480602,0.3273450916045977,-0.09459808690382043,-2.8417261116967243,4.354007075832185,3.674881848673598,-4.176465609347726,2.783512359368324,-4.226047787088466,-2.6666784943203923,4.1125315606464365,-0.7646732140178492,3.2157704677814887,0.7296231480404266,-3.1696813767279246,1.1759798183096943,-2.706389232280309,-1.2565110860627067,2.7235189961238735}]

Max g: 0.5226542909024205
f_91([0.972639,-3.20057,4.17457,-0.485973,3.48884,-2.00324,0.469677,-0.627127,1.49297,-3.9263,4.99999,-0.0736906,0.044345,0.406229,2.01003,-1.03522,0.429589,-1.47489,4.3519,-0.26108,0.040114,1.5827,0.172661,2.67125,0.598592,0.224204,0.327257,-0.0945997,-2.85321,4.36346,3.67231,-4.17233,2.80517,-4.22624,-2.67451,4.09958,-0.764065,3.22021,0.718668,-3.16369,1.18707,-2.71337,-1.25402,2.72144])
0.9227267627306095
Max g: 0.5155160204414386
f_92([0.97265,-3.20041,4.17479,-0.485796,3.48914,-2.00335,0.470377,-0.629952,1.49116,-3.92629,4.99997,-0.073679,0.0443196,0.406019,2.01018,-1.03479,0.429741,-1.47512,4.35313,-0.270901,0.0401053,1.58339,0.178797,2.6729,0.598922,0.223535,0.327251,-0.0946334,-2.86466,4.37255,3.66992,-4.16821,2.82716,-4.22641,-2.68286,4.08697,-0.762821,3.22396,0.707875,-3.15728,1.19747,-2.72094,-1.25141,2.72016])
0.9237240895385761
Max g: 0.5083349662561742
f_93([0.972671,-3.20019,4.17546,-0.485615,3.48873,-2.00317,0.471122,-0.632313,1.48924,-3.92633,4.99987,-0.0735392,0.044172,0.405264,2.00994,-1.03477,0.429045,-1.47449,4.35438,-0.279836,0.0403015,1.5844,0.184366,2.67412,0.599192,0.223544,0.32751,-0.0946145,-2.87436,4.3807,3.66776,-4.16451,2.84662,-4.22654,-2.69039,4.07563,-0.762645,3.22679,0.698545,-3.151,1.20663,-2.72858,-1.24887,2.7198])
0.9241230202617626
Max g: 0.5016214229638551
f_94([0.972666,-3.20043,4.17576,-0.485533,3.48858,-2.00332,0.47183,-0.634479,1.48729,-3.9264,4.99976,-0.0733658,0.0440654,0.4053,2.00981,-1.03428,0.429118,-1.47474,4.35569,-0.288473,0.0404584,1.58501,0.189771,2.67569,0.599349,0.223488,0.327544,-0.094706,-2.8841,4.38843,3.66571,-4.1609,2.86611,-4.22671,-2.69828,4.06495,-0.762469,3.22923,0.689834,-3.14477,1.21498,-2.73656,-1.2462,2.72007])
0.9248211490273393
Max g: 0.49505160065969545
f_95([0.972679,-3.20008,4.17644,-0.485813,3.48851,-2.00281,0.472473,-0.63641,1.48507,-3.92638,4.99979,-0.0734124,0.0440671,0.405337,2.00976,-1.03449,0.429215,-1.47473,4.35699,-0.297103,0.0407149,1.58563,0.19522,2.67726,0.599588,0.223018,0.327469,-0.094565,-2.89401,4.39614,3.66358,-4.1572,2.88573,-4.22685,-2.70682,4.05413,-0.762401,3.2307,0.681149,-3.13753,1.22306,-2.74533,-1.24301,2.72101])
0.9253198124313224
Max g: 0.48790533358426824
f_96([0.972672,-3.20073,4.17636,-0.485827,3.48819,-2.0026,0.473684,-0.638903,1.48267,-3.9264,4.99985,-0.0734565,0.0440746,0.405079,2.00988,-1.03427,0.428997,-1.47428,4.35833,-0.305642,0.0410457,1.58647,0.200552,2.67858,0.599626,0.222852,0.327528,-0.0946502,-2.90324,4.40352,3.66132,-4.15356,2.90534,-4.227,-2.71508,4.04377,-0.763019,3.23148,0.67336,-3.12994,1.23058,-2.75483,-1.23971,2.72289])
0.9258184758353057
Max g: 0.4808799010959586
f_97([0.972696,-3.20047,4.17623,-0.48601,3.48835,-2.00239,0.474133,-0.640803,1.48155,-3.92642,4.99974,-0.0733221,0.0439759,0.404882,2.00989,-1.03412,0.428989,-1.47405,4.35941,-0.312261,0.0413715,1.58683,0.204735,2.67987,0.59961,0.223039,0.327571,-0.0946505,-2.91011,4.40923,3.6597,-4.15075,2.92066,-4.22712,-2.72181,4.03577,-0.76314,3.2318,0.667346,-3.12381,1.23614,-2.76287,-1.23711,2.72497])
0.9264168719200856
Max g: 0.47513377797153566
f_98([0.972695,-3.20042,4.17629,-0.485914,3.48832,-2.00268,0.47443,-0.641965,1.48045,-3.92642,4.99964,-0.0732232,0.0439121,0.404759,2.01008,-1.03411,0.429299,-1.47374,4.36018,-0.317076,0.0416337,1.58707,0.207779,2.68085,0.59958,0.222897,0.327575,-0.0946711,-2.91533,4.41336,3.65843,-4.14865,2.9321,-4.22719,-2.72699,4.02992,-0.763523,3.23162,0.663014,-3.11893,1.23988,-2.76892,-1.23499,2.72662])
0.9266163372816789
Max g: 0.4707058824690087
f_99([0.972695,-3.20044,4.17615,-0.485722,3.48835,-2.00264,0.474965,-0.64329,1.47901,-3.92637,4.99961,-0.0732411,0.0439012,0.404631,2.01003,-1.03422,0.428939,-1.47374,4.36107,-0.322445,0.0419195,1.58742,0.211171,2.68181,0.599727,0.223117,0.327645,-0.094726,-2.92099,4.41782,3.65711,-4.14633,2.94479,-4.22727,-2.73276,4.02354,-0.764168,3.231,0.658582,-3.11323,1.24408,-2.77598,-1.23272,2.72889])
0.9268158026432722
Max g: 0.466091117055524
f_100([0.972699,-3.20027,4.17602,-0.48596,3.48838,-2.00246,0.475279,-0.64458,1.47811,-3.92632,4.99951,-0.0731906,0.0438799,0.404487,2.00999,-1.03431,0.429145,-1.47349,4.36184,-0.327034,0.0422286,1.58784,0.214058,2.68255,0.599815,0.222842,0.327681,-0.0947316,-2.92587,4.42161,3.65592,-4.14431,2.95586,-4.22736,-2.73792,4.01813,-0.764272,3.2303,0.654781,-3.10819,1.24772,-2.78233,-1.23064,2.73107])
0.9269155353240689
{0.9726989808089539,-3.2002694528092666,4.176021922848198,-0.4859595157458947,3.4883797019112075,-2.002455158933715,0.4752788249919771,-0.6445804411084478,1.4781106148193357,-3.92631784826435,4.999508194330259,-0.07319055699734893,0.043879919759648695,0.4044869401492905,2.0099914332537385,-1.0343080052840035,0.4291452876449949,-1.4734850646368811,4.361841827708684,-0.3270342947072736,0.04222863806359233,1.5878401555544908,0.21405751859876138,2.682551365540613,0.5998149422157474,0.22284189232591725,0.3276806644491174,-0.0947315878166266,-2.925872726949592,4.421612002490946,3.655921228399797,-4.1443078982593615,2.9558646714311996,-4.22735535820023,-2.737918274462325,4.018127191530602,-0.7642719482035344,3.2302962165778553,0.6547814575725843,-3.108189830068944,1.2477193066144017,-2.7823255604486965,-1.230638892203786,2.7310733388806847}]
Set[{A021,A031,A032,A041,A042,A043,A121,A131,A132,A141,A142,A143,B021,B031,B032,B041,B042,B043,B121,B131,B132,B141,B142,B143,\[Alpha]1,\[Alpha]2,\[Alpha]3,\[Alpha]4,\[Beta]11,\[Beta]12,\[Beta]13,\[Beta]14,\[Beta]21,\[Beta]22,\[Beta]23,\[Beta]24,\[Beta]31,\[Beta]32,\[Beta]33,\[Beta]34,\[Beta]41,\[Beta]42,\[Beta]43,\[Beta]44},{0.9726989808089539,-3.2002694528092666,4.176021922848198,-0.4859595157458947,3.4883797019112075,-2.002455158933715,0.4752788249919771,-0.6445804411084478,1.4781106148193357,-3.92631784826435,4.999508194330259,-0.07319055699734893,0.043879919759648695,0.4044869401492905,2.0099914332537385,-1.0343080052840035,0.4291452876449949,-1.4734850646368811,4.361841827708684,-0.3270342947072736,0.04222863806359233,1.5878401555544908,0.21405751859876138,2.682551365540613,0.5998149422157474,0.22284189232591725,0.3276806644491174,-0.0947315878166266,-2.925872726949592,4.421612002490946,3.655921228399797,-4.1443078982593615,2.9558646714311996,-4.22735535820023,-2.737918274462325,4.018127191530602,-0.7642719482035344,3.2302962165778553,0.6547814575725843,-3.108189830068944,1.2477193066144017,-2.7823255604486965,-1.230638892203786,2.7310733388806847}]

Max g: 0.4617881217942248
f_101([0.972712,-3.2,4.17618,-0.486203,3.48862,-2.00246,0.475802,-0.646109,1.47709,-3.92636,4.99954,-0.0731863,0.0438608,0.404214,2.0101,-1.03404,0.428972,-1.47356,4.36266,-0.33193,0.0425741,1.58831,0.217149,2.68329,0.599802,0.222694,0.327737,-0.094724,-2.931,4.42559,3.65464,-4.14212,2.96772,-4.22744,-2.74364,4.01237,-0.765096,3.22915,0.650914,-3.10247,1.25138,-2.78931,-1.22843,2.73363])
0.9270152680048656
Max g: 0.45720800842260445
f_102([0.972725,-3.20003,4.1767,-0.486129,3.48851,-2.00251,0.476311,-0.647521,1.47594,-3.92634,4.99939,-0.0730519,0.0437651,0.404177,2.00992,-1.03387,0.42922,-1.47322,4.36348,-0.336586,0.042896,1.58842,0.220112,2.68436,0.599891,0.222786,0.327745,-0.0946949,-2.93596,4.42937,3.65339,-4.14,2.97922,-4.22753,-2.74934,4.00688,-0.76578,3.22771,0.647414,-3.09666,1.2547,-2.79634,-1.22629,2.73637])
0.9272147333664588
Max g: 0.4526009430158995
f_103([0.972726,-3.20021,4.17652,-0.486111,3.48849,-2.00247,0.476697,-0.648531,1.47484,-3.92636,4.99943,-0.0730739,0.0437766,0.404318,2.01001,-1.03353,0.42908,-1.47329,4.36417,-0.340622,0.0432326,1.5886,0.222674,2.68514,0.599791,0.222866,0.327683,-0.0947347,-2.93965,4.43253,3.65227,-4.13817,2.98898,-4.2276,-2.75416,4.00224,-0.766504,3.22617,0.6445,-3.09147,1.25746,-2.80254,-1.22443,2.73895])
0.9275139314088487
Max g: 0.4488083400386369
f_104([0.972727,-3.20003,4.17659,-0.48626,3.48846,-2.00228,0.476959,-0.649407,1.47404,-3.92633,4.99936,-0.0730371,0.043747,0.40427,2.01009,-1.03341,0.429071,-1.47326,4.3648,-0.34408,0.0435032,1.58891,0.224862,2.68573,0.599823,0.222591,0.327707,-0.0947355,-2.9431,4.4353,3.65133,-4.13661,2.99768,-4.22766,-2.75854,3.99821,-0.767041,3.2246,0.641945,-3.08673,1.25974,-2.80825,-1.22278,2.74144])
0.9279128621320354
Max g: 0.4452512361082466
f_105([0.972708,-3.19981,4.17645,-0.486275,3.48842,-2.00224,0.477327,-0.650711,1.47315,-3.92632,4.99933,-0.073011,0.0437376,0.404234,2.01008,-1.03342,0.428808,-1.47352,4.36558,-0.348365,0.0439026,1.58939,0.227568,2.68633,0.599849,0.222774,0.327706,-0.0947042,-2.94757,4.43866,3.65014,-4.13469,3.00858,-4.22774,-2.76384,3.99332,-0.768182,3.22255,0.639022,-3.08083,1.2626,-2.81553,-1.22079,2.7448])
0.9281123274936287
Max g: 0.440906972784874
f_106([0.972712,-3.2,4.17619,-0.486382,3.48833,-2.00199,0.4776,-0.651637,1.47265,-3.92632,4.9993,-0.0729717,0.0437125,0.404374,2.01007,-1.03328,0.42877,-1.4733,4.36606,-0.351095,0.0441307,1.58946,0.229316,2.68694,0.599881,0.222656,0.32764,-0.0947217,-2.95033,4.44078,3.64931,-4.13339,3.01527,-4.22778,-2.76732,3.99015,-0.768785,3.22082,0.637151,-3.07666,1.26433,-2.82025,-1.21943,2.74699])
0.9287107235784086
Max g: 0.43808748789041285
f_107([0.998977,-3.19585,4.1958,-0.945146,3.91222,-1.96711,0.472331,-1.32975,2.12795,-3.8712,4.9528,-0.0984008,0.06671,0.396589,2.01467,-1.04773,0.426221,-1.46959,4.38315,-0.339781,0.0364676,1.60084,0.222272,2.6996,0.59744,0.235584,0.330636,-0.097991,-2.95703,4.44117,3.64487,-4.13505,3.02734,-4.22999,-2.76782,3.9928,-0.771578,3.22132,0.634165,-3.07739,1.26205,-2.81737,-1.2228,2.74433])
0.9769813410839874
Max g: 0.4337463328111548
f_108([0.999037,-3.19568,4.19568,-0.944186,3.91154,-1.96735,0.490915,-1.35922,2.0992,-3.87219,4.94056,-0.103962,0.0704406,0.396929,2.01489,-1.04648,0.427449,-1.46807,4.38356,-0.342695,0.037381,1.60076,0.224067,2.69936,0.582206,0.223837,0.327463,-0.0931261,-2.95345,4.44258,3.64298,-4.13448,3.01867,-4.23004,-2.77999,3.99129,-0.777426,3.21496,0.635419,-3.07013,1.26828,-2.82083,-1.22084,2.74628])
0.9740890933408844
Max g: 0.43214317835809446
f_109([0.998996,-3.19606,4.19606,-0.946108,3.91264,-1.96654,0.495482,-1.36273,2.09444,-3.87185,4.93928,-0.103856,0.0701515,0.394163,2.01439,-1.04429,0.430821,-1.47211,4.38428,-0.347507,0.0389363,1.60116,0.22694,2.69828,0.567287,0.229116,0.328117,-0.0928476,-2.9424,4.44397,3.6278,-4.1334,3.03932,-4.23004,-2.79882,3.98904,-0.778714,3.21152,0.634357,-3.06503,1.2733,-2.82568,-1.19989,2.74906])
0.9703989841514085
Max g: 0.4249623533336919
f_110([0.999019,-3.196,4.196,-0.946239,3.91266,-1.96642,0.497036,-1.36351,2.09375,-3.87176,4.94005,-0.103779,0.0700773,0.394597,2.01397,-1.04639,0.429903,-1.47641,4.38453,-0.348412,0.03897,1.6012,0.227531,2.69862,0.560052,0.232431,0.328106,-0.0922217,-2.94084,4.4447,3.62747,-4.13288,3.04094,-4.23017,-2.80149,3.98798,-0.779357,3.20984,0.632145,-3.0625,1.27639,-2.82817,-1.19991,2.75055])
0.9695013900242386
{0.9990191259011364,-3.196000717464646,4.1960007174646465,-0.946239022659558,3.912661240680683,-1.966422218021125,0.49703575944682277,-1.3635106040149019,2.0937496642833295,-3.871763680301894,4.940052199894272,-0.1037785213640082,0.07007730266417678,0.39459679685663507,2.0139693448655036,-1.0463927489015967,0.42990264163309483,-1.4764059210121783,4.384526138030655,-0.3484124378293284,0.03896995065492017,1.6011964512583743,0.22753063012604738,2.6986210030046944,0.560052086314444,0.23243052419373186,0.32810632046732174,-0.09222174837545115,-2.9408440661891007,4.444699544749814,3.6274744256109432,-4.132880610901584,3.040939051167048,-4.230166608234477,-2.8014929774236164,3.987981237694175,-0.7793569043066594,3.20984010548523,0.6321448436485487,-3.0625038240432017,1.2763933957879916,-2.828166887688239,-1.1999131818725364,2.7505544190441404}]
Set[{A021,A031,A032,A041,A042,A043,A121,A131,A132,A141,A142,A143,B021,B031,B032,B041,B042,B043,B121,B131,B132,B141,B142,B143,\[Alpha]1,\[Alpha]2,\[Alpha]3,\[Alpha]4,\[Beta]11,\[Beta]12,\[Beta]13,\[Beta]14,\[Beta]21,\[Beta]22,\[Beta]23,\[Beta]24,\[Beta]31,\[Beta]32,\[Beta]33,\[Beta]34,\[Beta]41,\[Beta]42,\[Beta]43,\[Beta]44},{0.9990191259011364,-3.196000717464646,4.1960007174646465,-0.946239022659558,3.912661240680683,-1.966422218021125,0.49703575944682277,-1.3635106040149019,2.0937496642833295,-3.871763680301894,4.940052199894272,-0.1037785213640082,0.07007730266417678,0.39459679685663507,2.0139693448655036,-1.0463927489015967,0.42990264163309483,-1.4764059210121783,4.384526138030655,-0.3484124378293284,0.03896995065492017,1.6011964512583743,0.22753063012604738,2.6986210030046944,0.560052086314444,0.23243052419373186,0.32810632046732174,-0.09222174837545115,-2.9408440661891007,4.444699544749814,3.6274744256109432,-4.132880610901584,3.040939051167048,-4.230166608234477,-2.8014929774236164,3.987981237694175,-0.7793569043066594,3.20984010548523,0.6321448436485487,-3.0625038240432017,1.2763933957879916,-2.828166887688239,-1.1999131818725364,2.7505544190441404}]

Max g: 0.4238497576776128
f_111([0.999069,-3.19561,4.19561,-0.946489,3.91248,-1.96599,0.499276,-1.36459,2.09258,-3.87082,4.94041,-0.103504,0.0698775,0.394687,2.01394,-1.04692,0.428632,-1.47618,4.38472,-0.349676,0.039271,1.60121,0.228354,2.69874,0.55387,0.235233,0.328133,-0.0921177,-2.94007,4.44547,3.62731,-4.13232,3.04828,-4.2302,-2.8101,3.98679,-0.77958,3.20785,0.631398,-3.05965,1.27669,-2.83087,-1.19817,2.7522])
0.9690027266202553
Max g: 0.42214856266625667
f_112([0.999052,-3.19532,4.19532,-0.947163,3.91267,-1.96551,0.501578,-1.36667,2.09213,-3.87069,4.94123,-0.103024,0.069419,0.394144,2.01068,-1.04664,0.428207,-1.47596,4.38491,-0.350818,0.0395029,1.60136,0.229094,2.69875,0.547099,0.23822,0.328903,-0.0918302,-2.93977,4.44613,3.62554,-4.13174,3.05582,-4.23023,-2.8198,3.98569,-0.779817,3.20575,0.630839,-3.05676,1.27651,-2.83362,-1.19778,2.75397])
0.9683045978546788
Max g: 0.42096267672125887
f_113([0.998868,-3.19506,4.19506,-0.947032,3.91223,-1.9652,0.503894,-1.3671,2.09223,-3.87067,4.9431,-0.102356,0.0687836,0.388685,2.0106,-1.04702,0.428612,-1.47418,4.38573,-0.35283,0.0397759,1.60279,0.230302,2.69829,0.529645,0.245586,0.329951,-0.0913792,-2.94027,4.44721,3.62426,-4.13051,3.0624,-4.23022,-2.82019,3.98346,-0.779979,3.20172,0.630151,-3.05123,1.27647,-2.83893,-1.19746,2.75737])
0.9670080730043223
Max g: 0.41876816836570985
f_114([0.998877,-3.19506,4.19506,-0.947029,3.91223,-1.9652,0.505457,-1.3675,2.09182,-3.8706,4.94406,-0.101915,0.0684551,0.388203,2.01046,-1.04717,0.428461,-1.47433,4.38608,-0.354341,0.0400183,1.60291,0.231272,2.69855,0.525956,0.247583,0.330083,-0.0913176,-2.9411,4.44812,3.62373,-4.12969,3.06693,-4.23025,-2.82224,3.98186,-0.780524,3.19864,0.629472,-3.04705,1.27692,-2.84313,-1.1972,2.76014])
0.9658112808347625
Max g: 0.41709931860906924
f_115([0.998882,-3.19506,4.19506,-0.947029,3.91223,-1.9652,0.506457,-1.3678,2.09152,-3.87055,4.94466,-0.10164,0.0682509,0.387921,2.01039,-1.04725,0.428374,-1.47442,4.38632,-0.355394,0.0401935,1.60298,0.231948,2.69873,0.52357,0.248755,0.330159,-0.0912724,-2.94183,4.44874,3.62335,-4.12912,3.06983,-4.23028,-2.82378,3.98076,-0.780855,3.19645,0.629001,-3.04411,1.27729,-2.84609,-1.19698,2.76212])
0.964813954026796
Max g: 0.41592174293834194
f_116([0.998888,-3.19506,4.19506,-0.947029,3.91223,-1.9652,0.50738,-1.3681,2.09122,-3.8705,4.94521,-0.10139,0.0680657,0.387664,2.01032,-1.04733,0.428294,-1.4745,4.38656,-0.356437,0.0403704,1.60306,0.232618,2.6989,0.521355,0.249819,0.330227,-0.0912279,-2.94259,4.44935,3.62297,-4.12856,3.07263,-4.2303,-2.82537,3.97968,-0.781161,3.19425,0.628533,-3.04117,1.2777,-2.84907,-1.19673,2.76412])
0.9637168945380329
Max g: 0.41474446139440335
f_117([0.998893,-3.19506,4.19506,-0.947026,3.91223,-1.9652,0.50825,-1.36841,2.09092,-3.87046,4.94571,-0.101159,0.0678948,0.387425,2.01025,-1.04741,0.428219,-1.47458,4.3868,-0.35749,0.0405535,1.60314,0.233296,2.69908,0.519263,0.250822,0.330292,-0.091187,-2.94338,4.44995,3.62257,-4.12799,3.07544,-4.23033,-2.827,3.97859,-0.781449,3.19198,0.628056,-3.03816,1.27815,-2.85212,-1.19646,2.76617])
0.9635174291764396
Max g: 0.4135404270783871
f_118([0.998897,-3.19506,4.19506,-0.947027,3.91223,-1.9652,0.509055,-1.36872,2.09061,-3.87042,4.94617,-0.100949,0.0677394,0.387202,2.01019,-1.04748,0.428149,-1.47464,4.38705,-0.358537,0.0407382,1.60321,0.233969,2.69925,0.517322,0.251753,0.330351,-0.0911479,-2.94416,4.45055,3.62218,-4.12742,3.07824,-4.23035,-2.82866,3.97751,-0.781722,3.18968,0.627579,-3.03515,1.27863,-2.85518,-1.19618,2.76825])
0.9632182311340496
Max g: 0.41233427401194067
f_119([0.998902,-3.19506,4.19506,-0.947029,3.91223,-1.9652,0.50981,-1.36903,2.0903,-3.87039,4.94659,-0.100756,0.0675969,0.386992,2.01013,-1.04754,0.428084,-1.47471,4.38729,-0.359589,0.0409268,1.60329,0.234645,2.69942,0.515505,0.252623,0.330407,-0.0911114,-2.94495,4.45115,3.62178,-4.12685,3.08105,-4.23037,-2.83034,3.97644,-0.781982,3.18734,0.627094,-3.03209,1.27914,-2.85829,-1.19587,2.77038])
0.962819300410863
Max g: 0.41110886179312534
f_120([0.998906,-3.19506,4.19506,-0.94703,3.91223,-1.9652,0.51051,-1.36934,2.08999,-3.87036,4.94697,-0.100581,0.0674673,0.386797,2.01008,-1.0476,0.428024,-1.47477,4.38753,-0.360639,0.0411177,1.60336,0.235321,2.69959,0.513816,0.253431,0.330459,-0.0910784,-2.94573,4.45173,3.62138,-4.12628,3.08387,-4.2304,-2.83204,3.97537,-0.782229,3.18497,0.626608,-3.029,1.27967,-2.86143,-1.19556,2.77253])
0.9627195677300664
{0.9989059324291835,-3.1950561264931467,4.195056126493143,-0.947029637483995,3.9122345922404764,-1.9652049547564834,0.5105096510176763,-1.3693382775238434,2.089992079111111,-3.8703569741422217,4.946968290539894,-0.10058104113140681,0.06746730657445915,0.3867971203030344,2.010076120663354,-1.0476014840333858,0.4280243848399299,-1.4747697373972632,4.38753399801563,-0.3606394721351092,0.04111768648176523,1.6033614182525073,0.23532075793618656,2.6995882002365073,0.5138161297105798,0.2534309968645987,0.33045904757331873,-0.09107836587845175,-2.9457266081600713,4.4517348213475625,3.6213768284942462,-4.126276604930156,3.0838722910063376,-4.230398565089548,-2.83203660252389,3.9753672860791314,-0.7822293836701852,3.184970765572999,0.6266083301277581,-3.0290013271788796,1.2796678230580738,-2.861431955512722,-1.1955605925067863,2.772531957246096}]
Set[{A021,A031,A032,A041,A042,A043,A121,A131,A132,A141,A142,A143,B021,B031,B032,B041,B042,B043,B121,B131,B132,B141,B142,B143,\[Alpha]1,\[Alpha]2,\[Alpha]3,\[Alpha]4,\[Beta]11,\[Beta]12,\[Beta]13,\[Beta]14,\[Beta]21,\[Beta]22,\[Beta]23,\[Beta]24,\[Beta]31,\[Beta]32,\[Beta]33,\[Beta]34,\[Beta]41,\[Beta]42,\[Beta]43,\[Beta]44},{0.9989059324291835,-3.1950561264931467,4.195056126493143,-0.947029637483995,3.9122345922404764,-1.9652049547564834,0.5105096510176763,-1.3693382775238434,2.089992079111111,-3.8703569741422217,4.946968290539894,-0.10058104113140681,0.06746730657445915,0.3867971203030344,2.010076120663354,-1.0476014840333858,0.4280243848399299,-1.4747697373972632,4.38753399801563,-0.3606394721351092,0.04111768648176523,1.6033614182525073,0.23532075793618656,2.6995882002365073,0.5138161297105798,0.2534309968645987,0.33045904757331873,-0.09107836587845175,-2.9457266081600713,4.4517348213475625,3.6213768284942462,-4.126276604930156,3.0838722910063376,-4.230398565089548,-2.83203660252389,3.9753672860791314,-0.7822293836701852,3.184970765572999,0.6266083301277581,-3.0290013271788796,1.2796678230580738,-2.861431955512722,-1.1955605925067863,2.772531957246096}]

Max g: 0.4098773168162646
slurmstepd: *** JOB 9005363 ON comet-30-03 CANCELLED AT 2017-04-24T08:20:42 DUE TO TIME LIMIT ***

signal (15): Terminated
while loading /home/crackauc/.julia/v0.5/SRKGenerator/test/runtests.jl, in expression starting on line 45
jl_gc_pool_alloc at /home/centos/buildbot/slave/package_tarball64/build/src/gc.c:816
jl_gc_alloc_ at /home/centos/buildbot/slave/package_tarball64/build/src/julia_internal.h:148 [inlined]
jl_box_float64 at /home/centos/buildbot/slave/package_tarball64/build/src/alloc.c:1205
jl_f__apply at /home/centos/buildbot/slave/package_tarball64/build/src/builtins.c:519
getCoefficients! at /home/crackauc/.julia/v0.5/SRKGenerator/src/getCoefs.jl:135
unknown function (ip: 0x2b7efa7bcc59)
jl_call_method_internal at /home/centos/buildbot/slave/package_tarball64/build/src/julia_internal.h:189 [inlined]
jl_apply_generic at /home/centos/buildbot/slave/package_tarball64/build/src/gf.c:1942
f_maker at /home/crackauc/.julia/v0.5/SRKGenerator/src/optim_functions.jl:75
unknown function (ip: 0x2b7efa71a831)
jl_call_method_internal at /home/centos/buildbot/slave/package_tarball64/build/src/julia_internal.h:189 [inlined]
jl_apply_generic at /home/centos/buildbot/slave/package_tarball64/build/src/gf.c:1942
#5 at /home/crackauc/.julia/v0.5/SRKGenerator/src/main.jl:61
jl_call_method_internal at /home/centos/buildbot/slave/package_tarball64/build/src/julia_internal.h:189 [inlined]
jl_apply_generic at /home/centos/buildbot/slave/package_tarball64/build/src/gf.c:1942
nlopt_callback_wrapper at /home/crackauc/.julia/v0.5/NLopt/src/NLopt.jl:427
unknown function (ip: 0x2b7efa6fec0f)
f_max at /home/crackauc/.julia/v0.5/NLopt/deps/src/nlopt-2.4/api/optimize.c:779
auglag at /home/crackauc/.julia/v0.5/NLopt/deps/src/nlopt-2.4/auglag/auglag.c:36
func_wrap at /home/crackauc/.julia/v0.5/NLopt/deps/src/nlopt-2.4/cobyla/cobyla.c:100
cobylb at /home/crackauc/.julia/v0.5/NLopt/deps/src/nlopt-2.4/cobyla/cobyla.c:573 [inlined]
cobyla at /home/crackauc/.julia/v0.5/NLopt/deps/src/nlopt-2.4/cobyla/cobyla.c:430
cobyla_minimize at /home/crackauc/.julia/v0.5/NLopt/deps/src/nlopt-2.4/cobyla/cobyla.c:247
nlopt_optimize_ at /home/crackauc/.julia/v0.5/NLopt/deps/src/nlopt-2.4/api/optimize.c:647 [inlined]
nlopt_optimize at /home/crackauc/.julia/v0.5/NLopt/deps/src/nlopt-2.4/api/optimize.c:826
nlopt_optimize_limited at /home/crackauc/.julia/v0.5/NLopt/deps/src/nlopt-2.4/api/optimize.c:865
auglag_minimize at /home/crackauc/.julia/v0.5/NLopt/deps/src/nlopt-2.4/auglag/auglag.c:195
nlopt_optimize_ at /home/crackauc/.julia/v0.5/NLopt/deps/src/nlopt-2.4/api/optimize.c:733 [inlined]
nlopt_optimize at /home/crackauc/.julia/v0.5/NLopt/deps/src/nlopt-2.4/api/optimize.c:826
optimize! at /home/crackauc/.julia/v0.5/NLopt/src/NLopt.jl:526
#srk_optimize#1 at /home/crackauc/.julia/v0.5/SRKGenerator/src/main.jl:92
unknown function (ip: 0x2b7efa7046cd)
jl_call_method_internal at /home/centos/buildbot/slave/package_tarball64/build/src/julia_internal.h:189 [inlined]
jl_apply_generic at /home/centos/buildbot/slave/package_tarball64/build/src/gf.c:1942
#srk_optimize at ./<missing>:0
unknown function (ip: 0x2b7efa700f1c)
jl_call_method_internal at /home/centos/buildbot/slave/package_tarball64/build/src/julia_internal.h:189 [inlined]
jl_apply_generic at /home/centos/buildbot/slave/package_tarball64/build/src/gf.c:1942
do_call at /home/centos/buildbot/slave/package_tarball64/build/src/interpreter.c:66
eval at /home/centos/buildbot/slave/package_tarball64/build/src/interpreter.c:190
eval_body at /home/centos/buildbot/slave/package_tarball64/build/src/interpreter.c:469
jl_interpret_call at /home/centos/buildbot/slave/package_tarball64/build/src/interpreter.c:573
jl_toplevel_eval_flex at /home/centos/buildbot/slave/package_tarball64/build/src/toplevel.c:572
jl_parse_eval_all at /home/centos/buildbot/slave/package_tarball64/build/src/ast.c:717
jl_load at /home/centos/buildbot/slave/package_tarball64/build/src/toplevel.c:596
jl_load_ at /home/centos/buildbot/slave/package_tarball64/build/src/toplevel.c:605
include_from_node1 at ./loading.jl:488
unknown function (ip: 0x2b7cd0e77d0b)
jl_call_method_internal at /home/centos/buildbot/slave/package_tarball64/build/src/julia_internal.h:189 [inlined]
jl_apply_generic at /home/centos/buildbot/slave/package_tarball64/build/src/gf.c:1942
process_options at ./client.jl:262
_start at ./client.jl:318
unknown function (ip: 0x2b7cd0e9d2e8)
jl_call_method_internal at /home/centos/buildbot/slave/package_tarball64/build/src/julia_internal.h:189 [inlined]
jl_apply_generic at /home/centos/buildbot/slave/package_tarball64/build/src/gf.c:1942
jl_apply at /home/centos/buildbot/slave/package_tarball64/build/ui/../src/julia.h:1392 [inlined]
true_main at /home/centos/buildbot/slave/package_tarball64/build/ui/repl.c:112
main at /home/centos/buildbot/slave/package_tarball64/build/ui/repl.c:232
__libc_start_main at /lib64/libc.so.6 (unknown line)
unknown function (ip: 0x4013fc)
unknown function (ip: 0xffffffffffffffff)
Allocations: 109059677331 (Pool: 108902675946; Big: 157001385); GC: 132817

signal (11): Segmentation fault
while loading /home/crackauc/.julia/v0.5/SRKGenerator/test/runtests.jl, in expression starting on line 45
