
-----------------Setup------------------
Options: alg=LN_AUGLAG_EQ,dx=0.01,max_eval=100000000,popSize=0
imin=-6,jmin=-4,imax=1,jmax=4,
parameter_minmax=5,randSeed=6809008

f_1([0.514736,-4.05096,4.57012,-3.54259,4.92335,-0.806499,0.00415883,-1.99443,2.55715,2.01686,-1.39246,0.280313,0.460394,4.32197,0.173502,1.03047,-2.32364,3.80236,1.46844,3.61241,-3.09158,-2.31298,-0.125777,2.25669,-0.707678,3.19391,0.177904,-0.014925,0.962971,-2.57611,1.29604,-3.33168,1.31538,0.32064,-2.05987,1.59445,3.44765,0.799558,-0.839455,4.39022,2.16212,-3.7291,4.27201,4.3129])
5.5720648761088585
Max g: 10.93095131123867
f_2([0.041148,-4.10508,4.57853,-3.88937,4.90243,-0.0219502,0.023682,-2.10356,2.12806,1.86316,-1.47711,-0.361558,1.33533,4.27607,0.380682,4.21285,2.44512,4.29508,0.177708,2.33941,-1.90533,-1.79587,-0.291846,1.76211,-0.408085,0.482722,0.0369681,-0.00366113,2.91083,-0.298602,0.443785,-1.50214,1.29423,-0.43085,0.52696,1.15694,3.18508,0.456604,-0.946636,0.695588,1.32102,-3.0864,4.18326,3.65293])
2.645409358131152
Max g: 6.070811894353587
f_3([-4.8228e-7,-4.22904,4.93149,-3.9183,4.98109,-0.0842107,3.69838e-6,-2.00147,2.01593,1.65173,-1.63926,0.00200513,0.00201904,4.77696,0.218099,1.44233,2.50662,3.55025,-0.211839,1.51358,-1.88951,-1.58334,0.113004,2.07655,-0.290167,0.773828,0.0985735,-0.0136335,2.77149,-0.504196,-0.608719,-1.11001,0.563764,-1.27544,0.373136,0.362818,3.04542,-0.420215,-2.10676,-0.837866,-1.56667,-3.14813,4.08694,0.862578])
44.407671580282134
Max g: 0.9573968754655363
f_4([0.0171972,-3.937,4.93675,-3.91074,4.98116,-0.0705541,0.0102174,-2.00474,2.01495,1.73064,-1.54731,0.0100922,-0.0149898,4.77303,0.176653,1.51044,2.57683,3.55876,-0.351119,1.36632,-1.90874,-1.26961,0.182538,1.6653,-0.213576,0.936533,0.546918,-0.203353,2.9385,-0.0575913,-0.776191,-0.996681,0.71916,-1.64783,0.344996,0.507289,3.09254,0.0619847,-1.7357,-1.44126,-2.44799,-3.16644,4.06696,1.70286])
13.47777475017854
Max g: 0.7041529143083203
f_5([0.13516,-3.93214,4.93164,-3.91781,4.9792,-0.0617785,0.0231545,-1.99759,2.02074,1.82766,-1.59789,0.0142569,-0.125201,4.79798,-0.00311017,1.51236,2.59221,3.51616,-0.388175,1.32357,-1.91308,-1.17816,0.210093,1.55041,-0.15454,0.798341,0.522278,-0.181053,2.22945,0.0950442,-0.536639,-0.596436,0.822603,-1.72963,0.366714,0.474564,3.15834,0.198506,-1.83167,-1.52055,-2.82394,-3.17384,4.06545,1.9659])
4.8413235239118
Max g: 0.5911219175935243
f_6([0.204727,-3.93235,4.93069,-3.91569,4.9794,-0.064219,0.0679684,-1.9644,2.03236,1.81802,-1.60795,0.00578145,-0.158147,4.79561,-0.00174365,1.51267,2.59307,3.51763,-0.406299,1.28516,-1.91791,-0.997415,0.220072,1.31819,-0.157789,0.821908,0.522699,-0.181157,1.55929,0.297243,-0.220256,-0.509344,1.04971,-1.95219,0.385672,0.487035,3.15742,0.385428,-1.85171,-1.68233,-3.07238,-3.17754,4.05796,2.23208])
4.248313003894917
Max g: 0.5416180245532192
f_7([0.206878,-3.93281,4.9309,-3.91347,4.97928,-0.0673853,0.127028,-1.91551,2.04254,1.80454,-1.61592,0.00116393,-0.162584,4.79502,-0.00349969,1.5108,2.5958,3.51779,-0.415079,1.25726,-1.91066,-0.898001,0.230795,1.18456,-0.166498,0.825364,0.525339,-0.182007,1.114,0.542267,-0.10757,-0.437093,1.14904,-2.08501,0.407094,0.517169,3.15989,0.463768,-1.8472,-1.78084,-3.25735,-3.18394,4.04446,2.42212])
4.270653124393367
Max g: 0.5689836634165132
f_8([0.206203,-3.93213,4.93159,-3.91256,4.9792,-0.0670059,0.186736,-1.86595,2.05269,1.80521,-1.61826,-0.000216274,-0.166657,4.79562,-0.00570264,1.50987,2.59544,3.51719,-0.422573,1.23314,-1.90038,-0.83721,0.233669,1.10612,-0.169487,0.82478,0.52697,-0.182728,0.703402,0.822665,-0.056418,-0.368527,1.18011,-2.16333,0.4387,0.550174,3.16624,0.485229,-1.8254,-1.83611,-3.38531,-3.19475,4.02666,2.559])
4.272847243370893
Max g: 0.6331958961739522
f_9([0.202777,-3.93197,4.93161,-3.91163,4.97919,-0.0678114,0.208526,-1.84556,2.05408,1.81519,-1.6076,0.000935761,-0.170811,4.79577,-0.00806163,1.50802,2.59583,3.5169,-0.42535,1.21465,-1.88882,-0.802316,0.241259,1.06185,-0.175389,0.827647,0.530413,-0.183939,0.345951,1.08088,-0.0481905,-0.297822,1.15698,-2.20079,0.470047,0.585081,3.17478,0.487259,-1.80556,-1.86105,-3.41659,-3.20621,4.00574,2.59616])
4.3404660009510225
Max g: 0.7080863967498776
f_10([0.20062,-3.93165,4.93153,-3.91055,4.97894,-0.0684892,0.221951,-1.83327,2.05522,1.82387,-1.60533,0.00342909,-0.170016,4.79495,-0.00545092,1.50886,2.59464,3.51667,-0.422785,1.20156,-1.87667,-0.776825,0.245703,1.03784,-0.176787,0.830628,0.530143,-0.184048,0.0503633,1.27654,-0.0388679,-0.224416,1.12113,-2.22354,0.499547,0.616209,3.18098,0.478118,-1.79647,-1.86298,-3.3784,-3.21763,3.98469,2.57632])
4.4097802141046945
{0.20062027318883677,-3.931648072614845,4.9315344666201915,-3.9105456124866866,4.978944546735829,-0.06848920238958026,0.22195057796953094,-1.8332714258278624,2.05522200379739,1.8238723155775454,-1.6053297841620935,0.003429091610851594,-0.1700157417554259,4.7949544236514425,-0.005450922475467675,1.5088620037287317,2.5946426325400487,3.5166668118450213,-0.42278523400632173,1.2015567136818093,-1.8766676403982874,-0.7768249248557777,0.2457034425626447,1.0378420700859499,-0.17678707655572803,0.8306283356852953,0.5301434941882723,-0.1840484422285506,0.05036326896519573,1.2765358068237838,-0.03886794016463925,-0.22441555946632585,1.1211297507698437,-2.2235353277993357,0.49954737385108106,0.6162093270744037,3.180982635341158,0.4781181804147613,-1.7964665201747652,-1.8629756515819196,-3.3783989874496907,-3.2176262545495122,3.9846928367433487,2.5763196259913443}]
Set[{A021,A031,A032,A041,A042,A043,A121,A131,A132,A141,A142,A143,B021,B031,B032,B041,B042,B043,B121,B131,B132,B141,B142,B143,\[Alpha]1,\[Alpha]2,\[Alpha]3,\[Alpha]4,\[Beta]11,\[Beta]12,\[Beta]13,\[Beta]14,\[Beta]21,\[Beta]22,\[Beta]23,\[Beta]24,\[Beta]31,\[Beta]32,\[Beta]33,\[Beta]34,\[Beta]41,\[Beta]42,\[Beta]43,\[Beta]44},{0.20062027318883677,-3.931648072614845,4.9315344666201915,-3.9105456124866866,4.978944546735829,-0.06848920238958026,0.22195057796953094,-1.8332714258278624,2.05522200379739,1.8238723155775454,-1.6053297841620935,0.003429091610851594,-0.1700157417554259,4.7949544236514425,-0.005450922475467675,1.5088620037287317,2.5946426325400487,3.5166668118450213,-0.42278523400632173,1.2015567136818093,-1.8766676403982874,-0.7768249248557777,0.2457034425626447,1.0378420700859499,-0.17678707655572803,0.8306283356852953,0.5301434941882723,-0.1840484422285506,0.05036326896519573,1.2765358068237838,-0.03886794016463925,-0.22441555946632585,1.1211297507698437,-2.2235353277993357,0.49954737385108106,0.6162093270744037,3.180982635341158,0.4781181804147613,-1.7964665201747652,-1.8629756515819196,-3.3783989874496907,-3.2176262545495122,3.9846928367433487,2.5763196259913443}]

Max g: 0.7421207200748396
f_11([0.200092,-3.93151,4.93129,-3.91138,4.9789,-0.0676492,0.232149,-1.82524,2.05739,1.82919,-1.60252,0.00547695,-0.17301,4.7949,-0.00710671,1.50686,2.59459,3.517,-0.41705,1.19556,-1.8676,-0.761223,0.253826,1.02509,-0.176948,0.830658,0.530898,-0.184262,-0.144121,1.38858,-0.0234662,-0.166438,1.0965,-2.24153,0.521248,0.63754,3.18313,0.45656,-1.79174,-1.84464,-3.31253,-3.22674,3.96827,2.52475])
4.4235433240546325
Max g: 0.7582616909354318
f_12([0.198776,-3.93109,4.93093,-3.91005,4.97897,-0.0690626,0.242843,-1.81603,2.05888,1.83433,-1.59956,0.00807683,-0.170607,4.79495,-0.00847246,1.50535,2.59474,3.51562,-0.40739,1.19417,-1.8591,-0.744627,0.263539,1.01485,-0.179599,0.833325,0.530411,-0.184097,-0.318585,1.47287,0.00198009,-0.107788,1.07489,-2.25988,0.540067,0.656443,3.18251,0.421569,-1.78406,-1.81067,-3.21704,-3.23588,3.95271,2.4446])
4.433915522857483
Max g: 0.7677479086469509
f_13([0.19874,-3.93131,4.93112,-3.9087,4.979,-0.0703334,0.253615,-1.80706,2.06067,1.83811,-1.59454,0.0100405,-0.172686,4.79488,-0.00863778,1.50762,2.59593,3.51554,-0.39566,1.19563,-1.85166,-0.730223,0.278052,1.00725,-0.179813,0.834157,0.530653,-0.183942,-0.475758,1.53357,0.0364861,-0.0498909,1.05909,-2.27304,0.554728,0.668401,3.17885,0.36609,-1.77113,-1.76046,-3.101,-3.24489,3.93807,2.34623])
4.399707213344232
Max g: 0.7708375007068017
f_14([0.198962,-3.93138,4.93112,-3.90803,4.97893,-0.0710091,0.265363,-1.79684,2.0622,1.84443,-1.59221,0.0131438,-0.171197,4.79484,-0.00905896,1.50749,2.59524,3.51583,-0.3827,1.1991,-1.8442,-0.716787,0.293331,1.00616,-0.182466,0.836057,0.531307,-0.18424,-0.622796,1.57834,0.0779072,0.00908784,1.05034,-2.28269,0.565519,0.673808,3.17313,0.293038,-1.75215,-1.69086,-2.96236,-3.25395,3.92341,2.22593])
4.341064397035802
Max g: 0.768319368831899
f_15([0.197278,-3.93132,4.93132,-3.90587,4.97893,-0.0730641,0.277136,-1.78547,2.06261,1.84884,-1.58887,0.0171635,-0.173148,4.7944,-0.0086929,1.51003,2.59819,3.51553,-0.368679,1.20525,-1.83722,-0.704592,0.30735,1.01375,-0.1849,0.837339,0.531718,-0.184106,-0.762341,1.61135,0.123544,0.0681547,1.05038,-2.28408,0.57205,0.666559,3.16395,0.20245,-1.72664,-1.60633,-2.81014,-3.26303,3.90976,2.09017])
4.2679603420118575
Max g: 0.7584942239603862
f_16([0.197806,-3.9317,4.93157,-3.90595,4.97897,-0.0730706,0.290021,-1.77486,2.06489,1.85332,-1.585,0.0217053,-0.171637,4.79412,-0.00940652,1.50931,2.60016,3.51584,-0.353551,1.213,-1.82945,-0.694868,0.32756,1.02744,-0.185666,0.839061,0.53096,-0.183616,-0.898319,1.63657,0.173398,0.12862,1.0561,-2.27652,0.57408,0.648682,3.14957,0.0893574,-1.69531,-1.5003,-2.64043,-3.2716,3.89656,1.93832])
4.15207096692615
Max g: 0.7434157374837063
f_17([0.197856,-3.93175,4.93152,-3.90577,4.97905,-0.0734884,0.303389,-1.76393,2.06732,1.85989,-1.58377,0.0272751,-0.169634,4.79362,-0.0110243,1.50538,2.5989,3.51598,-0.33836,1.22284,-1.82228,-0.691577,0.350962,1.05392,-0.18831,0.841402,0.530312,-0.183508,-1.0331,1.65239,0.229952,0.189668,1.06591,-2.25386,0.570429,0.618707,3.13102,-0.0430441,-1.65437,-1.37655,-2.45987,-3.28043,3.88406,1.77447])
4.023914472102454
Max g: 0.7214960202494267
f_18([0.200135,-3.93222,4.93131,-3.9033,4.97907,-0.0766439,0.314852,-1.75462,2.06947,1.86876,-1.57797,0.0381892,-0.168161,4.79351,-0.0101965,1.50704,2.60041,3.51623,-0.322206,1.23549,-1.81482,-0.688959,0.375154,1.09532,-0.188856,0.842949,0.528747,-0.18283,-1.163,1.66107,0.28969,0.250508,1.08146,-2.21771,0.56081,0.572549,3.10587,-0.197731,-1.60074,-1.23345,-2.26655,-3.28883,3.87238,1.59315])
3.8777063620545644
Max g: 0.7078513373560733
f_19([0.201234,-3.93143,4.93083,-3.90058,4.979,-0.0788259,0.314948,-1.75377,2.06871,1.89454,-1.55195,0.0556291,-0.164408,4.79386,-0.0109273,1.50915,2.60285,3.51653,-0.299745,1.25638,-1.80548,-0.689327,0.410816,1.16866,-0.190083,0.844587,0.527413,-0.181921,-1.29771,1.65968,0.365486,0.313833,1.12126,-2.18183,0.544122,0.502648,3.07082,-0.387785,-1.53918,-1.04299,-2.02577,-3.29719,3.86172,1.34964])
3.7612185908840767
Max g: 0.7152635091887487
f_20([0.200805,-3.93114,4.93076,-3.89769,4.979,-0.0814168,0.304019,-1.75976,2.06378,1.94362,-1.5022,0.0886621,-0.151307,4.79285,-0.0116829,1.50804,2.59929,3.51627,-0.269197,1.29118,-1.7936,-0.68881,0.47978,1.28757,-0.189874,0.846832,0.523236,-0.180229,-1.43667,1.65135,0.456416,0.375499,1.20426,-2.14218,0.514814,0.388681,3.025,-0.621994,-1.47574,-0.792566,-1.72135,-3.30342,3.85333,1.03328])
3.6573968701747637
{0.20080545668394664,-3.931136801274846,4.930759575805984,-3.8976920419052683,4.97899670403257,-0.08141678946509846,0.30401886273863893,-1.7597615420711574,2.063780404809796,1.9436151804085897,-1.502198973085362,0.08866210918402412,-0.1513067999507881,4.792853777617654,-0.011682926607007043,1.5080406140107119,2.5992879004011837,3.5162731684470794,-0.2691970964649083,1.291177269349288,-1.793601791075072,-0.6888104280164286,0.47977965572130454,1.2875723996380863,-0.18987382157642166,0.8468315751238551,0.5232357204640522,-0.18022897036501817,-1.436667170541498,1.651349795861802,0.45641636497122184,0.3754994365051465,1.2042627200769187,-2.142179994751692,0.51481385787116,0.38868092099093504,3.02500093894729,-0.6219935380245661,-1.4757423866339983,-0.7925663851986082,-1.721345311027475,-3.3034160631719067,3.8533286010435908,1.033277671348064}]
Set[{A021,A031,A032,A041,A042,A043,A121,A131,A132,A141,A142,A143,B021,B031,B032,B041,B042,B043,B121,B131,B132,B141,B142,B143,\[Alpha]1,\[Alpha]2,\[Alpha]3,\[Alpha]4,\[Beta]11,\[Beta]12,\[Beta]13,\[Beta]14,\[Beta]21,\[Beta]22,\[Beta]23,\[Beta]24,\[Beta]31,\[Beta]32,\[Beta]33,\[Beta]34,\[Beta]41,\[Beta]42,\[Beta]43,\[Beta]44},{0.20080545668394664,-3.931136801274846,4.930759575805984,-3.8976920419052683,4.97899670403257,-0.08141678946509846,0.30401886273863893,-1.7597615420711574,2.063780404809796,1.9436151804085897,-1.502198973085362,0.08866210918402412,-0.1513067999507881,4.792853777617654,-0.011682926607007043,1.5080406140107119,2.5992879004011837,3.5162731684470794,-0.2691970964649083,1.291177269349288,-1.793601791075072,-0.6888104280164286,0.47977965572130454,1.2875723996380863,-0.18987382157642166,0.8468315751238551,0.5232357204640522,-0.18022897036501817,-1.436667170541498,1.651349795861802,0.45641636497122184,0.3754994365051465,1.2042627200769187,-2.142179994751692,0.51481385787116,0.38868092099093504,3.02500093894729,-0.6219935380245661,-1.4757423866339983,-0.7925663851986082,-1.721345311027475,-3.3034160631719067,3.8533286010435908,1.033277671348064}]

Max g: 0.7149018728821805
f_21([0.207172,-3.93096,4.93075,-3.89817,4.97895,-0.0809571,0.282308,-1.77783,2.06014,2.02745,-1.4204,0.126308,-0.108275,4.79322,-0.0121835,1.50712,2.59719,3.51712,-0.235701,1.33555,-1.77871,-0.678412,0.584474,1.45869,-0.190063,0.856837,0.504979,-0.173111,-1.58522,1.64584,0.562116,0.422017,1.34147,-2.10937,0.474189,0.249012,2.96923,-0.914172,-1.39051,-0.524911,-1.37741,-3.30801,3.84738,0.711771])
3.5518796938919075
Max g: 0.674247251157555
f_22([0.222127,-3.9309,4.93087,-3.8986,4.97891,-0.0803319,0.259565,-1.7953,2.05486,2.08259,-1.36652,0.125378,-0.0576907,4.79293,-0.0122921,1.50209,2.59461,3.51707,-0.228033,1.33809,-1.76516,-0.687837,0.624241,1.5544,-0.187032,0.87008,0.480237,-0.163466,-1.70985,1.65199,0.649267,0.436642,1.47546,-2.12498,0.418975,0.196962,2.92212,-1.1623,-1.23336,-0.433174,-1.1747,-3.31457,3.83766,0.600606])
3.561454031248386
Max g: 0.6411539293980872
f_23([0.232381,-3.93118,4.93103,-3.8984,4.97894,-0.0806868,0.243763,-1.80626,2.05002,2.11122,-1.34405,0.11007,-0.0352956,4.79274,-0.0137876,1.50115,2.59329,3.517,-0.231719,1.32059,-1.75312,-0.707399,0.622669,1.5968,-0.186498,0.876918,0.467111,-0.158288,-1.79875,1.67612,0.697706,0.439679,1.60032,-2.17257,0.358827,0.18496,2.88465,-1.34657,-1.05753,-0.414013,-1.10983,-3.32501,3.82294,0.581133])
3.6097246487539647
Max g: 0.6311643378492493
f_24([0.236114,-3.93053,4.93043,-3.89922,4.97894,-0.0797657,0.23406,-1.81422,2.04827,2.12843,-1.32479,0.0940813,-0.0319663,4.79199,-0.0132842,1.50375,2.59332,3.51666,-0.235025,1.30403,-1.74278,-0.719274,0.619185,1.62127,-0.185969,0.879503,0.464377,-0.157099,-1.85629,1.70908,0.713064,0.440901,1.71776,-2.22077,0.301898,0.177492,2.85861,-1.48599,-0.920633,-0.404259,-1.07149,-3.33588,3.8066,0.571842])
3.6356551457610937
Max g: 0.6234982906448511
f_25([0.235499,-3.93048,4.93039,-3.89914,4.979,-0.0799449,0.228466,-1.81849,2.04696,2.14236,-1.31218,0.0816425,-0.0320753,4.79184,-0.0131836,1.50401,2.59322,3.51669,-0.236793,1.29247,-1.73502,-0.722984,0.619734,1.63224,-0.187544,0.881812,0.46381,-0.156838,-1.88748,1.73664,0.712781,0.440671,1.80601,-2.25631,0.258679,0.172017,2.84183,-1.5752,-0.832665,-0.397106,-1.04033,-3.34531,3.79229,0.564979])
3.667370138254429
Max g: 0.6172812856745866
f_26([0.234508,-3.93033,4.93032,-3.89752,4.979,-0.081492,0.224186,-1.82174,2.04593,2.15418,-1.30093,0.0712458,-0.0348247,4.7917,-0.0129387,1.50487,2.59363,3.51631,-0.237916,1.28234,-1.72797,-0.720249,0.622415,1.63457,-0.189587,0.882155,0.465174,-0.157322,-1.90971,1.76551,0.705706,0.439318,1.88524,-2.28718,0.218567,0.16721,2.82948,-1.647,-0.76332,-0.390854,-1.00906,-3.35511,3.77745,0.558449])
3.690109189476065
Max g: 0.610969058875031
f_27([0.233507,-3.93022,4.9302,-3.89813,4.97903,-0.080918,0.220795,-1.82399,2.04479,2.16495,-1.29319,0.0628023,-0.0380097,4.79132,-0.0135436,1.50347,2.59224,3.51624,-0.238362,1.27413,-1.72216,-0.712482,0.628146,1.62907,-0.191543,0.883614,0.467098,-0.158164,-1.92675,1.79309,0.695575,0.43717,1.95183,-2.31061,0.183249,0.16307,2.82069,-1.70195,-0.711649,-0.385417,-0.97853,-3.36458,3.7629,0.552206])
3.7087592007850385
Max g: 0.6040169293004569
f_28([0.231764,-3.93025,4.93019,-3.8975,4.97903,-0.0815812,0.218573,-1.82551,2.04409,2.17257,-1.28572,0.0566758,-0.0399964,4.79131,-0.013841,1.50407,2.59206,3.51616,-0.238438,1.26747,-1.71732,-0.701742,0.634909,1.61941,-0.193817,0.884565,0.468023,-0.158463,-1.93922,1.81933,0.683498,0.43456,2.00435,-2.3272,0.154051,0.159581,2.81456,-1.74266,-0.673966,-0.380831,-0.950014,-3.3734,3.74963,0.546381])
3.730899855921895
Max g: 0.5977580432201768
f_29([0.231285,-3.93022,4.9302,-3.89689,4.97904,-0.0821669,0.216886,-1.82687,2.04376,2.17857,-1.27941,0.0520274,-0.0412261,4.79126,-0.0143483,1.50411,2.59155,3.5162,-0.238334,1.26194,-1.71336,-0.689045,0.643636,1.60481,-0.195665,0.88633,0.468937,-0.158829,-1.94816,1.84373,0.670651,0.43182,2.04679,-2.3392,0.128748,0.156809,2.81018,-1.77354,-0.645268,-0.377137,-0.923857,-3.38194,3.73707,0.541455])
3.743067242979086
Max g: 0.5920470818404999
f_30([0.230802,-3.93024,4.93023,-3.89678,4.97906,-0.0822768,0.215794,-1.82765,2.04344,2.18375,-1.27472,0.048476,-0.041701,4.79123,-0.0145215,1.50408,2.59174,3.51625,-0.238052,1.25746,-1.71011,-0.674783,0.653374,1.58755,-0.197112,0.887804,0.469273,-0.158921,-1.95594,1.86668,0.657881,0.428947,2.08022,-2.34694,0.107365,0.154517,2.80724,-1.79867,-0.622757,-0.373741,-0.899471,-3.38989,3.72536,0.536932])
3.753439441781938
{0.23080155458766782,-3.9302358325445046,4.930232659837054,-3.8967846232818215,4.979059386474373,-0.08227675634823592,0.2157940991617911,-1.8276467072025033,2.043441503761003,2.1837531572455307,-1.2747171177214018,0.048476028520997555,-0.04170099583670395,4.791233071733606,-0.014521466269668047,1.5040756467951804,2.5917429592547974,3.516249291598817,-0.2380519406636314,1.2574621043803136,-1.7101106044429735,-0.6747828737170581,0.6533743175156999,1.5875474787425803,-0.19711184476508728,0.8878036410267116,0.4692728191696557,-0.15892088866333984,-1.955942028444007,1.8666837124895124,0.6578814322879109,0.4289473027368291,2.0802164973298685,-2.346943144760317,0.10736453040200378,0.15451727387629832,2.807235305381777,-1.7986691552093554,-0.6227572191338238,-0.3737412564743232,-0.8994705892908323,-3.3898876983701944,3.725360376939007,0.5369317036845034}]
Set[{A021,A031,A032,A041,A042,A043,A121,A131,A132,A141,A142,A143,B021,B031,B032,B041,B042,B043,B121,B131,B132,B141,B142,B143,\[Alpha]1,\[Alpha]2,\[Alpha]3,\[Alpha]4,\[Beta]11,\[Beta]12,\[Beta]13,\[Beta]14,\[Beta]21,\[Beta]22,\[Beta]23,\[Beta]24,\[Beta]31,\[Beta]32,\[Beta]33,\[Beta]34,\[Beta]41,\[Beta]42,\[Beta]43,\[Beta]44},{0.23080155458766782,-3.9302358325445046,4.930232659837054,-3.8967846232818215,4.979059386474373,-0.08227675634823592,0.2157940991617911,-1.8276467072025033,2.043441503761003,2.1837531572455307,-1.2747171177214018,0.048476028520997555,-0.04170099583670395,4.791233071733606,-0.014521466269668047,1.5040756467951804,2.5917429592547974,3.516249291598817,-0.2380519406636314,1.2574621043803136,-1.7101106044429735,-0.6747828737170581,0.6533743175156999,1.5875474787425803,-0.19711184476508728,0.8878036410267116,0.4692728191696557,-0.15892088866333984,-1.955942028444007,1.8666837124895124,0.6578814322879109,0.4289473027368291,2.0802164973298685,-2.346943144760317,0.10736453040200378,0.15451727387629832,2.807235305381777,-1.7986691552093554,-0.6227572191338238,-0.3737412564743232,-0.8994705892908323,-3.3898876983701944,3.725360376939007,0.5369317036845034}]

Max g: 0.5865142085131575
f_31([0.231274,-3.93023,4.93021,-3.89627,4.97906,-0.082791,0.215064,-1.82818,2.04324,2.18812,-1.27049,0.0453123,-0.0422272,4.79135,-0.0143648,1.50378,2.59182,3.51628,-0.23772,1.25338,-1.70724,-0.6596,0.663758,1.56824,-0.198299,0.888598,0.46936,-0.158995,-1.96243,1.88883,0.644933,0.426076,2.10739,-2.35116,0.088213,0.152494,2.80509,-1.82022,-0.603808,-0.370819,-0.876197,-3.39761,3.71401,0.53276])
3.759124204587347
Max g: 0.5810616748987961
f_32([0.231101,-3.93026,4.93023,-3.8958,4.97907,-0.0832812,0.214582,-1.82842,2.043,2.1921,-1.26683,0.0426106,-0.0423593,4.79129,-0.0142273,1.50431,2.59168,3.5162,-0.23734,1.24965,-1.70476,-0.643114,0.674116,1.54732,-0.199084,0.88941,0.469377,-0.158982,-1.96837,1.91084,0.631337,0.423252,2.13067,-2.35316,0.0704446,0.150699,2.80369,-1.83967,-0.586879,-0.368091,-0.852986,-3.40529,3.70277,0.528972])
3.7675017497742656
Max g: 0.5758141521530246
f_33([0.231767,-3.93019,4.93017,-3.89514,4.97905,-0.0839097,0.214365,-1.82835,2.04272,2.19518,-1.26332,0.0405059,-0.042101,4.79126,-0.0142926,1.50431,2.59153,3.51612,-0.23695,1.24625,-1.70256,-0.625608,0.685348,1.52408,-0.200061,0.890302,0.469351,-0.15898,-1.97407,1.93289,0.617888,0.420512,2.1496,-2.35244,0.0539326,0.149174,2.80275,-1.85743,-0.571596,-0.36562,-0.830536,-3.41297,3.69151,0.525322])
3.7705934628789617
Max g: 0.5705147077047037
f_34([0.231932,-3.93015,4.93013,-3.89449,4.97906,-0.0845877,0.214268,-1.82833,2.0426,2.19793,-1.26054,0.038685,-0.0420378,4.79126,-0.0143782,1.50389,2.59131,3.51625,-0.236543,1.24296,-1.70047,-0.607145,0.696792,1.49944,-0.201024,0.891351,0.469272,-0.158966,-1.9793,1.95433,0.604043,0.417918,2.16492,-2.34988,0.0383563,0.147912,2.80185,-1.87418,-0.55721,-0.363265,-0.808317,-3.42059,3.68034,0.522002])
3.7757795622803876
Max g: 0.565172987111179
f_35([0.231735,-3.93019,4.93019,-3.89408,4.97906,-0.0849722,0.21435,-1.82813,2.04248,2.20075,-1.25812,0.0371274,-0.0420081,4.79137,-0.0145644,1.50371,2.59118,3.5162,-0.23614,1.23975,-1.69862,-0.587521,0.708582,1.47269,-0.20182,0.892075,0.469307,-0.158999,-1.9849,1.97644,0.589652,0.415384,2.17702,-2.34474,0.0235822,0.146811,2.80154,-1.89014,-0.543646,-0.361349,-0.785653,-3.4284,3.66893,0.518959])
3.7830600479785432
Max g: 0.5600102620270888
f_36([0.232145,-3.93026,4.93025,-3.89365,4.97907,-0.0854419,0.21465,-1.82768,2.04233,2.20307,-1.2555,0.0350941,-0.0415488,4.79146,-0.0146306,1.50334,2.5916,3.51612,-0.235736,1.23653,-1.69678,-0.566895,0.720972,1.44428,-0.202711,0.893228,0.468986,-0.158861,-1.98985,1.99819,0.575435,0.413003,2.18615,-2.33758,0.0094189,0.145718,2.80143,-1.9056,-0.530644,-0.359335,-0.763496,-3.43626,3.65746,0.516094])
3.786251493764036
Max g: 0.5546295486054684
f_37([0.231946,-3.93019,4.93019,-3.89281,4.97907,-0.0862649,0.215076,-1.82711,2.04219,2.20506,-1.25312,0.0333581,-0.0410008,4.79145,-0.0147486,1.50311,2.59167,3.51617,-0.235357,1.23347,-1.69512,-0.546166,0.733905,1.41466,-0.203356,0.894049,0.468695,-0.158754,-1.99452,2.01995,0.560451,0.410789,2.19238,-2.3288,-0.00386009,0.144874,2.80151,-1.9205,-0.517824,-0.357607,-0.741723,-3.44409,3.64614,0.513477])
3.793930910185378
Max g: 0.5493806197917354
f_38([0.231261,-3.93021,4.93018,-3.8918,4.97906,-0.0872808,0.215551,-1.82675,2.04231,2.20679,-1.25083,0.0318212,-0.0410802,4.79146,-0.0145522,1.50333,2.59169,3.51608,-0.235001,1.23036,-1.69348,-0.525469,0.746489,1.38479,-0.204354,0.894824,0.468856,-0.158821,-1.99912,2.04092,0.546065,0.408836,2.19616,-2.31891,-0.0162657,0.144315,2.8016,-1.9348,-0.505739,-0.356138,-0.720687,-3.45167,3.63517,0.511198])
3.80370471290345
Max g: 0.5445027710007829
f_39([0.23112,-3.93016,4.93014,-3.89085,4.97907,-0.0882263,0.216194,-1.8261,2.04229,2.20843,-1.24919,0.0305645,-0.0404732,4.79144,-0.0145853,1.50296,2.59171,3.51612,-0.234668,1.22736,-1.69195,-0.503873,0.759691,1.35323,-0.204833,0.895545,0.468623,-0.158736,-2.00371,2.06141,0.531762,0.407024,2.19736,-2.30692,-0.0282423,0.143767,2.80198,-1.94864,-0.49387,-0.354744,-0.699587,-3.4594,3.624,0.509054])
3.8123814561327585
Max g: 0.539446945858898
f_40([0.230961,-3.93014,4.93014,-3.89004,4.97909,-0.0890442,0.216845,-1.82571,2.04255,2.20986,-1.24791,0.0296233,-0.0401529,4.79149,-0.0146474,1.50273,2.59153,3.51623,-0.234341,1.22441,-1.69062,-0.482553,0.772979,1.32118,-0.205994,0.896527,0.468492,-0.158684,-2.00803,2.08089,0.518273,0.405462,2.19713,-2.29449,-0.0394619,0.143424,2.80246,-1.96193,-0.482555,-0.353642,-0.679045,-3.46697,3.61302,0.507209])
3.8186646150229473
{0.23096111206176131,-3.9301387268098873,4.930137967903941,-3.8900429237957415,4.979086727544187,-0.08904416111085535,0.21684538651636331,-1.8257095273214863,2.042554913837853,2.209859462624155,-1.2479063116638955,0.029623322314102096,-0.04015289024506617,4.791493026620239,-0.014647418141321387,1.502733659872039,2.5915315518169173,3.5162271375496785,-0.23434141554365293,1.224405668074314,-1.690615624026129,-0.4825526473736619,0.7729794501351326,1.3211780775453827,-0.20599435581277623,0.8965268394822343,0.4684916959207842,-0.15868449273006716,-2.0080254387206264,2.0808898097458974,0.5182728045637295,0.405461769777853,2.197127207036011,-2.2944927892711497,-0.03946187838730061,0.14342433035630367,2.8024587607423452,-1.961931135872262,-0.48255516459819425,-0.3536417837134184,-0.6790452925824725,-3.4669687161669627,3.6130210622719234,0.5072088428715401}]
Set[{A021,A031,A032,A041,A042,A043,A121,A131,A132,A141,A142,A143,B021,B031,B032,B041,B042,B043,B121,B131,B132,B141,B142,B143,\[Alpha]1,\[Alpha]2,\[Alpha]3,\[Alpha]4,\[Beta]11,\[Beta]12,\[Beta]13,\[Beta]14,\[Beta]21,\[Beta]22,\[Beta]23,\[Beta]24,\[Beta]31,\[Beta]32,\[Beta]33,\[Beta]34,\[Beta]41,\[Beta]42,\[Beta]43,\[Beta]44},{0.23096111206176131,-3.9301387268098873,4.930137967903941,-3.8900429237957415,4.979086727544187,-0.08904416111085535,0.21684538651636331,-1.8257095273214863,2.042554913837853,2.209859462624155,-1.2479063116638955,0.029623322314102096,-0.04015289024506617,4.791493026620239,-0.014647418141321387,1.502733659872039,2.5915315518169173,3.5162271375496785,-0.23434141554365293,1.224405668074314,-1.690615624026129,-0.4825526473736619,0.7729794501351326,1.3211780775453827,-0.20599435581277623,0.8965268394822343,0.4684916959207842,-0.15868449273006716,-2.0080254387206264,2.0808898097458974,0.5182728045637295,0.405461769777853,2.197127207036011,-2.2944927892711497,-0.03946187838730061,0.14342433035630367,2.8024587607423452,-1.961931135872262,-0.48255516459819425,-0.3536417837134184,-0.6790452925824725,-3.4669687161669627,3.6130210622719234,0.5072088428715401}]

Max g: 0.534607133070896
f_41([0.230799,-3.93014,4.93014,-3.8893,4.97909,-0.0897904,0.217474,-1.82521,2.04268,2.21097,-1.24642,0.0285684,-0.0394067,4.79145,-0.0146788,1.50264,2.59165,3.51636,-0.23406,1.2215,-1.68925,-0.462247,0.785417,1.29065,-0.206864,0.897473,0.468141,-0.158545,-2.01216,2.0987,0.505962,0.404125,2.19542,-2.28194,-0.0497257,0.143176,2.80296,-1.97418,-0.471853,-0.352635,-0.66043,-3.47394,3.60282,0.505654])
3.825246971955526
Max g: 0.5302049117081095
f_42([0.231108,-3.93012,4.93012,-3.88895,4.97909,-0.090141,0.217941,-1.8248,2.04275,2.21201,-1.24582,0.0278668,-0.0390904,4.7914,-0.0146337,1.50238,2.59163,3.51645,-0.233897,1.21955,-1.68834,-0.448487,0.793833,1.26978,-0.207357,0.898271,0.4679,-0.158453,-2.01479,2.11067,0.497463,0.403292,2.19351,-2.27261,-0.0566153,0.143053,2.80323,-1.98244,-0.464705,-0.352047,-0.647656,-3.47865,3.59595,0.504623])
3.825945100721103
Max g: 0.5271882251567648
f_43([0.229568,-3.96622,4.91615,-3.82684,4.9788,-0.15348,0.202209,-1.81943,2.02164,2.17386,-1.27806,0.00238529,-0.0344174,4.80678,-0.0232092,1.46926,2.58812,3.51748,-0.233344,1.21282,-1.68957,-0.397934,0.794967,1.13154,-0.22621,0.916019,0.472987,-0.162446,-1.94208,2.10572,0.443692,0.384157,2.2076,-2.27875,-0.0819408,0.154896,2.8052,-1.95342,-0.469256,-0.381177,-0.599322,-3.49576,3.55749,0.53271])
4.0241139374640476
Max g: 0.4909523132749763
f_44([0.225867,-3.95396,4.91664,-3.82561,4.97884,-0.153953,0.201208,-1.81744,2.01865,2.17914,-1.27516,0.00172917,-0.0311494,4.80651,-0.0225208,1.46737,2.58635,3.5171,-0.232467,1.20309,-1.68781,-0.32717,0.839642,1.01271,-0.229001,0.91867,0.471764,-0.162225,-1.9221,2.13647,0.398232,0.382325,2.19685,-2.24025,-0.112257,0.156998,2.80618,-1.98706,-0.43567,-0.383511,-0.551324,-3.5146,3.5301,0.530617])
4.105994468398097
Max g: 0.4837068824989447
f_45([0.220019,-3.94538,4.91675,-3.82399,4.97893,-0.156408,0.204022,-1.81403,2.01806,2.18321,-1.27476,-0.000197103,-0.0272627,4.80632,-0.0230017,1.468,2.58519,3.51682,-0.231629,1.19166,-1.68471,-0.256256,0.886229,0.889446,-0.233458,0.923907,0.470303,-0.161595,-1.91194,2.16791,0.357899,0.382153,2.1813,-2.19505,-0.142563,0.159903,2.80681,-2.02426,-0.398605,-0.386105,-0.50373,-3.53363,3.50211,0.530576])
4.183486761377094
Max g: 0.47547537669868223
f_46([0.215469,-3.93567,4.91676,-3.82242,4.97894,-0.156969,0.207833,-1.81157,2.0194,2.18572,-1.27556,-0.00109656,-0.0254488,4.80643,-0.0206012,1.46709,2.58338,3.51763,-0.230845,1.17805,-1.67985,-0.184616,0.931503,0.762739,-0.233364,0.925824,0.468927,-0.161294,-1.90968,2.20167,0.322446,0.383925,2.15756,-2.14326,-0.172355,0.165295,2.80955,-2.061,-0.361892,-0.389882,-0.457334,-3.55281,3.47329,0.531217])
4.242229310366322
Max g: 0.46638311358294976
f_47([0.209203,-3.92622,4.91676,-3.82025,4.9789,-0.160988,0.212147,-1.80615,2.01829,2.18726,-1.27593,-0.00445745,-0.0245804,4.80586,-0.0220426,1.46596,2.58198,3.51732,-0.230353,1.16285,-1.67383,-0.115957,0.976605,0.637282,-0.237568,0.930321,0.469247,-0.161406,-1.91097,2.23335,0.288425,0.386763,2.12501,-2.08397,-0.202722,0.171287,2.81197,-2.09568,-0.3263,-0.394961,-0.40979,-3.57212,3.44236,0.533697])
4.318624543856556
Max g: 0.45646997827894964
f_48([0.205922,-3.91822,4.91642,-3.8191,4.97891,-0.160425,0.217214,-1.80146,2.01867,2.18734,-1.27522,-0.00711198,-0.0231037,4.80572,-0.0207658,1.46689,2.58126,3.51701,-0.229804,1.14524,-1.66681,-0.0461299,1.02358,0.504757,-0.238761,0.931528,0.4684,-0.161202,-1.91456,2.26661,0.255024,0.390676,2.08193,-2.01638,-0.234588,0.179759,2.81546,-2.13145,-0.288913,-0.401424,-0.362822,-3.59218,3.41045,0.537294])
4.3662967652773546
Max g: 0.4467853982013698
f_49([0.203588,-3.91645,4.91635,-3.81615,4.97892,-0.162875,0.222842,-1.79605,2.01889,2.18637,-1.27644,-0.00918552,-0.021671,4.80508,-0.0217347,1.46684,2.578,3.51744,-0.229179,1.12637,-1.65836,0.0249002,1.0717,0.369505,-0.238792,0.931951,0.468394,-0.161145,-1.91911,2.3019,0.221038,0.395861,2.02982,-1.93555,-0.267769,0.188131,2.81896,-2.16507,-0.252569,-0.408745,-0.312251,-3.61238,3.37658,0.541364])
4.396615500239537
Max g: 0.43508534689732703
f_50([0.203629,-3.91644,4.91637,-3.81429,4.97892,-0.164653,0.228087,-1.79124,2.01933,2.18631,-1.2783,-0.010153,-0.021876,4.80497,-0.0214312,1.46723,2.57718,3.51727,-0.22883,1.10873,-1.65006,0.0828632,1.11357,0.254453,-0.239949,0.933304,0.468155,-0.16111,-1.92439,2.33164,0.192103,0.400934,1.97889,-1.86335,-0.295787,0.196709,2.82329,-2.19381,-0.222537,-0.415877,-0.269247,-3.62959,3.34709,0.544963])
4.405292243468845
{0.20362927034971467,-3.9164448919772936,4.916368515115068,-3.8142878701324285,4.9789216649641705,-0.16465348665524893,0.2280872910835644,-1.7912410582865737,2.0193283493701384,2.1863056314848706,-1.278295376219331,-0.010152980227060229,-0.021876029244992223,4.804965194197248,-0.021431246131578884,1.467229811538649,2.577175245542749,3.517274713011422,-0.22882973608768295,1.1087297500973203,-1.650057052732088,0.08286317628792422,1.1135709467124224,0.25445332998170733,-0.23994902723231754,0.9333040259697292,0.4681554716749992,-0.16110956317860378,-1.924387200907563,2.3316430659808054,0.19210326135690306,0.4009339103665287,1.9788917335496206,-1.8633531341112506,-0.295787049121939,0.19670864511094144,2.823288816356629,-2.193806356755128,-0.22253685792742653,-0.4158774148762413,-0.2692473818187616,-3.629587199692007,3.3470887403305234,0.5449632348846404}]
Set[{A021,A031,A032,A041,A042,A043,A121,A131,A132,A141,A142,A143,B021,B031,B032,B041,B042,B043,B121,B131,B132,B141,B142,B143,\[Alpha]1,\[Alpha]2,\[Alpha]3,\[Alpha]4,\[Beta]11,\[Beta]12,\[Beta]13,\[Beta]14,\[Beta]21,\[Beta]22,\[Beta]23,\[Beta]24,\[Beta]31,\[Beta]32,\[Beta]33,\[Beta]34,\[Beta]41,\[Beta]42,\[Beta]43,\[Beta]44},{0.20362927034971467,-3.9164448919772936,4.916368515115068,-3.8142878701324285,4.9789216649641705,-0.16465348665524893,0.2280872910835644,-1.7912410582865737,2.0193283493701384,2.1863056314848706,-1.278295376219331,-0.010152980227060229,-0.021876029244992223,4.804965194197248,-0.021431246131578884,1.467229811538649,2.577175245542749,3.517274713011422,-0.22882973608768295,1.1087297500973203,-1.650057052732088,0.08286317628792422,1.1135709467124224,0.25445332998170733,-0.23994902723231754,0.9333040259697292,0.4681554716749992,-0.16110956317860378,-1.924387200907563,2.3316430659808054,0.19210326135690306,0.4009339103665287,1.9788917335496206,-1.8633531341112506,-0.295787049121939,0.19670864511094144,2.823288816356629,-2.193806356755128,-0.22253685792742653,-0.4158774148762413,-0.2692473818187616,-3.629587199692007,3.3470887403305234,0.5449632348846404}]

Max g: 0.4248648967386371
f_51([0.203515,-3.91639,4.91632,-3.81362,4.97892,-0.165358,0.233652,-1.786,2.01965,2.18602,-1.2817,-0.0116713,-0.0221689,4.80477,-0.0211049,1.467,2.57816,3.51667,-0.228741,1.08867,-1.64,0.139608,1.15614,0.138454,-0.242388,0.93522,0.468385,-0.161227,-1.93042,2.36073,0.163639,0.406918,1.92005,-1.78271,-0.325373,0.206339,2.8281,-2.22236,-0.190924,-0.42375,-0.226347,-3.64706,3.31604,0.54963])
4.412472996486204
Max g: 0.4132847678221262
f_52([0.202875,-3.91637,4.91629,-3.81154,4.97893,-0.167447,0.239767,-1.7806,2.02037,2.18457,-1.28381,-0.0134873,-0.0230462,4.80454,-0.0206884,1.46654,2.57824,3.51657,-0.228688,1.06752,-1.62905,0.194519,1.19754,0.025671,-0.244911,0.937589,0.468975,-0.161462,-1.93793,2.38973,0.134757,0.41325,1.85542,-1.69528,-0.355689,0.216545,2.83259,-2.24967,-0.161684,-0.431732,-0.182031,-3.66436,3.28407,0.554583])
4.420551343630732
Max g: 0.4008801712570236
f_53([0.201813,-3.91642,4.91634,-3.81077,4.979,-0.168269,0.24628,-1.77445,2.02073,2.18212,-1.28541,-0.0142549,-0.0236182,4.80431,-0.0214326,1.46629,2.57756,3.51647,-0.228799,1.04468,-1.61677,0.249194,1.23965,-0.0878377,-0.247097,0.939548,0.469256,-0.161541,-1.94352,2.41795,0.105938,0.419841,1.78289,-1.59885,-0.3886,0.227621,2.83841,-2.27785,-0.130844,-0.439994,-0.135225,-3.68266,3.25016,0.558925])
4.429327819540838
Max g: 0.3867084592856406
f_54([0.201876,-3.91632,4.9162,-3.80953,4.97899,-0.169566,0.253321,-1.76822,2.02154,2.17941,-1.2868,-0.0160487,-0.0245669,4.80417,-0.0205737,1.46591,2.57755,3.51644,-0.229138,1.02024,-1.60296,0.300214,1.28154,-0.196795,-0.248475,0.941318,0.469629,-0.161751,-1.94918,2.44418,0.0782683,0.42666,1.70587,-1.49785,-0.421792,0.239163,2.84317,-2.30453,-0.101203,-0.447915,-0.0863415,-3.70079,3.21529,0.56293])
4.423643056735429
Max g: 0.37045965359565075
f_55([0.201498,-3.91612,4.91608,-3.80848,4.97898,-0.170539,0.260973,-1.76166,2.02264,2.17815,-1.29004,-0.0172434,-0.025499,4.80413,-0.0215325,1.46669,2.57886,3.51629,-0.229789,0.994605,-1.58825,0.348666,1.32186,-0.300314,-0.249628,0.941919,0.470053,-0.161786,-1.95181,2.46698,0.0506102,0.433252,1.62383,-1.39162,-0.45585,0.250229,2.84862,-2.33066,-0.0719872,-0.455088,-0.0364966,-3.71922,3.17948,0.566263])
4.415464976910103
Max g: 0.35228239249678467
f_56([0.200644,-3.91631,4.91615,-3.80699,4.97894,-0.172007,0.268762,-1.75472,2.02348,2.17536,-1.29167,-0.0185805,-0.0253966,4.80429,-0.0213136,1.46734,2.57988,3.51619,-0.230743,0.967964,-1.5725,0.39302,1.35941,-0.395854,-0.251279,0.943464,0.47012,-0.161845,-1.95329,2.48706,0.0251434,0.439517,1.53757,-1.28073,-0.490176,0.261482,2.85353,-2.35612,-0.0439962,-0.46179,0.0140276,-3.73747,3.14273,0.569731])
4.408782887296728
Max g: 0.3330374084164159
f_57([0.2002,-3.91631,4.91613,-3.8049,4.97892,-0.17413,0.277083,-1.74726,2.02434,2.17366,-1.29379,-0.0196976,-0.0278195,4.8042,-0.0211224,1.46736,2.57809,3.51602,-0.231952,0.940358,-1.55571,0.433353,1.39411,-0.4818,-0.252785,0.944178,0.471151,-0.162335,-1.95162,2.50323,0.000293453,0.445362,1.44675,-1.16365,-0.524767,0.271656,2.8571,-2.38075,-0.0169483,-0.466531,0.0674429,-3.75577,3.10544,0.571374])
4.390731272072534
Max g: 0.31128122667313834
f_58([0.200185,-3.91622,4.91613,-3.80384,4.97895,-0.175142,0.285913,-1.7398,2.02572,2.17137,-1.29621,-0.0202242,-0.0296054,4.80423,-0.020845,1.46885,2.57799,3.51552,-0.233638,0.910922,-1.53754,0.471252,1.42662,-0.562928,-0.253553,0.944252,0.472076,-0.162671,-1.9464,2.51621,-0.0240509,0.450591,1.35145,-1.04091,-0.561423,0.281772,2.86033,-2.40366,0.00973852,-0.471777,0.123036,-3.77457,3.06626,0.572531])
4.364202378980625
Max g: 0.28696457232519995
f_59([0.198952,-3.91626,4.91607,-3.80384,4.979,-0.175288,0.295046,-1.73203,2.02707,2.16973,-1.29756,-0.0208969,-0.0321324,4.80415,-0.0219223,1.46836,2.57693,3.51529,-0.235716,0.880349,-1.51843,0.504707,1.45759,-0.635353,-0.254285,0.94395,0.473803,-0.163356,-1.93729,2.52386,-0.0463504,0.455107,1.25482,-0.916153,-0.597825,0.290965,2.86225,-2.42472,0.0353616,-0.475039,0.182479,-3.79341,3.02648,0.571578])
4.337075089803936
Max g: 0.2602819380466317
f_60([0.197889,-3.91643,4.91632,-3.80252,4.97901,-0.176575,0.304658,-1.72381,2.02847,2.16982,-1.29947,-0.021972,-0.035505,4.80392,-0.022505,1.46969,2.57683,3.51516,-0.238172,0.848234,-1.49816,0.535691,1.48682,-0.702429,-0.256555,0.945354,0.475216,-0.163821,-1.92493,2.52852,-0.0697244,0.458904,1.15304,-0.785136,-0.635208,0.299788,2.86314,-2.44505,0.0607091,-0.477501,0.243006,-3.8122,2.98554,0.570362])
4.303963839779448
{0.19788934134218725,-3.916427847084092,4.916315231796328,-3.8025185932138896,4.979005223343998,-0.17657530603728297,0.30465766123904303,-1.723808900939708,2.028466562178745,2.1698200585989373,-1.2994744076574145,-0.021972016074041523,-0.03550495601901218,4.803921013179123,-0.022504956549402683,1.4696916716305073,2.576826020499775,3.515158476166718,-0.23817234626705094,0.8482339625663214,-1.4981646892656044,0.535690703378739,1.4868172888387563,-0.7024293415399773,-0.2565550942198137,0.9453543369984847,0.4752158458477222,-0.1638206345643416,-1.924934585793263,2.528518966815267,-0.0697243933700199,0.45890382413846126,1.1530373533306517,-0.7851355836358584,-0.6352075832250135,0.29978771939634496,2.8631398094561105,-2.4450509932614914,0.06070911430796378,-0.4775014610357331,0.24300576194181583,-3.8122035626568542,2.985541228660334,0.5703619628803374}]
Set[{A021,A031,A032,A041,A042,A043,A121,A131,A132,A141,A142,A143,B021,B031,B032,B041,B042,B043,B121,B131,B132,B141,B142,B143,\[Alpha]1,\[Alpha]2,\[Alpha]3,\[Alpha]4,\[Beta]11,\[Beta]12,\[Beta]13,\[Beta]14,\[Beta]21,\[Beta]22,\[Beta]23,\[Beta]24,\[Beta]31,\[Beta]32,\[Beta]33,\[Beta]34,\[Beta]41,\[Beta]42,\[Beta]43,\[Beta]44},{0.19788934134218725,-3.916427847084092,4.916315231796328,-3.8025185932138896,4.979005223343998,-0.17657530603728297,0.30465766123904303,-1.723808900939708,2.028466562178745,2.1698200585989373,-1.2994744076574145,-0.021972016074041523,-0.03550495601901218,4.803921013179123,-0.022504956549402683,1.4696916716305073,2.576826020499775,3.515158476166718,-0.23817234626705094,0.8482339625663214,-1.4981646892656044,0.535690703378739,1.4868172888387563,-0.7024293415399773,-0.2565550942198137,0.9453543369984847,0.4752158458477222,-0.1638206345643416,-1.924934585793263,2.528518966815267,-0.0697243933700199,0.45890382413846126,1.1530373533306517,-0.7851355836358584,-0.6352075832250135,0.29978771939634496,2.8631398094561105,-2.4450509932614914,0.06070911430796378,-0.4775014610357331,0.24300576194181583,-3.8122035626568542,2.985541228660334,0.5703619628803374}]

Max g: 0.23203103832913768
f_61([0.19703,-3.91632,4.91623,-3.80127,4.97906,-0.177855,0.314217,-1.71568,2.0299,2.16947,-1.3008,-0.0225734,-0.0369953,4.80396,-0.0225048,1.46888,2.57622,3.51534,-0.240792,0.816523,-1.47796,0.564272,1.51266,-0.761654,-0.257479,0.945772,0.476169,-0.16427,-1.90848,2.52814,-0.0893739,0.461694,1.05379,-0.65823,-0.670745,0.307843,2.86286,-2.46177,0.082261,-0.478639,0.303263,-3.8305,2.94549,0.56794])
4.268857936139027
Max g: 0.20245428787359784
f_62([0.197763,-3.91639,4.91618,-3.79968,4.9791,-0.179436,0.324072,-1.70719,2.03126,2.16886,-1.30135,-0.0229019,-0.0375663,4.80384,-0.0225245,1.46875,2.57649,3.51521,-0.243973,0.782995,-1.45638,0.588851,1.53761,-0.816024,-0.258129,0.94615,0.476438,-0.164334,-1.88728,2.52153,-0.107539,0.46383,0.954042,-0.529511,-0.707081,0.31561,2.86051,-2.47579,0.105056,-0.480581,0.365409,-3.84911,2.90447,0.564588])
4.225175021950094
Max g: 0.18984120629484003
f_63([0.197153,-3.91634,4.91614,-3.80029,4.97913,-0.178986,0.333648,-1.69928,2.03293,2.16839,-1.29993,-0.0239086,-0.0392295,4.80379,-0.0226832,1.4683,2.57548,3.51534,-0.247465,0.748253,-1.43396,0.612789,1.55965,-0.864952,-0.258504,0.946038,0.477511,-0.164853,-1.86287,2.50998,-0.123933,0.465212,0.855866,-0.402403,-0.743407,0.322566,2.85675,-2.48789,0.125786,-0.481271,0.428361,-3.86751,2.8631,0.560431])
4.186279276439401
Max g: 0.18899974075595072
f_64([0.196758,-3.91634,4.91615,-3.80032,4.97917,-0.179038,0.343288,-1.69157,2.03486,2.16908,-1.29907,-0.0242437,-0.0412835,4.8038,-0.0220679,1.47017,2.576,3.51553,-0.251355,0.712788,-1.41107,0.633024,1.58097,-0.9087,-0.259267,0.94616,0.478549,-0.16519,-1.83383,2.49382,-0.138398,0.466392,0.759129,-0.27829,-0.778421,0.329034,2.85009,-2.49645,0.145324,-0.480951,0.493265,-3.88548,2.82199,0.5554])
4.140302510592145
Max g: 0.20304813035307845
f_65([0.196434,-3.91622,4.91609,-3.79978,4.97919,-0.179425,0.35265,-1.68359,2.03624,2.16873,-1.2974,-0.0238623,-0.0437065,4.804,-0.0217697,1.46974,2.57567,3.5159,-0.255458,0.676952,-1.38777,0.653628,1.60156,-0.951214,-0.260275,0.946418,0.47968,-0.165688,-1.80083,2.47275,-0.152202,0.466906,0.666306,-0.158384,-0.812678,0.335203,2.84234,-2.50289,0.163874,-0.480528,0.55737,-3.90336,2.78083,0.549916])
4.100908101677468
Max g: 0.21402536461800858
f_66([0.195819,-3.91602,4.91578,-3.79972,4.97916,-0.179642,0.361629,-1.67561,2.03724,2.17062,-1.29472,-0.024498,-0.0449254,4.80384,-0.0227375,1.46934,2.5759,3.51574,-0.260256,0.63918,-1.36338,0.672295,1.62144,-0.990296,-0.260674,0.945861,0.480545,-0.165935,-1.76548,2.44839,-0.16376,0.466892,0.573926,-0.0399162,-0.846963,0.341516,2.83179,-2.50663,0.18286,-0.480238,0.624298,-3.9214,2.73904,0.543006])
4.057324920169331
Max g: 0.22370219681063164
f_67([0.195774,-3.91632,4.91585,-3.79866,4.97915,-0.180882,0.370143,-1.66859,2.03874,2.17337,-1.29212,-0.0247649,-0.0465643,4.80402,-0.0232067,1.46951,2.57667,3.5157,-0.265219,0.601349,-1.33879,0.689603,1.63961,-1.02581,-0.262631,0.947258,0.481205,-0.166168,-1.72748,2.41976,-0.17331,0.466508,0.489703,0.068401,-0.878773,0.347156,2.81959,-2.50754,0.199837,-0.479658,0.689044,-3.93849,2.69849,0.535638])
4.018030243935452
Max g: 0.23106184459094425
f_68([0.195243,-3.91603,4.9157,-3.79894,4.97915,-0.180488,0.378048,-1.66184,2.03989,2.17588,-1.28954,-0.0245417,-0.0484145,4.80423,-0.0231294,1.46964,2.577,3.51578,-0.270435,0.56288,-1.31344,0.706932,1.65703,-1.05962,-0.264777,0.949047,0.481846,-0.166453,-1.68854,2.38887,-0.181515,0.465858,0.411619,0.170009,-0.909005,0.352412,2.80601,-2.50508,0.214796,-0.478996,0.753299,-3.95479,2.6587,0.528111])
3.983722201741404
Max g: 0.23595946010630442
f_69([0.194192,-3.91574,4.91568,-3.79776,4.97908,-0.181378,0.385495,-1.65529,2.04078,2.1794,-1.28663,-0.0235864,-0.0496688,4.80401,-0.0241937,1.47044,2.57782,3.51571,-0.276201,0.523385,-1.28775,0.722885,1.67359,-1.09097,-0.265376,0.949038,0.483079,-0.166755,-1.64725,2.35706,-0.189487,0.464619,0.337309,0.265168,-0.93692,0.357661,2.78985,-2.50084,0.229372,-0.477745,0.816737,-3.97055,2.61975,0.519428])
3.94692084252744
Max g: 0.23943183722302774
f_70([0.193202,-3.91604,4.91571,-3.79787,4.97908,-0.181486,0.392468,-1.64962,2.04209,2.18399,-1.28355,-0.0235563,-0.0518244,4.804,-0.0248285,1.47052,2.5758,3.51568,-0.282465,0.482764,-1.26126,0.739036,1.6908,-1.1223,-0.266074,0.949207,0.483896,-0.16706,-1.60543,2.32318,-0.196821,0.463056,0.268826,0.351959,-0.963019,0.362742,2.77219,-2.49494,0.244264,-0.476842,0.880464,-3.9863,2.58104,0.510817])
3.915505048076495
{0.19320195650827982,-3.9160425637711054,4.915705337507857,-3.7978671981874075,4.9790795611747924,-0.18148576199538968,0.39246783865328805,-1.6496240383603247,2.042090878595036,2.1839869135243193,-1.283548506625986,-0.023556300793619523,-0.05182438903866129,4.803997404014131,-0.02482851291935206,1.4705211948878922,2.5758017953570898,3.5156827598234317,-0.2824649836138351,0.4827640975030013,-1.2612564695326354,0.7390360106452265,1.6908019336623308,-1.1223027643807282,-0.2660737947292526,0.9492066424270534,0.48389576403364115,-0.16706003144878862,-1.6054282051458906,2.3231780002474434,-0.19682050189501543,0.4630562358727283,0.26882551970690516,0.3519589144874585,-0.9630189676483677,0.3627416550420287,2.772192611691067,-2.49493822222637,0.24426421915171162,-0.47684213773576134,0.8804640283211368,-3.986300853939956,2.5810354247768,0.510817161813713}]
Set[{A021,A031,A032,A041,A042,A043,A121,A131,A132,A141,A142,A143,B021,B031,B032,B041,B042,B043,B121,B131,B132,B141,B142,B143,\[Alpha]1,\[Alpha]2,\[Alpha]3,\[Alpha]4,\[Beta]11,\[Beta]12,\[Beta]13,\[Beta]14,\[Beta]21,\[Beta]22,\[Beta]23,\[Beta]24,\[Beta]31,\[Beta]32,\[Beta]33,\[Beta]34,\[Beta]41,\[Beta]42,\[Beta]43,\[Beta]44},{0.19320195650827982,-3.9160425637711054,4.915705337507857,-3.7978671981874075,4.9790795611747924,-0.18148576199538968,0.39246783865328805,-1.6496240383603247,2.042090878595036,2.1839869135243193,-1.283548506625986,-0.023556300793619523,-0.05182438903866129,4.803997404014131,-0.02482851291935206,1.4705211948878922,2.5758017953570898,3.5156827598234317,-0.2824649836138351,0.4827640975030013,-1.2612564695326354,0.7390360106452265,1.6908019336623308,-1.1223027643807282,-0.2660737947292526,0.9492066424270534,0.48389576403364115,-0.16706003144878862,-1.6054282051458906,2.3231780002474434,-0.19682050189501543,0.4630562358727283,0.26882551970690516,0.3519589144874585,-0.9630189676483677,0.3627416550420287,2.772192611691067,-2.49493822222637,0.24426421915171162,-0.47684213773576134,0.8804640283211368,-3.986300853939956,2.5810354247768,0.510817161813713}]

Max g: 0.24057285544883422
f_71([0.193674,-3.91589,4.91575,-3.79716,4.97903,-0.181974,0.398512,-1.64399,2.0425,2.18952,-1.27913,-0.0234946,-0.0535004,4.80429,-0.0257493,1.46978,2.57485,3.51597,-0.288809,0.442716,-1.23512,0.755326,1.7075,-1.15233,-0.266128,0.94875,0.484593,-0.167404,-1.56332,2.28885,-0.202818,0.461666,0.20634,0.431342,-0.986576,0.367293,2.75302,-2.48836,0.258578,-0.475177,0.943248,-4.00125,2.54354,0.500371])
3.8833911248599735
Max g: 0.24075971815527897
f_72([0.193315,-3.91617,4.91565,-3.79734,4.97903,-0.181763,0.403823,-1.63982,2.04364,2.19331,-1.27531,-0.0223511,-0.0556675,4.80407,-0.0250641,1.46981,2.57454,3.51593,-0.295592,0.402396,-1.20894,0.769813,1.72364,-1.18019,-0.266404,0.948166,0.486074,-0.168022,-1.52389,2.25775,-0.208979,0.459741,0.151381,0.501238,-1.00704,0.371526,2.73269,-2.48084,0.272427,-0.47419,1.003,-4.01527,2.50817,0.490871])
3.8565630337256747
Max g: 0.23910760398944308
f_73([0.192264,-3.91638,4.91557,-3.79633,4.979,-0.182878,0.408602,-1.63544,2.04404,2.19772,-1.26973,-0.021602,-0.0572753,4.80421,-0.0255657,1.47042,2.576,3.51611,-0.302699,0.361686,-1.18233,0.785021,1.74052,-1.2086,-0.266575,0.947797,0.486796,-0.168195,-1.48426,2.22753,-0.21584,0.457952,0.101357,0.563613,-1.02585,0.375643,2.71078,-2.47042,0.285631,-0.473068,1.06167,-4.02871,2.47388,0.480819])
3.8302336059953586
Max g: 0.23706313877602425
f_74([0.19197,-3.91568,4.91547,-3.79674,4.97904,-0.182394,0.412444,-1.63242,2.04487,2.20308,-1.26443,-0.021623,-0.0594716,4.80444,-0.025822,1.47103,2.57478,3.51634,-0.310011,0.320268,-1.15527,0.799824,1.75627,-1.23471,-0.266625,0.947341,0.487988,-0.16871,-1.44658,2.19879,-0.22171,0.455647,0.0559779,0.619145,-1.04145,0.37888,2.68825,-2.46126,0.298677,-0.471609,1.11957,-4.04125,2.44043,0.469879])
3.8106860005592154
Max g: 0.23327915449922854
f_75([0.191837,-3.91589,4.9157,-3.79542,4.97903,-0.183652,0.415885,-1.62988,2.04577,2.20741,-1.25853,-0.021071,-0.0623758,4.80452,-0.0257506,1.47072,2.57451,3.51611,-0.318037,0.27881,-1.12846,0.814518,1.77351,-1.26147,-0.267199,0.947702,0.489236,-0.16924,-1.41047,2.17238,-0.229279,0.453577,0.0151598,0.668056,-1.05402,0.382178,2.66519,-2.45139,0.311882,-0.470225,1.17425,-4.05321,2.40912,0.458882])
3.7923351872926316
Max g: 0.22893959989370805
f_76([0.191219,-3.91635,4.91569,-3.79543,4.97907,-0.184064,0.418442,-1.6279,2.04635,2.21294,-1.25388,-0.0195924,-0.0634585,4.8044,-0.0262106,1.47108,2.57504,3.51585,-0.326114,0.237325,-1.10171,0.829506,1.78813,-1.28556,-0.267481,0.946334,0.489934,-0.169431,-1.37643,2.14944,-0.236753,0.451195,-0.019832,0.70821,-1.06395,0.384934,2.6413,-2.44204,0.324754,-0.468493,1.22758,-4.06416,2.37912,0.447139])
3.775679829599591
Max g: 0.2242298028111256
f_77([0.191119,-3.91634,4.91584,-3.79427,4.97908,-0.185074,0.420549,-1.62589,2.04644,2.21819,-1.24858,-0.019519,-0.0649876,4.80461,-0.0258535,1.4702,2.57451,3.51598,-0.334636,0.195723,-1.07506,0.843806,1.80355,-1.31017,-0.26758,0.946195,0.49118,-0.170067,-1.34481,2.12905,-0.244959,0.449244,-0.0510364,0.74331,-1.07133,0.387825,2.61751,-2.43314,0.338689,-0.467648,1.27908,-4.07472,2.35078,0.43578])
3.7618169869688565
Max g: 0.23051664846046346
f_78([0.190103,-3.91633,4.91592,-3.79335,4.9791,-0.186023,0.422003,-1.62409,2.0461,2.22258,-1.24222,-0.0186935,-0.0673752,4.80434,-0.026367,1.46991,2.57437,3.51615,-0.343772,0.153671,-1.04838,0.858851,1.81773,-1.3333,-0.268026,0.946736,0.491842,-0.170299,-1.31564,2.11258,-0.254764,0.447102,-0.0790384,0.771709,-1.07643,0.39039,2.59278,-2.42411,0.352186,-0.466348,1.32887,-4.08489,2.32392,0.423738])
3.753938105185921
Max g: 0.2468357711131285
f_79([0.190056,-3.9163,4.91602,-3.79174,4.97906,-0.187539,0.422712,-1.6235,2.04621,2.22785,-1.23619,-0.0184888,-0.0685448,4.80467,-0.0260572,1.46975,2.57487,3.51627,-0.353591,0.110248,-1.02107,0.873423,1.8346,-1.35793,-0.268568,0.945909,0.492845,-0.170699,-1.28735,2.09884,-0.266043,0.445081,-0.10391,0.797008,-1.07868,0.392086,2.56783,-2.41616,0.367139,-0.465369,1.37741,-4.09386,2.29809,0.410824])
3.745959490722189
Max g: 0.2624999047766997
f_80([0.189579,-3.91628,4.91607,-3.79131,4.97902,-0.187758,0.423195,-1.6234,2.0466,2.2337,-1.2302,-0.0193053,-0.0703053,4.80459,-0.0266625,1.46912,2.57529,3.51603,-0.363638,0.0675914,-0.994543,0.889053,1.85082,-1.3825,-0.268416,0.945745,0.493954,-0.171118,-1.26313,2.0895,-0.278006,0.443069,-0.124905,0.814473,-1.07854,0.394212,2.5434,-2.40931,0.382414,-0.464556,1.42377,-4.10264,2.2745,0.397793])
3.7389782030664236
{0.1895790165401187,-3.9162773797823367,4.916073639934286,-3.791307217560445,4.979022462806822,-0.18775763162530457,0.4231950912107119,-1.6234029171557973,2.0465980083665056,2.233695159358626,-1.2301983033773392,-0.019305263862602316,-0.07030532686113429,4.804594928753115,-0.026662479505404787,1.4691169304483118,2.575287311375586,3.5160331139657446,-0.36363758372285354,0.06759143361447512,-0.9945434946373594,0.8890528696535681,1.8508184489862238,-1.3825035543002935,-0.2684163777815597,0.9457451267568575,0.4939539310050631,-0.17111789082024428,-1.2631283217850058,2.0894984480995333,-0.27800609891549327,0.4430687472674703,-0.12490534435412594,0.8144725182003021,-1.0785447205346415,0.3942116229079067,2.5434019313620855,-2.409309738862078,0.38241418400212684,-0.46455605732517075,1.4237740693738443,-4.102639215812206,2.2745035580633934,0.3977934126129464}]
Set[{A021,A031,A032,A041,A042,A043,A121,A131,A132,A141,A142,A143,B021,B031,B032,B041,B042,B043,B121,B131,B132,B141,B142,B143,\[Alpha]1,\[Alpha]2,\[Alpha]3,\[Alpha]4,\[Beta]11,\[Beta]12,\[Beta]13,\[Beta]14,\[Beta]21,\[Beta]22,\[Beta]23,\[Beta]24,\[Beta]31,\[Beta]32,\[Beta]33,\[Beta]34,\[Beta]41,\[Beta]42,\[Beta]43,\[Beta]44},{0.1895790165401187,-3.9162773797823367,4.916073639934286,-3.791307217560445,4.979022462806822,-0.18775763162530457,0.4231950912107119,-1.6234029171557973,2.0465980083665056,2.233695159358626,-1.2301983033773392,-0.019305263862602316,-0.07030532686113429,4.804594928753115,-0.026662479505404787,1.4691169304483118,2.575287311375586,3.5160331139657446,-0.36363758372285354,0.06759143361447512,-0.9945434946373594,0.8890528696535681,1.8508184489862238,-1.3825035543002935,-0.2684163777815597,0.9457451267568575,0.4939539310050631,-0.17111789082024428,-1.2631283217850058,2.0894984480995333,-0.27800609891549327,0.4430687472674703,-0.12490534435412594,0.8144725182003021,-1.0785447205346415,0.3942116229079067,2.5434019313620855,-2.409309738862078,0.38241418400212684,-0.46455605732517075,1.4237740693738443,-4.102639215812206,2.2745035580633934,0.3977934126129464}]

Max g: 0.2762257050283327
f_81([0.189005,-3.91639,4.91611,-3.79192,4.97901,-0.187136,0.422791,-1.62382,2.04661,2.23877,-1.22387,-0.0197871,-0.0732627,4.80437,-0.0262847,1.46904,2.57488,3.51589,-0.374389,0.0236842,-0.967452,0.904105,1.86706,-1.40608,-0.268876,0.944833,0.495478,-0.171807,-1.24056,2.08406,-0.292009,0.441032,-0.143549,0.828886,-1.07632,0.39529,2.51878,-2.40357,0.398137,-0.463185,1.46908,-4.11068,2.25195,0.384471])
3.74027472791678
Max g: 0.28874604531008174
f_82([0.189067,-3.91669,4.91624,-3.79136,4.97903,-0.187876,0.42206,-1.62479,2.04685,2.24221,-1.22115,-0.0210598,-0.0746449,4.80443,-0.0271274,1.46814,2.57355,3.51578,-0.385367,-0.0201145,-0.940773,0.918965,1.88271,-1.4291,-0.268236,0.944168,0.496292,-0.172116,-1.22152,2.08222,-0.306982,0.439333,-0.159897,0.838559,-1.07199,0.396902,2.49458,-2.39926,0.41447,-0.463334,1.51097,-4.11802,2.23118,0.371396])
3.747156282891749
Max g: 0.2983790026988999
f_83([0.190221,-3.91716,4.91608,-3.79055,4.97898,-0.188723,0.421344,-1.62545,2.04679,2.24392,-1.22037,-0.0235598,-0.0764581,4.80431,-0.0266298,1.46679,2.57325,3.51603,-0.39669,-0.0631205,-0.914959,0.932596,1.89708,-1.45073,-0.269199,0.944676,0.497128,-0.172584,-1.20694,2.08496,-0.321488,0.438289,-0.175894,0.845585,-1.06513,0.399085,2.47153,-2.39524,0.430766,-0.46405,1.55026,-4.12472,2.21192,0.359135])
3.7538383725051245
Max g: 0.3065798823841842
f_84([0.190952,-3.91944,4.91616,-3.78974,4.97893,-0.1897,0.420182,-1.62593,2.04611,2.24568,-1.21889,-0.0267852,-0.0779753,4.80402,-0.0258587,1.46679,2.57379,3.51616,-0.408708,-0.106912,-0.889111,0.945664,1.90967,-1.47005,-0.268986,0.943812,0.497946,-0.172904,-1.19457,2.09153,-0.338303,0.437843,-0.191885,0.850223,-1.05679,0.401256,2.44989,-2.39451,0.447921,-0.465186,1.58677,-4.13056,2.1948,0.34653])
3.7621161850112466
Max g: 0.31446039979418444
f_85([0.191481,-3.92041,4.9161,-3.78931,4.97893,-0.189868,0.418571,-1.62701,2.04558,2.24601,-1.216,-0.0300086,-0.0804722,4.80398,-0.0249311,1.46749,2.57547,3.51563,-0.420601,-0.149007,-0.864693,0.958614,1.92099,-1.48786,-0.270257,0.944581,0.499005,-0.173356,-1.18721,2.10231,-0.355941,0.437745,-0.206359,0.852522,-1.04677,0.403029,2.42977,-2.39389,0.464608,-0.466042,1.62205,-4.13588,2.17907,0.33407])
3.771191858963742
Max g: 0.3217240997097782
f_86([0.192251,-3.92292,4.91612,-3.7891,4.9789,-0.190067,0.416664,-1.6285,2.04517,2.2467,-1.214,-0.0326956,-0.0817082,4.80401,-0.0245017,1.46861,2.57455,3.51565,-0.432781,-0.189703,-0.841672,0.970019,1.93181,-1.50367,-0.270271,0.944004,0.499908,-0.173744,-1.18273,2.11654,-0.375209,0.438548,-0.219692,0.852655,-1.03649,0.404934,2.41225,-2.39507,0.481719,-0.467462,1.65302,-4.14038,2.16548,0.321423])
3.7774750178539307
Max g: 0.3283367807790012
f_87([0.192548,-3.92526,4.91605,-3.78791,4.97892,-0.191109,0.41443,-1.63009,2.04452,2.24813,-1.21373,-0.0343952,-0.083475,4.80397,-0.0243423,1.46851,2.57376,3.51541,-0.44536,-0.229516,-0.819773,0.980176,1.94225,-1.51889,-0.269222,0.942998,0.501011,-0.174237,-1.17983,2.13245,-0.394538,0.439859,-0.230301,0.850077,-1.02533,0.4068,2.39601,-2.39776,0.499029,-0.469603,1.68173,-4.14401,2.15387,0.308796])
3.7844563055096963
Max g: 0.33416957738988123
f_88([0.192478,-3.92674,4.91609,-3.78757,4.97892,-0.191606,0.412226,-1.63142,2.04364,2.24927,-1.21243,-0.0368457,-0.0851726,4.80404,-0.0243908,1.46853,2.57394,3.51538,-0.456004,-0.261962,-0.802227,0.988768,1.9502,-1.53052,-0.269336,0.941708,0.501828,-0.174552,-1.17899,2.14817,-0.411837,0.441124,-0.237859,0.845757,-1.01501,0.408044,2.38331,-2.40128,0.513906,-0.471232,1.704,-4.14662,2.1454,0.298144])
3.791637058527055
Max g: 0.33827176093532496
f_89([0.192667,-3.92777,4.91606,-3.78678,4.9789,-0.1922,0.409989,-1.63301,2.043,2.25084,-1.21154,-0.0392958,-0.0863861,4.80392,-0.0242549,1.46881,2.57423,3.51534,-0.466431,-0.292766,-0.785943,0.996503,1.95821,-1.54152,-0.26892,0.940935,0.502572,-0.174836,-1.17976,2.16465,-0.429056,0.442809,-0.244513,0.840645,-1.00461,0.40934,2.37223,-2.4059,0.528547,-0.473118,1.72412,-4.14859,2.13817,0.287806])
3.7995159403099903
Max g: 0.3421155163671468
f_90([0.19236,-3.92844,4.91608,-3.78625,4.9789,-0.192853,0.407995,-1.63418,2.04218,2.25201,-1.21027,-0.0417396,-0.087339,4.80397,-0.0238674,1.46852,2.57513,3.51531,-0.475773,-0.318735,-0.772655,1.00326,1.96415,-1.55023,-0.269167,0.941109,0.503109,-0.175069,-1.1812,2.1801,-0.44475,0.444443,-0.249167,0.834469,-0.995165,0.41036,2.36325,-2.41049,0.541717,-0.474925,1.74075,-4.14999,2.13282,0.278645])
3.8053004357961964
{0.19235978863818645,-3.928440006252182,4.916077883730568,-3.786251546384921,4.97890395059572,-0.19285292562263562,0.40799530590737554,-1.634178488342556,2.042175535017714,2.2520097732593047,-1.2102737979848397,-0.041739606114634266,-0.08733897155395035,4.803969385621454,-0.023867363469376433,1.468515368394233,2.5751262530771584,3.5153129574676822,-0.4757732584768995,-0.3187351403867629,-0.7726551959005851,1.003256358285403,1.9641525679353549,-1.5502266949661245,-0.26916744087873695,0.9411092047011632,0.5031094914107329,-0.17506909063795487,-1.181204770148947,2.180099062270217,-0.44475046726188233,0.44444286098184865,-0.24916692241818583,0.8344692938300943,-0.995165117639325,0.4103598894964215,2.3632523332435817,-2.410488483415901,0.5417168882099167,-0.47492491943015996,1.7407537883304869,-4.149992816053878,2.132824382478228,0.2786447600920232}]
Set[{A021,A031,A032,A041,A042,A043,A121,A131,A132,A141,A142,A143,B021,B031,B032,B041,B042,B043,B121,B131,B132,B141,B142,B143,\[Alpha]1,\[Alpha]2,\[Alpha]3,\[Alpha]4,\[Beta]11,\[Beta]12,\[Beta]13,\[Beta]14,\[Beta]21,\[Beta]22,\[Beta]23,\[Beta]24,\[Beta]31,\[Beta]32,\[Beta]33,\[Beta]34,\[Beta]41,\[Beta]42,\[Beta]43,\[Beta]44},{0.19235978863818645,-3.928440006252182,4.916077883730568,-3.786251546384921,4.97890395059572,-0.19285292562263562,0.40799530590737554,-1.634178488342556,2.042175535017714,2.2520097732593047,-1.2102737979848397,-0.041739606114634266,-0.08733897155395035,4.803969385621454,-0.023867363469376433,1.468515368394233,2.5751262530771584,3.5153129574676822,-0.4757732584768995,-0.3187351403867629,-0.7726551959005851,1.003256358285403,1.9641525679353549,-1.5502266949661245,-0.26916744087873695,0.9411092047011632,0.5031094914107329,-0.17506909063795487,-1.181204770148947,2.180099062270217,-0.44475046726188233,0.44444286098184865,-0.24916692241818583,0.8344692938300943,-0.995165117639325,0.4103598894964215,2.3632523332435817,-2.410488483415901,0.5417168882099167,-0.47492491943015996,1.7407537883304869,-4.149992816053878,2.132824382478228,0.2786447600920232}]

Max g: 0.3447935254007915
f_91([0.212929,-3.9599,4.93114,-3.80721,4.97896,-0.172188,0.372902,-1.44405,2.07656,2.12596,-1.1811,0.0207604,-0.0579541,4.81518,-0.0268448,1.48726,2.6968,3.50822,-0.490281,-0.306192,-0.767175,0.97642,1.98883,-1.45589,-0.239569,0.923047,0.475661,-0.158998,-1.27972,2.31719,-0.476423,0.444862,-0.316961,0.890279,-0.907737,0.34429,2.387,-2.45805,0.512591,-0.432805,1.73802,-4.11703,2.14821,0.21848])
4.045257265792937
Max g: 0.09028605136038713
f_92([0.214826,-3.95799,4.93115,-3.8079,4.97899,-0.171433,0.379982,-1.42711,2.08114,2.13237,-1.17444,0.0125163,-0.04507,4.81521,-0.0265911,1.48722,2.69622,3.50818,-0.505016,-0.324321,-0.771531,0.985177,2.00143,-1.45917,-0.238499,0.925763,0.469152,-0.156504,-1.29457,2.36799,-0.506154,0.434965,-0.334047,0.859639,-0.866193,0.340017,2.38182,-2.4863,0.543118,-0.432079,1.76443,-4.11613,2.15342,0.194729])
4.027405115930336
Max g: 0.09009626051662528
f_93([0.21713,-3.95618,4.93132,-3.80824,4.97899,-0.171071,0.387078,-1.41258,2.08387,2.13712,-1.16871,0.00570474,-0.0359014,4.81533,-0.0257322,1.48642,2.69549,3.50795,-0.515169,-0.337868,-0.772332,1.00222,2.01871,-1.47848,-0.23756,0.92737,0.464548,-0.154868,-1.30224,2.40616,-0.532069,0.42945,-0.320788,0.815926,-0.835038,0.33501,2.37706,-2.50767,0.566299,-0.430148,1.77846,-4.11664,2.15494,0.18093])
4.005364193474277
Max g: 0.08160910158153248
f_94([0.21813,-3.95511,4.9314,-3.8081,4.97899,-0.170971,0.392137,-1.40288,2.08582,2.14072,-1.16507,0.00195736,-0.0296471,4.81526,-0.0258718,1.48588,2.69492,3.50798,-0.521888,-0.347901,-0.771497,1.01841,2.03286,-1.49756,-0.236903,0.929162,0.461232,-0.153597,-1.30664,2.43208,-0.550727,0.426376,-0.300979,0.778098,-0.81421,0.330862,2.37324,-2.52233,0.581991,-0.428145,1.78774,-4.11715,2.1552,0.172407])
3.9914016181627456
Max g: 0.0725168588342996
f_95([0.21964,-3.95478,4.93145,-3.8078,4.97902,-0.171347,0.396178,-1.39547,2.08777,2.14397,-1.16182,-0.0010796,-0.0248943,4.8153,-0.0258213,1.4854,2.69469,3.50796,-0.527976,-0.357923,-0.76975,1.03451,2.04713,-1.51738,-0.236552,0.93014,0.45896,-0.15276,-1.3103,2.45487,-0.567669,0.424084,-0.279047,0.741776,-0.795588,0.326808,2.37001,-2.53583,0.596375,-0.426268,1.79632,-4.11774,2.15489,0.165074])
3.9767409140856382
Max g: 0.06371626140136605
f_96([0.22007,-3.9543,4.93148,-3.80781,4.97901,-0.171283,0.399635,-1.38867,2.08928,2.14686,-1.15906,-0.003232,-0.0206675,4.8154,-0.0260112,1.48543,2.69426,3.50786,-0.533631,-0.367915,-0.767503,1.04958,2.05988,-1.53607,-0.236632,0.931674,0.456926,-0.151989,-1.3135,2.47458,-0.582892,0.422331,-0.258322,0.70804,-0.778488,0.323058,2.36682,-2.5472,0.609055,-0.424876,1.80408,-4.11834,2.15421,0.158589])
3.9686625669411097
Max g: 0.055611623783112796
f_97([0.221141,-3.95343,4.93142,-3.80758,4.97902,-0.171609,0.402646,-1.38285,2.09078,2.14949,-1.15673,-0.00464413,-0.0176562,4.81544,-0.0255576,1.48572,2.69454,3.50761,-0.539334,-0.37848,-0.764649,1.06379,2.0721,-1.55384,-0.23581,0.93207,0.454921,-0.151228,-1.31561,2.49269,-0.597371,0.420912,-0.237978,0.675797,-0.762628,0.319717,2.36381,-2.55831,0.621398,-0.423644,1.81179,-4.1187,2.15342,0.152363])
3.9580909027766644
Max g: 0.04813837818639852
f_98([0.221051,-3.95284,4.93134,-3.80769,4.97903,-0.171419,0.405232,-1.37778,2.09217,2.15086,-1.15427,-0.00553832,-0.0152344,4.81534,-0.0253933,1.48577,2.69537,3.50756,-0.544904,-0.389242,-0.761538,1.07715,2.0831,-1.57032,-0.235527,0.93247,0.453818,-0.150747,-1.31828,2.51014,-0.611244,0.419973,-0.21969,0.64602,-0.747572,0.316634,2.36087,-2.5685,0.632978,-0.422586,1.81872,-4.11922,2.15247,0.146478])
3.949114961504966
Max g: 0.041526412441007333
f_99([0.221275,-3.95158,4.93129,-3.80737,4.97902,-0.171755,0.407569,-1.37298,2.0935,2.15269,-1.15222,-0.00600208,-0.0130614,4.81522,-0.0257541,1.48513,2.69593,3.50758,-0.550468,-0.400277,-0.758172,1.08935,2.09344,-1.58577,-0.235917,0.933584,0.452593,-0.150256,-1.32075,2.52619,-0.624236,0.419324,-0.201878,0.617218,-0.732966,0.313728,2.35821,-2.57802,0.643978,-0.422003,1.82623,-4.11973,2.15143,0.140826])
3.9421336738492005
Max g: 0.03543429056468669
f_100([0.221374,-3.95073,4.93128,-3.80687,4.97903,-0.172236,0.409462,-1.36896,2.09461,2.15388,-1.1504,-0.0064398,-0.011358,4.81521,-0.025631,1.48516,2.69578,3.50749,-0.555557,-0.410486,-0.754961,1.09935,2.10223,-1.5988,-0.235575,0.933812,0.451666,-0.149907,-1.32295,2.54015,-0.635801,0.419035,-0.187583,0.593067,-0.720471,0.311545,2.35606,-2.58651,0.653691,-0.421698,1.83285,-4.12014,2.15057,0.135782])
3.936548643724588
{0.2213738718345427,-3.9507271823755423,4.931282597141663,-3.8068670530912825,4.979027051588693,-0.17223618133884283,0.4094619955613129,-1.368956681870573,2.0946054337351545,2.153879629666042,-1.150397284029051,-0.006439800437129888,-0.011358000462221867,4.815214736236829,-0.02563099852654459,1.485159940100418,2.6957778963972348,3.5074943502264575,-0.5555568806315037,-0.41048558038317073,-0.754961413986324,1.0993533281884893,2.1022348430768236,-1.5987965934239188,-0.23557458430558498,0.9338121617174167,0.45166649310225276,-0.14990664468266734,-1.3229528722732005,2.5401543165961384,-0.635800955972602,0.4190345946105822,-0.18758268335713152,0.5930670369410925,-0.7204713719014078,0.3115446822552515,2.3560577783062233,-2.5865097802440373,0.6536907721989247,-0.4216980738257032,1.832854726948615,-4.120138153831911,2.150567518622649,0.13578184855623163}]
Set[{A021,A031,A032,A041,A042,A043,A121,A131,A132,A141,A142,A143,B021,B031,B032,B041,B042,B043,B121,B131,B132,B141,B142,B143,\[Alpha]1,\[Alpha]2,\[Alpha]3,\[Alpha]4,\[Beta]11,\[Beta]12,\[Beta]13,\[Beta]14,\[Beta]21,\[Beta]22,\[Beta]23,\[Beta]24,\[Beta]31,\[Beta]32,\[Beta]33,\[Beta]34,\[Beta]41,\[Beta]42,\[Beta]43,\[Beta]44},{0.2213738718345427,-3.9507271823755423,4.931282597141663,-3.8068670530912825,4.979027051588693,-0.17223618133884283,0.4094619955613129,-1.368956681870573,2.0946054337351545,2.153879629666042,-1.150397284029051,-0.006439800437129888,-0.011358000462221867,4.815214736236829,-0.02563099852654459,1.485159940100418,2.6957778963972348,3.5074943502264575,-0.5555568806315037,-0.41048558038317073,-0.754961413986324,1.0993533281884893,2.1022348430768236,-1.5987965934239188,-0.23557458430558498,0.9338121617174167,0.45166649310225276,-0.14990664468266734,-1.3229528722732005,2.5401543165961384,-0.635800955972602,0.4190345946105822,-0.18758268335713152,0.5930670369410925,-0.7204713719014078,0.3115446822552515,2.3560577783062233,-2.5865097802440373,0.6536907721989247,-0.4216980738257032,1.832854726948615,-4.120138153831911,2.150567518622649,0.13578184855623163}]

Max g: 0.03065256361237308
f_101([0.221389,-3.95042,4.93129,-3.80682,4.97902,-0.172299,0.410977,-1.36551,2.09536,2.15494,-1.14906,-0.00681478,-0.0102269,4.81518,-0.0256175,1.48563,2.69569,3.5075,-0.559779,-0.419155,-0.752127,1.10743,2.10882,-1.60901,-0.235519,0.934077,0.451109,-0.149674,-1.32487,2.55144,-0.644987,0.418904,-0.176182,0.573246,-0.710011,0.309736,2.35445,-2.59344,0.661539,-0.42157,1.83791,-4.12048,2.14976,0.131733])
3.931362544323162
Max g: 0.026831579333539777
f_102([0.221388,-3.9498,4.93127,-3.80672,4.97904,-0.172374,0.412469,-1.36218,2.09611,2.15569,-1.14839,-0.00729492,-0.00927382,4.81522,-0.0253464,1.48543,2.69538,3.5074,-0.564013,-0.427938,-0.749232,1.11488,2.11487,-1.61836,-0.235548,0.934467,0.450558,-0.149511,-1.32685,2.56261,-0.654135,0.41894,-0.165616,0.554759,-0.700133,0.308176,2.35319,-2.60033,0.669335,-0.421639,1.84307,-4.1207,2.14898,0.127814])
3.9263759102833298
Max g: 0.023146462609205557
f_103([0.221426,-3.94937,4.93126,-3.8069,4.97904,-0.172277,0.413936,-1.35901,2.09691,2.15584,-1.14831,-0.00753186,-0.00888257,4.81521,-0.0253059,1.48538,2.6953,3.50746,-0.568242,-0.436838,-0.746156,1.12189,2.12036,-1.62727,-0.235579,0.934706,0.450341,-0.149431,-1.32868,2.57297,-0.662884,0.419238,-0.155747,0.53685,-0.690406,0.30669,2.352,-2.60692,0.676888,-0.421888,1.8479,-4.12089,2.14825,0.123934])
3.9220874050090737
Max g: 0.020863422882893223
f_104([0.221504,-3.94901,4.93119,-3.80665,4.97905,-0.172473,0.415472,-1.35545,2.09767,2.15584,-1.14806,-0.00778871,-0.00842939,4.81519,-0.0250663,1.48509,2.69517,3.50739,-0.572563,-0.445945,-0.743009,1.12798,2.12556,-1.63539,-0.235467,0.934665,0.450254,-0.149426,-1.33118,2.58383,-0.67172,0.419754,-0.146538,0.519791,-0.68092,0.305513,2.35118,-2.61363,0.684411,-0.422407,1.85275,-4.12103,2.14752,0.120141])
3.914906651991715
Max g: 0.019563142674380973
f_105([0.221474,-3.94865,4.93111,-3.80662,4.97905,-0.172431,0.416915,-1.35189,2.09814,2.15583,-1.1478,-0.00802739,-0.0080082,4.81513,-0.0251871,1.48482,2.69497,3.50741,-0.576825,-0.454954,-0.739889,1.13353,2.13028,-1.64298,-0.235462,0.934779,0.45004,-0.149349,-1.33391,2.59436,-0.680341,0.420491,-0.138497,0.503854,-0.671825,0.304401,2.35069,-2.62016,0.691667,-0.423071,1.85718,-4.12117,2.14684,0.116431])
3.9093216218671025
Max g: 0.01840586700856106
f_106([0.221034,-3.94801,4.93116,-3.80644,4.97905,-0.172612,0.418368,-1.34849,2.09885,2.1558,-1.14768,-0.00811601,-0.00771854,4.81507,-0.0251059,1.48487,2.69493,3.50733,-0.580963,-0.46377,-0.736789,1.13848,2.13411,-1.64948,-0.235385,0.93487,0.449876,-0.14929,-1.33671,2.60434,-0.688493,0.421343,-0.131158,0.489226,-0.663419,0.30352,2.35029,-2.6261,0.698406,-0.423813,1.86165,-4.12122,2.14622,0.112857])
3.904235255146473
Max g: 0.017280725859009693
f_107([0.221145,-3.94769,4.93119,-3.80637,4.97904,-0.172718,0.419753,-1.34514,2.09953,2.15593,-1.14777,-0.00815998,-0.00768507,4.81509,-0.0250376,1.48465,2.69491,3.50727,-0.585097,-0.472463,-0.733744,1.14265,2.13721,-1.65515,-0.235497,0.935233,0.449733,-0.149249,-1.33911,2.61354,-0.696297,0.422413,-0.124801,0.475956,-0.655621,0.302888,2.35015,-2.63193,0.705136,-0.424771,1.86581,-4.12124,2.14566,0.109399])
3.8973537001715046
Max g: 0.016185504677539597
f_108([0.220867,-3.94732,4.93118,-3.80626,4.97905,-0.172827,0.421048,-1.34217,2.10029,2.15598,-1.14764,-0.00833961,-0.00764305,4.81515,-0.025136,1.48456,2.69487,3.50737,-0.58892,-0.480599,-0.730854,1.14641,2.13977,-1.65997,-0.235657,0.935197,0.449782,-0.14927,-1.34139,2.62223,-0.703621,0.423467,-0.119132,0.463689,-0.648283,0.302288,2.35009,-2.63732,0.711144,-0.425721,1.86954,-4.12128,2.14515,0.106281])
3.892067868089282
Max g: 0.015102640062536754
f_109([0.220596,-3.94695,4.93116,-3.80605,4.97905,-0.17308,0.422085,-1.3395,2.10079,2.15612,-1.14759,-0.00852844,-0.00750752,4.8152,-0.0249821,1.48442,2.69484,3.50736,-0.592312,-0.487743,-0.728377,1.14922,2.14178,-1.66382,-0.235599,0.935214,0.449799,-0.149299,-1.34342,2.62913,-0.709665,0.424516,-0.114903,0.454017,-0.642273,0.30195,2.35013,-2.64187,0.716392,-0.426704,1.87272,-4.12126,2.14472,0.103497])
3.887978828176619
Max g: 0.01425811243783942
f_110([0.220418,-3.94647,4.93116,-3.80596,4.97905,-0.17311,0.423109,-1.33706,2.10134,2.15615,-1.14764,-0.00850378,-0.00749573,4.81523,-0.024949,1.48442,2.69483,3.50736,-0.595543,-0.494575,-0.725967,1.15167,2.14336,-1.6671,-0.235715,0.93533,0.449779,-0.149298,-1.34538,2.63571,-0.715392,0.425601,-0.111273,0.445269,-0.636784,0.301656,2.35038,-2.64611,0.721251,-0.427633,1.87565,-4.12121,2.14438,0.100844])
3.88349085754077
{0.22041756440411311,-3.9464747212310547,4.931163777031455,-3.8059594515721327,4.979049707697327,-0.173109509690037,0.4231086979417589,-1.3370626122099947,2.101339521538971,2.1561482610957605,-1.147644480502633,-0.008503780593129026,-0.007495733563405715,4.815227748926276,-0.024949011998112173,1.4844176150412771,2.694827395474768,3.507359749864885,-0.5955428119003096,-0.49457476282185353,-0.7259665023068036,1.151665408244121,2.143363560131958,-1.6671005334373306,-0.2357151278599911,0.9353298433178902,0.4497792031453807,-0.14929797831069053,-1.345377507310467,2.6357115988455684,-0.7153921706456967,0.42560079628163855,-0.11127269800458195,0.4452692028766711,-0.6367836102879904,0.30165613961986265,2.350384534938785,-2.646113722505197,0.7212514300830503,-0.4276326880143801,1.875650467233176,-4.1212085916808725,2.1443772489301534,0.10084412780917233}]
Set[{A021,A031,A032,A041,A042,A043,A121,A131,A132,A141,A142,A143,B021,B031,B032,B041,B042,B043,B121,B131,B132,B141,B142,B143,\[Alpha]1,\[Alpha]2,\[Alpha]3,\[Alpha]4,\[Beta]11,\[Beta]12,\[Beta]13,\[Beta]14,\[Beta]21,\[Beta]22,\[Beta]23,\[Beta]24,\[Beta]31,\[Beta]32,\[Beta]33,\[Beta]34,\[Beta]41,\[Beta]42,\[Beta]43,\[Beta]44},{0.22041756440411311,-3.9464747212310547,4.931163777031455,-3.8059594515721327,4.979049707697327,-0.173109509690037,0.4231086979417589,-1.3370626122099947,2.101339521538971,2.1561482610957605,-1.147644480502633,-0.008503780593129026,-0.007495733563405715,4.815227748926276,-0.024949011998112173,1.4844176150412771,2.694827395474768,3.507359749864885,-0.5955428119003096,-0.49457476282185353,-0.7259665023068036,1.151665408244121,2.143363560131958,-1.6671005334373306,-0.2357151278599911,0.9353298433178902,0.4497792031453807,-0.14929797831069053,-1.345377507310467,2.6357115988455684,-0.7153921706456967,0.42560079628163855,-0.11127269800458195,0.4452692028766711,-0.6367836102879904,0.30165613961986265,2.350384534938785,-2.646113722505197,0.7212514300830503,-0.4276326880143801,1.875650467233176,-4.1212085916808725,2.1443772489301534,0.10084412780917233}]

Max g: 0.01343757568764703
f_111([0.220386,-3.94632,4.9312,-3.8059,4.97905,-0.17315,0.424072,-1.33457,2.10174,2.15615,-1.14751,-0.00863666,-0.0074842,4.81524,-0.0249373,1.48458,2.69476,3.50743,-0.598707,-0.501305,-0.723571,1.15368,2.14491,-1.67009,-0.235789,0.935392,0.449828,-0.149309,-1.34723,2.64193,-0.720896,0.426737,-0.107939,0.436887,-0.631471,0.301471,2.35057,-2.6502,0.725963,-0.428625,1.87855,-4.12119,2.144,0.0983241])
3.878105292777751
Max g: 0.012652009155343757
slurmstepd: *** JOB 9005346 ON comet-31-08 CANCELLED AT 2017-04-24T08:19:22 DUE TO TIME LIMIT ***

signal (15): Terminated
while loading /home/crackauc/.julia/v0.5/SRKGenerator/test/runtests.jl, in expression starting on line 45
unknown function (ip: 0x2b0ef311b6cb)
unknown function (ip: 0x2b0ef315facc)
unknown function (ip: 0x2b0ef315fb9d)
unknown function (ip: 0x2b0ef2f74dd4)
unknown function (ip: 0x2b0ef301c6df)
unknown function (ip: 0x2b0ef301c85e)
unknown function (ip: 0x2b0ef30e409d)
unknown function (ip: 0x2b0ef30e42f3)
unknown function (ip: 0x2b0ef3102c31)
unknown function (ip: 0x2b0ef3039766)
unknown function (ip: 0x2b0ef2f5cfa9)
unknown function (ip: 0x2b0ef2f60df4)
cuMemcpyDtoHAsync_v2 at /usr/lib64/libcuda.so (unknown line)
unknown function (ip: 0x2b0ef2c468ee)
unknown function (ip: 0x2b0ef2c22b5a)
cudaMemcpyAsync at /usr/local/cuda/lib64/libcudart.so (unknown line)
cudaMemcpyAsync at /home/crackauc/.julia/v0.5/CUDArt/src/../gen-6.5/gen_libcudart.jl:396 [inlined]
#copy!#9 at /home/crackauc/.julia/v0.5/CUDArt/src/arrays.jl:152
unknown function (ip: 0x2b0ef266c462)
f_maker at /home/crackauc/.julia/v0.5/SRKGenerator/src/optim_functions.jl:84
unknown function (ip: 0x2b0ef25c4821)
jl_call_method_internal at /home/centos/buildbot/slave/package_tarball64/build/src/julia_internal.h:189 [inlined]
jl_apply_generic at /home/centos/buildbot/slave/package_tarball64/build/src/gf.c:1942
#5 at /home/crackauc/.julia/v0.5/SRKGenerator/src/main.jl:61
jl_call_method_internal at /home/centos/buildbot/slave/package_tarball64/build/src/julia_internal.h:189 [inlined]
jl_apply_generic at /home/centos/buildbot/slave/package_tarball64/build/src/gf.c:1942
nlopt_callback_wrapper at /home/crackauc/.julia/v0.5/NLopt/src/NLopt.jl:427
unknown function (ip: 0x2b0ef25a8c0f)
f_max at /home/crackauc/.julia/v0.5/NLopt/deps/src/nlopt-2.4/api/optimize.c:779
auglag at /home/crackauc/.julia/v0.5/NLopt/deps/src/nlopt-2.4/auglag/auglag.c:36
func_wrap at /home/crackauc/.julia/v0.5/NLopt/deps/src/nlopt-2.4/cobyla/cobyla.c:100
cobylb at /home/crackauc/.julia/v0.5/NLopt/deps/src/nlopt-2.4/cobyla/cobyla.c:573 [inlined]
cobyla at /home/crackauc/.julia/v0.5/NLopt/deps/src/nlopt-2.4/cobyla/cobyla.c:430
cobyla_minimize at /home/crackauc/.julia/v0.5/NLopt/deps/src/nlopt-2.4/cobyla/cobyla.c:247
nlopt_optimize_ at /home/crackauc/.julia/v0.5/NLopt/deps/src/nlopt-2.4/api/optimize.c:647 [inlined]
nlopt_optimize at /home/crackauc/.julia/v0.5/NLopt/deps/src/nlopt-2.4/api/optimize.c:826
nlopt_optimize_limited at /home/crackauc/.julia/v0.5/NLopt/deps/src/nlopt-2.4/api/optimize.c:865
auglag_minimize at /home/crackauc/.julia/v0.5/NLopt/deps/src/nlopt-2.4/auglag/auglag.c:195
nlopt_optimize_ at /home/crackauc/.julia/v0.5/NLopt/deps/src/nlopt-2.4/api/optimize.c:733 [inlined]
nlopt_optimize at /home/crackauc/.julia/v0.5/NLopt/deps/src/nlopt-2.4/api/optimize.c:826
optimize! at /home/crackauc/.julia/v0.5/NLopt/src/NLopt.jl:526
#srk_optimize#1 at /home/crackauc/.julia/v0.5/SRKGenerator/src/main.jl:92
unknown function (ip: 0x2b0ef25ae6cd)
jl_call_method_internal at /home/centos/buildbot/slave/package_tarball64/build/src/julia_internal.h:189 [inlined]
jl_apply_generic at /home/centos/buildbot/slave/package_tarball64/build/src/gf.c:1942
#srk_optimize at ./<missing>:0
unknown function (ip: 0x2b0ef25aaf1c)
jl_call_method_internal at /home/centos/buildbot/slave/package_tarball64/build/src/julia_internal.h:189 [inlined]
jl_apply_generic at /home/centos/buildbot/slave/package_tarball64/build/src/gf.c:1942
do_call at /home/centos/buildbot/slave/package_tarball64/build/src/interpreter.c:66
eval at /home/centos/buildbot/slave/package_tarball64/build/src/interpreter.c:190
eval_body at /home/centos/buildbot/slave/package_tarball64/build/src/interpreter.c:469
jl_interpret_call at /home/centos/buildbot/slave/package_tarball64/build/src/interpreter.c:573
jl_toplevel_eval_flex at /home/centos/buildbot/slave/package_tarball64/build/src/toplevel.c:572
jl_parse_eval_all at /home/centos/buildbot/slave/package_tarball64/build/src/ast.c:717
jl_load at /home/centos/buildbot/slave/package_tarball64/build/src/toplevel.c:596
jl_load_ at /home/centos/buildbot/slave/package_tarball64/build/src/toplevel.c:605
include_from_node1 at ./loading.jl:488
unknown function (ip: 0x2b0cc8d22d0b)
jl_call_method_internal at /home/centos/buildbot/slave/package_tarball64/build/src/julia_internal.h:189 [inlined]
jl_apply_generic at /home/centos/buildbot/slave/package_tarball64/build/src/gf.c:1942
process_options at ./client.jl:262
_start at ./client.jl:318
unknown function (ip: 0x2b0cc8d482e8)
jl_call_method_internal at /home/centos/buildbot/slave/package_tarball64/build/src/julia_internal.h:189 [inlined]
jl_apply_generic at /home/centos/buildbot/slave/package_tarball64/build/src/gf.c:1942
jl_apply at /home/centos/buildbot/slave/package_tarball64/build/ui/../src/julia.h:1392 [inlined]
true_main at /home/centos/buildbot/slave/package_tarball64/build/ui/repl.c:112
main at /home/centos/buildbot/slave/package_tarball64/build/ui/repl.c:232
__libc_start_main at /lib64/libc.so.6 (unknown line)
unknown function (ip: 0x4013fc)
unknown function (ip: 0xffffffffffffffff)
Allocations: 101287231343 (Pool: 101141760543; Big: 145470800); GC: 23055

signal (11): Segmentation fault
while loading /home/crackauc/.julia/v0.5/SRKGenerator/test/runtests.jl, in expression starting on line 45
