
-----------------Setup------------------
Options: alg=LN_AUGLAG_EQ,dx=0.01,max_eval=100000000,popSize=0
imin=-6,jmin=-4,imax=1,jmax=4,
parameter_minmax=5,randSeed=27670362

f_1([0.790251,2.37312,-1.57262,4.97597,-4.89639,0.909234,0.000692201,-4.67083,4.75118,2.05697,-1.98943,0.0180042,4.88775,4.84763,4.29391,0.87162,-4.94309,-4.81934,0.956636,-0.332745,1.46338,1.03199,2.5128,-3.02522,1.06405,-0.0650279,0.0376617,0.00576712,-0.463142,-4.92569,2.98192,4.09666,-1.30803,-2.77297,1.63572,3.35172,1.27423,2.77915,-2.12376,-0.496169,-2.70664,4.83702,-1.84864,-3.18273])
3.1265198102941936
Max g: 1.433450819561278
f_2([0.389093,3.53901,-2.53906,4.99943,-4.99265,0.993159,0.188873,-4.67192,4.94243,2.41315,-1.88941,-0.253229,4.93953,2.04397,4.30528,-0.222173,-4.97825,-4.69914,0.371231,-0.743591,1.26615,0.134767,2.65862,-2.52114,0.964714,-0.0988766,0.191545,-0.0392068,-0.811244,-4.98599,2.77827,3.94584,-1.59878,-3.3661,1.65774,3.37197,1.07489,1.94098,-2.03003,-1.14663,-2.36265,4.84183,-0.0480744,-2.67765])
1.3396093684606083
Max g: 1.0433283682475007
f_3([0.329911,3.53764,-2.53765,4.99958,-4.99324,0.99366,0.168225,-4.67234,4.92809,2.48525,-1.93154,-0.297951,4.93949,2.03462,4.30196,-0.218732,-4.97872,-4.69912,0.424345,-0.627334,1.22162,0.132411,2.68492,-2.51043,0.953775,-0.17152,0.234638,-0.0380933,-0.738857,-5.0,2.70565,3.94435,-1.61635,-3.41082,1.73262,3.31639,1.1196,2.05551,-1.88245,-1.28484,-2.3584,4.84204,0.00639636,-2.68194])
1.2965248503564553
Max g: 1.2354002566094566
f_4([0.726537,4.1643,-3.1643,4.99274,-4.90156,0.908824,0.239977,-4.6943,4.93428,3.33242,-2.59256,-0.37997,4.93679,1.105,3.90904,0.358392,-4.96529,-4.68533,0.532954,-0.526467,1.26242,0.309728,2.49478,-2.46547,0.912432,-1.14552,1.27312,-0.0299595,-0.872592,-4.79609,2.66559,3.91736,-1.53854,-4.02826,2.39457,3.0339,0.477589,1.85476,-1.22579,-1.28417,-2.11108,4.67105,-0.334376,-2.64497])
1.0631503772922932
Max g: 1.3466394982408083
f_5([0.711367,4.16169,-3.1617,4.99269,-4.90399,0.911299,0.303848,-4.6945,4.99835,3.39248,-2.59893,-0.387242,4.93647,1.04672,3.9024,0.359655,-4.96482,-4.68509,0.634938,-0.399603,1.25292,0.417706,2.47072,-2.49025,0.895417,-1.14812,1.29694,-0.0265035,-0.731829,-4.84648,2.59823,3.91154,-1.49772,-3.99995,2.24896,3.03948,0.704767,1.85145,-1.25036,-1.43918,-1.56039,4.65799,-0.644545,-2.6829])
1.1209953321543507
Max g: 1.3392711110569024
f_6([0.701981,4.16114,-3.16115,4.99269,-4.9044,0.911713,0.305746,-4.69424,4.99999,3.43815,-2.62126,-0.406998,4.93655,1.0353,3.89744,0.356006,-4.9647,-4.6853,0.756924,-0.274972,1.24685,0.617039,2.4317,-2.54674,0.876357,-1.15315,1.30828,-0.0258309,-0.601594,-4.91032,2.5328,3.90557,-1.42987,-3.92101,2.07605,3.05782,0.887622,1.87194,-1.22042,-1.60095,-1.55343,4.65652,-0.839802,-2.6903])
1.1679694248095729
Max g: 1.3579127571624179
f_7([0.696678,4.16084,-3.16085,4.99269,-4.90468,0.911984,0.306149,-4.69385,5.0,3.4688,-2.63409,-0.419873,4.93653,1.02832,3.89497,0.355489,-4.96467,-4.68531,0.824215,-0.223182,1.25217,0.753851,2.40402,-2.58094,0.870201,-1.15652,1.31505,-0.0253932,-0.489693,-4.96437,2.48321,3.89973,-1.37082,-3.87943,1.96879,3.06182,0.958867,1.91128,-1.18849,-1.69618,-1.54528,4.65529,-0.90792,-2.69634])
1.176247237315695
Max g: 1.3471128548814644
f_8([0.695285,4.16085,-3.16085,4.99269,-4.90483,0.912137,0.306292,-4.69371,5.0,3.47711,-2.63713,-0.423065,4.93653,1.02641,3.8942,0.355311,-4.96466,-4.68533,0.842607,-0.212271,1.25612,0.794432,2.39587,-2.59041,0.868522,-1.15772,1.31718,-0.0252226,-0.451098,-4.98347,2.46729,3.89757,-1.34934,-3.87131,1.93861,3.06054,0.970792,1.92847,-1.17801,-1.72281,-1.54214,4.65488,-0.921787,-2.69865])
1.1764467026772882
Max g: 1.3411360347726857
f_9([0.69609,4.16121,-3.16128,4.99274,-4.90419,0.911436,0.306445,-4.69355,5.0,3.48987,-2.64533,-0.428421,4.93646,1.02005,3.89261,0.353879,-4.96444,-4.68539,0.920892,-0.156032,1.28329,0.895851,2.37607,-2.61009,0.864451,-1.16224,1.32463,-0.0248515,-0.369145,-5.0,2.4372,3.89092,-1.29268,-3.86171,1.88645,3.0517,0.958178,1.98792,-1.15709,-1.76903,-1.26232,4.64877,-1.05152,-2.75686])
1.1871180995225297
Max g: 1.2711207106475957
f_10([0.694351,4.16118,-3.16118,4.99275,-4.9043,0.911556,0.306958,-4.69304,5.0,3.48505,-2.64031,-0.424821,4.93648,1.01619,3.8913,0.354391,-4.96444,-4.68537,0.96208,-0.143014,1.30688,0.978764,2.35849,-2.62892,0.861764,-1.16312,1.32728,-0.0245687,-0.31484,-5.0,2.4018,3.88239,-1.23576,-3.86636,1.84858,3.03774,0.932758,2.03996,-1.14267,-1.80688,-1.25474,4.64715,-1.08147,-2.7677])
1.1920050008815657
{0.6943508185029807,4.161180867437468,-3.161183889671184,4.992745319229593,-4.904303661805415,0.9115557604430609,0.3069578855697096,-4.6930421144302885,5.0,3.48504998243694,-2.6403084023147914,-0.4248205868870677,4.9364766506493405,1.016190109304019,3.8912971545533734,0.3543907247326708,-4.964444484766857,-4.685374264451561,0.9620799653257357,-0.1430137584458897,1.306879807071443,0.9787639015887961,2.358487812786723,-2.628917253418905,0.8617642479226787,-1.1631202925066235,1.3272800746687479,-0.02456869009695237,-0.3148402621361048,-5.0,2.401799570463888,3.8823879390706626,-1.235764477785063,-3.8663640898897786,1.8485756285871997,3.0377387190759872,0.9327582160557144,2.0399588340379093,-1.1426670609659975,-1.8068769291556463,-1.2547432089656478,4.647152608831058,-1.0814693373364006,-2.7677045431371634}]
Set[{A021,A031,A032,A041,A042,A043,A121,A131,A132,A141,A142,A143,B021,B031,B032,B041,B042,B043,B121,B131,B132,B141,B142,B143,\[Alpha]1,\[Alpha]2,\[Alpha]3,\[Alpha]4,\[Beta]11,\[Beta]12,\[Beta]13,\[Beta]14,\[Beta]21,\[Beta]22,\[Beta]23,\[Beta]24,\[Beta]31,\[Beta]32,\[Beta]33,\[Beta]34,\[Beta]41,\[Beta]42,\[Beta]43,\[Beta]44},{0.6943508185029807,4.161180867437468,-3.161183889671184,4.992745319229593,-4.904303661805415,0.9115557604430609,0.3069578855697096,-4.6930421144302885,5.0,3.48504998243694,-2.6403084023147914,-0.4248205868870677,4.9364766506493405,1.016190109304019,3.8912971545533734,0.3543907247326708,-4.964444484766857,-4.685374264451561,0.9620799653257357,-0.1430137584458897,1.306879807071443,0.9787639015887961,2.358487812786723,-2.628917253418905,0.8617642479226787,-1.1631202925066235,1.3272800746687479,-0.02456869009695237,-0.3148402621361048,-5.0,2.401799570463888,3.8823879390706626,-1.235764477785063,-3.8663640898897786,1.8485756285871997,3.0377387190759872,0.9327582160557144,2.0399588340379093,-1.1426670609659975,-1.8068769291556463,-1.2547432089656478,4.647152608831058,-1.0814693373364006,-2.7677045431371634}]

Max g: 1.2517864707619388
f_11([0.694073,4.16131,-3.16131,4.99274,-4.90418,0.911431,0.307092,-4.69291,5.0,3.48168,-2.63804,-0.422709,4.93648,1.01533,3.89097,0.35431,-4.96446,-4.68537,0.970139,-0.141892,1.31241,0.997011,2.35445,-2.63297,0.861255,-1.16321,1.32779,-0.0244939,-0.302705,-5.0,2.393,3.88007,-1.22187,-3.86809,1.84052,3.03402,0.926021,2.05228,-1.14014,-1.81484,-1.25282,4.64678,-1.08509,-2.77038])
1.1933015257319222
Max g: 1.2474234662295007
f_12([0.694073,4.16131,-3.16131,4.99274,-4.90418,0.911431,0.307092,-4.69291,5.0,3.48168,-2.63804,-0.422709,4.93648,1.01533,3.89097,0.35431,-4.96446,-4.68537,0.970139,-0.141892,1.31241,0.997011,2.35445,-2.63297,0.861255,-1.16321,1.32779,-0.0244939,-0.302705,-5.0,2.393,3.88007,-1.22187,-3.86809,1.84052,3.03402,0.926021,2.05228,-1.14014,-1.81484,-1.25282,4.64678,-1.08509,-2.77038])
1.1933015257319222
Max g: 1.2474234525471166
f_13([0.701884,4.15925,-3.15938,4.99275,-4.90649,0.913639,0.30758,-4.69242,5.0,3.4808,-2.63947,-0.421905,4.93656,1.00725,3.88733,0.366582,-4.96462,-4.68579,1.01209,-0.110032,1.33255,1.02733,2.35442,-2.63979,0.85636,-1.15835,1.32737,-0.0240217,-0.283643,-5.0,2.38389,3.87653,-1.19709,-3.86187,1.82812,3.02445,0.911193,2.06279,-1.13268,-1.81891,-0.977337,4.64112,-1.1624,-2.80256])
1.207264101043453
Max g: 1.1967830033512241
f_14([0.699265,4.15895,-3.15906,4.99273,-4.90751,0.914704,0.308449,-4.69155,5.0,3.44996,-2.62086,-0.405981,4.93654,0.999461,3.8851,0.36572,-4.96457,-4.68567,1.08666,-0.0749325,1.37895,1.13094,2.33643,-2.66016,0.852034,-1.15491,1.32724,-0.0234754,-0.236817,-5.0,2.35092,3.86109,-1.12222,-3.8876,1.80358,3.00033,0.861533,2.13623,-1.13547,-1.83566,-0.968899,4.63791,-1.22508,-2.82597])
1.2279087659683598
Max g: 1.1611053470083217
f_15([0.698428,4.15924,-3.15943,4.99273,-4.90689,0.91399,0.309164,-4.69084,5.0,3.42247,-2.60586,-0.389949,4.93656,0.995134,3.88388,0.366479,-4.9645,-4.68573,1.12434,-0.0691727,1.40855,1.20454,2.32059,-2.67479,0.849609,-1.15511,1.32962,-0.0232561,-0.19548,-5.0,2.32051,3.84725,-1.06364,-3.90438,1.78444,2.98226,0.824171,2.18985,-1.13756,-1.85327,-0.961556,4.63552,-1.23774,-2.84357])
1.2384804301328047
Max g: 1.1361023323394788
f_16([0.698379,4.15866,-3.15917,4.99274,-4.9073,0.914373,0.309869,-4.69013,5.0,3.39471,-2.5898,-0.374267,4.93655,0.992814,3.88274,0.366672,-4.96445,-4.68579,1.15828,-0.0653053,1.43584,1.27157,2.30782,-2.68778,0.84855,-1.15463,1.33018,-0.0230295,-0.151996,-5.0,2.28774,3.83297,-1.00727,-3.91646,1.76168,2.96641,0.791474,2.24096,-1.13813,-1.87365,-0.953946,4.63323,-1.24321,-2.86026])
1.2480547674892832
Max g: 1.1124597846822404
f_17([0.698872,4.15872,-3.16002,4.99273,-4.90751,0.914409,0.310746,-4.68925,5.0,3.36015,-2.57045,-0.354542,4.93655,0.987804,3.88155,0.365789,-4.96447,-4.68584,1.19801,-0.0584823,1.46548,1.34719,2.29457,-2.70042,0.845563,-1.15412,1.3321,-0.022731,-0.0955615,-5.0,2.24573,3.81584,-0.94296,-3.92562,1.73057,2.9494,0.75479,2.29944,-1.13561,-1.89905,-0.944838,4.63076,-1.24493,-2.87893])
1.2586264316537281
Max g: 1.08605786664587
f_18([0.698793,4.15801,-3.16079,4.99273,-4.90757,0.914419,0.311697,-4.6883,5.0,3.32124,-2.54771,-0.333088,4.93652,0.984893,3.88063,0.366254,-4.96433,-4.68576,1.24158,-0.0481621,1.4958,1.42463,2.28442,-2.7135,0.843248,-1.15435,1.33368,-0.022552,-0.0310551,-5.0,2.19931,3.79721,-0.877299,-3.9326,1.69526,2.93317,0.71877,2.36162,-1.13245,-1.92802,-0.934828,4.62816,-1.24465,-2.89793])
1.269198095818173
Max g: 1.0593881651415833
f_19([0.698776,4.15769,-3.16128,4.99275,-4.90758,0.914752,0.312445,-4.68756,5.0,3.28921,-2.52968,-0.31512,4.93652,0.982175,3.87946,0.366035,-4.96439,-4.68574,1.27794,-0.0369058,1.51837,1.48723,2.27611,-2.72246,0.842114,-1.15364,1.3344,-0.0223553,0.0205598,-5.0,2.16192,3.78233,-0.827389,-3.93656,1.66652,2.92031,0.68939,2.4099,-1.12888,-1.95035,-0.926832,4.62619,-1.2434,-2.91243])
1.2775756410050916
Max g: 1.038458030893504
f_20([0.698883,4.15761,-3.16157,4.99275,-4.90741,0.914594,0.313025,-4.68698,5.0,3.26365,-2.51508,-0.300969,4.93651,0.980648,3.87894,0.36594,-4.96442,-4.68574,1.30742,-0.0263489,1.53515,1.53648,2.27032,-2.72927,0.841461,-1.15328,1.33477,-0.0222382,0.0613048,-5.0,2.13237,3.77069,-0.7893,-3.93836,1.64359,2.91047,0.666164,2.448,-1.12571,-1.96814,-0.92051,4.62467,-1.2418,-2.92364])
1.2827617404065175
{0.6988829943747634,4.157608729159473,-3.1615685758051963,4.992747052610084,-4.907406719164388,0.9145937906883783,0.31302453574508743,-4.68697546425491,5.0,3.2636450470315546,-2.5150827962105757,-0.30096940009527856,4.936514763111607,0.9806479202750905,3.878942482895557,0.36594015695825893,-4.964419152166398,-4.685735184778298,1.3074181337848196,-0.02634892319130363,1.5351543069287614,1.5364767438877713,2.270319874350288,-2.729267236756101,0.841461107508133,-1.153280972647645,1.3347727186743013,-0.022238188024201917,0.06130479309346074,-4.999999999999999,2.132372093132715,3.7706896768224882,-0.7893004975820023,-3.938358575817132,1.6435901570785845,2.9104652699047153,0.6661641223342242,2.4480035812514322,-1.1257066149860657,-1.9681395425856687,-0.9205100879650208,4.624673393222338,-1.2417981021484006,-2.923640440866184}]
Set[{A021,A031,A032,A041,A042,A043,A121,A131,A132,A141,A142,A143,B021,B031,B032,B041,B042,B043,B121,B131,B132,B141,B142,B143,\[Alpha]1,\[Alpha]2,\[Alpha]3,\[Alpha]4,\[Beta]11,\[Beta]12,\[Beta]13,\[Beta]14,\[Beta]21,\[Beta]22,\[Beta]23,\[Beta]24,\[Beta]31,\[Beta]32,\[Beta]33,\[Beta]34,\[Beta]41,\[Beta]42,\[Beta]43,\[Beta]44},{0.6988829943747634,4.157608729159473,-3.1615685758051963,4.992747052610084,-4.907406719164388,0.9145937906883783,0.31302453574508743,-4.68697546425491,5.0,3.2636450470315546,-2.5150827962105757,-0.30096940009527856,4.936514763111607,0.9806479202750905,3.878942482895557,0.36594015695825893,-4.964419152166398,-4.685735184778298,1.3074181337848196,-0.02634892319130363,1.5351543069287614,1.5364767438877713,2.270319874350288,-2.729267236756101,0.841461107508133,-1.153280972647645,1.3347727186743013,-0.022238188024201917,0.06130479309346074,-4.999999999999999,2.132372093132715,3.7706896768224882,-0.7893004975820023,-3.938358575817132,1.6435901570785845,2.9104652699047153,0.6661641223342242,2.4480035812514322,-1.1257066149860657,-1.9681395425856687,-0.9205100879650208,4.624673393222338,-1.2417981021484006,-2.923640440866184}]

Max g: 1.0224417191724156
f_21([0.699131,4.15742,-3.16191,4.99275,-4.90738,0.91451,0.313815,-4.68619,5.0,3.22879,-2.49504,-0.281835,4.93651,0.978569,3.87805,0.365947,-4.96438,-4.68572,1.34946,-0.00937108,1.557,1.60531,2.26244,-2.73813,0.840295,-1.15257,1.33514,-0.0220938,0.116661,-5.0,2.09247,3.75501,-0.739054,-3.93952,1.61228,2.89726,0.63458,2.49968,-1.12124,-1.99253,-0.9119,4.62264,-1.23917,-2.93859])
1.2894438300198932
Max g: 1.0008378016594577
f_22([0.699381,4.15692,-3.16243,4.99275,-4.90731,0.914514,0.315217,-4.68478,5.0,3.16693,-2.45949,-0.24813,4.93651,0.975211,3.87676,0.366032,-4.96436,-4.68572,1.42957,0.027931,1.59343,1.73177,2.24946,-2.75345,0.838272,-1.15148,1.33576,-0.0218731,0.214366,-5.0,2.02312,3.7275,-0.653069,-3.93896,1.55783,2.87346,0.578327,2.59287,-1.11371,-2.03691,-0.896428,4.61909,-1.23367,-2.96448])
1.299417098099558
Max g: 0.9633305548723081
f_23([0.699624,4.15653,-3.16292,4.99275,-4.90732,0.914563,0.316626,-4.68337,5.0,3.10694,-2.42513,-0.215298,4.93651,0.972278,3.87565,0.365989,-4.96437,-4.68572,1.51866,0.0754328,1.62747,1.86698,2.23644,-2.76827,0.836403,-1.15041,1.33617,-0.0216778,0.309218,-5.0,1.95694,3.70067,-0.570662,-3.93437,1.50498,2.84892,0.521971,2.68853,-1.10742,-2.08295,-0.88062,4.61557,-1.22819,-2.98989])
1.3073957125632902
Max g: 0.9260075391403539
f_24([0.699777,4.15615,-3.16333,4.99275,-4.90731,0.914545,0.318061,-4.68194,5.0,3.05037,-2.39261,-0.18437,4.93651,0.969827,3.8748,0.366036,-4.96437,-4.68573,1.61836,0.134341,1.65985,2.01209,2.22355,-2.78288,0.834903,-1.14966,1.33661,-0.0215164,0.399812,-5.0,1.89517,3.67476,-0.491536,-3.92515,1.45449,2.82303,0.466446,2.78822,-1.10361,-2.13191,-0.864262,4.61205,-1.22371,-3.01499])
1.316870317238972
Max g: 0.8883471591072114
f_25([0.699925,4.15589,-3.16366,4.99275,-4.90732,0.914538,0.319516,-4.68048,5.0,2.99888,-2.3629,-0.156166,4.93652,0.968021,3.8741,0.366174,-4.96437,-4.68573,1.72991,0.205958,1.69105,2.16726,2.21081,-2.79695,0.833755,-1.14904,1.3369,-0.021396,0.484268,-5.0,1.83911,3.65027,-0.416271,-3.91036,1.40689,2.79541,0.412634,2.8929,-1.10337,-2.18479,-0.847138,4.60852,-1.221,-3.03962])
1.32913743697696
Max g: 0.8500713658560013
f_26([0.699989,4.15565,-3.16384,4.99275,-4.9073,0.914525,0.320899,-4.6791,5.0,2.95719,-2.33872,-0.13319,4.93652,0.966718,3.87357,0.366145,-4.96436,-4.68574,1.84443,0.284494,1.7194,2.31933,2.19946,-2.80929,0.832996,-1.14866,1.3372,-0.0213053,0.555392,-5.0,1.79339,3.62932,-0.350773,-3.89076,1.36589,2.76787,0.365674,2.99526,-1.10743,-2.23833,-0.83031,4.60527,-1.2208,-3.06166])
1.3410056259917613
Max g: 0.813817051431247
f_27([0.699965,4.15547,-3.1641,4.99275,-4.9073,0.914468,0.322254,-4.67775,5.0,2.92342,-2.31898,-0.11434,4.93652,0.96596,3.87332,0.366187,-4.96438,-4.68573,1.96366,0.370773,1.74605,2.47093,2.18935,-2.82035,0.832388,-1.14849,1.33741,-0.0212617,0.615229,-5.0,1.75592,3.61144,-0.293115,-3.86611,1.32979,2.73954,0.324536,3.09849,-1.11594,-2.29437,-0.813165,4.60222,-1.22299,-3.08157])
1.355666330068869
Max g: 0.7784949549899274
f_28([0.700044,4.1554,-3.16421,4.99275,-4.90722,0.914443,0.323486,-4.67651,5.0,2.89854,-2.30423,-0.100351,4.93652,0.965459,3.87306,0.366086,-4.96438,-4.68573,2.07636,0.455841,1.76917,2.60901,2.18108,-2.82945,0.83193,-1.14836,1.33756,-0.0212251,0.660907,-5.0,1.72794,3.5976,-0.246874,-3.83908,1.3003,2.71261,0.291829,3.19471,-1.12768,-2.34853,-0.796921,4.59962,-1.22691,-3.09784])
1.3727206184850962
Max g: 0.7468243864027091
f_29([0.70008,4.15537,-3.16427,4.99275,-4.90736,0.914544,0.324645,-4.67535,5.0,2.87995,-2.293,-0.089759,4.93652,0.964917,3.87302,0.366273,-4.96437,-4.68573,2.18393,0.539792,1.78968,2.73689,2.17413,-2.83717,0.831728,-1.14809,1.33749,-0.0211959,0.696537,-5.0,1.70663,3.58675,-0.209246,-3.81017,1.27543,2.68647,0.265561,3.28635,-1.14193,-2.4018,-0.781102,4.59736,-1.23201,-3.11142])
1.3885781147317635
Max g: 0.7177554695363977
f_30([0.700132,4.15541,-3.16433,4.99275,-4.9073,0.914517,0.325741,-4.67426,5.0,2.86573,-2.28418,-0.0816194,4.93652,0.964739,3.87296,0.366274,-4.96435,-4.68573,2.28592,0.621255,1.8081,2.85547,2.1681,-2.84379,0.83157,-1.14797,1.33746,-0.0211896,0.724295,-5.0,1.69012,3.57827,-0.178791,-3.7799,1.25386,2.66098,0.244521,3.3739,-1.15789,-2.45412,-0.765687,4.59536,-1.23762,-3.12272])
1.4017428285969213
{0.7001322827601085,4.155407222713648,-3.164334629389422,4.992751782738391,-4.907299240397911,0.9145172668417643,0.32574106688340876,-4.674258544418109,4.99999820087271,2.8657255263187427,-2.2841788368727607,-0.08161941652325459,4.936515917558416,0.9647389870479933,3.872964319980219,0.36627388588461735,-4.964354154359769,-4.685731147283782,2.28592046811281,0.6212553499570426,1.8080968620192794,2.8554717417709776,2.168100666915167,-2.8437885703572676,0.8315699662535996,-1.1479748727588588,1.3374649243291392,-0.021189619831387656,0.7242946960894223,-4.999999958040001,1.6901181854967593,3.5782689520479716,-0.17879059964070784,-3.779899816600959,1.2538621562466596,2.6609806765369957,0.2445210018219801,3.3738990951867662,-1.1578890386299712,-2.454119921497793,-0.7656869252610943,4.595358415966093,-1.2376166408112361,-3.1227202067397375}]
Set[{A021,A031,A032,A041,A042,A043,A121,A131,A132,A141,A142,A143,B021,B031,B032,B041,B042,B043,B121,B131,B132,B141,B142,B143,\[Alpha]1,\[Alpha]2,\[Alpha]3,\[Alpha]4,\[Beta]11,\[Beta]12,\[Beta]13,\[Beta]14,\[Beta]21,\[Beta]22,\[Beta]23,\[Beta]24,\[Beta]31,\[Beta]32,\[Beta]33,\[Beta]34,\[Beta]41,\[Beta]42,\[Beta]43,\[Beta]44},{0.7001322827601085,4.155407222713648,-3.164334629389422,4.992751782738391,-4.907299240397911,0.9145172668417643,0.32574106688340876,-4.674258544418109,4.99999820087271,2.8657255263187427,-2.2841788368727607,-0.08161941652325459,4.936515917558416,0.9647389870479933,3.872964319980219,0.36627388588461735,-4.964354154359769,-4.685731147283782,2.28592046811281,0.6212553499570426,1.8080968620192794,2.8554717417709776,2.168100666915167,-2.8437885703572676,0.8315699662535996,-1.1479748727588588,1.3374649243291392,-0.021189619831387656,0.7242946960894223,-4.999999958040001,1.6901181854967593,3.5782689520479716,-0.17879059964070784,-3.779899816600959,1.2538621562466596,2.6609806765369957,0.2445210018219801,3.3738990951867662,-1.1578890386299712,-2.454119921497793,-0.7656869252610943,4.595358415966093,-1.2376166408112361,-3.1227202067397375}]

Max g: 0.6911620991635807
f_31([0.700103,4.15544,-3.16445,4.99275,-4.90733,0.914552,0.326637,-4.67336,5.0,2.85599,-2.27816,-0.0757945,4.93651,0.964509,3.87292,0.366314,-4.96437,-4.68573,2.36924,0.688831,1.82252,2.95091,2.16343,-2.84877,0.831413,-1.14783,1.33743,-0.0211731,0.743318,-5.0,1.67869,3.57245,-0.157228,-3.75337,1.23732,2.63964,0.229644,3.44651,-1.17252,-2.49848,-0.752698,4.5938,-1.24251,-3.13089])
1.4125139581229598
Max g: 0.6702183711622869
f_32([0.70008,4.15537,-3.16444,4.99275,-4.9074,0.914568,0.327468,-4.67253,5.0,2.84833,-2.27318,-0.0713214,4.93652,0.964243,3.87294,0.366369,-4.96437,-4.68573,2.44491,0.750849,1.83525,3.03666,2.15953,-2.85326,0.831278,-1.14786,1.33756,-0.0211631,0.758329,-5.0,1.66972,3.56786,-0.14015,-3.72785,1.22295,2.61977,0.217781,3.51333,-1.18704,-2.53993,-0.740539,4.59244,-1.24715,-3.13765])
1.4241826817761678
Max g: 0.6515947724326274
f_33([0.700018,4.15531,-3.16446,4.99275,-4.90747,0.91461,0.328219,-4.67178,5.0,2.84223,-2.26909,-0.0677205,4.93652,0.964279,3.87285,0.366298,-4.96438,-4.68574,2.51239,0.806631,1.84631,3.11248,2.15613,-2.85698,0.831267,-1.14775,1.33747,-0.0211732,0.770019,-5.0,1.66248,3.56429,-0.126617,-3.70385,1.21037,2.60151,0.20828,3.57395,-1.20077,-2.57809,-0.729375,4.59128,-1.25124,-3.14318])
1.4333580884094597
Max g: 0.6354342495112668
f_34([0.699938,4.15528,-3.16448,4.99275,-4.90748,0.914575,0.328959,-4.67104,5.0,2.83693,-2.26561,-0.0644371,4.93652,0.964122,3.87283,0.366242,-4.96439,-4.68573,2.57772,0.861034,1.85679,3.1853,2.15291,-2.86037,0.831175,-1.14778,1.33755,-0.0211501,0.780202,-5.0,1.6562,3.56122,-0.114958,-3.67961,1.19845,2.58336,0.199999,3.63355,-1.21484,-2.61599,-0.718249,4.59017,-1.25522,-3.14812])
1.4407383067884116
Max g: 0.6201605477970862
f_35([0.699922,4.15524,-3.16455,4.99275,-4.90737,0.914612,0.329911,-4.67009,5.0,2.83083,-2.26156,-0.0605577,4.93652,0.96404,3.87279,0.366227,-4.96439,-4.68572,2.66056,0.930548,1.86991,3.27678,2.14917,-2.86452,0.831151,-1.14773,1.33754,-0.0211442,0.791884,-5.0,1.64896,3.55781,-0.102087,-3.64749,1.18347,2.55972,0.19058,3.71042,-1.23358,-2.66541,-0.703733,4.58879,-1.26013,-3.15389])
1.4526064958032132
Max g: 0.601312179626099
f_36([0.69995,4.15511,-3.16459,4.99275,-4.90737,0.914627,0.330838,-4.66916,5.0,2.82522,-2.25798,-0.056825,4.93652,0.963566,3.8728,0.366068,-4.9644,-4.6857,2.7409,0.998433,1.88247,3.36472,2.14571,-2.86824,0.830977,-1.14763,1.33761,-0.0211211,0.802144,-5.0,1.64254,3.55499,-0.0913418,-3.61492,1.16895,2.53615,0.182621,3.78637,-1.25258,-2.71477,-0.68924,4.58747,-1.26468,-3.15901])
1.464075754094828
Max g: 0.5836576372351718
f_37([0.699945,4.15512,-3.1646,4.99274,-4.90734,0.914533,0.331785,-4.66821,5.0,2.8203,-2.25463,-0.0535523,4.93652,0.963321,3.87279,0.366124,-4.96439,-4.68571,2.82011,1.06595,1.89464,3.4506,2.14275,-2.87179,0.83095,-1.1476,1.33767,-0.0211096,0.810829,-5.0,1.63666,3.5525,-0.0822231,-3.58158,1.15465,2.51215,0.175194,3.86279,-1.27205,-2.76487,-0.674468,4.58618,-1.26885,-3.16363])
1.4755450123864426
Max g: 0.5669550637779945
f_38([0.699859,4.15515,-3.16458,4.99274,-4.90724,0.91444,0.33256,-4.66744,5.0,2.81657,-2.25184,-0.0512439,4.93652,0.963434,3.8728,0.365903,-4.96439,-4.6857,2.88357,1.12024,1.90456,3.51883,2.1406,-2.87451,0.831005,-1.14771,1.33774,-0.0211137,0.817303,-5.0,1.63224,3.55073,-0.075765,-3.55397,1.14313,2.49247,0.169731,3.92473,-1.28804,-2.80577,-0.662374,4.58516,-1.27203,-3.16705])
1.4868148053164643
Max g: 0.5539983579345353
f_39([0.700033,4.1553,-3.16493,4.99274,-4.90716,0.914373,0.33332,-4.66668,5.0,2.81298,-2.24963,-0.0485549,4.93651,0.963146,3.87262,0.365831,-4.96435,-4.68571,2.94599,1.17384,1.91417,3.58574,2.13869,-2.87726,0.83078,-1.14817,1.33839,-0.0210891,0.823306,-5.0,1.62813,3.54916,-0.0701816,-3.52579,1.13165,2.47249,0.165003,3.98673,-1.3043,-2.84691,-0.650176,4.58413,-1.275,-3.17015])
1.509753321899694
Max g: 0.5416256735833915
f_40([0.70007,4.15534,-3.16495,4.99274,-4.9072,0.914426,0.334312,-4.66569,5.0,2.80888,-2.24653,-0.0459188,4.93651,0.962974,3.87252,0.365899,-4.96437,-4.68571,3.0238,1.24134,1.92623,3.66805,2.13652,-2.8802,0.830539,-1.14808,1.33839,-0.021076,0.830359,-5.0,1.62327,3.54737,-0.0639548,-3.48993,1.11732,2.44717,0.15921,4.06507,-1.32501,-2.89917,-0.634636,4.58287,-1.2785,-3.17375])
1.5732830395671602
{0.7000696344593258,4.155335094166672,-3.1649524505847655,4.992741018232478,-4.907204984733288,0.9144255183279626,0.3343115766099589,-4.665688423390041,5.0,2.8088831786681228,-2.246526477066513,-0.04591878921918913,4.936513766124808,0.9629740929548742,3.8725224161034877,0.3658989955579078,-4.964373301657921,-4.685710467685636,3.023802245897846,1.2413378819929255,1.9262285923929041,3.6680498071882637,2.136516823929466,-2.880200725298952,0.8305392909047208,-1.1480761233621186,1.3383927647072689,-0.021076048366294058,0.830358612417437,-5.0,1.6232734372553654,3.5473707848485296,-0.0639548262747286,-3.4899334738660235,1.1173199006273928,2.4471655283949287,0.15920978726505725,4.0650687993664665,-1.3250126292319204,-2.8991703582632056,-0.6346361478460909,4.582871197449363,-1.2784977867844838,-3.1737530683166466}]
Set[{A021,A031,A032,A041,A042,A043,A121,A131,A132,A141,A142,A143,B021,B031,B032,B041,B042,B043,B121,B131,B132,B141,B142,B143,\[Alpha]1,\[Alpha]2,\[Alpha]3,\[Alpha]4,\[Beta]11,\[Beta]12,\[Beta]13,\[Beta]14,\[Beta]21,\[Beta]22,\[Beta]23,\[Beta]24,\[Beta]31,\[Beta]32,\[Beta]33,\[Beta]34,\[Beta]41,\[Beta]42,\[Beta]43,\[Beta]44},{0.7000696344593258,4.155335094166672,-3.1649524505847655,4.992741018232478,-4.907204984733288,0.9144255183279626,0.3343115766099589,-4.665688423390041,5.0,2.8088831786681228,-2.246526477066513,-0.04591878921918913,4.936513766124808,0.9629740929548742,3.8725224161034877,0.3658989955579078,-4.964373301657921,-4.685710467685636,3.023802245897846,1.2413378819929255,1.9262285923929041,3.6680498071882637,2.136516823929466,-2.880200725298952,0.8305392909047208,-1.1480761233621186,1.3383927647072689,-0.021076048366294058,0.830358612417437,-5.0,1.6232734372553654,3.5473707848485296,-0.0639548262747286,-3.4899334738660235,1.1173199006273928,2.4471655283949287,0.15920978726505725,4.0650687993664665,-1.3250126292319204,-2.8991703582632056,-0.6346361478460909,4.582871197449363,-1.2784977867844838,-3.1737530683166466}]

Max g: 0.5267542260399871
f_41([0.700027,4.15523,-3.16507,4.99274,-4.90716,0.914392,0.334926,-4.66507,5.0,2.80652,-2.24474,-0.0443549,4.93651,0.962788,3.87257,0.365955,-4.96439,-4.68569,3.07118,1.28258,1.93368,3.71781,2.13533,-2.88193,0.830343,-1.14792,1.33829,-0.0210716,0.834124,-5.0,1.62049,3.54637,-0.0604733,-3.46745,1.10851,2.43136,0.156011,4.11336,-1.33792,-2.93152,-0.625012,4.5821,-1.28051,-3.17585])
1.5977175463623394
Max g: 0.5178593359590788
f_42([0.700056,4.15527,-3.16496,4.99274,-4.90717,0.914428,0.335419,-4.66458,5.0,2.80458,-2.2433,-0.04305,4.93651,0.962738,3.87256,0.365989,-4.96439,-4.68569,3.10906,1.31579,1.93955,3.75736,2.13455,-2.88328,0.830485,-1.148,1.33838,-0.0210671,0.837208,-5.0,1.61823,3.54563,-0.0579425,-3.4493,1.10141,2.41862,0.153533,4.15219,-1.34827,-2.95762,-0.617233,4.58149,-1.28201,-3.17742])
1.6110817255890906
Max g: 0.5110574234922236
f_43([0.700023,4.15526,-3.16497,4.99274,-4.90719,0.914433,0.335925,-4.66408,5.0,2.8027,-2.24201,-0.0416587,4.93651,0.96274,3.87255,0.365961,-4.96439,-4.6857,3.14717,1.34931,1.94553,3.79691,2.13386,-2.88459,0.830447,-1.14795,1.33834,-0.0210656,0.840382,-5.0,1.61603,3.54493,-0.0555347,-3.43068,1.0942,2.40557,0.151185,4.19155,-1.3588,-2.98412,-0.609314,4.58087,-1.28346,-3.17893])
1.623249112646282
Max g: 0.5043382811365422
f_44([0.700089,4.15529,-3.16498,4.99274,-4.90715,0.914399,0.336431,-4.66357,5.0,2.80085,-2.24067,-0.0403477,4.93651,0.962977,3.87266,0.366176,-4.96439,-4.68569,3.18484,1.3825,1.95148,3.83589,2.13312,-2.88576,0.830662,-1.14813,1.3384,-0.0210849,0.843251,-5.0,1.61388,3.54429,-0.0532859,-3.41194,1.08699,2.39247,0.148764,4.23087,-1.36936,-3.01068,-0.60139,4.58025,-1.28484,-3.18039])
1.6334218460875403
Max g: 0.49780871030578844
f_45([0.70006,4.15531,-3.165,4.99274,-4.90716,0.914403,0.336941,-4.66306,5.0,2.79898,-2.23932,-0.0390408,4.93651,0.962915,3.87263,0.366066,-4.96439,-4.6857,3.22253,1.41579,1.95751,3.87471,2.13247,-2.88691,0.830633,-1.14804,1.33833,-0.0210785,0.846112,-5.0,1.61178,3.54367,-0.0510804,-3.39295,1.07975,2.37919,0.146556,4.27037,-1.38,-3.03739,-0.593403,4.57963,-1.28616,-3.18177])
1.645489500463935
Max g: 0.49142156775991097
f_46([0.700052,4.15532,-3.16506,4.99274,-4.90721,0.914352,0.337445,-4.66255,5.0,2.79726,-2.23818,-0.0376828,4.93651,0.962832,3.87267,0.36605,-4.96437,-4.68569,3.25948,1.44865,1.96333,3.91257,2.1319,-2.88798,0.830621,-1.14801,1.33832,-0.0210786,0.848825,-5.0,1.60978,3.54309,-0.0490834,-3.37408,1.07261,2.36601,0.144531,4.30936,-1.39054,-3.0638,-0.585523,4.57903,-1.28741,-3.18306])
1.6533683822468703
Max g: 0.48529584926437686
f_47([0.700045,4.15531,-3.16506,4.99274,-4.9071,0.914356,0.337965,-4.66204,5.0,2.79547,-2.23686,-0.0364096,4.93651,0.962798,3.87267,0.366043,-4.96437,-4.6857,3.2968,1.48201,1.96921,3.95059,2.13148,-2.88905,0.830593,-1.148,1.33832,-0.021074,0.85146,-5.0,1.60776,3.54254,-0.0470648,-3.35469,1.06531,2.35248,0.142374,4.34883,-1.40122,-3.09057,-0.577487,4.5784,-1.28859,-3.18434])
1.6599507391794492
Max g: 0.4792454597616995
f_48([0.699993,4.15533,-3.16501,4.99274,-4.90717,0.914396,0.338473,-4.66153,5.0,2.79377,-2.23551,-0.035305,4.93651,0.96281,3.87263,0.36587,-4.96437,-4.6857,3.33317,1.51449,1.97504,3.98758,2.13108,-2.8901,0.830637,-1.14794,1.33827,-0.0210728,0.853946,-5.0,1.60584,3.54202,-0.0452767,-3.33552,1.05813,2.33914,0.14043,4.38744,-1.41167,-3.11683,-0.569638,4.57779,-1.2897,-3.18552])
1.6674306902391982
Max g: 0.4734418169457175
f_49([0.699936,4.15526,-3.1651,4.99274,-4.90716,0.914275,0.338986,-4.66101,5.0,2.79215,-2.23407,-0.0343807,4.93651,0.962804,3.87255,0.365728,-4.96438,-4.6857,3.36876,1.54641,1.98083,4.02356,2.13084,-2.89114,0.830485,-1.14785,1.33818,-0.0210601,0.856307,-5.0,1.60396,3.54156,-0.0435974,-3.3166,1.05113,2.32589,0.138651,4.42562,-1.42204,-3.14282,-0.561841,4.57719,-1.29076,-3.18665])
1.6716194628326575
Max g: 0.467781460143323
f_50([0.699863,4.15518,-3.16508,4.99274,-4.90711,0.914286,0.339509,-4.66049,5.0,2.79067,-2.23273,-0.0334568,4.93652,0.96263,3.87237,0.365707,-4.96439,-4.68569,3.40515,1.57927,1.98662,4.06017,2.13068,-2.89215,0.830402,-1.14771,1.3382,-0.0210518,0.858735,-5.0,1.60212,3.54108,-0.0419538,-3.29684,1.04379,2.31219,0.136736,4.46462,-1.4326,-3.16944,-0.553828,4.57659,-1.29176,-3.18771])
1.67750369099966
{0.6998631030591934,4.155179894193055,-3.1650811917805393,4.992744447383797,-4.907109485346124,0.914286257651099,0.33950895202707343,-4.660491047972929,5.0,2.7906721210732095,-2.2327258997687536,-0.03345677840836936,4.9365194633455705,0.9626299404109631,3.8723700551235907,0.36570680802114647,-4.964391090577205,-4.685693188116491,3.4051494133402493,1.5792681450154087,1.9866188835177865,4.060170429013382,2.1306815446792395,-2.8921549445078187,0.8304020473144808,-1.1477101655602213,1.3382016651942497,-0.02105176767016504,0.8587354802210028,-5.0,1.602119860325534,3.5410796873483674,-0.0419538423076062,-3.2968449260509605,1.0437919572535304,2.312190907923586,0.13673573921181553,4.464618814775512,-1.432597636432041,-3.1694354096640347,-0.5538281486502976,4.57658714643419,-1.2917559790865885,-3.1877140308128133}]
Set[{A021,A031,A032,A041,A042,A043,A121,A131,A132,A141,A142,A143,B021,B031,B032,B041,B042,B043,B121,B131,B132,B141,B142,B143,\[Alpha]1,\[Alpha]2,\[Alpha]3,\[Alpha]4,\[Beta]11,\[Beta]12,\[Beta]13,\[Beta]14,\[Beta]21,\[Beta]22,\[Beta]23,\[Beta]24,\[Beta]31,\[Beta]32,\[Beta]33,\[Beta]34,\[Beta]41,\[Beta]42,\[Beta]43,\[Beta]44},{0.6998631030591934,4.155179894193055,-3.1650811917805393,4.992744447383797,-4.907109485346124,0.914286257651099,0.33950895202707343,-4.660491047972929,5.0,2.7906721210732095,-2.2327258997687536,-0.03345677840836936,4.9365194633455705,0.9626299404109631,3.8723700551235907,0.36570680802114647,-4.964391090577205,-4.685693188116491,3.4051494133402493,1.5792681450154087,1.9866188835177865,4.060170429013382,2.1306815446792395,-2.8921549445078187,0.8304020473144808,-1.1477101655602213,1.3382016651942497,-0.02105176767016504,0.8587354802210028,-5.0,1.602119860325534,3.5410796873483674,-0.0419538423076062,-3.2968449260509605,1.0437919572535304,2.312190907923586,0.13673573921181553,4.464618814775512,-1.432597636432041,-3.1694354096640347,-0.5538281486502976,4.57658714643419,-1.2917559790865885,-3.1877140308128133}]

Max g: 0.4624043435929046
f_51([0.699907,4.15513,-3.16507,4.99274,-4.90715,0.914316,0.34003,-4.65997,5.0,2.78903,-2.23152,-0.0322663,4.93652,0.962537,3.87233,0.365694,-4.9644,-4.68569,3.44087,1.61153,1.9924,4.09605,2.13043,-2.89304,0.830377,-1.14763,1.33817,-0.0210453,0.861093,-5.0,1.60029,3.54066,-0.0403844,-3.27734,1.0366,2.29862,0.13481,4.50319,-1.44308,-3.19578,-0.545926,4.57598,-1.2927,-3.18875])
1.6827895230818823
Max g: 0.45708153267091767
f_52([0.699911,4.15515,-3.16505,4.99274,-4.9071,0.914312,0.340556,-4.65944,5.0,2.78748,-2.23039,-0.0310845,4.93652,0.96258,3.87233,0.365595,-4.9644,-4.68568,3.47674,1.64407,1.99825,4.13185,2.13033,-2.89394,0.830355,-1.14768,1.33821,-0.021047,0.863419,-5.0,1.59849,3.54024,-0.038809,-3.25756,1.02935,2.28486,0.133063,4.54204,-1.45364,-3.22235,-0.537954,4.57537,-1.29359,-3.18975])
1.6877761571217147
Max g: 0.4518509104465931
f_53([0.69988,4.15507,-3.16502,4.99274,-4.90706,0.914278,0.341093,-4.65891,5.0,2.78589,-2.22915,-0.0299633,4.93652,0.962586,3.87228,0.365546,-4.9644,-4.68568,3.51291,1.67711,2.0041,4.16775,2.13032,-2.8948,0.830389,-1.14771,1.33824,-0.0210413,0.86568,-5.0,1.5967,3.53985,-0.0373082,-3.23739,1.02199,2.27083,0.131308,4.58126,-1.46431,-3.2492,-0.529874,4.57474,-1.29445,-3.19071])
1.692264127757564
Max g: 0.44670130135950714
f_54([0.699876,4.155,-3.16502,4.99274,-4.90701,0.914233,0.341628,-4.65837,5.0,2.78436,-2.22795,-0.0289035,4.93652,0.962655,3.87226,0.36558,-4.96439,-4.68568,3.54865,1.70983,2.01006,4.20296,2.13035,-2.89556,0.830325,-1.14751,1.33803,-0.0210468,0.867826,-5.0,1.59493,3.53948,-0.035859,-3.21723,1.01463,2.25685,0.129565,4.62009,-1.47486,-3.27583,-0.52189,4.57412,-1.29524,-3.19163])
1.695156375500667
Max g: 0.44175877620139836
f_55([0.699818,4.15506,-3.16504,4.99274,-4.90697,0.914203,0.342175,-4.65783,5.0,2.78285,-2.22678,-0.027797,4.93652,0.962593,3.87231,0.365647,-4.96439,-4.68568,3.58457,1.74285,2.01606,4.23821,2.13039,-2.89627,0.830368,-1.14752,1.33805,-0.0210479,0.869954,-5.0,1.5932,3.53914,-0.0345108,-3.1966,1.00719,2.24252,0.127982,4.65938,-1.48557,-3.30281,-0.513795,4.57347,-1.29602,-3.1925])
1.6971510291165999
Max g: 0.43685238878935984
f_56([0.699726,4.15514,-3.16511,4.99274,-4.90701,0.914215,0.342716,-4.65728,5.0,2.78139,-2.22566,-0.0267171,4.93652,0.962717,3.8723,0.365378,-4.96437,-4.68569,3.61963,1.77518,2.02183,4.2726,2.13041,-2.89693,0.830469,-1.14748,1.33796,-0.0210509,0.872062,-5.0,1.59156,3.53883,-0.0332677,-3.17627,0.999868,2.22843,0.126544,4.69785,-1.49609,-3.32926,-0.505862,4.57284,-1.29674,-3.19334])
1.6998438114981096
Max g: 0.432970326803335
f_57([0.699802,4.15514,-3.16505,4.99274,-4.90701,0.914214,0.343263,-4.65674,5.0,2.77989,-2.2246,-0.0255162,4.93652,0.962652,3.87226,0.365355,-4.96436,-4.68569,3.65454,1.80761,2.02759,4.30656,2.13064,-2.89759,0.830314,-1.14742,1.33795,-0.0210503,0.87385,-5.0,1.58987,3.53854,-0.0319485,-3.15572,0.992492,2.21415,0.124931,4.73655,-1.50663,-3.35588,-0.497897,4.5722,-1.29737,-3.19414])
1.702237395837229
Max g: 0.43043354295293124
f_58([0.699792,4.15507,-3.16505,4.99274,-4.907,0.914247,0.343813,-4.65619,5.0,2.77858,-2.22353,-0.0245544,4.93652,0.962658,3.87223,0.365474,-4.96437,-4.68569,3.68937,1.84007,2.03344,4.34025,2.13092,-2.89824,0.830412,-1.14745,1.33797,-0.0210455,0.875753,-5.0,1.58827,3.53827,-0.0306625,-3.13512,0.985139,2.19986,0.123462,4.77494,-1.51711,-3.38235,-0.489993,4.57157,-1.29804,-3.19488])
1.7043317821339588
Max g: 0.42782665580557433
f_59([0.699794,4.15512,-3.16505,4.99274,-4.90699,0.914248,0.344368,-4.65563,5.0,2.77712,-2.22237,-0.0235175,4.93652,0.962898,3.87226,0.365557,-4.96439,-4.68569,3.72464,1.87305,2.0394,4.37423,2.13117,-2.89878,0.830408,-1.14752,1.33795,-0.02106,0.877782,-5.0,1.58664,3.53799,-0.0294116,-3.11392,0.977599,2.18515,0.121978,4.81401,-1.52777,-3.40928,-0.481941,4.57091,-1.29863,-3.19562])
1.7055285743035187
Max g: 0.42514077741612327
f_60([0.69978,4.15511,-3.16504,4.99274,-4.90697,0.914156,0.344919,-4.65508,5.0,2.77578,-2.22127,-0.0225512,4.93652,0.962844,3.8722,0.365532,-4.9644,-4.6857,3.75906,1.90539,2.04532,4.40718,2.13155,-2.89934,0.83052,-1.14757,1.33805,-0.0210553,0.879642,-5.0,1.58508,3.53773,-0.0282222,-3.09306,0.970205,2.17067,0.120516,4.85206,-1.53816,-3.43554,-0.474095,4.57028,-1.29921,-3.1963])
1.7064261684306885
{0.6997795072505774,4.15511392969415,-3.1650423531796537,4.9927401579257715,-4.906973379967754,0.9141560223278745,0.34491855161002904,-4.6550814483899705,5.0,2.7757763955486645,-2.2212703558286555,-0.022551228675608267,4.936517753601184,0.9628444973220253,3.872198709543381,0.3655321639880182,-4.964404181052179,-4.685698879684652,3.759063024314294,1.9053882748928073,2.0453199796893173,4.407181398949815,2.1315508574033153,-2.8993370958217395,0.8305203324058806,-1.1475723938839069,1.3380501218893448,-0.021055311884101348,0.8796416138909029,-5.0,1.5850833133478825,3.537729217729119,-0.028222223174151868,-3.0930555505252464,0.970205355468658,2.1706681643983488,0.12051619788295387,4.852056080346872,-1.5381623662104642,-3.435539599166666,-0.4740950348223117,4.570279086967537,-1.299206338509536,-3.1963008689081027}]
Set[{A021,A031,A032,A041,A042,A043,A121,A131,A132,A141,A142,A143,B021,B031,B032,B041,B042,B043,B121,B131,B132,B141,B142,B143,\[Alpha]1,\[Alpha]2,\[Alpha]3,\[Alpha]4,\[Beta]11,\[Beta]12,\[Beta]13,\[Beta]14,\[Beta]21,\[Beta]22,\[Beta]23,\[Beta]24,\[Beta]31,\[Beta]32,\[Beta]33,\[Beta]34,\[Beta]41,\[Beta]42,\[Beta]43,\[Beta]44},{0.6997795072505774,4.15511392969415,-3.1650423531796537,4.9927401579257715,-4.906973379967754,0.9141560223278745,0.34491855161002904,-4.6550814483899705,5.0,2.7757763955486645,-2.2212703558286555,-0.022551228675608267,4.936517753601184,0.9628444973220253,3.872198709543381,0.3655321639880182,-4.964404181052179,-4.685698879684652,3.759063024314294,1.9053882748928073,2.0453199796893173,4.407181398949815,2.1315508574033153,-2.8993370958217395,0.8305203324058806,-1.1475723938839069,1.3380501218893448,-0.021055311884101348,0.8796416138909029,-5.0,1.5850833133478825,3.537729217729119,-0.028222223174151868,-3.0930555505252464,0.970205355468658,2.1706681643983488,0.12051619788295387,4.852056080346872,-1.5381623662104642,-3.435539599166666,-0.4740950348223117,4.570279086967537,-1.299206338509536,-3.1963008689081027}]

Max g: 0.4224869586686338
f_61([0.699749,4.15508,-3.16503,4.99274,-4.90686,0.914126,0.34541,-4.65459,5.0,2.77454,-2.22031,-0.0216293,4.93652,0.962896,3.87225,0.365616,-4.96441,-4.68569,3.78919,1.93393,2.05033,4.43589,2.1322,-2.90003,0.830265,-1.14765,1.33809,-0.0210601,0.881254,-5.0,1.58372,3.5375,-0.0271591,-3.07453,0.963666,2.1578,0.119162,4.88563,-1.54735,-3.4587,-0.467155,4.56973,-1.29967,-3.19688])
1.7064261684306885
Max g: 0.42012263394941324
f_62([0.699806,4.15508,-3.16504,4.99274,-4.90689,0.914105,0.345977,-4.65402,5.0,2.77324,-2.21923,-0.0206845,4.93652,0.962762,3.87228,0.365509,-4.9644,-4.68568,3.8241,1.96701,2.05635,4.46899,2.13282,-2.90065,0.83046,-1.14758,1.33805,-0.0210542,0.883128,-5.0,1.58218,3.53727,-0.0260119,-3.05287,0.956043,2.14277,0.117783,4.9246,-1.55799,-3.48564,-0.459148,4.56907,-1.30018,-3.19753])
1.706525901111485
Max g: 0.41734920528172986
f_63([0.699757,4.15507,-3.16494,4.99274,-4.90687,0.914128,0.346506,-4.65349,5.0,2.77215,-2.21828,-0.0198751,4.93651,0.962715,3.87238,0.365555,-4.96439,-4.6857,3.85603,1.99739,2.06175,4.49925,2.13321,-2.90106,0.830497,-1.14755,1.33799,-0.0210565,0.884633,-5.0,1.58083,3.53707,-0.0249824,-3.03284,0.949057,2.12889,0.116627,4.9602,-1.56777,-3.51028,-0.451814,4.56845,-1.30067,-3.19808])
1.7057280396651118
Max g: 0.414776859614617
f_64([0.699757,4.15504,-3.16493,4.99274,-4.90697,0.914153,0.347074,-4.65293,5.0,2.77086,-2.21716,-0.018998,4.93651,0.962701,3.87248,0.36553,-4.96439,-4.68571,3.88998,2.02983,2.06757,4.53121,2.13385,-2.90158,0.830456,-1.14746,1.33786,-0.0210556,0.886376,-5.0,1.57935,3.53687,-0.0239208,-3.01141,0.941562,2.11401,0.115288,4.99796,-1.5781,-3.53642,-0.444011,4.5678,-1.30111,-3.19866])
1.7050299108995353
Max g: 0.4119572152237848
f_65([0.699651,4.15507,-3.16489,4.99274,-4.90695,0.91416,0.34764,-4.65236,5.0,2.77093,-2.21679,-0.0186574,4.93651,0.962802,3.87242,0.365902,-4.9644,-4.6857,3.92354,2.06191,2.07343,4.56247,2.13401,-2.90217,0.830509,-1.14745,1.33785,-0.0210639,0.887396,-5.0,1.57896,3.53694,-0.0230672,-2.98981,0.934688,2.09918,0.114602,5.0,-1.57836,-3.53797,-0.436257,4.56712,-1.3025,-3.19937])
1.7018384651140426
Max g: 0.40962464040941843
f_66([0.69968,4.15507,-3.16499,4.99274,-4.90696,0.914175,0.348296,-4.6517,5.0,2.77036,-2.21619,-0.0176928,4.9365,0.962641,3.87242,0.365892,-4.96442,-4.68571,3.96154,2.0986,2.07995,4.59772,2.13473,-2.90283,0.830411,-1.14755,1.33801,-0.0210574,0.88842,-5.0,1.57788,3.53688,-0.0221218,-2.96519,0.926449,2.08218,0.113643,5.0,-1.57729,-3.53789,-0.427463,4.56635,-1.3034,-3.20006])
1.7004422075828893
Max g: 0.40695101333908995
f_67([0.699711,4.15506,-3.16503,4.99274,-4.90695,0.914202,0.348965,-4.65104,5.0,2.76982,-2.21541,-0.0169283,4.9365,0.962606,3.87243,0.365856,-4.96441,-4.68571,3.9999,2.13556,2.08656,4.63338,2.13537,-2.90348,0.830404,-1.1475,1.33797,-0.0210563,0.889535,-5.0,1.57679,3.53684,-0.0212521,-2.94009,0.918068,2.06484,0.112522,5.0,-1.5762,-3.53784,-0.418541,4.56555,-1.30424,-3.20073])
1.6972507617973966
Max g: 0.40418712739483653
f_68([0.699764,4.15504,-3.16499,4.99274,-4.90694,0.914188,0.349493,-4.65051,5.0,2.7694,-2.21476,-0.0163656,4.9365,0.962605,3.87238,0.36583,-4.96442,-4.68572,4.02994,2.16457,2.09171,4.66131,2.13589,-2.90399,0.830447,-1.1475,1.33798,-0.0210534,0.89045,-5.0,1.57593,3.5368,-0.0206697,-2.9203,0.911465,2.05116,0.111652,5.0,-1.57534,-3.5378,-0.411535,4.56492,-1.30488,-3.20122])
1.6947574447774802
Max g: 0.40201495073485033
f_69([0.699785,4.15504,-3.16505,4.99275,-4.90692,0.914161,0.349995,-4.65001,5.0,2.76902,-2.21427,-0.0157146,4.93651,0.962532,3.87236,0.365972,-4.96441,-4.68572,4.05834,2.19201,2.09662,4.68771,2.13636,-2.90448,0.830461,-1.1475,1.33802,-0.0210479,0.891325,-5.0,1.57513,3.53678,-0.0200833,-2.90143,0.905187,2.03812,0.110848,5.0,-1.57454,-3.53777,-0.404918,4.56431,-1.30545,-3.20164])
1.6926630584807507
Max g: 0.39993216631845463
f_70([0.699791,4.15503,-3.16507,4.99275,-4.90693,0.914176,0.350386,-4.64961,5.0,2.76868,-2.21376,-0.0152936,4.9365,0.962574,3.87238,0.365931,-4.96442,-4.68572,4.08016,2.21313,2.10034,4.70797,2.13666,-2.90476,0.830431,-1.14756,1.33806,-0.0210535,0.891962,-5.0,1.57448,3.53677,-0.0196884,-2.88679,0.9003,2.028,0.110154,5.0,-1.5739,-3.53776,-0.399835,4.56384,-1.30585,-3.20197])
1.6912668009495975
{0.6997913316124323,4.155034474630652,-3.1650660291157915,4.992746279402967,-4.9069259097818305,0.9141755543307066,0.35038627253268256,-4.64961372746732,4.999999999999998,2.7686829533329282,-2.2137580065566183,-0.015293644776875264,4.936502699449571,0.9625737711281017,3.8723756995303007,0.36593066151877407,-4.96441940794229,-4.685716327530524,4.080157656240599,2.2131348129902535,2.100335043536566,4.70797165555901,2.1366640787411297,-2.904762063886311,0.8304310554942848,-1.1475579856431255,1.3380649956367812,-0.021053480006472638,0.8919617363364871,-5.0,1.5744804873629268,3.536770593520797,-0.01968841653239911,-2.886785826089976,0.9002997916600256,2.0280019579856012,0.11015402836737165,4.999999999999998,-1.5739038934924348,-3.5377558894376158,-0.3998352979052807,4.5638365501639,-1.3058458390830534,-3.201970692835908}]
Set[{A021,A031,A032,A041,A042,A043,A121,A131,A132,A141,A142,A143,B021,B031,B032,B041,B042,B043,B121,B131,B132,B141,B142,B143,\[Alpha]1,\[Alpha]2,\[Alpha]3,\[Alpha]4,\[Beta]11,\[Beta]12,\[Beta]13,\[Beta]14,\[Beta]21,\[Beta]22,\[Beta]23,\[Beta]24,\[Beta]31,\[Beta]32,\[Beta]33,\[Beta]34,\[Beta]41,\[Beta]42,\[Beta]43,\[Beta]44},{0.6997913316124323,4.155034474630652,-3.1650660291157915,4.992746279402967,-4.9069259097818305,0.9141755543307066,0.35038627253268256,-4.64961372746732,4.999999999999998,2.7686829533329282,-2.2137580065566183,-0.015293644776875264,4.936502699449571,0.9625737711281017,3.8723756995303007,0.36593066151877407,-4.96441940794229,-4.685716327530524,4.080157656240599,2.2131348129902535,2.100335043536566,4.70797165555901,2.1366640787411297,-2.904762063886311,0.8304310554942848,-1.1475579856431255,1.3380649956367812,-0.021053480006472638,0.8919617363364871,-5.0,1.5744804873629268,3.536770593520797,-0.01968841653239911,-2.886785826089976,0.9002997916600256,2.0280019579856012,0.11015402836737165,4.999999999999998,-1.5739038934924348,-3.5377558894376158,-0.3998352979052807,4.5638365501639,-1.3058458390830534,-3.201970692835908}]

Max g: 0.39833590000302865
f_71([0.699728,4.15502,-3.16504,4.99275,-4.90698,0.914199,0.350698,-4.6493,5.0,2.7684,-2.21332,-0.0149802,4.9365,0.962591,3.87233,0.365869,-4.96443,-4.68572,4.09737,2.2298,2.10329,4.72395,2.13695,-2.90504,0.830405,-1.1475,1.33801,-0.0210491,0.892416,-5.0,1.57399,3.53677,-0.0193394,-2.87532,0.896487,2.02007,0.109611,5.0,-1.57341,-3.53774,-0.395826,4.56346,-1.30617,-3.20221])
1.6896710780568511
Max g: 0.39706127191377616
f_72([0.699731,4.155,-3.16504,4.99275,-4.90692,0.914173,0.35097,-4.64903,5.0,2.76818,-2.21297,-0.0147028,4.9365,0.962596,3.8723,0.365852,-4.96443,-4.68572,4.11224,2.24423,2.10584,4.73775,2.13722,-2.9053,0.83039,-1.1475,1.33802,-0.0210487,0.892823,-5.0,1.57356,3.53676,-0.0190765,-2.86524,0.893135,2.0131,0.109097,5.0,-1.57299,-3.53773,-0.39235,4.56314,-1.30643,-3.20241])
1.6878758898025115
Max g: 0.39595089912311693
f_73([0.699701,4.15493,-3.16503,4.99275,-4.907,0.914238,0.351311,-4.64869,5.0,2.76796,-2.21256,-0.0143694,4.9365,0.962645,3.87226,0.365878,-4.96443,-4.68572,4.13092,2.26237,2.10906,4.75503,2.13755,-2.90559,0.830492,-1.14752,1.33802,-0.0210454,0.893376,-5.0,1.57302,3.53677,-0.0187334,-2.85246,0.888899,2.00426,0.10851,5.0,-1.57246,-3.53773,-0.387976,4.56272,-1.30675,-3.20268])
1.6866790976329515
Max g: 0.39454167526060924
f_74([0.699683,4.15491,-3.16502,4.99275,-4.90697,0.914195,0.351656,-4.64834,5.0,2.76766,-2.21217,-0.0139423,4.9365,0.962609,3.87228,0.365834,-4.96443,-4.68572,4.14969,2.28068,2.11231,4.77233,2.13792,-2.90588,0.830399,-1.14753,1.33805,-0.0210487,0.893888,-5.0,1.57249,3.53677,-0.0183888,-2.83968,0.884647,1.99543,0.108019,5.0,-1.57192,-3.53772,-0.383606,4.56231,-1.30707,-3.20292])
1.6848839093786119
Max g: 0.393113432543931
f_75([0.699698,4.15495,-3.16499,4.99275,-4.90696,0.914206,0.352005,-4.648,5.0,2.76748,-2.21183,-0.0135735,4.9365,0.962608,3.87228,0.365876,-4.96442,-4.68572,4.16847,2.29895,2.11561,4.78965,2.13825,-2.90616,0.830421,-1.14754,1.33806,-0.0210469,0.894473,-5.0,1.57195,3.53677,-0.0180549,-2.82676,0.880356,1.9865,0.107541,5.0,-1.57138,-3.53773,-0.379216,4.56189,-1.30737,-3.20315])
1.6827895230818823
Max g: 0.391691735965128
f_76([0.699686,4.15497,-3.16501,4.99275,-4.90697,0.914216,0.352351,-4.64765,5.0,2.76726,-2.2114,-0.0132544,4.93651,0.962671,3.87235,0.365899,-4.96441,-4.68571,4.18712,2.31712,2.11876,4.80694,2.1386,-2.90648,0.830372,-1.14758,1.33806,-0.0210555,0.895008,-5.0,1.57142,3.53676,-0.0177378,-2.81397,0.876125,1.97763,0.106869,5.0,-1.57084,-3.53773,-0.374856,4.56147,-1.30766,-3.20337])
1.6809943348275425
Max g: 0.3902593886901241
f_77([0.699712,4.15491,-3.16492,4.99274,-4.90695,0.914147,0.352694,-4.64731,5.0,2.76697,-2.211,-0.0128322,4.93651,0.962764,3.87243,0.366001,-4.96441,-4.6857,4.20554,2.3352,2.122,4.82378,2.13897,-2.90676,0.830484,-1.14761,1.338,-0.0210579,0.895483,-5.0,1.57094,3.53676,-0.0173802,-2.80125,0.871947,1.96881,0.106474,5.0,-1.57039,-3.53769,-0.370569,4.56104,-1.30798,-3.20358])
1.6790994138924062
Max g: 0.388878035443935
f_78([0.699705,4.15493,-3.16491,4.99274,-4.90694,0.914122,0.353048,-4.64695,5.0,2.76668,-2.21059,-0.0124541,4.93651,0.962736,3.87242,0.366004,-4.96442,-4.68571,4.22434,2.35364,2.12525,4.84103,2.1394,-2.90707,0.830548,-1.14759,1.33802,-0.0210629,0.896039,-5.0,1.57041,3.53677,-0.0170792,-2.78816,0.867607,1.95976,0.105994,5.0,-1.56986,-3.5377,-0.366196,4.56061,-1.30826,-3.20378])
1.6785010178076263
Max g: 0.38735527622217075
f_79([0.699738,4.155,-3.16506,4.99274,-4.90688,0.914087,0.353403,-4.6466,5.0,2.76643,-2.21009,-0.0121639,4.93651,0.962604,3.87248,0.365966,-4.96442,-4.68571,4.243,2.3719,2.12849,4.85819,2.13978,-2.90738,0.830633,-1.14757,1.33801,-0.0210547,0.896557,-5.0,1.56989,3.53678,-0.0167354,-2.7751,0.863297,1.95072,0.105327,5.0,-1.56935,-3.53769,-0.361861,4.56018,-1.30854,-3.20398])
1.67600770078771
Max g: 0.3858849800708341
f_80([0.699726,4.15502,-3.16505,4.99274,-4.90684,0.914099,0.353757,-4.64624,5.0,2.7662,-2.20974,-0.0117527,4.93651,0.962681,3.87248,0.36593,-4.96441,-4.6857,4.26167,2.39031,2.13168,4.87525,2.14024,-2.90767,0.830582,-1.14759,1.33802,-0.0210616,0.897135,-5.0,1.56935,3.53678,-0.0164192,-2.76195,0.858945,1.9416,0.104878,5.0,-1.5688,-3.5377,-0.357524,4.55974,-1.30878,-3.20417])
1.6745117105757603
{0.6997256840544009,4.15501629835866,-3.1650509444808668,4.992739038441623,-4.906839932838859,0.914099236226833,0.35375662337739605,-4.646243376622604,5.0,2.766198541575048,-2.209740548307189,-0.011752712949488622,4.936506276250879,0.9626807521053065,3.872475337545652,0.3659303363129641,-4.96441345318265,-4.685704746083948,4.26166916133358,2.3903146389608176,2.1316782375030177,4.875254096776476,2.140237399877694,-2.9076731311716206,0.8305820773033544,-1.1475943496257504,1.3380221350451709,-0.021061591602899114,0.8971346807220252,-5.0,1.5693450650033343,3.536783453540573,-0.016419156154692843,-2.7619472550850217,0.8589452458237911,1.9416041604148946,0.10487762891236951,5.0,-1.568804220712048,-3.537698211084503,-0.3575238170354015,4.559743829637931,-1.30877613552492,-3.2041700161006212}]
Set[{A021,A031,A032,A041,A042,A043,A121,A131,A132,A141,A142,A143,B021,B031,B032,B041,B042,B043,B121,B131,B132,B141,B142,B143,\[Alpha]1,\[Alpha]2,\[Alpha]3,\[Alpha]4,\[Beta]11,\[Beta]12,\[Beta]13,\[Beta]14,\[Beta]21,\[Beta]22,\[Beta]23,\[Beta]24,\[Beta]31,\[Beta]32,\[Beta]33,\[Beta]34,\[Beta]41,\[Beta]42,\[Beta]43,\[Beta]44},{0.6997256840544009,4.15501629835866,-3.1650509444808668,4.992739038441623,-4.906839932838859,0.914099236226833,0.35375662337739605,-4.646243376622604,5.0,2.766198541575048,-2.209740548307189,-0.011752712949488622,4.936506276250879,0.9626807521053065,3.872475337545652,0.3659303363129641,-4.96441345318265,-4.685704746083948,4.26166916133358,2.3903146389608176,2.1316782375030177,4.875254096776476,2.140237399877694,-2.9076731311716206,0.8305820773033544,-1.1475943496257504,1.3380221350451709,-0.021061591602899114,0.8971346807220252,-5.0,1.5693450650033343,3.536783453540573,-0.016419156154692843,-2.7619472550850217,0.8589452458237911,1.9416041604148946,0.10487762891236951,5.0,-1.568804220712048,-3.537698211084503,-0.3575238170354015,4.559743829637931,-1.30877613552492,-3.2041700161006212}]

Max g: 0.38440247338945605
f_81([0.699755,4.15506,-3.16503,4.99274,-4.90686,0.914097,0.354115,-4.64588,5.0,2.76597,-2.20932,-0.0114366,4.93651,0.96271,3.87245,0.365945,-4.96442,-4.68571,4.28035,2.40874,2.13491,4.8923,2.14061,-2.90791,0.830513,-1.14759,1.33803,-0.0210654,0.897693,-5.0,1.56884,3.53679,-0.0160814,-2.74872,0.85459,1.93244,0.104336,5.0,-1.5683,-3.53771,-0.353192,4.55931,-1.30904,-3.20435])
1.6721181262366407
Max g: 0.3828562854757873
f_82([0.69975,4.15508,-3.16502,4.99274,-4.90688,0.914107,0.354477,-4.64552,5.0,2.76578,-2.20892,-0.0110772,4.93651,0.962701,3.87246,0.365986,-4.96442,-4.68571,4.29911,2.42729,2.13815,4.90939,2.14103,-2.90818,0.830484,-1.14756,1.33799,-0.021063,0.898133,-5.0,1.56834,3.53681,-0.0157544,-2.73536,0.850198,1.92319,0.103882,5.0,-1.56781,-3.5377,-0.348841,4.55886,-1.3093,-3.20453])
1.6698242745783176
Max g: 0.3814112314899918
f_83([0.699725,4.15509,-3.16505,4.99274,-4.90688,0.914132,0.354842,-4.64516,5.0,2.76559,-2.20855,-0.0107075,4.93651,0.962632,3.87252,0.365931,-4.9644,-4.68571,4.31781,2.44579,2.14141,4.92642,2.14142,-2.90841,0.830495,-1.14758,1.33801,-0.0210611,0.898604,-5.0,1.56783,3.53682,-0.0154526,-2.72204,0.845825,1.91395,0.103405,5.0,-1.56731,-3.53772,-0.344526,4.55842,-1.30955,-3.2047])
1.668328284366368
Max g: 0.3799024222355641
f_84([0.699731,4.1551,-3.16508,4.99274,-4.90688,0.914126,0.355207,-4.64479,5.0,2.76538,-2.20821,-0.0102855,4.93651,0.96266,3.87249,0.365915,-4.9644,-4.6857,4.33627,2.46421,2.14459,4.94308,2.14196,-2.90869,0.830503,-1.14758,1.33802,-0.0210621,0.899063,-5.0,1.56733,3.53682,-0.0151564,-2.70878,0.841459,1.90476,0.10291,5.0,-1.5668,-3.53771,-0.340228,4.55798,-1.30978,-3.20486])
1.6669320268352148
Max g: 0.3783933007297893
f_85([0.699722,4.15505,-3.16503,4.99274,-4.90689,0.914129,0.355568,-4.64443,5.0,2.76516,-2.20785,-0.00988522,4.93651,0.962693,3.87252,0.365963,-4.9644,-4.6857,4.3547,2.48257,2.14778,4.95973,2.14245,-2.90896,0.830514,-1.1476,1.33801,-0.0210643,0.899538,-5.0,1.56682,3.53685,-0.0148183,-2.69548,0.837098,1.89554,0.102356,5.0,-1.5663,-3.53773,-0.335999,4.55754,-1.31001,-3.20502])
1.6638403137305187
Max g: 0.3768909955218188
f_86([0.699733,4.15502,-3.16506,4.99274,-4.90689,0.914145,0.355938,-4.64406,5.0,2.76502,-2.20744,-0.00961863,4.93651,0.962744,3.87253,0.365894,-4.9644,-4.68572,4.37324,2.501,2.15105,4.9765,2.14296,-2.90929,0.830556,-1.14762,1.338,-0.0210667,0.900181,-5.0,1.56637,3.53686,-0.0145409,-2.68194,0.832683,1.88616,0.101928,5.0,-1.56585,-3.53774,-0.331705,4.5571,-1.31026,-3.20519])
1.6618456601145857
Max g: 0.37532169263239396
f_87([0.699693,4.15506,-3.16503,4.99274,-4.90685,0.914099,0.356312,-4.64369,5.0,2.76482,-2.20703,-0.0092601,4.93651,0.962814,3.87252,0.365966,-4.9644,-4.68571,4.39183,2.51953,2.15432,4.99326,2.14355,-2.90964,0.830569,-1.14761,1.33798,-0.0210708,0.900593,-5.0,1.56585,3.53689,-0.0142658,-2.66835,0.828214,1.87673,0.101441,5.0,-1.56533,-3.53775,-0.327413,4.55664,-1.31046,-3.20532])
1.6601502045410426
Max g: 0.3737873467512532
f_88([0.699687,4.15504,-3.16502,4.99274,-4.90685,0.914087,0.356691,-4.64331,5.0,2.76478,-2.20674,-0.00898803,4.93651,0.962779,3.87256,0.365988,-4.9644,-4.68571,4.40677,2.53974,2.15793,5.0,2.14642,-2.9088,0.830552,-1.14764,1.338,-0.0210712,0.900977,-5.0,1.56561,3.53692,-0.0139494,-2.65446,0.823775,1.86713,0.100969,5.0,-1.56513,-3.53774,-0.323079,4.55617,-1.31089,-3.20552])
1.6589534123714829
Max g: 0.3721691034330269
f_89([0.699677,4.15505,-3.16499,4.99274,-4.90686,0.914089,0.357084,-4.64292,5.0,2.76517,-2.20662,-0.00898249,4.93651,0.962829,3.87264,0.365884,-4.96439,-4.68571,4.41939,2.56132,2.16171,5.0,2.15093,-2.90726,0.830616,-1.14762,1.33795,-0.021079,0.901134,-5.0,1.56567,3.53696,-0.0136642,-2.6399,0.819234,1.85713,0.100836,5.0,-1.56522,-3.53776,-0.318597,4.55566,-1.31151,-3.20585])
1.6578563528827197
Max g: 0.37049566529825195
f_90([0.699658,4.15506,-3.165,4.99274,-4.90683,0.914083,0.357484,-4.64252,5.0,2.76581,-2.2067,-0.00903556,4.93651,0.962873,3.87264,0.365845,-4.9644,-4.68571,4.4319,2.58273,2.16538,5.0,2.15538,-2.90579,0.83062,-1.14764,1.33794,-0.0210796,0.90104,-5.0,1.5658,3.53704,-0.0134274,-2.62515,0.814667,1.847,0.10092,5.0,-1.56535,-3.53785,-0.314092,4.55513,-1.31217,-3.20619])
1.6566595607131598
{0.6996581477637971,4.155055209935983,-3.1650013571695594,4.9927411362904985,-4.9068330736492145,0.9140832746621743,0.3574835453626097,-4.642516454637387,5.0,2.7658111167319377,-2.2067010148548305,-0.009035556558792067,4.936509415442386,0.9628730180627858,3.8726436006996523,0.3658454634626033,-4.9644011655364055,-4.685711440705066,4.4319004851258486,2.582728954048351,2.1653771340864996,5.0,2.155378335649547,-2.9057894960377064,0.8306197689700515,-1.1476381880334217,1.3379369590704797,-0.02107958183764754,0.9010403163431703,-5.0,1.5658046822808827,3.537039597744041,-0.013427434645740243,-2.6251464854131843,0.8146666877089116,1.8470006676823973,0.10092044754640135,5.0,-1.5653504942605523,-3.537847229612288,-0.31409214444908784,4.555133725042639,-1.3121724379750777,-3.2061850985146907}]
Set[{A021,A031,A032,A041,A042,A043,A121,A131,A132,A141,A142,A143,B021,B031,B032,B041,B042,B043,B121,B131,B132,B141,B142,B143,\[Alpha]1,\[Alpha]2,\[Alpha]3,\[Alpha]4,\[Beta]11,\[Beta]12,\[Beta]13,\[Beta]14,\[Beta]21,\[Beta]22,\[Beta]23,\[Beta]24,\[Beta]31,\[Beta]32,\[Beta]33,\[Beta]34,\[Beta]41,\[Beta]42,\[Beta]43,\[Beta]44},{0.6996581477637971,4.155055209935983,-3.1650013571695594,4.9927411362904985,-4.9068330736492145,0.9140832746621743,0.3574835453626097,-4.642516454637387,5.0,2.7658111167319377,-2.2067010148548305,-0.009035556558792067,4.936509415442386,0.9628730180627858,3.8726436006996523,0.3658454634626033,-4.9644011655364055,-4.685711440705066,4.4319004851258486,2.582728954048351,2.1653771340864996,5.0,2.155378335649547,-2.9057894960377064,0.8306197689700515,-1.1476381880334217,1.3379369590704797,-0.02107958183764754,0.9010403163431703,-5.0,1.5658046822808827,3.537039597744041,-0.013427434645740243,-2.6251464854131843,0.8146666877089116,1.8470006676823973,0.10092044754640135,5.0,-1.5653504942605523,-3.537847229612288,-0.31409214444908784,4.555133725042639,-1.3121724379750777,-3.2061850985146907}]

Max g: 0.36877131558731757
f_91([0.699677,4.15507,-3.16499,4.99274,-4.90681,0.914067,0.357879,-4.64212,5.0,2.76654,-2.2068,-0.00914075,4.93651,0.962868,3.87266,0.365895,-4.9644,-4.68571,4.44415,2.6038,2.16882,5.0,2.15977,-2.9044,0.830612,-1.14765,1.33794,-0.0210798,0.900897,-5.0,1.56596,3.53711,-0.0132823,-2.61045,0.810132,1.83689,0.101128,5.0,-1.5655,-3.53792,-0.309638,4.55461,-1.31282,-3.2065])
1.6550638378204134
Max g: 0.36709185338210687
f_92([0.699668,4.15505,-3.16498,4.99274,-4.90683,0.914054,0.358279,-4.64172,5.0,2.76722,-2.20685,-0.00926501,4.93651,0.962882,3.87267,0.366037,-4.9644,-4.68571,4.45624,2.62467,2.17211,5.0,2.16416,-2.90313,0.830647,-1.14766,1.33794,-0.0210813,0.900581,-5.0,1.56613,3.53721,-0.0131653,-2.59563,0.805572,1.82673,0.101328,5.0,-1.56568,-3.53803,-0.305198,4.55408,-1.31347,-3.20684])
1.6533683822468703
Max g: 0.3653746744869029
f_93([0.699651,4.15506,-3.16498,4.99274,-4.90685,0.914065,0.358686,-4.64131,5.0,2.76789,-2.20692,-0.00934759,4.93651,0.962876,3.87264,0.366084,-4.9644,-4.68572,4.46837,2.64566,2.17533,5.0,2.16852,-2.90182,0.83062,-1.14766,1.33796,-0.0210811,0.900341,-5.0,1.5663,3.53733,-0.0130975,-2.58044,0.800886,1.8163,0.101608,5.0,-1.56585,-3.53814,-0.300681,4.55354,-1.31411,-3.20717])
1.6512739959501408
Max g: 0.3636083627336009
f_94([0.699668,4.15508,-3.16496,4.99274,-4.90684,0.914086,0.359096,-4.6409,5.0,2.76865,-2.20707,-0.00943179,4.93651,0.962901,3.87262,0.366141,-4.9644,-4.68571,4.48026,2.66635,2.1783,5.0,2.17279,-2.90055,0.830607,-1.14772,1.33802,-0.0210798,0.900109,-5.0,1.56651,3.53745,-0.0130287,-2.56515,0.796192,1.80581,0.101919,5.0,-1.56605,-3.53828,-0.296185,4.55299,-1.31475,-3.2075])
1.649778005738191
Max g: 0.3618459839116542
f_95([0.69969,4.15501,-3.16496,4.99274,-4.90685,0.914086,0.359498,-4.6405,5.0,2.76935,-2.2072,-0.00948962,4.93651,0.9629,3.87257,0.366174,-4.9644,-4.68572,4.49178,2.68645,2.18111,5.0,2.17691,-2.89932,0.830641,-1.14756,1.33787,-0.0210776,0.899859,-5.0,1.56668,3.5376,-0.0129811,-2.55006,0.791545,1.79547,0.102206,5.0,-1.56622,-3.53843,-0.291781,4.55246,-1.31534,-3.20785])
1.648381748207038
Max g: 0.36009595808015943
f_96([0.699673,4.15503,-3.16492,4.99274,-4.90685,0.914104,0.359905,-4.6401,5.0,2.77,-2.20729,-0.00953659,4.93651,0.962944,3.87261,0.366113,-4.96439,-4.68572,4.50325,2.70651,2.18382,5.0,2.18107,-2.89817,0.830635,-1.14765,1.33793,-0.0210811,0.899491,-5.0,1.56686,3.53775,-0.013,-2.53486,0.786874,1.78503,0.102521,5.0,-1.5664,-3.53858,-0.28738,4.55191,-1.31592,-3.20816])
1.6476836194414612
Max g: 0.3583176968462905
f_97([0.699685,4.155,-3.1649,4.99274,-4.9069,0.914151,0.360313,-4.63969,5.0,2.77075,-2.2075,-0.0095682,4.93651,0.962928,3.87267,0.366086,-4.96439,-4.68572,4.51455,2.72634,2.18641,5.0,2.18517,-2.89706,0.830721,-1.14764,1.33791,-0.0210843,0.899062,-5.0,1.56707,3.53791,-0.0130253,-2.51955,0.782178,1.77453,0.102896,5.0,-1.56661,-3.53875,-0.283,4.55135,-1.31652,-3.20847])
1.6458884311871216
Max g: 0.35653116450232164
f_98([0.699699,4.15504,-3.16488,4.99274,-4.9069,0.914159,0.360722,-4.63928,5.0,2.77139,-2.20761,-0.00958903,4.93651,0.962946,3.87269,0.366016,-4.9644,-4.68572,4.52569,2.74597,2.18886,5.0,2.1893,-2.89606,0.830671,-1.14764,1.33789,-0.0210861,0.898672,-5.0,1.56727,3.53808,-0.0130806,-2.50428,0.777491,1.76405,0.103271,5.0,-1.56681,-3.53891,-0.278635,4.5508,-1.31708,-3.20879])
1.6443924409751718
Max g: 0.35472144061575156
f_99([0.699707,4.15503,-3.16487,4.99274,-4.90691,0.914173,0.361143,-4.63886,5.0,2.77216,-2.20775,-0.00967192,4.93651,0.962923,3.87271,0.365997,-4.96441,-4.68573,4.537,2.76594,2.19122,5.0,2.19351,-2.89508,0.830655,-1.14761,1.33785,-0.0210834,0.898356,-5.0,1.56748,3.53827,-0.0131691,-2.48851,0.772655,1.75323,0.103678,5.0,-1.56703,-3.53912,-0.274191,4.55023,-1.31766,-3.20911])
1.6429961834440188
Max g: 0.35290364279355635
f_100([0.699726,4.15504,-3.16484,4.99274,-4.90695,0.91417,0.361559,-4.63844,5.0,2.77287,-2.20787,-0.00976213,4.93651,0.962887,3.87271,0.365983,-4.96442,-4.68572,4.548,2.78545,2.19341,5.0,2.19758,-2.89411,0.830674,-1.14766,1.33794,-0.0210867,0.897894,-5.0,1.56768,3.53845,-0.0132428,-2.47293,0.767868,1.74254,0.104101,5.0,-1.56722,-3.53932,-0.269821,4.54965,-1.31821,-3.2094])
1.6411012625088823
{0.6997261437362714,4.155035970296878,-3.164839641492785,4.992740240222048,-4.906946943004609,0.9141696107920328,0.36155870048523364,-4.6384412995147555,5.0,2.7728743814922088,-2.207874182299609,-0.009762130461139612,4.936507651018643,0.9628871180640775,3.8727115683242785,0.3659829353824388,-4.964415129666532,-4.685718566570077,4.5479995138005895,2.785446706894123,2.193408152003708,5.0,2.19758201510517,-2.894108430208695,0.8306744951612974,-1.147659324383448,1.337936979674918,-0.021086651998528296,0.8978938281934832,-5.0,1.5676833751387769,3.538454557915745,-0.01324283368750735,-2.4729280140301158,0.7678681806495342,1.7425412263494082,0.10410148757673436,5.0,-1.567216127068064,-3.539318378976654,-0.2698210227809281,4.549647299254352,-1.3182066711981584,-3.209401744369996}]
Set[{A021,A031,A032,A041,A042,A043,A121,A131,A132,A141,A142,A143,B021,B031,B032,B041,B042,B043,B121,B131,B132,B141,B142,B143,\[Alpha]1,\[Alpha]2,\[Alpha]3,\[Alpha]4,\[Beta]11,\[Beta]12,\[Beta]13,\[Beta]14,\[Beta]21,\[Beta]22,\[Beta]23,\[Beta]24,\[Beta]31,\[Beta]32,\[Beta]33,\[Beta]34,\[Beta]41,\[Beta]42,\[Beta]43,\[Beta]44},{0.6997261437362714,4.155035970296878,-3.164839641492785,4.992740240222048,-4.906946943004609,0.9141696107920328,0.36155870048523364,-4.6384412995147555,5.0,2.7728743814922088,-2.207874182299609,-0.009762130461139612,4.936507651018643,0.9628871180640775,3.8727115683242785,0.3659829353824388,-4.964415129666532,-4.685718566570077,4.5479995138005895,2.785446706894123,2.193408152003708,5.0,2.19758201510517,-2.894108430208695,0.8306744951612974,-1.147659324383448,1.337936979674918,-0.021086651998528296,0.8978938281934832,-5.0,1.5676833751387769,3.538454557915745,-0.01324283368750735,-2.4729280140301158,0.7678681806495342,1.7425412263494082,0.10410148757673436,5.0,-1.567216127068064,-3.539318378976654,-0.2698210227809281,4.549647299254352,-1.3182066711981584,-3.209401744369996}]

Max g: 0.3510460075965517
f_101([0.699752,4.15499,-3.16482,4.99274,-4.90699,0.914173,0.361986,-4.63801,5.0,2.7735,-2.20801,-0.00970832,4.93651,0.962882,3.87271,0.366064,-4.96441,-4.68572,4.55909,2.80521,2.19547,5.0,2.20178,-2.89322,0.830673,-1.14768,1.33795,-0.0210833,0.897547,-5.0,1.56789,3.53867,-0.0133118,-2.45691,0.762957,1.73154,0.104455,5.0,-1.56744,-3.53951,-0.265372,4.54906,-1.31875,-3.20972])
1.6402036683817125
Max g: 0.34917573967850885
f_102([0.699767,4.155,-3.16481,4.99274,-4.90693,0.914173,0.36239,-4.63761,5.0,2.77422,-2.20814,-0.00978441,4.9365,0.962969,3.87269,0.366151,-4.96439,-4.68572,4.56949,2.82381,2.19727,5.0,2.20575,-2.89244,0.830668,-1.14768,1.33792,-0.0210873,0.897144,-5.0,1.56813,3.53887,-0.0133817,-2.44179,0.758333,1.72116,0.104874,5.0,-1.56768,-3.53971,-0.261185,4.5485,-1.31928,-3.21001])
1.6387076781697627
Max g: 0.347399560211213
f_103([0.699757,4.15496,-3.16479,4.99274,-4.90699,0.914225,0.362816,-4.63718,5.0,2.77493,-2.20821,-0.00989834,4.93651,0.962901,3.87268,0.366142,-4.96439,-4.68571,4.58036,2.84328,2.19913,5.0,2.20986,-2.89158,0.830651,-1.14773,1.338,-0.0210827,0.89663,-5.0,1.56832,3.53908,-0.0134453,-2.42573,0.753401,1.71013,0.105219,5.0,-1.56787,-3.53994,-0.256805,4.54791,-1.31978,-3.21032])
1.6368127572346265
Max g: 0.34548233255762256
f_104([0.699764,4.15495,-3.16479,4.99274,-4.90702,0.914232,0.363187,-4.63681,5.0,2.77553,-2.20826,-0.00998818,4.9365,0.962927,3.87266,0.366178,-4.96439,-4.68571,4.58957,2.85982,2.20062,5.0,2.21337,-2.8909,0.830678,-1.14771,1.33798,-0.0210838,0.896263,-5.0,1.56852,3.5393,-0.0135573,-2.41182,0.749131,1.70059,0.105692,5.0,-1.56806,-3.54015,-0.253044,4.54738,-1.32022,-3.21059])
1.6357156977458633
Max g: 0.3438415111199413
f_105([0.699766,4.15495,-3.16479,4.99274,-4.907,0.914242,0.363375,-4.63663,5.0,2.77583,-2.2083,-0.0100214,4.9365,0.962927,3.87267,0.366175,-4.96439,-4.68571,4.59425,2.86824,2.20136,5.0,2.21517,-2.89056,0.830666,-1.1477,1.33797,-0.0210843,0.896078,-5.0,1.56861,3.5394,-0.0135989,-2.40474,0.74696,1.69574,0.105896,5.0,-1.56815,-3.54026,-0.25114,4.54712,-1.32044,-3.21073])
1.6351173016610834
Max g: 0.34300058036016207
f_106([0.699766,4.15495,-3.16479,4.99274,-4.907,0.91424,0.363568,-4.63643,5.0,2.77614,-2.20834,-0.0100522,4.9365,0.96294,3.87267,0.366177,-4.96439,-4.68571,4.59906,2.8769,2.20209,5.0,2.21702,-2.89023,0.830658,-1.14771,1.33797,-0.0210845,0.895881,-5.0,1.5687,3.53951,-0.013645,-2.39745,0.744723,1.69073,0.106103,5.0,-1.56825,-3.54037,-0.249185,4.54685,-1.32066,-3.21086])
1.6345189055763034
Max g: 0.3421326582147635
f_107([0.699761,4.15495,-3.16477,4.99275,-4.90699,0.914233,0.363787,-4.63621,5.0,2.7765,-2.20837,-0.0101094,4.9365,0.962953,3.87267,0.366119,-4.96439,-4.68571,4.60441,2.88656,2.20289,5.0,2.21908,-2.88986,0.83064,-1.14774,1.33799,-0.0210853,0.895605,-5.0,1.56883,3.53964,-0.0136851,-2.38925,0.742214,1.6851,0.106364,5.0,-1.56837,-3.54049,-0.246999,4.54655,-1.32092,-3.21102])
1.6337210441299304
Max g: 0.34115015810086013
f_108([0.699764,4.15496,-3.16477,4.99275,-4.90701,0.914244,0.364007,-4.63599,5.0,2.77684,-2.2084,-0.0101372,4.9365,0.962977,3.87267,0.366114,-4.96439,-4.68571,4.60981,2.89633,2.20366,5.0,2.2212,-2.88952,0.830646,-1.14774,1.33798,-0.0210841,0.895377,-5.0,1.56893,3.53976,-0.0137378,-2.38098,0.739669,1.67943,0.106547,5.0,-1.56847,-3.54062,-0.244789,4.54624,-1.32117,-3.21117])
1.6334218460875403
Max g: 0.34017731558251857
slurmstepd: *** JOB 9005356 ON comet-31-17 CANCELLED AT 2017-04-24T08:19:22 DUE TO TIME LIMIT ***

signal (15): Terminated
while loading /home/crackauc/.julia/v0.5/SRKGenerator/test/runtests.jl, in expression starting on line 45
unknown function (ip: 0x2b197bc0f117)
unknown function (ip: 0x2b197bb2b4b9)
unknown function (ip: 0x2b197bc5c9cc)
unknown function (ip: 0x2b197bb2b629)
unknown function (ip: 0x2b197bb2b8db)
unknown function (ip: 0x2b197bbf0b0f)
unknown function (ip: 0x2b197bbf1702)
unknown function (ip: 0x2b197bb14fa9)
unknown function (ip: 0x2b197bb17944)
cuMemcpyHtoDAsync_v2 at /usr/lib64/libcuda.so (unknown line)
unknown function (ip: 0x2b197b7fe8cb)
unknown function (ip: 0x2b197b7dab5a)
cudaMemcpyAsync at /usr/local/cuda/lib64/libcudart.so (unknown line)
cudaMemcpyAsync at /home/crackauc/.julia/v0.5/CUDArt/src/../gen-6.5/gen_libcudart.jl:396 [inlined]
#copy!#9 at /home/crackauc/.julia/v0.5/CUDArt/src/arrays.jl:152
unknown function (ip: 0x2b197b179ce2)
jl_call_method_internal at /home/centos/buildbot/slave/package_tarball64/build/src/julia_internal.h:189 [inlined]
jl_apply_generic at /home/centos/buildbot/slave/package_tarball64/build/src/gf.c:1942
#copy! at ./<missing>:0
unknown function (ip: 0x2b197b179b5d)
jl_call_method_internal at /home/centos/buildbot/slave/package_tarball64/build/src/julia_internal.h:189 [inlined]
jl_apply_generic at /home/centos/buildbot/slave/package_tarball64/build/src/gf.c:1942
f_maker at /home/crackauc/.julia/v0.5/SRKGenerator/src/optim_functions.jl:81
unknown function (ip: 0x2b197b17c7c1)
jl_call_method_internal at /home/centos/buildbot/slave/package_tarball64/build/src/julia_internal.h:189 [inlined]
jl_apply_generic at /home/centos/buildbot/slave/package_tarball64/build/src/gf.c:1942
#5 at /home/crackauc/.julia/v0.5/SRKGenerator/src/main.jl:61
jl_call_method_internal at /home/centos/buildbot/slave/package_tarball64/build/src/julia_internal.h:189 [inlined]
jl_apply_generic at /home/centos/buildbot/slave/package_tarball64/build/src/gf.c:1942
nlopt_callback_wrapper at /home/crackauc/.julia/v0.5/NLopt/src/NLopt.jl:427
unknown function (ip: 0x2b197b160c0f)
f_max at /home/crackauc/.julia/v0.5/NLopt/deps/src/nlopt-2.4/api/optimize.c:779
auglag at /home/crackauc/.julia/v0.5/NLopt/deps/src/nlopt-2.4/auglag/auglag.c:36
func_wrap at /home/crackauc/.julia/v0.5/NLopt/deps/src/nlopt-2.4/cobyla/cobyla.c:100
cobylb at /home/crackauc/.julia/v0.5/NLopt/deps/src/nlopt-2.4/cobyla/cobyla.c:573 [inlined]
cobyla at /home/crackauc/.julia/v0.5/NLopt/deps/src/nlopt-2.4/cobyla/cobyla.c:430
cobyla_minimize at /home/crackauc/.julia/v0.5/NLopt/deps/src/nlopt-2.4/cobyla/cobyla.c:247
nlopt_optimize_ at /home/crackauc/.julia/v0.5/NLopt/deps/src/nlopt-2.4/api/optimize.c:647 [inlined]
nlopt_optimize at /home/crackauc/.julia/v0.5/NLopt/deps/src/nlopt-2.4/api/optimize.c:826
nlopt_optimize_limited at /home/crackauc/.julia/v0.5/NLopt/deps/src/nlopt-2.4/api/optimize.c:865
auglag_minimize at /home/crackauc/.julia/v0.5/NLopt/deps/src/nlopt-2.4/auglag/auglag.c:195
nlopt_optimize_ at /home/crackauc/.julia/v0.5/NLopt/deps/src/nlopt-2.4/api/optimize.c:733 [inlined]
nlopt_optimize at /home/crackauc/.julia/v0.5/NLopt/deps/src/nlopt-2.4/api/optimize.c:826
optimize! at /home/crackauc/.julia/v0.5/NLopt/src/NLopt.jl:526
#srk_optimize#1 at /home/crackauc/.julia/v0.5/SRKGenerator/src/main.jl:92
unknown function (ip: 0x2b197b1666bd)
jl_call_method_internal at /home/centos/buildbot/slave/package_tarball64/build/src/julia_internal.h:189 [inlined]
jl_apply_generic at /home/centos/buildbot/slave/package_tarball64/build/src/gf.c:1942
#srk_optimize at ./<missing>:0
unknown function (ip: 0x2b197b162f1c)
jl_call_method_internal at /home/centos/buildbot/slave/package_tarball64/build/src/julia_internal.h:189 [inlined]
jl_apply_generic at /home/centos/buildbot/slave/package_tarball64/build/src/gf.c:1942
do_call at /home/centos/buildbot/slave/package_tarball64/build/src/interpreter.c:66
eval at /home/centos/buildbot/slave/package_tarball64/build/src/interpreter.c:190
eval_body at /home/centos/buildbot/slave/package_tarball64/build/src/interpreter.c:469
jl_interpret_call at /home/centos/buildbot/slave/package_tarball64/build/src/interpreter.c:573
jl_toplevel_eval_flex at /home/centos/buildbot/slave/package_tarball64/build/src/toplevel.c:572
jl_parse_eval_all at /home/centos/buildbot/slave/package_tarball64/build/src/ast.c:717
jl_load at /home/centos/buildbot/slave/package_tarball64/build/src/toplevel.c:596
jl_load_ at /home/centos/buildbot/slave/package_tarball64/build/src/toplevel.c:605
include_from_node1 at ./loading.jl:488
unknown function (ip: 0x2b17518d9d0b)
jl_call_method_internal at /home/centos/buildbot/slave/package_tarball64/build/src/julia_internal.h:189 [inlined]
jl_apply_generic at /home/centos/buildbot/slave/package_tarball64/build/src/gf.c:1942
process_options at ./client.jl:262
_start at ./client.jl:318
unknown function (ip: 0x2b17518ff2e8)
jl_call_method_internal at /home/centos/buildbot/slave/package_tarball64/build/src/julia_internal.h:189 [inlined]
jl_apply_generic at /home/centos/buildbot/slave/package_tarball64/build/src/gf.c:1942
jl_apply at /home/centos/buildbot/slave/package_tarball64/build/ui/../src/julia.h:1392 [inlined]
true_main at /home/centos/buildbot/slave/package_tarball64/build/ui/repl.c:112
main at /home/centos/buildbot/slave/package_tarball64/build/ui/repl.c:232
__libc_start_main at /lib64/libc.so.6 (unknown line)
unknown function (ip: 0x4013fc)
unknown function (ip: 0xffffffffffffffff)
Allocations: 97935778865 (Pool: 97795234952; Big: 140543913); GC: 30378

signal (11): Segmentation fault
while loading /home/crackauc/.julia/v0.5/SRKGenerator/test/runtests.jl, in expression starting on line 45
