
-----------------Setup------------------
Options: alg=GN_ISRES,dx=0.01,max_eval=100000000,popSize=0
imin=-1,jmin=-4,imax=1,jmax=4,
parameter_minmax=5,
randSeed=15421556, rand_minmax=2,
END_C=true, INEQ_C=true

Initial Condition:

[-0.0203787,-0.0261426,-1.89104,-0.0156393,-1.0506,0.653684,-0.997415,-1.75482,-1.18921,1.73106,1.39446,1.98178,0.361264,-0.621484,-1.42663,-1.88989,-0.432843,1.44197,-0.135608,-1.67395,-0.620876,0.122787,-0.434337,-1.04091,-1.02137,1.63864,-1.55879,1.27145,-1.73414,-0.978634,-0.659727,-1.21694,1.77093,1.6434,-1.84226,-1.0732,0.391838,1.4223,1.29202,-0.0522151,0.963641,1.75779,0.84351,-0.192626]

f_1([-0.52587,-0.53182,-0.696664,-4.16651,1.3836,2.67322,0.0932127,1.07811,0.642848,-4.08671,3.70295,0.754965,2.29998,-4.86354,1.2195,-2.25063,3.33652,-3.64655,-0.345309,-0.783599,0.638186,-4.82413,4.08796,0.100753,-2.85333,0.31293,1.75598,-0.496376,4.64155,-4.77533,0.602184,0.711907,3.26269,-1.56673,0.483096,0.77435,0.0620459,-1.95108,1.4285,0.305934,4.4977,-2.90172,-3.86194,1.8424])
1.2905261458003365
Max g: 20.218197698886797
f_2([-1.36729,-2.57993,2.19327,-2.26026,2.2043,0.786942,0.066393,-0.659013,0.960221,-1.60083,2.44483,0.161179,-0.90926,1.37069,-4.19603,0.112546,4.0134,-2.05584,-0.0851055,-0.716653,1.18856,-4.23448,-0.2417,4.94289,-0.473445,0.349673,-0.262314,0.538064,-0.733809,1.00115,1.08909,0.248416,-0.237218,-1.24117,0.6686,-0.0404978,-0.984986,2.54025,-0.936601,0.0772293,2.51672,-4.17087,0.787581,-0.141018])
2.1970546766790267
Max g: 0.9641722721571163
f_3([-0.322441,-3.1181,2.99314,-2.03014,0.472147,2.5301,-0.0339032,0.17005,0.642065,-2.47634,3.26329,-0.00454312,-0.0630534,0.260163,-1.33554,-0.206037,3.10841,-1.72213,-0.173965,-0.876565,1.15265,-3.88692,-2.00512,3.8581,-1.04547,0.367793,0.230121,1.0717,-1.46111,0.860758,1.02856,0.245669,0.997131,-0.756518,0.0144242,-0.15126,-1.43257,3.13849,-1.10092,-0.278564,3.23766,-3.49381,-0.344389,0.413245])
4.494978292060297
Max g: 0.39445515160197964
f_4([-0.243696,-3.17333,2.98263,-1.38382,-0.412515,2.45477,0.0407208,-0.115033,0.846842,-1.24579,2.56249,-0.179157,-0.032905,0.330677,-1.38177,-0.0636629,3.01816,-1.63306,-0.338354,-0.907358,1.05307,-3.39457,-2.23752,3.35046,-0.474383,0.322916,0.0567187,0.800134,0.36636,-0.544483,0.826818,0.204553,1.76604,-2.08862,0.192517,-0.00588271,-1.36913,2.57401,-1.11113,-0.328837,3.86445,-3.60726,-0.807427,0.537881])
5.4034943882336135
Max g: 0.370017223735553
f_5([-0.170273,-3.18046,3.08151,-1.58334,-0.466706,2.52107,0.025337,-0.252224,0.9889,-1.45628,2.60654,-0.0933029,-0.131358,0.608433,-1.05845,-0.0279076,2.87774,-1.60533,-0.341489,-0.98965,1.09509,-3.23257,-2.31107,3.52166,-0.367108,0.377295,0.183953,0.88893,0.805284,-1.0245,0.947529,0.256435,2.94135,-2.92631,0.0627304,0.0680312,-0.283935,1.81335,-1.10438,-0.318239,3.88443,-3.63665,-0.808804,0.561951])
3.394960279749815
Max g: 0.14580092063784328
f_6([-0.137144,-3.18057,3.22001,-1.7733,-0.462172,2.77493,0.0433302,-0.274658,1.00895,-1.46449,2.54434,-0.108293,-0.0802689,0.612199,-1.6477,-0.180962,2.93384,-1.60065,-0.353284,-0.955165,1.03836,-3.33304,-2.37083,3.71705,-0.423935,0.252543,0.17634,0.993651,0.880432,-1.13584,0.979281,0.265388,3.02072,-3.26252,0.103618,0.0897611,-0.178131,1.56699,-1.03122,-0.31738,3.69488,-3.69171,-0.699681,0.63736])
3.522164458605847
Max g: 0.0649282314433241
f_7([-0.15471,-3.18156,3.16007,-1.76424,-0.515944,2.78778,0.0425595,-0.371588,1.07369,-1.43887,2.5642,-0.118825,-0.0134219,0.753187,-1.67191,-0.232985,2.91305,-1.57382,-0.352506,-0.950043,1.0314,-3.33769,-2.40148,3.78615,-0.66358,0.34629,0.210207,1.08859,0.963534,-1.3094,1.03171,0.295643,3.10106,-3.31558,0.124835,0.096535,-0.225784,1.55667,-1.0508,-0.31309,3.76664,-3.67468,-0.719663,0.638116])
3.9697641629555096
Max g: 0.06606844797734707
f_8([-0.0738099,-3.17825,3.17874,-1.83979,-0.505957,2.83795,0.0539303,-0.366366,1.08337,-1.41736,2.5307,-0.106229,0.0464201,0.835072,-1.79115,-0.229123,2.91261,-1.58749,-0.35082,-0.952566,1.04323,-3.31931,-2.4326,3.78743,-0.655315,0.354904,0.221909,1.08357,0.993876,-1.33391,1.03655,0.298069,3.05753,-3.2948,0.161002,0.0939085,-0.162772,1.52779,-1.05386,-0.312502,3.71431,-3.68253,-0.640237,0.636772])
3.2263153645008416
Max g: 0.053463269233055756
f_9([-0.0316924,-3.17301,3.21568,-1.86703,-0.48579,2.84895,0.0733322,-0.377512,1.11475,-1.42561,2.48087,-0.0527773,0.0984923,0.743037,-1.68493,-0.224319,2.91443,-1.5717,-0.353167,-0.946901,1.04891,-3.30792,-2.44299,3.78838,-0.625245,0.351786,0.222215,1.04284,0.99958,-1.37383,1.05583,0.30243,3.02148,-3.32249,0.218952,0.0994786,-0.0697905,1.42513,-1.06463,-0.302589,3.58581,-3.6801,-0.534691,0.641115])
3.1229619691803157
Max g: 0.043163054166627635
f_10([-0.0235296,-3.17457,3.23178,-1.85796,-0.503476,2.85393,0.0852412,-0.376949,1.13327,-1.41605,2.47097,-0.0521896,0.054137,0.751564,-1.6103,-0.212341,2.91534,-1.57007,-0.352498,-0.940265,1.04613,-3.30135,-2.44496,3.80142,-0.648842,0.378872,0.234574,1.03846,0.997796,-1.36476,1.06095,0.306335,2.96493,-3.32071,0.262275,0.102538,-0.0156336,1.39562,-1.07441,-0.309897,3.50766,-3.6949,-0.455911,0.649868])
3.029148887273992
{-0.02352958018056996,-3.174566575064199,3.2317788727074817,-1.8579648643805637,-0.5034755215182729,2.853932860997245,0.08524119924418098,-0.37694851520897815,1.1332749495529908,-1.4160462100842834,2.4709733850198883,-0.0521895804424005,0.054137006422734384,0.7515638019455136,-1.6102959108924315,-0.21234106605492403,2.9153350618782543,-1.5700713284999115,-0.3524979733115983,-0.940265001041067,1.0461278462958534,-3.301348459450197,-2.4449594118409173,3.801416912752183,-0.6488415495836,0.37887212930181197,0.2345742217166927,1.0384619975597322,0.9977957414954863,-1.3647641608394454,1.060954275537499,0.30633541752157306,2.9649273439791086,-3.320713206490089,0.26227516404613177,0.10253806600076004,-0.015633575181181133,1.3956226345616507,-1.0744134764342892,-0.30989667915672686,3.5076645325677087,-3.6949022264959677,-0.45591050142322254,0.6498679075168262}]
Set[{A021,A031,A032,A041,A042,A043,A121,A131,A132,A141,A142,A143,B021,B031,B032,B041,B042,B043,B121,B131,B132,B141,B142,B143,\[Alpha]1,\[Alpha]2,\[Alpha]3,\[Alpha]4,\[Beta]11,\[Beta]12,\[Beta]13,\[Beta]14,\[Beta]21,\[Beta]22,\[Beta]23,\[Beta]24,\[Beta]31,\[Beta]32,\[Beta]33,\[Beta]34,\[Beta]41,\[Beta]42,\[Beta]43,\[Beta]44},{-0.02352958018056996,-3.174566575064199,3.2317788727074817,-1.8579648643805637,-0.5034755215182729,2.853932860997245,0.08524119924418098,-0.37694851520897815,1.1332749495529908,-1.4160462100842834,2.4709733850198883,-0.0521895804424005,0.054137006422734384,0.7515638019455136,-1.6102959108924315,-0.21234106605492403,2.9153350618782543,-1.5700713284999115,-0.3524979733115983,-0.940265001041067,1.0461278462958534,-3.301348459450197,-2.4449594118409173,3.801416912752183,-0.6488415495836,0.37887212930181197,0.2345742217166927,1.0384619975597322,0.9977957414954863,-1.3647641608394454,1.060954275537499,0.30633541752157306,2.9649273439791086,-3.320713206490089,0.26227516404613177,0.10253806600076004,-0.015633575181181133,1.3956226345616507,-1.0744134764342892,-0.30989667915672686,3.5076645325677087,-3.6949022264959677,-0.45591050142322254,0.6498679075168262}]

Max g: 0.032919960001992724
f_11([-0.0142453,-3.17512,3.19476,-1.8642,-0.486498,2.84271,0.0936581,-0.379267,1.13643,-1.41975,2.48343,-0.0563791,0.0451907,0.751525,-1.57361,-0.202723,2.91429,-1.56674,-0.352842,-0.942999,1.05188,-3.30316,-2.44087,3.80688,-0.641914,0.378927,0.233937,1.02516,0.998019,-1.37552,1.06392,0.311221,2.92203,-3.3219,0.291574,0.105361,-0.00446801,1.39068,-1.08253,-0.309026,3.48298,-3.71854,-0.424984,0.65794])
2.9783665939963107
Max g: 0.026196157153835983
f_12([-0.0106269,-3.17695,3.18125,-1.85732,-0.486108,2.84072,0.0988085,-0.37955,1.14129,-1.42202,2.47871,-0.054827,0.0289345,0.748402,-1.54219,-0.1978,2.91531,-1.56676,-0.35233,-0.939558,1.05128,-3.2977,-2.44382,3.8069,-0.641476,0.388662,0.235074,1.02169,1.00013,-1.38288,1.07629,0.310473,2.92002,-3.32549,0.30044,0.10591,0.013637,1.37837,-1.08246,-0.311051,3.47024,-3.73667,-0.391256,0.65954])
2.9125781827442063
Max g: 0.024954389651778736
f_13([-0.00394035,-3.17713,3.17882,-1.85902,-0.485075,2.84092,0.103265,-0.379965,1.14348,-1.42446,2.48222,-0.0549418,0.0231958,0.724993,-1.52075,-0.198648,2.91696,-1.56661,-0.351943,-0.938867,1.04929,-3.29122,-2.44251,3.81008,-0.639629,0.388632,0.23291,1.01993,0.997463,-1.38813,1.07958,0.31314,2.90872,-3.3304,0.31662,0.107399,0.0133656,1.37884,-1.08184,-0.313063,3.46718,-3.7589,-0.377384,0.668018])
2.886044186060956
Max g: 0.02058446158150036
f_14([-0.00751663,-3.16993,3.17677,-1.85493,-0.485743,2.83769,0.107297,-0.37807,1.14186,-1.41209,2.46756,-0.0537909,0.0152868,0.724454,-1.51072,-0.198351,2.91955,-1.56655,-0.351595,-0.940896,1.05091,-3.28871,-2.44222,3.81417,-0.639797,0.389805,0.231734,1.01678,0.995749,-1.39575,1.08632,0.315794,2.88917,-3.33074,0.334392,0.108672,0.015347,1.3841,-1.08731,-0.315508,3.46185,-3.77785,-0.360193,0.67382])
2.893895068974727
Max g: 0.01535852743384393
f_15([-0.00906982,-3.1713,3.18464,-1.85821,-0.48465,2.8403,0.111027,-0.378773,1.14335,-1.41412,2.46957,-0.0545402,0.0162153,0.736743,-1.51331,-0.194184,2.92045,-1.56692,-0.352191,-0.945362,1.05419,-3.28858,-2.4421,3.82312,-0.634265,0.391972,0.231227,1.01131,0.998,-1.40562,1.08904,0.319685,2.87008,-3.33019,0.347977,0.110351,0.0236731,1.38602,-1.09284,-0.318039,3.45689,-3.78601,-0.345275,0.680475])
2.9143669915093695
Max g: 0.011628231140796086
f_16([-0.00524727,-3.18136,3.18647,-1.8578,-0.482726,2.84017,0.114914,-0.379312,1.14324,-1.40996,2.46648,-0.0547167,0.016005,0.733479,-1.51357,-0.193109,2.92072,-1.56704,-0.352253,-0.947482,1.05572,-3.28776,-2.44163,3.82914,-0.632161,0.392001,0.230939,1.00967,0.998384,-1.41683,1.09567,0.322767,2.86242,-3.332,0.360769,0.112346,0.0319172,1.3873,-1.0993,-0.320891,3.44427,-3.80042,-0.329841,0.685755])
2.90114968230011
Max g: 0.009024928644258412
f_17([-0.00429408,-3.18416,3.18397,-1.85873,-0.482578,2.83993,0.117817,-0.379568,1.14561,-1.41365,2.4694,-0.054745,0.0081689,0.744087,-1.51136,-0.19317,2.92075,-1.56679,-0.352412,-0.950035,1.05789,-3.28792,-2.442,3.8338,-0.63547,0.391986,0.231736,1.0114,0.997835,-1.41823,1.09725,0.323452,2.85235,-3.33238,0.367298,0.112986,0.0307639,1.39145,-1.10014,-0.322132,3.43426,-3.80554,-0.318237,0.689048])
2.8825659467953613
Max g: 0.0070195007724176695
f_18([-0.00291082,-3.17812,3.17868,-1.85887,-0.482233,2.84002,0.118615,-0.379678,1.14465,-1.41539,2.47055,-0.0546554,0.00463641,0.753388,-1.50916,-0.193336,2.92386,-1.56682,-0.352451,-0.952106,1.06,-3.2884,-2.44239,3.83609,-0.635319,0.392,0.233426,1.00936,0.99794,-1.4206,1.09978,0.324568,2.84594,-3.3321,0.371511,0.113072,0.0323452,1.39226,-1.10213,-0.322798,3.43095,-3.80594,-0.31501,0.690039])
2.8693486375861017
Max g: 0.005338128843794976
f_19([-0.00308567,-3.17833,3.17938,-1.86035,-0.48036,2.84002,0.119366,-0.379556,1.14623,-1.4146,2.47017,-0.0546954,0.00476572,0.757115,-1.5096,-0.192099,2.92302,-1.56694,-0.352248,-0.960906,1.06975,-3.2885,-2.44236,3.83696,-0.635776,0.391974,0.234234,1.00903,0.997936,-1.42018,1.09863,0.324996,2.84512,-3.33161,0.372882,0.113328,0.0285416,1.39562,-1.10031,-0.323282,3.42625,-3.80563,-0.30881,0.690293])
2.870938689821802
Max g: 0.004328906633124019
f_20([-0.00288744,-3.17898,3.17886,-1.85979,-0.480656,2.84007,0.120091,-0.379625,1.1485,-1.41547,2.47058,-0.0546965,0.00595455,0.752213,-1.50939,-0.191871,2.92318,-1.56698,-0.351917,-0.963973,1.07302,-3.28845,-2.44237,3.8384,-0.633201,0.391968,0.233374,1.008,0.997874,-1.4184,1.09681,0.324956,2.8446,-3.33289,0.375435,0.113536,0.0247259,1.39734,-1.09895,-0.323635,3.42411,-3.80997,-0.306101,0.691366])
2.87700076397041
{-0.0028874370866344033,-3.1789839983565336,3.178863196885908,-1.8597925506097825,-0.48065582864200224,2.840071612437546,0.1200906753463388,-0.37962498467513006,1.1485009270339939,-1.4154698872768048,2.4705795737923637,-0.05469650940417524,0.005954551373502583,0.752213410382685,-1.5093900389202637,-0.19187142253739947,2.9231839938914588,-1.5669756349318351,-0.35191677868411425,-0.963972604918927,1.0730211513665735,-3.2884508838297335,-2.442373195877013,3.8384012706679917,-0.6332011685374556,0.39196805573063664,0.2333740139638487,1.007996203615901,0.997873656591272,-1.4183981157984753,1.0968114432357867,0.32495601807050606,2.844600631037497,-3.3328924515575005,0.3754348118601798,0.11353627506171311,0.024725893599171985,1.3973379861750435,-1.0989455351683792,-0.3236354109913101,3.424107737106645,-3.8099739883704786,-0.30610064523347325,0.6913656280808949}]
Set[{A021,A031,A032,A041,A042,A043,A121,A131,A132,A141,A142,A143,B021,B031,B032,B041,B042,B043,B121,B131,B132,B141,B142,B143,\[Alpha]1,\[Alpha]2,\[Alpha]3,\[Alpha]4,\[Beta]11,\[Beta]12,\[Beta]13,\[Beta]14,\[Beta]21,\[Beta]22,\[Beta]23,\[Beta]24,\[Beta]31,\[Beta]32,\[Beta]33,\[Beta]34,\[Beta]41,\[Beta]42,\[Beta]43,\[Beta]44},{-0.0028874370866344033,-3.1789839983565336,3.178863196885908,-1.8597925506097825,-0.48065582864200224,2.840071612437546,0.1200906753463388,-0.37962498467513006,1.1485009270339939,-1.4154698872768048,2.4705795737923637,-0.05469650940417524,0.005954551373502583,0.752213410382685,-1.5093900389202637,-0.19187142253739947,2.9231839938914588,-1.5669756349318351,-0.35191677868411425,-0.963972604918927,1.0730211513665735,-3.2884508838297335,-2.442373195877013,3.8384012706679917,-0.6332011685374556,0.39196805573063664,0.2333740139638487,1.007996203615901,0.997873656591272,-1.4183981157984753,1.0968114432357867,0.32495601807050606,2.844600631037497,-3.3328924515575005,0.3754348118601798,0.11353627506171311,0.024725893599171985,1.3973379861750435,-1.0989455351683792,-0.3236354109913101,3.424107737106645,-3.8099739883704786,-0.30610064523347325,0.6913656280808949}]

Max g: 0.004309742023784906
f_21([-0.00221104,-3.18158,3.18089,-1.86026,-0.481125,2.84013,0.121115,-0.379618,1.14949,-1.41564,2.47061,-0.0547131,0.00663741,0.750561,-1.50981,-0.191884,2.92323,-1.56697,-0.351604,-0.966589,1.07604,-3.28819,-2.44238,3.8398,-0.63133,0.391965,0.231802,1.00713,0.997833,-1.41968,1.09646,0.325577,2.84431,-3.33702,0.378765,0.113691,0.0230882,1.39921,-1.09847,-0.324319,3.4251,-3.81612,-0.300485,0.692538])
2.8804790032360046
Max g: 0.004557395249441407
f_22([-0.00206654,-3.1825,3.18217,-1.86034,-0.480658,2.84014,0.121406,-0.379579,1.14919,-1.41601,2.47093,-0.0547061,0.00227271,0.748915,-1.50997,-0.191306,2.92344,-1.56699,-0.351321,-0.968743,1.07783,-3.28789,-2.44236,3.8409,-0.627514,0.391963,0.229849,1.00639,0.997864,-1.4202,1.09786,0.325957,2.84528,-3.33849,0.37948,0.114007,0.0198201,1.40382,-1.09877,-0.324814,3.4263,-3.82009,-0.299202,0.693291])
2.870143663703952
Max g: 0.0030620049141422906
f_23([-0.00131499,-3.18226,3.18311,-1.86011,-0.480816,2.84016,0.121819,-0.37958,1.15028,-1.41628,2.47128,-0.0547108,-0.00171364,0.750812,-1.50954,-0.190327,2.9237,-1.56671,-0.351585,-0.96868,1.07746,-3.28779,-2.44237,3.84213,-0.625756,0.391964,0.228149,1.0056,0.997838,-1.42026,1.09668,0.326422,2.84436,-3.3386,0.380442,0.114307,0.0171912,1.40601,-1.09737,-0.325589,3.42343,-3.82011,-0.29768,0.694549])
2.859410811112974
Max g: 0.0023409288059288436
f_24([-0.000911702,-3.18289,3.18251,-1.85996,-0.480725,2.84013,0.122083,-0.379646,1.15055,-1.41688,2.4718,-0.0547078,-0.00284145,0.755346,-1.50833,-0.188527,2.92366,-1.56679,-0.351591,-0.969286,1.07753,-3.28707,-2.44238,3.84215,-0.62478,0.391962,0.228661,1.00399,0.997646,-1.42044,1.09681,0.32659,2.84527,-3.34124,0.381429,0.114423,0.0140498,1.41005,-1.09811,-0.326034,3.42483,-3.82203,-0.297563,0.695066])
2.8580195154067365
Max g: 0.0017679933893719468
f_25([-0.000709027,-3.18339,3.18365,-1.86011,-0.480366,2.84021,0.122019,-0.379385,1.15101,-1.41722,2.47195,-0.0547079,-0.00407303,0.758279,-1.5073,-0.187101,2.92339,-1.56701,-0.351523,-0.970767,1.07921,-3.28689,-2.44237,3.84215,-0.624035,0.391963,0.228775,1.00314,0.997631,-1.42049,1.09646,0.326621,2.84695,-3.3421,0.380655,0.114516,0.012284,1.41093,-1.09696,-0.326111,3.42591,-3.82419,-0.296825,0.695346])
2.8540443848174855
Max g: 0.0018684858789443926
f_26([-0.000937051,-3.18368,3.18356,-1.86008,-0.480497,2.84019,0.122239,-0.379392,1.1516,-1.41692,2.47183,-0.0547066,-0.00384346,0.757695,-1.50734,-0.186586,2.92357,-1.5672,-0.351505,-0.97195,1.0803,-3.28696,-2.44237,3.84274,-0.622963,0.391963,0.228491,1.00247,0.99743,-1.41945,1.09557,0.32673,2.84602,-3.34178,0.381101,0.114543,0.0109146,1.41131,-1.09593,-0.326295,3.42525,-3.8252,-0.295838,0.695693])
2.8562307066415737
Max g: 0.0013115123800259143
f_27([-0.000678257,-3.18356,3.18376,-1.85996,-0.480543,2.84024,0.12239,-0.379322,1.15216,-1.41695,2.47183,-0.054706,-0.00378458,0.758295,-1.50734,-0.186379,2.92363,-1.56707,-0.351496,-0.972939,1.08119,-3.28705,-2.44237,3.84319,-0.621977,0.391964,0.228146,1.00189,0.997349,-1.4192,1.09529,0.326793,2.84602,-3.34225,0.381393,0.114628,0.00840719,1.41362,-1.0954,-0.326495,3.42497,-3.82582,-0.295225,0.695993])
2.8555350587884547
Max g: 0.0011538012305456202
f_28([-0.000379425,-3.18398,3.18393,-1.86026,-0.480482,2.84047,0.122513,-0.379109,1.15189,-1.41701,2.47178,-0.0547045,-0.00370471,0.759573,-1.50713,-0.185696,2.92359,-1.56761,-0.351521,-0.97371,1.08192,-3.28689,-2.44237,3.84369,-0.622352,0.391965,0.228839,1.00167,0.997103,-1.41906,1.09501,0.32706,2.84569,-3.34237,0.381806,0.114767,0.00636955,1.41582,-1.09528,-0.326872,3.42526,-3.82717,-0.294806,0.696543])
2.8550381674647984
Max g: 0.001058223789553947
f_29([-0.000431985,-3.18398,3.18388,-1.86073,-0.479813,2.84039,0.12252,-0.378928,1.152,-1.41703,2.47183,-0.0547055,-0.00525818,0.760555,-1.50726,-0.185832,2.92352,-1.567,-0.351516,-0.974508,1.08257,-3.28698,-2.44237,3.84412,-0.621871,0.391965,0.228435,1.00164,0.99701,-1.41906,1.09487,0.327166,2.84562,-3.3423,0.381898,0.114782,0.00535465,1.4169,-1.09514,-0.327025,3.42542,-3.82728,-0.294778,0.696766])
2.8514605499344725
Max g: 0.0008981724391521062
f_30([-0.000399506,-3.18386,3.1838,-1.86071,-0.479822,2.84036,0.122605,-0.37878,1.15207,-1.41706,2.47175,-0.0547151,-0.00542888,0.760483,-1.50727,-0.185223,2.92346,-1.56754,-0.351516,-0.974938,1.08298,-3.28696,-2.44237,3.84433,-0.621805,0.391965,0.228228,1.00162,0.996766,-1.41875,1.0948,0.327191,2.84567,-3.34244,0.38191,0.114799,0.00473933,1.41777,-1.09505,-0.327164,3.42525,-3.8275,-0.294438,0.696897])
2.850963658610816
{-0.00039950578289779995,-3.183859608736898,3.1837958301695473,-1.8607125043477597,-0.47982154702620367,2.8403607207264994,0.12260510375348829,-0.3787800429473137,1.1520682265134594,-1.4170630567136429,2.471753673989612,-0.05471511414221295,-0.005428878743461341,0.7604829954439507,-1.5072716325159583,-0.18522272280765398,2.923463293500027,-1.5675416694200248,-0.3515156628639065,-0.974937943212103,1.0829798139266005,-3.2869574552336904,-2.442372940215606,3.84432793754011,-0.6218054433442237,0.3919646195399019,0.2282282580716527,1.0016236260534332,0.9967661792362024,-1.4187505010146595,1.0947956876677722,0.3271908932568507,2.84566595380144,-3.3424417832318483,0.3819096257785989,0.11479893075002894,0.004739334046998908,1.4177657919469269,-1.0950540254038257,-0.3271640588690279,3.4252490833172673,-3.82750496904454,-0.2944375700939588,0.6968969627656719}]
Set[{A021,A031,A032,A041,A042,A043,A121,A131,A132,A141,A142,A143,B021,B031,B032,B041,B042,B043,B121,B131,B132,B141,B142,B143,\[Alpha]1,\[Alpha]2,\[Alpha]3,\[Alpha]4,\[Beta]11,\[Beta]12,\[Beta]13,\[Beta]14,\[Beta]21,\[Beta]22,\[Beta]23,\[Beta]24,\[Beta]31,\[Beta]32,\[Beta]33,\[Beta]34,\[Beta]41,\[Beta]42,\[Beta]43,\[Beta]44},{-0.00039950578289779995,-3.183859608736898,3.1837958301695473,-1.8607125043477597,-0.47982154702620367,2.8403607207264994,0.12260510375348829,-0.3787800429473137,1.1520682265134594,-1.4170630567136429,2.471753673989612,-0.05471511414221295,-0.005428878743461341,0.7604829954439507,-1.5072716325159583,-0.18522272280765398,2.923463293500027,-1.5675416694200248,-0.3515156628639065,-0.974937943212103,1.0829798139266005,-3.2869574552336904,-2.442372940215606,3.84432793754011,-0.6218054433442237,0.3919646195399019,0.2282282580716527,1.0016236260534332,0.9967661792362024,-1.4187505010146595,1.0947956876677722,0.3271908932568507,2.84566595380144,-3.3424417832318483,0.3819096257785989,0.11479893075002894,0.004739334046998908,1.4177657919469269,-1.0950540254038257,-0.3271640588690279,3.4252490833172673,-3.82750496904454,-0.2944375700939588,0.6968969627656719}]

Max g: 0.0008531209370272463
f_31([-0.000326655,-3.18433,3.18424,-1.86082,-0.479754,2.84033,0.12267,-0.378849,1.15213,-1.41694,2.47169,-0.0547235,-0.00543074,0.760597,-1.5073,-0.185187,2.92347,-1.56761,-0.351473,-0.975233,1.08335,-3.28691,-2.44237,3.84434,-0.621812,0.391965,0.228271,1.0016,0.996586,-1.41865,1.09486,0.327195,2.84567,-3.34271,0.382199,0.114826,0.00450172,1.4176,-1.09504,-0.327121,3.42529,-3.82814,-0.294173,0.696955])
2.8511624151402786
Max g: 0.0007659311315414974
f_32([-0.000253634,-3.18449,3.18442,-1.86094,-0.479554,2.84029,0.122777,-0.37876,1.15214,-1.41695,2.47172,-0.0547186,-0.00558709,0.760823,-1.50727,-0.184972,2.92351,-1.56771,-0.351426,-0.975349,1.08353,-3.28674,-2.44237,3.84424,-0.621817,0.391965,0.228293,1.00149,0.996294,-1.41862,1.09495,0.327205,2.84568,-3.34305,0.38267,0.114821,0.00439176,1.418,-1.09503,-0.327138,3.42514,-3.82859,-0.29357,0.697013])
2.8505661455518907
Max g: 0.0005915939393366376
f_33([-0.000186836,-3.18441,3.18432,-1.86109,-0.479483,2.84034,0.122926,-0.378813,1.15213,-1.41699,2.47169,-0.0547013,-0.005578,0.76151,-1.50687,-0.184829,2.92352,-1.56765,-0.351354,-0.975372,1.0836,-3.28637,-2.44237,3.84417,-0.621622,0.391965,0.22837,1.00126,0.995789,-1.41852,1.09535,0.327292,2.84565,-3.34371,0.383201,0.114852,0.00432724,1.41831,-1.09533,-0.327267,3.42496,-3.82918,-0.292943,0.697168])
2.8506655238166223
Max g: 0.00044775483165360175
f_34([-0.000183338,-3.18413,3.18409,-1.86092,-0.479546,2.84035,0.123025,-0.378822,1.15217,-1.41701,2.47181,-0.0547101,-0.00569445,0.761588,-1.50691,-0.184683,2.92354,-1.56757,-0.351368,-0.97551,1.08374,-3.28635,-2.44237,3.84418,-0.621283,0.391965,0.228357,1.00089,0.995759,-1.41843,1.09528,0.327285,2.84563,-3.34415,0.383587,0.11492,0.00456702,1.41799,-1.09532,-0.327259,3.42501,-3.8295,-0.292764,0.697246])
2.8510630368755474
Max g: 0.00036827834063291043
f_35([-0.000172791,-3.18389,3.18381,-1.86088,-0.47954,2.84033,0.123052,-0.378836,1.15218,-1.41702,2.47177,-0.0547182,-0.0058828,0.761642,-1.50674,-0.184587,2.92355,-1.56756,-0.351343,-0.975488,1.08375,-3.28628,-2.44237,3.84424,-0.621074,0.391965,0.228288,1.00076,0.995528,-1.41835,1.09551,0.327319,2.84564,-3.34423,0.383727,0.114925,0.00480161,1.41802,-1.09548,-0.327307,3.42502,-3.82996,-0.29237,0.697292])
2.850268010757697
Max g: 0.0003384803584178253
f_36([-0.000127782,-3.18394,3.18389,-1.86089,-0.479532,2.84034,0.123089,-0.378884,1.15222,-1.4171,2.47182,-0.0547181,-0.00584007,0.761546,-1.50668,-0.184577,2.92364,-1.56758,-0.351334,-0.975492,1.08376,-3.28625,-2.44237,3.84428,-0.620849,0.391965,0.228206,1.00067,0.995426,-1.41835,1.09553,0.327341,2.8456,-3.34437,0.383814,0.114938,0.00493439,1.41781,-1.09547,-0.3273,3.425,-3.83016,-0.292242,0.697367])
2.8505661455518907
Max g: 0.0003247588607959706
f_37([-0.000126618,-3.18391,3.18395,-1.86091,-0.47951,2.84032,0.123154,-0.37883,1.15222,-1.41701,2.47176,-0.0547214,-0.00592972,0.761598,-1.50665,-0.184565,2.92369,-1.56754,-0.351324,-0.97549,1.08377,-3.28624,-2.44237,3.84436,-0.620618,0.391965,0.228111,1.00054,0.995444,-1.41835,1.09553,0.327359,2.84556,-3.34456,0.384029,0.114954,0.00493885,1.4179,-1.09549,-0.327337,3.425,-3.83053,-0.291947,0.697445])
2.8503673890224284
Max g: 0.0002688083249489104
f_38([-0.00011218,-3.18391,3.18392,-1.86089,-0.479493,2.84032,0.123186,-0.378813,1.15225,-1.41703,2.47174,-0.0547186,-0.00595226,0.761606,-1.50664,-0.184569,2.92381,-1.56754,-0.351303,-0.9755,1.08377,-3.28623,-2.44237,3.84441,-0.620342,0.391965,0.227985,1.00036,0.995406,-1.41834,1.09555,0.327369,2.84554,-3.34476,0.384217,0.114972,0.00488603,1.41802,-1.09553,-0.327344,3.425,-3.83078,-0.291727,0.697496])
2.8503673890224284
Max g: 0.00022074715147923918
f_39([-7.91947e-5,-3.18391,3.1839,-1.86082,-0.479502,2.84028,0.123223,-0.378851,1.15221,-1.41701,2.47173,-0.0547194,-0.00592264,0.761607,-1.5066,-0.184548,2.92388,-1.56754,-0.351312,-0.975519,1.08378,-3.28622,-2.44237,3.84449,-0.620126,0.391965,0.227926,1.00027,0.995298,-1.41834,1.09563,0.327405,2.84549,-3.34479,0.384316,0.114993,0.00479884,1.41825,-1.09565,-0.327397,3.425,-3.83091,-0.291656,0.697574])
2.8504667672871595
Max g: 0.00020155734497340205
f_40([-7.58118e-5,-3.18394,3.18396,-1.86079,-0.479558,2.84031,0.123257,-0.378868,1.1522,-1.41709,2.47183,-0.0547185,-0.00594068,0.76161,-1.5066,-0.18455,2.92397,-1.56758,-0.351314,-0.975534,1.08378,-3.28619,-2.44237,3.84456,-0.620072,0.391965,0.227892,1.00023,0.995156,-1.41833,1.09574,0.327434,2.84529,-3.34474,0.384457,0.115012,0.00481991,1.41831,-1.09572,-0.327432,3.42501,-3.83107,-0.291579,0.697646])
2.8504667672871595
{-7.581183814132701e-5,-3.183935691257085,3.183960413762931,-1.860792524919672,-0.4795581608535369,2.840314306053666,0.12325692715921481,-0.37886801236124074,1.1521994118191468,-1.4170917026322094,2.4718270693252546,-0.0547184959582256,-0.00594068414215317,0.7616096069842501,-1.5066004657372971,-0.18455036377498288,2.9239675568119803,-1.567577521613717,-0.351314077255229,-0.9755343219304735,1.083782198252422,-3.2861913894162513,-2.4423721684246105,3.84456371026286,-0.62007186988154,0.39196454355430155,0.22789238194735914,1.000228033500197,0.9951557950429195,-1.418333417588875,1.0957417730912515,0.3274340868630976,2.845291718862412,-3.3447425086633342,0.3844565654596313,0.11501211879666753,0.0048199101804141655,1.4183134396969759,-1.095721141041684,-0.32743164473902536,3.4250058158605334,-3.831071470697496,-0.2915789928102884,0.6976462972948904}]
Set[{A021,A031,A032,A041,A042,A043,A121,A131,A132,A141,A142,A143,B021,B031,B032,B041,B042,B043,B121,B131,B132,B141,B142,B143,\[Alpha]1,\[Alpha]2,\[Alpha]3,\[Alpha]4,\[Beta]11,\[Beta]12,\[Beta]13,\[Beta]14,\[Beta]21,\[Beta]22,\[Beta]23,\[Beta]24,\[Beta]31,\[Beta]32,\[Beta]33,\[Beta]34,\[Beta]41,\[Beta]42,\[Beta]43,\[Beta]44},{-7.581183814132701e-5,-3.183935691257085,3.183960413762931,-1.860792524919672,-0.4795581608535369,2.840314306053666,0.12325692715921481,-0.37886801236124074,1.1521994118191468,-1.4170917026322094,2.4718270693252546,-0.0547184959582256,-0.00594068414215317,0.7616096069842501,-1.5066004657372971,-0.18455036377498288,2.9239675568119803,-1.567577521613717,-0.351314077255229,-0.9755343219304735,1.083782198252422,-3.2861913894162513,-2.4423721684246105,3.84456371026286,-0.62007186988154,0.39196454355430155,0.22789238194735914,1.000228033500197,0.9951557950429195,-1.418333417588875,1.0957417730912515,0.3274340868630976,2.845291718862412,-3.3447425086633342,0.3844565654596313,0.11501211879666753,0.0048199101804141655,1.4183134396969759,-1.095721141041684,-0.32743164473902536,3.4250058158605334,-3.831071470697496,-0.2915789928102884,0.6976462972948904}]

Max g: 0.00017321289634088634
f_41([-3.24793e-5,-3.18393,3.18392,-1.86079,-0.479548,2.84031,0.123283,-0.378898,1.15224,-1.41702,2.47176,-0.0547181,-0.00598221,0.761589,-1.50661,-0.184549,2.92403,-1.5676,-0.351315,-0.975535,1.08378,-3.28618,-2.44237,3.84459,-0.619962,0.391964,0.227835,1.00016,0.995114,-1.41833,1.09577,0.327444,2.84523,-3.34478,0.384538,0.115022,0.00487241,1.41832,-1.09576,-0.32745,3.42501,-3.83122,-0.291464,0.697674])
2.850268010757697
Max g: 0.00015887122151762032
f_42([-3.44958e-5,-3.18398,3.18397,-1.8608,-0.479531,2.84032,0.123312,-0.378933,1.15223,-1.41705,2.47178,-0.0547186,-0.0060696,0.761634,-1.50658,-0.184521,2.92406,-1.56763,-0.351312,-0.975537,1.08378,-3.28617,-2.44237,3.84462,-0.619917,0.391964,0.22781,1.00014,0.995028,-1.41833,1.09585,0.327463,2.84514,-3.34485,0.384681,0.115035,0.00487997,1.41842,-1.09585,-0.327471,3.42489,-3.83125,-0.291346,0.697708])
2.8499698759635033
Max g: 0.0001285132785481878
f_43([-3.35485e-5,-3.18399,3.18397,-1.8608,-0.479546,2.84031,0.12333,-0.378973,1.15226,-1.41707,2.47179,-0.0547181,-0.00632396,0.76163,-1.50659,-0.184536,2.92412,-1.56764,-0.351313,-0.97553,1.08378,-3.28616,-2.44237,3.84463,-0.619824,0.391964,0.227706,1.00014,0.994953,-1.41834,1.09591,0.327466,2.8451,-3.34488,0.384753,0.115038,0.00491566,1.41844,-1.0959,-0.327473,3.42477,-3.83123,-0.291267,0.697717])
2.8496717411693093
Max g: 9.19598650964415e-5
f_44([-1.88775e-5,-3.18391,3.18391,-1.86082,-0.479536,2.84033,0.123349,-0.378956,1.15221,-1.41709,2.47182,-0.0547172,-0.00640999,0.761631,-1.50659,-0.184499,2.92406,-1.56763,-0.351314,-0.975532,1.08378,-3.28615,-2.44237,3.84465,-0.619789,0.391964,0.227671,1.00015,0.994883,-1.41834,1.09597,0.327478,2.84498,-3.34482,0.384815,0.115044,0.00503411,1.41842,-1.09598,-0.327484,3.42474,-3.83126,-0.291222,0.697745])
2.8496717411693093
Max g: 7.490499523907235e-5
f_45([-1.55613e-5,-3.1839,3.18389,-1.86081,-0.47954,2.84033,0.123356,-0.378954,1.15221,-1.41709,2.47181,-0.0547148,-0.00640868,0.761625,-1.50659,-0.184488,2.92405,-1.56762,-0.351312,-0.975526,1.08379,-3.28614,-2.44237,3.84466,-0.619767,0.391965,0.227661,1.00014,0.994855,-1.41834,1.09599,0.327483,2.84494,-3.34483,0.384848,0.115044,0.00507469,1.4184,-1.09599,-0.327485,3.4247,-3.83128,-0.291178,0.697753])
2.8496717411693093
Max g: 6.62585282018846e-5
f_46([-1.76846e-5,-3.18393,3.18392,-1.86081,-0.479537,2.84033,0.12337,-0.378953,1.15221,-1.41709,2.47181,-0.0547129,-0.00641816,0.761627,-1.50657,-0.184474,2.92405,-1.56761,-0.351311,-0.975526,1.08379,-3.28612,-2.44237,3.84465,-0.619738,0.391965,0.227656,1.00011,0.994851,-1.41834,1.09601,0.327484,2.84486,-3.3448,0.384894,0.115042,0.00508348,1.41838,-1.09599,-0.327485,3.4247,-3.83133,-0.291119,0.697765])
2.8496717411693093
Max g: 4.672544900280462e-5
f_47([9.498e-8,-3.18394,3.18394,-1.86082,-0.47953,2.84034,0.123374,-0.378931,1.15218,-1.4171,2.47182,-0.0547118,-0.00639813,0.761631,-1.50658,-0.184438,2.92405,-1.5676,-0.35131,-0.975527,1.08379,-3.28613,-2.44237,3.84465,-0.619617,0.391965,0.227611,1.00004,0.99483,-1.41834,1.09602,0.327486,2.84485,-3.34482,0.384911,0.115044,0.00509496,1.41839,-1.09601,-0.327487,3.42471,-3.83138,-0.291095,0.697767])
2.8497711194340405
Max g: 4.424628759919225e-5
f_48([-5.84232e-6,-3.18395,3.18394,-1.86081,-0.479533,2.84034,0.123374,-0.378927,1.15216,-1.41711,2.47182,-0.0547117,-0.00639692,0.761631,-1.50656,-0.184423,2.92405,-1.5676,-0.351309,-0.975524,1.08379,-3.28612,-2.44237,3.84465,-0.619592,0.391965,0.227606,1.00002,0.994812,-1.41834,1.09604,0.327486,2.84482,-3.34478,0.384914,0.115043,0.00519181,1.41833,-1.09604,-0.327487,3.4247,-3.83137,-0.291096,0.697766])
2.8497711194340405
Max g: 4.332253032512945e-5
f_49([-6.53856e-6,-3.18395,3.18396,-1.86081,-0.479531,2.84034,0.123379,-0.378933,1.15216,-1.4171,2.47181,-0.0547119,-0.00641161,0.76163,-1.50653,-0.184424,2.92405,-1.56759,-0.351308,-0.975524,1.0838,-3.28612,-2.44237,3.84466,-0.619584,0.391965,0.227605,1.00002,0.994793,-1.41833,1.09605,0.327489,2.84481,-3.34479,0.38494,0.115045,0.00523248,1.41831,-1.09605,-0.327487,3.42469,-3.83138,-0.291075,0.697772])
2.8497711194340405
Max g: 3.589290483022034e-5
f_50([-6.5859e-6,-3.18393,3.18394,-1.86081,-0.47953,2.84033,0.123384,-0.37893,1.15216,-1.4171,2.47182,-0.054712,-0.00641542,0.76163,-1.50654,-0.184426,2.92405,-1.56759,-0.351307,-0.975523,1.0838,-3.28612,-2.44237,3.84466,-0.619582,0.391965,0.227603,1.00002,0.99476,-1.4183,1.09605,0.327489,2.84479,-3.34479,0.384957,0.115047,0.0052447,1.4183,-1.09606,-0.327487,3.42467,-3.83139,-0.291054,0.697775])
2.8497711194340405
{-6.585899245879389e-6,-3.1839285215565796,3.183935395032687,-1.860807998567165,-0.4795297086344762,2.840334785913905,0.12338417034646935,-0.3789303066085934,1.1521607988962397,-1.4171023104367604,2.471815860045652,-0.05471199698783725,-0.006415420641705343,0.7616302601956116,-1.506537780488227,-0.18442630543383928,2.92404869469241,-1.5675866512041503,-0.35130701109032364,-0.9755228343404956,1.083796524153497,-3.286115667638901,-2.4423722181678618,3.844658302914436,-0.6195822630907041,0.39196454471785797,0.2276029388631103,1.00001591544287,0.9947601544365924,-1.4183046314909444,1.0960542878623662,0.3274885018505885,2.844789534306023,-3.344790437006349,0.3849570847785859,0.1150472630633814,0.005244701831870515,1.4183008343901224,-1.096057377741923,-0.3274873776745811,3.4246696462306305,-3.8313910944970173,-0.29105414188983947,0.697774705400044}]
Set[{A021,A031,A032,A041,A042,A043,A121,A131,A132,A141,A142,A143,B021,B031,B032,B041,B042,B043,B121,B131,B132,B141,B142,B143,\[Alpha]1,\[Alpha]2,\[Alpha]3,\[Alpha]4,\[Beta]11,\[Beta]12,\[Beta]13,\[Beta]14,\[Beta]21,\[Beta]22,\[Beta]23,\[Beta]24,\[Beta]31,\[Beta]32,\[Beta]33,\[Beta]34,\[Beta]41,\[Beta]42,\[Beta]43,\[Beta]44},{-6.585899245879389e-6,-3.1839285215565796,3.183935395032687,-1.860807998567165,-0.4795297086344762,2.840334785913905,0.12338417034646935,-0.3789303066085934,1.1521607988962397,-1.4171023104367604,2.471815860045652,-0.05471199698783725,-0.006415420641705343,0.7616302601956116,-1.506537780488227,-0.18442630543383928,2.92404869469241,-1.5675866512041503,-0.35130701109032364,-0.9755228343404956,1.083796524153497,-3.286115667638901,-2.4423722181678618,3.844658302914436,-0.6195822630907041,0.39196454471785797,0.2276029388631103,1.00001591544287,0.9947601544365924,-1.4183046314909444,1.0960542878623662,0.3274885018505885,2.844789534306023,-3.344790437006349,0.3849570847785859,0.1150472630633814,0.005244701831870515,1.4183008343901224,-1.096057377741923,-0.3274873776745811,3.4246696462306305,-3.8313910944970173,-0.29105414188983947,0.697774705400044}]

Max g: 3.3869552279852666e-5
f_51([-8.35527e-6,-3.18393,3.18393,-1.86081,-0.479532,2.84033,0.12339,-0.37893,1.15216,-1.4171,2.47181,-0.0547118,-0.00641785,0.76163,-1.50654,-0.184426,2.92405,-1.56759,-0.351307,-0.975519,1.0838,-3.28612,-2.44237,3.84466,-0.619584,0.391965,0.227597,1.00002,0.994742,-1.41829,1.09606,0.327488,2.84477,-3.34479,0.384971,0.115046,0.00525295,1.41829,-1.09606,-0.327488,3.42464,-3.8314,-0.291017,0.697776])
2.8497711194340405
Max g: 2.871543664184628e-5
f_52([-6.00409e-6,-3.18393,3.18394,-1.86081,-0.479525,2.84033,0.123394,-0.378931,1.15216,-1.4171,2.47181,-0.0547118,-0.0064165,0.761628,-1.50655,-0.184423,2.92405,-1.56758,-0.351306,-0.975519,1.0838,-3.28612,-2.44237,3.84466,-0.619566,0.391965,0.227591,1.00001,0.994724,-1.41828,1.09607,0.327489,2.84475,-3.34479,0.384992,0.115047,0.00528251,1.41828,-1.09607,-0.327488,3.42463,-3.8314,-0.291,0.697778])
2.8497711194340405
Max g: 2.2877618459538063e-5
f_53([-4.54077e-6,-3.18392,3.18393,-1.86081,-0.479528,2.84033,0.1234,-0.378931,1.15216,-1.4171,2.47181,-0.0547115,-0.0064202,0.76161,-1.50654,-0.184416,2.92405,-1.56759,-0.351306,-0.975516,1.0838,-3.28611,-2.44237,3.84466,-0.61956,0.391964,0.227587,1.00001,0.994695,-1.41827,1.09608,0.327488,2.84471,-3.34477,0.385013,0.115047,0.00530334,1.41826,-1.09608,-0.327488,3.4246,-3.83141,-0.290968,0.697779])
2.8497711194340405
Max g: 1.707443302217948e-5
f_54([-3.03222e-6,-3.18393,3.18393,-1.86081,-0.479529,2.84033,0.123402,-0.37893,1.15216,-1.4171,2.47181,-0.0547118,-0.0064288,0.761601,-1.50654,-0.184413,2.92405,-1.5676,-0.351305,-0.975517,1.0838,-3.28611,-2.44237,3.84466,-0.619553,0.391965,0.22758,1.00001,0.994676,-1.41825,1.09609,0.327488,2.8447,-3.34477,0.38502,0.115046,0.00531962,1.41825,-1.09609,-0.327488,3.4246,-3.83142,-0.290962,0.697779])
2.8496717411693093
Max g: 1.4199147510635113e-5
f_55([-2.5739e-6,-3.18393,3.18393,-1.86081,-0.479528,2.84033,0.123403,-0.37893,1.15215,-1.4171,2.47181,-0.0547121,-0.00644165,0.761601,-1.50652,-0.184415,2.92405,-1.56759,-0.351305,-0.975517,1.08381,-3.28611,-2.44237,3.84466,-0.619549,0.391965,0.227577,1.00001,0.994655,-1.41824,1.0961,0.327488,2.84469,-3.34477,0.38503,0.115047,0.0053443,1.41824,-1.0961,-0.327488,3.4246,-3.83142,-0.290959,0.69778])
2.8496717411693093
Max g: 1.1851376542360015e-5
f_56([-1.97964e-6,-3.18393,3.18393,-1.8608,-0.479532,2.84033,0.123404,-0.378932,1.15215,-1.4171,2.47181,-0.0547123,-0.00643998,0.761604,-1.50654,-0.184416,2.92405,-1.56759,-0.351304,-0.975516,1.08381,-3.28611,-2.44237,3.84466,-0.619547,0.391965,0.227575,1.00001,0.99465,-1.41824,1.0961,0.327488,2.84469,-3.34477,0.385033,0.115047,0.00535356,1.41823,-1.0961,-0.327488,3.4246,-3.83144,-0.29095,0.697782])
2.8496717411693093
Max g: 1.0142093218173942e-5
f_57([-9.14584e-7,-3.18393,3.18393,-1.86081,-0.479524,2.84033,0.123406,-0.378931,1.15215,-1.4171,2.47181,-0.0547123,-0.00643903,0.76161,-1.50654,-0.184414,2.92405,-1.56759,-0.351304,-0.975516,1.08381,-3.2861,-2.44237,3.84466,-0.619547,0.391965,0.227575,1.00001,0.994644,-1.41823,1.0961,0.327488,2.84469,-3.34477,0.38504,0.115047,0.0053576,1.41823,-1.0961,-0.327488,3.4246,-3.83144,-0.290944,0.697784])
2.8496717411693093
Max g: 8.508625322228847e-6
f_58([-2.40114e-7,-3.18393,3.18393,-1.86081,-0.479527,2.84033,0.123408,-0.378932,1.15215,-1.4171,2.47181,-0.0547124,-0.00644074,0.761605,-1.50654,-0.184413,2.92405,-1.56759,-0.351304,-0.975516,1.08381,-3.2861,-2.44237,3.84466,-0.619546,0.391965,0.227575,1.00001,0.994638,-1.41823,1.09611,0.327489,2.84468,-3.34477,0.385046,0.115047,0.00536355,1.41823,-1.09611,-0.327489,3.4246,-3.83145,-0.290937,0.697785])
2.8496717411693093
Max g: 6.723574623890283e-6
f_59([-9.75104e-7,-3.18393,3.18393,-1.86081,-0.479525,2.84033,0.123409,-0.378933,1.15215,-1.4171,2.47181,-0.0547123,-0.00643886,0.761601,-1.50654,-0.184412,2.92405,-1.56759,-0.351304,-0.975516,1.08381,-3.2861,-2.44237,3.84466,-0.619544,0.391965,0.227573,1.00001,0.994635,-1.41823,1.09611,0.327489,2.84467,-3.34477,0.385049,0.115048,0.00536591,1.41823,-1.09611,-0.327489,3.42459,-3.83145,-0.29093,0.697786])
2.8496717411693093
Max g: 5.805971159372758e-6
{-5.34998835491959e-7,-3.1839297972239926,3.183930127637748,-1.860805655114711,-0.4795246908050386,2.8403296698161875,0.12340967169614066,-0.3789323048950743,1.152153233373009,-1.4170956895039484,2.4718082637891983,-0.05471231997303327,-0.006438957932791481,0.7616041323547227,-1.5065349576457256,-0.18441209671506248,2.924048205983924,-1.5675912079953291,-0.3513036428681539,-0.9755155422058628,1.0838068012642808,-3.286102690314911,-2.4423722261819623,3.844663255193096,-0.6195455799713206,0.3919646311024109,0.22757543677866493,1.0000056391994532,0.99463349924926,-1.4182303464873052,1.0961082493999867,0.32748917696088176,2.844670411837128,-3.344771243201411,0.3850529834566818,0.11504756482847069,0.005367870332732141,1.4182295415539954,-1.096108591312193,-0.3274890486135825,3.4245890702339206,-3.8314497036645236,-0.29092601626581477,0.6977865902473349}]
Set[{A021,A031,A032,A041,A042,A043,A121,A131,A132,A141,A142,A143,B021,B031,B032,B041,B042,B043,B121,B131,B132,B141,B142,B143,\[Alpha]1,\[Alpha]2,\[Alpha]3,\[Alpha]4,\[Beta]11,\[Beta]12,\[Beta]13,\[Beta]14,\[Beta]21,\[Beta]22,\[Beta]23,\[Beta]24,\[Beta]31,\[Beta]32,\[Beta]33,\[Beta]34,\[Beta]41,\[Beta]42,\[Beta]43,\[Beta]44},{-5.34998835491959e-7,-3.1839297972239926,3.183930127637748,-1.860805655114711,-0.4795246908050386,2.8403296698161875,0.12340967169614066,-0.3789323048950743,1.152153233373009,-1.4170956895039484,2.4718082637891983,-0.05471231997303327,-0.006438957932791481,0.7616041323547227,-1.5065349576457256,-0.18441209671506248,2.924048205983924,-1.5675912079953291,-0.3513036428681539,-0.9755155422058628,1.0838068012642808,-3.286102690314911,-2.4423722261819623,3.844663255193096,-0.6195455799713206,0.3919646311024109,0.22757543677866493,1.0000056391994532,0.99463349924926,-1.4182303464873052,1.0961082493999867,0.32748917696088176,2.844670411837128,-3.344771243201411,0.3850529834566818,0.11504756482847069,0.005367870332732141,1.4182295415539954,-1.096108591312193,-0.3274890486135825,3.4245890702339206,-3.8314497036645236,-0.29092601626581477,0.6977865902473349}]


-----------------Final Result------------------
Options: alg=GN_ISRES,dx=0.01,max_eval=100000000,popSize=0
imin=-1,jmin=-4,imax=1,jmax=4,
parameter_minmax=5,
randSeed=15421556,rand_minmax=2,
END_C=true, INEQ_C=true

5965291 steps

Completed with maxf : 2.8496717411693093

Constraints at 4.643344443638897e-6

x = [-5.34998835491959e-7,-3.1839297972239926,3.183930127637748,-1.860805655114711,-0.4795246908050386,2.8403296698161875,0.12340967169614066,-0.3789323048950743,1.152153233373009,-1.4170956895039484,2.4718082637891983,-0.05471231997303327,-0.006438957932791481,0.7616041323547227,-1.5065349576457256,-0.18441209671506248,2.924048205983924,-1.5675912079953291,-0.3513036428681539,-0.9755155422058628,1.0838068012642808,-3.286102690314911,-2.4423722261819623,3.844663255193096,-0.6195455799713206,0.3919646311024109,0.22757543677866493,1.0000056391994532,0.99463349924926,-1.4182303464873052,1.0961082493999867,0.32748917696088176,2.844670411837128,-3.344771243201411,0.3850529834566818,0.11504756482847069,0.005367870332732141,1.4182295415539954,-1.096108591312193,-0.3274890486135825,3.4245890702339206,-3.8314497036645236,-0.29092601626581477,0.6977865902473349]
c0 = [0.0,-5.34998835491959e-7,3.3041375546716267e-7,0.4999993238964379]
c1 = [0.0,0.12340967169614066,0.7732209284779346,1.0000002543122166]
A0 = [0.0,-5.34998835491959e-7,-3.1839297972239926,-1.860805655114711,0.0,0.0,3.183930127637748,-0.4795246908050386,0.0,0.0,0.0,2.8403296698161875,0.0,0.0,0.0,0.0]
A1 = [0.0,0.12340967169614066,-0.3789323048950743,-1.4170956895039484,0.0,0.0,1.152153233373009,2.4718082637891983,0.0,0.0,0.0,-0.05471231997303327,0.0,0.0,0.0,0.0]
B0 = [0.0,-0.006438957932791481,0.7616041323547227,-0.18441209671506248,0.0,0.0,-1.5065349576457256,2.924048205983924,0.0,0.0,0.0,-1.5675912079953291,0.0,0.0,0.0,0.0]
B1 = [0.0,-0.3513036428681539,-0.9755155422058628,-3.286102690314911,0.0,0.0,1.0838068012642808,-2.4423722261819623,0.0,0.0,0.0,3.844663255193096,0.0,0.0,0.0,0.0]
α  = [-0.6195455799713206,0.3919646311024109,0.22757543677866493,1.0000056391994532]
β1 = [0.99463349924926,-1.4182303464873052,1.0961082493999867,0.32748917696088176]
β2 = [2.844670411837128,-3.344771243201411,0.3850529834566818,0.11504756482847069]
β3 = [0.005367870332732141,1.4182295415539954,-1.096108591312193,-0.3274890486135825]
β4 = [3.4245890702339206,-3.8314497036645236,-0.29092601626581477,0.6977865902473349]


Set[{A021,A031,A032,A041,A042,A043,A121,A131,A132,A141,A142,A143,B021,B031,B032,B041,B042,B043,B121,B131,B132,B141,B142,B143,\[Alpha]1,\[Alpha]2,\[Alpha]3,\[Alpha]4,\[Beta]11,\[Beta]12,\[Beta]13,\[Beta]14,\[Beta]21,\[Beta]22,\[Beta]23,\[Beta]24,\[Beta]31,\[Beta]32,\[Beta]33,\[Beta]34,\[Beta]41,\[Beta]42,\[Beta]43,\[Beta]44},{-5.34998835491959e-7,-3.1839297972239926,3.183930127637748,-1.860805655114711,-0.4795246908050386,2.8403296698161875,0.12340967169614066,-0.3789323048950743,1.152153233373009,-1.4170956895039484,2.4718082637891983,-0.05471231997303327,-0.006438957932791481,0.7616041323547227,-1.5065349576457256,-0.18441209671506248,2.924048205983924,-1.5675912079953291,-0.3513036428681539,-0.9755155422058628,1.0838068012642808,-3.286102690314911,-2.4423722261819623,3.844663255193096,-0.6195455799713206,0.3919646311024109,0.22757543677866493,1.0000056391994532,0.99463349924926,-1.4182303464873052,1.0961082493999867,0.32748917696088176,2.844670411837128,-3.344771243201411,0.3850529834566818,0.11504756482847069,0.005367870332732141,1.4182295415539954,-1.096108591312193,-0.3274890486135825,3.4245890702339206,-3.8314497036645236,-0.29092601626581477,0.6977865902473349}]



