
-----------------Setup------------------
Options: alg=LN_AUGLAG_EQ,dx=0.01,max_eval=100000000,popSize=0
imin=-12,jmin=-1,imax=1,jmax=1,
parameter_minmax=5,
randSeed=64449281, rand_minmax=3

Initial Condition:

[-0.490015,2.49739,0.0732136,2.73157,2.61149,0.929303,-2.29678,-1.98651,1.42932,1.45591,2.03341,0.559271,2.85435,0.678364,-0.671965,-0.390064,1.44565,2.02781,-2.43431,2.0282,-1.5779,2.22399,-0.742063,0.890909,-1.10006,-2.72898,-2.06611,-1.98251,1.47102,-2.2315,1.29865,2.94284,-1.78845,-2.30168,-2.55107,0.319464,-2.53005,2.0887,-0.175183,2.1896,2.57462,-0.807346,-2.82718,-1.75502]

f_1([0.149082,1.79922,-1.284,-0.588756,1.05255,-0.00899613,0.299759,0.0271957,0.0471599,0.398848,0.082246,0.261316,2.26811,-0.198536,-0.377224,1.83797,2.02581,2.76685,1.18609,2.14632,0.0105849,1.08386,-3.15204,1.72465,1.24438,-1.74455,0.188621,0.244109,1.0181,-3.82267,1.19502,1.93933,0.937479,-0.835601,-0.152377,0.634313,-2.33514,0.902311,-0.939136,1.57677,2.84757,-0.396599,0.202617,0.65905])
12.478858589450901
Max g: 3.3126341138977766
f_2([7.01343e-18,1.19015,-0.883736,-0.864323,0.691954,0.705976,0.0192894,0.386713,0.612883,0.0559231,0.04232,0.010829,1.8893,2.8303,-0.919307,0.820805,1.30368,1.51681,1.53656,2.19381,0.250754,2.77343,-2.98873,1.94462,0.980821,-0.55992,0.745652,0.0685819,1.73788,-2.81934,0.467917,1.66585,-0.0770257,-0.600138,-0.286378,1.13587,-0.522016,0.380535,-0.867734,1.03793,0.422626,-1.85285,0.540455,0.995678])
15.28913464958069
Max g: 0.6130975026344481
f_3([1.86347e-18,1.19998,-0.753473,-0.972024,0.58487,0.871256,0.0492381,0.478221,0.521779,0.0461344,-0.0243149,-0.0218195,1.98359,2.50987,-1.21051,0.436607,1.04779,1.18129,1.26247,1.91103,0.150647,2.55184,-3.02424,2.00736,0.186626,-0.32076,0.960386,0.15773,1.75879,-2.12868,0.742496,0.605255,-0.668982,0.457367,-0.460558,0.64307,-0.435178,0.146556,-0.972877,1.21752,0.455397,-3.33659,0.302862,2.51041])
10.42670582521673
Max g: 0.33519534854099914
f_4([1.57739e-5,1.08575,-0.600294,-0.971114,0.575601,0.860588,0.125254,0.650537,0.349456,0.240245,-0.10371,-0.0302348,1.94515,2.51693,-1.19035,0.403211,1.02114,1.13045,1.019,1.57398,0.0990527,2.46459,-2.99655,2.0652,0.217904,-0.311589,0.918296,0.161493,1.54986,-1.36643,1.17204,-0.36245,-1.33326,2.18552,-0.308863,-0.542956,-0.416247,1.0874,-1.25382,0.598853,1.28638,-3.8728,0.107981,2.44797])
11.169915220209484
Max g: 0.12847404315185185
f_5([6.51354e-6,0.919397,-0.409913,-1.04759,0.588158,0.843543,0.192469,0.969565,0.0304345,0.168395,0.224023,-0.0826768,1.88883,2.51722,-1.19079,0.407463,0.978597,1.08901,0.790623,1.26959,0.235948,2.5668,-3.05432,1.90325,0.261044,-0.288202,0.858325,0.165843,1.77951,-1.58163,1.5064,-0.708848,-1.79764,2.46267,-0.491566,-0.172254,-0.770506,1.58349,-1.48146,0.677721,1.73424,-3.96441,0.079972,2.14398])
9.636467929376943
Max g: 0.07992902919423134
f_6([5.57302e-5,0.899691,-0.383285,-1.04168,0.587827,0.826875,0.216501,0.920941,0.0790674,0.248021,0.220573,-0.0787882,1.88407,2.51825,-1.17952,0.42611,0.985991,1.09346,0.67481,1.06415,0.364338,2.64484,-3.06935,1.80995,0.273375,-0.282914,0.855106,0.15472,1.99851,-1.85788,1.7196,-0.86244,-2.05642,2.60449,-0.65486,0.108647,-0.992365,1.84832,-1.72192,0.868089,2.09223,-4.10183,0.152009,1.85267])
10.213039338281689
Max g: 0.05824971000746271
f_7([3.85043e-5,0.884261,-0.36275,-1.04283,0.586095,0.824041,0.225416,0.917365,0.0826347,0.279095,0.224078,-0.0834194,1.87987,2.51632,-1.17371,0.424273,0.985049,1.08767,0.625594,0.951533,0.451215,2.6834,-3.07084,1.76593,0.275523,-0.277513,0.850169,0.15211,2.11392,-1.98939,1.83806,-0.963721,-2.21943,2.73346,-0.754648,0.242105,-1.10864,1.98188,-1.8396,0.967608,2.2774,-4.18506,0.229809,1.67498])
10.375600858122914
Max g: 0.04492220608305619
f_8([-2.03288e-20,0.87612,-0.351477,-1.04682,0.579234,0.827924,0.233661,0.915101,0.0848987,0.311278,0.21398,-0.0845374,1.87291,2.5295,-1.18405,0.42305,0.978341,1.09054,0.574888,0.810491,0.570667,2.72775,-3.07468,1.71986,0.276221,-0.274833,0.850013,0.148987,2.24739,-2.13101,1.96572,-1.08255,-2.41548,2.89911,-0.871876,0.388715,-1.2457,2.12965,-1.9669,1.08416,2.5024,-4.31405,0.362342,1.44887])
10.532992225651146
Max g: 0.027652277745446208
f_9([0.000194695,0.868504,-0.334865,-1.04865,0.572438,0.828187,0.241154,0.914937,0.0850631,0.32048,0.210266,-0.0860032,1.87197,2.53218,-1.18149,0.417737,0.97081,1.08863,0.540394,0.68418,0.686841,2.7528,-3.07413,1.69001,0.279769,-0.265804,0.839974,0.146573,2.35212,-2.22886,2.05841,-1.18114,-2.57465,3.03616,-0.971918,0.510062,-1.35201,2.22913,-2.05787,1.18056,2.67541,-4.42803,0.510544,1.24293])
10.649917208729605
Max g: 0.015228040182010516
f_10([-1.6914e-19,0.85958,-0.319904,-1.05068,0.570524,0.82954,0.247913,0.914328,0.0856718,0.319817,0.205761,-0.0867325,1.86995,2.53418,-1.18458,0.416403,0.97015,1.0871,0.517621,0.580871,0.785435,2.76685,-3.0747,1.67348,0.280407,-0.257484,0.833013,0.144301,2.42086,-2.28494,2.11332,-1.24834,-2.68887,3.13454,-1.04495,0.598769,-1.42442,2.28969,-2.11333,1.24715,2.80222,-4.51912,0.648518,1.06932])
10.742085116309307
{-1.6914024066878311e-19,0.8595798245928624,-0.3199036157251388,-1.0506847946345181,0.5705241800630931,0.8295402613188264,0.24791296896857906,0.9143282489738033,0.08567175102619683,0.3198166416080876,0.2057611697685487,-0.08673245901797688,1.8699513532000367,2.534175491979478,-1.1845841337711938,0.41640324448367094,0.970149613023407,1.0870965289988077,0.5176211891895457,0.5808706779624646,0.785435398728627,2.7668549316804496,-3.074697838476148,1.673483043083892,0.2804068678408609,-0.2574844732669418,0.8330127438868523,0.1443008999025844,2.4208616565703256,-2.284936659497223,2.113315205023549,-1.2483435066971211,-2.6888679713633605,3.134544464742016,-1.0449535639486227,0.5987693039289327,-1.4244245167670397,2.2896893745220392,-2.113329304746325,1.2471517427927568,2.8022238561451123,-4.519118984238062,0.6485182392607459,1.0693159647460755}]
Set[{A021,A031,A032,A041,A042,A043,A121,A131,A132,A141,A142,A143,B021,B031,B032,B041,B042,B043,B121,B131,B132,B141,B142,B143,\[Alpha]1,\[Alpha]2,\[Alpha]3,\[Alpha]4,\[Beta]11,\[Beta]12,\[Beta]13,\[Beta]14,\[Beta]21,\[Beta]22,\[Beta]23,\[Beta]24,\[Beta]31,\[Beta]32,\[Beta]33,\[Beta]34,\[Beta]41,\[Beta]42,\[Beta]43,\[Beta]44},{-1.6914024066878311e-19,0.8595798245928624,-0.3199036157251388,-1.0506847946345181,0.5705241800630931,0.8295402613188264,0.24791296896857906,0.9143282489738033,0.08567175102619683,0.3198166416080876,0.2057611697685487,-0.08673245901797688,1.8699513532000367,2.534175491979478,-1.1845841337711938,0.41640324448367094,0.970149613023407,1.0870965289988077,0.5176211891895457,0.5808706779624646,0.785435398728627,2.7668549316804496,-3.074697838476148,1.673483043083892,0.2804068678408609,-0.2574844732669418,0.8330127438868523,0.1443008999025844,2.4208616565703256,-2.284936659497223,2.113315205023549,-1.2483435066971211,-2.6888679713633605,3.134544464742016,-1.0449535639486227,0.5987693039289327,-1.4244245167670397,2.2896893745220392,-2.113329304746325,1.2471517427927568,2.8022238561451123,-4.519118984238062,0.6485182392607459,1.0693159647460755}]

Max g: 0.01248362294694827
f_11([4.43728e-6,0.842476,-0.296429,-1.05772,0.56718,0.811379,0.25279,0.916192,0.0838081,0.320902,0.204952,-0.089699,1.86767,2.53106,-1.1842,0.418105,0.966755,1.08438,0.502514,0.502068,0.864376,2.78627,-3.07562,1.6616,0.279369,-0.254324,0.830677,0.144358,2.46605,-2.32721,2.15189,-1.29055,-2.7397,3.17524,-1.08596,0.650072,-1.4661,2.32792,-2.15108,1.28955,2.90228,-4.58522,0.753423,0.929529])
10.828386889533883
Max g: 0.003761281637123526
f_12([0.000498437,0.844882,-0.293154,-1.06537,0.55261,0.813595,0.253528,0.915949,0.083071,0.321091,0.202466,-0.0890344,1.86618,2.53688,-1.18786,0.418348,0.963428,1.08314,0.499462,0.484868,0.881989,2.79013,-3.07556,1.6589,0.280698,-0.252348,0.828219,0.143456,2.4741,-2.33327,2.15843,-1.2993,-2.7477,3.1796,-1.09449,0.66236,-1.47369,2.33282,-2.15826,1.29921,2.92229,-4.59805,0.775439,0.9003])
10.868654421971618
Max g: 0.0022775347585151096
f_13([0.000432261,0.844813,-0.293169,-1.06543,0.55281,0.813664,0.252782,0.914545,0.082248,0.320666,0.201674,-0.0897019,1.86619,2.53684,-1.18783,0.418207,0.963411,1.08318,0.499519,0.485082,0.881793,2.79011,-3.07552,1.65901,0.280639,-0.25238,0.828275,0.143474,2.47465,-2.3343,2.15933,-1.29969,-2.74457,3.17593,-1.0918,0.660326,-1.4743,2.33386,-2.15926,1.29972,2.92225,-4.59786,0.775249,0.900426])
10.871338924134134
Max g: 0.0020439680030336915
f_14([0.000426234,0.844871,-0.293209,-1.06539,0.552778,0.813721,0.251051,0.911067,0.0803579,0.319628,0.199726,-0.0915072,1.86617,2.53679,-1.18778,0.418082,0.963545,1.08307,0.499735,0.486078,0.880575,2.7896,-3.07569,1.65952,0.280628,-0.252352,0.828236,0.143482,2.47504,-2.33558,2.1615,-1.30095,-2.7403,3.17108,-1.08539,0.654586,-1.47502,2.33556,-2.16155,1.30102,2.92097,-4.59755,0.775242,0.901369])
10.876906780471202
Max g: 0.0008443024462450044
f_15([0.000400464,0.844888,-0.293228,-1.06539,0.552773,0.813681,0.250268,0.909522,0.0794795,0.319155,0.198797,-0.0922693,1.86614,2.53668,-1.18779,0.417998,0.963544,1.08312,0.499829,0.486512,0.880047,2.78936,-3.07575,1.65975,0.280603,-0.25234,0.828213,0.143522,2.47524,-2.33622,2.1625,-1.30152,-2.73855,3.1691,-1.08253,0.651984,-1.47528,2.33626,-2.16254,1.30155,2.92037,-4.59735,0.775242,0.901754])
10.87829874455547
Max g: 0.0002911816295538827
f_16([0.000385475,0.84489,-0.293222,-1.06538,0.552782,0.813664,0.250124,0.909231,0.0793268,0.319078,0.198619,-0.0924108,1.86613,2.53667,-1.18779,0.417953,0.96352,1.0831,0.499847,0.486601,0.879939,2.78931,-3.07576,1.65979,0.280603,-0.252334,0.828186,0.143539,2.47526,-2.33631,2.16268,-1.30162,-2.73832,3.16884,-1.08205,0.651523,-1.4753,2.33636,-2.16271,1.30164,2.92026,-4.59732,0.775239,0.901836])
10.8794918566277
Max g: 0.0001857718721285928
f_17([0.000382006,0.844886,-0.29322,-1.06538,0.552775,0.813663,0.250104,0.909189,0.0793057,0.31907,0.198594,-0.092436,1.86613,2.53667,-1.18779,0.417953,0.96352,1.08309,0.499848,0.486608,0.879928,2.78931,-3.07576,1.65979,0.280606,-0.252337,0.828187,0.143543,2.47525,-2.33632,2.1627,-1.30163,-2.73831,3.16883,-1.08199,0.651463,-1.4753,2.33636,-2.16273,1.30165,2.92024,-4.59732,0.775241,0.901848])
10.87939243062168
Max g: 0.00016977939551859889
f_18([0.000387433,0.844873,-0.293206,-1.06538,0.552768,0.813666,0.249979,0.908939,0.0791667,0.318988,0.198449,-0.0925579,1.86612,2.53666,-1.1878,0.417951,0.963516,1.08308,0.499864,0.486685,0.87983,2.78927,-3.07578,1.65983,0.280603,-0.252337,0.828184,0.14355,2.47526,-2.33639,2.16285,-1.30172,-2.73817,3.16869,-1.08159,0.651072,-1.47527,2.3364,-2.16286,1.30173,2.92014,-4.5973,0.775242,0.901925])
10.879790134645758
Max g: 7.30473685863764e-5
f_19([0.000393418,0.844877,-0.293208,-1.06539,0.552772,0.813671,0.249914,0.908808,0.079095,0.318948,0.19837,-0.09262,1.86612,2.53666,-1.18779,0.417952,0.963515,1.08307,0.499871,0.486721,0.879785,2.78924,-3.07578,1.65985,0.280604,-0.252336,0.828183,0.143549,2.47528,-2.33645,2.16293,-1.30177,-2.73805,3.16855,-1.08136,0.650861,-1.47528,2.33645,-2.16293,1.30177,2.92008,-4.59729,0.775244,0.901959])
10.879988986657795
Max g: 2.638140097815933e-5
f_20([0.000390691,0.844876,-0.293209,-1.06539,0.552773,0.813672,0.249893,0.908765,0.0790729,0.318934,0.198346,-0.0926408,1.86612,2.53666,-1.1878,0.417953,0.963515,1.08307,0.499874,0.486733,0.87977,2.78924,-3.07578,1.65986,0.280603,-0.252335,0.828184,0.143547,2.47529,-2.33646,2.16296,-1.30178,-2.738,3.1685,-1.08129,0.650791,-1.47528,2.33646,-2.16296,1.30178,2.92007,-4.59728,0.775244,0.90197])
10.879790134645758
{0.000390690981344725,0.8448764995161117,-0.2932090419173232,-1.0653869080884923,0.5527725541329686,0.8136716026145784,0.249892596664673,0.9087651081228256,0.07907285974861328,0.31893441691961066,0.19834647071285147,-0.09264080125613228,1.8661201247495791,2.536661517311573,-1.1877970388575898,0.4179527242394318,0.9635154124301945,1.083074969116689,0.4998735553246418,0.4867329595848494,0.8797699931966027,2.7892380306798326,-3.07578407391487,1.6598583983917985,0.2806028520733764,-0.2523345349395134,0.8281841512469793,0.14354738189394362,2.4752851252960464,-2.3364642271940195,2.1629597567414374,-1.3017810412008386,-2.738001549707871,3.1684950834514125,-1.0812851410516002,0.650791490030582,-1.4752844107201626,2.3364631273981087,-2.1629602906996817,1.3017819977181557,2.920069934314159,-4.59728385587332,0.7752436416103008,0.9019703749818591}]
Set[{A021,A031,A032,A041,A042,A043,A121,A131,A132,A141,A142,A143,B021,B031,B032,B041,B042,B043,B121,B131,B132,B141,B142,B143,\[Alpha]1,\[Alpha]2,\[Alpha]3,\[Alpha]4,\[Beta]11,\[Beta]12,\[Beta]13,\[Beta]14,\[Beta]21,\[Beta]22,\[Beta]23,\[Beta]24,\[Beta]31,\[Beta]32,\[Beta]33,\[Beta]34,\[Beta]41,\[Beta]42,\[Beta]43,\[Beta]44},{0.000390690981344725,0.8448764995161117,-0.2932090419173232,-1.0653869080884923,0.5527725541329686,0.8136716026145784,0.249892596664673,0.9087651081228256,0.07907285974861328,0.31893441691961066,0.19834647071285147,-0.09264080125613228,1.8661201247495791,2.536661517311573,-1.1877970388575898,0.4179527242394318,0.9635154124301945,1.083074969116689,0.4998735553246418,0.4867329595848494,0.8797699931966027,2.7892380306798326,-3.07578407391487,1.6598583983917985,0.2806028520733764,-0.2523345349395134,0.8281841512469793,0.14354738189394362,2.4752851252960464,-2.3364642271940195,2.1629597567414374,-1.3017810412008386,-2.738001549707871,3.1684950834514125,-1.0812851410516002,0.650791490030582,-1.4752844107201626,2.3364631273981087,-2.1629602906996817,1.3017819977181557,2.920069934314159,-4.59728385587332,0.7752436416103008,0.9019703749818591}]

Max g: 1.1397789836220529e-5
f_21([0.000391102,0.844878,-0.293208,-1.06539,0.552772,0.813673,0.249872,0.908723,0.0790506,0.318923,0.198321,-0.0926615,1.86612,2.53666,-1.1878,0.417954,0.963516,1.08307,0.499876,0.486744,0.879756,2.78923,-3.07578,1.65986,0.280604,-0.252334,0.828182,0.143547,2.47529,-2.33648,2.16299,-1.3018,-2.73795,3.16844,-1.08121,0.650723,-1.47529,2.33648,-2.16299,1.3018,2.92005,-4.59728,0.775243,0.90198])
10.879790134645758
Max g: 1.728091624908501e-6
f_22([0.000391101,0.844878,-0.293208,-1.06539,0.552772,0.813673,0.249872,0.908723,0.0790506,0.318923,0.198321,-0.0926615,1.86612,2.53666,-1.1878,0.417954,0.963516,1.08307,0.499876,0.486744,0.879756,2.78923,-3.07578,1.65986,0.280604,-0.252334,0.828182,0.143547,2.47529,-2.33648,2.16299,-1.3018,-2.73795,3.16844,-1.08121,0.650723,-1.47529,2.33648,-2.16299,1.3018,2.92005,-4.59728,0.775243,0.90198])
10.879790134645758
Max g: 1.73188595398166e-6
{0.0003910733037905988,0.8448775360374715,-0.2932082647298865,-1.065388633946541,0.552772752871113,0.8136728413836167,0.2498718483902682,0.9087233553210843,0.07905045672520006,0.31892246605356916,0.19832152705796566,-0.09266127317472594,1.866121362639518,2.53666036488446,-1.187795093747102,0.41795369130970467,0.9635160237885635,1.0830735488850074,0.4998761152955637,0.4867443760708597,0.8797564683960614,2.7892315451957757,-3.0757848491874284,1.6598641659426752,0.2806038323588654,-0.2523335160389284,0.8281824221297769,0.1435472703786713,2.4752927465328476,-2.3364825465668466,2.1629870204880586,-1.3017972100472182,-2.7379536406237945,3.1684397155763744,-1.0812090512394497,0.6507230073739255,-1.4752899800693258,2.3364792742894465,-2.162985196849488,1.3017960086676237,2.920054175026156,-4.597277728046924,0.7752432632957191,0.9019801659816192}]
Set[{A021,A031,A032,A041,A042,A043,A121,A131,A132,A141,A142,A143,B021,B031,B032,B041,B042,B043,B121,B131,B132,B141,B142,B143,\[Alpha]1,\[Alpha]2,\[Alpha]3,\[Alpha]4,\[Beta]11,\[Beta]12,\[Beta]13,\[Beta]14,\[Beta]21,\[Beta]22,\[Beta]23,\[Beta]24,\[Beta]31,\[Beta]32,\[Beta]33,\[Beta]34,\[Beta]41,\[Beta]42,\[Beta]43,\[Beta]44},{0.0003910733037905988,0.8448775360374715,-0.2932082647298865,-1.065388633946541,0.552772752871113,0.8136728413836167,0.2498718483902682,0.9087233553210843,0.07905045672520006,0.31892246605356916,0.19832152705796566,-0.09266127317472594,1.866121362639518,2.53666036488446,-1.187795093747102,0.41795369130970467,0.9635160237885635,1.0830735488850074,0.4998761152955637,0.4867443760708597,0.8797564683960614,2.7892315451957757,-3.0757848491874284,1.6598641659426752,0.2806038323588654,-0.2523335160389284,0.8281824221297769,0.1435472703786713,2.4752927465328476,-2.3364825465668466,2.1629870204880586,-1.3017972100472182,-2.7379536406237945,3.1684397155763744,-1.0812090512394497,0.6507230073739255,-1.4752899800693258,2.3364792742894465,-2.162985196849488,1.3017960086676237,2.920054175026156,-4.597277728046924,0.7752432632957191,0.9019801659816192}]


-----------------Final Result------------------
Options: alg=LN_AUGLAG_EQ,dx=0.01,max_eval=100000000,popSize=0
imin=-12,jmin=-1,imax=1,jmax=1,
parameter_minmax=5,
randSeed=64449281,rand_minmax=3

2242804 steps

Completed with maxf : 10.879790134645758

Constraints at 1.5923949f-6

x = [0.0003910733037905988,0.8448775360374715,-0.2932082647298865,-1.065388633946541,0.552772752871113,0.8136728413836167,0.2498718483902682,0.9087233553210843,0.07905045672520006,0.31892246605356916,0.19832152705796566,-0.09266127317472594,1.866121362639518,2.53666036488446,-1.187795093747102,0.41795369130970467,0.9635160237885635,1.0830735488850074,0.4998761152955637,0.4867443760708597,0.8797564683960614,2.7892315451957757,-3.0757848491874284,1.6598641659426752,0.2806038323588654,-0.2523335160389284,0.8281824221297769,0.1435472703786713,2.4752927465328476,-2.3364825465668466,2.1629870204880586,-1.3017972100472182,-2.7379536406237945,3.1684397155763744,-1.0812090512394497,0.6507230073739255,-1.4752899800693258,2.3364792742894465,-2.162985196849488,1.3017960086676237,2.920054175026156,-4.597277728046924,0.7752432632957191,0.9019801659816192]
c0 = [0.0,0.0003910733037905988,0.551669271307585,0.30105696030818874]
c1 = [0.0,0.2498718483902682,0.9877738120462843,0.42458271993680885]
A0 = [0.0,0.0003910733037905988,0.8448775360374715,-1.065388633946541,0.0,0.0,-0.2932082647298865,0.552772752871113,0.0,0.0,0.0,0.8136728413836167,0.0,0.0,0.0,0.0]
A1 = [0.0,0.2498718483902682,0.9087233553210843,0.31892246605356916,0.0,0.0,0.07905045672520006,0.19832152705796566,0.0,0.0,0.0,-0.09266127317472594,0.0,0.0,0.0,0.0]
B0 = [0.0,1.866121362639518,2.53666036488446,0.41795369130970467,0.0,0.0,-1.187795093747102,0.9635160237885635,0.0,0.0,0.0,1.0830735488850074,0.0,0.0,0.0,0.0]
B1 = [0.0,0.4998761152955637,0.4867443760708597,2.7892315451957757,0.0,0.0,0.8797564683960614,-3.0757848491874284,0.0,0.0,0.0,1.6598641659426752,0.0,0.0,0.0,0.0]
α  = [0.2806038323588654,-0.2523335160389284,0.8281824221297769,0.1435472703786713]
β1 = [2.4752927465328476,-2.3364825465668466,2.1629870204880586,-1.3017972100472182]
β2 = [-2.7379536406237945,3.1684397155763744,-1.0812090512394497,0.6507230073739255]
β3 = [-1.4752899800693258,2.3364792742894465,-2.162985196849488,1.3017960086676237]
β4 = [2.920054175026156,-4.597277728046924,0.7752432632957191,0.9019801659816192]


Set[{A021,A031,A032,A041,A042,A043,A121,A131,A132,A141,A142,A143,B021,B031,B032,B041,B042,B043,B121,B131,B132,B141,B142,B143,\[Alpha]1,\[Alpha]2,\[Alpha]3,\[Alpha]4,\[Beta]11,\[Beta]12,\[Beta]13,\[Beta]14,\[Beta]21,\[Beta]22,\[Beta]23,\[Beta]24,\[Beta]31,\[Beta]32,\[Beta]33,\[Beta]34,\[Beta]41,\[Beta]42,\[Beta]43,\[Beta]44},{0.0003910733037905988,0.8448775360374715,-0.2932082647298865,-1.065388633946541,0.552772752871113,0.8136728413836167,0.2498718483902682,0.9087233553210843,0.07905045672520006,0.31892246605356916,0.19832152705796566,-0.09266127317472594,1.866121362639518,2.53666036488446,-1.187795093747102,0.41795369130970467,0.9635160237885635,1.0830735488850074,0.4998761152955637,0.4867443760708597,0.8797564683960614,2.7892315451957757,-3.0757848491874284,1.6598641659426752,0.2806038323588654,-0.2523335160389284,0.8281824221297769,0.1435472703786713,2.4752927465328476,-2.3364825465668466,2.1629870204880586,-1.3017972100472182,-2.7379536406237945,3.1684397155763744,-1.0812090512394497,0.6507230073739255,-1.4752899800693258,2.3364792742894465,-2.162985196849488,1.3017960086676237,2.920054175026156,-4.597277728046924,0.7752432632957191,0.9019801659816192}]



