
-----------------Setup------------------
Options: alg=GN_ISRES,dx=0.01,max_eval=100000000,popSize=0
imin=-1,jmin=-4,imax=1,jmax=4,
parameter_minmax=5,
randSeed=85805246, rand_minmax=1,
END_C=true, INEQ_C=true

Initial Condition:

[0.792785,-0.565135,0.614271,-0.852815,0.742512,-0.40296,-0.628077,-0.488018,0.207397,-0.648559,0.0898102,0.83915,0.117716,-0.972507,0.593977,0.13265,-0.718581,0.361286,0.454843,0.878462,-0.820313,0.503467,-0.601241,-0.558288,0.603785,-0.182422,0.720127,0.0618131,-0.15589,-0.98802,0.532657,0.931977,0.998815,0.396269,0.920456,0.592911,0.701219,0.508232,0.807261,-0.561265,-0.380961,0.445233,-0.415726,-0.301171]

f_1([2.78539,1.71696,0.975776,4.08668,-2.87992,4.33036,-0.726652,-2.55805,-0.411364,0.716974,-3.63041,4.23288,0.830906,0.303109,-2.78195,0.454963,3.18881,-4.37384,-0.77398,1.7905,-1.57394,-3.72308,0.105765,2.55172,3.02296,0.324109,0.542104,0.40777,-3.30212,0.614968,3.4509,0.687289,1.65359,-1.08977,0.744863,2.03189,0.543018,-2.83221,-0.332255,-0.601306,-2.74627,2.53375,-0.0232061,1.96012])
0.4677734920901112
Max g: 4.537116200391167
f_2([0.00301481,0.391975,-0.0316391,3.46205,1.16678,-4.78911,-0.152513,-2.59864,2.49806,0.973988,-3.5371,3.29388,0.755744,3.70221,-3.58494,-4.06878,1.2384,1.88606,0.531292,3.04041,-4.06996,-0.827229,-1.62137,2.06393,0.872758,-0.91702,1.11655,-0.00160054,-1.32597,1.14415,-0.568156,0.524677,1.48684,-1.80361,0.277907,1.67273,3.0383,-0.536676,-0.390008,-1.27266,-3.86029,3.02976,-1.42207,-0.324032])
1.410674467860448
Max g: 4.643911169730353
f_3([0.198907,0.569606,0.200479,4.24749,0.668212,-4.37732,0.0851253,1.32064,-0.32694,0.0846774,0.873367,0.0261298,0.299807,2.87823,-3.84975,-2.56981,1.3814,3.08443,0.204141,2.33581,-2.40546,0.247276,-1.09991,-0.568912,0.688234,-0.591044,0.0667491,0.556818,-1.28135,1.66441,-0.0548987,0.431268,-1.218,1.4879,0.195105,-0.269927,1.59624,-1.16479,-0.390098,-0.0789371,-3.75565,4.34769,-1.27641,0.997182])
3.237346351886013
Max g: 0.7900504944290456
f_4([0.193579,0.187964,0.387131,3.81289,-1.12518,-2.03157,0.252972,1.3469,-0.317309,1.0088,0.295063,-0.128594,-0.370232,2.99019,-3.12215,-1.81043,2.06171,1.3582,0.346049,2.48197,-2.23837,0.331999,-0.51129,-1.07636,0.492416,-0.14591,-0.164863,0.694875,-1.43809,2.18124,-0.347672,0.492313,-1.25355,1.72742,0.02535,-0.333693,1.79277,-1.19632,-0.0724651,-0.438174,-3.40257,4.30343,-1.91312,1.04177])
2.9158576654803383
Max g: 0.3432815519892116
f_5([0.667048,-0.146633,0.6582,3.45115,-0.373278,-2.47494,0.177845,1.25813,-0.184212,1.04,0.159671,-0.123323,-0.115157,3.02962,-2.66191,-1.87249,1.84555,1.47288,0.35178,2.18679,-2.14194,0.430427,-0.520574,-1.06696,0.292691,0.00968902,-0.162188,0.750937,-1.65879,2.08987,-0.15717,0.568323,-1.51147,1.7089,0.0227939,-0.234686,1.83729,-1.3134,-0.126699,-0.543857,-3.15017,3.81918,-1.65843,1.06388])
4.164545561828809
Max g: 0.22108994317137837
f_6([0.660996,-0.536336,1.15537,3.55371,-0.459652,-2.50775,0.188941,1.25398,-0.189782,1.18436,0.0957535,-0.251046,-0.183028,3.02692,-2.6132,-2.13444,2.11075,1.37937,0.375292,2.09349,-2.04682,0.462582,-0.489668,-1.12913,0.197289,0.0330605,-0.145774,0.831057,-1.55527,2.11443,-0.167179,0.616585,-1.46694,1.71764,0.0153147,-0.26737,1.89511,-1.33901,-0.0457053,-0.56746,-3.13439,3.69407,-1.68992,1.13516])
3.8383860969807637
Max g: 0.16929038012944414
f_7([0.613974,-0.852525,1.42764,3.44485,-0.313203,-2.57225,0.156641,1.25921,-0.174177,1.19172,0.0549805,-0.216756,-0.237947,3.06342,-2.22915,-2.17294,2.17374,1.41021,0.384655,2.03074,-1.99084,0.43992,-0.293631,-1.22098,0.202238,0.0492002,-0.0244995,0.760808,-1.46491,1.83107,-0.0680578,0.643947,-1.58916,1.81069,0.0414697,-0.276392,2.01549,-1.38372,-0.057905,-0.622246,-3.13072,3.59128,-1.64093,1.20365])
4.063776001391296
Max g: 0.1449364930953
f_8([0.626277,-0.920476,1.52104,3.47159,-0.397127,-2.54079,0.144873,1.23513,-0.147611,1.19534,0.0213498,-0.181616,-0.229476,2.9039,-1.44433,-2.09944,2.2059,1.3494,0.399055,1.79356,-1.76676,0.438184,-0.233764,-1.27398,0.179768,0.0851474,0.00885572,0.705212,-1.36836,1.75903,-0.0307195,0.649498,-1.58272,1.85342,-0.00342024,-0.238629,2.07482,-1.39195,-0.0854562,-0.611286,-3.11284,3.55253,-1.68747,1.27097])
4.245836982378991
Max g: 0.1381415517393024
f_9([0.580935,-1.15325,1.71082,3.48328,-0.413754,-2.55682,0.148982,1.21657,-0.169466,1.19002,0.00962037,-0.18186,-0.188663,2.4728,-1.37825,-1.98035,2.33455,1.07212,0.381982,1.60773,-1.64431,0.467263,-0.228751,-1.33964,0.0159238,0.231121,0.0755599,0.673204,-1.46195,1.79744,0.0388088,0.618525,-1.65702,1.91004,-0.0197259,-0.243095,2.10055,-1.42081,-0.107213,-0.599565,-3.08799,3.53877,-1.71813,1.24422])
4.184520593039794
Max g: 0.12139897402622413
f_10([0.558828,-1.18946,1.72532,3.49722,-0.422285,-2.56632,0.147271,1.21664,-0.176515,1.1857,0.00751596,-0.179954,-0.188668,2.30482,-1.11831,-2.01009,2.3501,1.10955,0.384751,1.49937,-1.54728,0.471031,-0.181747,-1.36891,0.051655,0.209719,0.0509328,0.682974,-1.50309,1.81543,0.0242953,0.646374,-1.6476,1.91659,-0.0183011,-0.250544,2.17187,-1.44532,-0.127497,-0.606728,-3.0232,3.46395,-1.7311,1.28373])
4.282706318594294
{0.5588282612872352,-1.1894627267671745,1.7253248540682704,3.4972202905127716,-0.42228455253731245,-2.566319768515161,0.14727079612032182,1.2166427020822481,-0.1765150448666972,1.1857004398763349,0.007515955604820073,-0.17995449145095116,-0.18866794138351936,2.3048229735297108,-1.1183101542149518,-2.0100891393218507,2.3501049624665686,1.109549823129572,0.38475120341512814,1.4993652578396683,-1.54728234124463,0.47103129576790287,-0.18174652594636642,-1.3689055622883286,0.051655008140390174,0.20971921200009716,0.05093282214148418,0.6829738918784068,-1.5030881594467664,1.815433395528659,0.024295293630376275,0.6463744237608907,-1.6476028375422374,1.9165929279109533,-0.018301057623591393,-0.2505438976293088,2.171867214415346,-1.4453159484212803,-0.12749724184439692,-0.6067281591800295,-3.0232044336052635,3.4639479589678834,-1.7310971116809253,1.2837305917041772}]
Set[{A021,A031,A032,A041,A042,A043,A121,A131,A132,A141,A142,A143,B021,B031,B032,B041,B042,B043,B121,B131,B132,B141,B142,B143,\[Alpha]1,\[Alpha]2,\[Alpha]3,\[Alpha]4,\[Beta]11,\[Beta]12,\[Beta]13,\[Beta]14,\[Beta]21,\[Beta]22,\[Beta]23,\[Beta]24,\[Beta]31,\[Beta]32,\[Beta]33,\[Beta]34,\[Beta]41,\[Beta]42,\[Beta]43,\[Beta]44},{0.5588282612872352,-1.1894627267671745,1.7253248540682704,3.4972202905127716,-0.42228455253731245,-2.566319768515161,0.14727079612032182,1.2166427020822481,-0.1765150448666972,1.1857004398763349,0.007515955604820073,-0.17995449145095116,-0.18866794138351936,2.3048229735297108,-1.1183101542149518,-2.0100891393218507,2.3501049624665686,1.109549823129572,0.38475120341512814,1.4993652578396683,-1.54728234124463,0.47103129576790287,-0.18174652594636642,-1.3689055622883286,0.051655008140390174,0.20971921200009716,0.05093282214148418,0.6829738918784068,-1.5030881594467664,1.815433395528659,0.024295293630376275,0.6463744237608907,-1.6476028375422374,1.9165929279109533,-0.018301057623591393,-0.2505438976293088,2.171867214415346,-1.4453159484212803,-0.12749724184439692,-0.6067281591800295,-3.0232044336052635,3.4639479589678834,-1.7310971116809253,1.2837305917041772}]

Max g: 0.10505858152705716
f_11([0.549417,-1.26472,1.79282,3.49615,-0.413831,-2.5694,0.154385,1.22506,-0.19942,1.16643,0.00666176,-0.150096,-0.177236,2.31574,-1.18445,-2.00766,2.33674,1.10866,0.385438,1.4274,-1.48396,0.470971,-0.150483,-1.4045,0.059532,0.212855,0.0464333,0.695715,-1.48717,1.82277,0.033493,0.636368,-1.64638,1.92244,-0.0420092,-0.243613,2.18735,-1.46253,-0.124811,-0.609303,-2.95831,3.43128,-1.75582,1.28079])
4.2051912721038995
Max g: 0.10383446791637296
f_12([0.550468,-1.31829,1.84437,3.50849,-0.423671,-2.58024,0.148717,1.22592,-0.201245,1.16245,0.00136878,-0.154374,-0.175906,2.296,-1.06842,-2.00914,2.35637,1.11024,0.395348,1.3821,-1.435,0.472703,-0.116177,-1.44094,0.0408529,0.228991,0.0493942,0.670346,-1.49645,1.76917,0.07503,0.632236,-1.6193,1.88274,-0.0233443,-0.232008,2.22003,-1.46747,-0.138361,-0.611763,-2.81596,3.28136,-1.72841,1.25934])
4.251004652145017
Max g: 0.0905605727093447
f_13([0.54183,-1.33349,1.85685,3.50766,-0.428536,-2.57491,0.150606,1.21984,-0.201813,1.17115,-0.00125627,-0.158493,-0.167774,2.23391,-1.14345,-2.00645,2.34691,1.10328,0.396739,1.36659,-1.42009,0.473415,-0.105716,-1.45085,0.0374141,0.225793,0.0417739,0.689277,-1.45645,1.75098,0.0675969,0.632509,-1.60228,1.87966,-0.0304502,-0.241573,2.20781,-1.49255,-0.122936,-0.607917,-2.76319,3.22007,-1.73357,1.27174])
4.261240613412339
Max g: 0.0728898834614562
f_14([0.546496,-1.3476,1.87463,3.51938,-0.429583,-2.57704,0.158098,1.22413,-0.211849,1.16042,0.00748294,-0.1618,-0.160179,2.14155,-1.07771,-1.99622,2.33867,1.10464,0.39194,1.35388,-1.41635,0.472379,-0.108832,-1.45609,0.0594322,0.228493,0.012519,0.698474,-1.45651,1.75916,0.0673656,0.627802,-1.61349,1.87773,-0.0382371,-0.239341,2.32696,-1.62704,-0.109761,-0.610517,-2.75295,3.2165,-1.73776,1.25673])
4.313116067602064
Max g: 0.036171030066812215
f_15([0.53381,-1.34517,1.86493,3.51115,-0.420169,-2.57816,0.154554,1.22355,-0.213764,1.15329,0.00838987,-0.157631,-0.139552,1.93181,-0.937589,-1.99309,2.33128,1.11593,0.387959,1.35505,-1.41566,0.473084,-0.101309,-1.46691,0.0462901,0.239313,0.0179622,0.700616,-1.4437,1.73897,0.0832728,0.618648,-1.58722,1.87802,-0.0481819,-0.242422,2.47518,-1.76354,-0.0985568,-0.617638,-2.76899,3.24885,-1.73593,1.25735])
4.342631412227253
Max g: 0.023491991904396037
f_16([0.521311,-1.3466,1.86302,3.48755,-0.404831,-2.57718,0.155186,1.22804,-0.215014,1.15522,0.00932248,-0.158866,-0.128421,1.70129,-0.765356,-2.00224,2.34314,1.10946,0.386391,1.34592,-1.41161,0.471954,-0.103827,-1.46545,0.0362071,0.25032,0.0155751,0.702189,-1.44839,1.74269,0.0926481,0.615866,-1.59001,1.87831,-0.0461223,-0.240698,2.48545,-1.77668,-0.0943242,-0.61835,-2.79025,3.26921,-1.73633,1.25514])
4.324047676722505
Max g: 0.01752611169233953
f_17([0.508464,-1.36322,1.8681,3.48329,-0.406553,-2.57411,0.154834,1.2208,-0.209652,1.14945,0.00945526,-0.155098,-0.10492,1.67916,-0.74299,-2.00734,2.34601,1.11891,0.386678,1.31782,-1.38798,0.472752,-0.104939,-1.4649,0.0226201,0.27739,0.00677757,0.699886,-1.45908,1.74305,0.0984314,0.614319,-1.59303,1.8788,-0.0427354,-0.242531,2.49141,-1.77092,-0.0993261,-0.61934,-2.76909,3.2529,-1.73645,1.25662])
4.302283836746356
Max g: 0.014788494118939711
f_18([0.513454,-1.37331,1.88588,3.48649,-0.40392,-2.57542,0.15228,1.21796,-0.211851,1.14615,0.0088016,-0.153055,-0.0563904,1.60837,-0.643423,-2.00545,2.3476,1.11715,0.388212,1.25735,-1.33923,0.472503,-0.102439,-1.46798,0.0212567,0.283918,-0.00768055,0.704886,-1.47215,1.74403,0.113745,0.61317,-1.59158,1.88222,-0.0525774,-0.236904,2.49432,-1.76444,-0.109558,-0.618149,-2.73787,3.21176,-1.73585,1.26009])
4.332395450959932
Max g: 0.008281727549606707
f_19([0.509523,-1.3832,1.88882,3.48072,-0.402592,-2.57585,0.149563,1.22103,-0.213819,1.14146,0.0103596,-0.147947,-0.0148833,1.74588,-0.688156,-1.99788,2.34601,1.12952,0.38922,1.22702,-1.31375,0.473674,-0.102802,-1.46555,0.010872,0.31484,-0.0323906,0.702738,-1.47295,1.74401,0.114474,0.612165,-1.59963,1.88221,-0.0430111,-0.238133,2.49376,-1.76338,-0.114969,-0.618376,-2.72664,3.19017,-1.73778,1.27247])
4.371550487264054
Max g: 0.00493178367516979
f_20([0.50453,-1.37914,1.883,3.46951,-0.388167,-2.58095,0.147858,1.22036,-0.215502,1.13784,0.00995796,-0.146675,-0.04445,1.32408,-0.666395,-2.00396,2.34589,1.12578,0.389136,1.21662,-1.30715,0.474211,-0.102373,-1.46586,0.00505987,0.315781,-0.0209736,0.7008,-1.47695,1.74435,0.121153,0.61289,-1.60304,1.88238,-0.0386637,-0.240147,2.49766,-1.75938,-0.119916,-0.617599,-2.73065,3.18971,-1.73791,1.27716])
4.162657374798914
{0.504530021646571,-1.379141239254079,1.882995519525332,3.469511449293895,-0.3881671294216887,-2.580948523038099,0.14785750241129633,1.2203610277402812,-0.2155015363130164,1.1378357916487534,0.009957956574766396,-0.14667494507313833,-0.04444995542731516,1.324080829065347,-0.6663945437602241,-2.0039616963862037,2.345889413485737,1.1257761083249729,0.38913610672660326,1.2166169354860552,-1.307152028471535,0.47421148560262194,-0.1023727765487328,-1.4658622331595033,0.005059865979842944,0.31578075006956374,-0.02097360578234903,0.7008001745809549,-1.476952038293644,1.7443483950380148,0.12115341637245397,0.6128897260144229,-1.6030406711658274,1.8823829055832093,-0.03866374456713803,-0.24014700409848097,2.4976557711890672,-1.7593758003864077,-0.11991595886016276,-0.6175991900638615,-2.7306515946265755,3.189710214475316,-1.7379073782907377,1.2771606575469754}]
Set[{A021,A031,A032,A041,A042,A043,A121,A131,A132,A141,A142,A143,B021,B031,B032,B041,B042,B043,B121,B131,B132,B141,B142,B143,\[Alpha]1,\[Alpha]2,\[Alpha]3,\[Alpha]4,\[Beta]11,\[Beta]12,\[Beta]13,\[Beta]14,\[Beta]21,\[Beta]22,\[Beta]23,\[Beta]24,\[Beta]31,\[Beta]32,\[Beta]33,\[Beta]34,\[Beta]41,\[Beta]42,\[Beta]43,\[Beta]44},{0.504530021646571,-1.379141239254079,1.882995519525332,3.469511449293895,-0.3881671294216887,-2.580948523038099,0.14785750241129633,1.2203610277402812,-0.2155015363130164,1.1378357916487534,0.009957956574766396,-0.14667494507313833,-0.04444995542731516,1.324080829065347,-0.6663945437602241,-2.0039616963862037,2.345889413485737,1.1257761083249729,0.38913610672660326,1.2166169354860552,-1.307152028471535,0.47421148560262194,-0.1023727765487328,-1.4658622331595033,0.005059865979842944,0.31578075006956374,-0.02097360578234903,0.7008001745809549,-1.476952038293644,1.7443483950380148,0.12115341637245397,0.6128897260144229,-1.6030406711658274,1.8823829055832093,-0.03866374456713803,-0.24014700409848097,2.4976557711890672,-1.7593758003864077,-0.11991595886016276,-0.6175991900638615,-2.7306515946265755,3.189710214475316,-1.7379073782907377,1.2771606575469754}]

Max g: 0.003859410345381037
f_21([0.503383,-1.38219,1.88516,3.46865,-0.383108,-2.58536,0.148066,1.21969,-0.214554,1.13621,0.0115283,-0.146536,-0.0481172,1.2752,-0.689303,-2.00181,2.34686,1.12174,0.389624,1.21426,-1.30454,0.474538,-0.102236,-1.46554,0.00327264,0.315283,-0.0195738,0.700147,-1.47849,1.744,0.120874,0.614044,-1.60311,1.88243,-0.0400818,-0.239499,2.49133,-1.75593,-0.118924,-0.617407,-2.72363,3.18423,-1.73922,1.27849])
4.125191768995223
Max g: 0.003359458872232185
f_22([0.501678,-1.3836,1.88481,3.46781,-0.384285,-2.58245,0.148828,1.21934,-0.2163,1.13605,0.0119585,-0.146357,-0.0518663,1.28708,-0.661231,-2.00029,2.34542,1.11967,0.389256,1.20849,-1.29846,0.474581,-0.102118,-1.46592,0.00208573,0.315334,-0.0193891,0.70217,-1.47906,1.74503,0.120074,0.614127,-1.60221,1.8824,-0.0410616,-0.238917,2.4921,-1.75706,-0.119446,-0.615644,-2.72142,3.18936,-1.74871,1.27962])
4.14675685244191
Max g: 0.0036537274714515122
f_23([0.502282,-1.38507,1.88584,3.46858,-0.386765,-2.58146,0.150976,1.21772,-0.216978,1.13059,0.0113698,-0.14111,-0.0486876,1.2996,-0.594191,-2.00143,2.34781,1.11869,0.389181,1.19957,-1.28998,0.474049,-0.101616,-1.46562,0.0010475,0.318073,-0.0218914,0.702792,-1.48164,1.74987,0.117471,0.614333,-1.59914,1.88229,-0.044097,-0.239722,2.49023,-1.75753,-0.119333,-0.61447,-2.71069,3.19147,-1.7607,1.27997])
4.1926696107477595
Max g: 0.002915876907300774
f_24([0.49995,-1.38354,1.88346,3.46818,-0.38383,-2.58425,0.151183,1.22203,-0.220748,1.13188,0.00730922,-0.138748,-0.0650279,1.23785,-0.649366,-2.00184,2.34547,1.11857,0.389019,1.19476,-1.2856,0.473521,-0.101852,-1.46551,-0.000797551,0.313551,-0.0169072,0.703659,-1.4854,1.75415,0.118867,0.614071,-1.59885,1.88308,-0.0454526,-0.239385,2.48717,-1.75433,-0.118732,-0.614012,-2.70563,3.18649,-1.761,1.2799])
4.112073838050695
Max g: 0.0019668878500061146
f_25([0.500163,-1.38348,1.88372,3.46833,-0.383903,-2.58428,0.151434,1.22182,-0.220668,1.13247,0.00564502,-0.13812,-0.0687711,1.11087,-0.750174,-2.00222,2.34403,1.11852,0.389294,1.19257,-1.28403,0.47449,-0.102094,-1.46551,0.000460262,0.314549,-0.0188922,0.704107,-1.48503,1.75046,0.119583,0.613934,-1.59872,1.88373,-0.0452239,-0.239478,2.48796,-1.7536,-0.118745,-0.614696,-2.70585,3.18527,-1.7609,1.28099])
3.9748324544568043
Max g: 0.0013957148828262003
f_26([0.499961,-1.38384,1.8843,3.46819,-0.383389,-2.58493,0.151255,1.22207,-0.221409,1.13213,0.0058825,-0.137903,-0.0829661,0.985605,-0.919256,-2.00483,2.34524,1.1181,0.389268,1.19141,-1.2832,0.474744,-0.102352,-1.46547,0.00130788,0.314071,-0.019445,0.70417,-1.48742,1.75389,0.118972,0.614529,-1.59822,1.88337,-0.0457491,-0.23922,2.48789,-1.75486,-0.119439,-0.613997,-2.70557,3.18486,-1.76214,1.28173])
3.770411363904572
Max g: 0.001551465614609615
f_27([0.499676,-1.38395,1.88419,3.46819,-0.38362,-2.58473,0.151278,1.22251,-0.221684,1.13233,0.00580862,-0.137793,-0.0815622,1.01572,-0.942932,-2.00423,2.34518,1.11756,0.389177,1.19086,-1.28262,0.474914,-0.102298,-1.46555,-0.000423694,0.315137,-0.0193021,0.704347,-1.48736,1.75366,0.119285,0.614465,-1.59917,1.88432,-0.0455595,-0.239583,2.48775,-1.75412,-0.119355,-0.614567,-2.70517,3.18535,-1.76231,1.28222])
3.7750821423469416
Max g: 0.0014020984537308628
f_28([0.498006,-1.3839,1.88315,3.46832,-0.383468,-2.58469,0.151273,1.22213,-0.221306,1.13286,0.00533662,-0.13787,-0.0794559,1.00471,-0.916167,-2.00577,2.34573,1.11867,0.389002,1.18887,-1.28092,0.47459,-0.102442,-1.46533,-0.000395781,0.315535,-0.0189619,0.704102,-1.48773,1.75437,0.119408,0.614365,-1.60132,1.88721,-0.0461945,-0.239152,2.48792,-1.75426,-0.119391,-0.614232,-2.70481,3.18543,-1.76322,1.28248])
3.780150433848237
Max g: 0.0011129857675769364
f_29([0.499169,-1.38401,1.884,3.46829,-0.383275,-2.58505,0.151379,1.22179,-0.22142,1.13315,0.00548574,-0.138341,-0.0800136,0.991459,-0.895325,-2.00647,2.34539,1.12001,0.389043,1.18478,-1.27702,0.47471,-0.101708,-1.4657,-0.000711726,0.316069,-0.0191798,0.70398,-1.48783,1.75425,0.1196,0.614448,-1.6021,1.8877,-0.0464606,-0.239023,2.48864,-1.7548,-0.119531,-0.614575,-2.70409,3.18601,-1.76513,1.28332])
3.789293234203514
Max g: 0.0006105011344609279
f_30([0.500062,-1.38406,1.88405,3.46829,-0.383302,-2.58501,0.151441,1.2214,-0.221267,1.1331,0.005415,-0.13848,-0.0804999,0.989696,-0.909112,-2.00687,2.34585,1.11968,0.389057,1.1829,-1.27574,0.474793,-0.10181,-1.46574,-0.00057867,0.316078,-0.0197734,0.704178,-1.48778,1.75365,0.119764,0.614437,-1.60221,1.88828,-0.0467266,-0.239126,2.4884,-1.75425,-0.11972,-0.614456,-2.70228,3.18475,-1.76606,1.28373])
3.7811442164955493
{0.5000617297798317,-1.384059333320565,1.8840506644635393,3.4682857635680517,-0.3833021114028225,-2.5850067673591006,0.15144104844514658,1.221396596015096,-0.221266966199424,1.133104996009063,0.005414996067276348,-0.13847976445144533,-0.08049992892702328,0.9896960415349925,-0.9091119513048047,-2.0068652909160254,2.3458547784021775,1.1196791798182153,0.38905673968773574,1.1829037592039804,-1.2757350800968161,0.4747929965280009,-0.10181031563427549,-1.4657424653128759,-0.0005786699152214287,0.31607812739753927,-0.019773393201180947,0.7041784071413645,-1.4877769255257578,1.7536479135472396,0.11976414497438875,0.6144366985458671,-1.602214328622075,1.8882753706981974,-0.046726582213067025,-0.23912591791659757,2.488402030662781,-1.7542469003200114,-0.11972017432632469,-0.6144560560721886,-2.7022826299952194,3.184745374163507,-1.7660550735008496,1.2837262208405213}]
Set[{A021,A031,A032,A041,A042,A043,A121,A131,A132,A141,A142,A143,B021,B031,B032,B041,B042,B043,B121,B131,B132,B141,B142,B143,\[Alpha]1,\[Alpha]2,\[Alpha]3,\[Alpha]4,\[Beta]11,\[Beta]12,\[Beta]13,\[Beta]14,\[Beta]21,\[Beta]22,\[Beta]23,\[Beta]24,\[Beta]31,\[Beta]32,\[Beta]33,\[Beta]34,\[Beta]41,\[Beta]42,\[Beta]43,\[Beta]44},{0.5000617297798317,-1.384059333320565,1.8840506644635393,3.4682857635680517,-0.3833021114028225,-2.5850067673591006,0.15144104844514658,1.221396596015096,-0.221266966199424,1.133104996009063,0.005414996067276348,-0.13847976445144533,-0.08049992892702328,0.9896960415349925,-0.9091119513048047,-2.0068652909160254,2.3458547784021775,1.1196791798182153,0.38905673968773574,1.1829037592039804,-1.2757350800968161,0.4747929965280009,-0.10181031563427549,-1.4657424653128759,-0.0005786699152214287,0.31607812739753927,-0.019773393201180947,0.7041784071413645,-1.4877769255257578,1.7536479135472396,0.11976414497438875,0.6144366985458671,-1.602214328622075,1.8882753706981974,-0.046726582213067025,-0.23912591791659757,2.488402030662781,-1.7542469003200114,-0.11972017432632469,-0.6144560560721886,-2.7022826299952194,3.184745374163507,-1.7660550735008496,1.2837262208405213}]

Max g: 0.0003761459007174395
f_31([0.498943,-1.38416,1.88408,3.46841,-0.383408,-2.58501,0.151498,1.22144,-0.22132,1.13302,0.0053116,-0.138261,-0.0804884,1.01328,-0.941794,-2.00696,2.34504,1.12055,0.38905,1.18225,-1.27501,0.47488,-0.101755,-1.46577,-0.000714804,0.316216,-0.019757,0.704138,-1.48802,1.75402,0.119618,0.61443,-1.60203,1.88796,-0.0468683,-0.239,2.48846,-1.75434,-0.119706,-0.614482,-2.70274,3.18531,-1.7668,1.28422])
3.7721007944050036
Max g: 0.00021600010258244692
f_32([0.499131,-1.38407,1.88409,3.46844,-0.383445,-2.58499,0.151488,1.22156,-0.221474,1.133,0.00530166,-0.138198,-0.0805236,1.00784,-0.943477,-2.0067,2.34486,1.12062,0.38905,1.18169,-1.27454,0.474903,-0.101728,-1.46574,-0.000417348,0.316308,-0.0198032,0.703923,-1.488,1.75392,0.119729,0.614432,-1.60187,1.88772,-0.0467347,-0.239133,2.4884,-1.75424,-0.11969,-0.614479,-2.70271,3.18509,-1.76682,1.28435])
3.7669331246389772
Max g: 0.0001264564092884335
f_33([0.499279,-1.38429,1.88412,3.46855,-0.3835,-2.58503,0.151487,1.22144,-0.221441,1.133,0.00533491,-0.138304,-0.0805339,0.994812,-0.945225,-2.00637,2.34516,1.12035,0.389058,1.18132,-1.27422,0.474897,-0.101701,-1.46574,-0.000370065,0.316494,-0.0197388,0.703568,-1.48806,1.75384,0.119852,0.614433,-1.60184,1.88777,-0.0468285,-0.239082,2.48844,-1.75418,-0.119755,-0.614445,-2.70245,3.185,-1.76696,1.28445])
3.7565977851069245
Max g: 0.00013539901581838265
f_34([0.499802,-1.3843,1.88411,3.46853,-0.383586,-2.58496,0.151497,1.22139,-0.221388,1.13307,0.00534059,-0.138386,-0.0805475,0.98726,-0.944733,-2.00598,2.34512,1.12038,0.389067,1.18119,-1.27409,0.474914,-0.101696,-1.46576,-0.000188986,0.316684,-0.0197476,0.70324,-1.4881,1.7539,0.119785,0.614434,-1.60181,1.88774,-0.0468166,-0.239091,2.48839,-1.75417,-0.119745,-0.61447,-2.7024,3.18497,-1.76699,1.28444])
3.751032602281973
Max g: 0.00011015903516982048
f_35([0.499805,-1.38426,1.88413,3.4685,-0.383513,-2.58499,0.151488,1.2214,-0.221389,1.13305,0.00534616,-0.138365,-0.0805471,0.97957,-0.945539,-2.00588,2.34515,1.12042,0.389069,1.18122,-1.27411,0.474907,-0.101674,-1.46576,-0.000107749,0.316797,-0.0197466,0.703045,-1.48811,1.75391,0.119791,0.614434,-1.6018,1.88771,-0.0468237,-0.239087,2.48838,-1.75414,-0.119763,-0.614484,-2.70244,3.18496,-1.76698,1.28447])
3.7445730150744403
Max g: 0.00011483734881377952
f_36([0.499881,-1.38426,1.88415,3.46851,-0.383515,-2.58499,0.151489,1.2214,-0.221388,1.13308,0.00534823,-0.138397,-0.0805463,0.974919,-0.947238,-2.00581,2.3452,1.12048,0.389071,1.18119,-1.27409,0.474909,-0.101658,-1.46578,-3.31638e-5,0.316906,-0.0197373,0.702863,-1.4882,1.75397,0.119812,0.614434,-1.60179,1.8877,-0.0468165,-0.239091,2.48836,-1.7541,-0.119762,-0.614486,-2.70243,3.18495,-1.76698,1.28446])
3.7392065887789516
Max g: 0.00010704845644514752
f_37([0.499851,-1.38423,1.88413,3.46852,-0.383528,-2.585,0.151474,1.22139,-0.221415,1.13304,0.00534728,-0.138372,-0.0805457,0.972755,-0.945933,-2.00577,2.34519,1.12048,0.389066,1.18115,-1.27407,0.474909,-0.101653,-1.46578,-0.000107591,0.316987,-0.0197107,0.702834,-1.48831,1.75401,0.119846,0.614439,-1.60179,1.88768,-0.0467967,-0.239093,2.48837,-1.7541,-0.119801,-0.614483,-2.70242,3.18493,-1.76698,1.28447])
3.7383121843963703
Max g: 8.956282480631142e-5
f_38([0.499914,-1.38421,1.88413,3.46849,-0.383546,-2.58495,0.151456,1.22137,-0.221414,1.13308,0.00534512,-0.138402,-0.0805458,0.971569,-0.946128,-2.00574,2.34519,1.12048,0.389065,1.18107,-1.274,0.474909,-0.101656,-1.46578,-8.11039e-5,0.317044,-0.0197789,0.7028,-1.48836,1.75404,0.119881,0.614442,-1.60179,1.88767,-0.0467871,-0.239086,2.48842,-1.7541,-0.119844,-0.614472,-2.70242,3.18491,-1.76697,1.28448])
3.7370202669548633
Max g: 7.790149802343674e-5
f_39([0.499932,-1.38423,1.88416,3.46846,-0.383543,-2.58492,0.151445,1.22134,-0.221406,1.13307,0.005343,-0.138409,-0.0805461,0.970451,-0.946296,-2.00571,2.3452,1.12048,0.389066,1.18104,-1.27398,0.474909,-0.101653,-1.46578,-5.96547e-5,0.317067,-0.0197696,0.70277,-1.4884,1.75405,0.119894,0.614456,-1.60181,1.88768,-0.0467682,-0.23909,2.48844,-1.75411,-0.119866,-0.614477,-2.70241,3.18489,-1.76696,1.28449])
3.736523375631207
Max g: 6.39697713406169e-5
f_40([0.499921,-1.38423,1.88416,3.46847,-0.383535,-2.58493,0.151435,1.22134,-0.221412,1.13307,0.0053431,-0.138397,-0.0805461,0.970371,-0.946852,-2.00571,2.3452,1.12048,0.38907,1.18101,-1.27395,0.474909,-0.101641,-1.46577,-4.0428e-5,0.317081,-0.0198026,0.702768,-1.48842,1.75406,0.119879,0.614485,-1.60181,1.88767,-0.0467565,-0.23909,2.48846,-1.7541,-0.119871,-0.614485,-2.70242,3.18486,-1.76696,1.28452])
3.7359271060428196
{0.4999209360614181,-1.3842336040109575,1.8841582948877875,3.468465545931716,-0.38353535967783664,-2.584927796650315,0.15143536039256444,1.2213434343485636,-0.22141158053460386,1.1330672080138235,0.005343099986670274,-0.13839721536607955,-0.0805461029747372,0.9703708915841032,-0.9468519543272883,-2.0057128435870553,2.345198668733192,1.120483315657941,0.38906967836272227,1.1810147202392323,-1.2739549581212335,0.47490891847711547,-0.10164089763610847,-1.465774159999033,-4.042799647651481e-5,0.3170808436127922,-0.019802628746640634,0.7027675130488641,-1.488420523131963,1.7540596892898366,0.11987922988923543,0.6144853897157933,-1.6018119120756378,1.8876720595333312,-0.04675646167738839,-0.23909033843141095,2.4884590106733695,-1.7541020362799298,-0.11987135918119532,-0.6144845078491044,-2.702424857598344,3.184861300242625,-1.7669644290716777,1.2845195681485224}]
Set[{A021,A031,A032,A041,A042,A043,A121,A131,A132,A141,A142,A143,B021,B031,B032,B041,B042,B043,B121,B131,B132,B141,B142,B143,\[Alpha]1,\[Alpha]2,\[Alpha]3,\[Alpha]4,\[Beta]11,\[Beta]12,\[Beta]13,\[Beta]14,\[Beta]21,\[Beta]22,\[Beta]23,\[Beta]24,\[Beta]31,\[Beta]32,\[Beta]33,\[Beta]34,\[Beta]41,\[Beta]42,\[Beta]43,\[Beta]44},{0.4999209360614181,-1.3842336040109575,1.8841582948877875,3.468465545931716,-0.38353535967783664,-2.584927796650315,0.15143536039256444,1.2213434343485636,-0.22141158053460386,1.1330672080138235,0.005343099986670274,-0.13839721536607955,-0.0805461029747372,0.9703708915841032,-0.9468519543272883,-2.0057128435870553,2.345198668733192,1.120483315657941,0.38906967836272227,1.1810147202392323,-1.2739549581212335,0.47490891847711547,-0.10164089763610847,-1.465774159999033,-4.042799647651481e-5,0.3170808436127922,-0.019802628746640634,0.7027675130488641,-1.488420523131963,1.7540596892898366,0.11987922988923543,0.6144853897157933,-1.6018119120756378,1.8876720595333312,-0.04675646167738839,-0.23909033843141095,2.4884590106733695,-1.7541020362799298,-0.11987135918119532,-0.6144845078491044,-2.702424857598344,3.184861300242625,-1.7669644290716777,1.2845195681485224}]

Max g: 5.896688239220502e-5
f_41([0.499922,-1.38424,1.88419,3.46846,-0.383537,-2.58492,0.151431,1.22134,-0.221413,1.13308,0.00534319,-0.138405,-0.0805458,0.970636,-0.946739,-2.00569,2.34519,1.12048,0.389071,1.18099,-1.27393,0.474909,-0.101637,-1.46577,-4.6335e-5,0.317083,-0.0197939,0.702759,-1.48845,1.75407,0.119879,0.614496,-1.60182,1.88767,-0.0467448,-0.239094,2.48847,-1.7541,-0.119879,-0.614494,-2.70242,3.18485,-1.76697,1.28454])
3.736423997366476
Max g: 5.0949251818342006e-5
f_42([0.499901,-1.38426,1.88418,3.46844,-0.383531,-2.58491,0.151425,1.22134,-0.221417,1.13308,0.0053427,-0.13842,-0.0805454,0.970401,-0.947145,-2.00567,2.34517,1.12048,0.389075,1.18098,-1.27392,0.474908,-0.101635,-1.46576,-6.3825e-5,0.317107,-0.0197975,0.702751,-1.48847,1.75408,0.119885,0.614504,-1.60182,1.88767,-0.0467384,-0.239095,2.48849,-1.7541,-0.119886,-0.614502,-2.70244,3.18484,-1.76696,1.28456])
3.7359271060428196
Max g: 4.698223017382194e-5
f_43([0.4999,-1.38423,1.88419,3.46844,-0.38355,-2.58489,0.151415,1.22134,-0.221413,1.13309,0.00534222,-0.138425,-0.0805456,0.970272,-0.947078,-2.00568,2.34519,1.12048,0.389079,1.18097,-1.27392,0.474908,-0.101628,-1.46575,-7.07387e-5,0.317124,-0.0198002,0.702742,-1.4885,1.75409,0.119891,0.614514,-1.60185,1.88767,-0.0467155,-0.239097,2.48851,-1.7541,-0.119889,-0.614515,-2.70244,3.1848,-1.76693,1.28458])
3.735827727778088
Max g: 3.505106874615929e-5
f_44([0.499901,-1.38421,1.88416,3.46844,-0.383556,-2.58488,0.151409,1.22134,-0.221421,1.13309,0.00534202,-0.138431,-0.0805458,0.970525,-0.947655,-2.00568,2.34519,1.12048,0.38908,1.18095,-1.2739,0.474909,-0.101626,-1.46575,-6.95596e-5,0.317131,-0.0198032,0.702738,-1.48852,1.7541,0.119895,0.61452,-1.60186,1.88767,-0.0467018,-0.239097,2.48852,-1.7541,-0.119897,-0.614519,-2.70244,3.18479,-1.76694,1.28459])
3.735728349513357
Max g: 2.6653416273711428e-5
f_45([0.499902,-1.38419,1.88416,3.46846,-0.383558,-2.5849,0.151402,1.22134,-0.221427,1.13309,0.00534215,-0.138429,-0.0805465,0.970485,-0.947666,-2.00568,2.3452,1.12048,0.389081,1.18093,-1.27388,0.47491,-0.101627,-1.46575,-5.95032e-5,0.317125,-0.0198016,0.702735,-1.48853,1.7541,0.11991,0.614523,-1.60188,1.88767,-0.0466914,-0.239098,2.48853,-1.7541,-0.119905,-0.614523,-2.70244,3.18477,-1.76693,1.2846])
3.735728349513357
Max g: 1.8527703212149055e-5
f_46([0.499902,-1.38419,1.88418,3.46846,-0.383555,-2.5849,0.151398,1.22134,-0.221426,1.13309,0.00534216,-0.13843,-0.0805465,0.970427,-0.947634,-2.00568,2.3452,1.12048,0.389081,1.18092,-1.27388,0.47491,-0.101626,-1.46575,-5.85175e-5,0.317127,-0.0198059,0.702735,-1.48855,1.75412,0.119914,0.614521,-1.60188,1.88766,-0.0466827,-0.239101,2.48853,-1.7541,-0.119913,-0.614523,-2.70246,3.18477,-1.76692,1.2846])
3.735728349513357
Max g: 1.3253825249481127e-5
f_47([0.499907,-1.38418,1.88418,3.46847,-0.383568,-2.5849,0.151393,1.22135,-0.221426,1.13309,0.00534223,-0.138436,-0.0805463,0.970473,-0.947717,-2.00568,2.3452,1.12048,0.389081,1.18092,-1.27388,0.474911,-0.101627,-1.46575,-5.46199e-5,0.317125,-0.0198044,0.702735,-1.48856,1.75412,0.119923,0.614525,-1.60189,1.88766,-0.0466748,-0.239102,2.48855,-1.7541,-0.119924,-0.614524,-2.70247,3.18476,-1.76691,1.28461])
3.7356289712486257
Max g: 8.084687913322008e-6
f_48([0.499907,-1.38419,1.88418,3.46847,-0.383567,-2.5849,0.15139,1.22135,-0.221426,1.13309,0.00534221,-0.138436,-0.0805463,0.970491,-0.947871,-2.00568,2.3452,1.12048,0.389082,1.18092,-1.27388,0.474911,-0.101627,-1.46574,-5.65768e-5,0.317125,-0.0197995,0.702733,-1.48857,1.75412,0.119925,0.614527,-1.60189,1.88766,-0.0466732,-0.239102,2.48856,-1.7541,-0.119925,-0.614528,-2.70249,3.18476,-1.76689,1.28462])
3.7356289712486257
Max g: 6.441498374767929e-6
f_49([0.499907,-1.38419,1.88418,3.46847,-0.383567,-2.5849,0.15139,1.22136,-0.221426,1.13309,0.00534225,-0.138434,-0.0805463,0.970475,-0.947967,-2.00568,2.3452,1.12048,0.389082,1.18092,-1.27388,0.474911,-0.101627,-1.46574,-5.59211e-5,0.317124,-0.019799,0.702729,-1.48857,1.75412,0.119927,0.614527,-1.60189,1.88766,-0.0466722,-0.239102,2.48856,-1.75411,-0.119927,-0.614526,-2.70249,3.18475,-1.76688,1.28462])
3.7356289712486257
Max g: 5.748384102010479e-6
f_50([0.499909,-1.38419,1.88418,3.46847,-0.383567,-2.5849,0.151388,1.22136,-0.221426,1.1331,0.00534225,-0.138439,-0.0805463,0.970366,-0.947968,-2.00568,2.34521,1.12048,0.389082,1.18091,-1.27388,0.474911,-0.101627,-1.46574,-5.50098e-5,0.317125,-0.0197968,0.702727,-1.48857,1.75412,0.119926,0.614528,-1.60189,1.88766,-0.0466701,-0.239101,2.48857,-1.75411,-0.119928,-0.614527,-2.7025,3.18475,-1.76687,1.28462])
3.7355295929838945
{0.49990873966402216,-1.3841937569654357,1.884177249864231,3.4684666091974625,-0.38356728717294064,-2.5848991090542444,0.151387928885148,1.2213573428027036,-0.22142590828030279,1.1330975535411962,0.005342245956308117,-0.13843939599772437,-0.08054625080899765,0.9703658775801329,-0.9479680701487257,-2.0056760274958743,2.3452059674349095,1.1204795253033577,0.38908165098577946,1.180914259647193,-1.2738833647911205,0.47491054115351183,-0.10162682286229,-1.465742129351412,-5.500977342474718e-5,0.317125002577505,-0.01979680598030339,0.7027268674273037,-1.4885738909928394,1.7541188638917569,0.11992643414122942,0.6145278601491827,-1.6018921106256436,1.8876634479906733,-0.04667005694957755,-0.23910132537798606,2.4885663890613423,-1.7541122203733839,-0.11992803818073772,-0.6145269311462629,-2.7024970980579184,3.1847516322558516,-1.7668744726384307,1.2846196880909457}]
Set[{A021,A031,A032,A041,A042,A043,A121,A131,A132,A141,A142,A143,B021,B031,B032,B041,B042,B043,B121,B131,B132,B141,B142,B143,\[Alpha]1,\[Alpha]2,\[Alpha]3,\[Alpha]4,\[Beta]11,\[Beta]12,\[Beta]13,\[Beta]14,\[Beta]21,\[Beta]22,\[Beta]23,\[Beta]24,\[Beta]31,\[Beta]32,\[Beta]33,\[Beta]34,\[Beta]41,\[Beta]42,\[Beta]43,\[Beta]44},{0.49990873966402216,-1.3841937569654357,1.884177249864231,3.4684666091974625,-0.38356728717294064,-2.5848991090542444,0.151387928885148,1.2213573428027036,-0.22142590828030279,1.1330975535411962,0.005342245956308117,-0.13843939599772437,-0.08054625080899765,0.9703658775801329,-0.9479680701487257,-2.0056760274958743,2.3452059674349095,1.1204795253033577,0.38908165098577946,1.180914259647193,-1.2738833647911205,0.47491054115351183,-0.10162682286229,-1.465742129351412,-5.500977342474718e-5,0.317125002577505,-0.01979680598030339,0.7027268674273037,-1.4885738909928394,1.7541188638917569,0.11992643414122942,0.6145278601491827,-1.6018921106256436,1.8876634479906733,-0.04667005694957755,-0.23910132537798606,2.4885663890613423,-1.7541122203733839,-0.11992803818073772,-0.6145269311462629,-2.7024970980579184,3.1847516322558516,-1.7668744726384307,1.2846196880909457}]

Max g: 4.0658371962334905e-6
f_51([0.499909,-1.38418,1.88417,3.46847,-0.383567,-2.5849,0.151388,1.22136,-0.221426,1.1331,0.00534218,-0.138439,-0.0805462,0.970182,-0.947955,-2.00568,2.34521,1.12048,0.389082,1.18091,-1.27388,0.474911,-0.101626,-1.46574,-5.49713e-5,0.317125,-0.0197909,0.702721,-1.48858,1.75412,0.119927,0.614528,-1.60189,1.88766,-0.0466685,-0.239102,2.48857,-1.75411,-0.119928,-0.614527,-2.7025,3.18475,-1.76687,1.28462])
3.7355295929838945
Max g: 3.0948691813158236e-6
f_52([0.499909,-1.38419,1.88418,3.46847,-0.383569,-2.5849,0.151387,1.22136,-0.221426,1.1331,0.00534217,-0.138439,-0.0805462,0.97017,-0.947963,-2.00568,2.34521,1.12048,0.389081,1.18091,-1.27388,0.47491,-0.101626,-1.46574,-5.56414e-5,0.317125,-0.0197895,0.70272,-1.48858,1.75412,0.119928,0.614529,-1.60189,1.88766,-0.0466675,-0.239102,2.48857,-1.75412,-0.119928,-0.614528,-2.70251,3.18476,-1.76687,1.28462])
3.7355295929838945
Max g: 2.593930013911755e-6
f_53([0.499909,-1.38419,1.88419,3.46847,-0.383569,-2.5849,0.151386,1.22136,-0.221426,1.1331,0.00534217,-0.13844,-0.0805462,0.97017,-0.947966,-2.00568,2.34521,1.12048,0.389081,1.18091,-1.27388,0.47491,-0.101625,-1.46574,-5.67216e-5,0.317125,-0.0197882,0.70272,-1.48858,1.75412,0.119929,0.614528,-1.60189,1.88766,-0.0466663,-0.239102,2.48858,-1.75412,-0.119928,-0.614528,-2.70251,3.18476,-1.76687,1.28462])
3.7355295929838945
Max g: 1.936278214341447e-6
f_54([0.499909,-1.3842,1.8842,3.46847,-0.383569,-2.5849,0.151386,1.22136,-0.221426,1.1331,0.00534218,-0.13844,-0.0805463,0.970115,-0.947992,-2.00568,2.34521,1.12048,0.389081,1.18091,-1.27388,0.474911,-0.101625,-1.46574,-5.62903e-5,0.317128,-0.01979,0.702719,-1.48858,1.75412,0.119929,0.614528,-1.60189,1.88766,-0.0466657,-0.239102,2.48858,-1.75412,-0.119929,-0.614529,-2.70251,3.18476,-1.76687,1.28462])
3.7353308364544318
Max g: 1.6091816612898158e-6
{0.49990864544231234,-1.384208276855053,1.884193574280619,3.468467309637086,-0.3835692278812241,-2.5848979315877547,0.15138604987582122,1.2213585330440497,-0.2214262197005944,1.133098284274912,0.0053421852143359485,-0.1384399775312359,-0.0805462730150177,0.9700694272610388,-0.9479925318308325,-2.005675435917045,2.345209929510204,1.1204846899081589,0.3890813209279689,1.1809147372129019,-1.2738842157342285,0.47491054590596365,-0.10162510386312716,-1.4657431045510851,-5.71139464643601e-5,0.3171284736334948,-0.019788961902454365,0.7027175503370573,-1.4885796157085047,1.7541214670172767,0.11992975690511544,0.6145283101242021,-1.6018929386805791,1.887660018971722,-0.0466655294945795,-0.23910176332410313,2.4885798101277996,-1.7541216049408697,-0.11992972421992312,-0.6145282817220667,-2.7025091906139425,3.1847579179280254,-1.7668701131189017,1.2846215257151257}]
Set[{A021,A031,A032,A041,A042,A043,A121,A131,A132,A141,A142,A143,B021,B031,B032,B041,B042,B043,B121,B131,B132,B141,B142,B143,\[Alpha]1,\[Alpha]2,\[Alpha]3,\[Alpha]4,\[Beta]11,\[Beta]12,\[Beta]13,\[Beta]14,\[Beta]21,\[Beta]22,\[Beta]23,\[Beta]24,\[Beta]31,\[Beta]32,\[Beta]33,\[Beta]34,\[Beta]41,\[Beta]42,\[Beta]43,\[Beta]44},{0.49990864544231234,-1.384208276855053,1.884193574280619,3.468467309637086,-0.3835692278812241,-2.5848979315877547,0.15138604987582122,1.2213585330440497,-0.2214262197005944,1.133098284274912,0.0053421852143359485,-0.1384399775312359,-0.0805462730150177,0.9700694272610388,-0.9479925318308325,-2.005675435917045,2.345209929510204,1.1204846899081589,0.3890813209279689,1.1809147372129019,-1.2738842157342285,0.47491054590596365,-0.10162510386312716,-1.4657431045510851,-5.71139464643601e-5,0.3171284736334948,-0.019788961902454365,0.7027175503370573,-1.4885796157085047,1.7541214670172767,0.11992975690511544,0.6145283101242021,-1.6018929386805791,1.887660018971722,-0.0466655294945795,-0.23910176332410313,2.4885798101277996,-1.7541216049408697,-0.11992972421992312,-0.6145282817220667,-2.7025091906139425,3.1847579179280254,-1.7668701131189017,1.2846215257151257}]


-----------------Final Result------------------
Options: alg=GN_ISRES,dx=0.01,max_eval=100000000,popSize=0
imin=-1,jmin=-4,imax=1,jmax=4,
parameter_minmax=5,
randSeed=85805246,rand_minmax=1,
END_C=true, INEQ_C=true

5455914 steps

Completed with maxf : 3.7353308364544318

Constraints at 1.4548254897196744e-6

x = [0.49990864544231234,-1.384208276855053,1.884193574280619,3.468467309637086,-0.3835692278812241,-2.5848979315877547,0.15138604987582122,1.2213585330440497,-0.2214262197005944,1.133098284274912,0.0053421852143359485,-0.1384399775312359,-0.0805462730150177,0.9700694272610388,-0.9479925318308325,-2.005675435917045,2.345209929510204,1.1204846899081589,0.3890813209279689,1.1809147372129019,-1.2738842157342285,0.47491054590596365,-0.10162510386312716,-1.4657431045510851,-5.71139464643601e-5,0.3171284736334948,-0.019788961902454365,0.7027175503370573,-1.4885796157085047,1.7541214670172767,0.11992975690511544,0.6145283101242021,-1.6018929386805791,1.887660018971722,-0.0466655294945795,-0.23910176332410313,2.4885798101277996,-1.7541216049408697,-0.11992972421992312,-0.6145282817220667,-2.7025091906139425,3.1847579179280254,-1.7668701131189017,1.2846215257151257]
c0 = [0.0,0.49990864544231234,0.4999852974255661,0.5000001501681073]
c1 = [0.0,0.15138604987582122,0.9999323133434553,1.000000491958012]
A0 = [0.0,0.49990864544231234,-1.384208276855053,3.468467309637086,0.0,0.0,1.884193574280619,-0.3835692278812241,0.0,0.0,0.0,-2.5848979315877547,0.0,0.0,0.0,0.0]
A1 = [0.0,0.15138604987582122,1.2213585330440497,1.133098284274912,0.0,0.0,-0.2214262197005944,0.0053421852143359485,0.0,0.0,0.0,-0.1384399775312359,0.0,0.0,0.0,0.0]
B0 = [0.0,-0.0805462730150177,0.9700694272610388,-2.005675435917045,0.0,0.0,-0.9479925318308325,2.345209929510204,0.0,0.0,0.0,1.1204846899081589,0.0,0.0,0.0,0.0]
B1 = [0.0,0.3890813209279689,1.1809147372129019,0.47491054590596365,0.0,0.0,-1.2738842157342285,-0.10162510386312716,0.0,0.0,0.0,-1.4657431045510851,0.0,0.0,0.0,0.0]
α  = [-5.71139464643601e-5,0.3171284736334948,-0.019788961902454365,0.7027175503370573]
β1 = [-1.4885796157085047,1.7541214670172767,0.11992975690511544,0.6145283101242021]
β2 = [-1.6018929386805791,1.887660018971722,-0.0466655294945795,-0.23910176332410313]
β3 = [2.4885798101277996,-1.7541216049408697,-0.11992972421992312,-0.6145282817220667]
β4 = [-2.7025091906139425,3.1847579179280254,-1.7668701131189017,1.2846215257151257]


Set[{A021,A031,A032,A041,A042,A043,A121,A131,A132,A141,A142,A143,B021,B031,B032,B041,B042,B043,B121,B131,B132,B141,B142,B143,\[Alpha]1,\[Alpha]2,\[Alpha]3,\[Alpha]4,\[Beta]11,\[Beta]12,\[Beta]13,\[Beta]14,\[Beta]21,\[Beta]22,\[Beta]23,\[Beta]24,\[Beta]31,\[Beta]32,\[Beta]33,\[Beta]34,\[Beta]41,\[Beta]42,\[Beta]43,\[Beta]44},{0.49990864544231234,-1.384208276855053,1.884193574280619,3.468467309637086,-0.3835692278812241,-2.5848979315877547,0.15138604987582122,1.2213585330440497,-0.2214262197005944,1.133098284274912,0.0053421852143359485,-0.1384399775312359,-0.0805462730150177,0.9700694272610388,-0.9479925318308325,-2.005675435917045,2.345209929510204,1.1204846899081589,0.3890813209279689,1.1809147372129019,-1.2738842157342285,0.47491054590596365,-0.10162510386312716,-1.4657431045510851,-5.71139464643601e-5,0.3171284736334948,-0.019788961902454365,0.7027175503370573,-1.4885796157085047,1.7541214670172767,0.11992975690511544,0.6145283101242021,-1.6018929386805791,1.887660018971722,-0.0466655294945795,-0.23910176332410313,2.4885798101277996,-1.7541216049408697,-0.11992972421992312,-0.6145282817220667,-2.7025091906139425,3.1847579179280254,-1.7668701131189017,1.2846215257151257}]



