
-----------------Setup------------------
Options: alg=LN_AUGLAG_EQ,dx=0.01,max_eval=100000000,popSize=0
imin=-6,jmin=-4,imax=1,jmax=4,
parameter_minmax=5,randSeed=35531423

f_1([0.000352924,-2.71375,2.71411,4.95084,-3.37833,-1.54827,0.0602673,4.96051,-4.88646,4.70716,-4.79283,0.289673,-0.0598678,-3.56077,3.60891,-1.58215,-1.36955,4.98584,-2.07078,2.76149,-1.07051,-1.77442,0.693229,-2.7144,-3.65669,2.55396,4.92362,-3.50452,-0.962313,-2.70664,1.1035,2.32096,4.81783,2.78625,4.08741,4.47138,3.23111,-4.87562,-2.40593,2.8478,-0.55899,-3.01664,-1.55853,1.79931])
1.8104473545015949
Max g: 88.0523628631409
f_2([0.000352924,-2.71375,2.71411,4.95084,-3.37833,-1.54827,0.0602673,4.96051,-4.88646,4.70716,-4.79283,0.289673,-0.0598678,-3.56077,3.60891,-1.58215,-1.36955,4.98584,-2.07078,2.76149,-1.07051,-1.77442,0.693231,-2.71439,-3.65669,2.55396,4.92362,-3.50452,-0.962313,-2.70664,1.1035,2.32096,4.81783,2.78625,4.08741,4.47138,3.23111,-4.87562,-2.40593,2.8478,-0.55899,-3.01664,-1.55853,1.79931])
1.8104473545015949
Max g: 88.05220292890485
f_3([0.000352924,-2.71375,2.71411,4.95084,-3.37833,-1.54827,0.0602673,4.96051,-4.88646,4.70716,-4.79283,0.289673,-0.0598678,-3.56077,3.60891,-1.58215,-1.36955,4.98584,-2.07078,2.76149,-1.07051,-1.77442,0.693231,-2.71439,-3.65669,2.55396,4.92362,-3.50452,-0.962313,-2.70664,1.1035,2.32096,4.81783,2.78625,4.08741,4.47138,3.23111,-4.87562,-2.40593,2.8478,-0.55899,-3.01664,-1.55853,1.79931])
1.8104473545015949
Max g: 88.05219531553396
f_4([0.000352924,-2.71375,2.71411,4.95084,-3.37833,-1.54827,0.0602673,4.96051,-4.88646,4.70716,-4.79283,0.289673,-0.0598678,-3.56077,3.60891,-1.58215,-1.36955,4.98584,-2.07078,2.76149,-1.07051,-1.77442,0.693231,-2.71439,-3.65669,2.55396,4.92362,-3.50452,-0.962313,-2.70664,1.1035,2.32096,4.81783,2.78625,4.08741,4.47138,3.23111,-4.87562,-2.40593,2.8478,-0.55899,-3.01664,-1.55853,1.79931])
1.8104473545015949
Max g: 88.052180824374
f_5([0.000352924,-2.71375,2.71411,4.95084,-3.37833,-1.54827,0.0602673,4.96051,-4.88646,4.70716,-4.79283,0.289673,-0.0598678,-3.56077,3.60891,-1.58215,-1.36955,4.98584,-2.07078,2.76149,-1.07051,-1.77442,0.693231,-2.71439,-3.65669,2.55396,4.92362,-3.50452,-0.962313,-2.70664,1.1035,2.32096,4.81783,2.78625,4.08741,4.47138,3.23111,-4.87562,-2.40593,2.8478,-0.55899,-3.01664,-1.55853,1.79931])
1.8104473545015949
Max g: 88.05217360492148
f_6([0.000113905,-2.85246,2.85257,4.88825,-3.31779,-1.57033,0.00405476,4.89092,-4.88686,4.84538,-4.64147,0.483427,-0.0438913,-2.321,3.40694,-1.95624,-1.78273,4.9822,0.121418,2.68668,-2.80463,0.0678672,0.201771,-0.170773,-3.73509,2.42539,4.91456,-3.21639,0.715357,-0.179972,0.357289,1.64933,4.80428,1.64401,4.33974,4.2616,0.447471,-4.73542,-0.735566,2.97851,1.50361,-0.676862,-0.13651,1.17713])
3.6330620960603808
Max g: 15.049634280384144
f_7([0.0189342,-2.84885,3.59634,3.96638,-3.21925,0.252809,0.125393,5.0,-4.74672,4.47799,-4.39286,0.464567,-0.182224,-2.60582,3.40575,-1.89627,-2.36922,4.99551,-0.184381,3.71164,-2.32322,0.494334,0.628148,0.626531,-3.58271,2.92896,4.89789,-3.2553,0.980569,0.249937,-1.6719,1.38799,4.72381,-4.78224,-2.2398,1.55955,4.6131,-4.58825,0.483676,-0.640478,2.10204,-1.06635,-4.34931,3.37115])
1.950472038340092
Max g: 0.6178049650245356
f_8([0.0178196,-2.83851,3.59299,3.99392,-3.21686,0.221942,0.15515,5.0,-4.69253,4.44596,-4.31925,0.455526,-0.177573,-2.5978,3.43445,-1.86938,-2.33635,4.99546,-0.209918,3.60063,-2.22142,0.483499,0.565823,0.654675,-3.59148,2.94281,4.89806,-3.25031,0.429413,0.935094,-2.02526,1.68136,4.864,-4.31953,-2.10562,1.54282,4.99274,-4.49191,-0.497495,0.00267278,2.15853,-1.25916,-4.54335,3.63524])
1.8455532581420158
Max g: 0.5243099796629855
f_9([0.0175641,-2.83936,3.59637,3.99801,-3.21577,0.216704,0.163307,5.0,-4.68705,4.43766,-4.31903,0.457789,-0.178392,-2.5906,3.44759,-1.85707,-2.31892,4.99545,-0.222149,3.5098,-2.06783,0.484862,0.64206,0.644393,-3.59168,2.95875,4.89808,-3.26206,0.0271487,1.25012,-1.7449,1.48404,4.86435,-4.32054,-2.05554,1.50522,4.99998,-4.49147,-1.02594,0.401748,2.4018,-1.41218,-4.81755,3.81948])
1.7977813040404202
Max g: 0.463346673874673
f_10([0.0173131,-2.83736,3.59246,4.00015,-3.21564,0.215415,0.167318,5.0,-4.68146,4.4401,-4.31915,0.451024,-0.180732,-2.59167,3.4405,-1.86227,-2.32444,4.99543,-0.225518,3.4221,-1.93407,0.490699,0.707126,0.619071,-3.59363,2.94481,4.89802,-3.25031,-0.374058,1.52805,-1.34532,1.20818,4.86427,-4.33451,-2.00488,1.47805,5.0,-4.49021,-1.21993,0.559763,2.61379,-1.57988,-4.99997,3.95661])
1.783320065324906
{0.017313138933297174,-2.8373636823910187,3.5924588194413754,4.000151751596488,-3.215641737962641,0.2154146346064411,0.16731839583174465,4.999999999999997,-4.6814610695520065,4.44010041348945,-4.319151933390778,0.4510243035102698,-0.18073189576136064,-2.591668953948558,3.440503404309187,-1.8622746597590283,-2.324438161405999,4.99543248532995,-0.2255175666709959,3.42210184979501,-1.9340692694125412,0.49069870094945967,0.7071260044480524,0.6190706792415123,-3.5936325045046065,2.944814610094642,4.898023695466487,-3.250314035990401,-0.3740576684961994,1.5280458207135046,-1.3453156828457906,1.208183887524363,4.8642698352866,-4.334513341911784,-2.0048760566350765,1.4780503086752763,4.999999999999993,-4.4902109391890095,-1.2199260345311234,0.559762532380065,2.613785791165477,-1.5798810877793426,-4.999967010713643,3.9566053176511726}]
Set[{A021,A031,A032,A041,A042,A043,A121,A131,A132,A141,A142,A143,B021,B031,B032,B041,B042,B043,B121,B131,B132,B141,B142,B143,\[Alpha]1,\[Alpha]2,\[Alpha]3,\[Alpha]4,\[Beta]11,\[Beta]12,\[Beta]13,\[Beta]14,\[Beta]21,\[Beta]22,\[Beta]23,\[Beta]24,\[Beta]31,\[Beta]32,\[Beta]33,\[Beta]34,\[Beta]41,\[Beta]42,\[Beta]43,\[Beta]44},{0.017313138933297174,-2.8373636823910187,3.5924588194413754,4.000151751596488,-3.215641737962641,0.2154146346064411,0.16731839583174465,4.999999999999997,-4.6814610695520065,4.44010041348945,-4.319151933390778,0.4510243035102698,-0.18073189576136064,-2.591668953948558,3.440503404309187,-1.8622746597590283,-2.324438161405999,4.99543248532995,-0.2255175666709959,3.42210184979501,-1.9340692694125412,0.49069870094945967,0.7071260044480524,0.6190706792415123,-3.5936325045046065,2.944814610094642,4.898023695466487,-3.250314035990401,-0.3740576684961994,1.5280458207135046,-1.3453156828457906,1.208183887524363,4.8642698352866,-4.334513341911784,-2.0048760566350765,1.4780503086752763,4.999999999999993,-4.4902109391890095,-1.2199260345311234,0.559762532380065,2.613785791165477,-1.5798810877793426,-4.999967010713643,3.9566053176511726}]

Max g: 0.4060432440987698
f_11([0.0173362,-2.83777,3.59114,4.00137,-3.21459,0.213158,0.17062,5.0,-4.677,4.44827,-4.31916,0.448306,-0.183158,-2.59372,3.43465,-1.86596,-2.33225,4.99541,-0.227303,3.35929,-1.83737,0.496532,0.756092,0.603184,-3.59533,2.93796,4.89797,-3.24096,-0.690467,1.75609,-1.02959,0.982187,4.86386,-4.33797,-1.97011,1.45311,5.0,-4.48913,-1.30269,0.630652,2.75338,-1.70804,-4.99998,3.94623])
1.774743054776394
Max g: 0.3721850738720345
f_12([0.0171425,-2.83822,3.58899,4.00102,-3.21485,0.213731,0.172486,5.0,-4.67266,4.45538,-4.319,0.447828,-0.185067,-2.59695,3.43084,-1.87181,-2.33546,4.9954,-0.229116,3.29744,-1.75984,0.50388,0.7791,0.596358,-3.5996,2.93012,4.89787,-3.22873,-1.00502,1.98305,-0.722955,0.762348,4.86395,-4.33667,-1.94222,1.42563,5.0,-4.48796,-1.35,0.665969,2.89207,-1.81859,-4.99997,3.91904])
1.7694572226941714
Max g: 0.3391415259492436
f_13([0.0171172,-2.83762,3.58718,4.00101,-3.21347,0.212247,0.173232,5.0,-4.66828,4.46217,-4.31889,0.449276,-0.186142,-2.59842,3.42624,-1.87405,-2.34208,4.99539,-0.230797,3.23437,-1.69152,0.508095,0.791943,0.593894,-3.59983,2.92446,4.8978,-3.22262,-1.3179,2.21062,-0.427523,0.553082,4.86376,-4.33158,-1.91437,1.39476,4.99988,-4.48688,-1.37278,0.678458,3.0276,-1.92012,-5.0,3.8845])
1.7659665788662886
Max g: 0.31057612177243255
f_14([0.016973,-2.83877,3.5868,4.00198,-3.21343,0.211247,0.173332,5.0,-4.66378,4.4726,-4.31872,0.447739,-0.188624,-2.60037,3.4229,-1.87837,-2.34473,4.99539,-0.232411,3.16754,-1.63038,0.511014,0.792788,0.594927,-3.60294,2.91887,4.89781,-3.2134,-1.63191,2.4372,-0.147892,0.36049,4.86376,-4.32844,-1.88435,1.36014,5.0,-4.48574,-1.37674,0.672084,3.16125,-2.01177,-5.0,3.84335])
1.7648695193775255
Max g: 0.2824353197840417
f_15([0.0169309,-2.83903,3.58551,4.00365,-3.21278,0.209127,0.172482,5.0,-4.65897,4.4837,-4.3187,0.447074,-0.190442,-2.60458,3.41931,-1.88055,-2.35401,4.99538,-0.233911,3.10004,-1.577,0.507083,0.789201,0.600408,-3.60378,2.91184,4.89781,-3.2052,-1.94899,2.66606,0.1145,0.185467,4.8634,-4.31835,-1.85347,1.32171,5.0,-4.48447,-1.36416,0.65035,3.29394,-2.09613,-5.0,3.79471])
1.7660663115470854
Max g: 0.2809387034468741
f_16([0.0167752,-2.83811,3.5829,4.00248,-3.2115,0.208512,0.170663,5.0,-4.65401,4.49513,-4.31875,0.446799,-0.192873,-2.6081,3.41277,-1.89305,-2.35688,4.99537,-0.234626,3.03087,-1.52664,0.504256,0.779794,0.605346,-3.60177,2.9006,4.89786,-3.19802,-2.26902,2.89619,0.362507,0.0261755,4.86299,-4.31322,-1.81783,1.28105,5.0,-4.48307,-1.34166,0.61957,3.42103,-2.17285,-4.99996,3.74609])
1.7667644403126619
Max g: 0.2809911335197629
f_17([0.0166775,-2.83883,3.58066,4.0051,-3.21215,0.20683,0.168417,5.0,-4.64872,4.50707,-4.31863,0.44682,-0.195385,-2.61027,3.40436,-1.90262,-2.36243,4.99538,-0.235141,2.95627,-1.47572,0.502871,0.76387,0.611256,-3.60171,2.88856,4.89789,-3.18418,-2.58728,3.12538,0.589189,-0.112677,4.86274,-4.31007,-1.77801,1.23647,5.0,-4.48152,-1.30848,0.580041,3.54157,-2.24089,-5.0,3.69352])
1.7716513416716977
Max g: 0.27993282569728206
f_18([0.0165433,-2.83763,3.57961,4.00673,-3.21352,0.206439,0.165171,5.0,-4.64331,4.51906,-4.31871,0.448318,-0.194956,-2.61,3.39899,-1.90471,-2.36841,4.99537,-0.23547,2.87289,-1.42204,0.49916,0.743912,0.618664,-3.60471,2.8912,4.89778,-3.18382,-2.90137,3.35064,0.794699,-0.229941,4.86219,-4.30672,-1.7341,1.18791,5.0,-4.47986,-1.27127,0.534535,3.66461,-2.30546,-4.99995,3.63513])
1.7748427874571906
Max g: 0.27750592646468264
f_19([0.0167107,-2.83806,3.58411,4.00716,-3.21275,0.205588,0.161197,5.0,-4.63775,4.52964,-4.31866,0.451899,-0.189527,-2.60807,3.40438,-1.89894,-2.36492,4.99539,-0.235066,2.78627,-1.36583,0.496809,0.723284,0.624402,-3.60477,2.90794,4.89769,-3.20217,-3.2069,3.56993,0.976496,-0.326457,4.86209,-4.3058,-1.68375,1.13608,5.0,-4.47809,-1.22664,0.485129,3.78422,-2.3658,-5.0,3.57628])
1.776139312307547
Max g: 0.27388125479703795
f_20([0.0171059,-2.83683,3.5924,4.0061,-3.21157,0.205477,0.157211,5.0,-4.63192,4.53874,-4.31861,0.458625,-0.17775,-2.60153,3.41793,-1.88545,-2.35246,4.99538,-0.234461,2.694,-1.3083,0.491283,0.700694,0.631757,-3.60339,2.95474,4.89778,-3.25059,-3.49692,3.7756,1.13419,-0.400986,4.86183,-4.30856,-1.62725,1.08079,5.0,-4.4763,-1.17478,0.429939,3.90245,-2.41976,-4.99998,3.51258])
1.774743054776394
{0.017105875907394492,-2.8368342730893232,3.59239592056326,4.006095003548473,-3.211574547657236,0.20547737093278307,0.15721054768500645,4.999999975191748,-4.6319169787036865,4.538736417259609,-4.318605074878432,0.45862459635518754,-0.17774964209479382,-2.60153113753891,3.417925459875489,-1.885449430698796,-2.3524595926932044,4.995376285665594,-0.23446076487650777,2.6940039080545906,-1.3083025223065854,0.49128333363341103,0.7006938049643411,0.6317573559408401,-3.603389702971862,2.9547358796337595,4.89777985990797,-3.2505903617527974,-3.4969231855890786,3.7756042378111805,1.1341907013473336,-0.4009864795470268,4.861825487481766,-4.308560730283545,-1.627251193715194,1.080789734375645,4.999999893304053,-4.476300329325153,-1.1747839969673697,0.4299391856706399,3.9024532299508246,-2.419764373085076,-4.999980180264232,3.512576615520559}]
Set[{A021,A031,A032,A041,A042,A043,A121,A131,A132,A141,A142,A143,B021,B031,B032,B041,B042,B043,B121,B131,B132,B141,B142,B143,\[Alpha]1,\[Alpha]2,\[Alpha]3,\[Alpha]4,\[Beta]11,\[Beta]12,\[Beta]13,\[Beta]14,\[Beta]21,\[Beta]22,\[Beta]23,\[Beta]24,\[Beta]31,\[Beta]32,\[Beta]33,\[Beta]34,\[Beta]41,\[Beta]42,\[Beta]43,\[Beta]44},{0.017105875907394492,-2.8368342730893232,3.59239592056326,4.006095003548473,-3.211574547657236,0.20547737093278307,0.15721054768500645,4.999999975191748,-4.6319169787036865,4.538736417259609,-4.318605074878432,0.45862459635518754,-0.17774964209479382,-2.60153113753891,3.417925459875489,-1.885449430698796,-2.3524595926932044,4.995376285665594,-0.23446076487650777,2.6940039080545906,-1.3083025223065854,0.49128333363341103,0.7006938049643411,0.6317573559408401,-3.603389702971862,2.9547358796337595,4.89777985990797,-3.2505903617527974,-3.4969231855890786,3.7756042378111805,1.1341907013473336,-0.4009864795470268,4.861825487481766,-4.308560730283545,-1.627251193715194,1.080789734375645,4.999999893304053,-4.476300329325153,-1.1747839969673697,0.4299391856706399,3.9024532299508246,-2.419764373085076,-4.999980180264232,3.512576615520559}]

Max g: 0.2694426381801949
f_21([0.0175831,-2.83704,3.60904,4.00594,-3.21165,0.205628,0.152407,5.0,-4.62593,4.5439,-4.31853,0.470405,-0.159674,-2.58792,3.44101,-1.86381,-2.3284,4.99539,-0.233348,2.5893,-1.24133,0.486454,0.676477,0.637326,-3.59778,3.03361,4.89791,-3.33458,-3.78259,3.97484,1.28116,-0.462169,4.8617,-4.31357,-1.56355,1.02175,5.0,-4.47452,-1.11693,0.370629,4.01898,-2.47026,-5.0,3.44656])
1.7691580246517815
Max g: 0.2635862501217929
f_22([0.0179825,-2.83386,3.62853,4.00793,-3.21222,0.204233,0.146911,5.0,-4.61968,4.54526,-4.31856,0.488938,-0.137401,-2.57171,3.47286,-1.83948,-2.29653,4.99538,-0.23249,2.47397,-1.17226,0.480638,0.642765,0.648033,-3.58936,3.1371,4.89775,-3.44834,-4.07183,4.16756,1.4245,-0.509725,4.86154,-4.31881,-1.49556,0.958029,5.0,-4.47266,-1.04777,0.301086,4.14062,-2.51145,-4.99998,3.36586])
1.7599826180184897
Max g: 0.2573815351947213
f_23([0.0185889,-2.83146,3.65079,4.00992,-3.21132,0.201277,0.139958,5.0,-4.61312,4.54586,-4.3185,0.512545,-0.115977,-2.55263,3.5029,-1.81641,-2.26659,4.9954,-0.230916,2.33243,-1.08742,0.474746,0.601146,0.660175,-3.57949,3.25157,4.89765,-3.57341,-4.37171,4.36244,1.55398,-0.534054,4.86159,-4.32617,-1.41981,0.886801,5.0,-4.4706,-0.970842,0.223023,4.27412,-2.54468,-5.0,3.26606])
1.7559933107866237
Max g: 0.24926132560541825
f_24([0.0190782,-2.82987,3.66923,4.01226,-3.21149,0.198998,0.131796,5.0,-4.6062,4.55339,-4.31847,0.534798,-0.0993149,-2.53649,3.53102,-1.79201,-2.24416,4.9954,-0.228913,2.15952,-0.979875,0.466693,0.555361,0.673973,-3.56813,3.34454,4.89757,-3.67613,-4.67805,4.55914,1.65739,-0.528529,4.8616,-4.33618,-1.33157,0.807434,5.0,-4.4682,-0.884893,0.136956,4.42051,-2.57153,-4.99995,3.14656])
1.7622764696768127
Max g: 0.2424091077703303
f_25([0.0195687,-2.82831,3.68489,4.01553,-3.21232,0.196786,0.121803,5.0,-4.59889,4.56964,-4.3185,0.558272,-0.0852261,-2.52308,3.55081,-1.77981,-2.22376,4.99542,-0.225985,1.93286,-0.833987,0.458887,0.501214,0.688277,-3.55848,3.42291,4.89749,-3.76336,-4.98585,4.74995,1.72759,-0.483424,4.86167,-4.35197,-1.22983,0.718754,5.0,-4.46574,-0.784702,0.0381062,4.58887,-2.58513,-4.99999,2.99113])
1.7840181940904825
Max g: 0.2456691018135817
f_26([0.019595,-2.82744,3.69843,4.01807,-3.21211,0.193951,0.112247,5.0,-4.59088,4.59414,-4.31822,0.583738,-0.073697,-2.51362,3.56752,-1.76576,-2.21305,4.9954,-0.220856,1.64241,-0.628986,0.455934,0.458069,0.687115,-3.54864,3.48301,4.89751,-3.83371,-5.0,4.75169,1.61628,-0.346059,4.86193,-4.38241,-1.0997,0.619643,5.0,-4.46306,-0.673345,-0.0645067,4.76859,-2.59121,-5.0,2.81814])
1.8240109990899394
Max g: 0.24532042549088806
f_27([0.0199827,-2.82809,3.71411,4.01989,-3.21226,0.192182,0.0987198,5.0,-4.58287,4.63656,-4.3181,0.616372,-0.0603834,-2.50488,3.58498,-1.7601,-2.19528,4.9954,-0.213985,1.24934,-0.350489,0.445373,0.412259,0.685727,-3.53982,3.55224,4.89738,-3.91142,-5.0,4.72572,1.4609,-0.166912,4.86216,-4.42578,-0.944107,0.507323,5.0,-4.46017,-0.538905,-0.184435,4.99476,-2.56848,-5.0,2.56825])
1.8950206678171544
Max g: 0.24299332248437022
f_28([0.0201089,-2.82691,3.73284,4.02551,-3.21198,0.186358,0.0822852,5.0,-4.57474,4.67343,-4.31801,0.644591,-0.0440158,-2.49442,3.60363,-1.74692,-2.18513,4.99539,-0.2037,0.755977,0.0224633,0.440216,0.40222,0.631586,-3.5246,3.6372,4.8973,-4.01061,-4.99998,4.72202,1.27967,0.0123947,4.86202,-4.51574,-0.735567,0.392177,5.0,-4.45709,-0.396853,-0.304403,5.0,-2.35369,-5.0,2.34009])
1.9933570910826517
Max g: 0.2189929661714486
f_29([0.0200193,-2.82424,3.74692,4.02924,-3.21035,0.181097,0.073337,5.0,-4.57076,4.67425,-4.31826,0.644003,-0.0316667,-2.48817,3.61586,-1.73974,-2.18025,4.9954,-0.191955,0.350377,0.369946,0.444585,0.467534,0.516224,-3.51276,3.70712,4.89723,-4.09317,-4.99999,4.78509,1.09487,0.129279,4.86166,-4.65309,-0.501023,0.301587,5.0,-4.4544,-0.298883,-0.377089,4.93886,-2.203,-4.99998,2.26791])
2.0689544631265124
Max g: 0.18387302145423723
f_30([0.0199661,-2.82025,3.75344,4.03425,-3.21083,0.176238,0.0707046,4.99999,-4.5688,4.67473,-4.31814,0.643417,-0.0231413,-2.48613,3.62427,-1.74068,-2.17363,4.9954,-0.182688,0.10815,0.582769,0.448631,0.512183,0.441371,-3.5038,3.75186,4.89733,-4.14654,-4.99995,4.8606,0.944308,0.203949,4.86074,-4.77536,-0.309349,0.237894,5.0,-4.45233,-0.240761,-0.415506,4.81866,-2.0569,-5.0,2.24259])
2.1129365753578355
{0.01996608693945096,-2.8202529910429925,3.7534413776330946,4.034245896610264,-3.210830282042276,0.1762384529471876,0.07070463212304844,4.999986688801331,-4.568801058892632,4.674727489765641,-4.3181443903435115,0.6434169005777876,-0.023141340019798826,-2.48613134457466,3.6242661903581403,-1.7406795892928546,-2.173633007357505,4.995395119280425,-0.18268802157414313,0.10815013984394978,0.582769142646476,0.44863061857621517,0.5121834889914438,0.44137098927252505,-3.5037983521344507,3.751864937525629,4.897327639883903,-4.146535710093373,-4.999952685453356,4.86059731593032,0.9443079392122196,0.2039493735780556,4.860739152918208,-4.7753591949151115,-0.309348753265383,0.23789370529037618,5.0,-4.452334837342079,-0.24076083294075323,-0.4155064426686135,4.818661012069672,-2.05690253642376,-4.999999999999977,2.2425909045838788}]
Set[{A021,A031,A032,A041,A042,A043,A121,A131,A132,A141,A142,A143,B021,B031,B032,B041,B042,B043,B121,B131,B132,B141,B142,B143,\[Alpha]1,\[Alpha]2,\[Alpha]3,\[Alpha]4,\[Beta]11,\[Beta]12,\[Beta]13,\[Beta]14,\[Beta]21,\[Beta]22,\[Beta]23,\[Beta]24,\[Beta]31,\[Beta]32,\[Beta]33,\[Beta]34,\[Beta]41,\[Beta]42,\[Beta]43,\[Beta]44},{0.01996608693945096,-2.8202529910429925,3.7534413776330946,4.034245896610264,-3.210830282042276,0.1762384529471876,0.07070463212304844,4.999986688801331,-4.568801058892632,4.674727489765641,-4.3181443903435115,0.6434169005777876,-0.023141340019798826,-2.48613134457466,3.6242661903581403,-1.7406795892928546,-2.173633007357505,4.995395119280425,-0.18268802157414313,0.10815013984394978,0.582769142646476,0.44863061857621517,0.5121834889914438,0.44137098927252505,-3.5037983521344507,3.751864937525629,4.897327639883903,-4.146535710093373,-4.999952685453356,4.86059731593032,0.9443079392122196,0.2039493735780556,4.860739152918208,-4.7753591949151115,-0.309348753265383,0.23789370529037618,5.0,-4.452334837342079,-0.24076083294075323,-0.4155064426686135,4.818661012069672,-2.05690253642376,-4.999999999999977,2.2425909045838788}]

Max g: 0.16588024915961497
f_31([0.0161344,-2.82394,3.76854,4.06648,-3.20164,0.135131,0.0674442,4.99597,-4.56491,4.61802,-4.24267,0.624636,-0.0147604,-2.47226,3.64231,-1.74108,-2.13972,4.99588,-0.17316,-0.0784092,0.748445,0.530399,0.485351,0.35248,-3.52184,3.80964,4.89718,-4.18692,-4.99997,4.95362,0.769199,0.275624,4.86422,-4.90096,-0.147632,0.193128,4.99996,-4.40067,-0.206964,-0.448361,4.64235,-1.9057,-5.0,2.26725])
2.2000032056933114
Max g: 0.16563204814648047
f_32([0.0159145,-2.82192,3.78695,4.07785,-3.20136,0.123244,0.0640043,5.0,-4.56368,4.62333,-4.24242,0.619093,0.000960287,-2.4611,3.65802,-1.73097,-2.13096,4.99588,-0.167595,-0.247108,0.887181,0.532154,0.497881,0.310373,-3.50437,3.8966,4.89699,-4.28972,-4.99452,4.99999,0.641172,0.342635,4.85992,-5.0,0.103676,0.0917897,5.0,-4.39763,-0.161725,-0.484758,4.28412,-1.53502,-4.99999,2.25248])
2.2527617938347393
Max g: 0.16320939268195844
f_33([0.015256,-2.82236,3.79846,4.08326,-3.20027,0.116975,0.0643092,5.0,-4.56324,4.6224,-4.24223,0.619824,0.00969617,-2.45938,3.67055,-1.73023,-2.12114,4.99585,-0.167561,-0.230582,0.860692,0.530897,0.474938,0.322593,-3.49154,3.93411,4.89736,-4.34046,-4.95063,4.99999,0.583982,0.366961,4.85193,-5.0,0.115811,0.0843159,5.0,-4.34854,-0.21098,-0.47384,4.05673,-1.30939,-4.99999,2.25492])
2.269915814931763
Max g: 0.15436426121291746
f_34([0.0151885,-2.82237,3.8049,4.08399,-3.20017,0.116153,0.0634174,5.0,-4.56251,4.62346,-4.24214,0.618675,0.0145269,-2.4562,3.67507,-1.72836,-2.11804,4.99586,-0.168394,-0.220046,0.839388,0.528781,0.456244,0.33344,-3.48576,3.96049,4.89733,-4.3725,-4.96344,5.0,0.588853,0.374517,4.84561,-5.0,0.111174,0.0882538,5.0,-4.34785,-0.206314,-0.482187,3.89731,-1.14379,-5.0,2.24874])
2.2811856078617847
Max g: 0.15182610144520536
f_35([0.015249,-2.82314,3.80918,4.0858,-3.20066,0.114857,0.0618003,5.0,-4.56183,4.62389,-4.24197,0.618079,0.0173375,-2.4532,3.67474,-1.72461,-2.12086,4.99587,-0.170168,-0.219403,0.827334,0.528126,0.439909,0.34047,-3.48325,3.97474,4.8974,-4.38964,-4.97801,5.0,0.596313,0.382382,4.84044,-5.0,0.108094,0.0901085,5.0,-4.29935,-0.252083,-0.476682,3.75223,-0.990226,-5.0,2.24033])
2.295447381215706
Max g: 0.1471627802627543
f_36([0.0151614,-2.82325,3.81163,4.08572,-3.20051,0.114737,0.0609608,5.0,-4.56125,4.62413,-4.24199,0.617863,0.0188968,-2.45205,3.67594,-1.72306,-2.12115,4.99587,-0.170974,-0.206889,0.807698,0.525222,0.426297,0.350486,-3.48127,3.98493,4.89739,-4.40121,-4.99692,5.0,0.61395,0.38317,4.83666,-5.0,0.10338,0.0930045,5.0,-4.29904,-0.250543,-0.481676,3.6373,-0.871748,-5.0,2.23659])
2.301930005467488
Max g: 0.146324755067188
f_37([0.0152569,-2.82328,3.81246,4.08556,-3.20043,0.114839,0.0605579,5.0,-4.56083,4.62441,-4.24199,0.617586,0.0195612,-2.4518,3.67669,-1.72317,-2.12039,4.99587,-0.171214,-0.205851,0.802001,0.524158,0.419253,0.354067,-3.4804,3.98834,4.89739,-4.4054,-5.0,5.0,0.613618,0.387201,4.83428,-5.0,0.103069,0.0938851,5.0,-4.29882,-0.24727,-0.485992,3.56292,-0.795621,-5.0,2.23482])
2.306816906826524
Max g: 0.1450863398811807
f_38([0.0113488,-2.82454,3.81785,4.08257,-3.19996,0.11736,0.0604611,5.0,-4.5606,4.6273,-4.24201,0.614708,0.020255,-2.45153,3.67863,-1.71186,-2.12957,4.99573,-0.171198,-0.206085,0.80014,0.525496,0.414926,0.355143,-3.48513,3.99757,4.89669,-4.40927,-4.99999,5.0,0.610876,0.38973,4.83298,-5.0,0.104725,0.093761,5.0,-4.29856,-0.246078,-0.487675,3.5355,-0.766948,-5.0,2.23368])
1.8158329192646139
Max g: 0.1443025848312809
f_39([0.0132625,-2.82497,3.81806,4.08296,-3.20049,0.117286,0.0597231,5.0,-4.5598,4.62784,-4.24198,0.614146,0.0214839,-2.45079,3.67843,-1.71043,-2.1313,4.99572,-0.171394,-0.218848,0.804665,0.52489,0.407824,0.354568,-3.48372,4.00351,4.89669,-4.41687,-5.0,4.99999,0.601645,0.39966,4.82902,-5.0,0.105933,0.0943004,5.0,-4.29815,-0.237967,-0.496454,3.40388,-0.633117,-5.0,2.23148])
1.9773001294743908
Max g: 0.14209316356743784
f_40([0.0164382,-2.82488,3.81647,4.0827,-3.20089,0.117786,0.0591556,5.0,-4.5589,4.62873,-4.24198,0.61325,0.0224282,-2.45021,3.67859,-1.70976,-2.13188,4.99572,-0.171478,-0.23594,0.813527,0.524088,0.402705,0.35247,-3.48196,4.00817,4.89677,-4.42305,-4.99998,4.99999,0.591856,0.409565,4.82513,-5.0,0.10846,0.0947085,4.99999,-4.29778,-0.229424,-0.505222,3.27564,-0.502436,-5.0,2.22872])
2.299436688447572
{0.016438221632687395,-2.8248843092124125,3.8164681318706286,4.082701373057049,-3.2008911408247642,0.11778561167364755,0.059155609681124495,4.999999707012106,-4.558903230716905,4.628732054198312,-4.241981367678281,0.6132501431539175,0.02242820535301595,-2.4502067970410266,3.678593100659727,-1.7097638406004827,-2.1318782408389922,4.995723686310241,-0.17147783866452704,-0.23593961283065176,0.813527147741798,0.5240876680361761,0.40270492058026774,0.35247023194072513,-3.4819621179787625,4.008165396830894,4.896768974648193,-4.423045547848589,-4.999978430716587,4.99999163238001,0.5918557400875092,0.4095652683969135,4.825125302332251,-4.999998911328268,0.10845954077795751,0.09470854397074085,4.999993633548316,-4.297778513626534,-0.2294242619714902,-0.5052218179366308,3.2756362786485864,-0.5024358912540481,-4.9999999967301045,2.228717202710359}]
Set[{A021,A031,A032,A041,A042,A043,A121,A131,A132,A141,A142,A143,B021,B031,B032,B041,B042,B043,B121,B131,B132,B141,B142,B143,\[Alpha]1,\[Alpha]2,\[Alpha]3,\[Alpha]4,\[Beta]11,\[Beta]12,\[Beta]13,\[Beta]14,\[Beta]21,\[Beta]22,\[Beta]23,\[Beta]24,\[Beta]31,\[Beta]32,\[Beta]33,\[Beta]34,\[Beta]41,\[Beta]42,\[Beta]43,\[Beta]44},{0.016438221632687395,-2.8248843092124125,3.8164681318706286,4.082701373057049,-3.2008911408247642,0.11778561167364755,0.059155609681124495,4.999999707012106,-4.558903230716905,4.628732054198312,-4.241981367678281,0.6132501431539175,0.02242820535301595,-2.4502067970410266,3.678593100659727,-1.7097638406004827,-2.1318782408389922,4.995723686310241,-0.17147783866452704,-0.23593961283065176,0.813527147741798,0.5240876680361761,0.40270492058026774,0.35247023194072513,-3.4819621179787625,4.008165396830894,4.896768974648193,-4.423045547848589,-4.999978430716587,4.99999163238001,0.5918557400875092,0.4095652683969135,4.825125302332251,-4.999998911328268,0.10845954077795751,0.09470854397074085,4.999993633548316,-4.297778513626534,-0.2294242619714902,-0.5052218179366308,3.2756362786485864,-0.5024358912540481,-4.9999999967301045,2.228717202710359}]

Max g: 0.1393418211137223
f_41([0.0163049,-2.82494,3.8185,4.08337,-3.20152,0.118041,0.0585587,5.0,-4.55815,4.62903,-4.24202,0.612988,0.0237217,-2.44994,3.68022,-1.71005,-2.13037,4.99573,-0.171541,-0.250475,0.821554,0.523269,0.399447,0.349869,-3.48037,4.01465,4.89672,-4.43107,-5.0,5.0,0.583094,0.418184,4.82209,-5.0,0.110304,0.0950592,5.0,-4.29745,-0.222788,-0.512394,3.17547,-0.400989,-5.0,2.22735])
2.3151944520134426
Max g: 0.13751337547829112
f_42([0.0164295,-2.82497,3.81934,4.08335,-3.20156,0.118181,0.0582652,5.0,-4.55769,4.62921,-4.24203,0.612813,0.0243909,-2.44963,3.68065,-1.70993,-2.13018,4.99573,-0.171582,-0.258918,0.826285,0.522946,0.397573,0.348326,-3.47953,4.01801,4.89671,-4.4353,-5.0,5.0,0.578273,0.422964,4.82031,-5.0,0.111328,0.0952472,5.0,-4.29724,-0.218794,-0.516553,3.1178,-0.342539,-5.0,2.22654])
2.3154936500558323
Max g: 0.13629130427429303
f_43([0.0164061,-2.82492,3.81955,4.08337,-3.20155,0.118165,0.0581865,5.0,-4.55757,4.62922,-4.24203,0.612812,0.024563,-2.44954,3.68076,-1.70987,-2.13014,4.99573,-0.171591,-0.261076,0.8275,0.52285,0.397112,0.347933,-3.47932,4.01889,4.89671,-4.4364,-5.0,5.0,0.577011,0.424188,4.81985,-5.0,0.111618,0.0952689,5.0,-4.29719,-0.217809,-0.517588,3.10298,-0.327536,-5.0,2.22634])
2.3174883036717655
Max g: 0.1360074656575756
f_44([0.0164051,-2.82492,3.81958,4.08336,-3.20155,0.118168,0.0581688,5.0,-4.55754,4.62922,-4.24203,0.612805,0.024598,-2.44953,3.68079,-1.70986,-2.13015,4.99573,-0.171595,-0.261507,0.827747,0.522833,0.397019,0.347854,-3.47927,4.01907,4.89671,-4.43662,-5.0,5.0,0.576767,0.424429,4.81976,-5.0,0.111676,0.0952778,5.0,-4.29717,-0.217611,-0.517797,3.10004,-0.32456,-5.0,2.22631])
2.3177875017141556
Max g: 0.13595793783296695
f_45([0.0253032,-2.82557,3.81379,4.10554,-3.20209,0.0964524,0.0578845,5.0,-4.55739,4.63613,-4.24168,0.605552,0.0260803,-2.45091,3.69266,-1.70729,-2.12077,4.99556,-0.171523,-0.27556,0.837841,0.521183,0.398523,0.34442,-3.47564,4.02033,4.89646,-4.44106,-4.99993,5.0,0.570271,0.429893,4.81906,-4.99999,0.109239,0.0969347,5.0,-4.29717,-0.212918,-0.52207,3.05125,-0.273426,-5.0,2.22397])
1.8021695419954729
Max g: 0.1349522447567726
f_46([0.0259879,-2.82567,3.81451,4.10565,-3.20234,0.0963763,0.0572524,5.0,-4.55641,4.63565,-4.24172,0.606067,0.0271709,-2.45041,3.69308,-1.70882,-2.11906,4.99555,-0.171621,-0.288598,0.843753,0.520689,0.393124,0.343021,-3.47461,4.02595,4.89646,-4.44789,-4.99997,5.0,0.561859,0.43883,4.81568,-5.0,0.112917,0.0965122,5.0,-4.29673,-0.20556,-0.529892,2.93386,-0.155208,-5.0,2.223])
1.7875088379183652
Max g: 0.1329248858806602
f_47([0.0265911,-2.82513,3.81531,4.10656,-3.20271,0.0960652,0.056708,5.0,-4.55551,4.63576,-4.24169,0.605935,0.0284796,-2.44959,3.69426,-1.70868,-2.1179,4.99555,-0.171719,-0.302885,0.851662,0.520311,0.389934,0.340145,-3.4713,4.03069,4.89647,-4.45597,-4.99999,5.0,0.553255,0.447183,4.81255,-5.0,0.115555,0.0963452,5.0,-4.29629,-0.198811,-0.537092,2.82902,-0.0494672,-5.0,2.22208])
1.7753414508611738
Max g: 0.1309051045168348
f_48([0.0267683,-2.82497,3.81601,4.10663,-3.20274,0.0961014,0.0563027,5.0,-4.5548,4.63593,-4.2417,0.605765,0.0291892,-2.44938,3.69483,-1.70845,-2.1178,4.99555,-0.171772,-0.313418,0.857567,0.519703,0.387799,0.338104,-3.4705,4.03456,4.89647,-4.46063,-5.0,5.0,0.546786,0.453413,4.81017,-5.0,0.117348,0.0963355,5.0,-4.29598,-0.193624,-0.542462,2.75169,0.0282269,-5.0,2.22166])
1.7746433220955973
Max g: 0.12946236964682467
f_49([0.0269131,-2.82492,3.81653,4.10667,-3.20274,0.0960549,0.05603,5.0,-4.55431,4.63607,-4.24169,0.605618,0.0297427,-2.44914,3.69528,-1.70816,-2.11773,4.99555,-0.1718,-0.320634,0.861636,0.51938,0.386337,0.336622,-3.46988,4.03738,4.89647,-4.46407,-5.0,5.0,0.542438,0.457605,4.80855,-5.0,0.118525,0.0963808,5.0,-4.29577,-0.190025,-0.546157,2.69908,0.0809487,-5.0,2.22153])
1.7726486684796643
Max g: 0.12845848045562291
f_50([0.0270445,-2.8249,3.81699,4.10671,-3.20274,0.0960229,0.0558001,5.0,-4.5539,4.6362,-4.24169,0.605486,0.030228,-2.44893,3.69573,-1.70794,-2.11755,4.99555,-0.171831,-0.326418,0.864857,0.519083,0.385123,0.335472,-3.46929,4.03978,4.89647,-4.46705,-5.0,5.0,0.53888,0.461065,4.80721,-5.0,0.119457,0.0964198,5.0,-4.29559,-0.187194,-0.549121,2.65584,0.124264,-5.0,2.22144])
1.7709532129061212
{0.02704447726211226,-2.824900997871073,3.8169900433373516,4.106705241987495,-3.202742300459024,0.0960229083693178,0.05580012450758245,5.0,-4.5538958949903,4.63620455093105,-4.241690805093449,0.6054862541624024,0.030227980775848085,-2.4489278349450996,3.695734314182006,-1.7079422823123158,-2.117550459536738,4.995549016123152,-0.17183088074895525,-0.3264175673972222,0.8648570667951421,0.5190832515554725,0.38512287921848165,0.33547178603113914,-3.4692879217588586,4.039784242133659,4.896467087309118,-4.467051396807584,-4.999999963985514,5.0,0.5388804718648477,0.4610650201925755,4.807211500006455,-5.0,0.11945670863326653,0.09641978258778353,5.0,-4.29558554628665,-0.18719400963341043,-0.5491213971277037,2.6558376713018355,0.12426351482701883,-5.0,2.2214381091542315}]
Set[{A021,A031,A032,A041,A042,A043,A121,A131,A132,A141,A142,A143,B021,B031,B032,B041,B042,B043,B121,B131,B132,B141,B142,B143,\[Alpha]1,\[Alpha]2,\[Alpha]3,\[Alpha]4,\[Beta]11,\[Beta]12,\[Beta]13,\[Beta]14,\[Beta]21,\[Beta]22,\[Beta]23,\[Beta]24,\[Beta]31,\[Beta]32,\[Beta]33,\[Beta]34,\[Beta]41,\[Beta]42,\[Beta]43,\[Beta]44},{0.02704447726211226,-2.824900997871073,3.8169900433373516,4.106705241987495,-3.202742300459024,0.0960229083693178,0.05580012450758245,5.0,-4.5538958949903,4.63620455093105,-4.241690805093449,0.6054862541624024,0.030227980775848085,-2.4489278349450996,3.695734314182006,-1.7079422823123158,-2.117550459536738,4.995549016123152,-0.17183088074895525,-0.3264175673972222,0.8648570667951421,0.5190832515554725,0.38512287921848165,0.33547178603113914,-3.4692879217588586,4.039784242133659,4.896467087309118,-4.467051396807584,-4.999999963985514,5.0,0.5388804718648477,0.4610650201925755,4.807211500006455,-5.0,0.11945670863326653,0.09641978258778353,5.0,-4.29558554628665,-0.18719400963341043,-0.5491213971277037,2.6558376713018355,0.12426351482701883,-5.0,2.2214381091542315}]

Max g: 0.127676378425838
f_51([0.0270743,-2.82486,3.81726,4.10671,-3.20274,0.0959973,0.0556877,5.0,-4.55367,4.63626,-4.24169,0.605433,0.0305028,-2.44879,3.69597,-1.70785,-2.11742,4.99555,-0.171838,-0.329543,0.86658,0.518939,0.384433,0.334844,-3.469,4.0412,4.89647,-4.46876,-4.99999,5.0,0.536911,0.462968,4.80648,-5.0,0.119985,0.0964387,5.0,-4.29549,-0.185609,-0.55076,2.63213,0.148005,-5.0,2.2214])
1.7711526782677145
Max g: 0.12719082403856152
f_52([0.027104,-2.82482,3.81755,4.1067,-3.20275,0.0960299,0.0555603,5.0,-4.55344,4.63633,-4.24169,0.605358,0.0307805,-2.44866,3.6962,-1.70775,-2.11733,4.99555,-0.171856,-0.332671,0.868323,0.518832,0.383741,0.334202,-3.46869,4.04261,4.89647,-4.4705,-4.99985,5.0,0.53484,0.464863,4.80575,-5.0,0.1205,0.0964659,5.0,-4.29539,-0.18405,-0.552382,2.60851,0.171618,-5.0,2.22139])
1.7716513416716977
Max g: 0.126774958542337
f_53([0.0269113,-2.82472,3.81793,4.10676,-3.20278,0.0960063,0.0554548,5.0,-4.55323,4.63637,-4.24168,0.60531,0.031051,-2.4485,3.69648,-1.70756,-2.11721,4.99555,-0.171866,-0.335535,0.869948,0.518706,0.383177,0.333591,-3.46834,4.0439,4.89647,-4.47212,-4.99952,5.0,0.532725,0.466645,4.80509,-5.0,0.12093,0.0965015,5.0,-4.29529,-0.182634,-0.553843,2.58722,0.192872,-5.0,2.22142])
1.7763387776691404
Max g: 0.12636568497018186
f_54([0.0269169,-2.82471,3.81809,4.10675,-3.20278,0.0960162,0.0553971,5.0,-4.55311,4.6364,-4.24168,0.605279,0.031192,-2.44844,3.69659,-1.70753,-2.11715,4.99555,-0.171868,-0.337113,0.870838,0.518638,0.382851,0.333263,-3.46819,4.04462,4.89646,-4.47299,-4.99936,5.0,0.531587,0.467618,4.80473,-5.0,0.121198,0.0965182,5.0,-4.29524,-0.181835,-0.554661,2.57545,0.204627,-5.0,2.22142])
1.7765382430307337
Max g: 0.12613482517288765
f_55([0.0269578,-2.82469,3.81821,4.10674,-3.20279,0.0960219,0.05534,5.0,-4.55299,4.63645,-4.24168,0.605233,0.0313418,-2.44837,3.6967,-1.70748,-2.1171,4.99555,-0.171873,-0.338702,0.871737,0.51856,0.382535,0.332932,-3.46802,4.04536,4.89646,-4.4739,-4.99916,5.0,0.530381,0.468625,4.80436,-5.0,0.121461,0.0965297,5.0,-4.29519,-0.181072,-0.555464,2.56359,0.216459,-5.0,2.22144])
1.7762390449883436
Max g: 0.12589957057959422
f_56([0.0269833,-2.82468,3.81837,4.10676,-3.20278,0.0959925,0.0552839,5.0,-4.55287,4.63648,-4.24168,0.6052,0.0314882,-2.44831,3.69683,-1.7074,-2.11709,4.99555,-0.171875,-0.340261,0.872615,0.518481,0.382224,0.332611,-3.46785,4.04613,4.89646,-4.47483,-4.99893,5.0,0.529178,0.469605,4.80399,-5.0,0.12172,0.0965481,5.0,-4.29514,-0.18027,-0.556279,2.55181,0.228235,-5.0,2.22145])
1.776139312307547
Max g: 0.12566511141744474
f_57([0.0269991,-2.82467,3.81852,4.10675,-3.20277,0.0959921,0.0552254,5.0,-4.55276,4.63654,-4.24168,0.605146,0.0316396,-2.44826,3.69695,-1.70734,-2.11705,4.99555,-0.171884,-0.341868,0.873531,0.518423,0.381916,0.332252,-3.46768,4.04691,4.89646,-4.47579,-4.99873,5.0,0.527969,0.470612,4.80363,-5.0,0.121978,0.0965613,5.0,-4.29509,-0.179475,-0.557094,2.53997,0.24005,-5.0,2.22147])
1.776139312307547
Max g: 0.12543850423376324
f_58([0.0270215,-2.82465,3.81865,4.10675,-3.20277,0.0959985,0.0551859,5.0,-4.55266,4.63657,-4.24168,0.605109,0.0317622,-2.4482,3.69705,-1.70731,-2.117,4.99555,-0.171882,-0.343129,0.87426,0.518375,0.381682,0.331975,-3.46754,4.04751,4.89646,-4.47655,-4.99855,5.0,0.526995,0.471396,4.80334,-5.0,0.122174,0.0965753,5.0,-4.29505,-0.17886,-0.557726,2.53074,0.249244,-5.0,2.22149])
1.7760395796267503
Max g: 0.1252369850083629
f_59([0.0269919,-2.82463,3.81874,4.10676,-3.20277,0.0959946,0.055154,5.0,-4.5526,4.63659,-4.24168,0.60509,0.0318394,-2.44817,3.69711,-1.7073,-2.11697,4.99555,-0.171883,-0.343921,0.874717,0.518342,0.381537,0.331798,-3.46745,4.0479,4.89646,-4.47703,-4.99843,5.0,0.526376,0.471894,4.80316,-5.0,0.1223,0.0965856,5.0,-4.29502,-0.17847,-0.558126,2.52496,0.255003,-5.0,2.2215])
1.7772363717963102
Max g: 0.12514002616824293
f_60([0.026982,-2.82462,3.81879,4.10677,-3.20278,0.0959786,0.0551373,5.0,-4.55257,4.6366,-4.24168,0.60508,0.0318823,-2.44814,3.69715,-1.70731,-2.11692,4.99555,-0.171884,-0.344351,0.874971,0.518323,0.381465,0.331705,-3.46741,4.04812,4.89646,-4.47729,-4.99835,5.0,0.526036,0.472154,4.80307,-5.0,0.12236,0.0965897,5.0,-4.29501,-0.178263,-0.558334,2.5219,0.258058,-5.0,2.22151])
1.7775355698387
{0.026982044953126217,-2.8246157625621553,3.8187941307916557,4.106772780549794,-3.2027771848624713,0.09597857496208016,0.05513728278113818,5.0,-4.552573832344298,4.636603212000919,-4.241682743259706,0.6050795312587893,0.03188229235817249,-2.44814432978183,3.697148278924344,-1.7073061756933858,-2.1169205887104865,4.995549551826009,-0.17188413499328709,-0.34435125954752643,0.8749705687219029,0.5183225810201779,0.38146493116096364,0.33170480467258534,-3.4674065203487663,4.04811953818795,4.896462328476097,-4.477286996080654,-4.998350727207018,5.0,0.5260357010063599,0.4721536265248563,4.8030671898764,-5.0,0.12236032859060215,0.09658973638608725,5.0,-4.295007294051586,-0.17826288348336022,-0.5583341713830977,2.521897990721088,0.25805845618259954,-5.0,2.221508150849437}]
Set[{A021,A031,A032,A041,A042,A043,A121,A131,A132,A141,A142,A143,B021,B031,B032,B041,B042,B043,B121,B131,B132,B141,B142,B143,\[Alpha]1,\[Alpha]2,\[Alpha]3,\[Alpha]4,\[Beta]11,\[Beta]12,\[Beta]13,\[Beta]14,\[Beta]21,\[Beta]22,\[Beta]23,\[Beta]24,\[Beta]31,\[Beta]32,\[Beta]33,\[Beta]34,\[Beta]41,\[Beta]42,\[Beta]43,\[Beta]44},{0.026982044953126217,-2.8246157625621553,3.8187941307916557,4.106772780549794,-3.2027771848624713,0.09597857496208016,0.05513728278113818,5.0,-4.552573832344298,4.636603212000919,-4.241682743259706,0.6050795312587893,0.03188229235817249,-2.44814432978183,3.697148278924344,-1.7073061756933858,-2.1169205887104865,4.995549551826009,-0.17188413499328709,-0.34435125954752643,0.8749705687219029,0.5183225810201779,0.38146493116096364,0.33170480467258534,-3.4674065203487663,4.04811953818795,4.896462328476097,-4.477286996080654,-4.998350727207018,5.0,0.5260357010063599,0.4721536265248563,4.8030671898764,-5.0,0.12236032859060215,0.09658973638608725,5.0,-4.295007294051586,-0.17826288348336022,-0.5583341713830977,2.521897990721088,0.25805845618259954,-5.0,2.221508150849437}]

Max g: 0.12509131810551288
f_61([0.026989,-2.82461,3.81882,4.10677,-3.20278,0.0959809,0.0551273,5.0,-4.55255,4.63661,-4.24168,0.605071,0.031917,-2.44813,3.69718,-1.70729,-2.11691,4.99555,-0.171885,-0.344703,0.875174,0.518309,0.381403,0.331623,-3.46737,4.0483,4.89646,-4.47751,-4.9983,5.0,0.525764,0.472377,4.80299,-5.0,0.122417,0.0965939,5.0,-4.295,-0.178088,-0.558514,2.51933,0.260624,-5.0,2.22152])
1.7774358371579035
Max g: 0.12502830630888884
f_62([0.0269927,-2.8246,3.81885,4.10677,-3.20278,0.0959811,0.0551194,5.0,-4.55253,4.63662,-4.24168,0.605063,0.0319406,-2.44812,3.69719,-1.70728,-2.11691,4.99555,-0.171884,-0.344938,0.87531,0.518299,0.381362,0.331571,-3.46734,4.04841,4.89646,-4.47765,-4.99827,5.0,0.525585,0.472522,4.80293,-5.0,0.122457,0.0965966,5.0,-4.29499,-0.177978,-0.558631,2.51761,0.262338,-5.0,2.22152])
1.7774358371579035
Max g: 0.1249925495592934
f_63([0.0269934,-2.8246,3.81887,4.10677,-3.20278,0.0959819,0.0551134,5.0,-4.55252,4.63663,-4.24168,0.605057,0.031958,-2.44811,3.69721,-1.70728,-2.1169,4.99555,-0.171885,-0.345113,0.875412,0.518291,0.381333,0.331531,-3.46732,4.0485,4.89646,-4.47776,-4.99824,5.0,0.525448,0.47263,4.80289,-5.0,0.122485,0.0965984,5.0,-4.29498,-0.177893,-0.558716,2.51634,0.263607,-5.0,2.22152])
1.7774358371579035
Max g: 0.12496890713145037
f_64([0.0269939,-2.8246,3.81889,4.10677,-3.20278,0.0959822,0.0551075,5.0,-4.55251,4.63663,-4.24168,0.605052,0.0319741,-2.4481,3.69722,-1.70727,-2.1169,4.99555,-0.171885,-0.345279,0.875507,0.518286,0.3813,0.331494,-3.4673,4.04859,4.89646,-4.47786,-4.99822,5.0,0.525321,0.472734,4.80286,-5.0,0.122512,0.0966002,5.0,-4.29498,-0.177812,-0.5588,2.51513,0.264818,-5.0,2.22152])
1.7775355698387
Max g: 0.12494493382085992
f_65([0.0269443,-2.82461,3.81892,4.10674,-3.20277,0.0959786,0.0551028,5.0,-4.5525,4.63664,-4.24168,0.605044,0.0319886,-2.44809,3.69723,-1.70729,-2.11686,4.99555,-0.171887,-0.345373,0.875578,0.518303,0.381286,0.331447,-3.46729,4.04862,4.89646,-4.47793,-4.99822,5.0,0.525202,0.472829,4.80284,-5.0,0.122531,0.0966021,5.0,-4.29497,-0.177788,-0.558834,2.51442,0.265498,-5.0,2.22159])
1.7785328966466667
Max g: 0.12494064289286544
f_66([0.0269448,-2.82461,3.81894,4.10675,-3.20277,0.0959776,0.0551005,5.0,-4.55249,4.63664,-4.24168,0.605039,0.0319964,-2.44809,3.69724,-1.70728,-2.11686,4.99555,-0.171886,-0.345477,0.875631,0.5183,0.381264,0.331425,-3.46728,4.04868,4.89646,-4.47798,-4.99819,5.0,0.525134,0.472873,4.80281,-5.0,0.122546,0.0966028,5.0,-4.29497,-0.177734,-0.558891,2.51366,0.26624,-5.0,2.22157])
1.7785328966466667
Max g: 0.12491684447107254
f_67([0.0269416,-2.82461,3.81896,4.10675,-3.20277,0.0959775,0.0550971,5.0,-4.55248,4.63665,-4.24168,0.605035,0.0320058,-2.44808,3.69725,-1.70728,-2.11685,4.99555,-0.171886,-0.34558,0.875689,0.518296,0.381241,0.331409,-3.46727,4.04873,4.89646,-4.47805,-4.99817,5.0,0.525059,0.472932,4.80279,-5.0,0.122564,0.0966033,5.0,-4.29497,-0.177681,-0.558941,2.51292,0.266987,-5.0,2.22156])
1.7786326293274632
Max g: 0.12490340594272487
f_68([0.0269408,-2.8246,3.81896,4.10676,-3.20278,0.0959711,0.0550937,5.0,-4.55248,4.63665,-4.24168,0.605032,0.0320154,-2.44808,3.69726,-1.70727,-2.11686,4.99555,-0.171887,-0.345665,0.875724,0.518293,0.381216,0.331394,-3.46725,4.04878,4.89646,-4.47811,-4.99816,5.0,0.524978,0.473003,4.80277,-5.0,0.122578,0.0965979,5.0,-4.29496,-0.177642,-0.558985,2.5122,0.267731,-5.0,2.22153])
1.7786326293274632
Max g: 0.12489122835320932
f_69([0.0269412,-2.8246,3.81897,4.10676,-3.20277,0.0959719,0.0550906,5.0,-4.55247,4.63665,-4.24168,0.60503,0.0320216,-2.44808,3.69727,-1.70727,-2.11686,4.99555,-0.171887,-0.345737,0.875768,0.518289,0.381201,0.331382,-3.46724,4.04882,4.89646,-4.47815,-4.99814,5.0,0.524924,0.473043,4.80275,-5.0,0.122589,0.0965989,5.0,-4.29496,-0.177606,-0.559024,2.51168,0.268249,-5.0,2.22153])
1.7786326293274632
Max g: 0.12488015758236592
f_70([0.0269383,-2.8246,3.81898,4.10676,-3.20278,0.0959723,0.0550879,5.0,-4.55247,4.63665,-4.24168,0.60503,0.0320265,-2.44808,3.69727,-1.70726,-2.11685,4.99555,-0.171886,-0.345789,0.875799,0.518286,0.381181,0.331376,-3.46723,4.04884,4.89646,-4.47819,-4.99813,5.0,0.524895,0.473069,4.80274,-5.0,0.122597,0.096599,5.0,-4.29496,-0.17758,-0.559055,2.51134,0.268603,-5.0,2.22153])
1.7786326293274632
{0.02693825126214695,-2.8246028888466097,3.8189795818233763,4.1067619469668335,-3.2027773237953503,0.09597230636356181,0.05508794087601047,5.0,-4.552467390283058,4.636651835794491,-4.241681387625075,0.6050295518305844,0.032026543345377065,-2.4480807899911903,3.697269712146982,-1.707264588402649,-2.1168499403813623,4.995549778414907,-0.17188575935439362,-0.34578949477128146,0.8757988541998123,0.5182859591352407,0.3811811702860146,0.3313762051066781,-3.4672307670714715,4.048837479839435,4.896459817939068,-4.478187865961464,-4.998129417270452,4.999999999453714,0.5248950662803267,0.47306916607519867,4.802740292444743,-5.0,0.12259688005488793,0.09659904380405059,5.0,-4.294961045056416,-0.1775803351797742,-0.559055411513643,2.5113399258452436,0.26860335161211174,-5.0,2.2215324978830475}]
Set[{A021,A031,A032,A041,A042,A043,A121,A131,A132,A141,A142,A143,B021,B031,B032,B041,B042,B043,B121,B131,B132,B141,B142,B143,\[Alpha]1,\[Alpha]2,\[Alpha]3,\[Alpha]4,\[Beta]11,\[Beta]12,\[Beta]13,\[Beta]14,\[Beta]21,\[Beta]22,\[Beta]23,\[Beta]24,\[Beta]31,\[Beta]32,\[Beta]33,\[Beta]34,\[Beta]41,\[Beta]42,\[Beta]43,\[Beta]44},{0.02693825126214695,-2.8246028888466097,3.8189795818233763,4.1067619469668335,-3.2027773237953503,0.09597230636356181,0.05508794087601047,5.0,-4.552467390283058,4.636651835794491,-4.241681387625075,0.6050295518305844,0.032026543345377065,-2.4480807899911903,3.697269712146982,-1.707264588402649,-2.1168499403813623,4.995549778414907,-0.17188575935439362,-0.34578949477128146,0.8757988541998123,0.5182859591352407,0.3811811702860146,0.3313762051066781,-3.4672307670714715,4.048837479839435,4.896459817939068,-4.478187865961464,-4.998129417270452,4.999999999453714,0.5248950662803267,0.47306916607519867,4.802740292444743,-5.0,0.12259688005488793,0.09659904380405059,5.0,-4.294961045056416,-0.1775803351797742,-0.559055411513643,2.5113399258452436,0.26860335161211174,-5.0,2.2215324978830475}]

Max g: 0.12487103753410733
f_71([0.0269271,-2.8246,3.81899,4.10677,-3.20279,0.0959706,0.0550856,5.0,-4.55246,4.63665,-4.24168,0.605029,0.0320337,-2.44808,3.69728,-1.70728,-2.11685,4.99555,-0.171887,-0.345848,0.875827,0.518284,0.381153,0.331383,-3.46722,4.04885,4.89646,-4.47823,-4.99811,5.0,0.524882,0.473095,4.80273,-5.0,0.122604,0.0965981,5.0,-4.29496,-0.177548,-0.559093,2.51105,0.268929,-5.0,2.22152])
1.77873236200826
Max g: 0.12485702862854609
f_72([0.0258206,-2.82657,3.82607,4.10255,-3.20133,0.0987559,0.054905,5.0,-4.55195,4.64292,-4.24125,0.598333,0.03528,-2.44285,3.69787,-1.709,-2.11094,4.99553,-0.171712,-0.355727,0.881643,0.522937,0.375649,0.328355,-3.47345,4.07596,4.89736,-4.50003,-4.99216,5.0,0.51161,0.480568,4.79985,-5.0,0.124536,0.0968143,5.0,-4.29442,-0.173567,-0.563142,2.4457,0.33531,-5.0,2.22045])
1.8128409388407145
Max g: 0.12330712675099853
f_73([0.025592,-2.82619,3.82611,4.1027,-3.20155,0.0988406,0.0545344,5.0,-4.55119,4.64312,-4.24124,0.598123,0.035561,-2.44278,3.69819,-1.70854,-2.11117,4.99553,-0.171746,-0.367989,0.88958,0.522598,0.374821,0.324933,-3.47352,4.07753,4.89734,-4.50144,-4.99047,4.99999,0.503439,0.486974,4.79757,-5.0,0.126436,0.0967201,5.0,-4.29411,-0.167815,-0.568631,2.37131,0.409332,-5.0,2.22086])
1.8227144742395829
Max g: 0.12187554271343015
f_74([0.0263491,-2.82625,3.82622,4.10256,-3.20146,0.0988821,0.0542684,5.0,-4.55057,4.64343,-4.24123,0.5978,0.0360904,-2.44284,3.69858,-1.7087,-2.11103,4.99553,-0.171751,-0.376433,0.894775,0.522574,0.373619,0.322716,-3.47296,4.08036,4.89734,-4.50476,-4.98893,5.0,0.496983,0.491884,4.79582,-5.0,0.127707,0.0968001,5.0,-4.29384,-0.163957,-0.572538,2.31338,0.466806,-5.0,2.22117])
1.8051615224193722
Max g: 0.12075588139117599
f_75([0.0271467,-2.82618,3.82617,4.1026,-3.20146,0.0988653,0.0540551,5.0,-4.55006,4.64362,-4.24122,0.5976,0.0366564,-2.4426,3.69908,-1.7083,-2.11099,4.99553,-0.17175,-0.383167,0.898876,0.522373,0.372732,0.32099,-3.47226,4.08301,4.89734,-4.50819,-4.9877,5.0,0.491734,0.495915,4.79437,-5.0,0.128715,0.0968829,5.0,-4.29363,-0.160708,-0.5758,2.26654,0.51325,-5.0,2.22155])
1.7863120457488053
Max g: 0.1197982397300128
f_76([0.0272889,-2.82618,3.82618,4.1026,-3.20146,0.0988667,0.0540211,5.0,-4.54997,4.64366,-4.24122,0.597566,0.0367525,-2.44256,3.69916,-1.70827,-2.11096,4.99553,-0.17175,-0.384234,0.899521,0.522337,0.372588,0.320717,-3.47214,4.08349,4.89734,-4.50879,-4.98746,5.0,0.490844,0.496573,4.79414,-5.0,0.12887,0.0968978,5.0,-4.2936,-0.160201,-0.576317,2.25896,0.520757,-5.0,2.22162])
1.7836192633672958
Max g: 0.11964396329375959
f_77([0.0273683,-2.82618,3.82618,4.1026,-3.20146,0.0988669,0.0539996,5.0,-4.54993,4.64368,-4.24122,0.597546,0.0368109,-2.44253,3.69921,-1.70825,-2.11093,4.99553,-0.171748,-0.384864,0.899905,0.522321,0.372503,0.320557,-3.47207,4.08378,4.89734,-4.50915,-4.98733,5.0,0.490325,0.496958,4.794,-5.0,0.128962,0.0969055,5.0,-4.29358,-0.159901,-0.576623,2.2545,0.525181,-5.0,2.22166])
1.7811259463473796
Max g: 0.11955803383448271
f_78([0.0273767,-2.82618,3.82618,4.1026,-3.20146,0.0988669,0.0539994,5.0,-4.54992,4.64368,-4.24122,0.597545,0.0368168,-2.44253,3.69921,-1.70825,-2.11093,4.99553,-0.17175,-0.38493,0.899942,0.522319,0.372491,0.320537,-3.47206,4.08381,4.89734,-4.50918,-4.98732,5.0,0.490271,0.497,4.79399,-5.0,0.128972,0.0969063,5.0,-4.29357,-0.159866,-0.576654,2.25403,0.52564,-5.0,2.22166])
1.7811259463473796
Max g: 0.11954337415733973
f_79([0.0273801,-2.82618,3.82618,4.1026,-3.20146,0.0988675,0.0539985,5.0,-4.54992,4.64368,-4.24122,0.597545,0.0368187,-2.44253,3.69922,-1.70824,-2.11093,4.99553,-0.17175,-0.384946,0.899952,0.522319,0.372489,0.320533,-3.47206,4.08382,4.89734,-4.50919,-4.98731,5.0,0.490253,0.497012,4.79398,-5.0,0.128975,0.0969064,5.0,-4.29357,-0.159857,-0.576663,2.2539,0.52577,-5.0,2.22166])
1.7810262136665829
Max g: 0.11954150282697196
f_80([0.0273802,-2.82618,3.82618,4.1026,-3.20146,0.0988675,0.0539985,5.0,-4.54992,4.64368,-4.24122,0.597545,0.0368187,-2.44253,3.69922,-1.70824,-2.11093,4.99553,-0.17175,-0.384946,0.899952,0.522319,0.372489,0.320533,-3.47206,4.08382,4.89734,-4.50919,-4.98731,5.0,0.490253,0.497013,4.79398,-5.0,0.128975,0.0969064,5.0,-4.29357,-0.159857,-0.576663,2.2539,0.525771,-5.0,2.22166])
1.7810262136665829
{0.027380181123390784,-2.8261823699955144,3.826182369993788,4.102596287844222,-3.201463768744374,0.09886748089842456,0.05399847178744862,5.0,-4.549918678717937,4.64367944700383,-4.24122437607846,0.5975449290746286,0.036818698931794694,-2.442528215202579,3.6992169729639057,-1.7082447153811509,-2.110929370381065,4.995532415923105,-0.17175013000969705,-0.3849464569117622,0.8999518204671585,0.5223187686544954,0.37248898754204074,0.3205330134876231,-3.4720594791147965,4.083815235036432,4.8973398793479594,-4.509187609173097,-4.9873114833547545,5.0,0.49025329239433063,0.4970125783325238,4.7939845274777975,-5.0,0.12897483634492796,0.09690642809760158,5.0,-4.293573632375743,-0.1598569744238975,-0.5766634833232246,2.2538985732671017,0.5257712993877058,-5.0,2.221661025346638}]
Set[{A021,A031,A032,A041,A042,A043,A121,A131,A132,A141,A142,A143,B021,B031,B032,B041,B042,B043,B121,B131,B132,B141,B142,B143,\[Alpha]1,\[Alpha]2,\[Alpha]3,\[Alpha]4,\[Beta]11,\[Beta]12,\[Beta]13,\[Beta]14,\[Beta]21,\[Beta]22,\[Beta]23,\[Beta]24,\[Beta]31,\[Beta]32,\[Beta]33,\[Beta]34,\[Beta]41,\[Beta]42,\[Beta]43,\[Beta]44},{0.027380181123390784,-2.8261823699955144,3.826182369993788,4.102596287844222,-3.201463768744374,0.09886748089842456,0.05399847178744862,5.0,-4.549918678717937,4.64367944700383,-4.24122437607846,0.5975449290746286,0.036818698931794694,-2.442528215202579,3.6992169729639057,-1.7082447153811509,-2.110929370381065,4.995532415923105,-0.17175013000969705,-0.3849464569117622,0.8999518204671585,0.5223187686544954,0.37248898754204074,0.3205330134876231,-3.4720594791147965,4.083815235036432,4.8973398793479594,-4.509187609173097,-4.9873114833547545,5.0,0.49025329239433063,0.4970125783325238,4.7939845274777975,-5.0,0.12897483634492796,0.09690642809760158,5.0,-4.293573632375743,-0.1598569744238975,-0.5766634833232246,2.2538985732671017,0.5257712993877058,-5.0,2.221661025346638}]

Max g: 0.11954146375674046
f_81([0.0281215,-2.8203,3.82022,4.09594,-3.19806,0.102049,0.0538157,5.0,-4.54969,4.64903,-4.24078,0.591747,0.0374263,-2.43996,3.69939,-1.69849,-2.1179,4.99552,-0.171799,-0.386105,0.89933,0.522791,0.369909,0.320986,-3.47568,4.09084,4.89754,-4.5127,-4.98636,4.99881,0.488281,0.499178,4.79323,-5.0,0.130838,0.096158,5.0,-4.29325,-0.158681,-0.578334,2.22347,0.556506,-4.99999,2.22127])
1.7740449260108173
Max g: 0.11916457272206438
f_82([0.0292331,-2.82053,3.82046,4.09636,-3.19804,0.101615,0.0535669,5.0,-4.54887,4.6495,-4.2408,0.591305,0.0381673,-2.43989,3.69971,-1.69792,-2.11861,4.99553,-0.17179,-0.398117,0.907219,0.522502,0.369381,0.317397,-3.47441,4.09405,4.89758,-4.5173,-4.98003,4.99562,0.478357,0.505908,4.79099,-5.0,0.131521,0.0967936,5.0,-4.29289,-0.153546,-0.5834,2.15151,0.627985,-5.0,2.22187])
1.7521037362355543
Max g: 0.11737394735135775
f_83([0.0305886,-2.8204,3.82036,4.09624,-3.19815,0.101896,0.0533141,5.0,-4.54821,4.64996,-4.24078,0.590824,0.0390926,-2.43941,3.70087,-1.69769,-2.1176,4.99552,-0.171832,-0.407403,0.913146,0.522426,0.368554,0.314679,-3.47334,4.09844,4.89757,-4.52277,-4.97406,4.99204,0.470581,0.511274,4.78917,-5.0,0.132273,0.0972202,5.0,-4.29261,-0.148894,-0.587821,2.09083,0.687934,-5.0,2.22249])
1.7274697640787817
Max g: 0.11605373448275724
f_84([0.0319172,-2.82033,3.82022,4.09593,-3.19816,0.102122,0.0530992,5.0,-4.54758,4.65035,-4.24077,0.59042,0.0400094,-2.43895,3.70169,-1.69704,-2.11751,4.99552,-0.171871,-0.414919,0.9177,0.521988,0.367806,0.312659,-3.47211,4.10286,4.89757,-4.52844,-4.96732,4.98767,0.463196,0.516198,4.78756,-5.0,0.13322,0.0973528,5.0,-4.29236,-0.145344,-0.591448,2.03677,0.741291,-5.0,2.22319])
1.7058277723459085
Max g: 0.11487536078419847
f_85([0.0332507,-2.82038,3.82038,4.09597,-3.19814,0.102158,0.0529017,5.0,-4.54697,4.65048,-4.24076,0.59028,0.0409493,-2.43849,3.70278,-1.69734,-2.11611,4.99552,-0.171913,-0.422519,0.922362,0.521633,0.367162,0.310513,-3.47105,4.10753,4.89756,-4.53411,-4.95949,4.98248,0.455736,0.521063,4.78596,-5.0,0.134069,0.0975438,5.0,-4.29213,-0.141603,-0.595088,1.98406,0.793468,-5.0,2.22373])
1.6846844440170186
Max g: 0.11370085275077146
f_86([0.0345609,-2.82048,3.82045,4.09595,-3.19828,0.102319,0.0527447,5.0,-4.54643,4.65083,-4.24076,0.589934,0.0418297,-2.43818,3.70352,-1.69704,-2.11589,4.99552,-0.171963,-0.428812,0.926174,0.521509,0.366461,0.308663,-3.47002,4.11198,4.89756,-4.53966,-4.95213,4.97728,0.449462,0.525168,4.78461,-5.0,0.134947,0.097671,5.0,-4.29192,-0.138497,-0.598246,1.93915,0.83775,-5.0,2.22434])
1.6665330961120282
Max g: 0.11256022497488305
f_87([0.0361268,-2.82046,3.82046,4.09592,-3.19824,0.102321,0.0525745,5.0,-4.54581,4.65129,-4.24076,0.589477,0.0428903,-2.43774,3.70436,-1.69671,-2.11556,4.99552,-0.172017,-0.436019,0.930574,0.521299,0.365779,0.306503,-3.46873,4.11734,4.89755,-4.54632,-4.94293,4.97104,0.441629,0.530027,4.78306,-5.0,0.135949,0.0978256,5.0,-4.29168,-0.134917,-0.60181,1.88752,0.888527,-5.0,2.22511])
1.6455892331447317
Max g: 0.11127914871986233
f_88([0.0373771,-2.82046,3.82046,4.09594,-3.19825,0.102305,0.0524485,5.0,-4.54532,4.65168,-4.24076,0.589086,0.0437276,-2.43737,3.70499,-1.69649,-2.1153,4.99552,-0.172061,-0.441595,0.934008,0.521137,0.365308,0.304802,-3.46765,4.12156,4.89755,-4.55162,-4.93546,4.96586,0.435616,0.533738,4.78188,-5.0,0.136693,0.0979385,5.0,-4.29149,-0.132193,-0.60453,1.84809,0.927318,-5.0,2.22573])
1.630429865663641
Max g: 0.11028232186705644
f_89([0.0384925,-2.82046,3.82046,4.09594,-3.19825,0.102302,0.052339,5.0,-4.5449,4.65202,-4.24076,0.58874,0.0444754,-2.43705,3.70558,-1.69624,-2.11509,4.99552,-0.172101,-0.446454,0.937,0.520994,0.364918,0.303305,-3.4667,4.12535,4.89755,-4.55636,-4.92871,4.96115,0.430337,0.536973,4.78086,-5.0,0.137342,0.0980385,5.0,-4.29133,-0.129811,-0.606901,1.81368,0.96117,-5.0,2.22628])
1.6168662210752964
Max g: 0.10941797460684155
f_90([0.038995,-2.82046,3.82046,4.09595,-3.19825,0.102302,0.0522911,5.0,-4.54471,4.65218,-4.24076,0.588581,0.0448134,-2.43691,3.70585,-1.69613,-2.11499,4.99552,-0.172119,-0.448591,0.938312,0.52093,0.364744,0.302646,-3.46627,4.12706,4.89754,-4.5585,-4.92566,4.95903,0.427962,0.538414,4.78041,-5.0,0.137622,0.0980842,5.0,-4.29126,-0.128752,-0.607953,1.79849,0.976107,-5.0,2.22653])
1.6105830621851074
{0.03899504091878906,-2.820461259088679,3.820460986519758,4.095945482997982,-3.1982474946202584,0.10230173905335695,0.05229112389366963,5.0,-4.544709752279128,4.652178944669444,-4.240759933191168,0.5885809885217232,0.04481340790880323,-2.4369054271363675,3.7058507821807254,-1.6961327275061517,-2.1149888936771757,4.9955214054262855,-0.17211887862770694,-0.4485905348227632,0.9383117628229827,0.5209297432951112,0.36474391591751354,0.30264603642807675,-3.4662709693737463,4.127060947995499,4.897544897273902,-4.558495520807528,-4.925656479642457,4.959027440375534,0.4279624064691364,0.5384136052190966,4.7804065774726165,-5.0,0.13762244688075662,0.09808422463716919,5.0,-4.2912558711674835,-0.12875248036056056,-0.6079529087692913,1.798491501960426,0.9761071329905943,-5.0,2.226527760097491}]
Set[{A021,A031,A032,A041,A042,A043,A121,A131,A132,A141,A142,A143,B021,B031,B032,B041,B042,B043,B121,B131,B132,B141,B142,B143,\[Alpha]1,\[Alpha]2,\[Alpha]3,\[Alpha]4,\[Beta]11,\[Beta]12,\[Beta]13,\[Beta]14,\[Beta]21,\[Beta]22,\[Beta]23,\[Beta]24,\[Beta]31,\[Beta]32,\[Beta]33,\[Beta]34,\[Beta]41,\[Beta]42,\[Beta]43,\[Beta]44},{0.03899504091878906,-2.820461259088679,3.820460986519758,4.095945482997982,-3.1982474946202584,0.10230173905335695,0.05229112389366963,5.0,-4.544709752279128,4.652178944669444,-4.240759933191168,0.5885809885217232,0.04481340790880323,-2.4369054271363675,3.7058507821807254,-1.6961327275061517,-2.1149888936771757,4.9955214054262855,-0.17211887862770694,-0.4485905348227632,0.9383117628229827,0.5209297432951112,0.36474391591751354,0.30264603642807675,-3.4662709693737463,4.127060947995499,4.897544897273902,-4.558495520807528,-4.925656479642457,4.959027440375534,0.4279624064691364,0.5384136052190966,4.7804065774726165,-5.0,0.13762244688075662,0.09808422463716919,5.0,-4.2912558711674835,-0.12875248036056056,-0.6079529087692913,1.798491501960426,0.9761071329905943,-5.0,2.226527760097491}]

Max g: 0.10903275013401625
f_91([0.0395031,-2.82046,3.82046,4.09595,-3.19825,0.102303,0.0522436,5.0,-4.54452,4.65234,-4.24076,0.588418,0.0451553,-2.43676,3.70612,-1.69603,-2.11488,4.99552,-0.172137,-0.450732,0.939629,0.520869,0.364574,0.301979,-3.46584,4.12879,4.89754,-4.56066,-4.92256,4.95687,0.425582,0.539855,4.77996,-5.0,0.137903,0.0981311,5.0,-4.29118,-0.127695,-0.609004,1.78328,0.99106,-5.0,2.22678])
1.6038012398909351
Max g: 0.10864670650052943
f_92([0.0397529,-2.82046,3.82046,4.09595,-3.19825,0.102302,0.0522204,5.0,-4.54443,4.65242,-4.24076,0.588337,0.0453235,-2.43668,3.70625,-1.69597,-2.11483,4.99552,-0.172146,-0.45178,0.940274,0.520839,0.364493,0.301652,-3.46562,4.12964,4.89754,-4.56172,-4.92104,4.95581,0.424418,0.54056,4.77973,-5.0,0.13804,0.0981536,5.0,-4.29115,-0.127181,-0.609517,1.77584,0.998374,-5.0,2.22691])
1.6010087248286289
Max g: 0.1084576034635093
f_93([0.0397896,-2.82046,3.82046,4.09595,-3.19825,0.102302,0.0522171,5.0,-4.54441,4.65243,-4.24076,0.588325,0.0453481,-2.43667,3.70627,-1.69597,-2.11482,4.99552,-0.172148,-0.451932,0.940368,0.520835,0.364481,0.301604,-3.46559,4.12977,4.89754,-4.56188,-4.92082,4.95565,0.424248,0.540662,4.7797,-5.0,0.13806,0.0981569,5.0,-4.29114,-0.127105,-0.609591,1.77475,0.999438,-5.0,2.22692])
1.6004103287438491
Max g: 0.10843008717684988
f_94([0.0397896,-2.82046,3.82046,4.09595,-3.19825,0.102302,0.0522171,5.0,-4.54441,4.65243,-4.24076,0.588325,0.0453481,-2.43667,3.70627,-1.69597,-2.11482,4.99552,-0.172148,-0.451932,0.940368,0.520835,0.364481,0.301604,-3.46559,4.12977,4.89754,-4.56188,-4.92082,4.95565,0.424248,0.540663,4.7797,-5.0,0.13806,0.0981569,5.0,-4.29114,-0.127105,-0.609592,1.77475,0.999439,-5.0,2.22692])
1.6004103287438491
Max g: 0.10843005103192549
f_95([0.0397897,-2.82046,3.82046,4.09595,-3.19825,0.102302,0.0522171,5.0,-4.54441,4.65243,-4.24076,0.588325,0.0453481,-2.43667,3.70627,-1.69597,-2.11482,4.99552,-0.172148,-0.451932,0.940368,0.520835,0.364481,0.301604,-3.46559,4.12977,4.89754,-4.56188,-4.92082,4.95565,0.424248,0.540663,4.7797,-5.0,0.13806,0.0981569,5.0,-4.29114,-0.127105,-0.609592,1.77475,0.999439,-5.0,2.22692])
1.6004103287438491
Max g: 0.10843004788632382
f_96([0.0433825,-2.8215,3.82098,4.09617,-3.19953,0.103352,0.0522,5.0,-4.54374,4.65713,-4.24108,0.583947,0.0467939,-2.43732,3.70352,-1.6897,-2.12669,4.99553,-0.172075,-0.460682,0.947424,0.522839,0.364549,0.297435,-3.46639,4.14372,4.89697,-4.57441,-4.90849,4.94889,0.414087,0.545171,4.77884,-5.0,0.138628,0.0983309,5.0,-4.29098,-0.124004,-0.612073,1.74078,1.03204,-5.0,2.22843])
1.5634095041682918
Max g: 0.1073596083725753
f_97([0.0447868,-2.82153,3.82143,4.09657,-3.19968,0.10307,0.0520062,5.0,-4.543,4.65768,-4.24108,0.583403,0.0480996,-2.43652,3.70436,-1.68936,-2.12611,4.99553,-0.172212,-0.467568,0.95106,0.522747,0.363113,0.295417,-3.46453,4.15002,4.89697,-4.5826,-4.89503,4.93872,0.405482,0.550607,4.77716,-5.0,0.139222,0.0986538,5.0,-4.2907,-0.12001,-0.616217,1.68062,1.09099,-5.0,2.22946])
1.549646394218354
Max g: 0.10579561370480484
f_98([0.046167,-2.82149,3.82149,4.09651,-3.19967,0.103157,0.0518667,5.0,-4.54243,4.65822,-4.24107,0.582848,0.0490517,-2.43628,3.70513,-1.68937,-2.12573,4.99553,-0.172285,-0.473407,0.954422,0.522664,0.362342,0.293613,-3.46332,4.15501,4.89698,-4.58882,-4.88492,4.93139,0.398423,0.554879,4.77586,-5.0,0.14,0.0988383,5.0,-4.2905,-0.11688,-0.619347,1.63464,1.13625,-5.0,2.23019])
1.5392741954155023
Max g: 0.10463846489864359
f_99([0.0471763,-2.82149,3.82149,4.09652,-3.19968,0.103161,0.0517739,5.0,-4.54204,4.65858,-4.24106,0.582479,0.0497467,-2.43592,3.7057,-1.6891,-2.12547,4.99553,-0.172331,-0.477476,0.956828,0.522467,0.361987,0.292346,-3.46237,4.15843,4.89697,-4.59317,-4.87794,4.92629,0.393626,0.557778,4.77496,-5.0,0.140547,0.0989303,5.0,-4.29035,-0.114739,-0.621483,1.6034,1.16688,-5.0,2.23079])
1.5303979868246005
Max g: 0.10384237269286523
f_100([0.047426,-2.82149,3.82149,4.09652,-3.19968,0.103162,0.0517516,5.0,-4.54194,4.65867,-4.24106,0.582389,0.0499164,-2.43585,3.70583,-1.68904,-2.12541,4.99553,-0.172343,-0.478477,0.957428,0.522437,0.361907,0.292021,-3.46215,4.15928,4.89697,-4.59424,-4.87627,4.92509,0.39245,0.558482,4.77475,-5.0,0.140672,0.0989545,5.0,-4.29031,-0.114215,-0.622004,1.59595,1.17418,-5.0,2.23093])
1.528503065889464
{0.04742604131298872,-2.821492611891311,3.821492611891311,4.096516493444575,-3.199678233453475,0.10316174000889922,0.05175161314826617,5.0,-4.541939244088961,4.65867443589615,-4.241063485472612,0.5823890495764619,0.049916447767731346,-2.435848282341943,3.705831123345318,-1.6890383514184726,-2.125414930318382,4.995529327068948,-0.17234262497427497,-0.4784767622505492,0.9574283040454994,0.5224366056446111,0.36190700862757086,0.2920206086551361,-3.462148553940917,4.159275748736035,4.896970821269698,-4.5942449628028825,-4.876265077989707,4.925093727390873,0.39244974066302635,0.5584817197938723,4.7747526957910225,-5.0,0.1406718552898403,0.09895448340559643,5.0,-4.2903101401521395,-0.11421535140687232,-0.6220043998280952,1.5959475876147107,1.174179362376043,-5.0,2.230926590492511}]
Set[{A021,A031,A032,A041,A042,A043,A121,A131,A132,A141,A142,A143,B021,B031,B032,B041,B042,B043,B121,B131,B132,B141,B142,B143,\[Alpha]1,\[Alpha]2,\[Alpha]3,\[Alpha]4,\[Beta]11,\[Beta]12,\[Beta]13,\[Beta]14,\[Beta]21,\[Beta]22,\[Beta]23,\[Beta]24,\[Beta]31,\[Beta]32,\[Beta]33,\[Beta]34,\[Beta]41,\[Beta]42,\[Beta]43,\[Beta]44},{0.04742604131298872,-2.821492611891311,3.821492611891311,4.096516493444575,-3.199678233453475,0.10316174000889922,0.05175161314826617,5.0,-4.541939244088961,4.65867443589615,-4.241063485472612,0.5823890495764619,0.049916447767731346,-2.435848282341943,3.705831123345318,-1.6890383514184726,-2.125414930318382,4.995529327068948,-0.17234262497427497,-0.4784767622505492,0.9574283040454994,0.5224366056446111,0.36190700862757086,0.2920206086551361,-3.462148553940917,4.159275748736035,4.896970821269698,-4.5942449628028825,-4.876265077989707,4.925093727390873,0.39244974066302635,0.5584817197938723,4.7747526957910225,-5.0,0.1406718552898403,0.09895448340559643,5.0,-4.2903101401521395,-0.11421535140687232,-0.6220043998280952,1.5959475876147107,1.174179362376043,-5.0,2.230926590492511}]

Max g: 0.10364755931059111
f_101([0.0474339,-2.82149,3.82149,4.09652,-3.19968,0.103162,0.0517509,5.0,-4.54194,4.65868,-4.24106,0.582386,0.0499218,-2.43585,3.70584,-1.68904,-2.12541,4.99553,-0.172343,-0.478508,0.957447,0.522436,0.361904,0.292011,-3.46214,4.1593,4.89697,-4.59428,-4.87621,4.92506,0.392413,0.558504,4.77475,-5.0,0.140676,0.0989552,5.0,-4.29031,-0.114199,-0.622021,1.59571,1.17441,-5.0,2.23093])
1.5284033332086675
Max g: 0.10364160378735254
f_102([0.0474339,-2.82149,3.82149,4.09652,-3.19968,0.103162,0.0517509,5.0,-4.54194,4.65868,-4.24106,0.582386,0.0499218,-2.43585,3.70584,-1.68904,-2.12541,4.99553,-0.172343,-0.478508,0.957448,0.522436,0.361904,0.292011,-3.46214,4.1593,4.89697,-4.59428,-4.87621,4.92506,0.392413,0.558504,4.77475,-5.0,0.140676,0.0989552,5.0,-4.29031,-0.114199,-0.622021,1.59571,1.17441,-5.0,2.23093])
1.5284033332086675
Max g: 0.1036415795828568
f_103([0.0474339,-2.82149,3.82149,4.09652,-3.19968,0.103162,0.0517509,5.0,-4.54194,4.65868,-4.24106,0.582386,0.0499218,-2.43585,3.70584,-1.68904,-2.12541,4.99553,-0.172343,-0.478509,0.957448,0.522436,0.361904,0.292011,-3.46214,4.1593,4.89697,-4.59428,-4.87621,4.92506,0.392412,0.558504,4.77475,-5.0,0.140676,0.0989552,5.0,-4.29031,-0.114199,-0.622021,1.59571,1.17441,-5.0,2.23093])
1.5284033332086675
Max g: 0.10364156582803097
f_104([0.0474339,-2.82149,3.82149,4.09652,-3.19968,0.103162,0.0517509,5.0,-4.54194,4.65868,-4.24106,0.582386,0.0499218,-2.43585,3.70584,-1.68904,-2.12541,4.99553,-0.172343,-0.478509,0.957448,0.522436,0.361904,0.292011,-3.46214,4.1593,4.89697,-4.59428,-4.87621,4.92506,0.392412,0.558504,4.77475,-5.0,0.140676,0.0989552,5.0,-4.29031,-0.114199,-0.622021,1.59571,1.17441,-5.0,2.23093])
1.5284033332086675
Max g: 0.10364155795836649
f_105([0.0474339,-2.82149,3.82149,4.09652,-3.19968,0.103162,0.0517509,5.0,-4.54194,4.65868,-4.24106,0.582386,0.0499218,-2.43585,3.70584,-1.68904,-2.12541,4.99553,-0.172343,-0.478509,0.957448,0.522436,0.361904,0.292011,-3.46214,4.1593,4.89697,-4.59428,-4.87621,4.92506,0.392412,0.558504,4.77475,-5.0,0.140676,0.0989552,5.0,-4.29031,-0.114199,-0.622021,1.59571,1.17441,-5.0,2.23093])
1.5284033332086675
Max g: 0.10364155342548564
f_106([0.0474339,-2.82149,3.82149,4.09652,-3.19968,0.103162,0.0517509,5.0,-4.54194,4.65868,-4.24106,0.582386,0.0499218,-2.43585,3.70584,-1.68904,-2.12541,4.99553,-0.172343,-0.478509,0.957448,0.522436,0.361904,0.292011,-3.46214,4.1593,4.89697,-4.59428,-4.87621,4.92506,0.392412,0.558504,4.77475,-5.0,0.140676,0.0989552,5.0,-4.29031,-0.114199,-0.622021,1.59571,1.17441,-5.0,2.23093])
1.5284033332086675
Max g: 0.10364154980188545
f_107([0.0485792,-2.82027,3.82023,4.09763,-3.20118,0.103503,0.051664,5.0,-4.5412,4.65939,-4.24101,0.581614,0.0506323,-2.43581,3.70538,-1.69158,-2.12379,4.9954,-0.172488,-0.488132,0.963894,0.517787,0.365619,0.289554,-3.45675,4.15841,4.89698,-4.59892,-4.85149,4.90568,0.381431,0.564142,4.77329,-4.99999,0.141597,0.0991201,5.0,-4.29027,-0.109368,-0.626338,1.53948,1.22978,-5.0,2.23182])
1.521422045552902
Max g: 0.10183228277157408
f_108([0.0512794,-2.82016,3.82012,4.09785,-3.20114,0.103277,0.051475,5.0,-4.54043,4.66044,-4.241,0.580556,0.0524205,-2.43474,3.70614,-1.69153,-2.12316,4.9954,-0.172529,-0.495929,0.968454,0.517216,0.364821,0.287421,-3.45414,4.16763,4.89695,-4.61063,-4.84076,4.89879,0.371929,0.569941,4.7716,-5.0,0.142663,0.0994158,5.0,-4.28997,-0.105104,-0.630489,1.47864,1.28965,-5.0,2.23287])
1.4997800538200288
Max g: 0.1003825732693806
f_109([0.0539318,-2.82009,3.8199,4.09766,-3.20104,0.103322,0.0512934,5.0,-4.53967,4.66143,-4.241,0.579573,0.054058,-2.43435,3.70727,-1.69056,-2.12374,4.9954,-0.172638,-0.503476,0.972916,0.517198,0.36411,0.284746,-3.45146,4.17582,4.89693,-4.62148,-4.82968,4.89151,0.362594,0.575525,4.77,-4.99999,0.143473,0.0996849,5.0,-4.2897,-0.101228,-0.634492,1.41959,1.34719,-5.0,2.23427])
1.480332181064682
Max g: 0.09887708950188423
slurmstepd: *** JOB 9005354 ON comet-31-17 CANCELLED AT 2017-04-24T08:19:22 DUE TO TIME LIMIT ***

signal (15): Terminated
while loading /home/crackauc/.julia/v0.5/SRKGenerator/test/runtests.jl, in expression starting on line 45
jl_get_nth_field at /home/centos/buildbot/slave/package_tarball64/build/src/alloc.c:176
jl_f__apply at /home/centos/buildbot/slave/package_tarball64/build/src/builtins.c:519
translate at /home/crackauc/.julia/v0.5/SRKGenerator/src/translate.jl:12
g_ineq_maker at /home/crackauc/.julia/v0.5/SRKGenerator/src/optim_functions.jl:186
unknown function (ip: 0x2b031d4c344b)
jl_call_method_internal at /home/centos/buildbot/slave/package_tarball64/build/src/julia_internal.h:189 [inlined]
jl_apply_generic at /home/centos/buildbot/slave/package_tarball64/build/src/gf.c:1942
#7 at /home/crackauc/.julia/v0.5/SRKGenerator/src/main.jl:63
unknown function (ip: 0x2b031d4c296e)
jl_call_method_internal at /home/centos/buildbot/slave/package_tarball64/build/src/julia_internal.h:189 [inlined]
jl_apply_generic at /home/centos/buildbot/slave/package_tarball64/build/src/gf.c:1942
nlopt_vcallback_wrapper at /home/crackauc/.julia/v0.5/NLopt/src/NLopt.jl:486
unknown function (ip: 0x2b031d3f4f8f)
func_wrap at /home/crackauc/.julia/v0.5/NLopt/deps/src/nlopt-2.4/cobyla/cobyla.c:104
cobylb at /home/crackauc/.julia/v0.5/NLopt/deps/src/nlopt-2.4/cobyla/cobyla.c:573 [inlined]
cobyla at /home/crackauc/.julia/v0.5/NLopt/deps/src/nlopt-2.4/cobyla/cobyla.c:430
cobyla_minimize at /home/crackauc/.julia/v0.5/NLopt/deps/src/nlopt-2.4/cobyla/cobyla.c:247
nlopt_optimize_ at /home/crackauc/.julia/v0.5/NLopt/deps/src/nlopt-2.4/api/optimize.c:647 [inlined]
nlopt_optimize at /home/crackauc/.julia/v0.5/NLopt/deps/src/nlopt-2.4/api/optimize.c:826
nlopt_optimize_limited at /home/crackauc/.julia/v0.5/NLopt/deps/src/nlopt-2.4/api/optimize.c:865
auglag_minimize at /home/crackauc/.julia/v0.5/NLopt/deps/src/nlopt-2.4/auglag/auglag.c:195
nlopt_optimize_ at /home/crackauc/.julia/v0.5/NLopt/deps/src/nlopt-2.4/api/optimize.c:733 [inlined]
nlopt_optimize at /home/crackauc/.julia/v0.5/NLopt/deps/src/nlopt-2.4/api/optimize.c:826
optimize! at /home/crackauc/.julia/v0.5/NLopt/src/NLopt.jl:526
#srk_optimize#1 at /home/crackauc/.julia/v0.5/SRKGenerator/src/main.jl:92
unknown function (ip: 0x2b031d3fa68d)
jl_call_method_internal at /home/centos/buildbot/slave/package_tarball64/build/src/julia_internal.h:189 [inlined]
jl_apply_generic at /home/centos/buildbot/slave/package_tarball64/build/src/gf.c:1942
#srk_optimize at ./<missing>:0
unknown function (ip: 0x2b031d3f6efc)
jl_call_method_internal at /home/centos/buildbot/slave/package_tarball64/build/src/julia_internal.h:189 [inlined]
jl_apply_generic at /home/centos/buildbot/slave/package_tarball64/build/src/gf.c:1942
do_call at /home/centos/buildbot/slave/package_tarball64/build/src/interpreter.c:66
eval at /home/centos/buildbot/slave/package_tarball64/build/src/interpreter.c:190
eval_body at /home/centos/buildbot/slave/package_tarball64/build/src/interpreter.c:469
jl_interpret_call at /home/centos/buildbot/slave/package_tarball64/build/src/interpreter.c:573
jl_toplevel_eval_flex at /home/centos/buildbot/slave/package_tarball64/build/src/toplevel.c:572
jl_parse_eval_all at /home/centos/buildbot/slave/package_tarball64/build/src/ast.c:717
jl_load at /home/centos/buildbot/slave/package_tarball64/build/src/toplevel.c:596
jl_load_ at /home/centos/buildbot/slave/package_tarball64/build/src/toplevel.c:605
include_from_node1 at ./loading.jl:488
unknown function (ip: 0x2b00f3b6dd0b)
jl_call_method_internal at /home/centos/buildbot/slave/package_tarball64/build/src/julia_internal.h:189 [inlined]
jl_apply_generic at /home/centos/buildbot/slave/package_tarball64/build/src/gf.c:1942
process_options at ./client.jl:262
_start at ./client.jl:318
unknown function (ip: 0x2b00f3b932e8)
jl_call_method_internal at /home/centos/buildbot/slave/package_tarball64/build/src/julia_internal.h:189 [inlined]
jl_apply_generic at /home/centos/buildbot/slave/package_tarball64/build/src/gf.c:1942
jl_apply at /home/centos/buildbot/slave/package_tarball64/build/ui/../src/julia.h:1392 [inlined]
true_main at /home/centos/buildbot/slave/package_tarball64/build/ui/repl.c:112
main at /home/centos/buildbot/slave/package_tarball64/build/ui/repl.c:232
__libc_start_main at /lib64/libc.so.6 (unknown line)
unknown function (ip: 0x4013fc)
unknown function (ip: 0xffffffffffffffff)
Allocations: 98938594332 (Pool: 98796584915; Big: 142009417); GC: 26828

signal (11): Segmentation fault
while loading /home/crackauc/.julia/v0.5/SRKGenerator/test/runtests.jl, in expression starting on line 45
