
-----------------Setup------------------
Options: alg=LN_AUGLAG_EQ,dx=0.01,max_eval=100000000,popSize=0
imin=-6,jmin=-3,imax=1,jmax=3,
parameter_minmax=5,
randSeed=44946308, rand_minmax=3

Initial Condition:

[1.91438,0.431605,-2.61655,-1.93712,-0.828875,-1.85626,0.837369,-1.46154,2.63575,0.382162,2.1932,-0.113297,-0.887854,-2.97454,-0.134258,2.45252,0.260151,-2.92759,2.88693,0.251528,-2.08703,-2.11581,-2.78309,-0.505621,2.06451,0.444525,0.585029,-1.95214,-1.19387,-1.83589,1.78702,1.76408,-0.792469,-0.386231,0.907327,1.20798,2.04476,0.222899,-2.48577,-0.848275,0.0343893,1.39928,0.254586,-2.34386]

f_1([3.69133e-19,1.0296,-1.0296,0.901192,0.53259,-1.43378,0.0253473,-0.85752,0.974455,-0.741311,0.717473,0.0677686,0.0332288,-1.09014,0.501448,2.02212,-0.199619,-1.05618,1.17876,-0.389316,0.556277,0.443208,-0.822027,0.906776,0.954642,1.68416,-1.69872,-0.63027,-0.212228,-1.10266,1.08838,0.357272,0.288794,-0.902054,0.41902,0.294609,4.1972,0.00163363,-2.80023,-1.94292,0.595493,0.91204,1.67445,-3.02248])
17.963256673969443
Max g: 2.5690887761832264
f_2([7.6044e-8,1.06619,-1.06619,0.993742,0.378527,-1.09209,0.0164724,-0.751792,1.02073,-0.650412,0.794298,0.0214052,0.0505488,-0.396412,-0.0409758,4.64544,0.209517,-1.10808,0.511496,-0.275881,0.511524,0.230036,-0.990754,0.894696,0.526688,1.16758,-1.32978,0.138888,-0.212399,-0.560003,1.06421,0.38316,0.154777,-0.560884,0.345348,0.23433,3.71639,0.403882,-2.58103,-1.56107,0.0276798,1.09442,1.26522,-2.35057])
35.173346372308636
Max g: 0.9343269195112833
f_3([0.227083,0.689884,-0.689832,1.44105,0.306593,-0.747934,0.508878,-0.584076,0.892802,-0.0505527,0.386269,0.0754018,-0.0164063,-0.50623,-0.0242511,4.49301,-0.17824,-0.92355,0.734052,-1.0277,0.22876,-0.241936,0.0341259,0.300054,0.244477,1.56163,-0.958423,0.153744,-1.46606,0.836186,0.855824,0.770643,0.276753,0.746432,-0.629794,-0.397537,2.44175,-0.837147,-0.858978,-0.744017,0.0904397,2.03712,1.45123,-3.5802])
9.738533732414592
Max g: 0.021974501271628664
f_4([0.2233,0.689487,-0.689482,1.44145,0.302699,-0.744163,0.499015,-0.548047,0.863635,-0.0183915,0.367323,0.0644573,0.0107135,-0.497279,-0.000581319,4.49466,-0.171411,-0.928141,0.703329,-1.07725,0.254478,-0.249589,0.0357172,0.278548,0.233102,1.56517,-0.948781,0.150514,-1.42754,0.893534,0.819768,0.714307,0.301054,0.79393,-0.577646,-0.517183,2.42826,-0.893322,-0.819727,-0.715248,0.0770319,2.05633,1.47421,-3.60762])
10.26221157794546
Max g: 0.002147525351622437
f_5([0.224139,0.689674,-0.689664,1.44136,0.302794,-0.744299,0.496468,-0.545936,0.86398,-0.015814,0.368364,0.0602564,0.0213503,-0.493721,0.00788692,4.49558,-0.170322,-0.927858,0.705468,-1.07424,0.253097,-0.249121,0.0358373,0.279662,0.231631,1.5649,-0.945786,0.149234,-1.43092,0.889205,0.822165,0.719553,0.293315,0.790103,-0.579672,-0.503753,2.43094,-0.889219,-0.822127,-0.71951,0.0782902,2.05425,1.47337,-3.60585])
10.258622694937824
Max g: 0.00024775781902530714
f_6([0.224166,0.689639,-0.689638,1.44134,0.303064,-0.744436,0.496855,-0.546164,0.863858,-0.0157174,0.368383,0.0602207,0.0216147,-0.493624,0.00802365,4.49561,-0.170206,-0.927857,0.705139,-1.07475,0.253349,-0.249227,0.0358165,0.279477,0.231605,1.56494,-0.945748,0.149202,-1.43046,0.889847,0.821737,0.718876,0.294366,0.790658,-0.579342,-0.505695,2.43046,-0.889847,-0.821741,-0.718868,0.0780592,2.05442,1.4736,-3.60608])
10.253638135204996
Max g: 6.842677440732636e-5
f_7([0.224166,0.689639,-0.689638,1.44134,0.303064,-0.744436,0.496855,-0.546164,0.863858,-0.0157174,0.368383,0.0602207,0.0216147,-0.493624,0.00802366,4.49561,-0.170206,-0.927857,0.705139,-1.07475,0.253349,-0.249227,0.0358165,0.279477,0.231605,1.56494,-0.945748,0.149202,-1.43046,0.889847,0.821737,0.718876,0.294366,0.790658,-0.579342,-0.505695,2.43046,-0.889847,-0.821741,-0.718868,0.0780592,2.05442,1.4736,-3.60608])
10.253638135204996
Max g: 6.842730135969699e-5
f_8([0.224183,0.689647,-0.689625,1.44131,0.303047,-0.744438,0.497002,-0.546258,0.8638,-0.0156987,0.368387,0.060234,0.0216366,-0.493625,0.00805338,4.49562,-0.1702,-0.927849,0.704993,-1.07495,0.253438,-0.24927,0.0358124,0.279409,0.231601,1.56495,-0.945748,0.149197,-1.43029,0.890143,0.821579,0.718564,0.294834,0.790905,-0.579205,-0.506535,2.43028,-0.890138,-0.821575,-0.718572,0.0779547,2.05456,1.47365,-3.60617])
10.250148943392016
Max g: 1.108825178502363e-5
f_9([0.224183,0.689647,-0.689625,1.44131,0.303047,-0.744438,0.497002,-0.546258,0.8638,-0.0156987,0.368387,0.060234,0.0216366,-0.493625,0.00805338,4.49562,-0.1702,-0.927849,0.704993,-1.07495,0.253438,-0.24927,0.0358124,0.279409,0.231601,1.56495,-0.945748,0.149197,-1.43029,0.890143,0.821579,0.718564,0.294834,0.790905,-0.579205,-0.506535,2.43028,-0.890138,-0.821575,-0.718572,0.0779547,2.05456,1.47365,-3.60617])
10.250148943392016
Max g: 1.108826665293175e-5
f_10([0.224185,0.689648,-0.689623,1.44131,0.303044,-0.744435,0.497014,-0.546266,0.863795,-0.015697,0.368387,0.0602353,0.0216375,-0.493626,0.00805171,4.49562,-0.170207,-0.927851,0.704979,-1.07496,0.253443,-0.249275,0.0358119,0.279401,0.2316,1.56495,-0.945746,0.149198,-1.43027,0.890171,0.821563,0.71854,0.294872,0.790937,-0.579187,-0.50662,2.43027,-0.890171,-0.821564,-0.718534,0.0779436,2.05457,1.47367,-3.60618])
10.249949561002703
{0.2241854462877451,0.6896476384525523,-0.6896229281635766,1.44130715734653,0.30304387612259426,-0.7444351154899101,0.4970135828151771,-0.5462658433411949,0.8637954930142238,-0.01569699177513003,0.36838729105867757,0.060235251137994446,0.021637451709047056,-0.49362595036407947,0.008051706873849622,4.495621683542679,-0.1702074608325674,-0.9278514638601894,0.7049788812853426,-1.0749621979937503,0.253443370131256,-0.2492748007974245,0.03581187905015756,0.27940107460985036,0.2315996273733941,1.564948729044799,-0.9457457902920373,0.14919796983163003,-1.4302734279034026,0.890170748281384,0.8215627812554108,0.7185404240552943,0.2948720705479191,0.7909366871134392,-0.5791865328974074,-0.5066199849816087,2.430272173736163,-0.8901708340248173,-0.8215639645713728,-0.7185338707257831,0.0779435770242138,2.054569393242216,1.4736653718838066,-3.606176509777114}]
Set[{A021,A031,A032,A041,A042,A043,A121,A131,A132,A141,A142,A143,B021,B031,B032,B041,B042,B043,B121,B131,B132,B141,B142,B143,\[Alpha]1,\[Alpha]2,\[Alpha]3,\[Alpha]4,\[Beta]11,\[Beta]12,\[Beta]13,\[Beta]14,\[Beta]21,\[Beta]22,\[Beta]23,\[Beta]24,\[Beta]31,\[Beta]32,\[Beta]33,\[Beta]34,\[Beta]41,\[Beta]42,\[Beta]43,\[Beta]44},{0.2241854462877451,0.6896476384525523,-0.6896229281635766,1.44130715734653,0.30304387612259426,-0.7444351154899101,0.4970135828151771,-0.5462658433411949,0.8637954930142238,-0.01569699177513003,0.36838729105867757,0.060235251137994446,0.021637451709047056,-0.49362595036407947,0.008051706873849622,4.495621683542679,-0.1702074608325674,-0.9278514638601894,0.7049788812853426,-1.0749621979937503,0.253443370131256,-0.2492748007974245,0.03581187905015756,0.27940107460985036,0.2315996273733941,1.564948729044799,-0.9457457902920373,0.14919796983163003,-1.4302734279034026,0.890170748281384,0.8215627812554108,0.7185404240552943,0.2948720705479191,0.7909366871134392,-0.5791865328974074,-0.5066199849816087,2.430272173736163,-0.8901708340248173,-0.8215639645713728,-0.7185338707257831,0.0779435770242138,2.054569393242216,1.4736653718838066,-3.606176509777114}]

Max g: 1.1141152743393556e-5
f_11([0.224185,0.689648,-0.689623,1.44131,0.303044,-0.744435,0.497013,-0.546265,0.863795,-0.0156976,0.368387,0.0602358,0.0216355,-0.493626,0.00805142,4.49562,-0.170207,-0.927853,0.704979,-1.07496,0.253445,-0.249276,0.0358117,0.279401,0.2316,1.56495,-0.945747,0.149198,-1.43027,0.89017,0.821562,0.71854,0.294872,0.790936,-0.579188,-0.506619,2.43027,-0.890171,-0.821562,-0.718538,0.0779429,2.05457,1.47367,-3.60618])
10.249949561002703
Max g: 1.0696508659539111e-5
{0.22418518782521016,0.6896480627652427,-0.6896227397249172,1.4413073846698976,0.30304378940133336,-0.7444349068239445,0.4970134566710624,-0.5462654001318566,0.8637952630572096,-0.01569756820760417,0.36838692687941554,0.060235760021030454,0.02163553543468543,-0.4936263097211566,0.008051422283346273,4.4956216482963605,-0.17020690322622045,-0.9278529587754463,0.7049785254788199,-1.0749642173542178,0.2534454174826058,-0.24927560287141703,0.03581169233989254,0.279401083986392,0.23159966118926562,1.5649488552104973,-0.9457465504567721,0.1491982104964523,-1.4302725878774871,0.8901699773263724,0.8215619561373285,0.7185404557912618,0.29487207121092307,0.7909356292584424,-0.579187805194667,-0.5066194422923088,2.430271288618258,-0.8901706670866077,-0.821562158292708,-0.7185382895606778,0.07794286886193669,2.0545687459926065,1.473667202787982,-3.606178531063884}]
Set[{A021,A031,A032,A041,A042,A043,A121,A131,A132,A141,A142,A143,B021,B031,B032,B041,B042,B043,B121,B131,B132,B141,B142,B143,\[Alpha]1,\[Alpha]2,\[Alpha]3,\[Alpha]4,\[Beta]11,\[Beta]12,\[Beta]13,\[Beta]14,\[Beta]21,\[Beta]22,\[Beta]23,\[Beta]24,\[Beta]31,\[Beta]32,\[Beta]33,\[Beta]34,\[Beta]41,\[Beta]42,\[Beta]43,\[Beta]44},{0.22418518782521016,0.6896480627652427,-0.6896227397249172,1.4413073846698976,0.30304378940133336,-0.7444349068239445,0.4970134566710624,-0.5462654001318566,0.8637952630572096,-0.01569756820760417,0.36838692687941554,0.060235760021030454,0.02163553543468543,-0.4936263097211566,0.008051422283346273,4.4956216482963605,-0.17020690322622045,-0.9278529587754463,0.7049785254788199,-1.0749642173542178,0.2534454174826058,-0.24927560287141703,0.03581169233989254,0.279401083986392,0.23159966118926562,1.5649488552104973,-0.9457465504567721,0.1491982104964523,-1.4302725878774871,0.8901699773263724,0.8215619561373285,0.7185404557912618,0.29487207121092307,0.7909356292584424,-0.579187805194667,-0.5066194422923088,2.430271288618258,-0.8901706670866077,-0.821562158292708,-0.7185382895606778,0.07794286886193669,2.0545687459926065,1.473667202787982,-3.606178531063884}]


-----------------Final Result------------------
Options: alg=LN_AUGLAG_EQ,dx=0.01,max_eval=100000000,popSize=0
imin=-6,jmin=-3,imax=1,jmax=3,
parameter_minmax=5,
randSeed=44946308,rand_minmax=3

1116611 steps

Completed with maxf : 10.249849869808047

Constraints at 1.0696498654368808e-5

x = [0.22418518782521016,0.6896480627652427,-0.6896227397249172,1.4413073846698976,0.30304378940133336,-0.7444349068239445,0.4970134566710624,-0.5462654001318566,0.8637952630572096,-0.01569756820760417,0.36838692687941554,0.060235760021030454,0.02163553543468543,-0.4936263097211566,0.008051422283346273,4.4956216482963605,-0.17020690322622045,-0.9278529587754463,0.7049785254788199,-1.0749642173542178,0.2534454174826058,-0.24927560287141703,0.03581169233989254,0.279401083986392,0.23159966118926562,1.5649488552104973,-0.9457465504567721,0.1491982104964523,-1.4302725878774871,0.8901699773263724,0.8215619561373285,0.7185404557912618,0.29487207121092307,0.7909356292584424,-0.579187805194667,-0.5066194422923088,2.430271288618258,-0.8901706670866077,-0.821562158292708,-0.7185382895606778,0.07794286886193669,2.0545687459926065,1.473667202787982,-3.606178531063884]
c0 = [0.0,0.22418518782521016,2.5323040325542223e-5,0.9999162672472864]
c1 = [0.0,0.4970134566710624,0.3175298629253529,0.4129251186928418]
A0 = [0.0,0.22418518782521016,0.6896480627652427,1.4413073846698976,0.0,0.0,-0.6896227397249172,0.30304378940133336,0.0,0.0,0.0,-0.7444349068239445,0.0,0.0,0.0,0.0]
A1 = [0.0,0.4970134566710624,-0.5462654001318566,-0.01569756820760417,0.0,0.0,0.8637952630572096,0.36838692687941554,0.0,0.0,0.0,0.060235760021030454,0.0,0.0,0.0,0.0]
B0 = [0.0,0.02163553543468543,-0.4936263097211566,4.4956216482963605,0.0,0.0,0.008051422283346273,-0.17020690322622045,0.0,0.0,0.0,-0.9278529587754463,0.0,0.0,0.0,0.0]
B1 = [0.0,0.7049785254788199,-1.0749642173542178,-0.24927560287141703,0.0,0.0,0.2534454174826058,0.03581169233989254,0.0,0.0,0.0,0.279401083986392,0.0,0.0,0.0,0.0]
α  = [0.23159966118926562,1.5649488552104973,-0.9457465504567721,0.1491982104964523]
β1 = [-1.4302725878774871,0.8901699773263724,0.8215619561373285,0.7185404557912618]
β2 = [0.29487207121092307,0.7909356292584424,-0.579187805194667,-0.5066194422923088]
β3 = [2.430271288618258,-0.8901706670866077,-0.821562158292708,-0.7185382895606778]
β4 = [0.07794286886193669,2.0545687459926065,1.473667202787982,-3.606178531063884]


Set[{A021,A031,A032,A041,A042,A043,A121,A131,A132,A141,A142,A143,B021,B031,B032,B041,B042,B043,B121,B131,B132,B141,B142,B143,\[Alpha]1,\[Alpha]2,\[Alpha]3,\[Alpha]4,\[Beta]11,\[Beta]12,\[Beta]13,\[Beta]14,\[Beta]21,\[Beta]22,\[Beta]23,\[Beta]24,\[Beta]31,\[Beta]32,\[Beta]33,\[Beta]34,\[Beta]41,\[Beta]42,\[Beta]43,\[Beta]44},{0.22418518782521016,0.6896480627652427,-0.6896227397249172,1.4413073846698976,0.30304378940133336,-0.7444349068239445,0.4970134566710624,-0.5462654001318566,0.8637952630572096,-0.01569756820760417,0.36838692687941554,0.060235760021030454,0.02163553543468543,-0.4936263097211566,0.008051422283346273,4.4956216482963605,-0.17020690322622045,-0.9278529587754463,0.7049785254788199,-1.0749642173542178,0.2534454174826058,-0.24927560287141703,0.03581169233989254,0.279401083986392,0.23159966118926562,1.5649488552104973,-0.9457465504567721,0.1491982104964523,-1.4302725878774871,0.8901699773263724,0.8215619561373285,0.7185404557912618,0.29487207121092307,0.7909356292584424,-0.579187805194667,-0.5066194422923088,2.430271288618258,-0.8901706670866077,-0.821562158292708,-0.7185382895606778,0.07794286886193669,2.0545687459926065,1.473667202787982,-3.606178531063884}]



