
-----------------Setup------------------
Options: alg=LN_AUGLAG_EQ,dx=0.01,max_eval=100000000,popSize=0
imin=-1,jmin=-4,imax=1,jmax=4,
parameter_minmax=5,
randSeed=85128576, rand_minmax=2,
END_C=true, INEQ_C=true

Initial Condition:

[0.2294,-0.448521,1.37578,-1.67021,-0.570232,0.37188,0.0766538,0.638327,-0.383091,0.881454,-0.980151,0.789493,0.767645,-1.55899,-1.85074,-1.84725,1.05342,1.7226,1.8283,-1.36248,0.3323,-1.98086,0.517959,-0.547275,-1.21391,0.936756,0.352682,1.58155,1.65009,-0.42364,1.09333,-1.25335,-1.51566,-1.14061,-0.827497,0.792639,-1.82435,-1.39053,0.855659,0.0593394,-0.932676,1.30369,0.574918,0.152638]

f_1([0.0705386,-0.896873,1.23096,0.277948,0.955958,-0.234716,0.817549,0.743842,0.073751,0.749709,0.439952,-0.372068,-1.26042,-0.414644,-1.45784,-3.75598,-0.575694,1.59968,2.68851,2.94972,-0.127144,2.27324,0.962288,-1.09575,2.53589,-1.15567,-1.40151,1.10664,0.989,-0.382417,0.482311,-0.0100148,-0.699827,1.18097,-1.83206,1.30654,0.183667,-0.504889,0.380321,-0.0835795,0.520868,2.01718,-0.392412,-2.04109])
1.975242389798821
Max g: 0.8298418144212972
f_2([0.101096,-0.933704,1.30816,0.336231,0.981048,-0.318338,1.0,0.918603,0.0813972,0.641124,0.801623,-0.442747,-1.1561,-0.399935,-1.44237,-3.73954,-0.549707,1.65702,2.85119,3.08745,-0.0958656,2.59376,0.970022,-1.07285,2.44112,-0.986534,-1.68547,1.2325,0.805666,-0.121277,-0.0119489,0.328125,-0.467536,1.22987,-1.91573,1.16106,0.244463,-0.404167,0.517751,-0.36429,0.207079,2.13609,-0.340454,-1.98855])
1.9798137899764596
Max g: 0.7492928831858565
f_3([0.109083,-0.913413,1.29212,0.337402,0.991844,-0.334062,1.0,0.903356,0.0966442,0.682604,0.977888,-0.660492,-1.19297,-0.419773,-1.41148,-3.74045,-0.505853,1.63157,2.8718,3.11198,-0.0972644,2.6197,0.973737,-1.07594,2.44022,-1.00599,-1.68705,1.25645,0.825451,-0.0312478,-0.0857544,0.312023,-0.480106,1.22801,-1.93035,1.17896,0.24769,-0.398762,0.526272,-0.379527,0.18431,2.14805,-0.352558,-1.97767])
1.9415531580549188
Max g: 0.7479823421208779
f_4([0.0817127,-0.907541,1.31245,0.356582,1.05537,-0.417116,1.0,0.855131,0.144869,0.70914,1.06315,-0.772291,-1.2161,-0.427498,-1.36943,-3.70823,-0.496885,1.62944,2.90386,3.14304,-0.0958005,2.64838,0.988171,-1.08745,2.42549,-1.03735,-1.67001,1.2699,0.817753,0.0125006,-0.13782,0.325004,-0.478075,1.24497,-1.95456,1.18573,0.261822,-0.376359,0.523592,-0.400053,0.176271,2.18249,-0.388445,-1.97273])
1.936882379612549
Max g: 0.7471799552131089
f_5([0.0696856,-0.883561,1.29961,0.333337,1.03758,-0.373186,1.0,0.810636,0.189364,0.663977,1.0808,-0.744781,-1.20293,-0.449178,-1.39171,-3.7252,-0.539989,1.65643,2.90843,3.14348,-0.095035,2.65428,1.04481,-1.13883,2.41938,-1.03363,-1.6572,1.26516,0.797501,0.0236832,-0.146277,0.320392,-0.469532,1.22562,-1.96768,1.21616,0.256584,-0.358117,0.516945,-0.409835,0.157387,2.2657,-0.441017,-1.99705])
1.9473170974093328
Max g: 0.7489921814834515
f_6([0.133655,-0.894406,1.24329,0.299666,0.984555,-0.309361,1.0,0.755054,0.244946,0.647593,1.10416,-0.751753,-1.18222,-0.447016,-1.42261,-3.72623,-0.56005,1.65335,2.93345,3.17389,-0.0959436,2.67204,1.03825,-1.13174,2.4097,-1.03197,-1.64008,1.25115,0.814645,0.0386184,-0.186361,0.355654,-0.500573,1.22659,-1.96158,1.21516,0.289042,-0.349718,0.507318,-0.407903,0.152552,2.24735,-0.459907,-1.95604])
1.9285346053751218
Max g: 0.7496971521596001
f_7([0.161532,-0.919401,1.2691,0.287411,0.970468,-0.263386,1.0,0.675344,0.324656,0.613462,1.0963,-0.709763,-1.16347,-0.473259,-1.41681,-3.71992,-0.589823,1.66035,2.9838,3.21282,-0.093469,2.7162,1.0477,-1.14477,2.42207,-1.02184,-1.65668,1.25383,0.78961,0.106341,-0.250802,0.353704,-0.471634,1.26645,-2.01489,1.22162,0.231174,-0.373731,0.514806,-0.37882,0.17104,2.23076,-0.485821,-1.91754])
1.9754411463282835
Max g: 0.7622556639599889
f_8([0.159126,-0.933073,1.29336,0.27586,0.910862,-0.197691,1.0,0.641506,0.358494,0.548887,1.11656,-0.665446,-1.12931,-0.485719,-1.41916,-3.72713,-0.572731,1.67088,3.00084,3.22074,-0.0930952,2.72745,1.08286,-1.18239,2.42539,-1.05962,-1.66796,1.28784,0.783361,0.153756,-0.289932,0.345953,-0.464842,1.28164,-2.04759,1.23589,0.231955,-0.355748,0.502652,-0.381779,0.172537,2.24066,-0.535397,-1.87659])
1.9803106813001161
Max g: 0.7651250476749499
f_9([0.170022,-0.905048,1.2727,0.289753,0.886634,-0.176387,1.0,0.603574,0.396425,0.515889,1.12512,-0.641008,-1.13499,-0.510705,-1.45701,-3.77068,-0.590594,1.67761,3.00604,3.21941,-0.0959664,2.74391,1.10373,-1.20569,2.41341,-1.04307,-1.65517,1.28446,0.812742,0.140671,-0.300012,0.370279,-0.47613,1.26021,-2.10598,1.31913,0.199169,-0.349378,0.483256,-0.355521,0.168455,2.23145,-0.522278,-1.87549])
1.9618263240600988
Max g: 0.7783564496092608
f_10([0.151757,-0.918648,1.28745,0.275818,0.830183,-0.114891,1.0,0.550889,0.449111,0.445123,1.17159,-0.616712,-1.13458,-0.516679,-1.47326,-3.78114,-0.598286,1.67759,3.01804,3.23323,-0.0962101,2.7561,1.09385,-1.19441,2.41099,-1.05998,-1.63191,1.27757,0.790867,0.159033,-0.320976,0.374375,-0.483249,1.23564,-2.09468,1.33391,0.201967,-0.352482,0.474232,-0.33806,0.172572,2.23848,-0.516581,-1.88977])
1.9598387587654733
{0.15175661535304008,-0.9186482009167344,1.2874544528424074,0.27581777667076823,0.8301828398032778,-0.11489132857310365,1.0,0.5508893513731377,0.44911064862686245,0.4451234858026975,1.171588480175221,-0.6167119659779186,-1.134576524436723,-0.5166793349905621,-1.4732563144560806,-3.7811383329222803,-0.5982856778496277,1.6775873825935168,3.018039498373369,3.2332349063999253,-0.09621011747395594,2.756103694699794,1.0938484967025457,-1.1944078673060836,2.4109864335233553,-1.0599751092189604,-1.631913701810715,1.2775697467157272,0.7908673443942912,0.15903300109661686,-0.3209764272628438,0.37437458708813054,-0.4832492116283649,1.2356351117125575,-2.0946795543933376,1.3339126568143798,0.20196693112903136,-0.3524824357235231,0.474231534921862,-0.33806041327464237,0.17257249095533103,2.2384751635622693,-0.5165806481476649,-1.8897744998535013}]
Set[{A021,A031,A032,A041,A042,A043,A121,A131,A132,A141,A142,A143,B021,B031,B032,B041,B042,B043,B121,B131,B132,B141,B142,B143,\[Alpha]1,\[Alpha]2,\[Alpha]3,\[Alpha]4,\[Beta]11,\[Beta]12,\[Beta]13,\[Beta]14,\[Beta]21,\[Beta]22,\[Beta]23,\[Beta]24,\[Beta]31,\[Beta]32,\[Beta]33,\[Beta]34,\[Beta]41,\[Beta]42,\[Beta]43,\[Beta]44},{0.15175661535304008,-0.9186482009167344,1.2874544528424074,0.27581777667076823,0.8301828398032778,-0.11489132857310365,1.0,0.5508893513731377,0.44911064862686245,0.4451234858026975,1.171588480175221,-0.6167119659779186,-1.134576524436723,-0.5166793349905621,-1.4732563144560806,-3.7811383329222803,-0.5982856778496277,1.6775873825935168,3.018039498373369,3.2332349063999253,-0.09621011747395594,2.756103694699794,1.0938484967025457,-1.1944078673060836,2.4109864335233553,-1.0599751092189604,-1.631913701810715,1.2775697467157272,0.7908673443942912,0.15903300109661686,-0.3209764272628438,0.37437458708813054,-0.4832492116283649,1.2356351117125575,-2.0946795543933376,1.3339126568143798,0.20196693112903136,-0.3524824357235231,0.474231534921862,-0.33806041327464237,0.17257249095533103,2.2384751635622693,-0.5165806481476649,-1.8897744998535013}]

Max g: 0.7836886859236966
f_11([0.146749,-0.928722,1.28585,0.302271,0.762181,-0.0758797,1.0,0.502543,0.497457,0.38998,1.18115,-0.571127,-1.13154,-0.537604,-1.43436,-3.77568,-0.582715,1.65185,3.04355,3.26112,-0.0960432,2.78779,1.12015,-1.21812,2.40759,-1.02523,-1.64469,1.2571,0.803065,0.186515,-0.362957,0.391743,-0.483514,1.22594,-2.09735,1.34117,0.201284,-0.342274,0.479916,-0.354335,0.156309,2.2383,-0.50237,-1.8967])
1.9649070502667685
Max g: 0.7833076932656964
f_12([0.193175,-0.964448,1.30146,0.27517,0.735218,-0.018281,1.0,0.447633,0.552367,0.369539,1.18573,-0.555273,-1.16338,-0.540857,-1.4358,-3.76641,-0.609063,1.66652,3.07087,3.2828,-0.0952796,2.81201,1.12238,-1.22103,2.38534,-1.02487,-1.62634,1.2592,0.790928,0.218058,-0.389666,0.38459,-0.457984,1.21831,-2.10212,1.34713,0.222106,-0.315334,0.470451,-0.37141,0.154933,2.26126,-0.545491,-1.8748])
1.9654039415904248
Max g: 0.7837075237018312
f_13([0.161153,-0.988573,1.36138,0.234694,0.725294,0.0361583,1.0,0.374254,0.62575,0.306511,1.22143,-0.527924,-1.11942,-0.537564,-1.45149,-3.82118,-0.555802,1.67286,3.08012,3.29892,-0.0973652,2.82707,1.08531,-1.18244,2.34732,-1.00992,-1.60937,1.2475,0.785552,0.222483,-0.422126,0.421214,-0.475039,1.18735,-2.09622,1.37772,0.142263,-0.30559,0.452039,-0.356893,0.134356,2.26082,-0.526402,-1.88793])
1.960733163148055
Max g: 0.7895538195396449
f_14([0.16025,-0.990475,1.36332,0.217332,0.677518,0.103311,1.0,0.334393,0.665607,0.316778,1.21766,-0.534435,-1.1378,-0.52636,-1.51682,-3.85351,-0.557955,1.66777,3.08199,3.29481,-0.0955927,2.82984,1.13441,-1.22997,2.36499,-1.04227,-1.60741,1.26953,0.822147,0.270001,-0.454268,0.402253,-0.443644,1.1713,-2.09007,1.37963,0.196612,-0.343412,0.47474,-0.338234,0.141148,2.29204,-0.542052,-1.9053])
1.909056465487792
Max g: 0.7930944174131257
f_15([0.141614,-0.984639,1.35613,0.196492,0.666964,0.124214,1.0,0.287542,0.712458,0.282962,1.23542,-0.518385,-1.17526,-0.532587,-1.48523,-3.86731,-0.528266,1.65847,3.07247,3.28032,-0.0959015,2.83559,1.15939,-1.25711,2.39067,-1.0515,-1.6034,1.26571,0.779075,0.270812,-0.476204,0.426525,-0.407096,1.17399,-2.11567,1.39059,0.179908,-0.348488,0.490666,-0.348967,0.133251,2.26948,-0.490009,-1.93137])
1.9247582313153333
Max g: 0.7932104852970936
f_16([0.145185,-0.971505,1.3564,0.1561,0.666337,0.17708,1.0,0.232056,0.767944,0.290564,1.25892,-0.549483,-1.17551,-0.543787,-1.48696,-3.88725,-0.522446,1.66609,3.08618,3.29868,-0.0951208,2.84702,1.19009,-1.28412,2.42,-1.07605,-1.58217,1.26384,0.773442,0.277584,-0.485896,0.43104,-0.436088,1.18482,-2.12309,1.39259,0.199843,-0.363075,0.504442,-0.349582,0.118167,2.27966,-0.49929,-1.92788])
1.9056776044869286
Max g: 0.7917848407049655
f_17([0.166168,-0.964711,1.33729,0.142815,0.644022,0.211153,1.0,0.206204,0.793796,0.291755,1.26199,-0.553744,-1.16546,-0.551587,-1.47689,-3.88749,-0.520439,1.67576,3.08469,3.2975,-0.0960333,2.83658,1.20035,-1.29293,2.3927,-1.07043,-1.59749,1.27632,0.761745,0.274071,-0.484724,0.436146,-0.434771,1.14797,-2.08418,1.39289,0.201997,-0.366756,0.504332,-0.346618,0.156895,2.28518,-0.502164,-1.94137])
1.9025968782802591
Max g: 0.7909584627275053
f_18([0.176897,-0.968841,1.32736,0.102326,0.596928,0.300746,1.0,0.153964,0.846036,0.22349,1.30377,-0.527264,-1.15039,-0.570096,-1.47514,-3.94909,-0.500932,1.69013,3.11735,3.33741,-0.0965409,2.86241,1.23868,-1.32638,2.40665,-1.05128,-1.59246,1.25418,0.756265,0.256521,-0.481575,0.452917,-0.451281,1.13987,-2.0683,1.38895,0.209101,-0.360095,0.526535,-0.383945,0.150906,2.2745,-0.49981,-1.93174])
1.8813299296277661
Max g: 0.7824943481385385
f_19([0.154209,-0.966284,1.3391,0.111688,0.598772,0.284012,1.0,0.166185,0.833815,0.200479,1.29543,-0.495907,-1.13783,-0.567544,-1.46423,-3.92218,-0.4884,1.6776,3.13902,3.34575,-0.0963047,2.8823,1.2351,-1.32856,2.3998,-1.07504,-1.59893,1.27085,0.770363,0.267287,-0.491441,0.447253,-0.419301,1.13189,-2.09242,1.41284,0.20882,-0.371349,0.52929,-0.367683,0.191217,2.25602,-0.507407,-1.91422])
1.8890814342768056
Max g: 0.7902584617561005
f_20([0.160421,-0.944863,1.29613,0.0650724,0.582812,0.33192,1.0,0.181876,0.818124,0.118778,1.35383,-0.472609,-1.13162,-0.564989,-1.46106,-3.92576,-0.472428,1.6673,3.15162,3.36215,-0.096008,2.89997,1.23043,-1.32167,2.40874,-1.07482,-1.61663,1.27578,0.761207,0.267113,-0.497162,0.453027,-0.417982,1.12608,-2.08942,1.41363,0.214246,-0.370162,0.541621,-0.384031,0.167525,2.26737,-0.504086,-1.92178])
1.8753672337438898
{0.16042052299976928,-0.9448628833462731,1.2961308593873642,0.0650724316967348,0.5828122584926972,0.3319198554701121,1.0,0.18187638310790286,0.8181236168920973,0.11877760596741291,1.3538311512820491,-0.47260875724946194,-1.1316223972999175,-0.5649891291703482,-1.4610571484999788,-3.9257618408599932,-0.4724280678089545,1.6672997541498034,3.1516159992963306,3.362147783137354,-0.0960080124078613,2.8999729106832044,1.230433257200586,-1.321674689043312,2.4087449785761894,-1.0748240223590892,-1.6166286634876823,1.2757779509392342,0.7612065741908094,0.26711267401839855,-0.49716225814914683,0.45302745719791754,-0.41798184601779276,1.1260825594162482,-2.0894153615114113,1.413633799369527,0.21424570828003486,-0.3701615216539033,0.5416207444052884,-0.38403082505837177,0.1675247779125622,2.2673672834700787,-0.5040859360443412,-1.9217832498333902}]
Set[{A021,A031,A032,A041,A042,A043,A121,A131,A132,A141,A142,A143,B021,B031,B032,B041,B042,B043,B121,B131,B132,B141,B142,B143,\[Alpha]1,\[Alpha]2,\[Alpha]3,\[Alpha]4,\[Beta]11,\[Beta]12,\[Beta]13,\[Beta]14,\[Beta]21,\[Beta]22,\[Beta]23,\[Beta]24,\[Beta]31,\[Beta]32,\[Beta]33,\[Beta]34,\[Beta]41,\[Beta]42,\[Beta]43,\[Beta]44},{0.16042052299976928,-0.9448628833462731,1.2961308593873642,0.0650724316967348,0.5828122584926972,0.3319198554701121,1.0,0.18187638310790286,0.8181236168920973,0.11877760596741291,1.3538311512820491,-0.47260875724946194,-1.1316223972999175,-0.5649891291703482,-1.4610571484999788,-3.9257618408599932,-0.4724280678089545,1.6672997541498034,3.1516159992963306,3.362147783137354,-0.0960080124078613,2.8999729106832044,1.230433257200586,-1.321674689043312,2.4087449785761894,-1.0748240223590892,-1.6166286634876823,1.2757779509392342,0.7612065741908094,0.26711267401839855,-0.49716225814914683,0.45302745719791754,-0.41798184601779276,1.1260825594162482,-2.0894153615114113,1.413633799369527,0.21424570828003486,-0.3701615216539033,0.5416207444052884,-0.38403082505837177,0.1675247779125622,2.2673672834700787,-0.5040859360443412,-1.9217832498333902}]

Max g: 0.7874283976930134
f_21([0.156663,-0.938885,1.31525,0.0714363,0.600254,0.32831,1.0,0.239871,0.760129,0.101975,1.33612,-0.438097,-1.14019,-0.555488,-1.46167,-3.94097,-0.463876,1.67743,3.15441,3.3709,-0.0960584,2.90244,1.22523,-1.31397,2.41967,-1.06484,-1.62575,1.27732,0.741509,0.279678,-0.51266,0.459529,-0.446094,1.12331,-2.07796,1.40907,0.199243,-0.366783,0.545516,-0.394776,0.154907,2.27195,-0.49972,-1.92814])
1.8749697206849647
Max g: 0.7839579340727342
f_22([0.123173,-0.999209,1.4059,0.074266,0.587244,0.336713,1.0,0.259041,0.740959,0.0855243,1.32635,-0.411873,-1.14342,-0.540782,-1.45035,-3.92441,-0.467562,1.70339,3.16843,3.38641,-0.0954602,2.91417,1.22322,-1.31049,2.42125,-1.08013,-1.64051,1.30261,0.764645,0.304355,-0.532498,0.454553,-0.455683,1.12465,-2.07808,1.40937,0.211899,-0.356109,0.543655,-0.405117,0.156363,2.2821,-0.509955,-1.9276])
1.8601623592400047
Max g: 0.7824296848522511
f_23([0.117839,-0.999547,1.40837,0.0705006,0.58842,0.338565,1.0,0.259642,0.740358,0.0808638,1.33245,-0.413311,-1.14155,-0.534647,-1.45341,-3.92906,-0.46594,1.70906,3.17237,3.39437,-0.0955321,2.9105,1.22218,-1.30783,2.42199,-1.08263,-1.64305,1.30366,0.774841,0.309015,-0.531643,0.450445,-0.458607,1.13054,-2.07203,1.40509,0.380254,-0.349937,0.546865,-0.421716,0.174865,2.27896,-0.511651,-1.92778])
1.838299140999124
Max g: 0.7752124385385946
f_24([0.114733,-1.00259,1.40956,0.0812569,0.579906,0.336201,1.0,0.258999,0.741001,0.0846243,1.30199,-0.386614,-1.13281,-0.533065,-1.44547,-3.92946,-0.458496,1.7076,3.17599,3.39457,-0.0953752,2.91958,1.22101,-1.30777,2.42036,-1.07688,-1.64398,1.29681,0.765129,0.305907,-0.527644,0.446065,-0.460526,1.12451,-2.07714,1.40964,0.223947,-0.348729,0.552599,-0.426112,0.169002,2.27768,-0.502905,-1.9336])
1.858472928739573
Max g: 0.7777573925260883
f_25([0.114822,-1.07468,1.48851,0.107028,0.577831,0.315141,1.0,0.257928,0.742072,0.0702653,1.33866,-0.408925,-1.13637,-0.532595,-1.44649,-3.93074,-0.458176,1.70619,3.1815,3.40194,-0.0951928,2.92689,1.21714,-1.30302,2.41907,-1.0737,-1.63603,1.29124,0.775218,0.310003,-0.525696,0.437712,-0.459069,1.12093,-2.07536,1.41149,0.226194,-0.356992,0.559857,-0.425053,0.157166,2.28373,-0.505133,-1.93389])
1.8637399767703304
Max g: 0.777812543106031
f_26([0.119795,-1.0786,1.48438,0.0944859,0.586586,0.318123,1.0,0.244838,0.755162,0.0763768,1.36458,-0.440957,-1.13535,-0.534458,-1.44611,-3.9284,-0.455282,1.70145,3.20231,3.4194,-0.094053,2.94303,1.22041,-1.30619,2.42766,-1.08597,-1.6369,1.29557,0.780197,0.309199,-0.526124,0.437274,-0.45242,1.11778,-2.06897,1.404,0.222259,-0.361353,0.566633,-0.42656,0.186133,2.28743,-0.512205,-1.93632])
1.8621499245346302
Max g: 0.7787197873821131
f_27([0.118909,-1.07875,1.48459,0.092392,0.585587,0.319063,1.0,0.247126,0.752874,0.0558297,1.41226,-0.46809,-1.13445,-0.539391,-1.44503,-3.93185,-0.456974,1.70676,3.20968,3.42139,-0.0933829,2.94323,1.21793,-1.30518,2.42691,-1.09501,-1.62902,1.29616,0.781703,0.314644,-0.530686,0.436325,-0.455127,1.11893,-2.0695,1.4026,0.200423,-0.363726,0.565872,-0.421912,0.230895,2.28429,-0.517206,-1.93909])
1.8658269203296873
Max g: 0.7802349740376902
f_28([0.129406,-1.09226,1.48854,0.0828636,0.586107,0.324231,1.0,0.25332,0.74668,0.0482929,1.42572,-0.474009,-1.15597,-0.527906,-1.44175,-3.92811,-0.451697,1.70599,3.21358,3.43397,-0.0939971,2.95558,1.22354,-1.30829,2.43503,-1.10546,-1.62525,1.29859,0.783161,0.314737,-0.531416,0.436829,-0.461334,1.11969,-2.06923,1.40328,0.210606,-0.369411,0.569351,-0.419621,0.164297,2.27971,-0.509073,-1.9267])
1.8594667113868857
Max g: 0.780318798716934
f_29([0.136449,-1.10303,1.4914,0.0792313,0.582421,0.332076,1.0,0.227382,0.772618,0.0291737,1.43929,-0.468469,-1.13792,-0.528179,-1.43547,-3.91585,-0.459756,1.70831,3.20802,3.43259,-0.0953029,2.95376,1.22036,-1.30465,2.42217,-1.09365,-1.63473,1.29586,0.769787,0.315864,-0.542994,0.451539,-0.468803,1.11463,-2.06813,1.40975,0.222017,-0.356988,0.565376,-0.430466,0.14725,2.27122,-0.497703,-1.9247])
1.8611561418873175
Max g: 0.7779212137913627
f_30([0.135532,-1.09681,1.47587,0.0686293,0.587325,0.337038,1.0,0.227508,0.772492,0.0267313,1.43482,-0.461554,-1.13719,-0.448328,-1.40537,-3.79675,-0.481014,1.69279,3.22109,3.43906,-0.0942458,2.96203,1.21901,-1.30486,2.44963,-1.09339,-1.65732,1.28787,0.792676,0.316537,-0.539853,0.444407,-0.455462,1.11421,-2.06865,1.40581,0.225575,-0.359836,0.571433,-0.432976,0.187713,2.2712,-0.502319,-1.9292])
1.8672182160359252
{0.13553195408992025,-1.0968118386109225,1.4758688577903514,0.06862931612590918,0.587324586708877,0.3370377755998719,0.9999999744945406,0.227507637510723,0.7724924341162678,0.026731346777204817,1.4348226103067214,-0.46155393298534736,-1.137192280091665,-0.4483275231153728,-1.405370635953555,-3.7967535424449057,-0.48101416811733594,1.6927858568045315,3.221092197837188,3.439059868476357,-0.09424581249634882,2.9620286928357333,1.2190057286700728,-1.304863314210899,2.4496335933957085,-1.0933905418436565,-1.6573232341038342,1.2878655080296264,0.7926758593571499,0.3165368279239841,-0.539853410735767,0.444406945811311,-0.45546226143496854,1.114208658551641,-2.068650163190874,1.405805722360503,0.22557528702239119,-0.35983616562411264,0.5714329861507031,-0.4329756180511667,0.18771293435666286,2.2712045511766052,-0.5023193008690029,-1.9292044394492054}]
Set[{A021,A031,A032,A041,A042,A043,A121,A131,A132,A141,A142,A143,B021,B031,B032,B041,B042,B043,B121,B131,B132,B141,B142,B143,\[Alpha]1,\[Alpha]2,\[Alpha]3,\[Alpha]4,\[Beta]11,\[Beta]12,\[Beta]13,\[Beta]14,\[Beta]21,\[Beta]22,\[Beta]23,\[Beta]24,\[Beta]31,\[Beta]32,\[Beta]33,\[Beta]34,\[Beta]41,\[Beta]42,\[Beta]43,\[Beta]44},{0.13553195408992025,-1.0968118386109225,1.4758688577903514,0.06862931612590918,0.587324586708877,0.3370377755998719,0.9999999744945406,0.227507637510723,0.7724924341162678,0.026731346777204817,1.4348226103067214,-0.46155393298534736,-1.137192280091665,-0.4483275231153728,-1.405370635953555,-3.7967535424449057,-0.48101416811733594,1.6927858568045315,3.221092197837188,3.439059868476357,-0.09424581249634882,2.9620286928357333,1.2190057286700728,-1.304863314210899,2.4496335933957085,-1.0933905418436565,-1.6573232341038342,1.2878655080296264,0.7926758593571499,0.3165368279239841,-0.539853410735767,0.444406945811311,-0.45546226143496854,1.114208658551641,-2.068650163190874,1.405805722360503,0.22557528702239119,-0.35983616562411264,0.5714329861507031,-0.4329756180511667,0.18771293435666286,2.2712045511766052,-0.5023193008690029,-1.9292044394492054}]

Max g: 0.7786212421491386
f_31([0.132161,-1.10016,1.4781,0.0462128,0.600386,0.345637,1.0,0.215067,0.784933,0.020194,1.4395,-0.459693,-1.11557,-0.44145,-1.40551,-3.78887,-0.482738,1.69405,3.22368,3.44133,-0.0940397,2.97063,1.21724,-1.30354,2.46717,-1.09913,-1.66807,1.28771,0.78693,0.319687,-0.540797,0.43991,-0.438779,1.1211,-2.0848,1.41286,0.203893,-0.372954,0.58155,-0.428089,0.152874,2.27295,-0.504811,-1.92086])
1.8689076465363568
Max g: 0.7805069355567288
f_32([0.135789,-1.10094,1.47776,0.0470136,0.599572,0.347595,1.0,0.225199,0.774801,0.061171,1.3869,-0.448074,-1.12207,-0.443807,-1.41097,-3.79908,-0.47344,1.68512,3.22702,3.44311,-0.093477,2.97342,1.21708,-1.30354,2.47447,-1.10135,-1.66409,1.28613,0.781916,0.327002,-0.543072,0.433404,-0.438872,1.12165,-2.08656,1.41304,0.210731,-0.377822,0.584115,-0.424942,0.171053,2.27527,-0.502116,-1.92875])
1.8695039161247444
Max g: 0.7813502360063299
f_33([0.115192,-1.09755,1.48605,0.040581,0.610716,0.339933,1.0,0.235092,0.764908,0.0860055,1.35164,-0.437641,-1.12354,-0.436668,-1.41402,-3.79675,-0.471817,1.68329,3.23401,3.45022,-0.0923851,2.97614,1.22022,-1.30513,2.48355,-1.0979,-1.67258,1.28877,0.779081,0.330085,-0.543429,0.430581,-0.446958,1.1253,-2.08353,1.4078,0.209879,-0.38352,0.585433,-0.420149,0.188262,2.28549,-0.504156,-1.94189])
1.8660256768591499
Max g: 0.78176381769482
f_34([0.11114,-1.09678,1.48864,0.0124872,0.601334,0.378588,1.0,0.242762,0.757238,0.105749,1.33613,-0.441882,-1.10959,-0.436842,-1.41747,-3.80122,-0.46248,1.68149,3.23736,3.45964,-0.0927019,2.98258,1.21398,-1.29696,2.46946,-1.10998,-1.65583,1.28339,0.774315,0.330921,-0.550721,0.439815,-0.450762,1.12005,-2.07424,1.4058,0.208757,-0.390731,0.58381,-0.409918,0.157869,2.28736,-0.5011,-1.93955])
1.8641374898292555
Max g: 0.7831604573642502
f_35([0.105788,-1.09538,1.49183,0.00694721,0.614554,0.376226,1.0,0.242255,0.757745,0.154602,1.28935,-0.443955,-1.11029,-0.432012,-1.4086,-3.79805,-0.458259,1.68014,3.24163,3.46427,-0.0925254,2.98887,1.22359,-1.30705,2.49307,-1.12758,-1.64592,1.27551,0.779961,0.330521,-0.55023,0.438907,-0.45135,1.13074,-2.07782,1.39611,0.20831,-0.394023,0.585605,-0.407592,0.159535,2.26579,-0.48175,-1.93661])
1.8665225681828062
Max g: 0.7839905551848038
f_36([0.103678,-1.09514,1.49227,0.00830555,0.613271,0.376619,1.0,0.237114,0.762886,0.155237,1.28781,-0.443046,-1.11136,-0.43539,-1.41207,-3.79736,-0.461604,1.67481,3.24135,3.46507,-0.0923806,2.98868,1.22471,-1.30764,2.4926,-1.12751,-1.6424,1.27259,0.778817,0.327792,-0.547391,0.438865,-0.451567,1.13558,-2.07881,1.39286,0.216986,-0.391616,0.585014,-0.410246,0.156269,2.26668,-0.480492,-1.93811])
1.866423189918075
Max g: 0.7831514401985533
f_37([0.112173,-1.11064,1.49514,-0.00693667,0.621545,0.381979,1.0,0.214251,0.785749,0.178392,1.26135,-0.439746,-1.09025,-0.446674,-1.39722,-3.80298,-0.460789,1.68137,3.24897,3.47605,-0.0923625,3.00154,1.22507,-1.30671,2.49491,-1.11216,-1.65783,1.26818,0.776351,0.327043,-0.548686,0.440218,-0.450905,1.13279,-2.07975,1.39561,0.203918,-0.396419,0.586499,-0.405124,0.126937,2.26779,-0.474804,-1.93751])
1.8709945900957137
Max g: 0.7849562325340664
f_38([0.109527,-1.10299,1.49428,-0.0103019,0.623788,0.386514,1.0,0.206138,0.793862,0.211531,1.24256,-0.454092,-1.09631,-0.454125,-1.39604,-3.83675,-0.449966,1.69278,3.2662,3.48808,-0.0914162,3.01277,1.21893,-1.30131,2.51326,-1.11132,-1.66121,1.2668,0.764689,0.314279,-0.540672,0.443696,-0.435402,1.12851,-2.07788,1.39495,0.166332,-0.406254,0.590679,-0.396287,0.162632,2.2716,-0.481736,-1.94353])
1.8653300290060308
Max g: 0.7881377833975852
f_39([0.124407,-1.08862,1.47226,0.00694396,0.626737,0.359254,1.0,0.156872,0.843128,0.196848,1.27739,-0.474234,-1.11113,-0.455944,-1.39228,-3.81931,-0.481191,1.71863,3.2708,3.49902,-0.091777,3.02266,1.23394,-1.31445,2.51353,-1.12055,-1.67349,1.29032,0.785111,0.33116,-0.545747,0.429463,-0.445643,1.12412,-2.06717,1.38825,0.201324,-0.415266,0.604894,-0.404641,0.144104,2.26009,-0.464572,-1.94097])
1.8522120980615027
Max g: 0.784987061451942
f_40([0.131965,-1.08248,1.47186,0.0057156,0.62573,0.366834,1.0,0.163286,0.836714,0.211626,1.24846,-0.460089,-1.11537,-0.45466,-1.40092,-3.82963,-0.472791,1.72634,3.27649,3.50449,-0.0915381,3.02699,1.2361,-1.31603,2.45719,-1.10549,-1.67535,1.30215,0.782665,0.334704,-0.546986,0.426426,-0.448179,1.12148,-2.06976,1.39472,0.213104,-0.417523,0.608066,-0.405793,0.140962,2.26574,-0.470005,-1.94175])
1.8459512673834324
{0.13196483167966044,-1.0824829018414066,1.4718552262708182,0.0057155979664973225,0.6257303484651388,0.3668344237804708,1.0,0.16328598154330015,0.8367140184566999,0.21162581942758568,1.2484634376052683,-0.46008925703285414,-1.1153678395216025,-0.45465955872974684,-1.400919380986549,-3.8296288712335085,-0.4727905164256475,1.7263414384138265,3.276487587609034,3.5044948858815927,-0.09153805304500738,3.0269866260313822,1.2360992793545547,-1.316030044009694,2.457185212250297,-1.1054897722214645,-1.6753526373392214,1.3021452096559678,0.7826647146687635,0.334704164386421,-0.5469859203813608,0.42642623695712484,-0.4481791466439105,1.121481876401885,-2.0697562213919927,1.3947193271643317,0.21310355899495306,-0.41752252850422894,0.608066433108004,-0.40579343720588407,0.14096210535492484,2.2657417082217663,-0.47000538242560985,-1.9417491618677545}]
Set[{A021,A031,A032,A041,A042,A043,A121,A131,A132,A141,A142,A143,B021,B031,B032,B041,B042,B043,B121,B131,B132,B141,B142,B143,\[Alpha]1,\[Alpha]2,\[Alpha]3,\[Alpha]4,\[Beta]11,\[Beta]12,\[Beta]13,\[Beta]14,\[Beta]21,\[Beta]22,\[Beta]23,\[Beta]24,\[Beta]31,\[Beta]32,\[Beta]33,\[Beta]34,\[Beta]41,\[Beta]42,\[Beta]43,\[Beta]44},{0.13196483167966044,-1.0824829018414066,1.4718552262708182,0.0057155979664973225,0.6257303484651388,0.3668344237804708,1.0,0.16328598154330015,0.8367140184566999,0.21162581942758568,1.2484634376052683,-0.46008925703285414,-1.1153678395216025,-0.45465955872974684,-1.400919380986549,-3.8296288712335085,-0.4727905164256475,1.7263414384138265,3.276487587609034,3.5044948858815927,-0.09153805304500738,3.0269866260313822,1.2360992793545547,-1.316030044009694,2.457185212250297,-1.1054897722214645,-1.6753526373392214,1.3021452096559678,0.7826647146687635,0.334704164386421,-0.5469859203813608,0.42642623695712484,-0.4481791466439105,1.121481876401885,-2.0697562213919927,1.3947193271643317,0.21310355899495306,-0.41752252850422894,0.608066433108004,-0.40579343720588407,0.14096210535492484,2.2657417082217663,-0.47000538242560985,-1.9417491618677545}]

Max g: 0.7847504673978911
f_41([0.136112,-1.08747,1.47224,0.00742172,0.622743,0.367744,1.0,0.16487,0.83513,0.20294,1.25154,-0.454478,-1.1152,-0.45292,-1.40168,-3.83097,-0.475111,1.72436,3.27743,3.50632,-0.0916088,3.02748,1.23203,-1.31167,2.49359,-1.10158,-1.68235,1.29854,0.787532,0.332954,-0.545024,0.426189,-0.452807,1.11933,-2.06873,1.39725,0.212623,-0.420827,0.609387,-0.403808,0.143767,2.26357,-0.464613,-1.94616])
1.8394916801758994
Max g: 0.7847514724678294
f_42([0.135038,-1.08541,1.47224,0.00144585,0.625151,0.373374,1.0,0.161231,0.838769,0.200776,1.25506,-0.455835,-1.11403,-0.452889,-1.40316,-3.83615,-0.443605,1.69727,3.28236,3.50822,-0.091367,3.02941,1.23138,-1.31149,2.48763,-1.10255,-1.68362,1.29961,0.785721,0.330194,-0.542356,0.42537,-0.444533,1.1117,-2.06176,1.39539,0.207558,-0.416274,0.609807,-0.408999,0.173365,2.26893,-0.46875,-1.95285])
1.8408829758821372
Max g: 0.7845341490277893
f_43([0.148416,-1.1023,1.46698,0.0115794,0.611715,0.366829,1.0,0.165196,0.834804,0.205358,1.25712,-0.462474,-1.11906,-0.44808,-1.40319,-3.83977,-0.442936,1.69641,3.28484,3.51015,-0.0920654,3.03146,1.23578,-1.31597,2.48685,-1.09243,-1.69065,1.29511,0.776853,0.325122,-0.539524,0.427316,-0.446473,1.10825,-2.06254,1.39883,0.203738,-0.38692,0.615784,-0.451997,0.166607,2.26853,-0.472299,-1.94871])
1.8441624586182694
Max g: 0.7768675419326446
f_44([0.162331,-1.11665,1.46965,0.00318621,0.618198,0.370159,1.0,0.150692,0.849308,0.270133,1.20822,-0.478357,-1.1297,-0.438156,-1.40728,-3.83002,-0.449794,1.68872,3.29593,3.52059,-0.0915069,3.04746,1.24665,-1.32634,2.5196,-1.10706,-1.67899,1.28609,0.803833,0.311654,-0.534693,0.434445,-0.430671,1.10838,-2.06659,1.39714,0.224809,-0.390789,0.617643,-0.447143,0.14743,2.26743,-0.463854,-1.95184])
1.8315414189973975
Max g: 0.7797106424939458
f_45([0.173424,-1.12444,1.47507,0.00951866,0.608519,0.373075,1.0,0.142398,0.857602,0.279119,1.22248,-0.501595,-1.12186,-0.43671,-1.41215,-3.82876,-0.446134,1.6928,3.29992,3.52735,-0.0917149,3.05549,1.24269,-1.32138,2.50584,-1.11752,-1.68431,1.29991,0.799093,0.302664,-0.530169,0.438669,-0.421928,1.10114,-2.06443,1.4018,0.221088,-0.399747,0.618537,-0.436733,0.138384,2.26903,-0.454538,-1.95888])
1.8257774796429835
Max g: 0.7820571676520531
f_46([0.181071,-1.12055,1.47754,0.011371,0.612769,0.375399,1.0,0.143816,0.856184,0.278698,1.23272,-0.511416,-1.11771,-0.430142,-1.41388,-3.82706,-0.441616,1.69791,3.30355,3.53418,-0.0903635,3.05283,1.23983,-1.3168,2.49903,-1.12109,-1.68248,1.30464,0.798427,0.303205,-0.527238,0.436766,-0.444669,1.11045,-2.03773,1.36574,0.220774,-0.405813,0.619562,-0.433588,0.161239,2.26966,-0.453615,-1.96525])
1.8206098098769572
Max g: 0.780160794529965
f_47([0.179682,-1.114,1.47029,0.00727868,0.61311,0.376169,1.0,0.150035,0.849965,0.299415,1.2227,-0.522119,-1.12407,-0.43583,-1.40878,-3.8208,-0.442143,1.69329,3.30036,3.53277,-0.091218,3.05195,1.24919,-1.32539,2.50055,-1.13591,-1.66966,1.30504,0.788147,0.305965,-0.533949,0.442203,-0.433892,1.10157,-2.03517,1.37233,0.212452,-0.392382,0.610741,-0.43814,0.144155,2.27034,-0.451594,-1.96445])
1.8271687753492214
Max g: 0.7802190611467146
f_48([0.166741,-1.1181,1.47963,0.00804143,0.604071,0.384442,1.0,0.134833,0.865167,0.364012,1.18915,-0.553162,-1.1157,-0.432497,-1.40933,-3.82113,-0.450581,1.70584,3.3081,3.53796,-0.090193,3.05236,1.25179,-1.32661,2.49604,-1.15641,-1.64793,1.29572,0.796517,0.303395,-0.52842,0.438247,-0.436994,1.09386,-2.02851,1.37468,0.195559,-0.395926,0.613059,-0.436867,0.145553,2.30498,-0.489975,-1.96413])
1.83174017552686
Max g: 0.780266641497797
f_49([0.16891,-1.12438,1.48721,0.00151971,0.602499,0.395981,1.0,0.155719,0.844281,0.368585,1.2196,-0.588184,-1.10992,-0.437397,-1.40409,-3.80581,-0.460096,1.69889,3.31396,3.54558,-0.0903203,3.06143,1.26071,-1.33499,2.51802,-1.15674,-1.65325,1.29484,0.798004,0.297793,-0.519865,0.432756,-0.43922,1.09339,-2.03083,1.37652,0.203492,-0.393261,0.606265,-0.430312,0.142991,2.29993,-0.48272,-1.96231])
1.8305476363500848
Max g: 0.7826921659270609
f_50([0.163742,-1.13282,1.48988,0.00720308,0.604563,0.384208,1.0,0.159066,0.840934,0.347419,1.23069,-0.578104,-1.10768,-0.436422,-1.39953,-3.80309,-0.463464,1.69509,3.32108,3.55359,-0.090455,3.06993,1.26572,-1.33948,2.53106,-1.14744,-1.66897,1.29111,0.798991,0.29241,-0.514103,0.430747,-0.440138,1.09631,-2.04318,1.3876,0.203679,-0.395095,0.60813,-0.429632,0.135155,2.29926,-0.482635,-1.95905])
1.8314420407326661
{0.16374185105507108,-1.1328241656401947,1.4898751563135466,0.007203079966965221,0.6045627538931642,0.38420757348706547,0.9999999985801641,0.15906558219296077,0.8409344171460773,0.3474187758648907,1.2306854621581698,-0.5781042386567137,-1.1076828192732675,-0.436421709805171,-1.3995274727171712,-3.8030880462009518,-0.4634640743961419,1.6950898496366908,3.3210790916702666,3.55358955682094,-0.09045495838735389,3.0699272083302116,1.265716948515123,-1.339480812733768,2.5310562094955036,-1.1474362621213696,-1.6689722763227688,1.291110562048641,0.7989911433342739,0.2924095152082315,-0.514102760226105,0.43074723783187274,-0.44013770487517245,1.0963058082409187,-2.0431832003812804,1.3876006500448492,0.20367877565259473,-0.39509472189042555,0.6081300531588149,-0.42963152337984933,0.13515546601288914,2.2992587199428502,-0.48263452141468105,-1.9590490145396708}]
Set[{A021,A031,A032,A041,A042,A043,A121,A131,A132,A141,A142,A143,B021,B031,B032,B041,B042,B043,B121,B131,B132,B141,B142,B143,\[Alpha]1,\[Alpha]2,\[Alpha]3,\[Alpha]4,\[Beta]11,\[Beta]12,\[Beta]13,\[Beta]14,\[Beta]21,\[Beta]22,\[Beta]23,\[Beta]24,\[Beta]31,\[Beta]32,\[Beta]33,\[Beta]34,\[Beta]41,\[Beta]42,\[Beta]43,\[Beta]44},{0.16374185105507108,-1.1328241656401947,1.4898751563135466,0.007203079966965221,0.6045627538931642,0.38420757348706547,0.9999999985801641,0.15906558219296077,0.8409344171460773,0.3474187758648907,1.2306854621581698,-0.5781042386567137,-1.1076828192732675,-0.436421709805171,-1.3995274727171712,-3.8030880462009518,-0.4634640743961419,1.6950898496366908,3.3210790916702666,3.55358955682094,-0.09045495838735389,3.0699272083302116,1.265716948515123,-1.339480812733768,2.5310562094955036,-1.1474362621213696,-1.6689722763227688,1.291110562048641,0.7989911433342739,0.2924095152082315,-0.514102760226105,0.43074723783187274,-0.44013770487517245,1.0963058082409187,-2.0431832003812804,1.3876006500448492,0.20367877565259473,-0.39509472189042555,0.6081300531588149,-0.42963152337984933,0.13515546601288914,2.2992587199428502,-0.48263452141468105,-1.9590490145396708}]

Max g: 0.7834038083197963
f_51([0.169908,-1.13067,1.48806,0.00344246,0.60601,0.385938,1.0,0.161551,0.838449,0.344609,1.2341,-0.578712,-1.08424,-0.444121,-1.40136,-3.80096,-0.456941,1.69713,3.3218,3.5529,-0.0903636,3.06744,1.26412,-1.33824,2.51671,-1.1637,-1.65759,1.29815,0.763404,0.288667,-0.511075,0.43203,-0.438282,1.09507,-2.04237,1.38904,0.230754,-0.395809,0.612232,-0.434708,0.152934,2.29806,-0.482111,-1.9633])
1.840087949764287
Max g: 0.7817153933901555
f_52([0.170738,-1.13198,1.48759,0.0010952,0.611641,0.383232,1.0,0.162126,0.837874,0.358925,1.20288,-0.561808,-1.08695,-0.449192,-1.39748,-3.80344,-0.458788,1.6954,3.3243,3.55236,-0.0900422,3.07149,1.26343,-1.33846,2.5143,-1.1491,-1.65969,1.29261,0.774051,0.290674,-0.51555,0.43394,-0.426366,1.09554,-2.04858,1.39156,0.223544,-0.401555,0.619319,-0.43533,0.15218,2.30183,-0.485901,-1.9631])
1.8409823541468686
Max g: 0.7824338299641869
f_53([0.165665,-1.14147,1.49641,0.007251,0.598989,0.393476,1.0,0.140507,0.859493,0.391541,1.2165,-0.608043,-1.08945,-0.417832,-1.39653,-3.80558,-0.445832,1.70257,3.31493,3.54809,-0.0891037,3.06414,1.27463,-1.34679,2.51594,-1.15178,-1.64911,1.27669,0.788001,0.296414,-0.509824,0.421222,-0.428105,1.11167,-2.0459,1.37462,0.212299,-0.395792,0.595816,-0.413666,0.133693,2.31451,-0.482793,-1.97412])
1.8352184147924546
Max g: 0.786357337961934
f_54([0.16926,-1.13744,1.48304,-0.00451736,0.619072,0.384166,1.0,0.142195,0.857805,0.372267,1.23713,-0.6094,-1.09275,-0.415219,-1.39167,-3.80663,-0.446532,1.70171,3.31958,3.55243,-0.0891316,3.06646,1.27718,-1.34922,2.52117,-1.15104,-1.64347,1.26575,0.794697,0.302089,-0.50847,0.412482,-0.433131,1.10632,-2.04136,1.37585,0.216651,-0.393348,0.598051,-0.419555,0.144191,2.31385,-0.484901,-1.97357])
1.840087949764287
Max g: 0.7851481502453233
f_55([0.175588,-1.13527,1.47576,-0.00284566,0.628573,0.371109,1.0,0.141049,0.858951,0.317849,1.27195,-0.589802,-1.09859,-0.415733,-1.38839,-3.81434,-0.442595,1.70638,3.3183,3.5515,-0.0896168,3.07162,1.27797,-1.35073,2.51933,-1.14351,-1.6448,1.26554,0.792425,0.301152,-0.505832,0.408774,-0.404334,1.10217,-2.03898,1.37259,0.213394,-0.394957,0.606443,-0.427159,0.109435,2.30914,-0.484717,-1.96077])
1.8432680542356878
Max g: 0.784327387993664
f_56([0.173689,-1.12608,1.47043,-0.00910053,0.640822,0.363504,1.0,0.146024,0.853976,0.317067,1.28336,-0.600423,-1.08847,-0.411413,-1.39374,-3.80868,-0.439999,1.70828,3.32817,3.55843,-0.0892864,3.07477,1.27577,-1.34948,2.53188,-1.1721,-1.64468,1.278,0.795255,0.300779,-0.505316,0.408548,-0.417,1.1027,-2.03713,1.37085,0.213861,-0.394423,0.60615,-0.427313,0.148857,2.30105,-0.48604,-1.96005])
1.839690436705362
Max g: 0.7844144408454523
f_57([0.179913,-1.14843,1.48516,-0.0180965,0.6333,0.3751,1.0,0.158127,0.841873,0.314211,1.28501,-0.599217,-1.09182,-0.421363,-1.39255,-3.82155,-0.438766,1.71644,3.33207,3.56199,-0.0893697,3.07881,1.27934,-1.35346,2.52826,-1.18284,-1.62727,1.27686,0.774686,0.295758,-0.501655,0.409537,-0.420625,1.11102,-2.0477,1.37368,0.222447,-0.393415,0.614935,-0.439635,0.149646,2.29044,-0.479307,-1.95653])
1.8437649455593443
Max g: 0.7818857989157351
f_58([0.181549,-1.14494,1.48635,-0.0157256,0.635318,0.377348,1.0,0.157985,0.842015,0.312435,1.28558,-0.598017,-1.08849,-0.434007,-1.38009,-3.81882,-0.412789,1.68678,3.33418,3.5654,-0.0892881,3.08039,1.27958,-1.353,2.5322,-1.1823,-1.63049,1.27636,0.785206,0.294636,-0.500984,0.410159,-0.427427,1.11112,-2.0468,1.37397,0.221603,-0.39648,0.615792,-0.437373,0.148499,2.29182,-0.478515,-1.95858])
1.8437649455593443
Max g: 0.7819386596630367
{0.1385448891486965,-1.0844077878452791,1.4682354624912644,0.0032034451283022756,0.625207482037537,0.37140359128538736,0.9999999999999997,0.1646318069737725,0.8353681930262271,0.20224120029493425,1.2523831751647756,-0.45462437545971074,-1.1164496700513014,-0.45221876048619325,-1.4038007237903591,-3.8374027247700893,-0.44582450061309975,1.6990747895260239,3.2800134849028657,3.5073197006719874,-0.09122807002182427,3.0297978672006045,1.2315487057986092,-1.3111400589265878,2.487643847445732,-1.1022438565544843,-1.6826914630744514,1.2983336721843837,0.7873210380560013,0.331814600854588,-0.5418311179871835,0.42268376916401346,-0.4445458371634686,1.1144790639923339,-2.063960192047861,1.3947661510937313,0.2041856555843263,-0.41681184180923664,0.6077895226950393,-0.40576108107424774,0.14579812264653003,2.272432282454705,-0.4704176838248179,-1.9500916568986988}]
Set[{A021,A031,A032,A041,A042,A043,A121,A131,A132,A141,A142,A143,B021,B031,B032,B041,B042,B043,B121,B131,B132,B141,B142,B143,\[Alpha]1,\[Alpha]2,\[Alpha]3,\[Alpha]4,\[Beta]11,\[Beta]12,\[Beta]13,\[Beta]14,\[Beta]21,\[Beta]22,\[Beta]23,\[Beta]24,\[Beta]31,\[Beta]32,\[Beta]33,\[Beta]34,\[Beta]41,\[Beta]42,\[Beta]43,\[Beta]44},{0.1385448891486965,-1.0844077878452791,1.4682354624912644,0.0032034451283022756,0.625207482037537,0.37140359128538736,0.9999999999999997,0.1646318069737725,0.8353681930262271,0.20224120029493425,1.2523831751647756,-0.45462437545971074,-1.1164496700513014,-0.45221876048619325,-1.4038007237903591,-3.8374027247700893,-0.44582450061309975,1.6990747895260239,3.2800134849028657,3.5073197006719874,-0.09122807002182427,3.0297978672006045,1.2315487057986092,-1.3111400589265878,2.487643847445732,-1.1022438565544843,-1.6826914630744514,1.2983336721843837,0.7873210380560013,0.331814600854588,-0.5418311179871835,0.42268376916401346,-0.4445458371634686,1.1144790639923339,-2.063960192047861,1.3947661510937313,0.2041856555843263,-0.41681184180923664,0.6077895226950393,-0.40576108107424774,0.14579812264653003,2.272432282454705,-0.4704176838248179,-1.9500916568986988}]


-----------------Final Result------------------
Options: alg=LN_AUGLAG_EQ,dx=0.01,max_eval=100000000,popSize=0
imin=-1,jmin=-4,imax=1,jmax=4,
parameter_minmax=5,
randSeed=85128576,rand_minmax=2,
END_C=true, INEQ_C=true

5854414 steps

Completed with maxf : 1.8398891932348245

Constraints at 0.7852165998115551

x = [0.1385448891486965,-1.0844077878452791,1.4682354624912644,0.0032034451283022756,0.625207482037537,0.37140359128538736,0.9999999999999997,0.1646318069737725,0.8353681930262271,0.20224120029493425,1.2523831751647756,-0.45462437545971074,-1.1164496700513014,-0.45221876048619325,-1.4038007237903591,-3.8374027247700893,-0.44582450061309975,1.6990747895260239,3.2800134849028657,3.5073197006719874,-0.09122807002182427,3.0297978672006045,1.2315487057986092,-1.3111400589265878,2.487643847445732,-1.1022438565544843,-1.6826914630744514,1.2983336721843837,0.7873210380560013,0.331814600854588,-0.5418311179871835,0.42268376916401346,-0.4445458371634686,1.1144790639923339,-2.063960192047861,1.3947661510937313,0.2041856555843263,-0.41681184180923664,0.6077895226950393,-0.40576108107424774,0.14579812264653003,2.272432282454705,-0.4704176838248179,-1.9500916568986988]
c0 = [0.0,0.1385448891486965,0.3838276746459852,0.9998145184512266]
c1 = [0.0,0.9999999999999997,0.9999999999999996,0.9999999999999991]
A0 = [0.0,0.1385448891486965,-1.0844077878452791,0.0032034451283022756,0.0,0.0,1.4682354624912644,0.625207482037537,0.0,0.0,0.0,0.37140359128538736,0.0,0.0,0.0,0.0]
A1 = [0.0,0.9999999999999997,0.1646318069737725,0.20224120029493425,0.0,0.0,0.8353681930262271,1.2523831751647756,0.0,0.0,0.0,-0.45462437545971074,0.0,0.0,0.0,0.0]
B0 = [0.0,-1.1164496700513014,-0.45221876048619325,-3.8374027247700893,0.0,0.0,-1.4038007237903591,-0.44582450061309975,0.0,0.0,0.0,1.6990747895260239,0.0,0.0,0.0,0.0]
B1 = [0.0,3.2800134849028657,3.5073197006719874,3.0297978672006045,0.0,0.0,-0.09122807002182427,1.2315487057986092,0.0,0.0,0.0,-1.3111400589265878,0.0,0.0,0.0,0.0]
α  = [2.487643847445732,-1.1022438565544843,-1.6826914630744514,1.2983336721843837]
β1 = [0.7873210380560013,0.331814600854588,-0.5418311179871835,0.42268376916401346]
β2 = [-0.4445458371634686,1.1144790639923339,-2.063960192047861,1.3947661510937313]
β3 = [0.2041856555843263,-0.41681184180923664,0.6077895226950393,-0.40576108107424774]
β4 = [0.14579812264653003,2.272432282454705,-0.4704176838248179,-1.9500916568986988]


Set[{A021,A031,A032,A041,A042,A043,A121,A131,A132,A141,A142,A143,B021,B031,B032,B041,B042,B043,B121,B131,B132,B141,B142,B143,\[Alpha]1,\[Alpha]2,\[Alpha]3,\[Alpha]4,\[Beta]11,\[Beta]12,\[Beta]13,\[Beta]14,\[Beta]21,\[Beta]22,\[Beta]23,\[Beta]24,\[Beta]31,\[Beta]32,\[Beta]33,\[Beta]34,\[Beta]41,\[Beta]42,\[Beta]43,\[Beta]44},{0.1385448891486965,-1.0844077878452791,1.4682354624912644,0.0032034451283022756,0.625207482037537,0.37140359128538736,0.9999999999999997,0.1646318069737725,0.8353681930262271,0.20224120029493425,1.2523831751647756,-0.45462437545971074,-1.1164496700513014,-0.45221876048619325,-1.4038007237903591,-3.8374027247700893,-0.44582450061309975,1.6990747895260239,3.2800134849028657,3.5073197006719874,-0.09122807002182427,3.0297978672006045,1.2315487057986092,-1.3111400589265878,2.487643847445732,-1.1022438565544843,-1.6826914630744514,1.2983336721843837,0.7873210380560013,0.331814600854588,-0.5418311179871835,0.42268376916401346,-0.4445458371634686,1.1144790639923339,-2.063960192047861,1.3947661510937313,0.2041856555843263,-0.41681184180923664,0.6077895226950393,-0.40576108107424774,0.14579812264653003,2.272432282454705,-0.4704176838248179,-1.9500916568986988}]



