
-----------------Setup------------------
Options: alg=LN_AUGLAG_EQ,dx=0.01,max_eval=100000000,popSize=0
imin=-1,jmin=-4,imax=1,jmax=4,
parameter_minmax=5,
randSeed=59768347, rand_minmax=3,
END_C=true, INEQ_C=true

Initial Condition:

[2.70135,-0.743069,-0.399138,1.8263,-1.34288,1.65225,-0.813659,0.00377542,1.80844,-0.813545,-0.421164,2.18194,-0.534355,-1.28199,1.22508,1.2697,-2.89086,-1.35425,0.148557,2.60822,0.206983,-2.46964,-1.58332,2.4634,-2.50988,-1.61753,0.122038,-1.28763,0.510238,0.321211,-2.94346,-2.06364,-0.587717,-2.46048,-2.31358,1.82882,-2.3153,-0.0932187,0.924958,-2.4035,-0.70526,-1.45609,2.1672,-2.07227]

f_1([2.54877e-9,-1.44132,1.44254,-1.4582,-0.986069,3.3449,1.15688e-7,0.147097,-0.143298,0.152464,-0.148505,0.00525275,-0.0553972,-1.9775,1.3642,0.180137,-2.10413,-0.671242,-0.0894355,3.41603,-1.75911,4.31521,-3.91357,0.529451,-2.64286,-0.272083,4.35646,-0.866497,0.22565,2.46195,-2.46146,-0.268298,3.38936,1.27539,-4.44208,-0.215599,-2.09078,3.25705,-0.00818575,-1.3248,2.3978,-1.43193,0.832648,-1.39707])
14.396332942031416
Max g: 0.9877650178013179
f_2([1.84945e-7,-1.40626,1.43019,-1.40131,-0.977761,3.33221,4.46684e-7,0.147093,-0.142856,0.123037,-0.130534,0.0118558,-0.0799834,-1.94678,1.3793,0.187388,-2.09399,-0.622506,-0.074175,3.37831,-1.85773,4.33116,-3.94566,0.498991,-2.63336,-0.27609,4.36397,-0.765107,0.225362,2.42136,-2.43191,-0.286371,3.36203,1.30645,-4.44247,-0.250615,-2.06862,3.24692,-0.022839,-1.29908,2.26812,-1.33849,0.588593,-1.24636])
15.089297582002596
Max g: 0.9942418372689373
f_3([2.60044e-19,-2.54269,2.54269,-1.98777,-0.527149,3.46424,0.194513,0.0781468,0.116366,0.717651,-0.199411,0.48176,-0.454801,-1.54405,2.01956,1.27627,-2.1779,-0.246818,-0.234115,1.45624,-2.25515,3.36116,-4.26194,-0.764236,-2.75759,-0.191481,3.36072,0.593228,0.0955997,2.76615,-2.70781,0.909584,2.02467,-0.160466,-2.48281,0.622205,-2.05829,0.92549,1.85669,-0.852546,3.02336,-2.92125,-1.12332,0.989829])
2.684703821715393
Max g: 0.6886225989847998
f_4([4.70012e-27,-2.54085,2.54085,-1.95967,-0.523459,3.48017,0.235567,0.209153,0.0264143,0.824857,-0.214101,0.38852,-0.396592,-1.56223,2.04666,1.34111,-2.22905,-0.327934,-0.258592,1.42588,-2.37936,3.01764,-4.42265,-0.224624,-2.67187,-0.0937974,3.25847,0.506494,-0.00216477,2.49335,-2.72376,1.21893,2.14083,-0.94093,-1.90484,0.69771,-0.890531,-0.344135,2.41342,-1.23272,3.38715,-3.57612,-0.985265,1.16517])
2.6611511729740807
Max g: 0.2556278052025771
f_5([0.00178736,-2.55199,2.55889,-1.95591,-0.51096,3.46686,0.22815,0.391529,-0.0986859,0.816013,-0.0690387,0.234545,-0.424362,-1.55024,2.02822,1.32797,-2.23484,-0.362669,-0.3088,1.22882,-2.37572,2.74717,-4.50178,0.0368601,-2.66107,-0.0933463,3.27649,0.477172,0.424048,1.73378,-2.58662,1.42506,2.32965,-1.48072,-1.65298,0.802995,0.323246,-1.46257,2.56355,-1.43197,3.37715,-3.82726,-0.631933,1.08828])
3.124949534474941
Max g: 0.0538836192321237
f_6([9.79718e-5,-2.54912,2.55561,-1.95389,-0.511646,3.46548,0.204775,0.447491,-0.130766,0.817018,-0.0151915,0.184305,-0.446759,-1.55053,2.02698,1.32859,-2.23953,-0.36222,-0.335983,1.12824,-2.39309,2.63851,-4.56043,0.118845,-2.66225,-0.098542,3.28283,0.477888,0.512717,1.54546,-2.57731,1.51945,2.37036,-1.69252,-1.47295,0.796167,0.590931,-1.67797,2.62462,-1.53505,3.20995,-3.81874,-0.272569,0.886204])
3.1973962894640406
Max g: 0.04083324717468484
f_7([0.00171365,-2.55146,2.55862,-1.95414,-0.511896,3.46602,0.188501,0.463002,-0.136067,0.818156,0.00161137,0.170047,-0.452361,-1.5524,2.02844,1.3265,-2.24089,-0.362746,-0.352995,1.06905,-2.40812,2.57893,-4.59747,0.154976,-2.66059,-0.0987214,3.28342,0.475892,0.504939,1.51165,-2.57985,1.56498,2.37695,-1.80312,-1.33555,0.76264,0.662058,-1.71844,2.65064,-1.58959,3.10026,-3.78878,-0.0460874,0.738445])
3.176626232135204
Max g: 0.029076170572665205
f_8([0.00145009,-2.55183,2.55842,-1.95466,-0.510318,3.46496,0.176349,0.469974,-0.137439,0.817452,0.00857852,0.166733,-0.454725,-1.5531,2.02925,1.3273,-2.24095,-0.361307,-0.365078,1.02902,-2.42142,2.53906,-4.62325,0.174811,-2.66062,-0.100178,3.28331,0.477627,0.485422,1.50586,-2.58156,1.5923,2.3786,-1.87686,-1.22859,0.727588,0.693561,-1.72907,2.66469,-1.62377,3.02448,-3.76007,0.107964,0.630849])
3.172253588487028
Max g: 0.02130209960656504
f_9([0.00103669,-2.55236,2.55899,-1.95501,-0.510095,3.46506,0.168017,0.474103,-0.138834,0.818962,0.0107972,0.164952,-0.455985,-1.55303,2.02904,1.32782,-2.24136,-0.362234,-0.373062,1.00275,-2.43085,2.51154,-4.63822,0.185686,-2.6615,-0.100346,3.28465,0.477443,0.471213,1.50474,-2.58221,1.60822,2.37852,-1.92272,-1.15518,0.700179,0.711051,-1.7332,2.6711,-1.64343,2.97525,-3.73888,0.207735,0.558355])
3.1635083011906757
Max g: 0.021911828946638623
f_10([0.00184282,-2.55199,2.5585,-1.9535,-0.510759,3.46426,0.160926,0.475772,-0.13866,0.818172,0.0125676,0.165312,-0.455629,-1.55279,2.02857,1.32907,-2.24194,-0.362227,-0.379585,0.982129,-2.44011,2.48927,-4.65042,0.193383,-2.6626,-0.101361,3.28587,0.478112,0.458995,1.50413,-2.58208,1.62074,2.37898,-1.96063,-1.0929,0.675402,0.724602,-1.73556,2.67613,-1.65942,2.93601,-3.71951,0.286661,0.499159])
3.1619182489549753
{0.0018428198641737233,-2.5519905235474436,2.558496980272756,-1.9535004573623553,-0.510758840433914,3.464257434257533,0.16092595126265075,0.475771662415509,-0.13865987912585315,0.8181724909863674,0.012567627717235831,0.1653119413944852,-0.455629020306314,-1.5527922514228365,2.028572097779472,1.3290694913634822,-2.241939644136223,-0.3622266642449795,-0.3795854112418654,0.9821292184972528,-2.440113591260395,2.4892701621726725,-4.650416476056702,0.19338332982295267,-2.6625984171755896,-0.10136056837215125,3.285866557647147,0.47811204003575175,0.4589948367995895,1.5041258603099321,-2.5820827649506954,1.6207422823295823,2.378982632305118,-1.9606337807841285,-1.0928989272687455,0.6754023786691531,0.7246023492848616,-1.7355640270743207,2.6761321151138078,-1.659421821511155,2.936007780424712,-3.719514010997201,0.28666051812410226,0.49915873391408294}]
Set[{A021,A031,A032,A041,A042,A043,A121,A131,A132,A141,A142,A143,B021,B031,B032,B041,B042,B043,B121,B131,B132,B141,B142,B143,\[Alpha]1,\[Alpha]2,\[Alpha]3,\[Alpha]4,\[Beta]11,\[Beta]12,\[Beta]13,\[Beta]14,\[Beta]21,\[Beta]22,\[Beta]23,\[Beta]24,\[Beta]31,\[Beta]32,\[Beta]33,\[Beta]34,\[Beta]41,\[Beta]42,\[Beta]43,\[Beta]44},{0.0018428198641737233,-2.5519905235474436,2.558496980272756,-1.9535004573623553,-0.510758840433914,3.464257434257533,0.16092595126265075,0.475771662415509,-0.13865987912585315,0.8181724909863674,0.012567627717235831,0.1653119413944852,-0.455629020306314,-1.5527922514228365,2.028572097779472,1.3290694913634822,-2.241939644136223,-0.3622266642449795,-0.3795854112418654,0.9821292184972528,-2.440113591260395,2.4892701621726725,-4.650416476056702,0.19338332982295267,-2.6625984171755896,-0.10136056837215125,3.285866557647147,0.47811204003575175,0.4589948367995895,1.5041258603099321,-2.5820827649506954,1.6207422823295823,2.378982632305118,-1.9606337807841285,-1.0928989272687455,0.6754023786691531,0.7246023492848616,-1.7355640270743207,2.6761321151138078,-1.659421821511155,2.936007780424712,-3.719514010997201,0.28666051812410226,0.49915873391408294}]

Max g: 0.022384816980946243
f_11([0.00140957,-2.55204,2.55852,-1.95426,-0.510486,3.46475,0.154637,0.476861,-0.138671,0.819041,0.0139431,0.164235,-0.457261,-1.55216,2.02796,1.32965,-2.24262,-0.362209,-0.385355,0.963297,-2.4474,2.47033,-4.66197,0.199973,-2.66252,-0.101236,3.28574,0.478113,0.448613,1.50397,-2.58079,1.62987,2.3784,-1.99233,-1.03668,0.651438,0.735151,-1.73668,2.6787,-1.67133,2.90193,-3.70183,0.354475,0.447384])
3.155657418276905
Max g: 0.022504416432818475
f_12([0.00167263,-2.55188,2.55825,-1.95448,-0.510596,3.46507,0.150971,0.477054,-0.138398,0.819065,0.0145097,0.164294,-0.457592,-1.55207,2.02806,1.32971,-2.24221,-0.361687,-0.388763,0.951976,-2.4512,2.45993,-4.66957,0.203969,-2.66271,-0.100771,3.28509,0.47854,0.441947,1.50501,-2.58038,1.63503,2.37798,-2.01044,-1.0037,0.636959,0.741037,-1.7374,2.68018,-1.67795,2.88231,-3.69109,0.392656,0.417812])
3.1544648791001295
Max g: 0.022650657487428894
f_13([0.00158537,-2.55196,2.5582,-1.95471,-0.510547,3.46526,0.148348,0.477416,-0.138427,0.819085,0.0150177,0.164273,-0.457479,-1.55181,2.02783,1.33,-2.24222,-0.361369,-0.391128,0.944401,-2.45443,2.45256,-4.67465,0.206398,-2.66288,-0.100996,3.28503,0.478948,0.43711,1.50577,-2.57984,1.63849,2.37772,-2.02301,-0.980517,0.626594,0.745273,-1.7379,2.68111,-1.68254,2.86879,-3.68351,0.419391,0.396851])
3.1544648791001295
Max g: 0.02267797772617658
f_14([0.0018019,-2.5522,2.55833,-1.9549,-0.510636,3.46553,0.146141,0.47783,-0.138624,0.819174,0.0154204,0.164173,-0.45753,-1.55189,2.02794,1.33021,-2.24197,-0.361305,-0.393125,0.937989,-2.45708,2.44628,-4.67881,0.208384,-2.66292,-0.101373,3.28504,0.479336,0.433396,1.50628,-2.57949,1.64139,2.37763,-2.03369,-0.960876,0.617704,0.748707,-1.73827,2.68183,-1.68629,2.85724,-3.67667,0.441435,0.379461])
3.152874826864429
Max g: 0.02271812901780046
f_15([0.00193459,-2.55231,2.55838,-1.95469,-0.510512,3.4652,0.144245,0.478006,-0.138712,0.819099,0.0157948,0.164133,-0.457405,-1.55173,2.02785,1.33032,-2.24177,-0.361241,-0.394823,0.932613,-2.45945,2.44103,-4.68245,0.210017,-2.66288,-0.101308,3.28478,0.47954,0.430141,1.50665,-2.57896,1.64368,2.37725,-2.04237,-0.944153,0.610009,0.751517,-1.73849,2.68237,-1.68939,2.84747,-3.67082,0.460013,0.364689])
3.152775448599698
Max g: 0.02319194803681235
f_16([0.00192664,-2.5521,2.55805,-1.95455,-0.510855,3.4654,0.142627,0.478224,-0.138827,0.819,0.0159458,0.164345,-0.457853,-1.55155,2.02767,1.33024,-2.24147,-0.360958,-0.396278,0.928023,-2.46148,2.4365,-4.68547,0.211347,-2.66308,-0.101721,3.28494,0.479972,0.427605,1.50677,-2.57851,1.64562,2.37725,-2.05001,-0.9299,0.603431,0.754124,-1.7389,2.6828,-1.69199,2.83919,-3.66574,0.475725,0.352127])
3.1536698529822793
Max g: 0.02365576968941374
f_17([0.0019697,-2.55214,2.55799,-1.95465,-0.510783,3.46543,0.141567,0.478454,-0.138991,0.818963,0.0162032,0.164335,-0.457852,-1.55146,2.02763,1.33044,-2.24129,-0.36091,-0.39723,0.92492,-2.46271,2.43348,-4.68743,0.212244,-2.66311,-0.101828,3.28484,0.480244,0.425749,1.50706,-2.57821,1.64684,2.37711,-2.05487,-0.920548,0.599066,0.755688,-1.73902,2.683,-1.6936,2.83383,-3.66245,0.485922,0.343947])
3.153868609511742
Max g: 0.02397493368084147
f_18([0.00193051,-2.55214,2.55792,-1.95479,-0.510818,3.46561,0.140626,0.478552,-0.139075,0.818995,0.0162759,0.164347,-0.458027,-1.55139,2.02757,1.33055,-2.24115,-0.360796,-0.398075,0.922233,-2.46382,2.43089,-4.6892,0.213034,-2.66317,-0.102006,3.2848,0.480509,0.424239,1.50721,-2.5779,1.6479,2.37697,-2.05918,-0.912153,0.595121,0.757093,-1.7392,2.68323,-1.69506,2.82903,-3.6595,0.494959,0.336727])
3.153471096452817
Max g: 0.02424608021057839
f_19([0.00189443,-2.55219,2.5579,-1.95486,-0.510954,3.46582,0.139861,0.478665,-0.13914,0.81898,0.0164015,0.164377,-0.457992,-1.55129,2.02751,1.33063,-2.24106,-0.360685,-0.398765,0.919991,-2.46472,2.42872,-4.69062,0.213656,-2.66322,-0.102131,3.28477,0.480704,0.422912,1.50748,-2.57775,1.6488,2.37688,-2.06267,-0.905405,0.591948,0.758326,-1.73946,2.68351,-1.69629,2.82511,-3.65703,0.502262,0.33083])
3.154266122570667
Max g: 0.024467239121228168
f_20([0.00142817,-2.55883,2.56393,-1.94474,-0.520539,3.46528,0.136824,0.468376,-0.131347,0.822373,0.00793343,0.169695,-0.419778,-1.55162,2.02785,1.33179,-2.24619,-0.34971,-0.394093,0.929659,-2.46567,2.43389,-4.68012,0.201607,-2.6669,-0.106096,3.28958,0.483365,0.399195,1.55009,-2.59416,1.64664,2.37183,-2.04914,-0.910829,0.5887,0.714846,-1.69918,2.66815,-1.68129,2.83122,-3.66457,0.50108,0.331699])
3.165098353426376
{0.0014281719232426642,-2.5588315520249965,2.563927382086049,-1.944742003303788,-0.5205390761828793,3.4652820508214175,0.13682364656507437,0.4683755120086419,-0.13134692778294985,0.8223730331030137,0.00793342855052828,0.16969549793030825,-0.4197776830640756,-1.5516174134721965,2.0278504189591176,1.331793186639788,-2.2461901010177594,-0.34970993714741727,-0.3940930229629313,0.9296589436914305,-2.4656713117260183,2.433887542582371,-4.680117962312289,0.20160720405618732,-2.6669039047617256,-0.1060963585711767,3.289578668836418,0.4833653966669312,0.39919540997367187,1.5500881486394984,-2.5941625118445124,1.64664087649357,2.371830881139594,-2.0491361583801875,-0.9108288901226445,0.5887004474001724,0.7148462211954633,-1.6991779723914235,2.66814932538711,-1.6812880958295093,2.8312173982097457,-3.6645690815585112,0.5010802791796378,0.3316991261648049}]
Set[{A021,A031,A032,A041,A042,A043,A121,A131,A132,A141,A142,A143,B021,B031,B032,B041,B042,B043,B121,B131,B132,B141,B142,B143,\[Alpha]1,\[Alpha]2,\[Alpha]3,\[Alpha]4,\[Beta]11,\[Beta]12,\[Beta]13,\[Beta]14,\[Beta]21,\[Beta]22,\[Beta]23,\[Beta]24,\[Beta]31,\[Beta]32,\[Beta]33,\[Beta]34,\[Beta]41,\[Beta]42,\[Beta]43,\[Beta]44},{0.0014281719232426642,-2.5588315520249965,2.563927382086049,-1.944742003303788,-0.5205390761828793,3.4652820508214175,0.13682364656507437,0.4683755120086419,-0.13134692778294985,0.8223730331030137,0.00793342855052828,0.16969549793030825,-0.4197776830640756,-1.5516174134721965,2.0278504189591176,1.331793186639788,-2.2461901010177594,-0.34970993714741727,-0.3940930229629313,0.9296589436914305,-2.4656713117260183,2.433887542582371,-4.680117962312289,0.20160720405618732,-2.6669039047617256,-0.1060963585711767,3.289578668836418,0.4833653966669312,0.39919540997367187,1.5500881486394984,-2.5941625118445124,1.64664087649357,2.371830881139594,-2.0491361583801875,-0.9108288901226445,0.5887004474001724,0.7148462211954633,-1.6991779723914235,2.66814932538711,-1.6812880958295093,2.8312173982097457,-3.6645690815585112,0.5010802791796378,0.3316991261648049}]

Max g: 0.018440686872590928
f_21([0.00103264,-2.55863,2.56359,-1.94512,-0.52056,3.46568,0.138529,0.464305,-0.128767,0.822198,0.00283614,0.174965,-0.417441,-1.55217,2.02856,1.33166,-2.24596,-0.3491,-0.392226,0.938961,-2.46668,2.44,-4.67549,0.197263,-2.66681,-0.105988,3.28912,0.483674,0.368674,1.5933,-2.60994,1.64851,2.36214,-2.02944,-0.927126,0.594622,0.674308,-1.65018,2.63882,-1.66203,2.84517,-3.67603,0.486069,0.344416])
3.1461171048627024
Max g: 0.014258803739169545
f_22([0.000184609,-2.55904,2.56392,-1.9451,-0.52071,3.46581,0.140229,0.462861,-0.128008,0.821859,0.00121207,0.176929,-0.417239,-1.55227,2.02865,1.33218,-2.24592,-0.349255,-0.390585,0.944981,-2.46517,2.44569,-4.67254,0.194986,-2.66701,-0.106245,3.28927,0.483981,0.358351,1.61069,-2.61658,1.64766,2.35996,-2.01856,-0.942156,0.600818,0.656787,-1.63061,2.62652,-1.65228,2.85512,-3.6828,0.469965,0.35739])
3.138067465419469
Max g: 0.011252759628660125
f_23([8.56829e-6,-2.55909,2.56391,-1.94513,-0.520758,3.46589,0.141563,0.462565,-0.127873,0.821743,0.000504616,0.177753,-0.416887,-1.55223,2.02866,1.33225,-2.24596,-0.348935,-0.389383,0.949096,-2.46377,2.44953,-4.66996,0.193555,-2.66718,-0.106077,3.28912,0.484133,0.356064,1.61642,-2.6189,1.64645,2.35938,-2.01153,-0.953747,0.605875,0.649363,-1.62353,2.62242,-1.64809,2.86189,-3.68682,0.45712,0.367546])
3.1373718175663505
Max g: 0.00912488003235612
f_24([1.15146e-5,-2.55913,2.56392,-1.94507,-0.520764,3.46584,0.142555,0.462472,-0.127798,0.821629,0.000350892,0.17802,-0.416915,-1.5522,2.02863,1.33227,-2.24586,-0.348952,-0.38851,0.952007,-2.4627,2.45232,-4.66816,0.192613,-2.66716,-0.106247,3.28917,0.484224,0.356091,1.61822,-2.61969,1.64533,2.35929,-2.00661,-0.962411,0.609748,0.646067,-1.62104,2.6211,-1.64599,2.86682,-3.68965,0.447557,0.375055])
3.136874926242694
Max g: 0.00760956403117663
f_25([8.34984e-6,-2.55912,2.5639,-1.94509,-0.520673,3.46576,0.143271,0.462404,-0.127763,0.821686,0.000257782,0.178056,-0.417031,-1.55217,2.02862,1.33236,-2.24584,-0.348923,-0.38787,0.954122,-2.46189,2.45439,-4.66684,0.191915,-2.66718,-0.106238,3.28909,0.484315,0.35672,1.61884,-2.61996,1.64433,2.35921,-2.00304,-0.968708,0.612538,0.644233,-1.62004,2.62046,-1.64456,2.87047,-3.69182,0.440628,0.380519])
3.1367755479779627
Max g: 0.006510389103266512
f_26([1.12001e-5,-2.55904,2.56376,-1.94528,-0.520472,3.46575,0.144559,0.462399,-0.127729,0.821555,0.000254986,0.178189,-0.417111,-1.55212,2.02863,1.33252,-2.24567,-0.349026,-0.386732,0.957715,-2.46035,2.45778,-4.66424,0.19072,-2.66705,-0.106168,3.28879,0.484428,0.358503,1.61898,-2.62007,1.64256,2.35928,-1.99691,-0.97992,0.617541,0.641639,-1.61912,2.62017,-1.64262,2.87714,-3.6958,0.428277,0.390238])
3.138067465419469
Max g: 0.00456096030262354
f_27([1.85464e-6,-2.55905,2.56375,-1.94551,-0.520313,3.46583,0.14577,0.462279,-0.127612,0.821234,4.65413e-5,0.178719,-0.417183,-1.55217,2.02869,1.33264,-2.24563,-0.349043,-0.385654,0.961126,-2.45887,2.46121,-4.66202,0.189579,-2.66705,-0.10626,3.28878,0.484538,0.360311,1.61908,-2.62016,1.64077,2.35931,-1.99094,-0.99068,0.622308,0.639547,-1.61879,2.61997,-1.64068,2.88341,-3.69951,0.416617,0.399394])
3.1399556524493635
Max g: 0.0027319644502863394
f_28([2.08174e-8,-2.55921,2.56388,-1.94539,-0.520293,3.46569,0.146728,0.462358,-0.127688,0.821119,6.33268e-5,0.178816,-0.417168,-1.55216,2.02869,1.33273,-2.24576,-0.348824,-0.384788,0.964005,-2.45783,2.46395,-4.66016,0.188612,-2.66709,-0.106318,3.28874,0.484654,0.361816,1.61903,-2.62019,1.63935,2.35924,-1.98606,-0.999264,0.626083,0.637808,-1.6184,2.61979,-1.63916,2.88841,-3.70236,0.407079,0.406836])
3.1404525437730197
Max g: 0.0012260885909782804
f_29([1.35932e-5,-2.55919,2.56385,-1.94531,-0.520309,3.46562,0.147437,0.462336,-0.127695,0.821103,6.79136e-5,0.178829,-0.41709,-1.55222,2.02876,1.33267,-2.24571,-0.348771,-0.384147,0.966092,-2.45698,2.46597,-4.65877,0.187871,-2.66706,-0.106303,3.2887,0.484659,0.363009,1.61894,-2.62013,1.63817,2.35913,-1.9824,-1.00553,0.628783,0.636592,-1.61836,2.61976,-1.638,2.89216,-3.70453,0.400041,0.412338])
3.1407506785672137
Max g: 0.00011859965840976816
f_30([4.57375e-6,-2.55923,2.56387,-1.9453,-0.520312,3.46561,0.147966,0.462325,-0.127687,0.821082,-1.10477e-5,0.17893,-0.417069,-1.55219,2.02874,1.33273,-2.24569,-0.348761,-0.383683,0.967608,-2.45639,2.46744,-4.65777,0.187363,-2.66707,-0.106349,3.28869,0.484722,0.363896,1.61882,-2.6201,1.63738,2.3591,-1.97973,-1.01021,0.630833,0.635694,-1.61819,2.61964,-1.63715,2.89488,-3.70607,0.394854,0.416361])
3.141645082949795
{4.5737506908105764e-6,-2.559227416126799,2.563871827342863,-1.9452971968057902,-0.520312407248951,3.4656096040547366,0.14796562032190194,0.4623249249028626,-0.1276869211588129,0.8210815161879875,-1.104766426015143e-5,0.17892953147627869,-0.4170688329191216,-1.552186816878047,2.0287375196902357,1.332734932477185,-2.2456858457426816,-0.34876138042246435,-0.3836830661079257,0.9676081014679738,-2.4563904330627446,2.467435344018905,-4.657772589389389,0.18736286705710886,-2.6670661233850854,-0.10634900522743876,3.2886856601974643,0.4847217949287454,0.36389587667991813,1.6188219515125983,-2.620099806876308,1.6373790460470126,2.3590972460404322,-1.9797341089256233,-1.010206910626948,0.630832666753618,0.6356938444024347,-1.6181903843728458,2.619635993404391,-1.6371535734515368,2.894883808705402,-3.7060665783103666,0.3948541642595908,0.41636118836846897}]
Set[{A021,A031,A032,A041,A042,A043,A121,A131,A132,A141,A142,A143,B021,B031,B032,B041,B042,B043,B121,B131,B132,B141,B142,B143,\[Alpha]1,\[Alpha]2,\[Alpha]3,\[Alpha]4,\[Beta]11,\[Beta]12,\[Beta]13,\[Beta]14,\[Beta]21,\[Beta]22,\[Beta]23,\[Beta]24,\[Beta]31,\[Beta]32,\[Beta]33,\[Beta]34,\[Beta]41,\[Beta]42,\[Beta]43,\[Beta]44},{4.5737506908105764e-6,-2.559227416126799,2.563871827342863,-1.9452971968057902,-0.520312407248951,3.4656096040547366,0.14796562032190194,0.4623249249028626,-0.1276869211588129,0.8210815161879875,-1.104766426015143e-5,0.17892953147627869,-0.4170688329191216,-1.552186816878047,2.0287375196902357,1.332734932477185,-2.2456858457426816,-0.34876138042246435,-0.3836830661079257,0.9676081014679738,-2.4563904330627446,2.467435344018905,-4.657772589389389,0.18736286705710886,-2.6670661233850854,-0.10634900522743876,3.2886856601974643,0.4847217949287454,0.36389587667991813,1.6188219515125983,-2.620099806876308,1.6373790460470126,2.3590972460404322,-1.9797341089256233,-1.010206910626948,0.630832666753618,0.6356938444024347,-1.6181903843728458,2.619635993404391,-1.6371535734515368,2.894883808705402,-3.7060665783103666,0.3948541642595908,0.41636118836846897}]

Max g: 0.0003034230076548461
f_31([1.45337e-5,-2.55918,2.56383,-1.94531,-0.520308,3.46562,0.148273,0.462436,-0.127789,0.821138,-5.90692e-5,0.178921,-0.41702,-1.55222,2.02875,1.33269,-2.24566,-0.348768,-0.383404,0.968532,-2.4561,2.46832,-4.6572,0.187043,-2.66712,-0.106396,3.28879,0.484726,0.364534,1.61854,-2.6199,1.63685,2.35903,-1.97811,-1.01295,0.632038,0.635295,-1.61828,2.61977,-1.63679,2.89647,-3.70695,0.391803,0.418717])
3.141645082949795
Max g: 0.0005068789989910449
f_32([9.69884e-6,-2.55919,2.56383,-1.94533,-0.520276,3.4656,0.148496,0.46242,-0.127772,0.821155,-6.40986e-5,0.178909,-0.416993,-1.5522,2.02874,1.33271,-2.24566,-0.348765,-0.383208,0.969176,-2.45585,2.46895,-4.65678,0.18682,-2.66712,-0.106407,3.28879,0.484736,0.364943,1.61846,-2.61986,1.63649,2.35897,-1.97693,-1.01494,0.632904,0.634971,-1.61832,2.61979,-1.63646,2.89762,-3.70761,0.389617,0.420415])
3.1417444612145267
Max g: 0.0006599311994470725
f_33([1.39798e-5,-2.55916,2.56381,-1.94532,-0.520286,3.4656,0.148326,0.462356,-0.127766,0.821135,-0.000106977,0.178883,-0.417011,-1.55219,2.02871,1.33267,-2.24566,-0.348751,-0.383351,0.968694,-2.456,2.46848,-4.65707,0.186989,-2.66715,-0.106403,3.28883,0.484722,0.364693,1.61844,-2.61985,1.63673,2.35901,-1.97781,-1.01346,0.632255,0.635272,-1.6184,2.61985,-1.63673,2.8968,-3.70714,0.391158,0.419219])
3.141645082949795
Max g: 0.0005498681070337241
f_34([3.39131e-5,-2.55916,2.56381,-1.94532,-0.520266,3.46559,0.148141,0.462364,-0.127749,0.821148,-6.9069e-5,0.178865,-0.417028,-1.55224,2.02877,1.33268,-2.24565,-0.348764,-0.383516,0.968155,-2.45623,2.46795,-4.65742,0.187174,-2.66715,-0.106398,3.28882,0.484728,0.364402,1.61844,-2.61986,1.63703,2.35905,-1.97879,-1.0118,0.631539,0.635589,-1.61843,2.61986,-1.63703,2.89584,-3.70661,0.393038,0.417761])
3.141645082949795
Max g: 0.0004211031298515522
f_35([1.72942e-5,-2.55917,2.56381,-1.94531,-0.520278,3.46559,0.148016,0.462377,-0.127748,0.821138,-3.42348e-5,0.178858,-0.417044,-1.55225,2.02878,1.33268,-2.24565,-0.348754,-0.383631,0.967789,-2.45638,2.46758,-4.65766,0.1873,-2.66714,-0.1064,3.28881,0.484732,0.364189,1.61845,-2.61985,1.63722,2.35905,-1.97942,-1.01069,0.631058,0.635808,-1.61845,2.61986,-1.63723,2.89517,-3.70622,0.394308,0.416772])
3.1417444612145267
Max g: 0.0003381823283383767
f_36([2.30592e-5,-2.55918,2.56382,-1.94531,-0.520276,3.46559,0.147907,0.462393,-0.12775,0.821159,-3.70342e-5,0.178856,-0.417025,-1.55226,2.02879,1.33269,-2.24566,-0.348754,-0.38373,0.967474,-2.45652,2.46727,-4.65787,0.187408,-2.66713,-0.10642,3.28881,0.48474,0.364008,1.61846,-2.61987,1.6374,2.35906,-1.97998,-1.00971,0.630635,0.636001,-1.61848,2.61988,-1.63741,2.8946,-3.70591,0.395419,0.41591])
3.141843839479258
Max g: 0.00026287389456802757
f_37([7.93632e-6,-2.55918,2.56382,-1.94532,-0.520267,3.46558,0.147796,0.462371,-0.12774,0.821134,-2.69262e-5,0.178849,-0.417022,-1.55227,2.0288,1.33268,-2.24567,-0.348739,-0.383828,0.967164,-2.45665,2.46696,-4.65808,0.187517,-2.66712,-0.106432,3.28882,0.484741,0.363817,1.61849,-2.61988,1.63758,2.35908,-1.98055,-1.00875,0.630216,0.636171,-1.61848,2.61988,-1.63758,2.89401,-3.70556,0.396479,0.415082])
3.141645082949795
Max g: 0.00018780523404338112
f_38([8.52091e-6,-2.55917,2.56381,-1.94531,-0.520292,3.4656,0.147719,0.462372,-0.127734,0.821146,-1.78822e-5,0.17884,-0.41704,-1.55226,2.02879,1.3327,-2.24566,-0.348726,-0.383896,0.966942,-2.45675,2.46676,-4.65824,0.187593,-2.66713,-0.106431,3.2888,0.484761,0.363683,1.61851,-2.61988,1.6377,2.35908,-1.98093,-1.00806,0.629915,0.636306,-1.61849,2.61988,-1.6377,2.89362,-3.70534,0.397259,0.414475])
3.141645082949795
Max g: 0.00013765099537366154
f_39([1.30294e-5,-2.55918,2.56381,-1.94531,-0.520292,3.4656,0.147668,0.462382,-0.127738,0.821149,-7.60989e-6,0.178835,-0.417043,-1.55226,2.02879,1.3327,-2.24566,-0.348721,-0.383943,0.966786,-2.45681,2.4666,-4.65834,0.187646,-2.66713,-0.106436,3.2888,0.484769,0.363599,1.61851,-2.61988,1.63778,2.35909,-1.98121,-1.00759,0.629712,0.636401,-1.61851,2.61988,-1.63778,2.89334,-3.70518,0.397779,0.414069])
3.141645082949795
Max g: 0.00010254080097604756
f_40([1.06135e-5,-2.55918,2.56381,-1.94531,-0.520292,3.4656,0.14764,0.462388,-0.127742,0.82115,-6.63059e-6,0.178836,-0.417046,-1.55226,2.02879,1.3327,-2.24566,-0.348721,-0.383968,0.966705,-2.45684,2.46652,-4.6584,0.187673,-2.66713,-0.106437,3.2888,0.484771,0.36355,1.61852,-2.61989,1.63782,2.35909,-1.98136,-1.00734,0.629602,0.63645,-1.61852,2.61989,-1.63782,2.8932,-3.7051,0.398059,0.413851])
3.141645082949795
{1.0613523966339693e-5,-2.559177026371321,2.5638080214819623,-1.9453058431816608,-0.5202915253747024,3.4655973685563324,0.14764005887793163,0.4623876771745243,-0.12774155558762765,0.8211504242712233,-6.630586262263175e-6,0.17883563276465367,-0.41704646411266577,-1.552255144226549,2.0287921869289565,1.3327044748229588,-2.2456563248807613,-0.3487212763013596,-0.38396829215263734,0.9667053809884407,-2.4568400882030232,2.466522863649209,-4.658395416829133,0.18767276991244158,-2.6671300314913564,-0.10643662489419439,3.2887961791786333,0.4847708436458129,0.36355027166432885,1.6185173352220805,-2.619885478101531,1.6378202520491356,2.3590937350623844,-1.9813560843406302,-1.0073395298373724,0.6296022544556985,0.6364495352631417,-1.618516343092138,2.6198862161207717,-1.6378207983390565,2.8931955247400567,-3.7050995460484524,0.39805878056285604,0.4138512987755318}]
Set[{A021,A031,A032,A041,A042,A043,A121,A131,A132,A141,A142,A143,B021,B031,B032,B041,B042,B043,B121,B131,B132,B141,B142,B143,\[Alpha]1,\[Alpha]2,\[Alpha]3,\[Alpha]4,\[Beta]11,\[Beta]12,\[Beta]13,\[Beta]14,\[Beta]21,\[Beta]22,\[Beta]23,\[Beta]24,\[Beta]31,\[Beta]32,\[Beta]33,\[Beta]34,\[Beta]41,\[Beta]42,\[Beta]43,\[Beta]44},{1.0613523966339693e-5,-2.559177026371321,2.5638080214819623,-1.9453058431816608,-0.5202915253747024,3.4655973685563324,0.14764005887793163,0.4623876771745243,-0.12774155558762765,0.8211504242712233,-6.630586262263175e-6,0.17883563276465367,-0.41704646411266577,-1.552255144226549,2.0287921869289565,1.3327044748229588,-2.2456563248807613,-0.3487212763013596,-0.38396829215263734,0.9667053809884407,-2.4568400882030232,2.466522863649209,-4.658395416829133,0.18767276991244158,-2.6671300314913564,-0.10643662489419439,3.2887961791786333,0.4847708436458129,0.36355027166432885,1.6185173352220805,-2.619885478101531,1.6378202520491356,2.3590937350623844,-1.9813560843406302,-1.0073395298373724,0.6296022544556985,0.6364495352631417,-1.618516343092138,2.6198862161207717,-1.6378207983390565,2.8931955247400567,-3.7050995460484524,0.39805878056285604,0.4138512987755318}]

Max g: 8.341713367387982e-5
f_41([9.83896e-6,-2.55918,2.56381,-1.94531,-0.520292,3.4656,0.147625,0.46239,-0.127742,0.821151,-3.93463e-6,0.178836,-0.417042,-1.55225,2.02879,1.3327,-2.24566,-0.348723,-0.383982,0.96666,-2.45686,2.46648,-4.65843,0.187688,-2.66713,-0.106437,3.2888,0.484769,0.363521,1.61852,-2.61989,1.63784,2.3591,-1.98144,-1.0072,0.629541,0.636478,-1.61852,2.61989,-1.63784,2.89311,-3.70505,0.398218,0.413727])
3.141545704685064
Max g: 7.252324224049644e-5
f_42([6.72883e-6,-2.55917,2.56381,-1.94531,-0.520295,3.4656,0.147594,0.4624,-0.127748,0.82115,1.91342e-6,0.178836,-0.417041,-1.55226,2.02879,1.3327,-2.24566,-0.348725,-0.38401,0.966573,-2.4569,2.4664,-4.65849,0.187718,-2.66713,-0.106434,3.2888,0.484765,0.363469,1.61853,-2.61989,1.63789,2.3591,-1.98159,-1.00693,0.629425,0.636531,-1.61853,2.61989,-1.63789,2.89295,-3.70496,0.398523,0.41349])
3.1414463264203327
Max g: 5.254083109651475e-5
f_43([7.86883e-6,-2.55917,2.5638,-1.94531,-0.520295,3.4656,0.147575,0.462403,-0.127749,0.821153,3.33339e-6,0.178834,-0.417042,-1.55226,2.0288,1.3327,-2.24566,-0.348727,-0.384028,0.966514,-2.45692,2.46634,-4.65853,0.187738,-2.66713,-0.106435,3.2888,0.484763,0.363435,1.61853,-2.61989,1.63792,2.3591,-1.98169,-1.00676,0.62935,0.636567,-1.61853,2.61989,-1.63792,2.89285,-3.70491,0.398725,0.413333])
3.1414463264203327
Max g: 3.963741426860068e-5
f_44([7.63256e-6,-2.55917,2.56381,-1.94531,-0.520294,3.4656,0.147558,0.462405,-0.12775,0.821155,5.56271e-6,0.178832,-0.417042,-1.55226,2.0288,1.3327,-2.24566,-0.348725,-0.384043,0.966466,-2.45694,2.46629,-4.65856,0.187753,-2.66713,-0.106436,3.2888,0.484764,0.363405,1.61854,-2.61989,1.63795,2.3591,-1.98177,-1.00661,0.629284,0.636596,-1.61854,2.61989,-1.63795,2.89276,-3.70486,0.398895,0.413201])
3.1414463264203327
Max g: 2.7981105283014784e-5
f_45([6.98799e-6,-2.55917,2.5638,-1.94531,-0.520292,3.4656,0.147543,0.462407,-0.12775,0.821154,8.28611e-6,0.178833,-0.417043,-1.55226,2.0288,1.3327,-2.24566,-0.348725,-0.384056,0.966426,-2.45696,2.46625,-4.65858,0.187766,-2.66713,-0.106435,3.2888,0.484764,0.363379,1.61854,-2.61989,1.63797,2.3591,-1.98185,-1.00648,0.629229,0.636621,-1.61854,2.61989,-1.63797,2.89269,-3.70481,0.39904,0.413088])
3.1414463264203327
Max g: 1.801357406083781e-5
f_46([6.95995e-6,-2.55917,2.5638,-1.9453,-0.520295,3.4656,0.147531,0.462408,-0.12775,0.821155,1.1538e-5,0.178831,-0.417043,-1.55226,2.02879,1.3327,-2.24566,-0.348729,-0.384067,0.966388,-2.45698,2.46621,-4.65861,0.187779,-2.66713,-0.106435,3.2888,0.484764,0.363357,1.61854,-2.61989,1.63799,2.3591,-1.98191,-1.00637,0.629179,0.636642,-1.61854,2.61989,-1.63799,2.89262,-3.70478,0.399169,0.412987])
3.1414463264203327
Max g: 9.645955583614807e-6
f_47([6.66248e-6,-2.55917,2.5638,-1.94531,-0.520294,3.4656,0.147523,0.462409,-0.12775,0.821156,1.28183e-5,0.17883,-0.417043,-1.55226,2.02879,1.3327,-2.24566,-0.348727,-0.384074,0.966366,-2.45699,2.46619,-4.65862,0.187786,-2.66713,-0.106434,3.2888,0.484763,0.363345,1.61854,-2.61989,1.638,2.3591,-1.98195,-1.0063,0.62915,0.636656,-1.61854,2.61989,-1.638,2.89258,-3.70475,0.399245,0.412928])
3.1414463264203327
Max g: 4.25612877030801e-6
f_48([6.87463e-6,-2.55917,2.5638,-1.94531,-0.520295,3.4656,0.147517,0.462411,-0.12775,0.821156,1.37531e-5,0.17883,-0.417043,-1.55226,2.02879,1.3327,-2.24566,-0.348727,-0.38408,0.966346,-2.45699,2.46617,-4.65863,0.187793,-2.66713,-0.106433,3.2888,0.484762,0.363333,1.61854,-2.61989,1.63801,2.3591,-1.98198,-1.00624,0.629124,0.636668,-1.61854,2.61989,-1.63801,2.89255,-3.70474,0.399312,0.412876])
3.1414463264203327
Max g: 7.114951444675555e-7
f_49([7.52988e-6,-2.55917,2.5638,-1.94531,-0.520295,3.4656,0.147512,0.462411,-0.127751,0.821156,1.44064e-5,0.178829,-0.417043,-1.55226,2.02879,1.3327,-2.24566,-0.348727,-0.384084,0.966333,-2.457,2.46616,-4.65864,0.187797,-2.66713,-0.106433,3.2888,0.484762,0.363325,1.61855,-2.61989,1.63802,2.3591,-1.982,-1.0062,0.629106,0.636675,-1.61855,2.61989,-1.63802,2.89252,-3.70472,0.399358,0.41284])
3.1414463264203327
Max g: 7.815071477623725e-6
{7.470841189617609e-6,-2.559169290824148,2.5638026895761445,-1.9453051191944137,-0.5202950121615272,3.465600131355941,0.14751157883700444,0.46241078153018417,-0.12775063673631246,0.8211566118326792,1.4273436118428169e-5,0.1788291147312022,-0.4170427700237766,-1.552257974669357,2.028793711234537,1.3326976990764519,-2.2456569048685466,-0.34872680665248645,-0.3840843449355013,0.9663314930642757,-2.4569978281919598,2.4661541095575177,-4.658643774242669,0.18779776705728826,-2.6671294378049084,-0.10643324077615678,3.28880015414436,0.48476246429817854,0.3633244280446364,1.618545403196629,-2.619887121628023,1.6380171730633994,2.3590979571325175,-1.9820060239764088,-1.0061965255944034,0.6291045389742094,0.6366759030378756,-1.6185457254827833,2.619887022134552,-1.638017091687928,2.892521387308806,-3.704720982622842,0.3993619071568357,0.41283737016945055}]
Set[{A021,A031,A032,A041,A042,A043,A121,A131,A132,A141,A142,A143,B021,B031,B032,B041,B042,B043,B121,B131,B132,B141,B142,B143,\[Alpha]1,\[Alpha]2,\[Alpha]3,\[Alpha]4,\[Beta]11,\[Beta]12,\[Beta]13,\[Beta]14,\[Beta]21,\[Beta]22,\[Beta]23,\[Beta]24,\[Beta]31,\[Beta]32,\[Beta]33,\[Beta]34,\[Beta]41,\[Beta]42,\[Beta]43,\[Beta]44},{7.470841189617609e-6,-2.559169290824148,2.5638026895761445,-1.9453051191944137,-0.5202950121615272,3.465600131355941,0.14751157883700444,0.46241078153018417,-0.12775063673631246,0.8211566118326792,1.4273436118428169e-5,0.1788291147312022,-0.4170427700237766,-1.552257974669357,2.028793711234537,1.3326976990764519,-2.2456569048685466,-0.34872680665248645,-0.3840843449355013,0.9663314930642757,-2.4569978281919598,2.4661541095575177,-4.658643774242669,0.18779776705728826,-2.6671294378049084,-0.10643324077615678,3.28880015414436,0.48476246429817854,0.3633244280446364,1.618545403196629,-2.619887121628023,1.6380171730633994,2.3590979571325175,-1.9820060239764088,-1.0061965255944034,0.6291045389742094,0.6366759030378756,-1.6185457254827833,2.619887022134552,-1.638017091687928,2.892521387308806,-3.704720982622842,0.3993619071568357,0.41283737016945055}]


-----------------Final Result------------------
Options: alg=LN_AUGLAG_EQ,dx=0.01,max_eval=100000000,popSize=0
imin=-1,jmin=-4,imax=1,jmax=4,
parameter_minmax=5,
randSeed=59768347,rand_minmax=3,
END_C=true, INEQ_C=true

4925799 steps

Completed with maxf : 3.1414463264203327

Constraints at 8.441510425449827e-6

x = [7.470841189617609e-6,-2.559169290824148,2.5638026895761445,-1.9453051191944137,-0.5202950121615272,3.465600131355941,0.14751157883700444,0.46241078153018417,-0.12775063673631246,0.8211566118326792,1.4273436118428169e-5,0.1788291147312022,-0.4170427700237766,-1.552257974669357,2.028793711234537,1.3326976990764519,-2.2456569048685466,-0.34872680665248645,-0.3840843449355013,0.9663314930642757,-2.4569978281919598,2.4661541095575177,-4.658643774242669,0.18779776705728826,-2.6671294378049084,-0.10643324077615678,3.28880015414436,0.48476246429817854,0.3633244280446364,1.618545403196629,-2.619887121628023,1.6380171730633994,2.3590979571325175,-1.9820060239764088,-1.0061965255944034,0.6291045389742094,0.6366759030378756,-1.6185457254827833,2.619887022134552,-1.638017091687928,2.892521387308806,-3.704720982622842,0.3993619071568357,0.41283737016945055]
c0 = [0.0,7.470841189617609e-6,0.00463339875199642,1.0]
c1 = [0.0,0.14751157883700444,0.33466014479387174,0.9999999999999998]
A0 = [0.0,7.470841189617609e-6,-2.559169290824148,-1.9453051191944137,0.0,0.0,2.5638026895761445,-0.5202950121615272,0.0,0.0,0.0,3.465600131355941,0.0,0.0,0.0,0.0]
A1 = [0.0,0.14751157883700444,0.46241078153018417,0.8211566118326792,0.0,0.0,-0.12775063673631246,1.4273436118428169e-5,0.0,0.0,0.0,0.1788291147312022,0.0,0.0,0.0,0.0]
B0 = [0.0,-0.4170427700237766,-1.552257974669357,1.3326976990764519,0.0,0.0,2.028793711234537,-2.2456569048685466,0.0,0.0,0.0,-0.34872680665248645,0.0,0.0,0.0,0.0]
B1 = [0.0,-0.3840843449355013,0.9663314930642757,2.4661541095575177,0.0,0.0,-2.4569978281919598,-4.658643774242669,0.0,0.0,0.0,0.18779776705728826,0.0,0.0,0.0,0.0]
α  = [-2.6671294378049084,-0.10643324077615678,3.28880015414436,0.48476246429817854]
β1 = [0.3633244280446364,1.618545403196629,-2.619887121628023,1.6380171730633994]
β2 = [2.3590979571325175,-1.9820060239764088,-1.0061965255944034,0.6291045389742094]
β3 = [0.6366759030378756,-1.6185457254827833,2.619887022134552,-1.638017091687928]
β4 = [2.892521387308806,-3.704720982622842,0.3993619071568357,0.41283737016945055]


Set[{A021,A031,A032,A041,A042,A043,A121,A131,A132,A141,A142,A143,B021,B031,B032,B041,B042,B043,B121,B131,B132,B141,B142,B143,\[Alpha]1,\[Alpha]2,\[Alpha]3,\[Alpha]4,\[Beta]11,\[Beta]12,\[Beta]13,\[Beta]14,\[Beta]21,\[Beta]22,\[Beta]23,\[Beta]24,\[Beta]31,\[Beta]32,\[Beta]33,\[Beta]34,\[Beta]41,\[Beta]42,\[Beta]43,\[Beta]44},{7.470841189617609e-6,-2.559169290824148,2.5638026895761445,-1.9453051191944137,-0.5202950121615272,3.465600131355941,0.14751157883700444,0.46241078153018417,-0.12775063673631246,0.8211566118326792,1.4273436118428169e-5,0.1788291147312022,-0.4170427700237766,-1.552257974669357,2.028793711234537,1.3326976990764519,-2.2456569048685466,-0.34872680665248645,-0.3840843449355013,0.9663314930642757,-2.4569978281919598,2.4661541095575177,-4.658643774242669,0.18779776705728826,-2.6671294378049084,-0.10643324077615678,3.28880015414436,0.48476246429817854,0.3633244280446364,1.618545403196629,-2.619887121628023,1.6380171730633994,2.3590979571325175,-1.9820060239764088,-1.0061965255944034,0.6291045389742094,0.6366759030378756,-1.6185457254827833,2.619887022134552,-1.638017091687928,2.892521387308806,-3.704720982622842,0.3993619071568357,0.41283737016945055}]



