
-----------------Setup------------------
Options: alg=LN_AUGLAG_EQ,dx=0.01,max_eval=100000000,popSize=0
imin=-12,jmin=-1,imax=1,jmax=1,
parameter_minmax=5,
randSeed=79407935, rand_minmax=3

Initial Condition:

[-0.355658,-2.33221,2.20446,-2.77632,-1.83983,-0.417043,0.255734,0.706097,0.703692,-2.50367,1.26856,1.13748,0.0746404,-2.84633,2.61294,-2.64596,1.04289,0.931079,1.81353,1.04,-2.18549,-2.25843,0.216796,0.535226,-1.05283,0.908116,-0.826277,-0.690352,1.32493,1.78016,-2.83708,-1.1398,0.374839,0.0914439,1.49316,2.13522,2.73309,2.23989,-0.101578,-0.658091,-2.92479,0.792349,-0.173343,1.15926]

f_1([0.00771567,-3.80172,4.11858,0.0571259,-0.527071,0.752658,0.00311223,-0.339234,0.366275,-2.43126,0.974207,1.58622,0.000437522,-2.6237,2.62272,-2.90217,0.462795,0.544603,0.0109315,1.01501,-0.531798,-1.80602,2.14106,0.846659,0.00708649,1.89008,-1.9858,-0.500658,0.468157,1.81783,-2.88282,-0.15238,0.190704,0.67131,0.246551,0.042944,2.43714,0.950943,-0.260673,-1.09397,-3.24403,0.753787,0.322897,1.51668])
18.95626402958306
Max g: 2.033442249328149
f_2([3.84833e-5,-2.91284,3.02583,0.376024,-0.250847,0.733182,0.867267,0.475538,0.401172,-2.68712,1.07149,1.61859,0.481091,-2.54876,2.02204,-1.21006,0.166894,-0.291549,0.931435,-0.435426,-0.231726,-1.47699,1.60505,1.1046,-0.311039,2.34012,-1.85586,0.826824,-0.385496,0.288507,0.85298,0.244038,0.216805,0.804155,-0.79467,-0.226456,1.38557,-0.290558,-0.85322,-0.242001,-1.66596,-1.30818,1.28825,1.68583])
2.5496804983537347
Max g: 0.013483992866355297
f_3([0.000145968,-2.9106,3.02521,0.375855,-0.250268,0.732286,0.869187,0.502117,0.373276,-2.6864,1.05725,1.63605,0.463984,-2.56922,1.9961,-1.22083,0.144288,-0.313692,0.931732,-0.43508,-0.231578,-1.47545,1.60315,1.10503,-0.314553,2.34555,-1.86219,0.831221,-0.38591,0.287958,0.853772,0.244189,0.21866,0.803336,-0.795719,-0.226302,1.38574,-0.2894,-0.853577,-0.242776,-1.66579,-1.31156,1.28896,1.6884])
2.55683917078711
Max g: 0.006248709140290881
f_4([0.000258369,-2.90959,3.02551,0.375996,-0.250316,0.732095,0.86941,0.520291,0.355187,-2.68779,1.04625,1.64944,0.452283,-2.58322,1.97844,-1.22848,0.129175,-0.328933,0.932282,-0.434258,-0.231729,-1.47542,1.6018,1.10661,-0.316802,2.34948,-1.8672,0.834526,-0.386169,0.287261,0.854549,0.244364,0.219762,0.804331,-0.796655,-0.227442,1.38605,-0.287827,-0.854362,-0.24386,-1.66626,-1.31438,1.29002,1.69063])
2.5584299868834153
Max g: 0.0014464631042606507
f_5([0.00026347,-2.90941,3.02553,0.375989,-0.250356,0.732033,0.869352,0.524799,0.350687,-2.68787,1.0433,1.65272,0.449467,-2.58662,1.97424,-1.23049,0.125404,-0.332397,0.932369,-0.433963,-0.231791,-1.47515,1.60144,1.10685,-0.317173,2.35037,-1.86843,0.835228,-0.38626,0.287153,0.854747,0.244352,0.21995,0.804685,-0.796919,-0.22773,1.38624,-0.287308,-0.8547,-0.244222,-1.66609,-1.31524,1.29029,1.69103])
2.5594242469436064
Max g: 0.00031251623787363625
f_6([0.000263472,-2.90941,3.02553,0.375989,-0.250356,0.732033,0.869352,0.524799,0.350687,-2.68787,1.0433,1.65272,0.449467,-2.58662,1.97424,-1.23049,0.125404,-0.332397,0.932369,-0.433963,-0.231791,-1.47515,1.60144,1.10685,-0.317173,2.35037,-1.86843,0.835228,-0.38626,0.287153,0.854747,0.244352,0.21995,0.804685,-0.796919,-0.22773,1.38624,-0.287308,-0.8547,-0.244222,-1.66609,-1.31524,1.29029,1.69103])
2.5594242469436064
Max g: 0.00031248785421229136
f_7([0.000263473,-2.90941,3.02553,0.375989,-0.250356,0.732033,0.869352,0.524799,0.350687,-2.68787,1.0433,1.65272,0.449467,-2.58662,1.97424,-1.23049,0.125404,-0.332397,0.932369,-0.433963,-0.231791,-1.47515,1.60144,1.10685,-0.317173,2.35037,-1.86843,0.835228,-0.38626,0.287153,0.854747,0.244352,0.21995,0.804685,-0.796919,-0.22773,1.38624,-0.287308,-0.8547,-0.244222,-1.66609,-1.31524,1.29029,1.69103])
2.5594242469436064
Max g: 0.00031248428757837954
f_8([0.000263473,-2.90941,3.02553,0.375989,-0.250356,0.732033,0.869352,0.524799,0.350687,-2.68787,1.0433,1.65272,0.449467,-2.58662,1.97424,-1.23049,0.125404,-0.332397,0.932369,-0.433963,-0.231791,-1.47515,1.60144,1.10685,-0.317173,2.35037,-1.86843,0.835228,-0.38626,0.287153,0.854747,0.244352,0.21995,0.804685,-0.796919,-0.22773,1.38624,-0.287308,-0.8547,-0.244222,-1.66609,-1.31524,1.29029,1.69103])
2.5594242469436064
Max g: 0.0003124817044550948
f_9([0.000263473,-2.90941,3.02553,0.375989,-0.250356,0.732033,0.869352,0.524799,0.350687,-2.68787,1.0433,1.65272,0.449467,-2.58662,1.97424,-1.23049,0.125404,-0.332397,0.932369,-0.433963,-0.231791,-1.47515,1.60144,1.10685,-0.317173,2.35037,-1.86843,0.835228,-0.38626,0.287153,0.854747,0.244352,0.21995,0.804685,-0.796919,-0.22773,1.38624,-0.287308,-0.8547,-0.244222,-1.66609,-1.31524,1.29029,1.69103])
2.5594242469436064
Max g: 0.00031247912631338776
f_10([0.000315864,-2.90943,3.02562,0.376016,-0.250438,0.731976,0.869341,0.526016,0.34948,-2.68787,1.04246,1.65365,0.448754,-2.58754,1.97318,-1.23098,0.124491,-0.333385,0.932374,-0.433897,-0.23184,-1.47504,1.60135,1.10682,-0.317274,2.35055,-1.86866,0.83538,-0.386283,0.287163,0.854769,0.244337,0.219986,0.804758,-0.796959,-0.227789,1.38625,-0.287158,-0.854766,-0.244333,-1.66604,-1.31545,1.29027,1.69122])
2.5598219509676827
{0.00031586429387475457,-2.909425990156161,3.025621146564793,0.37601639738300474,-0.25043789502559166,0.7319755019955789,0.8693411715421951,0.5260159475943582,0.34947986602174447,-2.6878686829045035,1.0424631733579448,1.6536484477429454,0.4487536651572976,-2.5875416382905425,1.9731838816278475,-1.2309811379304358,0.12449138965053301,-0.3333848533864759,0.9323739037910433,-0.4338967233501524,-0.23183968859221157,-1.4750426481298275,1.6013488446731965,1.1068235308841312,-0.3172741899415233,2.350548310199699,-1.8686574024113323,0.8353797259904643,-0.38628251037910344,0.2871634922933947,0.8547686589197434,0.24433705209377143,0.219985753021973,0.8047582872831074,-0.7969592624803689,-0.2277888604327035,1.3862518580414642,-0.28715766920718017,-0.8547664410222161,-0.24433283902845787,-1.6660383411419823,-1.315452082161705,1.2902708516629384,1.691221568428291}]
Set[{A021,A031,A032,A041,A042,A043,A121,A131,A132,A141,A142,A143,B021,B031,B032,B041,B042,B043,B121,B131,B132,B141,B142,B143,\[Alpha]1,\[Alpha]2,\[Alpha]3,\[Alpha]4,\[Beta]11,\[Beta]12,\[Beta]13,\[Beta]14,\[Beta]21,\[Beta]22,\[Beta]23,\[Beta]24,\[Beta]31,\[Beta]32,\[Beta]33,\[Beta]34,\[Beta]41,\[Beta]42,\[Beta]43,\[Beta]44},{0.00031586429387475457,-2.909425990156161,3.025621146564793,0.37601639738300474,-0.25043789502559166,0.7319755019955789,0.8693411715421951,0.5260159475943582,0.34947986602174447,-2.6878686829045035,1.0424631733579448,1.6536484477429454,0.4487536651572976,-2.5875416382905425,1.9731838816278475,-1.2309811379304358,0.12449138965053301,-0.3333848533864759,0.9323739037910433,-0.4338967233501524,-0.23183968859221157,-1.4750426481298275,1.6013488446731965,1.1068235308841312,-0.3172741899415233,2.350548310199699,-1.8686574024113323,0.8353797259904643,-0.38628251037910344,0.2871634922933947,0.8547686589197434,0.24433705209377143,0.219985753021973,0.8047582872831074,-0.7969592624803689,-0.2277888604327035,1.3862518580414642,-0.28715766920718017,-0.8547664410222161,-0.24433283902845787,-1.6660383411419823,-1.315452082161705,1.2902708516629384,1.691221568428291}]

Max g: 2.2111380419742588e-5
f_11([0.000316244,-2.90942,3.02562,0.376016,-0.250439,0.731974,0.869341,0.526049,0.349448,-2.68787,1.04244,1.65367,0.448734,-2.58757,1.97315,-1.23099,0.124464,-0.333412,0.932373,-0.433891,-0.231842,-1.47504,1.60135,1.10682,-0.317278,2.35056,-1.86867,0.835389,-0.386282,0.287161,0.854771,0.244336,0.219994,0.804763,-0.796961,-0.227793,1.38625,-0.287154,-0.854768,-0.244336,-1.66604,-1.31546,1.29028,1.69122])
2.5597225249616637
Max g: 1.734929386465467e-5
f_12([0.000316244,-2.90942,3.02562,0.376016,-0.250439,0.731974,0.869341,0.526049,0.349448,-2.68787,1.04244,1.65367,0.448734,-2.58757,1.97315,-1.23099,0.124464,-0.333412,0.932373,-0.433891,-0.231842,-1.47504,1.60135,1.10682,-0.317278,2.35056,-1.86867,0.835389,-0.386282,0.287161,0.854771,0.244336,0.219994,0.804763,-0.796961,-0.227793,1.38625,-0.287154,-0.854768,-0.244336,-1.66604,-1.31546,1.29028,1.69122])
2.5598219509676827
Max g: 1.7349276242972778e-5
f_13([0.000316221,-2.90943,3.02562,0.375998,-0.250459,0.731948,0.869338,0.526213,0.349264,-2.68789,1.04238,1.65377,0.448618,-2.58772,1.97296,-1.23104,0.124281,-0.333562,0.932372,-0.433872,-0.231844,-1.47506,1.60135,1.10685,-0.317302,2.35057,-1.86871,0.835445,-0.386283,0.287173,0.854777,0.244329,0.220008,0.804768,-0.796979,-0.227801,1.38626,-0.287164,-0.854776,-0.244334,-1.66607,-1.31552,1.29033,1.69125])
2.5596230989556448
Max g: 1.442864212752859e-5
{0.0003156830260309635,-2.909426659217489,3.025615933838841,0.37599826573605655,-0.2504607721094095,0.7319478761171334,0.8693377055959474,0.5262370060047327,0.34923973057736746,-2.687887522242235,1.042367882571728,1.6537828413690647,0.44860346377506816,-2.587733191399992,1.9729368841885977,-1.2310545845188472,0.1242616294194793,-0.3335804932133503,0.9323717992028019,-0.43387165319251025,-0.23184356201060477,-1.4750610751733988,1.6013458995323373,1.106850779994112,-0.3173051675899256,2.3505780243711873,-1.8687177440087126,0.8354483255854959,-0.38628201112534877,0.28716992793208945,0.8547769263589695,0.24433056112829946,0.2200105854212841,0.8047710515373784,-0.7969814137935372,-0.2278030314337597,1.3862646951575077,-0.2871611079471034,-0.8547765501369053,-0.2443368642771877,-1.66606727886016,-1.3155255093504956,1.290336668195213,1.6912562573565948}]
Set[{A021,A031,A032,A041,A042,A043,A121,A131,A132,A141,A142,A143,B021,B031,B032,B041,B042,B043,B121,B131,B132,B141,B142,B143,\[Alpha]1,\[Alpha]2,\[Alpha]3,\[Alpha]4,\[Beta]11,\[Beta]12,\[Beta]13,\[Beta]14,\[Beta]21,\[Beta]22,\[Beta]23,\[Beta]24,\[Beta]31,\[Beta]32,\[Beta]33,\[Beta]34,\[Beta]41,\[Beta]42,\[Beta]43,\[Beta]44},{0.0003156830260309635,-2.909426659217489,3.025615933838841,0.37599826573605655,-0.2504607721094095,0.7319478761171334,0.8693377055959474,0.5262370060047327,0.34923973057736746,-2.687887522242235,1.042367882571728,1.6537828413690647,0.44860346377506816,-2.587733191399992,1.9729368841885977,-1.2310545845188472,0.1242616294194793,-0.3335804932133503,0.9323717992028019,-0.43387165319251025,-0.23184356201060477,-1.4750610751733988,1.6013458995323373,1.106850779994112,-0.3173051675899256,2.3505780243711873,-1.8687177440087126,0.8354483255854959,-0.38628201112534877,0.28716992793208945,0.8547769263589695,0.24433056112829946,0.2200105854212841,0.8047710515373784,-0.7969814137935372,-0.2278030314337597,1.3862646951575077,-0.2871611079471034,-0.8547765501369053,-0.2443368642771877,-1.66606727886016,-1.3155255093504956,1.290336668195213,1.6912562573565948}]


-----------------Final Result------------------
Options: alg=LN_AUGLAG_EQ,dx=0.01,max_eval=100000000,popSize=0
imin=-12,jmin=-1,imax=1,jmax=1,
parameter_minmax=5,
randSeed=79407935,rand_minmax=3

1379027 steps

Completed with maxf : 2.5597225249616637

Constraints at 1.3820134f-5

x = [0.0003156830260309635,-2.909426659217489,3.025615933838841,0.37599826573605655,-0.2504607721094095,0.7319478761171334,0.8693377055959474,0.5262370060047327,0.34923973057736746,-2.687887522242235,1.042367882571728,1.6537828413690647,0.44860346377506816,-2.587733191399992,1.9729368841885977,-1.2310545845188472,0.1242616294194793,-0.3335804932133503,0.9323717992028019,-0.43387165319251025,-0.23184356201060477,-1.4750610751733988,1.6013458995323373,1.106850779994112,-0.3173051675899256,2.3505780243711873,-1.8687177440087126,0.8354483255854959,-0.38628201112534877,0.28716992793208945,0.8547769263589695,0.24433056112829946,0.2200105854212841,0.8047710515373784,-0.7969814137935372,-0.2278030314337597,1.3862646951575077,-0.2871611079471034,-0.8547765501369053,-0.2443368642771877,-1.66606727886016,-1.3155255093504956,1.290336668195213,1.6912562573565948]
c0 = [0.0,0.0003156830260309635,0.1161892746213522,0.8574853697437805]
c1 = [0.0,0.8693377055959474,0.8754767365821001,0.008263201698557543]
A0 = [0.0,0.0003156830260309635,-2.909426659217489,0.37599826573605655,0.0,0.0,3.025615933838841,-0.2504607721094095,0.0,0.0,0.0,0.7319478761171334,0.0,0.0,0.0,0.0]
A1 = [0.0,0.8693377055959474,0.5262370060047327,-2.687887522242235,0.0,0.0,0.34923973057736746,1.042367882571728,0.0,0.0,0.0,1.6537828413690647,0.0,0.0,0.0,0.0]
B0 = [0.0,0.44860346377506816,-2.587733191399992,-1.2310545845188472,0.0,0.0,1.9729368841885977,0.1242616294194793,0.0,0.0,0.0,-0.3335804932133503,0.0,0.0,0.0,0.0]
B1 = [0.0,0.9323717992028019,-0.43387165319251025,-1.4750610751733988,0.0,0.0,-0.23184356201060477,1.6013458995323373,0.0,0.0,0.0,1.106850779994112,0.0,0.0,0.0,0.0]
α  = [-0.3173051675899256,2.3505780243711873,-1.8687177440087126,0.8354483255854959]
β1 = [-0.38628201112534877,0.28716992793208945,0.8547769263589695,0.24433056112829946]
β2 = [0.2200105854212841,0.8047710515373784,-0.7969814137935372,-0.2278030314337597]
β3 = [1.3862646951575077,-0.2871611079471034,-0.8547765501369053,-0.2443368642771877]
β4 = [-1.66606727886016,-1.3155255093504956,1.290336668195213,1.6912562573565948]


Set[{A021,A031,A032,A041,A042,A043,A121,A131,A132,A141,A142,A143,B021,B031,B032,B041,B042,B043,B121,B131,B132,B141,B142,B143,\[Alpha]1,\[Alpha]2,\[Alpha]3,\[Alpha]4,\[Beta]11,\[Beta]12,\[Beta]13,\[Beta]14,\[Beta]21,\[Beta]22,\[Beta]23,\[Beta]24,\[Beta]31,\[Beta]32,\[Beta]33,\[Beta]34,\[Beta]41,\[Beta]42,\[Beta]43,\[Beta]44},{0.0003156830260309635,-2.909426659217489,3.025615933838841,0.37599826573605655,-0.2504607721094095,0.7319478761171334,0.8693377055959474,0.5262370060047327,0.34923973057736746,-2.687887522242235,1.042367882571728,1.6537828413690647,0.44860346377506816,-2.587733191399992,1.9729368841885977,-1.2310545845188472,0.1242616294194793,-0.3335804932133503,0.9323717992028019,-0.43387165319251025,-0.23184356201060477,-1.4750610751733988,1.6013458995323373,1.106850779994112,-0.3173051675899256,2.3505780243711873,-1.8687177440087126,0.8354483255854959,-0.38628201112534877,0.28716992793208945,0.8547769263589695,0.24433056112829946,0.2200105854212841,0.8047710515373784,-0.7969814137935372,-0.2278030314337597,1.3862646951575077,-0.2871611079471034,-0.8547765501369053,-0.2443368642771877,-1.66606727886016,-1.3155255093504956,1.290336668195213,1.6912562573565948}]



