
-----------------Setup------------------
Options: alg=GN_ISRES,dx=0.01,max_eval=100000000,popSize=0
imin=-1,jmin=-4,imax=1,jmax=4,
parameter_minmax=5,
randSeed=71497493, rand_minmax=2,
END_C=true, INEQ_C=true

Initial Condition:

[1.65815,0.126087,1.59738,1.79254,-1.96514,0.709189,-1.1181,1.66831,-1.33351,0.961252,0.813495,-1.68234,1.29825,1.10932,0.0840999,-0.425133,0.427541,0.351003,1.04787,1.2882,0.103893,1.05103,-0.809129,-0.791637,-0.642358,-0.431552,-1.20795,-1.92826,-1.30694,1.11701,-0.681707,1.51839,-1.02279,0.57859,-1.10496,0.515115,-0.453693,0.184413,-0.739408,0.459326,0.693497,0.253904,1.90942,1.79227]

f_1([1.52118,2.83722,-2.51057,1.71409,-0.589429,0.150501,-0.00413959,3.02998,-0.520627,3.17131,-3.57259,-0.304198,1.05732,-4.57825,4.89332,-3.06953,-2.3106,2.89118,0.37224,4.39049,-3.10124,-0.336559,-1.99199,0.422054,2.872,-0.553441,1.84693,0.368397,-0.798442,3.44099,0.196628,0.0299498,-0.523507,0.010984,0.148333,-1.75369,3.33785,-3.14224,-1.35542,-1.4438,0.974117,-0.935827,2.14991,1.42337])
0.7917466351140676
Max g: 6.617417854080223
f_2([-0.0669177,-0.310751,1.08677,2.01557,1.95814,-2.18545,0.029502,2.00638,-2.26861,-0.072344,1.60085,-0.39451,0.161952,-3.64339,4.89384,-2.51227,-2.34317,3.80543,0.133017,-1.67861,1.66351,-1.20588,-1.11052,1.45581,-0.878422,1.12047,1.03789,0.115479,-1.54361,2.22109,0.118886,0.463871,-3.65872,4.30247,0.452961,-0.153195,2.62917,-2.30031,-0.177125,-0.579392,2.44938,-3.37088,1.35377,0.463735])
2.2949422674393327
Max g: 0.9435200948808864
f_3([0.0161427,-0.707672,0.690924,1.39993,3.23758,-3.97358,0.115095,1.29299,-1.16792,0.339894,2.44323,-1.72352,0.374383,-2.43407,3.79971,-2.77585,-0.450403,3.26114,0.254402,-1.54122,2.77952,0.626804,-2.11081,0.454242,-0.737983,0.206489,0.712098,0.474274,-2.53631,2.53521,0.0877037,0.540124,-2.9966,3.22455,0.153147,-0.353685,2.73228,-2.27792,-0.0156614,-0.742922,2.85025,-4.46523,1.26359,0.272744])
3.4297426724057614
Max g: 0.3741848249812487
f_4([0.420915,-0.47057,1.12166,1.6408,3.37909,-4.5002,0.0983586,0.582951,-0.627945,0.506871,2.04497,-1.42241,0.260608,-2.85064,4.39195,-3.9322,0.689549,3.48816,0.280248,-1.60626,2.83593,0.605758,-2.08109,0.444042,0.351973,0.00712821,0.653854,-0.00842663,-2.05731,2.17059,0.0391036,0.61941,-2.82711,3.02585,-0.0135291,-0.106025,3.38436,-2.53426,-0.0746245,-0.752739,3.18267,-4.84732,1.29679,0.330402])
3.653741281110055
Max g: 0.17847927703917776
f_5([0.469141,-0.50235,1.05639,1.67391,3.38577,-4.52283,0.0807147,0.567516,-0.51134,0.502017,1.95187,-1.41637,0.226337,-2.79466,4.30724,-3.60897,1.53003,3.39969,0.272713,-1.63185,2.8561,0.62452,-1.95037,0.339411,0.312917,0.0951212,0.652903,-0.0200614,-2.03827,2.20584,0.103461,0.679137,-2.75188,2.95471,0.0242532,-0.228627,3.46875,-2.71217,-0.0262383,-0.795911,3.30754,-4.99373,1.35035,0.332972])
3.6780889559692174
Max g: 0.07218147761056055
f_6([0.499442,-0.458409,1.01115,1.69635,3.38763,-4.56725,0.0880256,0.593482,-0.500088,0.413416,1.97342,-1.38986,0.214096,-2.8338,4.2624,-3.58845,1.21344,3.39102,0.268362,-1.6036,2.83058,0.662475,-2.0085,0.382275,0.209392,0.0781274,0.733251,-0.0215146,-2.07351,2.24645,0.0954849,0.717938,-2.6777,2.91815,-0.00830853,-0.227296,3.48471,-2.6597,-0.0491021,-0.805793,3.29985,-4.97633,1.34516,0.323669])
3.528425289283917
Max g: 0.042394330972974625
f_7([0.495543,-0.478046,1.04492,1.71713,3.39053,-4.57369,0.0863468,0.606462,-0.514652,0.412579,1.98657,-1.39451,0.837111,-2.8238,4.22636,-3.58197,1.06947,3.52047,0.271935,-1.6,2.83617,0.648371,-1.99546,0.384814,0.214714,0.0802924,0.72566,-0.0222279,-2.07454,2.24891,0.0772538,0.757802,-2.68717,2.92444,-0.00825146,-0.223042,3.47801,-2.65682,-0.0471161,-0.784086,3.29291,-4.96355,1.34709,0.332918])
2.555611455829467
Max g: 0.06259018804260075
f_8([0.572365,-0.514805,1.08093,1.68689,3.37119,-4.53297,0.0841437,0.602577,-0.527517,0.400326,1.98544,-1.37779,0.948439,-2.83854,4.26517,-3.64917,1.38145,3.49112,0.272811,-1.59677,2.85438,0.713419,-2.04509,0.389926,0.240815,0.0635036,0.719564,-0.0275129,-2.08401,2.21446,0.0916879,0.778636,-2.66187,2.90157,-0.00610499,-0.238201,3.41672,-2.55211,-0.0590037,-0.803281,3.30337,-4.94463,1.31472,0.32066])
2.465276613188738
Max g: 0.053115322086468186
f_9([0.574174,-0.504224,1.08113,1.6844,3.3712,-4.52737,0.0837313,0.605112,-0.52779,0.357533,1.98677,-1.34059,0.904868,-2.83969,4.26248,-3.91367,1.55088,3.48878,0.273616,-1.5978,2.85564,0.716211,-2.05839,0.392686,0.240523,0.0866656,0.713743,-0.0326294,-2.15563,2.2901,0.0824372,0.778566,-2.64377,2.87503,-0.00369902,-0.231761,3.40717,-2.54737,-0.0582692,-0.79228,3.31493,-4.94034,1.31421,0.314472])
2.4977733057558646
Max g: 0.05718491948469784
f_10([0.576306,-0.523319,1.09309,1.681,3.37244,-4.52945,0.0841393,0.608104,-0.523572,0.334625,1.97457,-1.31589,0.923046,-2.83989,4.26448,-3.89182,1.59096,3.45331,0.273398,-1.59033,2.8548,0.71317,-2.05417,0.393424,0.227458,0.0981977,0.71544,-0.0439576,-2.23104,2.37022,0.0740594,0.786144,-2.60863,2.85112,-0.00504334,-0.239673,3.39735,-2.53703,-0.0583953,-0.806577,3.32435,-4.94673,1.30812,0.314593])
2.4853510226644553
{0.5763057507614708,-0.5233193890801924,1.0930913929426993,1.6810001855547585,3.3724357762798873,-4.529446953879653,0.08413933352186348,0.6081042239961798,-0.5235715660128251,0.334624605426305,1.9745707623581055,-1.3158947792541438,0.9230461776156637,-2.839894427263379,4.264475958129371,-3.8918167726727146,1.5909614751579237,3.453311979854384,0.2733982997896138,-1.5903317316008303,2.8547978691792872,0.7131697151092765,-2.054169436250538,0.39342370218793055,0.22745771760898978,0.09819772697000874,0.7154398689579309,-0.04395759540619641,-2.231035762716795,2.3702161125160104,0.07405938308374445,0.7861438000793207,-2.6086312958239444,2.8511222733750676,-0.005043335354428868,-0.2396725831964149,3.39734805810669,-2.537034042489208,-0.0583952683287854,-0.8065772756687376,3.3243473249079383,-4.946733446737023,1.3081236677510848,0.31459265990534524}]
Set[{A021,A031,A032,A041,A042,A043,A121,A131,A132,A141,A142,A143,B021,B031,B032,B041,B042,B043,B121,B131,B132,B141,B142,B143,\[Alpha]1,\[Alpha]2,\[Alpha]3,\[Alpha]4,\[Beta]11,\[Beta]12,\[Beta]13,\[Beta]14,\[Beta]21,\[Beta]22,\[Beta]23,\[Beta]24,\[Beta]31,\[Beta]32,\[Beta]33,\[Beta]34,\[Beta]41,\[Beta]42,\[Beta]43,\[Beta]44},{0.5763057507614708,-0.5233193890801924,1.0930913929426993,1.6810001855547585,3.3724357762798873,-4.529446953879653,0.08413933352186348,0.6081042239961798,-0.5235715660128251,0.334624605426305,1.9745707623581055,-1.3158947792541438,0.9230461776156637,-2.839894427263379,4.264475958129371,-3.8918167726727146,1.5909614751579237,3.453311979854384,0.2733982997896138,-1.5903317316008303,2.8547978691792872,0.7131697151092765,-2.054169436250538,0.39342370218793055,0.22745771760898978,0.09819772697000874,0.7154398689579309,-0.04395759540619641,-2.231035762716795,2.3702161125160104,0.07405938308374445,0.7861438000793207,-2.6086312958239444,2.8511222733750676,-0.005043335354428868,-0.2396725831964149,3.39734805810669,-2.537034042489208,-0.0583952683287854,-0.8065772756687376,3.3243473249079383,-4.946733446737023,1.3081236677510848,0.31459265990534524}]

Max g: 0.059184235727415935
f_11([0.574825,-0.526933,1.09427,1.68325,3.37013,-4.53255,0.0826499,0.608132,-0.530745,0.310167,1.96522,-1.27741,0.885775,-2.83919,4.27083,-3.85811,1.59627,3.44178,0.273361,-1.58976,2.85383,0.702824,-2.05158,0.397584,0.228849,0.112687,0.715101,-0.0555095,-2.2934,2.43995,0.0672927,0.790066,-2.61551,2.85097,-0.00372025,-0.234801,3.39063,-2.53325,-0.0581455,-0.798699,3.33002,-4.95132,1.30638,0.31316])
2.4981708188147898
Max g: 0.058089357008946685
f_12([0.575673,-0.524709,1.09566,1.68092,3.36753,-4.52624,0.0810731,0.609493,-0.535067,0.260248,1.95973,-1.2205,0.840794,-2.83914,4.30091,-3.85644,1.74257,3.38918,0.273441,-1.58347,2.85065,0.696551,-2.05299,0.401808,0.227885,0.148117,0.707336,-0.0834386,-2.3271,2.48327,0.06039,0.788891,-2.63726,2.8785,-0.00403651,-0.229002,3.38289,-2.53335,-0.0553894,-0.796902,3.339,-4.95415,1.30118,0.309598])
2.5258973546748154
Max g: 0.05209425273769153
f_13([0.573424,-0.526798,1.09137,1.67922,3.36722,-4.52667,0.0818602,0.605505,-0.531226,0.122579,1.95167,-1.07343,0.762776,-2.83871,4.32366,-3.81308,1.71866,3.37925,0.273966,-1.5846,2.8503,0.69444,-2.04927,0.399287,0.219582,0.194752,0.706809,-0.119508,-2.35154,2.50658,0.0541796,0.79047,-2.62066,2.86218,-0.00196266,-0.235512,3.37473,-2.53005,-0.0521545,-0.790439,3.33863,-4.95344,1.30436,0.306481])
2.592182657250576
Max g: 0.04458457546614247
f_14([0.57232,-0.529106,1.09164,1.67846,3.36577,-4.51822,0.0818333,0.608645,-0.528014,-0.137418,1.94683,-0.825761,0.558091,-2.83948,4.37059,-3.83329,1.81082,3.29618,0.273758,-1.58475,2.84819,0.698499,-2.0551,0.401226,0.197397,0.2338,0.7062,-0.141649,-2.34428,2.4958,0.0559755,0.793303,-2.6202,2.85372,-0.0011144,-0.233985,3.3764,-2.52724,-0.0551208,-0.797585,3.34024,-4.95341,1.31077,0.307614])
2.789846025801082
Max g: 0.031334945213246534
f_15([0.546864,-0.53954,1.08308,1.68178,3.36909,-4.53803,0.0827633,0.604169,-0.525221,-0.526466,1.93926,-0.401612,0.249968,-2.8405,4.3621,-3.94303,1.80778,3.22993,0.273884,-1.58157,2.84659,0.694506,-2.05463,0.400767,0.15311,0.264074,0.704014,-0.118045,-2.34845,2.49175,0.0543873,0.787759,-2.61335,2.84067,-0.00687752,-0.232841,3.37541,-2.53898,-0.0515415,-0.789208,3.35166,-4.95955,1.3078,0.308453])
3.163210166396482
Max g: 0.011184429836315513
f_16([0.515648,-0.570287,1.08319,1.68346,3.38386,-4.57196,0.0851517,0.611112,-0.527402,-0.689338,1.9268,-0.23301,0.13207,-2.8379,4.35345,-3.99927,1.97071,3.38969,0.273923,-1.58459,2.84138,0.690543,-2.05767,0.401429,0.0389552,0.338035,0.704485,-0.0766674,-2.34348,2.49594,0.0580074,0.778153,-2.60771,2.84223,-0.00404005,-0.230781,3.36908,-2.54055,-0.0492126,-0.783984,3.32363,-4.9511,1.31541,0.309137])
3.289420562605201
Max g: 0.010502308882716464
f_17([0.477099,-0.589138,1.08678,1.68224,3.38453,-4.56686,0.0835442,0.611903,-0.528769,-0.71725,1.89707,-0.179821,0.105841,-2.83779,4.35111,-3.85145,1.96863,3.10553,0.273837,-1.5817,2.84261,0.689903,-2.05615,0.401903,-0.0177092,0.39698,0.703859,-0.0805171,-2.36703,2.51891,0.0536739,0.782985,-2.62374,2.85848,-0.00317643,-0.231137,3.37026,-2.53908,-0.049594,-0.783255,3.35431,-4.9779,1.31445,0.306388])
3.3070105154626366
Max g: 0.010537642337053846
f_18([0.447331,-0.585862,1.08726,1.68143,3.38429,-4.56445,0.0826028,0.611347,-0.529685,-0.732722,1.89968,-0.163784,0.0956373,-2.8375,4.35287,-3.86327,1.97568,3.08709,0.273802,-1.58207,2.84403,0.69002,-2.05501,0.40193,-0.0374288,0.413433,0.703812,-0.0841011,-2.36118,2.51944,0.0526346,0.786684,-2.62546,2.85391,-0.00161097,-0.231079,3.37068,-2.53672,-0.0504493,-0.787822,3.35734,-4.96985,1.31172,0.304177])
3.296973310724778
Max g: 0.011558400742436595
f_19([0.456006,-0.586723,1.08768,1.68166,3.38327,-4.56455,0.0821376,0.610848,-0.530403,-0.74225,1.88753,-0.145194,0.0943597,-2.83767,4.35401,-3.84146,1.98248,3.02537,0.273837,-1.57986,2.8433,0.6905,-2.05381,0.402074,-0.0332833,0.420783,0.701259,-0.0855361,-2.36162,2.51952,0.0527294,0.787497,-2.62245,2.85433,-0.00293897,-0.230564,3.37152,-2.53582,-0.0511942,-0.78781,3.36004,-4.97316,1.3105,0.304303])
3.2893211843404697
Max g: 0.01025825795988259
f_20([0.463125,-0.587872,1.08823,1.68402,3.3806,-4.56481,0.0815691,0.611328,-0.531718,-0.747996,1.87872,-0.130268,0.09164,-2.8377,4.35627,-3.80141,1.96193,3.0132,0.273826,-1.57676,2.84044,0.690594,-2.05249,0.40258,-0.0303428,0.41724,0.700057,-0.0856457,-2.36193,2.51772,0.0529871,0.789392,-2.62015,2.85539,-0.00346371,-0.231222,3.37258,-2.53278,-0.0513319,-0.790069,3.3628,-4.97796,1.31081,0.304445])
3.280277762249924
{0.46312535668287846,-0.5878715543811255,1.0882317430050292,1.684021340336502,3.3806022532241995,-4.564808148642116,0.08156906820108073,0.6113280069579545,-0.531717732174857,-0.7479956134918031,1.8787193494000438,-0.1302681901165569,0.09163998222662666,-2.8377033405612853,4.3562744866496,-3.8014139294744695,1.961934707694472,3.0131994592308367,0.2738257011044687,-1.5767563694820355,2.8404442480887164,0.6905944309545947,-2.0524915628881937,0.40258008665537487,-0.030342772121439,0.41724036239739554,0.7000570589321132,-0.0856456651101331,-2.3619324591591377,2.5177196919799454,0.05298708085383124,0.7893924902480312,-2.6201515244660367,2.8553930382531556,-0.0034637122836195804,-0.23122168761274287,3.3725800221515922,-2.532775629949724,-0.051331870390793885,-0.7900686090962851,3.36279862219235,-4.977955081575857,1.3108116831648051,0.30444481697890496}]
Set[{A021,A031,A032,A041,A042,A043,A121,A131,A132,A141,A142,A143,B021,B031,B032,B041,B042,B043,B121,B131,B132,B141,B142,B143,\[Alpha]1,\[Alpha]2,\[Alpha]3,\[Alpha]4,\[Beta]11,\[Beta]12,\[Beta]13,\[Beta]14,\[Beta]21,\[Beta]22,\[Beta]23,\[Beta]24,\[Beta]31,\[Beta]32,\[Beta]33,\[Beta]34,\[Beta]41,\[Beta]42,\[Beta]43,\[Beta]44},{0.46312535668287846,-0.5878715543811255,1.0882317430050292,1.684021340336502,3.3806022532241995,-4.564808148642116,0.08156906820108073,0.6113280069579545,-0.531717732174857,-0.7479956134918031,1.8787193494000438,-0.1302681901165569,0.09163998222662666,-2.8377033405612853,4.3562744866496,-3.8014139294744695,1.961934707694472,3.0131994592308367,0.2738257011044687,-1.5767563694820355,2.8404442480887164,0.6905944309545947,-2.0524915628881937,0.40258008665537487,-0.030342772121439,0.41724036239739554,0.7000570589321132,-0.0856456651101331,-2.3619324591591377,2.5177196919799454,0.05298708085383124,0.7893924902480312,-2.6201515244660367,2.8553930382531556,-0.0034637122836195804,-0.23122168761274287,3.3725800221515922,-2.532775629949724,-0.051331870390793885,-0.7900686090962851,3.36279862219235,-4.977955081575857,1.3108116831648051,0.30444481697890496}]

Max g: 0.009627627901934714
f_21([0.457967,-0.588253,1.08735,1.6839,3.38068,-4.5643,0.0817386,0.610791,-0.531481,-0.751098,1.87444,-0.123699,0.0937248,-2.83954,4.36202,-3.75511,1.97477,3.00443,0.273828,-1.57425,2.83813,0.690609,-2.05224,0.403197,-0.035333,0.419792,0.699626,-0.0839828,-2.36136,2.51708,0.0534874,0.789856,-2.62182,2.85601,-0.00368732,-0.230909,3.37328,-2.53213,-0.0518612,-0.790768,3.36731,-4.98346,1.31065,0.304626])
3.2807746535735802
Max g: 0.009226086918190213
f_22([0.457484,-0.587566,1.08802,1.68379,3.38043,-4.56432,0.0817403,0.611412,-0.531527,-0.752993,1.87185,-0.118836,0.0938878,-2.83949,4.36358,-3.725,1.97064,2.97878,0.273826,-1.57349,2.83806,0.68999,-2.05314,0.404194,-0.0351881,0.421849,0.699191,-0.0852542,-2.36169,2.51775,0.0531749,0.789453,-2.62437,2.85854,-0.00391521,-0.230553,3.37321,-2.53165,-0.0518501,-0.790472,3.36822,-4.98091,1.30886,0.303519])
3.2794827361320738
Max g: 0.00873202005636328
f_23([0.458024,-0.588243,1.08818,1.68243,3.38201,-4.56414,0.0814801,0.612021,-0.532329,-0.754852,1.8723,-0.11741,0.0932774,-2.83863,4.36282,-3.72059,1.97064,2.96849,0.273825,-1.57179,2.83792,0.689669,-2.05315,0.404661,-0.0349242,0.420831,0.697019,-0.0830647,-2.36131,2.5184,0.0530321,0.789465,-2.62558,2.86027,-0.00390473,-0.23019,3.37302,-2.5319,-0.0512492,-0.790475,3.37133,-4.98113,1.30676,0.30298])
3.279582114396805
Max g: 0.00844020504424264
f_24([0.459181,-0.588133,1.08784,1.68177,3.382,-4.56409,0.081179,0.612204,-0.532284,-0.756126,1.87334,-0.116868,0.0933151,-2.83943,4.36285,-3.7356,1.9666,2.96805,0.273826,-1.57094,2.83798,0.689361,-2.05311,0.404743,-0.0346166,0.420809,0.695219,-0.0815143,-2.36171,2.5187,0.0525752,0.790065,-2.62808,2.86169,-0.00408669,-0.22972,3.37344,-2.53187,-0.0513984,-0.790715,3.37476,-4.98201,1.30562,0.301372])
3.2813709231619677
Max g: 0.008165291667900358
f_25([0.458409,-0.587948,1.08793,1.68168,3.38227,-4.56383,0.0810813,0.612694,-0.532661,-0.756642,1.87214,-0.11539,0.0932764,-2.83941,4.36276,-3.74425,1.96456,2.96186,0.273826,-1.57054,2.83796,0.689631,-2.05261,0.404555,-0.0350018,0.422272,0.693291,-0.0802846,-2.36274,2.51952,0.0526726,0.790417,-2.62854,2.86233,-0.00393324,-0.229681,3.37364,-2.53162,-0.0514297,-0.791022,3.38339,-4.99042,1.30586,0.300821])
3.282464084074012
Max g: 0.008270366953843322
f_26([0.45936,-0.588078,1.08803,1.68171,3.38289,-4.56445,0.0809186,0.612591,-0.532527,-0.757669,1.87211,-0.114009,0.0938877,-2.83928,4.36265,-3.74619,1.96343,2.96111,0.273826,-1.57032,2.838,0.689823,-2.05293,0.404564,-0.034528,0.422021,0.692836,-0.0803322,-2.36347,2.52027,0.0526832,0.790472,-2.62893,2.86252,-0.00415766,-0.229526,3.37394,-2.53175,-0.0514132,-0.791165,3.3878,-4.99407,1.3059,0.30029])
3.2819671927503555
Max g: 0.008081761323153955
f_27([0.459767,-0.58806,1.08776,1.68173,3.38256,-4.56428,0.0808367,0.612738,-0.532537,-0.756422,1.87195,-0.115288,0.0941797,-2.83872,4.36264,-3.74543,1.96079,2.96061,0.273827,-1.57011,2.83816,0.689928,-2.05236,0.404234,-0.0346084,0.422638,0.691801,-0.0799287,-2.36434,2.5208,0.0526092,0.791017,-2.6291,2.86247,-0.00416685,-0.229341,3.37494,-2.53182,-0.0514093,-0.7916,3.39239,-4.99757,1.30573,0.299646])
3.2820665710150867
Max g: 0.008092255370374583
f_28([0.460461,-0.588079,1.08753,1.68175,3.38341,-4.56503,0.0807027,0.612751,-0.532541,-0.759459,1.87326,-0.113775,0.093981,-2.83946,4.36342,-3.74818,1.96312,2.9589,0.273828,-1.56957,2.83813,0.690545,-2.05241,0.40413,-0.0341418,0.422141,0.691391,-0.0793712,-2.3661,2.52167,0.052627,0.791602,-2.62913,2.8626,-0.00420888,-0.229346,3.37544,-2.53155,-0.0516475,-0.792105,3.39601,-4.99982,1.30528,0.299054])
3.282563462338743
Max g: 0.008045686772973702
f_29([0.460524,-0.588063,1.08763,1.68172,3.3834,-4.56507,0.0806561,0.612814,-0.532759,-0.758568,1.87344,-0.11473,0.0945107,-2.83949,4.36349,-3.75159,1.96465,2.95554,0.273828,-1.56977,2.8383,0.690862,-2.05257,0.403938,-0.0340846,0.422271,0.690689,-0.0789682,-2.36664,2.52228,0.0525553,0.791623,-2.629,2.8627,-0.00418197,-0.229416,3.37523,-2.53167,-0.0516277,-0.79207,3.39574,-4.9999,1.30536,0.29896])
3.283259110191862
Max g: 0.008138001380451988
f_30([0.46082,-0.588097,1.08758,1.68157,3.38348,-4.56508,0.080618,0.612663,-0.532729,-0.758496,1.87325,-0.11457,0.0942453,-2.83993,4.36371,-3.7499,1.96637,2.95178,0.273827,-1.56973,2.83839,0.690682,-2.05249,0.404045,-0.0341356,0.422258,0.69053,-0.0787475,-2.36842,2.52428,0.0523262,0.791608,-2.62926,2.86292,-0.00420193,-0.229462,3.37547,-2.53163,-0.0516202,-0.792187,3.39588,-4.99992,1.30516,0.299001])
3.283457866721325
{0.46082011868558503,-0.5880974915950101,1.0875837034668785,1.6815747367186809,3.3834828765456435,-4.565082578539518,0.08061804809916732,0.6126632452979904,-0.5327292362783775,-0.7584959533334656,1.8732482873524516,-0.11457043570594211,0.09424529365494963,-2.839930258357665,4.363714537360402,-3.7499040078098798,1.9663696172956755,2.9517761579502735,0.27382748644018734,-1.5697271611585444,2.83838918116634,0.6906823290183612,-2.0524898798587783,0.40404455182426063,-0.03413562938307331,0.4222580449942427,0.6905302008162755,-0.07874754711971867,-2.3684219545021117,2.524276980783546,0.05232619663307642,0.7916076982188868,-2.62926268259814,2.8629155607061887,-0.004201930482555436,-0.22946168228632952,3.37546866846359,-2.5316263702904784,-0.051620234076107226,-0.7921866032787099,3.3958786471238955,-4.999922848508319,1.3051599557609124,0.29900085542217014}]
Set[{A021,A031,A032,A041,A042,A043,A121,A131,A132,A141,A142,A143,B021,B031,B032,B041,B042,B043,B121,B131,B132,B141,B142,B143,\[Alpha]1,\[Alpha]2,\[Alpha]3,\[Alpha]4,\[Beta]11,\[Beta]12,\[Beta]13,\[Beta]14,\[Beta]21,\[Beta]22,\[Beta]23,\[Beta]24,\[Beta]31,\[Beta]32,\[Beta]33,\[Beta]34,\[Beta]41,\[Beta]42,\[Beta]43,\[Beta]44},{0.46082011868558503,-0.5880974915950101,1.0875837034668785,1.6815747367186809,3.3834828765456435,-4.565082578539518,0.08061804809916732,0.6126632452979904,-0.5327292362783775,-0.7584959533334656,1.8732482873524516,-0.11457043570594211,0.09424529365494963,-2.839930258357665,4.363714537360402,-3.7499040078098798,1.9663696172956755,2.9517761579502735,0.27382748644018734,-1.5697271611585444,2.83838918116634,0.6906823290183612,-2.0524898798587783,0.40404455182426063,-0.03413562938307331,0.4222580449942427,0.6905302008162755,-0.07874754711971867,-2.3684219545021117,2.524276980783546,0.05232619663307642,0.7916076982188868,-2.62926268259814,2.8629155607061887,-0.004201930482555436,-0.22946168228632952,3.37546866846359,-2.5316263702904784,-0.051620234076107226,-0.7921866032787099,3.3958786471238955,-4.999922848508319,1.3051599557609124,0.29900085542217014}]

Max g: 0.008076926181263436
f_31([0.461009,-0.588109,1.08764,1.6816,3.38325,-4.56503,0.0805338,0.613006,-0.532982,-0.758886,1.87364,-0.114508,0.0940969,-2.83918,4.36387,-3.72868,1.96764,2.93525,0.273828,-1.56988,2.83848,0.690473,-2.05239,0.404119,-0.0341637,0.422216,0.690207,-0.0783845,-2.37111,2.52692,0.052133,0.791899,-2.63023,2.86355,-0.00419469,-0.229325,3.37572,-2.53176,-0.0515759,-0.792374,3.39585,-4.99992,1.30508,0.298927])
3.28385537978025
Max g: 0.008054036841867333
f_32([0.460466,-0.588193,1.08739,1.68166,3.38323,-4.56485,0.0804911,0.612411,-0.532675,-0.759719,1.87394,-0.114152,0.0940828,-2.83906,4.36354,-3.73259,1.96888,2.93731,0.273828,-1.56984,2.83861,0.690495,-2.0524,0.404167,-0.0342323,0.422325,0.690087,-0.0781234,-2.37225,2.52806,0.0520209,0.791998,-2.63055,2.86408,-0.00422411,-0.229303,3.3758,-2.53182,-0.0515669,-0.792344,3.3962,-4.99995,1.30489,0.298824])
3.2842528928391745
Max g: 0.00800035454108651
f_33([0.460288,-0.588203,1.08752,1.68172,3.38338,-4.56492,0.0803187,0.612601,-0.533032,-0.759772,1.87416,-0.114266,0.0938192,-2.83908,4.3636,-3.73408,1.96994,2.93641,0.273828,-1.5699,2.83876,0.690643,-2.05255,0.404194,-0.0343956,0.422325,0.689958,-0.0778315,-2.37356,2.52907,0.0518359,0.792399,-2.63706,2.86996,-0.00421523,-0.228751,3.37543,-2.53182,-0.0514792,-0.792439,3.39671,-4.99997,1.30487,0.298741])
3.2844516493686373
Max g: 0.007972634132538216
f_34([0.459977,-0.588165,1.08774,1.68193,3.38325,-4.56532,0.0801926,0.61211,-0.532867,-0.760005,1.87458,-0.114254,0.0935778,-2.8395,4.36346,-3.74006,1.96893,2.93404,0.273829,-1.56979,2.83892,0.690688,-2.05242,0.404073,-0.0343411,0.422115,0.689037,-0.076866,-2.37394,2.52955,0.0518214,0.792363,-2.63926,2.87223,-0.00427999,-0.228629,3.37567,-2.53183,-0.0515803,-0.792467,3.39736,-4.99996,1.30445,0.298334])
3.2851472972217564
Max g: 0.007919573090771518
f_35([0.459944,-0.587901,1.08758,1.68202,3.38281,-4.56479,0.0802377,0.612647,-0.533614,-0.759939,1.87427,-0.114175,0.0932953,-2.8396,4.36354,-3.7404,1.96471,2.93054,0.27383,-1.56987,2.83926,0.690776,-2.05241,0.404108,-0.0343616,0.422783,0.688132,-0.0765681,-2.37396,2.52955,0.051711,0.792428,-2.63916,2.87308,-0.00530631,-0.228355,3.37598,-2.532,-0.0516166,-0.79258,3.39748,-4.99984,1.30415,0.298372])
3.2859423233396066
Max g: 0.007072937377054045
f_36([0.460078,-0.587467,1.08678,1.68258,3.38263,-4.56527,0.0801137,0.612581,-0.533726,-0.760085,1.8744,-0.114058,0.0934317,-2.8398,4.36358,-3.73361,1.96649,2.91847,0.27383,-1.57001,2.8392,0.690834,-2.05228,0.404123,-0.0343573,0.42206,0.687432,-0.0752155,-2.37392,2.52922,0.0517923,0.792528,-2.64886,2.88315,-0.00627559,-0.227915,3.37588,-2.53204,-0.0516449,-0.792762,3.397,-4.99981,1.30436,0.29834])
3.2881286451636944
Max g: 0.006303761650566429
f_37([0.460155,-0.58775,1.08683,1.6822,3.3829,-4.56529,0.0798321,0.612151,-0.533825,-0.759763,1.87423,-0.11397,0.0933635,-2.83984,4.36372,-3.72421,1.97309,2.90254,0.273831,-1.57006,2.8395,0.691161,-2.05229,0.404081,-0.0343682,0.421703,0.68704,-0.0748379,-2.37391,2.52886,0.0518224,0.792925,-2.6534,2.8881,-0.00678702,-0.22746,3.3766,-2.53206,-0.0516246,-0.793259,3.39818,-4.99997,1.30402,0.298204])
3.2881286451636944
Max g: 0.005873859669024952
f_38([0.460015,-0.587706,1.087,1.68286,3.38256,-4.5654,0.0797755,0.611906,-0.533696,-0.75971,1.87433,-0.114135,0.0921792,-2.84023,4.36377,-3.73792,1.98736,2.89103,0.273837,-1.57009,2.83984,0.691693,-2.05231,0.403978,-0.0342997,0.421968,0.686078,-0.073814,-2.37389,2.52852,0.0517882,0.793488,-2.65499,2.88939,-0.0070692,-0.227336,3.37684,-2.53205,-0.0516404,-0.793514,3.39828,-4.99985,1.30361,0.2981])
3.2887249147520823
Max g: 0.005652515272279151
f_39([0.460039,-0.587594,1.08702,1.68278,3.3823,-4.5652,0.0796739,0.612153,-0.534056,-0.759913,1.8745,-0.114293,0.0934579,-2.83954,4.36381,-3.74385,1.98074,2.88937,0.273851,-1.57013,2.84011,0.691716,-2.05234,0.403929,-0.034311,0.423013,0.683125,-0.0717344,-2.37399,2.52857,0.051868,0.793543,-2.656,2.89056,-0.00717244,-0.227218,3.3771,-2.53227,-0.0516107,-0.793694,3.39867,-4.99994,1.30337,0.297863])
3.2910106148409013
Max g: 0.005567345772094414
f_40([0.460155,-0.587579,1.08739,1.6829,3.38231,-4.56511,0.079686,0.612333,-0.534243,-0.759667,1.87424,-0.114147,0.0946889,-2.83892,4.36383,-3.74421,1.98037,2.88818,0.274032,-1.57013,2.84028,0.69183,-2.05236,0.403915,-0.0343135,0.423107,0.68199,-0.0708276,-2.37399,2.52851,0.0518832,0.793496,-2.65538,2.88958,-0.00719245,-0.227126,3.37702,-2.53209,-0.0516066,-0.793886,3.39905,-4.99996,1.30331,0.297673])
3.2925012888118705
{0.46015489853573865,-0.5875794312036213,1.0873922017512236,1.682895026453278,3.3823077837104902,-4.565111782826269,0.07968602087646333,0.6123327830630554,-0.5342430337265711,-0.7596666302966217,1.8742408136368045,-0.1141467266645687,0.09468894002665575,-2.838916806738395,4.363826871211474,-3.744207312416881,1.980372227028659,2.8881832629402044,0.2740320021944243,-1.5701278157394416,2.840284842700482,0.6918299158129505,-2.052356698786537,0.40391456565076883,-0.034313498260201594,0.42310719127432034,0.6819904681855571,-0.07082764343795576,-2.3739897974151765,2.5285132714169105,0.05188323217442559,0.7934960176064825,-2.65537930927135,2.8895827720231595,-0.007192445570545879,-0.22712571590631378,3.3770183945923424,-2.5320894950057156,-0.051606634209836785,-0.7938863210325205,3.399046442083864,-4.999957183158364,1.3033066584544268,0.2976727111553971}]
Set[{A021,A031,A032,A041,A042,A043,A121,A131,A132,A141,A142,A143,B021,B031,B032,B041,B042,B043,B121,B131,B132,B141,B142,B143,\[Alpha]1,\[Alpha]2,\[Alpha]3,\[Alpha]4,\[Beta]11,\[Beta]12,\[Beta]13,\[Beta]14,\[Beta]21,\[Beta]22,\[Beta]23,\[Beta]24,\[Beta]31,\[Beta]32,\[Beta]33,\[Beta]34,\[Beta]41,\[Beta]42,\[Beta]43,\[Beta]44},{0.46015489853573865,-0.5875794312036213,1.0873922017512236,1.682895026453278,3.3823077837104902,-4.565111782826269,0.07968602087646333,0.6123327830630554,-0.5342430337265711,-0.7596666302966217,1.8742408136368045,-0.1141467266645687,0.09468894002665575,-2.838916806738395,4.363826871211474,-3.744207312416881,1.980372227028659,2.8881832629402044,0.2740320021944243,-1.5701278157394416,2.840284842700482,0.6918299158129505,-2.052356698786537,0.40391456565076883,-0.034313498260201594,0.42310719127432034,0.6819904681855571,-0.07082764343795576,-2.3739897974151765,2.5285132714169105,0.05188323217442559,0.7934960176064825,-2.65537930927135,2.8895827720231595,-0.007192445570545879,-0.22712571590631378,3.3770183945923424,-2.5320894950057156,-0.051606634209836785,-0.7938863210325205,3.399046442083864,-4.999957183158364,1.3033066584544268,0.2976727111553971}]

Max g: 0.005616582435135287
f_41([0.460159,-0.587786,1.08743,1.68268,3.38321,-4.5659,0.0795844,0.612384,-0.534252,-0.759648,1.8745,-0.114366,0.0946538,-2.83899,4.36391,-3.74551,1.98318,2.87643,0.274331,-1.57011,2.84079,0.691925,-2.05236,0.403902,-0.03431,0.423614,0.681132,-0.0704651,-2.37399,2.52852,0.051877,0.793647,-2.65494,2.8892,-0.00750033,-0.226916,3.37705,-2.53213,-0.0511935,-0.794062,3.39928,-4.99958,1.3031,0.296995])
3.291606884429289
Max g: 0.005454554809028079
f_42([0.460103,-0.587624,1.08753,1.68234,3.38277,-4.56509,0.079486,0.612307,-0.534069,-0.759528,1.87493,-0.114933,0.0945852,-2.8394,4.36385,-3.74518,1.9812,2.86094,0.274408,-1.57004,2.84134,0.692061,-2.05235,0.403955,-0.0343102,0.424408,0.680356,-0.0704927,-2.37402,2.52851,0.0518696,0.793973,-2.65538,2.89006,-0.00787688,-0.226742,3.37711,-2.53225,-0.050991,-0.794298,3.40012,-4.99894,1.30237,0.296453])
3.2918056409587515
Max g: 0.005113037766607079
f_43([0.460078,-0.587501,1.08723,1.68297,3.38229,-4.56516,0.0794228,0.612518,-0.534364,-0.759482,1.8749,-0.114969,0.094162,-2.83959,4.36386,-3.74749,1.9925,2.84613,0.274521,-1.5697,2.84147,0.692138,-2.05237,0.403999,-0.0343095,0.423883,0.679366,-0.0689162,-2.37407,2.52843,0.0518681,0.794061,-2.65633,2.89076,-0.0082326,-0.22647,3.37722,-2.53218,-0.0509469,-0.794478,3.40024,-4.99797,1.30168,0.296046])
3.293793206253377
Max g: 0.004816793108268949
f_44([0.46027,-0.587773,1.08743,1.68255,3.38188,-4.56443,0.0793298,0.612522,-0.53428,-0.759576,1.87502,-0.115179,0.0947665,-2.83911,4.36412,-3.74394,1.99344,2.84282,0.274602,-1.56935,2.84189,0.69234,-2.05234,0.403997,-0.0343128,0.424033,0.678249,-0.0680886,-2.37406,2.52744,0.0518522,0.794386,-2.65654,2.89102,-0.00815347,-0.22642,3.37732,-2.53217,-0.0508222,-0.794743,3.40036,-4.9965,1.30066,0.295612])
3.2963770411363904
Max g: 0.004839569918661988
f_45([0.460145,-0.587837,1.0878,1.68269,3.38227,-4.56501,0.0791926,0.612743,-0.534742,-0.759893,1.87536,-0.115437,0.0944376,-2.83911,4.36408,-3.74858,1.99858,2.83847,0.274785,-1.56897,2.84249,0.692744,-2.05233,0.40401,-0.0343131,0.424154,0.677675,-0.0673836,-2.37405,2.52668,0.0518238,0.795011,-2.65669,2.89128,-0.00845618,-0.226265,3.37759,-2.53218,-0.0506308,-0.795495,3.4005,-4.99519,1.29952,0.295169])
3.2972714455189718
Max g: 0.0045799156196736635
f_46([0.459925,-0.58797,1.08736,1.68093,3.38372,-4.56435,0.0788637,0.612721,-0.5353,-0.75995,1.87549,-0.115614,0.0959788,-2.83922,4.36394,-3.74089,1.99581,2.81492,0.275042,-1.56777,2.8425,0.693384,-2.05231,0.404188,-0.0343129,0.425167,0.677036,-0.0678613,-2.37386,2.52541,0.0518046,0.79622,-2.65713,2.89205,-0.00903608,-0.226187,3.37781,-2.53171,-0.0505988,-0.796269,3.40039,-4.99302,1.29801,0.294127])
3.2963770411363904
Max g: 0.004073082105558607
f_47([0.4591,-0.58715,1.08736,1.68074,3.38123,-4.56187,0.0787043,0.612841,-0.535346,-0.759973,1.87603,-0.116446,0.0955837,-2.83932,4.36409,-3.74482,2.01199,2.80001,0.27521,-1.56708,2.84293,0.694256,-2.05234,0.404141,-0.0343104,0.425141,0.676541,-0.0674555,-2.37391,2.52442,0.0517777,0.797185,-2.65903,2.89422,-0.00933268,-0.226138,3.37847,-2.53076,-0.0505514,-0.797372,3.4016,-4.99224,1.29684,0.293618])
3.2964764194011216
Max g: 0.0038246017868954468
f_48([0.459009,-0.587405,1.08735,1.67876,3.38439,-4.56316,0.0785828,0.612987,-0.535686,-0.760054,1.87648,-0.117065,0.0955085,-2.83944,4.36417,-3.74643,2.00919,2.80184,0.275462,-1.56649,2.84322,0.695228,-2.05231,0.404048,-0.0343132,0.425554,0.676412,-0.0676138,-2.37397,2.5235,0.0517377,0.798071,-2.65857,2.8941,-0.00984944,-0.225742,3.37869,-2.52977,-0.0505396,-0.798434,3.40191,-4.99075,1.29571,0.292841])
3.295880149812734
Max g: 0.003453580202143809
f_49([0.459113,-0.587356,1.08723,1.67775,3.38525,-4.56298,0.0784419,0.612983,-0.535906,-0.760047,1.87625,-0.116879,0.0960229,-2.83945,4.3642,-3.74726,2.00887,2.80009,0.275594,-1.56653,2.84416,0.695829,-2.05223,0.403998,-0.0343151,0.425563,0.676081,-0.0671822,-2.37402,2.52309,0.0516648,0.798783,-2.66012,2.89549,-0.0101356,-0.225462,3.37834,-2.52826,-0.050654,-0.799136,3.40232,-4.98967,1.29468,0.292596])
3.295184501959615
Max g: 0.0031982500880371363
f_50([0.459086,-0.587228,1.08728,1.67722,3.38588,-4.56316,0.0782827,0.612976,-0.535972,-0.760083,1.8762,-0.116855,0.0958725,-2.83947,4.3642,-3.74475,2.00791,2.79928,0.27564,-1.5664,2.84454,0.696253,-2.05223,0.403774,-0.034312,0.425476,0.676167,-0.0672732,-2.37402,2.523,0.0516246,0.799067,-2.66156,2.89737,-0.0104703,-0.225285,3.37841,-2.52841,-0.0506877,-0.799496,3.40239,-4.98878,1.29391,0.29226])
3.294687610635959
{0.45908599541390693,-0.5872279979228612,1.0872817687965721,1.6772155754663365,3.385878878643859,-4.563164393012877,0.0782826502634731,0.612975602985,-0.5359720945246442,-0.7600826955486025,1.876199286299302,-0.11685462485313186,0.09587247865576137,-2.8394652461450716,4.364196733107816,-3.7447497356853265,2.0079050613971545,2.799279998104979,0.27564007091610193,-1.566395294064039,2.8445360511298095,0.6962528608826847,-2.0522274036486094,0.4037742611604647,-0.03431201414778149,0.42547613484349167,0.6761672544545171,-0.06727323400209179,-2.374022981043448,2.522999408670468,0.05162460855105154,0.7990674258197074,-2.661563100309583,2.8973672037841607,-0.010470267249930375,-0.22528471889587764,3.3784081221952147,-2.528411390817996,-0.05068768100223938,-0.7994955693577859,3.4023856446583345,-4.9887822368243455,1.2939121580803086,0.2922602270557835}]
Set[{A021,A031,A032,A041,A042,A043,A121,A131,A132,A141,A142,A143,B021,B031,B032,B041,B042,B043,B121,B131,B132,B141,B142,B143,\[Alpha]1,\[Alpha]2,\[Alpha]3,\[Alpha]4,\[Beta]11,\[Beta]12,\[Beta]13,\[Beta]14,\[Beta]21,\[Beta]22,\[Beta]23,\[Beta]24,\[Beta]31,\[Beta]32,\[Beta]33,\[Beta]34,\[Beta]41,\[Beta]42,\[Beta]43,\[Beta]44},{0.45908599541390693,-0.5872279979228612,1.0872817687965721,1.6772155754663365,3.385878878643859,-4.563164393012877,0.0782826502634731,0.612975602985,-0.5359720945246442,-0.7600826955486025,1.876199286299302,-0.11685462485313186,0.09587247865576137,-2.8394652461450716,4.364196733107816,-3.7447497356853265,2.0079050613971545,2.799279998104979,0.27564007091610193,-1.566395294064039,2.8445360511298095,0.6962528608826847,-2.0522274036486094,0.4037742611604647,-0.03431201414778149,0.42547613484349167,0.6761672544545171,-0.06727323400209179,-2.374022981043448,2.522999408670468,0.05162460855105154,0.7990674258197074,-2.661563100309583,2.8973672037841607,-0.010470267249930375,-0.22528471889587764,3.3784081221952147,-2.528411390817996,-0.05068768100223938,-0.7994955693577859,3.4023856446583345,-4.9887822368243455,1.2939121580803086,0.2922602270557835}]

Max g: 0.002963765733237443
f_51([0.458919,-0.58725,1.08732,1.67703,3.38606,-4.56302,0.0781475,0.612993,-0.536277,-0.759907,1.87599,-0.116792,0.0958453,-2.8394,4.3641,-3.7431,2.00782,2.79308,0.275758,-1.56594,2.84459,0.696266,-2.05224,0.403846,-0.03431,0.425544,0.675909,-0.067117,-2.37403,2.52289,0.0513823,0.799275,-2.66207,2.89794,-0.0107331,-0.225081,3.37832,-2.52785,-0.0505756,-0.799756,3.40238,-4.98807,1.29336,0.291775])
3.2949857454301523
Max g: 0.0027320816781567416
f_52([0.458132,-0.586699,1.08728,1.67748,3.38594,-4.56322,0.0780851,0.612983,-0.536094,-0.759692,1.87528,-0.116202,0.0954446,-2.83942,4.36447,-3.75248,2.00913,2.79561,0.275979,-1.5651,2.84439,0.695624,-2.05227,0.404377,-0.0343018,0.425622,0.67471,-0.0660315,-2.37403,2.52354,0.050725,0.79931,-2.66305,2.89877,-0.0110684,-0.224811,3.37846,-2.52855,-0.0501286,-0.799766,3.40241,-4.98639,1.29263,0.291131])
3.2962776628716592
Max g: 0.002341487864236144
f_53([0.458008,-0.586838,1.08735,1.67568,3.38562,-4.56113,0.0779752,0.612992,-0.536171,-0.759933,1.87568,-0.11589,0.0954964,-2.83916,4.3644,-3.74612,2.00807,2.78744,0.276201,-1.56386,2.84412,0.69504,-2.05227,0.404738,-0.0342882,0.42546,0.674102,-0.0651943,-2.37401,2.52404,0.0501833,0.799414,-2.66348,2.89931,-0.0114049,-0.22441,3.37842,-2.52889,-0.0496814,-0.799778,3.40255,-4.98453,1.29134,0.290263])
3.295880149812734
Max g: 0.001962945248249491
f_54([0.45802,-0.587058,1.08732,1.67536,3.3856,-4.56084,0.0778652,0.612985,-0.536251,-0.759973,1.87543,-0.115725,0.0946055,-2.83947,4.36435,-3.74472,2.00982,2.77309,0.276363,-1.56349,2.8448,0.695125,-2.05229,0.404714,-0.0342969,0.425295,0.672989,-0.0638832,-2.37402,2.52415,0.0499154,0.799594,-2.66391,2.89955,-0.0115227,-0.224072,3.37844,-2.52896,-0.0493961,-0.799969,3.40258,-4.98209,1.28991,0.289534])
3.297768336842628
Max g: 0.0018335700135726166
f_55([0.458401,-0.587231,1.08748,1.67487,3.38559,-4.56045,0.0777238,0.61299,-0.536182,-0.760122,1.87554,-0.115563,0.0942918,-2.8393,4.36438,-3.74609,2.01037,2.76456,0.276544,-1.56265,2.8446,0.695093,-2.05229,0.404952,-0.0343632,0.425707,0.671971,-0.0630896,-2.37402,2.52418,0.0496669,0.799834,-2.66503,2.90074,-0.0118917,-0.223836,3.37846,-2.52908,-0.0491573,-0.800296,3.40259,-4.98105,1.2894,0.288831])
3.297867715107359
Max g: 0.0014831647505139274
f_56([0.458461,-0.587299,1.08751,1.67447,3.38581,-4.5602,0.0776519,0.612991,-0.53619,-0.760172,1.87561,-0.115677,0.0946348,-2.83922,4.36438,-3.74601,2.00986,2.75103,0.276685,-1.56185,2.8444,0.694862,-2.0523,0.405134,-0.0343601,0.42592,0.670919,-0.0625213,-2.37387,2.52402,0.0494605,0.800179,-2.66465,2.90041,-0.0120483,-0.223691,3.37854,-2.52908,-0.0488402,-0.800481,3.40271,-4.97963,1.28842,0.288393])
3.297768336842628
Max g: 0.0013073907902208994
f_57([0.458769,-0.587244,1.08757,1.674,3.38591,-4.55978,0.0775753,0.61301,-0.5362,-0.760063,1.87558,-0.115738,0.094972,-2.83898,4.36433,-3.74382,2.00997,2.74858,0.276795,-1.5616,2.84488,0.694871,-2.05232,0.405231,-0.0343354,0.425735,0.670515,-0.0619578,-2.37418,2.52446,0.0492394,0.800306,-2.66457,2.90039,-0.0121958,-0.223631,3.37851,-2.52916,-0.0486889,-0.800631,3.40277,-4.97825,1.28754,0.287852])
3.297867715107359
Max g: 0.0011414938709203466
f_58([0.459155,-0.587238,1.0874,1.67385,3.38605,-4.55989,0.0775726,0.61295,-0.535932,-0.760118,1.87535,-0.115399,0.0950208,-2.83872,4.36433,-3.74555,2.0101,2.74827,0.276866,-1.56146,2.84516,0.694784,-2.05233,0.405321,-0.0343035,0.426238,0.670051,-0.0618238,-2.37424,2.52488,0.0489818,0.800302,-2.66404,2.89975,-0.0122101,-0.223508,3.37853,-2.52939,-0.0486032,-0.80061,3.40279,-4.97723,1.2869,0.287554])
3.2975695803131657
Max g: 0.0010903604939062287
f_59([0.459453,-0.587318,1.08743,1.67383,3.38613,-4.55992,0.077504,0.612932,-0.535968,-0.760123,1.87504,-0.11504,0.0949511,-2.83867,4.36432,-3.7455,2.01008,2.74827,0.276949,-1.5613,2.84543,0.694746,-2.05233,0.405392,-0.0343564,0.426063,0.670013,-0.0617499,-2.3744,2.52495,0.0488762,0.800475,-2.66426,2.89997,-0.012319,-0.223306,3.37853,-2.5293,-0.0484335,-0.800712,3.40305,-4.97667,1.28637,0.287196])
3.2964764194011216
Max g: 0.0009701139446187772
f_60([0.459152,-0.587314,1.08736,1.67395,3.38597,-4.55989,0.0774746,0.612925,-0.53571,-0.760013,1.8752,-0.115307,0.0950247,-2.83873,4.36433,-3.74823,2.01016,2.74689,0.277024,-1.56115,2.8457,0.694636,-2.05236,0.40547,-0.0343664,0.426457,0.669851,-0.0619178,-2.37454,2.52525,0.0487159,0.80045,-2.66409,2.89971,-0.0123981,-0.223332,3.37853,-2.52947,-0.0483198,-0.80075,3.40461,-4.97714,1.28594,0.286586])
3.2972714455189718
{0.4591522036761265,-0.5873142378097485,1.087362661705026,1.6739472230211607,3.3859734526357026,-4.559892790552898,0.07747461177121985,0.6129246154201338,-0.5357100357387617,-0.7600131089551747,1.8751994717548894,-0.1153071111965458,0.09502467086523303,-2.8387307416304473,4.364330273038093,-3.7482297917763936,2.010157504885089,2.746892761550038,0.2770242786704603,-1.56115059108909,2.845698235298906,0.6946359813373563,-2.0523639709235906,0.4054699468757079,-0.03436636218990654,0.426457080270262,0.6698506793015472,-0.0619178024090104,-2.37453842619492,2.525254786214483,0.04871588005868701,0.8004496063183661,-2.664090517335876,2.8997075767651554,-0.012398117179824602,-0.2233322425831959,3.3785292981924915,-2.5294653775054847,-0.04831977460847424,-0.8007501161722784,3.4046138164129895,-4.977138132691973,1.2859376547812336,0.28658583360559087}]
Set[{A021,A031,A032,A041,A042,A043,A121,A131,A132,A141,A142,A143,B021,B031,B032,B041,B042,B043,B121,B131,B132,B141,B142,B143,\[Alpha]1,\[Alpha]2,\[Alpha]3,\[Alpha]4,\[Beta]11,\[Beta]12,\[Beta]13,\[Beta]14,\[Beta]21,\[Beta]22,\[Beta]23,\[Beta]24,\[Beta]31,\[Beta]32,\[Beta]33,\[Beta]34,\[Beta]41,\[Beta]42,\[Beta]43,\[Beta]44},{0.4591522036761265,-0.5873142378097485,1.087362661705026,1.6739472230211607,3.3859734526357026,-4.559892790552898,0.07747461177121985,0.6129246154201338,-0.5357100357387617,-0.7600131089551747,1.8751994717548894,-0.1153071111965458,0.09502467086523303,-2.8387307416304473,4.364330273038093,-3.7482297917763936,2.010157504885089,2.746892761550038,0.2770242786704603,-1.56115059108909,2.845698235298906,0.6946359813373563,-2.0523639709235906,0.4054699468757079,-0.03436636218990654,0.426457080270262,0.6698506793015472,-0.0619178024090104,-2.37453842619492,2.525254786214483,0.04871588005868701,0.8004496063183661,-2.664090517335876,2.8997075767651554,-0.012398117179824602,-0.2233322425831959,3.3785292981924915,-2.5294653775054847,-0.04831977460847424,-0.8007501161722784,3.4046138164129895,-4.977138132691973,1.2859376547812336,0.28658583360559087}]

Max g: 0.0008812222228353518
f_61([0.459086,-0.587432,1.08761,1.67399,3.386,-4.55991,0.0773681,0.61289,-0.535806,-0.759891,1.87532,-0.115414,0.0952235,-2.83871,4.36433,-3.75532,2.01009,2.74549,0.277097,-1.56108,2.8462,0.694625,-2.05233,0.405495,-0.034378,0.426943,0.669362,-0.061768,-2.37459,2.52537,0.0485573,0.800596,-2.66471,2.90029,-0.0125247,-0.223147,3.37854,-2.52937,-0.0481524,-0.800919,3.4061,-4.97757,1.28524,0.28614])
3.2972714455189718
Max g: 0.0007407737903974074
f_62([0.459327,-0.587564,1.08755,1.6741,3.38594,-4.56001,0.0772614,0.612889,-0.535668,-0.759712,1.87528,-0.11552,0.0951692,-2.83869,4.36433,-3.75437,2.00996,2.74096,0.277141,-1.5608,2.84641,0.694643,-2.05225,0.405513,-0.0344738,0.427024,0.669039,-0.0615175,-2.37496,2.52568,0.0484442,0.800806,-2.66521,2.90093,-0.0126616,-0.222978,3.37854,-2.52933,-0.0481245,-0.801074,3.40847,-4.97883,1.28482,0.285557])
3.297370823783703
Max g: 0.0005875811930303662
f_63([0.459403,-0.587512,1.08756,1.67411,3.386,-4.5601,0.0772418,0.612907,-0.535745,-0.75986,1.87527,-0.115394,0.0951849,-2.83867,4.36431,-3.75384,2.01011,2.74072,0.277158,-1.56077,2.84646,0.694623,-2.05224,0.40554,-0.0344917,0.427037,0.669074,-0.0615773,-2.3761,2.52681,0.0483396,0.800954,-2.66543,2.90104,-0.0126984,-0.222918,3.37854,-2.52939,-0.0480581,-0.801114,3.4087,-4.97901,1.28476,0.285524])
3.296973310724778
Max g: 0.000547685728068039
f_64([0.459702,-0.587529,1.08751,1.67412,3.38604,-4.56015,0.0771989,0.6129,-0.535727,-0.759845,1.87532,-0.115463,0.0952844,-2.83866,4.36431,-3.75357,2.01011,2.73834,0.277174,-1.56067,2.84648,0.69463,-2.0523,0.405582,-0.0343359,0.427039,0.669039,-0.0617257,-2.377,2.52776,0.0481771,0.801038,-2.66567,2.90126,-0.0127712,-0.22287,3.37855,-2.52939,-0.0480469,-0.801156,3.40939,-4.97935,1.28463,0.285342])
3.2970726889895094
Max g: 0.0004753311284628435
f_65([0.459666,-0.587425,1.08749,1.67411,3.38604,-4.56013,0.0771578,0.612914,-0.535785,-0.759851,1.87536,-0.115476,0.0953568,-2.83865,4.3643,-3.75331,2.01011,2.73794,0.277213,-1.5605,2.84648,0.69463,-2.05233,0.405637,-0.0343057,0.427005,0.669023,-0.0617137,-2.37746,2.52821,0.0481064,0.801142,-2.66592,2.90152,-0.0128116,-0.222774,3.37855,-2.52938,-0.0479627,-0.801225,3.40964,-4.97923,1.28446,0.285145])
3.2967745541953155
Max g: 0.00042521596115669726
f_66([0.459697,-0.587406,1.08744,1.67397,3.38606,-4.56003,0.07714,0.612913,-0.535784,-0.759833,1.8753,-0.115482,0.0954093,-2.83864,4.36429,-3.75346,2.01016,2.7386,0.277229,-1.56038,2.84649,0.694608,-2.05232,0.405662,-0.0342981,0.427013,0.669032,-0.0617444,-2.37768,2.52838,0.0480482,0.801209,-2.66617,2.90178,-0.0128703,-0.222734,3.37855,-2.52937,-0.0479401,-0.801261,3.40983,-4.97915,1.28432,0.28505])
3.2968739324600467
Max g: 0.00036452091836286504
f_67([0.459845,-0.587452,1.08745,1.67394,3.38607,-4.56002,0.0771098,0.612925,-0.535815,-0.759842,1.87531,-0.115459,0.0953947,-2.83861,4.36429,-3.75363,2.0099,2.73872,0.277261,-1.56023,2.84649,0.694626,-2.05241,0.405728,-0.0343016,0.427014,0.669017,-0.0617269,-2.37783,2.52859,0.0479672,0.801274,-2.66664,2.90229,-0.0129321,-0.222684,3.37854,-2.52939,-0.0479052,-0.801279,3.40992,-4.97893,1.28409,0.284919])
3.2964764194011216
Max g: 0.00029970158729430464
f_68([0.459808,-0.587464,1.08749,1.67398,3.38607,-4.56005,0.0770804,0.61293,-0.535867,-0.759856,1.87532,-0.115459,0.0954101,-2.83861,4.36428,-3.75376,2.00986,2.73861,0.277279,-1.56017,2.8465,0.694615,-2.05236,0.405746,-0.0342946,0.427038,0.668997,-0.0617379,-2.37798,2.52868,0.047951,0.801336,-2.66667,2.9023,-0.0129837,-0.222651,3.37854,-2.52933,-0.0478752,-0.801347,3.40998,-4.97885,1.28403,0.284842])
3.2964764194011216
Max g: 0.00025116772985591014
f_69([0.459819,-0.587453,1.08745,1.67399,3.38606,-4.56005,0.077064,0.612921,-0.535873,-0.75985,1.87529,-0.115444,0.0954367,-2.83861,4.36429,-3.75384,2.00982,2.73894,0.277295,-1.56011,2.84651,0.694626,-2.05234,0.405746,-0.0342866,0.427068,0.669009,-0.0617725,-2.37806,2.52874,0.0479338,0.801387,-2.6667,2.90231,-0.0130067,-0.222595,3.37854,-2.52927,-0.0478811,-0.80142,3.41001,-4.97878,1.28398,0.284801])
3.2962776628716592
Max g: 0.00022948464653943512
f_70([0.459818,-0.587478,1.08747,1.67401,3.38607,-4.56008,0.0770534,0.612913,-0.535875,-0.759866,1.8753,-0.115425,0.095467,-2.83862,4.36429,-3.75379,2.00989,2.73816,0.277308,-1.56005,2.84651,0.694608,-2.0523,0.405752,-0.0343019,0.427104,0.668999,-0.0617965,-2.37809,2.52873,0.0479112,0.801426,-2.66676,2.90237,-0.0130304,-0.222584,3.37854,-2.52924,-0.0478581,-0.801446,3.41006,-4.9787,1.2839,0.284733])
3.2963770411363904
{0.45981830305802973,-0.5874775455377534,1.0874734273368882,1.6740090485793677,3.386067270177849,-4.5600785126636785,0.0770533585877035,0.6129129817350687,-0.5358751838545198,-0.7598660935434967,1.875299213461791,-0.11542473331400192,0.09546703293320415,-2.838623020514026,4.364286002970002,-3.753788933087993,2.0098872317982117,2.738161843657455,0.2773084041563331,-1.5600514300746162,2.8465133155119697,0.6946078269862304,-2.052302136091863,0.4057524387010318,-0.03430194740167441,0.42710370335377473,0.6689992981536153,-0.06179649874699177,-2.3780911341102766,2.528734026629418,0.0479112309593927,0.8014262777273806,-2.666758434574978,2.90237355824871,-0.01303038780386172,-0.22258435650758143,3.3785398920818004,-2.529239840237805,-0.04785807104745419,-0.8014455363124938,3.4100598608603825,-4.97870026142229,1.2839040080262656,0.2847326309243851}]
Set[{A021,A031,A032,A041,A042,A043,A121,A131,A132,A141,A142,A143,B021,B031,B032,B041,B042,B043,B121,B131,B132,B141,B142,B143,\[Alpha]1,\[Alpha]2,\[Alpha]3,\[Alpha]4,\[Beta]11,\[Beta]12,\[Beta]13,\[Beta]14,\[Beta]21,\[Beta]22,\[Beta]23,\[Beta]24,\[Beta]31,\[Beta]32,\[Beta]33,\[Beta]34,\[Beta]41,\[Beta]42,\[Beta]43,\[Beta]44},{0.45981830305802973,-0.5874775455377534,1.0874734273368882,1.6740090485793677,3.386067270177849,-4.5600785126636785,0.0770533585877035,0.6129129817350687,-0.5358751838545198,-0.7598660935434967,1.875299213461791,-0.11542473331400192,0.09546703293320415,-2.838623020514026,4.364286002970002,-3.753788933087993,2.0098872317982117,2.738161843657455,0.2773084041563331,-1.5600514300746162,2.8465133155119697,0.6946078269862304,-2.052302136091863,0.4057524387010318,-0.03430194740167441,0.42710370335377473,0.6689992981536153,-0.06179649874699177,-2.3780911341102766,2.528734026629418,0.0479112309593927,0.8014262777273806,-2.666758434574978,2.90237355824871,-0.01303038780386172,-0.22258435650758143,3.3785398920818004,-2.529239840237805,-0.04785807104745419,-0.8014455363124938,3.4100598608603825,-4.97870026142229,1.2839040080262656,0.2847326309243851}]

Max g: 0.00020594956334869276
f_71([0.459842,-0.587485,1.08748,1.67401,3.38606,-4.56008,0.0770407,0.612908,-0.535888,-0.759866,1.87527,-0.115405,0.0954822,-2.83865,4.36429,-3.75381,2.00975,2.73744,0.27732,-1.56001,2.84651,0.694608,-2.05227,0.405746,-0.0343027,0.42713,0.668966,-0.0617971,-2.37812,2.52873,0.0479018,0.801467,-2.66681,2.90243,-0.0130587,-0.222568,3.37854,-2.5292,-0.047859,-0.801494,3.41007,-4.97864,1.28387,0.284706])
3.2963770411363904
Max g: 0.00018409158134538584
f_72([0.45985,-0.587476,1.08745,1.67401,3.38607,-4.56008,0.0770367,0.612894,-0.535888,-0.759861,1.87524,-0.115382,0.0954849,-2.83864,4.36429,-3.75378,2.00976,2.73728,0.277328,-1.55996,2.8465,0.694628,-2.05229,0.405759,-0.0343065,0.427171,0.668966,-0.0618147,-2.37813,2.52873,0.0478928,0.80149,-2.66684,2.90249,-0.0130776,-0.22256,3.37854,-2.52919,-0.0478564,-0.801511,3.41009,-4.97859,1.28381,0.284686])
3.2963770411363904
Max g: 0.00016577611439599904
f_73([0.459838,-0.587476,1.08748,1.67401,3.38607,-4.56008,0.0770287,0.612897,-0.535889,-0.75986,1.87523,-0.115384,0.0955018,-2.83863,4.3643,-3.75378,2.00975,2.73714,0.277336,-1.5599,2.8465,0.694625,-2.05226,0.405757,-0.0343077,0.427185,0.668937,-0.0618122,-2.37816,2.52873,0.047889,0.80153,-2.66686,2.90251,-0.0130814,-0.222557,3.37854,-2.52915,-0.0478504,-0.80154,3.41011,-4.9785,1.28374,0.284651])
3.2962776628716592
Max g: 0.00015993905586022053
f_74([0.45988,-0.587474,1.08746,1.67402,3.38606,-4.56009,0.0770194,0.612895,-0.535891,-0.759848,1.87522,-0.115379,0.0955112,-2.83863,4.36429,-3.7538,2.00968,2.73686,0.277346,-1.55986,2.8465,0.694622,-2.05225,0.405757,-0.034311,0.4272,0.668925,-0.0618228,-2.37816,2.52873,0.0478774,0.801539,-2.66691,2.90255,-0.01311,-0.222531,3.37854,-2.52916,-0.0478281,-0.801561,3.41013,-4.97841,1.28369,0.284605])
3.2963770411363904
Max g: 0.000135561207800226
f_75([0.459878,-0.587474,1.08745,1.674,3.38606,-4.56007,0.0770097,0.612894,-0.535882,-0.759875,1.87525,-0.115395,0.0955159,-2.83863,4.3643,-3.75379,2.00974,2.73662,0.277359,-1.5598,2.84651,0.694617,-2.05222,0.405758,-0.0343075,0.427194,0.668926,-0.0618191,-2.37818,2.52873,0.0478707,0.801564,-2.66697,2.9026,-0.0131242,-0.222512,3.37853,-2.52914,-0.0478239,-0.80159,3.41017,-4.97832,1.2836,0.284543])
3.2961782846069276
Max g: 0.00012115741137475912
f_76([0.459888,-0.587474,1.08745,1.67402,3.38607,-4.56009,0.0770034,0.612891,-0.535883,-0.759843,1.87525,-0.11542,0.095516,-2.83863,4.36429,-3.75379,2.00968,2.73673,0.277365,-1.55977,2.84651,0.69462,-2.05222,0.40576,-0.0343069,0.427214,0.668929,-0.0618295,-2.37816,2.52872,0.0478562,0.801574,-2.66716,2.90279,-0.0131512,-0.222491,3.37853,-2.52911,-0.0478192,-0.801605,3.4102,-4.97828,1.28357,0.28452])
3.2960789063421965
Max g: 9.74992183692229e-5
f_77([0.459882,-0.587474,1.08744,1.67403,3.38606,-4.56008,0.0769939,0.612875,-0.535888,-0.759811,1.87523,-0.115423,0.0955174,-2.83863,4.36429,-3.75379,2.00984,2.73644,0.277373,-1.55974,2.84651,0.69462,-2.05221,0.405763,-0.0343164,0.427228,0.66893,-0.0618378,-2.37817,2.52873,0.0478498,0.801596,-2.66728,2.90292,-0.0131759,-0.222464,3.37853,-2.52909,-0.0478126,-0.801615,3.41023,-4.97827,1.28355,0.284491])
3.295880149812734
Max g: 7.598756826301956e-5
f_78([0.459871,-0.587474,1.08747,1.67402,3.38607,-4.56009,0.0769872,0.61286,-0.535889,-0.75981,1.87524,-0.115438,0.0955173,-2.83863,4.36427,-3.75378,2.00984,2.73631,0.277378,-1.55972,2.84652,0.694622,-2.0522,0.405765,-0.0343029,0.427203,0.668938,-0.0618369,-2.3782,2.52873,0.0478448,0.801624,-2.66731,2.90296,-0.0131888,-0.222461,3.37853,-2.52907,-0.0478098,-0.801644,3.41024,-4.97822,1.28351,0.284474])
3.2959795280774653
Max g: 6.395001569438341e-5
f_79([0.459865,-0.587474,1.08747,1.67403,3.38607,-4.56009,0.0769816,0.61286,-0.535888,-0.759822,1.87525,-0.115423,0.0955183,-2.83863,4.36426,-3.75378,2.01001,2.7362,0.277384,-1.55971,2.84654,0.694624,-2.05219,0.405762,-0.0342937,0.427193,0.668944,-0.0618362,-2.3782,2.52873,0.0478381,0.801635,-2.66736,2.90302,-0.0131953,-0.222451,3.37852,-2.52906,-0.0478055,-0.801652,3.41028,-4.9782,1.28347,0.284445])
3.295880149812734
Max g: 5.810556509632664e-5
f_80([0.459851,-0.587473,1.08747,1.67402,3.38607,-4.5601,0.0769767,0.612853,-0.535889,-0.759817,1.87522,-0.11541,0.0955264,-2.83863,4.36426,-3.75379,2.01006,2.73623,0.277387,-1.55969,2.84654,0.694627,-2.05219,0.405766,-0.0342949,0.427187,0.668944,-0.0618327,-2.37821,2.52873,0.0478376,0.801649,-2.66738,2.90304,-0.013205,-0.222444,3.37851,-2.52904,-0.0478036,-0.801667,3.41028,-4.97817,1.28345,0.284436])
3.295880149812734
{0.45985051358044104,-0.5874734960970757,1.087470274640333,1.6740246200359599,3.3860748201990294,-4.560097168547438,0.07697668970689657,0.6128531231447775,-0.5358887162611727,-0.7598168782448668,1.8752247678851548,-0.1154102429063876,0.09552644528035854,-2.8386271867815935,4.36426333862873,-3.7537877942749507,2.0100577114908638,2.7362322882577734,0.2773867260800227,-1.5596911617034988,2.8465391067874815,0.6946269480579218,-2.052186278222199,0.40576587034408274,-0.03429491241380458,0.42718670045215873,0.6689437456492867,-0.06183273927159604,-2.3782129779938805,2.5287279176759876,0.047837613098411495,0.8016494769638495,-2.667381834087095,2.903036929648461,-0.013204956567662234,-0.2224439430718057,3.3785076118144777,-2.529036104815096,-0.04780360397071764,-0.801667292664835,3.4102817659106996,-4.9781724642947465,1.2834500624053065,0.2844358743923655}]
Set[{A021,A031,A032,A041,A042,A043,A121,A131,A132,A141,A142,A143,B021,B031,B032,B041,B042,B043,B121,B131,B132,B141,B142,B143,\[Alpha]1,\[Alpha]2,\[Alpha]3,\[Alpha]4,\[Beta]11,\[Beta]12,\[Beta]13,\[Beta]14,\[Beta]21,\[Beta]22,\[Beta]23,\[Beta]24,\[Beta]31,\[Beta]32,\[Beta]33,\[Beta]34,\[Beta]41,\[Beta]42,\[Beta]43,\[Beta]44},{0.45985051358044104,-0.5874734960970757,1.087470274640333,1.6740246200359599,3.3860748201990294,-4.560097168547438,0.07697668970689657,0.6128531231447775,-0.5358887162611727,-0.7598168782448668,1.8752247678851548,-0.1154102429063876,0.09552644528035854,-2.8386271867815935,4.36426333862873,-3.7537877942749507,2.0100577114908638,2.7362322882577734,0.2773867260800227,-1.5596911617034988,2.8465391067874815,0.6946269480579218,-2.052186278222199,0.40576587034408274,-0.03429491241380458,0.42718670045215873,0.6689437456492867,-0.06183273927159604,-2.3782129779938805,2.5287279176759876,0.047837613098411495,0.8016494769638495,-2.667381834087095,2.903036929648461,-0.013204956567662234,-0.2224439430718057,3.3785076118144777,-2.529036104815096,-0.04780360397071764,-0.801667292664835,3.4102817659106996,-4.9781724642947465,1.2834500624053065,0.2844358743923655}]

Max g: 4.8412129950542795e-5
f_81([0.459855,-0.587475,1.08748,1.67402,3.38608,-4.56011,0.0769753,0.612869,-0.535898,-0.75981,1.87521,-0.115405,0.0955081,-2.83863,4.36426,-3.75372,2.01005,2.7361,0.277391,-1.55967,2.84653,0.69463,-2.05219,0.405768,-0.0342936,0.427179,0.668941,-0.0618232,-2.37823,2.52873,0.0478309,0.801653,-2.6674,2.90305,-0.0132134,-0.222439,3.37846,-2.52899,-0.0478022,-0.801672,3.4103,-4.97815,1.28343,0.284418])
3.2959795280774653
Max g: 4.111231659597453e-5
f_82([0.45985,-0.587475,1.08747,1.67402,3.3861,-4.56011,0.0769735,0.612865,-0.535896,-0.759814,1.87522,-0.115408,0.0955038,-2.83863,4.36427,-3.75362,2.01006,2.73616,0.277395,-1.55966,2.84654,0.69463,-2.05219,0.40577,-0.0343172,0.427195,0.668943,-0.0618188,-2.37821,2.52873,0.0478267,0.801659,-2.6674,2.90306,-0.0132196,-0.222436,3.3784,-2.52893,-0.0478028,-0.801671,3.4103,-4.97812,1.28341,0.284409])
3.2959795280774653
Max g: 3.60270551422754e-5
f_83([0.459825,-0.587474,1.08748,1.67402,3.38609,-4.56011,0.076973,0.612865,-0.535896,-0.759815,1.87522,-0.115401,0.095504,-2.83863,4.36426,-3.75362,2.0101,2.73605,0.277397,-1.55965,2.84653,0.694633,-2.05219,0.405769,-0.0343197,0.427198,0.668945,-0.0618212,-2.37821,2.52873,0.047824,0.801666,-2.6674,2.90306,-0.0132247,-0.222433,3.37835,-2.52887,-0.0478078,-0.801671,3.4103,-4.97811,1.28341,0.2844])
3.2957807715480025
Max g: 3.207947874370176e-5
f_84([0.459822,-0.587474,1.08747,1.67402,3.38612,-4.56013,0.0769725,0.612868,-0.5359,-0.759815,1.87522,-0.115401,0.0955006,-2.83863,4.36426,-3.75362,2.01018,2.7361,0.277399,-1.55964,2.84653,0.694644,-2.05219,0.405766,-0.0343243,0.427199,0.668946,-0.0618197,-2.37822,2.52873,0.0478214,0.801671,-2.6674,2.90307,-0.0132278,-0.222434,3.3783,-2.52881,-0.0478137,-0.801676,3.41031,-4.9781,1.2834,0.284394])
3.295880149812734
Max g: 3.059395853605672e-5
f_85([0.45984,-0.587474,1.08747,1.67402,3.38612,-4.56013,0.0769717,0.612877,-0.535896,-0.759827,1.87522,-0.115387,0.0955016,-2.83863,4.36426,-3.75362,2.01013,2.73612,0.277403,-1.55962,2.84653,0.694643,-2.05219,0.405767,-0.0343238,0.4272,0.668945,-0.06182,-2.37822,2.52873,0.047816,0.801675,-2.6674,2.90307,-0.0132314,-0.222431,3.37828,-2.5288,-0.0478082,-0.801677,3.41033,-4.97808,1.28337,0.284377])
3.295880149812734
Max g: 2.7157050336488325e-5
f_86([0.459851,-0.587474,1.08746,1.67402,3.38612,-4.56014,0.0769689,0.612877,-0.535893,-0.759828,1.87522,-0.11539,0.0954992,-2.83863,4.36426,-3.75362,2.01004,2.73623,0.277407,-1.5596,2.84653,0.694644,-2.05219,0.405771,-0.0343199,0.427195,0.668945,-0.0618191,-2.37822,2.52873,0.0478121,0.801684,-2.6674,2.90307,-0.0132362,-0.222426,3.37827,-2.52878,-0.0478066,-0.801683,3.41036,-4.97807,1.28335,0.284359])
3.295880149812734
Max g: 2.1833860160776555e-5
f_87([0.459856,-0.587472,1.08745,1.67402,3.38612,-4.56014,0.0769672,0.612874,-0.535887,-0.759829,1.87521,-0.115384,0.095496,-2.83863,4.36426,-3.75363,2.01011,2.73625,0.27741,-1.55958,2.84653,0.694643,-2.05218,0.405773,-0.0343296,0.427198,0.66895,-0.0618194,-2.37822,2.52873,0.0478079,0.801688,-2.66741,2.90307,-0.013241,-0.222422,3.37826,-2.52877,-0.0478036,-0.801691,3.41037,-4.97805,1.28334,0.284345])
3.295880149812734
Max g: 1.7282867697905255e-5
f_88([0.459852,-0.587472,1.08745,1.67402,3.38612,-4.56014,0.0769669,0.612876,-0.535882,-0.759832,1.87522,-0.115386,0.0954929,-2.83863,4.36426,-3.75363,2.01017,2.73619,0.277412,-1.55957,2.84653,0.694645,-2.05218,0.405774,-0.0343282,0.427196,0.66895,-0.0618174,-2.37823,2.52873,0.047805,0.801692,-2.66741,2.90307,-0.013243,-0.222422,3.37824,-2.52875,-0.047803,-0.801692,3.41039,-4.97805,1.28332,0.284336])
3.295880149812734
Max g: 1.5157630755028087e-5
f_89([0.45985,-0.587472,1.08745,1.67402,3.38612,-4.56014,0.0769663,0.612877,-0.53588,-0.759834,1.87522,-0.115384,0.0954919,-2.83863,4.36426,-3.75363,2.01018,2.73619,0.277413,-1.55957,2.84653,0.694645,-2.05218,0.405774,-0.0343314,0.427199,0.66895,-0.061818,-2.37822,2.52873,0.0478032,0.801693,-2.66741,2.90307,-0.013245,-0.22242,3.37824,-2.52875,-0.0478011,-0.801693,3.4104,-4.97805,1.28332,0.284329])
3.2957807715480025
Max g: 1.3339377999549429e-5
{0.4598507989145295,-0.5874722529095457,1.0874523009877761,1.6740180369113327,3.3861187915865316,-4.560136584915967,0.0769661713372989,0.6128766267877671,-0.5358790742594493,-0.7598303239819446,1.8752149209608755,-0.1153851161004008,0.095495472856663,-2.838627009249854,4.364263645801639,-3.7536335754710146,2.010172956663475,2.73616488649968,0.27741301922174927,-1.559563068738087,2.8465318409940132,0.6946445040926884,-2.0521848916994876,0.4057749219004618,-0.034329573865120304,0.42719887479789503,0.6689490354792932,-0.06181875495185937,-2.3782237543713403,2.52872848506248,0.04780289782510631,0.8016919726660879,-2.667407130445926,2.903074391328017,-0.013245157023787995,-0.222420053092094,3.378237864446732,-2.5287437978681746,-0.047800739378405836,-0.8016936747934388,3.410402382890044,-4.978045917474247,1.2833157805436533,0.2843277273430467}]
Set[{A021,A031,A032,A041,A042,A043,A121,A131,A132,A141,A142,A143,B021,B031,B032,B041,B042,B043,B121,B131,B132,B141,B142,B143,\[Alpha]1,\[Alpha]2,\[Alpha]3,\[Alpha]4,\[Beta]11,\[Beta]12,\[Beta]13,\[Beta]14,\[Beta]21,\[Beta]22,\[Beta]23,\[Beta]24,\[Beta]31,\[Beta]32,\[Beta]33,\[Beta]34,\[Beta]41,\[Beta]42,\[Beta]43,\[Beta]44},{0.4598507989145295,-0.5874722529095457,1.0874523009877761,1.6740180369113327,3.3861187915865316,-4.560136584915967,0.0769661713372989,0.6128766267877671,-0.5358790742594493,-0.7598303239819446,1.8752149209608755,-0.1153851161004008,0.095495472856663,-2.838627009249854,4.364263645801639,-3.7536335754710146,2.010172956663475,2.73616488649968,0.27741301922174927,-1.559563068738087,2.8465318409940132,0.6946445040926884,-2.0521848916994876,0.4057749219004618,-0.034329573865120304,0.42719887479789503,0.6689490354792932,-0.06181875495185937,-2.3782237543713403,2.52872848506248,0.04780289782510631,0.8016919726660879,-2.667407130445926,2.903074391328017,-0.013245157023787995,-0.222420053092094,3.378237864446732,-2.5287437978681746,-0.047800739378405836,-0.8016936747934388,3.410402382890044,-4.978045917474247,1.2833157805436533,0.2843277273430467}]


-----------------Final Result------------------
Options: alg=GN_ISRES,dx=0.01,max_eval=100000000,popSize=0
imin=-1,jmin=-4,imax=1,jmax=4,
parameter_minmax=5,
randSeed=71497493,rand_minmax=2,
END_C=true, INEQ_C=true

8937631 steps

Completed with maxf : 3.295880149812734

Constraints at 1.3000738924552613e-5

x = [0.4598507989145295,-0.5874722529095457,1.0874523009877761,1.6740180369113327,3.3861187915865316,-4.560136584915967,0.0769661713372989,0.6128766267877671,-0.5358790742594493,-0.7598303239819446,1.8752149209608755,-0.1153851161004008,0.095495472856663,-2.838627009249854,4.364263645801639,-3.7536335754710146,2.010172956663475,2.73616488649968,0.27741301922174927,-1.559563068738087,2.8465318409940132,0.6946445040926884,-2.0521848916994876,0.4057749219004618,-0.034329573865120304,0.42719887479789503,0.6689490354792932,-0.06181875495185937,-2.3782237543713403,2.52872848506248,0.04780289782510631,0.8016919726660879,-2.667407130445926,2.903074391328017,-0.013245157023787995,-0.222420053092094,3.378237864446732,-2.5287437978681746,-0.047800739378405836,-0.8016936747934388,3.410402382890044,-4.978045917474247,1.2833157805436533,0.2843277273430467]
c0 = [0.0,0.4598507989145295,0.4999800480782304,0.5000002435818973]
c1 = [0.0,0.0769661713372989,0.07699755252831786,0.9999994808785301]
A0 = [0.0,0.4598507989145295,-0.5874722529095457,1.6740180369113327,0.0,0.0,1.0874523009877761,3.3861187915865316,0.0,0.0,0.0,-4.560136584915967,0.0,0.0,0.0,0.0]
A1 = [0.0,0.0769661713372989,0.6128766267877671,-0.7598303239819446,0.0,0.0,-0.5358790742594493,1.8752149209608755,0.0,0.0,0.0,-0.1153851161004008,0.0,0.0,0.0,0.0]
B0 = [0.0,0.095495472856663,-2.838627009249854,-3.7536335754710146,0.0,0.0,4.364263645801639,2.010172956663475,0.0,0.0,0.0,2.73616488649968,0.0,0.0,0.0,0.0]
B1 = [0.0,0.27741301922174927,-1.559563068738087,0.6946445040926884,0.0,0.0,2.8465318409940132,-2.0521848916994876,0.0,0.0,0.0,0.4057749219004618,0.0,0.0,0.0,0.0]
  = [-0.034329573865120304,0.42719887479789503,0.6689490354792932,-0.06181875495185937]
1 = [-2.3782237543713403,2.52872848506248,0.04780289782510631,0.8016919726660879]
2 = [-2.667407130445926,2.903074391328017,-0.013245157023787995,-0.222420053092094]
3 = [3.378237864446732,-2.5287437978681746,-0.047800739378405836,-0.8016936747934388]
4 = [3.410402382890044,-4.978045917474247,1.2833157805436533,0.2843277273430467]


Set[{A021,A031,A032,A041,A042,A043,A121,A131,A132,A141,A142,A143,B021,B031,B032,B041,B042,B043,B121,B131,B132,B141,B142,B143,\[Alpha]1,\[Alpha]2,\[Alpha]3,\[Alpha]4,\[Beta]11,\[Beta]12,\[Beta]13,\[Beta]14,\[Beta]21,\[Beta]22,\[Beta]23,\[Beta]24,\[Beta]31,\[Beta]32,\[Beta]33,\[Beta]34,\[Beta]41,\[Beta]42,\[Beta]43,\[Beta]44},{0.4598507989145295,-0.5874722529095457,1.0874523009877761,1.6740180369113327,3.3861187915865316,-4.560136584915967,0.0769661713372989,0.6128766267877671,-0.5358790742594493,-0.7598303239819446,1.8752149209608755,-0.1153851161004008,0.095495472856663,-2.838627009249854,4.364263645801639,-3.7536335754710146,2.010172956663475,2.73616488649968,0.27741301922174927,-1.559563068738087,2.8465318409940132,0.6946445040926884,-2.0521848916994876,0.4057749219004618,-0.034329573865120304,0.42719887479789503,0.6689490354792932,-0.06181875495185937,-2.3782237543713403,2.52872848506248,0.04780289782510631,0.8016919726660879,-2.667407130445926,2.903074391328017,-0.013245157023787995,-0.222420053092094,3.378237864446732,-2.5287437978681746,-0.047800739378405836,-0.8016936747934388,3.410402382890044,-4.978045917474247,1.2833157805436533,0.2843277273430467}]



