
-----------------Setup------------------
Options: alg=LN_AUGLAG_EQ,dx=0.01,max_eval=100000000,popSize=0
imin=-10,jmin=-3,imax=1,jmax=3,
parameter_minmax=5,randSeed=15989161

f_1([0.0100005,-1.89068,1.90068,4.17185,0.0566211,-3.83482,8.43305e-5,-3.87951,3.87991,-4.46428,1.70148,3.69612,-0.00744707,-0.493411,1.19638,1.60525,0.842812,-2.85166,-0.0526593,-1.68314,1.25629,1.17691,-2.09438,2.51247,4.97811,-0.394245,-1.24757,-3.82177,-4.21649,-1.21008,2.37803,4.16718,0.557508,-2.21616,0.683664,3.81234,-3.21221,0.815087,3.10718,-0.417578,-0.587775,3.97469,-4.99873,0.87264])
2.3602170768972695
Max g: 10.03128548594903
f_2([0.00056984,-2.07933,2.0799,4.07435,-0.673572,-3.40021,2.66121e-7,-3.90272,3.90493,-4.80662,1.57317,3.47079,-0.000628874,-0.833707,0.908183,1.91695,0.307982,-2.40011,0.00795681,-1.38077,1.36292,1.05618,-0.945057,0.143962,4.94534,0.701699,-0.823601,-3.81185,-4.40763,-1.20863,2.88399,4.16365,-0.407208,-2.48648,-0.205851,3.67007,-3.18767,0.921867,3.51119,-0.927788,1.20948,4.02713,-4.99707,0.56553])
8.118077500260691
Max g: 1.001000192403595
f_3([-4.92021e-7,-2.57259,2.57259,3.73904,-0.389242,-3.3498,1.29522e-7,-3.79646,3.79646,-4.87173,1.62824,3.44753,0.081746,-1.18179,0.992875,1.90178,0.520703,-2.52858,-0.0770702,-1.48112,1.46236,0.891359,-0.609307,-0.133581,4.89575,0.966613,-0.909236,-3.91777,-4.55138,-1.08306,2.67052,3.99826,-0.561869,-2.76203,-0.1119,3.43713,-2.61049,0.67824,3.6057,-1.7151,0.31171,3.62968,-4.99702,1.0772])
1.8559167962569196
Max g: 0.9674905593530891
f_4([7.19052e-23,-2.73492,2.73492,3.85236,-0.584847,-3.26751,-2.4347e-24,-3.85341,3.85341,-4.8748,1.64051,3.44436,0.0820649,-1.17285,0.986873,1.9165,0.639033,-2.65771,-0.104008,-1.25554,1.23713,0.666878,-0.266415,-0.26278,4.82682,1.11801,-1.01329,-3.90784,-4.58753,-0.73785,2.36364,4.00449,-0.763965,-2.70325,0.172214,3.2884,-2.2476,0.949683,3.31734,-2.06659,0.163727,3.60771,-4.99701,1.23445])
1.8784586996241506
Max g: 0.9722220025079632
f_5([-6.92297e-24,-2.97602,2.97602,3.82866,-0.508509,-3.32015,0.0145413,-3.84027,3.85481,-4.86116,1.63715,3.43158,0.07857,-1.30353,1.12134,1.93838,0.678954,-2.7189,-0.174094,-0.823124,0.789492,0.474421,-0.159231,-0.194336,4.81639,1.17644,-1.0512,-3.92425,-4.97681,-0.306364,2.33894,4.01025,-0.719549,-2.99028,0.397806,3.30051,-1.87394,0.792534,3.26002,-2.25248,-0.301222,3.63775,-4.99693,1.66229])
1.8465409603431158
Max g: 0.9948085020794248
f_6([-9.57301e-18,-3.27135,3.27135,3.80624,-0.463397,-3.34284,0.0267696,-3.92208,3.94885,-4.87772,1.61876,3.4647,0.10438,-1.31855,1.12813,2.04219,0.61703,-2.74644,-0.594975,-0.446187,0.204963,0.417377,-0.00257198,-0.18137,4.76912,1.41143,-1.18324,-3.95843,-4.99964,0.360378,1.969,3.98455,-1.24127,-2.29669,0.7205,2.96859,-1.09984,-1.23269,3.36647,-1.2563,-0.378626,3.6377,-4.99698,1.81509])
1.5560895328856992
Max g: 0.8856474504468979
f_7([-2.64821e-10,-3.43537,3.43537,3.95386,-0.679848,-3.27402,-1.44562e-10,-3.92221,3.92221,-4.8626,1.59745,3.47979,0.140138,-1.35302,1.13565,2.02032,0.606054,-2.69446,-0.951097,-0.672772,0.130219,0.4771,0.111876,-0.28833,4.68749,1.6288,-1.35105,-3.9212,-4.8741,0.33283,1.48903,4.04599,-2.74424,-0.731184,0.984547,2.49089,-0.177019,-2.07688,3.22415,-1.03974,-0.500915,3.56874,-4.99708,1.91087])
1.4993358027266093
Max g: 0.7768386912018821
f_8([2.63138e-21,-3.47655,3.47655,4.09187,-0.877283,-3.21459,-1.24657e-21,-3.79354,3.79354,-4.7654,1.57712,3.41194,0.125532,-1.64892,1.45552,2.56593,0.362649,-2.99129,-1.00134,-0.715303,0.124937,0.5277,0.250726,-0.49505,4.60722,1.95261,-1.64526,-3.87233,-4.79046,0.167038,1.54339,4.14971,-2.49975,-0.519369,0.59859,2.39196,0.0755513,-2.11424,3.23999,-1.26284,-0.315672,3.53137,-4.99702,1.75742])
1.5635702530296918
Max g: 0.7175540075587863
f_9([4.51862e-5,-4.01678,4.01658,4.05251,-0.622149,-3.43065,-0.000124391,-3.82783,3.82789,-4.75328,1.55456,3.43704,0.121887,-1.61417,1.43619,2.54644,0.37282,-2.98242,-1.0013,-0.730688,0.131905,0.507892,0.270665,-0.499721,4.76791,1.97037,-1.91182,-3.76873,-4.84161,0.272807,1.38517,4.16547,-2.0554,-0.442172,0.261751,2.26405,0.268323,-2.08634,3.11212,-1.3667,-0.020105,3.56861,-4.997,1.43666])
1.570951230238431
Max g: 0.6747394714562196
f_10([2.95442e-13,-4.32351,4.32351,4.07958,-0.762536,-3.31704,-1.88983e-11,-3.82383,3.82383,-4.76924,1.55494,3.46125,0.125262,-1.58026,1.40945,2.49342,0.346029,-2.90098,-1.05688,-0.792155,0.131129,0.533415,0.391986,-0.66037,4.87892,1.86378,-2.06432,-3.63875,-4.63471,0.210637,1.22481,4.20423,-1.94784,-0.356135,0.186808,2.09465,0.496346,-2.04843,2.94783,-1.46912,0.0490655,3.58598,-4.99706,1.33676])
1.5501049567705052
{2.9544157889551667e-13,-4.323508169533894,4.323508169552109,4.079575164903504,-0.7625364370064514,-3.317038727883746,-1.8898275938915588e-11,-3.8238338023480107,3.823833802350395,-4.769241573247023,1.5549438452111213,3.461246705793919,0.12526165750340776,-1.5802585718869864,1.4094523313254466,2.4934169016998227,0.3460289674191464,-2.900980120361805,-1.0568753814088965,-0.7921545893267351,0.1311294914854116,0.5334145246296215,0.39198558945699974,-0.660369834780205,4.878918813082523,1.8637827217050036,-2.0643229233893816,-3.638751167502207,-4.63470879973086,0.21063727143327768,1.2248136570714663,4.204227436486278,-1.9478424711791673,-0.3561347831907851,0.18680801678853576,2.094650973379265,0.49634586718271045,-2.0484310075581114,2.947828586917276,-1.4691211566933196,0.04906545122458126,3.5859768591804078,-4.997058210540136,1.3367565010552962}]
Set[{A021,A031,A032,A041,A042,A043,A121,A131,A132,A141,A142,A143,B021,B031,B032,B041,B042,B043,B121,B131,B132,B141,B142,B143,\[Alpha]1,\[Alpha]2,\[Alpha]3,\[Alpha]4,\[Beta]11,\[Beta]12,\[Beta]13,\[Beta]14,\[Beta]21,\[Beta]22,\[Beta]23,\[Beta]24,\[Beta]31,\[Beta]32,\[Beta]33,\[Beta]34,\[Beta]41,\[Beta]42,\[Beta]43,\[Beta]44},{2.9544157889551667e-13,-4.323508169533894,4.323508169552109,4.079575164903504,-0.7625364370064514,-3.317038727883746,-1.8898275938915588e-11,-3.8238338023480107,3.823833802350395,-4.769241573247023,1.5549438452111213,3.461246705793919,0.12526165750340776,-1.5802585718869864,1.4094523313254466,2.4934169016998227,0.3460289674191464,-2.900980120361805,-1.0568753814088965,-0.7921545893267351,0.1311294914854116,0.5334145246296215,0.39198558945699974,-0.660369834780205,4.878918813082523,1.8637827217050036,-2.0643229233893816,-3.638751167502207,-4.63470879973086,0.21063727143327768,1.2248136570714663,4.204227436486278,-1.9478424711791673,-0.3561347831907851,0.18680801678853576,2.094650973379265,0.49634586718271045,-2.0484310075581114,2.947828586917276,-1.4691211566933196,0.04906545122458126,3.5859768591804078,-4.997058210540136,1.3367565010552962}]

Max g: 0.637202032197651
f_11([-7.37392e-24,-4.6223,4.6223,4.1151,-0.954661,-3.16044,-1.87827e-23,-3.86296,3.86296,-4.7747,1.49075,3.54577,0.12582,-1.59201,1.42937,2.29425,0.312113,-2.66197,-1.0671,-0.806826,0.134226,0.601636,0.558433,-0.904358,4.77391,2.05425,-2.31668,-3.48498,-4.57446,0.234487,1.1297,4.215,-1.5671,-0.312017,0.0261426,1.8359,0.867969,-2.0335,2.84871,-1.73437,0.237156,3.57469,-4.99711,1.16954])
1.577733749835651
Max g: 0.5459036395382393
f_12([-1.08842e-28,-4.74733,4.74733,4.2913,-1.03143,-3.25986,0.0193007,-3.84029,3.85959,-4.7991,1.49401,3.56238,0.160128,-1.42119,1.24704,2.34799,0.270948,-2.65024,-1.08673,-0.816265,0.144578,0.626368,0.619404,-1.0061,4.54106,2.35503,-2.41254,-3.45016,-4.60702,0.348541,0.89689,4.351,-1.50258,-0.251129,-0.115854,1.8582,1.21164,-1.7743,2.42203,-1.92286,0.524921,3.46023,-4.99704,1.00573])
1.4256257735744695
Max g: 0.5177750533747076
f_13([3.50661e-27,-4.77417,4.77417,4.23355,-1.03864,-3.19491,0.00959326,-3.86336,3.87295,-4.81774,1.50141,3.57808,0.149049,-1.32682,1.16632,2.29401,0.325862,-2.64548,-1.12803,-0.842285,0.141323,0.622776,0.634676,-1.02458,4.3675,2.73982,-2.6606,-3.41173,-4.6286,0.244295,0.996063,4.37328,-1.42499,-0.190954,-0.188629,1.78659,1.3872,-1.68952,2.29694,-2.0435,0.75671,3.3937,-4.99702,0.838811])
1.4764946705536186
Max g: 0.47095100238915677
f_14([-3.33736e-14,-4.83595,4.83595,4.09769,-0.930685,-3.16701,0.0330156,-3.82481,3.85782,-4.82087,1.46941,3.61307,0.203372,-1.26314,1.09045,2.50265,0.0926971,-2.57859,-1.16662,-0.881336,0.149242,0.596129,0.658266,-1.03853,4.1151,3.13246,-2.72224,-3.46796,-4.51774,0.312227,0.755565,4.42542,-1.1577,-0.0276798,-0.52657,1.71168,2.0387,-1.43739,1.75251,-2.36188,1.07368,3.35086,-4.99694,0.576872])
1.3216936350406
Max g: 0.4294893469718879
f_15([1.72048e-22,-4.86093,4.86093,4.10348,-0.94017,-3.16331,0.0335994,-3.82197,3.85557,-4.83689,1.46017,3.6391,0.211929,-1.26121,1.08565,2.52346,0.0932926,-2.59445,-1.17231,-0.886221,0.149352,0.599694,0.672494,-1.05833,4.10926,3.14327,-2.7124,-3.4714,-4.50448,0.320588,0.724375,4.42248,-1.14849,-0.023165,-0.526529,1.68916,2.04627,-1.41791,1.73259,-2.38349,1.05512,3.35105,-4.99694,0.601019])
1.3057347654000826
Max g: 0.4247309782941713
f_16([-2.69392e-21,-4.86093,4.86093,4.10348,-0.94017,-3.16331,0.0336185,-3.82195,3.85557,-4.83689,1.46015,3.6391,0.211951,-1.26121,1.08565,2.52347,0.0932997,-2.59444,-1.17232,-0.886217,0.149356,0.599691,0.672492,-1.05833,4.10923,3.1432,-2.71242,-3.47141,-4.50446,0.320677,0.724242,4.42248,-1.14846,-0.0230985,-0.526629,1.68914,2.0463,-1.41782,1.73248,-2.38355,1.05508,3.35104,-4.99694,0.600983])
1.3057347654000826
Max g: 0.4246999191074927
f_17([-3.72212e-22,-4.86093,4.86093,4.10348,-0.94017,-3.16331,0.0336375,-3.82194,3.85558,-4.83688,1.46013,3.63911,0.211973,-1.26122,1.08565,2.52347,0.0933067,-2.59444,-1.17232,-0.886214,0.14936,0.599688,0.67249,-1.05834,4.1092,3.14313,-2.71243,-3.47142,-4.50443,0.320767,0.724109,4.42248,-1.14842,-0.023032,-0.526729,1.68912,2.04633,-1.41772,1.73237,-2.38361,1.05504,3.35102,-4.99694,0.600947])
1.3056350224648292
Max g: 0.42466888427867655
f_18([-5.0949e-24,-4.86093,4.86093,4.10348,-0.94017,-3.16331,0.0336564,-3.82192,3.85558,-4.83688,1.46011,3.63912,0.211995,-1.26122,1.08564,2.52348,0.0933137,-2.59443,-1.17232,-0.88621,0.149365,0.599686,0.672489,-1.05834,4.10917,3.14306,-2.71245,-3.47143,-4.50441,0.320856,0.723976,4.42249,-1.14839,-0.0229657,-0.526828,1.6891,2.04636,-1.41763,1.73227,-2.38367,1.055,3.35101,-4.99694,0.60091])
1.3057347654000826
Max g: 0.4246378828917283
f_19([2.09705e-22,-4.86093,4.86093,4.10348,-0.94017,-3.16331,0.0336753,-3.82191,3.85558,-4.83687,1.46009,3.63913,0.212017,-1.26123,1.08564,2.52349,0.0933206,-2.59442,-1.17232,-0.886206,0.149369,0.599683,0.672487,-1.05834,4.10914,3.14299,-2.71246,-3.47144,-4.50438,0.320945,0.723844,4.42249,-1.14835,-0.0228994,-0.526927,1.68908,2.04639,-1.41753,1.73216,-2.38373,1.05496,3.351,-4.99694,0.600874])
1.3058345083353358
Max g: 0.42460690053651096
f_20([-7.71913e-21,-4.86093,4.86093,4.10348,-0.94017,-3.16331,0.0336941,-3.82189,3.85559,-4.83687,1.46007,3.63913,0.212039,-1.26123,1.08564,2.5235,0.0933275,-2.59441,-1.17232,-0.886203,0.149373,0.59968,0.672486,-1.05834,4.10911,3.14293,-2.71248,-3.47145,-4.50436,0.321035,0.723711,4.42249,-1.14832,-0.0228334,-0.527026,1.68906,2.04642,-1.41744,1.73205,-2.3838,1.05492,3.35098,-4.99694,0.600838])
1.3058345083353358
{-7.719133542681694e-21,-4.860932441718054,4.860932441718062,4.1034826682567305,-0.9401703487307425,-3.163312319525984,0.03369410739382096,-3.8218921863642796,3.8555862937581042,-4.836868992589843,1.4600730968538038,3.6391330157514576,0.21203896297210403,-1.261229766739244,1.0856374903343007,2.523495036901503,0.09332753946684993,-2.594414067505417,-1.1723217705247813,-0.886202917475588,0.1493730720140586,0.5996803683490759,0.6724858097528826,-1.0583423885320369,4.109106707654492,3.1429259283631485,-2.7124757766601424,-3.4714505306796632,-4.504359921866858,0.32103453391344067,0.723711320188617,4.422491154772395,-1.1483186266725551,-0.022833381375813817,-0.5270259360334946,1.6890596710390495,2.0464181087172557,-1.4174380408287666,1.7320474232565486,-2.383795082420379,1.0549175989985387,3.350981421268829,-4.996944343810285,0.600838247338401}]
Set[{A021,A031,A032,A041,A042,A043,A121,A131,A132,A141,A142,A143,B021,B031,B032,B041,B042,B043,B121,B131,B132,B141,B142,B143,\[Alpha]1,\[Alpha]2,\[Alpha]3,\[Alpha]4,\[Beta]11,\[Beta]12,\[Beta]13,\[Beta]14,\[Beta]21,\[Beta]22,\[Beta]23,\[Beta]24,\[Beta]31,\[Beta]32,\[Beta]33,\[Beta]34,\[Beta]41,\[Beta]42,\[Beta]43,\[Beta]44},{-7.719133542681694e-21,-4.860932441718054,4.860932441718062,4.1034826682567305,-0.9401703487307425,-3.163312319525984,0.03369410739382096,-3.8218921863642796,3.8555862937581042,-4.836868992589843,1.4600730968538038,3.6391330157514576,0.21203896297210403,-1.261229766739244,1.0856374903343007,2.523495036901503,0.09332753946684993,-2.594414067505417,-1.1723217705247813,-0.886202917475588,0.1493730720140586,0.5996803683490759,0.6724858097528826,-1.0583423885320369,4.109106707654492,3.1429259283631485,-2.7124757766601424,-3.4714505306796632,-4.504359921866858,0.32103453391344067,0.723711320188617,4.422491154772395,-1.1483186266725551,-0.022833381375813817,-0.5270259360334946,1.6890596710390495,2.0464181087172557,-1.4174380408287666,1.7320474232565486,-2.383795082420379,1.0549175989985387,3.350981421268829,-4.996944343810285,0.600838247338401}]

Max g: 0.4245760307422888
f_21([2.24859e-22,-4.86093,4.86093,4.10348,-0.94017,-3.16331,0.0337128,-3.82188,3.85559,-4.83686,1.46005,3.63914,0.212061,-1.26123,1.08563,2.5235,0.0933344,-2.59441,-1.17232,-0.886199,0.149377,0.599678,0.672484,-1.05834,4.10908,3.14286,-2.71249,-3.47146,-4.50434,0.321123,0.72358,4.42249,-1.14828,-0.0227676,-0.527125,1.68904,2.04645,-1.41734,1.73194,-2.38386,1.05488,3.35097,-4.99694,0.600802])
1.3058345083353358
Max g: 0.4245453161273893
f_22([3.65648e-21,-4.86093,4.86093,4.10348,-0.94017,-3.16331,0.0337312,-3.82186,3.85559,-4.83686,1.46003,3.63915,0.212083,-1.26124,1.08563,2.52351,0.0933411,-2.5944,-1.17232,-0.886196,0.149381,0.599675,0.672483,-1.05835,4.10904,3.14279,-2.7125,-3.47147,-4.50431,0.321212,0.723448,4.4225,-1.14825,-0.0227022,-0.527222,1.68902,2.04648,-1.41725,1.73183,-2.38392,1.05484,3.35095,-4.99694,0.600767])
1.3057347654000826
Max g: 0.4245147258123785
f_23([3.52581e-22,-4.86093,4.86093,4.10348,-0.94017,-3.16331,0.0337495,-3.82185,3.8556,-4.83686,1.46001,3.63915,0.212105,-1.26124,1.08563,2.52352,0.0933477,-2.59439,-1.17233,-0.886193,0.149385,0.599673,0.672482,-1.05835,4.10901,3.14272,-2.71252,-3.47148,-4.50429,0.321299,0.723318,4.4225,-1.14822,-0.0226373,-0.527319,1.689,2.04651,-1.41716,1.73172,-2.38398,1.0548,3.35094,-4.99694,0.600731])
1.3057347654000826
Max g: 0.4244843415927475
f_24([-4.91509e-21,-4.86093,4.86093,4.10348,-0.94017,-3.16331,0.0337677,-3.82183,3.8556,-4.83685,1.45999,3.63916,0.212127,-1.26125,1.08563,2.52352,0.0933541,-2.59439,-1.17233,-0.88619,0.149388,0.59967,0.672481,-1.05835,4.10898,3.14266,-2.71253,-3.47149,-4.50427,0.321387,0.723188,4.4225,-1.14818,-0.0225728,-0.527415,1.68898,2.04654,-1.41707,1.73162,-2.38404,1.05476,3.35093,-4.99694,0.600696])
1.3058345083353358
Max g: 0.4244541438291112
f_25([-9.7519e-22,-4.86093,4.86093,4.10348,-0.94017,-3.16331,0.0337858,-3.82182,3.8556,-4.83685,1.45997,3.63917,0.21215,-1.26125,1.08562,2.52353,0.0933603,-2.59438,-1.17233,-0.886187,0.149391,0.599667,0.672479,-1.05836,4.10895,3.14259,-2.71255,-3.4715,-4.50424,0.321473,0.723059,4.4225,-1.14815,-0.0225085,-0.527511,1.68896,2.04657,-1.41697,1.73151,-2.3841,1.05472,3.35091,-4.99694,0.600661])
1.3058345083353358
Max g: 0.4244242209598923
f_26([1.06765e-22,-4.88561,4.88561,4.0505,-0.912537,-3.13797,0.0514542,-3.78933,3.84078,-4.82287,1.44825,3.62982,0.311984,-1.19695,0.992416,2.52792,0.124432,-2.56901,-1.17839,-0.895164,0.156948,0.570378,0.648304,-1.01313,4.02507,3.09117,-2.65913,-3.41324,-4.45418,0.491883,0.392143,4.47008,-1.25676,0.00819657,-0.557171,1.77896,2.2817,-1.26755,1.44033,-2.4811,1.10344,3.32907,-4.99698,0.565975])
1.1712812886787234
Max g: 0.42573874489407526
f_27([5.94852e-27,-4.88458,4.88458,4.4526,-1.27183,-3.18077,0.098275,-3.80704,3.90531,-4.85566,1.45116,3.65828,0.457264,-1.22312,0.973816,2.54817,0.14886,-2.51297,-1.19356,-0.913708,0.159898,0.614489,0.764005,-1.17999,3.89387,3.1027,-2.52158,-3.42186,-4.41677,0.613599,0.127244,4.50007,-1.14174,0.109866,-0.73643,1.71922,2.28967,-1.13608,1.19968,-2.41148,1.08331,3.33718,-4.997,0.592514])
1.024260202115457
Max g: 0.4683831814664283
f_28([-4.97256e-13,-4.81046,4.81046,4.35325,-1.30689,-3.04636,0.164879,-3.80039,3.96526,-4.7833,1.34426,3.6983,1.13412,-1.15895,0.891345,2.73328,0.322877,-2.26333,-1.18028,-0.912369,0.170855,0.546385,0.745666,-1.1208,3.67317,2.92677,-2.14992,-3.48475,-3.97086,1.08045,-0.822998,4.55185,-0.960353,0.168156,-0.969946,1.76117,2.58156,-0.913474,0.769619,-2.52021,1.162,3.33611,-4.99701,0.515268])
0.7677213726441399
Max g: 0.3243945143322904
f_29([-4.06111e-8,-4.95767,4.95767,4.22334,-1.14582,-3.07752,0.203807,-3.82336,4.02717,-4.74861,1.32624,3.68343,1.06853,-1.05955,0.856791,2.58198,0.29151,-2.13798,-1.19886,-0.926715,0.169341,0.51987,0.729163,-1.0877,3.64436,2.97003,-2.20492,-3.43743,-3.8559,1.057,-0.85473,4.53581,-0.782591,0.320768,-1.23476,1.68459,2.87152,-0.862455,0.69603,-2.80433,0.777021,3.34475,-4.99696,0.91549])
0.773705948759334
Max g: 0.2535010764412471
f_30([-2.03721e-23,-4.90958,4.90958,4.01394,-0.635923,-3.37802,0.25155,-3.7774,4.02895,-4.75963,1.34072,3.68559,1.22599,-1.04524,0.812225,2.42751,0.567403,-2.0939,-1.16898,-0.886428,0.175412,0.580292,0.765612,-1.18367,3.71681,2.9635,-2.18935,-3.49117,-3.7525,1.07009,-0.898185,4.49856,-0.658713,0.34527,-1.36462,1.66111,2.99268,-0.902542,0.730825,-2.87154,0.50471,3.26497,-4.99689,1.2542])
0.7142591593484067
{-2.0372073357909584e-23,-4.909584523213837,4.909584523213837,4.013944905389955,-0.6359227761612853,-3.3780221292286696,0.2515501422856924,-3.7774029273415133,4.028953069627204,-4.759629884062803,1.340716838228721,3.685594203832701,1.2259855036338807,-1.0452381449451933,0.8122245743933979,2.4275086464255455,0.5674025919379628,-2.09390147654457,-1.1689811192424968,-0.8864279506484574,0.17541156523596335,0.5802923425208825,0.7656124395913361,-1.1836734820047146,3.7168080315164986,2.9635021607974172,-2.189350345464269,-3.491173663915922,-3.7524978886654003,1.0700889649107923,-0.8981850435991905,4.4985595074563225,-0.658712632261827,0.3452695872319823,-1.3646239954132404,1.6611058446530222,2.9926763274746455,-0.9025415224850067,0.7308250605140014,-2.871542685523007,0.5047095138291576,3.2649728857515186,-4.9968927988263365,1.254201254218186}]
Set[{A021,A031,A032,A041,A042,A043,A121,A131,A132,A141,A142,A143,B021,B031,B032,B041,B042,B043,B121,B131,B132,B141,B142,B143,\[Alpha]1,\[Alpha]2,\[Alpha]3,\[Alpha]4,\[Beta]11,\[Beta]12,\[Beta]13,\[Beta]14,\[Beta]21,\[Beta]22,\[Beta]23,\[Beta]24,\[Beta]31,\[Beta]32,\[Beta]33,\[Beta]34,\[Beta]41,\[Beta]42,\[Beta]43,\[Beta]44},{-2.0372073357909584e-23,-4.909584523213837,4.909584523213837,4.013944905389955,-0.6359227761612853,-3.3780221292286696,0.2515501422856924,-3.7774029273415133,4.028953069627204,-4.759629884062803,1.340716838228721,3.685594203832701,1.2259855036338807,-1.0452381449451933,0.8122245743933979,2.4275086464255455,0.5674025919379628,-2.09390147654457,-1.1689811192424968,-0.8864279506484574,0.17541156523596335,0.5802923425208825,0.7656124395913361,-1.1836734820047146,3.7168080315164986,2.9635021607974172,-2.189350345464269,-3.491173663915922,-3.7524978886654003,1.0700889649107923,-0.8981850435991905,4.4985595074563225,-0.658712632261827,0.3452695872319823,-1.3646239954132404,1.6611058446530222,2.9926763274746455,-0.9025415224850067,0.7308250605140014,-2.871542685523007,0.5047095138291576,3.2649728857515186,-4.9968927988263365,1.254201254218186}]

Max g: 0.24292351463955342
f_31([1.18237e-22,-4.90491,4.90491,3.88221,-0.580103,-3.30211,0.119892,-3.68446,3.86566,-4.75811,1.34611,3.69158,1.21493,-1.05322,0.826242,2.44816,0.511625,-2.07404,-1.18497,-0.906287,0.174191,0.567087,0.780467,-1.19196,3.71894,2.92624,-2.19545,-3.44861,-3.69774,1.04665,-0.884818,4.49325,-0.615732,0.406636,-1.44199,1.63344,3.11739,-0.867478,0.692161,-3.00134,0.147166,3.30512,-4.99685,1.54879])
0.7508648165863434
Max g: 0.24415407742849382
f_32([1.57238e-24,-4.90491,4.90491,3.88221,-0.580102,-3.30211,0.120138,-3.68444,3.8658,-4.75811,1.34611,3.69158,1.21493,-1.05324,0.826236,2.44816,0.511623,-2.07404,-1.18492,-0.906244,0.174195,0.567114,0.780448,-1.19196,3.71894,2.92623,-2.19545,-3.44861,-3.69767,1.04661,-0.884778,4.49324,-0.615573,0.406666,-1.44219,1.63343,3.11758,-0.867577,0.692205,-3.00135,0.147127,3.30511,-4.99685,1.54895])
0.750665330715837
Max g: 0.24396046431068985
f_33([-3.68085e-23,-4.85913,4.85913,3.86737,-0.565006,-3.30237,0.152441,-3.68107,3.88223,-4.76719,1.3522,3.69004,1.2027,-1.05325,0.827216,2.4781,0.50207,-2.10302,-1.18278,-0.902881,0.174327,0.571004,0.783804,-1.20011,3.65628,2.94448,-2.18042,-3.44799,-3.69058,1.03474,-0.874462,4.48845,-0.577587,0.42325,-1.50793,1.67092,3.17318,-0.873216,0.686303,-3.02533,0.133445,3.30032,-4.9969,1.56411])
0.7512637883273563
Max g: 0.22282724541621618
f_34([-2.26795e-22,-4.85913,4.85913,3.86737,-0.565006,-3.30237,0.152458,-3.68107,3.88224,-4.76719,1.3522,3.69004,1.2027,-1.05325,0.827217,2.4781,0.502072,-2.10302,-1.18277,-0.90287,0.174327,0.571012,0.783798,-1.20011,3.65628,2.9445,-2.18042,-3.44799,-3.69057,1.03475,-0.874461,4.48845,-0.577593,0.423254,-1.50795,1.67091,3.17319,-0.873222,0.686304,-3.02534,0.133444,3.30031,-4.9969,1.56413])
0.7512637883273563
Max g: 0.22283052913712784
f_35([-1.13612e-22,-4.85913,4.85913,3.86737,-0.565006,-3.30237,0.152475,-3.68107,3.88225,-4.76719,1.3522,3.69004,1.2027,-1.05325,0.827217,2.4781,0.502074,-2.10302,-1.18276,-0.902858,0.174327,0.57102,0.783793,-1.20011,3.65629,2.94451,-2.18041,-3.44799,-3.69057,1.03475,-0.87446,4.48845,-0.577599,0.423259,-1.50796,1.67091,3.1732,-0.873228,0.686306,-3.02535,0.133444,3.30031,-4.9969,1.56414])
0.7512637883273563
Max g: 0.22283380172550826
f_36([-6.12616e-22,-4.85913,4.85913,3.86737,-0.565006,-3.30237,0.152491,-3.68107,3.88226,-4.76719,1.3522,3.69004,1.2027,-1.05325,0.827217,2.4781,0.502076,-2.10302,-1.18275,-0.902847,0.174327,0.571027,0.783788,-1.20011,3.65629,2.94453,-2.1804,-3.44799,-3.69056,1.03476,-0.874459,4.48845,-0.577605,0.423263,-1.50798,1.67091,3.17321,-0.873234,0.686307,-3.02537,0.133443,3.30031,-4.9969,1.56415])
0.7512637883273563
Max g: 0.22283706369073697
f_37([-1.89253e-21,-4.85913,4.85913,3.86737,-0.565006,-3.30237,0.152508,-3.68107,3.88227,-4.76719,1.3522,3.69004,1.2027,-1.05325,0.827217,2.47811,0.502078,-2.10302,-1.18274,-0.902836,0.174328,0.571035,0.783782,-1.20011,3.65629,2.94454,-2.1804,-3.44799,-3.69056,1.03477,-0.874459,4.48844,-0.577611,0.423267,-1.50799,1.67091,3.17322,-0.87324,0.686308,-3.02538,0.133442,3.30031,-4.9969,1.56417])
0.7512637883273563
Max g: 0.22284031711146446
f_38([-1.00352e-20,-4.87338,4.87338,3.85631,-0.576832,-3.27948,0.234907,-3.67321,3.9292,-4.7515,1.32432,3.6967,1.25608,-1.06551,0.828788,2.55124,0.473565,-2.07208,-1.19007,-0.907067,0.173885,0.560736,0.776387,-1.1875,3.56201,3.0011,-2.13444,-3.43382,-3.67074,1.02141,-0.889919,4.51676,-0.613828,0.426297,-1.49315,1.66698,3.16892,-0.894454,0.742964,-3.06262,0.0742069,3.29159,-4.9969,1.64031])
0.7223383371039186
Max g: 0.22949219956682576
f_39([9.94672e-21,-4.87327,4.87327,3.85636,-0.576955,-3.2794,0.242973,-3.67253,3.93348,-4.75186,1.32395,3.69661,1.25654,-1.06524,0.828978,2.55155,0.47405,-2.07175,-1.1862,-0.903484,0.174192,0.562976,0.775082,-1.18783,3.56238,3.00325,-2.13344,-3.43372,-3.66861,1.02403,-0.890972,4.51571,-0.606318,0.427744,-1.50187,1.66746,3.17743,-0.899379,0.744492,-3.06631,0.0690408,3.29061,-4.9969,1.64341])
0.7194457919815748
Max g: 0.22968470068501468
f_40([-1.07601e-22,-4.88724,4.88724,3.8097,-0.612879,-3.19682,0.253183,-3.66009,3.93012,-4.7652,1.32908,3.70615,1.23436,-1.06417,0.827195,2.53949,0.493357,-2.10563,-1.19042,-0.907722,0.172778,0.564486,0.785497,-1.20028,3.57789,2.99329,-2.11799,-3.43127,-3.66096,1.01577,-0.880632,4.50574,-0.594735,0.475625,-1.5684,1.66589,3.20761,-0.906985,0.747302,-3.07471,0.0200354,3.29663,-4.99695,1.69281])
0.721241164816133
{-1.0760127301273586e-22,-4.887244132195635,4.887244132195635,3.809702046142721,-0.6128788873119696,-3.1968231588307527,0.2531829338927611,-3.660086017336,3.9301173853572973,-4.7651995297033665,1.329078733917778,3.7061521638068853,1.2343638718283134,-1.0641664701998788,0.8271954544588243,2.539487097050498,0.49335651864899893,-2.1056277944117388,-1.1904229482746687,-0.9077215186330245,0.17277839423700833,0.5644855820881773,0.785496599488466,-1.2002781922222743,3.577886221558084,2.9932913581112,-2.117993689428022,-3.431274579585949,-3.6609609111308763,1.0157722815456889,-0.880632050218369,4.505738803694965,-0.5947348705329408,0.4756245949000914,-1.568403620431048,1.6658926613410183,3.207613714996367,-0.9069854172910464,0.7473018050341149,-3.0747074991591714,0.02003535902806894,3.2966281079499824,-4.996954715722669,1.6928131563283055}]
Set[{A021,A031,A032,A041,A042,A043,A121,A131,A132,A141,A142,A143,B021,B031,B032,B041,B042,B043,B121,B131,B132,B141,B142,B143,\[Alpha]1,\[Alpha]2,\[Alpha]3,\[Alpha]4,\[Beta]11,\[Beta]12,\[Beta]13,\[Beta]14,\[Beta]21,\[Beta]22,\[Beta]23,\[Beta]24,\[Beta]31,\[Beta]32,\[Beta]33,\[Beta]34,\[Beta]41,\[Beta]42,\[Beta]43,\[Beta]44},{-1.0760127301273586e-22,-4.887244132195635,4.887244132195635,3.809702046142721,-0.6128788873119696,-3.1968231588307527,0.2531829338927611,-3.660086017336,3.9301173853572973,-4.7651995297033665,1.329078733917778,3.7061521638068853,1.2343638718283134,-1.0641664701998788,0.8271954544588243,2.539487097050498,0.49335651864899893,-2.1056277944117388,-1.1904229482746687,-0.9077215186330245,0.17277839423700833,0.5644855820881773,0.785496599488466,-1.2002781922222743,3.577886221558084,2.9932913581112,-2.117993689428022,-3.431274579585949,-3.6609609111308763,1.0157722815456889,-0.880632050218369,4.505738803694965,-0.5947348705329408,0.4756245949000914,-1.568403620431048,1.6658926613410183,3.207613714996367,-0.9069854172910464,0.7473018050341149,-3.0747074991591714,0.02003535902806894,3.2966281079499824,-4.996954715722669,1.6928131563283055}]

Max g: 0.23606874227320773
f_41([6.7866e-22,-4.88724,4.88724,3.8097,-0.612879,-3.19682,0.25323,-3.66009,3.93011,-4.7652,1.32907,3.70615,1.23448,-1.06414,0.827211,2.53949,0.493357,-2.10563,-1.19039,-0.907689,0.172788,0.564485,0.785487,-1.20029,3.57785,2.99286,-2.11807,-3.43129,-3.66091,1.01581,-0.880763,4.50571,-0.594403,0.475547,-1.56866,1.66593,3.20776,-0.90692,0.747306,-3.07509,0.0198439,3.29661,-4.99695,1.6928])
0.7210416789456265
Max g: 0.23606310709988243
f_42([2.9825e-21,-4.88724,4.88724,3.8097,-0.61288,-3.19682,0.253275,-3.66009,3.93011,-4.76519,1.32906,3.70616,1.23459,-1.06411,0.827226,2.53949,0.493358,-2.10562,-1.19036,-0.907658,0.172796,0.564484,0.785476,-1.20029,3.57781,2.99244,-2.11815,-3.43131,-3.66086,1.01585,-0.880889,4.50567,-0.594084,0.475473,-1.56891,1.66597,3.20789,-0.906859,0.74731,-3.07546,0.0196594,3.2966,-4.99695,1.69279])
0.7213409077513863
Max g: 0.23605657330167773
f_43([1.40309e-21,-4.88725,4.88725,3.8097,-0.612882,-3.19682,0.253317,-3.66009,3.93011,-4.76519,1.32905,3.70616,1.2347,-1.06409,0.827241,2.53949,0.493358,-2.10562,-1.19034,-0.907629,0.172804,0.564483,0.785464,-1.2003,3.57777,2.99204,-2.11823,-3.43132,-3.66081,1.01588,-0.881012,4.50564,-0.593774,0.4754,-1.56915,1.66601,3.20803,-0.906799,0.747316,-3.07581,0.0194798,3.29658,-4.99695,1.69278])
0.7213409077513863
Max g: 0.23604944911902592
f_44([-1.29945e-22,-4.88725,4.88725,3.8097,-0.612882,-3.19682,0.253337,-3.66009,3.93011,-4.76519,1.32904,3.70616,1.23475,-1.06408,0.827246,2.5395,0.493364,-2.10562,-1.19032,-0.907609,0.172807,0.564486,0.78546,-1.2003,3.57775,2.99183,-2.11827,-3.43133,-3.66078,1.01591,-0.881078,4.50563,-0.593601,0.475363,-1.56928,1.66603,3.20811,-0.906766,0.747319,-3.07601,0.019384,3.29658,-4.99695,1.69278])
0.7214406506866394
Max g: 0.23604660367631247
f_45([-2.91511e-21,-4.88724,4.88724,3.8097,-0.612882,-3.19682,0.253357,-3.66009,3.93011,-4.76518,1.32904,3.70616,1.23479,-1.06407,0.827252,2.5395,0.493369,-2.10561,-1.1903,-0.90759,0.172808,0.564489,0.785457,-1.2003,3.57773,2.99162,-2.1183,-3.43134,-3.66076,1.01593,-0.881141,4.50561,-0.593431,0.475327,-1.56941,1.66606,3.20818,-0.906735,0.747323,-3.0762,0.0192904,3.29657,-4.99695,1.69278])
0.7214406506866394
Max g: 0.23604402308810357
f_46([-6.19137e-9,-4.85989,4.85989,3.8137,-0.554869,-3.25883,0.23204,-3.6588,3.91686,-4.75287,1.34712,3.67359,1.22286,-1.05413,0.829924,2.50573,0.460525,-2.05968,-1.19728,-0.917382,0.169911,0.554762,0.793668,-1.20221,3.58907,2.96025,-2.13811,-3.42585,-3.64148,1.01937,-0.892102,4.51046,-0.580084,0.526952,-1.64514,1.67133,3.38219,-0.898993,0.729275,-3.24077,-0.00483287,3.3259,-4.99691,1.68386])
0.736601576845131
Max g: 0.2483878279244159
f_47([1.84112e-22,-4.85989,4.85989,3.8137,-0.554869,-3.25883,0.23209,-3.65879,3.91689,-4.75287,1.34712,3.67359,1.22284,-1.05413,0.829928,2.50573,0.460526,-2.05968,-1.1973,-0.917399,0.169912,0.554748,0.793675,-1.20221,3.58908,2.96034,-2.13809,-3.42585,-3.64147,1.01935,-0.892112,4.51045,-0.57994,0.526936,-1.64517,1.67134,3.38224,-0.898993,0.729301,-3.24082,-0.00487571,3.32589,-4.99691,1.68389])
0.7365018339098778
Max g: 0.24839148341819567
f_48([-6.5189e-23,-4.85989,4.85989,3.8137,-0.554869,-3.25883,0.232134,-3.65879,3.91691,-4.75287,1.34712,3.67359,1.22283,-1.05412,0.829931,2.50574,0.460526,-2.05968,-1.19732,-0.917414,0.169913,0.554735,0.793681,-1.20221,3.58909,2.96042,-2.13808,-3.42585,-3.64147,1.01933,-0.89212,4.51044,-0.579814,0.526922,-1.6452,1.67136,3.38229,-0.898992,0.729324,-3.24086,-0.00491323,3.32589,-4.99691,1.68392])
0.7365018339098778
Max g: 0.24839518220904017
f_49([-3.10403e-22,-4.85989,4.85989,3.8137,-0.554869,-3.25883,0.232177,-3.65878,3.91694,-4.75287,1.34712,3.67359,1.22281,-1.05411,0.829934,2.50574,0.460527,-2.05968,-1.19734,-0.917429,0.169913,0.554723,0.793687,-1.20221,3.58909,2.9605,-2.13806,-3.42585,-3.64147,1.01931,-0.892128,4.51043,-0.579689,0.526908,-1.64522,1.67137,3.38233,-0.898991,0.729346,-3.2409,-0.00495065,3.32588,-4.99691,1.68395])
0.7365018339098778
Max g: 0.24839909816467987
f_50([-1.80429e-22,-4.85989,4.85989,3.8137,-0.554869,-3.25883,0.232221,-3.65878,3.91697,-4.75287,1.34712,3.67359,1.22279,-1.05411,0.829938,2.50574,0.460528,-2.05968,-1.19736,-0.917444,0.169914,0.55471,0.793693,-1.20221,3.5891,2.96058,-2.13804,-3.42584,-3.64147,1.01929,-0.892136,4.51042,-0.579564,0.526894,-1.64525,1.67139,3.38238,-0.898991,0.729368,-3.24094,-0.00498796,3.32588,-4.99691,1.68398])
0.7365018339098778
{-1.8042871044342772e-22,-4.859891139491183,4.8598911394911815,3.8136963522386527,-0.5548692900373708,-3.2588270622012825,0.2322207796477499,-3.658777066345078,3.9169656973273383,-4.7528736938488665,1.34712347181992,3.673592344909288,1.2227930811471663,-1.0541062342457521,0.829937535453996,2.5057372998050247,0.4605282475038031,-2.0596772950592057,-1.1973583727505088,-0.9174442114852078,0.1699138371088238,0.5547101867109062,0.7936932613208918,-1.202212051593601,3.5891013098041653,2.960578329568048,-2.1380405209602014,-3.4258422671147977,-3.6414653021368095,1.019291882102222,-0.8921357238811672,4.5104153777371625,-0.5795644076188398,0.5268942687995539,-1.6452500519238307,1.6713896911448656,3.3823784540197295,-0.8989906915878009,0.7293684142410648,-3.240941363801163,-0.004987960474517633,3.3258798739713455,-4.996914878492786,1.6839760332038918}]
Set[{A021,A031,A032,A041,A042,A043,A121,A131,A132,A141,A142,A143,B021,B031,B032,B041,B042,B043,B121,B131,B132,B141,B142,B143,\[Alpha]1,\[Alpha]2,\[Alpha]3,\[Alpha]4,\[Beta]11,\[Beta]12,\[Beta]13,\[Beta]14,\[Beta]21,\[Beta]22,\[Beta]23,\[Beta]24,\[Beta]31,\[Beta]32,\[Beta]33,\[Beta]34,\[Beta]41,\[Beta]42,\[Beta]43,\[Beta]44},{-1.8042871044342772e-22,-4.859891139491183,4.8598911394911815,3.8136963522386527,-0.5548692900373708,-3.2588270622012825,0.2322207796477499,-3.658777066345078,3.9169656973273383,-4.7528736938488665,1.34712347181992,3.673592344909288,1.2227930811471663,-1.0541062342457521,0.829937535453996,2.5057372998050247,0.4605282475038031,-2.0596772950592057,-1.1973583727505088,-0.9174442114852078,0.1699138371088238,0.5547101867109062,0.7936932613208918,-1.202212051593601,3.5891013098041653,2.960578329568048,-2.1380405209602014,-3.4258422671147977,-3.6414653021368095,1.019291882102222,-0.8921357238811672,4.5104153777371625,-0.5795644076188398,0.5268942687995539,-1.6452500519238307,1.6713896911448656,3.3823784540197295,-0.8989906915878009,0.7293684142410648,-3.240941363801163,-0.004987960474517633,3.3258798739713455,-4.996914878492786,1.6839760332038918}]

Max g: 0.2484030971646079
f_51([-1.4201e-21,-4.85989,4.85989,3.8137,-0.554869,-3.25883,0.232264,-3.65877,3.91699,-4.75288,1.34712,3.67359,1.22278,-1.0541,0.829941,2.50574,0.460529,-2.05968,-1.19738,-0.917459,0.169914,0.554698,0.793699,-1.20221,3.58911,2.96066,-2.13802,-3.42584,-3.64146,1.01927,-0.892144,4.5104,-0.57944,0.52688,-1.64528,1.6714,3.38242,-0.89899,0.729391,-3.24098,-0.00502518,3.32588,-4.99691,1.684])
0.736601576845131
Max g: 0.24840726278565528
f_52([-5.9053e-22,-4.85989,4.85989,3.8137,-0.554869,-3.25883,0.232307,-3.65877,3.91702,-4.75288,1.34712,3.67359,1.22276,-1.05409,0.829944,2.50574,0.46053,-2.05968,-1.1974,-0.917474,0.169915,0.554685,0.793705,-1.20221,3.58912,2.96074,-2.13801,-3.42584,-3.64146,1.01925,-0.892152,4.51039,-0.579317,0.526867,-1.6453,1.67142,3.38247,-0.89899,0.729413,-3.24102,-0.0050623,3.32587,-4.99691,1.68403])
0.736601576845131
Max g: 0.24841156249247176
f_53([-1.63819e-21,-4.85989,4.85989,3.8137,-0.554869,-3.25883,0.232349,-3.65876,3.91704,-4.75288,1.34713,3.67359,1.22274,-1.05409,0.829947,2.50574,0.460531,-2.05968,-1.19741,-0.917489,0.169915,0.554673,0.79371,-1.20221,3.58912,2.96082,-2.13799,-3.42583,-3.64146,1.01923,-0.89216,4.51038,-0.579195,0.526853,-1.64533,1.67143,3.38251,-0.898989,0.729435,-3.24106,-0.00509914,3.32587,-4.99691,1.68406])
0.736601576845131
Max g: 0.24841577493155992
f_54([-3.46905e-21,-4.85989,4.85989,3.8137,-0.554869,-3.25883,0.232391,-3.65876,3.91707,-4.75288,1.34713,3.67359,1.22273,-1.05408,0.829949,2.50574,0.460532,-2.05968,-1.19743,-0.917503,0.169915,0.554661,0.793716,-1.20222,3.58913,2.96089,-2.13797,-3.42583,-3.64145,1.01921,-0.892168,4.51037,-0.579074,0.52684,-1.64535,1.67145,3.38256,-0.898989,0.729456,-3.2411,-0.00513558,3.32586,-4.99691,1.68409])
0.7365018339098778
Max g: 0.2484202840381914
f_55([-2.02659e-22,-4.88219,4.88219,3.85312,-0.608287,-3.24483,0.239512,-3.65411,3.91848,-4.73347,1.32119,3.6798,1.19375,-1.05401,0.843161,2.49909,0.452098,-2.08067,-1.21748,-0.923414,0.16599,0.533838,0.759577,-1.15316,3.5867,2.9431,-2.1059,-3.41828,-3.63296,0.986183,-0.867795,4.49139,-0.598064,0.595697,-1.76616,1.74248,3.43331,-0.866335,0.705146,-3.29582,-0.00528589,3.27759,-4.99635,1.74112])
0.7454786980826688
Max g: 0.26746261406100347
slurmstepd: *** JOB 9005400 ON comet-31-16 CANCELLED AT 2017-04-24T10:52:26 DUE TO TIME LIMIT ***

signal (15): Terminated
while loading /home/crackauc/.julia/v0.5/SRKGenerator/test/runtests.jl, in expression starting on line 45
trstlp at /home/crackauc/.julia/v0.5/NLopt/deps/src/nlopt-2.4/cobyla/cobyla.c:1793 [inlined]
cobylb at /home/crackauc/.julia/v0.5/NLopt/deps/src/nlopt-2.4/cobyla/cobyla.c:917 [inlined]
cobyla at /home/crackauc/.julia/v0.5/NLopt/deps/src/nlopt-2.4/cobyla/cobyla.c:430
cobyla_minimize at /home/crackauc/.julia/v0.5/NLopt/deps/src/nlopt-2.4/cobyla/cobyla.c:247
nlopt_optimize_ at /home/crackauc/.julia/v0.5/NLopt/deps/src/nlopt-2.4/api/optimize.c:647 [inlined]
nlopt_optimize at /home/crackauc/.julia/v0.5/NLopt/deps/src/nlopt-2.4/api/optimize.c:826
nlopt_optimize_limited at /home/crackauc/.julia/v0.5/NLopt/deps/src/nlopt-2.4/api/optimize.c:865
auglag_minimize at /home/crackauc/.julia/v0.5/NLopt/deps/src/nlopt-2.4/auglag/auglag.c:195
nlopt_optimize_ at /home/crackauc/.julia/v0.5/NLopt/deps/src/nlopt-2.4/api/optimize.c:733 [inlined]
nlopt_optimize at /home/crackauc/.julia/v0.5/NLopt/deps/src/nlopt-2.4/api/optimize.c:826
optimize! at /home/crackauc/.julia/v0.5/NLopt/src/NLopt.jl:526
#srk_optimize#1 at /home/crackauc/.julia/v0.5/SRKGenerator/src/main.jl:94
unknown function (ip: 0x2b246a46d6cd)
jl_call_method_internal at /home/centos/buildbot/slave/package_tarball64/build/src/julia_internal.h:189 [inlined]
jl_apply_generic at /home/centos/buildbot/slave/package_tarball64/build/src/gf.c:1942
#srk_optimize at ./<missing>:0
unknown function (ip: 0x2b246a469f1c)
jl_call_method_internal at /home/centos/buildbot/slave/package_tarball64/build/src/julia_internal.h:189 [inlined]
jl_apply_generic at /home/centos/buildbot/slave/package_tarball64/build/src/gf.c:1942
do_call at /home/centos/buildbot/slave/package_tarball64/build/src/interpreter.c:66
eval at /home/centos/buildbot/slave/package_tarball64/build/src/interpreter.c:190
eval_body at /home/centos/buildbot/slave/package_tarball64/build/src/interpreter.c:469
jl_interpret_call at /home/centos/buildbot/slave/package_tarball64/build/src/interpreter.c:573
jl_toplevel_eval_flex at /home/centos/buildbot/slave/package_tarball64/build/src/toplevel.c:572
jl_parse_eval_all at /home/centos/buildbot/slave/package_tarball64/build/src/ast.c:717
jl_load at /home/centos/buildbot/slave/package_tarball64/build/src/toplevel.c:596
jl_load_ at /home/centos/buildbot/slave/package_tarball64/build/src/toplevel.c:605
include_from_node1 at ./loading.jl:488
unknown function (ip: 0x2b2240be0d0b)
jl_call_method_internal at /home/centos/buildbot/slave/package_tarball64/build/src/julia_internal.h:189 [inlined]
jl_apply_generic at /home/centos/buildbot/slave/package_tarball64/build/src/gf.c:1942
process_options at ./client.jl:262
_start at ./client.jl:318
unknown function (ip: 0x2b2240c062e8)
jl_call_method_internal at /home/centos/buildbot/slave/package_tarball64/build/src/julia_internal.h:189 [inlined]
jl_apply_generic at /home/centos/buildbot/slave/package_tarball64/build/src/gf.c:1942
jl_apply at /home/centos/buildbot/slave/package_tarball64/build/ui/../src/julia.h:1392 [inlined]
true_main at /home/centos/buildbot/slave/package_tarball64/build/ui/repl.c:112
main at /home/centos/buildbot/slave/package_tarball64/build/ui/repl.c:232
__libc_start_main at /lib64/libc.so.6 (unknown line)
unknown function (ip: 0x4013fc)
unknown function (ip: 0xffffffffffffffff)
Allocations: 51727542253 (Pool: 51655000008; Big: 72542245); GC: 62254

signal (11): Segmentation fault
while loading /home/crackauc/.julia/v0.5/SRKGenerator/test/runtests.jl, in expression starting on line 45
