
-----------------Setup------------------
Options: alg=LN_AUGLAG_EQ,dx=0.01,max_eval=100000000,popSize=0
imin=-10,jmin=-3,imax=1,jmax=3,
parameter_minmax=5,randSeed=55682788

f_1([-7.60484e-5,-1.73792,1.74046,2.05649,-2.8286,0.971944,2.90774e-5,4.87948,-4.87951,0.662693,-0.659,-0.00345828,0.000330857,-3.06592,4.30048,3.83514,1.64993,3.3311,-1.08544,3.98917,-0.481598,3.57225,3.28797,1.42612,1.00797,-0.952923,0.0244659,0.00278308,4.35806,3.91053,-3.60974,-3.27985,2.13287,-1.57092,-4.312,3.56441,-0.616433,-1.57919,1.87429,-1.32083,-2.37383,1.80071,3.21551,-2.72489])
36.72455081675863
Max g: 189.84339433329714
f_2([0.055227,-0.236526,0.522443,0.997736,-1.70176,1.69568,0.00074327,4.88856,-4.80882,1.49499,-1.16899,0.0280989,-0.0741506,-2.95313,3.37276,1.72261,-0.770134,0.131259,-1.56691,3.66374,1.83454,3.38631,2.47469,0.113769,0.729987,-1.97058,3.21493,-0.924968,4.53697,4.62328,-2.20572,2.60503,2.5499,-0.677123,-4.41411,2.87532,-0.709727,-3.20236,0.7565,-0.360642,-2.1655,3.5773,1.57265,-1.30967])
1.6427661436207592
Max g: 36.66347336724349
f_3([0.055227,-0.236526,0.522443,0.997736,-1.70176,1.69568,0.000743295,4.88856,-4.80882,1.49499,-1.16899,0.0280989,-0.0741507,-2.95313,3.37276,1.72261,-0.770134,0.131259,-1.56691,3.66373,1.83453,3.38631,2.47469,0.113771,0.729987,-1.97058,3.21493,-0.924968,4.53697,4.62328,-2.20572,2.60502,2.5499,-0.677122,-4.41411,2.87533,-0.709727,-3.20236,0.756502,-0.360641,-2.1655,3.5773,1.57266,-1.30967])
1.642666400685506
Max g: 36.66386265187555
f_4([0.055227,-0.236526,0.522443,0.997736,-1.70176,1.69568,0.000743295,4.88856,-4.80882,1.49499,-1.16899,0.0280989,-0.0741507,-2.95313,3.37276,1.72261,-0.770134,0.131259,-1.56691,3.66373,1.83453,3.38631,2.47469,0.113771,0.729987,-1.97058,3.21493,-0.924968,4.53697,4.62328,-2.20572,2.60502,2.5499,-0.677122,-4.41411,2.87533,-0.709727,-3.20236,0.756502,-0.360641,-2.1655,3.5773,1.57266,-1.30967])
1.642666400685506
Max g: 36.66387021608632
f_5([0.055227,-0.236526,0.522443,0.997736,-1.70176,1.69568,0.000743295,4.88856,-4.80882,1.49499,-1.16899,0.0280989,-0.0741507,-2.95313,3.37276,1.72261,-0.770134,0.131259,-1.56691,3.66373,1.83453,3.38631,2.47469,0.113771,0.729987,-1.97058,3.21493,-0.924968,4.53697,4.62328,-2.20572,2.60502,2.5499,-0.677122,-4.41411,2.87533,-0.709727,-3.20236,0.756502,-0.360641,-2.1655,3.5773,1.57266,-1.30967])
1.6427661436207592
Max g: 36.663870794198935
f_6([0.055227,-0.236526,0.522443,0.997736,-1.70176,1.69568,0.000743295,4.88856,-4.80882,1.49499,-1.16899,0.0280989,-0.0741507,-2.95313,3.37276,1.72261,-0.770134,0.131259,-1.56691,3.66373,1.83453,3.38631,2.47469,0.113771,0.729987,-1.97058,3.21493,-0.924968,4.53697,4.62328,-2.20572,2.60502,2.5499,-0.677122,-4.41411,2.87533,-0.709727,-3.20236,0.756502,-0.360641,-2.1655,3.5773,1.57266,-1.30967])
1.6427661436207592
Max g: 36.66387106410087
f_7([0.055227,-0.236526,0.522443,0.997736,-1.70176,1.69568,0.000743295,4.88856,-4.80882,1.49499,-1.16899,0.0280989,-0.0741507,-2.95313,3.37276,1.72261,-0.770134,0.131259,-1.56691,3.66373,1.83453,3.38631,2.47469,0.113771,0.729987,-1.97058,3.21493,-0.924968,4.53697,4.62328,-2.20572,2.60502,2.5499,-0.677122,-4.41411,2.87533,-0.709727,-3.20236,0.756502,-0.360641,-2.1655,3.5773,1.57266,-1.30967])
1.6427661436207592
Max g: 36.66387132840133
f_8([0.055227,-0.236526,0.522443,0.997736,-1.70176,1.69568,0.000743295,4.88856,-4.80882,1.49499,-1.16899,0.0280989,-0.0741507,-2.95313,3.37276,1.72261,-0.770134,0.131259,-1.56691,3.66373,1.83453,3.38631,2.47469,0.113771,0.729987,-1.97058,3.21493,-0.924968,4.53697,4.62328,-2.20572,2.60502,2.5499,-0.677122,-4.41411,2.87533,-0.709727,-3.20236,0.756502,-0.360641,-2.1655,3.5773,1.57266,-1.30967])
1.6427661436207592
Max g: 36.66387163309307
f_9([0.055227,-0.236526,0.522443,0.997736,-1.70176,1.69568,0.000743295,4.88856,-4.80882,1.49499,-1.16899,0.0280989,-0.0741507,-2.95313,3.37276,1.72261,-0.770134,0.131259,-1.56691,3.66373,1.83453,3.38631,2.47469,0.113771,0.729987,-1.97058,3.21493,-0.924968,4.53697,4.62328,-2.20572,2.60502,2.5499,-0.677122,-4.41411,2.87533,-0.709727,-3.20236,0.756502,-0.360641,-2.1655,3.5773,1.57266,-1.30967])
1.6427661436207592
Max g: 36.66387181356018
f_10([0.055227,-0.236526,0.522443,0.997736,-1.70176,1.69568,0.000743295,4.88856,-4.80882,1.49499,-1.16899,0.0280989,-0.0741507,-2.95313,3.37276,1.72261,-0.770134,0.131259,-1.56691,3.66373,1.83453,3.38631,2.47469,0.113771,0.729987,-1.97058,3.21493,-0.924968,4.53697,4.62328,-2.20572,2.60502,2.5499,-0.677122,-4.41411,2.87533,-0.709727,-3.20236,0.756502,-0.360641,-2.1655,3.5773,1.57266,-1.30967])
1.6427661436207592
{0.05522699144777528,-0.23652604759461654,0.5224428815910582,0.9977359336121392,-1.7017643524928439,1.6956831908468817,0.0007432954284741878,4.88856240244434,-4.80882172795539,1.4949878652038378,-1.1689857659742247,0.02809891672413689,-0.07415065189701776,-2.9531307274312786,3.372761498151624,1.7226124548546382,-0.770133665421035,0.13125935648552473,-1.5669099407285685,3.663728250305545,1.83453340119263,3.386309347201747,2.4746863907744516,0.1137714807411403,0.7299868855489928,-1.9705757718874912,3.214931272518449,-0.924968327907458,4.536971005648378,4.623277166467112,-2.20572044186712,2.6050213264594815,2.5499038220022365,-0.6771220322479313,-4.414109521607384,2.875327073257776,-0.7097267686103305,-3.2023565922072095,0.7565018279436108,-0.36064129072306583,-2.1654993112695693,3.5772987864677974,1.572658071168491,-1.3096724902780346}]
Set[{A021,A031,A032,A041,A042,A043,A121,A131,A132,A141,A142,A143,B021,B031,B032,B041,B042,B043,B121,B131,B132,B141,B142,B143,\[Alpha]1,\[Alpha]2,\[Alpha]3,\[Alpha]4,\[Beta]11,\[Beta]12,\[Beta]13,\[Beta]14,\[Beta]21,\[Beta]22,\[Beta]23,\[Beta]24,\[Beta]31,\[Beta]32,\[Beta]33,\[Beta]34,\[Beta]41,\[Beta]42,\[Beta]43,\[Beta]44},{0.05522699144777528,-0.23652604759461654,0.5224428815910582,0.9977359336121392,-1.7017643524928439,1.6956831908468817,0.0007432954284741878,4.88856240244434,-4.80882172795539,1.4949878652038378,-1.1689857659742247,0.02809891672413689,-0.07415065189701776,-2.9531307274312786,3.372761498151624,1.7226124548546382,-0.770133665421035,0.13125935648552473,-1.5669099407285685,3.663728250305545,1.83453340119263,3.386309347201747,2.4746863907744516,0.1137714807411403,0.7299868855489928,-1.9705757718874912,3.214931272518449,-0.924968327907458,4.536971005648378,4.623277166467112,-2.20572044186712,2.6050213264594815,2.5499038220022365,-0.6771220322479313,-4.414109521607384,2.875327073257776,-0.7097267686103305,-3.2023565922072095,0.7565018279436108,-0.36064129072306583,-2.1654993112695693,3.5772987864677974,1.572658071168491,-1.3096724902780346}]

Max g: 36.663871902211916
f_11([0.055227,-0.236526,0.522443,0.997736,-1.70176,1.69568,0.000743295,4.88856,-4.80882,1.49499,-1.16899,0.0280989,-0.0741507,-2.95313,3.37276,1.72261,-0.770134,0.131259,-1.56691,3.66373,1.83453,3.38631,2.47469,0.113771,0.729987,-1.97058,3.21493,-0.924968,4.53697,4.62328,-2.20572,2.60502,2.5499,-0.677122,-4.41411,2.87533,-0.709727,-3.20236,0.756502,-0.360641,-2.1655,3.5773,1.57266,-1.30967])
1.6427661436207592
Max g: 36.663871950549805
f_12([0.055227,-0.236526,0.522443,0.997736,-1.70176,1.69568,0.000743295,4.88856,-4.80882,1.49499,-1.16899,0.0280989,-0.0741507,-2.95313,3.37276,1.72261,-0.770134,0.131259,-1.56691,3.66373,1.83453,3.38631,2.47469,0.113771,0.729987,-1.97058,3.21493,-0.924968,4.53697,4.62328,-2.20572,2.60502,2.5499,-0.677122,-4.41411,2.87533,-0.709727,-3.20236,0.756502,-0.360641,-2.1655,3.5773,1.57266,-1.30967])
1.6427661436207592
Max g: 36.66387199624375
f_13([0.055227,-0.236526,0.522443,0.997736,-1.70176,1.69568,0.000743295,4.88856,-4.80882,1.49499,-1.16899,0.0280989,-0.0741507,-2.95313,3.37276,1.72261,-0.770134,0.131259,-1.56691,3.66373,1.83453,3.38631,2.47469,0.113771,0.729987,-1.97058,3.21493,-0.924968,4.53697,4.62328,-2.20572,2.60502,2.5499,-0.677122,-4.41411,2.87533,-0.709727,-3.20236,0.756502,-0.360641,-2.1655,3.5773,1.57266,-1.30967])
1.6427661436207592
Max g: 36.6638720410709
f_14([0.0478026,-0.249395,0.517144,0.994339,-1.68215,1.68778,0.000383738,4.88863,-4.85978,1.47979,-1.18248,0.036773,-0.0505288,-2.93942,3.39472,1.72995,-0.480275,0.0912328,-0.804154,3.68953,1.86423,3.35064,2.47893,0.0923598,0.744298,-1.94637,3.24933,-0.838154,3.88129,2.14862,-2.20929,2.53635,4.39341,-0.679449,-3.59536,3.85519,-0.685343,-3.19454,0.749956,-0.354316,-2.16902,1.12009,1.56032,-1.319])
2.451880834394991
Max g: 23.86350826141924
f_15([0.0478026,-0.249395,0.517144,0.994339,-1.68215,1.68778,0.000383747,4.88863,-4.85978,1.47979,-1.18248,0.0367729,-0.0505288,-2.93942,3.39472,1.72995,-0.480275,0.0912327,-0.804154,3.68953,1.86424,3.35064,2.47893,0.0923524,0.744298,-1.94637,3.24933,-0.838154,3.88129,2.14862,-2.20929,2.53635,4.39341,-0.679449,-3.59536,3.85519,-0.685343,-3.19454,0.749954,-0.354316,-2.16902,1.12009,1.56032,-1.319])
2.451880834394991
Max g: 23.86256383161175
f_16([0.0478026,-0.249395,0.517144,0.994339,-1.68215,1.68778,0.000383747,4.88863,-4.85978,1.47979,-1.18248,0.0367729,-0.0505288,-2.93942,3.39472,1.72995,-0.480275,0.0912327,-0.804154,3.68953,1.86424,3.35064,2.47893,0.0923513,0.744298,-1.94637,3.24933,-0.838154,3.88129,2.14862,-2.20929,2.53635,4.39341,-0.679449,-3.59536,3.85519,-0.685343,-3.19454,0.749954,-0.354316,-2.16902,1.12009,1.56032,-1.319])
2.451880834394991
Max g: 23.86242312343336
f_17([0.0478026,-0.249395,0.517144,0.994339,-1.68215,1.68778,0.000383748,4.88863,-4.85978,1.47979,-1.18248,0.0367729,-0.0505288,-2.93942,3.39472,1.72995,-0.480275,0.0912327,-0.804154,3.68953,1.86424,3.35064,2.47893,0.0923511,0.744298,-1.94637,3.24933,-0.838154,3.88129,2.14862,-2.20929,2.53635,4.39341,-0.679449,-3.59536,3.85519,-0.685343,-3.19454,0.749954,-0.354316,-2.16902,1.12009,1.56032,-1.319])
2.451880834394991
Max g: 23.862396786805235
f_18([0.0478026,-0.249395,0.517144,0.994339,-1.68215,1.68778,0.000383748,4.88863,-4.85978,1.47979,-1.18248,0.0367729,-0.0505288,-2.93942,3.39472,1.72995,-0.480275,0.0912327,-0.804154,3.68953,1.86424,3.35064,2.47893,0.0923511,0.744298,-1.94637,3.24933,-0.838154,3.88129,2.14862,-2.20929,2.53635,4.39341,-0.679449,-3.59536,3.85519,-0.685343,-3.19454,0.749954,-0.354316,-2.16902,1.12009,1.56032,-1.319])
2.451880834394991
Max g: 23.862390410640003
f_19([0.0478026,-0.249395,0.517144,0.994339,-1.68215,1.68778,0.000383748,4.88863,-4.85978,1.47979,-1.18248,0.0367729,-0.0505288,-2.93942,3.39472,1.72995,-0.480275,0.0912327,-0.804154,3.68953,1.86424,3.35064,2.47893,0.092351,0.744298,-1.94637,3.24933,-0.838154,3.88129,2.14862,-2.20929,2.53635,4.39341,-0.679449,-3.59536,3.85519,-0.685343,-3.19454,0.749954,-0.354316,-2.16902,1.12009,1.56032,-1.319])
2.451880834394991
Max g: 23.862386241702836
f_20([0.0478026,-0.249395,0.517144,0.994339,-1.68215,1.68778,0.000383748,4.88863,-4.85978,1.47979,-1.18248,0.0367729,-0.0505288,-2.93942,3.39472,1.72995,-0.480275,0.0912327,-0.804154,3.68953,1.86424,3.35064,2.47893,0.092351,0.744298,-1.94637,3.24933,-0.838154,3.88129,2.14862,-2.20929,2.53635,4.39341,-0.679449,-3.59536,3.85519,-0.685343,-3.19454,0.749954,-0.354316,-2.16902,1.12009,1.56032,-1.319])
2.451880834394991
{0.04780261110476944,-0.24939521956411614,0.51714354658611,0.9943385473194093,-1.6821471506889087,1.687775636477905,0.0003837476639245728,4.888626145293801,-4.859778083735454,1.479792916868315,-1.1824790808673895,0.036772942332839155,-0.05052882692799331,-2.9394180406593486,3.3947210531164203,1.7299475060942482,-0.4802748326419714,0.09123270992208407,-0.8041537044266136,3.6895342257470243,1.8642381816556195,3.35064402109572,2.4789289761197013,0.09235100499770114,0.7442977331450409,-1.946373399589806,3.2493307940429474,-0.8381542909350311,3.8812852879612763,2.1486164824605285,-2.209291983763769,2.5363482575399665,4.393408128029191,-0.6794491643981729,-3.595356875597837,3.8551892586539234,-0.6853427579815493,-3.194542765294906,0.7499541547015645,-0.35431636700358565,-2.16901864986748,1.1200889210195861,1.5603233004023838,-1.3189988978824734}]
Set[{A021,A031,A032,A041,A042,A043,A121,A131,A132,A141,A142,A143,B021,B031,B032,B041,B042,B043,B121,B131,B132,B141,B142,B143,\[Alpha]1,\[Alpha]2,\[Alpha]3,\[Alpha]4,\[Beta]11,\[Beta]12,\[Beta]13,\[Beta]14,\[Beta]21,\[Beta]22,\[Beta]23,\[Beta]24,\[Beta]31,\[Beta]32,\[Beta]33,\[Beta]34,\[Beta]41,\[Beta]42,\[Beta]43,\[Beta]44},{0.04780261110476944,-0.24939521956411614,0.51714354658611,0.9943385473194093,-1.6821471506889087,1.687775636477905,0.0003837476639245728,4.888626145293801,-4.859778083735454,1.479792916868315,-1.1824790808673895,0.036772942332839155,-0.05052882692799331,-2.9394180406593486,3.3947210531164203,1.7299475060942482,-0.4802748326419714,0.09123270992208407,-0.8041537044266136,3.6895342257470243,1.8642381816556195,3.35064402109572,2.4789289761197013,0.09235100499770114,0.7442977331450409,-1.946373399589806,3.2493307940429474,-0.8381542909350311,3.8812852879612763,2.1486164824605285,-2.209291983763769,2.5363482575399665,4.393408128029191,-0.6794491643981729,-3.595356875597837,3.8551892586539234,-0.6853427579815493,-3.194542765294906,0.7499541547015645,-0.35431636700358565,-2.16901864986748,1.1200889210195861,1.5603233004023838,-1.3189988978824734}]

Max g: 23.862383975957357
f_21([0.0478026,-0.249395,0.517144,0.994339,-1.68215,1.68778,0.000383748,4.88863,-4.85978,1.47979,-1.18248,0.0367729,-0.0505288,-2.93942,3.39472,1.72995,-0.480275,0.0912327,-0.804154,3.68953,1.86424,3.35064,2.47893,0.092351,0.744298,-1.94637,3.24933,-0.838154,3.88129,2.14862,-2.20929,2.53635,4.39341,-0.679449,-3.59536,3.85519,-0.685343,-3.19454,0.749954,-0.354316,-2.16902,1.12009,1.56032,-1.319])
2.451880834394991
Max g: 23.86238172622116
f_22([0.0478026,-0.249395,0.517144,0.994339,-1.68215,1.68778,0.000383748,4.88863,-4.85978,1.47979,-1.18248,0.0367729,-0.0505288,-2.93942,3.39472,1.72995,-0.480275,0.0912327,-0.804154,3.68953,1.86424,3.35064,2.47893,0.092351,0.744298,-1.94637,3.24933,-0.838154,3.88129,2.14862,-2.20929,2.53635,4.39341,-0.679449,-3.59536,3.85519,-0.685343,-3.19454,0.749954,-0.354316,-2.16902,1.12009,1.56032,-1.319])
2.451781091459738
Max g: 23.86238116316143
f_23([0.0478026,-0.249395,0.517144,0.994339,-1.68215,1.68778,0.000383748,4.88863,-4.85978,1.47979,-1.18248,0.0367729,-0.0505288,-2.93942,3.39472,1.72995,-0.480275,0.0912327,-0.804154,3.68953,1.86424,3.35064,2.47893,0.092351,0.744298,-1.94637,3.24933,-0.838154,3.88129,2.14862,-2.20929,2.53635,4.39341,-0.679449,-3.59536,3.85519,-0.685343,-3.19454,0.749954,-0.354316,-2.16902,1.12009,1.56032,-1.319])
2.451880834394991
Max g: 23.86238099044978
f_24([0.0478026,-0.249395,0.517144,0.994339,-1.68215,1.68778,0.000383748,4.88863,-4.85978,1.47979,-1.18248,0.0367729,-0.0505288,-2.93942,3.39472,1.72995,-0.480275,0.0912327,-0.804154,3.68953,1.86424,3.35064,2.47893,0.092351,0.744298,-1.94637,3.24933,-0.838154,3.88129,2.14862,-2.20929,2.53635,4.39341,-0.679449,-3.59536,3.85519,-0.685343,-3.19454,0.749954,-0.354316,-2.16902,1.12009,1.56032,-1.319])
2.451880834394991
Max g: 23.86238081805122
f_25([0.0478026,-0.249395,0.517144,0.994339,-1.68215,1.68778,0.000383748,4.88863,-4.85978,1.47979,-1.18248,0.0367729,-0.0505288,-2.93942,3.39472,1.72995,-0.480275,0.0912327,-0.804154,3.68953,1.86424,3.35064,2.47893,0.092351,0.744298,-1.94637,3.24933,-0.838154,3.88129,2.14862,-2.20929,2.53635,4.39341,-0.679449,-3.59536,3.85519,-0.685343,-3.19454,0.749954,-0.354316,-2.16902,1.12009,1.56032,-1.319])
2.451880834394991
Max g: 23.862380647694764
f_26([0.0478026,-0.249395,0.517144,0.994339,-1.68215,1.68778,0.000383748,4.88863,-4.85978,1.47979,-1.18248,0.0367729,-0.0505288,-2.93942,3.39472,1.72995,-0.480275,0.0912327,-0.804154,3.68953,1.86424,3.35064,2.47893,0.092351,0.744298,-1.94637,3.24933,-0.838154,3.88129,2.14862,-2.20929,2.53635,4.39341,-0.679449,-3.59536,3.85519,-0.685343,-3.19454,0.749954,-0.354316,-2.16902,1.12009,1.56032,-1.319])
2.451880834394991
Max g: 23.862380464299704
f_27([0.0478026,-0.249395,0.517144,0.994339,-1.68215,1.68778,0.000383748,4.88863,-4.85978,1.47979,-1.18248,0.0367729,-0.0505288,-2.93942,3.39472,1.72995,-0.480275,0.0912327,-0.804154,3.68953,1.86424,3.35064,2.47893,0.092351,0.744298,-1.94637,3.24933,-0.838154,3.88129,2.14862,-2.20929,2.53635,4.39341,-0.679449,-3.59536,3.85519,-0.685343,-3.19454,0.749954,-0.354316,-2.16902,1.12009,1.56032,-1.319])
2.451880834394991
Max g: 23.86238029132268
f_28([0.0478026,-0.249395,0.517144,0.994339,-1.68215,1.68778,0.000383748,4.88863,-4.85978,1.47979,-1.18248,0.0367729,-0.0505288,-2.93942,3.39472,1.72995,-0.480275,0.0912327,-0.804154,3.68953,1.86424,3.35064,2.47893,0.092351,0.744298,-1.94637,3.24933,-0.838154,3.88129,2.14862,-2.20929,2.53635,4.39341,-0.679449,-3.59536,3.85519,-0.685343,-3.19454,0.749954,-0.354316,-2.16902,1.12009,1.56032,-1.319])
2.451880834394991
Max g: 23.862380098759317
f_29([0.0478026,-0.249395,0.517144,0.994339,-1.68215,1.68778,0.000383748,4.88863,-4.85978,1.47979,-1.18248,0.0367729,-0.0505288,-2.93942,3.39472,1.72995,-0.480275,0.0912327,-0.804154,3.68953,1.86424,3.35064,2.47893,0.092351,0.744298,-1.94637,3.24933,-0.838154,3.88129,2.14862,-2.20929,2.53635,4.39341,-0.679449,-3.59536,3.85519,-0.685343,-3.19454,0.749954,-0.354316,-2.16902,1.12009,1.56032,-1.319])
2.451880834394991
Max g: 23.862379936599794
f_30([0.0478026,-0.249395,0.517144,0.994339,-1.68215,1.68778,0.000383748,4.88863,-4.85978,1.47979,-1.18248,0.0367729,-0.0505288,-2.93942,3.39472,1.72995,-0.480275,0.0912327,-0.804154,3.68953,1.86424,3.35064,2.47893,0.092351,0.744298,-1.94637,3.24933,-0.838154,3.88129,2.14862,-2.20929,2.53635,4.39341,-0.679449,-3.59536,3.85519,-0.685343,-3.19454,0.749954,-0.354316,-2.16902,1.12009,1.56032,-1.319])
2.451880834394991
{0.04780261110691076,-0.24939521955224483,0.5171435465912539,0.994338547377365,-1.682147150650585,1.687775636514836,0.0003837476932516982,4.888626145293915,-4.859778083619597,1.479792916773257,-1.1824790809682606,0.036772942233172894,-0.05052882693323877,-2.9394180405531376,3.394721053506209,1.7299475060115563,-0.4802748328858369,0.09123270965583265,-0.8041537041961379,3.6895342522674124,1.8642382079349384,3.350644018930983,2.478928966872264,0.09235097208263533,0.7442977331606927,-1.9463733996141366,3.249330794034104,-0.8381542908664424,3.88128528794303,2.148616481609266,-2.2092919880053574,2.5363482365973153,4.393408127983866,-0.6794491647169323,-3.595356876427849,3.8551892572938047,-0.6853427578286005,-3.1945427650282925,0.7499541492926183,-0.35431636859482774,-2.169018649873366,1.120088920996194,1.5603233060053199,-1.3189988969029418}]
Set[{A021,A031,A032,A041,A042,A043,A121,A131,A132,A141,A142,A143,B021,B031,B032,B041,B042,B043,B121,B131,B132,B141,B142,B143,\[Alpha]1,\[Alpha]2,\[Alpha]3,\[Alpha]4,\[Beta]11,\[Beta]12,\[Beta]13,\[Beta]14,\[Beta]21,\[Beta]22,\[Beta]23,\[Beta]24,\[Beta]31,\[Beta]32,\[Beta]33,\[Beta]34,\[Beta]41,\[Beta]42,\[Beta]43,\[Beta]44},{0.04780261110691076,-0.24939521955224483,0.5171435465912539,0.994338547377365,-1.682147150650585,1.687775636514836,0.0003837476932516982,4.888626145293915,-4.859778083619597,1.479792916773257,-1.1824790809682606,0.036772942233172894,-0.05052882693323877,-2.9394180405531376,3.394721053506209,1.7299475060115563,-0.4802748328858369,0.09123270965583265,-0.8041537041961379,3.6895342522674124,1.8642382079349384,3.350644018930983,2.478928966872264,0.09235097208263533,0.7442977331606927,-1.9463733996141366,3.249330794034104,-0.8381542908664424,3.88128528794303,2.148616481609266,-2.2092919880053574,2.5363482365973153,4.393408127983866,-0.6794491647169323,-3.595356876427849,3.8551892572938047,-0.6853427578286005,-3.1945427650282925,0.7499541492926183,-0.35431636859482774,-2.169018649873366,1.120088920996194,1.5603233060053199,-1.3189988969029418}]

Max g: 23.862379770122246
f_31([0.0478026,-0.249395,0.517144,0.994339,-1.68215,1.68778,0.000383748,4.88863,-4.85978,1.47979,-1.18248,0.0367729,-0.0505288,-2.93942,3.39472,1.72995,-0.480275,0.0912327,-0.804154,3.68953,1.86424,3.35064,2.47893,0.092351,0.744298,-1.94637,3.24933,-0.838154,3.88129,2.14862,-2.20929,2.53635,4.39341,-0.679449,-3.59536,3.85519,-0.685343,-3.19454,0.749954,-0.354316,-2.16902,1.12009,1.56032,-1.319])
2.451880834394991
Max g: 23.862379592269377
f_32([0.0730951,-0.078218,0.348367,0.65237,-1.71303,2.00633,4.98065e-8,4.88199,-4.7567,1.21249,-1.58768,1.25413,0.0160783,-3.0832,3.20999,1.76447,-1.32655,-0.251298,0.00562339,4.10238,2.20027,3.32499,2.65135,0.160725,0.92173,-1.95808,3.54102,-1.12669,3.92714,2.43874,-2.37128,2.48878,2.37789,-0.567472,-3.56322,3.8032,-0.39212,-3.08539,0.687135,-0.716926,-1.34816,0.638828,1.38837,-1.39821])
3.76489683406856
Max g: 5.4833776348246035
f_33([0.0728169,-0.0553958,0.316254,0.639359,-1.6724,1.97237,0.000744045,4.88177,-4.78691,1.22851,-1.60292,1.22735,0.0109797,-3.10278,3.2996,1.78714,-1.40982,-0.234223,0.0215115,4.03151,2.16306,3.36783,2.68262,0.00569089,0.910059,-1.95679,3.59175,-1.08391,3.89658,2.33961,-2.35734,2.49788,2.24017,-0.770108,-3.61826,3.76829,2.03181,-3.0376,0.65625,-0.707363,-0.450999,0.65956,1.34805,-1.3851])
3.556833071130314
Max g: 5.376735632558987
f_34([0.0001599,0.0898114,0.357425,0.740192,-1.73426,1.9456,0.221256,4.97757,-4.43798,1.34094,-1.41971,0.848282,-0.0146824,-2.88552,3.46799,1.90911,-1.32919,-0.108514,-0.137776,4.08922,2.08544,3.41029,2.70589,0.00507423,0.838306,-2.29188,3.42614,-1.03819,3.64098,-1.88829,-2.35768,2.42399,1.70884,-1.88412,-3.66235,3.72917,2.48254,-2.46583,0.685243,-0.72337,-0.495572,0.527765,1.35679,-1.32802])
1.1598108511246017
Max g: 0.8190015167790343
f_35([8.3293e-5,0.104962,0.403879,0.759378,-1.7267,1.95944,0.199595,4.97762,-4.26901,1.57399,-1.20208,0.556152,0.00352889,-2.8703,3.52656,1.92804,-1.30106,-0.0779724,-0.0526705,4.12732,2.12084,3.41401,2.71196,-0.00370608,0.942756,-2.1773,3.28719,-1.16385,3.57977,-2.68633,-2.36241,2.48533,1.77308,-2.08698,-3.60957,3.76091,2.5594,-2.48863,0.725547,-0.781855,-0.505,0.514117,1.33607,-1.33863])
1.7746263040255341
Max g: 0.5966479675085494
f_36([6.88133e-5,0.103259,0.476658,0.747848,-1.7345,1.97007,0.135461,4.978,-4.19393,1.8402,-0.957388,0.084157,0.0320156,-2.83599,3.65089,1.95516,-1.20988,-0.0104079,0.00144496,4.17228,2.12024,3.41454,2.71801,-0.0094366,1.16464,-1.97335,3.07921,-1.36823,3.55373,-2.79267,-2.37878,2.537,1.96544,-2.19961,-3.57657,3.77833,2.69915,-2.65611,0.770708,-0.8395,-0.506105,0.529482,1.32997,-1.35139])
2.934437155150136
Max g: 0.5617360120250763
f_37([0.000226355,0.127213,0.549691,0.751293,-1.73256,1.968,0.157328,4.97844,-4.17324,1.97323,-0.846971,-0.126272,0.0774246,-2.81214,3.72646,1.96961,-1.16238,0.0457229,-0.000742061,4.17511,2.12513,3.39721,2.74622,-0.00911235,1.33343,-1.83889,2.98061,-1.54389,3.58847,-2.69772,-2.40233,2.55877,2.01087,-2.26303,-3.56694,3.76388,2.74372,-2.70347,0.78866,-0.857452,-0.507634,0.551364,1.33963,-1.36026])
3.0743764933104227
Max g: 0.5630302782862721
f_38([0.00909923,0.142753,0.587397,0.753226,-1.73364,1.96642,0.17485,4.97844,-4.18753,2.04569,-0.795522,-0.250169,0.100081,-2.79624,3.78606,1.97961,-1.12827,0.0762216,-0.010399,4.17673,2.12464,3.39807,2.75357,-0.00806606,1.44602,-1.76557,2.89433,-1.62577,3.5809,-2.62216,-2.43211,2.58312,2.0645,-2.31864,-3.56292,3.74966,2.79229,-2.75263,0.802743,-0.870042,-0.512698,0.563893,1.3471,-1.36457])
2.960669547121736
Max g: 0.5713054966564185
f_39([0.0130926,0.153396,0.618809,0.754067,-1.73239,1.96547,0.18623,4.97848,-4.19845,2.1005,-0.758379,-0.342122,0.119986,-2.78283,3.83937,1.98796,-1.09828,0.101779,-0.0203124,4.17919,2.12453,3.39984,2.76209,-0.00687559,1.54154,-1.70575,2.82396,-1.69074,3.56973,-2.57734,-2.46771,2.61275,2.12878,-2.37926,-3.55742,3.7328,2.84169,-2.80405,0.81641,-0.881849,-0.518741,0.573045,1.35436,-1.36819])
2.918378542574365
Max g: 0.5781755458054787
f_40([0.00242661,0.159624,0.63379,0.760912,-1.72916,1.96512,0.19247,4.9785,-4.20847,2.11855,-0.743517,-0.375029,0.130839,-2.77697,3.86205,1.99143,-1.08491,0.113505,-0.0301873,4.18105,2.12225,3.40109,2.76767,-0.00573494,1.58291,-1.67888,2.79462,-1.71889,3.53222,-2.51456,-2.50007,2.63948,2.22684,-2.47395,-3.55355,3.71866,2.88392,-2.84279,0.825102,-0.888645,-0.527357,0.580383,1.36056,-1.37098])
2.9744340721866824
{0.0024266071425118026,0.15962394465782906,0.6337899888476825,0.7609116633418197,-1.7291585679800943,1.9651234029035207,0.19246959100898514,4.978498465857434,-4.208465946871602,2.118546322175239,-0.7435169575008186,-0.37502936467441744,0.1308386563896904,-2.7769668866641433,3.862051330975303,1.9914282680317321,-1.0849053612420179,0.11350540595398274,-0.030187280376267486,4.181048969793597,2.12225077352893,3.401085743341937,2.7676662649966772,-0.005734935551060488,1.5829059913401997,-1.6788806788351744,2.7946194311836647,-1.718886654125048,3.532219146058851,-2.5145642791239853,-2.500074486976006,2.639477306178903,2.226838250643142,-2.473950299442892,-3.5535504662198676,3.7186609973593896,2.8839229818108953,-2.8427875265790745,0.8251021782954455,-0.888644564011693,-0.5273570508187568,0.5803833756685364,1.3605603220840525,-1.370980317375142}]
Set[{A021,A031,A032,A041,A042,A043,A121,A131,A132,A141,A142,A143,B021,B031,B032,B041,B042,B043,B121,B131,B132,B141,B142,B143,\[Alpha]1,\[Alpha]2,\[Alpha]3,\[Alpha]4,\[Beta]11,\[Beta]12,\[Beta]13,\[Beta]14,\[Beta]21,\[Beta]22,\[Beta]23,\[Beta]24,\[Beta]31,\[Beta]32,\[Beta]33,\[Beta]34,\[Beta]41,\[Beta]42,\[Beta]43,\[Beta]44},{0.0024266071425118026,0.15962394465782906,0.6337899888476825,0.7609116633418197,-1.7291585679800943,1.9651234029035207,0.19246959100898514,4.978498465857434,-4.208465946871602,2.118546322175239,-0.7435169575008186,-0.37502936467441744,0.1308386563896904,-2.7769668866641433,3.862051330975303,1.9914282680317321,-1.0849053612420179,0.11350540595398274,-0.030187280376267486,4.181048969793597,2.12225077352893,3.401085743341937,2.7676662649966772,-0.005734935551060488,1.5829059913401997,-1.6788806788351744,2.7946194311836647,-1.718886654125048,3.532219146058851,-2.5145642791239853,-2.500074486976006,2.639477306178903,2.226838250643142,-2.473950299442892,-3.5535504662198676,3.7186609973593896,2.8839229818108953,-2.8427875265790745,0.8251021782954455,-0.888644564011693,-0.5273570508187568,0.5803833756685364,1.3605603220840525,-1.370980317375142}]

Max g: 0.5843326860908866
f_41([0.00101827,0.161678,0.640066,0.7608,-1.72845,1.9641,0.196,4.97851,-4.21395,2.13038,-0.734549,-0.395829,0.136585,-2.77272,3.87563,1.99376,-1.07758,0.120933,-0.0358212,4.18371,2.12171,3.40246,2.77355,-0.00500408,1.60889,-1.66432,2.77724,-1.73322,3.52154,-2.4984,-2.52985,2.66552,2.2824,-2.51818,-3.54849,3.70635,2.91447,-2.87308,0.832914,-0.895115,-0.533946,0.584118,1.36511,-1.37319])
2.932043324704058
Max g: 0.586697922787183
f_42([9.4484e-5,0.16477,0.646299,0.761805,-1.72787,1.96396,0.200012,4.9785,-4.21966,2.13921,-0.73017,-0.409041,0.140293,-2.77045,3.88666,1.99524,-1.07226,0.125966,-0.0406663,4.18621,2.1218,3.40405,2.77867,-0.00444337,1.62791,-1.65363,2.76389,-1.7455,3.51068,-2.47923,-2.56041,2.69321,2.33903,-2.56986,-3.54299,3.6949,2.9434,-2.90247,0.840016,-0.901182,-0.540663,0.59091,1.36902,-1.37519])
2.8778829108615525
Max g: 0.5891491185834242
f_43([0.000445393,0.166911,0.651614,0.761301,-1.72783,1.96556,0.204153,4.97849,-4.22556,2.1453,-0.726145,-0.419154,0.14306,-2.76758,3.89356,1.99682,-1.06808,0.128799,-0.0452948,4.1887,2.1223,3.40511,2.78466,-0.00385161,1.64168,-1.64612,2.75418,-1.75418,3.49946,-2.46191,-2.59072,2.72066,2.39651,-2.62275,-3.53697,3.68307,2.97049,-2.92803,0.846797,-0.906852,-0.547756,0.59704,1.37216,-1.37643])
2.829806816069494
Max g: 0.5912518823316256
f_44([0.000454205,0.168481,0.654822,0.762466,-1.72809,1.96558,0.208228,4.97849,-4.23147,2.14923,-0.723601,-0.425624,0.144446,-2.76616,3.89966,1.99736,-1.06457,0.132014,-0.0495068,4.19188,2.12298,3.40631,2.7913,-0.00327447,1.65249,-1.64166,2.74701,-1.76038,3.48838,-2.44348,-2.6227,2.7498,2.45479,-2.67662,-3.53106,3.67149,2.99462,-2.9516,0.85354,-0.912518,-0.555127,0.605712,1.37552,-1.37797])
2.790707585450226
Max g: 0.5921458076758425
f_45([0.00155478,0.168802,0.657933,0.761256,-1.72785,1.96648,0.212005,4.97847,-4.23717,2.1528,-0.721767,-0.431032,0.146059,-2.76509,3.90392,1.99781,-1.06336,0.135586,-0.0535831,4.19452,2.12367,3.40732,2.79738,-0.00272893,1.65995,-1.63808,2.74138,-1.76316,3.47728,-2.4267,-2.65435,2.77876,2.51252,-2.73134,-3.52501,3.66006,3.0156,-2.97144,0.858829,-0.916709,-0.56229,0.6125,1.37825,-1.37897])
2.7508104113489327
Max g: 0.5931309436378548
f_46([0.00250232,0.16855,0.660573,0.761285,-1.72757,1.96574,0.215801,4.97847,-4.24306,2.15558,-0.720728,-0.434851,0.146874,-2.7644,3.90627,1.99796,-1.06172,0.13601,-0.0573848,4.19831,2.12396,3.40873,2.80368,-0.00224153,1.66578,-1.63423,2.73674,-1.76557,3.46586,-2.41002,-2.68662,2.80847,2.57116,-2.78645,-3.51856,3.64851,3.03422,-2.99049,0.86298,-0.919751,-0.570021,0.621149,1.3807,-1.37973])
2.714204754110996
Max g: 0.5937721593420578
f_47([0.00260548,0.169054,0.661392,0.761146,-1.72759,1.96553,0.21948,4.97846,-4.24849,2.15746,-0.719858,-0.437597,0.147369,-2.76394,3.90813,1.99814,-1.06042,0.136436,-0.0610401,4.20238,2.12361,3.40989,2.80997,-0.00168411,1.66986,-1.63183,2.7341,-1.76759,3.45468,-2.3948,-2.71925,2.83832,2.63022,-2.8415,-3.51231,3.63702,3.05028,-3.0043,0.867062,-0.922698,-0.577759,0.628739,1.3819,-1.37914])
2.676003209909007
Max g: 0.5933574802625177
f_48([0.000475881,0.16908,0.662627,0.760914,-1.72725,1.96601,0.222777,4.97846,-4.25366,2.1606,-0.719106,-0.44149,0.147966,-2.76359,3.91043,1.99852,-1.05953,0.137438,-0.0649661,4.20685,2.12242,3.41156,2.8155,-0.00115251,1.67198,-1.63145,2.73106,-1.76913,3.44328,-2.37833,-2.75153,2.86748,2.68945,-2.89695,-3.50625,3.62545,3.06374,-3.01631,0.869742,-0.924107,-0.585666,0.636503,1.38365,-1.37898])
2.6370037222249927
Max g: 0.5920248807834128
f_49([0.00020867,0.168682,0.663945,0.760867,-1.72681,1.96588,0.226614,4.97843,-4.25947,2.1618,-0.718345,-0.443461,0.14818,-2.7634,3.91149,1.9986,-1.05905,0.137966,-0.0687474,4.21,2.12259,3.41246,2.82166,-0.000653617,1.67314,-1.63085,2.73008,-1.77066,3.43173,-2.36184,-2.78365,2.89674,2.75017,-2.95268,-3.50013,3.61425,3.07339,-3.02555,0.872102,-0.925293,-0.593748,0.644939,1.38478,-1.37834])
2.5911219720085055
Max g: 0.5913718278155302
f_50([7.13046e-5,0.168476,0.665378,0.762409,-1.72798,1.96557,0.230138,4.97839,-4.26497,2.16293,-0.718989,-0.443939,0.148134,-2.76307,3.91337,1.99867,-1.05757,0.138797,-0.0725646,4.21345,2.12235,3.41382,2.82756,-0.0001269,1.67638,-1.62978,2.72925,-1.77305,3.41985,-2.34663,-2.81682,2.9266,2.80965,-3.00741,-3.49384,3.60246,3.08111,-3.03134,0.873911,-0.925734,-0.602238,0.652579,1.38547,-1.37707])
2.5467363658208164
{7.130461633486062e-5,0.1684757597077479,0.665377834458447,0.7624091399487928,-1.7279756137875923,1.965566473838803,0.23013787750818396,4.978391834092114,-4.264972944701327,2.162927763998062,-0.7189887523603377,-0.4439390116377255,0.14813405161753376,-2.7630655929787538,3.9133684660627877,1.9986700041535088,-1.0575683904185158,0.138797225697569,-0.07256462523123976,4.213450376600053,2.1223502215581806,3.4138214520289822,2.8275642141263435,-0.00012689992224495676,1.676379962339727,-1.6297763395567362,2.7292470426818136,-1.773052473429345,3.4198471499119165,-2.346633322315998,-2.81681669185457,2.9265973981880244,2.809653471351688,-3.0074079297226866,-3.493841930516483,3.6024641152133148,3.0811146920435206,-3.031336356546685,0.8739108911388523,-0.9257338118083248,-0.6022382022089545,0.6525792338937046,1.385473536660394,-1.3770655661171924}]
Set[{A021,A031,A032,A041,A042,A043,A121,A131,A132,A141,A142,A143,B021,B031,B032,B041,B042,B043,B121,B131,B132,B141,B142,B143,\[Alpha]1,\[Alpha]2,\[Alpha]3,\[Alpha]4,\[Beta]11,\[Beta]12,\[Beta]13,\[Beta]14,\[Beta]21,\[Beta]22,\[Beta]23,\[Beta]24,\[Beta]31,\[Beta]32,\[Beta]33,\[Beta]34,\[Beta]41,\[Beta]42,\[Beta]43,\[Beta]44},{7.130461633486062e-5,0.1684757597077479,0.665377834458447,0.7624091399487928,-1.7279756137875923,1.965566473838803,0.23013787750818396,4.978391834092114,-4.264972944701327,2.162927763998062,-0.7189887523603377,-0.4439390116377255,0.14813405161753376,-2.7630655929787538,3.9133684660627877,1.9986700041535088,-1.0575683904185158,0.138797225697569,-0.07256462523123976,4.213450376600053,2.1223502215581806,3.4138214520289822,2.8275642141263435,-0.00012689992224495676,1.676379962339727,-1.6297763395567362,2.7292470426818136,-1.773052473429345,3.4198471499119165,-2.346633322315998,-2.81681669185457,2.9265973981880244,2.809653471351688,-3.0074079297226866,-3.493841930516483,3.6024641152133148,3.0811146920435206,-3.031336356546685,0.8739108911388523,-0.9257338118083248,-0.6022382022089545,0.6525792338937046,1.385473536660394,-1.3770655661171924}]

Max g: 0.5891453531106519
f_51([1.83143e-5,0.167957,0.66626,0.761979,-1.72769,1.96562,0.233726,4.97839,-4.2705,2.1633,-0.718802,-0.444502,0.147932,-2.76268,3.91472,1.99904,-1.05697,0.139884,-0.0763027,4.21877,2.1214,3.41552,2.83377,0.000431657,1.67877,-1.63006,2.72801,-1.77393,3.40842,-2.33056,-2.849,2.95586,2.87008,-3.06318,-3.48759,3.59127,3.08634,-3.03553,0.874753,-0.925346,-0.610797,0.663009,1.38551,-1.37537])
2.5070386775900295
Max g: 0.5879606911799904
f_52([0.000360404,0.168521,0.665692,0.76209,-1.72781,1.96561,0.237391,4.97837,-4.27643,2.16372,-0.718254,-0.445479,0.147909,-2.76251,3.91451,1.99941,-1.05724,0.139801,-0.0799093,4.22116,2.12074,3.41675,2.8382,0.000973851,1.67958,-1.63022,2.72929,-1.77463,3.39693,-2.31557,-2.88171,2.98526,2.92891,-3.118,-3.48147,3.57994,3.08948,-3.03776,0.875005,-0.924299,-0.619774,0.670975,1.38572,-1.3737])
2.4707322491578525
Max g: 0.5850611190157666
f_53([0.000712613,0.168824,0.666235,0.762189,-1.72813,1.9659,0.240741,4.97835,-4.28132,2.16385,-0.717419,-0.446433,0.14782,-2.7625,3.91507,1.99959,-1.05723,0.140172,-0.0833375,4.22496,2.11991,3.41784,2.84347,0.00146393,1.67999,-1.62936,2.7282,-1.7755,3.38584,-2.29997,-2.9126,3.01323,2.98581,-3.17081,-3.47535,3.56921,3.08962,-3.03695,0.874733,-0.922854,-0.628363,0.679558,1.38542,-1.37175])
2.439412967488337
Max g: 0.5827545523247363
f_54([0.000177685,0.16872,0.666226,0.762101,-1.728,1.96589,0.243605,4.97834,-4.28598,2.16377,-0.717243,-0.446524,0.147455,-2.76239,3.91535,1.99949,-1.05697,0.140614,-0.0861854,4.22823,2.11894,3.41881,2.84776,0.00191262,1.68001,-1.62886,2.72836,-1.77573,3.37678,-2.28827,-2.93841,3.03639,3.03332,-3.21496,-3.47019,3.56005,3.08758,-3.03449,0.873892,-0.92096,-0.63541,0.686534,1.38489,-1.36975])
2.415075691286548
Max g: 0.5802267185636615
f_55([1.89417e-5,0.169195,0.665795,0.761963,-1.72767,1.9657,0.246434,4.97834,-4.29029,2.16436,-0.717082,-0.44728,0.147362,-2.76226,3.91565,1.99951,-1.05678,0.140873,-0.0890368,4.23167,2.11757,3.41976,2.85197,0.00235401,1.6803,-1.62848,2.72832,-1.77647,3.3676,-2.27652,-2.96449,3.05964,3.08147,-3.25906,-3.46511,3.55084,3.08399,-3.03014,0.872638,-0.918604,-0.642747,0.694078,1.38438,-1.36771])
2.3939301890128624
Max g: 0.5768577728141655
f_56([0.000583649,0.169049,0.666608,0.761897,-1.7281,1.96608,0.249454,4.97834,-4.29502,2.1648,-0.717275,-0.447536,0.147191,-2.76206,3.91618,1.99945,-1.0564,0.141356,-0.0918605,4.23547,2.11624,3.4208,2.85657,0.0027786,1.68123,-1.62784,2.72818,-1.77733,3.35843,-2.26514,-2.99029,3.08255,3.12908,-3.30286,-3.46004,3.54163,3.079,-3.02437,0.870841,-0.915676,-0.650643,0.701721,1.38335,-1.36516])
2.371188799775125
Max g: 0.5734910413707256
f_57([0.000710529,0.169135,0.666857,0.761463,-1.72809,1.96661,0.252164,4.97833,-4.29949,2.16509,-0.717305,-0.447784,0.146911,-2.76172,3.91631,1.99937,-1.05616,0.141714,-0.0948075,4.23957,2.1147,3.42183,2.86099,0.00327328,1.68196,-1.62812,2.72773,-1.77745,3.34946,-2.25348,-3.01577,3.10526,3.1773,-3.34656,-3.45521,3.53291,3.0726,-3.01677,0.868868,-0.912696,-0.658457,0.709676,1.38216,-1.36252])
2.351539441530238
Max g: 0.5705895778687194
f_58([0.00113823,0.169325,0.667153,0.761373,-1.72772,1.96633,0.255073,4.97832,-4.30405,2.16492,-0.717288,-0.447632,0.146698,-2.76161,3.91618,1.99926,-1.05603,0.141552,-0.0976636,4.24335,2.11277,3.42265,2.86507,0.00371122,1.68223,-1.62837,2.72774,-1.77826,3.34059,-2.24179,-3.04085,3.12737,3.22435,-3.38931,-3.45034,3.52399,3.06438,-3.00817,0.866144,-0.908863,-0.666129,0.717662,1.38068,-1.35953])
2.3313913686090846
Max g: 0.5665681486786074
f_59([0.000375485,0.169705,0.666803,0.761971,-1.72816,1.96614,0.25804,4.97831,-4.30852,2.16567,-0.717368,-0.4483,0.14644,-2.76155,3.9166,1.99941,-1.05592,0.141865,-0.100561,4.24712,2.11159,3.42359,2.86973,0.00418916,1.68267,-1.62748,2.72731,-1.77875,3.33181,-2.23121,-3.06614,3.14967,3.27133,-3.43247,-3.44556,3.51526,3.05505,-2.99837,0.862887,-0.904516,-0.67388,0.725168,1.37908,-1.35644])
2.3116422674289447
Max g: 0.5627850920102291
f_60([0.000244329,0.16969,0.666652,0.762301,-1.72831,1.96601,0.260939,4.97831,-4.31306,2.1662,-0.717457,-0.448744,0.146299,-2.76134,3.91709,1.99949,-1.05552,0.142208,-0.103497,4.25063,2.11054,3.42458,2.87429,0.00464413,1.68308,-1.6268,2.72695,-1.77893,3.32302,-2.22036,-3.0909,3.17132,3.31822,-3.47502,-3.44073,3.5064,3.04431,-2.98631,0.859426,-0.89992,-0.681967,0.7325,1.37712,-1.353])
2.2924916238603235
{0.00024432881355051866,0.16969001282999796,0.6666520106437287,0.7623009510667133,-1.7283085851389501,1.966007634072237,0.26093893245220734,4.978308661315706,-4.313059339710778,2.166200960615782,-0.7174567375173172,-0.44874422309846457,0.14629887645692044,-2.761344513885704,3.9170913595554397,1.9994851370840303,-1.0555233104409147,0.14220837188311794,-0.10349681491319876,4.250626379277627,2.1105448445212107,3.424584312552885,2.874292283785392,0.004644130269357566,1.6830765728641963,-1.626797124656101,2.726951854712204,-1.778933444581866,3.323019718068515,-2.2203605177736825,-3.090898434214622,3.171323115992251,3.3182191911835344,-3.475018374426743,-3.440728316479468,3.506403970852196,3.044306977491165,-2.986313309375557,0.8594260619884393,-0.8999200067218599,-0.6819668165038986,0.7325000971708997,1.377122072158077,-1.3529962471332821}]
Set[{A021,A031,A032,A041,A042,A043,A121,A131,A132,A141,A142,A143,B021,B031,B032,B041,B042,B043,B121,B131,B132,B141,B142,B143,\[Alpha]1,\[Alpha]2,\[Alpha]3,\[Alpha]4,\[Beta]11,\[Beta]12,\[Beta]13,\[Beta]14,\[Beta]21,\[Beta]22,\[Beta]23,\[Beta]24,\[Beta]31,\[Beta]32,\[Beta]33,\[Beta]34,\[Beta]41,\[Beta]42,\[Beta]43,\[Beta]44},{0.00024432881355051866,0.16969001282999796,0.6666520106437287,0.7623009510667133,-1.7283085851389501,1.966007634072237,0.26093893245220734,4.978308661315706,-4.313059339710778,2.166200960615782,-0.7174567375173172,-0.44874422309846457,0.14629887645692044,-2.761344513885704,3.9170913595554397,1.9994851370840303,-1.0555233104409147,0.14220837188311794,-0.10349681491319876,4.250626379277627,2.1105448445212107,3.424584312552885,2.874292283785392,0.004644130269357566,1.6830765728641963,-1.626797124656101,2.726951854712204,-1.778933444581866,3.323019718068515,-2.2203605177736825,-3.090898434214622,3.171323115992251,3.3182191911835344,-3.475018374426743,-3.440728316479468,3.506403970852196,3.044306977491165,-2.986313309375557,0.8594260619884393,-0.8999200067218599,-0.6819668165038986,0.7325000971708997,1.377122072158077,-1.3529962471332821}]

Max g: 0.5585670585647211
f_61([0.000390723,0.169407,0.667578,0.762106,-1.72819,1.96609,0.264026,4.97831,-4.31779,2.16697,-0.717347,-0.449625,0.146211,-2.76099,3.91739,1.9997,-1.05564,0.143078,-0.10635,4.25397,2.10896,3.42544,2.87828,0.00512217,1.68353,-1.62667,2.72644,-1.77925,3.31439,-2.20946,-3.11557,3.1929,3.36497,-3.51711,-3.43599,3.49772,3.03106,-2.97294,0.855582,-0.894995,-0.690034,0.740097,1.37532,-1.34969])
2.2731414944211963
Max g: 0.5543363959196866
f_62([0.000114103,0.169581,0.667388,0.762598,-1.72831,1.96565,0.266831,4.97831,-4.32228,2.16694,-0.717384,-0.44956,0.146149,-2.76118,3.91877,2.00008,-1.05483,0.143245,-0.109425,4.25789,2.10664,3.42643,2.882,0.00558788,1.68395,-1.62592,2.72616,-1.77983,3.30576,-2.1988,-3.14032,3.21444,3.41095,-3.55846,-3.4314,3.48912,3.01638,-2.95796,0.851442,-0.889747,-0.698341,0.748612,1.37332,-1.34616])
2.254788794334601
Max g: 0.5499546720594789
f_63([0.000418823,0.170015,0.667352,0.76271,-1.72842,1.9657,0.269951,4.97831,-4.327,2.1672,-0.716893,-0.450302,0.145896,-2.76146,3.91904,2.00008,-1.05489,0.143269,-0.112362,4.26177,2.10451,3.42727,2.88623,0.00609372,1.68432,-1.62615,2.72581,-1.78009,3.29712,-2.18798,-3.16474,3.23538,3.4572,-3.59974,-3.42686,3.48037,3.00091,-2.94158,0.846834,-0.883993,-0.706706,0.757287,1.37119,-1.34244])
2.238131724147311
Max g: 0.544520394875366
f_64([0.000694752,0.169913,0.667423,0.76309,-1.72903,1.96586,0.273029,4.9783,-4.33173,2.16747,-0.71683,-0.450637,0.145553,-2.76178,3.91891,2.00023,-1.05565,0.143411,-0.115294,4.26591,2.10219,3.42807,2.89028,0.00657248,1.684,-1.62626,2.7262,-1.78004,3.28875,-2.1776,-3.18896,3.25634,3.50227,-3.64081,-3.42234,3.47197,2.98433,-2.92408,0.841933,-0.878007,-0.715367,0.765435,1.36872,-1.33847])
2.220177995801729
Max g: 0.5395172522271904
f_65([0.000706046,0.170077,0.667385,0.762896,-1.72912,1.96622,0.276116,4.97829,-4.3366,2.16757,-0.716604,-0.45096,0.145248,-2.76173,3.91925,2.00026,-1.05551,0.143684,-0.118363,4.26931,2.10008,3.42906,2.89378,0.00709685,1.68421,-1.62524,2.72604,-1.78021,3.28027,-2.16654,-3.21259,3.27646,3.54734,-3.68131,-3.41788,3.46342,2.96582,-2.90544,0.836412,-0.871382,-0.724055,0.774035,1.36605,-1.33422])
2.200428894621589
Max g: 0.5340312764986425
f_66([0.000790623,0.170514,0.66728,0.763282,-1.72917,1.96579,0.279251,4.97829,-4.34108,2.16739,-0.716656,-0.45075,0.145043,-2.76152,3.91958,2.00047,-1.05493,0.143495,-0.121454,4.27337,2.09752,3.42994,2.89759,0.00758416,1.68458,-1.62514,2.72564,-1.78099,3.27205,-2.15645,-3.23608,3.29644,3.59186,-3.72083,-3.41345,3.45496,2.94581,-2.88515,0.830662,-0.864532,-0.732726,0.782309,1.36299,-1.32965])
2.1848689967220847
Max g: 0.5285259254483566
f_67([0.000663807,0.171045,0.667341,0.76373,-1.72989,1.96612,0.282145,4.97829,-4.34575,2.16783,-0.716583,-0.451243,0.144845,-2.76137,3.91978,2.00084,-1.05502,0.143386,-0.124461,4.27792,2.09428,3.4308,2.90137,0.00811558,1.68509,-1.62474,2.72503,-1.78159,3.26372,-2.14703,-3.25931,3.31594,3.63562,-3.7603,-3.40929,3.44664,2.92467,-2.86353,0.824033,-0.856736,-0.741673,0.790678,1.35994,-1.32499])
2.168112183599541
Max g: 0.5222537699737543
f_68([0.0013307,0.171083,0.667416,0.763599,-1.73,1.96637,0.285112,4.97828,-4.35053,2.16791,-0.716199,-0.451715,0.144622,-2.7616,3.92014,2.0007,-1.05436,0.143318,-0.127718,4.28226,2.0909,3.4317,2.90472,0.00869369,1.68564,-1.62468,2.72544,-1.78169,3.2557,-2.13699,-3.28263,3.33548,3.67976,-3.79861,-3.40527,3.43847,2.90256,-2.84097,0.817762,-0.849357,-0.750568,0.798515,1.35646,-1.31992])
2.1528515145057963
Max g: 0.5161852160344242
f_69([0.00206999,0.171635,0.667656,0.763655,-1.73009,1.96634,0.288305,4.97828,-4.35512,2.16775,-0.716505,-0.451244,0.144211,-2.76153,3.9208,2.00087,-1.05438,0.144015,-0.130912,4.28632,2.08798,3.43244,2.9084,0.00923407,1.68597,-1.62453,2.72485,-1.782,3.24763,-2.12682,-3.30515,3.35415,3.72306,-3.83672,-3.40128,3.43036,2.87919,-2.81768,0.811055,-0.841555,-0.759667,0.807214,1.35322,-1.31509])
2.1369923878005324
Max g: 0.509518319747841
f_70([0.00226085,0.171805,0.667771,0.763809,-1.7303,1.96644,0.291413,4.97827,-4.35997,2.16845,-0.716788,-0.451668,0.143984,-2.76164,3.92103,2.00087,-1.05396,0.143588,-0.134091,4.29092,2.08485,3.4334,2.91222,0.00978853,1.68641,-1.62434,2.7244,-1.78214,3.23975,-2.11788,-3.32728,3.37241,3.76613,-3.87412,-3.39739,3.42237,2.85492,-2.79275,0.803862,-0.83329,-0.768923,0.816185,1.34941,-1.30973])
2.1216319757715345
{0.002260846546876313,0.17180513708857376,0.6677705112650338,0.7638088889914133,-1.730304800616506,1.9664352281664352,0.29141280856707336,4.978268145474422,-4.359966846809358,2.1684477464941403,-0.716788487391352,-0.45166832107692334,0.14398364153815157,-2.761637547097919,3.9210293461964048,2.000866958766091,-1.05396429270748,0.14358750670157802,-0.13409082298569952,4.290921444637082,2.0848525875514636,3.4333959277910644,2.9122198614564136,0.009788526297068017,1.6864130779604372,-1.624336116881069,2.7243968970062116,-1.7821417425617878,3.2397468096658453,-2.1178837698169786,-3.3272757535463655,3.3724135854501545,3.7661263381312717,-3.8741152146002746,-3.397388789116128,3.422365869551737,2.854917175180843,-2.7927509579043273,0.8038624581379998,-0.8332899351696079,-0.7689226628955652,0.8161847752611345,1.3494126749865598,-1.3097278556216303}]
Set[{A021,A031,A032,A041,A042,A043,A121,A131,A132,A141,A142,A143,B021,B031,B032,B041,B042,B043,B121,B131,B132,B141,B142,B143,\[Alpha]1,\[Alpha]2,\[Alpha]3,\[Alpha]4,\[Beta]11,\[Beta]12,\[Beta]13,\[Beta]14,\[Beta]21,\[Beta]22,\[Beta]23,\[Beta]24,\[Beta]31,\[Beta]32,\[Beta]33,\[Beta]34,\[Beta]41,\[Beta]42,\[Beta]43,\[Beta]44},{0.002260846546876313,0.17180513708857376,0.6677705112650338,0.7638088889914133,-1.730304800616506,1.9664352281664352,0.29141280856707336,4.978268145474422,-4.359966846809358,2.1684477464941403,-0.716788487391352,-0.45166832107692334,0.14398364153815157,-2.761637547097919,3.9210293461964048,2.000866958766091,-1.05396429270748,0.14358750670157802,-0.13409082298569952,4.290921444637082,2.0848525875514636,3.4333959277910644,2.9122198614564136,0.009788526297068017,1.6864130779604372,-1.624336116881069,2.7243968970062116,-1.7821417425617878,3.2397468096658453,-2.1178837698169786,-3.3272757535463655,3.3724135854501545,3.7661263381312717,-3.8741152146002746,-3.397388789116128,3.422365869551737,2.854917175180843,-2.7927509579043273,0.8038624581379998,-0.8332899351696079,-0.7689226628955652,0.8161847752611345,1.3494126749865598,-1.3097278556216303}]

Max g: 0.5030822850622908
f_71([0.00257425,0.171674,0.668227,0.763095,-1.73017,1.96695,0.294734,4.97827,-4.3649,2.1696,-0.717224,-0.452372,0.143765,-2.7616,3.92117,2.00111,-1.05423,0.143982,-0.137196,4.2958,2.081,3.43426,2.91567,0.0103566,1.68635,-1.62424,2.72395,-1.78196,3.23177,-2.10878,-3.34925,3.39044,3.80822,-3.91172,-3.3937,3.41458,2.82883,-2.76646,0.79652,-0.824879,-0.778327,0.825324,1.34568,-1.30442])
2.104077219166965
Max g: 0.49599138737122217
f_72([0.00212996,0.171294,0.668427,0.763085,-1.73,1.96687,0.297994,4.97828,-4.36981,2.16977,-0.717445,-0.452322,0.143403,-2.76177,3.92151,2.00123,-1.05428,0.143847,-0.140465,4.30008,2.07837,3.43521,2.91977,0.0109154,1.68681,-1.62442,2.72349,-1.78224,3.22406,-2.09902,-3.3709,3.40804,3.84997,-3.94771,-3.39024,3.40697,2.80244,-2.73966,0.788851,-0.816116,-0.787454,0.83391,1.34154,-1.29871])
2.089016035943727
Max g: 0.48896833419021085
f_73([0.00267794,0.171594,0.668717,0.763513,-1.73025,1.96674,0.301065,4.97826,-4.3743,2.16991,-0.717395,-0.452517,0.142959,-2.76148,3.92167,2.00136,-1.05393,0.144168,-0.143728,4.30406,2.07567,3.4359,2.92366,0.0115261,1.68751,-1.62383,2.72328,-1.78241,3.21639,-2.08955,-3.3918,3.42483,3.89052,-3.98242,-3.38664,3.39925,2.77444,-2.71183,0.781015,-0.807238,-0.796821,0.842726,1.33729,-1.29291])
2.0727579374974496
Max g: 0.4814385353753001
f_74([0.00315716,0.172186,0.668852,0.763748,-1.73066,1.96686,0.304207,4.97829,-4.3792,2.16976,-0.716962,-0.452796,0.142777,-2.76105,3.92153,2.00127,-1.05373,0.14418,-0.147166,4.30848,2.07213,3.43678,2.92721,0.0121163,1.68803,-1.62378,2.72243,-1.78245,3.20893,-2.08002,-3.41265,3.44137,3.93071,-4.01698,-3.38345,3.39177,2.7458,-2.68323,0.773085,-0.798223,-0.806275,0.851295,1.33333,-1.2873])
2.057796497209465
Max g: 0.47391682438906063
f_75([0.00363062,0.172029,0.669623,0.763917,-1.73083,1.96687,0.307241,4.9783,-4.3837,2.17026,-0.717189,-0.453075,0.142692,-2.76067,3.92161,2.00126,-1.05372,0.144374,-0.150462,4.31309,2.06913,3.43751,2.9312,0.0127025,1.68869,-1.62298,2.72175,-1.78318,3.2015,-2.07228,-3.43233,3.45707,3.9697,-4.05028,-3.38005,3.3845,2.71642,-2.65353,0.764981,-0.789144,-0.815624,0.85997,1.32863,-1.28117])
2.043932229209265
Max g: 0.4669460943756297
f_76([0.00381971,0.172234,0.670049,0.763744,-1.73104,1.96724,0.31046,4.97831,-4.38857,2.17006,-0.716892,-0.453167,0.14224,-2.76065,3.92232,2.00154,-1.05356,0.145147,-0.153826,4.31755,2.06554,3.43817,2.9349,0.0133178,1.68944,-1.62276,2.72144,-1.78358,3.19406,-2.06395,-3.45221,3.47259,4.00846,-4.08333,-3.37708,3.37729,2.68544,-2.62271,0.75661,-0.779769,-0.825428,0.868843,1.32424,-1.27518])
2.0282725883745076
Max g: 0.45899434954518603
f_77([0.00356942,0.172308,0.669894,0.763303,-1.73099,1.96751,0.313714,4.9783,-4.3934,2.16988,-0.716655,-0.453224,0.141953,-2.76072,3.92263,2.00141,-1.05335,0.144896,-0.157147,4.32229,2.06221,3.43905,2.9387,0.0139382,1.69035,-1.62183,2.7203,-1.78398,3.18709,-2.05611,-3.47179,3.48795,4.04651,-4.11534,-3.374,3.37021,2.65376,-2.59148,0.747922,-0.770088,-0.83556,0.878316,1.31944,-1.2689])
2.014308577439055
Max g: 0.45134156851545404
f_78([0.00352129,0.172474,0.67035,0.763398,-1.73096,1.96752,0.317081,4.9783,-4.39837,2.16973,-0.715965,-0.453775,0.141806,-2.76054,3.92256,2.00185,-1.0538,0.144577,-0.160569,4.32664,2.05811,3.43997,2.94161,0.0145901,1.6911,-1.62137,2.72018,-1.78472,3.18001,-2.04804,-3.49066,3.50217,4.08339,-4.1468,-3.37134,3.36319,2.62136,-2.55936,0.739544,-0.760708,-0.845577,0.887194,1.31481,-1.26265])
1.998150221928031
Max g: 0.44236481846032005
f_79([0.00367409,0.172709,0.670418,0.763342,-1.73123,1.96782,0.320057,4.9783,-4.40274,2.17021,-0.716632,-0.453582,0.141398,-2.76044,3.92274,2.00184,-1.05371,0.144836,-0.163935,4.33208,2.0535,3.44056,2.94516,0.0152501,1.69169,-1.62155,2.71973,-1.78514,3.17328,-2.04017,-3.50862,3.51584,4.11934,-4.17599,-3.36862,3.35647,2.58944,-2.52708,0.730537,-0.750786,-0.855669,0.895688,1.31007,-1.25641])
1.9854828691508704
Max g: 0.4346972181311083
f_80([0.00451464,0.172902,0.67069,0.763545,-1.73129,1.96771,0.323267,4.9783,-4.40753,2.17062,-0.716166,-0.454459,0.141242,-2.76055,3.9228,2.00179,-1.05385,0.144956,-0.167446,4.337,2.04959,3.44138,2.9489,0.0158958,1.692,-1.62093,2.71966,-1.78553,3.1665,-2.03256,-3.52614,3.5287,4.15475,-4.20533,-3.36609,3.34966,2.55563,-2.49425,0.722038,-0.741328,-0.865399,0.904924,1.30476,-1.24953])
1.970421685927632
{0.004514635394400519,0.17290187675395297,0.6706903187521414,0.7635454513281413,-1.7312928337542717,1.967712051825056,0.3232671797402673,4.978304244981507,-4.407525035423374,2.1706241239222805,-0.716165558690669,-0.45445945079583183,0.14124205640922488,-2.7605466990302676,3.9228036857074344,2.001788376122227,-1.0538517966214775,0.14495635932644768,-0.1674460410408568,4.3369954777946935,2.0495909391213414,3.4413828699412496,2.9489036498571686,0.015895802187128112,1.6920038805434716,-1.620933437629368,2.7196593431368306,-1.7855312893708073,3.1665046078001624,-2.0325574474063663,-3.5261407819526482,3.5287037811907327,4.154745156821665,-4.205328702947028,-3.3660948064372995,3.3496599947849557,2.5556251879697687,-2.494247677165127,0.7220379523941604,-0.7413277965395352,-0.8653994758583735,0.9049240971751871,1.304762754581588,-1.2495316177881879}]
Set[{A021,A031,A032,A041,A042,A043,A121,A131,A132,A141,A142,A143,B021,B031,B032,B041,B042,B043,B121,B131,B132,B141,B142,B143,\[Alpha]1,\[Alpha]2,\[Alpha]3,\[Alpha]4,\[Beta]11,\[Beta]12,\[Beta]13,\[Beta]14,\[Beta]21,\[Beta]22,\[Beta]23,\[Beta]24,\[Beta]31,\[Beta]32,\[Beta]33,\[Beta]34,\[Beta]41,\[Beta]42,\[Beta]43,\[Beta]44},{0.004514635394400519,0.17290187675395297,0.6706903187521414,0.7635454513281413,-1.7312928337542717,1.967712051825056,0.3232671797402673,4.978304244981507,-4.407525035423374,2.1706241239222805,-0.716165558690669,-0.45445945079583183,0.14124205640922488,-2.7605466990302676,3.9228036857074344,2.001788376122227,-1.0538517966214775,0.14495635932644768,-0.1674460410408568,4.3369954777946935,2.0495909391213414,3.4413828699412496,2.9489036498571686,0.015895802187128112,1.6920038805434716,-1.620933437629368,2.7196593431368306,-1.7855312893708073,3.1665046078001624,-2.0325574474063663,-3.5261407819526482,3.5287037811907327,4.154745156821665,-4.205328702947028,-3.3660948064372995,3.3496599947849557,2.5556251879697687,-2.494247677165127,0.7220379523941604,-0.7413277965395352,-0.8653994758583735,0.9049240971751871,1.304762754581588,-1.2495316177881879}]

Max g: 0.42586065819146246
f_81([0.00464721,0.172718,0.67126,0.76287,-1.73138,1.96825,0.326409,4.9783,-4.41213,2.17083,-0.715866,-0.454968,0.140986,-2.76037,3.92261,2.00209,-1.05362,0.144167,-0.170927,4.34215,2.04543,3.44219,2.95243,0.0165755,1.69208,-1.62119,2.71946,-1.78584,3.1601,-2.02538,-3.54321,3.54131,4.18914,-4.2336,-3.36369,3.34322,2.52138,-2.46068,0.713674,-0.73206,-0.875109,0.913836,1.29997,-1.24329])
1.958452533697244
Max g: 0.4176554113921526
f_82([0.0051425,0.172841,0.671795,0.762609,-1.73102,1.96822,0.329456,4.97828,-4.41676,2.17076,-0.71568,-0.455081,0.140598,-2.76048,3.92255,2.00185,-1.05362,0.1437,-0.174476,4.34683,2.04166,3.4428,2.95613,0.0172464,1.69301,-1.62109,2.71903,-1.78666,3.15383,-2.01748,-3.55973,3.55322,4.2226,-4.26027,-3.36158,3.33696,2.4867,-2.42653,0.704849,-0.722356,-0.885439,0.922477,1.29471,-1.23654])
1.9444885227617912
Max g: 0.4087987758595619
f_83([0.00519912,0.172787,0.672037,0.762539,-1.73081,1.96823,0.332769,4.97827,-4.4216,2.17044,-0.715567,-0.45488,0.140143,-2.76052,3.92267,2.00227,-1.05401,0.143818,-0.177977,4.35152,2.0372,3.44352,2.95905,0.0179133,1.6933,-1.62068,2.71895,-1.78683,3.14764,-2.01073,-3.57577,3.56469,4.25588,-4.28717,-3.3597,3.331,2.45177,-2.39245,0.69664,-0.713281,-0.895605,0.931467,1.28935,-1.2297])
1.9294273395385528
Max g: 0.40034110286870644
f_84([0.00408417,0.172797,0.67161,0.762414,-1.73074,1.96826,0.335618,4.97828,-4.42576,2.17116,-0.715738,-0.455416,0.139927,-2.76062,3.92247,2.00225,-1.05417,0.143277,-0.181423,4.35659,2.03296,3.44412,2.96269,0.018605,1.69381,-1.62017,2.71819,-1.78704,3.14164,-2.00364,-3.59103,3.57534,4.28721,-4.31256,-3.35807,3.32529,2.41714,-2.35788,0.687943,-0.703739,-0.905756,0.940315,1.28404,-1.22294])
1.918355873725444
Max g: 0.39146821612862254
f_85([0.003705,0.172573,0.672115,0.762476,-1.73105,1.96856,0.338519,4.97828,-4.43009,2.17139,-0.715969,-0.455444,0.139645,-2.76098,3.92267,2.00254,-1.05434,0.142898,-0.185035,4.36125,2.0293,3.44482,2.9664,0.0193572,1.69444,-1.62005,2.71753,-1.78693,3.13581,-1.9973,-3.60578,3.58535,4.31767,-4.3369,-3.35629,3.31936,2.38192,-2.32384,0.679683,-0.694643,-0.91612,0.949422,1.2786,-1.21606])
1.904691091595751
Max g: 0.3825618258740185
f_86([0.00265183,0.172512,0.671538,0.762324,-1.73078,1.96834,0.341466,4.97829,-4.43441,2.17251,-0.716076,-0.456432,0.13955,-2.76117,3.92321,2.00252,-1.0539,0.142623,-0.188518,4.36671,2.02499,3.4455,2.97018,0.0200501,1.69459,-1.6196,2.7169,-1.78715,3.12996,-1.99107,-3.61993,3.59495,4.3466,-4.35975,-3.35481,3.31392,2.34657,-2.28918,0.671929,-0.686094,-0.926399,0.957972,1.27284,-1.20891])
1.8926221964301098
Max g: 0.3739588367538333
f_87([0.00287506,0.172453,0.672097,0.762,-1.7309,1.96891,0.34399,4.97828,-4.4385,2.17237,-0.716433,-0.455938,0.13915,-2.76118,3.92348,2.00299,-1.05416,0.142801,-0.191905,4.3715,2.02094,3.44598,2.97378,0.0207036,1.69465,-1.61911,2.71645,-1.78718,3.12432,-1.98486,-3.63387,3.6043,4.37486,-4.38188,-3.35343,3.30858,2.3107,-2.25415,0.663996,-0.677399,-0.936729,0.966261,1.26704,-1.20173])
1.8804535583292152
Max g: 0.3649704806968431
f_88([0.00317673,0.172617,0.672,0.762003,-1.73108,1.96907,0.346949,4.97829,-4.44282,2.17193,-0.715864,-0.456074,0.138845,-2.76108,3.92409,2.00329,-1.05369,0.143251,-0.195181,4.37698,2.01605,3.4466,2.97691,0.0214174,1.69548,-1.61952,2.71695,-1.78779,3.11882,-1.97889,-3.64654,3.61254,4.40269,-4.40257,-3.35249,3.30383,2.27551,-2.21964,0.656117,-0.668806,-0.94699,0.975501,1.26144,-1.19486])
1.8712772082859177
Max g: 0.3563698525294182
f_89([0.00262985,0.172788,0.671949,0.761264,-1.73059,1.96926,0.349607,4.97828,-4.44679,2.17211,-0.715991,-0.456128,0.138514,-2.76085,3.92433,2.00291,-1.05325,0.143465,-0.19871,4.382,2.01137,3.4471,2.98004,0.022145,1.69514,-1.61915,2.71647,-1.78855,3.11346,-1.97291,-3.65906,3.62043,4.42945,-4.42334,-3.35161,3.29899,2.23963,-2.18559,0.648831,-0.660792,-0.957399,0.984316,1.25608,-1.18815])
1.8593080560555297
Max g: 0.34749820715795654
f_90([0.00325313,0.173184,0.671666,0.761328,-1.73065,1.96921,0.352265,4.97829,-4.45073,2.17274,-0.716009,-0.456734,0.138395,-2.76101,3.92418,2.00261,-1.05297,0.143036,-0.202125,4.38786,2.00615,3.44775,2.98318,0.022865,1.69516,-1.61858,2.71717,-1.78943,3.10834,-1.96794,-3.67114,3.628,4.45458,-4.44312,-3.35077,3.29433,2.20406,-2.15093,0.641918,-0.653175,-0.967793,0.99303,1.25042,-1.18121])
1.849632991335966
{0.0032531332832070304,0.17318447603262171,0.6716658869752882,0.761327995262014,-1.7306508408894157,1.969214978377733,0.35226503282044236,4.97828572994186,-4.450732840535625,2.1727431044967775,-0.7160094226789132,-0.4567336818178681,0.13839544140931814,-2.7610051037908967,3.924182848526066,2.0026116809396672,-1.0529744336731546,0.14303568073898934,-0.20212451674564186,4.387856049770598,2.0061472622355967,3.447752254197024,2.983182146758224,0.022864975974715877,1.6951574250494186,-1.6185821677380117,2.7171707196464023,-1.789431008247606,3.1083431682176808,-1.9679398634259437,-3.671137519631599,3.6280026937106657,4.454576794834865,-4.443117742222658,-3.350773736797576,3.294331567031809,2.20406369028515,-2.1509319687589796,0.6419184878217308,-0.6531747434671866,-0.9677926404799306,0.993030194059902,1.2504179634901098,-1.1812091219249625}]
Set[{A021,A031,A032,A041,A042,A043,A121,A131,A132,A141,A142,A143,B021,B031,B032,B041,B042,B043,B121,B131,B132,B141,B142,B143,\[Alpha]1,\[Alpha]2,\[Alpha]3,\[Alpha]4,\[Beta]11,\[Beta]12,\[Beta]13,\[Beta]14,\[Beta]21,\[Beta]22,\[Beta]23,\[Beta]24,\[Beta]31,\[Beta]32,\[Beta]33,\[Beta]34,\[Beta]41,\[Beta]42,\[Beta]43,\[Beta]44},{0.0032531332832070304,0.17318447603262171,0.6716658869752882,0.761327995262014,-1.7306508408894157,1.969214978377733,0.35226503282044236,4.97828572994186,-4.450732840535625,2.1727431044967775,-0.7160094226789132,-0.4567336818178681,0.13839544140931814,-2.7610051037908967,3.924182848526066,2.0026116809396672,-1.0529744336731546,0.14303568073898934,-0.20212451674564186,4.387856049770598,2.0061472622355967,3.447752254197024,2.983182146758224,0.022864975974715877,1.6951574250494186,-1.6185821677380117,2.7171707196464023,-1.789431008247606,3.1083431682176808,-1.9679398634259437,-3.671137519631599,3.6280026937106657,4.454576794834865,-4.443117742222658,-3.350773736797576,3.294331567031809,2.20406369028515,-2.1509319687589796,0.6419184878217308,-0.6531747434671866,-0.9677926404799306,0.993030194059902,1.2504179634901098,-1.1812091219249625}]

Max g: 0.33890495869492976
f_91([0.00325313,0.17333,0.672161,0.761678,-1.73076,1.96907,0.354952,4.97827,-4.45457,2.17254,-0.716108,-0.456438,0.138058,-2.76087,3.92435,2.00261,-1.05246,0.142665,-0.205376,4.39336,2.00137,3.44844,2.98626,0.0235739,1.69588,-1.61851,2.71602,-1.7893,3.10336,-1.96255,-3.68251,3.63504,4.4794,-4.4614,-3.35027,3.29016,2.16927,-2.11698,0.635264,-0.645857,-0.978217,1.00129,1.24453,-1.17412])
1.838162553781844
Max g: 0.3304750506676777
f_92([0.00342056,0.173478,0.672449,0.760601,-1.73012,1.96945,0.357501,4.97827,-4.45852,2.1722,-0.716193,-0.456008,0.137622,-2.76084,3.92493,2.00277,-1.05245,0.143374,-0.208682,4.39919,1.99636,3.44922,2.98934,0.024323,1.69592,-1.61715,2.71634,-1.79037,3.09846,-1.95774,-3.69298,3.64111,4.50374,-4.47961,-3.34989,3.28607,2.13425,-2.08346,0.628727,-0.63869,-0.988609,1.00947,1.23891,-1.16729])
1.8294849184148128
Max g: 0.3280500591372267
f_93([0.00377689,0.173567,0.672902,0.761015,-1.73035,1.96933,0.359807,4.97829,-4.46223,2.17209,-0.715594,-0.456502,0.137504,-2.76069,3.9253,2.00257,-1.05228,0.143848,-0.211861,4.40472,1.99144,3.4499,2.99225,0.0250185,1.69601,-1.61628,2.71571,-1.79089,3.09367,-1.9524,-3.70284,3.64672,4.52707,-4.49667,-3.3494,3.28201,2.1002,-2.04994,0.622539,-0.63188,-0.999045,1.01792,1.23271,-1.15996])
1.81891216727797
Max g: 0.32969824711448453
f_94([0.00359268,0.173643,0.672454,0.761509,-1.73072,1.96918,0.361962,4.97828,-4.46544,2.17211,-0.716197,-0.455909,0.137219,-2.76071,3.9259,2.00279,-1.05124,0.143597,-0.215084,4.41098,1.98571,3.45046,2.99517,0.0257603,1.69558,-1.61604,2.71584,-1.79069,3.08903,-1.9472,-3.71201,3.65159,4.5492,-4.513,-3.3494,3.27842,2.06583,-2.01773,0.617214,-0.625928,-1.00934,1.02635,1.22683,-1.15294])
1.8113317041987242
Max g: 0.3314843799129853
f_95([0.00369781,0.173769,0.672633,0.76163,-1.73068,1.96895,0.364351,4.97827,-4.46906,2.17287,-0.716495,-0.456375,0.137014,-2.7605,3.92648,2.00289,-1.05117,0.14486,-0.218181,4.41708,1.97991,3.45125,2.99754,0.0264685,1.69558,-1.61632,2.71544,-1.79024,3.08463,-1.94292,-3.72082,3.65627,4.56987,-4.52847,-3.3494,3.27495,2.03203,-1.98545,0.611884,-0.620012,-1.01943,1.0347,1.22118,-1.1462])
1.802654068831693
Max g: 0.3326658224974135
f_96([0.0034711,0.173484,0.67267,0.762232,-1.73069,1.9684,0.36617,4.97827,-4.47223,2.1728,-0.716194,-0.456607,0.13697,-2.76034,3.9267,2.00269,-1.0509,0.145477,-0.221442,4.42368,1.97416,3.45224,3.00028,0.0272308,1.69549,-1.61628,2.71566,-1.79058,3.0803,-1.93829,-3.72892,3.66018,4.59069,-4.54306,-3.34947,3.27148,1.99823,-1.95328,0.607774,-0.615281,-1.02979,1.04308,1.21538,-1.13933])
1.7947743769466875
Max g: 0.3341125848919947
f_97([0.00313511,0.173676,0.672362,0.762341,-1.73049,1.96807,0.368351,4.97828,-4.47552,2.17353,-0.716461,-0.457073,0.136798,-2.76022,3.92703,2.00279,-1.05049,0.145574,-0.224519,4.43069,1.96798,3.45299,3.00301,0.0279878,1.69593,-1.61604,2.71564,-1.79088,3.07606,-1.93414,-3.73598,3.66329,4.60958,-4.5562,-3.34968,3.26841,1.96579,-1.92225,0.603952,-0.610882,-1.04026,1.05123,1.20979,-1.13274])
1.786894685061682
Max g: 0.3351264009649234
f_98([0.00334217,0.173534,0.672962,0.7619,-1.73031,1.96839,0.37023,4.97828,-4.47857,2.17424,-0.716754,-0.457491,0.136751,-2.76031,3.92734,2.00278,-1.05058,0.145552,-0.227411,4.43732,1.96209,3.45381,3.00568,0.0287165,1.69635,-1.61567,2.71535,-1.79166,3.07187,-1.92864,-3.74293,3.66618,4.62792,-4.5696,-3.35031,3.26566,1.93412,-1.89146,0.600376,-0.606741,-1.05056,1.0592,1.20392,-1.12587])
1.780112165464462
Max g: 0.3355265097205798
f_99([0.00316863,0.173483,0.67314,0.761861,-1.73036,1.96838,0.371954,4.97828,-4.48152,2.1742,-0.716602,-0.457595,0.136516,-2.7601,3.9271,2.0027,-1.05061,0.145593,-0.230373,4.44433,1.95583,3.45447,3.00824,0.0294578,1.69665,-1.61486,2.71499,-1.79192,3.06798,-1.92561,-3.7492,3.66874,4.64559,-4.58231,-3.35096,3.2632,1.90242,-1.86182,0.597658,-0.603465,-1.06105,1.0673,1.19798,-1.11902])
1.7730304170614826
Max g: 0.336226622725593
f_100([0.00240226,0.173471,0.673187,0.761779,-1.73038,1.9686,0.373784,4.97829,-4.48453,2.17476,-0.716878,-0.457879,0.136317,-2.75965,3.92633,2.00282,-1.0511,0.145,-0.233167,4.45094,1.95022,3.45514,3.01106,0.0301883,1.69646,-1.61438,2.71448,-1.7922,3.06417,-1.92133,-3.75475,3.67056,4.66268,-4.59414,-3.35154,3.26067,1.8707,-1.83164,0.594715,-0.6,-1.07152,1.07521,1.19253,-1.11268])
1.7648514963707174
{0.0024022603273702965,0.17347067193403837,0.6731874718361223,0.7617793790114676,-1.730383171527964,1.9686022908908825,0.37378444096028146,4.978290180343406,-4.484530927439828,2.174757352996143,-0.7168778428663842,-0.4578791133354314,0.13631656516820959,-2.759645889853379,3.926329433505886,2.0028201211897474,-1.0510984077001235,0.1449995144650645,-0.23316749568810333,4.450942718124845,1.9502167475415886,3.4551387444751236,3.011057883940738,0.03018828110142883,1.6964643750044504,-1.6143750230814353,2.7144770598484196,-1.7921950584148973,3.064171010560503,-1.9213266753275138,-3.7547523419153976,3.670563503306913,4.6626801925765315,-4.59413557974714,-3.3515353317713488,3.2606738143806284,1.8706983673145883,-1.8316370468382392,0.5947154782912581,-0.600000282143593,-1.0715185562718612,1.0752108585375275,1.1925257310569939,-1.112679792242416}]
Set[{A021,A031,A032,A041,A042,A043,A121,A131,A132,A141,A142,A143,B021,B031,B032,B041,B042,B043,B121,B131,B132,B141,B142,B143,\[Alpha]1,\[Alpha]2,\[Alpha]3,\[Alpha]4,\[Beta]11,\[Beta]12,\[Beta]13,\[Beta]14,\[Beta]21,\[Beta]22,\[Beta]23,\[Beta]24,\[Beta]31,\[Beta]32,\[Beta]33,\[Beta]34,\[Beta]41,\[Beta]42,\[Beta]43,\[Beta]44},{0.0024022603273702965,0.17347067193403837,0.6731874718361223,0.7617793790114676,-1.730383171527964,1.9686022908908825,0.37378444096028146,4.978290180343406,-4.484530927439828,2.174757352996143,-0.7168778428663842,-0.4578791133354314,0.13631656516820959,-2.759645889853379,3.926329433505886,2.0028201211897474,-1.0510984077001235,0.1449995144650645,-0.23316749568810333,4.450942718124845,1.9502167475415886,3.4551387444751236,3.011057883940738,0.03018828110142883,1.6964643750044504,-1.6143750230814353,2.7144770598484196,-1.7921950584148973,3.064171010560503,-1.9213266753275138,-3.7547523419153976,3.670563503306913,4.6626801925765315,-4.59413557974714,-3.3515353317713488,3.2606738143806284,1.8706983673145883,-1.8316370468382392,0.5947154782912581,-0.600000282143593,-1.0715185562718612,1.0752108585375275,1.1925257310569939,-1.112679792242416}]

Max g: 0.33611405783949866
f_101([0.00242101,0.173745,0.672846,0.761998,-1.73059,1.96858,0.37541,4.97829,-4.48725,2.17523,-0.717132,-0.458096,0.136075,-2.75961,3.92661,2.00324,-1.05104,0.145049,-0.235843,4.45808,1.94388,3.45562,3.01372,0.0308962,1.69718,-1.61391,2.71414,-1.79234,3.06022,-1.91697,-3.75992,3.67222,4.67852,-4.60491,-3.35221,3.25839,1.83999,-1.80202,0.592521,-0.597272,-1.0819,1.08272,1.18687,-1.10621])
1.7594653778670426
Max g: 0.33587686050836524
f_102([0.00232862,0.174062,0.672931,0.762141,-1.7306,1.96839,0.377074,4.97829,-4.48988,2.17549,-0.717414,-0.45808,0.135819,-2.75989,3.92649,2.00318,-1.05148,0.1445,-0.238552,4.46545,1.93705,3.45594,3.01616,0.0316578,1.69724,-1.6134,2.71334,-1.79271,3.05663,-1.91354,-3.76429,3.67317,4.69292,-4.61475,-3.35318,3.25649,1.81016,-1.77413,0.591353,-0.595595,-1.09198,1.09111,1.18167,-1.1002])
1.754079259363368
Max g: 0.33575171033926704
f_103([0.0020817,0.17411,0.672864,0.762139,-1.73041,1.96826,0.378205,4.97829,-4.49196,2.17548,-0.717445,-0.458038,0.135646,-2.75987,3.92672,2.00315,-1.05149,0.144673,-0.240672,4.47186,1.93146,3.45642,3.01835,0.0322705,1.69788,-1.61335,2.71308,-1.79317,3.05376,-1.91065,-3.76757,3.67364,4.70492,-4.62297,-3.35398,3.25494,1.78609,-1.75118,0.590611,-0.59441,-1.10055,1.09777,1.17734,-1.09522])
1.7494910843417193
Max g: 0.3354909177998689
f_104([0.00221582,0.174189,0.673152,0.762045,-1.73034,1.96829,0.37934,4.97829,-4.49394,2.17586,-0.717647,-0.45821,0.135585,-2.75967,3.92694,2.0032,-1.05119,0.14484,-0.242738,4.47848,1.92536,3.45683,3.02017,0.0328858,1.698,-1.61302,2.71293,-1.79345,3.05105,-1.90772,-3.77039,3.67382,4.7162,-4.63039,-3.35492,3.25363,1.76221,-1.72912,0.590366,-0.593732,-1.109,1.10413,1.17307,-1.09035])
1.74550136693159
Max g: 0.33520069745384956
f_105([0.00267542,0.174368,0.673466,0.762132,-1.73036,1.96822,0.380432,4.97829,-4.49582,2.17586,-0.717703,-0.458154,0.135428,-2.75954,3.92691,2.00327,-1.05094,0.144638,-0.244746,4.48519,1.9194,3.4573,3.02211,0.0334906,1.69816,-1.61276,2.71273,-1.79355,3.04822,-1.90478,-3.77283,3.67369,4.72704,-4.63805,-3.35595,3.25246,1.73913,-1.70721,0.590657,-0.593582,-1.11726,1.11048,1.16889,-1.08559])
1.7426088218092461
Max g: 0.3348125736705894
f_106([0.00244644,0.174328,0.673371,0.762281,-1.73051,1.96823,0.381477,4.97829,-4.49773,2.176,-0.717687,-0.458318,0.135279,-2.75943,3.92708,2.00329,-1.05061,0.14461,-0.246656,4.49192,1.91316,3.45771,3.02374,0.034086,1.69847,-1.61271,2.71265,-1.7938,3.04559,-1.90215,-3.77499,3.6734,4.7376,-4.64521,-3.35693,3.25138,1.71624,-1.68537,0.591448,-0.593951,-1.12553,1.11683,1.16474,-1.0809])
1.739516790816396
Max g: 0.3340642370767492
f_107([0.00212435,0.174317,0.673238,0.762197,-1.73038,1.96816,0.382412,4.97829,-4.49955,2.17628,-0.717859,-0.458417,0.135178,-2.75926,3.92689,2.0033,-1.05062,0.144572,-0.248564,4.49851,1.90731,3.45814,3.02562,0.0346789,1.69888,-1.61271,2.71257,-1.79391,3.04301,-1.89952,-3.77682,3.6728,4.74771,-4.65221,-3.35798,3.25034,1.69388,-1.6642,0.592573,-0.594628,-1.13385,1.12316,1.16081,-1.07643])
1.7350283587300004
Max g: 0.3335199888976859
f_108([0.00209211,0.17441,0.673503,0.762155,-1.73045,1.96826,0.383318,4.97829,-4.50125,2.17626,-0.717614,-0.458656,0.135133,-2.75902,3.92712,2.00345,-1.0505,0.144644,-0.250408,4.50557,1.90126,3.4585,3.02775,0.0352793,1.69886,-1.61227,2.7121,-1.79433,3.04061,-1.89669,-3.77826,3.67193,4.75757,-4.65873,-3.35907,3.24944,1.67199,-1.64374,0.594095,-0.595709,-1.14197,1.12915,1.15707,-1.07219])
1.7315373559961373
Max g: 0.33293408768545035
f_109([0.0018995,0.174381,0.673573,0.762061,-1.73038,1.96831,0.384031,4.97828,-4.50276,2.17624,-0.717749,-0.458491,0.134967,-2.75904,3.92726,2.00347,-1.0503,0.144521,-0.25209,4.5127,1.89496,3.45893,3.02946,0.0358581,1.69931,-1.61213,2.71182,-1.79466,3.03814,-1.89428,-3.77919,3.67076,4.7666,-4.665,-3.3602,3.24877,1.65097,-1.62389,0.59594,-0.597138,-1.15013,1.13501,1.15333,-1.068])
1.7286448108737935
Max g: 0.33207311812477003
f_110([0.00213348,0.174694,0.673608,0.761921,-1.73032,1.96839,0.384935,4.97828,-4.50442,2.17646,-0.717845,-0.458619,0.134847,-2.75893,3.92746,2.00315,-1.05012,0.144933,-0.253811,4.52014,1.88848,3.45931,3.03131,0.0364584,1.69968,-1.61203,2.71159,-1.79487,3.03573,-1.89197,-3.77988,3.66936,4.77545,-4.67074,-3.36146,3.24821,1.62994,-1.60415,0.598357,-0.599111,-1.15824,1.14114,1.14974,-1.06396])
1.7251538081399302
{0.002133477301335577,0.17469417312319324,0.6736076047369659,0.7619205558320024,-1.7303244113811203,1.968390594211137,0.38493507014931405,4.978279383064316,-4.5044243512111555,2.176462554698442,-0.7178446002746559,-0.45861896411134306,0.13484683037019923,-2.7589302501040307,3.9274561351050767,2.0031546819205674,-1.0501173415668295,0.1449328619344057,-0.2538114429039279,4.520136730082003,1.8884826563841142,3.459308933571862,3.031314016072868,0.03645840250633877,1.6996829370235322,-1.61202898527523,2.71159215692437,-1.7948699623828464,3.0357283717820733,-1.891969343849996,-3.779884124308572,3.6693633148181926,4.7754455263678075,-4.6707386227362635,-3.361464701512845,3.2482059305168085,1.629935803152659,-1.604146774245988,0.5983570967830143,-0.5991105840724097,-1.1582421223133712,1.1411371476391627,1.149738284738942,-1.0639620769405749}]
Set[{A021,A031,A032,A041,A042,A043,A121,A131,A132,A141,A142,A143,B021,B031,B032,B041,B042,B043,B121,B131,B132,B141,B142,B143,\[Alpha]1,\[Alpha]2,\[Alpha]3,\[Alpha]4,\[Beta]11,\[Beta]12,\[Beta]13,\[Beta]14,\[Beta]21,\[Beta]22,\[Beta]23,\[Beta]24,\[Beta]31,\[Beta]32,\[Beta]33,\[Beta]34,\[Beta]41,\[Beta]42,\[Beta]43,\[Beta]44},{0.002133477301335577,0.17469417312319324,0.6736076047369659,0.7619205558320024,-1.7303244113811203,1.968390594211137,0.38493507014931405,4.978279383064316,-4.5044243512111555,2.176462554698442,-0.7178446002746559,-0.45861896411134306,0.13484683037019923,-2.7589302501040307,3.9274561351050767,2.0031546819205674,-1.0501173415668295,0.1449328619344057,-0.2538114429039279,4.520136730082003,1.8884826563841142,3.459308933571862,3.031314016072868,0.03645840250633877,1.6996829370235322,-1.61202898527523,2.71159215692437,-1.7948699623828464,3.0357283717820733,-1.891969343849996,-3.779884124308572,3.6693633148181926,4.7754455263678075,-4.6707386227362635,-3.361464701512845,3.2482059305168085,1.629935803152659,-1.604146774245988,0.5983570967830143,-0.5991105840724097,-1.1582421223133712,1.1411371476391627,1.149738284738942,-1.0639620769405749}]

Max g: 0.33135017669890304
f_111([0.00207627,0.174516,0.673844,0.7618,-1.73019,1.96839,0.385675,4.97829,-4.50598,2.17657,-0.717887,-0.45868,0.134737,-2.75905,3.9276,2.00311,-1.05002,0.144881,-0.255453,4.52798,1.88155,3.45975,3.03306,0.0370574,1.69965,-1.61166,2.71132,-1.79492,3.03344,-1.88952,-3.78016,3.6676,4.78377,-4.67642,-3.36274,3.24767,1.60998,-1.58537,0.601055,-0.601358,-1.16628,1.14738,1.1463,-1.06009])
1.7223610059528398
Max g: 0.33067592939592516
f_112([0.00192012,0.174587,0.673716,0.761562,-1.73008,1.96852,0.386418,4.97828,-4.50745,2.17686,-0.717815,-0.459044,0.134726,-2.75886,3.92744,2.00307,-1.04974,0.144739,-0.256878,4.53555,1.87498,3.46015,3.03471,0.0376231,1.69971,-1.61152,2.71165,-1.79516,3.03128,-1.88708,-3.78023,3.6659,4.79149,-4.68182,-3.36395,3.24733,1.59019,-1.56645,0.604131,-0.604023,-1.17401,1.15346,1.14303,-1.05646])
1.7200669184420154
Max g: 0.3294104987968999
f_113([0.00194139,0.174378,0.673923,0.761582,-1.73011,1.96851,0.386997,4.97828,-4.50867,2.17703,-0.718197,-0.458831,0.134538,-2.75879,3.92753,2.00303,-1.0496,0.144829,-0.258331,4.54353,1.86801,3.46058,3.03632,0.0382145,1.6998,-1.61139,2.71166,-1.79543,3.029,-1.88495,-3.78008,3.664,4.79914,-4.68685,-3.36522,3.24703,1.57046,-1.54813,0.607799,-0.60725,-1.18188,1.15951,1.13979,-1.05286])
1.7180720597369508
Max g: 0.328404875114248
f_114([0.00230884,0.174506,0.674144,0.761545,-1.72993,1.96838,0.387567,4.97828,-4.51003,2.17706,-0.71844,-0.458615,0.134408,-2.75865,3.92748,2.00286,-1.04933,0.144842,-0.25976,4.55138,1.8611,3.46102,3.03788,0.0387794,1.70009,-1.61131,2.71151,-1.79545,3.02691,-1.88273,-3.77949,3.66167,4.80634,-4.6918,-3.36666,3.24691,1.55185,-1.53065,0.611622,-0.610623,-1.18952,1.16516,1.13674,-1.04945])
1.716077201031886
Max g: 0.3275633292311325
f_115([0.00215478,0.174572,0.674124,0.76138,-1.72991,1.96853,0.388216,4.97828,-4.51145,2.17698,-0.718336,-0.458641,0.134316,-2.75847,3.9272,2.00296,-1.04954,0.14462,-0.2611,4.55906,1.85431,3.46128,3.0395,0.0393287,1.70024,-1.6114,2.71137,-1.79562,3.0249,-1.88048,-3.77869,3.65923,4.81339,-4.69655,-3.36803,3.24677,1.53385,-1.51353,0.615634,-0.614185,-1.19702,1.17068,1.13397,-1.04633])
1.713982599391568
Max g: 0.32664053264210713
f_116([0.00222398,0.174739,0.674063,0.761661,-1.73011,1.96844,0.388709,4.97828,-4.51263,2.17729,-0.718427,-0.458859,0.13425,-2.75849,3.92699,2.00296,-1.04951,0.144148,-0.262375,4.56712,1.84727,3.46167,3.04098,0.0398866,1.7005,-1.6113,2.71121,-1.79603,3.02285,-1.87843,-3.77763,3.65667,4.81996,-4.70131,-3.36946,3.24683,1.51568,-1.49642,0.620103,-0.618206,-1.20453,1.17662,1.13136,-1.04341])
1.7123867124275163
Max g: 0.3255707500253053
f_117([0.00244873,0.174784,0.674204,0.76146,-1.7301,1.96862,0.389343,4.97828,-4.51394,2.17742,-0.718281,-0.459143,0.134212,-2.75852,3.92718,2.00277,-1.04915,0.144271,-0.263591,4.57527,1.84027,3.46199,3.04259,0.0404544,1.7008,-1.61143,2.71148,-1.79609,3.02088,-1.87594,-3.77622,3.65387,4.82632,-4.70575,-3.37086,3.24694,1.49826,-1.47973,0.624819,-0.622486,-1.212,1.18241,1.12875,-1.04051])
1.7111897972044776
Max g: 0.32440013802309003
slurmstepd: *** JOB 9005395 ON comet-31-05 CANCELLED AT 2017-04-24T10:18:00 DUE TO TIME LIMIT ***

signal (15): Terminated
while loading /home/crackauc/.julia/v0.5/SRKGenerator/test/runtests.jl, in expression starting on line 45
cobylb at /home/crackauc/.julia/v0.5/NLopt/deps/src/nlopt-2.4/cobyla/cobyla.c:734 [inlined]
cobyla at /home/crackauc/.julia/v0.5/NLopt/deps/src/nlopt-2.4/cobyla/cobyla.c:430
cobyla_minimize at /home/crackauc/.julia/v0.5/NLopt/deps/src/nlopt-2.4/cobyla/cobyla.c:247
nlopt_optimize_ at /home/crackauc/.julia/v0.5/NLopt/deps/src/nlopt-2.4/api/optimize.c:647 [inlined]
nlopt_optimize at /home/crackauc/.julia/v0.5/NLopt/deps/src/nlopt-2.4/api/optimize.c:826
nlopt_optimize_limited at /home/crackauc/.julia/v0.5/NLopt/deps/src/nlopt-2.4/api/optimize.c:865
auglag_minimize at /home/crackauc/.julia/v0.5/NLopt/deps/src/nlopt-2.4/auglag/auglag.c:195
nlopt_optimize_ at /home/crackauc/.julia/v0.5/NLopt/deps/src/nlopt-2.4/api/optimize.c:733 [inlined]
nlopt_optimize at /home/crackauc/.julia/v0.5/NLopt/deps/src/nlopt-2.4/api/optimize.c:826
optimize! at /home/crackauc/.julia/v0.5/NLopt/src/NLopt.jl:526
#srk_optimize#1 at /home/crackauc/.julia/v0.5/SRKGenerator/src/main.jl:94
unknown function (ip: 0x2ba6b0fe66dd)
jl_call_method_internal at /home/centos/buildbot/slave/package_tarball64/build/src/julia_internal.h:189 [inlined]
jl_apply_generic at /home/centos/buildbot/slave/package_tarball64/build/src/gf.c:1942
#srk_optimize at ./<missing>:0
unknown function (ip: 0x2ba6b0fe2f1c)
jl_call_method_internal at /home/centos/buildbot/slave/package_tarball64/build/src/julia_internal.h:189 [inlined]
jl_apply_generic at /home/centos/buildbot/slave/package_tarball64/build/src/gf.c:1942
do_call at /home/centos/buildbot/slave/package_tarball64/build/src/interpreter.c:66
eval at /home/centos/buildbot/slave/package_tarball64/build/src/interpreter.c:190
eval_body at /home/centos/buildbot/slave/package_tarball64/build/src/interpreter.c:469
jl_interpret_call at /home/centos/buildbot/slave/package_tarball64/build/src/interpreter.c:573
jl_toplevel_eval_flex at /home/centos/buildbot/slave/package_tarball64/build/src/toplevel.c:572
jl_parse_eval_all at /home/centos/buildbot/slave/package_tarball64/build/src/ast.c:717
jl_load at /home/centos/buildbot/slave/package_tarball64/build/src/toplevel.c:596
jl_load_ at /home/centos/buildbot/slave/package_tarball64/build/src/toplevel.c:605
include_from_node1 at ./loading.jl:488
unknown function (ip: 0x2ba487759d0b)
jl_call_method_internal at /home/centos/buildbot/slave/package_tarball64/build/src/julia_internal.h:189 [inlined]
jl_apply_generic at /home/centos/buildbot/slave/package_tarball64/build/src/gf.c:1942
process_options at ./client.jl:262
_start at ./client.jl:318
unknown function (ip: 0x2ba48777f2e8)
jl_call_method_internal at /home/centos/buildbot/slave/package_tarball64/build/src/julia_internal.h:189 [inlined]
jl_apply_generic at /home/centos/buildbot/slave/package_tarball64/build/src/gf.c:1942
jl_apply at /home/centos/buildbot/slave/package_tarball64/build/ui/../src/julia.h:1392 [inlined]
true_main at /home/centos/buildbot/slave/package_tarball64/build/ui/repl.c:112
main at /home/centos/buildbot/slave/package_tarball64/build/ui/repl.c:232
__libc_start_main at /lib64/libc.so.6 (unknown line)
unknown function (ip: 0x4013fc)
unknown function (ip: 0xffffffffffffffff)
Allocations: 105984571268 (Pool: 105832100673; Big: 152470595); GC: 129035

signal (11): Segmentation fault
while loading /home/crackauc/.julia/v0.5/SRKGenerator/test/runtests.jl, in expression starting on line 45
