
-----------------Setup------------------
Options: alg=LN_AUGLAG_EQ,dx=0.01,max_eval=100000000,popSize=0
imin=-12,jmin=-1,imax=1,jmax=1,
parameter_minmax=5,
randSeed=98248763, rand_minmax=3

Initial Condition:

[-1.72255,0.741465,-0.476944,1.97216,-1.44271,0.563842,0.818052,1.79834,-0.216968,-0.272159,1.33464,-2.84166,-0.502496,2.28882,-0.170801,1.49628,2.38163,2.70442,0.446603,2.95102,-0.105304,-0.842202,2.44052,-2.6632,0.299277,2.76709,2.68657,1.88625,2.50955,-0.0435057,-0.790524,1.51902,2.8452,1.09689,1.03802,-1.88801,0.160423,-2.38687,-1.13616,0.441602,0.498366,2.27549,-0.514544,-0.170168]

f_1([0.2155,0.0999747,0.873858,-1.79826,-2.15619,4.72292,0.889663,-0.219531,0.219532,0.265806,-0.0556417,-0.0663464,0.266155,0.590294,-0.145341,0.951418,1.52549,2.71488,-1.29141,2.28412,-0.76352,1.45044,1.79001,-0.440059,-0.932218,2.30754,2.54335,0.0657257,2.52012,-1.10573,-1.34708,0.329877,2.44767,0.370877,0.127949,-2.31458,-0.240653,-2.01523,-0.81636,0.345228,0.414146,1.27028,0.195352,-1.38295])
10.010806842038845
Max g: 7.025441911418895
f_2([0.2155,0.0999747,0.873858,-1.79826,-2.15619,4.72292,0.889663,-0.219531,0.219532,0.265806,-0.0556417,-0.0663464,0.266155,0.590294,-0.145341,0.951418,1.52549,2.71488,-1.29141,2.28412,-0.76352,1.45044,1.79,-0.440059,-0.932218,2.30754,2.54335,0.0657257,2.52012,-1.10573,-1.34708,0.329877,2.44767,0.370877,0.127949,-2.31458,-0.240653,-2.01523,-0.81636,0.345228,0.414146,1.27028,0.195352,-1.38295])
10.010806842038845
Max g: 7.025441095327558
f_3([0.206076,0.108131,0.826933,-1.80405,-2.15364,4.6855,0.754656,-0.176261,0.176261,0.27767,-0.034981,-0.0670124,0.248968,0.594213,-0.131767,0.959616,4.00838,2.7139,-1.21025,2.12126,-1.08879,1.47649,1.80196,-0.415316,-0.943198,2.32782,2.58417,0.0647792,2.54628,-1.08889,-1.31072,0.441999,2.29816,0.387724,0.149982,-2.28298,-0.230204,-2.09577,-0.860178,2.85255,2.9506,1.2718,0.256089,-1.42765])
11.944443807098253
Max g: 20.397273553731686
f_4([0.146747,0.0260271,0.641273,-1.84186,-2.17109,4.71406,0.443806,-0.0351224,0.0685896,0.453595,0.084712,-0.115455,0.238912,0.430825,-0.0937388,0.918143,1.76165,2.33211,1.46415,1.94673,-1.36589,1.30162,1.42495,-0.387797,-1.35293,2.76471,2.67582,0.0474275,2.40834,-0.493063,-1.19378,0.574083,1.99355,0.509046,0.314345,0.00827938,0.17465,0.203816,-0.645732,0.156979,0.508575,1.21812,0.0335362,0.823999])
12.885908658093086
Max g: 5.129791113665464
f_5([6.66548e-19,0.518878,-0.474342,-0.313199,-2.09843,3.35554,0.151784,-0.348524,0.348524,0.82301,-0.057727,0.230165,-0.0794749,0.662596,-0.424491,0.0132545,-0.734512,2.44937,-0.928726,2.5466,-1.29108,0.368147,0.0212455,1.47754,-2.9147,1.96331,1.48006,0.467856,1.77599,-0.145507,-1.73118,1.10293,0.605547,-0.753412,-0.077861,0.19103,-0.7807,0.142037,1.74274,-1.10871,-2.02114,1.08938,1.15916,-0.215184])
7.6924906596915505
Max g: 0.25724820753469896
f_6([2.6326e-5,0.476024,-0.433536,-0.266936,-2.05171,3.31649,0.404535,-8.08602e-6,1.65966e-5,0.687002,0.185744,0.0867389,-0.157938,0.752536,-0.358484,-0.0231013,-0.743917,2.43806,-0.840699,2.73169,-1.36184,0.36231,0.227958,1.3463,-2.89665,1.9815,1.47784,0.437162,1.62024,-0.108482,-1.59803,1.08852,1.08111,-0.997873,-0.542473,0.448687,-0.609767,0.103186,1.58628,-1.08191,-2.51237,1.40559,1.68667,-0.575914])
11.550617397256607
Max g: 0.12041412884674663
f_7([-8.94772e-6,0.481102,-0.437582,-0.266516,-2.06375,3.3172,0.552515,-0.0103642,0.0103675,0.704067,0.201451,0.0944642,-0.154925,0.753512,-0.367131,-0.021489,-0.746199,2.43805,-0.836483,2.8399,-1.38643,0.381596,0.322949,1.28851,-2.89169,1.97902,1.47089,0.441821,1.47365,-0.0589329,-1.442,1.03018,1.30097,-1.1117,-0.819888,0.627339,-0.465878,0.0550611,1.43566,-1.02647,-2.66938,1.49893,1.99135,-0.820297])
10.94232909243177
Max g: 0.054571840880791034
f_8([-1.50647e-6,0.484456,-0.440541,-0.266921,-2.06624,3.31596,0.619778,-0.0192616,0.019271,0.708076,0.198679,0.0932472,-0.150636,0.751778,-0.374964,-0.0201785,-0.743842,2.44078,-0.829464,2.90013,-1.4055,0.377577,0.374388,1.2539,-2.893,1.97802,1.47158,0.44333,1.37794,-0.0210428,-1.36702,1.01172,1.39044,-1.16395,-0.955223,0.727348,-0.372896,0.0182663,1.36281,-1.00914,-2.72144,1.54026,2.13235,-0.950717])
10.614919254610882
Max g: 0.0236697005169777
f_9([4.78514e-7,0.485399,-0.441862,-0.268526,-2.06796,3.31672,0.653681,-0.0265737,0.0265701,0.713339,0.194703,0.0919593,-0.147182,0.749314,-0.38049,-0.0173092,-0.742915,2.44134,-0.825386,2.93025,-1.41494,0.377823,0.398725,1.23537,-2.89407,1.97669,1.47249,0.444778,1.32691,0.000255309,-1.32518,0.999014,1.43253,-1.18945,-1.02326,0.779872,-0.3243,-0.0015612,1.32308,-0.997729,-2.74392,1.55999,2.20173,-1.01779])
10.552579148836907
Max g: 0.008199037176321422
f_10([8.34936e-8,0.486243,-0.442827,-0.269483,-2.06733,3.3165,0.667341,-0.0297244,0.0297244,0.71574,0.194004,0.0902556,-0.145512,0.747721,-0.382342,-0.0152313,-0.742788,2.44166,-0.822904,2.94372,-1.41977,0.37835,0.407765,1.22789,-2.89451,1.97643,1.47308,0.445016,1.30353,0.010205,-1.3065,0.992982,1.44834,-1.19905,-1.05046,0.801291,-0.302864,-0.0106085,1.30605,-0.992657,-2.75485,1.57014,2.23192,-1.04703])
10.532594521627068
{8.349363914838962e-8,0.48624263286528846,-0.4428269387151206,-0.2694833960473889,-2.0673273491309314,3.3165030466440277,0.6673408399852843,-0.029724357101172293,0.029724353896418917,0.715740247768685,0.1940041012538824,0.09025563813186521,-0.1455123923431993,0.7477206689633773,-0.38234178854890755,-0.01523132028336032,-0.7427884267757072,2.4416589473544033,-0.8229043131507273,2.9437151877965446,-1.4197715947326055,0.3783498031925732,0.407765246877151,1.227892107585506,-2.894507251284514,1.9764334468423888,1.47307806170201,0.44501634325004974,1.3035317663518244,0.010204963428628611,-1.3064981880440485,0.9929819111262657,1.4483377483400481,-1.1990477769403052,-1.0504572273085429,0.8012907284270241,-0.3028637186608972,-0.010608466085163196,1.3060464077164675,-0.9926569150454041,-2.7548488159315028,1.5701368025256959,2.231922601607949,-1.0470284459649872}]
Set[{A021,A031,A032,A041,A042,A043,A121,A131,A132,A141,A142,A143,B021,B031,B032,B041,B042,B043,B121,B131,B132,B141,B142,B143,\[Alpha]1,\[Alpha]2,\[Alpha]3,\[Alpha]4,\[Beta]11,\[Beta]12,\[Beta]13,\[Beta]14,\[Beta]21,\[Beta]22,\[Beta]23,\[Beta]24,\[Beta]31,\[Beta]32,\[Beta]33,\[Beta]34,\[Beta]41,\[Beta]42,\[Beta]43,\[Beta]44},{8.349363914838962e-8,0.48624263286528846,-0.4428269387151206,-0.2694833960473889,-2.0673273491309314,3.3165030466440277,0.6673408399852843,-0.029724357101172293,0.029724353896418917,0.715740247768685,0.1940041012538824,0.09025563813186521,-0.1455123923431993,0.7477206689633773,-0.38234178854890755,-0.01523132028336032,-0.7427884267757072,2.4416589473544033,-0.8229043131507273,2.9437151877965446,-1.4197715947326055,0.3783498031925732,0.407765246877151,1.227892107585506,-2.894507251284514,1.9764334468423888,1.47307806170201,0.44501634325004974,1.3035317663518244,0.010204963428628611,-1.3064981880440485,0.9929819111262657,1.4483377483400481,-1.1990477769403052,-1.0504572273085429,0.8012907284270241,-0.3028637186608972,-0.010608466085163196,1.3060464077164675,-0.9926569150454041,-2.7548488159315028,1.5701368025256959,2.231922601607949,-1.0470284459649872}]

Max g: 0.0032442055495032207
f_11([2.30922e-6,0.486332,-0.442856,-0.269893,-2.06757,3.31661,0.670449,-0.0292531,0.0292531,0.716158,0.195136,0.0887063,-0.145416,0.747545,-0.38249,-0.0154954,-0.742662,2.44164,-0.822411,2.94704,-1.42102,0.378717,0.409844,1.22609,-2.89478,1.97634,1.4732,0.44525,1.29883,0.0121295,-1.30261,0.991783,1.45079,-1.20086,-1.05568,0.805636,-0.298494,-0.0123035,1.30233,-0.991604,-2.75728,1.57235,2.23876,-1.05379])
10.486659706846245
Max g: 0.0020949460454084967
f_12([5.83809e-8,0.486422,-0.442841,-0.270153,-2.06783,3.31635,0.672503,-0.028036,0.0280365,0.716238,0.197084,0.0866775,-0.145315,0.747415,-0.382712,-0.0155083,-0.742656,2.44158,-0.8221,2.94905,-1.42172,0.378812,0.411281,1.22492,-2.89494,1.97623,1.47327,0.445436,1.29552,0.0135417,-1.29983,0.990841,1.45311,-1.20234,-1.05971,0.808859,-0.295321,-0.0136417,1.29968,-0.990747,-2.75871,1.57371,2.24313,-1.05812])
10.431975403535741
Max g: 0.001373744929153362
f_13([-6.81873e-22,0.4866,-0.44291,-0.270304,-2.06809,3.31613,0.673966,-0.0269535,0.0269535,0.716329,0.198912,0.0847587,-0.145244,0.74726,-0.382818,-0.0155746,-0.742652,2.44163,-0.821875,2.95046,-1.4222,0.378859,0.412333,1.22408,-2.89496,1.97608,1.47333,0.445555,1.29314,0.0145572,-1.29783,0.990165,1.45482,-1.20343,-1.06261,0.811194,-0.293067,-0.014595,1.29778,-0.990135,-2.75957,1.57459,2.24613,-1.06114])
10.38266010455027
Max g: 0.0011767392807036279
f_14([7.74886e-21,0.486696,-0.442905,-0.270545,-2.06833,3.31584,0.675,-0.0255816,0.0255816,0.716444,0.20111,0.082446,-0.145242,0.747243,-0.382995,-0.015734,-0.742649,2.44156,-0.821741,2.95143,-1.42253,0.378898,0.413043,1.22353,-2.89518,1.97596,1.47348,0.445744,1.29154,0.0152421,-1.29648,0.989711,1.45603,-1.20419,-1.06469,0.812847,-0.291531,-0.0152417,1.29648,-0.989708,-2.76017,1.57518,2.24822,-1.06323])
10.320021720758238
Max g: 0.0009383022412802313
f_15([6.26491e-9,0.486775,-0.442871,-0.270787,-2.06856,3.31561,0.675525,-0.0244985,0.0244992,0.716541,0.202943,0.0805105,-0.145245,0.747217,-0.383108,-0.0158139,-0.742699,2.4415,-0.821647,2.95197,-1.42273,0.378939,0.413406,1.22321,-2.89527,1.97581,1.47356,0.445893,1.29065,0.0156188,-1.29573,0.989455,1.45667,-1.20461,-1.06577,0.813711,-0.290702,-0.0155924,1.29578,-0.989485,-2.7605,1.57553,2.24932,-1.06434])
10.27239666387509
Max g: 0.0007417258885643002
f_16([3.74005e-7,0.486753,-0.442909,-0.270808,-2.06858,3.31559,0.675351,-0.0239721,0.0240382,0.71656,0.203727,0.0796829,-0.145264,0.747189,-0.383138,-0.0158919,-0.74276,2.44146,-0.821641,2.95189,-1.42272,0.378907,0.41335,1.22322,-2.89533,1.97575,1.47358,0.446004,1.29079,0.0155633,-1.29596,0.989603,1.45651,-1.20453,-1.06553,0.813555,-0.290817,-0.0155493,1.29599,-0.989619,-2.76044,1.57548,2.24915,-1.0642])
10.238790673840636
Max g: 0.0006576206768603183
f_17([-1.59646e-21,0.486722,-0.442938,-0.27082,-2.0686,3.31555,0.675229,-0.0233531,0.0234109,0.716538,0.204658,0.0786804,-0.145303,0.747177,-0.38316,-0.0159731,-0.742861,2.44142,-0.821638,2.95181,-1.4227,0.378881,0.41329,1.22324,-2.89541,1.97568,1.47361,0.446126,1.29091,0.015516,-1.29615,0.98972,1.45637,-1.20446,-1.06534,0.813433,-0.290929,-0.0155085,1.29617,-0.98973,-2.76039,1.57545,2.249,-1.06406])
10.197230603324654
Max g: 0.0005539838691742958
f_18([2.45143e-8,0.486705,-0.442967,-0.270832,-2.06862,3.31553,0.675159,-0.0228839,0.0228884,0.716495,0.205354,0.0779024,-0.145346,0.74718,-0.383167,-0.0160364,-0.742961,2.44139,-0.821627,2.95176,-1.4227,0.378859,0.413245,1.22325,-2.89547,1.97562,1.47363,0.446222,1.29096,0.0155019,-1.29625,0.989785,1.45632,-1.20443,-1.06526,0.813379,-0.290972,-0.0154966,1.29626,-0.989792,-2.76035,1.57543,2.24887,-1.06395])
10.162530927223989
Max g: 0.0004729386659786401
f_19([3.77192e-7,0.486689,-0.442991,-0.270847,-2.06863,3.31551,0.675117,-0.0224852,0.0224851,0.716488,0.205975,0.0772476,-0.145381,0.747181,-0.38317,-0.0161042,-0.743024,2.44135,-0.821626,2.95172,-1.4227,0.378855,0.413217,1.22326,-2.89553,1.97557,1.47365,0.446302,1.291,0.015488,-1.29632,0.989829,1.45628,-1.20441,-1.06522,0.813352,-0.291006,-0.0154863,1.29632,-0.989832,-2.76033,1.57541,2.24882,-1.0639])
10.130913457309916
Max g: 0.00040502378490617425
f_20([3.70011e-7,0.486684,-0.443012,-0.270857,-2.06866,3.31549,0.675083,-0.02211,0.02211,0.716486,0.20656,0.0766391,-0.14541,0.747172,-0.383165,-0.0161518,-0.743082,2.44133,-0.821623,2.9517,-1.42269,0.378853,0.413198,1.22325,-2.89557,1.97553,1.47368,0.446367,1.29102,0.0154817,-1.29636,0.98986,1.45625,-1.2044,-1.06518,0.813326,-0.291026,-0.0154802,1.29637,-0.989862,-2.76032,1.57541,2.24878,-1.06386])
10.1016822115403
{3.700111310684646e-7,0.48668365157317833,-0.4430115423808254,-0.270856518587609,-2.068658166043843,3.3154858729429537,0.6750830274335199,-0.022109956776097013,0.022109956776097006,0.7164863735467266,0.20656045389299824,0.07663910801561509,-0.14541035727354068,0.7471724852680655,-0.3831653813057143,-0.016151789977875686,-0.7430815611506685,2.4413262149604043,-0.8216227899610282,2.9517024465298793,-1.422694976645193,0.37885318063553397,0.41319832900013664,1.223253968409724,-2.8955737573192697,1.975531927082204,1.4736758440281457,0.4463670294712232,1.291023063938326,0.015481722307749685,-1.2963644186455796,0.9898598110082596,1.456252281706915,-1.2044012549954133,-1.065175989049018,0.8133257111951506,-0.29102586529520336,-0.015480231803216097,1.2963675428362054,-0.9898616016996192,-2.7603202354411027,1.5754050999768554,2.2487791550589873,-1.063864274822047}]
Set[{A021,A031,A032,A041,A042,A043,A121,A131,A132,A141,A142,A143,B021,B031,B032,B041,B042,B043,B121,B131,B132,B141,B142,B143,\[Alpha]1,\[Alpha]2,\[Alpha]3,\[Alpha]4,\[Beta]11,\[Beta]12,\[Beta]13,\[Beta]14,\[Beta]21,\[Beta]22,\[Beta]23,\[Beta]24,\[Beta]31,\[Beta]32,\[Beta]33,\[Beta]34,\[Beta]41,\[Beta]42,\[Beta]43,\[Beta]44},{3.700111310684646e-7,0.48668365157317833,-0.4430115423808254,-0.270856518587609,-2.068658166043843,3.3154858729429537,0.6750830274335199,-0.022109956776097013,0.022109956776097006,0.7164863735467266,0.20656045389299824,0.07663910801561509,-0.14541035727354068,0.7471724852680655,-0.3831653813057143,-0.016151789977875686,-0.7430815611506685,2.4413262149604043,-0.8216227899610282,2.9517024465298793,-1.422694976645193,0.37885318063553397,0.41319832900013664,1.223253968409724,-2.8955737573192697,1.975531927082204,1.4736758440281457,0.4463670294712232,1.291023063938326,0.015481722307749685,-1.2963644186455796,0.9898598110082596,1.456252281706915,-1.2044012549954133,-1.065175989049018,0.8133257111951506,-0.29102586529520336,-0.015480231803216097,1.2963675428362054,-0.9898616016996192,-2.7603202354411027,1.5754050999768554,2.2487791550589873,-1.063864274822047}]

Max g: 0.00034177659072507976
f_21([3.64128e-8,0.486673,-0.443036,-0.270872,-2.06867,3.31547,0.675066,-0.0217564,0.0217564,0.7165,0.207111,0.0760683,-0.145442,0.747171,-0.383167,-0.0162119,-0.743144,2.4413,-0.821623,2.95169,-1.42269,0.378844,0.413194,1.22326,-2.89562,1.97549,1.47369,0.446438,1.29104,0.0154743,-1.29639,0.989871,1.45623,-1.20439,-1.06515,0.813305,-0.29104,-0.0154751,1.29639,-0.989871,-2.76031,1.5754,2.24875,-1.06384])
10.070462445650303
Max g: 0.00028219626356226367
f_22([2.01592e-7,0.486672,-0.443059,-0.270898,-2.06868,3.31545,0.675055,-0.0214103,0.0214103,0.716508,0.207641,0.0755246,-0.145472,0.747171,-0.383167,-0.0162646,-0.7432,2.44128,-0.821623,2.95168,-1.42269,0.378842,0.41319,1.22326,-2.89566,1.97544,1.47372,0.446499,1.29105,0.0154703,-1.2964,0.98988,1.45622,-1.20438,-1.06513,0.813291,-0.29105,-0.0154713,1.2964,-0.989879,-2.76031,1.5754,2.24874,-1.06383])
10.043517998019128
Max g: 0.00022508525310232748
f_23([4.36085e-7,0.486666,-0.443069,-0.270923,-2.06871,3.31544,0.675042,-0.0210891,0.0210891,0.716516,0.208147,0.0750031,-0.145508,0.747179,-0.38316,-0.0163184,-0.74325,2.44126,-0.82162,2.95167,-1.42269,0.378834,0.413188,1.22326,-2.8957,1.97541,1.47374,0.446555,1.29105,0.0154705,-1.29641,0.989888,1.45621,-1.20438,-1.06511,0.813282,-0.29105,-0.0154722,1.29641,-0.989887,-2.76031,1.5754,2.24872,-1.06381])
10.014783882279609
Max g: 0.0001706397640468195
f_24([4.6992e-7,0.486654,-0.443082,-0.27093,-2.06872,3.31543,0.675043,-0.0208078,0.0208078,0.716527,0.208603,0.0745357,-0.145537,0.747179,-0.383151,-0.0163664,-0.743289,2.44123,-0.821619,2.95167,-1.42269,0.378835,0.413189,1.22326,-2.89573,1.97537,1.47376,0.446604,1.29105,0.0154719,-1.29641,0.989887,1.45621,-1.20438,-1.06511,0.813283,-0.291049,-0.0154722,1.29641,-0.989886,-2.76031,1.5754,2.24873,-1.06382])
9.9871434526063
Max g: 0.00012203448820240822
f_25([3.05914e-9,0.486639,-0.443089,-0.270944,-2.06875,3.31542,0.675042,-0.020469,0.0204689,0.716541,0.209138,0.0739829,-0.145582,0.747199,-0.383137,-0.0164223,-0.743343,2.4412,-0.821616,2.95167,-1.42269,0.378841,0.413186,1.22325,-2.89577,1.97533,1.47378,0.446657,1.29104,0.0154774,-1.29641,0.989887,1.45622,-1.20439,-1.06512,0.81329,-0.291041,-0.015477,1.29641,-0.989887,-2.76033,1.57541,2.24874,-1.06383])
9.95304033254175
Max g: 6.438950456987393e-5
f_26([2.84994e-7,0.486633,-0.443095,-0.270975,-2.06877,3.3154,0.675041,-0.0201586,0.0201586,0.716549,0.209628,0.0734789,-0.145618,0.747205,-0.383126,-0.0164726,-0.743391,2.44117,-0.821614,2.95167,-1.42269,0.378844,0.413184,1.22325,-2.89582,1.9753,1.47381,0.446708,1.29104,0.0154785,-1.29641,0.989892,1.45622,-1.20439,-1.06513,0.813295,-0.291034,-0.015481,1.29641,-0.98989,-2.76033,1.57541,2.24875,-1.06384])
9.92211884466981
Max g: 1.1712228848286986e-5
f_27([4.77906e-8,0.486632,-0.443102,-0.270981,-2.06877,3.31539,0.675043,-0.0200473,0.0200473,0.716552,0.209806,0.0732983,-0.145633,0.747208,-0.383119,-0.0164877,-0.743413,2.44116,-0.821613,2.95167,-1.42269,0.378847,0.413183,1.22324,-2.89583,1.97528,1.47382,0.446727,1.29103,0.0154818,-1.2964,0.989889,1.45622,-1.20439,-1.06513,0.813297,-0.291033,-0.0154806,1.2964,-0.989889,-2.76034,1.57542,2.24876,-1.06384])
9.909193463887327
Max g: 1.9816440397502078e-6
f_28([2.44612e-7,0.486632,-0.443102,-0.270981,-2.06877,3.31539,0.675045,-0.0200512,0.0200512,0.716553,0.2098,0.0733048,-0.145632,0.747208,-0.383119,-0.0164871,-0.743412,2.44116,-0.821613,2.95167,-1.42269,0.378848,0.413185,1.22324,-2.89583,1.97529,1.47382,0.446726,1.29103,0.0154819,-1.2964,0.989888,1.45623,-1.20439,-1.06513,0.813299,-0.291031,-0.015482,1.2964,-0.989887,-2.76034,1.57542,2.24876,-1.06384])
9.909094037881308
Max g: 1.2140597567267264e-6
f_29([3.65585e-7,0.486633,-0.443102,-0.270981,-2.06877,3.31539,0.675046,-0.0200544,0.0200544,0.716553,0.209796,0.0733102,-0.145632,0.747208,-0.383119,-0.0164866,-0.743412,2.44116,-0.821613,2.95167,-1.42269,0.378848,0.413185,1.22324,-2.89583,1.97529,1.47382,0.446726,1.29103,0.0154823,-1.2964,0.989887,1.45623,-1.2044,-1.06513,0.8133,-0.29103,-0.0154825,1.2964,-0.989887,-2.76034,1.57542,2.24876,-1.06384])
9.909491741905384
Max g: 8.514045606311527e-7
f_30([5.56387e-7,0.486633,-0.443102,-0.270981,-2.06877,3.31539,0.675047,-0.0200594,0.0200594,0.716553,0.209788,0.0733183,-0.145631,0.747207,-0.383119,-0.0164857,-0.743411,2.44116,-0.821613,2.95167,-1.42269,0.378848,0.413186,1.22324,-2.89583,1.97529,1.47382,0.446725,1.29103,0.0154827,-1.2964,0.989886,1.45623,-1.2044,-1.06513,0.813301,-0.291029,-0.0154828,1.2964,-0.989886,-2.76034,1.57542,2.24876,-1.06384])
9.90998887193548
{5.563868948003191e-7,0.48663256514363185,-0.44310161772826767,-0.27098078765712885,-2.0687728013678357,3.3153930987454014,0.6750471517376979,-0.02005938290611737,0.02005943386715676,0.7165531456042177,0.20978802392390278,0.07331827408342578,-0.1456313070329308,0.7472074345920153,-0.38311879348727435,-0.016485727742178196,-0.7434106889868066,2.4411627338923876,-0.8216133073866086,2.9516702021570316,-1.4226857826839387,0.3788481518277782,0.41318553086253806,1.2232418724378313,-2.8958290740202473,1.975286101639449,1.4738183410363321,0.44672461727524815,1.2910291082977656,0.015482709379092744,-1.2963974189493948,0.9898856344675095,1.4562285837153202,-1.204395661865952,-1.0651339453396282,0.8133010060302245,-0.29102897011606066,-0.015482783832183947,1.296397282120913,-0.9898855490044189,-2.7603381959505806,1.575418860299949,2.248763702411119,-1.063844352343651}]
Set[{A021,A031,A032,A041,A042,A043,A121,A131,A132,A141,A142,A143,B021,B031,B032,B041,B042,B043,B121,B131,B132,B141,B142,B143,\[Alpha]1,\[Alpha]2,\[Alpha]3,\[Alpha]4,\[Beta]11,\[Beta]12,\[Beta]13,\[Beta]14,\[Beta]21,\[Beta]22,\[Beta]23,\[Beta]24,\[Beta]31,\[Beta]32,\[Beta]33,\[Beta]34,\[Beta]41,\[Beta]42,\[Beta]43,\[Beta]44},{5.563868948003191e-7,0.48663256514363185,-0.44310161772826767,-0.27098078765712885,-2.0687728013678357,3.3153930987454014,0.6750471517376979,-0.02005938290611737,0.02005943386715676,0.7165531456042177,0.20978802392390278,0.07331827408342578,-0.1456313070329308,0.7472074345920153,-0.38311879348727435,-0.016485727742178196,-0.7434106889868066,2.4411627338923876,-0.8216133073866086,2.9516702021570316,-1.4226857826839387,0.3788481518277782,0.41318553086253806,1.2232418724378313,-2.8958290740202473,1.975286101639449,1.4738183410363321,0.44672461727524815,1.2910291082977656,0.015482709379092744,-1.2963974189493948,0.9898856344675095,1.4562285837153202,-1.204395661865952,-1.0651339453396282,0.8133010060302245,-0.29102897011606066,-0.015482783832183947,1.296397282120913,-0.9898855490044189,-2.7603381959505806,1.575418860299949,2.248763702411119,-1.063844352343651}]

Max g: 4.443217942462496e-7
f_31([7.6669e-7,0.486633,-0.443101,-0.270981,-2.06877,3.31539,0.675048,-0.0200635,0.0200641,0.716554,0.209782,0.0733254,-0.145631,0.747207,-0.383119,-0.0164848,-0.74341,2.44116,-0.821613,2.95167,-1.42269,0.378848,0.413186,1.22324,-2.89583,1.97529,1.47382,0.446724,1.29103,0.0154829,-1.2964,0.989885,1.45623,-1.2044,-1.06513,0.813302,-0.291028,-0.0154829,1.2964,-0.989885,-2.76034,1.57542,2.24876,-1.06385])
9.910585427971595
Max g: 2.415448163706202e-7
f_32([9.02661e-7,0.486633,-0.443101,-0.270981,-2.06877,3.31539,0.675048,-0.0200667,0.0200677,0.716554,0.209777,0.0733309,-0.14563,0.747207,-0.383119,-0.0164842,-0.743409,2.44116,-0.821613,2.95167,-1.42269,0.378849,0.413186,1.22324,-2.89583,1.97529,1.47382,0.446723,1.29103,0.015483,-1.2964,0.989885,1.45623,-1.2044,-1.06514,0.813302,-0.291028,-0.015483,1.2964,-0.989885,-2.76034,1.57542,2.24877,-1.06385])
9.910883705989653
Max g: 1.486912577508548e-7
f_33([1.0518e-6,0.486633,-0.443101,-0.270981,-2.06877,3.31539,0.675048,-0.0200695,0.020071,0.716554,0.209772,0.0733359,-0.14563,0.747207,-0.383119,-0.0164836,-0.743409,2.44116,-0.821613,2.95167,-1.42269,0.378849,0.413186,1.22324,-2.89583,1.97529,1.47382,0.446723,1.29103,0.0154831,-1.2964,0.989884,1.45623,-1.2044,-1.06514,0.813302,-0.291028,-0.015483,1.2964,-0.989884,-2.76034,1.57542,2.24877,-1.06385])
9.911380836019747
Max g: 7.999020334992224e-8
f_34([1.20541e-6,0.486633,-0.443101,-0.270981,-2.06877,3.31539,0.675049,-0.0200721,0.0200741,0.716554,0.209768,0.0733406,-0.14563,0.747207,-0.383119,-0.0164831,-0.743408,2.44116,-0.821613,2.95167,-1.42269,0.378849,0.413187,1.22324,-2.89583,1.97529,1.47382,0.446722,1.29103,0.0154831,-1.29639,0.989884,1.45623,-1.2044,-1.06514,0.813302,-0.291028,-0.0154831,1.29639,-0.989884,-2.76034,1.57542,2.24877,-1.06385])
9.911679114037804
Max g: 3.908199659730105e-8
f_35([1.30517e-6,0.486633,-0.443101,-0.270981,-2.06877,3.31539,0.675049,-0.0200746,0.0200771,0.716555,0.209765,0.0733449,-0.145629,0.747207,-0.383119,-0.0164826,-0.743408,2.44116,-0.821613,2.95167,-1.42269,0.378849,0.413187,1.22324,-2.89583,1.97529,1.47382,0.446722,1.29103,0.0154831,-1.29639,0.989884,1.45623,-1.2044,-1.06514,0.813302,-0.291028,-0.0154831,1.29639,-0.989884,-2.76034,1.57542,2.24877,-1.06385])
9.9121762440679
Max g: 3.603541147423339e-8
f_36([1.40979e-6,0.486633,-0.443101,-0.270981,-2.06877,3.31539,0.675049,-0.0200768,0.0200799,0.716555,0.209761,0.0733491,-0.145629,0.747207,-0.38312,-0.0164821,-0.743407,2.44116,-0.821614,2.95167,-1.42269,0.378849,0.413187,1.22324,-2.89583,1.97529,1.47382,0.446721,1.29103,0.0154831,-1.29639,0.989884,1.45623,-1.2044,-1.06514,0.813302,-0.291028,-0.0154831,1.29639,-0.989884,-2.76034,1.57542,2.24877,-1.06385])
9.912474522085958
Max g: 2.496855100453388e-8
f_37([1.50254e-6,0.486633,-0.443101,-0.270981,-2.06877,3.31539,0.675049,-0.0200789,0.0200824,0.716555,0.209758,0.0733528,-0.145629,0.747207,-0.38312,-0.0164816,-0.743407,2.44116,-0.821614,2.95167,-1.42269,0.378849,0.413187,1.22324,-2.89583,1.97529,1.47382,0.446721,1.29103,0.0154831,-1.29639,0.989884,1.45623,-1.2044,-1.06514,0.813302,-0.291027,-0.0154831,1.29639,-0.989884,-2.76034,1.57542,2.24877,-1.06385])
9.912971652116054
Max g: 2.0526008892574055e-8
f_38([1.54823e-6,0.486633,-0.443101,-0.270981,-2.06877,3.31539,0.675049,-0.0200804,0.0200843,0.716555,0.209755,0.0733556,-0.145628,0.747207,-0.38312,-0.0164813,-0.743407,2.44116,-0.821614,2.95167,-1.42269,0.378849,0.413187,1.22324,-2.89583,1.97529,1.47382,0.44672,1.29103,0.0154831,-1.29639,0.989883,1.45623,-1.2044,-1.06514,0.813302,-0.291027,-0.0154831,1.29639,-0.989883,-2.76034,1.57542,2.24877,-1.06385])
9.91336935614013
Max g: 2.5129456071582013e-8
f_39([1.60875e-6,0.486633,-0.443101,-0.270981,-2.06877,3.31539,0.675049,-0.0200817,0.0200859,0.716556,0.209753,0.073358,-0.145628,0.747207,-0.38312,-0.0164811,-0.743407,2.44116,-0.821614,2.95167,-1.42269,0.378849,0.413187,1.22324,-2.89583,1.97529,1.47382,0.44672,1.29103,0.0154831,-1.29639,0.989883,1.45623,-1.2044,-1.06514,0.813302,-0.291027,-0.0154831,1.29639,-0.989883,-2.76034,1.57542,2.24877,-1.06385])
9.913468782146149
Max g: 2.688796452154918e-8
f_40([1.66202e-6,0.486633,-0.443101,-0.270981,-2.06877,3.31539,0.675049,-0.0200829,0.0200874,0.716556,0.209751,0.0733601,-0.145628,0.747207,-0.38312,-0.0164808,-0.743406,2.44116,-0.821614,2.95167,-1.42269,0.378849,0.413188,1.22324,-2.89583,1.97529,1.47382,0.44672,1.29103,0.0154831,-1.29639,0.989883,1.45623,-1.2044,-1.06514,0.813302,-0.291027,-0.0154831,1.29639,-0.989883,-2.76034,1.57542,2.24877,-1.06385])
9.91336935614013
{1.6620239666068894e-6,0.48663339159539054,-0.4431009710010073,-0.2709806410782302,-2.068772495814834,3.3153935387618945,0.6750490749017418,-0.020082933004652095,0.02008737724942109,0.716555737195207,0.20975141918013293,0.07336012199994162,-0.1456281236509461,0.7472067709254094,-0.38311984386378284,-0.016480811263520193,-0.7434062822630325,2.4411649907268007,-0.8216136059317681,2.9516730589339324,-1.422686087789978,0.37884936610736314,0.4131875910468414,1.2232412880017633,-2.8958258131972974,1.9752890016777847,1.47381700103998,0.4467198096578462,1.2910273019898009,0.01548312348483546,-1.2963936770941804,0.9898832478499895,1.4562294944902177,-1.2043961729416126,-1.0651351747538422,0.8133018614549911,-0.29102731481776706,-0.015483115799390755,1.2963936833557874,-0.9898832526783636,-2.760340229459447,1.5754200822329099,2.248769973927733,-1.063849828052683}]
Set[{A021,A031,A032,A041,A042,A043,A121,A131,A132,A141,A142,A143,B021,B031,B032,B041,B042,B043,B121,B131,B132,B141,B142,B143,\[Alpha]1,\[Alpha]2,\[Alpha]3,\[Alpha]4,\[Beta]11,\[Beta]12,\[Beta]13,\[Beta]14,\[Beta]21,\[Beta]22,\[Beta]23,\[Beta]24,\[Beta]31,\[Beta]32,\[Beta]33,\[Beta]34,\[Beta]41,\[Beta]42,\[Beta]43,\[Beta]44},{1.6620239666068894e-6,0.48663339159539054,-0.4431009710010073,-0.2709806410782302,-2.068772495814834,3.3153935387618945,0.6750490749017418,-0.020082933004652095,0.02008737724942109,0.716555737195207,0.20975141918013293,0.07336012199994162,-0.1456281236509461,0.7472067709254094,-0.38311984386378284,-0.016480811263520193,-0.7434062822630325,2.4411649907268007,-0.8216136059317681,2.9516730589339324,-1.422686087789978,0.37884936610736314,0.4131875910468414,1.2232412880017633,-2.8958258131972974,1.9752890016777847,1.47381700103998,0.4467198096578462,1.2910273019898009,0.01548312348483546,-1.2963936770941804,0.9898832478499895,1.4562294944902177,-1.2043961729416126,-1.0651351747538422,0.8133018614549911,-0.29102731481776706,-0.015483115799390755,1.2963936833557874,-0.9898832526783636,-2.760340229459447,1.5754200822329099,2.248769973927733,-1.063849828052683}]

Max g: 2.6050312795788955e-8
f_41([1.69972e-6,0.486633,-0.443101,-0.270981,-2.06877,3.31539,0.675049,-0.0200838,0.0200884,0.716556,0.20975,0.0733617,-0.145628,0.747207,-0.38312,-0.0164807,-0.743406,2.44117,-0.821614,2.95167,-1.42269,0.378849,0.413188,1.22324,-2.89583,1.97529,1.47382,0.44672,1.29103,0.0154831,-1.29639,0.989883,1.45623,-1.2044,-1.06514,0.813302,-0.291027,-0.0154831,1.29639,-0.989883,-2.76034,1.57542,2.24877,-1.06385])
9.913468782146149
Max g: 3.027439299252421e-8
f_42([1.75516e-6,0.486633,-0.443101,-0.270981,-2.06877,3.31539,0.675049,-0.020085,0.0200901,0.716556,0.209748,0.0733641,-0.145628,0.747207,-0.38312,-0.0164804,-0.743406,2.44117,-0.821614,2.95167,-1.42269,0.378849,0.413188,1.22324,-2.89583,1.97529,1.47382,0.446719,1.29103,0.0154831,-1.29639,0.989883,1.45623,-1.2044,-1.06513,0.813302,-0.291027,-0.0154831,1.29639,-0.989883,-2.76034,1.57542,2.24877,-1.06385])
9.913667634158188
Max g: 1.5684450183073295e-8
f_43([1.80667e-6,0.486634,-0.443101,-0.270981,-2.06877,3.31539,0.675049,-0.0200862,0.0200917,0.716556,0.209746,0.0733663,-0.145628,0.747207,-0.38312,-0.0164802,-0.743406,2.44117,-0.821614,2.95167,-1.42269,0.37885,0.413188,1.22324,-2.89583,1.97529,1.47382,0.446719,1.29103,0.0154831,-1.29639,0.989883,1.45623,-1.2044,-1.06513,0.813302,-0.291027,-0.0154831,1.29639,-0.989883,-2.76034,1.57542,2.24877,-1.06385])
9.913667634158188
Max g: 6.382928630088713e-9
f_44([1.85084e-6,0.486634,-0.443101,-0.270981,-2.06877,3.31539,0.675049,-0.0200874,0.0200932,0.716556,0.209744,0.0733685,-0.145627,0.747207,-0.38312,-0.0164799,-0.743405,2.44117,-0.821614,2.95167,-1.42269,0.37885,0.413188,1.22324,-2.89583,1.97529,1.47382,0.446719,1.29103,0.015483,-1.29639,0.989883,1.45623,-1.2044,-1.06513,0.813302,-0.291027,-0.015483,1.29639,-0.989883,-2.76034,1.57542,2.24877,-1.06385])
9.913767060164206
Max g: 2.082768232945613e-8
f_45([1.89622e-6,0.486634,-0.443101,-0.270981,-2.06877,3.31539,0.675049,-0.0200882,0.0200942,0.716557,0.209743,0.07337,-0.145627,0.747207,-0.38312,-0.0164798,-0.743405,2.44117,-0.821614,2.95167,-1.42269,0.37885,0.413188,1.22324,-2.89583,1.97529,1.47382,0.446719,1.29103,0.015483,-1.29639,0.989883,1.45623,-1.2044,-1.06513,0.813301,-0.291027,-0.015483,1.29639,-0.989883,-2.76034,1.57542,2.24877,-1.06385])
9.913866486170225
Max g: 1.7984879184182456e-7
f_46([1.91184e-6,0.486634,-0.443101,-0.270981,-2.06877,3.31539,0.675049,-0.020089,0.0200951,0.716557,0.209742,0.0733714,-0.145627,0.747207,-0.38312,-0.0164796,-0.743405,2.44117,-0.821614,2.95167,-1.42269,0.37885,0.413188,1.22324,-2.89582,1.97529,1.47382,0.446719,1.29103,0.015483,-1.29639,0.989883,1.45623,-1.2044,-1.06513,0.813301,-0.291027,-0.015483,1.29639,-0.989883,-2.76034,1.57542,2.24877,-1.06385])
9.913866486170225
Max g: 3.224115261645736e-7
{1.9124182017655106e-6,0.4866336629046148,-0.443100776319682,-0.2709805930061107,-2.068772382847744,3.3153936126431347,0.6750491191301023,-0.020089083114085516,0.020095244558352328,0.7165566568009698,0.20974159852791074,0.07337161086213408,-0.14562727076607898,0.7472065751520675,-0.3831200805140048,-0.016479592519905967,-0.7434049724196337,2.4411655705030837,-0.8216136972689729,2.9516737455451327,-1.4226861456530064,0.37884965495743295,0.41318809034138265,1.2232411758239057,-2.895824939745773,1.9752898335072557,1.4738165949127489,0.4467185105393388,1.2910272590307417,0.015483031095957358,-1.2963932668322184,0.9898829765795322,1.4562290651066039,-1.2043959682731729,-1.0651345865491901,0.8133014905212402,-0.2910272587241934,-0.015483031093104626,1.2963932649568382,-0.9898829752532486,-2.7603407337349934,1.575420362498578,2.248771572597092,-1.0638512024636453}]
Set[{A021,A031,A032,A041,A042,A043,A121,A131,A132,A141,A142,A143,B021,B031,B032,B041,B042,B043,B121,B131,B132,B141,B142,B143,\[Alpha]1,\[Alpha]2,\[Alpha]3,\[Alpha]4,\[Beta]11,\[Beta]12,\[Beta]13,\[Beta]14,\[Beta]21,\[Beta]22,\[Beta]23,\[Beta]24,\[Beta]31,\[Beta]32,\[Beta]33,\[Beta]34,\[Beta]41,\[Beta]42,\[Beta]43,\[Beta]44},{1.9124182017655106e-6,0.4866336629046148,-0.443100776319682,-0.2709805930061107,-2.068772382847744,3.3153936126431347,0.6750491191301023,-0.020089083114085516,0.020095244558352328,0.7165566568009698,0.20974159852791074,0.07337161086213408,-0.14562727076607898,0.7472065751520675,-0.3831200805140048,-0.016479592519905967,-0.7434049724196337,2.4411655705030837,-0.8216136972689729,2.9516737455451327,-1.4226861456530064,0.37884965495743295,0.41318809034138265,1.2232411758239057,-2.895824939745773,1.9752898335072557,1.4738165949127489,0.4467185105393388,1.2910272590307417,0.015483031095957358,-1.2963932668322184,0.9898829765795322,1.4562290651066039,-1.2043959682731729,-1.0651345865491901,0.8133014905212402,-0.2910272587241934,-0.015483031093104626,1.2963932649568382,-0.9898829752532486,-2.7603407337349934,1.575420362498578,2.248771572597092,-1.0638512024636453}]


-----------------Final Result------------------
Options: alg=LN_AUGLAG_EQ,dx=0.01,max_eval=100000000,popSize=0
imin=-12,jmin=-1,imax=1,jmax=1,
parameter_minmax=5,
randSeed=98248763,rand_minmax=3

4636163 steps

Completed with maxf : 9.913866486170225

Constraints at 3.4244133f-7

x = [1.9124182017655106e-6,0.4866336629046148,-0.443100776319682,-0.2709805930061107,-2.068772382847744,3.3153936126431347,0.6750491191301023,-0.020089083114085516,0.020095244558352328,0.7165566568009698,0.20974159852791074,0.07337161086213408,-0.14562727076607898,0.7472065751520675,-0.3831200805140048,-0.016479592519905967,-0.7434049724196337,2.4411655705030837,-0.8216136972689729,2.9516737455451327,-1.4226861456530064,0.37884965495743295,0.41318809034138265,1.2232411758239057,-2.895824939745773,1.9752898335072557,1.4738165949127489,0.4467185105393388,1.2910272590307417,0.015483031095957358,-1.2963932668322184,0.9898829765795322,1.4562290651066039,-1.2043959682731729,-1.0651345865491901,0.8133014905212402,-0.2910272587241934,-0.015483031093104626,1.2963932649568382,-0.9898829752532486,-2.7603407337349934,1.575420362498578,2.248771572597092,-1.0638512024636453]
c0 = [0.0,1.9124182017655106e-6,0.04353288658493282,0.9756406367892803]
c1 = [0.0,0.6750491191301023,6.161444266811894e-6,0.9996698661910146]
A0 = [0.0,1.9124182017655106e-6,0.4866336629046148,-0.2709805930061107,0.0,0.0,-0.443100776319682,-2.068772382847744,0.0,0.0,0.0,3.3153936126431347,0.0,0.0,0.0,0.0]
A1 = [0.0,0.6750491191301023,-0.020089083114085516,0.7165566568009698,0.0,0.0,0.020095244558352328,0.20974159852791074,0.0,0.0,0.0,0.07337161086213408,0.0,0.0,0.0,0.0]
B0 = [0.0,-0.14562727076607898,0.7472065751520675,-0.016479592519905967,0.0,0.0,-0.3831200805140048,-0.7434049724196337,0.0,0.0,0.0,2.4411655705030837,0.0,0.0,0.0,0.0]
B1 = [0.0,-0.8216136972689729,2.9516737455451327,0.37884965495743295,0.0,0.0,-1.4226861456530064,0.41318809034138265,0.0,0.0,0.0,1.2232411758239057,0.0,0.0,0.0,0.0]
α  = [-2.895824939745773,1.9752898335072557,1.4738165949127489,0.4467185105393388]
β1 = [1.2910272590307417,0.015483031095957358,-1.2963932668322184,0.9898829765795322]
β2 = [1.4562290651066039,-1.2043959682731729,-1.0651345865491901,0.8133014905212402]
β3 = [-0.2910272587241934,-0.015483031093104626,1.2963932649568382,-0.9898829752532486]
β4 = [-2.7603407337349934,1.575420362498578,2.248771572597092,-1.0638512024636453]


Set[{A021,A031,A032,A041,A042,A043,A121,A131,A132,A141,A142,A143,B021,B031,B032,B041,B042,B043,B121,B131,B132,B141,B142,B143,\[Alpha]1,\[Alpha]2,\[Alpha]3,\[Alpha]4,\[Beta]11,\[Beta]12,\[Beta]13,\[Beta]14,\[Beta]21,\[Beta]22,\[Beta]23,\[Beta]24,\[Beta]31,\[Beta]32,\[Beta]33,\[Beta]34,\[Beta]41,\[Beta]42,\[Beta]43,\[Beta]44},{1.9124182017655106e-6,0.4866336629046148,-0.443100776319682,-0.2709805930061107,-2.068772382847744,3.3153936126431347,0.6750491191301023,-0.020089083114085516,0.020095244558352328,0.7165566568009698,0.20974159852791074,0.07337161086213408,-0.14562727076607898,0.7472065751520675,-0.3831200805140048,-0.016479592519905967,-0.7434049724196337,2.4411655705030837,-0.8216136972689729,2.9516737455451327,-1.4226861456530064,0.37884965495743295,0.41318809034138265,1.2232411758239057,-2.895824939745773,1.9752898335072557,1.4738165949127489,0.4467185105393388,1.2910272590307417,0.015483031095957358,-1.2963932668322184,0.9898829765795322,1.4562290651066039,-1.2043959682731729,-1.0651345865491901,0.8133014905212402,-0.2910272587241934,-0.015483031093104626,1.2963932649568382,-0.9898829752532486,-2.7603407337349934,1.575420362498578,2.248771572597092,-1.0638512024636453}]



