
-----------------Setup------------------
Options: alg=LN_AUGLAG_EQ,dx=0.01,max_eval=100000000,popSize=0
imin=-6,jmin=-3,imax=1,jmax=3,
parameter_minmax=5,
randSeed=57852963, rand_minmax=1

Initial Condition:

[0.0432447,-0.0366427,0.83228,-0.1286,-0.453204,-0.169849,-0.144377,-0.131722,0.525665,-0.025973,0.667834,0.077257,0.918422,-0.237553,0.258,0.670254,-0.680572,-0.887886,0.848376,-0.380854,-0.0612508,0.774263,-0.890268,0.551192,0.332707,-0.00541827,0.459712,0.531362,-0.984768,-0.678594,-0.238141,-0.513578,-0.171025,0.130236,-0.194091,-0.153349,0.667604,-0.733286,-0.707328,0.536677,0.805761,-0.141751,-0.757547,-0.14269]

f_1([-1.04638e-5,-0.724501,0.748743,-0.185269,0.140774,1.04449,0.999965,0.224773,0.760377,-0.415333,0.52506,-0.0426229,-1.13386,-1.18307,-0.568849,-0.305961,-1.26859,-1.74276,2.05677,0.693399,-0.311826,0.87267,-0.165513,0.402232,2.54298,-0.931868,-1.09438,0.565807,1.1982,0.600458,0.557859,-1.31143,-1.11511,-0.372391,0.119582,1.37281,-0.209513,-0.627489,-0.521445,1.38249,1.47326,0.952053,-0.932229,-1.50163])
4.3333768493310005
Max g: 0.16947001531585482
f_2([0.00452085,-0.535832,0.665868,-0.18998,0.194353,0.995627,1.0,0.44901,0.55099,-0.107056,0.265643,-0.0888908,-1.1414,-1.27071,-0.725599,-0.266283,-1.24543,-1.74476,1.52128,0.971911,-0.384013,0.661457,-0.110167,0.234172,2.51664,-1.05469,-1.07254,0.690154,1.85459,0.930669,0.270422,-2.00559,-1.76101,-0.534388,0.274155,2.01889,-0.86682,-0.968381,-0.22304,2.07995,1.96307,1.65388,-1.53677,-2.07927])
5.489395942568377
Max g: 0.1704322038486854
f_3([-3.28015e-20,-0.38384,0.512096,-0.126863,0.286237,0.840626,1.0,0.884942,0.101027,0.107996,-0.013271,-0.0174818,-0.982166,-1.23158,-0.661853,0.0159084,-1.50309,-1.65146,1.26028,0.993985,-0.379013,0.507162,-0.0515245,0.180963,2.45904,-1.08336,-0.994725,0.620505,2.26642,1.2899,-0.130747,-2.42721,-2.29062,-0.733072,0.487561,2.53254,-1.2666,-1.29065,0.129383,2.43049,2.45452,2.46754,-2.30734,-2.61878])
9.585009292643502
Max g: 0.05085677611083465
f_4([2.61796e-5,-0.370845,0.511593,-0.106816,0.285679,0.820994,1.0,0.933475,0.0497499,0.0883847,-0.0193116,0.00551736,-0.988396,-1.23505,-0.645343,0.0335324,-1.49868,-1.62904,1.20844,0.975379,-0.371584,0.478784,-0.0366337,0.166467,2.4675,-1.09823,-1.01162,0.64234,2.3688,1.39313,-0.229966,-2.53318,-2.35801,-0.754223,0.521463,2.59136,-1.37007,-1.39389,0.230174,2.53474,2.67639,2.72313,-2.56034,-2.84124])
9.335183158834182
Max g: 0.04856836727739455
f_5([4.6499e-5,-0.370873,0.51167,-0.105733,0.286361,0.819095,0.999997,0.938626,0.0447891,0.087089,-0.0240351,0.00939827,-0.988352,-1.23582,-0.643974,0.0347151,-1.49991,-1.62733,1.18044,0.961609,-0.37092,0.461554,-0.0268391,0.161463,2.46846,-1.10017,-1.0109,0.642752,2.4307,1.46272,-0.298465,-2.59563,-2.42664,-0.786355,0.561476,2.65236,-1.43083,-1.46219,0.297931,2.59576,2.8074,2.86365,-2.69734,-2.97565])
9.315743375876155
Max g: 0.04288482662774473
f_6([0.000113913,-0.370941,0.511709,-0.104714,0.286007,0.817935,1.0,0.944851,0.0392672,0.086872,-0.0278346,0.0115166,-0.985108,-1.23459,-0.645395,0.0359143,-1.49993,-1.62754,1.15834,0.952173,-0.370839,0.446897,-0.0197692,0.158299,2.47057,-1.10198,-1.01174,0.642968,2.48346,1.51915,-0.354356,-2.64904,-2.48431,-0.811632,0.594079,2.70279,-1.48255,-1.51846,0.353949,2.64783,2.91518,2.98144,-2.81147,-3.08668])
9.352429735509766
Max g: 0.03808118616902578
f_7([0.000202854,-0.371722,0.512286,-0.103321,0.287532,0.815061,0.999999,0.949295,0.0351378,0.0854502,-0.0293027,0.0127537,-0.98309,-1.23364,-0.641018,0.0360109,-1.49902,-1.62439,1.13879,0.942258,-0.370757,0.434265,-0.0127811,0.154848,2.47401,-1.10274,-1.01443,0.643189,2.53152,1.57141,-0.406746,-2.69696,-2.53832,-0.83567,0.623909,2.75077,-1.53113,-1.57177,0.40706,2.69657,3.0195,3.08909,-2.91682,-3.19328])
9.370374150547946
Max g: 0.03373580180484481
f_8([7.69642e-5,-0.371752,0.51279,-0.100916,0.286994,0.813868,0.999999,0.951735,0.0331246,0.0857133,-0.0326095,0.0143726,-0.982014,-1.23439,-0.640403,0.0355469,-1.49909,-1.62378,1.1256,0.93603,-0.370645,0.425661,-0.00792926,0.152169,2.4746,-1.1029,-1.01489,0.643193,2.56628,1.60808,-0.443924,-2.73092,-2.57642,-0.852432,0.645562,2.78389,-1.56589,-1.6079,0.443886,2.73045,3.09307,3.16572,-2.99212,-3.2679])
9.392007139788417
Max g: 0.030529226427090328
f_9([0.000101849,-0.372055,0.512945,-0.0995536,0.28814,0.811398,1.0,0.954057,0.0311137,0.0856393,-0.0347507,0.0153046,-0.981694,-1.23469,-0.639805,0.0340794,-1.49807,-1.6233,1.11381,0.930459,-0.370616,0.417684,-0.00353834,0.149996,2.47485,-1.10278,-1.01514,0.643103,2.59854,1.64203,-0.478638,-2.76245,-2.61114,-0.867792,0.665486,2.81412,-1.59828,-1.64202,0.478588,2.76214,3.15962,3.23562,-3.06178,-3.33457])
9.414038893807515
Max g: 0.027627544869907372
f_10([4.0296e-5,-0.373006,0.514384,-0.0984572,0.288851,0.809429,0.999999,0.955816,0.0296833,0.084989,-0.0356944,0.0156979,-0.979817,-1.23497,-0.639698,0.0343318,-1.49778,-1.62277,1.10324,0.925205,-0.370572,0.410806,0.000480122,0.147709,2.47644,-1.10351,-1.01661,0.64382,2.628,1.67317,-0.510217,-2.7914,-2.64261,-0.881547,0.683256,2.84135,-1.62742,-1.67286,0.510181,2.79049,3.22311,3.30064,-3.12613,-3.39861])
9.42550338119302
{4.029599896749046e-5,-0.37300622774099557,0.5143842178782413,-0.09845717454563555,0.28885133800806095,0.8094291818159903,0.9999991994383539,0.9558158791541812,0.029683305990590127,0.08498904142255312,-0.03569443380008586,0.01569788634151934,-0.9798173859161864,-1.2349669350192811,-0.639698216310014,0.03433177215614396,-1.497780899817297,-1.622772828565618,1.103239800507371,0.9252051727551346,-0.3705721286150187,0.4108058632063951,0.00048012180750633705,0.14770908779823447,2.476442175933896,-1.1035139428897593,-1.0166054403564482,0.6438198098419077,2.62800491185568,1.6731726122495714,-0.5102166985466993,-2.7913982231590677,-2.642611116549288,-0.8815472977143636,0.6832558955832413,2.8413526846233523,-1.6274235670743198,-1.6728561810191627,0.5101808130126535,2.79049227735118,3.2231102102311984,3.3006355668847704,-3.12612891124714,-3.398610575455843}]
Set[{A021,A031,A032,A041,A042,A043,A121,A131,A132,A141,A142,A143,B021,B031,B032,B041,B042,B043,B121,B131,B132,B141,B142,B143,\[Alpha]1,\[Alpha]2,\[Alpha]3,\[Alpha]4,\[Beta]11,\[Beta]12,\[Beta]13,\[Beta]14,\[Beta]21,\[Beta]22,\[Beta]23,\[Beta]24,\[Beta]31,\[Beta]32,\[Beta]33,\[Beta]34,\[Beta]41,\[Beta]42,\[Beta]43,\[Beta]44},{4.029599896749046e-5,-0.37300622774099557,0.5143842178782413,-0.09845717454563555,0.28885133800806095,0.8094291818159903,0.9999991994383539,0.9558158791541812,0.029683305990590127,0.08498904142255312,-0.03569443380008586,0.01569788634151934,-0.9798173859161864,-1.2349669350192811,-0.639698216310014,0.03433177215614396,-1.497780899817297,-1.622772828565618,1.103239800507371,0.9252051727551346,-0.3705721286150187,0.4108058632063951,0.00048012180750633705,0.14770908779823447,2.476442175933896,-1.1035139428897593,-1.0166054403564482,0.6438198098419077,2.62800491185568,1.6731726122495714,-0.5102166985466993,-2.7913982231590677,-2.642611116549288,-0.8815472977143636,0.6832558955832413,2.8413526846233523,-1.6274235670743198,-1.6728561810191627,0.5101808130126535,2.79049227735118,3.2231102102311984,3.3006355668847704,-3.12612891124714,-3.398610575455843}]

Max g: 0.025069995745856777
f_11([0.000159227,-0.373061,0.514666,-0.0969653,0.288566,0.808339,1.0,0.957022,0.0288346,0.0842222,-0.0361324,0.0159498,-0.978628,-1.23661,-0.639255,0.0330181,-1.49687,-1.62225,1.09348,0.920435,-0.370578,0.404692,0.00444064,0.145274,2.4767,-1.10437,-1.01679,0.644243,2.6559,1.70344,-0.540877,-2.81883,-2.67176,-0.895074,0.700196,2.867,-1.65562,-1.70319,0.540706,2.81838,3.28292,3.36304,-3.18741,-3.45947])
9.428195043448746
Max g: 0.022675324388819584
f_12([0.000134922,-0.373129,0.51468,-0.0955606,0.288753,0.806751,1.0,0.958193,0.0278016,0.0837363,-0.0368693,0.0163699,-0.977763,-1.23668,-0.638139,0.0326114,-1.49655,-1.62133,1.08453,0.915888,-0.370402,0.399308,0.00809021,0.142727,2.47785,-1.10444,-1.01773,0.644328,2.68182,1.73121,-0.568415,-2.84501,-2.69901,-0.907449,0.715802,2.89093,-1.68211,-1.73134,0.56859,2.84514,3.33864,3.42105,-3.24469,-3.51574])
9.435372809464017
Max g: 0.020545835452303596
f_13([1.02454e-5,-0.373264,0.514842,-0.0944883,0.288908,0.805576,1.0,0.958362,0.0273687,0.083273,-0.0372123,0.0166685,-0.976834,-1.23638,-0.63723,0.033202,-1.49624,-1.62138,1.07879,0.912828,-0.370233,0.395288,0.0099414,0.142055,2.47896,-1.10542,-1.01762,0.644037,2.69954,1.7495,-0.586952,-2.86245,-2.71652,-0.915059,0.725346,2.90664,-1.69946,-1.74936,0.58687,2.86219,3.3759,3.45878,-3.28288,-3.55256])
9.436668794994553
Max g: 0.01921827282739408
f_14([1.46905e-5,-0.372189,0.513666,-0.0904354,0.289123,0.801288,1.0,0.960481,0.0253917,0.0816842,-0.0358861,0.0159802,-0.976801,-1.23581,-0.632502,0.0344092,-1.49456,-1.62041,1.07207,0.907825,-0.369872,0.391513,0.0130116,0.139813,2.48062,-1.10568,-1.019,0.644043,2.71947,1.77037,-0.608867,-2.88126,-2.73658,-0.924145,0.737694,2.92347,-1.72028,-1.77087,0.609191,2.88228,3.42443,3.50227,-3.3274,-3.60005])
9.462389123215942
Max g: 0.017564983921485866
f_15([1.20826e-5,-0.372234,0.514434,-0.0892269,0.289501,0.799695,1.0,0.961633,0.0248986,0.0805175,-0.036236,0.0158049,-0.974805,-1.23613,-0.632157,0.0336698,-1.49389,-1.61885,1.06165,0.903149,-0.369735,0.383672,0.0164433,0.138562,2.4821,-1.10586,-1.02133,0.645087,2.75428,1.8041,-0.644503,-2.91418,-2.76945,-0.937223,0.756213,2.95046,-1.75448,-1.80448,0.644853,2.9144,3.49474,3.57422,-3.39995,-3.6697])
9.483124891704506
Max g: 0.014975771573965568
f_16([3.60342e-5,-0.371789,0.514812,-0.0880538,0.290048,0.797998,1.0,0.96241,0.0244895,0.0794444,-0.0362303,0.0155381,-0.974904,-1.23672,-0.632192,0.0354666,-1.49377,-1.61955,1.05257,0.898737,-0.36992,0.378185,0.0209387,0.134946,2.48231,-1.10681,-1.02181,0.646148,2.78486,1.83471,-0.676543,-2.94322,-2.79907,-0.949562,0.773316,2.97541,-1.78437,-1.83449,0.676231,2.94279,3.55745,3.63692,-3.46305,-3.73177])
9.492994319975503
Max g: 0.01290218568415269
f_17([6.68965e-6,-0.372319,0.515004,-0.0869546,0.290539,0.796274,1.0,0.963915,0.0235477,0.0780344,-0.0362448,0.0156684,-0.973979,-1.23633,-0.631032,0.0339124,-1.49214,-1.61882,1.04415,0.894782,-0.369945,0.371273,0.0231532,0.135148,2.48313,-1.10634,-1.02274,0.645905,2.81344,1.86304,-0.706192,-2.97051,-2.82751,-0.961043,0.789112,2.99948,-1.81277,-1.86263,0.705802,2.96961,3.61749,3.69724,-3.52331,-3.79155])
9.496383820593827
Max g: 0.010790595148086668
f_18([5.34616e-6,-0.371746,0.515737,-0.0867215,0.291636,0.79501,1.0,0.964911,0.0229642,0.0763182,-0.0353812,0.0154547,-0.973326,-1.23709,-0.631277,0.0341842,-1.49161,-1.61791,1.03635,0.891241,-0.369841,0.366445,0.026635,0.13247,2.48411,-1.10774,-1.02384,0.647465,2.84052,1.89027,-0.734224,-2.99672,-2.85443,-0.972272,0.803998,3.02258,-1.83977,-1.89019,0.734183,2.99598,3.67407,3.75591,-3.58182,-3.84859])
9.489804201746495
Max g: 0.009180607455254064
f_19([0.00012775,-0.37188,0.515756,-0.0858693,0.291928,0.793887,1.0,0.965797,0.0227164,0.0754252,-0.0353776,0.0153486,-0.973076,-1.23716,-0.630399,0.0339479,-1.49107,-1.61764,1.03093,0.887879,-0.369121,0.363181,0.0287468,0.130727,2.48422,-1.10726,-1.02465,0.647581,2.86005,1.90875,-0.7539,-3.0149,-2.87322,-0.980788,0.814663,3.03941,-1.85967,-1.90872,0.754108,3.0145,3.71358,3.79591,-3.6225,-3.88734])
9.498078570902988
Max g: 0.007107129358475461
f_20([7.52474e-5,-0.371662,0.515548,-0.0849849,0.292299,0.792686,1.0,0.967239,0.0221823,0.0744492,-0.0360861,0.015752,-0.9719,-1.2378,-0.629834,0.0335844,-1.4917,-1.61631,1.02329,0.884667,-0.369229,0.35726,0.0312073,0.130118,2.48557,-1.10811,-1.0251,0.647723,2.88827,1.93684,-0.783112,-3.04198,-2.89711,-0.990793,0.828816,3.05919,-1.88743,-1.93633,0.782533,3.04132,3.77119,3.85562,-3.68115,-3.94596])
9.501368380326655
{7.524735366439401e-5,-0.371662009716943,0.5155482800321858,-0.08498493578653289,0.2922985684540425,0.7926863673324884,0.9999999999999989,0.9672386579745206,0.022182324071578666,0.07444922009091802,-0.036086056071199156,0.01575199531350936,-0.9719003571141338,-1.2378008102772118,-0.6298343368203881,0.03358440378989514,-1.4916964599388198,-1.6163100403937705,1.0232862795813251,0.8846666322114731,-0.36922892953789505,0.35725958430614674,0.031207269489823785,0.13011812012426224,2.485571223001211,-1.1081116738887875,-1.0251041114842703,0.6477228834170987,2.8882706925158885,1.9368449440059152,-0.7831123443753055,-3.0419817005336736,-2.897114749970954,-0.990792653357558,0.8288160623385876,3.0591889079160635,-1.887434271733401,-1.9363263362736745,0.782533085826418,3.041322930634414,3.7711881825060267,3.8556165901343307,-3.681145059945044,-3.945957951253891}]
Set[{A021,A031,A032,A041,A042,A043,A121,A131,A132,A141,A142,A143,B021,B031,B032,B041,B042,B043,B121,B131,B132,B141,B142,B143,\[Alpha]1,\[Alpha]2,\[Alpha]3,\[Alpha]4,\[Beta]11,\[Beta]12,\[Beta]13,\[Beta]14,\[Beta]21,\[Beta]22,\[Beta]23,\[Beta]24,\[Beta]31,\[Beta]32,\[Beta]33,\[Beta]34,\[Beta]41,\[Beta]42,\[Beta]43,\[Beta]44},{7.524735366439401e-5,-0.371662009716943,0.5155482800321858,-0.08498493578653289,0.2922985684540425,0.7926863673324884,0.9999999999999989,0.9672386579745206,0.022182324071578666,0.07444922009091802,-0.036086056071199156,0.01575199531350936,-0.9719003571141338,-1.2378008102772118,-0.6298343368203881,0.03358440378989514,-1.4916964599388198,-1.6163100403937705,1.0232862795813251,0.8846666322114731,-0.36922892953789505,0.35725958430614674,0.031207269489823785,0.13011812012426224,2.485571223001211,-1.1081116738887875,-1.0251041114842703,0.6477228834170987,2.8882706925158885,1.9368449440059152,-0.7831123443753055,-3.0419817005336736,-2.897114749970954,-0.990792653357558,0.8288160623385876,3.0591889079160635,-1.887434271733401,-1.9363263362736745,0.782533085826418,3.041322930634414,3.7711881825060267,3.8556165901343307,-3.681145059945044,-3.945957951253891}]

Max g: 0.005434261391830286
f_21([2.12265e-5,-0.371575,0.515342,-0.0843141,0.292613,0.79167,1.0,0.9682,0.0214693,0.073549,-0.0361248,0.0159012,-0.971801,-1.23794,-0.628496,0.0341836,-1.49201,-1.61602,1.0187,0.881999,-0.368918,0.354005,0.0327013,0.129541,2.48588,-1.10843,-1.02487,0.647406,2.90482,1.95337,-0.800734,-3.05755,-2.91248,-0.997369,0.837947,3.07195,-1.90458,-1.95325,0.800591,3.05734,3.80716,3.89148,-3.71763,-3.98121])
9.504558498555664
Max g: 0.004286040654542189
f_22([2.01828e-5,-0.371573,0.515399,-0.0841433,0.29287,0.791273,1.0,0.968148,0.0214544,0.0735353,-0.0363344,0.0159848,-0.97174,-1.23818,-0.628237,0.0342121,-1.49206,-1.61591,1.01706,0.88106,-0.368764,0.352853,0.033137,0.129426,2.48593,-1.1084,-1.02501,0.647466,2.91094,1.9595,-0.806853,-3.06366,-2.91676,-0.9991,0.840405,3.07553,-1.91079,-1.95943,0.80677,3.06354,3.82027,3.90465,-3.73105,-3.99405])
9.506851396032765
Max g: 0.004107478324022029
f_23([7.10942e-6,-0.371604,0.515383,-0.0841205,0.292817,0.791299,1.0,0.968293,0.0214622,0.073353,-0.0363529,0.0159827,-0.971554,-1.23818,-0.628179,0.0342757,-1.49203,-1.61607,1.01587,0.880512,-0.368753,0.351951,0.033506,0.129319,2.48605,-1.10839,-1.02504,0.647389,2.91544,1.96387,-0.811433,-3.06794,-2.92063,-1.00059,0.842551,3.07872,-1.91532,-1.96383,0.811381,3.06783,3.82979,3.91421,-3.74043,-4.0037])
9.507349852006048
Max g: 0.0039027609416062425
f_24([2.83667e-6,-0.371498,0.515284,-0.0840405,0.292857,0.791163,1.0,0.968276,0.0215242,0.07324,-0.0364095,0.0159865,-0.971437,-1.23831,-0.628167,0.0342918,-1.49199,-1.61611,1.01475,0.879897,-0.368736,0.351168,0.033928,0.129127,2.48611,-1.10846,-1.02506,0.647425,2.91953,1.96805,-0.815759,-3.07188,-2.92441,-1.00227,0.844828,3.08191,-1.91942,-1.96803,0.815746,3.07178,3.83863,3.92303,-3.74937,-4.01242])
9.50695108722742
Max g: 0.003624760586210196
f_25([2.39131e-5,-0.371446,0.515319,-0.0838601,0.292811,0.791041,1.0,0.96834,0.021506,0.073116,-0.0364258,0.0159895,-0.971302,-1.2385,-0.628211,0.0340394,-1.49179,-1.61605,1.01375,0.879363,-0.368722,0.350457,0.0342789,0.128991,2.48616,-1.10858,-1.02513,0.647534,2.92332,1.9719,-0.819737,-3.07553,-2.92792,-1.00385,0.84687,3.08497,-1.92322,-1.97187,0.819694,3.07547,3.84666,3.93103,-3.7574,-4.02041])
9.50784830797933
Max g: 0.003353786899598532
f_26([2.40098e-5,-0.371483,0.515332,-0.0840208,0.292797,0.79111,1.0,0.968459,0.0213703,0.0731805,-0.0366172,0.0160683,-0.971302,-1.23857,-0.628123,0.0340788,-1.4917,-1.61611,1.0132,0.879025,-0.368701,0.350171,0.0345494,0.128746,2.48621,-1.10868,-1.02508,0.647542,2.92532,1.97398,-0.821837,-3.07752,-2.9297,-1.00464,0.847846,3.08654,-1.9253,-1.97397,0.821813,3.07752,3.85111,3.93534,-3.76179,-4.02477])
9.508845219925895
Max g: 0.003231216286649796
f_27([3.75039e-5,-0.371464,0.515352,-0.0839887,0.292814,0.791104,1.0,0.968525,0.0213754,0.0731079,-0.0367199,0.0161344,-0.97125,-1.23855,-0.628168,0.034108,-1.49178,-1.616,1.01263,0.878748,-0.368703,0.349738,0.0347421,0.12869,2.48626,-1.10873,-1.02514,0.647595,2.92748,1.97611,-0.824107,-3.07955,-2.93168,-1.00546,0.849006,3.08818,-1.9275,-1.97612,0.824108,3.07957,3.85567,3.93988,-3.76632,-4.02932])
9.508047690368644
Max g: 0.0030997752134998002
f_28([4.31819e-5,-0.371451,0.515368,-0.0839246,0.292806,0.791082,1.0,0.968595,0.0213498,0.0730417,-0.0367295,0.0161218,-0.971246,-1.2386,-0.628172,0.0341141,-1.4918,-1.616,1.01207,0.878473,-0.36869,0.349339,0.0349377,0.128603,2.48627,-1.10874,-1.02513,0.647608,2.92957,1.97822,-0.826286,-3.08156,-2.93358,-1.00628,0.850124,3.08978,-1.92959,-1.97822,0.826281,3.08156,3.86006,3.94441,-3.77082,-4.03376])
9.508944911120553
Max g: 0.002963323986642674
f_29([2.60286e-5,-0.371497,0.515364,-0.0839621,0.292815,0.791018,1.0,0.968649,0.0213315,0.0729806,-0.0367516,0.0161319,-0.971209,-1.23861,-0.628232,0.034053,-1.49184,-1.61598,1.01153,0.878185,-0.368696,0.348934,0.0351126,0.128579,2.48625,-1.10872,-1.02512,0.647587,2.93158,1.98032,-0.828456,-3.08349,-2.93541,-1.00714,0.851221,3.09137,-1.93163,-1.98033,0.828445,3.08354,3.86431,3.94871,-3.77512,-4.03801])
9.508546146341926
Max g: 0.0028329861237249565
f_30([4.12588e-5,-0.371453,0.515356,-0.0839069,0.292795,0.791018,1.0,0.96862,0.0213817,0.0729291,-0.0367696,0.0161269,-0.971193,-1.23868,-0.628216,0.0340569,-1.49178,-1.61603,1.01101,0.877905,-0.368673,0.348537,0.0352587,0.128567,2.48625,-1.10868,-1.02519,0.647634,2.93358,1.9823,-0.830499,-3.08544,-2.93724,-1.00793,0.852271,3.09293,-1.93355,-1.98228,0.830484,3.08539,3.86853,3.95291,-3.77938,-4.04216])
9.508845219925895
{4.12587719673913e-5,-0.3714531812114359,0.5153560634450829,-0.08390685736266978,0.29279540169109525,0.7910179758464075,0.9999999444901102,0.9686203672587368,0.02138172884090621,0.07292906547898892,-0.036769578625243195,0.016126897707508147,-0.971193401150975,-1.2386764044980405,-0.6282164915964484,0.03405686458350284,-1.4917800845251097,-1.616027027085773,1.011010062989372,0.8779046808012446,-0.3686729908070511,0.3485367674035486,0.035258722024963156,0.1285669615966701,2.4862469608769437,-1.108680937385509,-1.025190574671656,0.6476337442207942,2.9335841699955396,1.9823035137464133,-0.8304991163356359,-3.085439876589135,-2.9372398429510373,-1.0079317409792787,0.8522706165639946,3.0929293606427968,-1.9335493422441243,-1.9822784909139761,0.8304844935582985,3.085385471467901,3.8685258772043745,3.952912697806024,-3.7793754740582344,-4.042160210875505}]
Set[{A021,A031,A032,A041,A042,A043,A121,A131,A132,A141,A142,A143,B021,B031,B032,B041,B042,B043,B121,B131,B132,B141,B142,B143,\[Alpha]1,\[Alpha]2,\[Alpha]3,\[Alpha]4,\[Beta]11,\[Beta]12,\[Beta]13,\[Beta]14,\[Beta]21,\[Beta]22,\[Beta]23,\[Beta]24,\[Beta]31,\[Beta]32,\[Beta]33,\[Beta]34,\[Beta]41,\[Beta]42,\[Beta]43,\[Beta]44},{4.12587719673913e-5,-0.3714531812114359,0.5153560634450829,-0.08390685736266978,0.29279540169109525,0.7910179758464075,0.9999999444901102,0.9686203672587368,0.02138172884090621,0.07292906547898892,-0.036769578625243195,0.016126897707508147,-0.971193401150975,-1.2386764044980405,-0.6282164915964484,0.03405686458350284,-1.4917800845251097,-1.616027027085773,1.011010062989372,0.8779046808012446,-0.3686729908070511,0.3485367674035486,0.035258722024963156,0.1285669615966701,2.4862469608769437,-1.108680937385509,-1.025190574671656,0.6476337442207942,2.9335841699955396,1.9823035137464133,-0.8304991163356359,-3.085439876589135,-2.9372398429510373,-1.0079317409792787,0.8522706165639946,3.0929293606427968,-1.9335493422441243,-1.9822784909139761,0.8304844935582985,3.085385471467901,3.8685258772043745,3.952912697806024,-3.7793754740582344,-4.042160210875505}]

Max g: 0.0027006992869581525
f_31([4.48435e-5,-0.371433,0.51534,-0.0838718,0.292812,0.79102,1.0,0.96867,0.0213606,0.072835,-0.0367298,0.0161081,-0.971174,-1.23876,-0.628136,0.0340792,-1.49183,-1.61603,1.01051,0.877651,-0.368657,0.3482,0.035453,0.128449,2.48623,-1.10866,-1.02519,0.647615,2.93551,1.98423,-0.832512,-3.08728,-2.93899,-1.0087,0.853272,3.09445,-1.93546,-1.98421,0.832482,3.08724,3.87255,3.95702,-3.78349,-4.04617])
9.5081473815633
Max g: 0.002571761987558263
f_32([3.43537e-5,-0.371378,0.515277,-0.0839099,0.292841,0.791001,1.0,0.968681,0.0214196,0.0727484,-0.0367519,0.016115,-0.97118,-1.2389,-0.628086,0.0339987,-1.4918,-1.61608,1.01001,0.877432,-0.368664,0.347809,0.0356168,0.128407,2.4862,-1.10861,-1.02519,0.647609,2.93737,1.98603,-0.834423,-3.08902,-2.94079,-1.00942,0.854313,3.09594,-1.9374,-1.98607,0.834473,3.08905,3.87653,3.96101,-3.78748,-4.05016])
9.508047690368644
Max g: 0.002453105442085435
f_33([1.42625e-6,-0.371322,0.515212,-0.0838769,0.292778,0.790971,1.0,0.968734,0.0213629,0.0727134,-0.0368047,0.0161323,-0.971113,-1.23893,-0.627998,0.0339678,-1.49169,-1.61609,1.00952,0.877151,-0.368651,0.347457,0.0357891,0.128342,2.48628,-1.10869,-1.02518,0.647603,2.93924,1.98789,-0.83638,-3.09079,-2.94246,-1.01013,0.85527,3.09735,-1.93922,-1.98788,0.836372,3.09077,3.88048,3.96484,-3.79141,-4.05399])
9.507947999173988
Max g: 0.002341345942673767
f_34([1.84916e-5,-0.371189,0.515164,-0.0838763,0.29279,0.790984,1.0,0.968741,0.0214094,0.0726562,-0.036862,0.0161555,-0.971117,-1.23892,-0.628017,0.0339752,-1.49162,-1.61607,1.00903,0.876906,-0.368648,0.347116,0.0359949,0.128216,2.48628,-1.10868,-1.02529,0.647691,2.94118,1.98977,-0.83838,-3.09261,-2.94423,-1.01087,0.856293,3.09884,-1.94115,-1.98975,0.838366,3.09256,3.8845,3.96886,-3.79545,-4.05799])
9.508546146341926
Max g: 0.0022119304318570787
f_35([3.34617e-5,-0.371142,0.515165,-0.0838998,0.29287,0.79103,1.0,0.968817,0.0213897,0.0725644,-0.0368356,0.016145,-0.971097,-1.23892,-0.627986,0.0339203,-1.49154,-1.61604,1.00854,0.876688,-0.368633,0.34676,0.0361514,0.128149,2.48629,-1.10864,-1.02537,0.647716,2.94304,1.9916,-0.840269,-3.09441,-2.94599,-1.01159,0.857245,3.10036,-1.94305,-1.99161,0.840278,3.09442,3.88836,3.97286,-3.79937,-4.06192])
9.508645837536584
Max g: 0.002098414673427529
f_36([4.14021e-5,-0.371193,0.515202,-0.0839254,0.292883,0.790974,1.0,0.968842,0.0213836,0.0724791,-0.0367742,0.0161083,-0.971108,-1.23898,-0.627987,0.0339122,-1.4915,-1.61605,1.00807,0.876436,-0.368641,0.346397,0.0362923,0.128144,2.48631,-1.1087,-1.02535,0.647753,2.9448,1.99341,-0.842121,-3.09611,-2.94759,-1.01232,0.858193,3.10174,-1.94478,-1.99341,0.842126,3.0961,3.89213,3.97659,-3.80311,-4.06567])
9.507947999173988
Max g: 0.001967718704586563
f_37([4.00363e-6,-0.371199,0.515284,-0.0839105,0.292914,0.790975,1.0,0.96886,0.0214223,0.0724438,-0.0368595,0.0161356,-0.971025,-1.23902,-0.628091,0.0339127,-1.49155,-1.6161,1.00768,0.876241,-0.368637,0.346147,0.0364883,0.127991,2.4863,-1.10871,-1.02535,0.64775,2.94637,1.99491,-0.84375,-3.09755,-2.94898,-1.01288,0.859033,3.10285,-1.94629,-1.99486,0.843725,3.09746,3.89535,3.97978,-3.80635,-4.06887])
9.5081473815633
Max g: 0.0018867083454291445
f_38([1.74884e-5,-0.3712,0.515268,-0.083899,0.292888,0.790994,1.0,0.968893,0.0214243,0.0724308,-0.0369215,0.0161569,-0.970983,-1.23901,-0.628098,0.0338908,-1.49153,-1.61609,1.00739,0.876106,-0.368633,0.34594,0.0365888,0.12794,2.48633,-1.10871,-1.02536,0.647751,2.94744,1.99595,-0.844865,-3.09856,-2.94998,-1.01328,0.859587,3.1037,-1.94744,-1.99596,0.844865,3.09856,3.89768,3.98211,-3.80866,-4.0712])
9.508247072757957
Max g: 0.0018171055349696097
f_39([3.89661e-6,-0.37124,0.515294,-0.0839438,0.29289,0.791006,1.0,0.968872,0.0214758,0.0724044,-0.0369535,0.0161664,-0.970977,-1.239,-0.628051,0.0338827,-1.49152,-1.61606,1.00711,0.87598,-0.368631,0.345711,0.0366623,0.127944,2.48635,-1.10871,-1.02538,0.647747,2.94852,1.997,-0.84596,-3.09959,-2.95098,-1.01369,0.860144,3.10454,-1.94852,-1.99701,0.845969,3.09959,3.89991,3.98438,-3.8109,-4.07345])
9.50844645514727
Max g: 0.0017396718602431527
f_40([7.4659e-6,-0.37121,0.515279,-0.0839752,0.292932,0.791017,1.0,0.968899,0.0214555,0.0723648,-0.0369531,0.0161705,-0.970979,-1.23903,-0.628064,0.0339004,-1.49154,-1.61608,1.00684,0.875828,-0.368628,0.345508,0.0367468,0.127932,2.48635,-1.10873,-1.02536,0.647748,2.94954,1.99805,-0.84705,-3.10056,-2.95191,-1.0141,0.860699,3.10534,-1.94955,-1.99806,0.847058,3.10058,3.90212,3.98656,-3.81312,-4.07562])
9.508047690368644
{7.4658950652937e-6,-0.37121022218680033,0.5152791024701229,-0.08397524197966436,0.2929324765912838,0.7910171220503244,0.9999999187038473,0.9688994022432342,0.021455463235510647,0.07236475949756016,-0.03695305868310327,0.016170549459356157,-0.9709788005663452,-1.2390302262983297,-0.6280643088333591,0.033900398106083675,-1.4915404909187246,-1.6160772244526165,1.0068412725357008,0.875828115894176,-0.3686277031624464,0.34550843914885965,0.036746786956498745,0.12793160490269878,2.486345649224143,-1.1087278859847598,-1.025359463470495,0.6477482794538278,2.949536051681048,1.9980503130741203,-0.8470499859133098,-3.100562351624772,-2.9519077699096594,-1.0141035705017478,0.8606985027360414,3.1053405441787807,-1.9495523471195628,-1.998058528425843,0.8470575392125108,3.1005807954923545,3.902119416383196,3.986564948238349,-3.8131196296623355,-4.075624503819295}]
Set[{A021,A031,A032,A041,A042,A043,A121,A131,A132,A141,A142,A143,B021,B031,B032,B041,B042,B043,B121,B131,B132,B141,B142,B143,\[Alpha]1,\[Alpha]2,\[Alpha]3,\[Alpha]4,\[Beta]11,\[Beta]12,\[Beta]13,\[Beta]14,\[Beta]21,\[Beta]22,\[Beta]23,\[Beta]24,\[Beta]31,\[Beta]32,\[Beta]33,\[Beta]34,\[Beta]41,\[Beta]42,\[Beta]43,\[Beta]44},{7.4658950652937e-6,-0.37121022218680033,0.5152791024701229,-0.08397524197966436,0.2929324765912838,0.7910171220503244,0.9999999187038473,0.9688994022432342,0.021455463235510647,0.07236475949756016,-0.03695305868310327,0.016170549459356157,-0.9709788005663452,-1.2390302262983297,-0.6280643088333591,0.033900398106083675,-1.4915404909187246,-1.6160772244526165,1.0068412725357008,0.875828115894176,-0.3686277031624464,0.34550843914885965,0.036746786956498745,0.12793160490269878,2.486345649224143,-1.1087278859847598,-1.025359463470495,0.6477482794538278,2.949536051681048,1.9980503130741203,-0.8470499859133098,-3.100562351624772,-2.9519077699096594,-1.0141035705017478,0.8606985027360414,3.1053405441787807,-1.9495523471195628,-1.998058528425843,0.8470575392125108,3.1005807954923545,3.902119416383196,3.986564948238349,-3.8131196296623355,-4.075624503819295}]

Max g: 0.0016810437732669437
f_41([1.35856e-5,-0.371241,0.515285,-0.083967,0.292908,0.791012,1.0,0.968938,0.0214381,0.0723272,-0.0369677,0.0161806,-0.970946,-1.23902,-0.628083,0.0339163,-1.49157,-1.61609,1.00657,0.875683,-0.368625,0.345327,0.0368495,0.127879,2.48635,-1.10871,-1.02538,0.647739,2.95057,1.99908,-0.848122,-3.10155,-2.95284,-1.01451,0.86124,3.10613,-1.95056,-1.99908,0.848126,3.10154,3.9043,3.98873,-3.81528,-4.0778])
9.50784830797933
Max g: 0.001617268160305052
f_42([4.67208e-5,-0.371261,0.515261,-0.0840113,0.292934,0.791043,1.0,0.968965,0.0214464,0.0722946,-0.0369786,0.0161738,-0.970948,-1.23903,-0.628106,0.0339073,-1.49158,-1.61611,1.00632,0.875565,-0.368633,0.345127,0.0369408,0.127859,2.48633,-1.10869,-1.02537,0.647729,2.95156,2.0001,-0.8492,-3.10248,-2.95374,-1.01492,0.861793,3.10689,-1.95155,-2.00009,0.84919,3.10248,3.90638,3.99085,-3.81738,-4.0799])
9.507050778422078
Max g: 0.0015499973673650524
f_43([7.27888e-5,-0.371272,0.51526,-0.0839925,0.292917,0.791076,1.0,0.968962,0.0214527,0.0722728,-0.0369891,0.0161738,-0.970936,-1.23905,-0.628108,0.0339145,-1.49157,-1.61615,1.00607,0.875422,-0.368621,0.344949,0.0370194,0.127832,2.48634,-1.10873,-1.02532,0.647713,2.95254,2.00105,-0.850172,-3.10344,-2.95464,-1.0153,0.862295,3.10766,-1.95252,-2.00104,0.850165,3.10342,3.90845,3.99286,-3.81942,-4.08193])
9.508047690368644
Max g: 0.0014899890735923238
f_44([7.93483e-5,-0.371281,0.515226,-0.0840073,0.292927,0.791046,1.0,0.96897,0.0214785,0.0722226,-0.0369796,0.0161631,-0.970921,-1.23906,-0.628117,0.0339287,-1.49159,-1.6162,1.00582,0.875312,-0.368622,0.344783,0.0371318,0.12775,2.48633,-1.1087,-1.02533,0.647696,2.95349,2.00198,-0.85117,-3.10432,-2.95549,-1.01565,0.862796,3.10837,-1.95348,-2.00198,0.851177,3.1043,3.91043,3.99487,-3.82143,-4.08392])
9.507449543200703
Max g: 0.0014262215046781934
f_45([0.000117856,-0.371289,0.515213,-0.0839664,0.292973,0.790979,1.0,0.969007,0.0214651,0.0721877,-0.036998,0.0161776,-0.970915,-1.23904,-0.628099,0.0339425,-1.49157,-1.61619,1.00558,0.875188,-0.368624,0.34461,0.037221,0.127712,2.48633,-1.10866,-1.02538,0.647711,2.9544,2.00291,-0.852145,-3.10518,-2.95636,-1.01602,0.863298,3.1091,-1.95441,-2.00292,0.852145,3.10521,3.9124,3.99684,-3.82339,-4.0859])
9.50675170483811
Max g: 0.001366345059616414
f_46([9.69562e-5,-0.371254,0.515157,-0.083985,0.29295,0.790989,1.0,0.969019,0.0214845,0.0721634,-0.0370151,0.0161776,-0.970897,-1.23898,-0.628129,0.0339212,-1.49155,-1.61619,1.00535,0.87508,-0.368623,0.344432,0.0372911,0.127699,2.48635,-1.10867,-1.02537,0.64769,2.95529,2.00378,-0.853061,-3.10604,-2.95715,-1.01636,0.863758,3.10977,-1.9553,-2.00378,0.853059,3.10604,3.91427,3.99874,-3.82527,-4.08779])
9.507150469616734
Max g: 0.001312167816044818
f_47([8.45376e-5,-0.371252,0.515175,-0.0840105,0.292963,0.791007,1.0,0.969032,0.0214833,0.0721434,-0.0370368,0.016189,-0.97086,-1.23897,-0.628111,0.0339292,-1.49153,-1.61619,1.00512,0.874963,-0.368623,0.344257,0.0373605,0.127692,2.48639,-1.1087,-1.02539,0.647697,2.95617,2.00468,-0.853982,-3.10689,-2.95795,-1.01672,0.864222,3.11047,-1.95617,-2.00468,0.853978,3.1069,3.91612,4.00062,-3.82713,-4.08965])
9.507449543200703
Max g: 0.0012592513615815593
f_48([9.00613e-5,-0.37124,0.515187,-0.0839953,0.292972,0.791016,1.0,0.969053,0.0214727,0.0721259,-0.0370549,0.016192,-0.970833,-1.23903,-0.628137,0.0339161,-1.49155,-1.6162,1.00489,0.874841,-0.368622,0.344099,0.037443,0.127658,2.48637,-1.10868,-1.02539,0.647704,2.95702,2.00554,-0.85488,-3.10771,-2.95875,-1.01707,0.864685,3.11116,-1.95702,-2.00555,0.854885,3.10771,3.91797,4.00243,-3.82896,-4.09147])
9.50784830797933
Max g: 0.0012027070118794114
f_49([6.14803e-5,-0.371252,0.515215,-0.08401,0.292969,0.79101,1.0,0.969075,0.0214781,0.0721093,-0.0370999,0.0162128,-0.970809,-1.23904,-0.628114,0.0339056,-1.49152,-1.61621,1.00468,0.874734,-0.368628,0.343934,0.037524,0.12763,2.4864,-1.10867,-1.02543,0.647714,2.95788,2.00638,-0.855758,-3.10852,-2.95954,-1.0174,0.865133,3.11182,-1.95789,-2.00639,0.855763,3.10853,3.91976,4.00419,-3.83071,-4.09328])
9.507648925590017
Max g: 0.0011501265725145648
f_50([8.74646e-5,-0.371262,0.515214,-0.0839754,0.29297,0.790996,1.0,0.969087,0.0214896,0.07208,-0.0370975,0.0162088,-0.970824,-1.23906,-0.628109,0.0339304,-1.49154,-1.61621,1.00447,0.874621,-0.368623,0.343779,0.0375857,0.127622,2.48639,-1.10869,-1.02541,0.647712,2.95867,2.00721,-0.856613,-3.10929,-2.96027,-1.01774,0.865574,3.11245,-1.95867,-2.00721,0.856614,3.10928,3.92147,4.00594,-3.83243,-4.09502])
9.50695108722742
{8.746464231890569e-5,-0.37126237969266723,0.5152137786241004,-0.08397537669642649,0.2929703808765576,0.790996258758245,0.9999999999999999,0.9690869379695889,0.02148956950586318,0.07207998634318938,-0.03709754277438982,0.01620876357318779,-0.9708236492067093,-1.2390627347379126,-0.6281089133379852,0.03393043869518636,-1.4915420030812705,-1.616213757775239,1.0044658218876188,0.8746214105950103,-0.36862343633839595,0.3437794756444623,0.037585714722185214,0.12762182737338995,2.486386129305222,-1.108692338272007,-1.0254055084017621,0.6477118956433081,2.958674590615708,2.0072099953037212,-0.8566133737224695,-3.1092915200422784,-2.9602737320591093,-1.017739136230383,0.8655739141649681,3.1124512342006563,-1.9586690520998256,-2.007207076542922,0.8566136660594499,3.10928155685235,3.921473579260898,4.005941455273618,-3.8324323631893016,-4.095023909633545}]
Set[{A021,A031,A032,A041,A042,A043,A121,A131,A132,A141,A142,A143,B021,B031,B032,B041,B042,B043,B121,B131,B132,B141,B142,B143,\[Alpha]1,\[Alpha]2,\[Alpha]3,\[Alpha]4,\[Beta]11,\[Beta]12,\[Beta]13,\[Beta]14,\[Beta]21,\[Beta]22,\[Beta]23,\[Beta]24,\[Beta]31,\[Beta]32,\[Beta]33,\[Beta]34,\[Beta]41,\[Beta]42,\[Beta]43,\[Beta]44},{8.746464231890569e-5,-0.37126237969266723,0.5152137786241004,-0.08397537669642649,0.2929703808765576,0.790996258758245,0.9999999999999999,0.9690869379695889,0.02148956950586318,0.07207998634318938,-0.03709754277438982,0.01620876357318779,-0.9708236492067093,-1.2390627347379126,-0.6281089133379852,0.03393043869518636,-1.4915420030812705,-1.616213757775239,1.0044658218876188,0.8746214105950103,-0.36862343633839595,0.3437794756444623,0.037585714722185214,0.12762182737338995,2.486386129305222,-1.108692338272007,-1.0254055084017621,0.6477118956433081,2.958674590615708,2.0072099953037212,-0.8566133737224695,-3.1092915200422784,-2.9602737320591093,-1.017739136230383,0.8655739141649681,3.1124512342006563,-1.9586690520998256,-2.007207076542922,0.8566136660594499,3.10928155685235,3.921473579260898,4.005941455273618,-3.8324323631893016,-4.095023909633545}]

Max g: 0.0011026359825813126
f_51([9.4023e-5,-0.371256,0.515171,-0.084034,0.292947,0.791017,1.0,0.969102,0.0214958,0.0720648,-0.0371337,0.016229,-0.970848,-1.23905,-0.628109,0.0339736,-1.49155,-1.61622,1.00426,0.874514,-0.368628,0.343614,0.0376459,0.127626,2.48638,-1.10869,-1.02541,0.647721,2.95947,2.00803,-0.85745,-3.11006,-2.96098,-1.01807,0.865991,3.11307,-1.95948,-2.00804,0.857463,3.11007,3.9232,4.00766,-3.83413,-4.09677])
9.506552322448796
Max g: 0.0010470970955992476
f_52([7.26408e-5,-0.371269,0.515182,-0.0840432,0.292962,0.791013,1.0,0.969097,0.0215261,0.0720102,-0.0370864,0.0161969,-0.970835,-1.23899,-0.628133,0.0339702,-1.49157,-1.61621,1.00405,0.874417,-0.368629,0.343458,0.0377178,0.127601,2.48639,-1.10868,-1.02541,0.6477,2.96026,2.00882,-0.858289,-3.11081,-2.9617,-1.01837,0.866409,3.11368,-1.96025,-2.00881,0.858281,3.1108,3.92487,4.00934,-3.83579,-4.09845])
9.506552322448796
Max g: 0.0009978737456555198
f_53([6.87743e-5,-0.37128,0.515174,-0.0840906,0.292932,0.791024,1.0,0.969117,0.02152,0.0719931,-0.0371237,0.0162162,-0.970836,-1.23895,-0.628193,0.0339814,-1.49157,-1.61622,1.00385,0.874314,-0.368626,0.343323,0.0378006,0.127545,2.48638,-1.10867,-1.02542,0.647715,2.96104,2.00957,-0.859089,-3.11154,-2.96243,-1.01865,0.86681,3.11429,-1.96105,-2.00957,0.859088,3.11155,3.92655,4.01097,-3.83744,-4.10011])
9.506552322448796
Max g: 0.0009476338130365303
f_54([6.80839e-5,-0.371306,0.515174,-0.0841004,0.292921,0.791018,1.0,0.969121,0.0215266,0.0719706,-0.0371267,0.0162096,-0.97085,-1.23894,-0.62818,0.0340081,-1.49158,-1.61624,1.00366,0.874214,-0.368623,0.343182,0.0378767,0.127506,2.48637,-1.10865,-1.02542,0.647707,2.96183,2.01032,-0.859882,-3.11229,-2.96314,-1.01895,0.867222,3.11488,-1.96184,-2.01033,0.859889,3.1123,3.92815,4.01255,-3.83905,-4.10168])
9.50675170483811
Max g: 0.0008939487081873754
f_55([6.67489e-5,-0.371284,0.515134,-0.0841004,0.292903,0.790999,1.0,0.969141,0.0215208,0.0719517,-0.0371546,0.0162283,-0.97083,-1.23896,-0.628177,0.0339896,-1.49158,-1.61623,1.00346,0.874113,-0.368623,0.343052,0.0379485,0.12747,2.48638,-1.10866,-1.02543,0.64771,2.96256,2.01107,-0.860653,-3.113,-2.96381,-1.01925,0.867611,3.11546,-1.96258,-2.01108,0.860653,3.11301,3.92973,4.01413,-3.84063,-4.10326])
9.507050778422078
Max g: 0.0008505628389450237
f_56([6.4991e-5,-0.371267,0.515116,-0.0840883,0.292896,0.791003,1.0,0.969131,0.02154,0.071932,-0.0371589,0.0162266,-0.970823,-1.23895,-0.62819,0.0339605,-1.49157,-1.61622,1.00331,0.874028,-0.368624,0.342938,0.0380031,0.127453,2.48639,-1.10866,-1.02542,0.647701,2.96316,2.01166,-0.861278,-3.11356,-2.96436,-1.01948,0.867927,3.11592,-1.96317,-2.01167,0.86128,3.11358,3.931,4.01536,-3.84187,-4.10451])
9.506851396032765
Max g: 0.0008133200005150387
f_57([6.332e-5,-0.371259,0.515115,-0.0840714,0.292897,0.790995,1.0,0.969126,0.0215557,0.0719146,-0.0371596,0.0162198,-0.970819,-1.23895,-0.628199,0.0339523,-1.49156,-1.61622,1.00316,0.873946,-0.368625,0.342846,0.0380712,0.127407,2.48638,-1.10866,-1.02542,0.647699,2.96374,2.01225,-0.861891,-3.11411,-2.96486,-1.01972,0.868243,3.11635,-1.96374,-2.01225,0.861895,3.11412,3.93224,4.01657,-3.84309,-4.10575])
9.506552322448796
Max g: 0.0007781830015624047
f_58([6.13878e-5,-0.371261,0.515109,-0.0840827,0.292902,0.790997,1.0,0.96914,0.0215474,0.0718972,-0.0371624,0.0162182,-0.970781,-1.23896,-0.628213,0.0339471,-1.49157,-1.61623,1.00301,0.873867,-0.368623,0.342742,0.0381284,0.127379,2.4864,-1.10867,-1.02542,0.647694,2.96431,2.01283,-0.862493,-3.11466,-2.96538,-1.01994,0.868545,3.11678,-1.96432,-2.01283,0.862499,3.11466,3.93346,4.01778,-3.84432,-4.10695])
9.507349852006048
Max g: 0.0007411062667859181
f_59([5.94599e-5,-0.371249,0.515087,-0.0840858,0.292896,0.790997,1.0,0.969145,0.0215603,0.0718805,-0.0371663,0.0162135,-0.970765,-1.23896,-0.628201,0.0339442,-1.49156,-1.61624,1.00287,0.873796,-0.368623,0.342646,0.0381882,0.127341,2.48641,-1.10867,-1.02543,0.647687,2.96487,2.01339,-0.863086,-3.1152,-2.9659,-1.02016,0.868849,3.11722,-1.96487,-2.01339,0.863083,3.11519,3.93464,4.01899,-3.84551,-4.10814])
9.507349852006048
Max g: 0.0007040299750504797
f_60([5.97525e-5,-0.371255,0.51508,-0.084095,0.292887,0.790989,1.0,0.969153,0.0215667,0.0718603,-0.0371741,0.0162208,-0.970765,-1.23893,-0.628237,0.0339492,-1.49156,-1.61624,1.00273,0.873726,-0.368624,0.342547,0.0382407,0.127319,2.48641,-1.10868,-1.02542,0.647691,2.96541,2.01395,-0.863656,-3.11572,-2.96639,-1.02039,0.869134,3.11766,-1.96542,-2.01395,0.863657,3.11572,3.9358,4.02016,-3.84666,-4.10932])
9.507150469616734
{5.975250241485967e-5,-0.3712549845618252,0.5150803500095855,-0.0840950297491663,0.29288681265996236,0.7909894830523522,1.0000000354516314,0.9691534686180715,0.021566675522891328,0.07186029571763451,-0.037174085570515734,0.016220808402677336,-0.9707646267915325,-1.2389302612751563,-0.6282369942175944,0.03394921333392857,-1.4915586376631516,-1.6162411006660262,1.002726535657258,0.8737257394930708,-0.3686235938132722,0.34254743012030425,0.03824065948743782,0.12731881792271493,2.486413137130336,-1.1086795500323234,-1.0254233701389852,0.6476909056412343,2.9654119960162006,2.0139515149649636,-0.863655955216195,-3.115719230839756,-2.9663910936668003,-1.0203891043188205,0.8691337356823664,3.117656412240669,-1.965416262046737,-2.013952440314239,0.8636565142058067,3.115723955207807,3.9357973641317274,4.020159256612334,-3.846660814156829,-4.109318751571112}]
Set[{A021,A031,A032,A041,A042,A043,A121,A131,A132,A141,A142,A143,B021,B031,B032,B041,B042,B043,B121,B131,B132,B141,B142,B143,\[Alpha]1,\[Alpha]2,\[Alpha]3,\[Alpha]4,\[Beta]11,\[Beta]12,\[Beta]13,\[Beta]14,\[Beta]21,\[Beta]22,\[Beta]23,\[Beta]24,\[Beta]31,\[Beta]32,\[Beta]33,\[Beta]34,\[Beta]41,\[Beta]42,\[Beta]43,\[Beta]44},{5.975250241485967e-5,-0.3712549845618252,0.5150803500095855,-0.0840950297491663,0.29288681265996236,0.7909894830523522,1.0000000354516314,0.9691534686180715,0.021566675522891328,0.07186029571763451,-0.037174085570515734,0.016220808402677336,-0.9707646267915325,-1.2389302612751563,-0.6282369942175944,0.03394921333392857,-1.4915586376631516,-1.6162411006660262,1.002726535657258,0.8737257394930708,-0.3686235938132722,0.34254743012030425,0.03824065948743782,0.12731881792271493,2.486413137130336,-1.1086795500323234,-1.0254233701389852,0.6476909056412343,2.9654119960162006,2.0139515149649636,-0.863655955216195,-3.115719230839756,-2.9663910936668003,-1.0203891043188205,0.8691337356823664,3.117656412240669,-1.965416262046737,-2.013952440314239,0.8636565142058067,3.115723955207807,3.9357973641317274,4.020159256612334,-3.846660814156829,-4.109318751571112}]

Max g: 0.0006731153709591542
f_61([5.6895e-5,-0.371245,0.515074,-0.0840989,0.29288,0.790996,1.0,0.969147,0.0215815,0.0718427,-0.0371708,0.0162145,-0.970755,-1.23894,-0.62826,0.0339234,-1.49155,-1.61625,1.00259,0.873654,-0.36862,0.342445,0.0382846,0.127306,2.48641,-1.10867,-1.02543,0.647693,2.96594,2.01448,-0.864208,-3.11623,-2.96688,-1.0206,0.869416,3.11807,-1.96595,-2.01449,0.864214,3.11623,3.93692,4.0213,-3.84781,-4.11044])
9.507150469616734
Max g: 0.0006384440841722405
f_62([6.48295e-5,-0.371223,0.515058,-0.0841046,0.292894,0.791005,1.0,0.969145,0.0215955,0.0718297,-0.0371761,0.016213,-0.970763,-1.23894,-0.628256,0.0339412,-1.49156,-1.61625,1.00246,0.873586,-0.368622,0.342366,0.0383458,0.12726,2.48641,-1.10866,-1.02544,0.647697,2.96645,2.01499,-0.864735,-3.11672,-2.96734,-1.0208,0.869682,3.11847,-1.96647,-2.015,0.864744,3.11673,3.93801,4.02237,-3.84887,-4.11153])
9.507150469616734
Max g: 0.0006057380300841242
f_63([6.55988e-5,-0.371217,0.515069,-0.0841085,0.292901,0.791021,1.0,0.969164,0.0215925,0.0718149,-0.0371947,0.0162214,-0.970759,-1.23896,-0.628247,0.0339382,-1.49156,-1.61624,1.00233,0.873526,-0.368622,0.342262,0.0383894,0.127249,2.4864,-1.10867,-1.02544,0.647705,2.96697,2.01551,-0.865278,-3.11721,-2.96781,-1.02101,0.869964,3.11886,-1.96698,-2.01551,0.865279,3.11721,3.93908,4.02346,-3.84995,-4.1126])
9.50695108722742
Max g: 0.0005699881183748312
f_64([6.6864e-5,-0.37122,0.515062,-0.0841063,0.292893,0.791005,1.0,0.969181,0.0215801,0.0718039,-0.0372092,0.0162282,-0.97076,-1.23896,-0.628243,0.0339434,-1.49157,-1.61623,1.0022,0.873453,-0.368617,0.342177,0.0384372,0.127224,2.48641,-1.10868,-1.02544,0.647709,2.96746,2.016,-0.865794,-3.11767,-2.96825,-1.0212,0.870221,3.11924,-1.96746,-2.016,0.865795,3.11768,3.94014,4.0245,-3.85101,-4.11365])
9.507150469616734
Max g: 0.0005405383576143619
f_65([6.92466e-5,-0.371199,0.51507,-0.0840956,0.292903,0.791006,1.0,0.969193,0.0215789,0.0717841,-0.0372194,0.0162356,-0.970747,-1.239,-0.628247,0.0339336,-1.49156,-1.61622,1.00207,0.873394,-0.368615,0.342079,0.0384765,0.127215,2.48641,-1.10869,-1.02546,0.647734,2.96795,2.01647,-0.866296,-3.11814,-2.9687,-1.02138,0.870474,3.11962,-1.96796,-2.01648,0.866296,3.11815,3.94116,4.02553,-3.85205,-4.11466])
9.50695108722742
Max g: 0.0005116509923628332
f_66([7.88091e-5,-0.371202,0.515078,-0.084081,0.292897,0.791023,1.0,0.969216,0.0215748,0.0717695,-0.0372339,0.0162416,-0.970735,-1.23901,-0.628252,0.0339451,-1.49157,-1.61624,1.00195,0.873339,-0.368616,0.341999,0.0385317,0.127175,2.48642,-1.10868,-1.02546,0.647729,2.96843,2.01696,-0.866807,-3.11859,-2.96913,-1.02157,0.870731,3.11998,-1.96844,-2.01696,0.866806,3.1186,3.94215,4.02657,-3.85307,-4.11567])
9.507150469616734
Max g: 0.00047898571273641277
f_67([7.99963e-5,-0.371198,0.515081,-0.0840728,0.292896,0.791032,1.0,0.96923,0.0215692,0.0717635,-0.037258,0.0162513,-0.970709,-1.239,-0.628264,0.0339703,-1.49158,-1.61625,1.00183,0.873273,-0.368617,0.341914,0.0385799,0.127152,2.48643,-1.1087,-1.02546,0.647729,2.9689,2.01742,-0.867295,-3.11903,-2.96957,-1.02176,0.870987,3.12035,-1.9689,-2.01743,0.867301,3.11904,3.94315,4.02755,-3.85406,-4.11666])
9.507250160811392
Max g: 0.00045025998655556787
f_68([8.48142e-5,-0.371188,0.515088,-0.0840694,0.292913,0.791026,1.0,0.969243,0.0215645,0.0717492,-0.0372713,0.0162594,-0.970713,-1.239,-0.628279,0.0339683,-1.49157,-1.61625,1.00171,0.873209,-0.368617,0.341829,0.0386208,0.12714,2.48643,-1.10871,-1.02546,0.64774,2.96936,2.01789,-0.867781,-3.11947,-2.96998,-1.02194,0.871233,3.12069,-1.96935,-2.01789,0.867777,3.11947,3.94414,4.0285,-3.85502,-4.11763])
9.507449543200703
Max g: 0.0004214142844912727
f_69([7.85437e-5,-0.371197,0.515077,-0.0840888,0.2929,0.791022,1.0,0.969246,0.021572,0.0717343,-0.0372779,0.0162591,-0.970709,-1.239,-0.628283,0.0339619,-1.49156,-1.61626,1.0016,0.873147,-0.368621,0.341739,0.0386605,0.127134,2.48643,-1.10871,-1.02546,0.64774,2.9698,2.01834,-0.86826,-3.11989,-2.97038,-1.02212,0.871479,3.12103,-1.96981,-2.01834,0.868264,3.11989,3.94511,4.02944,-3.85597,-4.11859])
9.507549234395361
Max g: 0.00039107360741519326
f_70([7.50348e-5,-0.371183,0.515061,-0.0840737,0.29289,0.791011,1.0,0.96924,0.0215839,0.0717183,-0.0372705,0.0162516,-0.97071,-1.23899,-0.628305,0.0339663,-1.49156,-1.61629,1.00148,0.87309,-0.368616,0.341662,0.0387048,0.127107,2.48642,-1.1087,-1.02546,0.647734,2.97025,2.01879,-0.868724,-3.12032,-2.9708,-1.02231,0.871721,3.12139,-1.97025,-2.01879,0.868728,3.12032,3.94604,4.0304,-3.85693,-4.11952])
9.507349852006048
{7.503475059319203e-5,-0.3711829125270694,0.5150611005923771,-0.0840737209324429,0.29288960825382654,0.7910114134482426,1.0000000073489228,0.9692401429607651,0.021583911939195784,0.07171826249108432,-0.03727047885410341,0.016251625101973595,-0.9707103668562533,-1.2389901972041526,-0.6283051327548876,0.03396629985988917,-1.491556923799226,-1.616286282805827,1.00148201383826,0.8730899954174921,-0.3686164369339488,0.34166205164364083,0.03870483070086176,0.12710688781560325,2.486417342881617,-1.108698027941757,-1.0254551929512952,0.647733666376542,2.970246048624843,2.018787440345312,-0.8687238671525678,-3.1203170845567954,-2.9707980599675303,-1.0223053941322013,0.8717212435198212,3.121389816166053,-1.9702505791583065,-2.0187911067340587,0.8687275400782603,3.120320335916578,3.946039039778202,4.030403533349341,-3.8569345224647607,-4.119520433602218}]
Set[{A021,A031,A032,A041,A042,A043,A121,A131,A132,A141,A142,A143,B021,B031,B032,B041,B042,B043,B121,B131,B132,B141,B142,B143,\[Alpha]1,\[Alpha]2,\[Alpha]3,\[Alpha]4,\[Beta]11,\[Beta]12,\[Beta]13,\[Beta]14,\[Beta]21,\[Beta]22,\[Beta]23,\[Beta]24,\[Beta]31,\[Beta]32,\[Beta]33,\[Beta]34,\[Beta]41,\[Beta]42,\[Beta]43,\[Beta]44},{7.503475059319203e-5,-0.3711829125270694,0.5150611005923771,-0.0840737209324429,0.29288960825382654,0.7910114134482426,1.0000000073489228,0.9692401429607651,0.021583911939195784,0.07171826249108432,-0.03727047885410341,0.016251625101973595,-0.9707103668562533,-1.2389901972041526,-0.6283051327548876,0.03396629985988917,-1.491556923799226,-1.616286282805827,1.00148201383826,0.8730899954174921,-0.3686164369339488,0.34166205164364083,0.03870483070086176,0.12710688781560325,2.486417342881617,-1.108698027941757,-1.0254551929512952,0.647733666376542,2.970246048624843,2.018787440345312,-0.8687238671525678,-3.1203170845567954,-2.9707980599675303,-1.0223053941322013,0.8717212435198212,3.121389816166053,-1.9702505791583065,-2.0187911067340587,0.8687275400782603,3.120320335916578,3.946039039778202,4.030403533349341,-3.8569345224647607,-4.119520433602218}]

Max g: 0.00036002772107923686
f_71([8.01823e-5,-0.371164,0.515051,-0.0840735,0.292894,0.791013,1.0,0.969244,0.0215894,0.071708,-0.0372898,0.0162623,-0.970703,-1.239,-0.628312,0.0339625,-1.49155,-1.61628,1.00137,0.873036,-0.368614,0.341586,0.0387463,0.127085,2.48643,-1.10871,-1.02546,0.647746,2.97067,2.0192,-0.869163,-3.12071,-2.97119,-1.02246,0.87194,3.12172,-1.97069,-2.01921,0.869171,3.12073,3.94693,4.0313,-3.85784,-4.12041])
9.507449543200703
Max g: 0.0003376102227786726
f_72([8.10625e-5,-0.371159,0.515049,-0.0840871,0.292915,0.791011,1.0,0.969261,0.0215768,0.0717023,-0.0372978,0.016265,-0.970692,-1.23899,-0.628331,0.0339572,-1.49154,-1.61629,1.00127,0.872979,-0.368614,0.341516,0.0387867,0.127063,2.48643,-1.10871,-1.02547,0.647747,2.97107,2.01963,-0.869593,-3.12112,-2.97154,-1.02263,0.872152,3.12203,-1.97108,-2.01963,0.869593,3.12113,3.94779,4.03217,-3.8587,-4.12127])
9.507449543200703
Max g: 0.00031099380755084116
f_73([8.50011e-5,-0.371162,0.515064,-0.0840763,0.29291,0.791029,1.0,0.969261,0.0215893,0.0716876,-0.0373003,0.0162635,-0.970696,-1.23899,-0.628324,0.0339753,-1.49153,-1.6163,1.00116,0.872929,-0.36861,0.341436,0.0388154,0.12706,2.48643,-1.10872,-1.02547,0.647751,2.97147,2.02002,-0.870001,-3.1215,-2.97191,-1.02279,0.872361,3.12235,-1.9715,-2.02003,0.870013,3.12152,3.94864,4.03304,-3.85956,-4.12212])
9.507250160811392
Max g: 0.0002853694747049218
f_74([8.41214e-5,-0.371173,0.515071,-0.0840735,0.292913,0.791012,1.0,0.969265,0.0216004,0.0716716,-0.0372955,0.0162575,-0.970696,-1.23902,-0.628317,0.0339737,-1.49154,-1.61631,1.00107,0.872886,-0.368611,0.34137,0.0388553,0.127036,2.48642,-1.1087,-1.02547,0.647753,2.97187,2.02041,-0.870409,-3.12188,-2.97226,-1.02294,0.87256,3.12264,-1.97187,-2.02041,0.870407,3.12188,3.94943,4.03386,-3.86036,-4.12293])
9.507150469616734
Max g: 0.00026242162114031853
f_75([8.38795e-5,-0.371174,0.515064,-0.0840753,0.292909,0.790992,1.0,0.969273,0.021601,0.0716652,-0.0373138,0.0162682,-0.970709,-1.23902,-0.628316,0.0339729,-1.49155,-1.6163,1.00098,0.872845,-0.368611,0.341309,0.0388863,0.127023,2.48641,-1.10869,-1.02548,0.647762,2.9722,2.02073,-0.870745,-3.12219,-2.97256,-1.02306,0.872729,3.12289,-1.9722,-2.02074,0.870747,3.12219,3.95012,4.03455,-3.86105,-4.12363])
9.507050778422078
Max g: 0.00024271269163667064
f_76([8.13136e-5,-0.371184,0.515065,-0.0840761,0.292911,0.790986,1.0,0.969275,0.0216049,0.0716621,-0.0373203,0.0162681,-0.9707,-1.23901,-0.628311,0.0339626,-1.49155,-1.61629,1.00093,0.872818,-0.368613,0.341269,0.038904,0.127019,2.48642,-1.10869,-1.02548,0.647755,2.97239,2.02093,-0.870957,-3.12237,-2.97274,-1.02315,0.872842,3.12305,-1.9724,-2.02094,0.870961,3.12238,3.95055,4.03498,-3.86147,-4.12406])
9.507050778422078
Max g: 0.00022952287816979666
f_77([8.35374e-5,-0.371188,0.515084,-0.0840565,0.292891,0.791018,1.0,0.969282,0.0216003,0.0716574,-0.0373254,0.0162675,-0.970704,-1.239,-0.628304,0.0339813,-1.49156,-1.61629,1.00084,0.872765,-0.368612,0.341208,0.0389386,0.127003,2.48642,-1.10869,-1.02548,0.647752,2.97274,2.0213,-0.871328,-3.12272,-2.97305,-1.0233,0.873032,3.12332,-1.97275,-2.0213,0.871333,3.12272,3.95132,4.03573,-3.86223,-4.12483])
9.507349852006048
Max g: 0.00020315681988192225
f_78([8.81606e-5,-0.37119,0.515091,-0.0840416,0.292885,0.791022,1.0,0.969265,0.021629,0.0716388,-0.0373118,0.0162536,-0.970681,-1.239,-0.628311,0.0339869,-1.49157,-1.61628,1.00072,0.872705,-0.368611,0.341116,0.0389731,0.127001,2.48644,-1.1087,-1.02549,0.64775,2.9732,2.02177,-0.871813,-3.12316,-2.97347,-1.02348,0.873268,3.12368,-1.97321,-2.02177,0.871817,3.12316,3.9523,4.03672,-3.86321,-4.12581])
9.507349852006048
Max g: 0.0001782823546283563
f_79([8.85749e-5,-0.371186,0.515106,-0.0840332,0.292877,0.791046,1.0,0.969266,0.0216394,0.0716289,-0.0373271,0.0162578,-0.970668,-1.23902,-0.628328,0.0339642,-1.49158,-1.61626,1.00061,0.872646,-0.368612,0.341032,0.0390166,0.126983,2.48644,-1.10871,-1.02548,0.647756,2.97366,2.02222,-0.872288,-3.12359,-2.97388,-1.02365,0.873506,3.12402,-1.97365,-2.02221,0.872289,3.12358,3.95325,4.03766,-3.86415,-4.12677])
9.508047690368644
Max g: 0.00015189597210296668
f_80([8.4981e-5,-0.371187,0.515115,-0.0840102,0.29287,0.791054,1.0,0.969261,0.021641,0.071622,-0.0373362,0.0162632,-0.970661,-1.23901,-0.628322,0.0339558,-1.49159,-1.61624,1.0005,0.87258,-0.36861,0.340957,0.0390551,0.126969,2.48644,-1.10871,-1.02548,0.647746,2.97408,2.02265,-0.872732,-3.12401,-2.97426,-1.02383,0.873735,3.12436,-1.97408,-2.02265,0.87273,3.124,3.95417,4.03855,-3.86506,-4.12766])
9.507648925590017
{8.49810267252433e-5,-0.37118668095901397,0.5151150921055853,-0.0840101540874317,0.2928700943872585,0.7910544280571872,1.0000000000000002,0.9692613274521484,0.021641005563775902,0.07162202533705572,-0.03733619457654759,0.01626319690055246,-0.9706612397311447,-1.2390111666056267,-0.6283216214428271,0.03395582906820971,-1.4915937939842658,-1.6162436093149866,1.0004968933109797,0.8725797404632331,-0.36861030215186724,0.3409568875922143,0.03905511514452358,0.12696941972430212,2.486441831332592,-1.1087059849381902,-1.025483125328868,0.647746458120435,2.97408190435108,2.022653931992159,-0.8727315879873218,-3.1240090457432914,-2.9742639053953406,-1.023830572532378,0.873734877457249,3.124360218989758,-1.974076182551575,-2.022648106591482,0.8727302836488954,3.123996672796823,3.9541669982831835,4.038550494244612,-3.8650634254118645,-4.127660989703973}]
Set[{A021,A031,A032,A041,A042,A043,A121,A131,A132,A141,A142,A143,B021,B031,B032,B041,B042,B043,B121,B131,B132,B141,B142,B143,\[Alpha]1,\[Alpha]2,\[Alpha]3,\[Alpha]4,\[Beta]11,\[Beta]12,\[Beta]13,\[Beta]14,\[Beta]21,\[Beta]22,\[Beta]23,\[Beta]24,\[Beta]31,\[Beta]32,\[Beta]33,\[Beta]34,\[Beta]41,\[Beta]42,\[Beta]43,\[Beta]44},{8.49810267252433e-5,-0.37118668095901397,0.5151150921055853,-0.0840101540874317,0.2928700943872585,0.7910544280571872,1.0000000000000002,0.9692613274521484,0.021641005563775902,0.07162202533705572,-0.03733619457654759,0.01626319690055246,-0.9706612397311447,-1.2390111666056267,-0.6283216214428271,0.03395582906820971,-1.4915937939842658,-1.6162436093149866,1.0004968933109797,0.8725797404632331,-0.36861030215186724,0.3409568875922143,0.03905511514452358,0.12696941972430212,2.486441831332592,-1.1087059849381902,-1.025483125328868,0.647746458120435,2.97408190435108,2.022653931992159,-0.8727315879873218,-3.1240090457432914,-2.9742639053953406,-1.023830572532378,0.873734877457249,3.124360218989758,-1.974076182551575,-2.022648106591482,0.8727302836488954,3.123996672796823,3.9541669982831835,4.038550494244612,-3.8650634254118645,-4.127660989703973}]

Max g: 0.00012224405193628218
f_81([8.38979e-5,-0.371181,0.515107,-0.0840227,0.292868,0.791064,1.0,0.969273,0.0216363,0.071611,-0.037346,0.0162693,-0.970663,-1.239,-0.628314,0.033957,-1.4916,-1.61623,1.00039,0.872526,-0.368606,0.340878,0.0390863,0.126963,2.48644,-1.1087,-1.02549,0.647744,2.97449,2.02306,-0.873154,-3.1244,-2.97463,-1.02399,0.873948,3.12468,-1.97449,-2.02306,0.87315,3.1244,3.95504,4.03943,-3.86594,-4.12853])
9.50784830797933
Max g: 9.542330152767509e-5
f_82([8.35153e-5,-0.371185,0.515111,-0.084027,0.29285,0.791078,1.0,0.969284,0.0216265,0.0716,-0.037351,0.0162729,-0.97067,-1.23898,-0.62832,0.0339623,-1.49159,-1.61623,1.00029,0.87247,-0.368606,0.340808,0.0391235,0.126945,2.48645,-1.10871,-1.02548,0.647749,2.97488,2.02346,-0.873564,-3.12478,-2.97498,-1.02415,0.874148,3.12498,-1.97488,-2.02346,0.873561,3.12478,3.95589,4.04026,-3.86678,-4.12937])
9.508047690368644
Max g: 7.028516441331956e-5
f_83([8.67622e-5,-0.371184,0.51512,-0.0840282,0.292873,0.791079,1.0,0.96929,0.0216289,0.0715867,-0.0373469,0.016267,-0.970662,-1.23898,-0.628333,0.0339416,-1.49158,-1.61622,1.00019,0.872417,-0.368605,0.340737,0.0391567,0.126936,2.48646,-1.10873,-1.02547,0.647747,2.97526,2.02385,-0.873965,-3.12515,-2.97532,-1.0243,0.874353,3.12528,-1.97526,-2.02384,0.873962,3.12514,3.95669,4.04108,-3.8676,-4.13018])
9.508047690368644
Max g: 4.8385310953857896e-5
f_84([8.7148e-5,-0.371193,0.515123,-0.0840236,0.292862,0.791076,1.0,0.969298,0.0216271,0.0715766,-0.037353,0.0162698,-0.970652,-1.23898,-0.62835,0.0339299,-1.49159,-1.61621,1.00011,0.872377,-0.368607,0.340677,0.0391818,0.126934,2.48646,-1.10872,-1.02548,0.647749,2.97556,2.02415,-0.874284,-3.12543,-2.9756,-1.02442,0.874517,3.12551,-1.97556,-2.02416,0.87429,3.12543,3.95734,4.04171,-3.86824,-4.13081])
9.5081473815633
Max g: 2.9908842841486205e-5
f_85([8.63291e-5,-0.371194,0.515125,-0.0840227,0.292863,0.791075,1.0,0.969297,0.0216289,0.071574,-0.0373535,0.0162717,-0.970652,-1.23898,-0.628349,0.0339312,-1.49159,-1.61621,1.00011,0.872373,-0.368605,0.340674,0.0391844,0.126931,2.48646,-1.10872,-1.02548,0.647749,2.97559,2.02418,-0.87431,-3.12545,-2.97562,-1.02443,0.87453,3.12553,-1.97559,-2.02418,0.87431,3.12545,3.95739,4.04176,-3.86828,-4.13086])
9.507947999173988
Max g: 2.6833726982089523e-5
f_86([8.63758e-5,-0.371194,0.515124,-0.0840226,0.292863,0.791075,1.0,0.969297,0.0216291,0.0715735,-0.0373538,0.0162718,-0.970652,-1.23898,-0.628349,0.0339312,-1.49159,-1.61621,1.00011,0.872371,-0.368605,0.340671,0.039186,0.12693,2.48646,-1.10872,-1.02548,0.647749,2.9756,2.02419,-0.874328,-3.12547,-2.97564,-1.02444,0.87454,3.12554,-1.9756,-2.02419,0.874328,3.12547,3.95743,4.0418,-3.86832,-4.1309])
9.508047690368644
Max g: 2.577032190420603e-5
f_87([8.63638e-5,-0.371194,0.515125,-0.0840226,0.292863,0.791075,1.0,0.969297,0.0216292,0.0715733,-0.0373539,0.0162718,-0.970652,-1.23898,-0.628349,0.0339312,-1.49159,-1.61621,1.0001,0.87237,-0.368605,0.340669,0.0391867,0.12693,2.48646,-1.10872,-1.02548,0.647749,2.97561,2.0242,-0.874336,-3.12547,-2.97565,-1.02444,0.874544,3.12555,-1.97561,-2.0242,0.874336,3.12547,3.95744,4.04181,-3.86834,-4.13092])
9.508047690368644
Max g: 2.5272461009806513e-5
f_88([8.63502e-5,-0.371194,0.515125,-0.0840226,0.292863,0.791075,1.0,0.969297,0.0216293,0.0715731,-0.0373539,0.0162718,-0.970652,-1.23898,-0.628349,0.0339313,-1.49159,-1.61621,1.0001,0.872369,-0.368605,0.340669,0.0391871,0.126929,2.48646,-1.10872,-1.02548,0.647749,2.97561,2.0242,-0.87434,-3.12548,-2.97565,-1.02445,0.874546,3.12555,-1.97561,-2.0242,0.874339,3.12548,3.95745,4.04182,-3.86835,-4.13092])
9.508047690368644
Max g: 2.5030863256780833e-5
f_89([8.63485e-5,-0.371194,0.515125,-0.0840226,0.292863,0.791075,1.0,0.969297,0.0216293,0.0715731,-0.0373539,0.0162718,-0.970652,-1.23898,-0.628349,0.0339312,-1.49159,-1.61621,1.0001,0.872369,-0.368605,0.340668,0.0391873,0.126929,2.48646,-1.10872,-1.02548,0.647749,2.97562,2.02421,-0.874342,-3.12548,-2.97565,-1.02445,0.874547,3.12555,-1.97562,-2.02421,0.874342,3.12548,3.95745,4.04182,-3.86835,-4.13093])
9.508047690368644
Max g: 2.4890968106650035e-5
f_90([8.64356e-5,-0.371193,0.515124,-0.0840231,0.292862,0.791075,1.0,0.969297,0.0216299,0.0715731,-0.0373543,0.0162717,-0.970651,-1.23898,-0.62835,0.0339311,-1.49159,-1.61621,1.0001,0.872368,-0.368605,0.340666,0.0391877,0.12693,2.48646,-1.10872,-1.02549,0.64775,2.97562,2.02422,-0.874353,-3.12549,-2.97566,-1.02445,0.874553,3.12556,-1.97562,-2.02422,0.874352,3.12549,3.95747,4.04185,-3.86837,-4.13095])
9.508047690368644
{8.643560656787275e-5,-0.3711932748897111,0.5151238967404984,-0.08402311233560585,0.29286203096892216,0.79107480284931,0.9999999999999952,0.9692968594006623,0.021629932822556847,0.07157309382182113,-0.0373542520928074,0.016271680775272884,-0.9706514692515347,-1.2389769576816392,-0.6283498129472687,0.03393105416736292,-1.4915900152589108,-1.6162079824908244,1.000099150569812,0.8723677095267552,-0.3686051538580005,0.3406660904004786,0.0391877366950645,0.12693012453427285,2.486456652992015,-1.1087216451489175,-1.0254854915094516,0.6477504837720599,2.975624790061683,2.024215923109407,-0.8743525855228752,-3.125488516172903,-2.9756603617255477,-1.0244508447015341,0.8745526623437578,3.125558917503281,-1.9756237272102857,-2.0242153341312217,0.8743520833541726,3.125487406189202,3.957473111895513,4.041845045123421,-3.868369775161047,-4.130949273005797}]
Set[{A021,A031,A032,A041,A042,A043,A121,A131,A132,A141,A142,A143,B021,B031,B032,B041,B042,B043,B121,B131,B132,B141,B142,B143,\[Alpha]1,\[Alpha]2,\[Alpha]3,\[Alpha]4,\[Beta]11,\[Beta]12,\[Beta]13,\[Beta]14,\[Beta]21,\[Beta]22,\[Beta]23,\[Beta]24,\[Beta]31,\[Beta]32,\[Beta]33,\[Beta]34,\[Beta]41,\[Beta]42,\[Beta]43,\[Beta]44},{8.643560656787275e-5,-0.3711932748897111,0.5151238967404984,-0.08402311233560585,0.29286203096892216,0.79107480284931,0.9999999999999952,0.9692968594006623,0.021629932822556847,0.07157309382182113,-0.0373542520928074,0.016271680775272884,-0.9706514692515347,-1.2389769576816392,-0.6283498129472687,0.03393105416736292,-1.4915900152589108,-1.6162079824908244,1.000099150569812,0.8723677095267552,-0.3686051538580005,0.3406660904004786,0.0391877366950645,0.12693012453427285,2.486456652992015,-1.1087216451489175,-1.0254854915094516,0.6477504837720599,2.975624790061683,2.024215923109407,-0.8743525855228752,-3.125488516172903,-2.9756603617255477,-1.0244508447015341,0.8745526623437578,3.125558917503281,-1.9756237272102857,-2.0242153341312217,0.8743520833541726,3.125487406189202,3.957473111895513,4.041845045123421,-3.868369775161047,-4.130949273005797}]

Max g: 2.430936958008889e-5
f_91([8.64403e-5,-0.371193,0.515124,-0.0840231,0.292862,0.791075,1.0,0.969297,0.02163,0.071573,-0.0373543,0.0162717,-0.970651,-1.23898,-0.62835,0.0339311,-1.49159,-1.61621,1.0001,0.872367,-0.368605,0.340666,0.039188,0.12693,2.48646,-1.10872,-1.02549,0.64775,2.97563,2.02422,-0.874355,-3.12549,-2.97566,-1.02445,0.874554,3.12556,-1.97563,-2.02422,0.874354,3.12549,3.95748,4.04185,-3.86837,-4.13095])
9.508047690368644
Max g: 2.416345101097228e-5
f_92([8.64415e-5,-0.371193,0.515124,-0.0840231,0.292862,0.791075,1.0,0.969297,0.02163,0.071573,-0.0373543,0.0162717,-0.970651,-1.23898,-0.62835,0.0339311,-1.49159,-1.61621,1.0001,0.872367,-0.368605,0.340666,0.039188,0.12693,2.48646,-1.10872,-1.02549,0.64775,2.97563,2.02422,-0.874356,-3.12549,-2.97566,-1.02445,0.874554,3.12556,-1.97563,-2.02422,0.874356,3.12549,3.95748,4.04185,-3.86838,-4.13096])
9.508047690368644
Max g: 2.4107086481928164e-5
f_93([8.64415e-5,-0.371193,0.515124,-0.0840231,0.292862,0.791075,1.0,0.969297,0.02163,0.071573,-0.0373543,0.0162717,-0.970651,-1.23898,-0.62835,0.0339311,-1.49159,-1.61621,1.0001,0.872367,-0.368605,0.340665,0.039188,0.12693,2.48646,-1.10872,-1.02549,0.64775,2.97563,2.02422,-0.874356,-3.12549,-2.97566,-1.02445,0.874554,3.12556,-1.97563,-2.02422,0.874356,3.12549,3.95748,4.04185,-3.86838,-4.13096])
9.508047690368644
Max g: 2.4104685896642053e-5
f_94([8.64415e-5,-0.371193,0.515124,-0.0840231,0.292862,0.791075,1.0,0.969297,0.02163,0.071573,-0.0373543,0.0162717,-0.970651,-1.23898,-0.62835,0.0339311,-1.49159,-1.61621,1.0001,0.872367,-0.368605,0.340665,0.039188,0.12693,2.48646,-1.10872,-1.02549,0.64775,2.97563,2.02422,-0.874356,-3.12549,-2.97566,-1.02445,0.874554,3.12556,-1.97563,-2.02422,0.874356,3.12549,3.95748,4.04185,-3.86838,-4.13096])
9.508047690368644
Max g: 2.410376784356405e-5
f_95([8.64414e-5,-0.371193,0.515124,-0.0840231,0.292862,0.791075,1.0,0.969297,0.02163,0.071573,-0.0373543,0.0162717,-0.970651,-1.23898,-0.62835,0.0339311,-1.49159,-1.61621,1.0001,0.872367,-0.368605,0.340665,0.039188,0.12693,2.48646,-1.10872,-1.02549,0.64775,2.97563,2.02422,-0.874356,-3.12549,-2.97566,-1.02445,0.874554,3.12556,-1.97563,-2.02422,0.874356,3.12549,3.95748,4.04185,-3.86838,-4.13096])
9.507947999173988
Max g: 2.4102219743249442e-5
{8.644142914287878e-5,-0.37119327677314823,0.5151238995572217,-0.08402311529946654,0.2928620335245762,0.7910748220416757,1.0,0.969296888197941,0.021629981054273766,0.07157296874005441,-0.03735428189386508,0.016271693257896524,-0.970651473279741,-1.2389769741412684,-0.6283497923066382,0.033931057386594486,-1.4915900111174494,-1.6162079917001848,1.000098297631422,0.872367272411289,-0.36860514226955515,0.34066548570385424,0.039188046066198925,0.12692998186057428,2.486456645960492,-1.108721645842468,-1.0254854779750544,0.647750478007997,2.9756279751732384,2.0242191672959278,-0.8743559882045504,-3.1254915488958046,-2.9756633519367393,-1.0244521283363364,0.8745543970622135,3.1255614523167807,-1.9756270946206116,-2.0242186840083694,0.8743555860304675,3.125490614231379,3.957480255844508,4.041852177535419,-3.8683769027465145,-4.13095641498889}]
Set[{A021,A031,A032,A041,A042,A043,A121,A131,A132,A141,A142,A143,B021,B031,B032,B041,B042,B043,B121,B131,B132,B141,B142,B143,\[Alpha]1,\[Alpha]2,\[Alpha]3,\[Alpha]4,\[Beta]11,\[Beta]12,\[Beta]13,\[Beta]14,\[Beta]21,\[Beta]22,\[Beta]23,\[Beta]24,\[Beta]31,\[Beta]32,\[Beta]33,\[Beta]34,\[Beta]41,\[Beta]42,\[Beta]43,\[Beta]44},{8.644142914287878e-5,-0.37119327677314823,0.5151238995572217,-0.08402311529946654,0.2928620335245762,0.7910748220416757,1.0,0.969296888197941,0.021629981054273766,0.07157296874005441,-0.03735428189386508,0.016271693257896524,-0.970651473279741,-1.2389769741412684,-0.6283497923066382,0.033931057386594486,-1.4915900111174494,-1.6162079917001848,1.000098297631422,0.872367272411289,-0.36860514226955515,0.34066548570385424,0.039188046066198925,0.12692998186057428,2.486456645960492,-1.108721645842468,-1.0254854779750544,0.647750478007997,2.9756279751732384,2.0242191672959278,-0.8743559882045504,-3.1254915488958046,-2.9756633519367393,-1.0244521283363364,0.8745543970622135,3.1255614523167807,-1.9756270946206116,-2.0242186840083694,0.8743555860304675,3.125490614231379,3.957480255844508,4.041852177535419,-3.8683769027465145,-4.13095641498889}]


-----------------Final Result------------------
Options: alg=LN_AUGLAG_EQ,dx=0.01,max_eval=100000000,popSize=0
imin=-6,jmin=-3,imax=1,jmax=3,
parameter_minmax=5,
randSeed=57852963,rand_minmax=1

9592227 steps

Completed with maxf : 9.508047690368644

Constraints at 2.4101975114154683e-5

x = [8.644142914287878e-5,-0.37119327677314823,0.5151238995572217,-0.08402311529946654,0.2928620335245762,0.7910748220416757,1.0,0.969296888197941,0.021629981054273766,0.07157296874005441,-0.03735428189386508,0.016271693257896524,-0.970651473279741,-1.2389769741412684,-0.6283497923066382,0.033931057386594486,-1.4915900111174494,-1.6162079917001848,1.000098297631422,0.872367272411289,-0.36860514226955515,0.34066548570385424,0.039188046066198925,0.12692998186057428,2.486456645960492,-1.108721645842468,-1.0254854779750544,0.647750478007997,2.9756279751732384,2.0242191672959278,-0.8743559882045504,-3.1254915488958046,-2.9756633519367393,-1.0244521283363364,0.8745543970622135,3.1255614523167807,-1.9756270946206116,-2.0242186840083694,0.8743555860304675,3.125490614231379,3.957480255844508,4.041852177535419,-3.8683769027465145,-4.13095641498889]
c0 = [0.0,8.644142914287878e-5,0.14393062278407348,0.9999137402667853]
c1 = [0.0,1.0,0.9909268692522147,0.05049038010408585]
A0 = [0.0,8.644142914287878e-5,-0.37119327677314823,-0.08402311529946654,0.0,0.0,0.5151238995572217,0.2928620335245762,0.0,0.0,0.0,0.7910748220416757,0.0,0.0,0.0,0.0]
A1 = [0.0,1.0,0.969296888197941,0.07157296874005441,0.0,0.0,0.021629981054273766,-0.03735428189386508,0.0,0.0,0.0,0.016271693257896524,0.0,0.0,0.0,0.0]
B0 = [0.0,-0.970651473279741,-1.2389769741412684,0.033931057386594486,0.0,0.0,-0.6283497923066382,-1.4915900111174494,0.0,0.0,0.0,-1.6162079917001848,0.0,0.0,0.0,0.0]
B1 = [0.0,1.000098297631422,0.872367272411289,0.34066548570385424,0.0,0.0,-0.36860514226955515,0.039188046066198925,0.0,0.0,0.0,0.12692998186057428,0.0,0.0,0.0,0.0]
  = [2.486456645960492,-1.108721645842468,-1.0254854779750544,0.647750478007997]
1 = [2.9756279751732384,2.0242191672959278,-0.8743559882045504,-3.1254915488958046]
2 = [-2.9756633519367393,-1.0244521283363364,0.8745543970622135,3.1255614523167807]
3 = [-1.9756270946206116,-2.0242186840083694,0.8743555860304675,3.125490614231379]
4 = [3.957480255844508,4.041852177535419,-3.8683769027465145,-4.13095641498889]


Set[{A021,A031,A032,A041,A042,A043,A121,A131,A132,A141,A142,A143,B021,B031,B032,B041,B042,B043,B121,B131,B132,B141,B142,B143,\[Alpha]1,\[Alpha]2,\[Alpha]3,\[Alpha]4,\[Beta]11,\[Beta]12,\[Beta]13,\[Beta]14,\[Beta]21,\[Beta]22,\[Beta]23,\[Beta]24,\[Beta]31,\[Beta]32,\[Beta]33,\[Beta]34,\[Beta]41,\[Beta]42,\[Beta]43,\[Beta]44},{8.644142914287878e-5,-0.37119327677314823,0.5151238995572217,-0.08402311529946654,0.2928620335245762,0.7910748220416757,1.0,0.969296888197941,0.021629981054273766,0.07157296874005441,-0.03735428189386508,0.016271693257896524,-0.970651473279741,-1.2389769741412684,-0.6283497923066382,0.033931057386594486,-1.4915900111174494,-1.6162079917001848,1.000098297631422,0.872367272411289,-0.36860514226955515,0.34066548570385424,0.039188046066198925,0.12692998186057428,2.486456645960492,-1.108721645842468,-1.0254854779750544,0.647750478007997,2.9756279751732384,2.0242191672959278,-0.8743559882045504,-3.1254915488958046,-2.9756633519367393,-1.0244521283363364,0.8745543970622135,3.1255614523167807,-1.9756270946206116,-2.0242186840083694,0.8743555860304675,3.125490614231379,3.957480255844508,4.041852177535419,-3.8683769027465145,-4.13095641498889}]



