
-----------------Setup------------------
Options: alg=LN_AUGLAG_EQ,dx=0.01,max_eval=100000000,popSize=0
imin=-10,jmin=-3,imax=1,jmax=3,
parameter_minmax=5,randSeed=2566665

f_1([1.04265e-7,4.74423,-4.71138,1.21661,-4.80898,3.62522,0.0113966,-4.90622,4.91762,-2.29512,2.93175,0.317994,-0.895623,-3.52851,2.81405,0.0192531,-1.00759,-0.554973,0.423419,4.98351,-4.43916,0.402093,-3.63057,4.06433,4.48935,4.06413,-4.99011,-1.9048,-0.184231,-3.68091,3.98353,2.60541,4.01159,3.90314,-1.7685,3.95151,1.46163,-0.879434,0.873281,-1.84223,4.43816,0.158489,-4.42422,1.34785])
1.3277779540910473
Max g: 10.09774416801196
f_2([2.38253e-8,4.73133,-4.71839,1.38503,-4.85009,3.47801,0.00838628,-4.86,4.86902,-2.30128,1.92624,0.702678,-0.00749462,-2.18062,2.18439,1.66076,-1.22695,-0.316293,0.0100031,4.43796,-4.41972,-0.507863,-3.4951,3.98767,4.49029,3.54599,-4.99227,-1.85596,-0.983282,-4.49062,4.23528,2.39395,3.91997,4.02533,-2.01622,3.93154,2.05593,-0.611222,0.395529,-1.20441,4.48064,-0.990453,-3.94484,0.701456])
3.138012486001986
Max g: 9.860613768981114
f_3([4.58561e-7,4.7104,-4.70757,1.479,-4.81648,3.34032,0.00767518,-4.75345,4.89403,-2.19247,1.82757,0.674228,-0.00021225,-2.01197,1.94801,1.42327,-0.987598,-0.573236,0.0181256,4.4455,-4.43585,-0.480275,-3.30515,4.07124,4.40755,3.44787,-4.99095,-2.1475,-0.885239,-4.37202,4.1917,2.18025,3.56499,3.59804,-4.99998,3.49375,1.9231,-0.786238,0.270982,-1.59174,4.41703,-1.43267,-3.97554,0.930966])
3.9239868157974676
Max g: 5.656796187744385
f_4([0.0111939,4.71575,-4.70456,1.60405,-4.81227,3.22842,0.135438,-4.69028,4.97123,-2.30207,2.4005,0.878345,0.0176346,-2.03099,1.94072,1.86822,-1.11702,-0.826237,0.00675442,4.5427,-4.45832,0.0910263,-3.34897,4.14794,4.86577,3.37493,-4.98498,-2.1967,0.269889,-3.69722,4.04665,0.354907,2.26193,1.51699,-4.87979,1.16207,2.16191,-0.963946,-0.757893,-0.478887,4.50075,-1.97049,-3.85972,1.40734])
2.242320927427947
Max g: 0.9135383657041967
f_5([-1.03111e-28,4.69801,-4.69801,1.55851,-4.80655,3.24805,0.121157,-4.69165,4.92174,-2.22111,2.38989,0.83122,0.0159993,-1.9903,1.89988,2.05607,-1.26598,-0.880563,0.0153462,4.53401,-4.47159,0.298049,-3.4048,4.21695,4.86597,3.44661,-4.96068,-2.3775,0.156875,-3.53941,3.97382,0.411813,2.14688,1.5647,-4.35881,0.686979,2.11667,-0.824789,-0.801054,-0.498124,4.39414,-1.67052,-3.8337,1.07571])
2.436819651171753
Max g: 0.9292945264290449
f_6([1.063e-17,4.69717,-4.69717,1.59361,-4.78625,3.19264,0.0190341,-4.69465,4.85417,-2.14104,2.96913,0.171909,0.0361304,-1.93691,1.85944,2.08876,-1.32725,-0.835809,0.0219868,4.45379,-4.44077,0.899671,-3.29837,4.21672,4.86928,3.68782,-4.94578,-2.55164,0.30964,-2.97311,3.42268,0.250244,1.7301,1.54247,-3.38698,0.185678,2.67321,-0.883174,-1.51458,-0.263535,4.37093,-1.02952,-3.89874,0.491334])
4.428087610567311
Max g: 0.8198575164612336
f_7([0.000353764,4.70514,-4.70392,1.53736,-4.78621,3.25039,0.000152469,-4.68656,4.82799,-2.21121,3.04614,0.164774,0.674523,-1.73881,1.92645,2.18986,-1.33992,-0.638896,0.0179603,4.41222,-4.45364,2.15907,-3.14579,4.41208,4.86911,3.76245,-4.94584,-2.69076,0.522625,-2.65655,3.02437,0.0829666,1.70208,1.53748,-3.21555,0.0220294,3.51194,0.684317,-4.26392,-0.0841447,4.3648,-0.793773,-3.74183,0.155682])
2.56289472133184
Max g: 0.6739997538737876
f_8([-1.85501e-18,4.7067,-4.7067,1.51808,-4.7795,3.26142,-9.3461e-19,-4.68241,4.82415,-2.24813,3.16976,0.078369,0.70832,-1.75935,1.97923,2.12739,-1.33846,-0.564268,0.0169437,4.41376,-4.4571,2.52079,-3.02449,4.46454,4.89357,3.7341,-4.93769,-2.52248,0.269012,-2.45064,3.11815,0.0649656,1.78693,1.3616,-3.11028,0.0146398,3.36933,1.39265,-4.70845,-0.0650971,4.36929,-0.770919,-3.74889,0.118981])
2.077445855454352
Max g: 0.6206780469892057
f_9([-5.91271e-24,4.71549,-4.71549,1.52888,-4.78554,3.25667,8.95833e-24,-4.68029,4.82725,-2.33321,3.43399,-0.100781,0.703725,-1.7612,1.97247,2.06353,-1.41209,-0.438714,0.0159984,4.40446,-4.44532,2.93442,-3.05215,4.41339,4.94829,3.72844,-4.92171,-2.75167,0.3186,-2.61869,3.21897,0.0544799,1.6282,1.12608,-2.78887,0.011928,3.54195,1.35616,-4.84702,-0.0540577,4.38662,-0.914454,-3.60672,0.102341])
2.3382736311415577
Max g: 0.5723822016357718
f_10([-5.19022e-28,4.71571,-4.71571,1.52336,-4.78468,3.26132,-1.19792e-27,-4.68041,4.82681,-2.33274,3.47291,-0.140171,0.703446,-1.76888,1.97862,2.05621,-1.40346,-0.439226,0.0158879,4.40509,-4.44494,2.97401,-3.0569,4.41729,4.94811,3.72211,-4.92186,-2.74536,0.314145,-2.60882,3.23754,0.0535635,1.61752,1.12387,-2.75499,0.0115668,3.5627,1.40465,-4.90891,-0.0530354,4.39102,-0.874917,-3.6358,0.100605])
2.3334859702494026
{-5.19021700549072e-28,4.715713399013206,-4.7157133990132065,1.5233566909176006,-4.7846795181188595,3.261322827201259,-1.197919517176138e-27,-4.680410694174134,4.826814595590863,-2.3327426639647224,3.4729139345242546,-0.14017127055953235,0.7034458348881609,-1.7688820232205964,1.9786192779775467,2.0562130149025752,-1.4034552768724926,-0.4392264612712698,0.015887940732795074,4.405093248670568,-4.4449358330144,2.974013980743377,-3.0569047065542017,4.417289934527604,4.948111772746236,3.7221099310696717,-4.921856261773152,-2.7453640905008574,0.31414544838244407,-2.608824847761103,3.237543897338618,0.05356350788313821,1.6175236608119727,1.1238729554852522,-2.754990543162847,0.011566831251148449,3.5627033842590263,1.4046501802936655,-4.908908163039096,-0.053035366100142235,4.391019801210552,-0.8749172334440786,-3.6358012908500315,0.10060494087123738}]
Set[{A021,A031,A032,A041,A042,A043,A121,A131,A132,A141,A142,A143,B021,B031,B032,B041,B042,B043,B121,B131,B132,B141,B142,B143,\[Alpha]1,\[Alpha]2,\[Alpha]3,\[Alpha]4,\[Beta]11,\[Beta]12,\[Beta]13,\[Beta]14,\[Beta]21,\[Beta]22,\[Beta]23,\[Beta]24,\[Beta]31,\[Beta]32,\[Beta]33,\[Beta]34,\[Beta]41,\[Beta]42,\[Beta]43,\[Beta]44},{-5.19021700549072e-28,4.715713399013206,-4.7157133990132065,1.5233566909176006,-4.7846795181188595,3.261322827201259,-1.197919517176138e-27,-4.680410694174134,4.826814595590863,-2.3327426639647224,3.4729139345242546,-0.14017127055953235,0.7034458348881609,-1.7688820232205964,1.9786192779775467,2.0562130149025752,-1.4034552768724926,-0.4392264612712698,0.015887940732795074,4.405093248670568,-4.4449358330144,2.974013980743377,-3.0569047065542017,4.417289934527604,4.948111772746236,3.7221099310696717,-4.921856261773152,-2.7453640905008574,0.31414544838244407,-2.608824847761103,3.237543897338618,0.05356350788313821,1.6175236608119727,1.1238729554852522,-2.754990543162847,0.011566831251148449,3.5627033842590263,1.4046501802936655,-4.908908163039096,-0.053035366100142235,4.391019801210552,-0.8749172334440786,-3.6358012908500315,0.10060494087123738}]

Max g: 0.5670210625423346
f_11([-5.35539e-22,4.72275,-4.72275,1.55654,-4.77382,3.21728,-5.36489e-22,-4.67567,4.82328,-2.35285,3.95474,-0.601888,0.701248,-1.75544,1.99169,1.95962,-1.40632,-0.378109,0.0158579,4.40467,-4.44255,3.29389,-3.26518,4.42331,4.94988,3.78377,-4.91548,-2.80928,0.225249,-2.5515,3.28118,0.0506363,1.54898,1.09051,-2.6272,0.0106593,3.44607,1.55878,-4.95153,-0.0503222,4.37597,-0.812695,-3.65083,0.095618])
2.39971527925755
Max g: 0.5510763659283231
f_12([0.000262791,4.71723,-4.71735,1.62155,-4.75108,3.12968,-1.95453e-5,-4.67175,4.81797,-2.35168,4.21424,-0.864147,0.711841,-1.75993,1.89765,1.92665,-1.30432,-0.279723,0.0148088,4.39254,-4.43476,3.46945,-3.52972,4.42264,4.94402,3.68978,-4.89076,-2.72082,0.0960277,-2.43838,3.34861,0.0513942,1.58281,1.12014,-2.76232,0.0121342,3.50189,1.5625,-4.98773,-0.0530766,4.42149,-0.801202,-3.65626,0.0981408])
2.5426469054754337
Max g: 0.5706321271486798
f_13([4.06135e-5,4.72575,-4.72578,1.60323,-4.74907,3.14602,1.52543e-5,-4.66299,4.80682,-2.37785,4.36312,-0.986206,0.740204,-1.82251,1.97545,1.93066,-1.24107,-0.326515,0.0150044,4.39334,-4.43966,3.87693,-3.56111,4.43382,4.91742,3.61085,-4.88324,-2.62976,-0.0292188,-2.29725,3.19263,0.0446038,1.80894,1.05471,-2.98107,0.00862373,3.92967,1.13824,-4.98858,-0.0433588,4.38054,-1.01297,-3.52076,0.0841069])
2.325506535429144
Max g: 0.5473508133404615
f_14([2.08122e-15,4.74061,-4.74061,1.61626,-4.7606,3.14435,2.45772e-12,-4.65519,4.80579,-2.34826,4.36779,-1.01954,0.786366,-1.91267,2.0217,1.95118,-1.26717,-0.186498,0.015165,4.39655,-4.44331,4.3097,-3.74585,4.26779,4.86735,3.51979,-4.88332,-2.48828,-0.333839,-1.94672,3.24662,0.0429635,1.83642,0.966272,-2.80318,0.00831658,3.68651,1.2142,-4.86488,-0.0430306,4.402,-1.08089,-3.38697,0.0816306])
2.274138923773729
Max g: 0.5363925436402586
f_15([9.85238e-10,4.76552,-4.76552,1.70223,-4.78537,3.08313,3.50094e-9,-4.66242,4.81635,-2.37361,4.53418,-1.16057,0.734579,-1.77927,1.93375,1.95457,-1.4501,-0.169933,0.0150883,4.41023,-4.45159,4.53797,-3.81778,4.30739,4.88568,3.51762,-4.88383,-2.48765,-0.210591,-2.12964,3.28987,0.0396387,1.83763,0.739592,-2.55518,0.00744409,2.30649,2.61427,-4.91152,-0.0398134,4.39878,-1.06647,-3.38802,0.0757657])
2.387047926480389
Max g: 0.5049748759718325
f_16([1.00098e-11,4.77386,-4.77386,1.68208,-4.78985,3.10778,5.35339e-12,-4.6628,4.81632,-2.41188,4.57149,-1.15961,0.712615,-1.7613,1.95044,1.97909,-1.49133,-0.228084,0.0147056,4.40697,-4.44858,4.46322,-3.63261,4.39642,4.82604,3.63458,-4.88456,-2.56295,-0.466481,-1.95193,3.36578,0.0366412,1.86882,0.706913,-2.53316,0.00660529,2.80382,2.23178,-5.0,-0.0368924,4.38505,-1.09144,-3.37566,0.0703426])
2.4342263348551687
Max g: 0.49208923425872686
f_17([4.98243e-21,4.78433,-4.78433,1.68565,-4.77855,3.0929,-2.45519e-19,-4.66336,4.81896,-2.40285,4.71547,-1.31262,0.710289,-1.74974,1.94072,1.97722,-1.56936,-0.151573,0.0150059,4.40332,-4.44258,4.17759,-3.83489,4.37899,4.81351,3.64796,-4.88619,-2.55509,-0.321178,-2.05175,3.31047,0.0449455,1.7761,0.637361,-2.43396,0.00912023,2.36739,2.62574,-4.96718,-0.0448869,4.28691,-1.03219,-3.34727,0.0854151])
2.438615024006311
Max g: 0.5192243717908428
f_18([-2.91809e-22,4.79292,-4.79292,1.67432,-4.76928,3.09496,-1.00746e-21,-4.66326,4.8225,-2.40446,4.65139,-1.24693,0.742723,-1.8473,1.98839,1.81039,-1.29121,-0.13601,0.0149383,4.40417,-4.44365,4.16836,-3.78331,4.26506,4.8237,3.55542,-4.88693,-2.48161,-0.165114,-2.19559,3.30508,0.0462514,1.74278,0.632446,-2.34304,0.00942736,2.40362,2.58352,-4.95343,-0.0463668,4.36822,-1.23084,-3.2316,0.0881299])
2.449187775143154
Max g: 0.5189975388463798
f_19([-4.86396e-22,4.79425,-4.79425,1.5603,-4.76774,3.20745,-3.22888e-23,-4.66575,4.82469,-2.42039,4.70042,-1.28003,0.74899,-1.82904,1.95896,1.86401,-1.2627,-0.199036,0.0146846,4.4106,-4.45015,4.26381,-3.75902,4.24334,4.90422,3.56559,-4.87907,-2.57879,-0.28151,-2.08888,3.32404,0.0443961,1.72236,0.635566,-2.33874,0.0088805,2.39988,2.63256,-4.99603,-0.0444529,4.23472,-1.14175,-3.22393,0.0847333])
2.426645871775923
Max g: 0.5130581038349769
f_20([4.36498e-7,4.79311,-4.79311,1.49048,-4.72664,3.23616,1.14688e-8,-4.66803,4.83269,-2.49844,4.74725,-1.24881,0.73147,-1.80698,1.95988,1.82281,-1.34362,-0.154803,0.0145429,4.42126,-4.45928,4.6082,-3.73266,4.30606,4.9286,3.52558,-4.87885,-2.57111,-0.108466,-2.24159,3.32142,0.037299,1.67038,0.483468,-2.11059,0.00685374,2.48223,2.53253,-4.98646,-0.0373461,4.20402,-1.15918,-3.10962,0.0716324])
2.5118263384821846
{4.36497865195501e-7,4.793111388627155,-4.793111686668877,1.490483570129699,-4.726643438342743,3.236160535806093,1.146882774001257e-8,-4.668025667154308,4.832693201337724,-2.4984412604420783,4.7472481091099965,-1.2488058924074503,0.731470197816527,-1.8069784518054863,1.9598793828343752,1.822805147176049,-1.3436155447085676,-0.1548026719647786,0.014542924256684351,4.4212644418111235,-4.459281305715936,4.608201616585975,-3.732661405884735,4.306058370313246,4.9285974327540885,3.5255780030891883,-4.878850327739085,-2.5711119781406704,-0.1084656856680891,-2.2415919107409032,3.3214240399178445,0.037298996056882236,1.6703810283965361,0.48346789835907084,-2.1105872192426762,0.0068537389566902555,2.4822287137804437,2.5325286128707853,-4.986457513759052,-0.037346132686157406,4.204020344827651,-1.1591791029872087,-3.109621643703888,0.0716323685508749}]
Set[{A021,A031,A032,A041,A042,A043,A121,A131,A132,A141,A142,A143,B021,B031,B032,B041,B042,B043,B121,B131,B132,B141,B142,B143,\[Alpha]1,\[Alpha]2,\[Alpha]3,\[Alpha]4,\[Beta]11,\[Beta]12,\[Beta]13,\[Beta]14,\[Beta]21,\[Beta]22,\[Beta]23,\[Beta]24,\[Beta]31,\[Beta]32,\[Beta]33,\[Beta]34,\[Beta]41,\[Beta]42,\[Beta]43,\[Beta]44},{4.36497865195501e-7,4.793111388627155,-4.793111686668877,1.490483570129699,-4.726643438342743,3.236160535806093,1.146882774001257e-8,-4.668025667154308,4.832693201337724,-2.4984412604420783,4.7472481091099965,-1.2488058924074503,0.731470197816527,-1.8069784518054863,1.9598793828343752,1.822805147176049,-1.3436155447085676,-0.1548026719647786,0.014542924256684351,4.4212644418111235,-4.459281305715936,4.608201616585975,-3.732661405884735,4.306058370313246,4.9285974327540885,3.5255780030891883,-4.878850327739085,-2.5711119781406704,-0.1084656856680891,-2.2415919107409032,3.3214240399178445,0.037298996056882236,1.6703810283965361,0.48346789835907084,-2.1105872192426762,0.0068537389566902555,2.4822287137804437,2.5325286128707853,-4.986457513759052,-0.037346132686157406,4.204020344827651,-1.1591791029872087,-3.109621643703888,0.0716323685508749}]

Max g: 0.47253038816739673
f_21([1.26706e-8,4.81113,-4.81113,1.58618,-4.74456,3.15839,-1.82314e-6,-4.66739,4.83795,-2.53075,4.6841,-1.1534,0.734722,-1.81922,1.9633,1.80171,-1.24329,-0.214648,0.0143686,4.42434,-4.45978,4.54463,-3.78377,4.29895,4.90711,3.51498,-4.87117,-2.55279,-0.164206,-2.26275,3.40743,0.0387168,1.75817,0.421224,-1.84556,0.00696373,2.44084,2.60657,-5.0,-0.0393503,4.56269,-1.693,-2.95084,0.0747547])
2.585436624699071
Max g: 0.4584888371973549
f_22([1.45333e-5,4.82681,-4.82679,1.62606,-4.73648,3.11043,9.96951e-20,-4.66562,4.83491,-2.52356,4.65538,-1.13182,0.719456,-1.78686,1.97398,1.77807,-1.21473,-0.309744,0.0142649,4.4255,-4.46506,4.68523,-3.57594,4.27104,4.88533,3.58989,-4.86305,-2.68789,-0.181881,-2.19345,3.34923,0.0345663,1.66051,0.339616,-1.99278,0.00619635,2.94648,2.08648,-4.99999,-0.0347041,4.64776,-1.83406,-2.94372,0.0667929])
2.671215549016852
Max g: 0.44965160799520293
f_23([2.70015e-7,4.82464,-4.82464,1.6473,-4.7276,3.0803,9.38841e-7,-4.66285,4.8385,-2.48626,4.61402,-1.12776,0.713712,-1.72263,1.94826,1.86588,-1.5844,-0.115311,0.0136237,4.44388,-4.48606,4.62722,-3.70269,4.29112,4.88549,3.53894,-4.84616,-2.55788,-0.522543,-1.90582,3.34959,0.0366927,1.6486,0.341724,-1.9303,0.00671885,2.89926,2.05384,-4.95914,-0.0368943,4.61696,-2.05892,-2.68143,0.0708793])
2.6397965244120836
Max g: 0.45474265204423714
f_24([3.41681e-13,4.83241,-4.83241,1.62858,-4.73299,3.10441,-1.1442e-14,-4.66359,4.84058,-2.41741,4.62863,-1.21122,0.720154,-1.74107,1.92318,1.87103,-1.68287,0.0539923,0.0128873,4.44787,-4.49363,4.63365,-3.62548,4.3437,4.93831,3.49446,-4.84605,-2.61311,-0.880535,-1.52432,3.32103,0.0350421,1.74244,0.292804,-1.99516,0.00623347,3.04768,2.00093,-4.99996,-0.0350187,4.58246,-2.15352,-2.52841,0.0673412])
2.6901667067149666
Max g: 0.4483494551702562
f_25([0.000208682,4.85274,-4.85297,1.62156,-4.73411,3.13402,4.31984e-6,-4.65884,4.83888,-2.23403,4.33946,-1.12913,0.681859,-2.12328,2.19021,1.51467,-1.45521,0.301902,0.0127537,4.45499,-4.51011,4.44525,-3.52278,4.40457,4.93308,3.45345,-4.83048,-2.47888,-0.242253,-1.98388,3.25924,0.0359292,1.79913,0.431205,-2.11723,0.0058312,3.24092,1.72058,-4.89345,-0.0369823,4.51059,-2.37173,-2.26548,0.0662398])
2.693857195319336
Max g: 0.4474776444831353
f_26([2.7419e-28,4.89787,-4.89787,1.48929,-4.73411,3.24482,-4.32787e-27,-4.65501,4.83951,-2.24614,4.2372,-0.991059,0.730286,-2.06306,2.30099,1.55771,-1.63611,0.229049,0.0111044,4.45048,-4.50671,4.21771,-3.48908,4.44281,4.97264,3.4649,-4.8232,-2.60003,-0.261869,-2.08211,3.29512,0.0374946,1.82215,0.418057,-2.15695,0.00678096,3.21506,1.72432,-4.92912,-0.0375339,4.62624,-2.75488,-1.98975,0.0718631])
2.611768759605925
Max g: 0.4529332401903119
f_27([1.05956e-6,4.89464,-4.89465,1.39047,-4.73128,3.34083,2.0908e-7,-4.65035,4.84599,-2.43498,4.26255,-0.827634,0.744226,-2.02634,2.32286,1.60625,-1.52121,-0.016576,0.0106173,4.44009,-4.49678,4.45838,-3.43571,4.37529,4.96006,3.49597,-4.79338,-2.67157,-0.633417,-1.75425,3.23849,0.0345628,1.63114,0.281935,-1.8882,0.00613149,3.22283,1.64166,-4.83592,-0.0346485,4.64959,-2.9289,-1.7374,0.065972])
2.7447260922984853
Max g: 0.42351536562580694
f_28([1.15316e-24,4.89681,-4.89681,1.21869,-4.73295,3.51426,-1.1686e-23,-4.64938,4.85033,-2.60505,4.72109,-1.11604,0.959637,-1.65374,2.23641,1.631,-1.63318,-0.169499,0.00994226,4.44152,-4.49645,4.52523,-3.36344,4.57558,4.87896,3.47137,-4.77067,-2.6107,-0.582009,-1.65703,3.2274,0.0304202,1.59258,0.252728,-1.73549,0.00501437,3.32595,1.59609,-4.85027,-0.0304907,4.50058,-2.92931,-1.59541,0.0587808])
2.230750746938572
Max g: 0.3957520986979507
f_29([-6.34631e-20,4.89964,-4.89964,0.988369,-4.71818,3.72981,-2.53958e-20,-4.6521,4.85575,-2.61502,4.50453,-0.889505,1.05139,-1.56776,2.25627,1.69161,-1.95159,0.0307772,0.00874818,4.42597,-4.48614,3.95285,-3.16691,4.8277,4.77123,3.51513,-4.75332,-2.54285,-0.487758,-1.71956,3.19252,0.0317872,1.55355,0.246905,-1.79461,0.00541973,3.32648,1.63543,-4.83325,-0.0316945,4.40883,-3.15759,-1.34066,0.0612876])
2.1111589675699447
Max g: 0.397091813794911
slurmstepd: *** JOB 9005396 ON comet-30-05 CANCELLED AT 2017-04-24T10:35:24 DUE TO TIME LIMIT ***

signal (15): Terminated
while loading /home/crackauc/.julia/v0.5/SRKGenerator/test/runtests.jl, in expression starting on line 45
trstlp at /home/crackauc/.julia/v0.5/NLopt/deps/src/nlopt-2.4/cobyla/cobyla.c:1791 [inlined]
cobylb at /home/crackauc/.julia/v0.5/NLopt/deps/src/nlopt-2.4/cobyla/cobyla.c:917 [inlined]
cobyla at /home/crackauc/.julia/v0.5/NLopt/deps/src/nlopt-2.4/cobyla/cobyla.c:430
cobyla_minimize at /home/crackauc/.julia/v0.5/NLopt/deps/src/nlopt-2.4/cobyla/cobyla.c:247
nlopt_optimize_ at /home/crackauc/.julia/v0.5/NLopt/deps/src/nlopt-2.4/api/optimize.c:647 [inlined]
nlopt_optimize at /home/crackauc/.julia/v0.5/NLopt/deps/src/nlopt-2.4/api/optimize.c:826
nlopt_optimize_limited at /home/crackauc/.julia/v0.5/NLopt/deps/src/nlopt-2.4/api/optimize.c:865
auglag_minimize at /home/crackauc/.julia/v0.5/NLopt/deps/src/nlopt-2.4/auglag/auglag.c:195
nlopt_optimize_ at /home/crackauc/.julia/v0.5/NLopt/deps/src/nlopt-2.4/api/optimize.c:733 [inlined]
nlopt_optimize at /home/crackauc/.julia/v0.5/NLopt/deps/src/nlopt-2.4/api/optimize.c:826
optimize! at /home/crackauc/.julia/v0.5/NLopt/src/NLopt.jl:526
#srk_optimize#1 at /home/crackauc/.julia/v0.5/SRKGenerator/src/main.jl:94
unknown function (ip: 0x2b509a06669d)
jl_call_method_internal at /home/centos/buildbot/slave/package_tarball64/build/src/julia_internal.h:189 [inlined]
jl_apply_generic at /home/centos/buildbot/slave/package_tarball64/build/src/gf.c:1942
#srk_optimize at ./<missing>:0
unknown function (ip: 0x2b509a062efc)
jl_call_method_internal at /home/centos/buildbot/slave/package_tarball64/build/src/julia_internal.h:189 [inlined]
jl_apply_generic at /home/centos/buildbot/slave/package_tarball64/build/src/gf.c:1942
do_call at /home/centos/buildbot/slave/package_tarball64/build/src/interpreter.c:66
eval at /home/centos/buildbot/slave/package_tarball64/build/src/interpreter.c:190
eval_body at /home/centos/buildbot/slave/package_tarball64/build/src/interpreter.c:469
jl_interpret_call at /home/centos/buildbot/slave/package_tarball64/build/src/interpreter.c:573
jl_toplevel_eval_flex at /home/centos/buildbot/slave/package_tarball64/build/src/toplevel.c:572
jl_parse_eval_all at /home/centos/buildbot/slave/package_tarball64/build/src/ast.c:717
jl_load at /home/centos/buildbot/slave/package_tarball64/build/src/toplevel.c:596
jl_load_ at /home/centos/buildbot/slave/package_tarball64/build/src/toplevel.c:605
include_from_node1 at ./loading.jl:488
unknown function (ip: 0x2b4e707d9d0b)
jl_call_method_internal at /home/centos/buildbot/slave/package_tarball64/build/src/julia_internal.h:189 [inlined]
jl_apply_generic at /home/centos/buildbot/slave/package_tarball64/build/src/gf.c:1942
process_options at ./client.jl:262
_start at ./client.jl:318
unknown function (ip: 0x2b4e707ff2e8)
jl_call_method_internal at /home/centos/buildbot/slave/package_tarball64/build/src/julia_internal.h:189 [inlined]
jl_apply_generic at /home/centos/buildbot/slave/package_tarball64/build/src/gf.c:1942
jl_apply at /home/centos/buildbot/slave/package_tarball64/build/ui/../src/julia.h:1392 [inlined]
true_main at /home/centos/buildbot/slave/package_tarball64/build/ui/repl.c:112
main at /home/centos/buildbot/slave/package_tarball64/build/ui/repl.c:232
__libc_start_main at /lib64/libc.so.6 (unknown line)
unknown function (ip: 0x4013fc)
unknown function (ip: 0xffffffffffffffff)
Allocations: 28927494866 (Pool: 28888541222; Big: 38953644); GC: 34272

signal (11): Segmentation fault
while loading /home/crackauc/.julia/v0.5/SRKGenerator/test/runtests.jl, in expression starting on line 45
