
-----------------Setup------------------
Options: alg=LN_AUGLAG_EQ,dx=0.01,max_eval=100000000,popSize=0
imin=-6,jmin=-3,imax=1,jmax=3,
parameter_minmax=5,
randSeed=76919641, rand_minmax=3,
END_C=true, INEQ_C=false

Initial Condition:

[1.53149,-0.517136,1.41375,-0.600252,0.151753,1.52835,0.271319,0.570493,-0.935286,-1.29416,0.201917,2.95104,0.143873,-2.44458,-1.99801,0.161549,-1.36009,-1.92135,-0.999641,1.90139,2.80345,-1.00797,1.13395,2.11131,-2.1628,-1.64155,-2.76308,2.13596,-1.83754,0.277354,-2.01102,1.66299,-0.584634,-0.325256,-2.12456,-0.0788245,1.32078,-1.32995,1.04405,0.0689369,1.82394,-2.99995,-0.531196,0.198275]

f_1([0.114659,-0.16524,0.482891,-1.31859,3.37986,-1.43436,0.680612,1.19024,-0.690857,3.28477,-2.97646,0.419767,0.966966,-1.49432,1.06378,1.83515,-2.15076,-0.209252,0.650167,0.519656,2.95359,1.49287,2.91032,0.791334,-0.800068,1.364,-0.674901,1.18487,0.568194,0.814767,-0.490985,0.242756,-0.416316,-0.311244,1.12914,-0.49969,1.4686,-1.9374,0.974614,-0.440207,-0.0907203,0.307625,-0.583796,0.333914])
5.018454739010826
Max g: 0.3092516426506461
f_2([0.264969,0.201604,0.798378,-1.22123,3.41034,-1.18909,1.0,1.53107,-0.645299,3.37288,-2.86398,0.455521,0.901982,-1.40376,1.10612,1.76879,-2.20529,-0.218332,1.07846,0.512959,2.97301,1.10692,2.79833,1.51378,-0.562322,1.47575,-0.769754,0.859537,0.135956,1.52407,-1.11706,0.434847,-0.107249,-0.58301,1.16377,-0.457573,0.890929,-1.66868,1.29711,-0.504397,0.0550646,0.130354,-0.455313,0.255487])
4.498864232460877
Max g: 0.12126449497668457
f_3([0.275468,0.202304,0.797175,-1.21669,3.41208,-1.19539,1.00001,1.56386,-0.719185,3.35437,-2.84584,0.433963,0.897885,-1.38605,1.11517,1.77041,-2.20237,-0.212015,1.23407,0.474828,2.99037,0.829701,2.70775,1.82488,-0.576623,1.49125,-0.760299,0.847822,0.232617,1.61214,-1.36686,0.520031,-0.144264,-0.636129,1.28,-0.499316,0.788788,-1.68899,1.45872,-0.554814,0.104052,0.0504989,-0.387581,0.231397])
4.442538707479925
Max g: 0.09782031076203535
f_4([0.274219,0.204983,0.794931,-1.21555,3.41121,-1.19568,1.0,1.62193,-0.774247,3.34114,-2.81765,0.420946,0.89585,-1.37295,1.12709,1.77051,-2.19727,-0.206093,1.24594,0.382529,2.98884,0.639392,2.63788,1.96774,-0.58886,1.50331,-0.758212,0.844729,0.238026,1.68612,-1.4714,0.549295,-0.144903,-0.680877,1.33832,-0.512888,0.770766,-1.73234,1.53041,-0.571412,0.114012,0.0264563,-0.363902,0.223669])
4.506341072060119
Max g: 0.09675911244866942
f_5([0.274963,0.206947,0.793053,-1.21504,3.41196,-1.19695,1.0,1.68212,-0.823192,3.32847,-2.78933,0.4089,0.89537,-1.35846,1.14052,1.77356,-2.1931,-0.201131,1.22103,0.278066,2.98422,0.47849,2.57238,2.06032,-0.596016,1.51278,-0.754407,0.837864,0.224338,1.75114,-1.5364,0.564543,-0.141356,-0.728203,1.39366,-0.524563,0.779022,-1.77554,1.56968,-0.576966,0.11494,0.0264817,-0.366132,0.226007])
4.549507359346405
Max g: 0.08910650336247039
f_6([0.275462,0.209739,0.790261,-1.2145,3.4123,-1.19781,1.0,1.73476,-0.863233,3.31839,-2.76283,0.397208,0.896155,-1.34593,1.15422,1.77514,-2.189,-0.194248,1.18684,0.172826,2.97928,0.330777,2.50778,2.13385,-0.599887,1.51909,-0.750202,0.831509,0.205612,1.81047,-1.58855,0.576017,-0.137086,-0.776678,1.45028,-0.537017,0.793628,-1.81752,1.60085,-0.580696,0.111838,0.0394336,-0.384022,0.234535])
4.558280184476182
Max g: 0.08123577998866682
f_7([0.276372,0.213836,0.786097,-1.21363,3.41241,-1.19878,1.0,1.77812,-0.894654,3.3119,-2.74083,0.386466,0.896825,-1.33336,1.16673,1.77646,-2.18573,-0.187975,1.15151,0.0713642,2.97615,0.193833,2.44547,2.19837,-0.603845,1.52514,-0.745942,0.824872,0.187087,1.86442,-1.63382,0.585852,-0.133155,-0.824743,1.50734,-0.550075,0.808697,-1.85679,1.62895,-0.584374,0.106236,0.0599703,-0.410992,0.246485])
4.539338857491437
Max g: 0.07407194777201342
f_8([0.277171,0.21808,0.781672,-1.21142,3.41147,-1.20021,1.0,1.80569,-0.91237,3.30998,-2.72535,0.375429,0.89827,-1.32503,1.17635,1.77688,-2.18271,-0.182403,1.12244,-0.0087705,2.97517,0.0878607,2.39769,2.24681,-0.605133,1.52715,-0.74295,0.82051,0.171156,1.90513,-1.66618,0.592475,-0.130576,-0.863375,1.55339,-0.560591,0.821869,-1.89049,1.6531,-0.588094,0.096898,0.0839229,-0.437367,0.257385])
4.523986413514328
Max g: 0.06672894215297265
f_9([0.276857,0.220968,0.778998,-1.21069,3.41275,-1.20212,1.0,1.86973,-0.947805,3.30326,-2.69329,0.361917,0.901519,-1.30675,1.18886,1.77797,-2.1728,-0.177825,1.04375,-0.200217,2.98135,-0.138893,2.28948,2.3466,-0.605629,1.52945,-0.737712,0.814009,0.122939,1.99239,-1.71168,0.596814,-0.112466,-0.969951,1.66605,-0.584201,0.873794,-1.98251,1.70093,-0.593201,0.0711644,0.168297,-0.532177,0.294095])
4.418911894346322
Max g: 0.049958707874507735
f_10([0.279266,0.222512,0.777456,-1.2111,3.4136,-1.20262,1.0,1.90315,-0.963955,3.30221,-2.67214,0.347408,0.903391,-1.29666,1.19998,1.77819,-2.16893,-0.173661,0.997666,-0.342999,2.99691,-0.326166,2.20812,2.44608,-0.604385,1.5316,-0.73269,0.805605,0.0949731,2.06561,-1.76827,0.608453,-0.0990886,-1.05889,1.76399,-0.606782,0.903293,-2.05298,1.75251,-0.603117,0.0497502,0.236989,-0.609942,0.323782])
4.3409533801248985
{0.27926610942170865,0.22251181001728046,0.77745620562221,-1.2110950595628354,3.4136003319619803,-1.2026196101041104,1.000000124028335,1.9031507614596133,-0.9639547524751848,3.302213510585085,-2.6721374846960666,0.3474077717529167,0.9033908196571833,-1.2966568496497908,1.1999836862023168,1.7781850279870544,-2.16892998299182,-0.17366072971840638,0.9976655447054064,-0.34299917530807905,2.9969071739873585,-0.3261661621934551,2.2081189318591856,2.4460764443218146,-0.6043845254749041,1.5316018806930942,-0.7326904257658725,0.8056050905358041,0.09497313629510236,2.0656085935040673,-1.7682692297173621,0.6084525790817296,-0.09908860681070149,-1.0588861076181695,1.7639900531583257,-0.6067823278051041,0.9032928815169916,-2.0529789907367566,1.7525052321282195,-0.6031165002944263,0.04975018239045241,0.23698900449272745,-0.6099418334595597,0.3237824416646047}]
Set[{A021,A031,A032,A041,A042,A043,A121,A131,A132,A141,A142,A143,B021,B031,B032,B041,B042,B043,B121,B131,B132,B141,B142,B143,\[Alpha]1,\[Alpha]2,\[Alpha]3,\[Alpha]4,\[Beta]11,\[Beta]12,\[Beta]13,\[Beta]14,\[Beta]21,\[Beta]22,\[Beta]23,\[Beta]24,\[Beta]31,\[Beta]32,\[Beta]33,\[Beta]34,\[Beta]41,\[Beta]42,\[Beta]43,\[Beta]44},{0.27926610942170865,0.22251181001728046,0.77745620562221,-1.2110950595628354,3.4136003319619803,-1.2026196101041104,1.000000124028335,1.9031507614596133,-0.9639547524751848,3.302213510585085,-2.6721374846960666,0.3474077717529167,0.9033908196571833,-1.2966568496497908,1.1999836862023168,1.7781850279870544,-2.16892998299182,-0.17366072971840638,0.9976655447054064,-0.34299917530807905,2.9969071739873585,-0.3261661621934551,2.2081189318591856,2.4460764443218146,-0.6043845254749041,1.5316018806930942,-0.7326904257658725,0.8056050905358041,0.09497313629510236,2.0656085935040673,-1.7682692297173621,0.6084525790817296,-0.09908860681070149,-1.0588861076181695,1.7639900531583257,-0.6067823278051041,0.9032928815169916,-2.0529789907367566,1.7525052321282195,-0.6031165002944263,0.04975018239045241,0.23698900449272745,-0.6099418334595597,0.3237824416646047}]

Max g: 0.038287788657506594
f_11([0.279984,0.226939,0.773002,-1.21223,3.41544,-1.20321,1.0,1.92127,-0.964575,3.3061,-2.65842,0.335204,0.905248,-1.28737,1.20774,1.77647,-2.16598,-0.167983,0.962461,-0.46261,3.02141,-0.482669,2.14398,2.54241,-0.603174,1.53257,-0.72909,0.79974,0.0630567,2.14021,-1.82317,0.619782,-0.0807421,-1.14497,1.85154,-0.626279,0.932976,-2.12409,1.80369,-0.613196,0.0282116,0.304521,-0.68122,0.349428])
4.304665785269914
Max g: 0.026191901397978112
f_12([0.280702,0.228675,0.769557,-1.21126,3.4134,-1.20274,1.0,1.92947,-0.960338,3.31059,-2.65187,0.325927,0.904486,-1.2827,1.21053,1.77777,-2.16318,-0.167216,0.948863,-0.517211,3.03903,-0.555299,2.11739,2.59772,-0.604693,1.53608,-0.722836,0.795709,0.0410656,2.18295,-1.85063,0.624255,-0.0652287,-1.19792,1.89587,-0.634275,0.953762,-2.16667,1.83402,-0.61865,0.0161727,0.34064,-0.716803,0.361166])
4.299083078369147
Max g: 0.0375442513673061
f_13([0.279568,0.229056,0.770829,-1.21085,3.41286,-1.20202,1.0,1.92004,-0.935987,3.31854,-2.65153,0.326161,0.904115,-1.28358,1.20948,1.77457,-2.16419,-0.169598,0.960964,-0.504982,3.06481,-0.544143,2.13632,2.63583,-0.606974,1.53683,-0.721646,0.791764,0.0247508,2.21315,-1.86055,0.62346,-0.036454,-1.23219,1.90142,-0.633971,0.974268,-2.20923,1.85595,-0.621891,0.00433476,0.373592,-0.740557,0.363528])
4.378138195731792
Max g: 0.02093373052662706
f_14([0.279171,0.228972,0.771023,-1.2108,3.41292,-1.20213,1.0,1.90731,-0.914553,3.32515,-2.65624,0.327594,0.903281,-1.28646,1.20647,1.7737,-2.16527,-0.17122,0.976566,-0.470922,3.0778,-0.502968,2.16509,2.64211,-0.60769,1.53662,-0.720865,0.791852,0.0119633,2.22782,-1.86101,0.621837,-0.0180364,-1.24104,1.88712,-0.6287,0.988447,-2.22867,1.86166,-0.622015,-0.00404834,0.38079,-0.733817,0.35727])
4.452208753361611
Max g: 0.012508187001141202
f_15([0.278709,0.229583,0.770417,-1.21091,3.41314,-1.2023,1.0,1.90313,-0.906081,3.32791,-2.65788,0.328312,0.902852,-1.28756,1.20538,1.77366,-2.16624,-0.171447,0.983301,-0.455764,3.08341,-0.484662,2.17752,2.64563,-0.608909,1.53696,-0.720627,0.792486,0.00517385,2.23724,-1.86339,0.621659,-0.00894966,-1.24673,1.88183,-0.626488,0.99604,-2.23843,1.86432,-0.621932,-0.00671026,0.380488,-0.727036,0.353229])
4.476633096052466
Max g: 0.008919673433361197
f_16([0.278476,0.229582,0.770261,-1.21063,3.41273,-1.20218,0.998857,1.89794,-0.897943,3.33116,-2.6607,0.328765,0.902368,-1.28843,1.20428,1.77276,-2.16636,-0.171677,0.992551,-0.434906,3.08962,-0.460003,2.19394,2.64819,-0.609282,1.53743,-0.720577,0.792469,-0.00282915,2.24786,-1.86678,0.621835,0.000417745,-1.25147,1.87491,-0.623999,1.00288,-2.24861,1.86762,-0.622107,-0.00741313,0.373969,-0.713245,0.346636])
4.507038910422715
Max g: 0.006662860068040025
f_17([0.278487,0.229605,0.770395,-1.21065,3.41292,-1.20228,0.997541,1.89676,-0.896756,3.33176,-2.66121,0.328953,0.902316,-1.28859,1.2041,1.77276,-2.16653,-0.171724,0.99403,-0.42833,3.08975,-0.450407,2.19881,2.6452,-0.609334,1.53741,-0.72057,0.792452,-0.00564297,2.25108,-1.86684,0.621564,0.00238177,-1.25059,1.87059,-0.622439,1.00573,-2.25135,1.86713,-0.621657,-0.00570055,0.366898,-0.70459,0.343299])
4.513020382102107
Max g: 0.0045318785492588776
f_18([0.278474,0.229636,0.770361,-1.21068,3.41299,-1.20231,0.996474,1.89592,-0.895924,3.33203,-2.66141,0.329049,0.902351,-1.28876,1.20408,1.77273,-2.16654,-0.171786,0.995391,-0.422893,3.09006,-0.442653,2.20287,2.6432,-0.609199,1.53727,-0.720447,0.792351,-0.00805263,2.25366,-1.86682,0.621298,0.00402789,-1.24996,1.86706,-0.621157,1.0081,-2.2538,1.86695,-0.62134,-0.00438111,0.3615,-0.697823,0.340647])
4.517406794666996
Max g: 0.0029362327689343853
f_19([0.278476,0.229672,0.770326,-1.21066,3.41296,-1.2023,0.995858,1.89542,-0.895415,3.33221,-2.66156,0.329089,0.902334,-1.28878,1.20403,1.7727,-2.1666,-0.171771,0.996259,-0.419522,3.09019,-0.437986,2.20536,2.642,-0.609189,1.53728,-0.720402,0.792303,-0.00944462,2.25512,-1.86674,0.621115,0.00502858,-1.24966,1.86504,-0.62042,1.00943,-2.25517,1.86679,-0.621135,-0.00362417,0.358425,-0.693946,0.339114])
4.520297839312036
Max g: 0.0020201771884078012
f_20([0.278487,0.22973,0.770268,-1.21061,3.41292,-1.20232,0.995002,1.89519,-0.89519,3.33238,-2.6616,0.329145,0.902357,-1.28894,1.20415,1.77265,-2.16631,-0.171989,0.996793,-0.416062,3.0901,-0.43259,2.20787,2.64018,-0.609096,1.53718,-0.720415,0.792339,-0.0112896,2.25692,-1.86633,0.620764,0.00612971,-1.2492,1.86249,-0.619433,1.01128,-2.25685,1.8663,-0.620757,-0.0026674,0.354617,-0.689308,0.33731])
4.522092280815854
{0.2784870547711363,0.22972977919033347,0.7702684051767561,-1.2106082342450142,3.412924946259588,-1.2023187420007142,0.9950018630238133,1.895190517236224,-0.8951904088324439,3.3323821107324303,-2.6616048666913446,0.32914521746938713,0.9023574712160183,-1.288941870221715,1.2041483003248104,1.7726475027434727,-2.1663108676730367,-0.1719893708503336,0.9967927031980387,-0.41606159620995803,3.090095691357174,-0.4325902141526829,2.207874962686345,2.640182268847332,-0.6090960122634191,1.5371830771576465,-0.7204151910635154,0.7923387251794863,-0.01128957197806705,2.2569173931655255,-1.866332269528634,0.6207637145235448,0.0061297086327966625,-1.2492042157505143,1.8624932791338027,-0.619433428109038,1.0112789259264003,-2.256851926581179,1.8663042750626317,-0.6207574232455707,-0.00266740102822137,0.35461669724404016,-0.6893082139223798,0.3373104628094961}]
Set[{A021,A031,A032,A041,A042,A043,A121,A131,A132,A141,A142,A143,B021,B031,B032,B041,B042,B043,B121,B131,B132,B141,B142,B143,\[Alpha]1,\[Alpha]2,\[Alpha]3,\[Alpha]4,\[Beta]11,\[Beta]12,\[Beta]13,\[Beta]14,\[Beta]21,\[Beta]22,\[Beta]23,\[Beta]24,\[Beta]31,\[Beta]32,\[Beta]33,\[Beta]34,\[Beta]41,\[Beta]42,\[Beta]43,\[Beta]44},{0.2784870547711363,0.22972977919033347,0.7702684051767561,-1.2106082342450142,3.412924946259588,-1.2023187420007142,0.9950018630238133,1.895190517236224,-0.8951904088324439,3.3323821107324303,-2.6616048666913446,0.32914521746938713,0.9023574712160183,-1.288941870221715,1.2041483003248104,1.7726475027434727,-2.1663108676730367,-0.1719893708503336,0.9967927031980387,-0.41606159620995803,3.090095691357174,-0.4325902141526829,2.207874962686345,2.640182268847332,-0.6090960122634191,1.5371830771576465,-0.7204151910635154,0.7923387251794863,-0.01128957197806705,2.2569173931655255,-1.866332269528634,0.6207637145235448,0.0061297086327966625,-1.2492042157505143,1.8624932791338027,-0.619433428109038,1.0112789259264003,-2.256851926581179,1.8663042750626317,-0.6207574232455707,-0.00266740102822137,0.35461669724404016,-0.6893082139223798,0.3373104628094961}]

Max g: 0.0008202940368838424
f_21([0.278499,0.229797,0.7702,-1.2106,3.4129,-1.2023,0.994464,1.895,-0.894999,3.33251,-2.66169,0.329167,0.902368,-1.28892,1.20411,1.77254,-2.16631,-0.171948,0.997382,-0.413386,3.09013,-0.428776,2.20989,2.6391,-0.60906,1.53716,-0.720345,0.792236,-0.0124863,2.25809,-1.86615,0.620557,0.00694358,-1.24897,1.86081,-0.618794,1.01245,-2.258,1.86606,-0.620527,-0.0019776,0.351935,-0.686007,0.336015])
4.523886722319672
Max g: 3.569308284623318e-5
{0.27850735269772214,0.22979261657830807,0.7702073544906369,-1.210597942078477,3.4129151195834924,-1.2023174658321105,0.9943270017905633,1.8949678557836627,-0.8949678557836628,3.3325001741697076,-2.6616711083341626,0.32917093416445503,0.9023597244025117,-1.2889332657145627,1.2040837436751848,1.7725627534939925,-2.16629560459301,-0.17199602369291708,0.997530017185973,-0.4126694694313703,3.0901124642429285,-0.42774053391310146,2.2103853093896357,2.6387920080918463,-0.6090521967138286,1.5371612611170746,-0.7203472707883398,0.7922366295447786,-0.012816946794053182,2.2584179084357556,-1.8660986583621753,0.6205020725508874,0.00718176822013926,-1.248907271888193,1.8603635796222038,-0.6186240119865312,1.0128070824695767,-2.258328930796717,1.866011067596827,-0.6204745232790881,-0.0017459967916718154,0.3512098645741903,-0.685127135730723,0.3356709238724654}]
Set[{A021,A031,A032,A041,A042,A043,A121,A131,A132,A141,A142,A143,B021,B031,B032,B041,B042,B043,B121,B131,B132,B141,B142,B143,\[Alpha]1,\[Alpha]2,\[Alpha]3,\[Alpha]4,\[Beta]11,\[Beta]12,\[Beta]13,\[Beta]14,\[Beta]21,\[Beta]22,\[Beta]23,\[Beta]24,\[Beta]31,\[Beta]32,\[Beta]33,\[Beta]34,\[Beta]41,\[Beta]42,\[Beta]43,\[Beta]44},{0.27850735269772214,0.22979261657830807,0.7702073544906369,-1.210597942078477,3.4129151195834924,-1.2023174658321105,0.9943270017905633,1.8949678557836627,-0.8949678557836628,3.3325001741697076,-2.6616711083341626,0.32917093416445503,0.9023597244025117,-1.2889332657145627,1.2040837436751848,1.7725627534939925,-2.16629560459301,-0.17199602369291708,0.997530017185973,-0.4126694694313703,3.0901124642429285,-0.42774053391310146,2.2103853093896357,2.6387920080918463,-0.6090521967138286,1.5371612611170746,-0.7203472707883398,0.7922366295447786,-0.012816946794053182,2.2584179084357556,-1.8660986583621753,0.6205020725508874,0.00718176822013926,-1.248907271888193,1.8603635796222038,-0.6186240119865312,1.0128070824695767,-2.258328930796717,1.866011067596827,-0.6204745232790881,-0.0017459967916718154,0.3512098645741903,-0.685127135730723,0.3356709238724654}]


-----------------Final Result------------------
Options: alg=LN_AUGLAG_EQ,dx=0.01,max_eval=100000000,popSize=0
imin=-6,jmin=-3,imax=1,jmax=3,
parameter_minmax=5,
randSeed=76919641,rand_minmax=3,
END_C=true, INEQ_C=false

2153267 steps

Completed with maxf : 4.524285487098298

Constraints at 0.00010130211114356413

x = [0.27850735269772214,0.22979261657830807,0.7702073544906369,-1.210597942078477,3.4129151195834924,-1.2023174658321105,0.9943270017905633,1.8949678557836627,-0.8949678557836628,3.3325001741697076,-2.6616711083341626,0.32917093416445503,0.9023597244025117,-1.2889332657145627,1.2040837436751848,1.7725627534939925,-2.16629560459301,-0.17199602369291708,0.997530017185973,-0.4126694694313703,3.0901124642429285,-0.42774053391310146,2.2103853093896357,2.6387920080918463,-0.6090521967138286,1.5371612611170746,-0.7203472707883398,0.7922366295447786,-0.012816946794053182,2.2584179084357556,-1.8660986583621753,0.6205020725508874,0.00718176822013926,-1.248907271888193,1.8603635796222038,-0.6186240119865312,1.0128070824695767,-2.258328930796717,1.866011067596827,-0.6204745232790881,-0.0017459967916718154,0.3512098645741903,-0.685127135730723,0.3356709238724654]
c0 = [0.0,0.27850735269772214,0.999999971068945,0.9999997116729049]
c1 = [0.0,0.9943270017905633,0.9999999999999999,1.0]
A0 = [0.0,0.27850735269772214,0.22979261657830807,-1.210597942078477,0.0,0.0,0.7702073544906369,3.4129151195834924,0.0,0.0,0.0,-1.2023174658321105,0.0,0.0,0.0,0.0]
A1 = [0.0,0.9943270017905633,1.8949678557836627,3.3325001741697076,0.0,0.0,-0.8949678557836628,-2.6616711083341626,0.0,0.0,0.0,0.32917093416445503,0.0,0.0,0.0,0.0]
B0 = [0.0,0.9023597244025117,-1.2889332657145627,1.7725627534939925,0.0,0.0,1.2040837436751848,-2.16629560459301,0.0,0.0,0.0,-0.17199602369291708,0.0,0.0,0.0,0.0]
B1 = [0.0,0.997530017185973,-0.4126694694313703,-0.42774053391310146,0.0,0.0,3.0901124642429285,2.2103853093896357,0.0,0.0,0.0,2.6387920080918463,0.0,0.0,0.0,0.0]
α  = [-0.6090521967138286,1.5371612611170746,-0.7203472707883398,0.7922366295447786]
β1 = [-0.012816946794053182,2.2584179084357556,-1.8660986583621753,0.6205020725508874]
β2 = [0.00718176822013926,-1.248907271888193,1.8603635796222038,-0.6186240119865312]
β3 = [1.0128070824695767,-2.258328930796717,1.866011067596827,-0.6204745232790881]
β4 = [-0.0017459967916718154,0.3512098645741903,-0.685127135730723,0.3356709238724654]


Set[{A021,A031,A032,A041,A042,A043,A121,A131,A132,A141,A142,A143,B021,B031,B032,B041,B042,B043,B121,B131,B132,B141,B142,B143,\[Alpha]1,\[Alpha]2,\[Alpha]3,\[Alpha]4,\[Beta]11,\[Beta]12,\[Beta]13,\[Beta]14,\[Beta]21,\[Beta]22,\[Beta]23,\[Beta]24,\[Beta]31,\[Beta]32,\[Beta]33,\[Beta]34,\[Beta]41,\[Beta]42,\[Beta]43,\[Beta]44},{0.27850735269772214,0.22979261657830807,0.7702073544906369,-1.210597942078477,3.4129151195834924,-1.2023174658321105,0.9943270017905633,1.8949678557836627,-0.8949678557836628,3.3325001741697076,-2.6616711083341626,0.32917093416445503,0.9023597244025117,-1.2889332657145627,1.2040837436751848,1.7725627534939925,-2.16629560459301,-0.17199602369291708,0.997530017185973,-0.4126694694313703,3.0901124642429285,-0.42774053391310146,2.2103853093896357,2.6387920080918463,-0.6090521967138286,1.5371612611170746,-0.7203472707883398,0.7922366295447786,-0.012816946794053182,2.2584179084357556,-1.8660986583621753,0.6205020725508874,0.00718176822013926,-1.248907271888193,1.8603635796222038,-0.6186240119865312,1.0128070824695767,-2.258328930796717,1.866011067596827,-0.6204745232790881,-0.0017459967916718154,0.3512098645741903,-0.685127135730723,0.3356709238724654}]



