
-----------------Setup------------------
Options: alg=LN_AUGLAG_EQ,dx=0.01,max_eval=100000000,popSize=0
imin=-6,jmin=-3,imax=1,jmax=3,
parameter_minmax=5,
randSeed=50505106, rand_minmax=1,
END_C=true, INEQ_C=false

Initial Condition:

[-0.203817,-0.485673,-0.331736,-0.303993,0.619252,-0.294478,0.366852,0.0230472,-0.203967,-0.449424,0.533251,0.436946,0.749109,0.185926,0.0493655,-0.512204,0.281664,0.901191,-0.800224,0.650399,-0.761326,0.764838,0.351658,-0.978654,0.481858,-0.0108212,-0.536986,0.897615,-0.704382,-0.886731,-0.401999,0.762475,-0.999083,-0.376096,-0.36472,0.399166,0.371422,-0.0497733,0.0235802,0.437206,0.0770334,0.827025,0.625394,-0.726813]

f_1([0.0301293,0.746261,0.24463,0.157206,0.787429,0.0511354,0.570433,0.456926,0.543251,0.743831,0.262624,-0.0213436,0.469264,-0.820022,0.954932,0.838251,0.510497,-0.0547765,0.341367,-0.0752283,-1.70014,-0.47117,-0.910289,0.329941,0.861797,-0.360824,-0.441569,0.947773,-0.51977,1.3473,0.323636,-0.143177,-0.507087,0.938254,0.0902498,-0.492978,1.60384,-1.41912,-0.320791,0.144479,-0.294294,0.89312,1.2443,-1.83574])
14.582827954360422
Max g: 0.38958143118523275
f_2([0.024799,0.699094,0.300866,0.149787,0.792875,0.0573384,0.370005,0.570244,0.429699,0.658641,0.358965,-0.0176429,0.26444,-0.722092,0.994095,0.82243,0.519522,-0.0515238,0.608,-0.827403,-0.106105,-0.177998,-0.351467,0.270962,0.827835,-0.336034,-0.425586,0.933766,-0.660465,1.04878,0.710194,-0.0985328,-0.634369,1.00693,-0.431852,0.0593384,1.66091,-1.04857,-0.710249,0.0979135,-1.06457,1.68962,1.76134,-2.38645])
16.237701785659183
Max g: 0.011949094342803075
f_3([0.0206012,0.700891,0.299086,0.146065,0.792541,0.0613929,0.370399,0.608195,0.391782,0.645287,0.352644,0.0020616,0.163431,-0.691357,1.02825,0.825077,0.520749,-0.0438204,0.608583,-0.826738,-0.106323,-0.176515,-0.351899,0.270751,0.837656,-0.344667,-0.410725,0.917731,-0.659521,1.04764,0.710474,-0.0985848,-0.633132,1.00561,-0.432402,0.0599258,1.65965,-1.04754,-0.710459,0.0983402,-1.06341,1.68909,1.76066,-2.38631])
14.18097274869986
Max g: 0.006619052602418369
f_4([0.0119691,0.701566,0.298422,0.141486,0.790648,0.0678696,0.370652,0.624571,0.375426,0.63642,0.344525,0.0190437,0.0932598,-0.665265,1.05689,0.828778,0.522853,-0.0363447,0.608831,-0.826506,-0.106457,-0.176359,-0.351839,0.270831,0.843914,-0.34801,-0.400184,0.904253,-0.659016,1.04713,0.71056,-0.0986695,-0.632543,1.00503,-0.432587,0.0600869,1.65893,-1.04706,-0.710477,0.0986166,-1.06265,1.68861,1.76026,-2.38615])
12.983083353706732
Max g: 0.003495624390749379
f_5([-5.84453e-20,0.702596,0.297373,0.136905,0.786859,0.0762327,0.370872,0.63004,0.36996,0.628731,0.333489,0.0377794,0.0273219,-0.636033,1.08756,0.83342,0.527345,-0.0286054,0.60903,-0.825775,-0.106834,-0.176148,-0.351785,0.270979,0.848775,-0.348668,-0.390262,0.890191,-0.658589,1.0467,0.710894,-0.0990019,-0.632006,1.00449,-0.432958,0.0604503,1.6585,-1.04679,-0.710823,0.0991045,-1.06241,1.68875,1.76043,-2.38676])
12.402182762443003
Max g: 0.0007669414862797358
f_6([1.23403e-6,0.702359,0.297641,0.136188,0.786459,0.0773525,0.370951,0.628978,0.371022,0.625527,0.328963,0.0455079,0.00561657,-0.624562,1.1006,0.836015,0.528795,-0.0256304,0.609047,-0.825222,-0.107213,-0.175785,-0.351847,0.271141,0.849096,-0.349101,-0.385057,0.885062,-0.658485,1.0468,0.711086,-0.0993958,-0.631798,1.00436,-0.433084,0.0605209,1.65849,-1.0468,-0.71109,0.0994041,-1.06278,1.68952,1.76013,-2.38686])
12.313058834420046
Max g: 9.400528979755518e-6
{1.0626981636472617e-6,0.7023584462273482,0.2976415537726508,0.13618789449304566,0.7864584379276435,0.07735235779605894,0.37095075208782347,0.6289780870139845,0.371021912986016,0.6255267214440574,0.32896312046824533,0.04550767202228202,0.0056175085676748076,-0.6245622860320404,1.1006011139321406,0.8360153561241802,0.5287949678052315,-0.025630829285090265,0.6090467577054101,-0.8252222651846284,-0.10721254324537834,-0.17578479411536316,-0.35184666322737884,0.2711404240256674,0.8490956478994548,-0.34910122388021514,-0.3850573827629295,0.8850623464874351,-0.6584857467871539,1.0467952230167612,0.7110859786986848,-0.09939571207839458,-0.6317977149391553,1.0043593127617592,-0.4330841085221615,0.06052122359210661,1.6584911136462355,-1.0468029641572396,-0.7110896445175319,0.09940327659426558,-1.062780008478365,1.6895163280243133,1.760128802197696,-2.386863577739493}]
Set[{A021,A031,A032,A041,A042,A043,A121,A131,A132,A141,A142,A143,B021,B031,B032,B041,B042,B043,B121,B131,B132,B141,B142,B143,\[Alpha]1,\[Alpha]2,\[Alpha]3,\[Alpha]4,\[Beta]11,\[Beta]12,\[Beta]13,\[Beta]14,\[Beta]21,\[Beta]22,\[Beta]23,\[Beta]24,\[Beta]31,\[Beta]32,\[Beta]33,\[Beta]34,\[Beta]41,\[Beta]42,\[Beta]43,\[Beta]44},{1.0626981636472617e-6,0.7023584462273482,0.2976415537726508,0.13618789449304566,0.7864584379276435,0.07735235779605894,0.37095075208782347,0.6289780870139845,0.371021912986016,0.6255267214440574,0.32896312046824533,0.04550767202228202,0.0056175085676748076,-0.6245622860320404,1.1006011139321406,0.8360153561241802,0.5287949678052315,-0.025630829285090265,0.6090467577054101,-0.8252222651846284,-0.10721254324537834,-0.17578479411536316,-0.35184666322737884,0.2711404240256674,0.8490956478994548,-0.34910122388021514,-0.3850573827629295,0.8850623464874351,-0.6584857467871539,1.0467952230167612,0.7110859786986848,-0.09939571207839458,-0.6317977149391553,1.0043593127617592,-0.4330841085221615,0.06052122359210661,1.6584911136462355,-1.0468029641572396,-0.7110896445175319,0.09940327659426558,-1.062780008478365,1.6895163280243133,1.760128802197696,-2.386863577739493}]


-----------------Final Result------------------
Options: alg=LN_AUGLAG_EQ,dx=0.01,max_eval=100000000,popSize=0
imin=-6,jmin=-3,imax=1,jmax=3,
parameter_minmax=5,
randSeed=50505106,rand_minmax=1,
END_C=true, INEQ_C=false

611244 steps

Completed with maxf : 12.313158525614703

Constraints at 9.108685318812842e-6

x = [1.0626981636472617e-6,0.7023584462273482,0.2976415537726508,0.13618789449304566,0.7864584379276435,0.07735235779605894,0.37095075208782347,0.6289780870139845,0.371021912986016,0.6255267214440574,0.32896312046824533,0.04550767202228202,0.0056175085676748076,-0.6245622860320404,1.1006011139321406,0.8360153561241802,0.5287949678052315,-0.025630829285090265,0.6090467577054101,-0.8252222651846284,-0.10721254324537834,-0.17578479411536316,-0.35184666322737884,0.2711404240256674,0.8490956478994548,-0.34910122388021514,-0.3850573827629295,0.8850623464874351,-0.6584857467871539,1.0467952230167612,0.7110859786986848,-0.09939571207839458,-0.6317977149391553,1.0043593127617592,-0.4330841085221615,0.06052122359210661,1.6584911136462355,-1.0468029641572396,-0.7110896445175319,0.09940327659426558,-1.062780008478365,1.6895163280243133,1.760128802197696,-2.386863577739493]
c0 = [0.0,1.0626981636472617e-6,0.999999999999999,0.9999986902167481]
c1 = [0.0,0.37095075208782347,1.0000000000000004,0.9999975139345847]
A0 = [0.0,1.0626981636472617e-6,0.7023584462273482,0.13618789449304566,0.0,0.0,0.2976415537726508,0.7864584379276435,0.0,0.0,0.0,0.07735235779605894,0.0,0.0,0.0,0.0]
A1 = [0.0,0.37095075208782347,0.6289780870139845,0.6255267214440574,0.0,0.0,0.371021912986016,0.32896312046824533,0.0,0.0,0.0,0.04550767202228202,0.0,0.0,0.0,0.0]
B0 = [0.0,0.0056175085676748076,-0.6245622860320404,0.8360153561241802,0.0,0.0,1.1006011139321406,0.5287949678052315,0.0,0.0,0.0,-0.025630829285090265,0.0,0.0,0.0,0.0]
B1 = [0.0,0.6090467577054101,-0.8252222651846284,-0.17578479411536316,0.0,0.0,-0.10721254324537834,-0.35184666322737884,0.0,0.0,0.0,0.2711404240256674,0.0,0.0,0.0,0.0]
α  = [0.8490956478994548,-0.34910122388021514,-0.3850573827629295,0.8850623464874351]
β1 = [-0.6584857467871539,1.0467952230167612,0.7110859786986848,-0.09939571207839458]
β2 = [-0.6317977149391553,1.0043593127617592,-0.4330841085221615,0.06052122359210661]
β3 = [1.6584911136462355,-1.0468029641572396,-0.7110896445175319,0.09940327659426558]
β4 = [-1.062780008478365,1.6895163280243133,1.760128802197696,-2.386863577739493]


Set[{A021,A031,A032,A041,A042,A043,A121,A131,A132,A141,A142,A143,B021,B031,B032,B041,B042,B043,B121,B131,B132,B141,B142,B143,\[Alpha]1,\[Alpha]2,\[Alpha]3,\[Alpha]4,\[Beta]11,\[Beta]12,\[Beta]13,\[Beta]14,\[Beta]21,\[Beta]22,\[Beta]23,\[Beta]24,\[Beta]31,\[Beta]32,\[Beta]33,\[Beta]34,\[Beta]41,\[Beta]42,\[Beta]43,\[Beta]44},{1.0626981636472617e-6,0.7023584462273482,0.2976415537726508,0.13618789449304566,0.7864584379276435,0.07735235779605894,0.37095075208782347,0.6289780870139845,0.371021912986016,0.6255267214440574,0.32896312046824533,0.04550767202228202,0.0056175085676748076,-0.6245622860320404,1.1006011139321406,0.8360153561241802,0.5287949678052315,-0.025630829285090265,0.6090467577054101,-0.8252222651846284,-0.10721254324537834,-0.17578479411536316,-0.35184666322737884,0.2711404240256674,0.8490956478994548,-0.34910122388021514,-0.3850573827629295,0.8850623464874351,-0.6584857467871539,1.0467952230167612,0.7110859786986848,-0.09939571207839458,-0.6317977149391553,1.0043593127617592,-0.4330841085221615,0.06052122359210661,1.6584911136462355,-1.0468029641572396,-0.7110896445175319,0.09940327659426558,-1.062780008478365,1.6895163280243133,1.760128802197696,-2.386863577739493}]



