
-----------------Setup------------------
Options: alg=LN_AUGLAG_EQ,dx=0.01,max_eval=100000000,popSize=0
imin=-6,jmin=-3,imax=1,jmax=3,
parameter_minmax=5,
randSeed=6569983, rand_minmax=3

Initial Condition:

[1.66304,-1.71893,0.315678,0.957822,-1.67638,1.23955,-1.31009,-1.38347,-0.0546523,0.355225,-1.43194,-2.22871,-2.64778,-0.0501469,-2.3637,0.925958,-0.92821,2.01874,-1.49733,-0.543427,-0.896106,-0.8553,-2.5775,-2.88238,0.440386,-1.82749,-1.64325,-0.433382,0.501866,0.172131,-2.39385,-1.44633,-0.441201,2.41528,0.85459,1.3139,0.837341,-1.11182,-0.635458,-2.81812,-1.10789,2.929,-1.49545,1.21733]

f_1([0.00489534,-0.544661,0.730098,1.19111,-2.74689,1.62448,0.034803,-0.598408,0.667892,0.0283594,0.865975,-0.184492,-0.0267183,-0.755739,-0.388889,0.149528,-1.23141,2.97638,1.06115,2.71753,-1.63251,0.779153,0.839245,-1.15062,3.1937,-1.89904,-1.34764,-0.114623,2.45148,2.38722,-2.5634,0.278395,-0.24205,1.41235,-0.645991,0.408974,0.0107503,-0.653479,-0.273658,-3.29794,-1.32485,4.40437,-1.50311,1.6739])
14.308079021886964
Max g: 4.341061581682728
f_2([0.00724364,-0.575715,0.580419,1.01029,-2.74618,1.73638,0.0079564,-0.611123,0.630616,-0.240162,0.640983,-0.247011,-0.0125272,-0.359597,0.117603,2.59507,1.12439,2.63888,0.35075,2.14321,-1.84827,0.29617,0.55292,-1.28687,3.36882,-2.11505,-1.03117,0.0319085,1.7942,1.6967,-2.80552,-0.311896,-0.442509,1.2273,-0.870568,0.330552,0.00871069,-0.307932,0.0453998,-0.165859,-1.50704,2.77379,-1.5803,1.28349])
39.112544237967626
Max g: 1.8766527434635434
f_3([-1.9208e-20,-0.596658,0.596658,3.46563,-3.36227,0.896598,1.96333e-19,-0.552269,0.552269,0.33854,0.702395,-0.0409354,-0.164938,-0.401996,-0.189828,2.30361,0.709758,2.58699,-0.0796686,1.59475,-2.36718,-0.428557,0.014615,-1.69978,3.63278,-1.95425,-0.691187,0.0575509,1.1435,1.32157,-1.95261,0.537665,0.0578036,1.53646,-1.84467,0.208659,-0.381454,-0.512821,1.37795,-0.445155,-1.61439,2.81201,-1.96141,0.690345])
7.323614233054277
Max g: 0.6903445055204056
f_4([-2.02318e-19,-0.497373,0.497373,3.4608,-3.33255,0.871747,-1.50381e-19,-0.380476,0.380476,0.0932527,0.767802,-0.00330532,0.0315979,-0.518605,-0.403341,2.01107,0.180599,2.22618,-0.0599367,1.7594,-2.47075,-0.407737,0.0501372,-1.59532,3.37636,-1.8301,-0.654087,0.106469,0.877646,1.32652,-1.71728,0.514563,0.0930566,1.75906,-2.11717,0.255534,-0.458458,-0.708531,1.67306,-0.510775,-1.44716,2.79008,-2.12337,0.775573])
8.630167030223047
Max g: 0.6652474758905336
f_5([2.17174e-18,-0.491183,0.49301,3.4559,-3.3209,0.864627,-1.89112e-19,-0.314028,0.314028,0.0929234,0.79931,-0.121488,0.614697,-0.734515,-0.627219,1.37657,-0.436637,1.60058,-0.0903783,1.9792,-2.72328,-0.217091,0.121505,-1.81119,3.24941,-2.12595,-0.669224,0.548593,0.621014,1.75455,-1.9633,0.592902,0.308658,1.65174,-2.29377,0.331683,-0.160443,-1.13759,1.87248,-0.581738,-1.19199,2.54121,-2.20421,0.852549])
3.8447903043192397
Max g: 0.6570983439728499
f_6([0.000757545,-0.493379,0.494708,3.45801,-3.323,0.863815,0.937666,-0.0148685,0.608029,-0.160044,0.544582,-0.384538,0.607274,-0.730315,-0.623339,1.38396,-0.445271,1.58821,-0.379123,1.59672,-3.00834,-0.219587,0.0322718,-2.19124,3.24973,-2.12987,-0.668788,0.549716,-0.214286,2.43359,-2.02244,0.80647,0.229133,1.2668,-2.2302,0.76176,1.13945,-2.23287,1.79626,-0.725775,-0.343933,1.69955,-2.64569,1.26594])
2.982461470540065
Max g: 0.1780434772655557
f_7([-4.43975e-6,-0.48703,0.487028,3.46513,-3.32505,0.858264,0.903193,-0.0516537,0.580022,-0.157899,0.54537,-0.387466,0.607534,-0.723244,-0.62633,1.39232,-0.455938,1.59279,-0.640559,1.20805,-3.11331,-0.312043,-0.125798,-2.47733,3.25281,-2.12809,-0.670536,0.547839,-0.200231,2.53383,-2.31215,0.973296,0.137279,1.35902,-2.50543,1.01256,1.17787,-2.44693,2.20025,-0.928326,-0.224812,1.36438,-2.30657,1.16471])
3.095910050059221
Max g: 0.12532937567168956
f_8([8.87777e-5,-0.485601,0.489992,3.46436,-3.32101,0.855233,0.922666,-0.0538693,0.581344,-0.162032,0.541303,-0.379261,0.605862,-0.71563,-0.624689,1.3849,-0.45624,1.58873,-0.751226,1.04048,-3.125,-0.342001,-0.188344,-2.59476,3.25099,-2.12686,-0.672911,0.550248,-0.146865,2.57783,-2.4907,1.0562,0.12222,1.38181,-2.57264,1.07048,1.13292,-2.52242,2.41831,-1.0265,-0.182227,1.1958,-2.08264,1.06745])
3.0728813840935576
Max g: 0.10710314874351612
f_9([1.93633e-5,-0.483762,0.491601,3.46699,-3.32009,0.853099,0.940141,-0.0531681,0.586318,-0.160829,0.53977,-0.378942,0.607516,-0.714863,-0.624966,1.38382,-0.459277,1.58922,-0.81547,0.935621,-3.12355,-0.372872,-0.227373,-2.64872,3.25174,-2.12897,-0.673711,0.55284,-0.114303,2.59945,-2.5888,1.10151,0.106272,1.40496,-2.60793,1.09854,1.10503,-2.56516,2.54506,-1.08349,-0.158901,1.08652,-1.92649,0.99754])
3.0509493212691163
Max g: 0.08802447584340767
f_10([1.4702e-6,-0.483341,0.491311,3.46724,-3.32088,0.853604,0.950951,-0.0501451,0.589025,-0.162461,0.541095,-0.378639,0.607611,-0.714354,-0.625398,1.38559,-0.460024,1.58774,-0.850926,0.869644,-3.11833,-0.4077,-0.247115,-2.66867,3.25239,-2.12967,-0.673589,0.553025,-0.101593,2.61251,-2.63634,1.12359,0.093291,1.42127,-2.62383,1.11158,1.09338,-2.58836,2.60721,-1.11171,-0.146709,1.02203,-1.82941,0.953509])
3.0419771137500264
{1.470196271573967e-6,-0.4833406559414993,0.49131148330659147,3.4672352315892643,-3.3208807295424245,0.853603982469949,0.950951366332112,-0.05014513073637602,0.589025475208419,-0.1624611762260363,0.5410951476722492,-0.37863937053140356,0.6076105260756746,-0.7143544359209184,-0.6253983102697831,1.3855850675429016,-0.4600239019164758,1.5877448095132762,-0.8509256211060262,0.8696437523274154,-3.1183264820226557,-0.407700446773921,-0.24711511781682133,-2.668669261474212,3.252386705127171,-2.1296667746742832,-0.6735894169482062,0.5530247669383904,-0.10159314398247031,2.6125147123810075,-2.6363411704369635,1.1235861366220072,0.09329103677630571,1.4212710479072777,-2.623825988177452,1.1115773001789866,1.0933755228543287,-2.588364787367075,2.607212904145097,-1.1117133546306575,-0.14670888165371754,1.0220313021939194,-1.8294109063336,0.9535091028181156}]
Set[{A021,A031,A032,A041,A042,A043,A121,A131,A132,A141,A142,A143,B021,B031,B032,B041,B042,B043,B121,B131,B132,B141,B142,B143,\[Alpha]1,\[Alpha]2,\[Alpha]3,\[Alpha]4,\[Beta]11,\[Beta]12,\[Beta]13,\[Beta]14,\[Beta]21,\[Beta]22,\[Beta]23,\[Beta]24,\[Beta]31,\[Beta]32,\[Beta]33,\[Beta]34,\[Beta]41,\[Beta]42,\[Beta]43,\[Beta]44},{1.470196271573967e-6,-0.4833406559414993,0.49131148330659147,3.4672352315892643,-3.3208807295424245,0.853603982469949,0.950951366332112,-0.05014513073637602,0.589025475208419,-0.1624611762260363,0.5410951476722492,-0.37863937053140356,0.6076105260756746,-0.7143544359209184,-0.6253983102697831,1.3855850675429016,-0.4600239019164758,1.5877448095132762,-0.8509256211060262,0.8696437523274154,-3.1183264820226557,-0.407700446773921,-0.24711511781682133,-2.668669261474212,3.252386705127171,-2.1296667746742832,-0.6735894169482062,0.5530247669383904,-0.10159314398247031,2.6125147123810075,-2.6363411704369635,1.1235861366220072,0.09329103677630571,1.4212710479072777,-2.623825988177452,1.1115773001789866,1.0933755228543287,-2.588364787367075,2.607212904145097,-1.1117133546306575,-0.14670888165371754,1.0220313021939194,-1.8294109063336,0.9535091028181156}]

Max g: 0.0751190552485057
f_11([1.51462e-6,-0.482396,0.491668,3.4681,-3.32085,0.85269,0.959203,-0.0466178,0.590938,-0.162886,0.541481,-0.378593,0.60702,-0.714458,-0.62578,1.38533,-0.461243,1.58752,-0.875703,0.819637,-3.1141,-0.441686,-0.262416,-2.67615,3.25272,-2.13103,-0.672988,0.553611,-0.0948473,2.62237,-2.66674,1.13813,0.0795665,1.43729,-2.63583,1.12098,1.08817,-2.605,2.64696,-1.13009,-0.138252,0.971975,-1.75275,0.918719])
3.0397839074675823
Max g: 0.07256078016117673
f_12([4.38787e-7,-0.481664,0.491517,3.46874,-3.3222,0.853469,0.965746,-0.0427302,0.592698,-0.162932,0.541539,-0.378609,0.606357,-0.713897,-0.626784,1.38492,-0.461613,1.58682,-0.896282,0.773245,-3.109,-0.480811,-0.274623,-2.67708,3.25233,-2.13214,-0.671903,0.553951,-0.0927863,2.63124,-2.68688,1.1479,0.0653052,1.45367,-2.64481,1.1281,1.08769,-2.62019,2.67621,-1.14372,-0.131704,0.928404,-1.68409,0.887301])
3.0356965684866637
Max g: 0.07390127913654787
f_13([7.42661e-6,-0.481137,0.491084,3.46905,-3.32196,0.852703,0.970049,-0.038662,0.592959,-0.163863,0.543137,-0.379275,0.606137,-0.713205,-0.626619,1.38448,-0.462043,1.58636,-0.910395,0.738156,-3.10466,-0.514398,-0.283946,-2.67362,3.25194,-2.13204,-0.672083,0.554212,-0.0936251,2.63812,-2.69883,1.15384,0.0531837,1.46664,-2.65056,1.13278,1.08937,-2.63075,2.69307,-1.15174,-0.127022,0.897631,-1.63512,0.864731])
3.0356965684866637
Max g: 0.07317758722057643
f_14([2.80589e-8,-0.481048,0.491171,3.46902,-3.32159,0.852544,0.973517,-0.0360304,0.594305,-0.16437,0.543509,-0.379138,0.605794,-0.712583,-0.625893,1.38421,-0.46248,1.58595,-0.921616,0.70819,-3.10056,-0.545194,-0.291535,-2.66887,3.25202,-2.13173,-0.672356,0.554244,-0.0956621,2.64448,-2.70711,1.15795,0.0423227,1.47803,-2.65455,1.1361,1.09173,-2.63937,2.70422,-1.15705,-0.123792,0.872518,-1.59432,0.845763])
3.0344005829561285
Max g: 0.07155591619939639
f_15([1.48231e-20,-0.480525,0.490782,3.4693,-3.32135,0.852043,0.976449,-0.0328996,0.594703,-0.164982,0.544005,-0.379023,0.605239,-0.712229,-0.625559,1.3838,-0.463123,1.58561,-0.930552,0.683196,-3.09731,-0.572812,-0.297864,-2.66312,3.25184,-2.13204,-0.672244,0.554388,-0.0978796,2.64977,-2.71313,1.16121,0.0325096,1.48778,-2.65741,1.13878,1.09457,-2.64617,2.71258,-1.16131,-0.121088,0.851984,-1.56124,0.83048])
3.0336030533988763
Max g: 0.0696004292882737
f_16([-1.14552e-7,-0.480375,0.490624,3.46962,-3.32121,0.851594,0.978251,-0.0306765,0.594889,-0.165631,0.544375,-0.378745,0.60461,-0.711652,-0.625205,1.38367,-0.463834,1.58517,-0.936663,0.665658,-3.09517,-0.593065,-0.302076,-2.65868,3.252,-2.13211,-0.672297,0.554459,-0.100257,2.65364,-2.71683,1.16329,0.0256657,1.49486,-2.65956,1.14074,1.09707,-2.65107,2.71761,-1.16395,-0.1191,0.837584,-1.53803,0.819765])
3.033802435788189
Max g: 0.06807886671551167
f_17([0.00976967,-0.478487,0.501118,3.455,-3.33164,0.848835,0.926092,-0.0494661,0.579852,-0.165515,0.544143,-0.378624,0.605489,-0.714341,-0.620629,1.38735,-0.462296,1.58794,-0.93721,0.646448,-3.08865,-0.621264,-0.307088,-2.64703,3.25344,-2.12923,-0.675826,0.551889,-0.0855252,2.64065,-2.72285,1.16722,0.00816982,1.51105,-2.65191,1.13427,1.08459,-2.64107,2.72431,-1.16791,-0.157102,0.860429,-1.48845,0.790583])
3.126415555624126
Max g: 0.02970212098455427
f_18([0.00671403,-0.47496,0.504273,3.45427,-3.33187,0.847969,0.924706,-0.0499991,0.582935,-0.166753,0.541375,-0.374622,0.605211,-0.712282,-0.619989,1.38788,-0.462559,1.58816,-0.948168,0.610124,-3.09013,-0.677588,-0.317445,-2.63062,3.25377,-2.12764,-0.677377,0.551102,-0.0949965,2.64842,-2.72005,1.16762,-0.0086836,1.51772,-2.64002,1.13185,1.09537,-2.64959,2.72186,-1.16839,-0.16763,0.851619,-1.45978,0.776098])
3.1510392807042944
Max g: 0.01971582702878294
f_19([0.00396596,-0.471851,0.506562,3.45356,-3.3325,0.847397,0.927021,-0.0470093,0.585013,-0.166788,0.540667,-0.37388,0.604343,-0.71188,-0.619947,1.3888,-0.462158,1.58797,-0.956808,0.579612,-3.08941,-0.723249,-0.325187,-2.61736,3.25353,-2.12656,-0.677196,0.550022,-0.104696,2.656,-2.71885,1.16799,-0.023454,1.52553,-2.63142,1.12979,1.10513,-2.65794,2.72131,-1.16902,-0.168069,0.839275,-1.43448,0.763536])
3.1757626969791195
Max g: 0.012995035265483956
f_20([0.00219883,-0.469831,0.508402,3.45349,-3.33311,0.847047,0.929096,-0.0448422,0.586658,-0.167796,0.541444,-0.373648,0.603811,-0.711423,-0.619544,1.38897,-0.461951,1.58823,-0.962714,0.55851,-3.08875,-0.754695,-0.330723,-2.60768,3.25375,-2.1256,-0.677584,0.549318,-0.11097,2.66098,-2.71815,1.16846,-0.0335216,1.532,-2.62755,1.12936,1.11126,-2.66322,2.7214,-1.16985,-0.167579,0.828495,-1.41492,0.754146])
3.1949034063531774
{0.0021988288245595837,-0.46983148416977205,0.5084021417630419,3.4534901311995796,-3.333112004546987,0.8470468699561069,0.929096394418323,-0.04484216336644104,0.5866577382769127,-0.16779565062611052,0.5414435251459379,-0.3736478745116145,0.6038106585011734,-0.7114229142110765,-0.6195437866811342,1.3889719662069313,-0.4619513525787717,1.5882348598018368,-0.9627143489742467,0.5585101328996521,-3.0887533287479116,-0.7546954974295134,-0.3307234357565915,-2.6076784462636797,3.253752509694648,-2.125595984262009,-0.6775835975909271,0.549318342380871,-0.11096959214483965,2.660977202644978,-2.718154404890296,1.16846329099106,-0.03352157024195295,1.5320023301644656,-2.627554091018749,1.1293631856819035,1.1112618631488933,-2.6632232822973863,2.7214015576063395,-1.1698470800737304,-0.16757902396919727,0.8284946824244592,-1.4149218480234682,0.7541463989542372}]
Set[{A021,A031,A032,A041,A042,A043,A121,A131,A132,A141,A142,A143,B021,B031,B032,B041,B042,B043,B121,B131,B132,B141,B142,B143,\[Alpha]1,\[Alpha]2,\[Alpha]3,\[Alpha]4,\[Beta]11,\[Beta]12,\[Beta]13,\[Beta]14,\[Beta]21,\[Beta]22,\[Beta]23,\[Beta]24,\[Beta]31,\[Beta]32,\[Beta]33,\[Beta]34,\[Beta]41,\[Beta]42,\[Beta]43,\[Beta]44},{0.0021988288245595837,-0.46983148416977205,0.5084021417630419,3.4534901311995796,-3.333112004546987,0.8470468699561069,0.929096394418323,-0.04484216336644104,0.5866577382769127,-0.16779565062611052,0.5414435251459379,-0.3736478745116145,0.6038106585011734,-0.7114229142110765,-0.6195437866811342,1.3889719662069313,-0.4619513525787717,1.5882348598018368,-0.9627143489742467,0.5585101328996521,-3.0887533287479116,-0.7546954974295134,-0.3307234357565915,-2.6076784462636797,3.253752509694648,-2.125595984262009,-0.6775835975909271,0.549318342380871,-0.11096959214483965,2.660977202644978,-2.718154404890296,1.16846329099106,-0.03352157024195295,1.5320023301644656,-2.627554091018749,1.1293631856819035,1.1112618631488933,-2.6632232822973863,2.7214015576063395,-1.1698470800737304,-0.16757902396919727,0.8284946824244592,-1.4149218480234682,0.7541463989542372}]

Max g: 0.00862457933122851
f_21([-5.1087e-7,-0.466138,0.510066,3.4525,-3.33362,0.846957,0.932431,-0.0415186,0.58887,-0.169696,0.543026,-0.373331,0.602771,-0.7114,-0.619181,1.39019,-0.461647,1.58807,-0.967874,0.536131,-3.08805,-0.791611,-0.335889,-2.59506,3.25401,-2.12472,-0.677324,0.548091,-0.11861,2.66658,-2.71601,1.16834,-0.0461464,1.53967,-2.62103,1.12765,1.11953,-2.6682,2.71768,-1.16902,-0.167441,0.819518,-1.3976,0.745595])
3.225907367891365
Max g: 0.0028074157991140325
f_22([-8.09665e-8,-0.46537,0.510391,3.45365,-3.33277,0.847647,0.933972,-0.0384379,0.589584,-0.16929,0.543153,-0.373862,0.601668,-0.71099,-0.619052,1.39033,-0.461418,1.58744,-0.973007,0.515079,-3.08732,-0.824788,-0.341316,-2.58403,3.2539,-2.12432,-0.676981,0.547468,-0.12615,2.67203,-2.71384,1.16804,-0.0567633,1.54647,-2.61653,1.12674,1.12676,-2.67342,2.71549,-1.16872,-0.167114,0.809484,-1.3789,0.736491])
3.2286987213417486
Max g: 0.0033773131162462278
f_23([-7.2074e-7,-0.464553,0.510748,3.45432,-3.33213,0.847656,0.934853,-0.0367492,0.590216,-0.16959,0.54344,-0.373851,0.601378,-0.711009,-0.618832,1.39041,-0.461251,1.58676,-0.97688,0.499814,-3.08652,-0.847954,-0.345181,-2.57657,3.25376,-2.12436,-0.676881,0.547465,-0.130966,2.67587,-2.71306,1.16816,-0.0640386,1.55144,-2.61416,1.12648,1.13143,-2.67708,2.71451,-1.16877,-0.16624,0.801247,-1.36452,0.729574])
3.230792236429536
Max g: 0.00552638974124342
f_24([4.16982e-5,-0.46478,0.510689,3.45452,-3.33193,0.847838,0.934397,-0.0349173,0.591165,-0.167347,0.546146,-0.371703,0.601177,-0.710928,-0.618611,1.39039,-0.461309,1.58682,-0.976762,0.499982,-3.08658,-0.848073,-0.345154,-2.57625,3.25383,-2.12419,-0.676951,0.54731,-0.131441,2.67615,-2.71304,1.1682,-0.0638943,1.55134,-2.61431,1.12663,1.13166,-2.67711,2.71426,-1.16871,-0.165907,0.800974,-1.36496,0.729825])
3.228599030147092
Max g: 0.005574253107989868
f_25([2.87704e-7,-0.464778,0.510699,3.45455,-3.33187,0.847921,0.934321,-0.0315567,0.59274,-0.162899,0.551337,-0.368953,0.600796,-0.711017,-0.618827,1.39036,-0.461217,1.58675,-0.975012,0.505078,-3.08654,-0.841415,-0.343613,-2.57751,3.25377,-2.12435,-0.676582,0.547152,-0.130422,2.67527,-2.71308,1.16814,-0.0618844,1.54997,-2.61497,1.12669,1.13061,-2.67599,2.71401,-1.16853,-0.165403,0.802575,-1.36932,0.732073])
3.227901191784496
Max g: 0.004629869228376826
f_26([1.92237e-20,-0.464797,0.510686,3.45467,-3.33186,0.848009,0.934267,-0.0288423,0.593445,-0.159728,0.555503,-0.367693,0.600377,-0.711279,-0.619023,1.39037,-0.461233,1.5868,-0.973531,0.509151,-3.08643,-0.83627,-0.342293,-2.57837,3.25374,-2.12459,-0.676106,0.546976,-0.129731,2.67466,-2.7131,1.16808,-0.0604194,1.54908,-2.61559,1.12676,1.12991,-2.67521,2.71376,-1.16836,-0.165003,0.803813,-1.37265,0.733798])
3.229496250899001
Max g: 0.0038315191045095176
f_27([5.55412e-6,-0.464884,0.510605,3.45472,-3.33182,0.848073,0.934143,-0.0264597,0.59395,-0.156938,0.559169,-0.366738,0.600005,-0.711432,-0.619361,1.3904,-0.461192,1.5869,-0.972187,0.512773,-3.08627,-0.831626,-0.341121,-2.57912,3.25367,-2.12478,-0.675672,0.546777,-0.129151,2.67419,-2.7131,1.168,-0.0590511,1.54833,-2.61628,1.12687,1.12926,-2.67456,2.71355,-1.16819,-0.164638,0.804804,-1.37549,0.735277])
3.2302937804562535
Max g: 0.003130479127332997
f_28([7.34092e-6,-0.464911,0.510595,3.45483,-3.33181,0.848182,0.93405,-0.0243368,0.594263,-0.154538,0.562328,-0.365991,0.599692,-0.711601,-0.619552,1.3904,-0.461084,1.58692,-0.970951,0.516013,-3.08605,-0.827515,-0.340028,-2.57968,3.25361,-2.1249,-0.675296,0.546604,-0.128574,2.67366,-2.71304,1.16793,-0.0578448,1.54774,-2.61702,1.12703,1.12867,-2.67387,2.7133,-1.16804,-0.164305,0.805665,-1.378,0.736603])
3.231490074792132
Max g: 0.0024760966100876303
f_29([1.43036e-6,-0.464904,0.510599,3.45482,-3.33175,0.848326,0.933936,-0.022665,0.5945,-0.152694,0.564838,-0.365374,0.599423,-0.71181,-0.619675,1.39033,-0.461018,1.58698,-0.969921,0.518657,-3.08592,-0.824259,-0.339163,-2.58009,3.25351,-2.12502,-0.674966,0.546481,-0.128199,2.67323,-2.71287,1.16781,-0.0569245,1.54732,-2.61762,1.12715,1.12829,-2.67344,2.71311,-1.16791,-0.164033,0.806285,-1.37991,0.73762])
3.2327860603226672
Max g: 0.0019439361693613932
f_30([2.24879e-7,-0.464954,0.510584,3.45486,-3.33174,0.848358,0.933825,-0.0214154,0.594646,-0.151264,0.566681,-0.364941,0.59926,-0.711926,-0.619807,1.39041,-0.460952,1.58693,-0.969135,0.520663,-3.08579,-0.821763,-0.338489,-2.5804,3.25349,-2.12513,-0.674754,0.546386,-0.127928,2.67295,-2.71278,1.16773,-0.056185,1.54702,-2.61813,1.12726,1.12795,-2.67306,2.71295,-1.1678,-0.163813,0.806754,-1.38135,0.738392])
3.2335835898799195
{2.2487926950361356e-7,-0.4649536476047348,0.5105841144837193,3.4548584025857454,-3.3317420028656537,0.8483576879990273,0.9338254043793848,-0.021415409677520522,0.5946457631155688,-0.15126438342719056,0.5666805109695078,-0.36494127462462633,0.5992603101128492,-0.7119262918213198,-0.6198069456272448,1.3904121977440544,-0.460951632988995,1.5869345115091782,-0.9691350010281821,0.5206631100775766,-3.0857886043973326,-0.8217627952300225,-0.33848949002232015,-2.5803980154844455,3.25349167187464,-2.125132690738969,-0.6747535819633568,0.5463860756171669,-0.12792754077969293,2.672949659262829,-2.7127752061910133,1.1677293463420946,-0.0561849504909594,1.5470161320053473,-2.618128262857101,1.1272591694449068,1.1279510586072918,-2.673064323324353,2.712945050409677,-1.167801669825763,-0.1638134357079836,0.8067535754682225,-1.3813545446696864,0.7383921147411805}]
Set[{A021,A031,A032,A041,A042,A043,A121,A131,A132,A141,A142,A143,B021,B031,B032,B041,B042,B043,B121,B131,B132,B141,B142,B143,\[Alpha]1,\[Alpha]2,\[Alpha]3,\[Alpha]4,\[Beta]11,\[Beta]12,\[Beta]13,\[Beta]14,\[Beta]21,\[Beta]22,\[Beta]23,\[Beta]24,\[Beta]31,\[Beta]32,\[Beta]33,\[Beta]34,\[Beta]41,\[Beta]42,\[Beta]43,\[Beta]44},{2.2487926950361356e-7,-0.4649536476047348,0.5105841144837193,3.4548584025857454,-3.3317420028656537,0.8483576879990273,0.9338254043793848,-0.021415409677520522,0.5946457631155688,-0.15126438342719056,0.5666805109695078,-0.36494127462462633,0.5992603101128492,-0.7119262918213198,-0.6198069456272448,1.3904121977440544,-0.460951632988995,1.5869345115091782,-0.9691350010281821,0.5206631100775766,-3.0857886043973326,-0.8217627952300225,-0.33848949002232015,-2.5803980154844455,3.25349167187464,-2.125132690738969,-0.6747535819633568,0.5463860756171669,-0.12792754077969293,2.672949659262829,-2.7127752061910133,1.1677293463420946,-0.0561849504909594,1.5470161320053473,-2.618128262857101,1.1272591694449068,1.1279510586072918,-2.673064323324353,2.712945050409677,-1.167801669825763,-0.1638134357079836,0.8067535754682225,-1.3813545446696864,0.7383921147411805}]

Max g: 0.0015349075211723573
f_31([2.47317e-6,-0.464943,0.510587,3.4549,-3.33166,0.848396,0.933737,-0.0202848,0.594797,-0.14997,0.568358,-0.364547,0.599079,-0.711994,-0.619909,1.39044,-0.460959,1.58693,-0.968415,0.522485,-3.08568,-0.81955,-0.337874,-2.58065,3.25346,-2.1252,-0.674562,0.546304,-0.127663,2.67266,-2.71267,1.16766,-0.055547,1.54673,-2.61857,1.12736,1.1277,-2.67274,2.71276,-1.1677,-0.163625,0.807189,-1.38268,0.739098])
3.234779884215798
Max g: 0.0011675800968538042
f_32([1.9102e-7,-0.464941,0.510567,3.45492,-3.33165,0.848422,0.933648,-0.0193811,0.594935,-0.148912,0.569732,-0.364216,0.59893,-0.712085,-0.619975,1.39044,-0.460961,1.58698,-0.967789,0.52404,-3.0856,-0.817682,-0.33737,-2.58084,3.25345,-2.1253,-0.674405,0.54623,-0.127468,2.67242,-2.71255,1.16758,-0.0550277,1.54653,-2.61897,1.12745,1.12748,-2.67247,2.71259,-1.16759,-0.163468,0.807545,-1.38378,0.739686])
3.2348795754104547
Max g: 0.0008461396163301771
f_33([-4.23516e-21,-0.464923,0.510537,3.45498,-3.33163,0.848454,0.933514,-0.0183414,0.59497,-0.14777,0.571324,-0.363995,0.598741,-0.712201,-0.620051,1.39044,-0.46093,1.58695,-0.967056,0.525838,-3.08549,-0.815526,-0.336791,-2.58102,3.25342,-2.12536,-0.674187,0.546149,-0.127242,2.67216,-2.71239,1.16748,-0.0544564,1.54634,-2.61949,1.12758,1.12724,-2.67215,2.71239,-1.16748,-0.16327,0.807912,-1.38499,0.740344])
3.2364746345249595
Max g: 0.0004825484724548801
f_34([3.03488e-7,-0.464922,0.510552,3.45505,-3.33158,0.84853,0.933404,-0.017267,0.595099,-0.146543,0.572975,-0.363656,0.598581,-0.71229,-0.620149,1.39048,-0.460872,1.58694,-0.96628,0.527719,-3.08535,-0.813273,-0.336163,-2.58122,3.2534,-2.12543,-0.674009,0.546053,-0.127006,2.67184,-2.71217,1.16735,-0.0538295,1.54615,-2.62004,1.12771,1.12701,-2.67182,2.71217,-1.16735,-0.16307,0.80832,-1.38629,0.741045])
3.2373718552768684
Max g: 8.196063607357473e-5
f_35([1.49516e-7,-0.464909,0.510549,3.45509,-3.33155,0.848568,0.933315,-0.0165306,0.595192,-0.145712,0.574119,-0.363396,0.598459,-0.712372,-0.620218,1.39048,-0.460847,1.58694,-0.965746,0.529016,-3.08527,-0.811753,-0.335727,-2.58134,3.25336,-2.12549,-0.673856,0.545999,-0.126857,2.67164,-2.71203,1.16727,-0.0534012,1.54601,-2.62041,1.1278,1.12686,-2.6716,2.71201,-1.16726,-0.16294,0.808607,-1.3872,0.74153])
3.237870311250151
Max g: 0.00018831272181607517
f_36([8.32287e-8,-0.46493,0.510566,3.4551,-3.33153,0.848597,0.933249,-0.0159464,0.595274,-0.145014,0.575009,-0.363206,0.598369,-0.712427,-0.620272,1.39048,-0.46083,1.58695,-0.965325,0.53004,-3.0852,-0.810521,-0.335391,-2.58146,3.25334,-2.12553,-0.673747,0.545957,-0.126741,2.6715,-2.71194,1.16721,-0.0530619,1.5459,-2.6207,1.12787,1.12673,-2.67143,2.71189,-1.16719,-0.162831,0.808836,-1.38791,0.741912])
3.238368767223434
Max g: 0.0003767761645274703
f_37([1.18122e-6,-0.464927,0.51057,3.4551,-3.33153,0.848596,0.933245,-0.0158686,0.595286,-0.144927,0.575114,-0.363174,0.598356,-0.712434,-0.620277,1.39048,-0.460825,1.58694,-0.965267,0.530179,-3.08519,-0.810362,-0.335345,-2.58147,3.25333,-2.12554,-0.673732,0.545948,-0.126731,2.67147,-2.71193,1.1672,-0.0530167,1.54589,-2.62074,1.12788,1.12671,-2.67142,2.71187,-1.16718,-0.162821,0.808868,-1.388,0.741962])
3.2387675320020604
Max g: 0.0003980720947209804
{3.6811180132929957e-7,-0.46492366295039905,0.510569532205899,3.455100029292404,-3.331524647786332,0.8485924270552703,0.9332448846385396,-0.015894795262600726,0.5952808416080707,-0.1449569086904411,0.5750773280158207,-0.36318481977614764,0.5983564432350038,-0.7124310729487855,-0.6202735097443338,1.390477811858654,-0.4608244086264071,1.5869435876238351,-0.9652832812740059,0.5301366482065623,-3.0851956516872256,-0.8104143506351108,-0.33535884357301615,-2.5814633407758354,3.253325629861874,-2.1255369181335415,-0.6737365558743523,0.5459479870918269,-0.1267355791867227,2.6714744584730235,-2.711932338076629,1.1672025118367886,-0.053033310376836375,1.5459026198485033,-2.62072778815529,1.1278741466877789,1.1267256230417007,-2.6714291569254254,2.711873016729888,-1.1671776155744784,-0.16282557230708544,0.8088588380460375,-1.3879754589839688,0.7419463840422904}]
Set[{A021,A031,A032,A041,A042,A043,A121,A131,A132,A141,A142,A143,B021,B031,B032,B041,B042,B043,B121,B131,B132,B141,B142,B143,\[Alpha]1,\[Alpha]2,\[Alpha]3,\[Alpha]4,\[Beta]11,\[Beta]12,\[Beta]13,\[Beta]14,\[Beta]21,\[Beta]22,\[Beta]23,\[Beta]24,\[Beta]31,\[Beta]32,\[Beta]33,\[Beta]34,\[Beta]41,\[Beta]42,\[Beta]43,\[Beta]44},{3.6811180132929957e-7,-0.46492366295039905,0.510569532205899,3.455100029292404,-3.331524647786332,0.8485924270552703,0.9332448846385396,-0.015894795262600726,0.5952808416080707,-0.1449569086904411,0.5750773280158207,-0.36318481977614764,0.5983564432350038,-0.7124310729487855,-0.6202735097443338,1.390477811858654,-0.4608244086264071,1.5869435876238351,-0.9652832812740059,0.5301366482065623,-3.0851956516872256,-0.8104143506351108,-0.33535884357301615,-2.5814633407758354,3.253325629861874,-2.1255369181335415,-0.6737365558743523,0.5459479870918269,-0.1267355791867227,2.6714744584730235,-2.711932338076629,1.1672025118367886,-0.053033310376836375,1.5459026198485033,-2.62072778815529,1.1278741466877789,1.1267256230417007,-2.6714291569254254,2.711873016729888,-1.1671776155744784,-0.16282557230708544,0.8088588380460375,-1.3879754589839688,0.7419463840422904}]


-----------------Final Result------------------
Options: alg=LN_AUGLAG_EQ,dx=0.01,max_eval=100000000,popSize=0
imin=-6,jmin=-3,imax=1,jmax=3,
parameter_minmax=5,
randSeed=6569983,rand_minmax=3

3724811 steps

Completed with maxf : 3.2387675320020604

Constraints at 0.00039076528250081566

x = [3.6811180132929957e-7,-0.46492366295039905,0.510569532205899,3.455100029292404,-3.331524647786332,0.8485924270552703,0.9332448846385396,-0.015894795262600726,0.5952808416080707,-0.1449569086904411,0.5750773280158207,-0.36318481977614764,0.5983564432350038,-0.7124310729487855,-0.6202735097443338,1.390477811858654,-0.4608244086264071,1.5869435876238351,-0.9652832812740059,0.5301366482065623,-3.0851956516872256,-0.8104143506351108,-0.33535884357301615,-2.5814633407758354,3.253325629861874,-2.1255369181335415,-0.6737365558743523,0.5459479870918269,-0.1267355791867227,2.6714744584730235,-2.711932338076629,1.1672025118367886,-0.053033310376836375,1.5459026198485033,-2.62072778815529,1.1278741466877789,1.1267256230417007,-2.6714291569254254,2.711873016729888,-1.1671776155744784,-0.16282557230708544,0.8088588380460375,-1.3879754589839688,0.7419463840422904]
c0 = [0.0,3.6811180132929957e-7,0.045645869255499905,0.9721678085613421]
c1 = [0.0,0.9332448846385396,0.57938604634547,0.0669355995492319]
A0 = [0.0,3.6811180132929957e-7,-0.46492366295039905,3.455100029292404,0.0,0.0,0.510569532205899,-3.331524647786332,0.0,0.0,0.0,0.8485924270552703,0.0,0.0,0.0,0.0]
A1 = [0.0,0.9332448846385396,-0.015894795262600726,-0.1449569086904411,0.0,0.0,0.5952808416080707,0.5750773280158207,0.0,0.0,0.0,-0.36318481977614764,0.0,0.0,0.0,0.0]
B0 = [0.0,0.5983564432350038,-0.7124310729487855,1.390477811858654,0.0,0.0,-0.6202735097443338,-0.4608244086264071,0.0,0.0,0.0,1.5869435876238351,0.0,0.0,0.0,0.0]
B1 = [0.0,-0.9652832812740059,0.5301366482065623,-0.8104143506351108,0.0,0.0,-3.0851956516872256,-0.33535884357301615,0.0,0.0,0.0,-2.5814633407758354,0.0,0.0,0.0,0.0]
α  = [3.253325629861874,-2.1255369181335415,-0.6737365558743523,0.5459479870918269]
β1 = [-0.1267355791867227,2.6714744584730235,-2.711932338076629,1.1672025118367886]
β2 = [-0.053033310376836375,1.5459026198485033,-2.62072778815529,1.1278741466877789]
β3 = [1.1267256230417007,-2.6714291569254254,2.711873016729888,-1.1671776155744784]
β4 = [-0.16282557230708544,0.8088588380460375,-1.3879754589839688,0.7419463840422904]


Set[{A021,A031,A032,A041,A042,A043,A121,A131,A132,A141,A142,A143,B021,B031,B032,B041,B042,B043,B121,B131,B132,B141,B142,B143,\[Alpha]1,\[Alpha]2,\[Alpha]3,\[Alpha]4,\[Beta]11,\[Beta]12,\[Beta]13,\[Beta]14,\[Beta]21,\[Beta]22,\[Beta]23,\[Beta]24,\[Beta]31,\[Beta]32,\[Beta]33,\[Beta]34,\[Beta]41,\[Beta]42,\[Beta]43,\[Beta]44},{3.6811180132929957e-7,-0.46492366295039905,0.510569532205899,3.455100029292404,-3.331524647786332,0.8485924270552703,0.9332448846385396,-0.015894795262600726,0.5952808416080707,-0.1449569086904411,0.5750773280158207,-0.36318481977614764,0.5983564432350038,-0.7124310729487855,-0.6202735097443338,1.390477811858654,-0.4608244086264071,1.5869435876238351,-0.9652832812740059,0.5301366482065623,-3.0851956516872256,-0.8104143506351108,-0.33535884357301615,-2.5814633407758354,3.253325629861874,-2.1255369181335415,-0.6737365558743523,0.5459479870918269,-0.1267355791867227,2.6714744584730235,-2.711932338076629,1.1672025118367886,-0.053033310376836375,1.5459026198485033,-2.62072778815529,1.1278741466877789,1.1267256230417007,-2.6714291569254254,2.711873016729888,-1.1671776155744784,-0.16282557230708544,0.8088588380460375,-1.3879754589839688,0.7419463840422904}]



