
-----------------Setup------------------
Options: alg=LN_AUGLAG_EQ,dx=0.01,max_eval=100000000,popSize=0
imin=-1,jmin=-4,imax=1,jmax=4,
parameter_minmax=5,
randSeed=56314404, rand_minmax=2,
END_C=true, INEQ_C=true

Initial Condition:

[1.29044,0.594242,1.97148,-0.512441,1.99644,0.442835,1.89693,-1.72272,0.527754,0.746291,-0.0769052,1.55719,0.0495039,-1.79035,-0.541983,1.67097,-1.53419,1.37777,1.55072,0.490714,1.57666,0.597265,-1.70261,1.2961,-1.9661,-0.323245,-0.819869,0.0154725,-1.24078,1.46783,1.01515,1.45114,-1.7465,-0.418916,-1.94546,-1.50487,5.34564e-5,-1.34581,0.679962,0.118365,-0.838436,-0.237689,-1.50221,-0.406227]

f_1([0.174604,2.66128,-1.85746,1.0067,1.40289,-1.41018,0.266137,-0.169986,0.672684,-0.353008,1.1676,0.185404,0.167116,1.4967,0.293162,2.87747,-1.76286,3.80619,0.404871,0.140834,-0.575215,-2.5446,0.82833,0.39182,0.338049,0.041598,0.626989,-0.0216293,-1.85774,2.03798,0.610246,0.368259,-1.46914,1.76617,-0.133097,-0.210178,2.82986,-1.82228,-0.613748,-0.310414,0.60655,1.13529,-3.17302,1.37911])
2.8552369239942608
Max g: 0.21741014428447847
f_2([0.235235,2.6665,-1.83359,1.04049,1.34875,-1.38927,0.163982,-0.250193,0.748513,-0.348092,1.2603,0.0823913,-0.0694686,1.50748,0.301743,2.85933,-1.81779,3.85598,0.398303,0.0517184,-0.433996,-2.50827,0.999084,0.247152,0.360999,0.0488234,0.611238,-0.0209001,-1.84428,1.83267,0.624407,0.388214,-1.30541,1.75035,-0.295065,-0.147817,2.87652,-1.83887,-0.654721,-0.381839,0.496362,1.36588,-3.28617,1.42314])
3.510934714691213
Max g: 0.009870174042782037
f_3([0.235484,2.6667,-1.83355,1.04089,1.34818,-1.38916,0.161994,-0.250884,0.749582,-0.346342,1.2616,0.0836015,-0.0665903,1.50691,0.301417,2.85855,-1.81762,3.85512,0.399976,0.0607739,-0.44275,-2.50831,0.987396,0.257163,0.360294,0.0492345,0.61118,-0.0208207,-1.85357,1.82774,0.641409,0.384458,-1.33697,1.7594,-0.269835,-0.152049,2.85899,-1.8306,-0.644075,-0.38398,0.508669,1.34908,-3.27427,1.41639])
3.502984453512711
Max g: 0.0026713293999858154
f_4([0.235369,2.66662,-1.8333,1.04096,1.34807,-1.38903,0.161127,-0.251306,0.749935,-0.346236,1.26173,0.0845056,-0.0614431,1.50685,0.301128,2.85829,-1.81761,3.85513,0.400842,0.0602831,-0.441621,-2.50845,0.98709,0.257577,0.36044,0.0493594,0.610952,-0.0207448,-1.85497,1.82503,0.646139,0.383789,-1.3498,1.76332,-0.259809,-0.153838,2.85242,-1.82364,-0.644903,-0.383999,0.511617,1.34618,-3.2723,1.4146])
3.50368010136583
Max g: 0.0007319083457070583
f_5([0.235333,2.66654,-1.83317,1.04107,1.34865,-1.38972,0.16085,-0.251266,0.750029,-0.34633,1.26157,0.084765,-0.0593406,1.50685,0.301057,2.85837,-1.8177,3.85509,0.401144,0.059226,-0.44042,-2.50818,0.987336,0.257801,0.360385,0.049461,0.610882,-0.0207297,-1.85468,1.82368,0.647074,0.383929,-1.34831,1.76157,-0.259221,-0.154051,2.85465,-1.82368,-0.647034,-0.383944,0.509965,1.3476,-3.27352,1.41595])
3.506562071043037
Max g: 0.0002148795738262238
f_6([0.235347,2.66654,-1.83316,1.04107,1.34866,-1.38973,0.160698,-0.251246,0.750058,-0.34636,1.26152,0.0848374,-0.0591741,1.50685,0.301058,2.85838,-1.81771,3.85508,0.401309,0.0588385,-0.439952,-2.50807,0.987326,0.258038,0.360392,0.0494637,0.610874,-0.0207286,-1.85472,1.82309,0.647646,0.383988,-1.34801,1.76083,-0.258572,-0.154223,2.85548,-1.82352,-0.647979,-0.383935,0.509329,1.34807,-3.27393,1.4165])
3.506959584101962
Max g: 0.00025394382456297646
f_7([0.23535,2.66655,-1.83316,1.04106,1.34866,-1.38972,0.160592,-0.251235,0.750068,-0.346389,1.2615,0.0848867,-0.0590813,1.50685,0.30106,2.85839,-1.81771,3.85509,0.401426,0.0586077,-0.439664,-2.50801,0.987298,0.258207,0.360402,0.0494583,0.610868,-0.0207279,-1.85481,1.82271,0.648098,0.384009,-1.34809,1.76046,-0.257974,-0.154364,2.85582,-1.82327,-0.648558,-0.383932,0.509004,1.34828,-3.27413,1.4168])
3.5071583406314244
Max g: 0.000274088071137029
f_8([0.235367,2.66658,-1.8332,1.04104,1.34866,-1.3897,0.160623,-0.251295,0.750057,-0.346387,1.2616,0.084646,-0.0592871,1.50684,0.301094,2.85841,-1.81769,3.85511,0.401422,0.0587148,-0.439756,-2.50802,0.987233,0.258243,0.360411,0.049451,0.610875,-0.020731,-1.85494,1.82281,0.648133,0.384001,-1.34828,1.76058,-0.25791,-0.154388,2.85563,-1.82319,-0.648449,-0.383954,0.509204,1.34811,-3.27403,1.41668])
3.5072577188961556
Max g: 0.00020957838772293902
{0.2353667571072175,2.6665759379247986,-1.8331993747570705,1.0410355042640163,1.348663807632711,-1.3897004305753733,0.16062280540911872,-0.2512945083539082,0.750056816160461,-0.34638667561400693,1.2615950605318473,0.08464604894422041,-0.059287139553622824,1.5068439366421764,0.3010938778809706,2.858409595003739,-1.817685416544317,3.855109018578111,0.4014216415718605,0.05871480818223569,-0.4397559153367671,-2.5080189592071003,0.9872330148756439,0.2582433065631512,0.36041096683938034,0.049450954996755433,0.6108747267095206,-0.020730950878520463,-1.854941985466551,1.8228099675785823,0.6481331456108335,0.3840013399981349,-1.3482807583478142,1.7605778892439108,-0.2579102568695145,-0.15438842129906155,2.855630589622805,-1.8231901772579664,-0.6484488592624255,-0.38395419392930796,0.509204004087504,1.3481124031136726,-3.2740256010099227,1.4166770906687365}]
Set[{A021,A031,A032,A041,A042,A043,A121,A131,A132,A141,A142,A143,B021,B031,B032,B041,B042,B043,B121,B131,B132,B141,B142,B143,\[Alpha]1,\[Alpha]2,\[Alpha]3,\[Alpha]4,\[Beta]11,\[Beta]12,\[Beta]13,\[Beta]14,\[Beta]21,\[Beta]22,\[Beta]23,\[Beta]24,\[Beta]31,\[Beta]32,\[Beta]33,\[Beta]34,\[Beta]41,\[Beta]42,\[Beta]43,\[Beta]44},{0.2353667571072175,2.6665759379247986,-1.8331993747570705,1.0410355042640163,1.348663807632711,-1.3897004305753733,0.16062280540911872,-0.2512945083539082,0.750056816160461,-0.34638667561400693,1.2615950605318473,0.08464604894422041,-0.059287139553622824,1.5068439366421764,0.3010938778809706,2.858409595003739,-1.817685416544317,3.855109018578111,0.4014216415718605,0.05871480818223569,-0.4397559153367671,-2.5080189592071003,0.9872330148756439,0.2582433065631512,0.36041096683938034,0.049450954996755433,0.6108747267095206,-0.020730950878520463,-1.854941985466551,1.8228099675785823,0.6481331456108335,0.3840013399981349,-1.3482807583478142,1.7605778892439108,-0.2579102568695145,-0.15438842129906155,2.855630589622805,-1.8231901772579664,-0.6484488592624255,-0.38395419392930796,0.509204004087504,1.3481124031136726,-3.2740256010099227,1.4166770906687365}]


-----------------Final Result------------------
Options: alg=LN_AUGLAG_EQ,dx=0.01,max_eval=100000000,popSize=0
imin=-1,jmin=-4,imax=1,jmax=4,
parameter_minmax=5,
randSeed=56314404,rand_minmax=2,
END_C=true, INEQ_C=true

809971 steps

Completed with maxf : 3.5072577188961556

Constraints at 0.00020957745208252838

x = [0.2353667571072175,2.6665759379247986,-1.8331993747570705,1.0410355042640163,1.348663807632711,-1.3897004305753733,0.16062280540911872,-0.2512945083539082,0.750056816160461,-0.34638667561400693,1.2615950605318473,0.08464604894422041,-0.059287139553622824,1.5068439366421764,0.3010938778809706,2.858409595003739,-1.817685416544317,3.855109018578111,0.4014216415718605,0.05871480818223569,-0.4397559153367671,-2.5080189592071003,0.9872330148756439,0.2582433065631512,0.36041096683938034,0.049450954996755433,0.6108747267095206,-0.020730950878520463,-1.854941985466551,1.8228099675785823,0.6481331456108335,0.3840013399981349,-1.3482807583478142,1.7605778892439108,-0.2579102568695145,-0.15438842129906155,2.855630589622805,-1.8231901772579664,-0.6484488592624255,-0.38395419392930796,0.509204004087504,1.3481124031136726,-3.2740256010099227,1.4166770906687365]
c0 = [0.0,0.2353667571072175,0.8333765631677281,0.9999988813213541]
c1 = [0.0,0.16062280540911872,0.49876230780655284,0.9998544338620607]
A0 = [0.0,0.2353667571072175,2.6665759379247986,1.0410355042640163,0.0,0.0,-1.8331993747570705,1.348663807632711,0.0,0.0,0.0,-1.3897004305753733,0.0,0.0,0.0,0.0]
A1 = [0.0,0.16062280540911872,-0.2512945083539082,-0.34638667561400693,0.0,0.0,0.750056816160461,1.2615950605318473,0.0,0.0,0.0,0.08464604894422041,0.0,0.0,0.0,0.0]
B0 = [0.0,-0.059287139553622824,1.5068439366421764,2.858409595003739,0.0,0.0,0.3010938778809706,-1.817685416544317,0.0,0.0,0.0,3.855109018578111,0.0,0.0,0.0,0.0]
B1 = [0.0,0.4014216415718605,0.05871480818223569,-2.5080189592071003,0.0,0.0,-0.4397559153367671,0.9872330148756439,0.0,0.0,0.0,0.2582433065631512,0.0,0.0,0.0,0.0]
α  = [0.36041096683938034,0.049450954996755433,0.6108747267095206,-0.020730950878520463]
β1 = [-1.854941985466551,1.8228099675785823,0.6481331456108335,0.3840013399981349]
β2 = [-1.3482807583478142,1.7605778892439108,-0.2579102568695145,-0.15438842129906155]
β3 = [2.855630589622805,-1.8231901772579664,-0.6484488592624255,-0.38395419392930796]
β4 = [0.509204004087504,1.3481124031136726,-3.2740256010099227,1.4166770906687365]


Set[{A021,A031,A032,A041,A042,A043,A121,A131,A132,A141,A142,A143,B021,B031,B032,B041,B042,B043,B121,B131,B132,B141,B142,B143,\[Alpha]1,\[Alpha]2,\[Alpha]3,\[Alpha]4,\[Beta]11,\[Beta]12,\[Beta]13,\[Beta]14,\[Beta]21,\[Beta]22,\[Beta]23,\[Beta]24,\[Beta]31,\[Beta]32,\[Beta]33,\[Beta]34,\[Beta]41,\[Beta]42,\[Beta]43,\[Beta]44},{0.2353667571072175,2.6665759379247986,-1.8331993747570705,1.0410355042640163,1.348663807632711,-1.3897004305753733,0.16062280540911872,-0.2512945083539082,0.750056816160461,-0.34638667561400693,1.2615950605318473,0.08464604894422041,-0.059287139553622824,1.5068439366421764,0.3010938778809706,2.858409595003739,-1.817685416544317,3.855109018578111,0.4014216415718605,0.05871480818223569,-0.4397559153367671,-2.5080189592071003,0.9872330148756439,0.2582433065631512,0.36041096683938034,0.049450954996755433,0.6108747267095206,-0.020730950878520463,-1.854941985466551,1.8228099675785823,0.6481331456108335,0.3840013399981349,-1.3482807583478142,1.7605778892439108,-0.2579102568695145,-0.15438842129906155,2.855630589622805,-1.8231901772579664,-0.6484488592624255,-0.38395419392930796,0.509204004087504,1.3481124031136726,-3.2740256010099227,1.4166770906687365}]



