
-----------------Setup------------------
Options: alg=LN_AUGLAG_EQ,dx=0.01,max_eval=100000000,popSize=0
imin=-6,jmin=-3,imax=1,jmax=3,
parameter_minmax=5,
randSeed=59163377, rand_minmax=2

Initial Condition:

[-0.0215738,-1.63003,-1.94215,1.07619,-1.35913,-1.17751,-1.83615,0.709944,0.0865967,-0.512324,-1.65292,1.65314,0.0672221,0.710478,-0.91489,1.03822,-1.30744,-1.9138,0.28398,-0.405362,-1.88091,1.58982,-0.607712,0.0445395,-1.61459,1.17712,-0.00321047,0.192502,-1.89229,-0.917546,0.225135,-0.723972,1.31924,0.390643,-1.41154,1.24228,-0.334315,-1.97255,0.348863,-0.133146,0.226409,1.88418,1.56781,0.425656]

f_1([0.0664139,0.928011,-0.815454,1.54895,-0.378213,-1.00271,0.0879025,0.460435,-0.0120257,0.717411,-0.757979,0.0405657,0.105473,0.987264,2.11079,4.00747,-2.45598,-1.53597,1.20409,2.48442,-1.67811,1.90815,0.539231,-1.48374,0.490532,0.295257,0.160821,0.0247916,0.325378,1.29235,0.531393,-1.48752,-0.112875,-0.679142,-0.511038,1.71096,0.23875,-1.2498,-0.166137,1.14539,-0.563685,1.70398,-0.154784,-1.12399])
20.502491093066478
Max g: 0.8438055541060765
f_2([0.415068,1.32085,-0.373138,1.41711,-0.317247,-0.810915,1.00011,0.88145,0.0962701,0.349713,-0.0496885,-0.000234157,0.736745,1.06921,1.9272,4.08345,-2.05838,-1.5957,1.78046,1.2792,-0.353563,1.96205,0.728456,-1.52856,-0.000686999,0.951736,0.110336,-0.0568167,1.46001,1.0523,0.519668,-2.04155,-1.09091,-0.729303,0.0654447,1.77401,-0.455187,-1.05462,-0.524606,2.04637,1.04845,1.56406,-1.20786,-1.4189])
16.31276925523557
Max g: 0.13929884986768926
f_3([0.43365,1.20974,-0.209704,1.30991,-0.602492,-0.705734,1.00001,0.848452,0.0596351,0.198182,-0.0428043,-0.00121759,0.771144,1.18096,2.00033,4.10003,-2.03384,-1.6169,1.3439,1.02333,-0.361651,1.56482,0.830734,-1.67325,0.0249765,0.946577,0.0940783,-0.0654629,2.0128,1.21539,0.103121,-2.33239,-2.04049,-0.741065,0.307097,2.47496,-1.02579,-1.22181,-0.101667,2.34886,2.05808,2.23842,-2.0937,-2.20338])
15.207492980078376
Max g: 0.08729497070178871
f_4([0.429752,1.11361,-0.114263,1.31259,-0.610517,-0.683852,0.999983,0.866507,0.0617786,0.149554,-0.0379913,0.00386616,0.771622,1.19377,2.01458,4.07441,-1.99698,-1.60766,1.19069,0.944772,-0.345609,1.42299,0.895721,-1.70574,0.0216602,0.953946,0.0920216,-0.0677587,2.36672,1.45944,-0.19142,-2.63607,-2.41857,-0.828238,0.499644,2.74607,-1.37765,-1.46491,0.193984,2.6499,2.7089,2.84315,-2.71525,-2.83992])
14.487224098684788
Max g: 0.03812270062676085
f_5([0.42793,1.09722,-0.104006,1.3168,-0.604629,-0.7114,0.999999,0.866508,0.0614147,0.142049,-0.0377287,0.0074407,0.769804,1.20026,2.01574,4.07226,-1.99702,-1.60875,1.16456,0.929712,-0.343626,1.40582,0.904942,-1.71269,0.0182942,0.956138,0.0916214,-0.0658466,2.44353,1.52574,-0.258942,-2.71154,-2.45033,-0.832492,0.523079,2.76064,-1.44504,-1.52666,0.259267,2.71355,2.85321,2.97736,-2.85401,-2.97856])
13.985478315978362
Max g: 0.03809492574841056
f_6([0.427361,1.0989,-0.10136,1.31735,-0.605406,-0.710738,0.999999,0.866294,0.0614447,0.139171,-0.0372603,0.00721225,0.769509,1.20292,2.01705,4.07191,-1.99713,-1.60661,1.14552,0.919281,-0.343486,1.39287,0.909877,-1.71515,0.0171183,0.956727,0.0913993,-0.0652096,2.49563,1.57406,-0.310847,-2.75964,-2.49823,-0.848333,0.549025,2.79849,-1.49577,-1.57414,0.310853,2.75986,2.95985,3.07624,-2.95646,-3.08129])
13.9236697752913
Max g: 0.03506396586547633
f_7([0.427449,1.09891,-0.0996115,1.31806,-0.604979,-0.710471,1.0,0.866633,0.0614163,0.136895,-0.0366682,0.00690886,0.770006,1.20314,2.01662,4.07205,-1.99717,-1.60836,1.13116,0.911589,-0.343362,1.38295,0.914021,-1.71725,0.0176943,0.956223,0.0913773,-0.0652081,2.53401,1.61087,-0.350624,-2.79491,-2.54077,-0.863811,0.571141,2.83435,-1.53423,-1.61108,0.350807,2.79522,3.042,3.15429,-3.03654,-3.16116])
13.87482108990959
Max g: 0.03169494311188814
f_8([0.427692,1.09884,-0.0991027,1.31752,-0.605245,-0.711163,1.0,0.868051,0.0606537,0.135401,-0.0371515,0.00692581,0.770563,1.20275,2.01651,4.07246,-1.99601,-1.60802,1.11862,0.905255,-0.343441,1.37462,0.918837,-1.72051,0.0178418,0.955738,0.0913519,-0.0649621,2.56874,1.64468,-0.387658,-2.82652,-2.57839,-0.877654,0.591207,2.86547,-1.56968,-1.6451,0.388018,2.82729,3.11567,3.2255,-3.1089,-3.23368])
13.815704211478254
Max g: 0.029021610378067497
f_9([0.42792,1.09688,-0.0971291,1.31864,-0.6044,-0.70979,1.0,0.868707,0.0605957,0.133988,-0.0373782,0.00670778,0.77068,1.20419,2.01631,4.07241,-1.99538,-1.60764,1.10758,0.89971,-0.343557,1.3672,0.923087,-1.7235,0.0183107,0.955812,0.0912836,-0.0653815,2.6016,1.67537,-0.421533,-2.85594,-2.61233,-0.889834,0.609384,2.89352,-1.6016,-1.67541,0.421664,2.85591,3.18303,3.28976,-3.17468,-3.29924])
13.795267516573661
Max g: 0.026410931044328456
f_10([0.427756,1.09576,-0.095975,1.31735,-0.603069,-0.709474,1.0,0.868997,0.0605129,0.132664,-0.0372842,0.00668469,0.770232,1.20415,2.01657,4.07224,-1.9954,-1.60916,1.09761,0.894592,-0.343374,1.35941,0.926051,-1.7242,0.0179845,0.956292,0.091297,-0.0655795,2.63185,1.70387,-0.452001,-2.88413,-2.64406,-0.901556,0.625355,2.9207,-1.63167,-1.70385,0.451771,2.88425,3.24526,3.35006,-3.23623,-3.36012])
13.745621301634698
{0.42775607186066916,1.0957551869012898,-0.09597498278830495,1.3173462772640938,-0.6030686689223149,-0.709473852097287,1.0000000000000044,0.8689969655039564,0.06051287692348966,0.1326640690498944,-0.03728419914004013,0.006684685467379228,0.7702320124608912,1.204153848548413,2.016571112546273,4.07223546256932,-1.995397028422683,-1.6091564609813562,1.0976076319823842,0.8945917289978405,-0.3433736925939193,1.3594076896270735,0.9260513560058983,-1.724196058000081,0.01798446560521713,0.9562918477010852,0.09129699842385688,-0.06557946467681378,2.6318503780929072,1.7038690958676381,-0.4520013409556401,-2.884132671050031,-2.6440607826414957,-0.9015564389106563,0.625354727011284,2.920697803724584,-1.631674230847551,-1.7038549206184526,0.45177097772482727,2.884250520721722,3.2452624316110312,3.3500592650753642,-3.236225463573722,-3.36012311658081}]
Set[{A021,A031,A032,A041,A042,A043,A121,A131,A132,A141,A142,A143,B021,B031,B032,B041,B042,B043,B121,B131,B132,B141,B142,B143,\[Alpha]1,\[Alpha]2,\[Alpha]3,\[Alpha]4,\[Beta]11,\[Beta]12,\[Beta]13,\[Beta]14,\[Beta]21,\[Beta]22,\[Beta]23,\[Beta]24,\[Beta]31,\[Beta]32,\[Beta]33,\[Beta]34,\[Beta]41,\[Beta]42,\[Beta]43,\[Beta]44},{0.42775607186066916,1.0957551869012898,-0.09597498278830495,1.3173462772640938,-0.6030686689223149,-0.709473852097287,1.0000000000000044,0.8689969655039564,0.06051287692348966,0.1326640690498944,-0.03728419914004013,0.006684685467379228,0.7702320124608912,1.204153848548413,2.016571112546273,4.07223546256932,-1.995397028422683,-1.6091564609813562,1.0976076319823842,0.8945917289978405,-0.3433736925939193,1.3594076896270735,0.9260513560058983,-1.724196058000081,0.01798446560521713,0.9562918477010852,0.09129699842385688,-0.06557946467681378,2.6318503780929072,1.7038690958676381,-0.4520013409556401,-2.884132671050031,-2.6440607826414957,-0.9015564389106563,0.625354727011284,2.920697803724584,-1.631674230847551,-1.7038549206184526,0.45177097772482727,2.884250520721722,3.2452624316110312,3.3500592650753642,-3.236225463573722,-3.36012311658081}]

Max g: 0.02393218947067066
f_11([0.427505,1.09438,-0.0947491,1.31753,-0.602662,-0.709472,1.0,0.869602,0.0602028,0.131567,-0.0373492,0.00660139,0.770204,1.20472,2.01599,4.07148,-1.99453,-1.6087,1.08857,0.889813,-0.343542,1.35435,0.929518,-1.72736,0.0176227,0.956792,0.0912715,-0.0658267,2.65938,1.73086,-0.481169,-2.90949,-2.67264,-0.912911,0.640945,2.94496,-1.65886,-1.73078,0.480865,2.90917,3.30357,3.40557,-3.29296,-3.41696])
13.716411781600328
Max g: 0.021572741370733617
f_12([0.42797,1.09304,-0.0930468,1.31767,-0.602493,-0.709711,1.0,0.87104,0.0594152,0.129922,-0.0368482,0.0063793,0.770697,1.20595,2.01504,4.07169,-1.9958,-1.60993,1.0804,0.885863,-0.34343,1.34843,0.933183,-1.72972,0.0185535,0.956038,0.0912281,-0.0657538,2.68528,1.75507,-0.50736,-2.9334,-2.69882,-0.922182,0.654498,2.96675,-1.68476,-1.75483,0.507228,2.93266,3.35721,3.45794,-3.34618,-3.46986])
13.689694541432372
Max g: 0.019779930332715412
f_13([0.427895,1.09202,-0.0920845,1.31734,-0.602308,-0.710266,1.0,0.872361,0.0585868,0.129084,-0.0369953,0.00639862,0.770441,1.20657,2.01498,4.07134,-1.99525,-1.61091,1.07374,0.882559,-0.343526,1.344,0.935708,-1.73133,0.0184247,0.956381,0.0912111,-0.0660823,2.70638,1.7759,-0.529747,-2.9528,-2.72033,-0.931022,0.666425,2.98535,-1.70584,-1.77557,0.529409,2.95231,3.40151,3.50147,-3.38987,-3.51385])
13.66487143396289
Max g: 0.01800791825554182
f_14([0.427527,1.09101,-0.0910353,1.31763,-0.602614,-0.710208,1.0,0.873591,0.0576636,0.12806,-0.0367476,0.00624805,0.770076,1.20719,2.01497,4.07069,-1.99483,-1.61105,1.06794,0.879449,-0.343509,1.34014,0.937464,-1.73234,0.0180027,0.956897,0.0911906,-0.0661507,2.72467,1.79368,-0.548964,-2.96976,-2.73949,-0.938137,0.67672,3.00125,-1.72461,-1.79356,0.549065,2.96943,3.44144,3.53925,-3.42859,-3.55278])
13.652908490604105
Max g: 0.01676354949115333
f_15([0.427468,1.0899,-0.0899173,1.31735,-0.602688,-0.710912,1.0,0.874222,0.0573124,0.127246,-0.0365822,0.00612195,0.77004,1.20813,2.01479,4.07108,-1.99454,-1.61087,1.0626,0.876673,-0.343494,1.33684,0.939598,-1.73398,0.0178986,0.957252,0.0911476,-0.0663115,2.74249,1.81086,-0.567549,-2.98615,-2.75721,-0.945138,0.686237,3.01637,-1.74229,-1.81072,0.56741,2.98588,3.47885,3.57537,-3.46526,-3.58954])
13.6414440032186
Max g: 0.01548249376692623
f_16([0.427403,1.08836,-0.0883778,1.31722,-0.603141,-0.711373,1.0,0.874765,0.0569422,0.126509,-0.0365732,0.00603821,0.770155,1.20783,2.01471,4.07128,-1.99373,-1.61052,1.05756,0.87398,-0.34344,1.33327,0.941149,-1.73474,0.0179324,0.95707,0.0911648,-0.0662428,2.75959,1.82695,-0.585167,-3.00162,-2.77392,-0.951408,0.695363,3.03018,-1.75946,-1.82687,0.585174,3.00144,3.5147,3.60938,-3.50063,-3.62401])
13.631773957336916
Max g: 0.014197372327326319
f_17([0.427173,1.08659,-0.0867921,1.31833,-0.603646,-0.711584,1.0,0.87604,0.0564445,0.125561,-0.036725,0.00603975,0.769748,1.20813,2.01417,4.07147,-1.99285,-1.6098,1.05218,0.871011,-0.343132,1.32937,0.943108,-1.73581,0.0172051,0.957347,0.0912189,-0.0659288,2.77851,1.84417,-0.604429,-3.01852,-2.79136,-0.958308,0.705301,3.04466,-1.77822,-1.844,0.604081,3.01834,3.55289,3.64669,-3.5385,-3.66167])
13.61801657247431
Max g: 0.01248982588768588
f_18([0.42731,1.08602,-0.0860288,1.31917,-0.60381,-0.710715,1.0,0.877132,0.0559875,0.1245,-0.0368067,0.00597515,0.769734,1.20807,2.01486,4.07037,-1.99274,-1.60943,1.04555,0.867822,-0.343281,1.32469,0.94573,-1.73737,0.0173899,0.957383,0.0911904,-0.0660624,2.80142,1.86609,-0.628382,-3.03938,-2.81359,-0.96659,0.717392,3.06301,-1.80117,-1.86592,0.628133,3.03912,3.60155,3.69346,-3.586,-3.70951])
13.596184200844526
Max g: 0.01105789248304967
f_19([0.427137,1.08497,-0.0851791,1.31918,-0.604014,-0.711233,1.0,0.877687,0.0555727,0.123809,-0.0368507,0.00595735,0.769689,1.20766,2.01545,4.07089,-1.99295,-1.60956,1.0398,0.864698,-0.343114,1.32075,0.947551,-1.73828,0.0174624,0.957582,0.0911831,-0.0662044,2.82163,1.88572,-0.649207,-3.05843,-2.83341,-0.974518,0.72819,3.07988,-1.82103,-1.88534,0.64893,3.05757,3.64465,3.73505,-3.62889,-3.75119])
13.57205893173764
Max g: 0.009679851147270102
f_20([0.427092,1.08418,-0.0842007,1.31907,-0.603701,-0.711508,1.0,0.878433,0.0551302,0.122798,-0.0366222,0.00583532,0.769597,1.20848,2.01574,4.07078,-1.9931,-1.60977,1.03432,0.861909,-0.34317,1.31725,0.949645,-1.73983,0.0172149,0.957792,0.0911132,-0.0662078,2.84123,1.90446,-0.669679,-3.07625,-2.85195,-0.981514,0.738275,3.0954,-1.84078,-1.904,0.669205,3.07557,3.68589,3.77459,-3.66946,-3.79142])
13.55820185568038
{0.42709215135185363,1.0841800166675037,-0.08420071180556735,1.3190653996958959,-0.6037007313394573,-0.7115082191059742,1.0000000000000016,0.8784326972538851,0.05513017370457365,0.12279779813696128,-0.036622207867538926,0.005835315487060857,0.7695967174051175,1.2084811963274167,2.0157443034467897,4.070780984280732,-1.9930989594648598,-1.6097709495261954,1.034324768665135,0.8619088879249706,-0.343170009856787,1.3172507215549176,0.949644757147358,-1.739830212839786,0.017214922663355187,0.9577920069762105,0.09111319986709857,-0.06620779165309539,2.8412289052876254,1.9044559287916079,-0.6696786083360428,-3.076254417506376,-2.851946888497107,-0.9815137565438851,0.7382746932089356,3.0954015940214714,-1.8407815158968843,-1.9040021225879962,0.6692050426323023,3.0755735351874773,3.6858915115751567,3.7745887532315785,-3.669461326549625,-3.791415522221098}]
Set[{A021,A031,A032,A041,A042,A043,A121,A131,A132,A141,A142,A143,B021,B031,B032,B041,B042,B043,B121,B131,B132,B141,B142,B143,\[Alpha]1,\[Alpha]2,\[Alpha]3,\[Alpha]4,\[Beta]11,\[Beta]12,\[Beta]13,\[Beta]14,\[Beta]21,\[Beta]22,\[Beta]23,\[Beta]24,\[Beta]31,\[Beta]32,\[Beta]33,\[Beta]34,\[Beta]41,\[Beta]42,\[Beta]43,\[Beta]44},{0.42709215135185363,1.0841800166675037,-0.08420071180556735,1.3190653996958959,-0.6037007313394573,-0.7115082191059742,1.0000000000000016,0.8784326972538851,0.05513017370457365,0.12279779813696128,-0.036622207867538926,0.005835315487060857,0.7695967174051175,1.2084811963274167,2.0157443034467897,4.070780984280732,-1.9930989594648598,-1.6097709495261954,1.034324768665135,0.8619088879249706,-0.343170009856787,1.3172507215549176,0.949644757147358,-1.739830212839786,0.017214922663355187,0.9577920069762105,0.09111319986709857,-0.06620779165309539,2.8412289052876254,1.9044559287916079,-0.6696786083360428,-3.076254417506376,-2.851946888497107,-0.9815137565438851,0.7382746932089356,3.0954015940214714,-1.8407815158968843,-1.9040021225879962,0.6692050426323023,3.0755735351874773,3.6858915115751567,3.7745887532315785,-3.669461326549625,-3.791415522221098}]

Max g: 0.008507459222843905
f_21([0.426816,1.0835,-0.0835434,1.319,-0.603531,-0.711523,1.0,0.879321,0.0546423,0.121554,-0.0361365,0.00571789,0.769398,1.20864,2.01547,4.07039,-1.99331,-1.60962,1.02924,0.859457,-0.343112,1.31294,0.951436,-1.74016,0.0173239,0.958239,0.0911295,-0.066588,2.85987,1.92189,-0.688701,-3.09314,-2.87013,-0.988346,0.747996,3.11068,-1.85925,-1.92163,0.688416,3.09253,3.72428,3.81229,-3.7081,-3.82885])
13.538363307943726
Max g: 0.007270925066546807
f_22([0.427057,1.08242,-0.0824277,1.31886,-0.603396,-0.711807,1.0,0.879929,0.0543369,0.12098,-0.0362845,0.00573507,0.769573,1.20902,2.01578,4.07035,-1.99301,-1.61009,1.02458,0.857131,-0.343122,1.30968,0.953281,-1.74122,0.017434,0.958054,0.0910762,-0.0665766,2.87673,1.93841,-0.706299,-3.10893,-2.88693,-0.995204,0.757202,3.12503,-1.87642,-1.93835,0.706327,3.10857,3.76062,3.84761,-3.74401,-3.86448])
13.518425069012416
Max g: 0.006017075703770858
f_23([0.42709,1.08129,-0.0814236,1.31799,-0.602411,-0.712111,1.0,0.880918,0.0536333,0.120119,-0.0359851,0.0056711,0.769638,1.20925,2.01546,4.07048,-1.99318,-1.60969,1.02011,0.854981,-0.343208,1.30652,0.954982,-1.74215,0.0174498,0.958065,0.0910824,-0.0666914,2.89337,1.95449,-0.723438,-3.12453,-2.90285,-1.00152,0.765703,3.13867,-1.89291,-1.95425,0.723256,3.12399,3.79527,3.88161,-3.77835,-3.89868])
13.50297293384065
Max g: 0.0048973705587267435
f_24([0.426908,1.08059,-0.080617,1.31808,-0.602784,-0.712454,1.0,0.881429,0.0535024,0.119589,-0.035993,0.00559525,0.76968,1.20903,2.01569,4.07054,-1.99243,-1.6097,1.01589,0.852904,-0.343186,1.30343,0.956623,-1.74289,0.0174542,0.958319,0.0910638,-0.0668464,2.90918,1.97025,-0.740075,-3.13937,-2.91838,-1.00822,0.774496,3.15207,-1.90883,-1.97007,0.739919,3.13901,3.82863,3.91507,-3.81203,-3.93177])
13.49140875526049
Max g: 0.003955310174147131
f_25([0.426862,1.07955,-0.0796165,1.31825,-0.603144,-0.712637,0.999999,0.881944,0.053326,0.118868,-0.0359795,0.00559278,0.769399,1.20958,2.01595,4.07065,-1.99207,-1.60973,1.01189,0.850858,-0.343166,1.30059,0.958098,-1.74373,0.0170557,0.958658,0.0910408,-0.0668327,2.9246,1.98485,-0.755922,-3.15359,-2.93287,-1.01372,0.78231,3.16433,-1.92387,-1.98428,0.755595,3.15241,3.86103,3.94626,-3.84383,-3.96355])
13.472567119470401
Max g: 0.0030817562391710074
f_26([0.427013,1.07735,-0.0774528,1.31949,-0.601277,-0.710278,1.0,0.883335,0.0523581,0.11834,-0.0360014,0.00552447,0.769168,1.21046,2.0171,4.07145,-1.99088,-1.6103,1.00805,0.848252,-0.342535,1.29791,0.958702,-1.74362,0.0164854,0.959225,0.0909382,-0.0666801,2.93957,1.99923,-0.771428,-3.16729,-2.94445,-1.01894,0.788827,3.17443,-1.93931,-1.99899,0.77122,3.16711,3.89243,3.97756,-3.87578,-3.99425])
13.483533150882623
Max g: 0.0017891653360592175
f_27([0.427001,1.07672,-0.0769704,1.31975,-0.601226,-0.709497,1.0,0.883446,0.0523963,0.117951,-0.0359082,0.00549304,0.769066,1.21055,2.01722,4.07105,-1.99092,-1.61038,1.00615,0.847191,-0.342453,1.29653,0.95926,-1.74383,0.0163819,0.959495,0.0909191,-0.066793,2.94706,2.00611,-0.778913,-3.17429,-2.95027,-1.02112,0.792249,3.17913,-1.94673,-2.00592,0.778772,3.17391,3.90771,3.99229,-3.891,-4.00906])
13.477053223229946
Max g: 0.001396645170962163
f_28([0.426994,1.07672,-0.0769882,1.31982,-0.601243,-0.709518,1.0,0.883474,0.0523974,0.117932,-0.0359376,0.00549639,0.769056,1.21053,2.01721,4.07107,-1.99089,-1.61037,1.00586,0.84704,-0.342441,1.2963,0.959375,-1.74389,0.0163697,0.959518,0.0909207,-0.0668043,2.94831,2.00725,-0.780092,-3.17549,-2.95063,-1.02112,0.792459,3.1793,-1.94822,-2.00718,0.780052,3.17538,3.91025,3.99475,-3.89346,-4.0116])
13.475757237699412
Max g: 0.0013968073154211336
f_29([0.427003,1.07672,-0.0770161,1.31984,-0.601257,-0.709451,1.0,0.883483,0.0524143,0.117911,-0.0359569,0.00549635,0.769056,1.21047,2.01728,4.07108,-1.99088,-1.61041,1.00557,0.846898,-0.342428,1.29606,0.95949,-1.74393,0.016372,0.95952,0.0909206,-0.0668143,2.94945,2.00831,-0.78122,-3.17657,-2.95141,-1.02139,0.792886,3.17994,-1.94946,-2.00832,0.781225,3.17658,3.91262,3.99712,-3.89583,-4.01396])
13.474261869779564
Max g: 0.0013613419806062232
f_30([0.427011,1.07669,-0.0769902,1.31985,-0.601212,-0.709419,1.0,0.883497,0.0524205,0.117883,-0.0359705,0.0054919,0.769065,1.21048,2.01725,4.07107,-1.99086,-1.61044,1.00529,0.846753,-0.342422,1.29587,0.959592,-1.74398,0.0163909,0.95952,0.0909199,-0.0668253,2.95053,2.00936,-0.782347,-3.17757,-2.95233,-1.02173,0.793395,3.18068,-1.95058,-2.00938,0.782357,3.17762,3.91493,3.99934,-3.89811,-4.01621])
13.473663722611624
{0.4270111233763063,1.0766850639084218,-0.07699021132582146,1.319845425712941,-0.6012121271200409,-0.7094187909789124,0.9999999999999996,0.8834968098112271,0.05242053374046526,0.1178831139500416,-0.03597048083182356,0.005491901144080736,0.7690645236882852,1.2104758838846141,2.0172510087408027,4.071070129332536,-1.9908606375435465,-1.6104427003713875,1.0052913948758935,0.8467532241130151,-0.3424223419223146,1.2958675788072045,0.9595919217599567,-1.7439846439614501,0.016390905566834753,0.9595202749464409,0.09091993938611045,-0.06682532668260543,2.9505348922172727,2.0093573520724055,-0.7823466788133627,-3.1775710844305864,-2.9523288963501213,-1.0217341458409772,0.7933953512187084,3.180684578935596,-1.9505802777900398,-2.0093762633985093,0.7823569726560753,3.177624865111229,3.914934254050659,3.999340891887301,-3.8981113085315315,-4.016212598064701}]
Set[{A021,A031,A032,A041,A042,A043,A121,A131,A132,A141,A142,A143,B021,B031,B032,B041,B042,B043,B121,B131,B132,B141,B142,B143,\[Alpha]1,\[Alpha]2,\[Alpha]3,\[Alpha]4,\[Beta]11,\[Beta]12,\[Beta]13,\[Beta]14,\[Beta]21,\[Beta]22,\[Beta]23,\[Beta]24,\[Beta]31,\[Beta]32,\[Beta]33,\[Beta]34,\[Beta]41,\[Beta]42,\[Beta]43,\[Beta]44},{0.4270111233763063,1.0766850639084218,-0.07699021132582146,1.319845425712941,-0.6012121271200409,-0.7094187909789124,0.9999999999999996,0.8834968098112271,0.05242053374046526,0.1178831139500416,-0.03597048083182356,0.005491901144080736,0.7690645236882852,1.2104758838846141,2.0172510087408027,4.071070129332536,-1.9908606375435465,-1.6104427003713875,1.0052913948758935,0.8467532241130151,-0.3424223419223146,1.2958675788072045,0.9595919217599567,-1.7439846439614501,0.016390905566834753,0.9595202749464409,0.09091993938611045,-0.06682532668260543,2.9505348922172727,2.0093573520724055,-0.7823466788133627,-3.1775710844305864,-2.9523288963501213,-1.0217341458409772,0.7933953512187084,3.180684578935596,-1.9505802777900398,-2.0093762633985093,0.7823569726560753,3.177624865111229,3.914934254050659,3.999340891887301,-3.8981113085315315,-4.016212598064701}]

Max g: 0.0013121224216589011
f_31([0.42703,1.0767,-0.0769925,1.31984,-0.601175,-0.709416,1.0,0.883516,0.0524191,0.117868,-0.0360083,0.00550157,0.769106,1.21053,2.01722,4.07105,-1.99083,-1.6104,1.00502,0.846611,-0.34242,1.2957,0.959693,-1.74406,0.0164347,0.959482,0.090916,-0.0668309,2.95159,2.01037,-0.78344,-3.17854,-2.95326,-1.02211,0.793928,3.18147,-1.95164,-2.0104,0.783465,3.17859,3.91719,4.00151,-3.90034,-4.0184])
13.472866193054372
Max g: 0.0012533586950057574
f_32([0.427036,1.07669,-0.0770121,1.31983,-0.601177,-0.709375,1.0,0.883547,0.0524173,0.117824,-0.0360115,0.00549895,0.769106,1.21059,2.0172,4.07102,-1.99083,-1.61042,1.00476,0.846477,-0.342421,1.29553,0.959791,-1.74413,0.0164258,0.959494,0.0909125,-0.0668345,2.95261,2.01134,-0.784507,-3.17946,-2.95418,-1.02248,0.794452,3.18225,-1.95267,-2.01138,0.784532,3.17953,3.91932,4.00357,-3.90245,-4.02049])
13.472068663497119
Max g: 0.0011913070822034966
f_33([0.427045,1.07667,-0.0770152,1.31984,-0.601184,-0.709384,1.0,0.883596,0.052398,0.117761,-0.0359951,0.00549272,0.769133,1.21062,2.01718,4.071,-1.9908,-1.61045,1.00451,0.846357,-0.342422,1.29536,0.959916,-1.74422,0.0164515,0.95948,0.0909087,-0.0668443,2.95361,2.01227,-0.785538,-3.18036,-2.95509,-1.02282,0.794959,3.18298,-1.95367,-2.01231,0.78557,3.18043,3.9214,4.0056,-3.9045,-4.02254])
13.471370825134523
Max g: 0.0011270391563459325
f_34([0.427035,1.0767,-0.0769747,1.31988,-0.601161,-0.709342,1.0,0.883642,0.0523673,0.117722,-0.0359891,0.00548848,0.769134,1.2106,2.01721,4.07105,-1.99079,-1.61041,1.00427,0.846219,-0.342425,1.29523,0.959974,-1.74427,0.0164524,0.959485,0.0909084,-0.066847,2.95456,2.01321,-0.786538,-3.18125,-2.95594,-1.02318,0.795442,3.1837,-1.9546,-2.01323,0.786549,3.18129,3.92344,4.00751,-3.90645,-4.02453])
13.470373913187958
Max g: 0.001072641481371872
f_35([0.427042,1.07669,-0.0769616,1.31989,-0.601138,-0.709327,1.0,0.883713,0.0523098,0.117671,-0.0359626,0.00548311,0.76913,1.21062,2.01719,4.07102,-1.99077,-1.61041,1.00405,0.846095,-0.342422,1.29509,0.960035,-1.74431,0.016448,0.959496,0.0909088,-0.066852,2.95545,2.01408,-0.787459,-3.18209,-2.95674,-1.02352,0.795885,3.1844,-1.95548,-2.01409,0.78746,3.18213,3.9253,4.00931,-3.90829,-4.02636])
13.470074839603988
Max g: 0.0010171040114863583
f_36([0.427006,1.07688,-0.0769249,1.31993,-0.601159,-0.709344,1.0,0.883741,0.0523011,0.117644,-0.0359637,0.00548215,0.769121,1.21067,2.01704,4.07104,-1.99078,-1.61036,1.00391,0.846032,-0.34242,1.29498,0.960106,-1.74435,0.0164564,0.959508,0.0909167,-0.0668827,2.95599,2.01457,-0.788001,-3.18258,-2.95729,-1.02372,0.796175,3.18485,-1.95604,-2.01459,0.788016,3.18263,3.92643,4.01041,-3.90941,-4.02746])
13.467682250932231
Max g: 0.0009742628076719884
f_37([0.427009,1.07687,-0.0769296,1.31991,-0.60118,-0.709352,1.0,0.883742,0.0523194,0.117629,-0.0359827,0.00548747,0.769124,1.21068,2.01703,4.07105,-1.99077,-1.61034,1.00376,0.845959,-0.342419,1.29487,0.960167,-1.74438,0.0164472,0.959507,0.0909156,-0.0668723,2.95659,2.01513,-0.788609,-3.18312,-2.95788,-1.02396,0.796495,3.18536,-1.95659,-2.01513,0.788613,3.18312,3.92765,4.01161,-3.91062,-4.02867])
13.467582559737574
Max g: 0.0009327954328490762
f_38([0.427011,1.07685,-0.0769155,1.31989,-0.601153,-0.70934,1.0,0.883751,0.052325,0.117618,-0.0359931,0.00548673,0.769122,1.21068,2.01705,4.07104,-1.99077,-1.61032,1.00362,0.845888,-0.342415,1.29475,0.960223,-1.74439,0.0164454,0.959511,0.090915,-0.0668761,2.95714,2.01567,-0.789188,-3.18365,-2.95841,-1.02418,0.796786,3.18583,-1.95714,-2.01567,0.789186,3.18364,3.92885,4.01281,-3.91182,-4.02986])
13.467482868542918
Max g: 0.0008928729992029316
f_39([0.427006,1.07685,-0.0769135,1.3199,-0.601171,-0.709338,1.0,0.88376,0.0523372,0.11761,-0.0360143,0.00548905,0.769108,1.21067,2.01705,4.07103,-1.99078,-1.6103,1.00348,0.84582,-0.342416,1.29466,0.960287,-1.74444,0.0164377,0.959515,0.0909166,-0.0668683,2.9577,2.01621,-0.789771,-3.18415,-2.95893,-1.02439,0.797076,3.18626,-1.95772,-2.01622,0.789779,3.18417,3.93001,4.01396,-3.91297,-4.03103])
13.465788118233757
Max g: 0.0008581117630515056
f_40([0.427004,1.07685,-0.076943,1.3199,-0.601173,-0.709325,1.0,0.883767,0.052349,0.117608,-0.0360364,0.00548992,0.769107,1.21067,2.01703,4.07103,-1.9908,-1.61028,1.00334,0.845753,-0.34242,1.29457,0.960347,-1.74448,0.016437,0.95951,0.0909188,-0.0668675,2.95825,2.01675,-0.790346,-3.18466,-2.95943,-1.02461,0.797364,3.18669,-1.95825,-2.01676,0.790353,3.18467,3.93115,4.0151,-3.9141,-4.03218])
13.465289662260474
{0.42700436018577737,1.076847783856817,-0.07694303190635468,1.319895575420752,-0.6011734720119638,-0.7093254687764879,1.0000000000000002,0.8837672536735436,0.052349025840690885,0.11760849796630368,-0.03603640712939932,0.005489924358744714,0.7691068329397076,1.2106665619857881,2.0170345909709235,4.071030842417463,-1.9907958346921542,-1.610284485312988,1.003335272569315,0.8457527994261977,-0.34241999645473775,1.294565500143352,0.9603469758739664,-1.744478671344749,0.01643698926713174,0.9595104192842522,0.09091877824021358,-0.06686750918793119,2.9582461094054917,2.016747298484553,-0.7903460972427129,-3.184661086104354,-2.959434149532448,-1.0246074367888154,0.797364123112867,3.1866906229815846,-1.9582491762137757,-2.0167562110288237,0.7903526487240412,3.184669485157357,3.931148003347644,4.015099382962504,-3.9140991181832914,-4.032179769204237}]
Set[{A021,A031,A032,A041,A042,A043,A121,A131,A132,A141,A142,A143,B021,B031,B032,B041,B042,B043,B121,B131,B132,B141,B142,B143,\[Alpha]1,\[Alpha]2,\[Alpha]3,\[Alpha]4,\[Beta]11,\[Beta]12,\[Beta]13,\[Beta]14,\[Beta]21,\[Beta]22,\[Beta]23,\[Beta]24,\[Beta]31,\[Beta]32,\[Beta]33,\[Beta]34,\[Beta]41,\[Beta]42,\[Beta]43,\[Beta]44},{0.42700436018577737,1.076847783856817,-0.07694303190635468,1.319895575420752,-0.6011734720119638,-0.7093254687764879,1.0000000000000002,0.8837672536735436,0.052349025840690885,0.11760849796630368,-0.03603640712939932,0.005489924358744714,0.7691068329397076,1.2106665619857881,2.0170345909709235,4.071030842417463,-1.9907958346921542,-1.610284485312988,1.003335272569315,0.8457527994261977,-0.34241999645473775,1.294565500143352,0.9603469758739664,-1.744478671344749,0.01643698926713174,0.9595104192842522,0.09091877824021358,-0.06686750918793119,2.9582461094054917,2.016747298484553,-0.7903460972427129,-3.184661086104354,-2.959434149532448,-1.0246074367888154,0.797364123112867,3.1866906229815846,-1.9582491762137757,-2.0167562110288237,0.7903526487240412,3.184669485157357,3.931148003347644,4.015099382962504,-3.9140991181832914,-4.032179769204237}]

Max g: 0.0008227003943616085
f_41([0.427012,1.07684,-0.0769518,1.31991,-0.601172,-0.709297,1.0,0.883768,0.0523715,0.117583,-0.0360349,0.00548802,0.7691,1.21067,2.01705,4.07104,-1.9908,-1.61029,1.0032,0.84569,-0.342421,1.29446,0.960404,-1.7445,0.0164328,0.959517,0.0909185,-0.0668669,2.95879,2.01728,-0.790915,-3.18516,-2.95993,-1.02482,0.797648,3.18711,-1.95878,-2.01728,0.79092,3.18516,3.93225,4.01623,-3.91521,-4.0333])
13.464093367924596
Max g: 0.0007857374758702962
f_42([0.427013,1.07687,-0.0769561,1.31991,-0.601179,-0.709299,1.0,0.883766,0.0523866,0.117573,-0.0360477,0.00548954,0.769102,1.21067,2.01706,4.07104,-1.99081,-1.61027,1.00307,0.845625,-0.34242,1.29436,0.960461,-1.74453,0.0164241,0.959507,0.0909173,-0.0668496,2.95931,2.01779,-0.791467,-3.18565,-2.96042,-1.02502,0.797918,3.18753,-1.9593,-2.01778,0.791462,3.18564,3.93335,4.01732,-3.91631,-4.03439])
13.46279738239406
Max g: 0.0007535853205058451
f_43([0.427011,1.07686,-0.076947,1.31992,-0.601189,-0.709309,1.0,0.883788,0.0523791,0.117554,-0.0360444,0.00548424,0.769109,1.21068,2.01707,4.07104,-1.9908,-1.61028,1.00294,0.84556,-0.342417,1.29426,0.960503,-1.74454,0.016428,0.959511,0.0909154,-0.0668548,2.95982,2.01827,-0.791985,-3.18613,-2.96087,-1.0252,0.798161,3.18792,-1.95982,-2.01827,0.791982,3.18612,3.93443,4.01837,-3.91737,-4.03546])
13.46279738239406
Max g: 0.0007198092085792807
f_44([0.427009,1.07687,-0.076938,1.31993,-0.601188,-0.709315,1.0,0.883792,0.0523859,0.117545,-0.036056,0.00548536,0.769104,1.21067,2.01707,4.07101,-1.99081,-1.6103,1.00281,0.845494,-0.342415,1.29418,0.960553,-1.74458,0.0164318,0.959518,0.0909155,-0.0668652,2.96031,2.01875,-0.792485,-3.18658,-2.96133,-1.02539,0.798412,3.18832,-1.96032,-2.01876,0.792496,3.1866,3.93547,4.0194,-3.91841,-4.03648])
13.462398617615433
Max g: 0.0006881502431130837
f_45([0.427001,1.07687,-0.0769261,1.31992,-0.60121,-0.709333,1.0,0.883815,0.0523736,0.117527,-0.036057,0.00548699,0.769105,1.21066,2.01708,4.07099,-1.99079,-1.61029,1.00269,0.845436,-0.342413,1.29408,0.960604,-1.7446,0.0164398,0.959518,0.0909158,-0.0668708,2.9608,2.01921,-0.792981,-3.18704,-2.96178,-1.02556,0.798646,3.1887,-1.9608,-2.01922,0.792981,3.18705,3.93647,4.0204,-3.91942,-4.03748])
13.46190016164215
Max g: 0.0006620197969876562
f_46([0.427002,1.07686,-0.0769008,1.31993,-0.601211,-0.709343,1.0,0.883823,0.0523777,0.117518,-0.0360731,0.00548871,0.769112,1.21065,2.01708,4.07097,-1.99081,-1.6103,1.00257,0.845375,-0.34241,1.29399,0.960653,-1.74462,0.0164463,0.959506,0.0909156,-0.0668718,2.96127,2.01966,-0.79347,-3.18747,-2.96221,-1.02573,0.798889,3.18906,-1.96128,-2.01966,0.793475,3.18748,3.93748,4.02138,-3.92042,-4.03845])
13.461002940890243
Max g: 0.0006306916247268424
f_47([0.427005,1.07687,-0.0768966,1.31991,-0.601183,-0.709342,1.0,0.883829,0.0523824,0.117503,-0.0360794,0.00549033,0.769117,1.21068,2.0171,4.07095,-1.9908,-1.61029,1.00245,0.845312,-0.342409,1.29392,0.960693,-1.74465,0.0164453,0.95951,0.0909125,-0.0668665,2.96174,2.02011,-0.793952,-3.1879,-2.96263,-1.0259,0.799118,3.18942,-1.96175,-2.02011,0.793959,3.18791,3.93846,4.02232,-3.92138,-4.03943])
13.460305102527647
Max g: 0.0006032930994930297
f_48([0.427011,1.07687,-0.0769071,1.31992,-0.601202,-0.709326,1.0,0.88383,0.0523945,0.117501,-0.0360991,0.00549114,0.769118,1.21067,2.01709,4.07095,-1.99082,-1.61029,1.00234,0.845257,-0.342408,1.29383,0.96074,-1.74468,0.0164564,0.959504,0.0909132,-0.0668742,2.9622,2.02054,-0.794416,-3.18833,-2.96304,-1.02605,0.799342,3.18977,-1.9622,-2.02054,0.794418,3.18833,3.93939,4.02324,-3.92231,-4.04035])
13.45990633774902
Max g: 0.0005763304524522006
f_49([0.427015,1.07686,-0.0768948,1.31992,-0.601195,-0.709335,1.0,0.883847,0.0523914,0.117492,-0.0361114,0.00549224,0.769128,1.21066,2.01711,4.07094,-1.99084,-1.61027,1.00223,0.845202,-0.342409,1.29376,0.960793,-1.74472,0.0164681,0.959492,0.0909121,-0.0668706,2.96264,2.02097,-0.794884,-3.18874,-2.96344,-1.02622,0.799573,3.1901,-1.96264,-2.02097,0.794882,3.18874,3.94032,4.02415,-3.92322,-4.04127])
13.459806646554364
Max g: 0.0005467264347783773
f_50([0.427016,1.07686,-0.0768768,1.31989,-0.60119,-0.709354,1.0,0.883855,0.0523938,0.117483,-0.0361195,0.00549213,0.76913,1.21067,2.01711,4.07091,-1.99085,-1.61029,1.00212,0.845142,-0.342411,1.2937,0.960822,-1.74474,0.01647,0.959491,0.0909111,-0.0668717,2.96307,2.02139,-0.795333,-3.18913,-2.96383,-1.02638,0.799792,3.19043,-1.96307,-2.02139,0.79533,3.18914,3.94124,4.02502,-3.92411,-4.04217])
13.45900911699711
{0.42701565243821066,1.0768593174726702,-0.0768768072488233,1.3198949352304479,-0.6011899168035241,-0.7093538179530442,1.0000000021745163,0.8838545691289101,0.05239384787378593,0.11748315725067976,-0.03611946276545211,0.005492134602066927,0.769130204684357,1.2106688716856238,2.0171066333959535,4.070912656650319,-1.9908533081593107,-1.6102904665369218,1.0021178190901678,0.8451420334293634,-0.3424110923171048,1.2936993738957552,0.9608223916065863,-1.7447407514789979,0.016469988073916055,0.959490702934225,0.09091111882018872,-0.06687166579726875,2.963069449028075,2.0213864652333995,-0.7953330415952012,-3.18913193966723,-2.9638303175747303,-1.0263847239811958,0.7997915648739258,3.1904318657523065,-1.96306726854311,-2.021387420317543,0.7953299437808721,3.189135406318242,3.9412359039351386,4.02502397424902,-3.9241096783431004,-4.042168960834181}]
Set[{A021,A031,A032,A041,A042,A043,A121,A131,A132,A141,A142,A143,B021,B031,B032,B041,B042,B043,B121,B131,B132,B141,B142,B143,\[Alpha]1,\[Alpha]2,\[Alpha]3,\[Alpha]4,\[Beta]11,\[Beta]12,\[Beta]13,\[Beta]14,\[Beta]21,\[Beta]22,\[Beta]23,\[Beta]24,\[Beta]31,\[Beta]32,\[Beta]33,\[Beta]34,\[Beta]41,\[Beta]42,\[Beta]43,\[Beta]44},{0.42701565243821066,1.0768593174726702,-0.0768768072488233,1.3198949352304479,-0.6011899168035241,-0.7093538179530442,1.0000000021745163,0.8838545691289101,0.05239384787378593,0.11748315725067976,-0.03611946276545211,0.005492134602066927,0.769130204684357,1.2106688716856238,2.0171066333959535,4.070912656650319,-1.9908533081593107,-1.6102904665369218,1.0021178190901678,0.8451420334293634,-0.3424110923171048,1.2936993738957552,0.9608223916065863,-1.7447407514789979,0.016469988073916055,0.959490702934225,0.09091111882018872,-0.06687166579726875,2.963069449028075,2.0213864652333995,-0.7953330415952012,-3.18913193966723,-2.9638303175747303,-1.0263847239811958,0.7997915648739258,3.1904318657523065,-1.96306726854311,-2.021387420317543,0.7953299437808721,3.189135406318242,3.9412359039351386,4.02502397424902,-3.9241096783431004,-4.042168960834181}]

Max g: 0.0005201662020954956
f_51([0.427009,1.07687,-0.0768695,1.31991,-0.601187,-0.709365,1.0,0.883855,0.0524025,0.117472,-0.0361248,0.00549293,0.769118,1.21067,2.01712,4.07091,-1.99086,-1.6103,1.00202,0.845092,-0.34241,1.29362,0.960856,-1.74475,0.0164566,0.9595,0.0909114,-0.0668696,2.96346,2.02177,-0.795735,-3.1895,-2.96419,-1.02653,0.799989,3.19074,-1.96346,-2.02177,0.795736,3.1895,3.94206,4.02584,-3.92492,-4.04299])
13.458809734607797
Max g: 0.0004982809987352788
f_52([0.427009,1.07687,-0.0768669,1.31992,-0.601188,-0.709365,1.0,0.883861,0.0524086,0.117469,-0.0361389,0.00549486,0.769116,1.21067,2.01711,4.07091,-1.99086,-1.6103,1.00193,0.84505,-0.34241,1.29356,0.96089,-1.74477,0.0164599,0.959499,0.0909124,-0.0668697,2.9638,2.0221,-0.796096,-3.18981,-2.9645,-1.02666,0.800165,3.191,-1.9638,-2.0221,0.796096,3.18981,3.94279,4.02656,-3.92565,-4.04371])
13.458510661023828
Max g: 0.00047595097476083037
f_53([0.427009,1.07686,-0.0768658,1.31993,-0.601192,-0.709366,1.0,0.883876,0.0524016,0.117456,-0.0361413,0.0054953,0.769117,1.21065,2.01712,4.07091,-1.99087,-1.61028,1.00185,0.845007,-0.342409,1.2935,0.960926,-1.74479,0.0164576,0.959498,0.0909125,-0.0668694,2.96414,2.02243,-0.796448,-3.19013,-2.96481,-1.02678,0.800339,3.19126,-1.96414,-2.02243,0.796446,3.19013,3.9435,4.02726,-3.92636,-4.04442])
13.458012205050546
Max g: 0.00045558352540397973
f_54([0.427009,1.07685,-0.0768628,1.31992,-0.601191,-0.709361,1.0,0.883887,0.052401,0.117449,-0.0361499,0.00549629,0.769125,1.21066,2.01712,4.07091,-1.99087,-1.61027,1.00176,0.844966,-0.342408,1.29343,0.960954,-1.7448,0.0164634,0.959498,0.0909113,-0.0668729,2.96447,2.02274,-0.796783,-3.19043,-2.96511,-1.02691,0.800505,3.19151,-1.96446,-2.02274,0.796781,3.19042,3.94417,4.02793,-3.92703,-4.04509])
13.457613440271919
Max g: 0.00043292410790163327
f_55([0.427009,1.07686,-0.0768586,1.31992,-0.601198,-0.709352,1.0,0.883896,0.0524008,0.117447,-0.0361605,0.00549675,0.769125,1.21065,2.01712,4.07093,-1.99087,-1.61028,1.00168,0.844927,-0.342408,1.29337,0.960983,-1.74481,0.016463,0.959498,0.0909115,-0.066872,2.96478,2.02304,-0.797107,-3.19072,-2.9654,-1.02702,0.800661,3.19177,-1.96479,-2.02304,0.797111,3.19073,3.94483,4.02858,-3.92768,-4.04574])
13.45731436668795
Max g: 0.0004131590096868587
f_56([0.427013,1.07684,-0.0768559,1.31992,-0.601204,-0.709349,1.0,0.883901,0.0524107,0.117436,-0.0361667,0.00549572,0.76913,1.21065,2.01712,4.07094,-1.9909,-1.61028,1.0016,0.844893,-0.34241,1.29331,0.961024,-1.74483,0.0164677,0.959494,0.0909111,-0.0668738,2.9651,2.02334,-0.797436,-3.19101,-2.96569,-1.02713,0.800827,3.192,-1.9651,-2.02334,0.797435,3.19101,3.94549,4.02923,-3.92833,-4.04641])
13.456815910714667
Max g: 0.00039333486790693595
f_57([0.427012,1.07685,-0.0768525,1.31992,-0.601196,-0.709354,1.0,0.883906,0.0524137,0.117422,-0.0361643,0.00549457,0.769128,1.21066,2.01711,4.07094,-1.9909,-1.61029,1.00153,0.844854,-0.342408,1.29325,0.961049,-1.74484,0.016467,0.959492,0.0909114,-0.0668706,2.96541,2.02363,-0.797751,-3.19129,-2.96597,-1.02724,0.800977,3.19224,-1.96541,-2.02363,0.797752,3.19129,3.94613,4.02985,-3.92896,-4.04703])
13.45641714593604
Max g: 0.0003757667938945053
f_58([0.42701,1.07685,-0.0768491,1.31993,-0.601195,-0.70935,1.0,0.883924,0.0524021,0.117406,-0.03616,0.00549432,0.769122,1.21065,2.01711,4.07094,-1.99089,-1.61028,1.00145,0.844815,-0.342407,1.2932,0.961074,-1.74485,0.0164605,0.959496,0.0909127,-0.0668712,2.96569,2.02391,-0.798046,-3.19156,-2.96622,-1.02735,0.801115,3.19246,-1.9657,-2.02391,0.79805,3.19157,3.94674,4.03045,-3.92957,-4.04764])
13.455719307573444
Max g: 0.0003592772549367851
f_59([0.42701,1.07685,-0.0768663,1.31992,-0.601187,-0.709353,1.0,0.883932,0.0524025,0.117394,-0.0361587,0.00549294,0.769122,1.21065,2.01712,4.07094,-1.99089,-1.61027,1.00138,0.84478,-0.342407,1.29314,0.961097,-1.74485,0.0164615,0.959499,0.0909125,-0.0668731,2.96598,2.02419,-0.798346,-3.19183,-2.96649,-1.02746,0.801268,3.19268,-1.96598,-2.02419,0.798347,3.19183,3.94734,4.03105,-3.93017,-4.04823])
13.455619616378788
Max g: 0.00033980306443837094
f_60([0.427012,1.07686,-0.0768581,1.31993,-0.601179,-0.709344,1.0,0.883933,0.0524089,0.117384,-0.0361594,0.00549234,0.76912,1.21063,2.01712,4.07093,-1.99089,-1.61028,1.00131,0.844745,-0.342407,1.29309,0.961119,-1.74486,0.0164634,0.959496,0.0909132,-0.0668716,2.96626,2.02446,-0.798636,-3.19209,-2.96675,-1.02756,0.801408,3.1929,-1.96626,-2.02446,0.798638,3.19209,3.94792,4.03163,-3.93075,-4.04882])
13.455220851600162
{0.4270120658213134,1.0768560763486494,-0.07685812079387828,1.3199262216460816,-0.6011785524173247,-0.7093440667536086,0.9999999999999991,0.8839331501940506,0.05240887616489147,0.1173841273976513,-0.036159441553957415,0.005492343866618184,0.7691204521699416,1.2106328044700805,2.0171234587689475,4.070933408278781,-1.990892850795158,-1.6102758039820277,1.0013117657787598,0.8447448329482413,-0.34240676871026066,1.2930869129665326,0.9611194058937909,-1.7448579740833088,0.01646344886872483,0.9594958902135305,0.09091324355207232,-0.06687158314643508,2.966260186317818,2.024459170686161,-0.7986358979194157,-3.192089761297192,-2.966745121415851,-1.0275627230781998,0.8014077393283601,3.192904002424842,-1.9662636564351117,-2.0244616931781105,0.7986383286587938,3.1920930626192883,3.9479246400228045,4.031628712772176,-3.9307504349505296,-4.048816434749583}]
Set[{A021,A031,A032,A041,A042,A043,A121,A131,A132,A141,A142,A143,B021,B031,B032,B041,B042,B043,B121,B131,B132,B141,B142,B143,\[Alpha]1,\[Alpha]2,\[Alpha]3,\[Alpha]4,\[Beta]11,\[Beta]12,\[Beta]13,\[Beta]14,\[Beta]21,\[Beta]22,\[Beta]23,\[Beta]24,\[Beta]31,\[Beta]32,\[Beta]33,\[Beta]34,\[Beta]41,\[Beta]42,\[Beta]43,\[Beta]44},{0.4270120658213134,1.0768560763486494,-0.07685812079387828,1.3199262216460816,-0.6011785524173247,-0.7093440667536086,0.9999999999999991,0.8839331501940506,0.05240887616489147,0.1173841273976513,-0.036159441553957415,0.005492343866618184,0.7691204521699416,1.2106328044700805,2.0171234587689475,4.070933408278781,-1.990892850795158,-1.6102758039820277,1.0013117657787598,0.8447448329482413,-0.34240676871026066,1.2930869129665326,0.9611194058937909,-1.7448579740833088,0.01646344886872483,0.9594958902135305,0.09091324355207232,-0.06687158314643508,2.966260186317818,2.024459170686161,-0.7986358979194157,-3.192089761297192,-2.966745121415851,-1.0275627230781998,0.8014077393283601,3.192904002424842,-1.9662636564351117,-2.0244616931781105,0.7986383286587938,3.1920930626192883,3.9479246400228045,4.031628712772176,-3.9307504349505296,-4.048816434749583}]

Max g: 0.00032312496223907416
f_61([0.427009,1.07686,-0.0768652,1.31992,-0.601173,-0.709341,1.0,0.883933,0.0524166,0.117376,-0.0361619,0.00549148,0.769116,1.21064,2.01712,4.07093,-1.99089,-1.61028,1.00124,0.844711,-0.342406,1.29303,0.961143,-1.74487,0.0164589,0.959502,0.0909133,-0.0668745,2.96654,2.02472,-0.798918,-3.19235,-2.96699,-1.02766,0.801544,3.19311,-1.96653,-2.02472,0.798913,3.19234,3.9485,4.03218,-3.93131,-4.04938])
13.455220851600162
Max g: 0.00030467574990256097
f_62([0.427012,1.07683,-0.0768606,1.31994,-0.601174,-0.709346,1.0,0.883934,0.0524221,0.117364,-0.03616,0.00548978,0.769115,1.21065,2.01709,4.07094,-1.99088,-1.6103,1.00116,0.844661,-0.342406,1.29299,0.961163,-1.74488,0.0164543,0.959502,0.0909143,-0.0668733,2.96687,2.02506,-0.799275,-3.19266,-2.96728,-1.02779,0.801712,3.19336,-1.96687,-2.02506,0.799272,3.19265,3.94923,4.03289,-3.93202,-4.0501])
13.454722395626879
Max g: 0.000287717100261653
f_63([0.427009,1.07681,-0.0768704,1.31992,-0.601178,-0.709337,1.0,0.883941,0.0524279,0.117353,-0.0361709,0.00549095,0.769108,1.21066,2.01711,4.07096,-1.99089,-1.61029,1.00105,0.844606,-0.342407,1.29292,0.961219,-1.74493,0.0164438,0.959513,0.0909139,-0.0668735,2.96731,2.02549,-0.799745,-3.19306,-2.9677,-1.02797,0.801958,3.19371,-1.96731,-2.02549,0.799747,3.19306,3.95015,4.0338,-3.93295,-4.05102])
13.453426410096345
Max g: 0.0002571525132006869
f_64([0.427011,1.0768,-0.0768554,1.31993,-0.601178,-0.709342,1.0,0.883952,0.0524298,0.117334,-0.0361671,0.00548609,0.769104,1.21067,2.0171,4.07095,-1.99091,-1.6103,1.00094,0.844553,-0.342405,1.29284,0.961272,-1.74496,0.0164458,0.959514,0.0909139,-0.0668732,2.96775,2.0259,-0.800187,-3.19346,-2.9681,-1.02812,0.802173,3.19405,-1.96776,-2.02591,0.800194,3.19348,3.95106,4.0347,-3.93385,-4.05192])
13.45382517487497
Max g: 0.00022853447590009957
f_65([0.427006,1.07679,-0.076845,1.31992,-0.601194,-0.709355,1.0,0.883961,0.0524356,0.117311,-0.0361646,0.00548663,0.769103,1.21067,2.01711,4.07096,-1.99089,-1.6103,1.00083,0.844504,-0.342404,1.29275,0.961318,-1.74498,0.0164409,0.959521,0.0909128,-0.0668737,2.96818,2.0263,-0.800624,-3.19386,-2.96849,-1.02827,0.802379,3.19438,-1.96819,-2.02631,0.800633,3.19387,3.95195,4.03558,-3.93473,-4.0528])
13.453326718901687
Max g: 0.00020509397545742658
f_66([0.427005,1.07678,-0.076854,1.31991,-0.601182,-0.709339,1.0,0.883968,0.0524496,0.117295,-0.0361689,0.00548488,0.769098,1.21065,2.0171,4.07096,-1.99091,-1.6103,1.00072,0.844458,-0.342406,1.29266,0.961365,-1.74499,0.0164424,0.959515,0.0909154,-0.0668759,2.96859,2.0267,-0.801063,-3.19423,-2.96886,-1.02842,0.802591,3.19469,-1.9686,-2.0267,0.801062,3.19425,3.95281,4.03646,-3.9356,-4.05367])
13.452529189344435
Max g: 0.00017915105720900382
f_67([0.427005,1.07678,-0.0768516,1.31991,-0.601195,-0.709341,1.0,0.883982,0.0524508,0.117283,-0.036172,0.00548309,0.769093,1.21065,2.01711,4.07096,-1.99091,-1.6103,1.00064,0.844417,-0.342407,1.2926,0.961396,-1.745,0.0164382,0.959522,0.0909155,-0.0668764,2.96895,2.02704,-0.801426,-3.19457,-2.96918,-1.02855,0.802773,3.19495,-1.96895,-2.02704,0.80143,3.19457,3.95353,4.03717,-3.9363,-4.0544])
13.452429498149778
Max g: 0.00015677298038774268
f_68([0.427002,1.07677,-0.0768543,1.31989,-0.6012,-0.70935,1.0,0.883982,0.0524599,0.11727,-0.0361715,0.00548268,0.769093,1.21065,2.01712,4.07096,-1.99091,-1.61032,1.00056,0.844375,-0.342407,1.29254,0.961425,-1.74502,0.0164377,0.959518,0.0909154,-0.0668727,2.96927,2.02736,-0.801761,-3.19487,-2.96946,-1.02866,0.802932,3.1952,-1.96927,-2.02736,0.80176,3.19487,3.95421,4.03784,-3.93698,-4.05508])
13.452130424565809
Max g: 0.00013762905250669366
f_69([0.427007,1.07676,-0.076861,1.31989,-0.601195,-0.709331,1.0,0.883973,0.0524732,0.117264,-0.0361758,0.00548181,0.769094,1.21065,2.01713,4.07095,-1.99092,-1.61031,1.00047,0.844332,-0.342406,1.29248,0.961449,-1.74503,0.0164374,0.959519,0.0909143,-0.0668723,2.96959,2.02767,-0.802093,-3.19517,-2.96976,-1.02879,0.803096,3.19545,-1.96958,-2.02767,0.802089,3.19516,3.95489,4.0385,-3.93765,-4.05575])
13.451931042176495
Max g: 0.00011670001806252106
f_70([0.427005,1.07677,-0.0768658,1.3199,-0.601197,-0.709334,1.0,0.883978,0.0524781,0.117254,-0.0361777,0.00548003,0.769091,1.21065,2.01714,4.07094,-1.99092,-1.6103,1.0004,0.844293,-0.342405,1.29243,0.961481,-1.74505,0.016431,0.959525,0.0909135,-0.0668684,2.9699,2.02797,-0.802419,-3.19545,-2.97004,-1.02891,0.803255,3.1957,-1.9699,-2.02797,0.802419,3.19546,3.95555,4.03915,-3.9383,-4.0564])
13.451731659787182
{0.42700532572557404,1.0767683260528358,-0.07686583463687223,1.3199020759087363,-0.6011973629521701,-0.709333515747805,0.9999999999999997,0.883977834857167,0.052478128186119834,0.11725379629007346,-0.036177712441610645,0.005480027496488512,0.7690908696798042,1.2106532067200313,2.017138698094691,4.070936913048349,-1.9909185128323623,-1.610298362202338,1.0003965752752872,0.8442927924177572,-0.3424051194353818,1.2924271095968873,0.9614811303018992,-1.7450483094348561,0.016431032676690854,0.9595246641670365,0.09091345437330191,-0.06686843552423129,2.9698977986894324,2.0279724167884363,-0.8024192128717083,-3.1954537518146466,-2.9700447978794946,-1.0289070876737954,0.80325473854531,3.1956958092607253,-1.9699022132683466,-2.0279728050064385,0.8024190050224309,3.195456978041696,3.955548482017973,4.039150316652176,-3.9383001392184163,-4.056402468132245}]
Set[{A021,A031,A032,A041,A042,A043,A121,A131,A132,A141,A142,A143,B021,B031,B032,B041,B042,B043,B121,B131,B132,B141,B142,B143,\[Alpha]1,\[Alpha]2,\[Alpha]3,\[Alpha]4,\[Beta]11,\[Beta]12,\[Beta]13,\[Beta]14,\[Beta]21,\[Beta]22,\[Beta]23,\[Beta]24,\[Beta]31,\[Beta]32,\[Beta]33,\[Beta]34,\[Beta]41,\[Beta]42,\[Beta]43,\[Beta]44},{0.42700532572557404,1.0767683260528358,-0.07686583463687223,1.3199020759087363,-0.6011973629521701,-0.709333515747805,0.9999999999999997,0.883977834857167,0.052478128186119834,0.11725379629007346,-0.036177712441610645,0.005480027496488512,0.7690908696798042,1.2106532067200313,2.017138698094691,4.070936913048349,-1.9909185128323623,-1.610298362202338,1.0003965752752872,0.8442927924177572,-0.3424051194353818,1.2924271095968873,0.9614811303018992,-1.7450483094348561,0.016431032676690854,0.9595246641670365,0.09091345437330191,-0.06686843552423129,2.9698977986894324,2.0279724167884363,-0.8024192128717083,-3.1954537518146466,-2.9700447978794946,-1.0289070876737954,0.80325473854531,3.1956958092607253,-1.9699022132683466,-2.0279728050064385,0.8024190050224309,3.195456978041696,3.955548482017973,4.039150316652176,-3.9383001392184163,-4.056402468132245}]

Max g: 9.795330841799732e-5
f_71([0.427001,1.07677,-0.0768637,1.3199,-0.601193,-0.709326,1.0,0.883988,0.052481,0.117241,-0.0361803,0.00547938,0.769081,1.21066,2.01714,4.07093,-1.99091,-1.61029,1.00032,0.844257,-0.342407,1.29236,0.961512,-1.74506,0.0164243,0.959533,0.090914,-0.0668719,2.97021,2.02826,-0.80274,-3.19573,-2.97033,-1.02902,0.803415,3.19593,-1.97021,-2.02827,0.802741,3.19574,3.9562,4.03979,-3.93894,-4.05706])
13.451133512619244
Max g: 7.874841204247307e-5
f_72([0.427,1.07677,-0.0768572,1.3199,-0.601204,-0.709322,1.0,0.883982,0.0524999,0.117233,-0.0361862,0.00547914,0.769078,1.21065,2.01713,4.07093,-1.99092,-1.61029,1.00024,0.84422,-0.342409,1.29231,0.961539,-1.74508,0.0164229,0.959531,0.0909158,-0.0668706,2.97051,2.02855,-0.80305,-3.19601,-2.9706,-1.02913,0.803566,3.19617,-1.97051,-2.02855,0.80305,3.19602,3.95683,4.0404,-3.93954,-4.05769])
13.451033821424586
Max g: 6.059153131976469e-5
f_73([0.427,1.07677,-0.0768527,1.3199,-0.601204,-0.709308,1.0,0.883985,0.0525051,0.117221,-0.0361879,0.00547818,0.769078,1.21065,2.01714,4.07093,-1.99092,-1.6103,1.00017,0.844185,-0.342409,1.29226,0.961569,-1.74509,0.0164211,0.959535,0.090915,-0.0668706,2.9708,2.02883,-0.80335,-3.19627,-2.97086,-1.02923,0.803713,3.19638,-1.9708,-2.02883,0.80335,3.19628,3.95743,4.04099,-3.94014,-4.05829])
13.45093413022993
Max g: 4.2038555502554864e-5
f_74([0.426999,1.07678,-0.0768519,1.31991,-0.601199,-0.709304,1.0,0.883993,0.0525048,0.117206,-0.036183,0.00547721,0.769076,1.21065,2.01715,4.07092,-1.99093,-1.61031,1.0001,0.84415,-0.342408,1.29221,0.961596,-1.7451,0.0164218,0.959536,0.0909145,-0.0668709,2.97108,2.0291,-0.80364,-3.19654,-2.97112,-1.02933,0.803853,3.1966,-1.97109,-2.0291,0.803641,3.19655,3.95803,4.04158,-3.94073,-4.05888])
13.450635056645961
Max g: 2.629849536517348e-5
f_75([0.426998,1.07678,-0.0768505,1.31991,-0.601202,-0.70929,1.0,0.883992,0.0525133,0.117202,-0.0361906,0.00547638,0.769072,1.21064,2.01716,4.07092,-1.99093,-1.61031,1.00003,0.844116,-0.342408,1.29215,0.961613,-1.7451,0.0164154,0.959543,0.0909144,-0.0668732,2.97135,2.02936,-0.803924,-3.19679,-2.97137,-1.02943,0.803993,3.19681,-1.97136,-2.02936,0.803924,3.1968,3.9586,4.04214,-3.94129,-4.05944])
13.450435674256648
Max g: 9.086397149693504e-6
f_76([0.426999,1.07678,-0.0768488,1.31991,-0.6012,-0.709282,1.0,0.883999,0.0525148,0.117186,-0.0361858,0.00547526,0.769072,1.21065,2.01716,4.07091,-1.99093,-1.6103,0.999967,0.844084,-0.342409,1.29211,0.96164,-1.74512,0.0164187,0.95954,0.0909141,-0.0668723,2.97162,2.02961,-0.804194,-3.19703,-2.9716,-1.02953,0.804123,3.197,-1.97162,-2.02961,0.804193,3.19704,3.95915,4.04267,-3.94183,-4.05998])
13.45003690947802
Max g: 1.5357736726062665e-5
f_77([0.426999,1.07679,-0.0768404,1.31991,-0.601204,-0.709287,1.0,0.88401,0.0525126,0.117178,-0.0361899,0.00547523,0.769076,1.21064,2.01715,4.07091,-1.99092,-1.61031,0.999903,0.844052,-0.342408,1.29206,0.961664,-1.74513,0.0164235,0.959534,0.090915,-0.0668731,2.97187,2.02985,-0.804457,-3.19726,-2.97184,-1.02962,0.804252,3.19721,-1.97188,-2.02985,0.804455,3.19727,3.95968,4.04319,-3.94235,-4.06052])
13.449837527088707
Max g: 4.2832824220850885e-5
f_78([0.426997,1.07679,-0.0768299,1.31991,-0.601204,-0.709289,1.0,0.884016,0.0525148,0.117168,-0.0361896,0.00547392,0.769072,1.21064,2.01714,4.0709,-1.99092,-1.61031,0.999842,0.844022,-0.342409,1.29202,0.961687,-1.74514,0.0164197,0.959536,0.0909157,-0.0668724,2.97212,2.03009,-0.804711,-3.19749,-2.97206,-1.02971,0.804377,3.19739,-1.97212,-2.03009,0.804711,3.1975,3.96019,4.04369,-3.94285,-4.06102])
13.449837527088707
Max g: 6.962192930687339e-5
f_79([0.426995,1.07679,-0.076829,1.3199,-0.601202,-0.709286,1.0,0.884026,0.0525129,0.117159,-0.0361887,0.0054727,0.769071,1.21065,2.01714,4.0709,-1.99093,-1.61031,0.999784,0.843995,-0.342409,1.29196,0.961709,-1.74515,0.0164204,0.959539,0.0909154,-0.0668736,2.97235,2.0303,-0.804945,-3.19771,-2.97227,-1.02979,0.804491,3.19757,-1.97235,-2.0303,0.804943,3.19771,3.96067,4.04417,-3.94333,-4.06151])
13.449737835894052
Max g: 9.64556153590368e-5
f_80([0.426993,1.07679,-0.0768221,1.3199,-0.601205,-0.709287,0.999944,0.884009,0.0524952,0.117142,-0.0361986,0.00547582,0.769071,1.21065,2.01703,4.07086,-1.99092,-1.6103,0.999776,0.84399,-0.342408,1.29196,0.961713,-1.74515,0.0164351,0.959525,0.0909221,-0.0668825,2.97237,2.03033,-0.804964,-3.19773,-2.9723,-1.02979,0.804526,3.19757,-1.97238,-2.03033,0.804968,3.19774,3.96073,4.04423,-3.94339,-4.06156])
13.44834215916886
{0.42699311712720356,1.076787277079664,-0.07682212645330973,1.3199010048097477,-0.6012051867726504,-0.7092866605251157,0.9999443468921385,0.8840092325808151,0.052495203901096466,0.11714221513906903,-0.03619864345129831,0.005475817356017875,0.7690711212952914,1.2106542558515154,2.0170299179339053,4.070862982315546,-1.9909167432577612,-1.6102963519025102,0.9997757708283878,0.8439903390246187,-0.3424082428338682,1.2919611525987804,0.9617129592162883,-1.7451509907682043,0.016435077979634685,0.9595252402954616,0.0909221229082914,-0.06688247041836068,2.97236800503346,2.0303299905847316,-0.8049639264238586,-3.1977331330715666,-2.972300892904016,-1.0297942208988744,0.8045257300365402,3.197569572204923,-1.9723761828391952,-2.030334686029993,0.8049680101503844,3.197741510912763,3.9607306008294345,4.04422698919885,-3.9433925981242908,-4.0615628406265}]
Set[{A021,A031,A032,A041,A042,A043,A121,A131,A132,A141,A142,A143,B021,B031,B032,B041,B042,B043,B121,B131,B132,B141,B142,B143,\[Alpha]1,\[Alpha]2,\[Alpha]3,\[Alpha]4,\[Beta]11,\[Beta]12,\[Beta]13,\[Beta]14,\[Beta]21,\[Beta]22,\[Beta]23,\[Beta]24,\[Beta]31,\[Beta]32,\[Beta]33,\[Beta]34,\[Beta]41,\[Beta]42,\[Beta]43,\[Beta]44},{0.42699311712720356,1.076787277079664,-0.07682212645330973,1.3199010048097477,-0.6012051867726504,-0.7092866605251157,0.9999443468921385,0.8840092325808151,0.052495203901096466,0.11714221513906903,-0.03619864345129831,0.005475817356017875,0.7690711212952914,1.2106542558515154,2.0170299179339053,4.070862982315546,-1.9909167432577612,-1.6102963519025102,0.9997757708283878,0.8439903390246187,-0.3424082428338682,1.2919611525987804,0.9617129592162883,-1.7451509907682043,0.016435077979634685,0.9595252402954616,0.0909221229082914,-0.06688247041836068,2.97236800503346,2.0303299905847316,-0.8049639264238586,-3.1977331330715666,-2.972300892904016,-1.0297942208988744,0.8045257300365402,3.197569572204923,-1.9723761828391952,-2.030334686029993,0.8049680101503844,3.197741510912763,3.9607306008294345,4.04422698919885,-3.9433925981242908,-4.0615628406265}]

Max g: 9.075420508014576e-5
f_81([0.426993,1.07679,-0.0768266,1.31991,-0.601204,-0.709284,0.999787,0.883961,0.0524454,0.117105,-0.0362306,0.00548597,0.769068,1.21065,2.01703,4.07087,-1.99092,-1.61031,0.999774,0.843991,-0.34241,1.29196,0.961715,-1.74515,0.016433,0.959524,0.0909229,-0.0668806,2.97235,2.03033,-0.80492,-3.19777,-2.97231,-1.02978,0.804602,3.19749,-1.97236,-2.03033,0.804923,3.19777,3.96072,4.04422,-3.94337,-4.06156])
13.448840615142142
Max g: 5.6894970116516674e-5
f_82([0.426993,1.07679,-0.0768227,1.3199,-0.601205,-0.709283,0.999607,0.883904,0.0523902,0.117059,-0.0362649,0.0054989,0.76907,1.21065,2.01703,4.07087,-1.99092,-1.61031,0.999775,0.843995,-0.342412,1.29196,0.961716,-1.74515,0.0164355,0.959524,0.0909225,-0.0668823,2.97237,2.03034,-0.804868,-3.19785,-2.97226,-1.02973,0.804685,3.1973,-1.97237,-2.03035,0.804869,3.19785,3.96068,4.0442,-3.94334,-4.06154])
13.449538453504738
Max g: 1.4977122341441884e-5
f_83([0.426994,1.07679,-0.0768232,1.3199,-0.601205,-0.709283,0.99957,0.883891,0.052379,0.117049,-0.0362703,0.00550105,0.76907,1.21065,2.01703,4.07087,-1.99092,-1.61031,0.999775,0.843996,-0.342413,1.29196,0.961716,-1.74515,0.0164351,0.959524,0.0909225,-0.0668818,2.97238,2.03035,-0.804862,-3.19788,-2.97222,-1.02971,0.804689,3.19724,-1.97238,-2.03035,0.804862,3.19788,3.96067,4.04419,-3.94333,-4.06153])
13.449837527088707
Max g: 8.090928873549785e-6
f_84([0.426993,1.07679,-0.0768229,1.3199,-0.601206,-0.709283,0.99955,0.883886,0.0523723,0.117045,-0.0362747,0.00550255,0.769071,1.21065,2.01703,4.07087,-1.99092,-1.61031,0.999775,0.843996,-0.342413,1.29196,0.961716,-1.74515,0.0164356,0.959524,0.0909224,-0.0668818,2.9724,2.03036,-0.804861,-3.1979,-2.97219,-1.02968,0.804684,3.19719,-1.9724,-2.03036,0.804861,3.1979,3.96067,4.04419,-3.94333,-4.06153])
13.449837527088707
Max g: 1.3910550169526914e-6
f_85([0.426994,1.07679,-0.076823,1.3199,-0.601205,-0.709282,0.999543,0.883884,0.0523697,0.117043,-0.0362761,0.00550303,0.769071,1.21065,2.01703,4.07087,-1.99092,-1.61031,0.999775,0.843997,-0.342414,1.29196,0.961716,-1.74515,0.0164356,0.959524,0.0909224,-0.0668821,2.9724,2.03036,-0.804861,-3.19791,-2.97218,-1.02968,0.804682,3.19717,-1.9724,-2.03036,0.80486,3.19791,3.96066,4.04419,-3.94332,-4.06153])
13.449737835894052
Max g: 1.5390327889885924e-6
f_86([0.426994,1.07679,-0.0768229,1.3199,-0.601206,-0.709283,0.999547,0.883885,0.0523709,0.117044,-0.0362753,0.00550279,0.769071,1.21065,2.01703,4.07087,-1.99092,-1.61031,0.999775,0.843997,-0.342413,1.29196,0.961716,-1.74515,0.0164357,0.959524,0.0909224,-0.0668821,2.9724,2.03036,-0.804862,-3.1979,-2.97218,-1.02968,0.804681,3.19717,-1.9724,-2.03036,0.804862,3.1979,3.96067,4.04419,-3.94333,-4.06153])
13.449837527088707
Max g: 9.737365538331488e-7
f_87([0.426994,1.07679,-0.0768229,1.3199,-0.601206,-0.709283,0.999549,0.883886,0.0523716,0.117044,-0.0362749,0.00550264,0.769071,1.21065,2.01703,4.07087,-1.99092,-1.61031,0.999775,0.843996,-0.342413,1.29196,0.961716,-1.74515,0.0164357,0.959524,0.0909224,-0.0668821,2.9724,2.03036,-0.804862,-3.1979,-2.97218,-1.02968,0.804681,3.19718,-1.9724,-2.03036,0.804862,3.1979,3.96067,4.04419,-3.94333,-4.06153])
13.449837527088707
Max g: 4.4121295994514753e-7
f_88([0.426994,1.07679,-0.0768229,1.3199,-0.601206,-0.709283,0.99955,0.883886,0.0523719,0.117044,-0.0362747,0.00550258,0.769071,1.21065,2.01703,4.07087,-1.99092,-1.61031,0.999775,0.843996,-0.342413,1.29196,0.961716,-1.74515,0.0164357,0.959524,0.0909224,-0.0668821,2.9724,2.03036,-0.804862,-3.1979,-2.97218,-1.02968,0.804681,3.19718,-1.9724,-2.03036,0.804862,3.1979,3.96067,4.04419,-3.94333,-4.06153])
13.449837527088707
Max g: 1.6770922717235237e-7
f_89([0.426994,1.07679,-0.0768229,1.3199,-0.601206,-0.709283,0.999551,0.883886,0.052372,0.117044,-0.0362746,0.00550255,0.769071,1.21065,2.01703,4.07087,-1.99092,-1.61031,0.999775,0.843996,-0.342413,1.29196,0.961716,-1.74515,0.0164357,0.959524,0.0909224,-0.0668821,2.9724,2.03036,-0.804862,-3.1979,-2.97218,-1.02968,0.804681,3.19718,-1.9724,-2.03036,0.804862,3.1979,3.96067,4.04419,-3.94333,-4.06153])
13.449837527088707
Max g: 7.392157425067936e-8
f_90([0.426994,1.07679,-0.0768229,1.3199,-0.601206,-0.709283,0.999551,0.883887,0.0523721,0.117045,-0.0362746,0.00550254,0.769071,1.21065,2.01703,4.07087,-1.99092,-1.61031,0.999775,0.843996,-0.342413,1.29196,0.961716,-1.74515,0.0164357,0.959524,0.0909224,-0.0668821,2.9724,2.03036,-0.804862,-3.1979,-2.97218,-1.02968,0.804681,3.19718,-1.9724,-2.03036,0.804862,3.1979,3.96067,4.04419,-3.94333,-4.06153])
13.449837527088707
{0.4269935854089277,1.0767872003504568,-0.07682290293476446,1.3199039869139668,-0.6012055917552532,-0.7092825980052254,0.9995508047720216,0.8838865588255804,0.052372086503620796,0.11704452924848589,-0.036274611810609265,0.005502537875442135,0.7690706153646817,1.2106491111244089,2.0170304895553053,4.070867166822126,-1.99092038783853,-1.6103127754170328,0.9997751671478027,0.8439964321698722,-0.3424134050967453,1.2919578938775078,0.9617159031936698,-1.7451525727318389,0.016435718329340775,0.9595239779623842,0.09092240894186746,-0.06688210089920757,2.972400537374395,2.030361817462934,-0.804862061052652,-3.1979002935406275,-2.9721821135935764,-1.0296805737505266,0.8046807819064136,3.197181907551802,-1.972400541985832,-2.03036182023074,0.8048620723180643,3.1979002864803694,3.960666932294336,4.044188609822568,-3.9433269365723556,-4.06152860191616}]
Set[{A021,A031,A032,A041,A042,A043,A121,A131,A132,A141,A142,A143,B021,B031,B032,B041,B042,B043,B121,B131,B132,B141,B142,B143,\[Alpha]1,\[Alpha]2,\[Alpha]3,\[Alpha]4,\[Beta]11,\[Beta]12,\[Beta]13,\[Beta]14,\[Beta]21,\[Beta]22,\[Beta]23,\[Beta]24,\[Beta]31,\[Beta]32,\[Beta]33,\[Beta]34,\[Beta]41,\[Beta]42,\[Beta]43,\[Beta]44},{0.4269935854089277,1.0767872003504568,-0.07682290293476446,1.3199039869139668,-0.6012055917552532,-0.7092825980052254,0.9995508047720216,0.8838865588255804,0.052372086503620796,0.11704452924848589,-0.036274611810609265,0.005502537875442135,0.7690706153646817,1.2106491111244089,2.0170304895553053,4.070867166822126,-1.99092038783853,-1.6103127754170328,0.9997751671478027,0.8439964321698722,-0.3424134050967453,1.2919578938775078,0.9617159031936698,-1.7451525727318389,0.016435718329340775,0.9595239779623842,0.09092240894186746,-0.06688210089920757,2.972400537374395,2.030361817462934,-0.804862061052652,-3.1979002935406275,-2.9721821135935764,-1.0296805737505266,0.8046807819064136,3.197181907551802,-1.972400541985832,-2.03036182023074,0.8048620723180643,3.1979002864803694,3.960666932294336,4.044188609822568,-3.9433269365723556,-4.06152860191616}]

Max g: 1.1015465495312071e-7
f_91([0.426994,1.07679,-0.0768229,1.3199,-0.601206,-0.709283,0.999551,0.883887,0.0523721,0.117045,-0.0362746,0.00550253,0.769071,1.21065,2.01703,4.07087,-1.99092,-1.61031,0.999775,0.843996,-0.342413,1.29196,0.961716,-1.74515,0.0164357,0.959524,0.0909224,-0.0668821,2.9724,2.03036,-0.804862,-3.1979,-2.97218,-1.02968,0.804681,3.19718,-1.9724,-2.03036,0.804862,3.1979,3.96067,4.04419,-3.94333,-4.06153])
13.449837527088707
Max g: 1.252545199781352e-7
f_92([0.426994,1.07679,-0.0768229,1.3199,-0.601206,-0.709283,0.999551,0.883887,0.0523721,0.117045,-0.0362746,0.00550253,0.769071,1.21065,2.01703,4.07087,-1.99092,-1.61031,0.999775,0.843996,-0.342413,1.29196,0.961716,-1.74515,0.0164357,0.959524,0.0909224,-0.0668821,2.9724,2.03036,-0.804862,-3.1979,-2.97218,-1.02968,0.804681,3.19718,-1.9724,-2.03036,0.804862,3.1979,3.96067,4.04419,-3.94333,-4.06153])
13.449837527088707
Max g: 1.3145501615019484e-7
f_93([0.426994,1.07679,-0.0768229,1.3199,-0.601206,-0.709283,0.999551,0.883887,0.0523721,0.117045,-0.0362746,0.00550253,0.769071,1.21065,2.01703,4.07087,-1.99092,-1.61031,0.999775,0.843996,-0.342413,1.29196,0.961716,-1.74515,0.0164357,0.959524,0.0909224,-0.0668821,2.9724,2.03036,-0.804862,-3.1979,-2.97218,-1.02968,0.804681,3.19718,-1.9724,-2.03036,0.804862,3.1979,3.96067,4.04419,-3.94333,-4.06153])
13.449837527088707
Max g: 1.3411748256419997e-7
f_94([0.426994,1.07679,-0.0768229,1.3199,-0.601206,-0.709283,0.999551,0.883887,0.0523721,0.117045,-0.0362746,0.00550253,0.769071,1.21065,2.01703,4.07087,-1.99092,-1.61031,0.999775,0.843996,-0.342413,1.29196,0.961716,-1.74515,0.0164357,0.959524,0.0909224,-0.0668821,2.9724,2.03036,-0.804862,-3.1979,-2.97218,-1.02968,0.804681,3.19718,-1.9724,-2.03036,0.804862,3.1979,3.96067,4.04419,-3.94333,-4.06153])
13.449837527088707
Max g: 1.3544758720174244e-7
f_95([0.426994,1.07679,-0.0768229,1.3199,-0.601206,-0.709283,0.999551,0.883887,0.0523721,0.117045,-0.0362746,0.00550253,0.769071,1.21065,2.01703,4.07087,-1.99092,-1.61031,0.999775,0.843996,-0.342413,1.29196,0.961716,-1.74515,0.0164357,0.959524,0.0909224,-0.0668821,2.9724,2.03036,-0.804862,-3.1979,-2.97218,-1.02968,0.804681,3.19718,-1.9724,-2.03036,0.804862,3.1979,3.96067,4.04419,-3.94333,-4.06153])
13.449837527088707
Max g: 1.3598536718895105e-7
f_96([0.426994,1.07679,-0.0768229,1.3199,-0.601206,-0.709283,0.999551,0.883887,0.0523721,0.117045,-0.0362746,0.00550253,0.769071,1.21065,2.01703,4.07087,-1.99092,-1.61031,0.999775,0.843996,-0.342413,1.29196,0.961716,-1.74515,0.0164357,0.959524,0.0909224,-0.0668821,2.9724,2.03036,-0.804862,-3.1979,-2.97218,-1.02968,0.804681,3.19718,-1.9724,-2.03036,0.804862,3.1979,3.96067,4.04419,-3.94333,-4.06153])
13.449837527088707
Max g: 1.3623401423634718e-7
f_97([0.426994,1.07679,-0.0768229,1.3199,-0.601206,-0.709283,0.999551,0.883887,0.0523721,0.117045,-0.0362746,0.00550253,0.769071,1.21065,2.01703,4.07087,-1.99092,-1.61031,0.999775,0.843996,-0.342413,1.29196,0.961716,-1.74515,0.0164357,0.959524,0.0909224,-0.0668821,2.9724,2.03036,-0.804862,-3.1979,-2.97218,-1.02968,0.804681,3.19718,-1.9724,-2.03036,0.804862,3.1979,3.96067,4.04419,-3.94333,-4.06153])
13.449837527088707
Max g: 1.363368313245239e-7
f_98([0.426994,1.07679,-0.0768229,1.3199,-0.601206,-0.709283,0.999551,0.883887,0.0523721,0.117045,-0.0362746,0.00550253,0.769071,1.21065,2.01703,4.07087,-1.99092,-1.61031,0.999775,0.843996,-0.342413,1.29196,0.961716,-1.74515,0.0164357,0.959524,0.0909224,-0.0668821,2.9724,2.03036,-0.804862,-3.1979,-2.97218,-1.02968,0.804681,3.19718,-1.9724,-2.03036,0.804862,3.1979,3.96067,4.04419,-3.94333,-4.06153])
13.449837527088707
Max g: 1.3638472196042528e-7
f_99([0.426994,1.07679,-0.0768229,1.3199,-0.601206,-0.709283,0.999551,0.883887,0.0523721,0.117045,-0.0362746,0.00550253,0.769071,1.21065,2.01703,4.07087,-1.99092,-1.61031,0.999775,0.843996,-0.342413,1.29196,0.961716,-1.74515,0.0164357,0.959524,0.0909224,-0.0668821,2.9724,2.03036,-0.804862,-3.1979,-2.97218,-1.02968,0.804681,3.19718,-1.9724,-2.03036,0.804862,3.1979,3.96067,4.04419,-3.94333,-4.06153])
13.449837527088707
Max g: 1.364096439693263e-7
{0.42699358497892737,1.0767871981127264,-0.07682289868953884,1.3199039878861518,-0.6012055989502815,-0.7092825977546391,0.9995509558415224,0.8838866066860865,0.052372134397090375,0.11704456839224316,-0.03627458655721415,0.005502528632834051,0.7690706157021973,1.2106491143501543,2.0170304887961747,4.070867167448209,-1.990920390606049,-1.6103127743440386,0.9997751658235845,0.8439964295420899,-0.34241340327273534,1.291957890876826,0.961715901830865,-1.7451525686297156,0.016435717778839343,0.9595239786723017,0.09092240870022077,-0.06688210061389255,2.972400445751758,2.030361764926229,-0.8048620740142286,-3.1979001384445387,-2.9721823564142316,-1.0296807244956543,0.8046808090528796,3.1971822683943683,-1.9724004513516509,-2.030361768621625,0.8048620851792588,3.1979001336165815,3.9606669813391124,4.044188646547741,-3.9433269833057216,-4.061528639804283}]
Set[{A021,A031,A032,A041,A042,A043,A121,A131,A132,A141,A142,A143,B021,B031,B032,B041,B042,B043,B121,B131,B132,B141,B142,B143,\[Alpha]1,\[Alpha]2,\[Alpha]3,\[Alpha]4,\[Beta]11,\[Beta]12,\[Beta]13,\[Beta]14,\[Beta]21,\[Beta]22,\[Beta]23,\[Beta]24,\[Beta]31,\[Beta]32,\[Beta]33,\[Beta]34,\[Beta]41,\[Beta]42,\[Beta]43,\[Beta]44},{0.42699358497892737,1.0767871981127264,-0.07682289868953884,1.3199039878861518,-0.6012055989502815,-0.7092825977546391,0.9995509558415224,0.8838866066860865,0.052372134397090375,0.11704456839224316,-0.03627458655721415,0.005502528632834051,0.7690706157021973,1.2106491143501543,2.0170304887961747,4.070867167448209,-1.990920390606049,-1.6103127743440386,0.9997751658235845,0.8439964295420899,-0.34241340327273534,1.291957890876826,0.961715901830865,-1.7451525686297156,0.016435717778839343,0.9595239786723017,0.09092240870022077,-0.06688210061389255,2.972400445751758,2.030361764926229,-0.8048620740142286,-3.1979001384445387,-2.9721823564142316,-1.0296807244956543,0.8046808090528796,3.1971822683943683,-1.9724004513516509,-2.030361768621625,0.8048620851792588,3.1979001336165815,3.9606669813391124,4.044188646547741,-3.9433269833057216,-4.061528639804283}]


-----------------Final Result------------------
Options: alg=LN_AUGLAG_EQ,dx=0.01,max_eval=100000000,popSize=0
imin=-6,jmin=-3,imax=1,jmax=3,
parameter_minmax=5,
randSeed=59163377,rand_minmax=2

9985278 steps

Completed with maxf : 13.449837527088707

Constraints at 1.36419433749424e-7

x = [0.42699358497892737,1.0767871981127264,-0.07682289868953884,1.3199039878861518,-0.6012055989502815,-0.7092825977546391,0.9995509558415224,0.8838866066860865,0.052372134397090375,0.11704456839224316,-0.03627458655721415,0.005502528632834051,0.7690706157021973,1.2106491143501543,2.0170304887961747,4.070867167448209,-1.990920390606049,-1.6103127743440386,0.9997751658235845,0.8439964295420899,-0.34241340327273534,1.291957890876826,0.961715901830865,-1.7451525686297156,0.016435717778839343,0.9595239786723017,0.09092240870022077,-0.06688210061389255,2.972400445751758,2.030361764926229,-0.8048620740142286,-3.1979001384445387,-2.9721823564142316,-1.0296807244956543,0.8046808090528796,3.1971822683943683,-1.9724004513516509,-2.030361768621625,0.8048620851792588,3.1979001336165815,3.9606669813391124,4.044188646547741,-3.9433269833057216,-4.061528639804283]
c0 = [0.0,0.42699358497892737,0.9999642994231875,0.009415791181231259]
c1 = [0.0,0.9995509558415224,0.9362587410831769,0.08627251046786306]
A0 = [0.0,0.42699358497892737,1.0767871981127264,1.3199039878861518,0.0,0.0,-0.07682289868953884,-0.6012055989502815,0.0,0.0,0.0,-0.7092825977546391,0.0,0.0,0.0,0.0]
A1 = [0.0,0.9995509558415224,0.8838866066860865,0.11704456839224316,0.0,0.0,0.052372134397090375,-0.03627458655721415,0.0,0.0,0.0,0.005502528632834051,0.0,0.0,0.0,0.0]
B0 = [0.0,0.7690706157021973,1.2106491143501543,4.070867167448209,0.0,0.0,2.0170304887961747,-1.990920390606049,0.0,0.0,0.0,-1.6103127743440386,0.0,0.0,0.0,0.0]
B1 = [0.0,0.9997751658235845,0.8439964295420899,1.291957890876826,0.0,0.0,-0.34241340327273534,0.961715901830865,0.0,0.0,0.0,-1.7451525686297156,0.0,0.0,0.0,0.0]
  = [0.016435717778839343,0.9595239786723017,0.09092240870022077,-0.06688210061389255]
1 = [2.972400445751758,2.030361764926229,-0.8048620740142286,-3.1979001384445387]
2 = [-2.9721823564142316,-1.0296807244956543,0.8046808090528796,3.1971822683943683]
3 = [-1.9724004513516509,-2.030361768621625,0.8048620851792588,3.1979001336165815]
4 = [3.9606669813391124,4.044188646547741,-3.9433269833057216,-4.061528639804283]


Set[{A021,A031,A032,A041,A042,A043,A121,A131,A132,A141,A142,A143,B021,B031,B032,B041,B042,B043,B121,B131,B132,B141,B142,B143,\[Alpha]1,\[Alpha]2,\[Alpha]3,\[Alpha]4,\[Beta]11,\[Beta]12,\[Beta]13,\[Beta]14,\[Beta]21,\[Beta]22,\[Beta]23,\[Beta]24,\[Beta]31,\[Beta]32,\[Beta]33,\[Beta]34,\[Beta]41,\[Beta]42,\[Beta]43,\[Beta]44},{0.42699358497892737,1.0767871981127264,-0.07682289868953884,1.3199039878861518,-0.6012055989502815,-0.7092825977546391,0.9995509558415224,0.8838866066860865,0.052372134397090375,0.11704456839224316,-0.03627458655721415,0.005502528632834051,0.7690706157021973,1.2106491143501543,2.0170304887961747,4.070867167448209,-1.990920390606049,-1.6103127743440386,0.9997751658235845,0.8439964295420899,-0.34241340327273534,1.291957890876826,0.961715901830865,-1.7451525686297156,0.016435717778839343,0.9595239786723017,0.09092240870022077,-0.06688210061389255,2.972400445751758,2.030361764926229,-0.8048620740142286,-3.1979001384445387,-2.9721823564142316,-1.0296807244956543,0.8046808090528796,3.1971822683943683,-1.9724004513516509,-2.030361768621625,0.8048620851792588,3.1979001336165815,3.9606669813391124,4.044188646547741,-3.9433269833057216,-4.061528639804283}]



