
-----------------Setup------------------
Options: alg=LN_AUGLAG_EQ,dx=0.01,max_eval=100000000,popSize=0
imin=-1,jmin=-5,imax=1,jmax=5,
parameter_minmax=5,randSeed=67804974

f_1([0.000675192,2.26392,-2.23254,-4.18891,4.62558,0.484211,0.0276741,-1.01266,1.04034,4.63054,0.621348,-4.85795,-4.3623,-4.66583,-0.142676,-4.55005,1.53931,0.27574,0.575055,-0.940716,1.25939,4.48689,0.184229,-4.09903,3.63427,-4.99778,2.6777,4.70512,4.75874,-4.20783,1.50149,-2.15753,-4.62324,4.87781,-0.136711,-0.110886,-3.3415,-4.37879,3.07385,4.70687,-0.270606,4.24878,-3.46931,-0.839884])
1.571363959423661
Max g: 5.019309959386613
f_2([0.535326,2.65679,-2.12147,-4.23336,4.86563,-0.0969443,-6.23779e-9,-1.48436,1.48435,4.4712,0.406668,-4.87787,-4.34464,-4.60042,-2.01698,-4.59465,1.90847,0.782624,0.0858872,-0.900924,0.924713,4.34216,-0.175068,-4.13695,2.95478,-5.0,1.8074,4.61495,4.93791,-3.00739,1.44897,-2.36,-4.56303,4.94814,-0.368082,0.0665852,-3.53065,-4.41206,3.29623,4.69646,-0.345719,4.60015,-2.2908,-2.01431])
0.42246310903027323
Max g: 3.3771269893387377
f_3([0.642073,2.72848,-2.08641,-4.20366,4.33076,0.514973,1.58834e-24,-1.59386,1.59386,4.64973,0.225029,-4.87476,-4.3,-4.60232,-2.42294,-4.69576,1.92644,0.385509,0.100573,-0.783628,0.810693,4.29813,-0.00375509,-4.25725,2.51654,-5.0,1.37925,4.55184,4.84484,-2.99684,1.50125,-2.33595,-4.51025,5.0,-0.687422,0.186807,-3.49355,-4.39212,3.31602,4.65097,-0.528543,4.55476,-1.90305,-2.13769])
0.42604162007147084
Max g: 2.4476308995446594
f_4([0.724424,2.79385,-2.06942,-4.24891,4.2817,0.70593,1.73614e-29,-1.7588,1.7588,4.84464,0.0193331,-4.86397,-4.29522,-4.60573,-2.63726,-4.67728,1.95743,0.0425383,0.107106,-0.650863,0.679703,4.16982,0.0304868,-4.15949,2.20315,-5.0,1.17251,4.49516,4.91618,-3.04625,1.46214,-2.29878,-4.41519,4.95645,-0.711085,0.221808,-3.63796,-4.39742,3.4376,4.65871,-0.658604,4.78835,-1.91002,-2.25286])
0.4276320694231142
Max g: 1.8708249641133108
f_5([0.847982,2.86089,-2.0129,-4.17644,4.25142,0.799781,-2.67066e-17,-1.67393,1.67393,4.77923,0.0807539,-4.85998,-4.28982,-4.60549,-2.83313,-4.68544,1.81775,-0.0424101,0.119376,-0.561053,0.593524,4.095,0.165714,-4.21483,1.92509,-5.0,1.00591,4.46869,4.98695,-3.03043,1.44434,-2.37575,-4.40959,4.8698,-0.654828,0.253767,-3.41196,-4.38041,3.23529,4.64721,-0.640809,4.69269,-1.44745,-2.64935])
0.42246310903027323
Max g: 1.399690644961126
f_6([0.850867,2.88268,-2.03182,-4.15534,4.26404,0.799846,6.60624e-28,-1.75946,1.75946,4.82575,0.0125824,-4.83833,-4.28832,-4.60411,-2.91354,-4.75236,1.77385,-0.153885,0.127052,-0.520841,0.552376,4.17187,0.122683,-4.24239,1.75937,-5.0,0.885992,4.41965,4.82728,-2.97324,1.47626,-2.35576,-4.41427,4.64644,-0.510971,0.261024,-3.40891,-4.34095,3.13359,4.64507,-0.898639,4.83909,-0.923437,-3.03057])
0.4311111773798341
Max g: 1.0650125609504237
f_7([0.825418,2.76082,-1.927,-4.17912,4.30044,0.777904,-2.23158e-9,-1.8812,1.8812,4.79121,-0.0524114,-4.73879,-4.28997,-4.60234,-2.99508,-4.88615,1.77079,-0.120273,0.135085,-0.511878,0.543275,4.22992,0.100648,-4.27482,1.58255,-5.0,0.822411,4.39791,4.72555,-2.946,1.48969,-2.27737,-4.31594,4.72195,-0.560382,0.208132,-3.49285,-4.39289,3.21833,4.63109,-0.882354,4.55304,-0.462203,-3.19448])
0.44870552333238906
Max g: 0.9999999889897069
f_8([0.884903,2.74264,-1.79007,-4.14552,4.87647,0.230221,-2.14318e-25,-2.12223,2.12223,4.9544,-0.223521,-4.73088,-4.27644,-4.60694,-2.9473,-4.80112,1.66963,-0.205042,0.137458,-0.514513,0.549435,4.14412,0.198437,-4.28661,1.40362,-5.0,0.778538,4.35706,4.79912,-2.95414,1.4338,-2.23998,-4.25723,4.93784,-0.582499,0.0317245,-3.48383,-4.40644,3.20196,4.68403,-0.770789,4.61343,-0.50197,-3.37484])
0.4414490981655161
Max g: 1.0
f_9([0.835003,2.65767,-1.82266,-4.09939,4.8988,0.14481,6.64666e-28,-2.59273,2.59273,4.9996,-0.279644,-4.71996,-4.2482,-4.61269,-2.94079,-4.83933,1.59427,-0.11948,0.141058,-0.591158,0.630729,4.01617,0.24461,-4.20177,1.23911,-4.98981,0.75467,4.28481,4.63911,-2.98885,1.42001,-2.01511,-4.28349,4.89252,-0.704298,0.0604279,-3.42669,-4.41983,3.24612,4.63017,-1.04119,4.56585,-0.473328,-3.24466])
0.44661805855835707
Max g: 0.9999999999999964
f_10([0.720819,2.61596,-1.88575,-4.07591,4.72759,0.166939,-4.45236e-5,-2.71358,2.71375,4.96327,-0.243904,-4.71935,-4.27478,-4.61429,-2.91342,-4.9253,1.36816,0.309362,0.149392,-0.630872,0.673873,3.96501,0.305057,-4.20771,1.21232,-4.9531,0.82709,4.28108,4.67345,-3.01112,1.43414,-1.89222,-4.19397,4.77305,-0.515567,0.013509,-3.49192,-4.3877,3.37979,4.59197,-1.09639,4.32056,0.31295,-3.43278])
0.43488849458998713
{0.7208189395558238,2.615964024724731,-1.8857459027082817,-4.075913229805294,4.727587535113006,0.16693933699302668,-4.4523560473277944e-5,-2.7135815718122758,2.7137503670262246,4.963266724251796,-0.24390389370925772,-4.719352131725672,-4.2747828274340645,-4.6142920027458585,-2.9134171561806523,-4.925299257121959,1.368158130944763,0.3093615803717082,0.14939212251469777,-0.6308717387453993,0.6738730572270644,3.9650053117674027,0.3050568233206206,-4.207709536540725,1.2123190182810588,-4.953103829164718,0.827090193997006,4.281078619152949,4.673448392646789,-3.011124263553912,1.4341409027239467,-1.8922218458822868,-4.193970050786647,4.7730509755013815,-0.515567444131847,0.013508953521822496,-3.4919151217585247,-4.387704751621551,3.3797918532276547,4.591973146282047,-1.096387431172491,4.32055628015232,0.3129499008704414,-3.432776423905512}]
Set[{A021,A031,A032,A041,A042,A043,A121,A131,A132,A141,A142,A143,B021,B031,B032,B041,B042,B043,B121,B131,B132,B141,B142,B143,\[Alpha]1,\[Alpha]2,\[Alpha]3,\[Alpha]4,\[Beta]11,\[Beta]12,\[Beta]13,\[Beta]14,\[Beta]21,\[Beta]22,\[Beta]23,\[Beta]24,\[Beta]31,\[Beta]32,\[Beta]33,\[Beta]34,\[Beta]41,\[Beta]42,\[Beta]43,\[Beta]44},{0.7208189395558238,2.615964024724731,-1.8857459027082817,-4.075913229805294,4.727587535113006,0.16693933699302668,-4.4523560473277944e-5,-2.7135815718122758,2.7137503670262246,4.963266724251796,-0.24390389370925772,-4.719352131725672,-4.2747828274340645,-4.6142920027458585,-2.9134171561806523,-4.925299257121959,1.368158130944763,0.3093615803717082,0.14939212251469777,-0.6308717387453993,0.6738730572270644,3.9650053117674027,0.3050568233206206,-4.207709536540725,1.2123190182810588,-4.953103829164718,0.827090193997006,4.281078619152949,4.673448392646789,-3.011124263553912,1.4341409027239467,-1.8922218458822868,-4.193970050786647,4.7730509755013815,-0.515567444131847,0.013508953521822496,-3.4919151217585247,-4.387704751621551,3.3797918532276547,4.591973146282047,-1.096387431172491,4.32055628015232,0.3129499008704414,-3.432776423905512}]

Max g: 1.0008149776065665
f_11([0.797445,2.68781,-1.85739,-4.05652,4.7395,0.217754,-3.05584e-7,-2.66715,2.66715,4.97136,-0.247453,-4.72389,-4.2672,-4.61706,-2.83465,-4.98541,1.28679,0.326599,0.151334,-0.640352,0.684448,3.87528,0.317667,-4.13059,1.08383,-4.99987,0.793007,4.26688,4.63439,-3.04732,1.36426,-1.92704,-4.19365,4.79139,-0.53112,-0.0321459,-3.56859,-4.39659,3.38102,4.59461,-0.988868,4.28455,0.370962,-3.66028])
0.45039537576851013
Max g: 1.0000559413260142
f_12([0.909559,2.73552,-1.73735,-4.0335,4.68456,0.348768,5.68378e-31,-2.69851,2.69851,4.87967,-0.254297,-4.62538,-4.25734,-4.626,-2.79234,-4.88275,1.24242,0.269922,0.153148,-0.68237,0.729654,3.82218,0.366919,-4.12643,0.939108,-4.99019,0.794226,4.24707,4.65622,-3.00561,1.30178,-1.88136,-4.21505,4.85387,-0.541518,-0.0539353,-3.60328,-4.40077,3.45779,4.57832,-0.984115,4.25331,0.371135,-3.71183])
0.4493019418392553
Max g: 0.9999999999999929
f_13([0.786871,2.58924,-1.75982,-4.03728,4.49803,0.428487,2.8188e-30,-2.86728,2.86728,4.97668,-0.362285,-4.61439,-4.28437,-4.63522,-2.72817,-4.89886,1.35579,0.0932565,0.158509,-0.654485,0.702239,3.77279,0.308396,-4.01409,0.931458,-4.96163,0.774979,4.24674,4.57975,-2.91186,1.17099,-1.79737,-4.23287,4.95781,-0.607647,-0.155287,-3.69,-4.45012,3.59172,4.5455,-1.192,4.32269,0.42203,-3.79891])
0.4606338934697144
Max g: 1.0
f_14([0.822707,2.56213,-1.711,-4.01295,4.5704,0.373668,-1.93066e-7,-2.80952,2.80952,4.76031,-0.132216,-4.62809,-4.28348,-4.63797,-2.76999,-4.97081,1.41018,0.117897,0.160308,-0.698587,0.75052,3.61429,0.415643,-3.96263,0.93794,-4.96228,0.774061,4.22418,4.43434,-2.88502,1.13993,-1.78848,-4.14129,4.98567,-0.666329,-0.163527,-3.73904,-4.40946,3.66164,4.53824,-1.19993,4.25998,0.908787,-3.97016])
0.46222434282135777
Max g: 1.0000039812039674
f_15([0.900066,2.62978,-1.69,-3.99857,4.61334,0.385226,2.01581e-26,-2.82868,2.82868,4.77848,-0.152189,-4.62629,-4.28297,-4.64879,-2.76761,-4.89995,1.42181,0.0620656,0.160346,-0.728327,0.781395,3.54777,0.42212,-3.903,0.949118,-4.95465,0.78374,4.22272,4.61373,-2.87248,1.11647,-1.79333,-4.16982,4.96649,-0.649575,-0.112542,-3.77485,-4.39074,3.65313,4.53643,-1.19176,4.22437,0.957885,-3.99878])
0.44264193517924866
Max g: 1.0
f_16([0.906074,2.56192,-1.61476,-4.02895,4.63735,0.391382,-2.01727e-6,-2.86648,2.86647,4.95428,-0.331217,-4.62307,-4.25252,-4.64909,-2.66239,-4.80727,1.45633,-0.0127141,0.158533,-0.846898,0.906214,3.40146,0.585346,-3.91995,0.949921,-4.94178,0.810485,4.20075,4.56866,-2.86292,1.12975,-1.75468,-4.16823,4.96899,-0.647725,-0.174125,-3.883,-4.31167,3.60902,4.46865,-1.11795,4.49915,0.997471,-4.31535])
0.4363795408571528
Max g: 0.9999877730498561
f_17([0.777909,2.38974,-1.61183,-4.02258,4.45758,0.450838,3.83846e-8,-2.78143,2.78143,4.66265,-0.0428693,-4.61978,-4.23701,-4.64873,-2.5107,-4.86548,1.51223,0.0304131,0.157056,-0.879001,0.944035,3.24023,0.705672,-3.87983,0.916241,-4.97419,0.867839,4.19371,4.53272,-2.88816,1.10723,-1.73602,-4.16606,4.96601,-0.658096,-0.12779,-3.86478,-4.23189,3.63425,4.48089,-1.11342,4.67398,0.883463,-4.5242])
0.46013687804732584
Max g: 1.0000003886691324
f_18([0.769044,2.45121,-1.61341,-4.10236,4.36632,0.60135,-9.93053e-13,-2.80425,2.80425,4.70398,-0.0842155,-4.61976,-4.21155,-4.65476,-2.45741,-4.76105,1.56566,-0.105135,0.158228,-0.903572,0.976123,3.0361,0.857789,-3.82887,0.904165,-4.99736,0.879803,4.1888,4.59244,-2.88514,1.1225,-1.7328,-4.18378,4.96697,-0.619604,-0.0782898,-3.82233,-4.25799,3.59208,4.4755,-0.887846,4.53232,0.90815,-4.48426])
0.46272135824374633
Max g: 1.0000000000328804
f_19([0.759558,2.39223,-1.63267,-4.09329,4.51487,0.434183,1.35115e-26,-2.83791,2.83791,4.87425,-0.253184,-4.62106,-4.21096,-4.65771,-2.64428,-4.67197,1.56062,-0.0413617,0.156189,-1.00341,1.07685,3.09907,0.925527,-3.96197,0.865807,-4.88085,0.873289,4.17397,4.54687,-2.82342,1.05407,-1.76557,-4.09309,4.95508,-0.544686,-0.289845,-3.86323,-4.28565,3.67737,4.454,-0.978025,4.5077,0.917463,-4.49565])
0.4530792590494083
Max g: 0.9999999999999929
f_20([0.869855,2.44611,-1.54082,-4.00527,4.39492,0.548705,7.32025e-22,-2.71005,2.71005,4.96945,-0.34685,-4.6226,-4.23033,-4.67699,-2.58362,-4.50365,1.5047,-0.0965719,0.158146,-0.98699,1.06443,2.99122,1.00561,-3.93475,0.785694,-4.87004,0.924688,4.16456,4.4261,-2.78807,1.12955,-1.74995,-3.92348,4.99444,-0.519634,-0.541372,-3.81622,-4.3139,3.76104,4.41072,-0.685491,4.48188,0.898913,-4.74118])
0.43488849458998713
{0.8698545773965047,2.4461086954805493,-1.54081908358908,-4.005269691441381,4.394923773457128,0.5487054403462621,7.32024525731718e-22,-2.710047966381644,2.710047966381644,4.969447665985662,-0.34684965284535013,-4.62259801314032,-4.230329431487322,-4.67699077436003,-2.5836241929400727,-4.503646122078741,1.5047037600384203,-0.09657191561043386,0.1581457463477898,-0.9869904574227296,1.0644250588736404,2.991222006338064,1.0056119864171078,-3.9347477343447426,0.7856944350961955,-4.870038547021397,0.9246877549756397,4.1645617926259675,4.4260979002301735,-2.7880734136534366,1.1295485062516346,-1.7499517246330765,-3.923475215120307,4.99443723142978,-0.5196337707140023,-0.5413717134012241,-3.8162194394030386,-4.313897571557016,3.7610423079881308,4.4107189226129515,-0.6854914820514162,4.481883224458551,0.8989134463639546,-4.741175858294019}]
Set[{A021,A031,A032,A041,A042,A043,A121,A131,A132,A141,A142,A143,B021,B031,B032,B041,B042,B043,B121,B131,B132,B141,B142,B143,\[Alpha]1,\[Alpha]2,\[Alpha]3,\[Alpha]4,\[Beta]11,\[Beta]12,\[Beta]13,\[Beta]14,\[Beta]21,\[Beta]22,\[Beta]23,\[Beta]24,\[Beta]31,\[Beta]32,\[Beta]33,\[Beta]34,\[Beta]41,\[Beta]42,\[Beta]43,\[Beta]44},{0.8698545773965047,2.4461086954805493,-1.54081908358908,-4.005269691441381,4.394923773457128,0.5487054403462621,7.32024525731718e-22,-2.710047966381644,2.710047966381644,4.969447665985662,-0.34684965284535013,-4.62259801314032,-4.230329431487322,-4.67699077436003,-2.5836241929400727,-4.503646122078741,1.5047037600384203,-0.09657191561043386,0.1581457463477898,-0.9869904574227296,1.0644250588736404,2.991222006338064,1.0056119864171078,-3.9347477343447426,0.7856944350961955,-4.870038547021397,0.9246877549756397,4.1645617926259675,4.4260979002301735,-2.7880734136534366,1.1295485062516346,-1.7499517246330765,-3.923475215120307,4.99443723142978,-0.5196337707140023,-0.5413717134012241,-3.8162194394030386,-4.313897571557016,3.7610423079881308,4.4107189226129515,-0.6854914820514162,4.481883224458551,0.8989134463639546,-4.741175858294019}]

Max g: 0.9999999999999645
f_21([0.887597,2.38496,-1.49736,-3.98378,4.19103,0.747228,-3.06883e-29,-2.70637,2.70637,4.89115,-0.273836,-4.61731,-4.25283,-4.69269,-2.61889,-4.41415,1.5737,-0.251997,0.165833,-0.861914,0.939679,3.00446,0.980465,-3.9183,0.756862,-4.82586,0.91474,4.1694,4.5218,-2.76737,0.985043,-1.79226,-3.84239,4.92294,-0.594336,-0.492214,-3.81493,-4.36282,3.74721,4.41081,-0.484697,4.55263,0.878361,-4.87174])
0.4406538734896944
Max g: 0.9999999999999929
f_22([0.944826,2.48526,-1.50088,-3.96874,4.16029,0.805748,2.5263e-24,-2.79293,2.79293,4.96001,-0.344332,-4.61568,-4.24594,-4.70163,-2.64727,-4.39045,1.57595,-0.204692,0.169679,-0.807628,0.889652,2.94848,1.07494,-3.9564,0.717886,-4.83186,0.940075,4.15227,4.45839,-2.76221,1.03055,-1.74779,-3.87237,4.94013,-0.560612,-0.449872,-3.77635,-4.31915,3.77147,4.40425,-0.507367,4.44325,0.874866,-4.85133])
0.42594221698699314
Max g: 1.0
f_23([0.946892,2.45932,-1.47798,-3.95501,4.3396,0.600029,-8.51251e-25,-2.81415,2.81415,4.90182,-0.281992,-4.61983,-4.24528,-4.70074,-2.5983,-4.32399,1.62286,-0.243619,0.170034,-0.771721,0.854146,2.93725,1.09475,-3.96349,0.665727,-4.78122,0.971798,4.1397,4.54774,-2.79007,0.980936,-1.73533,-3.90033,5.0,-0.525396,-0.587463,-3.75212,-4.39119,3.75126,4.39023,-0.553999,4.53189,0.875328,-4.89713])
0.42981893728162385
Max g: 1.0000000000000036
f_24([0.971066,2.49013,-1.49024,-3.81033,4.23535,0.574981,-9.83512e-24,-2.94459,2.94459,4.9341,-0.320053,-4.61404,-4.27177,-4.70713,-2.68702,-4.2417,1.59859,-0.264872,0.176643,-0.726878,0.815595,2.87798,1.24467,-4.04971,0.680482,-4.74767,0.972172,4.13807,4.61676,-2.78325,1.00304,-1.69359,-3.79409,4.76226,-0.395354,-0.582467,-3.53523,-4.41261,3.6709,4.37505,-0.572301,4.61998,0.850113,-4.96665])
0.40854667720339366
Max g: 1.0000000000000036
f_25([0.85544,2.28463,-1.42794,-3.86671,4.55561,0.21763,1.80213e-13,-2.89702,2.89702,4.84226,-0.233687,-4.60857,-4.30355,-4.71379,-2.68921,-4.26861,1.6117,-0.332919,0.173899,-0.716284,0.802355,2.9224,1.19701,-4.04508,0.660788,-4.74139,0.954696,4.13759,4.46423,-2.75743,1.03925,-1.62257,-3.71934,4.98326,-0.462152,-0.759001,-3.81041,-4.41503,3.80904,4.3393,-0.62574,4.83459,0.868515,-5.0])
0.4302165496195347
Max g: 0.9999999999897327
{0.9468926502574797,2.4593178058374665,-1.4779830695357281,-3.955014364220308,4.339599399163947,0.6000291947939618,2.871276729716727e-29,-2.8141477128957653,2.8141477128957657,4.901823516259227,-0.2819922911887617,-4.619831225070463,-4.2452820285006485,-4.700739703015377,-2.598300796696936,-4.32399523394121,1.6228550693582804,-0.24361952626292047,0.17003399947710643,-0.7717207746500673,0.854146303432361,2.9372522446272735,1.0947469327061985,-3.963485388488491,0.6657269592647088,-4.781221557712892,0.9717978145195157,4.139697628568904,4.547743432463236,-2.7900683255791328,0.9809369462992441,-1.7353252199889053,-3.9003255106355486,4.999999999999997,-0.5253954458636434,-0.5874628233140534,-3.7521220270933697,-4.391191739306644,3.751264052485164,4.390234850064717,-0.5539942457567697,4.531894416310752,0.8753281629577797,-4.89713008464663}]
Set[{A021,A031,A032,A041,A042,A043,A121,A131,A132,A141,A142,A143,B021,B031,B032,B041,B042,B043,B121,B131,B132,B141,B142,B143,\[Alpha]1,\[Alpha]2,\[Alpha]3,\[Alpha]4,\[Beta]11,\[Beta]12,\[Beta]13,\[Beta]14,\[Beta]21,\[Beta]22,\[Beta]23,\[Beta]24,\[Beta]31,\[Beta]32,\[Beta]33,\[Beta]34,\[Beta]41,\[Beta]42,\[Beta]43,\[Beta]44},{0.9468926502574797,2.4593178058374665,-1.4779830695357281,-3.955014364220308,4.339599399163947,0.6000291947939618,2.871276729716727e-29,-2.8141477128957653,2.8141477128957657,4.901823516259227,-0.2819922911887617,-4.619831225070463,-4.2452820285006485,-4.700739703015377,-2.598300796696936,-4.32399523394121,1.6228550693582804,-0.24361952626292047,0.17003399947710643,-0.7717207746500673,0.854146303432361,2.9372522446272735,1.0947469327061985,-3.963485388488491,0.6657269592647088,-4.781221557712892,0.9717978145195157,4.139697628568904,4.547743432463236,-2.7900683255791328,0.9809369462992441,-1.7353252199889053,-3.9003255106355486,4.999999999999997,-0.5253954458636434,-0.5874628233140534,-3.7521220270933697,-4.391191739306644,3.751264052485164,4.390234850064717,-0.5539942457567697,4.531894416310752,0.8753281629577797,-4.89713008464663}]


-----------------Final Result------------------
Options: alg=LN_AUGLAG_EQ,dx=0.01,max_eval=100000000,popSize=0
imin=-1,jmin=-5,imax=1,jmax=5,parameter_minmax=5,randSeed=67804974

2582443 steps

Completed with maxf : 0.42981893728162385

Constraints at 1.0

x = [0.9468926502574797,2.4593178058374665,-1.4779830695357281,-3.955014364220308,4.339599399163947,0.6000291947939618,2.871276729716727e-29,-2.8141477128957653,2.8141477128957657,4.901823516259227,-0.2819922911887617,-4.619831225070463,-4.2452820285006485,-4.700739703015377,-2.598300796696936,-4.32399523394121,1.6228550693582804,-0.24361952626292047,0.17003399947710643,-0.7717207746500673,0.854146303432361,2.9372522446272735,1.0947469327061985,-3.963485388488491,0.6657269592647088,-4.781221557712892,0.9717978145195157,4.139697628568904,4.547743432463236,-2.7900683255791328,0.9809369462992441,-1.7353252199889053,-3.9003255106355486,4.999999999999997,-0.5253954458636434,-0.5874628233140534,-3.7521220270933697,-4.391191739306644,3.751264052485164,4.390234850064717,-0.5539942457567697,4.531894416310752,0.8753281629577797,-4.89713008464663]
c0 = [0.0,0.9468926502574797,0.9813347363017384,0.984614229737601]
c1 = [0.0,2.871276729716727e-29,4.440892098500626e-16,1.887379141862766e-15]
A0 = [0.0,0.9468926502574797,2.4593178058374665,-3.955014364220308,0.0,0.0,-1.4779830695357281,4.339599399163947,0.0,0.0,0.0,0.6000291947939618,0.0,0.0,0.0,0.0]
A1 = [0.0,2.871276729716727e-29,-2.8141477128957653,4.901823516259227,0.0,0.0,2.8141477128957657,-0.2819922911887617,0.0,0.0,0.0,-4.619831225070463,0.0,0.0,0.0,0.0]
B0 = [0.0,-4.2452820285006485,-4.700739703015377,-4.32399523394121,0.0,0.0,-2.598300796696936,1.6228550693582804,0.0,0.0,0.0,-0.24361952626292047,0.0,0.0,0.0,0.0]
B1 = [0.0,0.17003399947710643,-0.7717207746500673,2.9372522446272735,0.0,0.0,0.854146303432361,1.0947469327061985,0.0,0.0,0.0,-3.963485388488491,0.0,0.0,0.0,0.0]
α  = [0.6657269592647088,-4.781221557712892,0.9717978145195157,4.139697628568904]
β1 = [4.547743432463236,-2.7900683255791328,0.9809369462992441,-1.7353252199889053]
β2 = [-3.9003255106355486,4.999999999999997,-0.5253954458636434,-0.5874628233140534]
β3 = [-3.7521220270933697,-4.391191739306644,3.751264052485164,4.390234850064717]
β4 = [-0.5539942457567697,4.531894416310752,0.8753281629577797,-4.89713008464663]


Set[{A021,A031,A032,A041,A042,A043,A121,A131,A132,A141,A142,A143,B021,B031,B032,B041,B042,B043,B121,B131,B132,B141,B142,B143,\[Alpha]1,\[Alpha]2,\[Alpha]3,\[Alpha]4,\[Beta]11,\[Beta]12,\[Beta]13,\[Beta]14,\[Beta]21,\[Beta]22,\[Beta]23,\[Beta]24,\[Beta]31,\[Beta]32,\[Beta]33,\[Beta]34,\[Beta]41,\[Beta]42,\[Beta]43,\[Beta]44},{0.9468926502574797,2.4593178058374665,-1.4779830695357281,-3.955014364220308,4.339599399163947,0.6000291947939618,2.871276729716727e-29,-2.8141477128957653,2.8141477128957657,4.901823516259227,-0.2819922911887617,-4.619831225070463,-4.2452820285006485,-4.700739703015377,-2.598300796696936,-4.32399523394121,1.6228550693582804,-0.24361952626292047,0.17003399947710643,-0.7717207746500673,0.854146303432361,2.9372522446272735,1.0947469327061985,-3.963485388488491,0.6657269592647088,-4.781221557712892,0.9717978145195157,4.139697628568904,4.547743432463236,-2.7900683255791328,0.9809369462992441,-1.7353252199889053,-3.9003255106355486,4.999999999999997,-0.5253954458636434,-0.5874628233140534,-3.7521220270933697,-4.391191739306644,3.751264052485164,4.390234850064717,-0.5539942457567697,4.531894416310752,0.8753281629577797,-4.89713008464663}]



