
-----------------Setup------------------
Options: alg=LN_AUGLAG_EQ,dx=0.01,max_eval=100000000,popSize=0
imin=-12,jmin=-1,imax=1,jmax=1,
parameter_minmax=5,
randSeed=60099072, rand_minmax=1

Initial Condition:

[-0.0583953,0.54405,0.923551,-0.296038,-0.0459081,0.978105,-0.277487,0.589618,0.552526,-0.530786,0.566801,-0.470425,0.106757,0.753642,-0.316851,0.691452,-0.117111,0.234492,0.937836,-0.95195,0.296038,-0.157098,-0.851004,-0.762512,0.818201,0.637648,-0.0133722,0.473199,-0.0965427,0.0978414,-0.37687,0.658333,0.382045,0.211589,-0.28683,-0.233537,0.623832,-0.5158,0.288387,-0.534118,-0.631653,-0.674614,0.07927,-0.979134]

f_1([1.59119e-19,-0.0946721,0.0946721,1.12081,-1.06972,-0.0510892,0.42127,-0.0336286,0.198424,0.416507,0.333268,0.106012,1.98545,0.422862,-0.390078,0.432354,0.00617488,-0.854149,0.143851,-0.685483,0.132697,2.0171,-0.96839,-2.90862,0.629484,0.403861,-0.541374,-0.316608,-0.209161,0.784767,0.121541,0.211933,0.194086,0.253691,-0.0518493,-0.114289,1.39213,-1.21449,0.113668,-0.244181,1.15202,-1.00455,-0.572701,0.632537])
24.103747213203775
Max g: 0.313553079340989
f_2([0.910584,0.160843,-0.0870075,0.993121,-0.966793,0.004972,0.786688,0.41941,0.112101,0.689436,0.281473,-0.0547203,1.67311,0.223829,-1.12522,0.197621,0.0477131,-0.8913,0.916716,-0.912708,0.0927258,1.80016,-0.825259,-3.05235,0.545035,0.55443,-0.0273264,-0.0726788,-0.562947,0.705604,0.904524,-0.0459825,0.241447,0.475996,-0.744393,0.0244951,1.58582,-0.708545,-0.926789,0.0504554,0.558727,0.201425,-1.403,0.64236])
10.127930677129342
Max g: 0.02367161518694169
f_3([0.9328,0.153025,-0.153018,0.956291,-0.964883,0.295288,0.794682,0.498665,0.0157537,0.690143,0.271484,-0.0820385,1.66004,0.218672,-1.1318,0.202218,0.0472723,-0.885324,0.891784,-0.908493,0.0886402,1.79819,-0.841636,-3.04849,0.537968,0.5615,-0.0166948,-0.0827556,-0.577118,0.725482,0.89202,-0.0403388,0.283989,0.474771,-0.794599,0.035788,1.57748,-0.725531,-0.892343,0.0403877,0.561452,0.203052,-1.3996,0.635083])
11.8223486717068
Max g: 0.00036014925295303844
f_4([0.932928,0.154195,-0.154059,0.956031,-0.964812,0.296074,0.794779,0.500834,0.0133326,0.690034,0.271316,-0.0823576,1.65995,0.218776,-1.13234,0.202193,0.0473081,-0.885241,0.891675,-0.90853,0.0886854,1.79812,-0.841552,-3.04854,0.538015,0.561549,-0.0164225,-0.0831419,-0.577586,0.725651,0.892284,-0.040372,0.284547,0.474638,-0.795086,0.0358917,1.57749,-0.725634,-0.892224,0.0403641,0.561426,0.203087,-1.39958,0.635057])
11.846409765163422
Max g: 3.992319013484957e-5
f_5([0.932945,0.154258,-0.154104,0.956018,-0.964827,0.296129,0.794745,0.499885,0.0142696,0.690064,0.271265,-0.0823032,1.65995,0.218769,-1.13234,0.202155,0.0473179,-0.885243,0.891476,-0.908413,0.088588,1.79804,-0.841647,-3.0485,0.538019,0.56155,-0.0164037,-0.0831637,-0.577456,0.725761,0.891971,-0.040277,0.284557,0.474727,-0.795194,0.0359107,1.57745,-0.725759,-0.89197,0.0402769,0.561456,0.203105,-1.39953,0.634974])
11.885782463546985
Max g: 5.527310683206554e-6
f_6([0.932973,0.15407,-0.153898,0.956002,-0.964799,0.296144,0.794732,0.499854,0.0143146,0.690235,0.271212,-0.0823772,1.65995,0.218799,-1.13236,0.202114,0.0472785,-0.885178,0.891473,-0.90838,0.0885699,1.79806,-0.841659,-3.04848,0.53803,0.561547,-0.0163844,-0.0831929,-0.577448,0.725756,0.891962,-0.0402702,0.284528,0.474742,-0.795172,0.0359021,1.57745,-0.725756,-0.891961,0.0402697,0.561476,0.203108,-1.39957,0.63499])
11.884291073456698
Max g: 5.646196779233309e-6
f_7([0.932973,0.154069,-0.153905,0.956002,-0.964798,0.296144,0.794733,0.499879,0.0142903,0.690234,0.271212,-0.0823788,1.65995,0.218797,-1.13236,0.202115,0.0472778,-0.885179,0.891478,-0.908383,0.0885723,1.79806,-0.841655,-3.04848,0.538031,0.561547,-0.0163838,-0.0831937,-0.577449,0.725753,0.891968,-0.0402721,0.284528,0.47474,-0.79517,0.0359015,1.57745,-0.725753,-0.891968,0.0402721,0.561475,0.203108,-1.39957,0.634992])
11.883893369432622
Max g: 6.994737518362104e-8
f_8([0.932973,0.154069,-0.153905,0.956002,-0.964798,0.296144,0.794733,0.499877,0.0142922,0.690234,0.271212,-0.0823786,1.65995,0.218797,-1.13236,0.202115,0.0472778,-0.885179,0.891478,-0.908383,0.0885722,1.79806,-0.841656,-3.04848,0.538031,0.561547,-0.0163839,-0.0831937,-0.577449,0.725753,0.891968,-0.040272,0.284528,0.47474,-0.79517,0.0359016,1.57745,-0.725753,-0.891968,0.040272,0.561475,0.203108,-1.39957,0.634992])
11.883793943426603
Max g: 2.4954493015386103e-8
f_9([0.932973,0.154069,-0.153905,0.956002,-0.964798,0.296144,0.794733,0.499877,0.0142921,0.690234,0.271212,-0.0823786,1.65995,0.218797,-1.13236,0.202115,0.0472778,-0.885179,0.891478,-0.908383,0.0885722,1.79806,-0.841656,-3.04848,0.538031,0.561547,-0.0163839,-0.0831937,-0.577449,0.725753,0.891968,-0.040272,0.284528,0.47474,-0.79517,0.0359016,1.57745,-0.725753,-0.891968,0.040272,0.561475,0.203108,-1.39957,0.634992])
11.883793943426603
Max g: 5.0885116736551494e-9
f_10([0.932973,0.154069,-0.153905,0.956002,-0.964798,0.296144,0.794733,0.499877,0.0142921,0.690234,0.271212,-0.0823786,1.65995,0.218797,-1.13236,0.202115,0.0472778,-0.885179,0.891478,-0.908383,0.0885722,1.79806,-0.841656,-3.04848,0.538031,0.561547,-0.0163839,-0.0831937,-0.577449,0.725753,0.891968,-0.040272,0.284528,0.47474,-0.79517,0.0359016,1.57745,-0.725753,-0.891968,0.040272,0.561475,0.203108,-1.39957,0.634992])
11.883793943426603
{0.932973333008639,0.15406882865484894,-0.1539053470352238,0.9560020965068762,-0.9647983326711609,0.29614371764900804,0.7947327457020509,0.4998768054510075,0.014292095915362416,0.6902342571811381,0.27121234275428363,-0.08237858964084527,1.6599487700455862,0.2187969372585878,-1.132361975802384,0.20211517423382844,0.04727782162953331,-0.8851785851745843,0.8914778436402888,-0.9083826476813196,0.08857218861540844,1.798058004086664,-0.8416556449197834,-3.0484784329884165,0.5380307888090872,0.561546792260311,-0.016383867901671637,-0.08319371316779287,-0.5774489164002147,0.7257529186386961,0.891967965652264,-0.04027196789070645,0.28452788854417693,0.47474022297742746,-0.79516967861603,0.03590156709435075,1.5774489163994845,-0.7257529186385333,-0.8919679656514736,0.04027196789048535,0.5614746015750646,0.2031077774421172,-1.3995745577153231,0.6349921786981514}]
Set[{A021,A031,A032,A041,A042,A043,A121,A131,A132,A141,A142,A143,B021,B031,B032,B041,B042,B043,B121,B131,B132,B141,B142,B143,\[Alpha]1,\[Alpha]2,\[Alpha]3,\[Alpha]4,\[Beta]11,\[Beta]12,\[Beta]13,\[Beta]14,\[Beta]21,\[Beta]22,\[Beta]23,\[Beta]24,\[Beta]31,\[Beta]32,\[Beta]33,\[Beta]34,\[Beta]41,\[Beta]42,\[Beta]43,\[Beta]44},{0.932973333008639,0.15406882865484894,-0.1539053470352238,0.9560020965068762,-0.9647983326711609,0.29614371764900804,0.7947327457020509,0.4998768054510075,0.014292095915362416,0.6902342571811381,0.27121234275428363,-0.08237858964084527,1.6599487700455862,0.2187969372585878,-1.132361975802384,0.20211517423382844,0.04727782162953331,-0.8851785851745843,0.8914778436402888,-0.9083826476813196,0.08857218861540844,1.798058004086664,-0.8416556449197834,-3.0484784329884165,0.5380307888090872,0.561546792260311,-0.016383867901671637,-0.08319371316779287,-0.5774489164002147,0.7257529186386961,0.891967965652264,-0.04027196789070645,0.28452788854417693,0.47474022297742746,-0.79516967861603,0.03590156709435075,1.5774489163994845,-0.7257529186385333,-0.8919679656514736,0.04027196789048535,0.5614746015750646,0.2031077774421172,-1.3995745577153231,0.6349921786981514}]

Max g: 4.095658708014316e-12
{0.9329733330085692,0.15406882865497662,-0.15390534703515166,0.9560020965068672,-0.9647983326711957,0.29614371764918374,0.794732745702197,0.4998768054549022,0.014292095911225556,0.6902342571810153,0.2712123427543983,-0.08237858964133601,1.6599487700456381,0.2187969372585275,-1.1323619758024008,0.2021151742336288,0.047277821629655076,-0.8851785851746099,0.891477843640412,-0.9083826476814896,0.08857218861561822,1.798058004086706,-0.8416556449195159,-3.048478432988509,0.5380307888090792,0.5615467922602941,-0.01638386790172483,-0.0831937131676863,-0.5774489164003789,0.7257529186386588,0.8919679656525102,-0.040271967890763136,0.2845278885446902,0.47474022297723306,-0.7951696786163969,0.03590156709442337,1.5774489163998142,-0.7257529186385014,-0.8919679656519156,0.040271967890592904,0.561474601575218,0.2031077774420879,-1.399574557715637,0.634992178698329}]
Set[{A021,A031,A032,A041,A042,A043,A121,A131,A132,A141,A142,A143,B021,B031,B032,B041,B042,B043,B121,B131,B132,B141,B142,B143,\[Alpha]1,\[Alpha]2,\[Alpha]3,\[Alpha]4,\[Beta]11,\[Beta]12,\[Beta]13,\[Beta]14,\[Beta]21,\[Beta]22,\[Beta]23,\[Beta]24,\[Beta]31,\[Beta]32,\[Beta]33,\[Beta]34,\[Beta]41,\[Beta]42,\[Beta]43,\[Beta]44},{0.9329733330085692,0.15406882865497662,-0.15390534703515166,0.9560020965068672,-0.9647983326711957,0.29614371764918374,0.794732745702197,0.4998768054549022,0.014292095911225556,0.6902342571810153,0.2712123427543983,-0.08237858964133601,1.6599487700456381,0.2187969372585275,-1.1323619758024008,0.2021151742336288,0.047277821629655076,-0.8851785851746099,0.891477843640412,-0.9083826476814896,0.08857218861561822,1.798058004086706,-0.8416556449195159,-3.048478432988509,0.5380307888090792,0.5615467922602941,-0.01638386790172483,-0.0831937131676863,-0.5774489164003789,0.7257529186386588,0.8919679656525102,-0.040271967890763136,0.2845278885446902,0.47474022297723306,-0.7951696786163969,0.03590156709442337,1.5774489163998142,-0.7257529186385014,-0.8919679656519156,0.040271967890592904,0.561474601575218,0.2031077774420879,-1.399574557715637,0.634992178698329}]


-----------------Final Result------------------
Options: alg=LN_AUGLAG_EQ,dx=0.01,max_eval=100000000,popSize=0
imin=-12,jmin=-1,imax=1,jmax=1,
parameter_minmax=5,
randSeed=60099072,rand_minmax=1

1007498 steps

Completed with maxf : 11.883793943426603

Constraints at 3.0738632f-12

x = [0.9329733330085692,0.15406882865497662,-0.15390534703515166,0.9560020965068672,-0.9647983326711957,0.29614371764918374,0.794732745702197,0.4998768054549022,0.014292095911225556,0.6902342571810153,0.2712123427543983,-0.08237858964133601,1.6599487700456381,0.2187969372585275,-1.1323619758024008,0.2021151742336288,0.047277821629655076,-0.8851785851746099,0.891477843640412,-0.9083826476814896,0.08857218861561822,1.798058004086706,-0.8416556449195159,-3.048478432988509,0.5380307888090792,0.5615467922602941,-0.01638386790172483,-0.0831937131676863,-0.5774489164003789,0.7257529186386588,0.8919679656525102,-0.040271967890763136,0.2845278885446902,0.47474022297723306,-0.7951696786163969,0.03590156709442337,1.5774489163998142,-0.7257529186385014,-0.8919679656519156,0.040271967890592904,0.561474601575218,0.2031077774420879,-1.399574557715637,0.634992178698329]
c0 = [0.0,0.9329733330085692,0.00016348161982496223,0.2873474814848551]
c1 = [0.0,0.794732745702197,0.5141689013661278,0.8790680102940776]
A0 = [0.0,0.9329733330085692,0.15406882865497662,0.9560020965068672,0.0,0.0,-0.15390534703515166,-0.9647983326711957,0.0,0.0,0.0,0.29614371764918374,0.0,0.0,0.0,0.0]
A1 = [0.0,0.794732745702197,0.4998768054549022,0.6902342571810153,0.0,0.0,0.014292095911225556,0.2712123427543983,0.0,0.0,0.0,-0.08237858964133601,0.0,0.0,0.0,0.0]
B0 = [0.0,1.6599487700456381,0.2187969372585275,0.2021151742336288,0.0,0.0,-1.1323619758024008,0.047277821629655076,0.0,0.0,0.0,-0.8851785851746099,0.0,0.0,0.0,0.0]
B1 = [0.0,0.891477843640412,-0.9083826476814896,1.798058004086706,0.0,0.0,0.08857218861561822,-0.8416556449195159,0.0,0.0,0.0,-3.048478432988509,0.0,0.0,0.0,0.0]
α  = [0.5380307888090792,0.5615467922602941,-0.01638386790172483,-0.0831937131676863]
β1 = [-0.5774489164003789,0.7257529186386588,0.8919679656525102,-0.040271967890763136]
β2 = [0.2845278885446902,0.47474022297723306,-0.7951696786163969,0.03590156709442337]
β3 = [1.5774489163998142,-0.7257529186385014,-0.8919679656519156,0.040271967890592904]
β4 = [0.561474601575218,0.2031077774420879,-1.399574557715637,0.634992178698329]


Set[{A021,A031,A032,A041,A042,A043,A121,A131,A132,A141,A142,A143,B021,B031,B032,B041,B042,B043,B121,B131,B132,B141,B142,B143,\[Alpha]1,\[Alpha]2,\[Alpha]3,\[Alpha]4,\[Beta]11,\[Beta]12,\[Beta]13,\[Beta]14,\[Beta]21,\[Beta]22,\[Beta]23,\[Beta]24,\[Beta]31,\[Beta]32,\[Beta]33,\[Beta]34,\[Beta]41,\[Beta]42,\[Beta]43,\[Beta]44},{0.9329733330085692,0.15406882865497662,-0.15390534703515166,0.9560020965068672,-0.9647983326711957,0.29614371764918374,0.794732745702197,0.4998768054549022,0.014292095911225556,0.6902342571810153,0.2712123427543983,-0.08237858964133601,1.6599487700456381,0.2187969372585275,-1.1323619758024008,0.2021151742336288,0.047277821629655076,-0.8851785851746099,0.891477843640412,-0.9083826476814896,0.08857218861561822,1.798058004086706,-0.8416556449195159,-3.048478432988509,0.5380307888090792,0.5615467922602941,-0.01638386790172483,-0.0831937131676863,-0.5774489164003789,0.7257529186386588,0.8919679656525102,-0.040271967890763136,0.2845278885446902,0.47474022297723306,-0.7951696786163969,0.03590156709442337,1.5774489163998142,-0.7257529186385014,-0.8919679656519156,0.040271967890592904,0.561474601575218,0.2031077774420879,-1.399574557715637,0.634992178698329}]



