
-----------------Setup------------------
Options: alg=LN_AUGLAG_EQ,dx=0.01,max_eval=100000000,popSize=0
imin=-6,jmin=-3,imax=1,jmax=3,
parameter_minmax=5,
randSeed=84990787, rand_minmax=1,
END_C=true, INEQ_C=false

Initial Condition:

[-0.631535,-0.204834,-0.819528,0.0454857,0.923329,-0.527086,-0.881867,0.901707,0.552613,0.805639,-0.989234,-0.428198,-0.920063,-0.619561,-0.572766,-0.40827,0.675049,-0.770255,0.806889,-0.571279,0.768789,-0.748473,0.655326,0.0276224,-0.124382,-0.202381,0.689889,0.667827,-0.670038,-0.660143,0.607585,-0.0645779,-0.331184,-0.475928,0.123775,-0.214761,-0.653716,0.877888,0.13823,0.962317,0.180193,-0.798992,-0.562625,0.586421]

f_1([-8.64597e-5,1.02829,-0.0282619,0.0665482,1.24591,-0.316125,-1.3297e-5,0.98919,0.0107839,0.929102,0.0989669,-0.0284003,-1.94764,-2.00663,-1.61883,-1.2976,-0.233694,-0.865858,0.819338,0.775274,1.41849,1.95035,-0.447634,1.37138,2.20999,-1.56862,0.650301,-0.18037,1.72994,-1.39428,1.18686,-0.462844,-0.68635,0.48291,0.669061,-0.407762,-0.700336,1.58588,-1.39627,0.568883,0.288548,-0.099556,-1.10429,0.891733])
16.424722466834876
Max g: 0.26141031073418175
f_2([0.000416971,1.11976,-0.120752,0.164365,1.25508,-0.41958,0.0256587,1.17494,-0.174937,1.21516,-0.115087,-0.104803,-1.82246,-2.03069,-1.39824,-1.31355,-0.309061,-0.944878,0.788874,1.06367,1.06488,2.05825,-0.397185,1.1864,2.06629,-1.56208,0.657383,-0.158209,2.13452,-2.16462,1.66747,-0.641793,-1.43075,1.56285,-0.0418842,-0.0836892,-1.15899,2.19978,-1.68673,0.649564,0.600973,-0.586822,-0.710354,0.691847])
14.841526604494174
Max g: 0.1042713475679321
f_3([0.000334652,1.12877,-0.129026,0.157116,1.25757,-0.414687,0.0547049,1.12389,-0.123887,1.24373,-0.126776,-0.120568,-1.8245,-2.02858,-1.39746,-1.31002,-0.306888,-0.95037,0.689271,0.950772,0.932135,1.88794,-0.508975,1.18103,2.06392,-1.56495,0.662112,-0.161115,2.31794,-2.43186,1.70157,-0.591287,-1.69369,1.87038,-0.109107,-0.062198,-1.31813,2.43086,-1.69916,0.590113,0.779103,-0.800313,-0.756877,0.774583])
13.473364649027655
Max g: 0.09416729616199182
f_4([0.00273795,1.13775,-0.1384,0.150018,1.25553,-0.405662,0.0850773,1.10795,-0.107952,1.24831,-0.132093,-0.116516,-1.83167,-2.02827,-1.39284,-1.31194,-0.309239,-0.946321,0.633925,0.926721,0.780985,1.77508,-0.581484,1.17439,2.0605,-1.56526,0.670148,-0.165536,2.46963,-2.68091,1.74602,-0.536939,-1.93508,2.18327,-0.214095,-0.0308019,-1.46462,2.67379,-1.74199,0.535388,0.950899,-1.01662,-0.765663,0.828959])
13.29770876404281
Max g: 0.0802954517965398
f_5([0.00275914,1.15162,-0.152037,0.141525,1.25566,-0.397279,0.115215,1.0894,-0.0893992,1.2481,-0.14487,-0.103264,-1.83499,-2.03278,-1.38762,-1.31937,-0.31224,-0.941757,0.601808,0.935881,0.630835,1.68166,-0.639475,1.17284,2.06012,-1.56452,0.674443,-0.169487,2.57978,-2.8979,1.7981,-0.480764,-2.13348,2.47088,-0.333653,-0.00154665,-1.5743,2.89017,-1.79399,0.479427,1.11694,-1.24405,-0.75094,0.875538])
13.161331209752646
Max g: 0.06831327134448312
f_6([0.00392597,1.15805,-0.158225,0.135244,1.25481,-0.390156,0.14078,1.07244,-0.0724398,1.24345,-0.157691,-0.0857589,-1.83931,-2.03137,-1.38699,-1.31971,-0.312372,-0.942543,0.582396,0.951401,0.508121,1.60647,-0.681708,1.17731,2.05825,-1.56431,0.679713,-0.173555,2.65484,-3.07332,1.84308,-0.425019,-2.28978,2.71668,-0.443728,0.0183147,-1.65003,3.06623,-1.83931,0.423847,1.26483,-1.45663,-0.72346,0.913146])
13.051870278019752
Max g: 0.05715456649316519
f_7([0.00280243,1.16236,-0.162439,0.128067,1.25512,-0.383252,0.160835,1.05632,-0.0563163,1.23425,-0.162574,-0.0716736,-1.83769,-2.0302,-1.38662,-1.32141,-0.314132,-0.940018,0.570532,0.966051,0.41425,1.54815,-0.713375,1.18595,2.05822,-1.5629,0.680706,-0.176286,2.70486,-3.20847,1.87697,-0.37371,-2.40077,2.90627,-0.533899,0.0294921,-1.69944,3.19977,-1.87272,0.372629,1.38641,-1.63887,-0.692185,0.943023])
12.94579884690518
Max g: 0.0492363080048689
f_8([0.00225833,1.16665,-0.166798,0.12183,1.25502,-0.37711,0.17769,1.04346,-0.0434591,1.22301,-0.16819,-0.0548201,-1.83771,-2.03064,-1.38491,-1.32175,-0.315463,-0.938833,0.560835,0.977666,0.33658,1.4962,-0.738758,1.19784,2.05826,-1.56214,0.682472,-0.178631,2.74538,-3.32501,1.90283,-0.323186,-2.49553,3.07435,-0.613571,0.0351343,-1.73954,3.3161,-1.89818,0.321844,1.49661,-1.80886,-0.656861,0.967794])
12.938421698500596
Max g: 0.04152964478470303
f_9([0.000875426,1.17187,-0.171935,0.118271,1.25137,-0.369661,0.192499,1.03073,-0.0307277,1.21,-0.171728,-0.038269,-1.83774,-2.03407,-1.38309,-1.32084,-0.316766,-0.941022,0.553343,0.987579,0.270559,1.44788,-0.758352,1.21263,2.05748,-1.55934,0.682528,-0.180989,2.77731,-3.42691,1.92369,-0.273752,-2.57467,3.22248,-0.683884,0.0363009,-1.77196,3.41857,-1.91975,0.272909,1.59641,-1.96811,-0.6183,0.988774])
12.969625042428097
Max g: 0.035501387781633365
f_10([0.000422505,1.17314,-0.173146,0.115814,1.25004,-0.365902,0.205469,1.02121,-0.021206,1.19684,-0.175063,-0.0217816,-1.8363,-2.03474,-1.38054,-1.32011,-0.317871,-0.944123,0.5468,0.994555,0.215548,1.40283,-0.774552,1.23164,2.05813,-1.55964,0.684114,-0.183035,2.8046,-3.51899,1.94149,-0.227072,-2.6434,3.35629,-0.747257,0.03472,-1.79899,3.51002,-1.93766,0.226405,1.6876,-2.11677,-0.57499,1.00326])
13.031932039088442
{0.00042250529543300986,1.173138378815265,-0.17314626811579875,0.11581437350589756,1.250039405925908,-0.3659021426809127,0.2054692406529471,1.021211807834084,-0.021205987905892325,1.1968395391693516,-0.17506344903840299,-0.02178162906961972,-1.8362960110679662,-2.034738201591166,-1.3805388689944866,-1.3201142642950328,-0.31787143632577913,-0.944122668215923,0.546800273144663,0.994555193636156,0.2155481467374337,1.4028290066500633,-0.7745518738359302,1.2316390599866633,2.058125733734743,-1.5596358870730986,0.6841139842296949,-0.18303457152146546,2.804601553873361,-3.5189907465635613,1.9414896554846408,-0.22707232722734375,-2.6433971304018145,3.356287514197694,-0.7472574287488364,0.03471999629478311,-1.7989852748825859,3.510023643144479,-1.9376595068914801,0.22640523275616012,1.6875995682662153,-2.116765143191958,-0.5749901762928049,1.0032603938745575}]
Set[{A021,A031,A032,A041,A042,A043,A121,A131,A132,A141,A142,A143,B021,B031,B032,B041,B042,B043,B121,B131,B132,B141,B142,B143,\[Alpha]1,\[Alpha]2,\[Alpha]3,\[Alpha]4,\[Beta]11,\[Beta]12,\[Beta]13,\[Beta]14,\[Beta]21,\[Beta]22,\[Beta]23,\[Beta]24,\[Beta]31,\[Beta]32,\[Beta]33,\[Beta]34,\[Beta]41,\[Beta]42,\[Beta]43,\[Beta]44},{0.00042250529543300986,1.173138378815265,-0.17314626811579875,0.11581437350589756,1.250039405925908,-0.3659021426809127,0.2054692406529471,1.021211807834084,-0.021205987905892325,1.1968395391693516,-0.17506344903840299,-0.02178162906961972,-1.8362960110679662,-2.034738201591166,-1.3805388689944866,-1.3201142642950328,-0.31787143632577913,-0.944122668215923,0.546800273144663,0.994555193636156,0.2155481467374337,1.4028290066500633,-0.7745518738359302,1.2316390599866633,2.058125733734743,-1.5596358870730986,0.6841139842296949,-0.18303457152146546,2.804601553873361,-3.5189907465635613,1.9414896554846408,-0.22707232722734375,-2.6433971304018145,3.356287514197694,-0.7472574287488364,0.03471999629478311,-1.7989852748825859,3.510023643144479,-1.9376595068914801,0.22640523275616012,1.6875995682662153,-2.116765143191958,-0.5749901762928049,1.0032603938745575}]

Max g: 0.029358200644928265
f_11([0.000269982,1.17519,-0.175237,0.114738,1.24847,-0.363314,0.219256,1.01566,-0.0156601,1.18398,-0.1793,-0.00467726,-1.83521,-2.03569,-1.37901,-1.32102,-0.319808,-0.950294,0.538426,0.999884,0.154942,1.34999,-0.789116,1.25912,2.05922,-1.55989,0.685621,-0.184749,2.83561,-3.6236,1.9553,-0.167234,-2.7113,3.49607,-0.811262,0.0269112,-1.83379,3.62139,-1.95473,0.167228,1.80652,-2.30649,-0.511832,1.01124])
13.115174186626664
Max g: 0.020744101501969717
f_12([7.83281e-7,1.17642,-0.176423,0.112366,1.24837,-0.360726,0.232195,1.0088,-0.00879075,1.17354,-0.181382,0.00782115,-1.83395,-2.0369,-1.37803,-1.32337,-0.31907,-0.951307,0.530816,1.00754,0.0948942,1.2903,-0.802603,1.29325,2.05972,-1.55919,0.68534,-0.185596,2.86361,-3.72383,1.96656,-0.106551,-2.78116,3.63859,-0.873206,0.0161169,-1.86283,3.72249,-1.96664,0.106752,1.91476,-2.48977,-0.44863,1.02305])
13.161430900947304
Max g: 0.015084300575373952
f_13([8.19534e-5,1.17618,-0.176176,0.113319,1.24788,-0.36121,0.243054,1.00268,-0.00268,1.16337,-0.181413,0.0180463,-1.83262,-2.03751,-1.37655,-1.32341,-0.320427,-0.955566,0.523599,1.01427,0.0418506,1.23248,-0.813058,1.3319,2.06,-1.56047,0.685846,-0.185446,2.88718,-3.8103,1.9733,-0.050146,-2.84641,3.77108,-0.928337,0.00376509,-1.88685,3.80991,-1.97359,0.0504112,2.01246,-2.65575,-0.386035,1.02927])
13.187849067531289
Max g: 0.009961734799776554
f_14([0.000153027,1.17457,-0.174778,0.112614,1.25059,-0.363451,0.25236,1.00011,-0.000128608,1.15574,-0.180315,0.0245748,-1.82904,-2.04138,-1.37304,-1.32512,-0.323966,-0.957299,0.516658,1.01787,-0.00383564,1.17439,-0.819207,1.37549,2.06116,-1.56145,0.683675,-0.183502,2.90597,-3.88507,1.97707,0.00165602,-2.89972,3.88392,-0.973975,-0.0105243,-1.90529,3.88386,-1.97719,-0.0014952,2.101,-2.80726,-0.322008,1.02827])
13.218753337874821
Max g: 0.0037299293683596274
f_15([1.34482e-5,1.17321,-0.173256,0.111698,1.24975,-0.361484,0.260602,0.997393,0.00260705,1.15027,-0.178975,0.0287011,-1.82687,-2.04033,-1.37212,-1.32332,-0.325042,-0.960007,0.509788,1.02371,-0.0495641,1.11106,-0.824688,1.42719,2.0625,-1.56233,0.684275,-0.184327,2.92418,-3.95513,1.97977,0.0510268,-2.94923,3.98795,-1.01314,-0.025698,-1.92391,3.95475,-1.97993,-0.0508314,2.18815,-2.95961,-0.253162,1.02479])
13.223737897607649
Max g: 0.0020361695071080543
f_16([7.58252e-6,1.17362,-0.173626,0.111853,1.24915,-0.361027,0.266223,0.994889,0.00511082,1.14695,-0.176979,0.0300312,-1.82551,-2.04216,-1.36996,-1.32449,-0.325653,-0.9622,0.504816,1.02824,-0.0825584,1.06165,-0.826848,1.46844,2.06302,-1.56283,0.684283,-0.184472,2.93461,-4.00102,1.98078,0.0856563,-2.98614,4.06459,-1.04169,-0.0372533,-1.93398,4.0,-1.98051,-0.0856054,2.24758,-3.0646,-0.204524,1.02166])
13.230217825260324
Max g: 0.007231066522500981
f_17([5.02604e-5,1.17322,-0.173253,0.111991,1.24879,-0.360806,0.266745,0.990643,0.00589705,1.14581,-0.178945,0.0308573,-1.82484,-2.04235,-1.36904,-1.32401,-0.326171,-0.96382,0.50218,1.02748,-0.0936305,1.04119,-0.826901,1.48647,2.06343,-1.56353,0.684633,-0.184538,2.93853,-4.01886,1.9822,0.0981183,-2.9969,4.08778,-1.04927,-0.0417814,-1.93789,4.01779,-1.98174,-0.0981342,2.27338,-3.10387,-0.1883,1.01894])
13.234803620214526
Max g: 0.00868730307514965
f_18([1.27869e-5,1.17323,-0.173239,0.111951,1.24874,-0.360701,0.265961,0.990524,0.00577857,1.14569,-0.178996,0.0308697,-1.82478,-2.04252,-1.36887,-1.32394,-0.326287,-0.963674,0.502835,1.02708,-0.0897547,1.04766,-0.826738,1.48101,2.06347,-1.5635,0.68462,-0.184572,2.93823,-4.01474,1.98245,0.0940827,-2.98928,4.07335,-1.04369,-0.0404685,-1.93808,4.01453,-1.98237,-0.0940831,2.26623,-3.09094,-0.194558,1.01944])
13.234703929019869
Max g: 0.007748973622546389
f_19([4.00944e-6,1.17313,-0.173145,0.111912,1.24882,-0.360737,0.265398,0.990939,0.00555451,1.14579,-0.179114,0.0310479,-1.82473,-2.04243,-1.36891,-1.32387,-0.326148,-0.963581,0.503437,1.02667,-0.0860216,1.05373,-0.826633,1.47584,2.06348,-1.56351,0.684574,-0.184549,2.93735,-4.00985,1.98228,0.090214,-2.98443,4.06361,-1.04013,-0.0391075,-1.93736,4.00988,-1.98231,-0.0902096,2.25943,-3.07902,-0.200225,1.01998])
13.234604237825213
Max g: 0.0070289180558309045
f_20([1.67117e-5,1.17314,-0.173141,0.111918,1.2489,-0.360834,0.26487,0.991421,0.00533032,1.14597,-0.179227,0.0311558,-1.82477,-2.04238,-1.36891,-1.32398,-0.326134,-0.963241,0.504,1.02627,-0.082395,1.05956,-0.826528,1.47091,2.06346,-1.56353,0.684584,-0.184526,2.93638,-4.00475,1.98199,0.0864021,-2.98046,4.05526,-1.03708,-0.0377523,-1.93654,4.00497,-1.98205,-0.0864112,2.25288,-3.06758,-0.20556,1.02042])
13.234205473046586
{1.6711692191525428e-5,1.1731374946789381,-0.17314123466939518,0.11191786831192778,1.2489038303593747,-0.3608337496557594,0.26487041917719056,0.9914209872063781,0.005330322123649128,1.1459707563691146,-0.17922675630839782,0.03115578139478482,-1.8247732890035682,-2.0423785499827773,-1.368913472712082,-1.3239762194064943,-0.32613390497800226,-0.9632413772581068,0.5040001562565605,1.0262702541661362,-0.08239504701864989,1.0595562661346347,-0.826527671997372,1.4709146679077623,2.0634583688852515,-1.5635272729146485,0.684583824656062,-0.1845263555742085,2.9363841014313707,-4.00474504046683,1.9819941118892423,0.08640207181602305,-2.9804645445119764,4.055261778315592,-1.037083944321496,-0.03775225697782032,-1.9365439860004245,4.004973120415944,-1.982052848432586,-0.08641120569564965,2.252883890513545,-3.067581695226498,-0.20555965265133622,1.0204228652370302}]
Set[{A021,A031,A032,A041,A042,A043,A121,A131,A132,A141,A142,A143,B021,B031,B032,B041,B042,B043,B121,B131,B132,B141,B142,B143,\[Alpha]1,\[Alpha]2,\[Alpha]3,\[Alpha]4,\[Beta]11,\[Beta]12,\[Beta]13,\[Beta]14,\[Beta]21,\[Beta]22,\[Beta]23,\[Beta]24,\[Beta]31,\[Beta]32,\[Beta]33,\[Beta]34,\[Beta]41,\[Beta]42,\[Beta]43,\[Beta]44},{1.6711692191525428e-5,1.1731374946789381,-0.17314123466939518,0.11191786831192778,1.2489038303593747,-0.3608337496557594,0.26487041917719056,0.9914209872063781,0.005330322123649128,1.1459707563691146,-0.17922675630839782,0.03115578139478482,-1.8247732890035682,-2.0423785499827773,-1.368913472712082,-1.3239762194064943,-0.32613390497800226,-0.9632413772581068,0.5040001562565605,1.0262702541661362,-0.08239504701864989,1.0595562661346347,-0.826527671997372,1.4709146679077623,2.0634583688852515,-1.5635272729146485,0.684583824656062,-0.1845263555742085,2.9363841014313707,-4.00474504046683,1.9819941118892423,0.08640207181602305,-2.9804645445119764,4.055261778315592,-1.037083944321496,-0.03775225697782032,-1.9365439860004245,4.004973120415944,-1.982052848432586,-0.08641120569564965,2.252883890513545,-3.067581695226498,-0.20555965265133622,1.0204228652370302}]

Max g: 0.006379847176503431
f_21([1.70461e-5,1.17306,-0.17307,0.112048,1.24881,-0.360864,0.264375,0.991946,0.00509241,1.14621,-0.179238,0.0311026,-1.82478,-2.04248,-1.36887,-1.3239,-0.326237,-0.963299,0.504521,1.02583,-0.0788435,1.06509,-0.82643,1.46628,2.06348,-1.5635,0.684561,-0.184518,2.93549,-3.99994,1.98178,0.0826715,-2.97697,4.04767,-1.03435,-0.0363989,-1.93562,4.00009,-1.98182,-0.0826775,2.24671,-3.05685,-0.21047,1.02076])
13.235003002603838
Max g: 0.005779138771096898
f_22([1.34067e-5,1.17306,-0.173066,0.112075,1.24882,-0.360898,0.263923,0.992465,0.00485441,1.14625,-0.179097,0.031104,-1.82472,-2.04247,-1.36885,-1.32398,-0.326092,-0.963409,0.505053,1.02544,-0.0754505,1.07034,-0.826322,1.46189,2.0635,-1.56354,0.684552,-0.184509,2.93454,-3.99527,1.98164,0.0791091,-2.97349,4.0404,-1.03181,-0.0351266,-1.93464,3.9954,-1.98165,-0.0791237,2.24065,-3.04649,-0.215152,1.02112])
13.234305164241242
Max g: 0.005195718389940797
f_23([5.139e-5,1.17292,-0.172924,0.112202,1.24869,-0.360888,0.263503,0.992967,0.00463252,1.14622,-0.179086,0.0313092,-1.82474,-2.04257,-1.36868,-1.32388,-0.326095,-0.963481,0.505524,1.02505,-0.0723175,1.0752,-0.826317,1.45788,2.0635,-1.56359,0.684602,-0.184506,2.93366,-3.99089,1.98142,0.0758306,-2.97043,4.03384,-1.0295,-0.0339467,-1.93377,3.99106,-1.98148,-0.075833,2.23524,-3.03713,-0.219473,1.02148])
13.234604237825213
Max g: 0.004666036653541511
f_24([1.86381e-5,1.17294,-0.172946,0.112236,1.2486,-0.360835,0.263182,0.993302,0.00448942,1.14631,-0.178978,0.0312317,-1.82469,-2.04268,-1.36858,-1.32384,-0.326104,-0.963481,0.505873,1.02478,-0.0700241,1.07872,-0.826236,1.45496,2.06353,-1.56357,0.684564,-0.184514,2.93296,-3.98759,1.98123,0.0734009,-2.96809,4.02885,-1.0277,-0.0330859,-1.93312,3.9878,-1.9813,-0.0734048,2.23119,-3.03016,-0.222628,1.0217])
13.235601149771778
Max g: 0.0042726871052659945
f_25([9.12256e-6,1.17292,-0.172919,0.11231,1.24857,-0.360882,0.262959,0.99357,0.00437929,1.14631,-0.178865,0.0312263,-1.82467,-2.04273,-1.36859,-1.32387,-0.326139,-0.963486,0.506136,1.02458,-0.0683244,1.08132,-0.826178,1.4528,2.06353,-1.56357,0.684527,-0.184485,2.93242,-3.98517,1.98115,0.0716067,-2.96637,4.02525,-1.02644,-0.0324543,-1.93255,3.98535,-1.98119,-0.0716142,2.22819,-3.025,-0.22497,1.02188])
13.235800532161091
Max g: 0.003979825180211116
f_26([9.12611e-6,1.17292,-0.172919,0.11231,1.24857,-0.360882,0.262959,0.99357,0.00437926,1.14631,-0.178864,0.0312263,-1.82467,-2.04273,-1.36859,-1.32387,-0.326139,-0.963486,0.506136,1.02458,-0.0683241,1.08132,-0.826178,1.4528,2.06353,-1.56357,0.684527,-0.184485,2.93242,-3.98517,1.98115,0.0716065,-2.96637,4.02525,-1.02644,-0.0324542,-1.93255,3.98535,-1.98119,-0.0716139,2.22819,-3.025,-0.22497,1.02188])
13.235800532161091
Max g: 0.003979746415313602
f_27([4.46302e-5,1.17277,-0.172789,0.112288,1.24851,-0.360815,0.262753,0.993873,0.00427686,1.14634,-0.178734,0.0311789,-1.82471,-2.04276,-1.36853,-1.32396,-0.326282,-0.96344,0.506413,1.02445,-0.0667054,1.0839,-0.826039,1.45052,2.06345,-1.56355,0.684583,-0.184516,2.93184,-3.98264,1.98092,0.0698789,-2.96476,4.02175,-1.02515,-0.0318847,-1.93199,3.98281,-1.98097,-0.0698822,2.22493,-3.01958,-0.227395,1.02214])
13.235501458577122
Max g: 0.003672909646816481
f_28([1.94811e-5,1.17283,-0.17284,0.112182,1.24859,-0.360783,0.262179,0.994506,0.00398994,1.14647,-0.178716,0.0312789,-1.82473,-2.04264,-1.36876,-1.32417,-0.326242,-0.963513,0.507029,1.02398,-0.0626481,1.0901,-0.825877,1.44535,2.06347,-1.56349,0.684564,-0.184534,2.93059,-3.97671,1.98053,0.0655975,-2.96083,4.0133,-1.02214,-0.030359,-1.93062,3.97681,-1.98061,-0.065582,2.21755,-3.00685,-0.233247,1.02261])
13.234703929019869
Max g: 0.002997370226220212
f_29([1.88153e-5,1.17281,-0.172815,0.11222,1.24851,-0.360728,0.261659,0.995036,0.00376737,1.14648,-0.178572,0.0313304,-1.82473,-2.04268,-1.36871,-1.3241,-0.326319,-0.963452,0.507612,1.02353,-0.058863,1.09573,-0.825744,1.44076,2.06346,-1.56347,0.684568,-0.184551,2.92937,-3.97127,1.98035,0.0615617,-2.95704,4.00529,-1.01931,-0.028959,-1.92942,3.97133,-1.98036,-0.0615734,2.21082,-2.99532,-0.238372,1.02292])
13.234703929019869
Max g: 0.002346389367990715
f_30([5.69707e-5,1.17281,-0.172816,0.112485,1.24847,-0.360959,0.261163,0.995608,0.00350293,1.1464,-0.178566,0.0315936,-1.82482,-2.04271,-1.36883,-1.32421,-0.326365,-0.963553,0.508155,1.0231,-0.0552804,1.10099,-0.825514,1.43639,2.06344,-1.56351,0.684505,-0.184414,2.92825,-3.96611,1.98012,0.0577522,-2.95345,3.99766,-1.01658,-0.0276532,-1.92823,3.96607,-1.9801,-0.0577541,2.20439,-2.98435,-0.243232,1.02322])
13.235003002603838
{5.697072205186164e-5,1.1728051131816597,-0.17281583128646313,0.11248478080954975,1.2484718061573736,-0.36095853417944235,0.2611627220479705,0.9956079548672888,0.003502933511818591,1.1464013673323414,-0.17856646441365762,0.03159358295530703,-1.8248178305027023,-2.0427063781790253,-1.3688323438389491,-1.3242064640372926,-0.3263650026065729,-0.9635534246636215,0.5081552615197082,1.0230987315445508,-0.055280449160541374,1.1009886009023235,-0.8255141749599109,1.4363924210876615,2.0634357044013467,-1.5635090701310648,0.6845048269733285,-0.18441439776874452,2.928251945981677,-3.9661069379213427,1.9801180951182942,0.05775223947486027,-2.95345185274436,3.9976608139100485,-1.0165776734808618,-0.027653208072450954,-1.9282296249672637,3.9660732434502184,-1.9801017544095436,-0.05775407763935682,2.204391079146027,-2.984345300190315,-0.24323224941229035,1.0232198485108985}]
Set[{A021,A031,A032,A041,A042,A043,A121,A131,A132,A141,A142,A143,B021,B031,B032,B041,B042,B043,B121,B131,B132,B141,B142,B143,\[Alpha]1,\[Alpha]2,\[Alpha]3,\[Alpha]4,\[Beta]11,\[Beta]12,\[Beta]13,\[Beta]14,\[Beta]21,\[Beta]22,\[Beta]23,\[Beta]24,\[Beta]31,\[Beta]32,\[Beta]33,\[Beta]34,\[Beta]41,\[Beta]42,\[Beta]43,\[Beta]44},{5.697072205186164e-5,1.1728051131816597,-0.17281583128646313,0.11248478080954975,1.2484718061573736,-0.36095853417944235,0.2611627220479705,0.9956079548672888,0.003502933511818591,1.1464013673323414,-0.17856646441365762,0.03159358295530703,-1.8248178305027023,-2.0427063781790253,-1.3688323438389491,-1.3242064640372926,-0.3263650026065729,-0.9635534246636215,0.5081552615197082,1.0230987315445508,-0.055280449160541374,1.1009886009023235,-0.8255141749599109,1.4363924210876615,2.0634357044013467,-1.5635090701310648,0.6845048269733285,-0.18441439776874452,2.928251945981677,-3.9661069379213427,1.9801180951182942,0.05775223947486027,-2.95345185274436,3.9976608139100485,-1.0165776734808618,-0.027653208072450954,-1.9282296249672637,3.9660732434502184,-1.9801017544095436,-0.05775407763935682,2.204391079146027,-2.984345300190315,-0.24323224941229035,1.0232198485108985}]

Max g: 0.0017143892037671457
f_31([7.57885e-5,1.17275,-0.172752,0.11252,1.24855,-0.361068,0.26078,0.996025,0.003334,1.14644,-0.178453,0.0316038,-1.82478,-2.04267,-1.36881,-1.32426,-0.326374,-0.963506,0.508562,1.02279,-0.052553,1.10496,-0.825309,1.43311,2.06345,-1.56357,0.6845,-0.184377,2.9274,-3.96212,1.9799,0.0548337,-2.95067,3.99176,-1.01447,-0.0266339,-1.92736,3.96207,-1.9799,-0.0548307,2.19961,-2.97613,-0.246844,1.02339])
13.234903311409182
Max g: 0.0012587308186431702
f_32([8.16999e-5,1.1727,-0.172703,0.112538,1.24849,-0.361033,0.260415,0.996409,0.0031655,1.14655,-0.178455,0.0316363,-1.82481,-2.04267,-1.36885,-1.32432,-0.32647,-0.963547,0.508915,1.02249,-0.0500667,1.10858,-0.825158,1.43012,2.06343,-1.56355,0.684534,-0.18441,2.9267,-3.95854,1.97968,0.0521761,-2.94825,3.98645,-1.0125,-0.0257173,-1.9266,3.95844,-1.97966,-0.0521639,2.19525,-2.96855,-0.250276,1.0236])
13.235102693798495
Max g: 0.0008332557573254885
f_33([6.14259e-5,1.17273,-0.172729,0.112536,1.24853,-0.36107,0.260069,0.99677,0.00298452,1.14654,-0.178374,0.0316894,-1.82478,-2.04266,-1.36895,-1.32435,-0.326474,-0.963471,0.509255,1.0222,-0.0477242,1.11204,-0.825133,1.4274,2.06342,-1.5635,0.684443,-0.184364,2.92595,-3.95511,1.9795,0.0496578,-2.94592,3.98142,-1.01065,-0.024855,-1.9259,3.95502,-1.97947,-0.0496543,2.1912,-2.96153,-0.253431,1.02378])
13.235800532161091
Max g: 0.00043420767689552817
f_34([2.21238e-5,1.17269,-0.17269,0.112546,1.24857,-0.361113,0.259774,0.997071,0.00287239,1.14654,-0.178265,0.0316941,-1.8247,-2.04277,-1.36889,-1.32431,-0.326514,-0.963475,0.509539,1.02197,-0.0457155,1.11489,-0.82498,1.4251,2.06345,-1.56348,0.684348,-0.184318,2.92535,-3.95212,1.97929,0.0474931,-2.94392,3.97707,-1.00904,-0.0241152,-1.92533,3.95211,-1.97929,-0.0474919,2.18766,-2.95542,-0.256063,1.02384])
13.23609960574506
Max g: 9.101537118439557e-5
f_35([5.70944e-6,1.17266,-0.172663,0.112526,1.24856,-0.361087,0.259693,0.997144,0.00284151,1.14655,-0.178255,0.0317052,-1.82471,-2.0428,-1.36887,-1.32433,-0.326471,-0.963446,0.50962,1.02189,-0.0451466,1.11571,-0.824959,1.42443,2.06344,-1.56346,0.684336,-0.184323,2.92518,-3.95133,1.97927,0.0468882,-2.94333,3.97583,-1.0086,-0.0239053,-1.92516,3.9513,-1.97926,-0.0468922,2.18671,-2.95377,-0.256816,1.02389])
13.23609960574506
Max g: 1.7219473508189864e-5
f_36([5.70945e-6,1.17266,-0.172663,0.112526,1.24856,-0.361087,0.259693,0.997144,0.00284151,1.14655,-0.178255,0.0317052,-1.82471,-2.0428,-1.36887,-1.32433,-0.326471,-0.963446,0.50962,1.02189,-0.0451466,1.11571,-0.824959,1.42443,2.06344,-1.56346,0.684336,-0.184323,2.92518,-3.95133,1.97927,0.0468882,-2.94333,3.97583,-1.0086,-0.0239053,-1.92516,3.9513,-1.97926,-0.0468922,2.18671,-2.95377,-0.256816,1.02389])
13.235999914550405
Max g: 1.7219132527612757e-5
f_37([1.94126e-6,1.17275,-0.172751,0.112496,1.24866,-0.361166,0.259454,0.997311,0.00268902,1.14654,-0.178191,0.031652,-1.82471,-2.04275,-1.36895,-1.32429,-0.326428,-0.963352,0.509811,1.02171,-0.0437837,1.11764,-0.824845,1.42284,2.06344,-1.56345,0.684293,-0.184301,2.92472,-3.94933,1.97918,0.0454353,-2.94194,3.97284,-1.00746,-0.0234305,-1.92468,3.9493,-1.97919,-0.0454213,2.18432,-2.94959,-0.258747,1.024])
13.235900223355747
Max g: 0.0001355174862737868
f_38([5.54664e-6,1.17272,-0.17272,0.112524,1.24869,-0.361219,0.259139,0.997442,0.00255755,1.14647,-0.178175,0.0317039,-1.82462,-2.04272,-1.3689,-1.32429,-0.326346,-0.963308,0.51009,1.02149,-0.0419939,1.12019,-0.824633,1.4207,2.06351,-1.56351,0.684282,-0.184281,2.92403,-3.94666,1.97913,0.0435021,-2.93996,3.96867,-1.00588,-0.0228258,-1.92399,3.9466,-1.9791,-0.0434984,2.18095,-2.94374,-0.2614,1.02416])
13.23609960574506
Max g: 0.0003259779614611935
f_39([2.05989e-7,1.17269,-0.172694,0.112575,1.24872,-0.361296,0.258888,0.997516,0.00248355,1.14642,-0.178138,0.0317169,-1.82459,-2.04278,-1.36892,-1.32428,-0.326437,-0.963412,0.510304,1.02133,-0.0405917,1.1222,-0.824541,1.41912,2.06352,-1.5635,0.684219,-0.184232,2.92354,-3.9446,1.97906,0.0419885,-2.93839,3.96537,-1.00463,-0.0223444,-1.92351,3.94457,-1.97907,-0.0419821,2.1783,-2.93911,-0.263432,1.02421])
13.236697752913
Max g: 0.00047616639748350453
f_40([3.84556e-7,1.17269,-0.172685,0.112612,1.2487,-0.361309,0.25897,0.997449,0.002551,1.14642,-0.178136,0.0317164,-1.82458,-2.04277,-1.36891,-1.32428,-0.326421,-0.96344,0.510238,1.02139,-0.0410716,1.12154,-0.824589,1.41966,2.06352,-1.56352,0.684212,-0.184211,2.92372,-3.94532,1.97909,0.0425044,-2.93877,3.96626,-1.00496,-0.0225158,-1.92372,3.94531,-1.97908,-0.0425064,2.17911,-2.94052,-0.262788,1.02418])
13.23609960574506
{3.8455633126090973e-7,1.1726853069868473,-0.17268544301936245,0.11261201184457746,1.2486965693588497,-0.36130928442451987,0.2589702915112198,0.9974490234856509,0.002551002385851704,1.1464195609473251,-0.1781358937150789,0.03171638579456857,-1.8245763753389506,-2.042769369500771,-1.368909619816363,-1.3242796980688243,-0.3264214070591358,-0.9634401954495693,0.5102379459791014,1.0213919887438636,-0.041071557560932226,1.1215435633069197,-0.8245885839433039,1.419664330394308,2.0635155633884605,-1.563517982412375,0.6842116018985073,-0.1842106054753384,2.923717413148289,-3.9453155870916925,1.9790885784568784,0.04250443053712181,-2.9387681695798333,3.966255729208895,-1.0049628632531127,-0.022515849939628088,-1.9237167171637906,3.9453083752905562,-1.9790812403798999,-0.04250639982398896,2.179105351775352,-2.9405169272649223,-0.26278815566432934,1.0241843516541609}]
Set[{A021,A031,A032,A041,A042,A043,A121,A131,A132,A141,A142,A143,B021,B031,B032,B041,B042,B043,B121,B131,B132,B141,B142,B143,\[Alpha]1,\[Alpha]2,\[Alpha]3,\[Alpha]4,\[Beta]11,\[Beta]12,\[Beta]13,\[Beta]14,\[Beta]21,\[Beta]22,\[Beta]23,\[Beta]24,\[Beta]31,\[Beta]32,\[Beta]33,\[Beta]34,\[Beta]41,\[Beta]42,\[Beta]43,\[Beta]44},{3.8455633126090973e-7,1.1726853069868473,-0.17268544301936245,0.11261201184457746,1.2486965693588497,-0.36130928442451987,0.2589702915112198,0.9974490234856509,0.002551002385851704,1.1464195609473251,-0.1781358937150789,0.03171638579456857,-1.8245763753389506,-2.042769369500771,-1.368909619816363,-1.3242796980688243,-0.3264214070591358,-0.9634401954495693,0.5102379459791014,1.0213919887438636,-0.041071557560932226,1.1215435633069197,-0.8245885839433039,1.419664330394308,2.0635155633884605,-1.563517982412375,0.6842116018985073,-0.1842106054753384,2.923717413148289,-3.9453155870916925,1.9790885784568784,0.04250443053712181,-2.9387681695798333,3.966255729208895,-1.0049628632531127,-0.022515849939628088,-1.9237167171637906,3.9453083752905562,-1.9790812403798999,-0.04250639982398896,2.179105351775352,-2.9405169272649223,-0.26278815566432934,1.0241843516541609}]

Max g: 0.0004390723064182228
f_41([1.13233e-7,1.1727,-0.172699,0.112614,1.2487,-0.361318,0.259049,0.997422,0.00257825,1.14642,-0.178131,0.0317111,-1.82457,-2.04277,-1.3689,-1.32429,-0.326423,-0.963447,0.510175,1.02145,-0.0415025,1.12092,-0.824621,1.42017,2.06352,-1.56353,0.684218,-0.184217,2.92387,-3.94595,1.97911,0.0429701,-2.93922,3.96723,-1.00534,-0.0226631,-1.92386,3.94594,-1.97911,-0.0429703,2.1799,-2.94191,-0.262155,1.02415])
13.23639867932903
Max g: 0.0003934535201084721
f_42([2.19079e-7,1.1727,-0.172698,0.112595,1.24871,-0.361308,0.25912,0.997393,0.00260711,1.14642,-0.178123,0.0317045,-1.82457,-2.04277,-1.3689,-1.3243,-0.326403,-0.963432,0.510115,1.02149,-0.0419,1.12035,-0.82465,1.42064,2.06352,-1.56352,0.684217,-0.184215,2.92401,-3.94653,1.97912,0.0434006,-2.93966,3.96816,-1.0057,-0.0227991,-1.924,3.94653,-1.97912,-0.0434003,2.18064,-2.94321,-0.261555,1.02411])
13.236199296939716
Max g: 0.0003516519415933672
f_43([3.56757e-6,1.17269,-0.172689,0.112609,1.2487,-0.361311,0.259188,0.997369,0.00263116,1.14643,-0.178138,0.0317115,-1.82458,-2.04276,-1.36889,-1.32431,-0.326402,-0.963423,0.510059,1.02154,-0.042272,1.11981,-0.824682,1.42108,2.06352,-1.56353,0.68423,-0.184222,2.92413,-3.94707,1.97914,0.0438015,-2.94007,3.96904,-1.00604,-0.0229267,-1.92413,3.94707,-1.97914,-0.0438019,2.18134,-2.94443,-0.260993,1.02408])
13.236199296939716
Max g: 0.0003121240599671393
f_44([7.35523e-6,1.17269,-0.172691,0.112612,1.2487,-0.361314,0.259242,0.997351,0.00264862,1.14643,-0.178142,0.0317147,-1.82458,-2.04276,-1.36889,-1.32431,-0.326403,-0.963427,0.510014,1.02158,-0.0425777,1.11937,-0.824709,1.42144,2.06352,-1.56353,0.684237,-0.184223,2.92422,-3.94751,1.97915,0.0441297,-2.9404,3.96975,-1.00631,-0.0230308,-1.92423,3.94751,-1.97915,-0.0441305,2.1819,-2.94541,-0.260547,1.02405])
13.235999914550405
Max g: 0.00028051163363375375
f_45([5.40043e-6,1.17269,-0.172696,0.112611,1.2487,-0.361307,0.25929,0.997332,0.00266802,1.14642,-0.178146,0.0317247,-1.82457,-2.04276,-1.36889,-1.32432,-0.326396,-0.963421,0.509973,1.0216,-0.0428412,1.11898,-0.824733,1.42176,2.06352,-1.56354,0.684237,-0.184226,2.92431,-3.94789,1.97916,0.0444151,-2.94071,3.97038,-1.00655,-0.0231209,-1.92432,3.9479,-1.97917,-0.0444157,2.1824,-2.94629,-0.260146,1.02403])
13.236199296939716
Max g: 0.00025082360430775386
f_46([9.2324e-6,1.17269,-0.172695,0.112613,1.2487,-0.361313,0.259336,0.997314,0.00268569,1.14642,-0.17814,0.0317197,-1.82458,-2.04276,-1.36889,-1.32432,-0.326399,-0.963439,0.509936,1.02163,-0.0430918,1.11862,-0.824758,1.42206,2.06352,-1.56354,0.684241,-0.184226,2.9244,-3.94826,1.97918,0.0446842,-2.94098,3.97097,-1.00678,-0.0232061,-1.9244,3.94826,-1.97918,-0.0446851,2.18286,-2.9471,-0.259769,1.024])
13.235999914550405
Max g: 0.00022349539339100444
f_47([8.17235e-6,1.1727,-0.172697,0.112612,1.2487,-0.361316,0.259378,0.997302,0.00269845,1.14641,-0.178133,0.0317184,-1.82457,-2.04276,-1.36888,-1.32432,-0.3264,-0.96344,0.509902,1.02166,-0.0433175,1.11829,-0.824774,1.42233,2.06352,-1.56354,0.684238,-0.184225,2.92447,-3.9486,1.97919,0.0449282,-2.94123,3.9715,-1.00699,-0.0232827,-1.92448,3.9486,-1.9792,-0.0449282,2.18329,-2.94785,-0.259422,1.02398])
13.235999914550405
Max g: 0.00019961139388756377
f_48([8.38064e-6,1.1727,-0.172697,0.112605,1.24871,-0.361318,0.259416,0.997285,0.00271485,1.14641,-0.178136,0.0317237,-1.82457,-2.04277,-1.36888,-1.32431,-0.326398,-0.963427,0.509869,1.02169,-0.0435345,1.11797,-0.824785,1.42259,2.06352,-1.56354,0.684235,-0.18422,2.92455,-3.94891,1.9792,0.0451621,-2.94147,3.97202,-1.00718,-0.0233569,-1.92455,3.94891,-1.9792,-0.0451624,2.18369,-2.94856,-0.259096,1.02396])
13.235800532161091
Max g: 0.00017653403805412138
f_49([3.98897e-6,1.17269,-0.172695,0.112599,1.24871,-0.361314,0.259453,0.997274,0.00272564,1.14641,-0.178142,0.0317267,-1.82456,-2.04276,-1.36889,-1.32431,-0.326407,-0.96343,0.509838,1.02171,-0.0437374,1.11768,-0.824798,1.42283,2.06353,-1.56354,0.684232,-0.184224,2.92462,-3.9492,1.97921,0.0453811,-2.9417,3.97249,-1.00736,-0.0234265,-1.92462,3.94921,-1.97921,-0.045381,2.18408,-2.94923,-0.258795,1.02394])
13.235999914550405
Max g: 0.00015502047613399905
f_50([2.58659e-7,1.17269,-0.172688,0.112598,1.24871,-0.361309,0.259484,0.997263,0.00273691,1.1464,-0.178137,0.0317331,-1.82455,-2.04275,-1.36889,-1.32432,-0.326403,-0.96343,0.509809,1.02173,-0.0439221,1.11741,-0.824811,1.42305,2.06353,-1.56354,0.684233,-0.184229,2.92469,-3.94947,1.97921,0.0455789,-2.94191,3.97293,-1.00752,-0.0234891,-1.92469,3.94948,-1.97921,-0.0455796,2.18442,-2.94982,-0.258524,1.02392])
13.235900223355747
{2.5865937943911743e-7,1.17268658492767,-0.17268795409271373,0.11259769546956613,1.2487104310851018,-0.36130901432811235,0.2594837151534976,0.9972631069850887,0.002736914310477164,1.1464042553783882,-0.1781373197679658,0.0317330613618887,-1.82455024337222,-2.042751714609022,-1.3688851670348947,-1.3243160838522796,-0.32640258512496806,-0.9634301254296407,0.5098087015035644,1.0217344543987392,-0.04392206236160653,1.1174061242318551,-0.824810544982113,1.4230459650186107,2.0635309757179985,-1.5635350266080388,0.6842325678991222,-0.1842293220605828,2.924686905716798,-3.949473913292719,1.9792074807804256,0.045578901915886455,-2.9419120764800017,3.972926285461004,-1.0075224060659604,-0.023489100418750037,-1.9246897947169597,3.9494764855093853,-1.9792065267068095,-0.04557963139783352,2.1844206357953984,-2.949824585553793,-0.25852434063709306,1.0239227043196557}]
Set[{A021,A031,A032,A041,A042,A043,A121,A131,A132,A141,A142,A143,B021,B031,B032,B041,B042,B043,B121,B131,B132,B141,B142,B143,\[Alpha]1,\[Alpha]2,\[Alpha]3,\[Alpha]4,\[Beta]11,\[Beta]12,\[Beta]13,\[Beta]14,\[Beta]21,\[Beta]22,\[Beta]23,\[Beta]24,\[Beta]31,\[Beta]32,\[Beta]33,\[Beta]34,\[Beta]41,\[Beta]42,\[Beta]43,\[Beta]44},{2.5865937943911743e-7,1.17268658492767,-0.17268795409271373,0.11259769546956613,1.2487104310851018,-0.36130901432811235,0.2594837151534976,0.9972631069850887,0.002736914310477164,1.1464042553783882,-0.1781373197679658,0.0317330613618887,-1.82455024337222,-2.042751714609022,-1.3688851670348947,-1.3243160838522796,-0.32640258512496806,-0.9634301254296407,0.5098087015035644,1.0217344543987392,-0.04392206236160653,1.1174061242318551,-0.824810544982113,1.4230459650186107,2.0635309757179985,-1.5635350266080388,0.6842325678991222,-0.1842293220605828,2.924686905716798,-3.949473913292719,1.9792074807804256,0.045578901915886455,-2.9419120764800017,3.972926285461004,-1.0075224060659604,-0.023489100418750037,-1.9246897947169597,3.9494764855093853,-1.9792065267068095,-0.04557963139783352,2.1844206357953984,-2.949824585553793,-0.25852434063709306,1.0239227043196557}]

Max g: 0.00013525547996276477
f_51([3.34971e-6,1.17269,-0.172695,0.112596,1.24872,-0.361313,0.259527,0.997248,0.00275171,1.1464,-0.178133,0.0317284,-1.82455,-2.04275,-1.36888,-1.32431,-0.3264,-0.963424,0.509772,1.02176,-0.0441601,1.11706,-0.824837,1.42334,2.06353,-1.56354,0.684237,-0.184231,2.92476,-3.94981,1.97922,0.0458347,-2.94219,3.9735,-1.00774,-0.02357,-1.92477,3.94982,-1.97922,-0.0458351,2.18488,-2.95062,-0.25816,1.0239])
13.236199296939716
Max g: 0.00010847680322542685
f_52([1.64095e-6,1.17269,-0.172694,0.11259,1.24872,-0.36131,0.25957,0.997233,0.00276733,1.1464,-0.178134,0.0317311,-1.82454,-2.04276,-1.36887,-1.32431,-0.326402,-0.963409,0.509734,1.02179,-0.0444025,1.11671,-0.824858,1.42363,2.06354,-1.56354,0.68423,-0.184227,2.92485,-3.95017,1.97923,0.0460967,-2.94247,3.97409,-1.00797,-0.0236515,-1.92485,3.95017,-1.97922,-0.0460966,2.18533,-2.95142,-0.257798,1.02388])
13.236298988134374
Max g: 8.318444602126163e-5
f_53([4.09668e-6,1.17269,-0.172694,0.112591,1.24873,-0.361318,0.259612,0.997221,0.00277858,1.1464,-0.178137,0.0317342,-1.82454,-2.04276,-1.36887,-1.32431,-0.326399,-0.963403,0.509701,1.02182,-0.0446285,1.11637,-0.824874,1.4239,2.06354,-1.56355,0.684229,-0.184222,2.92492,-3.9505,1.97924,0.0463398,-2.94272,3.97462,-1.00818,-0.023729,-1.92492,3.9505,-1.97924,-0.0463403,2.18576,-2.95216,-0.257448,1.02385])
13.23609960574506
Max g: 5.798180773669559e-5
f_54([7.7721e-6,1.17269,-0.17269,0.112592,1.24873,-0.361324,0.25965,0.997206,0.00279409,1.1464,-0.178137,0.0317378,-1.82454,-2.04276,-1.36886,-1.3243,-0.326397,-0.963405,0.509669,1.02184,-0.0448413,1.11606,-0.82489,1.42416,2.06354,-1.56355,0.684233,-0.184221,2.92499,-3.95081,1.97925,0.0465687,-2.94295,3.97512,-1.00837,-0.0238016,-1.925,3.95082,-1.97925,-0.0465697,2.18616,-2.95286,-0.257125,1.02383])
13.236199296939716
Max g: 3.576838023881812e-5
f_55([7.56897e-6,1.17269,-0.172689,0.112597,1.24873,-0.361322,0.259687,0.997192,0.00280808,1.1464,-0.178137,0.0317404,-1.82453,-2.04275,-1.36885,-1.3243,-0.326388,-0.963405,0.50964,1.02187,-0.0450387,1.11577,-0.824896,1.42439,2.06355,-1.56356,0.684233,-0.184221,2.92505,-3.9511,1.97926,0.0467812,-2.94317,3.97558,-1.00855,-0.0238697,-1.92506,3.9511,-1.97926,-0.0467813,2.18652,-2.9535,-0.256829,1.02381])
13.23609960574506
Max g: 1.3580678080729602e-5
{6.734467350293309e-6,1.1726885818529411,-0.17269005402273152,0.11259908859769958,1.2487290329465546,-0.36132854810834636,0.2596979380505725,0.9971872296016729,0.0028127703983272844,1.146393914843542,-0.17813690728431425,0.03174299244077305,-1.8245301005291774,-2.042750086766218,-1.3688555202591182,-1.324302061056127,-0.326388344019561,-0.9634048747658793,0.5096312835585635,1.021874642103765,-0.045102151097409046,1.1156772761052183,-0.8248995733314143,1.4244673788316744,2.063548876936024,-1.5635592561890101,0.6842330400372483,-0.18422145621409744,2.9250708360870425,-3.9511834047901684,1.979261242725958,0.04685022183148791,-2.943233360835274,3.9757295339110232,-1.0086045688705991,-0.02389161700746026,-1.9250728081210258,3.951186713554114,-1.979264184515392,-0.04684950998112978,2.186629549873291,-2.953696164246429,-0.25673764395153875,1.0238029140358123}]
Set[{A021,A031,A032,A041,A042,A043,A121,A131,A132,A141,A142,A143,B021,B031,B032,B041,B042,B043,B121,B131,B132,B141,B142,B143,\[Alpha]1,\[Alpha]2,\[Alpha]3,\[Alpha]4,\[Beta]11,\[Beta]12,\[Beta]13,\[Beta]14,\[Beta]21,\[Beta]22,\[Beta]23,\[Beta]24,\[Beta]31,\[Beta]32,\[Beta]33,\[Beta]34,\[Beta]41,\[Beta]42,\[Beta]43,\[Beta]44},{6.734467350293309e-6,1.1726885818529411,-0.17269005402273152,0.11259908859769958,1.2487290329465546,-0.36132854810834636,0.2596979380505725,0.9971872296016729,0.0028127703983272844,1.146393914843542,-0.17813690728431425,0.03174299244077305,-1.8245301005291774,-2.042750086766218,-1.3688555202591182,-1.324302061056127,-0.326388344019561,-0.9634048747658793,0.5096312835585635,1.021874642103765,-0.045102151097409046,1.1156772761052183,-0.8248995733314143,1.4244673788316744,2.063548876936024,-1.5635592561890101,0.6842330400372483,-0.18422145621409744,2.9250708360870425,-3.9511834047901684,1.979261242725958,0.04685022183148791,-2.943233360835274,3.9757295339110232,-1.0086045688705991,-0.02389161700746026,-1.9250728081210258,3.951186713554114,-1.979264184515392,-0.04684950998112978,2.186629549873291,-2.953696164246429,-0.25673764395153875,1.0238029140358123}]


-----------------Final Result------------------
Options: alg=LN_AUGLAG_EQ,dx=0.01,max_eval=100000000,popSize=0
imin=-6,jmin=-3,imax=1,jmax=3,
parameter_minmax=5,
randSeed=84990787,rand_minmax=1,
END_C=true, INEQ_C=false

5538206 steps

Completed with maxf : 13.23609960574506

Constraints at 7.865451144298263e-6

x = [6.734467350293309e-6,1.1726885818529411,-0.17269005402273152,0.11259908859769958,1.2487290329465546,-0.36132854810834636,0.2596979380505725,0.9971872296016729,0.0028127703983272844,1.146393914843542,-0.17813690728431425,0.03174299244077305,-1.8245301005291774,-2.042750086766218,-1.3688555202591182,-1.324302061056127,-0.326388344019561,-0.9634048747658793,0.5096312835585635,1.021874642103765,-0.045102151097409046,1.1156772761052183,-0.8248995733314143,1.4244673788316744,2.063548876936024,-1.5635592561890101,0.6842330400372483,-0.18422145621409744,2.9250708360870425,-3.9511834047901684,1.979261242725958,0.04685022183148791,-2.943233360835274,3.9757295339110232,-1.0086045688705991,-0.02389161700746026,-1.9250728081210258,3.951186713554114,-1.979264184515392,-0.04684950998112978,2.186629549873291,-2.953696164246429,-0.25673764395153875,1.0238029140358123]
c0 = [0.0,6.734467350293309e-6,0.9999985278302096,0.9999995734359077]
c1 = [0.0,0.2596979380505725,1.0000000000000002,1.0000000000000009]
A0 = [0.0,6.734467350293309e-6,1.1726885818529411,0.11259908859769958,0.0,0.0,-0.17269005402273152,1.2487290329465546,0.0,0.0,0.0,-0.36132854810834636,0.0,0.0,0.0,0.0]
A1 = [0.0,0.2596979380505725,0.9971872296016729,1.146393914843542,0.0,0.0,0.0028127703983272844,-0.17813690728431425,0.0,0.0,0.0,0.03174299244077305,0.0,0.0,0.0,0.0]
B0 = [0.0,-1.8245301005291774,-2.042750086766218,-1.324302061056127,0.0,0.0,-1.3688555202591182,-0.326388344019561,0.0,0.0,0.0,-0.9634048747658793,0.0,0.0,0.0,0.0]
B1 = [0.0,0.5096312835585635,1.021874642103765,1.1156772761052183,0.0,0.0,-0.045102151097409046,-0.8248995733314143,0.0,0.0,0.0,1.4244673788316744,0.0,0.0,0.0,0.0]
α  = [2.063548876936024,-1.5635592561890101,0.6842330400372483,-0.18422145621409744]
β1 = [2.9250708360870425,-3.9511834047901684,1.979261242725958,0.04685022183148791]
β2 = [-2.943233360835274,3.9757295339110232,-1.0086045688705991,-0.02389161700746026]
β3 = [-1.9250728081210258,3.951186713554114,-1.979264184515392,-0.04684950998112978]
β4 = [2.186629549873291,-2.953696164246429,-0.25673764395153875,1.0238029140358123]


Set[{A021,A031,A032,A041,A042,A043,A121,A131,A132,A141,A142,A143,B021,B031,B032,B041,B042,B043,B121,B131,B132,B141,B142,B143,\[Alpha]1,\[Alpha]2,\[Alpha]3,\[Alpha]4,\[Beta]11,\[Beta]12,\[Beta]13,\[Beta]14,\[Beta]21,\[Beta]22,\[Beta]23,\[Beta]24,\[Beta]31,\[Beta]32,\[Beta]33,\[Beta]34,\[Beta]41,\[Beta]42,\[Beta]43,\[Beta]44},{6.734467350293309e-6,1.1726885818529411,-0.17269005402273152,0.11259908859769958,1.2487290329465546,-0.36132854810834636,0.2596979380505725,0.9971872296016729,0.0028127703983272844,1.146393914843542,-0.17813690728431425,0.03174299244077305,-1.8245301005291774,-2.042750086766218,-1.3688555202591182,-1.324302061056127,-0.326388344019561,-0.9634048747658793,0.5096312835585635,1.021874642103765,-0.045102151097409046,1.1156772761052183,-0.8248995733314143,1.4244673788316744,2.063548876936024,-1.5635592561890101,0.6842330400372483,-0.18422145621409744,2.9250708360870425,-3.9511834047901684,1.979261242725958,0.04685022183148791,-2.943233360835274,3.9757295339110232,-1.0086045688705991,-0.02389161700746026,-1.9250728081210258,3.951186713554114,-1.979264184515392,-0.04684950998112978,2.186629549873291,-2.953696164246429,-0.25673764395153875,1.0238029140358123}]



