
-----------------Setup------------------
Options: alg=LN_AUGLAG_EQ,dx=0.01,max_eval=100000000,popSize=0
imin=-6,jmin=-3,imax=1,jmax=3,
parameter_minmax=5,
randSeed=50943460, rand_minmax=2,
END_C=true, INEQ_C=false

Initial Condition:

[-0.302974,1.86105,1.91502,1.87765,-0.758574,1.72063,1.79637,-0.709157,0.778787,1.65055,-1.13881,-1.6479,1.76549,1.92598,-0.442836,-1.88445,1.80238,1.23035,1.93171,-1.29646,0.437461,-0.260128,-1.41726,0.597746,-1.61091,0.593698,0.119407,0.0835217,-0.775701,-0.0545562,-1.92814,-1.28721,-0.206506,-0.122231,-0.779993,0.443843,0.964347,-0.829725,1.74131,-1.44319,1.08002,-0.346256,-1.48317,-0.786466]

f_1([5.70112e-6,-0.354633,0.502434,0.918034,-1.36441,1.30295,1.07237e-6,-0.0711453,0.0711453,3.04416,-1.61468,-1.40501,1.03213,1.35298,-0.844918,-2.78372,1.06616,-0.158492,1.59085,0.320913,-0.285324,0.572854,-1.14097,0.801096,0.475381,-0.177788,-0.130632,-0.00774905,1.0315,-0.864345,-1.43592,1.1716,0.0746418,0.363116,-0.445096,0.101379,0.758377,-0.306067,1.29299,-1.39113,3.71469,-0.252168,-1.68722,-0.903302])
18.3316156382254
Max g: 1.8985036613211892
f_2([0.0551269,0.334655,0.608216,0.460795,-1.02208,1.50213,-1.46441e-14,0.22392,-0.16259,2.79022,-2.11958,0.0164021,-0.0321735,1.95299,-0.0980096,-0.386111,0.884656,-0.989887,1.66934,0.710212,-0.166572,1.4532,-0.238228,0.953088,0.350852,0.269453,0.507529,0.04117,1.41537,-0.408836,-0.634783,0.519389,-0.14193,0.095892,0.128827,-0.00620529,-0.500873,1.13341,0.194645,-0.894752,2.07946,0.731441,-3.13403,0.255493])
34.12589099005224
Max g: 0.6257140183036738
f_3([0.114354,0.317325,0.633296,0.478071,-1.0593,1.55327,0.0445236,0.0912547,0.355513,2.78675,-2.38067,0.468765,0.231121,1.81113,-0.0356466,-0.248125,1.19802,-0.856446,1.26279,1.13876,-0.255181,1.51197,-0.626323,0.78926,0.216982,0.262516,0.479458,0.051611,1.52202,-1.38229,-0.391763,1.2583,-1.24635,0.777261,1.19121,-0.727893,-0.542259,1.65977,0.258076,-1.37684,1.44584,0.28971,-3.13777,1.42609])
22.756209930667147
Max g: 0.42808610285130133
f_4([0.0180169,0.322183,0.665863,0.450632,-1.06944,1.61224,0.0919684,0.308714,0.620517,2.86561,-2.28525,0.419648,0.343395,1.76879,-0.0126417,-0.0609485,1.30507,-0.730429,0.929919,1.45241,-0.368566,1.64963,-0.793552,0.653911,0.0740408,0.419513,0.467881,0.0408832,1.71753,-1.86582,-0.0233907,1.16539,-1.44125,1.64418,0.78562,-0.981755,-0.725656,1.86979,0.02983,-1.17047,1.22116,-1.06767,-2.97852,2.81574])
9.655989423238967
Max g: 0.10621808926895637
f_5([0.00131175,0.329551,0.670314,0.455781,-1.06622,1.61027,0.11587,0.343117,0.631803,2.84186,-2.28873,0.446863,0.370058,1.78119,-0.0163233,-0.0460641,1.30637,-0.726282,0.786843,1.4188,-0.380621,1.59634,-0.810899,0.63726,0.0251161,0.477329,0.456542,0.0405472,1.89593,-2.1264,0.163825,1.06252,-1.69291,1.99679,0.568926,-0.868048,-0.897256,2.12378,-0.159113,-1.06392,1.49267,-1.57767,-2.978,3.05841])
8.91428693499422
Max g: 0.09246749154318179
f_6([0.011425,0.329096,0.670646,0.459737,-1.06903,1.60911,0.138414,0.361747,0.624749,2.8375,-2.28874,0.45122,0.382443,1.78709,-0.0131377,-0.0435568,1.3159,-0.724517,0.722457,1.38642,-0.378415,1.55496,-0.814519,0.635021,0.0218062,0.487382,0.449319,0.0408461,2.02173,-2.32807,0.277209,1.02655,-1.86798,2.24647,0.435305,-0.810328,-1.01765,2.32126,-0.277041,-1.02398,1.6646,-1.86551,-2.96882,3.16668])
8.114065715486078
Max g: 0.08177976857402758
f_7([0.0221378,0.326973,0.673024,0.46045,-1.07406,1.61319,0.161009,0.380659,0.612371,2.83758,-2.28716,0.44958,0.396027,1.79209,-0.00932465,-0.0409112,1.32009,-0.724373,0.680952,1.35562,-0.372042,1.51684,-0.819859,0.642687,0.0214885,0.494343,0.442729,0.0408607,2.12864,-2.51967,0.382003,1.00701,-2.01365,2.47186,0.311161,-0.767078,-1.12075,2.50602,-0.381028,-1.00295,1.81058,-2.12011,-2.94178,3.24836])
7.271176664664931
Max g: 0.070529246448644
f_8([0.0368685,0.328335,0.671664,0.45785,-1.07272,1.61486,0.181699,0.397217,0.601424,2.83721,-2.28455,0.447337,0.408027,1.80219,-0.00808802,-0.043677,1.31379,-0.732109,0.650749,1.32572,-0.362446,1.4822,-0.82637,0.653788,0.0237533,0.498413,0.43586,0.041179,2.22297,-2.69883,0.478566,0.995331,-2.14322,2.68307,0.193483,-0.73201,-1.21577,2.68531,-0.47785,-0.990702,1.94317,-2.35943,-2.90525,3.31952])
6.644717197443158
Max g: 0.06027414217702698
f_9([0.0400416,0.328161,0.671815,0.459435,-1.07248,1.61286,0.195166,0.412063,0.587937,2.83752,-2.28402,0.446496,0.415497,1.80561,-0.00970677,-0.0439709,1.31327,-0.734863,0.63208,1.30345,-0.355988,1.45602,-0.828242,0.661661,0.0274008,0.496555,0.434096,0.0411191,2.28619,-2.82429,0.546972,0.989141,-2.23054,2.82863,0.110885,-0.70757,-1.28091,2.8125,-0.544892,-0.986193,2.04042,-2.52797,-2.87573,3.36161])
6.288719941324611
Max g: 0.05321168565210255
f_10([0.0397126,0.328235,0.671765,0.45967,-1.07142,1.61174,0.206722,0.425362,0.574638,2.83672,-2.28279,0.446073,0.420661,1.80848,-0.0129001,-0.0429535,1.31373,-0.736966,0.617187,1.28306,-0.350804,1.43173,-0.829881,0.669975,0.0316704,0.492173,0.433867,0.0412539,2.34385,-2.9396,0.604187,0.990156,-2.309,2.96093,0.0371415,-0.688508,-1.33755,2.92692,-0.60262,-0.986334,2.12921,-2.67908,-2.847,3.39565])
6.022544451591617
{0.03971259911633166,0.32823513241613556,0.6717648675838641,0.45966973489528834,-1.0714213998590905,1.6117414638571617,0.20672228651129632,0.42536158653866574,0.5746384134613335,2.83671869075307,-2.2827912863578006,0.4460725956047321,0.4206610418155172,1.808480842686358,-0.012900144989940163,-0.0429535354454124,1.3137261539864433,-0.7369662465520904,0.6171867134688579,1.2830612871098164,-0.35080393362351014,1.4317251130317317,-0.8298808375943554,0.6699746956387511,0.03167043508762455,0.4921733056309109,0.43386674407644826,0.041253878793300856,2.3438474255319792,-2.939604049425958,0.6041871247347457,0.9901557305646079,-2.3090003324269825,2.960927139091813,0.03714150605123061,-0.6885076090024811,-1.3375499384490708,2.9269225701278825,-0.6026200685930277,-0.986334092142206,2.1292131268739194,-2.6790782561939785,-2.8469956730412838,3.3956508621513333}]
Set[{A021,A031,A032,A041,A042,A043,A121,A131,A132,A141,A142,A143,B021,B031,B032,B041,B042,B043,B121,B131,B132,B141,B142,B143,\[Alpha]1,\[Alpha]2,\[Alpha]3,\[Alpha]4,\[Beta]11,\[Beta]12,\[Beta]13,\[Beta]14,\[Beta]21,\[Beta]22,\[Beta]23,\[Beta]24,\[Beta]31,\[Beta]32,\[Beta]33,\[Beta]34,\[Beta]41,\[Beta]42,\[Beta]43,\[Beta]44},{0.03971259911633166,0.32823513241613556,0.6717648675838641,0.45966973489528834,-1.0714213998590905,1.6117414638571617,0.20672228651129632,0.42536158653866574,0.5746384134613335,2.83671869075307,-2.2827912863578006,0.4460725956047321,0.4206610418155172,1.808480842686358,-0.012900144989940163,-0.0429535354454124,1.3137261539864433,-0.7369662465520904,0.6171867134688579,1.2830612871098164,-0.35080393362351014,1.4317251130317317,-0.8298808375943554,0.6699746956387511,0.03167043508762455,0.4921733056309109,0.43386674407644826,0.041253878793300856,2.3438474255319792,-2.939604049425958,0.6041871247347457,0.9901557305646079,-2.3090003324269825,2.960927139091813,0.03714150605123061,-0.6885076090024811,-1.3375499384490708,2.9269225701278825,-0.6026200685930277,-0.986334092142206,2.1292131268739194,-2.6790782561939785,-2.8469956730412838,3.3956508621513333}]

Max g: 0.046477294449980056
f_11([0.0375331,0.328627,0.671373,0.459527,-1.07071,1.61118,0.21632,0.440861,0.559139,2.83607,-2.28219,0.446121,0.423656,1.80832,-0.01537,-0.0413192,1.31529,-0.737291,0.604414,1.2651,-0.346217,1.41147,-0.833149,0.678312,0.0359796,0.487015,0.434998,0.0414095,2.39669,-3.04433,0.654448,0.991775,-2.3778,3.07888,-0.0298069,-0.670462,-1.39024,3.03183,-0.652931,-0.988143,2.21078,-2.81755,-2.81788,3.42353])
5.843199992404481
Max g: 0.04085981638022429
f_12([0.0362379,0.326956,0.673038,0.460735,-1.07169,1.61088,0.224927,0.4553,0.544699,2.83604,-2.28353,0.447504,0.42795,1.81084,-0.0208703,-0.0421509,1.31362,-0.736041,0.592969,1.24858,-0.342346,1.39138,-0.834427,0.685493,0.0428274,0.478744,0.436353,0.0413539,2.447,-3.1445,0.702297,0.994339,-2.44256,3.19001,-0.093771,-0.653489,-1.43964,3.13122,-0.700671,-0.990596,2.28982,-2.95258,-2.78732,3.44927])
5.69316474444637
Max g: 0.03586711959303779
f_13([0.0351593,0.326399,0.673598,0.460313,-1.07215,1.61181,0.231489,0.469612,0.530388,2.8346,-2.2816,0.447004,0.432667,1.81408,-0.0256235,-0.0415821,1.31431,-0.736591,0.584067,1.23513,-0.33873,1.3764,-0.837928,0.692872,0.0484031,0.472483,0.436869,0.0413011,2.4869,-3.22536,0.741769,0.995676,-2.49465,3.28055,-0.145479,-0.640078,-1.48122,3.21313,-0.738822,-0.993013,2.35435,-3.06307,-2.76158,3.46973])
5.58818991647302
Max g: 0.03171678458948779
f_14([0.0459035,0.326182,0.673812,0.463576,-1.07526,1.6116,0.239062,0.478213,0.521787,2.83363,-2.28061,0.446984,0.42738,1.81865,-0.0229634,-0.118766,1.3142,-0.744681,0.574791,1.2138,-0.32975,1.35652,-0.837003,0.699513,0.0568512,0.465115,0.436074,0.0419655,2.53573,-3.32205,0.783297,1.00225,-2.54038,3.36774,-0.198831,-0.628134,-1.53306,3.31827,-0.784448,-1.00017,2.42976,-3.18828,-2.73438,3.49222])
5.514019667648546
Max g: 0.02382304014293113
f_15([0.0485507,0.327742,0.672249,0.461633,-1.07457,1.61289,0.247501,0.489334,0.510666,2.831,-2.27708,0.446079,0.433259,1.8239,-0.0279586,-0.119951,1.3144,-0.744205,0.565063,1.19854,-0.32646,1.33713,-0.83919,0.707652,0.0639114,0.458647,0.435708,0.0420556,2.58917,-3.43167,0.834574,1.00761,-2.5997,3.47718,-0.265739,-0.61123,-1.58887,3.43101,-0.83462,-1.00732,2.51293,-3.33709,-2.69462,3.51786])
5.372557862430899
Max g: 0.019765729718090985
f_16([0.047856,0.326196,0.673811,0.461447,-1.07642,1.61497,0.254759,0.503163,0.496835,2.83014,-2.27652,0.446379,0.437344,1.82563,-0.0311941,-0.121531,1.31347,-0.745191,0.556086,1.18374,-0.323172,1.31871,-0.840828,0.715222,0.0682218,0.453687,0.436283,0.0419075,2.63759,-3.53184,0.881041,1.01318,-2.66021,3.58584,-0.329259,-0.596751,-1.6388,3.53401,-0.881148,-1.01386,2.59326,-3.47872,-2.65604,3.54081])
5.275159565251447
Max g: 0.01553675761187645
f_17([0.0493727,0.326766,0.67323,0.460363,-1.07694,1.61658,0.260983,0.514211,0.485787,2.82743,-2.27688,0.449457,0.44234,1.82807,-0.0334438,-0.12161,1.31373,-0.745657,0.547963,1.17131,-0.320949,1.30239,-0.841421,0.72109,0.0714895,0.450888,0.435723,0.0420802,2.68297,-3.62491,0.923178,1.01874,-2.71756,3.68895,-0.386983,-0.584466,-1.68393,3.62564,-0.922215,-1.01944,2.66904,-3.61138,-2.61868,3.56083])
5.202883449125447
Max g: 0.011165372110512495
f_18([0.0498078,0.327166,0.672837,0.460609,-1.07776,1.61715,0.265486,0.524618,0.475376,2.82495,-2.27571,0.450754,0.444984,1.83127,-0.0364332,-0.123027,1.31358,-0.744983,0.542052,1.16214,-0.319669,1.2898,-0.841499,0.725611,0.0736591,0.449017,0.435465,0.0419366,2.71815,-3.69601,0.954153,1.02384,-2.75998,3.76615,-0.430836,-0.575188,-1.71875,3.69674,-0.953452,-1.0245,2.7275,-3.71376,-2.58777,3.57398])
5.1635054272361085
Max g: 0.008129798761940088
f_19([0.0499388,0.326231,0.67377,0.460775,-1.07875,1.61796,0.26956,0.535306,0.464694,2.82257,-2.2751,0.45254,0.447337,1.83391,-0.039601,-0.123451,1.31383,-0.745027,0.536718,1.15365,-0.31853,1.27803,-0.8417,0.730133,0.0764138,0.446396,0.435486,0.0421551,2.75021,-3.76243,0.983036,1.02914,-2.7989,3.83659,-0.470401,-0.567286,-1.75164,3.76364,-0.982082,-1.02998,2.78103,-3.80909,-2.55747,3.58534])
5.134993745564335
Max g: 0.005249000122399261
f_20([0.0498907,0.327968,0.672031,0.460627,-1.08002,1.61937,0.273213,0.544899,0.455101,2.82004,-2.27599,0.455951,0.448427,1.83413,-0.0411209,-0.12426,1.31519,-0.771776,0.531501,1.14075,-0.313521,1.26625,-0.843364,0.736381,0.0773822,0.44422,0.436599,0.0417882,2.78054,-3.82427,1.00983,1.0339,-2.83099,3.89884,-0.50848,-0.55988,-1.78426,3.8291,-1.00863,-1.03627,2.83552,-3.90095,-2.53084,3.59606])
5.122233272648296
{0.04989065087262137,0.3279678007544918,0.6720306405921832,0.4606265003242134,-1.0800238924164771,1.619368709712413,0.2732130294766621,0.5448992190837333,0.4551007809162733,2.8200386209160486,-2.275990015754002,0.4559513948379297,0.4484266957522197,1.8341263926125366,-0.04112094227218731,-0.1242597736191246,1.3151866100412957,-0.7717758624441587,0.5315005595503527,1.140746346349829,-0.31352067839001135,1.266245260052982,-0.8433636016979892,0.7363806321607581,0.07738224041566348,0.44422037789611846,0.4365990823075842,0.04178815358501213,2.780544229586262,-3.824266032205424,1.0098276041057972,1.0338951665022493,-2.830985612134174,3.898843201181438,-0.5084800882305901,-0.5598803571051252,-1.784263892379931,3.8291009497049044,-1.0086288400879442,-1.0362695929810786,2.8355224159224575,-3.9009548655705757,-2.5308350183576387,3.5960607132788294}]
Set[{A021,A031,A032,A041,A042,A043,A121,A131,A132,A141,A142,A143,B021,B031,B032,B041,B042,B043,B121,B131,B132,B141,B142,B143,\[Alpha]1,\[Alpha]2,\[Alpha]3,\[Alpha]4,\[Beta]11,\[Beta]12,\[Beta]13,\[Beta]14,\[Beta]21,\[Beta]22,\[Beta]23,\[Beta]24,\[Beta]31,\[Beta]32,\[Beta]33,\[Beta]34,\[Beta]41,\[Beta]42,\[Beta]43,\[Beta]44},{0.04989065087262137,0.3279678007544918,0.6720306405921832,0.4606265003242134,-1.0800238924164771,1.619368709712413,0.2732130294766621,0.5448992190837333,0.4551007809162733,2.8200386209160486,-2.275990015754002,0.4559513948379297,0.4484266957522197,1.8341263926125366,-0.04112094227218731,-0.1242597736191246,1.3151866100412957,-0.7717758624441587,0.5315005595503527,1.140746346349829,-0.31352067839001135,1.266245260052982,-0.8433636016979892,0.7363806321607581,0.07738224041566348,0.44422037789611846,0.4365990823075842,0.04178815358501213,2.780544229586262,-3.824266032205424,1.0098276041057972,1.0338951665022493,-2.830985612134174,3.898843201181438,-0.5084800882305901,-0.5598803571051252,-1.784263892379931,3.8291009497049044,-1.0086288400879442,-1.0362695929810786,2.8355224159224575,-3.9009548655705757,-2.5308350183576387,3.5960607132788294}]

Max g: 0.0025613772037416105
f_21([0.0500032,0.327969,0.67202,0.4607,-1.07985,1.61913,0.274334,0.547765,0.452026,2.81826,-2.27611,0.457847,0.448993,1.83473,-0.0415728,-0.120249,1.31561,-0.770405,0.529798,1.13726,-0.312393,1.26278,-0.844179,0.738555,0.0768938,0.445358,0.436264,0.041508,2.7921,-3.84686,1.01937,1.0353,-2.83574,3.91056,-0.520607,-0.554316,-1.79366,3.84898,-1.01937,-1.03594,2.85567,-3.93417,-2.52029,3.59866])
5.1218345078696705
Max g: 0.001172277918618736
f_22([0.0498458,0.327958,0.672041,0.460768,-1.07994,1.61918,0.274568,0.547956,0.451912,2.8179,-2.27616,0.458265,0.448756,1.83466,-0.0416968,-0.119983,1.31559,-0.770373,0.529472,1.13663,-0.312114,1.2621,-0.84419,0.738843,0.076473,0.445728,0.436348,0.0414433,2.79566,-3.85316,1.02175,1.03571,-2.83359,3.90824,-0.522494,-0.552134,-1.79589,3.85352,-1.02183,-1.03576,2.86057,-3.94249,-2.51779,3.59967])
5.121734816675014
Max g: 0.0016308889991716313
f_23([0.0498517,0.328003,0.671997,0.460724,-1.07989,1.61917,0.274726,0.548066,0.451822,2.81789,-2.27606,0.458171,0.448891,1.83473,-0.0417346,-0.120137,1.31567,-0.77036,0.529318,1.13631,-0.312016,1.26171,-0.844235,0.739034,0.0765487,0.445675,0.436321,0.0414529,2.79693,-3.85577,1.02292,1.03591,-2.83429,3.90985,-0.523818,-0.551712,-1.79696,3.85583,-1.02293,-1.03591,2.86261,-3.94629,-2.51658,3.60022])
5.118345316056691
Max g: 0.0016092739121472688
f_24([0.0498277,0.32798,0.672013,0.46071,-1.07988,1.61917,0.274927,0.548089,0.451826,2.81793,-2.27604,0.458114,0.448936,1.8347,-0.0417682,-0.120165,1.31568,-0.770341,0.529134,1.13592,-0.311916,1.26125,-0.844372,0.73933,0.0766168,0.445574,0.436355,0.0414433,2.79824,-3.85867,1.02424,1.03618,-2.83561,3.91256,-0.525535,-0.551394,-1.79823,3.85868,-1.02425,-1.03617,2.86494,-3.95072,-2.51512,3.60087])
5.114756433049055
Max g: 0.001502480258714467
f_25([0.049814,0.327932,0.672068,0.460686,-1.0799,1.61921,0.275107,0.548144,0.451785,2.81795,-2.27601,0.458063,0.449,1.83469,-0.0417577,-0.120215,1.31559,-0.770333,0.528966,1.13557,-0.311828,1.26081,-0.844443,0.739567,0.0766697,0.445524,0.436348,0.0414583,2.79941,-3.86127,1.02543,1.03642,-2.83685,3.91513,-0.527159,-0.551091,-1.79939,3.86126,-1.02545,-1.0364,2.867,-3.95461,-2.51382,3.6014])
5.112064770793328
Max g: 0.0014095204864708055
f_26([0.049747,0.327956,0.672037,0.46068,-1.0799,1.61921,0.275252,0.548156,0.451784,2.81799,-2.276,0.458006,0.44902,1.83467,-0.0417478,-0.120205,1.31556,-0.770375,0.528833,1.13529,-0.311761,1.26044,-0.844476,0.739743,0.076688,0.445477,0.436353,0.0414845,2.80033,-3.86336,1.02638,1.03662,-2.8379,3.91725,-0.528434,-0.550894,-1.80029,3.86329,-1.02638,-1.0366,2.86864,-3.95772,-2.5128,3.60185])
5.10997125570554
Max g: 0.001316684581687766
f_27([0.0497109,0.32797,0.67203,0.460685,-1.07987,1.61919,0.275394,0.5482,0.451744,2.81803,-2.27598,0.457958,0.44905,1.83467,-0.0417436,-0.120268,1.31554,-0.770431,0.528696,1.135,-0.311683,1.26007,-0.844489,0.739904,0.076703,0.445437,0.436349,0.0415037,2.80126,-3.86543,1.02733,1.03682,-2.83895,3.91936,-0.529724,-0.550668,-1.80122,3.86538,-1.02734,-1.03679,2.87029,-3.9608,-2.51182,3.6023])
5.107279593449814
Max g: 0.0012380528540798519
f_28([0.0496829,0.327974,0.672023,0.460681,-1.07986,1.61918,0.27554,0.548236,0.451718,2.81808,-2.27597,0.457883,0.449077,1.8347,-0.0417569,-0.120293,1.31549,-0.770476,0.528571,1.13472,-0.311607,1.25971,-0.844509,0.740068,0.0767069,0.44542,0.43634,0.0415294,2.80216,-3.86748,1.0283,1.037,-2.83997,3.92147,-0.531006,-0.550472,-1.80212,3.86741,-1.02829,-1.03699,2.87189,-3.96386,-2.51081,3.60275])
5.104887004778057
Max g: 0.0011519778519710755
f_29([0.0496418,0.328003,0.671997,0.460685,-1.07986,1.61917,0.275678,0.548232,0.451724,2.81813,-2.27597,0.45784,0.449115,1.83475,-0.0417612,-0.120306,1.3155,-0.77045,0.528444,1.13445,-0.311539,1.25936,-0.844527,0.740227,0.0767073,0.445398,0.436314,0.0415776,2.80303,-3.86945,1.0292,1.03721,-2.84096,3.92349,-0.532219,-0.550286,-1.803,3.8694,-1.02919,-1.03719,2.87345,-3.96678,-2.50989,3.6032])
5.102095651327673
Max g: 0.001069090124601435
f_30([0.0496151,0.32801,0.67199,0.460737,-1.07991,1.61917,0.275813,0.548282,0.451677,2.81815,-2.27598,0.457827,0.44916,1.83479,-0.0417907,-0.120267,1.3155,-0.77044,0.528325,1.13419,-0.311484,1.25899,-0.844484,0.740348,0.0767223,0.44538,0.436304,0.0415952,2.80386,-3.87135,1.03004,1.03743,-2.84192,3.92544,-0.53341,-0.550102,-1.80384,3.87131,-1.03004,-1.03742,2.87494,-3.96961,-2.50896,3.6036])
5.0995036802666025
{0.049615118907859475,0.3280101089960876,0.6719898659295132,0.46073708460127644,-1.079909120397496,1.619171210622423,0.2758132876605606,0.5482815693349392,0.451676527124647,2.8181501414704737,-2.2759771029322264,0.4578274539477256,0.4491602949828314,1.8347855841458203,-0.04179067585054207,-0.12026690267485647,1.3155010587712301,-0.7704396062302985,0.5283251926189889,1.1341859675657533,-0.31148363825188646,1.2589887022822157,-0.8444840101941054,0.7403476370189517,0.0767223179957406,0.44537980716490505,0.4363041114525074,0.04159521525634638,2.8038637144520484,-3.871349835141302,1.0300444802778959,1.0374275543092757,-2.8419150031087006,3.925441629781185,-0.5334101838981886,-0.5501018459887757,-1.8038395895693256,3.871308757775881,-1.030043286716075,-1.0374177049677886,2.874937214785824,-3.9696073226578608,-2.508960180992368,3.603601001083433}]
Set[{A021,A031,A032,A041,A042,A043,A121,A131,A132,A141,A142,A143,B021,B031,B032,B041,B042,B043,B121,B131,B132,B141,B142,B143,\[Alpha]1,\[Alpha]2,\[Alpha]3,\[Alpha]4,\[Beta]11,\[Beta]12,\[Beta]13,\[Beta]14,\[Beta]21,\[Beta]22,\[Beta]23,\[Beta]24,\[Beta]31,\[Beta]32,\[Beta]33,\[Beta]34,\[Beta]41,\[Beta]42,\[Beta]43,\[Beta]44},{0.049615118907859475,0.3280101089960876,0.6719898659295132,0.46073708460127644,-1.079909120397496,1.619171210622423,0.2758132876605606,0.5482815693349392,0.451676527124647,2.8181501414704737,-2.2759771029322264,0.4578274539477256,0.4491602949828314,1.8347855841458203,-0.04179067585054207,-0.12026690267485647,1.3155010587712301,-0.7704396062302985,0.5283251926189889,1.1341859675657533,-0.31148363825188646,1.2589887022822157,-0.8444840101941054,0.7403476370189517,0.0767223179957406,0.44537980716490505,0.4363041114525074,0.04159521525634638,2.8038637144520484,-3.871349835141302,1.0300444802778959,1.0374275543092757,-2.8419150031087006,3.925441629781185,-0.5334101838981886,-0.5501018459887757,-1.8038395895693256,3.871308757775881,-1.030043286716075,-1.0374177049677886,2.874937214785824,-3.9696073226578608,-2.508960180992368,3.603601001083433}]

Max g: 0.0010038870910065167
f_31([0.0495795,0.328029,0.671971,0.46071,-1.07991,1.6192,0.27594,0.548314,0.451653,2.81817,-2.27594,0.457763,0.449193,1.83479,-0.0417917,-0.120297,1.31555,-0.770465,0.528203,1.13393,-0.311409,1.25867,-0.844505,0.740489,0.0767426,0.445337,0.4363,0.0416173,2.8047,-3.8732,1.0309,1.03758,-2.84285,3.92733,-0.534555,-0.549908,-1.80468,3.87316,-1.03091,-1.03757,2.87641,-3.97236,-2.50811,3.60404])
5.097609547568128
Max g: 0.0009176983143127648
f_32([0.0496027,0.328036,0.671961,0.460722,-1.07989,1.61917,0.276063,0.548347,0.451623,2.81818,-2.27593,0.457748,0.449244,1.8348,-0.0417932,-0.120306,1.31553,-0.770499,0.528092,1.13369,-0.311348,1.25835,-0.844509,0.740621,0.0767825,0.44531,0.436288,0.0416238,2.80549,-3.875,1.03173,1.03776,-2.84374,3.92915,-0.535645,-0.54974,-1.80545,3.87492,-1.03172,-1.03775,2.87779,-3.97497,-2.50728,3.60444])
5.0957154148696535
Max g: 0.0008499413900265873
f_33([0.0495661,0.328009,0.671989,0.460702,-1.07987,1.61916,0.276177,0.548359,0.451615,2.81817,-2.27592,0.457741,0.449272,1.83482,-0.0418105,-0.1203,1.31552,-0.770522,0.527984,1.13346,-0.311282,1.25808,-0.844567,0.740778,0.0767766,0.445292,0.436285,0.0416411,2.80624,-3.87665,1.0325,1.0379,-2.84458,3.93085,-0.536689,-0.549558,-1.80619,3.87659,-1.0325,-1.03789,2.87911,-3.97746,-2.50649,3.60482])
5.093023752613926
Max g: 0.000784615781495468
f_34([0.0495295,0.328014,0.671986,0.460678,-1.07987,1.61919,0.276287,0.548379,0.451597,2.81821,-2.27591,0.457699,0.449312,1.83483,-0.0417945,-0.120298,1.31552,-0.770476,0.527884,1.13324,-0.311228,1.25779,-0.844577,0.74091,0.0768106,0.44524,0.436269,0.0416818,2.80693,-3.87822,1.03323,1.03805,-2.84539,3.93248,-0.537665,-0.54941,-1.80689,3.87817,-1.03323,-1.03803,2.88035,-3.97977,-2.50571,3.60511])
5.091628075888735
Max g: 0.0007173899589469901
f_35([0.0495243,0.327996,0.672002,0.460681,-1.07989,1.61921,0.276388,0.5484,0.451577,2.81825,-2.27592,0.457663,0.449347,1.83487,-0.0418127,-0.120329,1.3155,-0.770472,0.527784,1.13304,-0.311189,1.25752,-0.844576,0.741018,0.0768199,0.445229,0.436254,0.0416976,2.80763,-3.87976,1.03391,1.03821,-2.84615,3.93401,-0.538593,-0.549254,-1.80755,3.87966,-1.0339,-1.03819,2.88156,-3.98202,-2.50497,3.60542])
5.090132707968887
Max g: 0.0006579545017253441
f_36([0.0494929,0.328024,0.671976,0.460671,-1.07989,1.61922,0.276481,0.548411,0.451565,2.81825,-2.27589,0.457644,0.449392,1.83486,-0.0418173,-0.120368,1.31534,-0.770431,0.527676,1.13283,-0.311143,1.25726,-0.844593,0.741138,0.0768111,0.44522,0.436258,0.0417046,2.80829,-3.88119,1.03457,1.03833,-2.84698,3.9356,-0.539518,-0.549087,-1.80828,3.88118,-1.03458,-1.03832,2.88278,-3.98422,-2.50426,3.60568])
5.088338266465069
Max g: 0.0005955047398472635
f_37([0.049467,0.328019,0.671979,0.460643,-1.07987,1.61923,0.276625,0.548428,0.451547,2.8183,-2.27587,0.457563,0.449421,1.83489,-0.041802,-0.120405,1.31535,-0.77046,0.527548,1.13254,-0.311075,1.25689,-0.844623,0.741316,0.0768238,0.445191,0.436231,0.0417492,2.80919,-3.88326,1.03552,1.03855,-2.84804,3.93775,-0.540788,-0.54891,-1.80919,3.88324,-1.0355,-1.03855,2.88438,-3.98722,-2.50327,3.60611])
5.086244751377281
Max g: 0.0005085688524347765
f_38([0.0494574,0.328024,0.671972,0.460652,-1.07987,1.61922,0.276755,0.548465,0.451516,2.81829,-2.27588,0.457592,0.449489,1.83487,-0.0417667,-0.120406,1.31536,-0.770464,0.527422,1.13229,-0.311013,1.25655,-0.844615,0.741446,0.076858,0.44515,0.436219,0.0417697,2.81005,-3.88516,1.0364,1.03871,-2.84904,3.93975,-0.541991,-0.548708,-1.81006,3.88519,-1.0364,-1.03872,2.88588,-3.99006,-2.50234,3.60651])
5.084151236289493
Max g: 0.0004265739770683563
f_39([0.0495021,0.327997,0.672003,0.460681,-1.07988,1.61919,0.276881,0.548481,0.451505,2.81832,-2.27589,0.457571,0.449575,1.83488,-0.0417779,-0.120369,1.31537,-0.770468,0.527302,1.13203,-0.310944,1.25624,-0.844664,0.741613,0.0769128,0.445113,0.43621,0.0417579,2.81087,-3.887,1.03726,1.03887,-2.84999,3.94165,-0.543143,-0.548514,-1.81089,3.88703,-1.03726,-1.03888,2.88735,-3.99282,-2.50145,3.60691])
5.082556177174989
Max g: 0.00035083721171802473
f_40([0.0495214,0.328035,0.671963,0.460721,-1.07991,1.61918,0.277003,0.548482,0.45151,2.81829,-2.27583,0.457534,0.449625,1.83489,-0.0417801,-0.120396,1.31534,-0.770478,0.527185,1.13178,-0.310875,1.25591,-0.844661,0.74174,0.0769519,0.445086,0.436202,0.0417579,2.81169,-3.88881,1.0381,1.03903,-2.85091,3.9435,-0.544254,-0.548335,-1.8117,3.88883,-1.03809,-1.03903,2.88877,-3.99549,-2.5006,3.6073])
5.080961118060484
{0.04952141680714016,0.3280354216606419,0.6719632841322871,0.46072140315665133,-1.079908395777803,1.6191846279452793,0.2770025201674413,0.5484821129255031,0.45151047894413626,2.818294115018168,-2.275827809459132,0.45753369444096476,0.4496248609466056,1.8348897099039085,-0.041780062813496506,-0.12039571199366995,1.3153424932954034,-0.7704782071648296,0.5271854574977941,1.131782598729042,-0.3108750797263005,1.2559143375265325,-0.8446612223908962,0.7417400857867109,0.07695192552488742,0.445086100940188,0.4362020282876429,0.04175791891471108,2.8116864373391692,-3.888807208307635,1.0380974142188237,1.0390254256236497,-2.8509139595326434,3.9435022963474773,-0.5442538196231014,-0.5483351742132244,-1.8116992710241921,3.8888262608007076,-1.0380893621937508,-1.0390349289978786,2.888770481672554,-3.9954858557509696,-2.5005974251048095,3.6073044046846032}]
Set[{A021,A031,A032,A041,A042,A043,A121,A131,A132,A141,A142,A143,B021,B031,B032,B041,B042,B043,B121,B131,B132,B141,B142,B143,\[Alpha]1,\[Alpha]2,\[Alpha]3,\[Alpha]4,\[Beta]11,\[Beta]12,\[Beta]13,\[Beta]14,\[Beta]21,\[Beta]22,\[Beta]23,\[Beta]24,\[Beta]31,\[Beta]32,\[Beta]33,\[Beta]34,\[Beta]41,\[Beta]42,\[Beta]43,\[Beta]44},{0.04952141680714016,0.3280354216606419,0.6719632841322871,0.46072140315665133,-1.079908395777803,1.6191846279452793,0.2770025201674413,0.5484821129255031,0.45151047894413626,2.818294115018168,-2.275827809459132,0.45753369444096476,0.4496248609466056,1.8348897099039085,-0.041780062813496506,-0.12039571199366995,1.3153424932954034,-0.7704782071648296,0.5271854574977941,1.131782598729042,-0.3108750797263005,1.2559143375265325,-0.8446612223908962,0.7417400857867109,0.07695192552488742,0.445086100940188,0.4362020282876429,0.04175791891471108,2.8116864373391692,-3.888807208307635,1.0380974142188237,1.0390254256236497,-2.8509139595326434,3.9435022963474773,-0.5442538196231014,-0.5483351742132244,-1.8116992710241921,3.8888262608007076,-1.0380893621937508,-1.0390349289978786,2.888770481672554,-3.9954858557509696,-2.5005974251048095,3.6073044046846032}]

Max g: 0.0002760650259648889
f_41([0.0494914,0.328046,0.671954,0.460711,-1.07988,1.61916,0.277121,0.548519,0.451469,2.81834,-2.27584,0.457507,0.449644,1.83488,-0.041765,-0.120385,1.31534,-0.770486,0.52707,1.13154,-0.310823,1.2556,-0.844692,0.741896,0.0769715,0.445047,0.436198,0.0417785,2.81245,-3.89054,1.03887,1.03922,-2.85181,3.94532,-0.545337,-0.548168,-1.81248,3.8906,-1.03888,-1.03923,2.89019,-3.9981,-2.49975,3.60765])
5.0788676029726965
Max g: 0.0002020565057472279
f_42([0.0495184,0.328057,0.671942,0.460694,-1.07983,1.61913,0.27724,0.548552,0.451444,2.81837,-2.27584,0.457472,0.449681,1.83486,-0.0417575,-0.120408,1.31533,-0.770479,0.526964,1.13131,-0.310767,1.2553,-0.844716,0.742038,0.0769899,0.445038,0.436205,0.0417581,2.81321,-3.89225,1.03966,1.03938,-2.85268,3.94707,-0.546384,-0.548011,-1.81323,3.89229,-1.03966,-1.0394,2.89153,-4.00064,-2.4989,3.60801])
5.07787069102613
Max g: 0.00013271093120015287
f_43([0.0495031,0.328042,0.671958,0.460723,-1.07986,1.61914,0.277349,0.548588,0.451411,2.81837,-2.27582,0.457452,0.4497,1.83486,-0.0417499,-0.1204,1.31533,-0.770501,0.52686,1.1311,-0.310726,1.25503,-0.844743,0.74217,0.0770085,0.445018,0.436199,0.0417729,2.81394,-3.89387,1.04038,1.03956,-2.85348,3.9487,-0.547362,-0.547856,-1.81396,3.8939,-1.04038,-1.03956,2.89281,-4.00304,-2.49812,3.60835])
5.0750793375757475
Max g: 6.720719546571274e-5
f_44([0.0494872,0.32802,0.671979,0.460741,-1.07986,1.61912,0.277438,0.548625,0.451374,2.81838,-2.27581,0.457426,0.449706,1.83484,-0.0417565,-0.120364,1.31533,-0.770484,0.526778,1.13092,-0.310677,1.2548,-0.844784,0.742296,0.077043,0.444969,0.436213,0.0417691,2.81449,-3.89513,1.04096,1.03969,-2.85413,3.95003,-0.548172,-0.547729,-1.81453,3.8952,-1.04096,-1.03971,2.89383,-4.00494,-2.49752,3.60864])
5.073883043239869
Max g: 1.6031109490999285e-5
f_45([0.049466,0.328016,0.671981,0.460723,-1.07985,1.61913,0.277493,0.548652,0.451347,2.81838,-2.27578,0.457397,0.44972,1.83484,-0.04175,-0.120304,1.31517,-0.7705,0.526718,1.13079,-0.310642,1.25466,-0.844792,0.74236,0.0770521,0.444948,0.436209,0.0417913,2.8149,-3.89602,1.04137,1.03975,-2.85457,3.95089,-0.548694,-0.547628,-1.81491,3.89604,-1.04137,-1.03976,2.89454,-4.00624,-2.49713,3.60883])
5.072587057709334
Max g: 3.170541400235316e-5
f_46([0.0494657,0.328012,0.671988,0.460724,-1.07988,1.61916,0.277591,0.548693,0.451306,2.81834,-2.27575,0.457405,0.449779,1.83488,-0.0417312,-0.120341,1.31515,-0.770524,0.526624,1.1306,-0.310598,1.2544,-0.844824,0.742492,0.0770601,0.444944,0.436175,0.0418236,2.81557,-3.89751,1.04203,1.03991,-2.8553,3.95238,-0.549606,-0.547476,-1.81558,3.89753,-1.04204,-1.03991,2.8957,-4.00841,-2.49641,3.60911])
5.071191380984142
Max g: 0.00014636034522166885
f_47([0.0494651,0.328011,0.671989,0.460733,-1.07989,1.61916,0.277664,0.548727,0.451273,2.81834,-2.27572,0.457378,0.449793,1.83488,-0.0417478,-0.120365,1.31512,-0.770537,0.526552,1.13044,-0.310563,1.25421,-0.844838,0.742585,0.0770523,0.444955,0.436179,0.0418164,2.81607,-3.89863,1.04253,1.04002,-2.85585,3.95349,-0.55027,-0.54737,-1.81606,3.8986,-1.04252,-1.04002,2.89658,-4.01004,-2.49587,3.60933])
5.07009477784292
Max g: 0.00022611956532227195
f_48([0.0494634,0.328014,0.671985,0.460732,-1.0799,1.61916,0.277637,0.548701,0.451243,2.81831,-2.27574,0.45736,0.449781,1.83488,-0.0417483,-0.120361,1.31511,-0.770536,0.526552,1.13044,-0.310564,1.2542,-0.844836,0.742585,0.0770518,0.444957,0.436178,0.0418133,2.81607,-3.89864,1.04255,1.04002,-2.85587,3.95348,-0.55023,-0.547388,-1.81606,3.89862,-1.04254,-1.04002,2.89658,-4.01004,-2.49587,3.60933])
5.0702941602322324
Max g: 0.00021769028487525488
f_49([0.0494611,0.328016,0.671983,0.46073,-1.07989,1.61916,0.277622,0.548691,0.451243,2.8183,-2.27574,0.457373,0.449772,1.83488,-0.0417469,-0.120357,1.31511,-0.770539,0.526565,1.13046,-0.310572,1.25423,-0.844834,0.742575,0.0770428,0.444966,0.436181,0.0418099,2.81599,-3.89847,1.04247,1.04002,-2.85575,3.95324,-0.550077,-0.547421,-1.81599,3.89847,-1.04247,-1.04002,2.89643,-4.00973,-2.49597,3.60928])
5.0702941602322324
Max g: 0.00019611249445966594
f_50([0.0494618,0.328017,0.671982,0.460731,-1.07989,1.61916,0.277611,0.548691,0.451245,2.8183,-2.27574,0.457374,0.449768,1.83487,-0.0417438,-0.120357,1.31511,-0.770542,0.526576,1.13049,-0.310578,1.25426,-0.844831,0.742559,0.0770411,0.444968,0.436182,0.041809,2.81591,-3.89829,1.04238,1.04,-2.85565,3.95305,-0.549967,-0.547437,-1.81591,3.89829,-1.04238,-1.04,2.89628,-4.00946,-2.49606,3.60924])
5.0702941602322324
{0.04946177476792483,0.32801733879795486,0.6719822488675627,0.4607313563093321,-1.079894935493355,1.619163241554057,0.2776113916393403,0.5486914021059662,0.4512450547802967,2.8182969699260965,-2.275740611050479,0.45737441596966927,0.44976761110257607,1.8348741521471155,-0.041743837651292554,-0.12035695894347706,1.3151138753142408,-0.7705416326740503,0.5265762753454979,1.1304886608973577,-0.31057769474407587,1.2542622121170341,-0.8448312548439496,0.7425593384842469,0.07704108889461424,0.44496760682811953,0.4361821677363184,0.04180900981566024,2.8159111039899924,-3.8982933330969214,1.0423833228819144,1.040000096618309,-2.8556515732024237,3.953054086612234,-0.5499673281544663,-0.547437024464894,-1.815911096412839,3.898292560487103,-1.0423828538795639,-1.0400000719382474,2.8962842877020045,-4.009457345460146,-2.4960624340175666,3.6092380990173902}]
Set[{A021,A031,A032,A041,A042,A043,A121,A131,A132,A141,A142,A143,B021,B031,B032,B041,B042,B043,B121,B131,B132,B141,B142,B143,\[Alpha]1,\[Alpha]2,\[Alpha]3,\[Alpha]4,\[Beta]11,\[Beta]12,\[Beta]13,\[Beta]14,\[Beta]21,\[Beta]22,\[Beta]23,\[Beta]24,\[Beta]31,\[Beta]32,\[Beta]33,\[Beta]34,\[Beta]41,\[Beta]42,\[Beta]43,\[Beta]44},{0.04946177476792483,0.32801733879795486,0.6719822488675627,0.4607313563093321,-1.079894935493355,1.619163241554057,0.2776113916393403,0.5486914021059662,0.4512450547802967,2.8182969699260965,-2.275740611050479,0.45737441596966927,0.44976761110257607,1.8348741521471155,-0.041743837651292554,-0.12035695894347706,1.3151138753142408,-0.7705416326740503,0.5265762753454979,1.1304886608973577,-0.31057769474407587,1.2542622121170341,-0.8448312548439496,0.7425593384842469,0.07704108889461424,0.44496760682811953,0.4361821677363184,0.04180900981566024,2.8159111039899924,-3.8982933330969214,1.0423833228819144,1.040000096618309,-2.8556515732024237,3.953054086612234,-0.5499673281544663,-0.547437024464894,-1.815911096412839,3.898292560487103,-1.0423828538795639,-1.0400000719382474,2.8962842877020045,-4.009457345460146,-2.4960624340175666,3.6092380990173902}]

Max g: 0.00018301171794662952
f_51([0.0494597,0.328018,0.671982,0.460732,-1.07989,1.61916,0.277603,0.548692,0.451247,2.8183,-2.27574,0.457377,0.449766,1.83488,-0.0417452,-0.120357,1.31511,-0.770541,0.526585,1.13051,-0.310583,1.25429,-0.84483,0.742548,0.0770391,0.444969,0.436182,0.0418099,2.81585,-3.89815,1.04232,1.03999,-2.85558,3.95292,-0.549887,-0.547449,-1.81585,3.89816,-1.04232,-1.03999,2.89618,-4.00925,-2.49613,3.60921])
5.070493542621546
Max g: 0.00017372518792133085
f_52([0.0494581,0.328019,0.671981,0.460731,-1.07989,1.61916,0.277596,0.548694,0.451248,2.8183,-2.27574,0.45738,0.449764,1.83487,-0.0417449,-0.120355,1.31511,-0.770541,0.526594,1.13053,-0.310587,1.25431,-0.844827,0.742537,0.0770366,0.44497,0.436183,0.0418104,2.81579,-3.89802,1.04226,1.03997,-2.85552,3.95279,-0.54981,-0.547461,-1.81579,3.89803,-1.04226,-1.03998,2.89607,-4.00906,-2.49619,3.60918])
5.070692925010859
Max g: 0.00016467523888119562
f_53([0.0494578,0.32802,0.67198,0.460732,-1.07989,1.61916,0.277589,0.548696,0.451249,2.8183,-2.27574,0.457385,0.449762,1.83487,-0.041745,-0.120356,1.31512,-0.770541,0.526602,1.13054,-0.310591,1.25433,-0.844825,0.742526,0.0770359,0.444972,0.436183,0.0418097,2.81574,-3.8979,1.0422,1.03996,-2.85545,3.95266,-0.549737,-0.547472,-1.81574,3.8979,-1.0422,-1.03996,2.89597,-4.00888,-2.49625,3.60916])
5.071191380984142
Max g: 0.00015590379506136287
f_54([0.0494572,0.328019,0.671981,0.460734,-1.07989,1.61916,0.277582,0.548698,0.451249,2.8183,-2.27574,0.457388,0.44976,1.83487,-0.0417439,-0.120355,1.31511,-0.770541,0.52661,1.13056,-0.310595,1.25435,-0.844826,0.742517,0.0770344,0.444973,0.436183,0.0418096,2.81568,-3.89777,1.04214,1.03995,-2.8554,3.95254,-0.549665,-0.547484,-1.81568,3.89778,-1.04214,-1.03995,2.89587,-4.0087,-2.4963,3.60913])
5.071191380984142
Max g: 0.00014728727522990426
f_55([0.0494561,0.328019,0.67198,0.460733,-1.07989,1.61916,0.277575,0.548699,0.451251,2.8183,-2.27574,0.457391,0.449759,1.83487,-0.0417439,-0.120354,1.31511,-0.770539,0.526617,1.13058,-0.310599,1.25437,-0.844824,0.742507,0.0770332,0.444973,0.436183,0.0418105,2.81563,-3.89766,1.04209,1.03994,-2.85534,3.95243,-0.549597,-0.547495,-1.81563,3.89766,-1.04209,-1.03994,2.89578,-4.00853,-2.49636,3.60911])
5.0712910721787985
Max g: 0.00013924264997544622
f_56([0.0494557,0.328021,0.671979,0.460733,-1.07989,1.61916,0.277569,0.5487,0.451252,2.8183,-2.27574,0.457392,0.449757,1.83487,-0.0417438,-0.120353,1.31511,-0.77054,0.526624,1.13059,-0.310603,1.25439,-0.844822,0.742497,0.0770314,0.444975,0.436183,0.0418104,2.81558,-3.89754,1.04204,1.03993,-2.85528,3.95232,-0.549532,-0.547505,-1.81558,3.89755,-1.04204,-1.03993,2.89569,-4.00836,-2.49641,3.60909])
5.071590145762768
Max g: 0.00013162920514192544
f_57([0.0494567,0.32802,0.67198,0.460732,-1.07989,1.61916,0.277563,0.548702,0.451253,2.8183,-2.27574,0.457393,0.449754,1.83487,-0.0417443,-0.120352,1.31511,-0.770539,0.526631,1.13061,-0.310607,1.25441,-0.844821,0.742488,0.0770312,0.444976,0.436184,0.0418089,2.81553,-3.89743,1.04199,1.03992,-2.85523,3.95221,-0.549468,-0.547515,-1.81553,3.89744,-1.04199,-1.03992,2.89561,-4.00821,-2.49646,3.60906])
5.071689836957424
Max g: 0.00012400502656446932
f_58([0.0494584,0.328019,0.671981,0.460732,-1.0799,1.61916,0.277557,0.548705,0.451253,2.8183,-2.27574,0.457396,0.449754,1.83487,-0.0417446,-0.120355,1.31511,-0.77054,0.526638,1.13062,-0.31061,1.25443,-0.844819,0.742479,0.0770305,0.444977,0.436184,0.0418081,2.81548,-3.89733,1.04194,1.03991,-2.85518,3.95211,-0.549406,-0.547525,-1.81549,3.89733,-1.04194,-1.03991,2.89553,-4.00806,-2.49651,3.60904])
5.071789528152081
Max g: 0.00011660454667698772
f_59([0.049458,0.328021,0.671979,0.460731,-1.0799,1.61916,0.277552,0.548706,0.451254,2.8183,-2.27574,0.457398,0.449752,1.83487,-0.0417441,-0.120355,1.31511,-0.770539,0.526644,1.13063,-0.310612,1.25445,-0.844818,0.742471,0.0770305,0.444977,0.436185,0.0418077,2.81544,-3.89723,1.0419,1.0399,-2.85513,3.95202,-0.549353,-0.547533,-1.81544,3.89724,-1.0419,-1.0399,2.89545,-4.00792,-2.49655,3.60902])
5.0719889105413944
Max g: 0.00011021758807550075
f_60([0.049458,0.328021,0.671979,0.460731,-1.0799,1.61916,0.277551,0.548706,0.451255,2.8183,-2.27574,0.457398,0.449752,1.83487,-0.041744,-0.120354,1.31511,-0.770539,0.526645,1.13064,-0.310613,1.25445,-0.844818,0.74247,0.0770303,0.444977,0.436185,0.0418077,2.81544,-3.89722,1.04189,1.03989,-2.85513,3.95201,-0.549347,-0.547534,-1.81544,3.89722,-1.04189,-1.0399,2.89545,-4.00791,-2.49656,3.60902])
5.0719889105413944
{0.04945803726009055,0.3280210492501124,0.6719789507498596,0.4607313381843759,-1.0798957796495625,1.6191644376529437,0.27755125299447375,0.548705857199836,0.45125453896521167,2.818295314186215,-2.275735534684662,0.45739775814499073,0.44975227763313835,1.8348718253959913,-0.04174402432253666,-0.1203544413111683,1.3151098712709115,-0.7705390919233513,0.5266445404148639,1.1306362492777278,-0.31061286725492365,1.2544502541363718,-0.8448179672736255,0.7424703646489,0.07703027397687134,0.4449773704719013,0.4361846442979828,0.04180765728291103,2.815437588470404,-3.8972216799698547,1.041889899361045,1.0398949795209715,-2.855127898434684,3.9520074076408416,-0.5493468689870028,-0.5475337654006978,-1.815439384870233,3.897224406384011,-1.0418901616753156,-1.0398956531348789,2.8954459673829835,-4.007906345606368,-2.4965600349864934,3.6090217481493365}]
Set[{A021,A031,A032,A041,A042,A043,A121,A131,A132,A141,A142,A143,B021,B031,B032,B041,B042,B043,B121,B131,B132,B141,B142,B143,\[Alpha]1,\[Alpha]2,\[Alpha]3,\[Alpha]4,\[Beta]11,\[Beta]12,\[Beta]13,\[Beta]14,\[Beta]21,\[Beta]22,\[Beta]23,\[Beta]24,\[Beta]31,\[Beta]32,\[Beta]33,\[Beta]34,\[Beta]41,\[Beta]42,\[Beta]43,\[Beta]44},{0.04945803726009055,0.3280210492501124,0.6719789507498596,0.4607313381843759,-1.0798957796495625,1.6191644376529437,0.27755125299447375,0.548705857199836,0.45125453896521167,2.818295314186215,-2.275735534684662,0.45739775814499073,0.44975227763313835,1.8348718253959913,-0.04174402432253666,-0.1203544413111683,1.3151098712709115,-0.7705390919233513,0.5266445404148639,1.1306362492777278,-0.31061286725492365,1.2544502541363718,-0.8448179672736255,0.7424703646489,0.07703027397687134,0.4449773704719013,0.4361846442979828,0.04180765728291103,2.815437588470404,-3.8972216799698547,1.041889899361045,1.0398949795209715,-2.855127898434684,3.9520074076408416,-0.5493468689870028,-0.5475337654006978,-1.815439384870233,3.897224406384011,-1.0418901616753156,-1.0398956531348789,2.8954459673829835,-4.007906345606368,-2.4965600349864934,3.6090217481493365}]

Max g: 0.00010948965216123208
f_61([0.049458,0.328021,0.671979,0.460731,-1.0799,1.61916,0.277551,0.548706,0.451255,2.8183,-2.27574,0.457398,0.449752,1.83487,-0.041744,-0.120354,1.31511,-0.770539,0.526645,1.13064,-0.310613,1.25445,-0.844818,0.74247,0.0770303,0.444977,0.436185,0.0418077,2.81544,-3.89722,1.04189,1.03989,-2.85513,3.95201,-0.549347,-0.547534,-1.81544,3.89722,-1.04189,-1.0399,2.89545,-4.00791,-2.49656,3.60902])
5.0719889105413944
Max g: 0.0001094873677092989
f_62([0.049458,0.328021,0.671979,0.460731,-1.0799,1.61916,0.277551,0.548706,0.451255,2.8183,-2.27574,0.457398,0.449752,1.83487,-0.041744,-0.120354,1.31511,-0.770539,0.526645,1.13064,-0.310613,1.25445,-0.844818,0.74247,0.0770303,0.444977,0.436185,0.0418077,2.81544,-3.89722,1.04189,1.03989,-2.85513,3.95201,-0.549347,-0.547534,-1.81544,3.89722,-1.04189,-1.0399,2.89545,-4.00791,-2.49656,3.60902])
5.0719889105413944
Max g: 0.000109487279815218
f_63([0.0494595,0.328022,0.671977,0.460732,-1.0799,1.61916,0.277543,0.548705,0.45126,2.81829,-2.27573,0.457401,0.449751,1.83487,-0.0417409,-0.120357,1.31511,-0.770539,0.526655,1.13066,-0.310618,1.25448,-0.844819,0.742459,0.0770284,0.44498,0.436184,0.041808,2.81537,-3.89706,1.04182,1.03988,-2.85505,3.95185,-0.549257,-0.547546,-1.81537,3.89706,-1.04182,-1.03988,2.89532,-4.00768,-2.49663,3.60899])
5.072088601736051
Max g: 9.917436426865045e-5
f_64([0.0494581,0.328023,0.671977,0.460732,-1.07989,1.61916,0.277534,0.548708,0.451261,2.8183,-2.27573,0.457405,0.449748,1.83487,-0.0417398,-0.12036,1.31511,-0.770539,0.526664,1.13068,-0.310624,1.25451,-0.844818,0.742447,0.0770251,0.444983,0.436184,0.041808,2.8153,-3.89691,1.04174,1.03986,-2.85498,3.9517,-0.549168,-0.54756,-1.8153,3.8969,-1.04174,-1.03986,2.8952,-4.00745,-2.4967,3.60895])
5.072287984125364
Max g: 8.87494946045092e-5
f_65([0.0494581,0.328023,0.671977,0.460733,-1.0799,1.61916,0.277526,0.548708,0.451265,2.8183,-2.27573,0.457408,0.449746,1.83487,-0.0417384,-0.120361,1.31511,-0.770537,0.526674,1.1307,-0.310629,1.25453,-0.844814,0.742433,0.0770224,0.444986,0.436183,0.0418088,2.81523,-3.89676,1.04167,1.03985,-2.8549,3.95156,-0.549082,-0.547574,-1.81523,3.89676,-1.04167,-1.03985,2.89509,-4.00724,-2.49677,3.60892])
5.07238767532002
Max g: 7.859300685063297e-5
f_66([0.0494571,0.328022,0.671978,0.460732,-1.0799,1.61917,0.277517,0.548709,0.451267,2.81829,-2.27573,0.457412,0.449744,1.83487,-0.0417376,-0.120361,1.31511,-0.770537,0.526682,1.13072,-0.310634,1.25456,-0.844815,0.742423,0.0770199,0.444988,0.436183,0.0418089,2.81517,-3.89662,1.04161,1.03984,-2.85484,3.95142,-0.549,-0.547586,-1.81517,3.89661,-1.04161,-1.03983,2.89498,-4.00704,-2.49683,3.60889])
5.07268674890399
Max g: 6.888093038154297e-5
f_67([0.0494541,0.328021,0.671979,0.460731,-1.0799,1.61917,0.277509,0.548713,0.451267,2.8183,-2.27573,0.457413,0.449742,1.83487,-0.0417389,-0.12036,1.3151,-0.770539,0.526691,1.13074,-0.310638,1.25458,-0.844814,0.742412,0.0770194,0.444987,0.436184,0.0418093,2.81511,-3.89648,1.04155,1.03982,-2.85477,3.95129,-0.54892,-0.547597,-1.81511,3.89648,-1.04155,-1.03982,2.89487,-4.00684,-2.4969,3.60887])
5.072786440098647
Max g: 5.943787393442035e-5
f_68([0.0494571,0.328021,0.671979,0.460731,-1.0799,1.61916,0.277502,0.548713,0.45127,2.8183,-2.27573,0.457416,0.44974,1.83487,-0.0417407,-0.120358,1.3151,-0.770536,0.526699,1.13076,-0.310642,1.25461,-0.844812,0.7424,0.0770177,0.44499,0.436183,0.0418086,2.81506,-3.89634,1.04148,1.03981,-2.85471,3.95116,-0.548843,-0.547609,-1.81505,3.89634,-1.04148,-1.03981,2.89477,-4.00665,-2.49696,3.60884])
5.07298582248796
Max g: 5.022091871269285e-5
f_69([0.0494566,0.328021,0.671979,0.460733,-1.0799,1.61917,0.277495,0.548714,0.451272,2.8183,-2.27573,0.45742,0.449739,1.83487,-0.0417419,-0.120355,1.31511,-0.770537,0.526707,1.13078,-0.310647,1.25463,-0.844811,0.74239,0.0770159,0.444992,0.436183,0.041809,2.815,-3.89622,1.04142,1.03979,-2.85465,3.95104,-0.54877,-0.547619,-1.815,3.89622,-1.04143,-1.03979,2.89467,-4.00647,-2.49702,3.60881])
5.07298582248796
Max g: 4.1732985739451056e-5
f_70([0.0494581,0.32802,0.671979,0.460733,-1.0799,1.61917,0.277487,0.548712,0.451277,2.8183,-2.27573,0.457422,0.449738,1.83488,-0.0417436,-0.120357,1.31511,-0.770538,0.526714,1.13079,-0.310652,1.25465,-0.844811,0.742381,0.0770157,0.444993,0.436183,0.0418086,2.81495,-3.89609,1.04137,1.03978,-2.85459,3.95092,-0.548697,-0.547631,-1.81495,3.89609,-1.04137,-1.03978,2.89458,-4.00629,-2.49707,3.60879])
5.073085513682616
{0.04945814254161259,0.32802034056442264,0.6719793024520084,0.4607332968207147,-1.0798992646566343,1.6191657431913695,0.27748735713632,0.5487119300474447,0.451276597816281,2.8182971768969303,-2.27573134640412,0.45742172585131524,0.4497379975504448,1.8348764307339775,-0.04174362532200147,-0.12035693113310063,1.3151091342192374,-0.7705380915083139,0.5267142057895031,1.1307928330184323,-0.31065166447234727,1.2546513945695652,-0.8448113664091327,0.7423805312449543,0.07701570189550858,0.44499302082631387,0.4361829498748285,0.041808596777761886,2.8149460749976054,-3.8960937137752647,1.0413673594519142,1.039780350148082,-2.854588893935644,3.950916522495275,-0.5486974201169267,-0.5476305187711716,-1.8149462015683349,3.896093777504226,-1.0413677825688898,-1.0397801170981622,2.894577948186771,-4.006291102554149,-2.4970719565579533,3.608785743180748}]
Set[{A021,A031,A032,A041,A042,A043,A121,A131,A132,A141,A142,A143,B021,B031,B032,B041,B042,B043,B121,B131,B132,B141,B142,B143,\[Alpha]1,\[Alpha]2,\[Alpha]3,\[Alpha]4,\[Beta]11,\[Beta]12,\[Beta]13,\[Beta]14,\[Beta]21,\[Beta]22,\[Beta]23,\[Beta]24,\[Beta]31,\[Beta]32,\[Beta]33,\[Beta]34,\[Beta]41,\[Beta]42,\[Beta]43,\[Beta]44},{0.04945814254161259,0.32802034056442264,0.6719793024520084,0.4607332968207147,-1.0798992646566343,1.6191657431913695,0.27748735713632,0.5487119300474447,0.451276597816281,2.8182971768969303,-2.27573134640412,0.45742172585131524,0.4497379975504448,1.8348764307339775,-0.04174362532200147,-0.12035693113310063,1.3151091342192374,-0.7705380915083139,0.5267142057895031,1.1307928330184323,-0.31065166447234727,1.2546513945695652,-0.8448113664091327,0.7423805312449543,0.07701570189550858,0.44499302082631387,0.4361829498748285,0.041808596777761886,2.8149460749976054,-3.8960937137752647,1.0413673594519142,1.039780350148082,-2.854588893935644,3.950916522495275,-0.5486974201169267,-0.5476305187711716,-1.8149462015683349,3.896093777504226,-1.0413677825688898,-1.0397801170981622,2.894577948186771,-4.006291102554149,-2.4970719565579533,3.608785743180748}]

Max g: 3.325870935681763e-5
f_71([0.0494575,0.328021,0.671979,0.460734,-1.0799,1.61916,0.277481,0.548714,0.451278,2.8183,-2.27573,0.457425,0.449737,1.83488,-0.0417434,-0.120355,1.31511,-0.770536,0.526721,1.13081,-0.310656,1.25467,-0.844809,0.74237,0.0770134,0.444995,0.436182,0.0418096,2.8149,-3.89598,1.04131,1.03977,-2.85453,3.9508,-0.548629,-0.547641,-1.8149,3.89598,-1.04131,-1.03977,2.89449,-4.00612,-2.49713,3.60876])
5.07328489607193
Max g: 2.5255067111706886e-5
f_72([0.0494572,0.328022,0.671978,0.460734,-1.0799,1.61916,0.277475,0.548715,0.451279,2.8183,-2.27573,0.457427,0.449736,1.83488,-0.0417437,-0.120356,1.31511,-0.770539,0.526727,1.13082,-0.310659,1.25469,-0.844809,0.742363,0.0770129,0.444996,0.436182,0.0418093,2.81486,-3.89588,1.04127,1.03976,-2.85449,3.95071,-0.548575,-0.547649,-1.81485,3.89588,-1.04127,-1.03976,2.89442,-4.00599,-2.49717,3.60874])
5.073484278461242
Max g: 1.8866783612694893e-5
f_73([0.0494571,0.328022,0.671978,0.460734,-1.0799,1.61916,0.277473,0.548715,0.451279,2.8183,-2.27573,0.457428,0.449735,1.83488,-0.0417439,-0.120355,1.31511,-0.770539,0.52673,1.13083,-0.310661,1.2547,-0.844808,0.742359,0.0770124,0.444996,0.436183,0.0418093,2.81483,-3.89584,1.04125,1.03976,-2.85447,3.95067,-0.548549,-0.547652,-1.81483,3.89584,-1.04125,-1.03975,2.89438,-4.00592,-2.49719,3.60873])
5.073583969655899
Max g: 1.5780399488324326e-5
f_74([0.049457,0.328022,0.671978,0.460734,-1.0799,1.61916,0.277471,0.548715,0.45128,2.8183,-2.27573,0.457429,0.449735,1.83488,-0.0417439,-0.120355,1.31511,-0.770539,0.526731,1.13083,-0.310661,1.2547,-0.844808,0.742357,0.0770122,0.444996,0.436183,0.0418092,2.81482,-3.89581,1.04124,1.03975,-2.85445,3.95064,-0.548535,-0.547655,-1.81482,3.89581,-1.04124,-1.03975,2.89436,-4.00589,-2.4972,3.60873])
5.0736836608505556
Max g: 1.4128484947653619e-5
f_75([0.0494569,0.328022,0.671978,0.460734,-1.0799,1.61916,0.27747,0.548716,0.45128,2.8183,-2.27573,0.457429,0.449734,1.83488,-0.0417439,-0.120355,1.31511,-0.770539,0.526733,1.13083,-0.310662,1.2547,-0.844808,0.742356,0.077012,0.444996,0.436183,0.0418092,2.81482,-3.8958,1.04123,1.03975,-2.85445,3.95063,-0.548524,-0.547656,-1.81482,3.8958,-1.04123,-1.03975,2.89435,-4.00586,-2.49721,3.60872])
5.0736836608505556
Max g: 1.2905845547639405e-5
f_76([0.0494568,0.328022,0.671978,0.460734,-1.0799,1.61916,0.277469,0.548716,0.45128,2.8183,-2.27573,0.45743,0.449734,1.83488,-0.0417439,-0.120355,1.31511,-0.770539,0.526734,1.13084,-0.310662,1.25471,-0.844807,0.742354,0.0770118,0.444996,0.436183,0.0418092,2.81481,-3.89578,1.04122,1.03975,-2.85444,3.95061,-0.548514,-0.547658,-1.81481,3.89578,-1.04122,-1.03975,2.89433,-4.00584,-2.49722,3.60872])
5.073783352045212
Max g: 1.1672131035589395e-5
f_77([0.0494567,0.328022,0.671978,0.460734,-1.0799,1.61916,0.277468,0.548716,0.451281,2.8183,-2.27573,0.45743,0.449734,1.83488,-0.0417439,-0.120355,1.31511,-0.770539,0.526735,1.13084,-0.310663,1.25471,-0.844807,0.742352,0.0770117,0.444996,0.436183,0.0418093,2.8148,-3.89576,1.04121,1.03975,-2.85443,3.95059,-0.548503,-0.547659,-1.8148,3.89576,-1.04121,-1.03975,2.89432,-4.00581,-2.49723,3.60872])
5.073783352045212
Max g: 1.0406384415365122e-5
f_78([0.0494567,0.328022,0.671978,0.460734,-1.0799,1.61916,0.277467,0.548716,0.451281,2.8183,-2.27573,0.45743,0.449734,1.83488,-0.0417439,-0.120355,1.31511,-0.770538,0.526736,1.13084,-0.310664,1.25471,-0.844807,0.742351,0.0770116,0.444997,0.436183,0.0418093,2.81479,-3.89574,1.0412,1.03975,-2.85442,3.95057,-0.548493,-0.547661,-1.81479,3.89574,-1.0412,-1.03975,2.89431,-4.00579,-2.49723,3.60871])
5.073783352045212
Max g: 9.173525387234926e-6
f_79([0.0494566,0.328022,0.671978,0.460734,-1.0799,1.61916,0.277466,0.548716,0.451281,2.8183,-2.27573,0.457431,0.449734,1.83488,-0.0417439,-0.120355,1.31511,-0.770538,0.526737,1.13084,-0.310664,1.25472,-0.844807,0.74235,0.0770114,0.444997,0.436183,0.0418093,2.81479,-3.89573,1.0412,1.03974,-2.85441,3.95056,-0.548484,-0.547662,-1.81479,3.89573,-1.0412,-1.03974,2.89429,-4.00576,-2.49724,3.60871])
5.073783352045212
Max g: 8.143392152243356e-6
f_80([0.0494566,0.328022,0.671978,0.460734,-1.0799,1.61916,0.277466,0.548716,0.451281,2.8183,-2.27573,0.457431,0.449734,1.83488,-0.0417439,-0.120355,1.31511,-0.770538,0.526737,1.13084,-0.310664,1.25472,-0.844807,0.74235,0.0770114,0.444997,0.436183,0.0418093,2.81479,-3.89573,1.0412,1.03974,-2.85441,3.95056,-0.548484,-0.547662,-1.81479,3.89573,-1.0412,-1.03974,2.89429,-4.00576,-2.49724,3.60871])
5.073783352045212
{0.04945661288616186,0.3280219701979931,0.6719780297994894,0.46073422950804344,-1.079898782427841,1.6191645529129863,0.277466302807837,0.5487160924172899,0.4512811202724667,2.81829885318018,-2.2757326409069143,0.45743076389051973,0.44973351383942495,1.8348777864246906,-0.04174387920069166,-0.12035545706304135,1.3151100062060548,-0.7705384849657022,0.5267369709079275,1.1308436389473429,-0.3106641186608248,1.254716182865392,-0.8448069493476994,0.7423497478411771,0.07701141829441412,0.4449966401050484,0.4361826798842899,0.04180926447490271,2.8147860342799595,-3.8957262796324077,1.0411965160425873,1.0397438056687751,-2.8544116903384436,3.9505579784819793,-0.5484841526570821,-0.5476622177149493,-1.8147856581699515,3.8957257768267946,-1.0411966337027492,-1.0397435594352715,2.8942946296882424,-4.005763422169545,-2.497241303723562,3.6087102007466463}]
Set[{A021,A031,A032,A041,A042,A043,A121,A131,A132,A141,A142,A143,B021,B031,B032,B041,B042,B043,B121,B131,B132,B141,B142,B143,\[Alpha]1,\[Alpha]2,\[Alpha]3,\[Alpha]4,\[Beta]11,\[Beta]12,\[Beta]13,\[Beta]14,\[Beta]21,\[Beta]22,\[Beta]23,\[Beta]24,\[Beta]31,\[Beta]32,\[Beta]33,\[Beta]34,\[Beta]41,\[Beta]42,\[Beta]43,\[Beta]44},{0.04945661288616186,0.3280219701979931,0.6719780297994894,0.46073422950804344,-1.079898782427841,1.6191645529129863,0.277466302807837,0.5487160924172899,0.4512811202724667,2.81829885318018,-2.2757326409069143,0.45743076389051973,0.44973351383942495,1.8348777864246906,-0.04174387920069166,-0.12035545706304135,1.3151100062060548,-0.7705384849657022,0.5267369709079275,1.1308436389473429,-0.3106641186608248,1.254716182865392,-0.8448069493476994,0.7423497478411771,0.07701141829441412,0.4449966401050484,0.4361826798842899,0.04180926447490271,2.8147860342799595,-3.8957262796324077,1.0411965160425873,1.0397438056687751,-2.8544116903384436,3.9505579784819793,-0.5484841526570821,-0.5476622177149493,-1.8147856581699515,3.8957257768267946,-1.0411966337027492,-1.0397435594352715,2.8942946296882424,-4.005763422169545,-2.497241303723562,3.6087102007466463}]

Max g: 8.138059435794376e-6
f_81([0.0494566,0.328022,0.671978,0.460734,-1.0799,1.61916,0.277466,0.548716,0.451281,2.8183,-2.27573,0.457431,0.449734,1.83488,-0.0417439,-0.120355,1.31511,-0.770538,0.526737,1.13084,-0.310664,1.25472,-0.844807,0.74235,0.0770114,0.444997,0.436183,0.0418093,2.81479,-3.89573,1.0412,1.03974,-2.85441,3.95056,-0.548484,-0.547662,-1.81479,3.89573,-1.0412,-1.03974,2.89429,-4.00576,-2.49724,3.60871])
5.073783352045212
Max g: 8.136383206291953e-6
f_82([0.0494566,0.328022,0.671978,0.460734,-1.0799,1.61916,0.277466,0.548716,0.451281,2.8183,-2.27573,0.457431,0.449734,1.83488,-0.0417439,-0.120355,1.31511,-0.770538,0.526737,1.13084,-0.310664,1.25472,-0.844807,0.74235,0.0770114,0.444997,0.436183,0.0418093,2.81479,-3.89573,1.0412,1.03974,-2.85441,3.95056,-0.548484,-0.547662,-1.81479,3.89573,-1.0412,-1.03974,2.89429,-4.00576,-2.49724,3.60871])
5.073783352045212
Max g: 8.134645174795452e-6
f_83([0.0494566,0.328022,0.671978,0.460734,-1.0799,1.61916,0.277466,0.548716,0.451281,2.8183,-2.27573,0.457431,0.449734,1.83488,-0.0417439,-0.120355,1.31511,-0.770538,0.526737,1.13084,-0.310664,1.25472,-0.844807,0.74235,0.0770114,0.444997,0.436183,0.0418093,2.81479,-3.89573,1.0412,1.03974,-2.85441,3.95056,-0.548484,-0.547662,-1.81479,3.89573,-1.0412,-1.03974,2.89429,-4.00576,-2.49724,3.60871])
5.073783352045212
Max g: 8.13298576630983e-6
f_84([0.0494566,0.328022,0.671978,0.460734,-1.0799,1.61916,0.277466,0.548716,0.451281,2.8183,-2.27573,0.457431,0.449734,1.83488,-0.0417439,-0.120355,1.31511,-0.770538,0.526737,1.13084,-0.310664,1.25472,-0.844807,0.74235,0.0770114,0.444997,0.436183,0.0418093,2.81479,-3.89573,1.0412,1.03974,-2.85441,3.95056,-0.548484,-0.547662,-1.81479,3.89573,-1.0412,-1.03974,2.89429,-4.00576,-2.49724,3.60871])
5.073783352045212
Max g: 8.131352506185463e-6
f_85([0.0494566,0.328022,0.671978,0.460734,-1.0799,1.61916,0.277466,0.548716,0.451281,2.8183,-2.27573,0.457431,0.449734,1.83488,-0.0417439,-0.120355,1.31511,-0.770538,0.526737,1.13084,-0.310664,1.25472,-0.844807,0.74235,0.0770114,0.444997,0.436183,0.0418093,2.81479,-3.89573,1.0412,1.03974,-2.85441,3.95056,-0.548484,-0.547662,-1.81479,3.89573,-1.0412,-1.03974,2.89429,-4.00576,-2.49724,3.60871])
5.073783352045212
Max g: 8.129685605803849e-6
f_86([0.0494566,0.328022,0.671978,0.460734,-1.0799,1.61916,0.277466,0.548716,0.451281,2.8183,-2.27573,0.457431,0.449734,1.83488,-0.0417439,-0.120355,1.31511,-0.770538,0.526737,1.13084,-0.310664,1.25472,-0.844807,0.74235,0.0770114,0.444997,0.436183,0.0418093,2.81479,-3.89573,1.0412,1.03974,-2.85441,3.95056,-0.548484,-0.547662,-1.81479,3.89573,-1.0412,-1.03974,2.89429,-4.00576,-2.49724,3.60871])
5.073783352045212
Max g: 8.127982977890191e-6
f_87([0.0494566,0.328022,0.671978,0.460734,-1.0799,1.61916,0.277466,0.548716,0.451281,2.8183,-2.27573,0.457431,0.449734,1.83488,-0.0417439,-0.120355,1.31511,-0.770538,0.526737,1.13084,-0.310664,1.25472,-0.844807,0.74235,0.0770114,0.444997,0.436183,0.0418093,2.81479,-3.89573,1.0412,1.03974,-2.85441,3.95056,-0.548484,-0.547662,-1.81479,3.89573,-1.0412,-1.03974,2.89429,-4.00576,-2.49724,3.60871])
5.073783352045212
Max g: 8.12627512902786e-6
f_88([0.0494566,0.328022,0.671978,0.460734,-1.0799,1.61916,0.277466,0.548716,0.451281,2.8183,-2.27573,0.457431,0.449734,1.83488,-0.0417439,-0.120355,1.31511,-0.770538,0.526737,1.13084,-0.310664,1.25472,-0.844807,0.74235,0.0770114,0.444997,0.436183,0.0418093,2.81479,-3.89573,1.0412,1.03974,-2.85441,3.95056,-0.548484,-0.547662,-1.81479,3.89573,-1.0412,-1.03974,2.89429,-4.00576,-2.49724,3.60871])
5.073783352045212
Max g: 8.124760377925533e-6
f_89([0.0494566,0.328022,0.671978,0.460734,-1.0799,1.61916,0.277466,0.548716,0.451281,2.8183,-2.27573,0.457431,0.449734,1.83488,-0.0417439,-0.120355,1.31511,-0.770538,0.526737,1.13084,-0.310664,1.25472,-0.844807,0.74235,0.0770114,0.444997,0.436183,0.0418093,2.81479,-3.89573,1.0412,1.03974,-2.85441,3.95056,-0.548484,-0.547662,-1.81479,3.89573,-1.0412,-1.03974,2.89429,-4.00576,-2.49724,3.60871])
5.073783352045212
Max g: 8.124035475565172e-6
f_90([0.0494566,0.328022,0.671978,0.460734,-1.0799,1.61916,0.277466,0.548716,0.451281,2.8183,-2.27573,0.457431,0.449734,1.83488,-0.0417439,-0.120355,1.31511,-0.770538,0.526737,1.13084,-0.310664,1.25472,-0.844807,0.74235,0.0770114,0.444997,0.436183,0.0418093,2.81479,-3.89573,1.0412,1.03974,-2.85441,3.95056,-0.548484,-0.547662,-1.81479,3.89573,-1.0412,-1.03974,2.89429,-4.00576,-2.49724,3.60871])
5.073783352045212
{0.049456611847827216,0.3280219702316649,0.6719780297670293,0.4607342294742794,-1.0798987825373174,1.6191645530556764,0.2774662907597285,0.5487160946288892,0.451281123649351,2.8182988529097046,-2.275732639777069,0.45743076892853934,0.4497335112045165,1.834877786531195,-0.041743879091256625,-0.12035545659784419,1.3151100064435737,-0.770538484656696,0.5267369843844596,1.130843668720628,-0.31066412561433937,1.254716221150082,-0.8448069471889691,0.7423497299689353,0.07701141624124253,0.4449966414518311,0.436182679801635,0.041809264754400985,2.8147859396206023,-3.895726064276642,1.0411964168859376,1.0397437833408825,-2.854411585675594,3.9505577693939804,-0.5484840285286438,-0.5476622368363079,-1.8147855635643064,3.895725561612348,-1.0411965346133731,-1.0397435373001045,2.894294462810145,-4.005763112456345,-2.49724140356646,3.6087101579041487}]
Set[{A021,A031,A032,A041,A042,A043,A121,A131,A132,A141,A142,A143,B021,B031,B032,B041,B042,B043,B121,B131,B132,B141,B142,B143,\[Alpha]1,\[Alpha]2,\[Alpha]3,\[Alpha]4,\[Beta]11,\[Beta]12,\[Beta]13,\[Beta]14,\[Beta]21,\[Beta]22,\[Beta]23,\[Beta]24,\[Beta]31,\[Beta]32,\[Beta]33,\[Beta]34,\[Beta]41,\[Beta]42,\[Beta]43,\[Beta]44},{0.049456611847827216,0.3280219702316649,0.6719780297670293,0.4607342294742794,-1.0798987825373174,1.6191645530556764,0.2774662907597285,0.5487160946288892,0.451281123649351,2.8182988529097046,-2.275732639777069,0.45743076892853934,0.4497335112045165,1.834877786531195,-0.041743879091256625,-0.12035545659784419,1.3151100064435737,-0.770538484656696,0.5267369843844596,1.130843668720628,-0.31066412561433937,1.254716221150082,-0.8448069471889691,0.7423497299689353,0.07701141624124253,0.4449966414518311,0.436182679801635,0.041809264754400985,2.8147859396206023,-3.895726064276642,1.0411964168859376,1.0397437833408825,-2.854411585675594,3.9505577693939804,-0.5484840285286438,-0.5476622368363079,-1.8147855635643064,3.895725561612348,-1.0411965346133731,-1.0397435373001045,2.894294462810145,-4.005763112456345,-2.49724140356646,3.6087101579041487}]

Max g: 8.123281892771783e-6
f_91([0.0494566,0.328022,0.671978,0.460734,-1.0799,1.61916,0.277466,0.548716,0.451281,2.8183,-2.27573,0.457431,0.449734,1.83488,-0.0417439,-0.120355,1.31511,-0.770538,0.526737,1.13084,-0.310664,1.25472,-0.844807,0.74235,0.0770114,0.444997,0.436183,0.0418093,2.81479,-3.89573,1.0412,1.03974,-2.85441,3.95056,-0.548484,-0.547662,-1.81479,3.89573,-1.0412,-1.03974,2.89429,-4.00576,-2.49724,3.60871])
5.073783352045212
Max g: 8.122722977260688e-6
f_92([0.0494566,0.328022,0.671978,0.460734,-1.0799,1.61916,0.277466,0.548716,0.451281,2.8183,-2.27573,0.457431,0.449734,1.83488,-0.0417439,-0.120355,1.31511,-0.770538,0.526737,1.13084,-0.310664,1.25472,-0.844807,0.74235,0.0770114,0.444997,0.436183,0.0418093,2.81479,-3.89573,1.0412,1.03974,-2.85441,3.95056,-0.548484,-0.547662,-1.81479,3.89573,-1.0412,-1.03974,2.89429,-4.00576,-2.49724,3.60871])
5.073783352045212
Max g: 8.122388734058128e-6
f_93([0.0494566,0.328022,0.671978,0.460734,-1.0799,1.61916,0.277466,0.548716,0.451281,2.8183,-2.27573,0.457431,0.449734,1.83488,-0.0417439,-0.120355,1.31511,-0.770538,0.526737,1.13084,-0.310664,1.25472,-0.844807,0.74235,0.0770114,0.444997,0.436183,0.0418093,2.81479,-3.89573,1.0412,1.03974,-2.85441,3.95056,-0.548484,-0.547662,-1.81479,3.89573,-1.0412,-1.03974,2.89429,-4.00576,-2.49724,3.60871])
5.073783352045212
Max g: 8.122040235897243e-6
f_94([0.0494566,0.328022,0.671978,0.460734,-1.0799,1.61916,0.277466,0.548716,0.451281,2.8183,-2.27573,0.457431,0.449734,1.83488,-0.0417439,-0.120355,1.31511,-0.770538,0.526737,1.13084,-0.310664,1.25472,-0.844807,0.74235,0.0770114,0.444997,0.436183,0.0418093,2.81479,-3.89573,1.0412,1.03974,-2.85441,3.95056,-0.548484,-0.547662,-1.81479,3.89573,-1.0412,-1.03974,2.89429,-4.00576,-2.49724,3.60871])
5.073783352045212
Max g: 8.121903100705152e-6
f_95([0.0494566,0.328022,0.671978,0.460734,-1.0799,1.61916,0.277466,0.548716,0.451281,2.8183,-2.27573,0.457431,0.449734,1.83488,-0.0417439,-0.120355,1.31511,-0.770538,0.526737,1.13084,-0.310664,1.25472,-0.844807,0.74235,0.0770114,0.444997,0.436183,0.0418093,2.81479,-3.89573,1.0412,1.03974,-2.85441,3.95056,-0.548484,-0.547662,-1.81479,3.89573,-1.0412,-1.03974,2.89429,-4.00576,-2.49724,3.60871])
5.073783352045212
Max g: 8.121759919182958e-6
f_96([0.0494566,0.328022,0.671978,0.460734,-1.0799,1.61916,0.277466,0.548716,0.451281,2.8183,-2.27573,0.457431,0.449734,1.83488,-0.0417439,-0.120355,1.31511,-0.770538,0.526737,1.13084,-0.310664,1.25472,-0.844807,0.74235,0.0770114,0.444997,0.436183,0.0418093,2.81479,-3.89573,1.0412,1.03974,-2.85441,3.95056,-0.548484,-0.547662,-1.81479,3.89573,-1.0412,-1.03974,2.89429,-4.00576,-2.49724,3.60871])
5.073783352045212
Max g: 8.121621498297094e-6
f_97([0.0494566,0.328022,0.671978,0.460734,-1.0799,1.61916,0.277466,0.548716,0.451281,2.8183,-2.27573,0.457431,0.449734,1.83488,-0.0417439,-0.120355,1.31511,-0.770538,0.526737,1.13084,-0.310664,1.25472,-0.844807,0.74235,0.0770114,0.444997,0.436183,0.0418093,2.81479,-3.89573,1.0412,1.03974,-2.85441,3.95056,-0.548484,-0.547662,-1.81479,3.89573,-1.0412,-1.03974,2.89429,-4.00576,-2.49724,3.60871])
5.073783352045212
Max g: 8.121534490826421e-6
f_98([0.0494566,0.328022,0.671978,0.460734,-1.0799,1.61916,0.277466,0.548716,0.451281,2.8183,-2.27573,0.457431,0.449734,1.83488,-0.0417439,-0.120355,1.31511,-0.770538,0.526737,1.13084,-0.310664,1.25472,-0.844807,0.74235,0.0770114,0.444997,0.436183,0.0418093,2.81479,-3.89573,1.0412,1.03974,-2.85441,3.95056,-0.548484,-0.547662,-1.81479,3.89573,-1.0412,-1.03974,2.89429,-4.00576,-2.49724,3.60871])
5.073783352045212
Max g: 8.121514777206795e-6
f_99([0.0494566,0.328022,0.671978,0.460734,-1.0799,1.61916,0.277466,0.548716,0.451281,2.8183,-2.27573,0.457431,0.449734,1.83488,-0.0417439,-0.120355,1.31511,-0.770538,0.526737,1.13084,-0.310664,1.25472,-0.844807,0.74235,0.0770114,0.444997,0.436183,0.0418093,2.81479,-3.89573,1.0412,1.03974,-2.85441,3.95056,-0.548484,-0.547662,-1.81479,3.89573,-1.0412,-1.03974,2.89429,-4.00576,-2.49724,3.60871])
5.073783352045212
Max g: 8.121497980712045e-6
f_100([0.0494566,0.328022,0.671978,0.460734,-1.0799,1.61916,0.277466,0.548716,0.451281,2.8183,-2.27573,0.457431,0.449734,1.83488,-0.0417439,-0.120355,1.31511,-0.770538,0.526737,1.13084,-0.310664,1.25472,-0.844807,0.74235,0.0770114,0.444997,0.436183,0.0418093,2.81479,-3.89573,1.0412,1.03974,-2.85441,3.95056,-0.548484,-0.547662,-1.81479,3.89573,-1.0412,-1.03974,2.89429,-4.00576,-2.49724,3.60871])
5.073783352045212
{0.04945661167794992,0.32802197020743806,0.6719780297924713,0.4607342294761843,-1.0798987825436286,1.6191645530655372,0.2774662892283893,0.5487160949155492,0.451281124042017,2.8182988528075463,-2.2757326396406166,0.45743076950151323,0.4497335108459219,1.8348777865688322,-0.04174387908445856,-0.12035545664033885,1.3151100064864971,-0.770538484622183,0.5267369860171268,1.1308436723756878,-0.31066412647502495,1.2547162257957813,-0.8448069469075881,0.7423497277774755,0.07701141606451901,0.44499664162162,0.43618267977093894,0.04180926479513684,2.814785928102527,-3.8957260380775662,1.0411964048630808,1.039743780644377,-2.8544115729624284,3.9505577439430533,-0.5484840134007551,-0.5476622391287763,-1.8147855520328835,3.8957255354325846,-1.0411965225291147,-1.0397435346293524,2.8942944424915344,-4.005763074810396,-2.497241415685216,3.608710152659343}]
Set[{A021,A031,A032,A041,A042,A043,A121,A131,A132,A141,A142,A143,B021,B031,B032,B041,B042,B043,B121,B131,B132,B141,B142,B143,\[Alpha]1,\[Alpha]2,\[Alpha]3,\[Alpha]4,\[Beta]11,\[Beta]12,\[Beta]13,\[Beta]14,\[Beta]21,\[Beta]22,\[Beta]23,\[Beta]24,\[Beta]31,\[Beta]32,\[Beta]33,\[Beta]34,\[Beta]41,\[Beta]42,\[Beta]43,\[Beta]44},{0.04945661167794992,0.32802197020743806,0.6719780297924713,0.4607342294761843,-1.0798987825436286,1.6191645530655372,0.2774662892283893,0.5487160949155492,0.451281124042017,2.8182988528075463,-2.2757326396406166,0.45743076950151323,0.4497335108459219,1.8348777865688322,-0.04174387908445856,-0.12035545664033885,1.3151100064864971,-0.770538484622183,0.5267369860171268,1.1308436723756878,-0.31066412647502495,1.2547162257957813,-0.8448069469075881,0.7423497277774755,0.07701141606451901,0.44499664162162,0.43618267977093894,0.04180926479513684,2.814785928102527,-3.8957260380775662,1.0411964048630808,1.039743780644377,-2.8544115729624284,3.9505577439430533,-0.5484840134007551,-0.5476622391287763,-1.8147855520328835,3.8957255354325846,-1.0411965225291147,-1.0397435346293524,2.8942944424915344,-4.005763074810396,-2.497241415685216,3.608710152659343}]

Max g: 8.121480085540589e-6
f_101([0.0494566,0.328022,0.671978,0.460734,-1.0799,1.61916,0.277466,0.548716,0.451281,2.8183,-2.27573,0.457431,0.449734,1.83488,-0.0417439,-0.120355,1.31511,-0.770538,0.526737,1.13084,-0.310664,1.25472,-0.844807,0.74235,0.0770114,0.444997,0.436183,0.0418093,2.81479,-3.89573,1.0412,1.03974,-2.85441,3.95056,-0.548484,-0.547662,-1.81479,3.89573,-1.0412,-1.03974,2.89429,-4.00576,-2.49724,3.60871])
5.073783352045212
Max g: 8.121462103216626e-6
f_102([0.0494566,0.328022,0.671978,0.460734,-1.0799,1.61916,0.277466,0.548716,0.451281,2.8183,-2.27573,0.457431,0.449734,1.83488,-0.0417439,-0.120355,1.31511,-0.770538,0.526737,1.13084,-0.310664,1.25472,-0.844807,0.74235,0.0770114,0.444997,0.436183,0.0418093,2.81479,-3.89573,1.0412,1.03974,-2.85441,3.95056,-0.548484,-0.547662,-1.81479,3.89573,-1.0412,-1.03974,2.89429,-4.00576,-2.49724,3.60871])
5.073783352045212
Max g: 8.12143981032687e-6
f_103([0.0494566,0.328022,0.671978,0.460734,-1.0799,1.61916,0.277466,0.548716,0.451281,2.8183,-2.27573,0.457431,0.449734,1.83488,-0.0417439,-0.120355,1.31511,-0.770538,0.526737,1.13084,-0.310664,1.25472,-0.844807,0.74235,0.0770114,0.444997,0.436183,0.0418093,2.81479,-3.89573,1.0412,1.03974,-2.85441,3.95056,-0.548484,-0.547662,-1.81479,3.89573,-1.0412,-1.03974,2.89429,-4.00576,-2.49724,3.60871])
5.073783352045212
Max g: 8.121422314336102e-6
f_104([0.0494566,0.328022,0.671978,0.460734,-1.0799,1.61916,0.277466,0.548716,0.451281,2.8183,-2.27573,0.457431,0.449734,1.83488,-0.0417439,-0.120355,1.31511,-0.770538,0.526737,1.13084,-0.310664,1.25472,-0.844807,0.74235,0.0770114,0.444997,0.436183,0.0418093,2.81479,-3.89573,1.0412,1.03974,-2.85441,3.95056,-0.548484,-0.547662,-1.81479,3.89573,-1.0412,-1.03974,2.89429,-4.00576,-2.49724,3.60871])
5.073783352045212
Max g: 8.121403013899853e-6
f_105([0.0494566,0.328022,0.671978,0.460734,-1.0799,1.61916,0.277466,0.548716,0.451281,2.8183,-2.27573,0.457431,0.449734,1.83488,-0.0417439,-0.120355,1.31511,-0.770538,0.526737,1.13084,-0.310664,1.25472,-0.844807,0.74235,0.0770114,0.444997,0.436183,0.0418093,2.81479,-3.89573,1.0412,1.03974,-2.85441,3.95056,-0.548484,-0.547662,-1.81479,3.89573,-1.0412,-1.03974,2.89429,-4.00576,-2.49724,3.60871])
5.073783352045212
Max g: 8.121384967571532e-6
f_106([0.0494566,0.328022,0.671978,0.460734,-1.0799,1.61916,0.277466,0.548716,0.451281,2.8183,-2.27573,0.457431,0.449734,1.83488,-0.0417439,-0.120355,1.31511,-0.770538,0.526737,1.13084,-0.310664,1.25472,-0.844807,0.74235,0.0770114,0.444997,0.436183,0.0418093,2.81479,-3.89573,1.0412,1.03974,-2.85441,3.95056,-0.548484,-0.547662,-1.81479,3.89573,-1.0412,-1.03974,2.89429,-4.00576,-2.49724,3.60871])
5.073783352045212
Max g: 8.121364411584064e-6
f_107([0.0494566,0.328022,0.671978,0.460734,-1.0799,1.61916,0.277466,0.548716,0.451281,2.8183,-2.27573,0.457431,0.449734,1.83488,-0.0417439,-0.120355,1.31511,-0.770538,0.526737,1.13084,-0.310664,1.25472,-0.844807,0.74235,0.0770114,0.444997,0.436183,0.0418093,2.81479,-3.89573,1.0412,1.03974,-2.85441,3.95056,-0.548484,-0.547662,-1.81479,3.89573,-1.0412,-1.03974,2.89429,-4.00576,-2.49724,3.60871])
5.073783352045212
Max g: 8.121348167633435e-6
f_108([0.0494566,0.328022,0.671978,0.460734,-1.0799,1.61916,0.277466,0.548716,0.451281,2.8183,-2.27573,0.457431,0.449734,1.83488,-0.0417439,-0.120355,1.31511,-0.770538,0.526737,1.13084,-0.310664,1.25472,-0.844807,0.74235,0.0770114,0.444997,0.436183,0.0418093,2.81479,-3.89573,1.0412,1.03974,-2.85441,3.95056,-0.548484,-0.547662,-1.81479,3.89573,-1.0412,-1.03974,2.89429,-4.00576,-2.49724,3.60871])
5.073783352045212
Max g: 8.121332815719251e-6
f_109([0.0494566,0.328022,0.671978,0.460734,-1.0799,1.61916,0.277466,0.548716,0.451281,2.8183,-2.27573,0.457431,0.449734,1.83488,-0.0417439,-0.120355,1.31511,-0.770538,0.526737,1.13084,-0.310664,1.25472,-0.844807,0.74235,0.0770114,0.444997,0.436183,0.0418093,2.81479,-3.89573,1.0412,1.03974,-2.85441,3.95056,-0.548484,-0.547662,-1.81479,3.89573,-1.0412,-1.03974,2.89429,-4.00576,-2.49724,3.60871])
5.073783352045212
Max g: 8.121314110931532e-6
f_110([0.0494566,0.328022,0.671978,0.460734,-1.0799,1.61916,0.277466,0.548716,0.451281,2.8183,-2.27573,0.457431,0.449734,1.83488,-0.0417439,-0.120355,1.31511,-0.770538,0.526737,1.13084,-0.310664,1.25472,-0.844807,0.74235,0.0770114,0.444997,0.436183,0.0418093,2.81479,-3.89573,1.0412,1.03974,-2.85441,3.95056,-0.548484,-0.547662,-1.81479,3.89573,-1.0412,-1.03974,2.89429,-4.00576,-2.49724,3.60871])
5.073783352045212
{0.04945661165954673,0.3280219702027617,0.6719780297972398,0.4607342294750519,-1.0798987825378725,1.6191645530627266,0.27746628908990645,0.5487160949364877,0.4512811240855565,2.818298852806641,-2.275732639612473,0.45743076956340245,0.4497335108281666,1.8348777865744847,-0.04174387907179761,-0.1203554566377423,1.3151100064863919,-0.7705384846157739,0.5267369861940877,1.1308436727583706,-0.3106641265590968,1.2547162262844451,-0.8448069468719465,0.7423497275479612,0.07701141603655379,0.4449966416296452,0.4361826797734048,0.04180926480034161,2.8147859268967768,-3.8957260353291487,1.0411964036056152,1.0397437803619944,-2.854411571650117,3.9505577412753614,-0.5484840118119347,-0.5476622393680926,-1.8147855508396205,3.895725532696011,-1.0411965212737515,-1.0397435343313175,2.894294440355212,-4.005763070862438,-2.4972414169670794,3.6087101521065175}]
Set[{A021,A031,A032,A041,A042,A043,A121,A131,A132,A141,A142,A143,B021,B031,B032,B041,B042,B043,B121,B131,B132,B141,B142,B143,\[Alpha]1,\[Alpha]2,\[Alpha]3,\[Alpha]4,\[Beta]11,\[Beta]12,\[Beta]13,\[Beta]14,\[Beta]21,\[Beta]22,\[Beta]23,\[Beta]24,\[Beta]31,\[Beta]32,\[Beta]33,\[Beta]34,\[Beta]41,\[Beta]42,\[Beta]43,\[Beta]44},{0.04945661165954673,0.3280219702027617,0.6719780297972398,0.4607342294750519,-1.0798987825378725,1.6191645530627266,0.27746628908990645,0.5487160949364877,0.4512811240855565,2.818298852806641,-2.275732639612473,0.45743076956340245,0.4497335108281666,1.8348777865744847,-0.04174387907179761,-0.1203554566377423,1.3151100064863919,-0.7705384846157739,0.5267369861940877,1.1308436727583706,-0.3106641265590968,1.2547162262844451,-0.8448069468719465,0.7423497275479612,0.07701141603655379,0.4449966416296452,0.4361826797734048,0.04180926480034161,2.8147859268967768,-3.8957260353291487,1.0411964036056152,1.0397437803619944,-2.854411571650117,3.9505577412753614,-0.5484840118119347,-0.5476622393680926,-1.8147855508396205,3.895725532696011,-1.0411965212737515,-1.0397435343313175,2.894294440355212,-4.005763070862438,-2.4972414169670794,3.6087101521065175}]

Max g: 8.121288603071819e-6
f_111([0.0494566,0.328022,0.671978,0.460734,-1.0799,1.61916,0.277466,0.548716,0.451281,2.8183,-2.27573,0.457431,0.449734,1.83488,-0.0417439,-0.120355,1.31511,-0.770538,0.526737,1.13084,-0.310664,1.25472,-0.844807,0.74235,0.0770114,0.444997,0.436183,0.0418093,2.81479,-3.89573,1.0412,1.03974,-2.85441,3.95056,-0.548484,-0.547662,-1.81479,3.89573,-1.0412,-1.03974,2.89429,-4.00576,-2.49724,3.60871])
5.073783352045212
Max g: 8.121270401631464e-6
f_112([0.0494566,0.328022,0.671978,0.460734,-1.0799,1.61916,0.277466,0.548716,0.451281,2.8183,-2.27573,0.457431,0.449734,1.83488,-0.0417439,-0.120355,1.31511,-0.770538,0.526737,1.13084,-0.310664,1.25472,-0.844807,0.74235,0.0770114,0.444997,0.436183,0.0418093,2.81479,-3.89573,1.0412,1.03974,-2.85441,3.95056,-0.548484,-0.547662,-1.81479,3.89573,-1.0412,-1.03974,2.89429,-4.00576,-2.49724,3.60871])
5.073783352045212
Max g: 8.121250968051719e-6
f_113([0.0494566,0.328022,0.671978,0.460734,-1.0799,1.61916,0.277466,0.548716,0.451281,2.8183,-2.27573,0.457431,0.449734,1.83488,-0.0417439,-0.120355,1.31511,-0.770538,0.526737,1.13084,-0.310664,1.25472,-0.844807,0.74235,0.0770114,0.444997,0.436183,0.0418093,2.81479,-3.89573,1.0412,1.03974,-2.85441,3.95056,-0.548484,-0.547662,-1.81479,3.89573,-1.0412,-1.03974,2.89429,-4.00576,-2.49724,3.60871])
5.073783352045212
Max g: 8.121230201177387e-6
f_114([0.0494566,0.328022,0.671978,0.460734,-1.0799,1.61916,0.277466,0.548716,0.451281,2.8183,-2.27573,0.457431,0.449734,1.83488,-0.0417439,-0.120355,1.31511,-0.770538,0.526737,1.13084,-0.310664,1.25472,-0.844807,0.74235,0.0770114,0.444997,0.436183,0.0418093,2.81479,-3.89573,1.0412,1.03974,-2.85441,3.95056,-0.548484,-0.547662,-1.81479,3.89573,-1.0412,-1.03974,2.89429,-4.00576,-2.49724,3.60871])
5.073783352045212
Max g: 8.12121561136192e-6
f_115([0.0494566,0.328022,0.671978,0.460734,-1.0799,1.61916,0.277466,0.548716,0.451281,2.8183,-2.27573,0.457431,0.449734,1.83488,-0.0417439,-0.120355,1.31511,-0.770538,0.526737,1.13084,-0.310664,1.25472,-0.844807,0.74235,0.0770114,0.444997,0.436183,0.0418093,2.81479,-3.89573,1.0412,1.03974,-2.85441,3.95056,-0.548484,-0.547662,-1.81479,3.89573,-1.0412,-1.03974,2.89429,-4.00576,-2.49724,3.60871])
5.073783352045212
Max g: 8.121196273330744e-6
f_116([0.0494574,0.328022,0.671978,0.460733,-1.0799,1.61916,0.277463,0.548716,0.451282,2.8183,-2.27573,0.457433,0.449733,1.83488,-0.0417451,-0.120354,1.31511,-0.770539,0.526741,1.13085,-0.310666,1.25473,-0.844806,0.742344,0.0770115,0.444997,0.436183,0.0418089,2.81476,-3.89566,1.04117,1.03974,-2.85438,3.95049,-0.548446,-0.547669,-1.81476,3.89566,-1.04117,-1.03974,2.89424,-4.00567,-2.49727,3.6087])
5.073883043239869
Max g: 3.5136718372907882e-6
f_117([0.0494573,0.328022,0.671978,0.460733,-1.0799,1.61916,0.277462,0.548716,0.451283,2.8183,-2.27573,0.457433,0.449733,1.83488,-0.041745,-0.120354,1.31511,-0.770539,0.526742,1.13086,-0.310667,1.25473,-0.844806,0.742343,0.0770113,0.444997,0.436183,0.0418088,2.81475,-3.89564,1.04116,1.03974,-2.85437,3.95048,-0.548435,-0.54767,-1.81475,3.89564,-1.04116,-1.03974,2.89423,-4.00564,-2.49728,3.6087])
5.073982734434526
Max g: 2.3022132922267957e-6
f_118([0.0494572,0.328022,0.671978,0.460733,-1.0799,1.61916,0.277459,0.548717,0.451283,2.8183,-2.27573,0.457434,0.449733,1.83488,-0.0417451,-0.120354,1.31511,-0.770539,0.526745,1.13086,-0.310668,1.25474,-0.844806,0.742339,0.0770111,0.444997,0.436183,0.0418089,2.81473,-3.8956,1.04114,1.03973,-2.85435,3.95044,-0.548413,-0.547673,-1.81473,3.8956,-1.04114,-1.03973,2.8942,-4.00559,-2.4973,3.60869])
5.073982734434526
Max g: 2.0910998332901443e-7
f_119([0.049457,0.328022,0.671978,0.460733,-1.0799,1.61916,0.277456,0.548716,0.451284,2.8183,-2.27573,0.457434,0.449732,1.83488,-0.0417451,-0.120354,1.31511,-0.770539,0.526747,1.13087,-0.310669,1.25475,-0.844805,0.742336,0.0770107,0.444997,0.436183,0.0418089,2.81471,-3.89556,1.04112,1.03973,-2.85433,3.9504,-0.548387,-0.547678,-1.81471,3.89556,-1.04112,-1.03973,2.89417,-4.00552,-2.49732,3.60868])
5.074082425629181
Max g: 1.934654990765061e-6
f_120([0.0494567,0.328022,0.671978,0.460733,-1.0799,1.61916,0.277454,0.548716,0.451284,2.8183,-2.27573,0.457435,0.449732,1.83488,-0.0417451,-0.120354,1.31511,-0.770539,0.52675,1.13087,-0.310671,1.25475,-0.844805,0.742333,0.0770103,0.444998,0.436183,0.041809,2.8147,-3.89552,1.0411,1.03972,-2.85431,3.95036,-0.548364,-0.547681,-1.8147,3.89552,-1.0411,-1.03972,2.89414,-4.00547,-2.49734,3.60867])
5.074182116823838
{0.04945672686239618,0.3280222048665523,0.6719777946303114,0.4607327768912737,-1.0798977375333012,1.6191649572599331,0.2774539175237946,0.5487164004344944,0.45128359860121675,2.8182971116130613,-2.2757323059996897,0.457435194386629,0.4497316428711592,1.8348789157109633,-0.04174509704299182,-0.12035365590848772,1.3151086997807806,-0.7705389549020956,0.526749718734044,1.1308713909397239,-0.31067064603979705,1.2547521240574153,-0.8448050438568342,0.742332996082272,0.0770103001863697,0.444997852856389,0.4361829025055419,0.0418089511602809,2.8146960499887683,-3.895522925805045,1.0411034215997552,1.0397234033109812,-2.8543134242844252,3.950359044811496,-0.5483644284071697,-0.5476811326759057,-1.8146960966440597,3.895522976195611,-1.0411033744683929,-1.0397234533484485,2.8941372909690974,-4.005470389111484,-2.4973382460180105,3.6086712691346}]
Set[{A021,A031,A032,A041,A042,A043,A121,A131,A132,A141,A142,A143,B021,B031,B032,B041,B042,B043,B121,B131,B132,B141,B142,B143,\[Alpha]1,\[Alpha]2,\[Alpha]3,\[Alpha]4,\[Beta]11,\[Beta]12,\[Beta]13,\[Beta]14,\[Beta]21,\[Beta]22,\[Beta]23,\[Beta]24,\[Beta]31,\[Beta]32,\[Beta]33,\[Beta]34,\[Beta]41,\[Beta]42,\[Beta]43,\[Beta]44},{0.04945672686239618,0.3280222048665523,0.6719777946303114,0.4607327768912737,-1.0798977375333012,1.6191649572599331,0.2774539175237946,0.5487164004344944,0.45128359860121675,2.8182971116130613,-2.2757323059996897,0.457435194386629,0.4497316428711592,1.8348789157109633,-0.04174509704299182,-0.12035365590848772,1.3151086997807806,-0.7705389549020956,0.526749718734044,1.1308713909397239,-0.31067064603979705,1.2547521240574153,-0.8448050438568342,0.742332996082272,0.0770103001863697,0.444997852856389,0.4361829025055419,0.0418089511602809,2.8146960499887683,-3.895522925805045,1.0411034215997552,1.0397234033109812,-2.8543134242844252,3.950359044811496,-0.5483644284071697,-0.5476811326759057,-1.8146960966440597,3.895522976195611,-1.0411033744683929,-1.0397234533484485,2.8941372909690974,-4.005470389111484,-2.4973382460180105,3.6086712691346}]

Max g: 3.34553630643164e-6
f_121([0.0494566,0.328022,0.671978,0.460733,-1.0799,1.61916,0.277453,0.548716,0.451284,2.8183,-2.27573,0.457436,0.449731,1.83488,-0.0417451,-0.120354,1.31511,-0.770539,0.526751,1.13087,-0.310671,1.25476,-0.844805,0.742332,0.07701,0.444998,0.436183,0.041809,2.81469,-3.89551,1.0411,1.03972,-2.8543,3.95034,-0.548354,-0.547683,-1.81469,3.89551,-1.0411,-1.03972,2.89412,-4.00544,-2.49735,3.60867])
5.0743814992131515
Max g: 4.044707315742357e-6
f_122([0.0494566,0.328022,0.671978,0.460733,-1.0799,1.61916,0.277453,0.548716,0.451284,2.8183,-2.27573,0.457436,0.449731,1.83488,-0.0417451,-0.120354,1.31511,-0.770539,0.526751,1.13087,-0.310671,1.25476,-0.844805,0.742332,0.07701,0.444998,0.436183,0.041809,2.81469,-3.8955,1.0411,1.03972,-2.8543,3.95034,-0.548353,-0.547683,-1.81469,3.8955,-1.0411,-1.03972,2.89412,-4.00544,-2.49735,3.60867])
5.0743814992131515
Max g: 4.070049947624277e-6
{0.04945649208661263,0.3280222526703345,0.671977746640743,0.4607326450158816,-1.0798978285190566,1.6191651835014396,0.27745269772446185,0.5487162589513911,0.4512837410486087,2.8182968136362785,-2.2757324875048153,0.45743567386853695,0.4497312313171068,1.8348787907968038,-0.04174513904447174,-0.12034599725976049,1.315104906861266,-0.7705390998590602,0.5267508705644078,1.1308738260986,-0.3106711807337703,1.2547553101948443,-0.8448048317777153,0.7423315062469822,0.07700990838636503,0.44499820986429967,0.4361829595873577,0.041808898305213324,2.8146879797326765,-3.895504848662462,1.0410953390344755,1.0397214733490734,-2.8543044999519926,3.950340708633131,-0.5483531715578073,-0.5476829969399796,-1.814688038836525,3.895504943397719,-1.0410953255457513,-1.0397215139953837,2.89412302021307,-4.005443884798074,-2.4973468826426855,3.608667606300438}]
Set[{A021,A031,A032,A041,A042,A043,A121,A131,A132,A141,A142,A143,B021,B031,B032,B041,B042,B043,B121,B131,B132,B141,B142,B143,\[Alpha]1,\[Alpha]2,\[Alpha]3,\[Alpha]4,\[Beta]11,\[Beta]12,\[Beta]13,\[Beta]14,\[Beta]21,\[Beta]22,\[Beta]23,\[Beta]24,\[Beta]31,\[Beta]32,\[Beta]33,\[Beta]34,\[Beta]41,\[Beta]42,\[Beta]43,\[Beta]44},{0.04945649208661263,0.3280222526703345,0.671977746640743,0.4607326450158816,-1.0798978285190566,1.6191651835014396,0.27745269772446185,0.5487162589513911,0.4512837410486087,2.8182968136362785,-2.2757324875048153,0.45743567386853695,0.4497312313171068,1.8348787907968038,-0.04174513904447174,-0.12034599725976049,1.315104906861266,-0.7705390998590602,0.5267508705644078,1.1308738260986,-0.3106711807337703,1.2547553101948443,-0.8448048317777153,0.7423315062469822,0.07700990838636503,0.44499820986429967,0.4361829595873577,0.041808898305213324,2.8146879797326765,-3.895504848662462,1.0410953390344755,1.0397214733490734,-2.8543044999519926,3.950340708633131,-0.5483531715578073,-0.5476829969399796,-1.814688038836525,3.895504943397719,-1.0410953255457513,-1.0397215139953837,2.89412302021307,-4.005443884798074,-2.4973468826426855,3.608667606300438}]


-----------------Final Result------------------
Options: alg=LN_AUGLAG_EQ,dx=0.01,max_eval=100000000,popSize=0
imin=-6,jmin=-3,imax=1,jmax=3,
parameter_minmax=5,
randSeed=50943460,rand_minmax=2,
END_C=true, INEQ_C=false

12289637 steps

Completed with maxf : 5.0743814992131515

Constraints at 4.030769318208449e-6

x = [0.04945649208661263,0.3280222526703345,0.671977746640743,0.4607326450158816,-1.0798978285190566,1.6191651835014396,0.27745269772446185,0.5487162589513911,0.4512837410486087,2.8182968136362785,-2.2757324875048153,0.45743567386853695,0.4497312313171068,1.8348787907968038,-0.04174513904447174,-0.12034599725976049,1.315104906861266,-0.7705390998590602,0.5267508705644078,1.1308738260986,-0.3106711807337703,1.2547553101948443,-0.8448048317777153,0.7423315062469822,0.07700990838636503,0.44499820986429967,0.4361829595873577,0.041808898305213324,2.8146879797326765,-3.895504848662462,1.0410953390344755,1.0397214733490734,-2.8543044999519926,3.950340708633131,-0.5483531715578073,-0.5476829969399796,-1.814688038836525,3.895504943397719,-1.0410953255457513,-1.0397215139953837,2.89412302021307,-4.005443884798074,-2.4973468826426855,3.608667606300438]
c0 = [0.0,0.04945649208661263,0.9999999993110775,0.9999999999982647]
c1 = [0.0,0.27745269772446185,0.9999999999999998,1.0]
A0 = [0.0,0.04945649208661263,0.3280222526703345,0.4607326450158816,0.0,0.0,0.671977746640743,-1.0798978285190566,0.0,0.0,0.0,1.6191651835014396,0.0,0.0,0.0,0.0]
A1 = [0.0,0.27745269772446185,0.5487162589513911,2.8182968136362785,0.0,0.0,0.4512837410486087,-2.2757324875048153,0.0,0.0,0.0,0.45743567386853695,0.0,0.0,0.0,0.0]
B0 = [0.0,0.4497312313171068,1.8348787907968038,-0.12034599725976049,0.0,0.0,-0.04174513904447174,1.315104906861266,0.0,0.0,0.0,-0.7705390998590602,0.0,0.0,0.0,0.0]
B1 = [0.0,0.5267508705644078,1.1308738260986,1.2547553101948443,0.0,0.0,-0.3106711807337703,-0.8448048317777153,0.0,0.0,0.0,0.7423315062469822,0.0,0.0,0.0,0.0]
  = [0.07700990838636503,0.44499820986429967,0.4361829595873577,0.041808898305213324]
1 = [2.8146879797326765,-3.895504848662462,1.0410953390344755,1.0397214733490734]
2 = [-2.8543044999519926,3.950340708633131,-0.5483531715578073,-0.5476829969399796]
3 = [-1.814688038836525,3.895504943397719,-1.0410953255457513,-1.0397215139953837]
4 = [2.89412302021307,-4.005443884798074,-2.4973468826426855,3.608667606300438]


Set[{A021,A031,A032,A041,A042,A043,A121,A131,A132,A141,A142,A143,B021,B031,B032,B041,B042,B043,B121,B131,B132,B141,B142,B143,\[Alpha]1,\[Alpha]2,\[Alpha]3,\[Alpha]4,\[Beta]11,\[Beta]12,\[Beta]13,\[Beta]14,\[Beta]21,\[Beta]22,\[Beta]23,\[Beta]24,\[Beta]31,\[Beta]32,\[Beta]33,\[Beta]34,\[Beta]41,\[Beta]42,\[Beta]43,\[Beta]44},{0.04945649208661263,0.3280222526703345,0.671977746640743,0.4607326450158816,-1.0798978285190566,1.6191651835014396,0.27745269772446185,0.5487162589513911,0.4512837410486087,2.8182968136362785,-2.2757324875048153,0.45743567386853695,0.4497312313171068,1.8348787907968038,-0.04174513904447174,-0.12034599725976049,1.315104906861266,-0.7705390998590602,0.5267508705644078,1.1308738260986,-0.3106711807337703,1.2547553101948443,-0.8448048317777153,0.7423315062469822,0.07700990838636503,0.44499820986429967,0.4361829595873577,0.041808898305213324,2.8146879797326765,-3.895504848662462,1.0410953390344755,1.0397214733490734,-2.8543044999519926,3.950340708633131,-0.5483531715578073,-0.5476829969399796,-1.814688038836525,3.895504943397719,-1.0410953255457513,-1.0397215139953837,2.89412302021307,-4.005443884798074,-2.4973468826426855,3.608667606300438}]



