
-----------------Setup------------------
Options: alg=LN_AUGLAG_EQ,dx=0.01,max_eval=100000000,popSize=0
imin=-6,jmin=-3,imax=1,jmax=3,
parameter_minmax=5,
randSeed=2065948, rand_minmax=1,
END_C=true, INEQ_C=false

Initial Condition:

[0.552926,0.102715,-0.497581,0.0374631,0.736753,0.528428,0.979725,-0.490872,0.501925,0.642435,0.396184,-0.477884,0.629626,-0.989239,-0.331532,0.700776,0.012844,0.906314,0.344347,-0.740096,0.514855,0.900036,-0.302026,0.280718,-0.641234,-0.808671,-0.405219,0.311,0.951017,-0.795004,0.149723,-0.257734,0.0198797,-0.0838546,-0.837741,0.329665,-0.291221,-0.721808,-0.326535,0.151232,0.721601,-0.317225,0.598072,0.358197]

f_1([0.0478662,0.661279,-0.0417829,-0.944869,-0.840981,2.57469,0.10345,-0.0492229,0.670177,0.101337,0.641915,0.0173557,0.0516597,2.13258,-0.0737578,3.68521,2.6384,1.21801,-0.275969,-0.955448,0.405945,1.77412,0.317834,-0.73483,1.74693,-1.40216,0.380441,0.00502347,0.636444,-0.561743,0.709561,0.267165,0.117674,0.0739432,-0.638224,0.367437,2.44798,-1.33712,-0.55353,-0.672805,0.379295,-0.0600985,-0.33322,0.504062])
32.318190557344984
Max g: 0.8837640585490297
f_2([0.00369503,0.901684,0.0930872,-0.926869,-0.213177,2.14005,0.584448,0.280758,0.714787,0.359383,0.57813,0.0557447,-0.0807862,1.82538,-0.236191,1.02725,0.756326,1.29025,0.737558,-1.29019,0.194703,2.21183,0.862711,-1.01137,1.95517,-1.4325,0.476298,0.0311255,-0.357357,0.901859,0.502615,-0.0293258,-0.292347,0.678437,-0.407984,0.0235757,1.45522,-0.966409,-0.549289,0.0451064,0.566059,-1.47103,0.22345,0.600462])
11.166610095869698
Max g: 0.07943839768474659
f_3([0.00855535,0.93051,0.0694614,-0.952132,-0.207952,2.16007,0.53693,0.333263,0.666725,0.403085,0.556958,0.0399453,-0.0941985,1.81124,-0.211232,1.033,0.767178,1.22727,0.732706,-1.29551,0.174726,2.20645,0.864016,-0.965609,1.93626,-1.44869,0.482003,0.0304385,-0.43369,0.936705,0.537048,-0.0400661,-0.31413,0.678313,-0.393581,0.0293945,1.43387,-0.936812,-0.537159,0.0401031,0.638314,-1.37849,0.169865,0.570302])
11.716706107984553
Max g: 7.91993302110966e-5
f_4([0.015238,0.930445,0.0695206,-0.952031,-0.207979,2.15999,0.537067,0.33693,0.66306,0.406082,0.560639,0.0332703,-0.087184,1.81057,-0.211948,1.03237,0.766406,1.22666,0.732805,-1.296,0.175017,2.20639,0.863936,-0.965449,1.93264,-1.45483,0.495445,0.0267604,-0.433599,0.936778,0.536965,-0.0401382,-0.313881,0.678007,-0.393569,0.0294436,1.43375,-0.936854,-0.537058,0.0401641,0.637985,-1.37814,0.169888,0.570268])
10.433082285586789
Max g: 6.283473887751939e-5
f_5([0.0214467,0.930423,0.0695509,-0.952072,-0.208028,2.16009,0.537179,0.340123,0.659863,0.409066,0.56402,0.0268964,-0.0807082,1.80971,-0.212726,1.0318,0.765684,1.226,0.732888,-1.29646,0.175296,2.20641,0.863753,-0.965305,1.92918,-1.46051,0.507916,0.0234291,-0.433564,0.936876,0.536893,-0.0402033,-0.3137,0.677751,-0.393541,0.0294863,1.43367,-0.936933,-0.536962,0.0402216,0.637686,-1.37786,0.169907,0.570261])
8.828452816394929
Max g: 5.586376204570753e-5
f_6([0.0272614,0.930284,0.0696935,-0.952049,-0.208095,2.16014,0.537275,0.342904,0.657084,0.411843,0.567128,0.0210165,-0.0745374,1.80931,-0.213011,1.03131,0.76519,1.22539,0.732969,-1.29692,0.175569,2.20635,0.863552,-0.965091,1.92586,-1.46583,0.519908,0.0200804,-0.433536,0.936986,0.53683,-0.0402757,-0.31348,0.677464,-0.39352,0.0295351,1.43361,-0.937006,-0.536882,0.0402839,0.637491,-1.3777,0.16992,0.570289])
8.345648360673248
Max g: 3.65508948625623e-5
f_7([0.0317593,0.93032,0.0696595,-0.952071,-0.208079,2.16014,0.537348,0.34484,0.655145,0.413945,0.569512,0.0165283,-0.0697471,1.8091,-0.213201,1.03107,0.764915,1.2251,0.733031,-1.29729,0.175793,2.20631,0.863344,-0.964916,1.92323,-1.46993,0.529273,0.0174432,-0.433513,0.937073,0.536774,-0.0403322,-0.313337,0.677264,-0.393498,0.0295703,1.43359,-0.937103,-0.536818,0.0403406,0.637338,-1.37759,0.169928,0.570324])
8.054849145860086
Max g: 5.0537347203505334e-5
f_8([0.0360694,0.930301,0.0696824,-0.952166,-0.208059,2.16022,0.537401,0.346618,0.653372,0.416064,0.571732,0.0121883,-0.0651463,1.80893,-0.213378,1.03076,0.764687,1.22486,0.733066,-1.2976,0.175975,2.20633,0.863238,-0.964829,1.92074,-1.47391,0.538282,0.0149009,-0.433516,0.937172,0.536719,-0.040375,-0.313229,0.677109,-0.393476,0.0296019,1.43355,-0.937167,-0.536758,0.0403774,0.63719,-1.37744,0.169933,0.570311])
7.818979779302683
Max g: 3.051797742941592e-5
f_9([0.0400638,0.93029,0.0696887,-0.952163,-0.208115,2.16027,0.537464,0.348166,0.651818,0.418013,0.573916,0.00806127,-0.0608595,1.80883,-0.213428,1.03051,0.764414,1.22462,0.733109,-1.29793,0.176174,2.20629,0.86311,-0.9647,1.91833,-1.47753,0.546723,0.0124962,-0.433502,0.937253,0.536674,-0.0404214,-0.313104,0.676924,-0.393459,0.029637,1.43352,-0.937239,-0.536698,0.0404198,0.637048,-1.37731,0.169945,0.570322])
7.623385655386529
Max g: 4.06042869358636e-5
f_10([0.0438857,0.930322,0.0696584,-0.952228,-0.208056,2.16028,0.537514,0.349556,0.650435,0.419969,0.575908,0.00411127,-0.0567535,1.80872,-0.213512,1.0304,0.764224,1.22442,0.733146,-1.29824,0.176364,2.20622,0.862993,-0.964557,1.91601,-1.48103,0.554825,0.0101964,-0.433488,0.937333,0.536626,-0.0404627,-0.313001,0.67677,-0.393438,0.0296693,1.43351,-0.937334,-0.536647,0.0404642,0.636942,-1.37723,0.169948,0.570339])
7.456402904336804
{0.043885682278127766,0.930322342773739,0.0696584264175022,-0.9522279862180705,-0.20805645472060916,2.1602759211774525,0.5375138148321279,0.3495559369098588,0.6504345180790292,0.41996894296446297,0.5759075760150796,0.004111274476309926,-0.05675352937843117,1.8087215136719845,-0.2135123090279375,1.0303952970220498,0.7642236241201436,1.2244159736711997,0.7331458610125561,-1.298240721493289,0.1763642710153165,2.2062203523053827,0.8629927999471795,-0.9645566708293732,1.9160143870249187,-1.4810250696291332,0.55482501955334,0.010196421028554782,-0.4334882018699758,0.9373330372764971,0.5366255749810757,-0.04046265888468691,-0.31300065130271026,0.6767697908073596,-0.3934384170673358,0.029669268335847366,1.4335143951339007,-0.9373335459005141,-0.5366470040952488,0.04046420849741407,0.6369424727152789,-1.3772254155530588,0.169948146969939,0.5703385442643506}]
Set[{A021,A031,A032,A041,A042,A043,A121,A131,A132,A141,A142,A143,B021,B031,B032,B041,B042,B043,B121,B131,B132,B141,B142,B143,\[Alpha]1,\[Alpha]2,\[Alpha]3,\[Alpha]4,\[Beta]11,\[Beta]12,\[Beta]13,\[Beta]14,\[Beta]21,\[Beta]22,\[Beta]23,\[Beta]24,\[Beta]31,\[Beta]32,\[Beta]33,\[Beta]34,\[Beta]41,\[Beta]42,\[Beta]43,\[Beta]44},{0.043885682278127766,0.930322342773739,0.0696584264175022,-0.9522279862180705,-0.20805645472060916,2.1602759211774525,0.5375138148321279,0.3495559369098588,0.6504345180790292,0.41996894296446297,0.5759075760150796,0.004111274476309926,-0.05675352937843117,1.8087215136719845,-0.2135123090279375,1.0303952970220498,0.7642236241201436,1.2244159736711997,0.7331458610125561,-1.298240721493289,0.1763642710153165,2.2062203523053827,0.8629927999471795,-0.9645566708293732,1.9160143870249187,-1.4810250696291332,0.55482501955334,0.010196421028554782,-0.4334882018699758,0.9373330372764971,0.5366255749810757,-0.04046265888468691,-0.31300065130271026,0.6767697908073596,-0.3934384170673358,0.029669268335847366,1.4335143951339007,-0.9373335459005141,-0.5366470040952488,0.04046420849741407,0.6369424727152789,-1.3772254155530588,0.169948146969939,0.5703385442643506}]

Max g: 2.469765211277064e-5
f_11([0.0475077,0.930323,0.0696624,-0.952269,-0.208041,2.1603,0.537564,0.350868,0.649118,0.421778,0.577909,0.000299821,-0.0528614,1.80868,-0.213585,1.03024,0.764146,1.22428,0.733191,-1.29854,0.176545,2.20621,0.86286,-0.964438,1.91376,-1.48429,0.562539,0.0079985,-0.4335,0.937433,0.536582,-0.0405089,-0.312891,0.676611,-0.39342,0.0296981,1.4335,-0.937408,-0.536596,0.0405051,0.63683,-1.37713,0.169949,0.570352])
7.30965746580236
Max g: 2.8208741393420667e-5
f_12([0.0508861,0.930259,0.0697231,-0.952236,-0.208057,2.16029,0.537611,0.351952,0.648043,0.423443,0.579779,-0.00322803,-0.0492422,1.80864,-0.21376,1.03013,0.764091,1.22425,0.733221,-1.29887,0.176735,2.20618,0.86273,-0.964316,1.91157,-1.48726,0.569727,0.00597598,-0.433501,0.937529,0.536528,-0.0405549,-0.31279,0.676456,-0.393394,0.0297293,1.43348,-0.937493,-0.536538,0.0405462,0.636724,-1.37704,0.169953,0.570364])
7.18763544354274
Max g: 2.8849928729757224e-5
f_13([0.0537554,0.930267,0.0697165,-0.952168,-0.208077,2.16024,0.53765,0.352857,0.647134,0.424934,0.581322,-0.00626618,-0.0461556,1.80855,-0.213779,1.0301,0.764065,1.22421,0.733251,-1.29916,0.176908,2.20615,0.862684,-0.964233,1.9097,-1.4898,0.575875,0.00423377,-0.43351,0.937619,0.536488,-0.040594,-0.312695,0.676314,-0.393377,0.0297579,1.4335,-0.937585,-0.536492,0.040585,0.636611,-1.37691,0.169955,0.570346])
7.088642087248784
Max g: 2.2358473223293984e-5
f_14([0.056232,0.930262,0.0697259,-0.952181,-0.20806,2.16024,0.537682,0.353579,0.646412,0.426193,0.582696,-0.00889831,-0.0434882,1.80851,-0.213817,1.03003,0.764002,1.22416,0.733274,-1.29937,0.177041,2.20615,0.862608,-0.964169,1.90809,-1.492,0.581186,0.00272747,-0.433517,0.937687,0.536456,-0.0406236,-0.31262,0.676201,-0.393363,0.0297795,1.43349,-0.937649,-0.536457,0.0406132,0.636524,-1.37682,0.169957,0.570342])
7.007991910771634
Max g: 1.1857950865667988e-5
f_15([0.0586079,0.930253,0.0697368,-0.952225,-0.208038,2.16026,0.537713,0.35423,0.645763,0.427411,0.584003,-0.0114193,-0.0409251,1.80846,-0.213852,1.03001,0.763975,1.2242,0.733295,-1.29962,0.17719,2.20619,0.862498,-0.964107,1.90652,-1.4941,0.5863,0.00128393,-0.433524,0.937765,0.536417,-0.0406556,-0.312544,0.676087,-0.393347,0.0298047,1.4335,-0.937731,-0.536418,0.0406477,0.636449,-1.37675,0.169958,0.570343])
6.933622279557846
Max g: 2.3263800904560483e-5
f_16([0.0608844,0.930231,0.0697577,-0.952216,-0.208056,2.16027,0.537745,0.354792,0.645196,0.428582,0.585229,-0.0138159,-0.0384737,1.80842,-0.21391,1.03006,0.763957,1.22418,0.733322,-1.29985,0.177328,2.2062,0.862363,-0.964021,1.90499,-1.49609,0.5912,-9.69677e-5,-0.433526,0.937838,0.536383,-0.0406901,-0.312469,0.675973,-0.39333,0.0298279,1.4335,-0.937803,-0.536382,0.0406802,0.636383,-1.3767,0.169959,0.570362])
6.864935046439482
Max g: 7.822841947779935e-6
f_17([0.0630847,0.93024,0.0697477,-0.952208,-0.20808,2.16028,0.537778,0.355334,0.644658,0.429684,0.586453,-0.0161457,-0.0360968,1.80837,-0.213916,1.03008,0.763949,1.22419,0.73334,-1.30007,0.177457,2.20618,0.862292,-0.963949,1.90354,-1.49804,0.595954,-0.00143907,-0.433528,0.937898,0.536346,-0.040718,-0.312391,0.675856,-0.393317,0.0298518,1.43349,-0.93786,-0.536341,0.0407067,0.63631,-1.37663,0.169962,0.570364])
6.801431755443257
Max g: 2.2526878537654227e-5
f_18([0.0651697,0.930255,0.0697388,-0.952246,-0.208054,2.1603,0.537812,0.355812,0.644183,0.430741,0.587615,-0.0183628,-0.0338316,1.80838,-0.213935,1.03011,0.763964,1.22422,0.733364,-1.30029,0.177584,2.20618,0.862243,-0.963894,1.90217,-1.49992,0.600487,-0.00272889,-0.433525,0.937964,0.53631,-0.0407466,-0.312319,0.675747,-0.393302,0.0298745,1.43349,-0.937926,-0.536303,0.040736,0.636202,-1.37652,0.169967,0.570347])
6.7425142594012355
Max g: 1.9272410302306753e-5
f_19([0.0671781,0.930243,0.069752,-0.952203,-0.208095,2.1603,0.537838,0.356235,0.643758,0.431825,0.58873,-0.0205619,-0.0316552,1.80834,-0.213946,1.03011,0.764006,1.22428,0.733382,-1.30049,0.17771,2.20616,0.862199,-0.963834,1.90079,-1.50167,0.604851,-0.00395892,-0.433535,0.93803,0.536282,-0.0407751,-0.312257,0.675651,-0.393288,0.0298941,1.4335,-0.937984,-0.536273,0.0407614,0.636138,-1.37645,0.169967,0.570343])
6.6881825583134145
Max g: 1.8015722819342272e-5
f_20([0.0690513,0.930244,0.0697462,-0.952202,-0.208067,2.16027,0.53785,0.356604,0.643387,0.432834,0.589786,-0.0226271,-0.0296335,1.80832,-0.214024,1.03016,0.764021,1.2243,0.73339,-1.3007,0.177835,2.20616,0.862113,-0.963774,1.8995,-1.50331,0.608906,-0.00508947,-0.433563,0.938109,0.536252,-0.0408009,-0.312206,0.675567,-0.393272,0.0299138,1.43353,-0.938073,-0.536244,0.0407901,0.636102,-1.37642,0.169963,0.570347])
6.640430476072926
{0.06905130224854705,0.9302444857711554,0.06974619402555278,-0.9522018038161965,-0.20806679930617822,2.160265337774312,0.5378498806748128,0.35660372672419116,0.6433866807326185,0.43283446041369084,0.5897860350664134,-0.02262708213842943,-0.029633547264245243,1.8083183212102687,-0.21402411213769654,1.0301576274705224,0.7640206940031093,1.224295568073416,0.7333902203131301,-1.3006994085313286,0.17783494673460093,2.206163948513762,0.8621132878983974,-0.9637743408583961,1.8994961691860763,-1.5033078269603275,0.6089063853451583,-0.005089470735150708,-0.43356311908844114,0.938109420052656,0.5362524022917198,-0.040800888899329917,-0.3122064942841609,0.6755665761506997,-0.39327210239160304,0.0299137546340643,1.4335259503079,-0.9380728262203492,-0.5362442704622634,0.04079007796843479,0.6361015659812006,-1.376415029227262,0.16996334386258866,0.5703467191982048}]
Set[{A021,A031,A032,A041,A042,A043,A121,A131,A132,A141,A142,A143,B021,B031,B032,B041,B042,B043,B121,B131,B132,B141,B142,B143,\[Alpha]1,\[Alpha]2,\[Alpha]3,\[Alpha]4,\[Beta]11,\[Beta]12,\[Beta]13,\[Beta]14,\[Beta]21,\[Beta]22,\[Beta]23,\[Beta]24,\[Beta]31,\[Beta]32,\[Beta]33,\[Beta]34,\[Beta]41,\[Beta]42,\[Beta]43,\[Beta]44},{0.06905130224854705,0.9302444857711554,0.06974619402555278,-0.9522018038161965,-0.20806679930617822,2.160265337774312,0.5378498806748128,0.35660372672419116,0.6433866807326185,0.43283446041369084,0.5897860350664134,-0.02262708213842943,-0.029633547264245243,1.8083183212102687,-0.21402411213769654,1.0301576274705224,0.7640206940031093,1.224295568073416,0.7333902203131301,-1.3006994085313286,0.17783494673460093,2.206163948513762,0.8621132878983974,-0.9637743408583961,1.8994961691860763,-1.5033078269603275,0.6089063853451583,-0.005089470735150708,-0.43356311908844114,0.938109420052656,0.5362524022917198,-0.040800888899329917,-0.3122064942841609,0.6755665761506997,-0.39327210239160304,0.0299137546340643,1.4335259503079,-0.9380728262203492,-0.5362442704622634,0.04079007796843479,0.6361015659812006,-1.376415029227262,0.16996334386258866,0.5703467191982048}]

Max g: 1.1201037577457384e-5
f_21([0.0708598,0.930232,0.069759,-0.952219,-0.208072,2.16028,0.537878,0.356947,0.643045,0.433799,0.590786,-0.024591,-0.0276754,1.80827,-0.214069,1.03025,0.76407,1.22435,0.733409,-1.30088,0.177941,2.20617,0.861979,-0.963696,1.89826,-1.50491,0.612833,-0.00618296,-0.433561,0.938165,0.536224,-0.0408261,-0.31215,0.675474,-0.39326,0.029934,1.43352,-0.938123,-0.536212,0.0408153,0.636064,-1.3764,0.169965,0.570373])
6.594173761752286
Max g: 1.3427724911529992e-5
f_22([0.0725935,0.93024,0.0697491,-0.952219,-0.208059,2.16027,0.537901,0.357249,0.642749,0.43473,0.591724,-0.0264558,-0.0257929,1.80826,-0.214095,1.0303,0.764116,1.2244,0.733431,-1.30106,0.178046,2.20618,0.861912,-0.963641,1.89706,-1.50642,0.616615,-0.00724473,-0.433554,0.938216,0.536194,-0.0408507,-0.312095,0.675393,-0.393247,0.0299494,1.43353,-0.93818,-0.536184,0.0408397,0.636004,-1.37634,0.169963,0.570371])
6.552203768801878
Max g: 1.1294023853025692e-5
f_23([0.0742129,0.930234,0.0697593,-0.952191,-0.208104,2.16029,0.53792,0.357534,0.642463,0.435621,0.592613,-0.0282365,-0.0240368,1.80822,-0.214088,1.03039,0.764176,1.22444,0.733441,-1.30123,0.17815,2.2062,0.861807,-0.963589,1.8959,-1.50781,0.620144,-0.00823609,-0.433574,0.938282,0.536167,-0.0408745,-0.312046,0.675314,-0.393236,0.0299687,1.43354,-0.938241,-0.536158,0.0408634,0.635966,-1.37631,0.169962,0.570385])
6.512127908549944
Max g: 1.1584486735216615e-5
f_24([0.0757915,0.930224,0.0697706,-0.952181,-0.208121,2.1603,0.537929,0.357765,0.64223,0.436482,0.593545,-0.0300293,-0.0223193,1.80819,-0.214098,1.03042,0.764332,1.22451,0.733439,-1.30139,0.178248,2.20616,0.861761,-0.963525,1.89479,-1.50919,0.623602,-0.00920425,-0.43358,0.938337,0.536138,-0.0408907,-0.312012,0.675244,-0.393219,0.0299865,1.43356,-0.938308,-0.536136,0.0408845,0.635947,-1.3763,0.169964,0.57039])
6.4755412401109895
Max g: 1.1185293820936693e-5
f_25([0.0778355,0.930218,0.0697783,-0.952179,-0.208133,2.16031,0.537964,0.358035,0.641962,0.437574,0.594696,-0.0322717,-0.0200871,1.8082,-0.214031,1.03046,0.764405,1.22458,0.733463,-1.30164,0.178394,2.20617,0.861649,-0.963448,1.89332,-1.51094,0.628105,-0.0104884,-0.433585,0.938413,0.536098,-0.0409241,-0.311929,0.675123,-0.393205,0.0300124,1.43357,-0.938389,-0.536096,0.0409181,0.635871,-1.37623,0.169966,0.570397])
6.426592863534622
Max g: 1.063777964560586e-5
f_26([0.0797978,0.930244,0.06975,-0.95218,-0.208129,2.16031,0.53799,0.358303,0.641695,0.438632,0.595778,-0.0344116,-0.0179365,1.80826,-0.214017,1.03054,0.764529,1.22468,0.733479,-1.30184,0.178513,2.2062,0.861541,-0.963392,1.89189,-1.5126,0.632439,-0.0117248,-0.43359,0.938475,0.536065,-0.0409504,-0.311861,0.675021,-0.393193,0.0300344,1.43358,-0.938458,-0.536062,0.0409457,0.635815,-1.37618,0.169967,0.570403])
6.382230281912457
Max g: 8.53503031905678e-6
f_27([0.0816815,0.930262,0.0697341,-0.952171,-0.208167,2.16034,0.537994,0.35852,0.641478,0.439643,0.596814,-0.0364596,-0.0158832,1.80827,-0.214033,1.03063,0.76464,1.2248,0.733484,-1.30203,0.178631,2.20616,0.86146,-0.963313,1.89052,-1.51421,0.636577,-0.0128851,-0.433627,0.938565,0.536043,-0.0409774,-0.311829,0.674952,-0.393174,0.0300524,1.43361,-0.93854,-0.536037,0.0409715,0.635806,-1.37618,0.16996,0.57042])
6.340559362546018
Max g: 7.051549187231387e-6
f_28([0.0834951,0.930236,0.0697609,-0.952189,-0.208182,2.16037,0.538011,0.35872,0.641277,0.440636,0.597806,-0.038443,-0.0138951,1.8083,-0.214004,1.03077,0.76474,1.2249,0.733496,-1.30222,0.178745,2.2061,0.861385,-0.963212,1.88919,-1.51575,0.640594,-0.014026,-0.433643,0.938631,0.536015,-0.0410035,-0.311775,0.674865,-0.393159,0.0300729,1.43363,-0.938615,-0.536009,0.0409993,0.635778,-1.37617,0.169958,0.57044])
6.3014804142406495
Max g: 7.988550816517836e-6
f_29([0.0852297,0.930251,0.0697437,-0.952154,-0.208201,2.16035,0.538025,0.358869,0.641128,0.441607,0.598772,-0.0403805,-0.011988,1.80837,-0.21401,1.03087,0.764852,1.225,0.733506,-1.30241,0.178856,2.20607,0.861332,-0.963144,1.88789,-1.51722,0.644443,-0.0151194,-0.433663,0.938708,0.535989,-0.0410299,-0.311735,0.674795,-0.393146,0.0300898,1.43365,-0.938686,-0.535984,0.0410244,0.635745,-1.37614,0.169955,0.570444])
6.264993436996352
Max g: 8.591088134668468e-6
f_30([0.0868477,0.930252,0.0697457,-0.952126,-0.208205,2.16033,0.538042,0.358974,0.641024,0.442507,0.599677,-0.0421847,-0.0102162,1.8084,-0.213971,1.03101,0.764985,1.2251,0.733515,-1.30259,0.178963,2.20603,0.861268,-0.963071,1.88666,-1.51856,0.648026,-0.0161348,-0.433676,0.938771,0.535961,-0.0410525,-0.311687,0.674708,-0.393131,0.03011,1.43367,-0.938757,-0.535955,0.0410491,0.635711,-1.37612,0.169954,0.570452])
6.230799357229154
{0.08684766025539505,0.9302520843029681,0.06974570658965318,-0.9521263217779201,-0.20820533016964968,2.160331217202451,0.5380423937903556,0.35897449839303436,0.6410241465016916,0.4425068157401102,0.5996769375256644,-0.042184724006661616,-0.0102162392812493,1.8084005614195644,-0.2139711722569784,1.0310115753480502,0.7649853699144483,1.2251033882503872,0.733514656374427,-1.3025889906220416,0.17896281199546965,2.2060325736919357,0.8612684699482432,-0.9630712500747208,1.8866628669820618,-1.5185567022360082,0.6480258906223092,-0.016134844608383728,-0.43367552685907834,0.9387714699105113,0.5359609805798315,-0.04105247963549565,-0.311686878684633,0.6747080849437592,-0.39313117106517437,0.030110045513203915,1.433666173553854,-0.9387569293692739,-0.5359550157765741,0.041049070319162065,0.635711332975862,-1.3761158871193513,0.16995370757498326,0.5704522632556204}]
Set[{A021,A031,A032,A041,A042,A043,A121,A131,A132,A141,A142,A143,B021,B031,B032,B041,B042,B043,B121,B131,B132,B141,B142,B143,\[Alpha]1,\[Alpha]2,\[Alpha]3,\[Alpha]4,\[Beta]11,\[Beta]12,\[Beta]13,\[Beta]14,\[Beta]21,\[Beta]22,\[Beta]23,\[Beta]24,\[Beta]31,\[Beta]32,\[Beta]33,\[Beta]34,\[Beta]41,\[Beta]42,\[Beta]43,\[Beta]44},{0.08684766025539505,0.9302520843029681,0.06974570658965318,-0.9521263217779201,-0.20820533016964968,2.160331217202451,0.5380423937903556,0.35897449839303436,0.6410241465016916,0.4425068157401102,0.5996769375256644,-0.042184724006661616,-0.0102162392812493,1.8084005614195644,-0.2139711722569784,1.0310115753480502,0.7649853699144483,1.2251033882503872,0.733514656374427,-1.3025889906220416,0.17896281199546965,2.2060325736919357,0.8612684699482432,-0.9630712500747208,1.8866628669820618,-1.5185567022360082,0.6480258906223092,-0.016134844608383728,-0.43367552685907834,0.9387714699105113,0.5359609805798315,-0.04105247963549565,-0.311686878684633,0.6747080849437592,-0.39313117106517437,0.030110045513203915,1.433666173553854,-0.9387569293692739,-0.5359550157765741,0.041049070319162065,0.635711332975862,-1.3761158871193513,0.16995370757498326,0.5704522632556204}]

Max g: 6.66340484722916e-6
f_31([0.0884163,0.930259,0.0697354,-0.952124,-0.208206,2.16033,0.538066,0.359091,0.640906,0.443402,0.600577,-0.0439795,-0.00849629,1.8084,-0.213974,1.0311,0.765108,1.2252,0.733534,-1.30278,0.179077,2.20603,0.861173,-0.963002,1.88549,-1.51988,0.651497,-0.0171033,-0.433681,0.938829,0.535933,-0.0410787,-0.311626,0.674616,-0.393119,0.0301294,1.43368,-0.938822,-0.535927,0.0410761,0.635656,-1.37608,0.169954,0.570465])
6.19969570449631
Max g: 2.8687108032072876e-5
f_32([0.0898427,0.930264,0.0697333,-0.952118,-0.208176,2.16029,0.538075,0.359169,0.640831,0.444183,0.601411,-0.0455941,-0.00693512,1.80838,-0.213938,1.03119,0.765225,1.22529,0.733537,-1.30296,0.179184,2.206,0.861136,-0.962947,1.88441,-1.52107,0.654649,-0.0179852,-0.433707,0.938903,0.535907,-0.041101,-0.311586,0.674545,-0.393104,0.0301473,1.4337,-0.938894,-0.5359,0.0410984,0.635631,-1.37604,0.169951,0.570461])
6.1714830964085055
Max g: 0.000129665760751224
f_33([0.0906849,0.930264,0.0697355,-0.952121,-0.208172,2.16029,0.538083,0.35921,0.64079,0.444632,0.6019,-0.0465321,-0.0060184,1.80836,-0.213941,1.03124,0.765307,1.22537,0.73354,-1.30307,0.179249,2.206,0.861089,-0.962908,1.88379,-1.52179,0.656496,-0.0184929,-0.433712,0.93894,0.535885,-0.041114,-0.311562,0.674497,-0.393095,0.0301597,1.43372,-0.938944,-0.535886,0.0411151,0.63561,-1.37603,0.169949,0.570467])
6.15662910840468
Max g: 0.00018873539476406734
f_34([0.0905681,0.930265,0.0697354,-0.952121,-0.208173,2.16029,0.538081,0.359206,0.640794,0.444571,0.601832,-0.0464029,-0.00614837,1.80835,-0.213948,1.03123,0.765287,1.22536,0.733539,-1.30306,0.179241,2.206,0.861094,-0.962915,1.88388,-1.5217,0.656233,-0.0184166,-0.43371,0.938934,0.535888,-0.041112,-0.311566,0.674503,-0.393096,0.0301582,1.43371,-0.938939,-0.535888,0.0411132,0.635612,-1.37603,0.169949,0.570466])
6.1587226234924675
Max g: 0.00018038384627009035
f_35([0.0903779,0.930265,0.0697347,-0.952125,-0.20817,2.16029,0.538081,0.3592,0.6408,0.444468,0.601723,-0.0461911,-0.00635961,1.80834,-0.213957,1.03122,0.765275,1.22535,0.733539,-1.30303,0.179224,2.206,0.861099,-0.96292,1.88402,-1.52153,0.655805,-0.0182921,-0.433705,0.938923,0.535891,-0.0411085,-0.311571,0.674513,-0.393098,0.0301557,1.43371,-0.938928,-0.535892,0.0411099,0.635616,-1.37603,0.16995,0.570467])
6.161713359332164
Max g: 0.00016678460993984625
f_36([0.0901961,0.930267,0.0697335,-0.95213,-0.208166,2.1603,0.538079,0.359192,0.640808,0.44437,0.601621,-0.0459907,-0.00656044,1.80834,-0.213962,1.0312,0.765261,1.22533,0.733538,-1.30301,0.179211,2.206,0.86111,-0.962928,1.88416,-1.52138,0.655399,-0.0181769,-0.433703,0.938914,0.535894,-0.0411057,-0.311576,0.674522,-0.3931,0.0301535,1.43371,-0.938919,-0.535895,0.0411069,0.635619,-1.37603,0.16995,0.570465])
6.165701007118426
Max g: 0.00015388390115824606
f_37([0.0900218,0.930264,0.0697356,-0.952126,-0.208167,2.16029,0.538079,0.359183,0.640817,0.444271,0.601526,-0.045797,-0.00675308,1.80833,-0.213974,1.03119,0.765248,1.22532,0.733538,-1.30299,0.179201,2.206,0.861114,-0.962932,1.88429,-1.52124,0.655008,-0.0180646,-0.433699,0.938906,0.535896,-0.0411033,-0.311579,0.674528,-0.393101,0.0301517,1.4337,-0.93891,-0.535897,0.0411044,0.635619,-1.37604,0.169951,0.570466])
6.169289890126062
Max g: 0.00014149198610313295
f_38([0.0898664,0.930266,0.0697343,-0.95213,-0.208167,2.1603,0.538078,0.359173,0.640826,0.444187,0.601441,-0.0456275,-0.00692569,1.80832,-0.213981,1.03118,0.765237,1.22531,0.733537,-1.30297,0.17919,2.206,0.86112,-0.962939,1.88441,-1.52111,0.654659,-0.0179632,-0.433697,0.938899,0.535899,-0.0411009,-0.311583,0.674536,-0.393103,0.03015,1.4337,-0.938903,-0.5359,0.0411021,0.635622,-1.37604,0.169951,0.570465])
6.171981552381789
Max g: 0.0001304245318094866
f_39([0.0897454,0.930268,0.0697321,-0.952128,-0.208167,2.16029,0.538077,0.359167,0.640833,0.44412,0.601374,-0.0454936,-0.00706,1.80831,-0.213986,1.03117,0.765231,1.2253,0.733537,-1.30296,0.179182,2.206,0.861125,-0.962944,1.8845,-1.521,0.654387,-0.0178844,-0.433696,0.938895,0.535901,-0.0410994,-0.311586,0.674542,-0.393104,0.0301485,1.4337,-0.938898,-0.535902,0.0411003,0.635625,-1.37604,0.169951,0.570464])
6.174473832248203
Max g: 0.00012179916187087566
f_40([0.089629,0.930269,0.0697309,-0.952129,-0.208168,2.1603,0.538076,0.359163,0.640837,0.444054,0.601309,-0.0453634,-0.00718961,1.80831,-0.213994,1.03116,0.765224,1.22529,0.733536,-1.30294,0.179173,2.20601,0.86113,-0.96295,1.88459,-1.52091,0.654125,-0.017808,-0.433694,0.938888,0.535903,-0.0410974,-0.311589,0.674547,-0.393105,0.0301471,1.4337,-0.938892,-0.535904,0.0410982,0.635626,-1.37604,0.169952,0.570464])
6.176667038530646
{0.08962895829403679,0.9302691208416926,0.06973087078592033,-0.9521288210503933,-0.20816803177829635,2.160296828375933,0.5380763467199773,0.3591631985847799,0.6408368012440151,0.44405413320035536,0.6013092293018483,-0.04536335086088596,-0.007189609434022512,1.8083062274407922,-0.2139941633102925,1.031163876045491,0.7652237954142853,1.2252902504025138,0.7335362587276502,-1.3029442297229674,0.17917343479085648,2.206007959636943,0.8611298384716211,-0.9629497399196422,1.8845879323486399,-1.5209050195280787,0.6541245765123583,-0.01780796416828446,-0.4336941574945141,0.9388884518014387,0.5359029955101812,-0.04109737237975381,-0.3115892510105308,0.6745473426373191,-0.3931050454564565,0.030147075662058744,1.4336969292486592,-0.9388916536653876,-0.535903592652522,0.04109821030537129,0.6356257367390306,-1.3760409569184178,0.1699515633606441,0.5704635391099797}]
Set[{A021,A031,A032,A041,A042,A043,A121,A131,A132,A141,A142,A143,B021,B031,B032,B041,B042,B043,B121,B131,B132,B141,B142,B143,\[Alpha]1,\[Alpha]2,\[Alpha]3,\[Alpha]4,\[Beta]11,\[Beta]12,\[Beta]13,\[Beta]14,\[Beta]21,\[Beta]22,\[Beta]23,\[Beta]24,\[Beta]31,\[Beta]32,\[Beta]33,\[Beta]34,\[Beta]41,\[Beta]42,\[Beta]43,\[Beta]44},{0.08962895829403679,0.9302691208416926,0.06973087078592033,-0.9521288210503933,-0.20816803177829635,2.160296828375933,0.5380763467199773,0.3591631985847799,0.6408368012440151,0.44405413320035536,0.6013092293018483,-0.04536335086088596,-0.007189609434022512,1.8083062274407922,-0.2139941633102925,1.031163876045491,0.7652237954142853,1.2252902504025138,0.7335362587276502,-1.3029442297229674,0.17917343479085648,2.206007959636943,0.8611298384716211,-0.9629497399196422,1.8845879323486399,-1.5209050195280787,0.6541245765123583,-0.01780796416828446,-0.4336941574945141,0.9388884518014387,0.5359029955101812,-0.04109737237975381,-0.3115892510105308,0.6745473426373191,-0.3931050454564565,0.030147075662058744,1.4336969292486592,-0.9388916536653876,-0.535903592652522,0.04109821030537129,0.6356257367390306,-1.3760409569184178,0.1699515633606441,0.5704635391099797}]

Max g: 0.00011345767638350961
f_41([0.0895182,0.93027,0.0697295,-0.952129,-0.208167,2.1603,0.538076,0.359156,0.640844,0.443993,0.601249,-0.0452423,-0.00731303,1.8083,-0.214001,1.03115,0.765215,1.22528,0.733536,-1.30293,0.179166,2.20601,0.861135,-0.962953,1.88467,-1.52081,0.653875,-0.017735,-0.433692,0.938883,0.535905,-0.0410957,-0.311592,0.674552,-0.393106,0.0301458,1.43369,-0.938886,-0.535905,0.0410965,0.635627,-1.37604,0.169952,0.570463])
6.178461480034464
Max g: 0.00010554500924860879
f_42([0.0894124,0.930272,0.0697284,-0.952131,-0.208167,2.1603,0.538075,0.35915,0.64085,0.443935,0.601189,-0.045124,-0.00743085,1.80829,-0.214008,1.03115,0.765208,1.22528,0.733535,-1.30292,0.179158,2.20601,0.861141,-0.962958,1.88475,-1.52072,0.653636,-0.0176653,-0.433691,0.938878,0.535907,-0.0410938,-0.311596,0.674558,-0.393107,0.0301444,1.43369,-0.938881,-0.535907,0.0410946,0.635629,-1.37604,0.169952,0.570463])
6.181651598263474
Max g: 9.795768996704126e-5
f_43([0.0893143,0.930271,0.069729,-0.952132,-0.208166,2.1603,0.538074,0.359143,0.640856,0.443882,0.601133,-0.0450154,-0.00753961,1.80828,-0.214011,1.03114,0.765204,1.22527,0.733535,-1.30291,0.179151,2.20601,0.861145,-0.962963,1.88482,-1.52064,0.653416,-0.0176017,-0.433689,0.938873,0.535908,-0.0410924,-0.311598,0.674563,-0.393108,0.0301432,1.43369,-0.938876,-0.535909,0.0410931,0.635631,-1.37604,0.169952,0.570462])
6.184143878129888
Max g: 9.09687465614255e-5
f_44([0.0892338,0.930271,0.0697291,-0.952132,-0.208166,2.1603,0.538074,0.35914,0.64086,0.443838,0.601088,-0.0449256,-0.00762902,1.80828,-0.214016,1.03113,0.765196,1.22526,0.733534,-1.3029,0.179145,2.20601,0.861148,-0.962966,1.88488,-1.52057,0.653235,-0.017549,-0.433688,0.93887,0.53591,-0.0410911,-0.3116,0.674567,-0.393109,0.0301422,1.43369,-0.938872,-0.53591,0.0410917,0.635632,-1.37605,0.169952,0.570462])
6.18553955485508
Max g: 8.521375449065658e-5
f_45([0.0891597,0.930271,0.0697288,-0.952131,-0.208167,2.1603,0.538073,0.359136,0.640864,0.443797,0.601047,-0.0448439,-0.00771144,1.80828,-0.21402,1.03113,0.765191,1.22526,0.733534,-1.30289,0.17914,2.20601,0.861151,-0.96297,1.88494,-1.5205,0.653068,-0.0175006,-0.433687,0.938866,0.535911,-0.0410899,-0.311602,0.67457,-0.393109,0.0301413,1.43369,-0.938868,-0.535911,0.0410906,0.635633,-1.37605,0.169953,0.570461])
6.187333996358897
Max g: 7.991988928233941e-5
f_46([0.0890874,0.93027,0.0697297,-0.952131,-0.208167,2.1603,0.538073,0.359132,0.640868,0.443757,0.601007,-0.0447642,-0.00779172,1.80827,-0.214026,1.03112,0.765186,1.22525,0.733534,-1.30288,0.179135,2.20601,0.861154,-0.962973,1.88499,-1.52044,0.652905,-0.0174529,-0.433686,0.938863,0.535912,-0.0410888,-0.311604,0.674574,-0.39311,0.0301405,1.43369,-0.938865,-0.535912,0.0410895,0.635634,-1.37605,0.169953,0.570461])
6.188829364278746
Max g: 7.47623496452801e-5
f_47([0.0890181,0.93027,0.0697299,-0.952132,-0.208166,2.1603,0.538072,0.359128,0.640872,0.443721,0.600967,-0.0446881,-0.00786872,1.80827,-0.214029,1.03112,0.765181,1.22525,0.733534,-1.30287,0.17913,2.20602,0.861157,-0.962976,1.88504,-1.52039,0.652749,-0.0174078,-0.433685,0.938859,0.535913,-0.0410877,-0.311606,0.674577,-0.393111,0.0301397,1.43369,-0.938861,-0.535914,0.0410883,0.635635,-1.37605,0.169953,0.570461])
6.190225041003938
Max g: 6.982151188194641e-5
f_48([0.088952,0.930271,0.0697292,-0.952131,-0.208166,2.1603,0.538072,0.359124,0.640876,0.443684,0.600931,-0.044615,-0.00794244,1.80826,-0.214033,1.03112,0.765175,1.22524,0.733534,-1.30286,0.179125,2.20602,0.861159,-0.962978,1.88509,-1.52033,0.6526,-0.0173637,-0.433683,0.938856,0.535914,-0.0410867,-0.311607,0.67458,-0.393112,0.0301388,1.43369,-0.938858,-0.535915,0.0410872,0.635636,-1.37605,0.169953,0.57046])
6.191521026534473
Max g: 6.508426677784426e-5
f_49([0.0888877,0.930271,0.0697287,-0.952131,-0.208166,2.1603,0.538072,0.359121,0.640879,0.443649,0.600895,-0.0445439,-0.00801396,1.80826,-0.214037,1.03111,0.765171,1.22524,0.733534,-1.30286,0.179121,2.20602,0.861162,-0.96298,1.88514,-1.52028,0.652455,-0.0173217,-0.433682,0.938853,0.535915,-0.0410858,-0.311609,0.674583,-0.393112,0.0301381,1.43368,-0.938854,-0.535916,0.0410862,0.635636,-1.37605,0.169953,0.57046])
6.192617629675695
Max g: 6.049201475721519e-5
f_50([0.0888252,0.930271,0.069729,-0.952129,-0.208168,2.1603,0.538071,0.359118,0.640882,0.443616,0.600861,-0.0444767,-0.0080833,1.80825,-0.214041,1.0311,0.765165,1.22523,0.733533,-1.30285,0.179117,2.20602,0.861164,-0.962982,1.88519,-1.52022,0.652315,-0.0172808,-0.433682,0.93885,0.535916,-0.0410849,-0.311611,0.674586,-0.393113,0.0301375,1.43368,-0.938852,-0.535916,0.0410854,0.635638,-1.37605,0.169954,0.57046])
6.1938139240115735
{0.0888252354243914,0.9302709697694195,0.06972902271007139,-0.9521288677926387,-0.20816756488675145,2.160296377658027,0.538071309839711,0.35911798716951093,0.6408819775881862,0.44361588713744693,0.6008607901022435,-0.04447667723968931,-0.008083301754360584,1.8082515859187922,-0.2140406367599764,1.0311048670519098,0.7651653587289764,1.2252329533525246,0.7335330588238353,-1.3028498855483817,0.17911667191992756,2.2060161793244375,0.8611639294217499,-0.9629815421203812,1.8851887266457517,-1.5202229372642813,0.6523147755568783,-0.01728083636113084,-0.43368155139801634,0.9388502665194657,0.5359161974035758,-0.041084934355899966,-0.3116105013178514,0.6745856008881275,-0.39311273333229846,0.030137546458437314,1.4336830080081655,-0.9388518886040866,-0.535916466873318,0.04108536370691685,0.6356379466347931,-1.3760516886814596,0.16995351132120654,0.5704603789195118}]
Set[{A021,A031,A032,A041,A042,A043,A121,A131,A132,A141,A142,A143,B021,B031,B032,B041,B042,B043,B121,B131,B132,B141,B142,B143,\[Alpha]1,\[Alpha]2,\[Alpha]3,\[Alpha]4,\[Beta]11,\[Beta]12,\[Beta]13,\[Beta]14,\[Beta]21,\[Beta]22,\[Beta]23,\[Beta]24,\[Beta]31,\[Beta]32,\[Beta]33,\[Beta]34,\[Beta]41,\[Beta]42,\[Beta]43,\[Beta]44},{0.0888252354243914,0.9302709697694195,0.06972902271007139,-0.9521288677926387,-0.20816756488675145,2.160296377658027,0.538071309839711,0.35911798716951093,0.6408819775881862,0.44361588713744693,0.6008607901022435,-0.04447667723968931,-0.008083301754360584,1.8082515859187922,-0.2140406367599764,1.0311048670519098,0.7651653587289764,1.2252329533525246,0.7335330588238353,-1.3028498855483817,0.17911667191992756,2.2060161793244375,0.8611639294217499,-0.9629815421203812,1.8851887266457517,-1.5202229372642813,0.6523147755568783,-0.01728083636113084,-0.43368155139801634,0.9388502665194657,0.5359161974035758,-0.041084934355899966,-0.3116105013178514,0.6745856008881275,-0.39311273333229846,0.030137546458437314,1.4336830080081655,-0.9388518886040866,-0.535916466873318,0.04108536370691685,0.6356379466347931,-1.3760516886814596,0.16995351132120654,0.5704603789195118}]

Max g: 5.60562476888696e-5
f_51([0.0887656,0.930271,0.0697292,-0.952128,-0.208168,2.1603,0.538071,0.359115,0.640885,0.443583,0.600829,-0.0444118,-0.00814918,1.80825,-0.214042,1.0311,0.765162,1.22523,0.733533,-1.30284,0.179112,2.20602,0.861166,-0.962984,1.88523,-1.52017,0.652181,-0.0172425,-0.43368,0.938847,0.535917,-0.0410841,-0.311612,0.674588,-0.393113,0.0301367,1.43368,-0.938849,-0.535917,0.0410845,0.635638,-1.37605,0.169954,0.57046])
6.195010218347452
Max g: 5.1831718064204355e-5
f_52([0.0887089,0.93027,0.0697297,-0.952129,-0.208168,2.1603,0.53807,0.359112,0.640888,0.443552,0.600796,-0.0443488,-0.00821196,1.80824,-0.214045,1.0311,0.765159,1.22523,0.733533,-1.30284,0.179109,2.20602,0.861168,-0.962986,1.88528,-1.52013,0.652054,-0.0172057,-0.43368,0.938845,0.535918,-0.0410832,-0.311614,0.674591,-0.393114,0.0301361,1.43368,-0.938846,-0.535918,0.0410836,0.63564,-1.37605,0.169954,0.57046])
6.196007130294018
Max g: 4.779127395036656e-5
f_53([0.0886549,0.930271,0.0697293,-0.952129,-0.208168,2.1603,0.53807,0.359109,0.640891,0.443522,0.600767,-0.0442882,-0.00827182,1.80824,-0.214048,1.03109,0.765156,1.22522,0.733532,-1.30283,0.179105,2.20602,0.861171,-0.962989,1.88532,-1.52008,0.651933,-0.0171707,-0.43368,0.938843,0.535919,-0.0410824,-0.311615,0.674594,-0.393114,0.0301355,1.43368,-0.938844,-0.535919,0.0410826,0.635641,-1.37605,0.169954,0.570459])
6.19710373343524
Max g: 4.393540201413882e-5
f_54([0.088603,0.930271,0.0697287,-0.952129,-0.208169,2.1603,0.538069,0.359106,0.640894,0.443493,0.600739,-0.0442321,-0.00832965,1.80824,-0.214051,1.03109,0.765153,1.22522,0.733532,-1.30282,0.179101,2.20602,0.861172,-0.962991,1.88536,-1.52004,0.651816,-0.0171364,-0.433679,0.938841,0.53592,-0.0410815,-0.311617,0.674597,-0.393115,0.0301348,1.43368,-0.938842,-0.53592,0.0410818,0.635643,-1.37606,0.169954,0.570459])
6.198599101355088
Max g: 4.023295188739992e-5
f_55([0.0885527,0.930271,0.0697288,-0.952129,-0.208169,2.1603,0.538069,0.359104,0.640896,0.443466,0.60071,-0.0441762,-0.00838545,1.80824,-0.214054,1.03108,0.765149,1.22522,0.733532,-1.30282,0.179097,2.20602,0.861174,-0.962994,1.88539,-1.51999,0.651703,-0.0171036,-0.433678,0.938838,0.535921,-0.0410807,-0.311618,0.674599,-0.393115,0.0301342,1.43368,-0.938839,-0.535921,0.0410809,0.635643,-1.37606,0.169954,0.57046])
6.19969570449631
Max g: 3.664129335540617e-5
f_56([0.0885052,0.930271,0.0697288,-0.952128,-0.208169,2.1603,0.538068,0.359102,0.640898,0.44344,0.600683,-0.0441236,-0.00843827,1.80823,-0.214058,1.03108,0.765147,1.22521,0.733531,-1.30281,0.179093,2.20602,0.861177,-0.962997,1.88543,-1.51995,0.651596,-0.0170721,-0.433678,0.938835,0.535922,-0.0410798,-0.31162,0.674603,-0.393116,0.0301335,1.43368,-0.938837,-0.535922,0.04108,0.635645,-1.37606,0.169954,0.570459])
6.200891998832189
Max g: 3.32428346839571e-5
f_57([0.0884693,0.930271,0.0697292,-0.952128,-0.208168,2.1603,0.538068,0.3591,0.6409,0.443421,0.600663,-0.044084,-0.00847837,1.80823,-0.214061,1.03108,0.765144,1.22521,0.733531,-1.30281,0.179091,2.20602,0.861178,-0.962998,1.88546,-1.51992,0.651515,-0.0170482,-0.433677,0.938834,0.535923,-0.0410792,-0.311621,0.674604,-0.393116,0.0301331,1.43368,-0.938835,-0.535923,0.0410794,0.635645,-1.37606,0.169954,0.570459])
6.201589837194785
Max g: 3.066905816458327e-5
f_58([0.0884354,0.930271,0.0697294,-0.952128,-0.208168,2.1603,0.538068,0.359098,0.640902,0.443403,0.600644,-0.0440468,-0.00851609,1.80823,-0.214064,1.03107,0.765142,1.22521,0.733531,-1.3028,0.179088,2.20602,0.861181,-0.962999,1.88548,-1.5199,0.651438,-0.0170257,-0.433677,0.938832,0.535923,-0.0410787,-0.311622,0.674606,-0.393116,0.0301326,1.43368,-0.938833,-0.535923,0.0410788,0.635646,-1.37606,0.169954,0.570459])
6.202187984362724
Max g: 2.824863510094257e-5
f_59([0.0884028,0.930271,0.0697294,-0.952128,-0.208169,2.1603,0.538068,0.359097,0.640903,0.443385,0.600625,-0.0440107,-0.00855251,1.80823,-0.214066,1.03107,0.76514,1.2252,0.733531,-1.3028,0.179086,2.20602,0.861182,-0.963001,1.88551,-1.51987,0.651365,-0.0170041,-0.433676,0.938831,0.535924,-0.0410781,-0.311623,0.674608,-0.393117,0.0301322,1.43368,-0.938831,-0.535924,0.0410783,0.635646,-1.37606,0.169954,0.570458])
6.202786131530663
Max g: 2.5909167334871178e-5
f_60([0.088372,0.930271,0.0697293,-0.952128,-0.208169,2.1603,0.538067,0.359095,0.640905,0.443369,0.600609,-0.0439771,-0.0085867,1.80822,-0.214068,1.03107,0.765139,1.2252,0.733531,-1.30279,0.179084,2.20602,0.861184,-0.963002,1.88553,-1.51984,0.651295,-0.0169838,-0.433676,0.938829,0.535924,-0.0410777,-0.311624,0.674609,-0.393117,0.0301319,1.43368,-0.93883,-0.535924,0.0410778,0.635647,-1.37606,0.169954,0.570458])
6.203583661087915
{0.08837197808933414,0.9302707428734345,0.06972925263776626,-0.952127939679923,-0.20816871125670822,2.1602966242854102,0.538067239114356,0.3590946254848595,0.6409053656474222,0.44336861361922664,0.600608534722634,-0.04397714912798774,-0.008586703824988783,1.8082228750760871,-0.21406810131554038,1.0310703902094696,0.7651387905698463,1.2252009800843442,0.7335305307472552,-1.3027948103199847,0.179083672176149,2.2060243614721227,0.8611838918325805,-0.9630024686116584,1.8855310233443487,-1.5198425758499847,0.6512952162902208,-0.01698381927621086,-0.4336758714794337,0.9388292718763127,0.5359242595423337,-0.04107766330071694,-0.31162410524148115,0.6746092028479651,-0.39311697292495795,0.030131863382460062,1.4336764841822156,-0.9388299249972287,-0.53592437171241,0.04107783596198249,0.6356466891766355,-1.3760588847707633,0.16995432376564407,0.5704578797661487}]
Set[{A021,A031,A032,A041,A042,A043,A121,A131,A132,A141,A142,A143,B021,B031,B032,B041,B042,B043,B121,B131,B132,B141,B142,B143,\[Alpha]1,\[Alpha]2,\[Alpha]3,\[Alpha]4,\[Beta]11,\[Beta]12,\[Beta]13,\[Beta]14,\[Beta]21,\[Beta]22,\[Beta]23,\[Beta]24,\[Beta]31,\[Beta]32,\[Beta]33,\[Beta]34,\[Beta]41,\[Beta]42,\[Beta]43,\[Beta]44},{0.08837197808933414,0.9302707428734345,0.06972925263776626,-0.952127939679923,-0.20816871125670822,2.1602966242854102,0.538067239114356,0.3590946254848595,0.6409053656474222,0.44336861361922664,0.600608534722634,-0.04397714912798774,-0.008586703824988783,1.8082228750760871,-0.21406810131554038,1.0310703902094696,0.7651387905698463,1.2252009800843442,0.7335305307472552,-1.3027948103199847,0.179083672176149,2.2060243614721227,0.8611838918325805,-0.9630024686116584,1.8855310233443487,-1.5198425758499847,0.6512952162902208,-0.01698381927621086,-0.4336758714794337,0.9388292718763127,0.5359242595423337,-0.04107766330071694,-0.31162410524148115,0.6746092028479651,-0.39311697292495795,0.030131863382460062,1.4336764841822156,-0.9388299249972287,-0.53592437171241,0.04107783596198249,0.6356466891766355,-1.3760588847707633,0.16995432376564407,0.5704578797661487}]

Max g: 2.37160512397438e-5
f_61([0.0883401,0.930271,0.0697285,-0.952128,-0.208169,2.1603,0.538067,0.359093,0.640907,0.443351,0.600592,-0.0439427,-0.008622,1.80822,-0.21407,1.03107,0.765132,1.2252,0.73353,-1.30279,0.179082,2.20602,0.861186,-0.963003,1.88556,-1.51982,0.651224,-0.0169633,-0.433676,0.938828,0.535925,-0.0410772,-0.311625,0.674611,-0.393117,0.0301315,1.43368,-0.938829,-0.535925,0.0410773,0.635647,-1.37606,0.169954,0.570458])
6.203982425866542
Max g: 2.1455860966338672e-5
f_62([0.0882901,0.930271,0.069729,-0.952128,-0.208169,2.1603,0.538067,0.35909,0.64091,0.443322,0.600564,-0.0438862,-0.00867777,1.80822,-0.214073,1.03107,0.765128,1.2252,0.73353,-1.30279,0.179078,2.20602,0.861188,-0.963005,1.88559,-1.51977,0.651111,-0.01693,-0.433675,0.938826,0.535926,-0.0410764,-0.311626,0.674613,-0.393118,0.0301309,1.43368,-0.938826,-0.535926,0.0410766,0.635648,-1.37606,0.169954,0.570458])
6.204680264229138
Max g: 1.7859196565330046e-5
f_63([0.0882411,0.930272,0.0697279,-0.952128,-0.208169,2.1603,0.538067,0.359088,0.640912,0.443295,0.600537,-0.0438317,-0.00873215,1.80821,-0.214076,1.03106,0.765125,1.22519,0.73353,-1.30278,0.179075,2.20602,0.86119,-0.963005,1.88563,-1.51973,0.651001,-0.0168978,-0.433674,0.938823,0.535926,-0.0410757,-0.311627,0.674615,-0.393118,0.0301304,1.43367,-0.938824,-0.535926,0.0410758,0.635649,-1.37606,0.169955,0.570458])
6.20607594095433
Max g: 1.4361270441847363e-5
f_64([0.0881941,0.930272,0.0697278,-0.952128,-0.208169,2.1603,0.538066,0.359085,0.640915,0.443271,0.600512,-0.0437826,-0.00878429,1.80821,-0.214079,1.03106,0.765123,1.22519,0.73353,-1.30277,0.179071,2.20602,0.861193,-0.963007,1.88566,-1.51969,0.650895,-0.0168673,-0.433673,0.938821,0.535927,-0.041075,-0.311629,0.674618,-0.393119,0.0301298,1.43367,-0.938822,-0.535927,0.0410751,0.63565,-1.37606,0.169955,0.570458])
6.206773779316925
Max g: 1.1039720558500467e-5
f_65([0.0881494,0.930273,0.0697275,-0.952128,-0.208169,2.1603,0.538066,0.359081,0.640919,0.443247,0.600488,-0.0437347,-0.00883404,1.80821,-0.214082,1.03105,0.76512,1.22519,0.73353,-1.30277,0.179068,2.20602,0.861195,-0.963009,1.8857,-1.51965,0.650794,-0.0168378,-0.433673,0.938819,0.535928,-0.0410743,-0.31163,0.67462,-0.393119,0.0301292,1.43367,-0.938819,-0.535928,0.0410744,0.635651,-1.37606,0.169955,0.570457])
6.2082691472367735
Max g: 7.85883860402012e-6
f_66([0.0881097,0.930273,0.0697275,-0.952129,-0.208168,2.1603,0.538065,0.359079,0.640921,0.443226,0.600466,-0.0436917,-0.00887831,1.80821,-0.214085,1.03105,0.765118,1.22518,0.733529,-1.30276,0.179065,2.20602,0.861197,-0.96301,1.88573,-1.51962,0.650705,-0.0168113,-0.433673,0.938818,0.535929,-0.0410737,-0.311632,0.674622,-0.393119,0.0301288,1.43367,-0.938818,-0.535929,0.0410737,0.635652,-1.37606,0.169955,0.570457])
6.209166367988683
Max g: 5.024265030447849e-6
f_67([0.0880779,0.930273,0.0697272,-0.952129,-0.208168,2.1603,0.538065,0.359077,0.640923,0.443209,0.600449,-0.0436574,-0.00891358,1.8082,-0.214087,1.03105,0.765116,1.22518,0.733529,-1.30276,0.179063,2.20602,0.861199,-0.963011,1.88575,-1.51959,0.650633,-0.0167906,-0.433672,0.938816,0.535929,-0.0410732,-0.311632,0.674624,-0.39312,0.0301284,1.43367,-0.938816,-0.535929,0.0410732,0.635653,-1.37606,0.169955,0.570457])
6.209764515156622
Max g: 2.7671639187326277e-6
f_68([0.0880484,0.930273,0.0697273,-0.952129,-0.208168,2.1603,0.538064,0.359076,0.640924,0.443193,0.600432,-0.0436254,-0.00894631,1.8082,-0.214089,1.03104,0.765113,1.22518,0.733529,-1.30276,0.179061,2.20602,0.8612,-0.963013,1.88577,-1.51957,0.650567,-0.0167712,-0.433672,0.938815,0.53593,-0.0410728,-0.311633,0.674625,-0.39312,0.0301281,1.43367,-0.938815,-0.53593,0.0410728,0.635654,-1.37607,0.169955,0.570457])
6.210362662324561
Max g: 6.698148591823168e-7
{0.08802533228158091,0.9302730260318123,0.06972697366036086,-0.9521286293106913,-0.20816786635048995,2.160296495660876,0.5380640632700483,0.35907464176410125,0.6409253482799058,0.44318027071424354,0.6004199366954674,-0.043600210688262184,-0.008972242898296087,1.8081988217625644,-0.21408985195372682,1.0310419043009307,0.7651121309675132,1.2251790657741906,0.7335285006606576,-1.3027554307487517,0.17906004690101315,2.2060218420033246,0.8612022363864874,-0.9630137686853224,1.8857892483536276,-1.5195479531419709,0.6505144911155345,-0.016755772903441726,-0.4336722286387229,0.9388146328448669,0.5359300741304784,-0.041072481549728444,-0.3116341234354221,0.6746262726124433,-0.3931199793688155,0.030127831411913622,1.4336722248846787,-0.9388146226894895,-0.5359300745754803,0.04107247777552815,0.6356539700534455,-1.376065239353943,0.16995476057969947,0.5704565043307116}]
Set[{A021,A031,A032,A041,A042,A043,A121,A131,A132,A141,A142,A143,B021,B031,B032,B041,B042,B043,B121,B131,B132,B141,B142,B143,\[Alpha]1,\[Alpha]2,\[Alpha]3,\[Alpha]4,\[Beta]11,\[Beta]12,\[Beta]13,\[Beta]14,\[Beta]21,\[Beta]22,\[Beta]23,\[Beta]24,\[Beta]31,\[Beta]32,\[Beta]33,\[Beta]34,\[Beta]41,\[Beta]42,\[Beta]43,\[Beta]44},{0.08802533228158091,0.9302730260318123,0.06972697366036086,-0.9521286293106913,-0.20816786635048995,2.160296495660876,0.5380640632700483,0.35907464176410125,0.6409253482799058,0.44318027071424354,0.6004199366954674,-0.043600210688262184,-0.008972242898296087,1.8081988217625644,-0.21408985195372682,1.0310419043009307,0.7651121309675132,1.2251790657741906,0.7335285006606576,-1.3027554307487517,0.17906004690101315,2.2060218420033246,0.8612022363864874,-0.9630137686853224,1.8857892483536276,-1.5195479531419709,0.6505144911155345,-0.016755772903441726,-0.4336722286387229,0.9388146328448669,0.5359300741304784,-0.041072481549728444,-0.3116341234354221,0.6746262726124433,-0.3931199793688155,0.030127831411913622,1.4336722248846787,-0.9388146226894895,-0.5359300745754803,0.04107247777552815,0.6356539700534455,-1.376065239353943,0.16995476057969947,0.5704565043307116}]


-----------------Final Result------------------
Options: alg=LN_AUGLAG_EQ,dx=0.01,max_eval=100000000,popSize=0
imin=-6,jmin=-3,imax=1,jmax=3,
parameter_minmax=5,
randSeed=2065948,rand_minmax=1,
END_C=true, INEQ_C=false

6874383 steps

Completed with maxf : 6.211060500687157

Constraints at 1.3423749445351518e-8

x = [0.08802533228158091,0.9302730260318123,0.06972697366036086,-0.9521286293106913,-0.20816786635048995,2.160296495660876,0.5380640632700483,0.35907464176410125,0.6409253482799058,0.44318027071424354,0.6004199366954674,-0.043600210688262184,-0.008972242898296087,1.8081988217625644,-0.21408985195372682,1.0310419043009307,0.7651121309675132,1.2251790657741906,0.7335285006606576,-1.3027554307487517,0.17906004690101315,2.2060218420033246,0.8612022363864874,-0.9630137686853224,1.8857892483536276,-1.5195479531419709,0.6505144911155345,-0.016755772903441726,-0.4336722286387229,0.9388146328448669,0.5359300741304784,-0.041072481549728444,-0.3116341234354221,0.6746262726124433,-0.3931199793688155,0.030127831411913622,1.4336722248846787,-0.9388146226894895,-0.5359300745754803,0.04107247777552815,0.6356539700534455,-1.376065239353943,0.16995476057969947,0.5704565043307116]
c0 = [0.0,0.08802533228158091,0.9999999996921731,0.9999999999996949]
c1 = [0.0,0.5380640632700483,0.9999999900440071,0.9999999967214488]
A0 = [0.0,0.08802533228158091,0.9302730260318123,-0.9521286293106913,0.0,0.0,0.06972697366036086,-0.20816786635048995,0.0,0.0,0.0,2.160296495660876,0.0,0.0,0.0,0.0]
A1 = [0.0,0.5380640632700483,0.35907464176410125,0.44318027071424354,0.0,0.0,0.6409253482799058,0.6004199366954674,0.0,0.0,0.0,-0.043600210688262184,0.0,0.0,0.0,0.0]
B0 = [0.0,-0.008972242898296087,1.8081988217625644,1.0310419043009307,0.0,0.0,-0.21408985195372682,0.7651121309675132,0.0,0.0,0.0,1.2251790657741906,0.0,0.0,0.0,0.0]
B1 = [0.0,0.7335285006606576,-1.3027554307487517,2.2060218420033246,0.0,0.0,0.17906004690101315,0.8612022363864874,0.0,0.0,0.0,-0.9630137686853224,0.0,0.0,0.0,0.0]
α  = [1.8857892483536276,-1.5195479531419709,0.6505144911155345,-0.016755772903441726]
β1 = [-0.4336722286387229,0.9388146328448669,0.5359300741304784,-0.041072481549728444]
β2 = [-0.3116341234354221,0.6746262726124433,-0.3931199793688155,0.030127831411913622]
β3 = [1.4336722248846787,-0.9388146226894895,-0.5359300745754803,0.04107247777552815]
β4 = [0.6356539700534455,-1.376065239353943,0.16995476057969947,0.5704565043307116]


Set[{A021,A031,A032,A041,A042,A043,A121,A131,A132,A141,A142,A143,B021,B031,B032,B041,B042,B043,B121,B131,B132,B141,B142,B143,\[Alpha]1,\[Alpha]2,\[Alpha]3,\[Alpha]4,\[Beta]11,\[Beta]12,\[Beta]13,\[Beta]14,\[Beta]21,\[Beta]22,\[Beta]23,\[Beta]24,\[Beta]31,\[Beta]32,\[Beta]33,\[Beta]34,\[Beta]41,\[Beta]42,\[Beta]43,\[Beta]44},{0.08802533228158091,0.9302730260318123,0.06972697366036086,-0.9521286293106913,-0.20816786635048995,2.160296495660876,0.5380640632700483,0.35907464176410125,0.6409253482799058,0.44318027071424354,0.6004199366954674,-0.043600210688262184,-0.008972242898296087,1.8081988217625644,-0.21408985195372682,1.0310419043009307,0.7651121309675132,1.2251790657741906,0.7335285006606576,-1.3027554307487517,0.17906004690101315,2.2060218420033246,0.8612022363864874,-0.9630137686853224,1.8857892483536276,-1.5195479531419709,0.6505144911155345,-0.016755772903441726,-0.4336722286387229,0.9388146328448669,0.5359300741304784,-0.041072481549728444,-0.3116341234354221,0.6746262726124433,-0.3931199793688155,0.030127831411913622,1.4336722248846787,-0.9388146226894895,-0.5359300745754803,0.04107247777552815,0.6356539700534455,-1.376065239353943,0.16995476057969947,0.5704565043307116}]



