
-----------------Setup------------------
Options: alg=LN_AUGLAG_EQ,dx=0.01,max_eval=100000000,popSize=0
imin=-12,jmin=-1,imax=1,jmax=1,
parameter_minmax=5,randSeed=92622782

f_1([1.64603e-7,-3.24467,3.24502,-4.7275,3.44902,1.27887,3.32409e-8,4.51584,-4.43248,2.81063,-2.45093,-0.27174,-0.205667,-1.51411,4.92106,1.20444,2.09061,4.88949,1.2143,3.50526,0.849609,4.3988,3.45009,-3.43454,1.60761,-3.12748,3.48598,-1.77882,4.87161,-1.64808,-0.688032,-3.50868,-4.11319,1.10876,-0.341304,2.39844,4.80444,-4.90439,1.8734,4.07196,-1.37489,2.09088,-0.4217,3.73633])
5.2961250626192635
Max g: 108.64545200673345
f_2([2.11586e-8,-3.33648,3.3371,-3.68267,3.348,0.335538,4.83215e-7,4.78977,-4.7897,2.22951,-1.62152,-0.529388,0.0415379,-1.19462,4.91444,1.22116,-0.221041,4.66855,2.17167,1.08628,0.132946,4.05603,2.57076,-5.0,-0.175058,-1.95151,3.83785,-1.53921,4.75466,0.0852288,0.975647,-2.32267,-2.77603,0.288785,0.108805,1.25913,3.19728,-3.78302,1.5585,4.20841,-2.49701,0.503456,-2.23375,3.91547])
4.1326419401837855
Max g: 7.415832575465476
f_3([0.0794058,-2.8772,3.50833,-3.38107,3.55734,0.705037,3.11156e-5,4.44829,-4.44818,2.22961,-2.11674,-0.113066,1.22427,-1.6856,4.90059,0.200334,-0.818466,4.8618,0.39394,0.842041,-0.720362,3.5451,1.68839,-4.99591,1.89356,-2.69656,3.8028,-1.87517,4.72445,-0.345472,-0.341407,-2.38225,-1.82513,-0.222639,0.293113,1.8859,0.730372,-3.52539,0.188834,3.84874,-1.57289,-0.14537,-2.17805,3.84351])
1.392858918321536
Max g: 1.2425556844005676
f_4([0.115174,-2.68354,3.32268,-3.36466,3.59095,0.670398,-2.50191e-9,4.43157,-4.43157,2.29491,-2.46371,0.168801,1.27567,-1.67763,4.88246,0.279015,-0.862919,4.86727,0.264976,1.02881,-0.954165,3.44035,1.50436,-4.79092,1.73761,-2.71344,3.80237,-1.80608,4.70356,-0.825398,-0.151139,-2.44206,-1.87344,0.151108,0.0203857,1.862,-0.0735723,-3.62063,0.128222,3.76514,-1.33553,0.0529123,-2.53244,3.85055])
1.627404866520587
Max g: 1.000000035712851
f_5([0.3213,-2.55942,3.40392,-3.3651,3.59993,0.759704,5.50976e-22,4.39789,-4.39789,2.32216,-2.95161,0.629446,1.21904,-1.6111,4.83176,0.162061,-0.768093,4.87723,0.255079,1.17946,-1.10429,3.47407,1.5399,-4.88009,1.73599,-2.66217,3.78928,-1.85567,4.68513,-0.668888,-0.103039,-2.77872,-1.84974,0.457588,-0.0920277,1.47618,-0.551679,-3.65846,0.221785,3.86574,-1.28054,0.11002,-2.86717,3.89763])
1.4532105039751282
Max g: 1.0000000000000009
f_6([0.0940896,-2.58955,3.2384,-3.38985,3.60705,0.757416,-5.14404e-23,4.38857,-4.38857,2.34186,-3.37196,1.0301,1.30256,-1.6825,4.84072,0.21618,-0.832754,4.86889,0.285755,1.21597,-1.12989,3.50391,1.51883,-4.88762,1.73584,-2.76194,3.82788,-1.76914,4.67594,-0.381641,-0.0624139,-3.1306,-1.87053,0.768185,-0.198797,1.40509,-0.40528,-3.5906,0.230378,3.97382,-1.14315,0.139436,-2.8808,3.92973])
1.4156274736999095
Max g: 0.9999999999999982
f_7([0.0940876,-2.58955,3.23841,-3.38984,3.60705,0.757423,1.82385e-24,4.38857,-4.38857,2.34185,-3.37196,1.03011,1.30249,-1.68249,4.84072,0.216209,-0.832726,4.86889,0.285787,1.21598,-1.12989,3.50391,1.51883,-4.8876,1.73581,-2.76194,3.82788,-1.76913,4.67594,-0.381346,-0.0624249,-3.1306,-1.87053,0.768297,-0.19882,1.40505,-0.405381,-3.59061,0.230318,3.97381,-1.14325,0.139445,-2.88094,3.92973])
1.4155280476938903
Max g: 1.0
f_8([0.0940856,-2.58955,3.23841,-3.38983,3.60705,0.757429,-1.43393e-21,4.38857,-4.38857,2.34185,-3.37197,1.03012,1.30243,-1.68248,4.84072,0.216237,-0.832698,4.86889,0.285818,1.21598,-1.12988,3.50391,1.51883,-4.88758,1.73577,-2.76195,3.82788,-1.76913,4.67594,-0.381054,-0.0624359,-3.1306,-1.87053,0.768408,-0.198843,1.40502,-0.405482,-3.59062,0.230258,3.9738,-1.14335,0.139455,-2.88108,3.92972])
1.4156274736999095
Max g: 0.9999999999999947
f_9([0.0940835,-2.58954,3.23841,-3.38982,3.60705,0.757436,-8.48841e-22,4.38857,-4.38857,2.34185,-3.37198,1.03013,1.30237,-1.68247,4.84072,0.216266,-0.83267,4.86889,0.28585,1.21599,-1.12987,3.50391,1.51883,-4.88756,1.73574,-2.76195,3.82788,-1.76913,4.67594,-0.380764,-0.0624468,-3.1306,-1.87054,0.768518,-0.198866,1.40498,-0.405581,-3.59063,0.230199,3.97379,-1.14345,0.139464,-2.88122,3.92972])
1.4156274736999095
Max g: 0.9999999999999973
f_10([0.0940815,-2.58954,3.23842,-3.38981,3.60706,0.757443,-4.31258e-22,4.38857,-4.38857,2.34185,-3.37198,1.03014,1.3023,-1.68247,4.84072,0.216294,-0.832642,4.86889,0.285881,1.216,-1.12986,3.50391,1.51883,-4.88754,1.7357,-2.76196,3.82788,-1.76912,4.67594,-0.380476,-0.0624576,-3.13059,-1.87054,0.768628,-0.198889,1.40495,-0.40568,-3.59063,0.230139,3.97378,-1.14354,0.139473,-2.88135,3.92972])
1.4156274736999095
{0.09408145405925078,-2.5895416108194116,3.2384150681442287,-3.389807981360643,3.6070558823478693,0.7574432003239128,-4.312582545451926e-22,4.3885654217613626,-4.388565421761361,2.3418458351647864,-3.3719844337621847,1.0301385985973976,1.3023035280953863,-1.6824661506211953,4.840718789739132,0.2162941912863351,-0.832641701747048,4.8688881131884525,0.28588092711517643,1.2159953093662728,-1.1298611595873735,3.5039118569502072,1.518834989380877,-4.887542449794597,1.7357033115782294,-2.761955213713013,3.8278831396377835,-1.7691226990229283,4.675939416261198,-0.3804758901347286,-0.06245755646784323,-3.1305946600293373,-1.870540860821454,0.7686277796265155,-0.19888913929228486,1.4049485424825194,-0.4056801346451925,-3.5906340611910834,0.2301394324017128,3.97377749131546,-1.1435442701717988,0.13947293155250468,-2.8813524667373303,3.929717649852262}]
Set[{A021,A031,A032,A041,A042,A043,A121,A131,A132,A141,A142,A143,B021,B031,B032,B041,B042,B043,B121,B131,B132,B141,B142,B143,\[Alpha]1,\[Alpha]2,\[Alpha]3,\[Alpha]4,\[Beta]11,\[Beta]12,\[Beta]13,\[Beta]14,\[Beta]21,\[Beta]22,\[Beta]23,\[Beta]24,\[Beta]31,\[Beta]32,\[Beta]33,\[Beta]34,\[Beta]41,\[Beta]42,\[Beta]43,\[Beta]44},{0.09408145405925078,-2.5895416108194116,3.2384150681442287,-3.389807981360643,3.6070558823478693,0.7574432003239128,-4.312582545451926e-22,4.3885654217613626,-4.388565421761361,2.3418458351647864,-3.3719844337621847,1.0301385985973976,1.3023035280953863,-1.6824661506211953,4.840718789739132,0.2162941912863351,-0.832641701747048,4.8688881131884525,0.28588092711517643,1.2159953093662728,-1.1298611595873735,3.5039118569502072,1.518834989380877,-4.887542449794597,1.7357033115782294,-2.761955213713013,3.8278831396377835,-1.7691226990229283,4.675939416261198,-0.3804758901347286,-0.06245755646784323,-3.1305946600293373,-1.870540860821454,0.7686277796265155,-0.19888913929228486,1.4049485424825194,-0.4056801346451925,-3.5906340611910834,0.2301394324017128,3.97377749131546,-1.1435442701717988,0.13947293155250468,-2.8813524667373303,3.929717649852262}]

Max g: 0.9999999999999973
f_11([0.305108,-2.36516,3.17361,-3.40961,3.65193,0.75521,8.26157e-21,4.36064,-4.36064,2.37351,-3.51027,1.13676,1.28008,-1.70651,4.82926,0.186943,-0.837103,4.87193,0.317342,1.22558,-1.12872,3.51339,1.52546,-4.89928,1.69218,-2.76997,3.83456,-1.75916,4.67857,-0.170643,-0.0554931,-3.34442,-1.91294,0.901121,-0.158213,1.31334,-0.735165,-3.5273,0.246695,4.02782,-1.28935,0.20146,-2.75708,3.85889])
1.3372797809568606
Max g: 1.0
f_12([0.386085,-2.32884,3.18777,-3.40253,3.66164,0.705259,2.52846e-21,4.36976,-4.36976,2.39432,-3.58248,1.18816,1.20512,-1.73898,4.82176,0.160319,-0.845257,4.86162,0.346948,1.22749,-1.12012,3.50756,1.52811,-4.89029,1.72177,-2.81973,3.83472,-1.76868,4.66542,0.156287,-0.072494,-3.65985,-1.90063,1.00379,-0.274657,1.33621,-0.788408,-3.51937,0.294959,4.04055,-1.47404,0.290377,-2.70288,3.88722])
1.3247521041984545
Max g: 1.0000000000000169
f_13([0.333991,-2.30429,3.11086,-3.27401,3.60941,0.617768,-1.86754e-20,4.3586,-4.3586,2.43617,-3.88725,1.45108,1.22493,-1.77717,4.79694,0.260957,-1.06066,4.89097,0.331682,1.28514,-1.18222,3.53215,1.51128,-4.89534,1.73988,-2.84645,3.90094,-1.78051,4.6292,0.453588,-0.167589,-3.74363,-1.97611,1.1975,-0.298845,1.19664,-0.860859,-3.43664,0.334007,4.16502,-1.02223,0.0945782,-3.09133,3.91659])
1.2157812016015235
Max g: 0.9999999999999982
f_14([0.3944,-2.10722,2.94234,-3.35509,3.65709,0.62881,2.40061e-23,4.35067,-4.35067,2.46539,-3.86568,1.40029,1.23149,-1.75166,4.79373,0.374748,-1.11893,4.9144,0.340654,1.40389,-1.29464,3.49261,1.55263,-4.90004,1.63917,-2.90258,3.90948,-1.74142,4.60925,0.659953,-0.100074,-4.0134,-2.03849,1.46901,-0.305442,0.746268,-1.12196,-3.43454,0.306828,4.1582,-1.12672,0.146004,-2.85353,3.87441])
1.3113295933858762
Max g: 0.9999999999999982
f_15([0.474832,-2.04181,2.93459,-3.33532,3.66579,0.596338,-4.25069e-20,4.36725,-4.36725,2.65432,-4.17547,1.52115,1.24487,-1.77296,4.79906,0.448527,-1.22617,4.92415,0.357864,1.45447,-1.34047,3.49543,1.52977,-4.8833,1.73344,-2.93267,3.92191,-1.73738,4.58715,0.774895,-0.0510329,-4.20614,-2.01931,1.66588,-0.337102,0.754222,-1.06644,-3.37325,0.312473,4.11995,-1.43607,0.309204,-2.65209,3.90827])
1.2389474610039732
Max g: 0.9999999999999956
f_16([0.495156,-1.86224,2.80509,-3.33033,3.70541,0.622304,-2.68184e-8,4.41569,-4.41569,2.59193,-4.14336,1.55143,1.2049,-1.78955,4.78924,0.336332,-1.15561,4.9497,0.384667,1.39906,-1.27382,3.47812,1.56382,-4.88791,1.69815,-2.91639,3.86058,-1.70046,4.56201,1.14627,-0.082189,-4.58259,-2.0567,1.74695,-0.266925,0.630211,-1.09605,-3.42187,0.295981,4.17646,-1.54613,0.429791,-2.69837,3.88535])
1.2357658288113622
Max g: 1.0000005517446633
f_17([0.373811,-2.11908,2.95705,-3.2653,3.69791,0.550977,-1.45132e-13,4.39754,-4.39754,2.54279,-4.26887,1.72608,1.18525,-1.8246,4.76583,0.359665,-1.17326,4.95013,0.460139,1.50766,-1.35967,3.50056,1.54253,-4.87325,1.79075,-3.11171,3.89176,-1.62476,4.50645,1.45787,-0.183036,-4.68644,-2.03001,1.58501,-0.142044,0.635841,-1.18568,-2.97885,0.262666,4.04459,-2.04142,0.588715,-2.27502,3.92384])
1.2517734157804368
Max g: 0.9999999999955342
f_18([0.445638,-2.16225,3.05758,-3.27131,3.70925,0.561986,1.22452e-26,4.3669,-4.3669,2.41726,-3.94052,1.52326,1.19697,-1.82484,4.76719,0.301851,-1.11064,4.95944,0.505715,1.47205,-1.30729,3.50573,1.56789,-4.8764,1.71435,-3.09335,3.90708,-1.6196,4.46163,1.62719,-0.0804942,-4.77886,-2.06148,1.58006,-0.174317,0.647849,-1.28582,-3.02087,0.237339,4.07239,-2.3511,0.537898,-2.00849,3.89395])
1.2636051104967094
Max g: 0.9999999999999991
f_19([0.378945,-2.12472,2.95311,-3.19442,3.71157,0.480701,-4.51111e-11,4.31329,-4.31329,2.3163,-3.78878,1.47248,1.30291,-1.7517,4.77538,0.424927,-1.09907,4.95874,0.531735,1.52902,-1.35086,3.48489,1.61052,-4.8855,1.71564,-3.08284,3.92851,-1.59005,4.43368,1.74455,0.0173686,-5.0,-1.99746,1.41683,-0.0587946,0.626843,-1.28204,-3.01633,0.252803,4.07924,-2.49394,0.539183,-1.86653,3.87505])
1.2802092535018987
Max g: 1.000000000498293
f_20([0.426357,-2.0766,2.90215,-3.29935,3.72075,0.464812,2.08228e-27,4.26766,-4.26766,2.29698,-3.7126,1.41562,1.26182,-1.737,4.76061,0.399368,-1.11079,4.97104,0.555586,1.49721,-1.30851,3.48551,1.64792,-4.9122,1.75628,-3.05237,3.92548,-1.62798,4.39618,1.6855,0.0150295,-4.85641,-1.96573,1.34259,0.00335129,0.598433,-1.34088,-3.03369,0.188465,4.12354,-2.62238,0.5617,-1.73911,3.86047])
1.2965151184890307
{0.4263567566001016,-2.0766018557881507,2.902153821685826,-3.299347223415965,3.7207500008212184,0.46481247082509125,2.0822793353384186e-27,4.267660037961979,-4.26766003796198,2.2969781172277077,-3.7126009648074163,1.415622847579708,1.2618215367101757,-1.736997696243299,4.76060601159636,0.39936805081917254,-1.1107900120624972,4.97104396366921,0.5555857738464156,1.4972124842042627,-1.3085112128983838,3.4855142666537198,1.6479241861026526,-4.912204272891285,1.7562772494931926,-3.0523724729407413,3.9254780883200056,-1.6279782179663678,4.396180284556488,1.6855011431124132,0.015029531458962096,-4.856412958273654,-1.9657289610922193,1.3425861029908615,0.0033512857380626087,0.5984329500974067,-1.3408831257084934,-3.033686449934019,0.18846514518176677,4.123539836887682,-2.6223800207925727,0.5617003742976111,-1.7391132981672184,3.860474844330562}]
Set[{A021,A031,A032,A041,A042,A043,A121,A131,A132,A141,A142,A143,B021,B031,B032,B041,B042,B043,B121,B131,B132,B141,B142,B143,\[Alpha]1,\[Alpha]2,\[Alpha]3,\[Alpha]4,\[Beta]11,\[Beta]12,\[Beta]13,\[Beta]14,\[Beta]21,\[Beta]22,\[Beta]23,\[Beta]24,\[Beta]31,\[Beta]32,\[Beta]33,\[Beta]34,\[Beta]41,\[Beta]42,\[Beta]43,\[Beta]44},{0.4263567566001016,-2.0766018557881507,2.902153821685826,-3.299347223415965,3.7207500008212184,0.46481247082509125,2.0822793353384186e-27,4.267660037961979,-4.26766003796198,2.2969781172277077,-3.7126009648074163,1.415622847579708,1.2618215367101757,-1.736997696243299,4.76060601159636,0.39936805081917254,-1.1107900120624972,4.97104396366921,0.5555857738464156,1.4972124842042627,-1.3085112128983838,3.4855142666537198,1.6479241861026526,-4.912204272891285,1.7562772494931926,-3.0523724729407413,3.9254780883200056,-1.6279782179663678,4.396180284556488,1.6855011431124132,0.015029531458962096,-4.856412958273654,-1.9657289610922193,1.3425861029908615,0.0033512857380626087,0.5984329500974067,-1.3408831257084934,-3.033686449934019,0.18846514518176677,4.123539836887682,-2.6223800207925727,0.5617003742976111,-1.7391132981672184,3.860474844330562}]

Max g: 0.9999999999999973
f_21([0.139702,-2.1338,2.76897,-3.30551,3.7733,0.460961,2.15058e-8,4.27725,-4.27725,2.29506,-3.70257,1.40751,1.10826,-1.78072,4.77389,0.419819,-1.14139,4.97047,0.621148,1.47352,-1.25987,3.40281,1.62989,-4.79575,2.05126,-3.34841,3.891,-1.62042,4.37627,1.88026,-0.108535,-4.95465,-1.97104,1.29653,-0.020873,0.646365,-1.57358,-2.54946,0.0713368,4.09663,-2.6255,0.552441,-1.68727,3.80816])
1.4428701993491422
Max g: 0.9999999339642134
f_22([0.0700623,-2.10973,2.71494,-3.28377,3.78121,0.473604,-1.48656e-8,4.28778,-4.28778,2.33033,-3.72828,1.39795,1.07263,-1.76727,4.75017,0.398197,-1.16127,4.95243,0.658371,1.40744,-1.17666,3.38574,1.65042,-4.78335,2.11908,-3.3261,3.8775,-1.66254,4.34173,1.93273,-0.0879843,-5.0,-1.86346,1.15991,-0.000128035,0.632388,-1.59457,-2.48881,-0.00267988,4.14229,-2.67946,0.618869,-1.69784,3.79298])
1.4747859472812723
Max g: 1.0000002353667226
f_23([0.0674578,-2.12401,2.72505,-3.29778,3.7482,0.503245,-3.95817e-25,4.28298,-4.28298,2.37587,-3.88686,1.51099,1.09873,-1.73315,4.7583,0.386901,-1.11833,4.94578,0.714044,1.30672,-1.0545,3.40927,1.66921,-4.81417,2.17048,-3.37157,3.90124,-1.69617,4.31219,1.87259,-0.132235,-4.94048,-1.8118,0.764746,-0.0194939,1.02351,-1.65604,-2.36202,0.00541473,4.14259,-2.63191,0.765385,-1.87635,3.82443])
1.4126446935193364
Max g: 1.0840950737652193
f_24([0.000704802,-2.05033,2.5878,-3.33636,3.74014,0.592883,1.90237e-23,4.32371,-4.32371,2.4569,-4.0702,1.6133,1.0959,-1.75821,4.77702,0.406078,-1.02261,4.92977,0.806838,1.16705,-0.882192,3.39984,1.64717,-4.77854,2.19856,-3.56697,3.91793,-1.6082,4.2747,1.74818,-0.119317,-4.88407,-1.78578,0.706612,-0.200766,1.16985,-2.00119,-1.89743,-0.0780228,4.18681,-2.61083,0.793228,-2.01806,3.79071])
1.1983816505481815
Max g: 1.0828496273301056
f_25([0.0656287,-2.21798,2.80724,-3.2859,3.70933,0.569299,8.8858e-26,4.31482,-4.31482,2.32941,-3.73161,1.40221,1.10691,-1.76092,4.747,0.507549,-1.16067,4.9264,0.853679,0.973755,-0.665708,3.42821,1.713,-4.84565,2.09974,-3.48113,3.97166,-1.62411,4.24193,1.72663,-0.00801496,-4.81583,-1.81809,0.508804,-0.0432687,1.20992,-2.1782,-1.92615,-0.0424565,4.07641,-2.42466,0.99518,-2.36839,3.62157])
1.3791381294909006
Max g: 1.1903706312911595
f_26([0.0842431,-2.16598,2.74627,-3.27249,3.78344,0.417744,2.4232e-26,4.3361,-4.3361,2.26371,-3.66602,1.40232,1.15979,-1.77834,4.8055,0.491716,-1.0972,4.91028,0.970536,0.84826,-0.495637,3.42195,1.73267,-4.85937,1.9816,-3.39834,3.97632,-1.63896,4.22427,1.55525,0.0627129,-4.87328,-1.57319,0.324639,-0.0345089,1.26174,-2.36384,-1.50594,-0.0926739,4.06264,-2.25805,1.00296,-2.7058,3.91892])
1.3337998707461922
Max g: 1.1763642894190447
f_27([0.440822,-1.65653,2.57657,-3.28407,3.83593,0.426112,1.58819e-21,4.36463,-4.36463,2.19167,-3.23873,1.04706,1.10483,-1.75047,4.8041,0.641186,-1.1357,4.90785,1.02232,0.734431,-0.370681,3.4401,1.68842,-4.82046,2.04692,-3.58382,3.95446,-1.59224,4.23527,1.39879,0.182571,-4.81805,-1.28386,0.301657,-0.0137966,0.994199,-2.64193,-1.50034,-0.0358615,4.05451,-1.80722,1.0928,-3.1721,3.76434])
1.2283088783599299
Max g: 1.1229840781152518
f_28([0.401664,-1.73789,2.59886,-3.46171,3.97159,0.406493,-2.05497e-23,4.41312,-4.41312,2.10147,-3.36738,1.26592,1.14577,-1.74136,4.81531,0.815807,-1.27677,4.89937,1.25097,0.697134,-0.251483,3.42811,1.71616,-4.8393,2.26675,-3.64524,3.96461,-1.58253,4.20131,0.960959,-0.00189099,-4.18405,-1.37731,0.172863,-0.0021631,1.18339,-2.75815,-1.06615,-0.00456463,3.97274,-1.3167,1.04449,-3.42293,3.55515])
1.111085617263414
Max g: 1.0000000000000018
f_29([0.430431,-1.63449,2.54389,-3.39861,3.9809,0.394213,6.0598e-25,4.38849,-4.38849,2.1573,-3.50821,1.35091,1.15047,-1.76215,4.81545,0.790001,-1.26876,4.91038,1.2867,0.682528,-0.220252,3.42607,1.73733,-4.84645,2.24683,-3.69859,3.97994,-1.56339,4.21703,0.916385,0.0111801,-4.16283,-1.42595,0.0969707,0.0266625,1.39357,-2.91766,-1.04153,-0.0380042,3.94669,-1.04299,1.0607,-3.58047,3.46297])
1.0782750352771118
Max g: 0.9999999999999982
f_30([0.530555,-1.57439,2.56796,-3.44741,3.98762,0.453767,3.57784e-6,4.38886,-4.38885,2.16886,-3.69151,1.52264,1.15613,-1.80019,4.81378,0.82295,-1.31878,4.91186,1.3287,0.673638,-0.192898,3.41077,1.75699,-4.86222,2.28095,-3.73162,4.01227,-1.53612,4.21276,0.876347,-0.0625741,-4.09788,-1.57368,0.121419,-0.0282788,1.46661,-3.00874,-0.939888,-0.0312163,3.94234,-0.758061,1.17513,-3.98366,3.37697])
0.9672161865537799
{0.5305548178410674,-1.5743862952701266,2.567964194882015,-3.4474050077718896,3.987623145153313,0.4537672828872533,3.5778365022871187e-6,4.388859524080736,-4.388852287165077,2.1688601340031606,-3.691509074027513,1.5226414598750047,1.1561287687233397,-1.8001852403774048,4.81377757989424,0.8229498578947984,-1.318783032618705,4.911857979838007,1.3286952601191344,0.6736376696103957,-0.19289826137377844,3.4107729092089154,1.7569938951499922,-4.862220833480357,2.2809525210583654,-3.7316246964135265,4.012266646391863,-1.5361220151172683,4.212756427074092,0.8763471523840392,-0.06257412612676425,-4.097879667993672,-1.5736777798711854,0.12141868483678979,-0.028278786211711572,1.466613509512691,-3.0087350100223818,-0.939887509641174,-0.03121629299806059,3.9423426128758527,-0.7580613601871017,1.1751251516164474,-3.9836606884318027,3.3769666894483876}]
Set[{A021,A031,A032,A041,A042,A043,A121,A131,A132,A141,A142,A143,B021,B031,B032,B041,B042,B043,B121,B131,B132,B141,B142,B143,\[Alpha]1,\[Alpha]2,\[Alpha]3,\[Alpha]4,\[Beta]11,\[Beta]12,\[Beta]13,\[Beta]14,\[Beta]21,\[Beta]22,\[Beta]23,\[Beta]24,\[Beta]31,\[Beta]32,\[Beta]33,\[Beta]34,\[Beta]41,\[Beta]42,\[Beta]43,\[Beta]44},{0.5305548178410674,-1.5743862952701266,2.567964194882015,-3.4474050077718896,3.987623145153313,0.4537672828872533,3.5778365022871187e-6,4.388859524080736,-4.388852287165077,2.1688601340031606,-3.691509074027513,1.5226414598750047,1.1561287687233397,-1.8001852403774048,4.81377757989424,0.8229498578947984,-1.318783032618705,4.911857979838007,1.3286952601191344,0.6736376696103957,-0.19289826137377844,3.4107729092089154,1.7569938951499922,-4.862220833480357,2.2809525210583654,-3.7316246964135265,4.012266646391863,-1.5361220151172683,4.212756427074092,0.8763471523840392,-0.06257412612676425,-4.097879667993672,-1.5736777798711854,0.12141868483678979,-0.028278786211711572,1.466613509512691,-3.0087350100223818,-0.939887509641174,-0.03121629299806059,3.9423426128758527,-0.7580613601871017,1.1751251516164474,-3.9836606884318027,3.3769666894483876}]

Max g: 0.9999669220149565
f_31([0.51632,-1.5954,2.55953,-3.46751,3.99599,0.461397,-4.18544e-11,4.36396,-4.36396,2.12819,-3.66449,1.5363,1.2118,-1.8044,4.81884,0.863876,-1.36217,4.91327,1.37027,0.674419,-0.173057,3.42624,1.80139,-4.93309,2.12922,-3.64958,4.05039,-1.53638,4.18829,0.774994,-0.0512903,-3.91187,-1.64698,0.0519183,0.00451678,1.70738,-3.10271,-0.880779,0.0147171,3.95816,-0.439856,1.28656,-4.33544,3.38085])
0.9411665729767764
Max g: 1.0000000001829799
f_32([0.398306,-1.65165,2.4846,-3.53652,4.0222,0.479838,4.77132e-24,4.36102,-4.36102,2.19567,-3.89322,1.69755,1.29243,-1.81547,4.81792,0.966364,-1.49612,4.90089,1.48266,0.71681,-0.168652,3.40356,1.84015,-5.0,2.07908,-3.5139,4.04372,-1.52179,4.19647,0.603399,-0.0565024,-3.79334,-1.67785,0.137464,-0.0270342,1.45895,-3.3019,-0.660956,0.0804821,3.93279,-0.360819,1.35436,-4.47739,3.39717])
0.9654265184454361
Max g: 0.9999999999999618
f_33([0.334887,-1.80825,2.57693,-3.46472,4.02801,0.383193,7.30482e-27,4.37333,-4.37333,2.21361,-3.90198,1.68837,1.25963,-1.85131,4.81116,0.922899,-1.50427,4.90315,1.49995,0.694444,-0.147585,3.42184,1.81879,-4.99196,1.97789,-3.53182,4.07202,-1.52957,4.20907,0.576195,-0.0778138,-3.6669,-1.67417,0.117206,-0.104287,1.65857,-3.31749,-0.66792,0.0944589,3.91866,-0.132834,1.32494,-4.6299,3.38417])
0.9901835939441914
Max g: 0.9999999999999973
f_34([0.376589,-1.77951,2.58506,-3.42726,4.04434,0.335568,-1.45387e-6,4.39228,-4.39228,2.19735,-3.94939,1.75208,1.274,-1.83059,4.8067,0.934644,-1.48581,4.90987,1.5052,0.688227,-0.138785,3.39416,1.8112,-4.96224,2.04665,-3.5813,4.09106,-1.52266,4.18532,0.565689,-0.102908,-3.60791,-1.73488,0.0819294,-0.125307,1.85343,-3.36459,-0.643188,0.110663,3.92751,0.064173,1.38837,-4.81781,3.42486])
0.9357975686517451
Max g: 1.0001586290557292
f_35([0.386263,-1.77208,2.56408,-3.50883,4.02566,0.359831,8.60106e-28,4.39589,-4.39589,2.19503,-3.98866,1.79363,1.24801,-1.81754,4.8018,0.928589,-1.45754,4.91054,1.51352,0.684915,-0.134159,3.40097,1.81611,-4.98187,2.0815,-3.65977,4.10927,-1.5311,4.17566,0.566708,-0.149413,-3.61081,-1.81176,0.0954628,-0.074495,1.83734,-3.51193,-0.620569,0.134184,3.92957,0.0597351,1.36558,-4.81708,3.4145])
0.9393769048684326
Max g: 1.0000000000000044
f_36([0.294943,-1.71633,2.44919,-3.49954,4.0819,0.360877,-2.69994e-27,4.40237,-4.40237,2.19725,-4.05967,1.86242,1.28755,-1.78308,4.78568,0.875774,-1.42091,4.91589,1.51954,0.669504,-0.12876,3.37492,1.74737,-4.8955,2.0204,-3.52839,4.09056,-1.54567,4.16371,0.559917,-0.190484,-3.55922,-1.84443,0.10457,0.0273117,1.65079,-3.47606,-0.611788,0.202747,3.93027,0.137376,1.3674,-4.97903,3.45027])
0.9777553431918042
Max g: 1.0000000000000027
f_37([0.369477,-1.73246,2.53521,-3.45157,4.10166,0.345092,2.69436e-22,4.39808,-4.39808,2.18465,-4.05932,1.87467,1.35709,-1.72354,4.77903,0.981368,-1.39694,4.91352,1.57231,0.68064,-0.12318,3.35352,1.73339,-4.87184,1.90535,-3.54136,4.11621,-1.50303,4.16732,0.496879,-0.169563,-3.4984,-1.88428,0.079063,0.0651416,1.72075,-3.60727,-0.560886,0.214821,3.98412,0.140322,1.34296,-4.95393,3.47042])
0.9325165104531149
Max g: 1.0000000000000044
f_38([0.420391,-1.59576,2.42188,-3.39298,4.08189,0.243636,-4.42383e-23,4.39365,-4.39365,2.16363,-4.02656,1.86294,1.32163,-1.7663,4.78039,1.06568,-1.49141,4.90601,1.53486,0.672489,-0.128349,3.34238,1.72455,-4.85408,1.9654,-3.62605,4.10768,-1.46888,4.15751,0.527822,-0.176812,-3.52864,-1.92975,0.0735481,0.0495936,1.88501,-3.59753,-0.567271,0.202273,3.96639,0.0881737,1.38867,-4.99499,3.47275])
0.917304331532193
Max g: 0.9999999999897922
f_39([0.48262,-1.44452,2.34096,-3.37437,4.07574,0.29681,2.43567e-23,4.39559,-4.39559,2.12111,-3.86338,1.74227,1.34509,-1.78889,4.78512,0.976882,-1.40279,4.9113,1.59046,0.699447,-0.124644,3.30343,1.75431,-4.83755,1.99131,-3.70875,4.17389,-1.45436,4.16725,0.502074,-0.115534,-3.59409,-2.03461,0.000890736,0.288326,1.9164,-3.62568,-0.53331,0.175178,3.96607,0.119279,1.34083,-4.86507,3.38589])
0.8889679198167503
Max g: 1.0000000000000009
f_40([0.481825,-1.32895,2.22625,-3.37935,4.08258,0.285167,1.51116e-14,4.37871,-4.37871,2.14468,-3.82261,1.67793,1.33105,-1.79007,4.80411,0.92223,-1.36812,4.90166,1.57674,0.694956,-0.124478,3.26302,1.73394,-4.77609,1.95893,-3.63531,4.17082,-1.50855,4.15462,0.488025,-0.0600491,-3.54998,-2.17247,-0.0161079,0.410076,1.91219,-3.63684,-0.5393,0.0968444,3.98163,0.0766549,1.34427,-4.84352,3.42706])
0.9210825197609187
{0.481824815788539,-1.3289492708841484,2.226246264961542,-3.3793527930829437,4.082584113476345,0.28516670783745846,1.5111628759434527e-14,4.3787097763424825,-4.378709776342495,2.1446757964503145,-3.822607698824516,1.6779319023740875,1.3310475036476952,-1.7900696463690717,4.804111729738759,0.9222297139023887,-1.3681211738029901,4.901660291903434,1.5767354155876865,0.6949556351578704,-0.12447844237791485,3.263015409116987,1.7339437536835633,-4.77609152215368,1.9589328599139937,-3.6353107591142675,4.170819527086119,-1.5085486350262098,4.154621229649019,0.4880254529914627,-0.060049141894971306,-3.5499833741754188,-2.1724721105327847,-0.01610791912060294,0.4100759426294386,1.9121908186777135,-3.6368393780612864,-0.5393000172736024,0.09684438742865512,3.981627367648124,0.07665491394061459,1.3442660059862488,-4.843515665772048,3.427055926539123}]
Set[{A021,A031,A032,A041,A042,A043,A121,A131,A132,A141,A142,A143,B021,B031,B032,B041,B042,B043,B121,B131,B132,B141,B142,B143,\[Alpha]1,\[Alpha]2,\[Alpha]3,\[Alpha]4,\[Beta]11,\[Beta]12,\[Beta]13,\[Beta]14,\[Beta]21,\[Beta]22,\[Beta]23,\[Beta]24,\[Beta]31,\[Beta]32,\[Beta]33,\[Beta]34,\[Beta]41,\[Beta]42,\[Beta]43,\[Beta]44},{0.481824815788539,-1.3289492708841484,2.226246264961542,-3.3793527930829437,4.082584113476345,0.28516670783745846,1.5111628759434527e-14,4.3787097763424825,-4.378709776342495,2.1446757964503145,-3.822607698824516,1.6779319023740875,1.3310475036476952,-1.7900696463690717,4.804111729738759,0.9222297139023887,-1.3681211738029901,4.901660291903434,1.5767354155876865,0.6949556351578704,-0.12447844237791485,3.263015409116987,1.7339437536835633,-4.77609152215368,1.9589328599139937,-3.6353107591142675,4.170819527086119,-1.5085486350262098,4.154621229649019,0.4880254529914627,-0.060049141894971306,-3.5499833741754188,-2.1724721105327847,-0.01610791912060294,0.4100759426294386,1.9121908186777135,-3.6368393780612864,-0.5393000172736024,0.09684438742865512,3.981627367648124,0.07665491394061459,1.3442660059862488,-4.843515665772048,3.427055926539123}]

Max g: 0.9999999999995373
{0.36950015801341446,-1.732464611017749,2.535191336969007,-3.4515275202895834,4.101671147197351,0.3451179745441787,-9.154137193426757e-31,4.398082042058364,-4.398082042058364,2.1847050294626382,-4.0591812715346345,1.8744762420719907,1.3578459365603224,-1.7236461120758615,4.779030237521228,0.9810672885682682,-1.3972397062493094,4.913521248400729,1.5710293100805963,0.680818568708897,-0.12371695945595944,3.3535068685086467,1.7335215231434173,-4.871694119471318,1.9057438290044277,-3.5409425684010345,4.11621611054609,-1.5029749175425025,4.1673252054437055,0.49932305976299735,-0.16971712040196313,-3.497783152592114,-1.884270405578334,0.07990974772084243,0.06713670608691219,1.7225451380406482,-3.6075451050813996,-0.5607363935944506,0.2143124820472281,3.9840665872005565,0.14034685600282207,1.3429200980180176,-4.9551702380790115,3.4704079204123586}]
Set[{A021,A031,A032,A041,A042,A043,A121,A131,A132,A141,A142,A143,B021,B031,B032,B041,B042,B043,B121,B131,B132,B141,B142,B143,\[Alpha]1,\[Alpha]2,\[Alpha]3,\[Alpha]4,\[Beta]11,\[Beta]12,\[Beta]13,\[Beta]14,\[Beta]21,\[Beta]22,\[Beta]23,\[Beta]24,\[Beta]31,\[Beta]32,\[Beta]33,\[Beta]34,\[Beta]41,\[Beta]42,\[Beta]43,\[Beta]44},{0.36950015801341446,-1.732464611017749,2.535191336969007,-3.4515275202895834,4.101671147197351,0.3451179745441787,-9.154137193426757e-31,4.398082042058364,-4.398082042058364,2.1847050294626382,-4.0591812715346345,1.8744762420719907,1.3578459365603224,-1.7236461120758615,4.779030237521228,0.9810672885682682,-1.3972397062493094,4.913521248400729,1.5710293100805963,0.680818568708897,-0.12371695945595944,3.3535068685086467,1.7335215231434173,-4.871694119471318,1.9057438290044277,-3.5409425684010345,4.11621611054609,-1.5029749175425025,4.1673252054437055,0.49932305976299735,-0.16971712040196313,-3.497783152592114,-1.884270405578334,0.07990974772084243,0.06713670608691219,1.7225451380406482,-3.6075451050813996,-0.5607363935944506,0.2143124820472281,3.9840665872005565,0.14034685600282207,1.3429200980180176,-4.9551702380790115,3.4704079204123586}]


-----------------Final Result------------------
Options: alg=LN_AUGLAG_EQ,dx=0.01,max_eval=100000000,popSize=0
imin=-12,jmin=-1,imax=1,jmax=1,parameter_minmax=5,randSeed=92622782

4055655 steps

Completed with maxf : 0.9325165104531149

Constraints at 1.0

x = [0.36950015801341446,-1.732464611017749,2.535191336969007,-3.4515275202895834,4.101671147197351,0.3451179745441787,-9.154137193426757e-31,4.398082042058364,-4.398082042058364,2.1847050294626382,-4.0591812715346345,1.8744762420719907,1.3578459365603224,-1.7236461120758615,4.779030237521228,0.9810672885682682,-1.3972397062493094,4.913521248400729,1.5710293100805963,0.680818568708897,-0.12371695945595944,3.3535068685086467,1.7335215231434173,-4.871694119471318,1.9057438290044277,-3.5409425684010345,4.11621611054609,-1.5029749175425025,4.1673252054437055,0.49932305976299735,-0.16971712040196313,-3.497783152592114,-1.884270405578334,0.07990974772084243,0.06713670608691219,1.7225451380406482,-3.6075451050813996,-0.5607363935944506,0.2143124820472281,3.9840665872005565,0.14034685600282207,1.3429200980180176,-4.9551702380790115,3.4704079204123586]
c0 = [0.0,0.36950015801341446,0.802726725951258,0.9952616014519462]
c1 = [0.0,-9.154137193426757e-31,0.0,-5.329070518200751e-15]
A0 = [0.0,0.36950015801341446,-1.732464611017749,-3.4515275202895834,0.0,0.0,2.535191336969007,4.101671147197351,0.0,0.0,0.0,0.3451179745441787,0.0,0.0,0.0,0.0]
A1 = [0.0,-9.154137193426757e-31,4.398082042058364,2.1847050294626382,0.0,0.0,-4.398082042058364,-4.0591812715346345,0.0,0.0,0.0,1.8744762420719907,0.0,0.0,0.0,0.0]
B0 = [0.0,1.3578459365603224,-1.7236461120758615,0.9810672885682682,0.0,0.0,4.779030237521228,-1.3972397062493094,0.0,0.0,0.0,4.913521248400729,0.0,0.0,0.0,0.0]
B1 = [0.0,1.5710293100805963,0.680818568708897,3.3535068685086467,0.0,0.0,-0.12371695945595944,1.7335215231434173,0.0,0.0,0.0,-4.871694119471318,0.0,0.0,0.0,0.0]
α  = [1.9057438290044277,-3.5409425684010345,4.11621611054609,-1.5029749175425025]
β1 = [4.1673252054437055,0.49932305976299735,-0.16971712040196313,-3.497783152592114]
β2 = [-1.884270405578334,0.07990974772084243,0.06713670608691219,1.7225451380406482]
β3 = [-3.6075451050813996,-0.5607363935944506,0.2143124820472281,3.9840665872005565]
β4 = [0.14034685600282207,1.3429200980180176,-4.9551702380790115,3.4704079204123586]


Set[{A021,A031,A032,A041,A042,A043,A121,A131,A132,A141,A142,A143,B021,B031,B032,B041,B042,B043,B121,B131,B132,B141,B142,B143,\[Alpha]1,\[Alpha]2,\[Alpha]3,\[Alpha]4,\[Beta]11,\[Beta]12,\[Beta]13,\[Beta]14,\[Beta]21,\[Beta]22,\[Beta]23,\[Beta]24,\[Beta]31,\[Beta]32,\[Beta]33,\[Beta]34,\[Beta]41,\[Beta]42,\[Beta]43,\[Beta]44},{0.36950015801341446,-1.732464611017749,2.535191336969007,-3.4515275202895834,4.101671147197351,0.3451179745441787,-9.154137193426757e-31,4.398082042058364,-4.398082042058364,2.1847050294626382,-4.0591812715346345,1.8744762420719907,1.3578459365603224,-1.7236461120758615,4.779030237521228,0.9810672885682682,-1.3972397062493094,4.913521248400729,1.5710293100805963,0.680818568708897,-0.12371695945595944,3.3535068685086467,1.7335215231434173,-4.871694119471318,1.9057438290044277,-3.5409425684010345,4.11621611054609,-1.5029749175425025,4.1673252054437055,0.49932305976299735,-0.16971712040196313,-3.497783152592114,-1.884270405578334,0.07990974772084243,0.06713670608691219,1.7225451380406482,-3.6075451050813996,-0.5607363935944506,0.2143124820472281,3.9840665872005565,0.14034685600282207,1.3429200980180176,-4.9551702380790115,3.4704079204123586}]



