
-----------------Setup------------------
Options: alg=GN_ISRES,dx=0.01,max_eval=100000000,popSize=0
imin=-1,jmin=-4,imax=1,jmax=4,
parameter_minmax=5,
randSeed=43700809, rand_minmax=1,
END_C=true, INEQ_C=true

Initial Condition:

[0.145018,-0.435862,0.138605,0.0813239,-0.0570159,-0.206223,-0.33376,-0.160042,0.383788,-0.711768,-0.808551,0.620977,-0.430257,-0.859972,0.156695,-0.410436,0.957115,-0.418361,0.42606,0.605345,0.97274,0.293947,-0.527158,0.916131,-0.204358,0.539312,-0.394389,0.876075,-0.744338,-0.932781,0.622255,0.514381,-0.747071,-0.577914,0.770444,0.61613,-0.520978,0.105162,-0.0693183,0.256649,-0.108221,-0.322582,0.412793,0.951697]

f_1([0.890177,-0.479426,0.52587,3.77582,-2.39698,-0.588032,-0.0953118,3.39656,-3.16567,-3.1583,2.96974,-0.819631,-2.24207,-4.68417,3.515,1.7423,-3.58549,0.351384,0.926826,-1.53285,1.61402,-2.80866,0.340942,2.14164,-3.61208,-1.03273,2.76553,0.203014,-0.192104,-0.056882,-0.0845744,1.25414,-1.28947,4.04269,1.63085,0.608488,-0.239987,-0.148277,0.114322,0.596648,0.147795,0.293967,1.669,-1.33303])
0.6573872211973838
Max g: 4.992558286828593
f_2([0.294943,-0.262663,0.439775,4.71158,0.289038,-4.85769,-0.497842,0.499336,0.015185,-3.93147,0.541321,3.87922,0.282012,0.202196,0.912634,2.46762,-0.965149,-2.02571,-0.467598,-0.223986,0.525678,0.200022,0.188453,-0.756782,-0.562956,0.186961,0.806718,-0.0359642,4.54609,-2.69195,-1.7828,0.460296,2.92555,-2.53449,-0.253753,0.0663514,2.00776,0.925075,-1.69837,-0.829574,-0.872397,1.08897,-0.300739,0.102168])
2.95262762343091
Max g: 1.1636632670305294
f_3([0.0728304,-0.48176,0.333027,4.99622,-1.24217,-3.12201,0.328791,0.429569,-0.0803008,-3.6092,0.429748,3.79641,0.330357,0.321135,-0.599643,3.39243,0.580203,-1.53545,-0.589043,-0.508551,1.22942,0.930393,0.637456,0.270567,-0.333693,0.08607,0.686678,0.277497,0.126379,0.836452,-0.63217,0.262505,1.63949,-1.10159,-0.395698,0.0812863,0.605054,-0.560312,-0.0828778,-0.203238,-0.559688,0.967378,-1.69224,0.605425])
4.026807286911262
Max g: 0.6614383891247965
f_4([0.00830951,-0.71944,0.660687,4.38944,-1.38483,-2.47239,0.246715,0.85207,-0.234474,-3.28726,1.43909,2.97735,0.225202,0.278022,-0.768158,2.33703,0.971859,-1.52139,-0.797294,-1.26838,1.13049,1.04879,0.244034,0.162384,0.816121,0.109978,-0.232976,0.486628,-0.271563,0.742121,0.191535,0.404862,0.995455,-0.871813,-0.191784,0.312126,0.971603,-0.717755,-0.0359692,-0.310915,-0.526099,1.05205,-1.19854,0.566461])
2.645051894087614
Max g: 0.4496240521094663
f_5([-0.0450538,-0.35409,0.343952,4.48492,-1.33121,-2.52278,0.425074,0.787728,0.129435,-3.29258,1.38766,2.96436,0.199774,0.14389,-0.495123,1.81293,1.40395,-1.55683,-0.77843,-1.04745,1.11619,1.12552,0.11076,0.140803,1.09668,-0.0138101,-0.505142,0.569001,-0.231986,0.657131,0.107297,0.335024,0.660976,-0.796569,-0.0763033,0.253561,0.994685,-0.591011,-0.174023,-0.355823,-0.549528,1.11673,-1.20048,0.654825])
3.044353761777877
Max g: 0.21219863089482283
f_6([0.0100558,-0.32893,0.343288,4.47006,-1.35625,-2.56864,0.622075,0.772208,0.285633,-3.18619,1.4048,2.82081,0.228826,-0.0451518,-0.172674,1.7886,1.25792,-1.47143,-0.781707,-1.08313,1.11148,1.05139,0.0712285,0.205197,0.92754,-0.0118801,-0.46189,0.597911,-0.151782,0.668578,0.0869442,0.354619,0.36205,-0.695099,0.0873423,0.265292,1.11673,-0.652602,-0.117535,-0.364327,-0.522691,1.13917,-1.27383,0.67756])
2.8980689560934403
Max g: 0.12028733307567027
f_7([0.018328,-0.387041,0.368079,4.43672,-1.33797,-2.56766,0.620733,0.763823,0.265625,-3.09098,1.40642,2.73234,0.204048,-0.0684829,-0.09229,1.77696,1.33827,-1.57221,-0.749857,-0.980946,1.00118,1.12053,0.0183876,0.215821,0.84204,-0.0536446,-0.419657,0.633904,-0.216725,0.693782,0.124,0.359436,0.364645,-0.768083,0.115341,0.283747,1.13763,-0.658682,-0.140467,-0.364416,-0.534761,1.19935,-1.37079,0.684446])
2.8656716417910446
Max g: 0.10888770130626425
f_8([-0.00391254,-0.438378,0.41613,4.43144,-1.31233,-2.58784,0.629571,0.751953,0.2897,-3.01945,1.38394,2.66287,0.225823,0.000871626,-0.0223764,1.76329,1.32819,-1.67621,-0.745036,-0.927748,0.908575,1.20212,-0.0418991,0.173455,0.774968,-0.0962562,-0.421532,0.744638,-0.200721,0.677598,0.094677,0.374755,0.361156,-0.814072,0.171452,0.289413,1.17794,-0.708832,-0.12783,-0.367249,-0.518258,1.29415,-1.43735,0.688612])
2.8085291395705614
Max g: 0.07628772413799935
f_9([0.03057,-0.363875,0.36539,4.43638,-1.34616,-2.55719,0.644747,0.708061,0.305951,-3.02728,1.37698,2.66855,0.163826,-0.013956,0.144668,1.76486,1.31804,-1.73703,-0.769678,-0.836739,0.789791,1.28202,-0.234451,0.266035,0.837545,-0.138146,-0.527087,0.839715,-0.208694,0.639098,0.154821,0.377839,0.332597,-0.797678,0.179273,0.287314,1.18592,-0.666264,-0.164415,-0.36691,-0.511944,1.31659,-1.49694,0.690137])
2.7459208327898583
Max g: 0.03939693824808915
f_10([-0.0224499,-0.507367,0.49044,4.44313,-1.39224,-2.52776,0.646632,0.671391,0.327711,-2.99851,1.3709,2.63194,0.00459169,-0.135111,0.29479,1.76812,1.33285,-1.76744,-0.766714,-0.759231,0.68996,1.41012,-0.365394,0.268158,0.890917,-0.162358,-0.573151,0.848144,-0.22876,0.623011,0.213105,0.376597,0.30136,-0.813329,0.229817,0.287893,1.194,-0.619201,-0.200019,-0.366873,-0.517943,1.33945,-1.54607,0.695363])
2.7536723374388976
{-0.022449948856797235,-0.5073667406318795,0.49043999970613766,4.4431298847895775,-1.3922410799641969,-2.5277561932814154,0.6466322091077413,0.6713906398768297,0.32771122189296986,-2.998510387059681,1.3708985220749135,2.631937985678032,0.004591689003369833,-0.13511072888891015,0.294789771433447,1.7681199896609676,1.3328457928459836,-1.767444097742749,-0.7667136575923266,-0.7592309170668539,0.6899599503723022,1.410117208182477,-0.3653941335559317,0.2681577755373963,0.8909171628568943,-0.16235789084738786,-0.5731512993771524,0.8481437567274235,-0.22876043345841343,0.6230111257174992,0.21310529620152344,0.37659734721623184,0.30135959309533517,-0.813329426574724,0.2298167731740643,0.28789271950790346,1.194001639523187,-0.6192009233642617,-0.20001876641880048,-0.36687256608661917,-0.5179428038637296,1.3394481038976647,-1.5460669078848077,0.6953629159632503}]
Set[{A021,A031,A032,A041,A042,A043,A121,A131,A132,A141,A142,A143,B021,B031,B032,B041,B042,B043,B121,B131,B132,B141,B142,B143,\[Alpha]1,\[Alpha]2,\[Alpha]3,\[Alpha]4,\[Beta]11,\[Beta]12,\[Beta]13,\[Beta]14,\[Beta]21,\[Beta]22,\[Beta]23,\[Beta]24,\[Beta]31,\[Beta]32,\[Beta]33,\[Beta]34,\[Beta]41,\[Beta]42,\[Beta]43,\[Beta]44},{-0.022449948856797235,-0.5073667406318795,0.49043999970613766,4.4431298847895775,-1.3922410799641969,-2.5277561932814154,0.6466322091077413,0.6713906398768297,0.32771122189296986,-2.998510387059681,1.3708985220749135,2.631937985678032,0.004591689003369833,-0.13511072888891015,0.294789771433447,1.7681199896609676,1.3328457928459836,-1.767444097742749,-0.7667136575923266,-0.7592309170668539,0.6899599503723022,1.410117208182477,-0.3653941335559317,0.2681577755373963,0.8909171628568943,-0.16235789084738786,-0.5731512993771524,0.8481437567274235,-0.22876043345841343,0.6230111257174992,0.21310529620152344,0.37659734721623184,0.30135959309533517,-0.813329426574724,0.2298167731740643,0.28789271950790346,1.194001639523187,-0.6192009233642617,-0.20001876641880048,-0.36687256608661917,-0.5179428038637296,1.3394481038976647,-1.5460669078848077,0.6953629159632503}]

Max g: 0.03875234373367831
f_11([-0.00338673,-0.44071,0.422556,4.43996,-1.40006,-2.51934,0.634129,0.543939,0.472301,-3.00123,1.3622,2.645,0.408221,-0.27958,0.363986,1.71013,1.31792,-1.71269,-0.76524,-0.748648,0.682219,1.46938,-0.39779,0.239847,0.894699,-0.22473,-0.551905,0.877793,-0.221276,0.6249,0.211535,0.374534,0.323515,-0.834226,0.229867,0.287723,1.19844,-0.617401,-0.223563,-0.366266,-0.523958,1.33888,-1.51845,0.700792])
2.945074875311333
Max g: 0.05682009338124387
f_12([-0.00763643,-0.431308,0.413329,4.44426,-1.35834,-2.57037,0.617278,0.50313,0.500804,-2.99908,1.36001,2.64217,0.406942,-0.274198,0.343032,1.72551,1.28715,-1.69369,-0.77644,-0.733157,0.654145,1.47681,-0.434006,0.263468,0.926531,-0.277035,-0.544876,0.888959,-0.224106,0.604637,0.237732,0.373096,0.313784,-0.817095,0.214019,0.288653,1.2207,-0.603774,-0.248967,-0.376161,-0.521922,1.34129,-1.51802,0.699379])
2.9879069074105127
Max g: 0.05228419472774057
f_13([-0.0134619,-0.433541,0.421632,4.44639,-1.37557,-2.56455,0.623437,0.45404,0.550053,-3.00042,1.3646,2.64017,0.431849,-0.326299,0.33167,1.72834,1.27359,-1.68795,-0.778571,-0.740768,0.651054,1.48119,-0.443644,0.269867,0.927666,-0.371418,-0.458441,0.906084,-0.217212,0.615157,0.225996,0.372221,0.303068,-0.816198,0.217628,0.289246,1.22058,-0.592709,-0.253655,-0.374661,-0.523663,1.34249,-1.51951,0.697482])
3.0300432916565736
Max g: 0.043704108113820375
f_14([-0.0100546,-0.440976,0.429378,4.45312,-1.38491,-2.55535,0.617764,0.44624,0.560013,-3.00816,1.37103,2.63957,0.47143,-0.337787,0.116745,1.73167,1.26597,-1.67196,-0.776584,-0.730428,0.646723,1.48333,-0.451284,0.28056,0.933523,-0.609692,-0.260162,0.934599,-0.224729,0.613739,0.228244,0.372729,0.319295,-0.819877,0.209178,0.289797,1.21529,-0.594925,-0.263591,-0.368834,-0.521281,1.34286,-1.52239,0.694581])
3.186862193402525
Max g: 0.013924681503936887
f_15([-0.00435982,-0.452607,0.446666,4.44531,-1.38398,-2.55868,0.610793,0.427325,0.578666,-2.98141,1.35981,2.62699,0.563708,-0.388399,0.0237908,1.7536,1.27368,-1.69341,-0.771042,-0.725624,0.648058,1.47466,-0.465811,0.301319,0.934201,-0.710561,-0.209042,0.987664,-0.229512,0.615596,0.235559,0.373334,0.311379,-0.823425,0.213358,0.286731,1.23226,-0.608324,-0.259303,-0.3706,-0.523276,1.34239,-1.52075,0.700089])
3.291606884429289
Max g: 0.008237840966249355
f_16([-0.00484018,-0.450017,0.446677,4.4421,-1.38537,-2.55637,0.610599,0.411232,0.590598,-2.97992,1.35551,2.62655,0.549232,-0.40966,0.043512,1.75401,1.27083,-1.69698,-0.772547,-0.723396,0.649443,1.47496,-0.467672,0.303596,0.933654,-0.704939,-0.216848,0.985857,-0.228235,0.611146,0.241607,0.373587,0.322956,-0.824471,0.214317,0.286484,1.23293,-0.608171,-0.258593,-0.369926,-0.523719,1.34281,-1.52004,0.701036])
3.2815696796914304
Max g: 0.008053088892727933
f_17([-0.00269218,-0.450837,0.449226,4.44199,-1.38642,-2.5559,0.607507,0.412468,0.587568,-2.97939,1.35513,2.62648,0.55151,-0.417819,0.0486955,1.75392,1.26679,-1.69052,-0.773451,-0.722189,0.645202,1.47905,-0.474105,0.305241,0.935742,-0.708021,-0.212895,0.986254,-0.237166,0.607172,0.254913,0.372847,0.324879,-0.825051,0.211295,0.288027,1.23614,-0.604135,-0.260491,-0.372157,-0.522668,1.34274,-1.52079,0.701685])
3.2692467748647522
Max g: 0.004766933311285637
f_18([-0.0021133,-0.450661,0.44801,4.44717,-1.38957,-2.5552,0.60516,0.409564,0.58702,-2.97693,1.35162,2.62682,0.560773,-0.417928,0.0487661,1.7546,1.26519,-1.68907,-0.77445,-0.719422,0.641276,1.48031,-0.477809,0.305772,0.93622,-0.705815,-0.218333,0.988306,-0.23715,0.604203,0.260147,0.372565,0.324215,-0.82325,0.209088,0.289178,1.23688,-0.60316,-0.26182,-0.37211,-0.523112,1.34252,-1.52233,0.703897])
3.267656722629052
Max g: 0.0024631636930747547
f_19([-0.00145965,-0.447625,0.446075,4.44725,-1.38913,-2.55707,0.605476,0.41009,0.586457,-2.97428,1.34869,2.62638,0.567041,-0.436795,0.0602947,1.75449,1.26605,-1.68826,-0.776285,-0.718721,0.63846,1.48024,-0.480917,0.306543,0.935549,-0.708067,-0.21717,0.990373,-0.236424,0.601144,0.262393,0.373191,0.323814,-0.821347,0.207502,0.289719,1.23699,-0.600733,-0.263777,-0.373147,-0.523722,1.34237,-1.52292,0.704105])
3.2649735094813073
Max g: 0.0007921622310995691
f_20([-0.000988511,-0.44728,0.446394,4.44689,-1.38837,-2.55738,0.605051,0.408902,0.58761,-2.97429,1.34877,2.62593,0.564779,-0.428745,0.0498696,1.75449,1.2665,-1.6892,-0.777287,-0.718413,0.636704,1.48132,-0.483043,0.306948,0.935033,-0.709854,-0.215837,0.990703,-0.237805,0.599272,0.26428,0.373528,0.323118,-0.820507,0.206869,0.290361,1.23696,-0.599506,-0.264732,-0.373279,-0.523524,1.34229,-1.52234,0.703881])
3.265470400804964
{-0.0009885114890596878,-0.44728009493810666,0.44639351258609156,4.446891320404628,-1.3883734453462298,-2.55737525174048,0.6050508051384567,0.4089019524621673,0.5876098678759846,-2.9742890304934746,1.3487682771614977,2.6259305675203493,0.5647788298329721,-0.4287451823903578,0.04986959846195204,1.7544860003563052,1.2664968163769847,-1.6892031211426337,-0.7772873603473317,-0.7184133719855466,0.6367040264159444,1.4813181353862475,-0.4830434663034606,0.3069483655367028,0.9350331605765067,-0.7098541803930862,-0.21583686776344913,0.990702868141683,-0.23780527839585533,0.5992719994462521,0.2642799477041939,0.3735281507240183,0.32311829973781725,-0.8205069061864438,0.20686912041369035,0.2903605398405362,1.236956230430115,-0.5995058618674509,-0.2647322939198174,-0.3732786766918241,-0.5235239797523356,1.342287001446846,-1.5223356107847656,0.7038806874397598}]
Set[{A021,A031,A032,A041,A042,A043,A121,A131,A132,A141,A142,A143,B021,B031,B032,B041,B042,B043,B121,B131,B132,B141,B142,B143,\[Alpha]1,\[Alpha]2,\[Alpha]3,\[Alpha]4,\[Beta]11,\[Beta]12,\[Beta]13,\[Beta]14,\[Beta]21,\[Beta]22,\[Beta]23,\[Beta]24,\[Beta]31,\[Beta]32,\[Beta]33,\[Beta]34,\[Beta]41,\[Beta]42,\[Beta]43,\[Beta]44},{-0.0009885114890596878,-0.44728009493810666,0.44639351258609156,4.446891320404628,-1.3883734453462298,-2.55737525174048,0.6050508051384567,0.4089019524621673,0.5876098678759846,-2.9742890304934746,1.3487682771614977,2.6259305675203493,0.5647788298329721,-0.4287451823903578,0.04986959846195204,1.7544860003563052,1.2664968163769847,-1.6892031211426337,-0.7772873603473317,-0.7184133719855466,0.6367040264159444,1.4813181353862475,-0.4830434663034606,0.3069483655367028,0.9350331605765067,-0.7098541803930862,-0.21583686776344913,0.990702868141683,-0.23780527839585533,0.5992719994462521,0.2642799477041939,0.3735281507240183,0.32311829973781725,-0.8205069061864438,0.20686912041369035,0.2903605398405362,1.236956230430115,-0.5995058618674509,-0.2647322939198174,-0.3732786766918241,-0.5235239797523356,1.342287001446846,-1.5223356107847656,0.7038806874397598}]

Max g: 0.0004098141883723816
f_21([-0.00156243,-0.446714,0.445978,4.44787,-1.38908,-2.55778,0.605065,0.410506,0.585542,-2.97422,1.34822,2.62617,0.564539,-0.432602,0.0534912,1.75452,1.26669,-1.68943,-0.777506,-0.718493,0.636165,1.48162,-0.483789,0.307223,0.935963,-0.711313,-0.215622,0.991045,-0.237356,0.59888,0.264803,0.373615,0.32343,-0.820534,0.206628,0.290498,1.23696,-0.599124,-0.264367,-0.373518,-0.523941,1.3426,-1.52251,0.703897])
3.2632840789808757
Max g: 0.0005885534403430315
f_22([-0.00148636,-0.446688,0.446065,4.44809,-1.38895,-2.55819,0.605094,0.410514,0.585501,-2.97441,1.34836,2.6261,0.56621,-0.433521,0.0535573,1.75454,1.26687,-1.68939,-0.77758,-0.718469,0.636131,1.4814,-0.483642,0.307139,0.935428,-0.711021,-0.215814,0.991453,-0.237455,0.598912,0.264889,0.373589,0.323199,-0.820286,0.206522,0.29052,1.23697,-0.599075,-0.264666,-0.373541,-0.523921,1.3425,-1.52248,0.703908])
3.2630853224514134
Max g: 0.000327942812260118
f_23([-0.00127335,-0.446306,0.44571,4.4485,-1.38914,-2.55898,0.604721,0.410054,0.585896,-2.9743,1.34836,2.62612,0.569149,-0.435494,0.0543306,1.75436,1.26641,-1.68991,-0.777589,-0.718401,0.636102,1.48156,-0.483921,0.307101,0.935595,-0.715199,-0.21581,0.995513,-0.23785,0.598915,0.264954,0.373576,0.323307,-0.820113,0.206389,0.290451,1.23697,-0.599035,-0.265025,-0.37357,-0.524311,1.34255,-1.5223,0.703911])
3.263383457245607
Max g: 0.00020175879005382424
f_24([-0.000383023,-0.446289,0.445915,4.44861,-1.38945,-2.55917,0.604791,0.410725,0.585199,-2.97424,1.34842,2.62591,0.569228,-0.435898,0.0551223,1.75434,1.26509,-1.69054,-0.777605,-0.718492,0.636191,1.48169,-0.484038,0.30715,0.935969,-0.7194,-0.215272,0.998763,-0.237583,0.59891,0.264817,0.373658,0.323282,-0.820334,0.206383,0.290442,1.23698,-0.598997,-0.265037,-0.373557,-0.524172,1.34251,-1.52213,0.703922])
3.2617934050099064
Max g: 0.00020187006873851124
f_25([-0.000119353,-0.446072,0.445928,4.44833,-1.3893,-2.55907,0.604959,0.41112,0.585093,-2.97413,1.34837,2.62585,0.568514,-0.436197,0.055525,1.75428,1.26487,-1.69052,-0.777597,-0.718406,0.636104,1.48179,-0.484051,0.307175,0.935976,-0.720387,-0.215,0.999334,-0.237451,0.598916,0.265094,0.37355,0.323296,-0.820397,0.206534,0.290515,1.23698,-0.598833,-0.264931,-0.373518,-0.524294,1.34237,-1.52188,0.703933])
3.2597064614505498
Max g: 0.00024882213434340716
f_26([-0.000107715,-0.446044,0.445974,4.44842,-1.38934,-2.55901,0.605169,0.411498,0.584918,-2.97424,1.34841,2.62586,0.568284,-0.436507,0.0557245,1.75436,1.26456,-1.6905,-0.777716,-0.718346,0.636116,1.48177,-0.484087,0.307206,0.935874,-0.72085,-0.21458,0.999552,-0.237366,0.598844,0.265,0.37355,0.323106,-0.820163,0.206537,0.290509,1.23697,-0.598617,-0.265012,-0.373535,-0.524418,1.34207,-1.52161,0.703928])
3.2595077049210874
Max g: 0.00013486372193457358
f_27([-7.198e-5,-0.446003,0.445979,4.44842,-1.38936,-2.55906,0.60524,0.411706,0.584761,-2.97424,1.34844,2.62584,0.568305,-0.436886,0.0557954,1.75434,1.26445,-1.6904,-0.777775,-0.718363,0.636103,1.4817,-0.484051,0.307234,0.935901,-0.72098,-0.214609,0.999686,-0.237219,0.598686,0.265024,0.373553,0.323027,-0.820097,0.206466,0.290546,1.23698,-0.598553,-0.265023,-0.373525,-0.524363,1.34193,-1.52148,0.703921])
3.2591101918621623
Max g: 0.00011251060784278621
f_28([-1.27932e-5,-0.446043,0.446015,4.44838,-1.38926,-2.55911,0.6053,0.412095,0.584423,-2.97423,1.34842,2.62585,0.56837,-0.437183,0.0559445,1.75436,1.26441,-1.69042,-0.777831,-0.718365,0.63605,1.48169,-0.484067,0.30722,0.935879,-0.721205,-0.214544,0.999844,-0.23718,0.598589,0.265053,0.373547,0.32294,-0.819955,0.206449,0.290582,1.23698,-0.59853,-0.265016,-0.373561,-0.524378,1.34185,-1.52142,0.703919])
3.2593089483916247
Max g: 7.671680368992462e-5
f_29([-3.55122e-5,-0.446024,0.445993,4.44834,-1.38923,-2.55909,0.605315,0.412144,0.584449,-2.97425,1.34844,2.62583,0.568351,-0.437382,0.0559267,1.75434,1.26443,-1.69042,-0.777879,-0.718365,0.636072,1.48166,-0.48404,0.307204,0.935951,-0.721253,-0.21451,0.99982,-0.237181,0.598568,0.26506,0.373551,0.32293,-0.819943,0.206426,0.290595,1.23698,-0.598514,-0.265026,-0.373543,-0.524355,1.34171,-1.52128,0.703919])
3.2593089483916247
Max g: 6.350646919328629e-5
f_30([-3.29751e-5,-0.446012,0.445999,4.44833,-1.38921,-2.5591,0.605331,0.412213,0.584383,-2.97426,1.34844,2.62583,0.568347,-0.437563,0.0559608,1.75435,1.26443,-1.69044,-0.777921,-0.718365,0.636112,1.48165,-0.484023,0.307205,0.935954,-0.721323,-0.214464,0.999835,-0.237159,0.598542,0.26506,0.373541,0.322875,-0.819888,0.206397,0.290591,1.23698,-0.598503,-0.265036,-0.373526,-0.5243,1.34153,-1.52116,0.703913])
3.259408326656356
{-3.297506048458954e-5,-0.4460116850673633,0.4459988590494733,4.448328119482847,-1.389209537928979,-2.559097010279759,0.605330943468497,0.412213250360652,0.5843831338339815,-2.974262715780908,1.3484405803996171,2.6258319506920538,0.5683473945566854,-0.4375632685641409,0.05596082969874566,1.7543524042851908,1.2644306758584707,-1.69043604932883,-0.777921163621989,-0.7183651624455697,0.6361121914096031,1.4816476207283071,-0.4840228573233924,0.30720494520463903,0.935954474721122,-0.7213231334661065,-0.2144638720348862,0.999834512161651,-0.2371586262903684,0.5985421729156449,0.265059726872091,0.37354081739217376,0.32287545812459817,-0.8198878939875348,0.2063966739386653,0.29059148707832977,1.2369838591818412,-0.5985032490724984,-0.26503576679012264,-0.37352616458300797,-0.5242997598003492,1.341534183540052,-1.5211575071514385,0.7039126037032399}]
Set[{A021,A031,A032,A041,A042,A043,A121,A131,A132,A141,A142,A143,B021,B031,B032,B041,B042,B043,B121,B131,B132,B141,B142,B143,\[Alpha]1,\[Alpha]2,\[Alpha]3,\[Alpha]4,\[Beta]11,\[Beta]12,\[Beta]13,\[Beta]14,\[Beta]21,\[Beta]22,\[Beta]23,\[Beta]24,\[Beta]31,\[Beta]32,\[Beta]33,\[Beta]34,\[Beta]41,\[Beta]42,\[Beta]43,\[Beta]44},{-3.297506048458954e-5,-0.4460116850673633,0.4459988590494733,4.448328119482847,-1.389209537928979,-2.559097010279759,0.605330943468497,0.412213250360652,0.5843831338339815,-2.974262715780908,1.3484405803996171,2.6258319506920538,0.5683473945566854,-0.4375632685641409,0.05596082969874566,1.7543524042851908,1.2644306758584707,-1.69043604932883,-0.777921163621989,-0.7183651624455697,0.6361121914096031,1.4816476207283071,-0.4840228573233924,0.30720494520463903,0.935954474721122,-0.7213231334661065,-0.2144638720348862,0.999834512161651,-0.2371586262903684,0.5985421729156449,0.265059726872091,0.37354081739217376,0.32287545812459817,-0.8198878939875348,0.2063966739386653,0.29059148707832977,1.2369838591818412,-0.5985032490724984,-0.26503576679012264,-0.37352616458300797,-0.5242997598003492,1.341534183540052,-1.5211575071514385,0.7039126037032399}]

Max g: 5.747100959907492e-5
f_31([-1.8579e-5,-0.445998,0.445977,4.44831,-1.38921,-2.5591,0.605343,0.412246,0.584367,-2.97434,1.34844,2.6259,0.568368,-0.437572,0.0559841,1.75436,1.26443,-1.69044,-0.777958,-0.718366,0.636121,1.48165,-0.484037,0.307205,0.935956,-0.721371,-0.214454,0.999869,-0.237129,0.598496,0.265083,0.373538,0.322822,-0.81983,0.206377,0.290608,1.23704,-0.598492,-0.265061,-0.373532,-0.52426,1.34142,-1.52106,0.703899])
3.259408326656356
Max g: 3.8877714570756394e-5
f_32([-1.8155e-5,-0.445983,0.445977,4.44829,-1.38917,-2.5591,0.605317,0.412246,0.584333,-2.97434,1.34845,2.62589,0.568427,-0.437574,0.0559732,1.75435,1.26443,-1.69044,-0.777951,-0.718361,0.636119,1.48167,-0.484006,0.30718,0.935951,-0.721351,-0.214479,0.999886,-0.237132,0.598492,0.265108,0.373535,0.322878,-0.819834,0.206348,0.2906,1.23713,-0.598493,-0.265106,-0.373534,-0.524219,1.34142,-1.52109,0.703889])
3.259408326656356
Max g: 1.802309185372497e-5
f_33([-1.97702e-5,-0.446016,0.446008,4.44826,-1.38915,-2.5591,0.605285,0.412219,0.584334,-2.97433,1.34845,2.62588,0.568439,-0.437593,0.0559845,1.75434,1.26444,-1.69045,-0.777966,-0.718359,0.636121,1.48166,-0.484,0.307173,0.935952,-0.72142,-0.214465,0.999936,-0.237131,0.598478,0.265121,0.373536,0.322884,-0.819805,0.206317,0.290603,1.23715,-0.598493,-0.265118,-0.373535,-0.524213,1.34139,-1.52106,0.703886])
3.259408326656356
Max g: 1.3144554920779122e-5
f_34([-1.16857e-5,-0.446007,0.446003,4.44826,-1.38916,-2.5591,0.60527,0.412227,0.584315,-2.97433,1.34846,2.62587,0.568431,-0.437597,0.055932,1.75435,1.26443,-1.69045,-0.77797,-0.718355,0.636119,1.48166,-0.483997,0.307166,0.935951,-0.721466,-0.214442,0.999957,-0.23715,0.598481,0.265131,0.373538,0.32288,-0.819795,0.206306,0.290603,1.23715,-0.598492,-0.265129,-0.373536,-0.524211,1.34138,-1.52105,0.703894])
3.259408326656356
Max g: 1.0995936560634356e-5
f_35([-4.66888e-6,-0.446003,0.446001,4.44825,-1.38916,-2.5591,0.605269,0.412219,0.584318,-2.97432,1.34846,2.62587,0.568439,-0.43761,0.055932,1.75434,1.26442,-1.69045,-0.777972,-0.718354,0.636118,1.48165,-0.483988,0.307161,0.935952,-0.721495,-0.214436,0.999979,-0.237152,0.598481,0.265131,0.373541,0.322889,-0.819788,0.206295,0.290607,1.23716,-0.598491,-0.265132,-0.373539,-0.524213,1.34137,-1.52105,0.703897])
3.2595077049210874
Max g: 8.861869055271088e-6
f_36([-3.62369e-6,-0.445999,0.445997,4.44826,-1.38916,-2.5591,0.605266,0.412216,0.584316,-2.97433,1.34846,2.62587,0.568439,-0.437616,0.0559326,1.75434,1.26441,-1.69045,-0.777973,-0.718347,0.636116,1.48165,-0.483989,0.307162,0.935951,-0.721511,-0.214429,0.999988,-0.237159,0.598481,0.265138,0.373541,0.322884,-0.819789,0.206296,0.290606,1.23716,-0.59849,-0.265135,-0.373541,-0.52421,1.34136,-1.52105,0.7039])
3.2595077049210874
Max g: 5.435241679105363e-6
f_37([-2.61233e-7,-0.445996,0.445996,4.44825,-1.38916,-2.5591,0.605262,0.412218,0.584313,-2.97432,1.34846,2.62587,0.568445,-0.437624,0.0559341,1.75434,1.26441,-1.69045,-0.777973,-0.718346,0.636116,1.48165,-0.483989,0.307161,0.935951,-0.721519,-0.214428,0.999998,-0.23716,0.598482,0.265139,0.373541,0.322888,-0.819786,0.206291,0.290607,1.23716,-0.598485,-0.265138,-0.373541,-0.52421,1.34136,-1.52105,0.7039])
3.2595077049210874
Max g: 3.6334702376850103e-6
f_38([2.62789e-7,-0.445998,0.446,4.44825,-1.38915,-2.5591,0.605259,0.412218,0.584312,-2.97432,1.34846,2.62587,0.568457,-0.437633,0.0559291,1.75434,1.26441,-1.69045,-0.777974,-0.718346,0.636116,1.48165,-0.48399,0.307162,0.935951,-0.721523,-0.214429,1.0,-0.237162,0.598482,0.26514,0.373541,0.322891,-0.819786,0.206289,0.290607,1.23716,-0.598483,-0.26514,-0.373541,-0.52421,1.34136,-1.52105,0.7039])
3.259408326656356
Max g: 2.5527450655538075e-6
f_39([1.63072e-7,-0.445995,0.446,4.44826,-1.38916,-2.5591,0.605257,0.412219,0.584311,-2.97432,1.34845,2.62587,0.568458,-0.437635,0.0559342,1.75434,1.26441,-1.69045,-0.777977,-0.718349,0.636116,1.48165,-0.48399,0.307162,0.935951,-0.721524,-0.214428,1.0,-0.237163,0.598479,0.265143,0.373542,0.32289,-0.819783,0.206285,0.290608,1.23716,-0.598479,-0.265143,-0.373542,-0.524213,1.34136,-1.52104,0.7039])
3.2595077049210874
Max g: 1.1034367672912992e-6
f_40([2.43752e-7,-0.44599,0.445993,4.44826,-1.38916,-2.5591,0.605254,0.412219,0.584311,-2.97432,1.34845,2.62587,0.568455,-0.437636,0.0559333,1.75434,1.26441,-1.69045,-0.777978,-0.71835,0.636115,1.48165,-0.483991,0.307162,0.935951,-0.721524,-0.214429,1.0,-0.237165,0.598478,0.265145,0.373543,0.32289,-0.819781,0.206282,0.290609,1.23717,-0.598478,-0.265145,-0.373543,-0.524218,1.34136,-1.52104,0.7039])
3.2595077049210874
{2.437520175783249e-7,-0.4459897033516686,0.4459927799051564,4.448255188137384,-1.3891561221791449,-2.5590990868769325,0.6052538633151181,0.4122194683634137,0.5843109890651073,-2.9743230709871193,1.3484544390493507,2.6258691821488513,0.568455150782271,-0.43763557030890604,0.05593331110115601,1.7543421446250824,1.264411706511523,-1.690449443441513,-0.777977763878069,-0.718350497451196,0.6361153423348139,1.481649528780632,-0.4839912888661972,0.3071621337481637,0.9359509835499655,-0.721524360227419,-0.21442864885076116,1.0000020711105226,-0.23716523397607187,0.5984782288682273,0.2651453487092088,0.3735429127219556,0.3228903794400183,-0.8197809939258888,0.20628186322363595,0.29060872642055124,1.2371666154864918,-0.5984782139345323,-0.26514508670120984,-0.3735432627155332,-0.5242182312806143,1.3413577742500755,-1.521039760835758,0.7039002491741367}]
Set[{A021,A031,A032,A041,A042,A043,A121,A131,A132,A141,A142,A143,B021,B031,B032,B041,B042,B043,B121,B131,B132,B141,B142,B143,\[Alpha]1,\[Alpha]2,\[Alpha]3,\[Alpha]4,\[Beta]11,\[Beta]12,\[Beta]13,\[Beta]14,\[Beta]21,\[Beta]22,\[Beta]23,\[Beta]24,\[Beta]31,\[Beta]32,\[Beta]33,\[Beta]34,\[Beta]41,\[Beta]42,\[Beta]43,\[Beta]44},{2.437520175783249e-7,-0.4459897033516686,0.4459927799051564,4.448255188137384,-1.3891561221791449,-2.5590990868769325,0.6052538633151181,0.4122194683634137,0.5843109890651073,-2.9743230709871193,1.3484544390493507,2.6258691821488513,0.568455150782271,-0.43763557030890604,0.05593331110115601,1.7543421446250824,1.264411706511523,-1.690449443441513,-0.777977763878069,-0.718350497451196,0.6361153423348139,1.481649528780632,-0.4839912888661972,0.3071621337481637,0.9359509835499655,-0.721524360227419,-0.21442864885076116,1.0000020711105226,-0.23716523397607187,0.5984782288682273,0.2651453487092088,0.3735429127219556,0.3228903794400183,-0.8197809939258888,0.20628186322363595,0.29060872642055124,1.2371666154864918,-0.5984782139345323,-0.26514508670120984,-0.3735432627155332,-0.5242182312806143,1.3413577742500755,-1.521039760835758,0.7039002491741367}]

Max g: 1.256323319820396e-6
{1.3855241334190964e-7,-0.44598805463997804,0.44598904892102625,4.448255981395578,-1.389156401449467,-2.559099725928513,0.6052530590509672,0.41221941276193524,0.5843111985382765,-2.974323787042955,1.3484537434768535,2.6258701368352733,0.5684563636788209,-0.43763751259290284,0.055933332860791864,1.7543418661731793,1.2644115086271235,-1.6904479070959146,-0.7779780632833919,-0.7183505358925195,0.6361151436080834,1.4816492735261035,-0.4839917213760061,0.3071624579047679,0.9359510225063543,-0.7215241155823227,-0.21442793600426333,1.00000094230446,-0.23716629032380335,0.598477990234345,0.2651456560906546,0.37354328296407824,0.32289077228057356,-0.8197806467224968,0.20628088293884747,0.2906090411015245,1.2371670330489906,-0.5984778928411618,-0.265145543357107,-0.37354338713515023,-0.5242194859827257,1.3413575517998875,-1.521038541753636,0.7039006055513333}]
Set[{A021,A031,A032,A041,A042,A043,A121,A131,A132,A141,A142,A143,B021,B031,B032,B041,B042,B043,B121,B131,B132,B141,B142,B143,\[Alpha]1,\[Alpha]2,\[Alpha]3,\[Alpha]4,\[Beta]11,\[Beta]12,\[Beta]13,\[Beta]14,\[Beta]21,\[Beta]22,\[Beta]23,\[Beta]24,\[Beta]31,\[Beta]32,\[Beta]33,\[Beta]34,\[Beta]41,\[Beta]42,\[Beta]43,\[Beta]44},{1.3855241334190964e-7,-0.44598805463997804,0.44598904892102625,4.448255981395578,-1.389156401449467,-2.559099725928513,0.6052530590509672,0.41221941276193524,0.5843111985382765,-2.974323787042955,1.3484537434768535,2.6258701368352733,0.5684563636788209,-0.43763751259290284,0.055933332860791864,1.7543418661731793,1.2644115086271235,-1.6904479070959146,-0.7779780632833919,-0.7183505358925195,0.6361151436080834,1.4816492735261035,-0.4839917213760061,0.3071624579047679,0.9359510225063543,-0.7215241155823227,-0.21442793600426333,1.00000094230446,-0.23716629032380335,0.598477990234345,0.2651456560906546,0.37354328296407824,0.32289077228057356,-0.8197806467224968,0.20628088293884747,0.2906090411015245,1.2371670330489906,-0.5984778928411618,-0.265145543357107,-0.37354338713515023,-0.5242194859827257,1.3413575517998875,-1.521038541753636,0.7039006055513333}]


-----------------Final Result------------------
Options: alg=GN_ISRES,dx=0.01,max_eval=100000000,popSize=0
imin=-1,jmin=-4,imax=1,jmax=4,
parameter_minmax=5,
randSeed=43700809,rand_minmax=1,
END_C=true, INEQ_C=true

4058225 steps

Completed with maxf : 3.2595077049210874

Constraints at 8.312015278844065e-7

x = [1.3855241334190964e-7,-0.44598805463997804,0.44598904892102625,4.448255981395578,-1.389156401449467,-2.559099725928513,0.6052530590509672,0.41221941276193524,0.5843111985382765,-2.974323787042955,1.3484537434768535,2.6258701368352733,0.5684563636788209,-0.43763751259290284,0.055933332860791864,1.7543418661731793,1.2644115086271235,-1.6904479070959146,-0.7779780632833919,-0.7183505358925195,0.6361151436080834,1.4816492735261035,-0.4839917213760061,0.3071624579047679,0.9359510225063543,-0.7215241155823227,-0.21442793600426333,1.00000094230446,-0.23716629032380335,0.598477990234345,0.2651456560906546,0.37354328296407824,0.32289077228057356,-0.8197806467224968,0.20628088293884747,0.2906090411015245,1.2371670330489906,-0.5984778928411618,-0.265145543357107,-0.37354338713515023,-0.5242194859827257,1.3413575517998875,-1.521038541753636,0.7039006055513333]
c0 = [0.0,1.3855241334190964e-7,9.942810482166387e-7,0.4999998540175976]
c1 = [0.0,0.6052530590509672,0.9965306113002117,1.000000093269172]
A0 = [0.0,1.3855241334190964e-7,-0.44598805463997804,4.448255981395578,0.0,0.0,0.44598904892102625,-1.389156401449467,0.0,0.0,0.0,-2.559099725928513,0.0,0.0,0.0,0.0]
A1 = [0.0,0.6052530590509672,0.41221941276193524,-2.974323787042955,0.0,0.0,0.5843111985382765,1.3484537434768535,0.0,0.0,0.0,2.6258701368352733,0.0,0.0,0.0,0.0]
B0 = [0.0,0.5684563636788209,-0.43763751259290284,1.7543418661731793,0.0,0.0,0.055933332860791864,1.2644115086271235,0.0,0.0,0.0,-1.6904479070959146,0.0,0.0,0.0,0.0]
B1 = [0.0,-0.7779780632833919,-0.7183505358925195,1.4816492735261035,0.0,0.0,0.6361151436080834,-0.4839917213760061,0.0,0.0,0.0,0.3071624579047679,0.0,0.0,0.0,0.0]
α  = [0.9359510225063543,-0.7215241155823227,-0.21442793600426333,1.00000094230446]
β1 = [-0.23716629032380335,0.598477990234345,0.2651456560906546,0.37354328296407824]
β2 = [0.32289077228057356,-0.8197806467224968,0.20628088293884747,0.2906090411015245]
β3 = [1.2371670330489906,-0.5984778928411618,-0.265145543357107,-0.37354338713515023]
β4 = [-0.5242194859827257,1.3413575517998875,-1.521038541753636,0.7039006055513333]


Set[{A021,A031,A032,A041,A042,A043,A121,A131,A132,A141,A142,A143,B021,B031,B032,B041,B042,B043,B121,B131,B132,B141,B142,B143,\[Alpha]1,\[Alpha]2,\[Alpha]3,\[Alpha]4,\[Beta]11,\[Beta]12,\[Beta]13,\[Beta]14,\[Beta]21,\[Beta]22,\[Beta]23,\[Beta]24,\[Beta]31,\[Beta]32,\[Beta]33,\[Beta]34,\[Beta]41,\[Beta]42,\[Beta]43,\[Beta]44},{1.3855241334190964e-7,-0.44598805463997804,0.44598904892102625,4.448255981395578,-1.389156401449467,-2.559099725928513,0.6052530590509672,0.41221941276193524,0.5843111985382765,-2.974323787042955,1.3484537434768535,2.6258701368352733,0.5684563636788209,-0.43763751259290284,0.055933332860791864,1.7543418661731793,1.2644115086271235,-1.6904479070959146,-0.7779780632833919,-0.7183505358925195,0.6361151436080834,1.4816492735261035,-0.4839917213760061,0.3071624579047679,0.9359510225063543,-0.7215241155823227,-0.21442793600426333,1.00000094230446,-0.23716629032380335,0.598477990234345,0.2651456560906546,0.37354328296407824,0.32289077228057356,-0.8197806467224968,0.20628088293884747,0.2906090411015245,1.2371670330489906,-0.5984778928411618,-0.265145543357107,-0.37354338713515023,-0.5242194859827257,1.3413575517998875,-1.521038541753636,0.7039006055513333}]



