
-----------------Setup------------------
Options: alg=LN_AUGLAG_EQ,dx=0.01,max_eval=100000000,popSize=0
imin=-6,jmin=-3,imax=1,jmax=3,
parameter_minmax=5,
randSeed=53631941, rand_minmax=3

Initial Condition:

[-0.509568,2.76235,-0.1273,-1.24793,1.91365,2.48038,-0.617616,-2.26007,-0.830305,-1.64886,-1.77178,-2.55597,1.77895,0.415139,1.52773,-0.436052,0.398934,1.00165,2.56987,-1.01473,1.85324,2.69215,0.475804,0.108877,-0.574501,-2.84336,-1.07644,-0.361069,0.324008,2.08216,2.80219,-2.17258,-2.01486,-2.74779,2.34396,-2.22354,-2.08675,1.59965,2.22912,-1.59012,2.63292,1.08108,-1.55371,2.64775]

f_1([0.503202,1.44612,-0.485099,-2.15365,1.37254,0.815173,0.448782,0.478279,-0.218806,0.71968,0.966594,-1.17958,0.867442,1.1033,0.265422,3.89366,-0.774526,-0.200262,1.52901,2.21844,-3.12682,3.15822,-2.55813,1.02114,1.35061,-2.18401,-0.855759,0.909778,-0.931237,-0.421631,3.07355,-0.860282,-0.820989,-0.298967,1.21707,0.15495,-1.88227,0.640934,-0.0194646,-0.652577,1.20055,-0.430448,-2.27961,1.61891])
5.553896145511167
Max g: 4.037227223369115
f_2([0.420943,1.42679,-0.509003,-2.19413,1.3799,0.826525,0.407813,0.463527,-0.204191,0.77952,0.950652,-1.12335,0.790775,1.15368,0.204466,3.85653,-0.739714,-0.164259,1.44277,1.98431,-3.06534,3.00606,-2.57968,0.984093,1.3355,-2.20988,-0.788617,0.842551,-0.898043,-0.461635,3.05987,-0.872435,-0.844394,-0.286377,1.41145,-0.05984,-1.81103,0.529307,0.115207,-0.600368,1.29964,-0.512157,-2.29374,1.63042])
6.203583661087915
Max g: 4.040339096463175
f_3([0.371251,1.27784,-0.437993,-2.01524,1.47476,0.819129,0.399824,0.449668,-0.189475,0.817321,0.929081,-1.0527,0.784143,1.13002,0.193275,3.8788,-0.744979,-0.214975,1.24666,1.99751,-3.00333,2.89822,-2.62631,0.862696,1.35502,-2.21049,-0.64462,0.633225,-0.950468,-0.472969,3.02902,-0.890907,-0.768675,-0.335106,1.58351,-0.188152,-1.81924,0.549136,0.287781,-0.49952,1.43419,-0.718069,-2.30313,1.51523])
7.3744567423291185
Max g: 3.140512925877851
f_4([0.370853,1.27775,-0.438226,-2.01508,1.47491,0.81927,0.399696,0.449943,-0.189205,0.817318,0.929092,-1.0527,0.784421,1.1302,0.193508,3.87815,-0.745654,-0.215635,1.24065,2.00216,-2.99311,2.8984,-2.62747,0.864278,1.35526,-2.21031,-0.644259,0.632325,-0.950445,-0.472148,3.02711,-0.894355,-0.768709,-0.334981,1.58042,-0.1907,-1.81903,0.549061,0.288374,-0.498892,1.43421,-0.717993,-2.30163,1.51561])
7.381734199539046
Max g: 3.110544652531642
f_5([0.372984,1.28028,-0.446369,-2.00438,1.63739,0.733905,0.403179,0.452167,-0.171505,0.814337,0.94117,-1.04415,0.785548,1.16112,0.174544,3.8428,-0.789025,-0.177786,1.09955,2.0218,-2.96081,2.91353,-2.62702,0.844394,1.34234,-2.21763,-0.528216,0.619388,-0.95871,-0.472815,3.03475,-0.891983,-0.77862,-0.333932,1.56129,-0.264346,-1.7966,0.560057,0.377581,-0.526004,1.42971,-0.698913,-2.31275,1.50117])
7.676620753333127
Max g: 3.100885651471979
f_6([0.0112427,1.29886,-0.834167,-1.88564,2.31915,0.531246,2.29989e-19,0.630823,0.190751,0.0604976,0.987441,-0.0479382,0.138102,1.05556,0.0925833,3.46675,-0.823702,-0.603545,0.846902,1.49612,0.0217364,3.04868,-3.03271,1.94753,0.583835,-0.287957,0.53797,0.197856,1.65093,-1.8619,1.42602,-0.24571,-0.903955,0.488559,1.26111,-0.811883,-1.06873,2.02222,-0.772062,-0.198345,1.07314,-0.464375,-2.8439,2.32884])
13.046287571118986
Max g: 0.22420881537859144
f_7([0.000917444,1.35059,-0.679618,-2.10523,2.14508,0.950139,0.106221,0.0297548,0.792039,0.137367,0.84494,0.0176991,0.154421,0.925976,0.427855,3.20632,-0.748477,-0.409467,0.803185,1.3415,-0.046583,2.66205,-3.17892,2.23189,0.505354,-0.194576,0.596544,0.0995891,1.91914,-2.30636,1.23379,0.151568,-1.54966,1.76733,0.328643,-0.541429,-0.930325,2.46361,-1.51016,-0.0198582,0.921457,-0.397736,-3.04478,2.50423])
25.342997049615356
Max g: 0.09869184448897372
f_8([2.59739e-5,1.34042,-0.67765,-2.13608,2.12443,0.990398,0.1125,-0.0210343,0.824701,0.107977,0.871874,0.0201489,0.0583382,0.900025,0.433638,3.17347,-0.744268,-0.37978,0.701386,1.24195,-0.0762311,2.61279,-3.21488,2.20621,0.484301,-0.190118,0.604536,0.100972,2.11771,-2.66851,1.37337,0.175122,-1.79163,2.03068,0.254303,-0.490235,-1.12365,2.68186,-1.38244,-0.173082,1.19687,-0.644489,-3.0981,2.53987])
22.784422538754953
Max g: 0.08306893474832111
f_9([2.80602e-19,1.342,-0.669428,-2.13127,2.12765,0.991535,0.121263,-0.0306485,0.827741,0.103498,0.877221,0.0192812,0.0329615,0.90681,0.436938,3.17222,-0.741475,-0.372515,0.651005,1.1974,-0.0957935,2.59533,-3.24468,2.19418,0.489798,-0.186352,0.596645,0.0996634,2.25797,-2.87507,1.38943,0.225126,-1.96054,2.25402,0.160064,-0.450885,-1.25518,2.86838,-1.38418,-0.226738,1.3463,-0.795041,-3.12655,2.5712])
22.33979981058673
Max g: 0.07347615708382138
f_10([-6.3104e-20,1.34261,-0.668517,-2.12258,2.12654,0.994634,0.130291,-0.0327954,0.825654,0.103171,0.879591,0.0172387,0.022952,0.912962,0.432709,3.17438,-0.739316,-0.37012,0.614775,1.16414,-0.112967,2.573,-3.2657,2.18971,0.492214,-0.185841,0.593986,0.0994571,2.37437,-3.0512,1.40329,0.271435,-2.11462,2.47026,0.065762,-0.419935,-1.37284,3.04424,-1.39501,-0.274574,1.48395,-0.944265,-3.14808,2.60495])
21.737864377250467
{-6.310395457044538e-20,1.3426117964543658,-0.66851696721984,-2.1225789713787977,2.126539209411605,0.994634189047929,0.13029110923222806,-0.03279540601059693,0.825654253965149,0.10317064112067889,0.8795906967923318,0.017238662086989733,0.022951970855403868,0.9129621371249359,0.43270854766486583,3.1743751175672585,-0.7393159399981557,-0.3701198084414689,0.6147747071407237,1.1641418226070117,-0.11296748225511195,2.5729995470041365,-3.2656971100390866,2.1897091997745486,0.4922142566008737,-0.18584071031311217,0.5939855758137458,0.09945708542222804,2.374371598883799,-3.0512045093006757,1.4032876108063537,0.2714351102498867,-2.1146186934092004,2.470262438180574,0.06576199281489166,-0.4199345623109314,-1.3728393589138237,3.0442447379060993,-1.3950077218421468,-0.2745743538266673,1.4839518371897011,-0.9442646751627459,-3.148082191519895,2.6049510805142773}]
Set[{A021,A031,A032,A041,A042,A043,A121,A131,A132,A141,A142,A143,B021,B031,B032,B041,B042,B043,B121,B131,B132,B141,B142,B143,\[Alpha]1,\[Alpha]2,\[Alpha]3,\[Alpha]4,\[Beta]11,\[Beta]12,\[Beta]13,\[Beta]14,\[Beta]21,\[Beta]22,\[Beta]23,\[Beta]24,\[Beta]31,\[Beta]32,\[Beta]33,\[Beta]34,\[Beta]41,\[Beta]42,\[Beta]43,\[Beta]44},{-6.310395457044538e-20,1.3426117964543658,-0.66851696721984,-2.1225789713787977,2.126539209411605,0.994634189047929,0.13029110923222806,-0.03279540601059693,0.825654253965149,0.10317064112067889,0.8795906967923318,0.017238662086989733,0.022951970855403868,0.9129621371249359,0.43270854766486583,3.1743751175672585,-0.7393159399981557,-0.3701198084414689,0.6147747071407237,1.1641418226070117,-0.11296748225511195,2.5729995470041365,-3.2656971100390866,2.1897091997745486,0.4922142566008737,-0.18584071031311217,0.5939855758137458,0.09945708542222804,2.374371598883799,-3.0512045093006757,1.4032876108063537,0.2714351102498867,-2.1146186934092004,2.470262438180574,0.06576199281489166,-0.4199345623109314,-1.3728393589138237,3.0442447379060993,-1.3950077218421468,-0.2745743538266673,1.4839518371897011,-0.9442646751627459,-3.148082191519895,2.6049510805142773}]

Max g: 0.0652037011983182
f_11([2.28699e-19,1.3439,-0.668744,-2.12162,2.12369,0.997312,0.138032,-0.0306252,0.820484,0.108469,0.874655,0.0168766,0.0145357,0.911457,0.432309,3.17358,-0.739759,-0.370079,0.589687,1.14022,-0.127078,2.55114,-3.28294,2.19241,0.490782,-0.183314,0.590337,0.101795,2.46578,-3.19381,1.41561,0.310656,-2.23455,2.64569,-0.0113839,-0.398211,-1.46376,3.18455,-1.4056,-0.314402,1.60005,-1.07582,-3.16183,2.63454])
20.863971364891135
Max g: 0.05875901036975095
f_12([3.76435e-6,1.34381,-0.669183,-2.12249,2.12256,0.999805,0.1443,-0.026546,0.814976,0.117162,0.866797,0.0160407,0.00865984,0.912569,0.430564,3.17265,-0.742122,-0.368207,0.571524,1.12215,-0.137148,2.53321,-3.29647,2.19608,0.492058,-0.183843,0.588467,0.103004,2.53928,-3.30946,1.427,0.341946,-2.33122,2.78916,-0.0728909,-0.383593,-1.53604,3.29875,-1.41583,-0.345792,1.69879,-1.19328,-3.17019,2.66228])
20.072223896928797
Max g: 0.052830657136242576
f_13([2.99725e-5,1.34305,-0.667205,-2.12406,2.12146,1.00249,0.15075,-0.0183313,0.806008,0.127858,0.856323,0.0158186,0.00342308,0.911491,0.432272,3.17046,-0.744899,-0.368605,0.55697,1.10708,-0.146448,2.51455,-3.30903,2.20261,0.493361,-0.183345,0.58502,0.104816,2.60296,-3.41488,1.43907,0.37158,-2.41853,2.9233,-0.132157,-0.371698,-1.59957,3.40344,-1.42808,-0.375138,1.79152,-1.30763,-3.17694,2.69141])
19.262232940344315
Max g: 0.047882596307795566
f_14([2.08238e-5,1.34442,-0.664676,-2.11916,2.12218,0.996591,0.161697,-0.0111189,0.796426,0.141007,0.842646,0.0163462,-0.00893438,0.925038,0.416417,3.16604,-0.731533,-0.360249,0.540616,1.08643,-0.161095,2.46911,-3.31694,2.22274,0.498762,-0.185171,0.580634,0.105873,2.68273,-3.55861,1.45016,0.425421,-2.52498,3.10192,-0.214948,-0.361023,-1.68223,3.5583,-1.45123,-0.42449,1.92594,-1.47705,-3.17469,2.72398])
17.927567226282395
Max g: 0.04007504669795181
f_15([2.09214e-6,1.34929,-0.663797,-2.11983,2.12238,0.997308,0.174098,2.07414e-6,0.787568,0.151291,0.830388,0.0183198,-0.0157792,0.93291,0.418345,3.16365,-0.735189,-0.359831,0.525864,1.06836,-0.173812,2.43031,-3.33662,2.24616,0.502369,-0.184966,0.578756,0.10369,2.76435,-3.71492,1.47525,0.475156,-2.64798,3.31594,-0.315844,-0.351974,-1.76412,3.71564,-1.47632,-0.47459,2.06942,-1.68564,-3.16955,2.78464])
16.601375263766286
Max g: 0.03235803050550967
f_16([0.000128359,1.35179,-0.664202,-2.12257,2.11904,1.00243,0.184505,0.0100684,0.779787,0.156851,0.820807,0.022342,-0.0220149,0.93092,0.423935,3.16137,-0.736315,-0.358066,0.515461,1.05405,-0.182845,2.39588,-3.34968,2.26645,0.503868,-0.184986,0.578878,0.10247,2.82794,-3.844,1.49924,0.516528,-2.74324,3.49147,-0.402757,-0.345587,-1.8282,3.84392,-1.49932,-0.51617,2.19163,-1.86977,-3.16245,2.83963])
15.587216740525182
Max g: 0.026521962795762244
f_17([9.12173e-5,1.35244,-0.662519,-2.12461,2.11817,1.00392,0.193507,0.0233576,0.76931,0.164313,0.811617,0.0240697,-0.0244546,0.931748,0.425473,3.16152,-0.732325,-0.357241,0.508001,1.043,-0.190088,2.36716,-3.36461,2.28803,0.501898,-0.182368,0.579825,0.100634,2.8779,-3.94853,1.51811,0.552767,-2.82105,3.64025,-0.476857,-0.342682,-1.87814,3.94877,-1.51833,-0.552419,2.29549,-2.03444,-3.15039,2.88907])
14.80404271530331
Max g: 0.021758651514958927
f_18([1.75914e-5,1.35422,-0.66338,-2.12633,2.11902,1.00553,0.20137,0.0365549,0.759045,0.174328,0.80072,0.0249455,-0.0289517,0.929565,0.428589,3.16188,-0.731147,-0.356248,0.501321,1.03371,-0.196485,2.34094,-3.37382,2.30393,0.502844,-0.182344,0.579063,0.100459,2.92451,-4.04724,1.53723,0.585392,-2.88992,3.77361,-0.542897,-0.340813,-1.92494,4.04639,-1.53643,-0.585304,2.39221,-2.19291,-3.13465,2.93532])
14.160236980211298
Max g: 0.017255719773531908
f_19([0.000150021,1.35484,-0.663305,-2.1266,2.11882,1.00623,0.206981,0.0472247,0.750712,0.181901,0.793375,0.0247247,-0.0290261,0.927357,0.430804,3.16008,-0.730934,-0.354638,0.497048,1.02729,-0.200669,2.3219,-3.38006,2.31595,0.502988,-0.182302,0.578946,0.100492,2.95604,-4.11467,1.5499,0.609016,-2.93743,3.86807,-0.590835,-0.340145,-1.95582,4.11341,-1.5496,-0.608474,2.4593,-2.30607,-3.1218,2.9685])
13.738543226814082
Max g: 0.013792566638956005
f_20([0.00421881,1.35717,-0.665509,-2.15959,2.11633,0.993407,0.211637,0.0573171,0.743773,0.188915,0.786985,0.0241002,-0.0225597,0.925638,0.432136,3.17201,-0.727918,-0.357004,0.493305,1.01935,-0.202125,2.30638,-3.38651,2.32681,0.50409,-0.183315,0.579317,0.099854,2.98206,-4.17442,1.56054,0.627907,-2.97831,3.94883,-0.630596,-0.342746,-1.97938,4.17004,-1.55993,-0.628395,2.52293,-2.4071,-3.10782,2.99604])
13.489614313756672
{0.004218805800241141,1.3571728457732088,-0.6655086294418037,-2.1595884070958697,2.1163256587077424,0.9934074996349889,0.21163673919161952,0.05731705537253862,0.7437729098272311,0.18891503706778362,0.7869847294833293,0.024100233448881597,-0.022559660290388157,0.9256380374943901,0.4321363949823786,3.1720069181136403,-0.7279184021093918,-0.3570041355403902,0.4933052782493448,1.0193504074143311,-0.20212457314327487,2.3063831013481004,-3.3865139976237755,2.326807001468596,0.5040896499506764,-0.18331548036297643,0.5793170988551394,0.09985398087100936,2.982058988132381,-4.174420169421445,1.5605387136197115,0.6279067503932187,-2.9783090221013606,3.94882594472074,-0.6305958888796982,-0.34274586890781067,-1.9793782714703894,4.17004204681747,-1.5599267085525947,-0.6283954967085316,2.5229326688986964,-2.407103977567964,-3.1078204312955844,2.99603890089931}]
Set[{A021,A031,A032,A041,A042,A043,A121,A131,A132,A141,A142,A143,B021,B031,B032,B041,B042,B043,B121,B131,B132,B141,B142,B143,\[Alpha]1,\[Alpha]2,\[Alpha]3,\[Alpha]4,\[Beta]11,\[Beta]12,\[Beta]13,\[Beta]14,\[Beta]21,\[Beta]22,\[Beta]23,\[Beta]24,\[Beta]31,\[Beta]32,\[Beta]33,\[Beta]34,\[Beta]41,\[Beta]42,\[Beta]43,\[Beta]44},{0.004218805800241141,1.3571728457732088,-0.6655086294418037,-2.1595884070958697,2.1163256587077424,0.9934074996349889,0.21163673919161952,0.05731705537253862,0.7437729098272311,0.18891503706778362,0.7869847294833293,0.024100233448881597,-0.022559660290388157,0.9256380374943901,0.4321363949823786,3.1720069181136403,-0.7279184021093918,-0.3570041355403902,0.4933052782493448,1.0193504074143311,-0.20212457314327487,2.3063831013481004,-3.3865139976237755,2.326807001468596,0.5040896499506764,-0.18331548036297643,0.5793170988551394,0.09985398087100936,2.982058988132381,-4.174420169421445,1.5605387136197115,0.6279067503932187,-2.9783090221013606,3.94882594472074,-0.6305958888796982,-0.34274586890781067,-1.9793782714703894,4.17004204681747,-1.5599267085525947,-0.6283954967085316,2.5229326688986964,-2.407103977567964,-3.1078204312955844,2.99603890089931}]

Max g: 0.010416279259403777
f_21([0.00385347,1.35817,-0.663086,-2.15953,2.1155,0.997133,0.217487,0.0697863,0.731437,0.198671,0.776135,0.025203,-0.014674,0.921202,0.430998,3.16899,-0.728936,-0.356894,0.486526,1.00174,-0.199403,2.28097,-3.39867,2.34793,0.50124,-0.185137,0.58408,0.0995369,3.02583,-4.26674,1.58691,0.653898,-3.02098,4.04029,-0.679783,-0.339585,-2.02723,4.26928,-1.58787,-0.653925,2.63145,-2.57602,-3.09587,3.04011])
13.019171566172403
Max g: 0.004809883846491503
f_22([0.00720236,1.3587,-0.662353,-2.15937,2.11526,0.999776,0.221977,0.0798101,0.72362,0.206784,0.769396,0.023821,-0.0151708,0.920391,0.432889,3.16814,-0.728243,-0.356488,0.482851,0.996318,-0.202393,2.2662,-3.40479,2.35793,0.501993,-0.185352,0.583975,0.099187,3.05663,-4.33164,1.60122,0.673739,-3.05678,4.11374,-0.718228,-0.338696,-2.05788,4.33326,-1.60111,-0.674193,2.69765,-2.68944,-3.07957,3.07138])
12.722091806095879
Max g: 0.0031169614633124176
f_23([0.0109189,1.36185,-0.663314,-2.16697,2.11641,0.996309,0.226368,0.0908976,0.715181,0.211753,0.762844,0.0254034,-0.0151799,0.918197,0.435613,3.1676,-0.725405,-0.362332,0.479475,0.989699,-0.203323,2.25323,-3.41177,2.36786,0.498712,-0.182106,0.584047,0.0993016,3.08672,-4.39379,1.61538,0.691737,-3.08782,4.18299,-0.7592,-0.336232,-2.08579,4.39301,-1.61544,-0.691585,2.75749,-2.79683,-3.06305,3.10198])
12.456414772336167
Max g: 0.002010817138689447
f_24([0.0120283,1.36213,-0.663482,-2.16598,2.1158,0.997858,0.23008,0.100772,0.706926,0.219544,0.757666,0.0227914,-0.013905,0.916947,0.437899,3.16885,-0.724677,-0.362226,0.476236,0.984934,-0.20581,2.24082,-3.41805,2.37738,0.498043,-0.181707,0.585533,0.0980674,3.11318,-4.45015,1.6279,0.709067,-3.11898,4.24778,-0.793556,-0.335409,-2.11161,4.4476,-1.62717,-0.708934,2.81871,-2.90057,-3.047,3.12899])
12.238489820816945
Max g: 0.0024908138913423694
f_25([0.0128529,1.36244,-0.663087,-2.16586,2.11549,0.998316,0.229916,0.101653,0.705367,0.220029,0.756093,0.022426,-0.0129715,0.916646,0.439141,3.16909,-0.725567,-0.362206,0.475659,0.983015,-0.204986,2.23916,-3.41881,2.37863,0.498057,-0.181633,0.585907,0.0976602,3.11633,-4.45651,1.62948,0.710705,-3.12096,4.25306,-0.79751,-0.334628,-2.11555,4.45537,-1.62919,-0.710586,2.82692,-2.91371,-3.04542,3.13219])
12.252247205679549
Max g: 0.0026523227088606077
f_26([0.0127736,1.36246,-0.66326,-2.16575,2.11546,0.998291,0.228817,0.100496,0.704382,0.218772,0.754895,0.0219145,-0.0125737,0.916621,0.439068,3.16899,-0.725612,-0.362075,0.47561,0.982891,-0.205011,2.23888,-3.41886,2.3789,0.497903,-0.181595,0.586053,0.0976356,3.11672,-4.45819,1.63086,0.710595,-3.11849,4.24596,-0.791853,-0.335652,-2.11668,4.45824,-1.63105,-0.710503,2.82753,-2.91377,-3.04591,3.13215])
12.310965319332258
Max g: 0.0018735404541986578
f_27([0.0127797,1.36242,-0.66329,-2.16584,2.11545,0.998368,0.228097,0.0998026,0.703679,0.21803,0.754055,0.0215602,-0.0123595,0.916588,0.439043,3.16898,-0.725608,-0.362091,0.475568,0.982821,-0.205049,2.23871,-3.41887,2.37903,0.497823,-0.181569,0.586132,0.0976216,3.11738,-4.45988,1.6319,0.71059,-3.11654,4.24079,-0.788066,-0.336221,-2.11749,4.46014,-1.63211,-0.710533,2.8279,-2.9138,-3.04621,3.13211])
12.347551987771213
Max g: 0.0013875700124399148
f_28([0.0127323,1.36238,-0.663323,-2.16588,2.11545,0.998399,0.227496,0.0992881,0.703035,0.217349,0.753435,0.0212608,-0.0121875,0.916568,0.439024,3.16899,-0.725625,-0.362113,0.475531,0.982759,-0.205071,2.23858,-3.41885,2.3791,0.497772,-0.181569,0.586175,0.0976213,3.11799,-4.46133,1.63277,0.710558,-3.1149,4.23651,-0.784941,-0.336671,-2.11814,4.46164,-1.63298,-0.710517,2.82823,-2.91381,-3.04646,3.13204])
12.380250699618562
Max g: 0.0009878313156740925
f_29([0.0127746,1.36237,-0.663324,-2.16588,2.11548,0.998399,0.227078,0.0988773,0.70263,0.216882,0.752973,0.0210664,-0.0121014,0.916549,0.439036,3.169,-0.725551,-0.362098,0.475507,0.982707,-0.205086,2.23847,-3.41886,2.37919,0.497775,-0.1816,0.586235,0.0975878,3.11843,-4.4624,1.6334,0.710565,-3.11376,4.2335,-0.782744,-0.337007,-2.11856,4.46266,-1.63355,-0.710544,2.82843,-2.91378,-3.04665,3.132])
12.40228245363766
Max g: 0.0007003279832208664
f_30([0.0127776,1.36238,-0.663329,-2.16585,2.11545,0.998374,0.226758,0.0985791,0.702315,0.216521,0.752627,0.0209155,-0.0119853,0.916547,0.439073,3.16901,-0.725573,-0.362109,0.475488,0.982678,-0.205101,2.23842,-3.4189,2.37927,0.497745,-0.181582,0.586275,0.0975618,3.11876,-4.46319,1.63387,0.710559,-3.11287,4.23117,-0.781051,-0.337254,-2.11891,4.46345,-1.63399,-0.710553,2.82862,-2.91385,-3.04676,3.13199])
12.420725324649123
{0.012777590161948491,1.3623824440067356,-0.6633285402195274,-2.165854051735183,2.115445975842363,0.9983736874218766,0.226758191045194,0.09857908276550886,0.7023150202799361,0.2165206063542948,0.7526273439901074,0.02091547116857209,-0.011985294255558814,0.9165472799189889,0.4390725548793841,3.169009151344082,-0.7255728764856088,-0.36210884751792133,0.47548797819949973,0.982677555984631,-0.20510075128470415,2.23842018273918,-3.4189029854751545,2.379267988169421,0.4977449297360097,-0.1815823818603797,0.5862745876127916,0.09756181741145618,3.1187634680225784,-4.463193556414291,1.633867633794968,0.7105589658278294,-3.1128737093218324,4.231171728522629,-0.7810514710834506,-0.3372543474228464,-2.1189079629125294,4.463453196398704,-1.6339892307154895,-0.7105532849507883,2.8286180162717582,-2.9138476881557898,-3.046756826427962,3.1319884944112824}]
Set[{A021,A031,A032,A041,A042,A043,A121,A131,A132,A141,A142,A143,B021,B031,B032,B041,B042,B043,B121,B131,B132,B141,B142,B143,\[Alpha]1,\[Alpha]2,\[Alpha]3,\[Alpha]4,\[Beta]11,\[Beta]12,\[Beta]13,\[Beta]14,\[Beta]21,\[Beta]22,\[Beta]23,\[Beta]24,\[Beta]31,\[Beta]32,\[Beta]33,\[Beta]34,\[Beta]41,\[Beta]42,\[Beta]43,\[Beta]44},{0.012777590161948491,1.3623824440067356,-0.6633285402195274,-2.165854051735183,2.115445975842363,0.9983736874218766,0.226758191045194,0.09857908276550886,0.7023150202799361,0.2165206063542948,0.7526273439901074,0.02091547116857209,-0.011985294255558814,0.9165472799189889,0.4390725548793841,3.169009151344082,-0.7255728764856088,-0.36210884751792133,0.47548797819949973,0.982677555984631,-0.20510075128470415,2.23842018273918,-3.4189029854751545,2.379267988169421,0.4977449297360097,-0.1815823818603797,0.5862745876127916,0.09756181741145618,3.1187634680225784,-4.463193556414291,1.633867633794968,0.7105589658278294,-3.1128737093218324,4.231171728522629,-0.7810514710834506,-0.3372543474228464,-2.1189079629125294,4.463453196398704,-1.6339892307154895,-0.7105532849507883,2.8286180162717582,-2.9138476881557898,-3.046756826427962,3.1319884944112824}]

Max g: 0.0004850535212029411
f_31([0.0127725,1.3624,-0.663367,-2.16584,2.11529,0.99841,0.226507,0.0983666,0.702047,0.216228,0.752367,0.0207956,-0.0119036,0.916542,0.439025,3.169,-0.725576,-0.361984,0.475473,0.98266,-0.205119,2.23837,-3.41891,2.37931,0.49771,-0.181581,0.586316,0.0975505,3.11904,-4.46382,1.63421,0.710572,-3.11225,4.22943,-0.779711,-0.337475,-2.11912,4.46397,-1.63429,-0.71056,2.82872,-2.91384,-3.04684,3.13196])
12.432987341591877
Max g: 0.0003106595866632783
f_32([0.0128046,1.36239,-0.663373,-2.16586,2.11531,0.998406,0.226163,0.0980401,0.701707,0.215844,0.751976,0.0206495,-0.011825,0.916532,0.439014,3.16904,-0.725621,-0.362,0.475454,0.982625,-0.205138,2.23829,-3.41895,2.3794,0.49773,-0.181615,0.586331,0.0975554,3.11943,-4.46474,1.63471,0.710596,-3.11133,4.22698,-0.777891,-0.337759,-2.11944,4.46477,-1.63474,-0.710581,2.82889,-2.91384,-3.04698,3.13193])
12.452526815744562
Max g: 7.6462247767764e-5
f_33([0.0128032,1.36238,-0.66337,-2.16583,2.11524,0.9984,0.226013,0.0979014,0.701556,0.215703,0.751789,0.0205748,-0.0117807,0.916501,0.439019,3.16902,-0.725604,-0.362012,0.475447,0.982612,-0.205146,2.23825,-3.41895,2.37943,0.49772,-0.181622,0.586336,0.097564,3.11957,-4.46508,1.63492,0.710593,-3.1109,4.22588,-0.777102,-0.337877,-2.11959,4.46511,-1.63493,-0.710593,2.82896,-2.91383,-3.04705,3.13192])
12.460701493706399
Max g: 1.814243964243234e-5
{0.012802524938375132,1.3623774677015161,-0.663370518459719,-2.165834112898079,2.115242598667537,0.9984018844280459,0.2260130484154749,0.09790153207230602,0.7015563875598347,0.21570314159800424,0.7517896721240367,0.020575201118682187,-0.011780623936392015,0.9165003922239239,0.4390185010863892,3.1690208504282866,-0.7256053166474741,-0.36201163343288806,0.4754465541996265,0.9826114236748397,-0.20514582724858493,2.2382511335629847,-3.4189493138397817,2.3794338730284816,0.49772035307196966,-0.18162183902716098,0.5863368746150993,0.09756406136527163,3.119570939580482,-4.465083703351111,1.634919381725124,0.7105941747913451,-3.1109005037342943,4.225881191603746,-0.7771015730492747,-0.3378779320619583,-2.119584661091523,4.465109109284063,-1.6349313643034666,-0.7105935854706652,2.828960233239155,-2.9138318970971033,-3.0470484660572406,3.1319208337132163}]
Set[{A021,A031,A032,A041,A042,A043,A121,A131,A132,A141,A142,A143,B021,B031,B032,B041,B042,B043,B121,B131,B132,B141,B142,B143,\[Alpha]1,\[Alpha]2,\[Alpha]3,\[Alpha]4,\[Beta]11,\[Beta]12,\[Beta]13,\[Beta]14,\[Beta]21,\[Beta]22,\[Beta]23,\[Beta]24,\[Beta]31,\[Beta]32,\[Beta]33,\[Beta]34,\[Beta]41,\[Beta]42,\[Beta]43,\[Beta]44},{0.012802524938375132,1.3623774677015161,-0.663370518459719,-2.165834112898079,2.115242598667537,0.9984018844280459,0.2260130484154749,0.09790153207230602,0.7015563875598347,0.21570314159800424,0.7517896721240367,0.020575201118682187,-0.011780623936392015,0.9165003922239239,0.4390185010863892,3.1690208504282866,-0.7256053166474741,-0.36201163343288806,0.4754465541996265,0.9826114236748397,-0.20514582724858493,2.2382511335629847,-3.4189493138397817,2.3794338730284816,0.49772035307196966,-0.18162183902716098,0.5863368746150993,0.09756406136527163,3.119570939580482,-4.465083703351111,1.634919381725124,0.7105941747913451,-3.1109005037342943,4.225881191603746,-0.7771015730492747,-0.3378779320619583,-2.119584661091523,4.465109109284063,-1.6349313643034666,-0.7105935854706652,2.828960233239155,-2.9138318970971033,-3.0470484660572406,3.1319208337132163}]


-----------------Final Result------------------
Options: alg=LN_AUGLAG_EQ,dx=0.01,max_eval=100000000,popSize=0
imin=-6,jmin=-3,imax=1,jmax=3,
parameter_minmax=5,
randSeed=53631941,rand_minmax=3

3360746 steps

Completed with maxf : 12.460801184901056

Constraints at 1.730499444346778e-5

x = [0.012802524938375132,1.3623774677015161,-0.663370518459719,-2.165834112898079,2.115242598667537,0.9984018844280459,0.2260130484154749,0.09790153207230602,0.7015563875598347,0.21570314159800424,0.7517896721240367,0.020575201118682187,-0.011780623936392015,0.9165003922239239,0.4390185010863892,3.1690208504282866,-0.7256053166474741,-0.36201163343288806,0.4754465541996265,0.9826114236748397,-0.20514582724858493,2.2382511335629847,-3.4189493138397817,2.3794338730284816,0.49772035307196966,-0.18162183902716098,0.5863368746150993,0.09756406136527163,3.119570939580482,-4.465083703351111,1.634919381725124,0.7105941747913451,-3.1109005037342943,4.225881191603746,-0.7771015730492747,-0.3378779320619583,-2.119584661091523,4.465109109284063,-1.6349313643034666,-0.7105935854706652,2.828960233239155,-2.9138318970971033,-3.0470484660572406,3.1319208337132163]
c0 = [0.0,0.012802524938375132,0.6990069492417972,0.9478103701975038]
c1 = [0.0,0.2260130484154749,0.7994579196321407,0.9880680148407232]
A0 = [0.0,0.012802524938375132,1.3623774677015161,-2.165834112898079,0.0,0.0,-0.663370518459719,2.115242598667537,0.0,0.0,0.0,0.9984018844280459,0.0,0.0,0.0,0.0]
A1 = [0.0,0.2260130484154749,0.09790153207230602,0.21570314159800424,0.0,0.0,0.7015563875598347,0.7517896721240367,0.0,0.0,0.0,0.020575201118682187,0.0,0.0,0.0,0.0]
B0 = [0.0,-0.011780623936392015,0.9165003922239239,3.1690208504282866,0.0,0.0,0.4390185010863892,-0.7256053166474741,0.0,0.0,0.0,-0.36201163343288806,0.0,0.0,0.0,0.0]
B1 = [0.0,0.4754465541996265,0.9826114236748397,2.2382511335629847,0.0,0.0,-0.20514582724858493,-3.4189493138397817,0.0,0.0,0.0,2.3794338730284816,0.0,0.0,0.0,0.0]
α  = [0.49772035307196966,-0.18162183902716098,0.5863368746150993,0.09756406136527163]
β1 = [3.119570939580482,-4.465083703351111,1.634919381725124,0.7105941747913451]
β2 = [-3.1109005037342943,4.225881191603746,-0.7771015730492747,-0.3378779320619583]
β3 = [-2.119584661091523,4.465109109284063,-1.6349313643034666,-0.7105935854706652]
β4 = [2.828960233239155,-2.9138318970971033,-3.0470484660572406,3.1319208337132163]


Set[{A021,A031,A032,A041,A042,A043,A121,A131,A132,A141,A142,A143,B021,B031,B032,B041,B042,B043,B121,B131,B132,B141,B142,B143,\[Alpha]1,\[Alpha]2,\[Alpha]3,\[Alpha]4,\[Beta]11,\[Beta]12,\[Beta]13,\[Beta]14,\[Beta]21,\[Beta]22,\[Beta]23,\[Beta]24,\[Beta]31,\[Beta]32,\[Beta]33,\[Beta]34,\[Beta]41,\[Beta]42,\[Beta]43,\[Beta]44},{0.012802524938375132,1.3623774677015161,-0.663370518459719,-2.165834112898079,2.115242598667537,0.9984018844280459,0.2260130484154749,0.09790153207230602,0.7015563875598347,0.21570314159800424,0.7517896721240367,0.020575201118682187,-0.011780623936392015,0.9165003922239239,0.4390185010863892,3.1690208504282866,-0.7256053166474741,-0.36201163343288806,0.4754465541996265,0.9826114236748397,-0.20514582724858493,2.2382511335629847,-3.4189493138397817,2.3794338730284816,0.49772035307196966,-0.18162183902716098,0.5863368746150993,0.09756406136527163,3.119570939580482,-4.465083703351111,1.634919381725124,0.7105941747913451,-3.1109005037342943,4.225881191603746,-0.7771015730492747,-0.3378779320619583,-2.119584661091523,4.465109109284063,-1.6349313643034666,-0.7105935854706652,2.828960233239155,-2.9138318970971033,-3.0470484660572406,3.1319208337132163}]



