
-----------------Setup------------------
Options: alg=LN_AUGLAG_EQ,dx=0.01,max_eval=100000000,popSize=0
imin=-1,jmin=-4,imax=1,jmax=4,
parameter_minmax=5,
randSeed=85620659, rand_minmax=3,
END_C=true, INEQ_C=true

Initial Condition:

[0.46483,0.854745,-2.24597,0.778419,1.59144,1.76637,1.27498,-0.116822,-0.327606,-2.3113,2.17838,1.70201,2.2669,2.95435,1.84272,2.939,1.27631,-0.67633,-1.31137,0.995992,-0.00872771,-1.91669,-1.14926,-1.11188,-0.78671,2.11096,2.17945,-0.0376727,-2.23502,1.75213,-1.15371,-1.31839,-2.90422,-1.11536,-0.355783,-0.230277,-0.197879,-2.94281,-1.28071,-2.79745,-1.52667,1.5594,-0.8917,2.40461]

f_1([0.00228053,0.14116,0.122385,2.71045,-1.6198,-0.101418,0.00373007,-0.502066,0.508922,-0.0511937,0.0656548,0.00304232,0.00798301,1.90034,0.283318,4.03164,1.10407,-0.680547,1.53269,-0.084174,-0.22724,1.48423,1.07979,-2.45093,-2.53404,2.96869,0.240062,-0.301916,-0.503393,4.43843,-2.28182,-2.0188,-1.60893,1.71013,-1.53658,1.43157,0.665406,0.34148,0.634022,-0.704382,-1.67051,2.44965,-1.20421,0.484026])
12.291998186346667
Max g: 9.179441249003267
f_2([0.00196417,0.141031,0.122353,2.71053,-1.61967,-0.101364,0.00379069,-0.502053,0.508823,-0.0515274,0.0655194,0.00311595,0.00705788,1.9005,0.284231,4.03131,1.1025,-0.681697,1.51869,-0.0809817,-0.225752,1.48522,1.0791,-2.44968,-2.53431,2.96855,0.241947,-0.294733,-0.503272,4.4365,-2.28158,-2.0181,-1.60907,1.70865,-1.53693,1.43047,0.664891,0.341188,0.633429,-0.704446,-1.67047,2.44869,-1.20403,0.483976])
12.3645443196005
Max g: 8.991279086530952
f_3([0.00177769,0.140996,0.122321,2.71054,-1.61965,-0.10137,0.00383725,-0.502055,0.508826,-0.0516668,0.0654032,0.00314512,0.00659899,1.90056,0.284675,4.03115,1.1018,-0.682332,1.51188,-0.0794199,-0.224971,1.4857,1.07875,-2.44906,-2.53439,2.96845,0.242718,-0.291428,-0.503302,4.43554,-2.28149,-2.01775,-1.60919,1.70803,-1.53707,1.42991,0.664609,0.341036,0.633116,-0.704499,-1.67044,2.44822,-1.20395,0.483952])
12.397736660020744
Max g: 8.900390149802947
f_4([0.001641,0.213162,0.191853,2.77585,-1.59277,-0.186378,0.0282991,-0.400359,0.449538,-0.149829,0.200699,-0.00169199,-0.0262865,1.95274,0.346348,3.98056,1.18744,-1.04708,0.641932,0.275435,-0.0363218,1.69865,0.539105,-1.93044,-2.83386,2.77491,0.305843,-0.0505856,-0.555115,4.30454,-1.76825,-2.09632,-1.37565,1.50088,-1.56588,1.47424,0.195482,0.161461,0.519454,-0.782809,-1.68852,2.31171,-1.11486,0.498082])
15.998211191234835
Max g: 1.6961703254970093
f_5([0.0528348,0.331859,0.143018,2.75383,-1.63766,-0.125443,1.0,0.0259628,0.974037,0.222699,0.810466,-0.0331651,0.0651285,2.0294,0.190382,2.00855,0.676549,-1.17723,1.28978,1.26989,-0.213825,1.6375,1.56625,-1.81136,-2.77211,3.35118,0.194304,0.232023,0.383269,4.20349,-0.96944,-2.66041,-0.229404,0.381899,-0.167634,-0.00746708,0.474352,0.32366,-0.135407,-0.649886,0.181061,2.21258,-3.28128,0.861721])
1.8562866069154849
Max g: 0.6934614881542984
f_6([0.102773,0.346482,-0.212631,2.82017,-1.78184,-0.0525333,1.0,-0.0348296,1.03483,0.223603,0.815742,-0.0393456,0.0723702,2.06914,0.0766821,1.97337,0.622349,-1.27896,1.45945,1.41685,-0.181942,1.78128,1.58617,-1.79542,-2.74294,3.33583,0.276593,0.122786,0.462128,4.14918,-0.961888,-2.66797,-0.220539,0.408584,0.164717,-0.316353,0.402445,0.321968,-0.19907,-0.518541,0.254928,2.15644,-3.37664,0.954835])
1.8380010062049303
Max g: 0.673525139000513
f_7([0.118223,0.319853,-0.190006,3.01627,-2.32423,0.301517,1.0,0.0722732,0.927727,0.310099,0.735282,-0.0453815,0.0880889,2.0632,0.15853,1.78138,0.862871,-1.23734,1.5648,1.51736,-0.163805,1.86042,1.59052,-1.75407,-2.80131,3.48861,0.277601,0.0511056,0.503574,4.23751,-1.14687,-2.60029,-0.202593,0.348653,0.242779,-0.33895,0.367226,0.247769,-0.314736,-0.31742,0.26527,2.06078,-3.37328,1.0364])
1.8889820560120745
Max g: 0.6661350246751501
f_8([0.131106,0.513034,-0.362422,3.10241,-2.75403,0.636329,1.0,0.469877,0.530123,0.348989,0.698897,-0.0478852,0.155853,1.97282,1.27809,2.00028,0.43656,-1.25034,1.61571,1.5694,-0.153766,1.90323,1.67066,-1.81448,-2.72601,3.56268,0.13191,0.0146373,0.548046,4.30669,-1.331,-2.51256,-0.246699,0.337233,0.322562,-0.392199,0.346311,0.255829,-0.28766,-0.321983,0.252921,2.1058,-3.40319,1.02959])
2.0219501742225203
Max g: 0.6535661454183392
f_9([0.131922,0.570636,-0.403004,3.17779,-3.21488,1.01925,1.0,0.51817,0.48183,0.428224,0.617691,-0.0459147,0.175117,1.97822,1.74205,2.03014,-0.109427,-1.36489,1.63379,1.58977,-0.146007,1.91519,1.70854,-1.82045,-2.65665,3.52769,0.100145,0.0196567,0.551367,4.3245,-1.57008,-2.2974,-0.257523,0.281912,0.365144,-0.371872,0.376746,0.262109,-0.366859,-0.257716,0.256047,2.11881,-3.40059,1.01591])
2.072036819647083
Max g: 0.6556750622733136
f_10([0.131503,0.588224,-0.389935,3.22634,-3.3088,1.07422,1.0,0.114295,0.885705,0.442509,0.624882,-0.067391,0.170927,1.7748,1.69648,1.90265,-0.248671,-1.17094,1.65564,1.60894,-0.13672,1.93661,1.75416,-1.85423,-2.5589,3.42314,0.115638,0.0266385,0.582242,4.34837,-1.71397,-2.1908,-0.288814,0.299063,0.409374,-0.422389,0.35402,0.253912,-0.387455,-0.225079,0.278212,2.15471,-3.47345,1.04091])
1.8671188377711938
{0.13150301683063265,0.5882243456267384,-0.3899346187928117,3.226339990713172,-3.308802154773132,1.074224288579627,1.0,0.11429502178840198,0.8857049782115981,0.4425094200621722,0.6248815956769672,-0.06739101573913946,0.17092715924030966,1.7747981193645628,1.6964807137478204,1.9026549818791236,-0.24867122128697833,-1.1709368702417167,1.655638473859089,1.608942196863495,-0.13672034173379854,1.9366055110401457,1.7541609806230618,-1.8542255116334874,-2.5588984894644513,3.423137286024892,0.11563796513084844,0.02663845467440343,0.5822420032562714,4.348373161413389,-1.7139677321848914,-2.190796576382974,-0.28881415627996015,0.29906300155016646,0.40937359543604773,-0.42238896120268693,0.3540203015367468,0.2539116071185276,-0.38745536520457535,-0.2250785828382193,0.27821196341212834,2.154707311153792,-3.473454106942674,1.0409072145293772}]
Set[{A021,A031,A032,A041,A042,A043,A121,A131,A132,A141,A142,A143,B021,B031,B032,B041,B042,B043,B121,B131,B132,B141,B142,B143,\[Alpha]1,\[Alpha]2,\[Alpha]3,\[Alpha]4,\[Beta]11,\[Beta]12,\[Beta]13,\[Beta]14,\[Beta]21,\[Beta]22,\[Beta]23,\[Beta]24,\[Beta]31,\[Beta]32,\[Beta]33,\[Beta]34,\[Beta]41,\[Beta]42,\[Beta]43,\[Beta]44},{0.13150301683063265,0.5882243456267384,-0.3899346187928117,3.226339990713172,-3.308802154773132,1.074224288579627,1.0,0.11429502178840198,0.8857049782115981,0.4425094200621722,0.6248815956769672,-0.06739101573913946,0.17092715924030966,1.7747981193645628,1.6964807137478204,1.9026549818791236,-0.24867122128697833,-1.1709368702417167,1.655638473859089,1.608942196863495,-0.13672034173379854,1.9366055110401457,1.7541609806230618,-1.8542255116334874,-2.5588984894644513,3.423137286024892,0.11563796513084844,0.02663845467440343,0.5822420032562714,4.348373161413389,-1.7139677321848914,-2.190796576382974,-0.28881415627996015,0.29906300155016646,0.40937359543604773,-0.42238896120268693,0.3540203015367468,0.2539116071185276,-0.38745536520457535,-0.2250785828382193,0.27821196341212834,2.154707311153792,-3.473454106942674,1.0409072145293772}]

Max g: 0.6525054589864632
f_11([0.134792,0.743123,-0.398948,3.23616,-3.22632,0.986384,1.0,0.0543457,0.945654,0.391633,0.688545,-0.0801778,0.171644,1.79274,1.53702,1.9699,-0.277269,-0.843677,1.71597,1.67297,-0.127625,1.98045,1.70849,-1.78351,-2.53703,3.39819,0.126295,-0.000443986,0.574511,4.27097,-1.72866,-2.10401,-0.216447,0.318173,0.415174,-0.455005,0.362346,0.268988,-0.426257,-0.187906,0.280129,2.14775,-3.52712,1.10143])
1.8348209017335295
Max g: 0.6548256935643042
f_12([0.150918,0.729952,-0.441945,3.24691,-3.13473,0.886268,1.0,0.105646,0.894354,0.359891,0.725542,-0.0854333,0.16907,1.55088,1.51704,3.55729,-0.349482,-0.807136,1.72612,1.68117,-0.12699,2.02402,1.7405,-1.82439,-2.57174,3.43877,0.195167,-0.0752135,0.446005,4.27975,-1.70844,-2.08049,-0.348397,0.368283,0.500071,-0.542245,0.36996,0.229875,-0.443957,-0.136873,0.327253,2.10385,-3.49055,1.08302])
1.8860007080701362
Max g: 0.6957179718694393
f_13([0.153919,0.669581,-0.466697,3.22102,-3.07702,0.85383,1.0,0.131383,0.868617,0.391485,0.690407,-0.081892,0.166043,1.55066,1.50769,3.74043,-0.310123,-0.837972,1.71583,1.66982,-0.126537,2.01021,1.71941,-1.80552,-2.55025,3.41795,0.198016,-0.0664569,0.488888,4.26265,-1.6973,-2.08417,-0.434883,0.446492,0.538856,-0.630938,0.364933,0.235864,-0.48901,-0.112536,0.312466,2.12667,-3.50533,1.0801])
1.903292526133378
Max g: 0.6844350183940127
f_14([0.159937,0.688789,-0.493926,3.22844,-3.25551,0.995525,1.0,0.110333,0.889667,0.432628,0.648934,-0.0815619,0.165887,1.51753,1.52183,3.80581,-0.140538,-0.905383,1.74249,1.70392,-0.122563,2.02121,1.75526,-1.83144,-2.48187,3.32367,0.21611,-0.0767131,0.514591,4.24748,-1.71344,-2.06563,-0.396963,0.481344,0.562192,-0.691925,0.386633,0.230157,-0.509117,-0.0842142,0.244956,2.12447,-3.51401,1.12239])
1.90657200886951
Max g: 0.6738891499300004
f_15([0.159027,0.732971,-0.550945,3.44383,-3.42422,0.979752,1.0,0.0571122,0.942888,0.491753,0.594415,-0.0861683,0.167451,1.50248,1.51152,3.6648,-0.195695,-0.821929,1.76704,1.72114,-0.119209,2.03687,1.66145,-1.73167,-2.47967,3.3397,0.208258,-0.0694249,0.578287,4.23768,-1.74364,-2.05571,-0.362013,0.508506,0.565848,-0.724179,0.364554,0.255045,-0.535503,-0.0802619,0.283314,2.09659,-3.52015,1.1389])
1.9121371916944614
Max g: 0.652072321036476
f_16([0.149323,0.81103,-0.535342,3.46424,-3.44176,0.9696,1.0,-0.115425,1.11543,0.430289,0.675695,-0.105984,0.144345,1.41024,1.3445,3.69234,-0.191064,-0.880131,1.86799,1.81365,-0.108734,2.16523,1.65288,-1.7032,-2.56131,3.37236,0.255576,-0.0736894,0.562887,4.09964,-1.86566,-1.80257,-0.36347,0.559757,0.532075,-0.734456,0.376651,0.249797,-0.556559,-0.036077,0.450971,2.02686,-3.5015,1.13221])
1.8051068005788784
Max g: 0.6650397795118939
f_17([0.141595,0.755265,-0.439921,3.47578,-3.42224,0.932366,1.0,-0.101402,1.1014,0.356602,0.7799,-0.136502,0.150429,1.42709,1.33092,3.73178,-0.0873217,-0.890592,1.88473,1.84926,-0.100508,2.17091,1.73398,-1.75516,-2.54783,3.37955,0.241663,-0.0560007,0.476909,4.16859,-2.02414,-1.68892,-0.326381,0.601589,0.513292,-0.75767,0.327095,0.496291,-0.712604,-0.105928,0.353568,2.17143,-3.62197,1.14913])
1.785131769367892
Max g: 0.6862097926479822
f_18([0.146792,0.739843,-0.459194,3.57079,-3.62298,1.02425,1.0,-0.0886991,1.0887,0.367217,0.754676,-0.121894,0.145614,1.43525,1.35789,3.75635,-0.0952606,-0.914006,1.8829,1.84754,-0.100676,2.15277,1.74432,-1.76535,-2.619,3.42342,0.257342,-0.0769323,0.575536,4.14945,-2.03429,-1.69146,-0.328852,0.621516,0.471836,-0.752999,0.330329,0.459658,-0.674601,-0.105578,0.293539,2.1898,-3.63432,1.16017])
1.7896037912807994
Max g: 0.6794784204819676
f_19([0.147579,0.712706,-0.388031,3.54954,-3.60144,1.04518,1.0,0.0440038,0.955996,0.401077,0.694388,-0.0954649,0.139231,1.41415,1.36769,3.93701,-0.126113,-0.997301,1.91041,1.87907,-0.0987162,2.16616,1.69771,-1.72483,-2.66311,3.4753,0.298303,-0.110729,0.578777,4.07325,-1.88753,-1.76262,-0.310794,0.648985,0.504679,-0.81925,0.308055,0.362707,-0.578441,-0.0887377,0.289018,2.16956,-3.73586,1.28349])
1.8507214240905334
Max g: 0.6955282602854591
f_20([0.153835,0.598201,-0.420505,3.57003,-3.67393,1.02802,0.999993,0.147581,0.852369,0.324856,0.754436,-0.0793122,0.130752,1.40415,1.34826,4.11069,-0.0866991,-1.12264,1.93543,1.90889,-0.0964307,2.18091,1.68953,-1.7069,-2.623,3.41838,0.292057,-0.0910729,0.551313,4.23864,-1.98933,-1.81988,-0.311515,0.671909,0.512132,-0.849008,0.269096,0.351145,-0.586527,-0.0639003,0.255648,2.21609,-3.75323,1.27522])
1.9215781268439325
{0.15383488275339388,0.5982007914707637,-0.4205054329037765,3.5700332953046763,-3.6739307813148496,1.0280166245397637,0.9999934376608915,0.14758065657373165,0.8523688607070103,0.3248563514110572,0.7544360320527403,-0.07931216761998812,0.1307522861871546,1.4041475675786106,1.3482559109669303,4.110690025208629,-0.08669912206458552,-1.122644413324045,1.9354349916959253,1.9088878999314949,-0.09643071173315997,2.180912332991819,1.6895312891433418,-1.706896294902982,-2.6230025967049513,3.4183807953878835,0.2920566095181459,-0.09107285372658584,0.5513131157741676,4.238637674207229,-1.9893293563739245,-1.819883529955004,-0.31151536667318036,0.671908741070962,0.5121318383583586,-0.8490075231019643,0.2690959147599671,0.3511446199990112,-0.5865267867915372,-0.06390026782201508,0.2556483204516344,2.2160883567609875,-3.753226382488271,1.275221307468343}]
Set[{A021,A031,A032,A041,A042,A043,A121,A131,A132,A141,A142,A143,B021,B031,B032,B041,B042,B043,B121,B131,B132,B141,B142,B143,\[Alpha]1,\[Alpha]2,\[Alpha]3,\[Alpha]4,\[Beta]11,\[Beta]12,\[Beta]13,\[Beta]14,\[Beta]21,\[Beta]22,\[Beta]23,\[Beta]24,\[Beta]31,\[Beta]32,\[Beta]33,\[Beta]34,\[Beta]41,\[Beta]42,\[Beta]43,\[Beta]44},{0.15383488275339388,0.5982007914707637,-0.4205054329037765,3.5700332953046763,-3.6739307813148496,1.0280166245397637,0.9999934376608915,0.14758065657373165,0.8523688607070103,0.3248563514110572,0.7544360320527403,-0.07931216761998812,0.1307522861871546,1.4041475675786106,1.3482559109669303,4.110690025208629,-0.08669912206458552,-1.122644413324045,1.9354349916959253,1.9088878999314949,-0.09643071173315997,2.180912332991819,1.6895312891433418,-1.706896294902982,-2.6230025967049513,3.4183807953878835,0.2920566095181459,-0.09107285372658584,0.5513131157741676,4.238637674207229,-1.9893293563739245,-1.819883529955004,-0.31151536667318036,0.671908741070962,0.5121318383583586,-0.8490075231019643,0.2690959147599671,0.3511446199990112,-0.5865267867915372,-0.06390026782201508,0.2556483204516344,2.2160883567609875,-3.753226382488271,1.275221307468343}]

Max g: 0.7007461347353805
f_21([0.15352,0.614793,-0.399969,3.66936,-3.77872,1.07828,1.0,0.157923,0.842077,0.334943,0.748706,-0.0836483,0.127966,1.39371,1.31574,4.07786,-0.069801,-0.890842,1.95162,1.92808,-0.0945754,2.18662,1.68904,-1.7045,-2.5643,3.31735,0.297489,-0.0755103,0.595003,4.23611,-1.98466,-1.83364,-0.315318,0.702733,0.502747,-0.879202,0.267083,0.331325,-0.588654,-0.0405472,0.213198,2.23509,-3.79433,1.31273])
1.9133297308712367
Max g: 0.7021235999594164
f_22([0.155798,0.621726,-0.437606,3.65933,-3.99779,1.31785,1.0,0.502414,0.497586,0.37192,0.692849,-0.0647689,0.134992,1.42976,1.33135,4.10481,-0.0923768,-0.821661,1.94291,1.91541,-0.095925,2.18564,1.68731,-1.71157,-2.491,3.30388,0.28057,-0.0689516,0.599169,4.1822,-1.93595,-1.83175,-0.313158,0.732892,0.531271,-0.923626,0.299377,0.319989,-0.58279,-0.0407247,0.240139,2.19067,-3.76407,1.31406])
2.093403146564307
Max g: 0.6964738906980572
f_23([0.156904,0.602545,-0.389379,3.7924,-4.21273,1.39095,1.0,0.499556,0.500444,0.395563,0.674572,-0.0701351,0.145966,1.42873,1.41903,3.91703,-0.133938,-0.582083,1.95346,1.93086,-0.0940487,2.19192,1.71006,-1.72982,-2.43251,3.25841,0.26612,-0.0713763,0.603598,4.16606,-1.94946,-1.80164,-0.33076,0.767186,0.529762,-0.954522,0.256916,0.323616,-0.588719,-0.0327886,0.197007,2.23015,-3.80131,1.32696])
2.101850299066465
Max g: 0.7021076702356205
f_24([0.141939,0.672198,-0.343656,3.86097,-4.3338,1.43148,1.0,0.476698,0.523302,0.425837,0.64865,-0.0744865,0.146618,1.47325,1.34258,4.07049,-0.207764,-0.527889,1.98586,1.95817,-0.0922219,2.23361,1.71373,-1.7384,-2.49082,3.25674,0.239213,-0.0419651,0.600979,4.17015,-1.94815,-1.81152,-0.322033,0.807768,0.506849,-0.972389,0.302608,0.333844,-0.590692,-0.0366139,0.268545,2.24239,-3.84546,1.33279])
2.0683598238520258
Max g: 0.7065383957942648
f_25([0.141012,0.675155,-0.352357,3.95739,-4.53364,1.53446,1.0,0.433166,0.566834,0.451255,0.617999,-0.0692542,0.145483,1.47683,1.3484,4.18434,-0.222989,-0.564966,1.99316,1.96565,-0.0925652,2.23795,1.68584,-1.71234,-2.45133,3.2535,0.224963,-0.031608,0.599365,4.16926,-1.91309,-1.84599,-0.338096,0.831402,0.517678,-1.00464,0.348781,0.325759,-0.59795,-0.0249053,0.250719,2.25652,-3.85592,1.33367])
2.0290060310184406
Max g: 0.7029035964252113
f_26([0.141509,0.698948,-0.353244,4.05051,-4.68645,1.58647,1.0,0.355179,0.644821,0.474919,0.606435,-0.0813532,0.151759,1.47539,1.36701,4.19287,-0.235942,-0.573753,1.99869,1.97343,-0.092365,2.24415,1.69908,-1.726,-2.41636,3.2352,0.231014,-0.0390622,0.597807,4.13297,-1.88633,-1.83335,-0.335012,0.858465,0.517291,-1.02869,0.349282,0.30455,-0.585422,-0.0145324,0.241273,2.2682,-3.87088,1.34127])
1.9769318202992527
Max g: 0.7045959586099818
f_27([0.138233,0.734365,-0.363863,4.14184,-4.87412,1.68754,1.0,0.344827,0.655173,0.461128,0.610222,-0.0713504,0.143449,1.44967,1.38557,4.18365,-0.194676,-0.503936,1.99765,1.96992,-0.0922534,2.24695,1.70553,-1.73661,-2.43602,3.23509,0.236304,-0.0383548,0.602295,4.12607,-1.86975,-1.84373,-0.368791,0.870292,0.515268,-1.03521,0.325748,0.301164,-0.594204,-0.005223,0.26402,2.30292,-3.9074,1.3333])
1.9787206290644157
Max g: 0.7017372511921731
f_28([0.135382,0.718663,-0.365826,4.24201,-4.93288,1.68321,1.0,0.312106,0.687894,0.439464,0.627154,-0.066618,0.133655,1.42762,1.28261,4.19897,-0.083094,-0.504922,1.99244,1.96865,-0.0926142,2.23837,1.68959,-1.71746,-2.45441,3.23606,0.232629,-0.0201706,0.572051,4.13239,-1.86043,-1.84941,-0.330445,0.96186,0.469508,-1.07924,0.311316,0.2979,-0.592884,-0.0024434,0.271341,2.28508,-3.91224,1.36153])
1.9687828025912881
Max g: 0.7025727011346987
f_29([0.133504,0.748837,-0.373392,4.27501,-4.89586,1.59077,1.0,0.300133,0.699867,0.461727,0.612281,-0.0740085,0.13954,1.43067,1.30734,4.16952,-0.0105832,-0.434265,2.002,1.97884,-0.0937637,2.24835,1.69294,-1.72047,-2.43744,3.23863,0.225078,-0.0181121,0.573246,4.15285,-1.86026,-1.86869,-0.359641,0.965805,0.453306,-1.06995,0.291175,0.293596,-0.56047,-0.0211934,0.239358,2.28839,-3.87274,1.32721])
1.9573543021471915
Max g: 0.7119329358419744
f_30([0.12787,0.796669,-0.374589,4.42328,-4.83676,1.3825,1.0,0.19457,0.80543,0.479306,0.606794,-0.0861,0.145906,1.40046,1.29407,3.98438,0.133532,-0.442208,2.04375,2.02583,-0.0871874,2.28474,1.72976,-1.7438,-2.42539,3.24401,0.179313,0.00967915,0.638294,4.07565,-1.95681,-1.71604,-0.360296,1.03743,0.383752,-1.08011,0.262424,0.2506,-0.504317,-0.0153064,0.234929,2.26194,-3.9488,1.42717])
1.8814293078924975
{0.1278701613640852,0.7966690988948227,-0.3745888859531096,4.423277484345607,-4.836755406931961,1.3825027603091098,0.9999999535127387,0.19457015338373013,0.8054298246636266,0.47930581189390187,0.606794154598527,-0.0860999815274011,0.14590610539509102,1.400457544527789,1.2940733459646974,3.9843817241429633,0.1335320018570922,-0.44220830572706205,2.043751563139584,2.0258273387222863,-0.08718744481133571,2.2847404579064285,1.7297594602349398,-1.7438023677340408,-2.4253907640107295,3.2440056346325474,0.1793130461828294,0.009679153423116532,0.6382939720364561,4.075652948914574,-1.9568137835191903,-1.7160426322989775,-0.36029579821902924,1.03742832395129,0.3837519833628498,-1.0801128263959994,0.26242419264751476,0.2506001741284388,-0.5043166769458084,-0.015306427366460994,0.23492910562931005,2.2619411022133153,-3.9487971398610844,1.4271690882422297}]
Set[{A021,A031,A032,A041,A042,A043,A121,A131,A132,A141,A142,A143,B021,B031,B032,B041,B042,B043,B121,B131,B132,B141,B142,B143,\[Alpha]1,\[Alpha]2,\[Alpha]3,\[Alpha]4,\[Beta]11,\[Beta]12,\[Beta]13,\[Beta]14,\[Beta]21,\[Beta]22,\[Beta]23,\[Beta]24,\[Beta]31,\[Beta]32,\[Beta]33,\[Beta]34,\[Beta]41,\[Beta]42,\[Beta]43,\[Beta]44},{0.1278701613640852,0.7966690988948227,-0.3745888859531096,4.423277484345607,-4.836755406931961,1.3825027603091098,0.9999999535127387,0.19457015338373013,0.8054298246636266,0.47930581189390187,0.606794154598527,-0.0860999815274011,0.14590610539509102,1.400457544527789,1.2940733459646974,3.9843817241429633,0.1335320018570922,-0.44220830572706205,2.043751563139584,2.0258273387222863,-0.08718744481133571,2.2847404579064285,1.7297594602349398,-1.7438023677340408,-2.4253907640107295,3.2440056346325474,0.1793130461828294,0.009679153423116532,0.6382939720364561,4.075652948914574,-1.9568137835191903,-1.7160426322989775,-0.36029579821902924,1.03742832395129,0.3837519833628498,-1.0801128263959994,0.26242419264751476,0.2506001741284388,-0.5043166769458084,-0.015306427366460994,0.23492910562931005,2.2619411022133153,-3.9487971398610844,1.4271690882422297}]

Max g: 0.7309770694676695
f_31([0.128944,0.860072,-0.36817,4.49112,-4.91471,1.42147,1.0,0.249001,0.750999,0.4916,0.587371,-0.0789709,0.148616,1.40402,1.43264,4.0111,0.178088,-0.450618,2.0327,2.01648,-0.087344,2.28238,1.7251,-1.73481,-2.38917,3.20451,0.191345,-0.00768969,0.581643,4.05699,-1.98238,-1.65799,-0.325337,1.07129,0.3598,-1.07929,0.246262,0.230332,-0.485017,-0.0138547,0.279649,2.25867,-3.93448,1.40804])
1.9370811361420115
Max g: 0.7314600389379224
f_32([0.126553,0.904756,-0.383539,4.53723,-4.85775,1.29691,1.0,0.224216,0.775784,0.511401,0.575295,-0.0866954,0.15797,1.42062,1.40386,4.04165,0.288544,-0.164906,2.03811,2.02257,-0.0869275,2.28267,1.71916,-1.72596,-2.39873,3.22909,0.154255,0.0110289,0.603802,4.07788,-2.01729,-1.65219,-0.335855,1.07518,0.357284,-1.08321,0.251884,0.22422,-0.446609,-0.0370688,0.256099,2.24105,-3.91507,1.41362])
1.90657200886951
Max g: 0.7405420084310763
f_33([0.128124,0.913175,-0.422925,4.63919,-4.93111,1.27573,1.0,0.17339,0.82661,0.535005,0.567026,-0.102031,0.169375,1.40052,1.40545,3.95272,0.446025,-0.0527954,2.0233,2.00847,-0.0872746,2.27317,1.72449,-1.73165,-2.38516,3.24363,0.125019,0.0223932,0.578213,4.07271,-2.00996,-1.64264,-0.337561,1.09925,0.318353,-1.06713,0.251978,0.200592,-0.420474,-0.0397358,0.273511,2.23457,-3.9382,1.43194])
1.8813299296277661
Max g: 0.7403821180447312
f_34([0.128134,0.925262,-0.439582,4.63232,-4.88927,1.25597,1.0,0.11282,0.88718,0.535839,0.573618,-0.109457,0.185884,1.51024,1.36412,3.85908,0.595328,-0.0917095,2.01608,2.00427,-0.0883486,2.2564,1.71483,-1.72314,-2.41849,3.3027,0.0632466,0.0454638,0.588119,4.03691,-1.94656,-1.67078,-0.348411,1.12184,0.33703,-1.10789,0.341924,0.216455,-0.461744,-0.0255486,0.249071,2.19295,-3.92681,1.47625])
1.825280588319327
Max g: 0.7291621356858011
f_35([0.129006,0.914579,-0.462707,4.74872,-4.88082,1.11586,1.0,-0.00914881,1.00915,0.531138,0.572695,-0.103833,0.169693,1.51142,1.37074,3.8582,0.678635,-0.112535,1.95616,1.93714,-0.093356,2.21112,1.74727,-1.7747,-2.42867,3.30069,0.117918,0.0217445,0.559642,4.00388,-1.82037,-1.74518,-0.364758,1.08798,0.339021,-1.07156,0.296359,0.258867,-0.501231,-0.0443394,0.309775,2.19872,-3.94771,1.46088])
1.7918894913696188
Max g: 0.7132966951840739
f_36([0.12916,0.900567,-0.430938,4.83009,-4.96176,1.12672,1.0,0.0660423,0.933958,0.523779,0.575975,-0.0997545,0.162974,1.50468,1.38339,3.85823,0.671755,0.139339,1.95869,1.94502,-0.0909995,2.20662,1.69485,-1.70671,-2.42043,3.27427,0.141342,0.0108049,0.562271,3.97288,-1.89434,-1.64372,-0.358437,1.08449,0.349319,-1.07196,0.277161,0.219999,-0.526424,0.0111075,0.275865,2.18937,-3.92157,1.46056])
1.8445599716771945
Max g: 0.7046817878262468
f_37([0.129496,0.904347,-0.425791,4.87023,-4.85173,0.968805,1.0,0.0306641,0.969336,0.513067,0.609987,-0.123054,0.167587,1.49916,1.41412,3.80999,0.687308,0.169874,1.95939,1.94727,-0.0915658,2.21379,1.75397,-1.76796,-2.42212,3.25439,0.149736,0.00624081,0.563714,3.9124,-1.87737,-1.59995,-0.364293,1.16111,0.324183,-1.11279,0.306911,0.247101,-0.593646,0.0389503,0.269755,2.19187,-3.88877,1.43185])
1.8253799665840584
Max g: 0.6924049915189453
f_38([0.13229,0.84691,-0.438447,4.92241,-4.92867,0.964322,1.0,5.83926e-6,0.999994,0.51609,0.58266,-0.0987503,0.141299,1.51134,1.42721,3.72779,0.669105,0.165896,1.97876,1.96876,-0.0899405,2.23709,1.74588,-1.75721,-2.45886,3.26756,0.213285,-0.019548,0.549039,3.89734,-1.87754,-1.57908,-0.397419,1.20524,0.291217,-1.12148,0.282117,0.185092,-0.57665,0.0829887,0.27333,2.19645,-3.92196,1.45404])
1.8387960323227805
Max g: 0.6914303549149803
f_39([0.136809,0.758405,-0.394316,4.95146,-4.88475,0.932643,1.0,-0.0524576,1.05246,0.498658,0.586931,-0.0855888,0.121779,1.58509,1.52103,3.74167,0.683786,0.379447,1.97623,1.96968,-0.0886034,2.23143,1.74314,-1.75088,-2.53445,3.30194,0.268576,-0.0493488,0.535137,3.90044,-1.88308,-1.56983,-0.396149,1.25516,0.26201,-1.1405,0.281515,0.164514,-0.606684,0.124083,0.275613,2.22713,-3.98082,1.48536])
1.8322370668505163
Max g: 0.681914127939965
f_40([0.139499,0.759267,-0.418563,4.9426,-4.86653,0.916788,1.0,-0.051431,1.05143,0.47387,0.60794,-0.08181,0.115373,1.58545,1.48761,3.84313,0.591559,0.432041,2.00176,1.99804,-0.0894608,2.25131,1.70474,-1.71244,-2.51088,3.26148,0.289299,-0.0538522,0.547535,3.79793,-1.79326,-1.56429,-0.356188,1.29568,0.255905,-1.1802,0.242266,0.153124,-0.574731,0.116729,0.244731,2.24652,-3.97456,1.47599])
1.8519139632673087
{0.13949880791339844,0.7592673830257325,-0.4185626608272868,4.9426049515321235,-4.866533106653845,0.9167875444904631,0.9999999212299759,-0.05143095492693783,1.0514304446155927,0.4738703241986415,0.6079397136008439,-0.08181003053733446,0.1153728468722241,1.5854512469667765,1.4876122880589364,3.8431291282183113,0.5915591040507738,0.43204111553574653,2.001763662099005,1.9980421985512744,-0.08946081460713595,2.251314188189825,1.704740465679778,-1.7124382750593963,-2.5108751627956853,3.2614812452174617,0.28929895543023215,-0.05385222978404784,0.5475348759144384,3.7979303238610482,-1.79325506358873,-1.5642910457586028,-0.356187591362879,1.295679242810305,0.2559051095152783,-1.180195715560903,0.24226601069868972,0.15312410657185263,-0.5747313027660732,0.11672940940621729,0.24473137601963865,2.2465190762975524,-3.9745601456065773,1.475989334985223}]
Set[{A021,A031,A032,A041,A042,A043,A121,A131,A132,A141,A142,A143,B021,B031,B032,B041,B042,B043,B121,B131,B132,B141,B142,B143,\[Alpha]1,\[Alpha]2,\[Alpha]3,\[Alpha]4,\[Beta]11,\[Beta]12,\[Beta]13,\[Beta]14,\[Beta]21,\[Beta]22,\[Beta]23,\[Beta]24,\[Beta]31,\[Beta]32,\[Beta]33,\[Beta]34,\[Beta]41,\[Beta]42,\[Beta]43,\[Beta]44},{0.13949880791339844,0.7592673830257325,-0.4185626608272868,4.9426049515321235,-4.866533106653845,0.9167875444904631,0.9999999212299759,-0.05143095492693783,1.0514304446155927,0.4738703241986415,0.6079397136008439,-0.08181003053733446,0.1153728468722241,1.5854512469667765,1.4876122880589364,3.8431291282183113,0.5915591040507738,0.43204111553574653,2.001763662099005,1.9980421985512744,-0.08946081460713595,2.251314188189825,1.704740465679778,-1.7124382750593963,-2.5108751627956853,3.2614812452174617,0.28929895543023215,-0.05385222978404784,0.5475348759144384,3.7979303238610482,-1.79325506358873,-1.5642910457586028,-0.356187591362879,1.295679242810305,0.2559051095152783,-1.180195715560903,0.24226601069868972,0.15312410657185263,-0.5747313027660732,0.11672940940621729,0.24473137601963865,2.2465190762975524,-3.9745601456065773,1.475989334985223}]

Max g: 0.6951224952900179
f_41([0.142259,0.725101,-0.425049,4.99514,-4.9429,0.933064,1.0,-0.0688852,1.06889,0.490305,0.578027,-0.0683318,0.108489,1.5674,1.48741,3.85299,0.476673,0.434993,2.03131,2.03092,-0.0880465,2.28664,1.71357,-1.71939,-2.52646,3.28778,0.299635,-0.0587245,0.499822,3.72837,-1.7341,-1.54303,-0.346933,1.24753,0.263689,-1.1458,0.275605,0.166416,-0.535101,0.0807885,0.250111,2.32592,-4.0556,1.47473])
1.8463487804423575
Max g: 0.7121041587747301
f_42([0.140332,0.700386,-0.401736,5.0,-4.92677,0.885061,1.0,-0.0395956,1.0396,0.489081,0.563319,-0.0523995,0.0879728,1.54486,1.45141,3.98346,0.362673,0.399546,2.02923,2.02975,-0.0868135,2.27541,1.72787,-1.7321,-2.57133,3.31361,0.351234,-0.0744912,0.540473,3.71255,-1.7302,-1.54035,-0.339535,1.24566,0.232508,-1.12708,0.283442,0.163121,-0.526325,0.0772964,0.232917,2.33382,-4.10848,1.52366])
1.844758728206657
Max g: 0.7140925072785115
f_43([0.148455,0.677033,-0.453576,4.99028,-4.91617,0.90489,1.0,-0.00376209,1.00376,0.478524,0.578824,-0.0573487,0.0908765,1.5521,1.4551,4.01666,0.410167,0.386821,2.03421,2.03223,-0.0859446,2.28346,1.72481,-1.73309,-2.57843,3.31269,0.344549,-0.0708921,0.543656,3.70899,-1.71577,-1.55269,-0.347421,1.24708,0.25408,-1.14591,0.281877,0.172246,-0.565433,0.1003,0.267437,2.33278,-4.14665,1.54912])
1.875466612008621
Max g: 0.7071125405939693
f_44([0.146552,0.720522,-0.446306,4.95107,-4.84237,0.889668,1.0,-0.0785907,1.07859,0.415,0.644284,-0.0592837,0.0761781,1.56151,1.44329,3.91842,0.527131,0.373716,2.03724,2.03704,-0.0845138,2.27927,1.70248,-1.70381,-2.58863,3.2781,0.394405,-0.0895753,0.57318,3.72986,-1.78336,-1.5161,-0.324603,1.37399,0.165367,-1.18452,0.290174,0.189916,-0.577828,0.0966956,0.257143,2.30494,-4.14073,1.5769])
1.8348209017335295
Max g: 0.7087834633254873
f_45([0.144518,0.731836,-0.446496,4.9801,-4.90012,0.919363,1.0,-0.0908717,1.09087,0.408567,0.653958,-0.0625246,0.0798047,1.51599,1.45284,3.85877,0.519607,0.325899,2.0323,2.03232,-0.0840314,2.27831,1.69225,-1.69298,-2.58193,3.29773,0.385308,-0.0866564,0.563034,3.75118,-1.81138,-1.50474,-0.3696,1.44578,0.148784,-1.22476,0.295499,0.214354,-0.60341,0.0950688,0.267759,2.33389,-4.16935,1.5713])
1.8174297054055564
Max g: 0.7060132491209179
f_46([0.143135,0.736358,-0.447867,5.0,-4.94368,0.924674,1.0,-0.0691225,1.06912,0.43796,0.623886,-0.0618461,0.0792911,1.53675,1.46736,3.96249,0.456118,0.380096,2.03432,2.03665,-0.0839174,2.27534,1.67496,-1.67242,-2.62007,3.31061,0.385882,-0.0870113,0.54231,3.78922,-1.82885,-1.52154,-0.34817,1.49242,0.115273,-1.24031,0.30282,0.221681,-0.587022,0.0775284,0.251746,2.31989,-4.16592,1.58935])
1.8309451494090099
Max g: 0.7121873820034026
f_47([0.141718,0.749984,-0.460497,4.94024,-4.86764,0.924012,1.0,-0.0572814,1.05728,0.387327,0.671514,-0.0588405,0.0823191,1.57325,1.48389,3.90025,0.594212,0.388323,2.02097,2.01698,-0.0847891,2.26938,1.68951,-1.69249,-2.61711,3.34079,0.364675,-0.0809519,0.571483,3.7653,-1.83482,-1.50179,-0.356685,1.50466,0.101243,-1.23497,0.290893,0.208486,-0.597414,0.0915015,0.305121,2.31348,-4.1438,1.55462])
1.8377028714107364
Max g: 0.7025742541798213
f_48([0.146764,0.754605,-0.490897,4.96659,-4.86445,0.892915,1.0,0.0289305,0.971069,0.460628,0.602802,-0.0634299,0.0856303,1.58712,1.50451,3.86284,0.621407,0.354085,1.99971,1.99904,-0.0851544,2.23224,1.69444,-1.69523,-2.62116,3.34202,0.371599,-0.0887573,0.617404,3.75306,-1.83707,-1.49873,-0.321953,1.51127,0.0990408,-1.24951,0.307683,0.212498,-0.612121,0.097074,0.213942,2.35711,-4.16457,1.563])
1.8644356246234495
Max g: 0.6974505837722993
f_49([0.130982,0.804756,-0.407339,4.98384,-4.93954,0.927029,1.0,-0.00635866,1.00636,0.479777,0.580526,-0.060303,0.087646,1.63249,1.56847,3.83309,0.668597,0.412114,2.00389,2.00276,-0.0853848,2.24944,1.72106,-1.72264,-2.70563,3.3937,0.36195,-0.0924758,0.589907,3.76305,-1.86039,-1.47607,-0.377055,1.54173,0.0893974,-1.25447,0.367573,0.200819,-0.62369,0.113039,0.240967,2.34154,-4.13084,1.53249])
1.8323364451152477
Max g: 0.6901681127419541
f_50([0.130411,0.772259,-0.368338,5.0,-4.90188,0.873924,1.0,-0.110038,1.11004,0.50028,0.568059,-0.0683393,0.0861041,1.67433,1.56954,3.80078,0.659726,0.345503,1.98621,1.98901,-0.0858114,2.22835,1.7037,-1.70246,-2.75822,3.4693,0.381442,-0.10998,0.572323,3.77015,-1.85905,-1.47445,-0.388948,1.53344,0.117163,-1.26622,0.344888,0.174864,-0.612075,0.12445,0.21453,2.33769,-4.13763,1.55292])
1.786920578133055
{0.13041142484784327,0.7722586543033662,-0.3683381648460153,5.0,-4.90188270351199,0.8739235399540102,1.0,-0.11003810737193474,1.110038107371935,0.5002800830288497,0.5680591933051573,-0.0683392763340069,0.0861040656488522,1.6743273723412144,1.5695433700965717,3.800783581041799,0.6597258686380969,0.34550313528000576,1.9862055580433746,1.9890079566565,-0.08581140243540845,2.2283546562609464,1.7036966149123773,-1.702463524849314,-2.7582178060639504,3.4692993820793134,0.3814418558531874,-0.10998025396913223,0.5723225835269454,3.7701543224739353,-1.8590532119148817,-1.474446807885243,-0.3889482513906842,1.5334385313329582,0.11716331840166799,-1.2662245435720816,0.34488807232003266,0.17486413948731896,-0.6120752867430145,0.12445000225981384,0.21452965860319037,2.337690050978112,-4.137629505375578,1.5529206441740742}]
Set[{A021,A031,A032,A041,A042,A043,A121,A131,A132,A141,A142,A143,B021,B031,B032,B041,B042,B043,B121,B131,B132,B141,B142,B143,\[Alpha]1,\[Alpha]2,\[Alpha]3,\[Alpha]4,\[Beta]11,\[Beta]12,\[Beta]13,\[Beta]14,\[Beta]21,\[Beta]22,\[Beta]23,\[Beta]24,\[Beta]31,\[Beta]32,\[Beta]33,\[Beta]34,\[Beta]41,\[Beta]42,\[Beta]43,\[Beta]44},{0.13041142484784327,0.7722586543033662,-0.3683381648460153,5.0,-4.90188270351199,0.8739235399540102,1.0,-0.11003810737193474,1.110038107371935,0.5002800830288497,0.5680591933051573,-0.0683392763340069,0.0861040656488522,1.6743273723412144,1.5695433700965717,3.800783581041799,0.6597258686380969,0.34550313528000576,1.9862055580433746,1.9890079566565,-0.08581140243540845,2.2283546562609464,1.7036966149123773,-1.702463524849314,-2.7582178060639504,3.4692993820793134,0.3814418558531874,-0.10998025396913223,0.5723225835269454,3.7701543224739353,-1.8590532119148817,-1.474446807885243,-0.3889482513906842,1.5334385313329582,0.11716331840166799,-1.2662245435720816,0.34488807232003266,0.17486413948731896,-0.6120752867430145,0.12445000225981384,0.21452965860319037,2.337690050978112,-4.137629505375578,1.5529206441740742}]

Max g: 0.6872388550041182
f_51([0.126069,0.789686,-0.329099,4.98744,-4.888,0.894606,1.0,-0.0421496,1.04215,0.552747,0.506229,-0.0589754,0.0837915,1.67992,1.55662,3.80869,0.64409,0.2526,1.97777,1.97388,-0.0875309,2.23653,1.70599,-1.71216,-2.75478,3.46784,0.396736,-0.121078,0.544998,3.77552,-1.85623,-1.47793,-0.394428,1.53384,0.11763,-1.25571,0.33017,0.15075,-0.575807,0.111294,0.296785,2.34098,-4.11253,1.4948])
1.8338271190862168
Max g: 0.6862365063768289
f_52([0.12256,0.815249,-0.317687,4.99198,-4.93599,0.917594,1.0,-0.0230437,1.02304,0.538022,0.527778,-0.0657995,0.0905488,1.66101,1.56698,3.79429,0.622892,0.185362,1.98277,1.9832,-0.0873578,2.2354,1.71348,-1.71629,-2.73946,3.46064,0.385696,-0.120266,0.566953,3.72482,-1.84671,-1.4433,-0.410659,1.5888,0.108655,-1.29734,0.342973,0.163106,-0.599324,0.121584,0.249923,2.31493,-4.08554,1.51255])
1.8298519884969657
Max g: 0.6853657373067235
{0.14451771319668852,0.7318363239944352,-0.4464964790268855,4.9801008585014195,-4.900119656721653,0.9193627337709327,0.9999999999999996,-0.09087171726106592,1.0908717172610656,0.4085669183211272,0.6539576775438267,-0.06252459586495461,0.07980474667535901,1.5159874687495294,1.4528395498705693,3.858768832499314,0.5196065619782639,0.3258993612369866,2.0323045098839914,2.0323153567528167,-0.08403138522185381,2.2783067217300825,1.6922507012248194,-1.6929776747528769,-2.581926573060752,3.2977266729038783,0.38530765490509544,-0.0866564288029416,0.5630340301939852,3.751182029611389,-1.8113793444132433,-1.5047396536834876,-0.3695995650949774,1.4457791221148657,0.1487844253747611,-1.224755887182247,0.2954990934818319,0.21435433440178783,-0.6034099387198493,0.09506885366232971,0.2677587280049605,2.3338887996027817,-4.169354607348492,1.571299888181783}]
Set[{A021,A031,A032,A041,A042,A043,A121,A131,A132,A141,A142,A143,B021,B031,B032,B041,B042,B043,B121,B131,B132,B141,B142,B143,\[Alpha]1,\[Alpha]2,\[Alpha]3,\[Alpha]4,\[Beta]11,\[Beta]12,\[Beta]13,\[Beta]14,\[Beta]21,\[Beta]22,\[Beta]23,\[Beta]24,\[Beta]31,\[Beta]32,\[Beta]33,\[Beta]34,\[Beta]41,\[Beta]42,\[Beta]43,\[Beta]44},{0.14451771319668852,0.7318363239944352,-0.4464964790268855,4.9801008585014195,-4.900119656721653,0.9193627337709327,0.9999999999999996,-0.09087171726106592,1.0908717172610656,0.4085669183211272,0.6539576775438267,-0.06252459586495461,0.07980474667535901,1.5159874687495294,1.4528395498705693,3.858768832499314,0.5196065619782639,0.3258993612369866,2.0323045098839914,2.0323153567528167,-0.08403138522185381,2.2783067217300825,1.6922507012248194,-1.6929776747528769,-2.581926573060752,3.2977266729038783,0.38530765490509544,-0.0866564288029416,0.5630340301939852,3.751182029611389,-1.8113793444132433,-1.5047396536834876,-0.3695995650949774,1.4457791221148657,0.1487844253747611,-1.224755887182247,0.2954990934818319,0.21435433440178783,-0.6034099387198493,0.09506885366232971,0.2677587280049605,2.3338887996027817,-4.169354607348492,1.571299888181783}]


-----------------Final Result------------------
Options: alg=LN_AUGLAG_EQ,dx=0.01,max_eval=100000000,popSize=0
imin=-1,jmin=-4,imax=1,jmax=4,
parameter_minmax=5,
randSeed=85620659,rand_minmax=3,
END_C=true, INEQ_C=true

5202593 steps

Completed with maxf : 1.8174297054055564

Constraints at 0.7060132493442683

x = [0.14451771319668852,0.7318363239944352,-0.4464964790268855,4.9801008585014195,-4.900119656721653,0.9193627337709327,0.9999999999999996,-0.09087171726106592,1.0908717172610656,0.4085669183211272,0.6539576775438267,-0.06252459586495461,0.07980474667535901,1.5159874687495294,1.4528395498705693,3.858768832499314,0.5196065619782639,0.3258993612369866,2.0323045098839914,2.0323153567528167,-0.08403138522185381,2.2783067217300825,1.6922507012248194,-1.6929776747528769,-2.581926573060752,3.2977266729038783,0.38530765490509544,-0.0866564288029416,0.5630340301939852,3.751182029611389,-1.8113793444132433,-1.5047396536834876,-0.3695995650949774,1.4457791221148657,0.1487844253747611,-1.224755887182247,0.2954990934818319,0.21435433440178783,-0.6034099387198493,0.09506885366232971,0.2677587280049605,2.3338887996027817,-4.169354607348492,1.571299888181783]
c0 = [0.0,0.14451771319668852,0.2853398449675497,0.9993439355506988]
c1 = [0.0,0.9999999999999996,0.9999999999999997,0.9999999999999993]
A0 = [0.0,0.14451771319668852,0.7318363239944352,4.9801008585014195,0.0,0.0,-0.4464964790268855,-4.900119656721653,0.0,0.0,0.0,0.9193627337709327,0.0,0.0,0.0,0.0]
A1 = [0.0,0.9999999999999996,-0.09087171726106592,0.4085669183211272,0.0,0.0,1.0908717172610656,0.6539576775438267,0.0,0.0,0.0,-0.06252459586495461,0.0,0.0,0.0,0.0]
B0 = [0.0,0.07980474667535901,1.5159874687495294,3.858768832499314,0.0,0.0,1.4528395498705693,0.5196065619782639,0.0,0.0,0.0,0.3258993612369866,0.0,0.0,0.0,0.0]
B1 = [0.0,2.0323045098839914,2.0323153567528167,2.2783067217300825,0.0,0.0,-0.08403138522185381,1.6922507012248194,0.0,0.0,0.0,-1.6929776747528769,0.0,0.0,0.0,0.0]
α  = [-2.581926573060752,3.2977266729038783,0.38530765490509544,-0.0866564288029416]
β1 = [0.5630340301939852,3.751182029611389,-1.8113793444132433,-1.5047396536834876]
β2 = [-0.3695995650949774,1.4457791221148657,0.1487844253747611,-1.224755887182247]
β3 = [0.2954990934818319,0.21435433440178783,-0.6034099387198493,0.09506885366232971]
β4 = [0.2677587280049605,2.3338887996027817,-4.169354607348492,1.571299888181783]


Set[{A021,A031,A032,A041,A042,A043,A121,A131,A132,A141,A142,A143,B021,B031,B032,B041,B042,B043,B121,B131,B132,B141,B142,B143,\[Alpha]1,\[Alpha]2,\[Alpha]3,\[Alpha]4,\[Beta]11,\[Beta]12,\[Beta]13,\[Beta]14,\[Beta]21,\[Beta]22,\[Beta]23,\[Beta]24,\[Beta]31,\[Beta]32,\[Beta]33,\[Beta]34,\[Beta]41,\[Beta]42,\[Beta]43,\[Beta]44},{0.14451771319668852,0.7318363239944352,-0.4464964790268855,4.9801008585014195,-4.900119656721653,0.9193627337709327,0.9999999999999996,-0.09087171726106592,1.0908717172610656,0.4085669183211272,0.6539576775438267,-0.06252459586495461,0.07980474667535901,1.5159874687495294,1.4528395498705693,3.858768832499314,0.5196065619782639,0.3258993612369866,2.0323045098839914,2.0323153567528167,-0.08403138522185381,2.2783067217300825,1.6922507012248194,-1.6929776747528769,-2.581926573060752,3.2977266729038783,0.38530765490509544,-0.0866564288029416,0.5630340301939852,3.751182029611389,-1.8113793444132433,-1.5047396536834876,-0.3695995650949774,1.4457791221148657,0.1487844253747611,-1.224755887182247,0.2954990934818319,0.21435433440178783,-0.6034099387198493,0.09506885366232971,0.2677587280049605,2.3338887996027817,-4.169354607348492,1.571299888181783}]



