
-----------------Setup------------------
Options: alg=LN_AUGLAG_EQ,dx=0.01,max_eval=100000000,popSize=0
imin=-6,jmin=-3,imax=1,jmax=3,
parameter_minmax=5,
randSeed=96404329, rand_minmax=1

Initial Condition:

[0.254853,0.219629,0.366237,0.501918,0.518613,0.947585,0.229618,-0.420622,-0.0733126,0.550667,0.885165,-0.746693,-0.284913,0.793372,0.531961,-0.221868,0.739461,-0.345592,0.313736,0.555811,0.237618,-0.483567,0.385842,-0.587562,-0.455645,0.836281,0.400385,-0.11926,0.470536,-0.111592,-0.946968,0.496414,-0.306873,0.543407,0.841539,0.43434,-0.182218,0.880981,-0.935484,-0.884718,0.969925,-0.531963,-0.465893,0.837211]

f_1([0.100412,0.26142,0.493361,2.16478,-0.672359,-1.05785,0.125912,-0.0251239,0.545979,0.0237772,1.0003,-0.024078,0.0699907,1.47695,0.192488,0.144769,0.280075,0.048853,0.920935,0.735747,-0.350059,0.899258,0.0339856,0.899088,-0.69467,1.21629,0.543697,-0.0687047,1.21437,-1.75609,0.868778,0.70343,-1.50964,1.70717,0.226701,-0.41169,-0.0025552,1.78889,-1.04434,-0.702479,2.00017,-1.2656,-1.73391,0.99825])
28.488254241029573
Max g: 0.09938295883093362
f_2([0.157147,0.16447,0.410745,2.08648,-0.67073,-1.18482,0.156107,0.0701002,0.502286,0.084546,0.972891,-0.0574171,0.0558713,1.3844,0.262387,0.0590406,0.020637,-0.342351,0.621815,0.831439,-0.474761,0.422634,0.377952,0.859372,-0.741673,1.2679,0.553185,-0.080565,1.53345,-2.44538,1.25922,0.649912,-2.00353,2.55198,-0.220279,-0.325689,-0.54296,2.44609,-1.25311,-0.650246,2.35934,-2.09218,-1.34983,1.08212])
23.886708078072445
Max g: 0.06128603194231452
f_3([0.172337,0.157422,0.433052,2.07317,-0.631747,-1.19766,0.230611,0.23178,0.44163,0.194975,0.911598,-0.106581,0.0835944,1.38431,0.33688,0.0932793,0.00788719,-0.359646,0.54211,0.899305,-0.586667,0.0240662,0.682843,0.866227,-0.715838,1.29708,0.50518,-0.0869882,1.69702,-2.80505,1.42406,0.683754,-2.2687,3.22386,-0.604929,-0.350629,-0.701773,2.80527,-1.41972,-0.68401,2.55762,-2.99364,-0.754179,1.19074])
16.78749872419007
Max g: 0.020586939389373282
f_4([0.181257,0.153631,0.445843,2.07049,-0.633192,-1.20694,0.305609,0.411798,0.404434,0.284472,0.850718,-0.135181,0.105755,1.38837,0.384184,0.0986518,0.0129188,-0.345697,0.514552,0.995856,-0.714398,-0.309,0.957353,0.880009,-0.690335,1.30425,0.474536,-0.0883595,1.75201,-2.91242,1.44845,0.711663,-2.3686,3.61822,-0.86361,-0.386746,-0.755618,2.90895,-1.44351,-0.711081,2.57883,-3.66886,-0.183798,1.2747])
13.166814225458758
Max g: 0.031153113606008698
f_5([0.18489,0.154513,0.462155,2.07421,-0.636975,-1.20681,0.283107,0.486235,0.370838,0.233322,0.728675,-0.133973,0.127119,1.40234,0.415379,0.097486,0.0219459,-0.347045,0.507719,1.0306,-0.736832,-0.411573,1.05082,0.890721,-0.676691,1.31036,0.448722,-0.0823598,1.77937,-2.9435,1.46828,0.695801,-2.37796,3.5624,-0.817972,-0.366812,-0.780022,2.9445,-1.46838,-0.696086,2.56523,-3.89839,0.050834,1.28218])
14.956370860738522
Max g: 0.014321684946726754
f_6([0.186012,0.157014,0.467086,2.07442,-0.638518,-1.22269,0.251658,0.469498,0.357586,0.177123,0.667445,-0.103575,0.135904,1.41143,0.425007,0.0972618,0.0275529,-0.313824,0.506364,1.0291,-0.736175,-0.408907,1.04932,0.888857,-0.667795,1.31452,0.438474,-0.0851669,1.78645,-2.97271,1.48701,0.699219,-2.37043,3.46038,-0.738655,-0.35137,-0.786237,2.97234,-1.48691,-0.699163,2.56928,-3.88427,0.0352508,1.27968])
16.596789468812084
Max g: 0.0021463234474274895
f_7([0.185609,0.156748,0.467267,2.07411,-0.638757,-1.22356,0.25654,0.472631,0.359089,0.185602,0.674678,-0.1053,0.134526,1.4106,0.423942,0.0951758,0.0272123,-0.314725,0.506394,1.02943,-0.736316,-0.409565,1.05022,0.888841,-0.667897,1.31498,0.439577,-0.0866529,1.78584,-2.96808,1.48393,0.698315,-2.3729,3.47843,-0.75182,-0.353713,-0.785798,2.96804,-1.48394,-0.698313,2.56954,-3.8863,0.0372021,1.27958])
16.346664261418795
Max g: 8.617016015577406e-5
f_8([0.185608,0.156736,0.467235,2.07411,-0.638747,-1.22357,0.256511,0.472647,0.359057,0.185649,0.674705,-0.105444,0.134482,1.4106,0.423965,0.0952089,0.0268675,-0.315122,0.506389,1.02943,-0.736308,-0.409557,1.05022,0.88884,-0.667901,1.31499,0.439574,-0.0866596,1.78587,-2.96812,1.48394,0.698309,-2.37283,3.47822,-0.75171,-0.353676,-0.785868,2.96811,-1.48393,-0.698308,2.56957,-3.88633,0.0371897,1.27956])
16.351250056372997
Max g: 4.4960738972810166e-5
f_9([0.185612,0.156743,0.46723,2.0741,-0.638777,-1.22355,0.256423,0.472591,0.359032,0.185526,0.674574,-0.105435,0.134504,1.41062,0.423971,0.095227,0.0268843,-0.315116,0.506387,1.02942,-0.736303,-0.409556,1.05022,0.888843,-0.667901,1.31498,0.439557,-0.0866365,1.7859,-2.96821,1.48399,0.698316,-2.37273,3.4778,-0.751454,-0.353612,-0.785908,2.96822,-1.48399,-0.698317,2.56959,-3.88631,0.0371619,1.27955])
16.355237704159258
Max g: 4.40201526563655e-6
f_10([0.185612,0.156743,0.46723,2.0741,-0.638777,-1.22355,0.256423,0.472591,0.359032,0.185526,0.674574,-0.105434,0.134504,1.41062,0.423971,0.095227,0.0268843,-0.315116,0.506387,1.02942,-0.736303,-0.409556,1.05022,0.888843,-0.667901,1.31498,0.439557,-0.0866365,1.7859,-2.96821,1.48399,0.698316,-2.37273,3.4778,-0.751454,-0.353612,-0.785908,2.96822,-1.48399,-0.698317,2.56959,-3.88631,0.0371619,1.27955])
16.355237704159258
{0.18561200449887644,0.1567429923491929,0.467229845990203,2.0741019648127628,-0.6387770551295996,-1.223551234494364,0.2564228723584595,0.4725913291642219,0.3590322584256177,0.18552589503020328,0.6745736958407214,-0.10543442938221192,0.13450427141077692,1.4106246425424913,0.4239713425649207,0.09522696806162635,0.02688431915742284,-0.3151159159626168,0.5063868728923765,1.029421833019308,-0.7363034492921838,-0.40955623022318566,1.0502177950366487,0.8888434403157495,-0.6679007040005809,1.3149812982078635,0.43955721695966904,-0.08663646964724292,1.7859042620012162,-2.968211862022444,1.4839919591012918,0.6983156134771018,-2.372728656720365,3.4777951988930216,-0.7514537448090232,-0.35361198716698905,-0.7859082266158344,2.9682203618839273,-1.4839946573378966,-0.6983172002518155,2.5695923127551823,-3.8863055613029696,0.03716186201530624,1.2795513340975966}]
Set[{A021,A031,A032,A041,A042,A043,A121,A131,A132,A141,A142,A143,B021,B031,B032,B041,B042,B043,B121,B131,B132,B141,B142,B143,\[Alpha]1,\[Alpha]2,\[Alpha]3,\[Alpha]4,\[Beta]11,\[Beta]12,\[Beta]13,\[Beta]14,\[Beta]21,\[Beta]22,\[Beta]23,\[Beta]24,\[Beta]31,\[Beta]32,\[Beta]33,\[Beta]34,\[Beta]41,\[Beta]42,\[Beta]43,\[Beta]44},{0.18561200449887644,0.1567429923491929,0.467229845990203,2.0741019648127628,-0.6387770551295996,-1.223551234494364,0.2564228723584595,0.4725913291642219,0.3590322584256177,0.18552589503020328,0.6745736958407214,-0.10543442938221192,0.13450427141077692,1.4106246425424913,0.4239713425649207,0.09522696806162635,0.02688431915742284,-0.3151159159626168,0.5063868728923765,1.029421833019308,-0.7363034492921838,-0.40955623022318566,1.0502177950366487,0.8888434403157495,-0.6679007040005809,1.3149812982078635,0.43955721695966904,-0.08663646964724292,1.7859042620012162,-2.968211862022444,1.4839919591012918,0.6983156134771018,-2.372728656720365,3.4777951988930216,-0.7514537448090232,-0.35361198716698905,-0.7859082266158344,2.9682203618839273,-1.4839946573378966,-0.6983172002518155,2.5695923127551823,-3.8863055613029696,0.03716186201530624,1.2795513340975966}]

Max g: 4.431889201628181e-6
{0.18561182061178988,0.15674283895075566,0.4672303190312629,2.0741055723173725,-0.6387771655772243,-1.2235510565189451,0.25642282316651777,0.47259121735943055,0.35903207901953815,0.18552543915723077,0.6745736880485947,-0.1054338807458157,0.1345043564333114,1.4106249004473523,0.4239716276116891,0.09522892018630975,0.026886041013620358,-0.31511397528770035,0.5063869084736877,1.0294218523476466,-0.7363035882548292,-0.4095561579974505,1.0502176549265982,0.8888434571683972,-0.667901456296847,1.31498116012076,0.4395570313506383,-0.08663659256495526,1.7859042248158694,-2.9682118909642,1.4839919390075529,0.6983159337888527,-2.3727286875667986,3.4777953911214263,-0.7514541311778533,-0.3536120260616499,-0.7859084158469182,2.968220324714149,-1.4839944279387123,-0.6983172743047301,2.569592380059495,-3.8863052592187346,0.037161820951290385,1.2795514095567642}]
Set[{A021,A031,A032,A041,A042,A043,A121,A131,A132,A141,A142,A143,B021,B031,B032,B041,B042,B043,B121,B131,B132,B141,B142,B143,\[Alpha]1,\[Alpha]2,\[Alpha]3,\[Alpha]4,\[Beta]11,\[Beta]12,\[Beta]13,\[Beta]14,\[Beta]21,\[Beta]22,\[Beta]23,\[Beta]24,\[Beta]31,\[Beta]32,\[Beta]33,\[Beta]34,\[Beta]41,\[Beta]42,\[Beta]43,\[Beta]44},{0.18561182061178988,0.15674283895075566,0.4672303190312629,2.0741055723173725,-0.6387771655772243,-1.2235510565189451,0.25642282316651777,0.47259121735943055,0.35903207901953815,0.18552543915723077,0.6745736880485947,-0.1054338807458157,0.1345043564333114,1.4106249004473523,0.4239716276116891,0.09522892018630975,0.026886041013620358,-0.31511397528770035,0.5063869084736877,1.0294218523476466,-0.7363035882548292,-0.4095561579974505,1.0502176549265982,0.8888434571683972,-0.667901456296847,1.31498116012076,0.4395570313506383,-0.08663659256495526,1.7859042248158694,-2.9682118909642,1.4839919390075529,0.6983159337888527,-2.3727286875667986,3.4777953911214263,-0.7514541311778533,-0.3536120260616499,-0.7859084158469182,2.968220324714149,-1.4839944279387123,-0.6983172743047301,2.569592380059495,-3.8863052592187346,0.037161820951290385,1.2795514095567642}]


-----------------Final Result------------------
Options: alg=LN_AUGLAG_EQ,dx=0.01,max_eval=100000000,popSize=0
imin=-6,jmin=-3,imax=1,jmax=3,
parameter_minmax=5,
randSeed=96404329,rand_minmax=1

1023640 steps

Completed with maxf : 16.355237704159258

Constraints at 4.59022488219496e-6

x = [0.18561182061178988,0.15674283895075566,0.4672303190312629,2.0741055723173725,-0.6387771655772243,-1.2235510565189451,0.25642282316651777,0.47259121735943055,0.35903207901953815,0.18552543915723077,0.6745736880485947,-0.1054338807458157,0.1345043564333114,1.4106249004473523,0.4239716276116891,0.09522892018630975,0.026886041013620358,-0.31511397528770035,0.5063869084736877,1.0294218523476466,-0.7363035882548292,-0.4095561579974505,1.0502176549265982,0.8888434571683972,-0.667901456296847,1.31498116012076,0.4395570313506383,-0.08663659256495526,1.7859042248158694,-2.9682118909642,1.4839919390075529,0.6983159337888527,-2.3727286875667986,3.4777953911214263,-0.7514541311778533,-0.3536120260616499,-0.7859084158469182,2.968220324714149,-1.4839944279387123,-0.6983172743047301,2.569592380059495,-3.8863052592187346,0.037161820951290385,1.2795514095567642]
c0 = [0.0,0.18561182061178988,0.6239731579820186,0.21177735022120303]
c1 = [0.0,0.25642282316651777,0.8316232963789687,0.7546652464600099]
A0 = [0.0,0.18561182061178988,0.15674283895075566,2.0741055723173725,0.0,0.0,0.4672303190312629,-0.6387771655772243,0.0,0.0,0.0,-1.2235510565189451,0.0,0.0,0.0,0.0]
A1 = [0.0,0.25642282316651777,0.47259121735943055,0.18552543915723077,0.0,0.0,0.35903207901953815,0.6745736880485947,0.0,0.0,0.0,-0.1054338807458157,0.0,0.0,0.0,0.0]
B0 = [0.0,0.1345043564333114,1.4106249004473523,0.09522892018630975,0.0,0.0,0.4239716276116891,0.026886041013620358,0.0,0.0,0.0,-0.31511397528770035,0.0,0.0,0.0,0.0]
B1 = [0.0,0.5063869084736877,1.0294218523476466,-0.4095561579974505,0.0,0.0,-0.7363035882548292,1.0502176549265982,0.0,0.0,0.0,0.8888434571683972,0.0,0.0,0.0,0.0]
α  = [-0.667901456296847,1.31498116012076,0.4395570313506383,-0.08663659256495526]
β1 = [1.7859042248158694,-2.9682118909642,1.4839919390075529,0.6983159337888527]
β2 = [-2.3727286875667986,3.4777953911214263,-0.7514541311778533,-0.3536120260616499]
β3 = [-0.7859084158469182,2.968220324714149,-1.4839944279387123,-0.6983172743047301]
β4 = [2.569592380059495,-3.8863052592187346,0.037161820951290385,1.2795514095567642]


Set[{A021,A031,A032,A041,A042,A043,A121,A131,A132,A141,A142,A143,B021,B031,B032,B041,B042,B043,B121,B131,B132,B141,B142,B143,\[Alpha]1,\[Alpha]2,\[Alpha]3,\[Alpha]4,\[Beta]11,\[Beta]12,\[Beta]13,\[Beta]14,\[Beta]21,\[Beta]22,\[Beta]23,\[Beta]24,\[Beta]31,\[Beta]32,\[Beta]33,\[Beta]34,\[Beta]41,\[Beta]42,\[Beta]43,\[Beta]44},{0.18561182061178988,0.15674283895075566,0.4672303190312629,2.0741055723173725,-0.6387771655772243,-1.2235510565189451,0.25642282316651777,0.47259121735943055,0.35903207901953815,0.18552543915723077,0.6745736880485947,-0.1054338807458157,0.1345043564333114,1.4106249004473523,0.4239716276116891,0.09522892018630975,0.026886041013620358,-0.31511397528770035,0.5063869084736877,1.0294218523476466,-0.7363035882548292,-0.4095561579974505,1.0502176549265982,0.8888434571683972,-0.667901456296847,1.31498116012076,0.4395570313506383,-0.08663659256495526,1.7859042248158694,-2.9682118909642,1.4839919390075529,0.6983159337888527,-2.3727286875667986,3.4777953911214263,-0.7514541311778533,-0.3536120260616499,-0.7859084158469182,2.968220324714149,-1.4839944279387123,-0.6983172743047301,2.569592380059495,-3.8863052592187346,0.037161820951290385,1.2795514095567642}]



