
-----------------Setup------------------
Options: alg=LN_AUGLAG_EQ,dx=0.01,max_eval=100000000,popSize=0
imin=-6,jmin=-3,imax=1,jmax=3,
parameter_minmax=5,
randSeed=76903934, rand_minmax=2

Initial Condition:

[0.71538,-1.84672,1.2731,-0.43289,1.78364,-0.350155,-0.17836,0.733123,1.79412,1.07784,0.91418,-0.795423,1.26888,-0.42013,1.68033,1.76793,0.586712,-0.0445182,-1.04447,0.589965,0.413837,-1.98647,-0.375118,-0.826337,0.827074,1.09898,-0.916257,-0.434183,1.69081,0.770306,0.13866,-1.38923,0.95407,-0.365292,0.441202,-0.0173526,1.62256,1.01756,1.59822,-0.772094,1.98733,1.75656,-1.99748,-1.21894]

f_1([0.835002,-1.85336,2.01318,-1.09865,3.88523,-1.89522,1.0,-0.022943,0.0231027,0.435321,-0.0263806,-0.13255,1.69327,-0.738787,0.530423,2.84235,-0.720853,-1.19887,2.07829,1.7736,0.260741,1.37804,0.924362,-1.05803,0.590841,0.460253,-0.312374,0.215029,1.56602,1.31648,-0.670653,-1.19731,-1.03335,-0.611568,0.0842467,1.55722,-0.487437,-1.26294,0.640758,1.12664,0.908858,0.572244,0.732028,-2.22385])
2.799129363566666
Max g: 0.11838126385177139
f_2([0.815173,-2.02607,2.05296,-1.31751,4.07023,-2.09208,1.0,0.127001,-0.096843,0.314608,-0.0192096,-0.0148963,1.54469,-0.687187,0.389061,2.97356,-0.749322,-1.47517,1.72832,1.40572,0.318184,1.05512,0.978617,-1.08512,0.323196,0.633297,0.0410976,4.54804e-5,1.61224,1.34806,-0.598909,-1.36659,-1.30871,-0.655184,0.150404,1.82144,-0.652139,-1.3742,0.605565,1.42236,1.18255,0.680074,0.801079,-2.67373])
15.012596694524817
Max g: 0.12892927958504274
f_3([0.741608,-2.02782,2.0507,-1.3166,4.06944,-2.09138,1.0,0.123981,-0.0701741,0.296709,0.00400663,-0.0264014,1.49512,-0.683465,0.393288,2.97334,-0.74787,-1.47538,1.6299,1.30443,0.340986,0.962657,0.990443,-1.07265,0.329905,0.668799,-0.0040536,0.0052332,1.71196,1.4151,-0.563931,-1.56647,-1.45442,-0.681952,0.139692,2.00314,-0.713732,-1.41698,0.564791,1.56957,1.35405,0.728933,0.874017,-2.96324])
9.82416846862457
Max g: 0.11938005463122581
f_4([0.736207,-2.02635,2.04963,-1.31781,4.06938,-2.0924,1.0,0.129261,-0.0516671,0.289188,0.00465695,-0.0248647,1.4902,-0.684217,0.39313,2.97208,-0.748402,-1.4747,1.53592,1.20571,0.374238,0.874624,1.00766,-1.05593,0.32169,0.672867,0.000718897,0.00479082,1.80443,1.47704,-0.50087,-1.78322,-1.59921,-0.712484,0.114945,2.20151,-0.799213,-1.47458,0.500971,1.77605,1.5158,0.772326,0.963393,-3.25625])
9.613321591925962
Max g: 0.1094803380969418
f_5([0.732935,-2.025,2.05038,-1.31876,4.06953,-2.09221,1.0,0.13499,-0.0362687,0.282109,-0.000908386,-0.0172151,1.48665,-0.685898,0.39133,2.97213,-0.747642,-1.47321,1.4666,1.13603,0.409916,0.80285,1.02572,-1.03493,0.312861,0.676108,0.00700076,0.00410379,1.87523,1.52463,-0.42755,-1.97439,-1.7085,-0.732615,0.0779225,2.36688,-0.869179,-1.52187,0.42772,1.96596,1.6338,0.790383,1.04054,-3.46825])
10.088051060880463
Max g: 0.1012560526748858
f_6([0.730571,-2.02455,2.04934,-1.31784,4.06981,-2.09152,1.0,0.139936,-0.0227535,0.273726,-0.00508489,-0.0101733,1.4834,-0.684948,0.390535,2.97162,-0.749059,-1.47497,1.40967,1.07974,0.449497,0.736723,1.04501,-1.01094,0.304539,0.679019,0.012982,0.00353081,1.9342,1.56032,-0.347408,-2.14887,-1.79566,-0.74123,0.0326502,2.50769,-0.926981,-1.5569,0.347534,2.13905,1.72397,0.788485,1.10681,-3.622])
10.650608472327386
Max g: 0.09325388736605045
f_7([0.727633,-2.02412,2.04959,-1.31629,4.07003,-2.09187,1.0,0.144177,-0.0118132,0.261369,-0.00768833,-0.00123763,1.47995,-0.685787,0.390983,2.97204,-0.748557,-1.4754,1.35959,1.02805,0.495176,0.673412,1.0646,-0.983657,0.295644,0.682086,0.0196463,0.00281332,1.98256,1.58347,-0.261089,-2.30638,-1.86701,-0.740645,-0.0176362,2.62822,-0.975546,-1.58067,0.261698,2.29696,1.79137,0.773992,1.16158,-3.72894])
11.446542970465297
Max g: 0.08559316175035159
f_8([0.724873,-2.02368,2.05032,-1.3155,4.07081,-2.09051,1.0,0.147648,-0.00305868,0.246709,-0.00624485,0.00593463,1.47646,-0.685104,0.391552,2.97235,-0.74903,-1.47455,1.31598,0.980357,0.544824,0.613903,1.08263,-0.953962,0.286602,0.685365,0.026414,0.0019633,2.02085,1.59652,-0.177242,-2.44122,-1.92485,-0.732524,-0.0675781,2.72755,-1.01461,-1.59417,0.177939,2.43279,1.83872,0.750589,1.20255,-3.79326])
11.942506663881643
Max g: 0.07819459645096583
f_9([0.722764,-2.02412,2.04967,-1.31496,4.07088,-2.09039,1.0,0.150359,0.00263622,0.236756,-0.00411611,0.00796531,1.47371,-0.683024,0.393318,2.97171,-0.749967,-1.4758,1.2774,0.933573,0.597012,0.559372,1.10008,-0.925129,0.278919,0.687883,0.0326812,0.0012066,2.04928,1.60166,-0.0992554,-2.55267,-1.96931,-0.719499,-0.114339,2.80562,-1.04279,-1.5993,0.100343,2.54336,1.87053,0.725812,1.23251,-3.82968])
12.111383547629842
Max g: 0.07099675467087407
f_10([0.719684,-2.02423,2.04935,-1.31499,4.07276,-2.09056,1.0,0.152834,0.00708217,0.230372,-0.00320857,0.0083371,1.47056,-0.68222,0.393789,2.97099,-0.750119,-1.47626,1.24244,0.887923,0.649056,0.50924,1.11559,-0.897154,0.269421,0.69087,0.0403263,0.000356711,2.07118,1.60235,-0.0297491,-2.64464,-2.00553,-0.704776,-0.155075,2.86786,-1.06526,-1.60045,0.0306527,2.63643,1.89297,0.700869,1.25468,-3.84873])
12.465187597465944
{0.7196835794424725,-2.0242253844313094,2.0493462001424727,-1.3149944040866017,4.07276290516947,-2.090564831071654,0.9999997993782278,0.15283419062519454,0.007082171548424206,0.23037171118056787,-0.003208573475851482,0.008337097572809817,1.4705603455894283,-0.6822204551382816,0.39378944396977933,2.970991095377379,-0.7501186536837858,-1.476264082322274,1.2424434879625141,0.8879227307319002,0.6490558234590367,0.5092395143196153,1.115591501542682,-0.8971536093679264,0.2694211467299304,0.6908697500827468,0.04032627576060676,0.00035671115740880713,2.071179176193785,1.6023543443754324,-0.029749082054696004,-2.6446440616078313,-2.0055269740802655,-0.7047758438067273,-0.15507465715757604,2.867860486318431,-1.065262329635018,-1.6004486779763514,0.030652676223756812,2.6364264055938733,1.8929670287075984,0.7008692039161251,1.2546822343527158,-3.8487330090089027}]
Set[{A021,A031,A032,A041,A042,A043,A121,A131,A132,A141,A142,A143,B021,B031,B032,B041,B042,B043,B121,B131,B132,B141,B142,B143,\[Alpha]1,\[Alpha]2,\[Alpha]3,\[Alpha]4,\[Beta]11,\[Beta]12,\[Beta]13,\[Beta]14,\[Beta]21,\[Beta]22,\[Beta]23,\[Beta]24,\[Beta]31,\[Beta]32,\[Beta]33,\[Beta]34,\[Beta]41,\[Beta]42,\[Beta]43,\[Beta]44},{0.7196835794424725,-2.0242253844313094,2.0493462001424727,-1.3149944040866017,4.07276290516947,-2.090564831071654,0.9999997993782278,0.15283419062519454,0.007082171548424206,0.23037171118056787,-0.003208573475851482,0.008337097572809817,1.4705603455894283,-0.6822204551382816,0.39378944396977933,2.970991095377379,-0.7501186536837858,-1.476264082322274,1.2424434879625141,0.8879227307319002,0.6490558234590367,0.5092395143196153,1.115591501542682,-0.8971536093679264,0.2694211467299304,0.6908697500827468,0.04032627576060676,0.00035671115740880713,2.071179176193785,1.6023543443754324,-0.029749082054696004,-2.6446440616078313,-2.0055269740802655,-0.7047758438067273,-0.15507465715757604,2.867860486318431,-1.065262329635018,-1.6004486779763514,0.030652676223756812,2.6364264055938733,1.8929670287075984,0.7008692039161251,1.2546822343527158,-3.8487330090089027}]

Max g: 0.06430172640108989
f_11([0.722375,-2.01158,2.04674,-1.32228,4.08271,-2.08652,1.00001,0.145824,0.0136881,0.220603,-0.00139479,0.0079041,1.47473,-0.695329,0.414229,0.433849,-0.944572,-1.74789,1.19611,0.820918,0.724399,0.441349,1.13341,-0.857641,0.256342,0.689215,0.0550382,-0.000816305,2.10431,1.59759,0.0561502,-2.75979,-2.04869,-0.679042,-0.203037,2.93304,-1.11569,-1.60064,-0.0589851,2.77653,1.91656,0.66831,1.27018,-3.85525])
13.020666934092253
Max g: 0.05201532368932171
f_12([0.724262,-2.01101,2.04381,-1.32798,4.08127,-2.0867,1.0,0.173558,0.0454866,0.200307,0.00619136,0.00733803,1.47842,-0.693752,0.413283,0.43685,-0.947906,-1.75233,1.03145,0.534407,1.03724,0.217777,1.17878,-0.701174,0.239195,0.688333,0.0728482,-0.00207913,2.14914,1.57794,0.320626,-3.04786,-2.17569,-0.59173,-0.348944,3.11804,-1.15401,-1.57941,-0.321533,3.05482,1.95543,0.530673,1.3323,-3.81663])
13.259427345294695
Max g: 0.01627623983302251
f_13([0.725107,-2.0136,2.046,-1.3238,4.0814,-2.08315,0.999998,0.224342,0.0924947,0.189457,0.018692,0.00888172,1.48128,-0.687712,0.414588,0.438603,-0.943892,-1.74917,0.893888,0.217147,1.34293,0.0514823,1.19074,-0.566168,0.225527,0.688102,0.0885532,-0.00330072,2.16859,1.55403,0.506614,-3.22847,-2.28239,-0.528369,-0.449758,3.26058,-1.16852,-1.55298,-0.506501,3.22609,1.96601,0.379313,1.40246,-3.74698])
13.175387668199221
Max g: 0.050652397331097054
f_14([0.726749,-2.01563,2.04684,-1.32477,4.08188,-2.0827,1.0,0.267567,0.133751,0.192273,0.0285918,0.0078204,1.48294,-0.686043,0.413066,0.437169,-0.944926,-1.75057,0.819145,0.0157817,1.52632,-0.0325995,1.19086,-0.492588,0.218077,0.687718,0.0971721,-0.00397977,2.17081,1.53955,0.602436,-3.31098,-2.34438,-0.509304,-0.504477,3.35628,-1.16839,-1.53753,-0.6018,3.30564,1.97919,0.274743,1.45243,-3.70538])
13.010099667458658
Max g: 0.09378007050355541
f_15([0.724472,-2.01726,2.03746,-1.27764,4.0606,-2.09662,0.945083,0.25709,0.12063,0.189442,0.0209724,-0.0032984,1.48524,-0.736472,0.407302,0.394918,-0.941545,-1.7904,0.800638,-0.0298027,1.56215,-0.0537564,1.19294,-0.47954,0.209627,0.68823,0.107165,-0.00522769,2.15832,1.54628,0.613441,-3.31609,-2.33756,-0.504553,-0.514297,3.35572,-1.16577,-1.54868,-0.61447,3.32555,1.98888,0.229629,1.46799,-3.68764])
12.4896119401568
Max g: 0.09600331758800207
f_16([0.725671,-2.0223,2.03307,-1.27347,4.06046,-2.10172,0.820973,0.156793,0.0217903,0.161315,-0.002766,-0.0262781,1.47951,-0.730881,0.408913,0.392301,-0.939682,-1.78701,0.851721,0.149009,1.39928,0.00781929,1.19038,-0.533857,0.207657,0.691625,0.105187,-0.00452348,2.16568,1.6414,0.532909,-3.34061,-2.27382,-0.398668,-0.468873,3.13893,-1.16686,-1.64237,-0.533251,3.34306,1.97944,0.286777,1.42595,-3.69172])
12.28434777035896
Max g: 0.029160785248848242
f_17([0.725493,-2.0213,2.03245,-1.27374,4.06115,-2.10185,0.798299,0.134181,-0.00379639,0.153976,-0.00739752,-0.0292157,1.47887,-0.731917,0.409627,0.391524,-0.939526,-1.78675,0.871559,0.206077,1.34726,0.0304688,1.19075,-0.554273,0.208668,0.691862,0.103918,-0.00441471,2.18438,1.66407,0.508572,-3.3574,-2.22224,-0.371449,-0.448093,3.04063,-1.1845,-1.664,-0.508648,3.35758,1.97132,0.313445,1.41076,-3.69537])
12.190039900213861
Max g: 0.011533089750594305
f_18([0.725433,-2.02153,2.03208,-1.27319,4.06115,-2.10248,0.790431,0.126824,-0.0121942,0.150516,-0.00861619,-0.0294728,1.47882,-0.731962,0.408996,0.391573,-0.939535,-1.78654,0.878441,0.226177,1.32878,0.0385474,1.1905,-0.561295,0.208889,0.691912,0.103594,-0.00439513,2.19123,1.67162,0.4999,-3.36289,-2.20218,-0.361922,-0.440518,3.00419,-1.19135,-1.67166,-0.49991,3.36307,1.96971,0.322196,1.40597,-3.69783])
12.182762443003933
Max g: 0.005509191843618644
f_19([0.725188,-2.0219,2.03168,-1.27309,4.06135,-2.10256,0.78252,0.120293,-0.0190788,0.147449,-0.00940794,-0.03018,1.47853,-0.731928,0.406722,0.391479,-0.943759,-1.79005,0.883765,0.241759,1.31431,0.044893,1.19031,-0.566769,0.208312,0.692201,0.103869,-0.00440607,2.19496,1.67811,0.492794,-3.3659,-2.18908,-0.35412,-0.435619,2.97879,-1.195,-1.67807,-0.49282,3.36589,1.96833,0.328565,1.40263,-3.69949])
12.135508816736728
Max g: 0.000487730433245126
f_20([0.72517,-2.02166,2.03163,-1.27727,4.06141,-2.10207,0.781655,0.119618,-0.0198807,0.146928,-0.00951801,-0.0300572,1.47853,-0.731859,0.406498,0.391638,-0.943253,-1.79001,0.884342,0.243702,1.31253,0.0456097,1.19027,-0.567373,0.208219,0.692226,0.103977,-0.0044219,2.19538,1.67887,0.491934,-3.36617,-2.1873,-0.353162,-0.434955,2.97544,-1.19537,-1.67887,-0.491932,3.36616,1.96827,0.329181,1.4022,-3.69966])
12.141889053194747
{0.7251703431283701,-2.0216563837911368,2.0316293650644752,-1.277271042052703,4.061408886639803,-2.1020699012266353,0.78165498883647,0.11961812343368702,-0.0198806821436193,0.1469276078683585,-0.00951800572594731,-0.03005717432944602,1.4785301536873798,-0.7318586342829588,0.4064981023670839,0.39163803715062073,-0.9432531888566532,-1.7900095130603864,0.8843424052585839,0.24370216559662555,1.312533927965577,0.04560970074192943,1.1902699318652363,-0.5673734161356083,0.2082192667872611,0.6922257078686044,0.10397655017557456,-0.00442190101622308,2.195375175739567,1.678873233527972,0.49193365520091525,-3.3661716187514803,-2.1873020311639624,-0.3531623931819889,-0.43495525335440577,2.9754350148723434,-1.1953650523331394,-1.6788706608940616,-0.49193161737198254,3.3661589535541996,1.9682681655679493,0.32918066344871477,1.4022001128648773,-3.6996565183867762}]
Set[{A021,A031,A032,A041,A042,A043,A121,A131,A132,A141,A142,A143,B021,B031,B032,B041,B042,B043,B121,B131,B132,B141,B142,B143,\[Alpha]1,\[Alpha]2,\[Alpha]3,\[Alpha]4,\[Beta]11,\[Beta]12,\[Beta]13,\[Beta]14,\[Beta]21,\[Beta]22,\[Beta]23,\[Beta]24,\[Beta]31,\[Beta]32,\[Beta]33,\[Beta]34,\[Beta]41,\[Beta]42,\[Beta]43,\[Beta]44},{0.7251703431283701,-2.0216563837911368,2.0316293650644752,-1.277271042052703,4.061408886639803,-2.1020699012266353,0.78165498883647,0.11961812343368702,-0.0198806821436193,0.1469276078683585,-0.00951800572594731,-0.03005717432944602,1.4785301536873798,-0.7318586342829588,0.4064981023670839,0.39163803715062073,-0.9432531888566532,-1.7900095130603864,0.8843424052585839,0.24370216559662555,1.312533927965577,0.04560970074192943,1.1902699318652363,-0.5673734161356083,0.2082192667872611,0.6922257078686044,0.10397655017557456,-0.00442190101622308,2.195375175739567,1.678873233527972,0.49193365520091525,-3.3661716187514803,-2.1873020311639624,-0.3531623931819889,-0.43495525335440577,2.9754350148723434,-1.1953650523331394,-1.6788706608940616,-0.49193161737198254,3.3661589535541996,1.9682681655679493,0.32918066344871477,1.4022001128648773,-3.6996565183867762}]

Max g: 0.0001234531754032986
f_21([0.725171,-2.02166,2.03162,-1.27728,4.06141,-2.10208,0.781694,0.119687,-0.0198004,0.146935,-0.00950307,-0.0300419,1.47853,-0.731857,0.4065,0.391629,-0.943247,-1.79001,0.884265,0.243523,1.31271,0.0455228,1.19027,-0.567298,0.208222,0.692223,0.103977,-0.00442238,2.19526,1.67884,0.491991,-3.36608,-2.18752,-0.35324,-0.435018,2.97579,-1.19525,-1.67884,-0.49199,3.36608,1.96835,0.329079,1.40224,-3.69967])
12.142088435584059
Max g: 6.810623901243318e-5
f_22([0.725177,-2.02166,2.03161,-1.27728,4.0614,-2.10207,0.781811,0.11981,-0.019682,0.146958,-0.00948396,-0.0300101,1.47854,-0.731853,0.406499,0.391626,-0.94323,-1.78999,0.884158,0.243219,1.31299,0.0453982,1.19026,-0.567185,0.208223,0.692221,0.10398,-0.0044227,2.19515,1.67873,0.49212,-3.366,-2.18783,-0.353382,-0.435127,2.97634,-1.19515,-1.67873,-0.49212,3.366,1.96839,0.32894,1.40231,-3.69963])
12.143185038725282
Max g: 2.1526739895194602e-5
f_23([0.725178,-2.02166,2.03161,-1.27697,4.06136,-2.10207,0.781812,0.11981,-0.0196834,0.146957,-0.00948174,-0.0300109,1.47854,-0.731851,0.406499,0.391628,-0.943225,-1.78999,0.884159,0.243221,1.31299,0.0454002,1.19026,-0.567186,0.208223,0.69222,0.10398,-0.00442288,2.19515,1.67873,0.492122,-3.366,-2.18783,-0.353383,-0.435128,2.97633,-1.19515,-1.67873,-0.492123,3.36601,1.96838,0.328942,1.40231,-3.69963])
12.142885965141312
Max g: 2.1703832154940095e-5
f_24([0.725178,-2.02166,2.03161,-1.27697,4.06136,-2.10207,0.78181,0.119805,-0.0196888,0.146956,-0.00948233,-0.0300122,1.47854,-0.731851,0.4065,0.391628,-0.943225,-1.78999,0.884164,0.243232,1.31298,0.0454057,1.19026,-0.567191,0.208223,0.69222,0.10398,-0.00442292,2.19516,1.67873,0.49212,-3.36601,-2.18781,-0.353378,-0.435125,2.97632,-1.19516,-1.67873,-0.49212,3.36601,1.96837,0.328948,1.40231,-3.69963])
12.142885965141312
Max g: 1.8730750726780876e-5
f_25([0.725178,-2.02166,2.03161,-1.27697,4.06136,-2.10207,0.78181,0.119805,-0.0196888,0.146956,-0.00948233,-0.0300122,1.47854,-0.731851,0.4065,0.391628,-0.943225,-1.78999,0.884164,0.243232,1.31298,0.0454057,1.19026,-0.567191,0.208223,0.69222,0.10398,-0.00442292,2.19516,1.67873,0.492119,-3.36601,-2.18781,-0.353378,-0.435125,2.97632,-1.19516,-1.67873,-0.49212,3.36601,1.96837,0.328948,1.40231,-3.69963])
12.142885965141312
Max g: 1.8727632837500785e-5
f_26([0.725178,-2.02166,2.03161,-1.27697,4.06136,-2.10207,0.78181,0.119805,-0.0196888,0.146956,-0.00948233,-0.0300122,1.47854,-0.731851,0.4065,0.391628,-0.943225,-1.78999,0.884164,0.243232,1.31297,0.0454057,1.19026,-0.567191,0.208223,0.69222,0.10398,-0.00442292,2.19516,1.67873,0.492119,-3.36601,-2.18781,-0.353378,-0.435125,2.97632,-1.19516,-1.67873,-0.49212,3.36601,1.96837,0.328948,1.40231,-3.69963])
12.142885965141312
Max g: 1.872683051562518e-5
f_27([0.725178,-2.02166,2.03161,-1.27697,4.06136,-2.10207,0.78181,0.119805,-0.0196888,0.146956,-0.00948233,-0.0300122,1.47854,-0.731851,0.4065,0.391628,-0.943225,-1.78999,0.884164,0.243232,1.31297,0.0454057,1.19026,-0.567191,0.208223,0.69222,0.10398,-0.00442292,2.19516,1.67873,0.492119,-3.36601,-2.18781,-0.353378,-0.435125,2.97632,-1.19516,-1.67873,-0.49212,3.36601,1.96837,0.328948,1.40231,-3.69963])
12.142885965141312
Max g: 1.872615817333223e-5
f_28([0.725178,-2.02166,2.03161,-1.27697,4.06136,-2.10207,0.78181,0.119805,-0.0196889,0.146956,-0.00948233,-0.0300122,1.47854,-0.731851,0.4065,0.391628,-0.943225,-1.78999,0.884164,0.243232,1.31297,0.0454057,1.19026,-0.567191,0.208223,0.69222,0.10398,-0.00442292,2.19516,1.67873,0.492119,-3.36601,-2.18781,-0.353378,-0.435125,2.97632,-1.19516,-1.67873,-0.49212,3.36601,1.96837,0.328948,1.40231,-3.69963])
12.142885965141312
Max g: 1.872551136683498e-5
f_29([0.725178,-2.02166,2.03161,-1.27697,4.06136,-2.10207,0.78181,0.119805,-0.0196889,0.146956,-0.00948233,-0.0300122,1.47854,-0.731851,0.4065,0.391628,-0.943225,-1.78999,0.884164,0.243232,1.31297,0.0454057,1.19026,-0.567191,0.208223,0.69222,0.10398,-0.00442292,2.19516,1.67873,0.492119,-3.36601,-2.18781,-0.353378,-0.435125,2.97632,-1.19516,-1.67873,-0.49212,3.36601,1.96837,0.328948,1.40231,-3.69963])
12.142885965141312
Max g: 1.8724807608894167e-5
f_30([0.725178,-2.02166,2.03161,-1.27697,4.06136,-2.10207,0.78181,0.119805,-0.0196889,0.146956,-0.00948233,-0.0300122,1.47854,-0.731851,0.4065,0.391628,-0.943225,-1.78999,0.884164,0.243232,1.31297,0.0454057,1.19026,-0.567191,0.208223,0.69222,0.10398,-0.00442292,2.19516,1.67873,0.492119,-3.36601,-2.18781,-0.353378,-0.435125,2.97632,-1.19516,-1.67873,-0.49212,3.36601,1.96837,0.328948,1.40231,-3.69963])
12.142885965141312
{0.7251780770046546,-2.021658101118457,2.031612114492979,-1.276969009332426,4.0613593902072225,-2.102068094016646,0.7818097067259316,0.119805248551787,-0.019688853269238676,0.14695607020205181,-0.0094823296905467,-0.030012200950779142,1.478537704566318,-0.7318509698561824,0.4064995590020306,0.3916277788361045,-0.9432248197875831,-1.7899887551572982,0.8841640603912293,0.24323156939054574,1.312974988623394,0.045405726863277346,1.1902641070497577,-0.5671906526151992,0.20822285087516365,0.6922201153512069,0.10398003988675389,-0.004422916993510526,2.1951592245604177,1.6787300442054147,0.4921194957003468,-3.366009853802418,-2.1878146367772393,-0.3533778757049049,-0.43512502740458353,2.9763153579494377,-1.1951608161113616,-1.678730859905807,-0.4921198310440993,3.3660125003057932,1.9683740491296289,0.32894827509164837,1.402306520479386,-3.6996280236905066}]
Set[{A021,A031,A032,A041,A042,A043,A121,A131,A132,A141,A142,A143,B021,B031,B032,B041,B042,B043,B121,B131,B132,B141,B142,B143,\[Alpha]1,\[Alpha]2,\[Alpha]3,\[Alpha]4,\[Beta]11,\[Beta]12,\[Beta]13,\[Beta]14,\[Beta]21,\[Beta]22,\[Beta]23,\[Beta]24,\[Beta]31,\[Beta]32,\[Beta]33,\[Beta]34,\[Beta]41,\[Beta]42,\[Beta]43,\[Beta]44},{0.7251780770046546,-2.021658101118457,2.031612114492979,-1.276969009332426,4.0613593902072225,-2.102068094016646,0.7818097067259316,0.119805248551787,-0.019688853269238676,0.14695607020205181,-0.0094823296905467,-0.030012200950779142,1.478537704566318,-0.7318509698561824,0.4064995590020306,0.3916277788361045,-0.9432248197875831,-1.7899887551572982,0.8841640603912293,0.24323156939054574,1.312974988623394,0.045405726863277346,1.1902641070497577,-0.5671906526151992,0.20822285087516365,0.6922201153512069,0.10398003988675389,-0.004422916993510526,2.1951592245604177,1.6787300442054147,0.4921194957003468,-3.366009853802418,-2.1878146367772393,-0.3533778757049049,-0.43512502740458353,2.9763153579494377,-1.1951608161113616,-1.678730859905807,-0.4921198310440993,3.3660125003057932,1.9683740491296289,0.32894827509164837,1.402306520479386,-3.6996280236905066}]

Max g: 1.872411448056166e-5
f_31([0.725178,-2.02166,2.03161,-1.27697,4.06136,-2.10207,0.78181,0.119805,-0.0196889,0.146956,-0.00948233,-0.0300122,1.47854,-0.731851,0.4065,0.391628,-0.943225,-1.78999,0.884164,0.243232,1.31297,0.0454057,1.19026,-0.567191,0.208223,0.69222,0.10398,-0.00442292,2.19516,1.67873,0.492119,-3.36601,-2.18781,-0.353378,-0.435125,2.97632,-1.19516,-1.67873,-0.49212,3.36601,1.96837,0.328948,1.40231,-3.69963])
12.142885965141312
Max g: 1.8723510103124674e-5
f_32([0.725178,-2.02166,2.03161,-1.27697,4.06136,-2.10207,0.78181,0.119805,-0.0196889,0.146956,-0.00948233,-0.0300122,1.47854,-0.731851,0.4065,0.391628,-0.943225,-1.78999,0.884164,0.243232,1.31297,0.0454057,1.19026,-0.567191,0.208223,0.69222,0.10398,-0.00442292,2.19516,1.67873,0.492119,-3.36601,-2.18781,-0.353378,-0.435125,2.97632,-1.19516,-1.67873,-0.49212,3.36601,1.96837,0.328948,1.40231,-3.69963])
12.142885965141312
Max g: 1.8723014401755833e-5
f_33([0.725178,-2.02166,2.03161,-1.27697,4.06136,-2.10207,0.78181,0.119805,-0.0196889,0.146956,-0.00948233,-0.0300122,1.47854,-0.731851,0.4065,0.391628,-0.943225,-1.78999,0.884164,0.243232,1.31297,0.0454057,1.19026,-0.567191,0.208223,0.69222,0.10398,-0.00442292,2.19516,1.67873,0.492119,-3.36601,-2.18781,-0.353378,-0.435125,2.97632,-1.19516,-1.67873,-0.49212,3.36601,1.96837,0.328948,1.40231,-3.69963])
12.142885965141312
Max g: 1.8722718299946095e-5
f_34([0.725178,-2.02166,2.03161,-1.27697,4.06136,-2.10207,0.78181,0.119805,-0.0196889,0.146956,-0.00948233,-0.0300122,1.47854,-0.731851,0.4065,0.391628,-0.943225,-1.78999,0.884164,0.243232,1.31297,0.0454057,1.19026,-0.567191,0.208223,0.69222,0.10398,-0.00442292,2.19516,1.67873,0.492119,-3.36601,-2.18781,-0.353378,-0.435125,2.97632,-1.19516,-1.67873,-0.49212,3.36601,1.96837,0.328948,1.40231,-3.69963])
12.142885965141312
Max g: 1.8722554873784603e-5
f_35([0.725178,-2.02166,2.03161,-1.27697,4.06136,-2.10207,0.78181,0.119805,-0.0196889,0.146956,-0.00948233,-0.0300122,1.47854,-0.731851,0.4065,0.391628,-0.943225,-1.78999,0.884164,0.243232,1.31297,0.0454057,1.19026,-0.567191,0.208223,0.69222,0.10398,-0.00442292,2.19516,1.67873,0.492119,-3.36601,-2.18781,-0.353378,-0.435125,2.97632,-1.19516,-1.67873,-0.49212,3.36601,1.96837,0.328948,1.40231,-3.69963])
12.142885965141312
Max g: 1.872237479960681e-5
f_36([0.725178,-2.02166,2.03161,-1.27697,4.06136,-2.10207,0.78181,0.119805,-0.0196889,0.146956,-0.00948233,-0.0300122,1.47854,-0.731851,0.4065,0.391628,-0.943225,-1.78999,0.884164,0.243232,1.31297,0.0454057,1.19026,-0.567191,0.208223,0.69222,0.10398,-0.00442292,2.19516,1.67873,0.492119,-3.36601,-2.18781,-0.353378,-0.435125,2.97632,-1.19516,-1.67873,-0.49212,3.36601,1.96837,0.328948,1.40231,-3.69963])
12.142885965141312
Max g: 1.8722202858145742e-5
f_37([0.725178,-2.02166,2.03161,-1.27697,4.06136,-2.10207,0.78181,0.119805,-0.0196889,0.146956,-0.00948233,-0.0300122,1.47854,-0.731851,0.4065,0.391628,-0.943225,-1.78999,0.884164,0.243232,1.31297,0.0454057,1.19026,-0.567191,0.208223,0.69222,0.10398,-0.00442292,2.19516,1.67873,0.492119,-3.36601,-2.18781,-0.353378,-0.435125,2.97632,-1.19516,-1.67873,-0.49212,3.36601,1.96837,0.328948,1.40231,-3.69963])
12.142885965141312
Max g: 1.8722053904185465e-5
f_38([0.725178,-2.02166,2.03161,-1.27697,4.06136,-2.10207,0.78181,0.119805,-0.0196889,0.146956,-0.00948233,-0.0300122,1.47854,-0.731851,0.4065,0.391628,-0.943225,-1.78999,0.884164,0.243232,1.31297,0.0454057,1.19026,-0.567191,0.208223,0.69222,0.10398,-0.00442292,2.19516,1.67873,0.492119,-3.36601,-2.18781,-0.353378,-0.435125,2.97632,-1.19516,-1.67873,-0.49212,3.36601,1.96837,0.328948,1.40231,-3.69963])
12.142885965141312
Max g: 1.8721908496499573e-5
f_39([0.725178,-2.02166,2.03161,-1.27697,4.06136,-2.10207,0.78181,0.119805,-0.0196889,0.146956,-0.00948233,-0.0300122,1.47854,-0.731851,0.4065,0.391628,-0.943225,-1.78999,0.884164,0.243232,1.31297,0.0454057,1.19026,-0.567191,0.208223,0.69222,0.10398,-0.00442292,2.19516,1.67873,0.492119,-3.36601,-2.18781,-0.353378,-0.435125,2.97632,-1.19516,-1.67873,-0.49212,3.36601,1.96837,0.328948,1.40231,-3.69963])
12.142885965141312
Max g: 1.8721762229723105e-5
f_40([0.725178,-2.02166,2.03161,-1.27697,4.06136,-2.10207,0.78181,0.119805,-0.0196889,0.146956,-0.00948233,-0.0300122,1.47854,-0.731851,0.4065,0.391628,-0.943225,-1.78999,0.884164,0.243232,1.31297,0.0454057,1.19026,-0.567191,0.208223,0.69222,0.10398,-0.00442292,2.19516,1.67873,0.492119,-3.36601,-2.18781,-0.353378,-0.435125,2.97632,-1.19516,-1.67873,-0.49212,3.36601,1.96837,0.328948,1.40231,-3.69963])
12.142885965141312
{0.7251780772200087,-2.0216581011126014,2.0316121145373796,-1.2769690093319577,4.061359390210716,-2.1020680940280494,0.7818097041801345,0.11980524369173252,-0.01968885807265566,0.14695606947456955,-0.009482330865611666,-0.03001220158463881,1.4785377049427988,-0.7318509698641179,0.406499559014162,0.39162777884745703,-0.9432248197743927,-1.7899887551535758,0.8841640646144059,0.24323157865309442,1.3129749789657679,0.045405731846052635,1.1902641068257387,-0.5671906568034643,0.20822285025282175,0.692220115243331,0.1039800398950832,-0.0044229169897987836,2.195159231496643,1.6787300457171914,0.49211949260136084,-3.366009858934069,-2.187814625699397,-0.353377871566197,-0.4351250243294972,2.9763153401025204,-1.1951608221888654,-1.6787308610124803,-0.4921198281721369,3.3660125048184955,1.9683740440093571,0.3289482812556151,1.402306518798283,-3.6996280227486533}]
Set[{A021,A031,A032,A041,A042,A043,A121,A131,A132,A141,A142,A143,B021,B031,B032,B041,B042,B043,B121,B131,B132,B141,B142,B143,\[Alpha]1,\[Alpha]2,\[Alpha]3,\[Alpha]4,\[Beta]11,\[Beta]12,\[Beta]13,\[Beta]14,\[Beta]21,\[Beta]22,\[Beta]23,\[Beta]24,\[Beta]31,\[Beta]32,\[Beta]33,\[Beta]34,\[Beta]41,\[Beta]42,\[Beta]43,\[Beta]44},{0.7251780772200087,-2.0216581011126014,2.0316121145373796,-1.2769690093319577,4.061359390210716,-2.1020680940280494,0.7818097041801345,0.11980524369173252,-0.01968885807265566,0.14695606947456955,-0.009482330865611666,-0.03001220158463881,1.4785377049427988,-0.7318509698641179,0.406499559014162,0.39162777884745703,-0.9432248197743927,-1.7899887551535758,0.8841640646144059,0.24323157865309442,1.3129749789657679,0.045405731846052635,1.1902641068257387,-0.5671906568034643,0.20822285025282175,0.692220115243331,0.1039800398950832,-0.0044229169897987836,2.195159231496643,1.6787300457171914,0.49211949260136084,-3.366009858934069,-2.187814625699397,-0.353377871566197,-0.4351250243294972,2.9763153401025204,-1.1951608221888654,-1.6787308610124803,-0.4921198281721369,3.3660125048184955,1.9683740440093571,0.3289482812556151,1.402306518798283,-3.6996280227486533}]

Max g: 1.872159745086588e-5
f_41([0.725178,-2.02166,2.03161,-1.27697,4.06136,-2.10207,0.78181,0.119805,-0.0196889,0.146956,-0.00948233,-0.0300122,1.47854,-0.731851,0.4065,0.391628,-0.943225,-1.78999,0.884164,0.243232,1.31297,0.0454057,1.19026,-0.567191,0.208223,0.69222,0.10398,-0.00442292,2.19516,1.67873,0.492119,-3.36601,-2.18781,-0.353378,-0.435125,2.97632,-1.19516,-1.67873,-0.49212,3.36601,1.96837,0.328948,1.40231,-3.69963])
12.142885965141312
Max g: 1.8721541388488916e-5
f_42([0.725178,-2.02166,2.03161,-1.27698,4.06136,-2.10207,0.781806,0.119799,-0.0196941,0.146955,-0.00948372,-0.0300131,1.47854,-0.73185,0.406499,0.391636,-0.943224,-1.78999,0.884169,0.243244,1.31296,0.0454113,1.19026,-0.567196,0.208223,0.69222,0.10398,-0.00442281,2.19517,1.67873,0.492115,-3.36601,-2.1878,-0.353372,-0.435121,2.97629,-1.19517,-1.67873,-0.492115,3.36602,1.96837,0.328955,1.4023,-3.69963])
12.142885965141312
Max g: 1.4907693935972688e-5
f_43([0.725178,-2.02166,2.03161,-1.27698,4.06136,-2.10207,0.781792,0.119784,-0.019708,0.146952,-0.00948635,-0.0300162,1.47854,-0.731851,0.406499,0.391635,-0.943223,-1.78999,0.884183,0.243283,1.31293,0.0454285,1.19026,-0.567209,0.208223,0.69222,0.103979,-0.00442285,2.19518,1.67875,0.492099,-3.36603,-2.18776,-0.353354,-0.435107,2.97622,-1.19518,-1.67875,-0.492099,3.36603,1.96836,0.328972,1.4023,-3.69963])
12.142786273946655
Max g: 3.7314802610044495e-6
f_44([0.725178,-2.02166,2.03161,-1.27698,4.06136,-2.10207,0.781791,0.119783,-0.0197088,0.146952,-0.00948653,-0.0300164,1.47854,-0.73185,0.406499,0.391635,-0.943223,-1.78999,0.884184,0.243285,1.31293,0.0454292,1.19026,-0.56721,0.208223,0.69222,0.103979,-0.00442284,2.19518,1.67875,0.492098,-3.36603,-2.18776,-0.353353,-0.435107,2.97622,-1.19518,-1.67875,-0.492098,3.36603,1.96836,0.328973,1.4023,-3.69963])
12.142885965141312
Max g: 3.264686270654238e-6
f_45([0.725178,-2.02166,2.03161,-1.27698,4.06136,-2.10207,0.781791,0.119783,-0.0197088,0.146952,-0.00948653,-0.0300164,1.47854,-0.73185,0.406499,0.391635,-0.943223,-1.78999,0.884184,0.243285,1.31292,0.0454292,1.19026,-0.56721,0.208223,0.69222,0.103979,-0.00442284,2.19518,1.67875,0.492098,-3.36603,-2.18776,-0.353353,-0.435107,2.97622,-1.19518,-1.67875,-0.492098,3.36603,1.96836,0.328973,1.4023,-3.69963])
12.142885965141312
Max g: 3.2330371989575113e-6
f_46([0.725178,-2.02166,2.03161,-1.27698,4.06136,-2.10207,0.781791,0.119783,-0.0197089,0.146952,-0.00948653,-0.0300164,1.47854,-0.73185,0.406499,0.391635,-0.943223,-1.78999,0.884184,0.243285,1.31292,0.0454293,1.19026,-0.56721,0.208223,0.69222,0.103979,-0.00442284,2.19518,1.67875,0.492098,-3.36603,-2.18776,-0.353353,-0.435107,2.97622,-1.19518,-1.67875,-0.492098,3.36603,1.96836,0.328973,1.4023,-3.69963])
12.142885965141312
Max g: 3.199383051710747e-6
f_47([0.725178,-2.02166,2.03161,-1.27698,4.06136,-2.10207,0.781791,0.119783,-0.0197089,0.146952,-0.00948653,-0.0300164,1.47854,-0.73185,0.406499,0.391635,-0.943223,-1.78999,0.884184,0.243285,1.31292,0.0454293,1.19026,-0.56721,0.208223,0.69222,0.103979,-0.00442284,2.19518,1.67875,0.492098,-3.36603,-2.18776,-0.353353,-0.435107,2.97622,-1.19518,-1.67875,-0.492098,3.36603,1.96836,0.328973,1.4023,-3.69963])
12.142885965141312
Max g: 3.188912192975124e-6
f_48([0.725178,-2.02166,2.03161,-1.27698,4.06136,-2.10207,0.781791,0.119783,-0.0197089,0.146952,-0.00948653,-0.0300164,1.47854,-0.73185,0.406499,0.391635,-0.943223,-1.78999,0.884184,0.243285,1.31292,0.0454293,1.19026,-0.56721,0.208223,0.69222,0.103979,-0.00442284,2.19518,1.67875,0.492098,-3.36603,-2.18776,-0.353353,-0.435107,2.97622,-1.19518,-1.67875,-0.492098,3.36603,1.96836,0.328973,1.4023,-3.69963])
12.142885965141312
Max g: 3.1843568525369292e-6
f_49([0.725178,-2.02166,2.03161,-1.27698,4.06136,-2.10207,0.781791,0.119783,-0.0197089,0.146952,-0.00948653,-0.0300164,1.47854,-0.73185,0.406499,0.391635,-0.943223,-1.78999,0.884184,0.243285,1.31292,0.0454293,1.19026,-0.56721,0.208223,0.69222,0.103979,-0.00442284,2.19518,1.67875,0.492098,-3.36603,-2.18776,-0.353353,-0.435107,2.97622,-1.19518,-1.67875,-0.492098,3.36603,1.96836,0.328973,1.4023,-3.69963])
12.142885965141312
Max g: 3.183322087041418e-6
f_50([0.725178,-2.02166,2.03161,-1.27698,4.06136,-2.10207,0.781791,0.119783,-0.0197089,0.146952,-0.00948653,-0.0300164,1.47854,-0.73185,0.406499,0.391635,-0.943223,-1.78999,0.884184,0.243285,1.31292,0.0454293,1.19026,-0.56721,0.208223,0.69222,0.103979,-0.00442284,2.19518,1.67875,0.492098,-3.36603,-2.18776,-0.353353,-0.435107,2.97622,-1.19518,-1.67875,-0.492098,3.36603,1.96836,0.328973,1.4023,-3.69963])
12.142786273946655
{0.7251779386281346,-2.0216593047292566,2.0316127312530163,-1.276976129157755,4.061359254996509,-2.102068777649108,0.7817912149684053,0.11978304992164224,-0.019708911420819354,0.14695195929774066,-0.009486532068112504,-0.03001643764233984,1.4785374041602664,-0.731850490744894,0.406498881349579,0.39163523583681287,-0.9432232315309516,-1.7899877409325722,0.8841835994831805,0.2432849071388156,1.3129247697075195,0.04542927701322636,1.1902625132833144,-0.567209758422326,0.20822331876140113,0.6922201829555579,0.10397933451413323,-0.004422843251576268,2.1951816674518363,1.6787474695438873,0.4920982808827975,-3.3660274630684874,-2.1877597348399656,-0.3533533197125116,-0.4351066582935583,2.976219373682684,-1.1951814946502823,-1.678747384302001,-0.49209824319134393,3.3660271780656306,1.9683639701096753,0.32897327777256524,1.4022952936251525,-3.6996325968294985}]
Set[{A021,A031,A032,A041,A042,A043,A121,A131,A132,A141,A142,A143,B021,B031,B032,B041,B042,B043,B121,B131,B132,B141,B142,B143,\[Alpha]1,\[Alpha]2,\[Alpha]3,\[Alpha]4,\[Beta]11,\[Beta]12,\[Beta]13,\[Beta]14,\[Beta]21,\[Beta]22,\[Beta]23,\[Beta]24,\[Beta]31,\[Beta]32,\[Beta]33,\[Beta]34,\[Beta]41,\[Beta]42,\[Beta]43,\[Beta]44},{0.7251779386281346,-2.0216593047292566,2.0316127312530163,-1.276976129157755,4.061359254996509,-2.102068777649108,0.7817912149684053,0.11978304992164224,-0.019708911420819354,0.14695195929774066,-0.009486532068112504,-0.03001643764233984,1.4785374041602664,-0.731850490744894,0.406498881349579,0.39163523583681287,-0.9432232315309516,-1.7899877409325722,0.8841835994831805,0.2432849071388156,1.3129247697075195,0.04542927701322636,1.1902625132833144,-0.567209758422326,0.20822331876140113,0.6922201829555579,0.10397933451413323,-0.004422843251576268,2.1951816674518363,1.6787474695438873,0.4920982808827975,-3.3660274630684874,-2.1877597348399656,-0.3533533197125116,-0.4351066582935583,2.976219373682684,-1.1951814946502823,-1.678747384302001,-0.49209824319134393,3.3660271780656306,1.9683639701096753,0.32897327777256524,1.4022952936251525,-3.6996325968294985}]

Max g: 3.182599477513648e-6
f_51([0.725178,-2.02166,2.03161,-1.27698,4.06136,-2.10207,0.781791,0.119783,-0.0197089,0.146952,-0.00948653,-0.0300164,1.47854,-0.73185,0.406499,0.391635,-0.943223,-1.78999,0.884184,0.243285,1.31292,0.0454293,1.19026,-0.56721,0.208223,0.69222,0.103979,-0.00442284,2.19518,1.67875,0.492098,-3.36603,-2.18776,-0.353353,-0.435107,2.97622,-1.19518,-1.67875,-0.492098,3.36603,1.96836,0.328973,1.4023,-3.69963])
12.142885965141312
Max g: 3.18183962089158e-6
f_52([0.725178,-2.02166,2.03161,-1.27698,4.06136,-2.10207,0.781791,0.119783,-0.0197089,0.146952,-0.00948653,-0.0300164,1.47854,-0.73185,0.406499,0.391635,-0.943223,-1.78999,0.884184,0.243285,1.31292,0.0454293,1.19026,-0.56721,0.208223,0.69222,0.103979,-0.00442284,2.19518,1.67875,0.492098,-3.36603,-2.18776,-0.353353,-0.435107,2.97622,-1.19518,-1.67875,-0.492098,3.36603,1.96836,0.328973,1.4023,-3.69963])
12.142885965141312
Max g: 3.1813991679952025e-6
f_53([0.725178,-2.02166,2.03161,-1.27698,4.06136,-2.10207,0.781791,0.119783,-0.0197089,0.146952,-0.00948653,-0.0300164,1.47854,-0.73185,0.406499,0.391635,-0.943223,-1.78999,0.884184,0.243285,1.31292,0.0454293,1.19026,-0.56721,0.208223,0.69222,0.103979,-0.00442284,2.19518,1.67875,0.492098,-3.36603,-2.18776,-0.353353,-0.435107,2.97622,-1.19518,-1.67875,-0.492098,3.36603,1.96836,0.328973,1.4023,-3.69963])
12.142885965141312
Max g: 3.181021542397744e-6
f_54([0.725178,-2.02166,2.03161,-1.27698,4.06136,-2.10207,0.781791,0.119783,-0.0197089,0.146952,-0.00948653,-0.0300164,1.47854,-0.73185,0.406499,0.391635,-0.943223,-1.78999,0.884184,0.243285,1.31292,0.0454293,1.19026,-0.56721,0.208223,0.69222,0.103979,-0.00442284,2.19518,1.67875,0.492098,-3.36603,-2.18776,-0.353353,-0.435107,2.97622,-1.19518,-1.67875,-0.492098,3.36603,1.96836,0.328973,1.4023,-3.69963])
12.142786273946655
Max g: 3.180594770779699e-6
f_55([0.725178,-2.02166,2.03161,-1.27698,4.06136,-2.10207,0.781791,0.119783,-0.0197089,0.146952,-0.00948653,-0.0300164,1.47854,-0.73185,0.406499,0.391635,-0.943223,-1.78999,0.884184,0.243285,1.31292,0.0454293,1.19026,-0.56721,0.208223,0.69222,0.103979,-0.00442284,2.19518,1.67875,0.492098,-3.36603,-2.18776,-0.353353,-0.435107,2.97622,-1.19518,-1.67875,-0.492098,3.36603,1.96836,0.328973,1.4023,-3.69963])
12.142885965141312
Max g: 3.1801994279101464e-6
f_56([0.725178,-2.02166,2.03161,-1.27698,4.06136,-2.10207,0.781791,0.119783,-0.0197089,0.146952,-0.00948653,-0.0300164,1.47854,-0.73185,0.406499,0.391635,-0.943223,-1.78999,0.884184,0.243285,1.31292,0.0454293,1.19026,-0.56721,0.208223,0.69222,0.103979,-0.00442284,2.19518,1.67875,0.492098,-3.36603,-2.18776,-0.353353,-0.435107,2.97622,-1.19518,-1.67875,-0.492098,3.36603,1.96836,0.328973,1.4023,-3.69963])
12.142885965141312
Max g: 3.1798989958975454e-6
f_57([0.725178,-2.02166,2.03161,-1.27698,4.06136,-2.10207,0.781791,0.119783,-0.0197089,0.146952,-0.00948653,-0.0300164,1.47854,-0.73185,0.406499,0.391635,-0.943223,-1.78999,0.884184,0.243285,1.31292,0.0454293,1.19026,-0.56721,0.208223,0.69222,0.103979,-0.00442284,2.19518,1.67875,0.492098,-3.36603,-2.18776,-0.353353,-0.435107,2.97622,-1.19518,-1.67875,-0.492098,3.36603,1.96836,0.328973,1.4023,-3.69963])
12.142885965141312
Max g: 3.1796874840894773e-6
f_58([0.725178,-2.02166,2.03161,-1.27698,4.06136,-2.10207,0.781791,0.119783,-0.0197089,0.146952,-0.00948653,-0.0300164,1.47854,-0.73185,0.406499,0.391635,-0.943223,-1.78999,0.884184,0.243285,1.31292,0.0454293,1.19026,-0.56721,0.208223,0.69222,0.103979,-0.00442284,2.19518,1.67875,0.492098,-3.36603,-2.18776,-0.353353,-0.435107,2.97622,-1.19518,-1.67875,-0.492098,3.36603,1.96836,0.328973,1.4023,-3.69963])
12.142885965141312
Max g: 3.1794644322902244e-6
f_59([0.725178,-2.02166,2.03161,-1.27698,4.06136,-2.10207,0.781791,0.119783,-0.0197089,0.146952,-0.00948653,-0.0300164,1.47854,-0.73185,0.406499,0.391635,-0.943223,-1.78999,0.884184,0.243285,1.31292,0.0454293,1.19026,-0.56721,0.208223,0.69222,0.103979,-0.00442284,2.19518,1.67875,0.492098,-3.36603,-2.18776,-0.353353,-0.435107,2.97622,-1.19518,-1.67875,-0.492098,3.36603,1.96836,0.328973,1.4023,-3.69963])
12.142885965141312
Max g: 3.1793698666016112e-6
f_60([0.725178,-2.02166,2.03161,-1.27698,4.06136,-2.10207,0.781791,0.119783,-0.0197089,0.146952,-0.00948653,-0.0300164,1.47854,-0.73185,0.406499,0.391635,-0.943223,-1.78999,0.884184,0.243285,1.31292,0.0454293,1.19026,-0.56721,0.208223,0.69222,0.103979,-0.00442284,2.19518,1.67875,0.492098,-3.36603,-2.18776,-0.353353,-0.435107,2.97622,-1.19518,-1.67875,-0.492098,3.36603,1.96836,0.328973,1.4023,-3.69963])
12.142885965141312
{0.72517793883032,-2.0216593047037,2.031612731276237,-1.2769761291412236,4.0613592550011965,-2.1020687776455325,0.7817912108749794,0.11978304595591929,-0.019708915512724613,0.14695195822782128,-0.009486532245997152,-0.030016438879129775,1.4785374042009045,-0.7318504907989479,0.4064988813001019,0.3916352358527947,-0.943223231527087,-1.7899877409438125,0.8841836031446395,0.24328491826068765,1.3129247595427236,0.045429281447563225,1.1902625130906415,-0.5672097621371486,0.2082233186587672,0.6922201829205594,0.10397933451931815,-0.004422843250369719,2.195181670892672,1.6787474735563959,0.4920982762496322,-3.3660274657917477,-2.1877597236700215,-0.3533533146428407,-0.43510665430782125,2.9762193536813166,-1.1951814980160136,-1.6787473884579516,-0.49209823850759976,3.366027180791219,1.9683639694550217,0.3289732824916651,1.4022952910882374,-3.699632598247806}]
Set[{A021,A031,A032,A041,A042,A043,A121,A131,A132,A141,A142,A143,B021,B031,B032,B041,B042,B043,B121,B131,B132,B141,B142,B143,\[Alpha]1,\[Alpha]2,\[Alpha]3,\[Alpha]4,\[Beta]11,\[Beta]12,\[Beta]13,\[Beta]14,\[Beta]21,\[Beta]22,\[Beta]23,\[Beta]24,\[Beta]31,\[Beta]32,\[Beta]33,\[Beta]34,\[Beta]41,\[Beta]42,\[Beta]43,\[Beta]44},{0.72517793883032,-2.0216593047037,2.031612731276237,-1.2769761291412236,4.0613592550011965,-2.1020687776455325,0.7817912108749794,0.11978304595591929,-0.019708915512724613,0.14695195822782128,-0.009486532245997152,-0.030016438879129775,1.4785374042009045,-0.7318504907989479,0.4064988813001019,0.3916352358527947,-0.943223231527087,-1.7899877409438125,0.8841836031446395,0.24328491826068765,1.3129247595427236,0.045429281447563225,1.1902625130906415,-0.5672097621371486,0.2082233186587672,0.6922201829205594,0.10397933451931815,-0.004422843250369719,2.195181670892672,1.6787474735563959,0.4920982762496322,-3.3660274657917477,-2.1877597236700215,-0.3533533146428407,-0.43510665430782125,2.9762193536813166,-1.1951814980160136,-1.6787473884579516,-0.49209823850759976,3.366027180791219,1.9683639694550217,0.3289732824916651,1.4022952910882374,-3.699632598247806}]

Max g: 3.179293076582823e-6
f_61([0.725178,-2.02166,2.03161,-1.27698,4.06136,-2.10207,0.781791,0.119783,-0.0197089,0.146952,-0.00948653,-0.0300164,1.47854,-0.73185,0.406499,0.391635,-0.943223,-1.78999,0.884184,0.243285,1.31292,0.0454293,1.19026,-0.56721,0.208223,0.69222,0.103979,-0.00442284,2.19518,1.67875,0.492098,-3.36603,-2.18776,-0.353353,-0.435107,2.97622,-1.19518,-1.67875,-0.492098,3.36603,1.96836,0.328973,1.4023,-3.69963])
12.142885965141312
Max g: 3.1792779467965104e-6
{0.7251779388322414,-2.021659304703159,2.0316127312761467,-1.2769761291402184,4.061359255002044,-2.102068777645083,0.7817912108513807,0.11978304593340149,-0.019708915537178726,0.1469519582222152,-0.009486532247456086,-0.030016438886121544,1.4785374042010948,-0.7318504907990425,0.40649888130087336,0.39163523585340954,-0.9432232315277185,-1.7899877409435576,0.8841836031657806,0.24328491832326282,1.312924759484534,0.04542928147350051,1.1902625130900777,-0.567209762158681,0.20822331865777235,0.6922201829199084,0.10397933452000123,-0.004422843250329254,2.195181670912863,1.6787474735790249,0.49209827622198876,-3.366027465807571,-2.1877597236066224,-0.3533533146132588,-0.43510665428459866,2.976219353567201,-1.1951814980359237,-1.678747388481541,-0.49209823848143125,3.3660271808066704,1.9683639694520614,0.32897328251865304,1.402295291074396,-3.6996325982566156}]
Set[{A021,A031,A032,A041,A042,A043,A121,A131,A132,A141,A142,A143,B021,B031,B032,B041,B042,B043,B121,B131,B132,B141,B142,B143,\[Alpha]1,\[Alpha]2,\[Alpha]3,\[Alpha]4,\[Beta]11,\[Beta]12,\[Beta]13,\[Beta]14,\[Beta]21,\[Beta]22,\[Beta]23,\[Beta]24,\[Beta]31,\[Beta]32,\[Beta]33,\[Beta]34,\[Beta]41,\[Beta]42,\[Beta]43,\[Beta]44},{0.7251779388322414,-2.021659304703159,2.0316127312761467,-1.2769761291402184,4.061359255002044,-2.102068777645083,0.7817912108513807,0.11978304593340149,-0.019708915537178726,0.1469519582222152,-0.009486532247456086,-0.030016438886121544,1.4785374042010948,-0.7318504907990425,0.40649888130087336,0.39163523585340954,-0.9432232315277185,-1.7899877409435576,0.8841836031657806,0.24328491832326282,1.312924759484534,0.04542928147350051,1.1902625130900777,-0.567209762158681,0.20822331865777235,0.6922201829199084,0.10397933452000123,-0.004422843250329254,2.195181670912863,1.6787474735790249,0.49209827622198876,-3.366027465807571,-2.1877597236066224,-0.3533533146132588,-0.43510665428459866,2.976219353567201,-1.1951814980359237,-1.678747388481541,-0.49209823848143125,3.3660271808066704,1.9683639694520614,0.32897328251865304,1.402295291074396,-3.6996325982566156}]


-----------------Final Result------------------
Options: alg=LN_AUGLAG_EQ,dx=0.01,max_eval=100000000,popSize=0
imin=-6,jmin=-3,imax=1,jmax=3,
parameter_minmax=5,
randSeed=76903934,rand_minmax=2

6107818 steps

Completed with maxf : 12.142885965141312

Constraints at 3.17927725146383e-6

x = [0.7251779388322414,-2.021659304703159,2.0316127312761467,-1.2769761291402184,4.061359255002044,-2.102068777645083,0.7817912108513807,0.11978304593340149,-0.019708915537178726,0.1469519582222152,-0.009486532247456086,-0.030016438886121544,1.4785374042010948,-0.7318504907990425,0.40649888130087336,0.39163523585340954,-0.9432232315277185,-1.7899877409435576,0.8841836031657806,0.24328491832326282,1.312924759484534,0.04542928147350051,1.1902625130900777,-0.567209762158681,0.20822331865777235,0.6922201829199084,0.10397933452000123,-0.004422843250329254,2.195181670912863,1.6787474735790249,0.49209827622198876,-3.366027465807571,-2.1877597236066224,-0.3533533146132588,-0.43510665428459866,2.976219353567201,-1.1951814980359237,-1.678747388481541,-0.49209823848143125,3.3660271808066704,1.9683639694520614,0.32897328251865304,1.402295291074396,-3.6996325982566156]
c0 = [0.0,0.7251779388322414,0.009953426572987922,0.6823143482167424]
c1 = [0.0,0.7817912108513807,0.10007413039622276,0.10744898708863758]
A0 = [0.0,0.7251779388322414,-2.021659304703159,-1.2769761291402184,0.0,0.0,2.0316127312761467,4.061359255002044,0.0,0.0,0.0,-2.102068777645083,0.0,0.0,0.0,0.0]
A1 = [0.0,0.7817912108513807,0.11978304593340149,0.1469519582222152,0.0,0.0,-0.019708915537178726,-0.009486532247456086,0.0,0.0,0.0,-0.030016438886121544,0.0,0.0,0.0,0.0]
B0 = [0.0,1.4785374042010948,-0.7318504907990425,0.39163523585340954,0.0,0.0,0.40649888130087336,-0.9432232315277185,0.0,0.0,0.0,-1.7899877409435576,0.0,0.0,0.0,0.0]
B1 = [0.0,0.8841836031657806,0.24328491832326282,0.04542928147350051,0.0,0.0,1.312924759484534,1.1902625130900777,0.0,0.0,0.0,-0.567209762158681,0.0,0.0,0.0,0.0]
α  = [0.20822331865777235,0.6922201829199084,0.10397933452000123,-0.004422843250329254]
β1 = [2.195181670912863,1.6787474735790249,0.49209827622198876,-3.366027465807571]
β2 = [-2.1877597236066224,-0.3533533146132588,-0.43510665428459866,2.976219353567201]
β3 = [-1.1951814980359237,-1.678747388481541,-0.49209823848143125,3.3660271808066704]
β4 = [1.9683639694520614,0.32897328251865304,1.402295291074396,-3.6996325982566156]


Set[{A021,A031,A032,A041,A042,A043,A121,A131,A132,A141,A142,A143,B021,B031,B032,B041,B042,B043,B121,B131,B132,B141,B142,B143,\[Alpha]1,\[Alpha]2,\[Alpha]3,\[Alpha]4,\[Beta]11,\[Beta]12,\[Beta]13,\[Beta]14,\[Beta]21,\[Beta]22,\[Beta]23,\[Beta]24,\[Beta]31,\[Beta]32,\[Beta]33,\[Beta]34,\[Beta]41,\[Beta]42,\[Beta]43,\[Beta]44},{0.7251779388322414,-2.021659304703159,2.0316127312761467,-1.2769761291402184,4.061359255002044,-2.102068777645083,0.7817912108513807,0.11978304593340149,-0.019708915537178726,0.1469519582222152,-0.009486532247456086,-0.030016438886121544,1.4785374042010948,-0.7318504907990425,0.40649888130087336,0.39163523585340954,-0.9432232315277185,-1.7899877409435576,0.8841836031657806,0.24328491832326282,1.312924759484534,0.04542928147350051,1.1902625130900777,-0.567209762158681,0.20822331865777235,0.6922201829199084,0.10397933452000123,-0.004422843250329254,2.195181670912863,1.6787474735790249,0.49209827622198876,-3.366027465807571,-2.1877597236066224,-0.3533533146132588,-0.43510665428459866,2.976219353567201,-1.1951814980359237,-1.678747388481541,-0.49209823848143125,3.3660271808066704,1.9683639694520614,0.32897328251865304,1.402295291074396,-3.6996325982566156}]



