
-----------------Setup------------------
Options: alg=LN_AUGLAG_EQ,dx=0.01,max_eval=100000000,popSize=0
imin=-6,jmin=-3,imax=1,jmax=3,
parameter_minmax=5,
randSeed=25026780, rand_minmax=1

Initial Condition:

[0.236961,-0.827835,0.890787,0.190821,0.410048,-0.927572,0.780973,-0.270199,-0.341349,-0.0856294,0.920251,0.224005,0.229616,0.610478,0.80492,-0.930098,0.864225,0.364728,-0.450253,0.375935,-0.847616,0.116989,-0.832452,0.26153,0.536004,0.139533,0.469674,0.788738,-0.561153,-0.652807,-0.163613,0.483709,-0.768099,0.17546,-0.585394,0.104251,0.56933,-0.846507,0.560405,-0.00222446,-0.979157,-0.458359,-0.82782,0.273219]

f_1([0.00706253,1.7923,-1.59933,0.167542,0.31091,0.32275,0.999999,-0.108377,0.165077,-0.254593,0.920861,0.333702,0.0953531,0.0132588,-0.0020746,-0.655771,0.660176,1.49813,-0.274065,0.475303,0.578367,2.97437,-0.998748,0.536657,0.500483,0.179964,-0.319504,0.656074,0.292935,0.872298,-0.307216,0.197112,-0.936113,-0.037809,1.23094,-0.199683,0.72819,-0.844519,0.269527,-0.187605,2.14787,-0.712874,-2.18396,0.736555])
9.498477335681615
Max g: 0.21410934985732868
f_2([-1.11903e-6,1.82157,-1.56595,0.145347,0.350818,0.453527,0.999967,0.283492,0.158805,-0.0668214,0.557506,0.509316,0.0883529,-0.00496753,-0.0104943,-0.611007,0.73688,1.41528,-1.35777,0.562664,-0.0142001,2.57494,-0.963485,-0.0493308,0.517904,0.177028,-0.323448,0.633066,-0.805399,0.474543,1.43061,-0.118606,-0.83456,-0.438467,1.06665,0.134262,1.85881,-0.476173,-1.49129,0.128646,1.40054,0.11717,-2.52029,1.01466])
11.617114604522657
Max g: 0.39009284900227326
f_3([8.53792e-6,1.69041,-1.44882,0.129348,0.305827,0.40987,0.884355,0.197676,0.0935723,-0.0695223,0.206771,0.411978,0.0458103,0.0215605,0.0586492,-0.557732,0.692462,1.33145,-0.93743,0.615642,-0.0279466,2.69905,-1.09771,0.0235182,0.556786,0.118925,-0.374547,0.698791,-0.960592,0.735232,1.25582,-0.0302942,-0.78876,-0.373657,1.19393,-0.0316497,1.96502,-0.735905,-1.26002,0.031116,1.3005,0.194024,-2.51679,1.02226])
14.221048608951794
Max g: 0.001307410480249703
f_4([5.14526e-7,1.69009,-1.45087,0.128871,0.305147,0.409798,0.885766,0.197936,0.0938923,-0.0690132,0.207494,0.412519,0.0454775,0.0212599,0.0586659,-0.557628,0.692565,1.33125,-0.940726,0.615717,-0.0282089,2.69878,-1.09619,0.0223613,0.556808,0.119062,-0.374642,0.698768,-0.963188,0.733048,1.26209,-0.0319557,-0.786002,-0.372902,1.18936,-0.030468,1.96304,-0.733026,-1.26194,0.0319235,1.30072,0.193376,-2.51558,1.02147])
14.213771151741867
Max g: 0.0006720792043077742
f_5([1.05603e-6,1.69005,-1.45046,0.128495,0.305178,0.410169,0.886198,0.197985,0.0938512,-0.0688423,0.207432,0.41251,0.0455536,0.0213568,0.0588281,-0.557599,0.692604,1.33107,-0.941302,0.615822,-0.0283041,2.69888,-1.09603,0.022173,0.556721,0.11897,-0.374578,0.698883,-0.96331,0.732618,1.26291,-0.0322185,-0.785942,-0.372676,1.18898,-0.0303626,1.96301,-0.732573,-1.26261,0.0321585,1.30086,0.193211,-2.5154,1.02134])
14.21626343160828
Max g: 0.0006710923150730142
f_6([3.53511e-6,1.69009,-1.45037,0.128427,0.30508,0.410039,0.886271,0.19854,0.0933086,-0.0688506,0.207484,0.412519,0.0431296,0.0212235,0.058791,-0.557669,0.692468,1.33096,-0.941432,0.615899,-0.0283474,2.69884,-1.09597,0.0221714,0.556575,0.118822,-0.374583,0.699188,-0.96316,0.732505,1.26292,-0.0322618,-0.785907,-0.372624,1.18889,-0.0303596,1.96317,-0.732505,-1.26293,0.0322619,1.30086,0.193151,-2.51537,1.02136])
14.204001414665523
Max g: 0.0006214622344825416
f_7([4.96666e-5,1.69017,-1.45029,0.128308,0.304967,0.40995,0.886307,0.199141,0.0926985,-0.0688788,0.207473,0.412544,0.0407587,0.0211963,0.0587522,-0.557787,0.692357,1.33083,-0.941452,0.616056,-0.0284112,2.69884,-1.09599,0.022224,0.556439,0.118701,-0.374686,0.699548,-0.963148,0.732518,1.26297,-0.0323349,-0.785956,-0.372574,1.18896,-0.0304285,1.96316,-0.73252,-1.26298,0.0323346,1.30085,0.193079,-2.51537,1.02144])
14.17519065940978
Max g: 0.0005719686556986086
f_8([3.97553e-5,1.69021,-1.45024,0.128226,0.304881,0.409858,0.886334,0.199589,0.0922393,-0.0689182,0.207466,0.412568,0.0388527,0.0211734,0.0587119,-0.557859,0.692244,1.33072,-0.941454,0.616176,-0.0284579,2.69886,-1.09601,0.0222502,0.556315,0.118619,-0.374762,0.699829,-0.963146,0.732539,1.26299,-0.0323869,-0.78601,-0.372538,1.18903,-0.0304863,1.96313,-0.732537,-1.26298,0.0323818,1.30083,0.193028,-2.51537,1.02151])
14.146978051321977
Max g: 0.0005329132476676662
f_9([4.75161e-5,1.69025,-1.4502,0.128151,0.304807,0.40977,0.886352,0.200002,0.0918186,-0.0689467,0.207452,0.412601,0.0371041,0.0211252,0.058682,-0.557952,0.692155,1.33065,-0.941464,0.616283,-0.0285013,2.69887,-1.09602,0.0222803,0.556219,0.118538,-0.374836,0.700079,-0.963142,0.732553,1.26303,-0.0324355,-0.786039,-0.372506,1.18908,-0.030533,1.96313,-0.732551,-1.26301,0.0324314,1.30083,0.192978,-2.51537,1.02156])
14.108198176600578
Max g: 0.0004974935742256023
f_10([4.34761e-5,1.69029,-1.45015,0.128087,0.30475,0.409697,0.886371,0.200333,0.0914812,-0.0689684,0.207459,0.412611,0.0356165,0.021097,0.0586505,-0.558028,0.692073,1.33059,-0.941473,0.616375,-0.0285384,2.69888,-1.09604,0.0223079,0.556129,0.118477,-0.374901,0.700295,-0.963137,0.732563,1.26305,-0.0324769,-0.786066,-0.372478,1.18912,-0.0305731,1.96313,-0.73256,-1.26304,0.0324727,1.30082,0.192933,-2.51537,1.02161])
14.070614596215057
{4.347611282868514e-5,1.690289544178985,-1.4501534366009514,0.12808746816838373,0.3047499302660212,0.40969664283204393,0.88637088536828,0.20033338180910398,0.09148116571873546,-0.06896841029829781,0.20745909870219825,0.4126112118231853,0.035616549298301506,0.021097020517963822,0.058650492186379535,-0.5580277246111002,0.6920727825338797,1.3305865955792042,-0.9414734822840681,0.6163748576041707,-0.028538415692081306,2.6988766130625184,-1.096036008051954,0.022307892041965437,0.5561292486799647,0.11847655569383599,-0.3749007320061234,0.7002954795773687,-0.9631373195098641,0.7325629528325903,1.2630512659584248,-0.032476878033816735,-0.7860664257830244,-0.37247845244046324,1.1891186660819586,-0.030573102114199273,1.9631256624912925,-0.7325603909831312,-1.2630379122843391,0.032472714726079724,1.3008237776811802,0.19293346780926723,-2.515366135905734,1.0216086115646712}]
Set[{A021,A031,A032,A041,A042,A043,A121,A131,A132,A141,A142,A143,B021,B031,B032,B041,B042,B043,B121,B131,B132,B141,B142,B143,\[Alpha]1,\[Alpha]2,\[Alpha]3,\[Alpha]4,\[Beta]11,\[Beta]12,\[Beta]13,\[Beta]14,\[Beta]21,\[Beta]22,\[Beta]23,\[Beta]24,\[Beta]31,\[Beta]32,\[Beta]33,\[Beta]34,\[Beta]41,\[Beta]42,\[Beta]43,\[Beta]44},{4.347611282868514e-5,1.690289544178985,-1.4501534366009514,0.12808746816838373,0.3047499302660212,0.40969664283204393,0.88637088536828,0.20033338180910398,0.09148116571873546,-0.06896841029829781,0.20745909870219825,0.4126112118231853,0.035616549298301506,0.021097020517963822,0.058650492186379535,-0.5580277246111002,0.6920727825338797,1.3305865955792042,-0.9414734822840681,0.6163748576041707,-0.028538415692081306,2.6988766130625184,-1.096036008051954,0.022307892041965437,0.5561292486799647,0.11847655569383599,-0.3749007320061234,0.7002954795773687,-0.9631373195098641,0.7325629528325903,1.2630512659584248,-0.032476878033816735,-0.7860664257830244,-0.37247845244046324,1.1891186660819586,-0.030573102114199273,1.9631256624912925,-0.7325603909831312,-1.2630379122843391,0.032472714726079724,1.3008237776811802,0.19293346780926723,-2.515366135905734,1.0216086115646712}]

Max g: 0.00046774443353013364
f_11([3.35199e-5,1.69032,-1.4501,0.128022,0.304691,0.409637,0.886393,0.200645,0.0911657,-0.068987,0.207464,0.41262,0.034195,0.0210669,0.0586261,-0.558095,0.691999,1.33052,-0.941485,0.616466,-0.0285746,2.69889,-1.09605,0.0223285,0.556052,0.118405,-0.374958,0.700502,-0.963121,0.732569,1.26307,-0.0325176,-0.78609,-0.372451,1.18915,-0.0306124,1.96311,-0.732566,-1.26306,0.0325143,1.30081,0.192891,-2.51536,1.02166])
14.032432868661598
Max g: 0.0004395588203392841
f_12([2.15128e-5,1.69035,-1.45007,0.12797,0.304619,0.409577,0.88641,0.200936,0.0908702,-0.0690015,0.207465,0.412628,0.0328205,0.0210288,0.0586043,-0.558161,0.691932,1.33045,-0.941495,0.616549,-0.028608,2.6989,-1.09606,0.0223507,0.555972,0.118347,-0.375019,0.7007,-0.963118,0.732577,1.2631,-0.032556,-0.786113,-0.372426,1.18919,-0.0306476,1.96311,-0.732575,-1.26308,0.0325521,1.3008,0.192854,-2.51535,1.0217])
13.988070287039433
Max g: 0.0004125666190319641
f_13([1.79366e-5,1.69039,-1.45004,0.127904,0.304569,0.409522,0.886422,0.201196,0.0906061,-0.069021,0.207468,0.412648,0.0315003,0.0210025,0.0585785,-0.558231,0.691864,1.33039,-0.9415,0.616637,-0.0286429,2.69891,-1.09607,0.0223789,0.555895,0.118288,-0.375075,0.700893,-0.963114,0.73259,1.26312,-0.0325948,-0.786128,-0.372403,1.18922,-0.0306853,1.9631,-0.732588,-1.26311,0.0325912,1.3008,0.19281,-2.51535,1.02174])
13.941315116745509
Max g: 0.0003869131434424066
f_14([1.21771e-5,1.69042,-1.45001,0.127846,0.304518,0.409458,0.886437,0.201437,0.090361,-0.0690342,0.207462,0.412662,0.0302288,0.020978,0.0585498,-0.558296,0.691798,1.33033,-0.941508,0.616717,-0.028675,2.69893,-1.09609,0.0223988,0.555823,0.11822,-0.375117,0.701076,-0.963108,0.732598,1.26314,-0.0326304,-0.786147,-0.37238,1.18925,-0.0307194,1.9631,-0.732597,-1.26313,0.0326276,1.30079,0.192773,-2.51534,1.02177])
13.890971063443951
Max g: 0.00036243305484232784
f_15([2.11214e-7,1.69045,-1.44998,0.127789,0.304466,0.409405,0.886454,0.20166,0.090133,-0.0690455,0.207444,0.412689,0.0290091,0.0209604,0.0585267,-0.558359,0.691733,1.33027,-0.941518,0.616794,-0.0287061,2.69894,-1.0961,0.0224195,0.555751,0.118166,-0.375173,0.701257,-0.963101,0.732605,1.26316,-0.0326657,-0.786172,-0.372356,1.18928,-0.0307531,1.96309,-0.732603,-1.26315,0.0326624,1.30079,0.192736,-2.51534,1.02181])
13.840327936558422
Max g: 0.0003390740023471615
f_16([5.28541e-7,1.69048,-1.44994,0.127733,0.304419,0.409348,0.88647,0.201866,0.0899223,-0.0690641,0.207441,0.412705,0.0278273,0.0209356,0.0585098,-0.558409,0.69166,1.33021,-0.941526,0.616878,-0.0287396,2.69895,-1.09611,0.0224421,0.55569,0.118105,-0.375227,0.701432,-0.963098,0.732615,1.26319,-0.0327041,-0.786192,-0.372331,1.18931,-0.030789,1.96309,-0.732613,-1.26318,0.0327009,1.30079,0.192697,-2.51534,1.02186])
13.787292221001136
Max g: 0.0003166002363669795
f_17([3.59174e-6,1.69051,-1.44993,0.127674,0.304364,0.409298,0.886483,0.202065,0.0897209,-0.0690795,0.207439,0.412723,0.0266811,0.0209219,0.0584847,-0.558475,0.691604,1.33016,-0.941532,0.616956,-0.0287699,2.69896,-1.09613,0.0224607,0.555624,0.11805,-0.375276,0.701603,-0.963088,0.732624,1.2632,-0.0327381,-0.786206,-0.372311,1.18934,-0.0308221,1.96308,-0.732623,-1.26319,0.0327352,1.30078,0.19266,-2.51534,1.0219])
13.730867004825528
Max g: 0.0002949375545311196
f_18([4.35152e-7,1.69054,-1.4499,0.12762,0.304318,0.409242,0.886486,0.202252,0.0895322,-0.0690888,0.207436,0.412736,0.0255692,0.0209059,0.0584725,-0.558529,0.691546,1.3301,-0.941534,0.617022,-0.0287964,2.69898,-1.09614,0.0224718,0.555557,0.117993,-0.375322,0.701772,-0.963088,0.732636,1.26322,-0.0327673,-0.786213,-0.372295,1.18936,-0.0308502,1.96308,-0.732634,-1.26321,0.0327651,1.30077,0.192632,-2.51534,1.02193])
13.674940244623203
Max g: 0.0002740638623187541
f_19([1.47314e-6,1.69057,-1.44988,0.12757,0.304264,0.409194,0.886495,0.202421,0.0893582,-0.0690942,0.207432,0.412739,0.0244985,0.0208926,0.0584569,-0.558582,0.69149,1.33004,-0.94154,0.617086,-0.0288225,2.69898,-1.09615,0.0224873,0.555488,0.117943,-0.375365,0.701934,-0.96309,0.732645,1.26324,-0.032797,-0.78623,-0.372278,1.18938,-0.0308777,1.96308,-0.732643,-1.26323,0.0327943,1.30077,0.192603,-2.51534,1.02197])
13.618315646058281
Max g: 0.0002540785116744462
f_20([6.27619e-7,1.69059,-1.44986,0.127522,0.304207,0.409148,0.88651,0.202589,0.0891886,-0.0691057,0.207428,0.412758,0.0234273,0.0208817,0.0584349,-0.558642,0.691445,1.32998,-0.941548,0.617145,-0.0288456,2.69898,-1.09615,0.0225091,0.55542,0.117896,-0.37541,0.702094,-0.96308,0.732648,1.26326,-0.0328233,-0.786244,-0.37226,1.18941,-0.0309025,1.96307,-0.732647,-1.26325,0.0328209,1.30077,0.192573,-2.51534,1.022])
13.55909907643229
{6.276187103595602e-7,1.6905910786897322,-1.4498563489807188,0.1275216677942609,0.3042069752268789,0.4091480255284647,0.8865100353942854,0.20258860756338687,0.08918860167369884,-0.06910574904392305,0.20742802702389626,0.4127580706347269,0.023427250208195964,0.020881718811776317,0.058434907306838084,-0.5586419017702036,0.6914452196071006,1.3299812830004452,-0.9415475185237625,0.6171447836202654,-0.028845601835478737,2.6989833647941097,-1.0961539077319697,0.02250910681581805,0.5554196488319408,0.11789630316254152,-0.3754098302273341,0.7020939996451591,-0.9630804980360644,0.7326483735373059,1.2632551971218065,-0.03282331808974215,-0.7862435235536065,-0.37225955515969633,1.1894060285516355,-0.030902520412062533,1.9630732656224534,-0.7326473274368195,-1.2632474224282726,0.0328209137262961,1.3007723339372208,0.19257268366782382,-2.5153404535446033,1.021995453763207}]
Set[{A021,A031,A032,A041,A042,A043,A121,A131,A132,A141,A142,A143,B021,B031,B032,B041,B042,B043,B121,B131,B132,B141,B142,B143,\[Alpha]1,\[Alpha]2,\[Alpha]3,\[Alpha]4,\[Beta]11,\[Beta]12,\[Beta]13,\[Beta]14,\[Beta]21,\[Beta]22,\[Beta]23,\[Beta]24,\[Beta]31,\[Beta]32,\[Beta]33,\[Beta]34,\[Beta]41,\[Beta]42,\[Beta]43,\[Beta]44},{6.276187103595602e-7,1.6905910786897322,-1.4498563489807188,0.1275216677942609,0.3042069752268789,0.4091480255284647,0.8865100353942854,0.20258860756338687,0.08918860167369884,-0.06910574904392305,0.20742802702389626,0.4127580706347269,0.023427250208195964,0.020881718811776317,0.058434907306838084,-0.5586419017702036,0.6914452196071006,1.3299812830004452,-0.9415475185237625,0.6171447836202654,-0.028845601835478737,2.6989833647941097,-1.0961539077319697,0.02250910681581805,0.5554196488319408,0.11789630316254152,-0.3754098302273341,0.7020939996451591,-0.9630804980360644,0.7326483735373059,1.2632551971218065,-0.03282331808974215,-0.7862435235536065,-0.37225955515969633,1.1894060285516355,-0.030902520412062533,1.9630732656224534,-0.7326473274368195,-1.2632474224282726,0.0328209137262961,1.3007723339372208,0.19257268366782382,-2.5153404535446033,1.021995453763207}]

Max g: 0.00023420994483892485
f_21([2.65625e-9,1.69062,-1.44983,0.127493,0.304151,0.409099,0.886522,0.202727,0.0890466,-0.0691165,0.207424,0.412773,0.0224719,0.0208708,0.0584214,-0.558689,0.691394,1.32993,-0.941554,0.617206,-0.02887,2.69899,-1.09616,0.0225308,0.555365,0.117845,-0.37545,0.70224,-0.963075,0.732655,1.26327,-0.0328507,-0.78626,-0.372242,1.18943,-0.0309289,1.96307,-0.732654,-1.26326,0.0328485,1.30077,0.192542,-2.51533,1.02202])
13.505365522512408
Max g: 0.00021656976396854154
f_22([2.41715e-6,1.69063,-1.44982,0.127454,0.30411,0.409061,0.886529,0.202836,0.0889363,-0.0691198,0.20742,0.412782,0.0216585,0.0208555,0.0584105,-0.558731,0.691352,1.32989,-0.941558,0.617258,-0.0288904,2.699,-1.09617,0.0225497,0.555317,0.117804,-0.375482,0.702361,-0.963071,0.732661,1.26328,-0.0328733,-0.786268,-0.372228,1.18945,-0.0309506,1.96307,-0.732661,-1.26328,0.0328715,1.30076,0.192518,-2.51533,1.02204])
13.456915601909323
Max g: 0.00020166337940877494
f_23([1.34934e-21,1.69065,-1.4498,0.127417,0.304076,0.409024,0.886536,0.202936,0.0888345,-0.0691309,0.207419,0.412792,0.0208867,0.0208457,0.0584001,-0.558769,0.691308,1.32985,-0.941561,0.617304,-0.0289089,2.699,-1.09618,0.0225631,0.555273,0.117765,-0.375517,0.702479,-0.963068,0.732667,1.26329,-0.032894,-0.786277,-0.372216,1.18946,-0.0309702,1.96306,-0.732666,-1.26329,0.0328923,1.30076,0.192497,-2.51532,1.02207])
13.412054564313875
Max g: 0.00018755768405105227
f_24([2.95609e-5,1.69064,-1.44934,0.12744,0.304137,0.408995,0.886552,0.203074,0.0886882,-0.0691576,0.207428,0.412784,0.0196875,0.02086,0.0583192,-0.558818,0.691245,1.32979,-0.941569,0.61735,-0.0289289,2.699,-1.09618,0.0225675,0.555194,0.11772,-0.375556,0.702642,-0.963075,0.732672,1.26332,-0.0329172,-0.786311,-0.372197,1.1895,-0.0309928,1.96307,-0.732671,-1.26332,0.032916,1.30075,0.192481,-2.51533,1.0221])
13.336887403542836
Max g: 0.00016590980309473373
f_25([1.56086e-5,1.69068,-1.44931,0.127392,0.304084,0.408936,0.886563,0.203216,0.0885431,-0.0691747,0.207421,0.412802,0.0184973,0.0208339,0.0583116,-0.558887,0.691189,1.32973,-0.941575,0.617415,-0.0289549,2.69899,-1.09619,0.02259,0.555136,0.117648,-0.375608,0.702823,-0.963068,0.732679,1.26334,-0.0329463,-0.786322,-0.372179,1.18952,-0.0310208,1.96306,-0.732678,-1.26333,0.0329449,1.30073,0.192454,-2.51532,1.02213])
13.265408816974087
Max g: 0.0001443670201152466
f_26([9.13136e-6,1.69071,-1.44928,0.127345,0.304027,0.408883,0.886577,0.203346,0.088412,-0.0691809,0.207413,0.412819,0.0173575,0.020813,0.058305,-0.558944,0.691134,1.32966,-0.941582,0.617489,-0.0289839,2.69901,-1.0962,0.0226052,0.555068,0.117594,-0.37566,0.702997,-0.963055,0.732685,1.26335,-0.032979,-0.786334,-0.372159,1.18954,-0.0310517,1.96305,-0.732685,-1.26335,0.0329779,1.30072,0.192419,-2.51531,1.02217])
13.196023745493127
Max g: 0.00012380099926237735
f_27([2.50402e-6,1.69073,-1.44926,0.127287,0.303975,0.408831,0.886585,0.203468,0.0882879,-0.0691806,0.207403,0.412831,0.0162607,0.0208014,0.0582926,-0.559003,0.691075,1.32961,-0.941587,0.617561,-0.029012,2.69902,-1.09621,0.022626,0.555006,0.117533,-0.375704,0.703166,-0.963049,0.732695,1.26336,-0.0330104,-0.786344,-0.372141,1.18957,-0.0310821,1.96305,-0.732694,-1.26336,0.0330093,1.30072,0.192386,-2.51531,1.02221])
13.130925395382398
Max g: 0.00010407473762026354
f_28([3.09881e-7,1.69076,-1.44922,0.127246,0.303926,0.408776,0.886591,0.203572,0.088182,-0.069183,0.207394,0.41285,0.0151774,0.0207772,0.0582815,-0.55905,0.691021,1.32954,-0.94159,0.617631,-0.029039,2.69903,-1.09622,0.0226472,0.554943,0.117481,-0.375752,0.703328,-0.963045,0.732706,1.26338,-0.0330406,-0.786349,-0.372125,1.18958,-0.0311105,1.96304,-0.732706,-1.26338,0.0330403,1.30072,0.19235,-2.51531,1.02224])
13.063334765405257
Max g: 8.473726802899964e-5
f_29([1.38325e-6,1.69079,-1.44919,0.1272,0.303869,0.408733,0.886596,0.203676,0.0880763,-0.0691969,0.207387,0.41287,0.0141262,0.0207592,0.0582764,-0.559107,0.690973,1.32948,-0.941591,0.61769,-0.0290626,2.69904,-1.09623,0.0226587,0.554875,0.117424,-0.375789,0.703489,-0.963045,0.732717,1.2634,-0.0330671,-0.786357,-0.372111,1.1896,-0.0311361,1.96304,-0.732717,-1.26339,0.0330663,1.30072,0.192324,-2.51532,1.02228])
12.999333018435749
Max g: 6.599038480775113e-5
f_30([6.61021e-8,1.69081,-1.44916,0.127159,0.303826,0.408687,0.886604,0.203753,0.0879981,-0.0692078,0.207384,0.412882,0.013155,0.0207443,0.05826,-0.559154,0.690923,1.32943,-0.941597,0.617745,-0.0290842,2.69904,-1.09623,0.0226705,0.554814,0.117376,-0.375825,0.703634,-0.963041,0.732723,1.26341,-0.033092,-0.786365,-0.372097,1.18962,-0.0311586,1.96304,-0.732722,-1.26341,0.0330917,1.30071,0.192301,-2.51532,1.02231])
12.940714595977697
{6.610205271868763e-8,1.6908138365366838,-1.4491553572135167,0.12715871620165925,0.30382628776140025,0.40868659244092853,0.8866039727918514,0.20375267443154232,0.08799814553997122,-0.06920784257794063,0.20738400058280776,0.4128823477201598,0.013154972267315513,0.02074430902724648,0.0582600128652959,-0.5591536250668244,0.6909233388737156,1.329426706094923,-0.9415971771796008,0.6177448097785834,-0.02908417909282563,2.6990375497052543,-1.0962335406860557,0.022670460028554357,0.5548141735879613,0.11737623212750678,-0.37582459121517237,0.7036340685155014,-0.963041073492071,0.7327226138710344,1.2634104676186149,-0.03309203968351429,-0.786364899403304,-0.3720965923159185,1.1896202220850751,-0.031158648725799837,1.9630397156484822,-0.7327224619125157,-1.263408968243137,0.033091659288084024,1.3007104959145246,0.1923005429764326,-2.5153228630179636,1.022311555096511}]
Set[{A021,A031,A032,A041,A042,A043,A121,A131,A132,A141,A142,A143,B021,B031,B032,B041,B042,B043,B121,B131,B132,B141,B142,B143,\[Alpha]1,\[Alpha]2,\[Alpha]3,\[Alpha]4,\[Beta]11,\[Beta]12,\[Beta]13,\[Beta]14,\[Beta]21,\[Beta]22,\[Beta]23,\[Beta]24,\[Beta]31,\[Beta]32,\[Beta]33,\[Beta]34,\[Beta]41,\[Beta]42,\[Beta]43,\[Beta]44},{6.610205271868763e-8,1.6908138365366838,-1.4491553572135167,0.12715871620165925,0.30382628776140025,0.40868659244092853,0.8866039727918514,0.20375267443154232,0.08799814553997122,-0.06920784257794063,0.20738400058280776,0.4128823477201598,0.013154972267315513,0.02074430902724648,0.0582600128652959,-0.5591536250668244,0.6909233388737156,1.329426706094923,-0.9415971771796008,0.6177448097785834,-0.02908417909282563,2.6990375497052543,-1.0962335406860557,0.022670460028554357,0.5548141735879613,0.11737623212750678,-0.37582459121517237,0.7036340685155014,-0.963041073492071,0.7327226138710344,1.2634104676186149,-0.03309203968351429,-0.786364899403304,-0.3720965923159185,1.1896202220850751,-0.031158648725799837,1.9630397156484822,-0.7327224619125157,-1.263408968243137,0.033091659288084024,1.3007104959145246,0.1923005429764326,-2.5153228630179636,1.022311555096511}]

Max g: 4.8798717008583924e-5
f_31([1.11407e-6,1.69084,-1.44914,0.127119,0.303794,0.408647,0.886611,0.203818,0.0879316,-0.069213,0.207377,0.412895,0.0123536,0.0207294,0.0582499,-0.559197,0.690883,1.32939,-0.9416,0.617793,-0.0291026,2.69904,-1.09624,0.022684,0.554769,0.117336,-0.375859,0.703754,-0.963035,0.732729,1.26342,-0.0331127,-0.78637,-0.372085,1.18963,-0.0311786,1.96303,-0.732729,-1.26342,0.0331124,1.30071,0.192279,-2.51532,1.02234])
12.890968689844078
Max g: 3.4625930785685006e-5
f_32([1.29689e-6,1.69086,-1.44912,0.127079,0.303761,0.408608,0.886615,0.203879,0.0878704,-0.0692171,0.20737,0.41291,0.0115543,0.0207218,0.0582428,-0.559236,0.690834,1.32935,-0.941603,0.617839,-0.0291208,2.69904,-1.09624,0.0226964,0.554723,0.117292,-0.375893,0.703878,-0.963032,0.732736,1.26343,-0.0331335,-0.786374,-0.372074,1.18965,-0.0311979,1.96303,-0.732735,-1.26343,0.0331333,1.30071,0.192257,-2.51533,1.02236])
12.843316298798246
Max g: 2.0501900403134836e-5
f_33([3.36429e-6,1.69088,-1.4491,0.127042,0.303727,0.408572,0.886621,0.203934,0.0878134,-0.0692282,0.207367,0.412922,0.0107905,0.0207137,0.0582284,-0.559274,0.690794,1.32931,-0.941606,0.617884,-0.0291386,2.69905,-1.09625,0.0227091,0.554679,0.11725,-0.375922,0.703993,-0.963029,0.732742,1.26344,-0.0331531,-0.786383,-0.372062,1.18966,-0.031217,1.96303,-0.732741,-1.26344,0.033153,1.3007,0.192237,-2.51532,1.02239])
12.797458349256232
Max g: 7.049632745474905e-6
f_34([8.59318e-9,1.69089,-1.44908,0.12701,0.303689,0.408536,0.886624,0.203986,0.0877609,-0.0692329,0.207365,0.412931,0.0100609,0.0207062,0.0582201,-0.559312,0.690754,1.32927,-0.941607,0.617925,-0.0291542,2.69905,-1.09626,0.0227204,0.554637,0.117212,-0.375954,0.704105,-0.963024,0.732748,1.26345,-0.0331706,-0.786384,-0.372053,1.18967,-0.0312339,1.96302,-0.732748,-1.26345,0.0331707,1.30069,0.192219,-2.51532,1.02241])
12.754092679580632
Max g: 4.950826806293662e-7
f_35([2.48526e-6,1.6909,-1.44906,0.126973,0.303654,0.408505,0.886626,0.204028,0.0877188,-0.0692381,0.207363,0.41294,0.0093571,0.0206975,0.0582167,-0.559348,0.690715,1.32923,-0.941608,0.61797,-0.0291716,2.69906,-1.09626,0.0227293,0.554594,0.117173,-0.375983,0.704215,-0.963023,0.732756,1.26346,-0.0331904,-0.786385,-0.372044,1.18968,-0.0312523,1.96302,-0.732756,-1.26346,0.0331904,1.30069,0.1922,-2.51532,1.02243])
12.713618054550071
Max g: 3.321614271412088e-7
f_36([9.41078e-7,1.69092,-1.44904,0.126938,0.303624,0.408469,0.886629,0.204068,0.0876785,-0.0692391,0.207354,0.412953,0.00866652,0.0206896,0.0582119,-0.559381,0.690675,1.32919,-0.94161,0.618014,-0.0291886,2.69907,-1.09627,0.0227374,0.554554,0.117134,-0.376011,0.704323,-0.963019,0.732763,1.26346,-0.0332096,-0.786386,-0.372034,1.18969,-0.0312706,1.96302,-0.732763,-1.26347,0.0332099,1.30068,0.19218,-2.51532,1.02246])
12.673342811908825
Max g: 3.960224224108799e-7
f_37([4.63915e-7,1.69093,-1.44903,0.126907,0.303589,0.408438,0.886632,0.204104,0.0876432,-0.069249,0.207354,0.412967,0.00799906,0.0206853,0.0582021,-0.559415,0.69064,1.32915,-0.941611,0.618057,-0.0292049,2.69907,-1.09627,0.0227493,0.554516,0.117095,-0.376037,0.704426,-0.963013,0.73277,1.26347,-0.0332275,-0.786387,-0.372025,1.1897,-0.0312879,1.96301,-0.73277,-1.26347,0.0332281,1.30068,0.19216,-2.51532,1.02248])
12.634961701966052
Max g: 6.794215496874756e-7
f_38([4.40192e-7,1.69094,-1.44902,0.126887,0.303571,0.408417,0.886632,0.204123,0.0876244,-0.0692533,0.207351,0.412974,0.00760423,0.0206819,0.0581978,-0.559438,0.690618,1.32914,-0.941611,0.618082,-0.0292147,2.69907,-1.09628,0.0227563,0.554493,0.117074,-0.376054,0.704487,-0.963011,0.732775,1.26348,-0.0332385,-0.786386,-0.37202,1.1897,-0.0312983,1.96301,-0.732775,-1.26348,0.033239,1.30067,0.19215,-2.51532,1.0225])
12.612531183168327
Max g: 3.5415680081640755e-7
f_39([1.24983e-6,1.69094,-1.44902,0.126896,0.303577,0.408422,0.886631,0.204116,0.0876315,-0.0692517,0.207351,0.412973,0.00775192,0.0206841,0.0582005,-0.55943,0.690625,1.32914,-0.941611,0.618073,-0.029211,2.69907,-1.09628,0.0227541,0.5545,0.117082,-0.376048,0.704465,-0.963012,0.732773,1.26347,-0.0332344,-0.786385,-0.372023,1.1897,-0.0312942,1.96301,-0.732773,-1.26348,0.0332349,1.30067,0.192154,-2.51532,1.02249])
12.621304008298106
Max g: 3.443527121227419e-7
f_40([2.39833e-6,1.69093,-1.44902,0.126902,0.303584,0.408428,0.88663,0.204109,0.0876389,-0.06925,0.207353,0.41297,0.00789529,0.0206861,0.058202,-0.559422,0.690631,1.32915,-0.94161,0.618064,-0.0292078,2.69907,-1.09627,0.0227518,0.554508,0.11709,-0.376042,0.704443,-0.963013,0.732772,1.26347,-0.0332308,-0.786384,-0.372025,1.1897,-0.0312908,1.96301,-0.732772,-1.26347,0.0332312,1.30067,0.192158,-2.51532,1.02249])
12.629877451038569
{2.398329956862665e-6,1.6909313032350533,-1.4490223571722418,0.12690236079212533,0.3035839230465959,0.4084279851050643,0.8866304313014469,0.204108500881357,0.08763890489433795,-0.06925000931349488,0.2073526845182589,0.4129697959704139,0.00789529297606768,0.020686063992989084,0.058202046265028465,-0.5594223585687489,0.690631087498561,1.3291516827850838,-0.9416103666663876,0.6180644671026853,-0.029207806762710117,2.699067817691121,-1.0962749430175762,0.02275181645785919,0.5545080202126028,0.11709047867600611,-0.3760418125678371,0.7044432886733138,-0.9630125195994463,0.7327718001650692,1.263471570048908,-0.03323077960354942,-0.7863841121823482,-0.37202456262227807,1.1896994587187424,-0.03129080139950654,1.9630138491322753,-0.7327720482502816,-1.2634730747458611,0.03323118711676056,1.3006747381305057,0.19215777477250984,-2.5153215225384487,1.0224890156109419}]
Set[{A021,A031,A032,A041,A042,A043,A121,A131,A132,A141,A142,A143,B021,B031,B032,B041,B042,B043,B121,B131,B132,B141,B142,B143,\[Alpha]1,\[Alpha]2,\[Alpha]3,\[Alpha]4,\[Beta]11,\[Beta]12,\[Beta]13,\[Beta]14,\[Beta]21,\[Beta]22,\[Beta]23,\[Beta]24,\[Beta]31,\[Beta]32,\[Beta]33,\[Beta]34,\[Beta]41,\[Beta]42,\[Beta]43,\[Beta]44},{2.398329956862665e-6,1.6909313032350533,-1.4490223571722418,0.12690236079212533,0.3035839230465959,0.4084279851050643,0.8866304313014469,0.204108500881357,0.08763890489433795,-0.06925000931349488,0.2073526845182589,0.4129697959704139,0.00789529297606768,0.020686063992989084,0.058202046265028465,-0.5594223585687489,0.690631087498561,1.3291516827850838,-0.9416103666663876,0.6180644671026853,-0.029207806762710117,2.699067817691121,-1.0962749430175762,0.02275181645785919,0.5545080202126028,0.11709047867600611,-0.3760418125678371,0.7044432886733138,-0.9630125195994463,0.7327718001650692,1.263471570048908,-0.03323077960354942,-0.7863841121823482,-0.37202456262227807,1.1896994587187424,-0.03129080139950654,1.9630138491322753,-0.7327720482502816,-1.2634730747458611,0.03323118711676056,1.3006747381305057,0.19215777477250984,-2.5153215225384487,1.0224890156109419}]

Max g: 3.2673913463732163e-7
f_41([3.28687e-6,1.69093,-1.44902,0.12691,0.303591,0.408433,0.88663,0.204102,0.087646,-0.0692494,0.207354,0.412968,0.0080348,0.020688,0.0582045,-0.559415,0.690638,1.32916,-0.94161,0.618055,-0.0292042,2.69907,-1.09627,0.0227496,0.554515,0.117099,-0.376037,0.704422,-0.963013,0.73277,1.26347,-0.0332268,-0.786383,-0.372027,1.1897,-0.0312871,1.96301,-0.732771,-1.26347,0.0332271,1.30068,0.192162,-2.51532,1.02248])
12.63705521705384
Max g: 2.695986516254578e-7
f_42([4.13358e-6,1.69092,-1.44903,0.126915,0.303596,0.408439,0.886629,0.204096,0.0876522,-0.069249,0.207355,0.412966,0.00815545,0.0206911,0.0582044,-0.559409,0.690645,1.32917,-0.94161,0.618049,-0.0292016,2.69906,-1.09627,0.0227489,0.554522,0.117106,-0.376031,0.704404,-0.963014,0.73277,1.26347,-0.0332239,-0.786383,-0.372028,1.1897,-0.0312843,1.96302,-0.73277,-1.26347,0.0332242,1.30068,0.192165,-2.51532,1.02248])
12.643734527095829
Max g: 3.108205746116255e-7
f_43([5.06504e-6,1.69092,-1.44903,0.12692,0.3036,0.408444,0.886629,0.20409,0.0876575,-0.0692485,0.207356,0.412964,0.00826115,0.0206925,0.0582061,-0.559403,0.69065,1.32917,-0.941609,0.618043,-0.0291994,2.69906,-1.09627,0.0227475,0.554527,0.117112,-0.376027,0.704388,-0.963015,0.732769,1.26347,-0.0332214,-0.786383,-0.372029,1.18969,-0.0312819,1.96302,-0.732769,-1.26347,0.0332217,1.30068,0.192168,-2.51532,1.02248])
12.649317233996596
Max g: 2.5205667663480424e-7
f_44([5.78796e-6,1.69092,-1.44903,0.126925,0.303605,0.408449,0.886628,0.204085,0.0876633,-0.0692473,0.207356,0.412962,0.0083655,0.0206942,0.0582075,-0.559398,0.690655,1.32918,-0.941609,0.618037,-0.029197,2.69906,-1.09627,0.0227463,0.554533,0.117117,-0.376023,0.704372,-0.963015,0.732768,1.26347,-0.0332187,-0.786382,-0.372031,1.18969,-0.0312794,1.96302,-0.732768,-1.26347,0.0332191,1.30068,0.19217,-2.51532,1.02247])
12.655896852843929
Max g: 2.602230346759882e-7
f_45([6.47263e-6,1.69092,-1.44904,0.126929,0.30361,0.408454,0.886628,0.204079,0.0876686,-0.0692466,0.207357,0.412961,0.00846494,0.0206961,0.0582091,-0.559393,0.69066,1.32918,-0.941609,0.618031,-0.0291948,2.69906,-1.09627,0.0227449,0.554538,0.117123,-0.376018,0.704358,-0.963015,0.732767,1.26346,-0.0332162,-0.786382,-0.372032,1.18969,-0.031277,1.96302,-0.732767,-1.26347,0.0332165,1.30068,0.192173,-2.51532,1.02247])
12.66018357421416
Max g: 2.494039323952535e-7
f_46([6.18962e-6,1.69091,-1.44904,0.126934,0.303615,0.408458,0.886627,0.204074,0.0876741,-0.0692459,0.207358,0.412959,0.00856144,0.020697,0.0582103,-0.559388,0.690665,1.32919,-0.941609,0.618025,-0.0291926,2.69906,-1.09627,0.0227438,0.554543,0.117128,-0.376014,0.704343,-0.963016,0.732766,1.26346,-0.0332137,-0.786381,-0.372034,1.18969,-0.0312746,1.96302,-0.732766,-1.26346,0.033214,1.30068,0.192175,-2.51532,1.02247])
12.666165045893553
Max g: 2.2788962250608336e-7
f_47([6.65331e-6,1.69091,-1.44904,0.126938,0.303619,0.408462,0.886626,0.204069,0.0876793,-0.0692449,0.207359,0.412957,0.00865529,0.020698,0.0582116,-0.559383,0.69067,1.32919,-0.941608,0.61802,-0.0291905,2.69906,-1.09627,0.0227428,0.554549,0.117133,-0.37601,0.704329,-0.963016,0.732765,1.26346,-0.0332113,-0.78638,-0.372035,1.18969,-0.0312724,1.96302,-0.732765,-1.26346,0.0332116,1.30068,0.192178,-2.51532,1.02246])
12.670950223237067
Max g: 2.4101476860105553e-7
f_48([7.64393e-6,1.69091,-1.44904,0.126943,0.303624,0.408466,0.886626,0.204064,0.0876849,-0.0692437,0.207359,0.412956,0.00874544,0.0206985,0.058213,-0.559378,0.690675,1.3292,-0.941608,0.618015,-0.0291884,2.69906,-1.09627,0.0227411,0.554554,0.117138,-0.376007,0.704315,-0.963016,0.732764,1.26346,-0.033209,-0.786379,-0.372036,1.18969,-0.0312701,1.96302,-0.732765,-1.26346,0.0332093,1.30068,0.19218,-2.51532,1.02246])
12.6775298420844
Max g: 2.1515698334084732e-7
f_49([7.88283e-6,1.69091,-1.44905,0.126947,0.303628,0.40847,0.886625,0.204058,0.0876905,-0.0692435,0.20736,0.412954,0.00883353,0.020699,0.0582143,-0.559373,0.690679,1.3292,-0.941608,0.61801,-0.0291865,2.69906,-1.09627,0.0227398,0.55456,0.117143,-0.376004,0.704301,-0.963017,0.732764,1.26346,-0.0332068,-0.786379,-0.372037,1.18968,-0.031268,1.96302,-0.732764,-1.26346,0.033207,1.30068,0.192183,-2.51532,1.02246])
12.682414710622572
Max g: 2.2771352581330007e-7
f_50([8.38621e-6,1.69091,-1.44905,0.126951,0.303632,0.408475,0.886624,0.204053,0.0876955,-0.0692428,0.20736,0.412953,0.0089192,0.0207001,0.058215,-0.559369,0.690685,1.32921,-0.941607,0.618005,-0.0291844,2.69906,-1.09627,0.0227383,0.554565,0.117148,-0.376,0.704288,-0.963017,0.732763,1.26346,-0.0332045,-0.786378,-0.372039,1.18968,-0.0312659,1.96302,-0.732763,-1.26346,0.0332048,1.30068,0.192185,-2.51532,1.02246])
12.687897726328682
{8.38621194025043e-6,1.6909053376065522,-1.4490467706283614,0.12695100861524783,0.3036316732925646,0.40847463518568894,0.8866243991784265,0.20405311567296192,0.08769545215249058,-0.06924282563938575,0.20736046139736652,0.41295273219951356,0.008919204521995953,0.02070008363753838,0.058214976588124655,-0.5593691955141624,0.6906847709248504,1.3292056323935963,-0.941607206533166,0.6180045607812391,-0.029184409118145252,2.6990586145386266,-1.0962657380362724,0.022738321811493562,0.5545648832727722,0.11714760575497248,-0.37600042907377135,0.704287891868073,-0.9630174233131711,0.7327631208673743,1.26345888264007,-0.03320454198179152,-0.7863784451743142,-0.37203873092918766,1.189683079935884,-0.03126590595645134,1.9630180831717656,-0.7327631875146925,-1.2634596634438127,0.0332047645826326,1.300679734457113,0.19218504381328746,-2.5153210032979376,1.0224562398069013}]
Set[{A021,A031,A032,A041,A042,A043,A121,A131,A132,A141,A142,A143,B021,B031,B032,B041,B042,B043,B121,B131,B132,B141,B142,B143,\[Alpha]1,\[Alpha]2,\[Alpha]3,\[Alpha]4,\[Beta]11,\[Beta]12,\[Beta]13,\[Beta]14,\[Beta]21,\[Beta]22,\[Beta]23,\[Beta]24,\[Beta]31,\[Beta]32,\[Beta]33,\[Beta]34,\[Beta]41,\[Beta]42,\[Beta]43,\[Beta]44},{8.38621194025043e-6,1.6909053376065522,-1.4490467706283614,0.12695100861524783,0.3036316732925646,0.40847463518568894,0.8866243991784265,0.20405311567296192,0.08769545215249058,-0.06924282563938575,0.20736046139736652,0.41295273219951356,0.008919204521995953,0.02070008363753838,0.058214976588124655,-0.5593691955141624,0.6906847709248504,1.3292056323935963,-0.941607206533166,0.6180045607812391,-0.029184409118145252,2.6990586145386266,-1.0962657380362724,0.022738321811493562,0.5545648832727722,0.11714760575497248,-0.37600042907377135,0.704287891868073,-0.9630174233131711,0.7327631208673743,1.26345888264007,-0.03320454198179152,-0.7863784451743142,-0.37203873092918766,1.189683079935884,-0.03126590595645134,1.9630180831717656,-0.7327631875146925,-1.2634596634438127,0.0332047645826326,1.300679734457113,0.19218504381328746,-2.5153210032979376,1.0224562398069013}]

Max g: 1.7017657305551381e-7
f_51([8.14314e-6,1.6909,-1.44905,0.126955,0.303636,0.408479,0.886624,0.204049,0.0877,-0.0692421,0.207361,0.412951,0.00900145,0.020701,0.0582156,-0.559364,0.690689,1.32921,-0.941607,0.617999,-0.0291823,2.69906,-1.09626,0.0227366,0.554569,0.117152,-0.375997,0.704275,-0.963018,0.732762,1.26346,-0.0332022,-0.786378,-0.37204,1.18968,-0.0312636,1.96302,-0.732762,-1.26346,0.0332024,1.30068,0.192188,-2.51532,1.02245])
12.691685991725631
Max g: 1.846978865405191e-7
f_52([8.56359e-6,1.6909,-1.44905,0.126959,0.30364,0.408482,0.886623,0.204044,0.0877048,-0.069241,0.207361,0.41295,0.00908049,0.020702,0.0582168,-0.55936,0.690693,1.32921,-0.941607,0.617995,-0.0291805,2.69906,-1.09626,0.0227355,0.554573,0.117157,-0.375993,0.704263,-0.963018,0.732762,1.26346,-0.0332002,-0.786377,-0.372041,1.18968,-0.0312617,1.96302,-0.732762,-1.26346,0.0332004,1.30068,0.19219,-2.51532,1.02245])
12.696670551458459
Max g: 1.8712864546799324e-7
f_53([8.79751e-6,1.6909,-1.44905,0.126963,0.303644,0.408485,0.886623,0.20404,0.0877092,-0.0692408,0.207361,0.412949,0.00915863,0.0207027,0.0582183,-0.559356,0.690697,1.32922,-0.941606,0.61799,-0.0291786,2.69906,-1.09626,0.0227341,0.554577,0.117162,-0.37599,0.704251,-0.963018,0.732761,1.26346,-0.033198,-0.786377,-0.372042,1.18968,-0.0312596,1.96302,-0.732761,-1.26346,0.0331982,1.30068,0.192192,-2.51532,1.02245])
12.701056964023346
Max g: 1.983707060837503e-7
f_54([9.03809e-6,1.6909,-1.44905,0.126966,0.303647,0.408489,0.886622,0.204035,0.0877141,-0.0692402,0.207362,0.412948,0.00923417,0.0207037,0.0582189,-0.559352,0.6907,1.32922,-0.941606,0.617985,-0.0291768,2.69906,-1.09626,0.0227327,0.554581,0.117166,-0.375987,0.70424,-0.963019,0.73276,1.26345,-0.033196,-0.786376,-0.372044,1.18968,-0.0312578,1.96302,-0.73276,-1.26346,0.0331962,1.30068,0.192194,-2.51532,1.02245])
12.70554306778289
Max g: 1.7285513198572744e-7
f_55([9.46114e-6,1.6909,-1.44906,0.12697,0.303651,0.408493,0.886622,0.204031,0.0877183,-0.0692391,0.207362,0.412946,0.00930705,0.0207046,0.0582197,-0.559348,0.690704,1.32923,-0.941606,0.617981,-0.0291751,2.69906,-1.09626,0.0227313,0.554585,0.11717,-0.375984,0.704228,-0.963019,0.73276,1.26345,-0.0331941,-0.786376,-0.372044,1.18968,-0.0312559,1.96302,-0.73276,-1.26345,0.0331943,1.30068,0.192196,-2.51532,1.02244])
12.709431024374497
Max g: 1.545846142203544e-7
f_56([9.74825e-6,1.6909,-1.44906,0.126973,0.303653,0.408496,0.886621,0.204027,0.0877217,-0.0692386,0.207362,0.412945,0.00936536,0.0207054,0.0582207,-0.559345,0.690708,1.32923,-0.941606,0.617978,-0.0291739,2.69906,-1.09626,0.0227303,0.554589,0.117173,-0.375981,0.70422,-0.96302,0.732759,1.26345,-0.0331927,-0.786375,-0.372045,1.18968,-0.0312546,1.96302,-0.732759,-1.26345,0.0331929,1.30068,0.192198,-2.51532,1.02244])
12.712720833798162
Max g: 1.4100963863228344e-7
f_57([9.91138e-6,1.6909,-1.44906,0.126975,0.303656,0.408499,0.886621,0.204024,0.0877251,-0.0692382,0.207362,0.412945,0.00942211,0.0207063,0.0582216,-0.559342,0.690711,1.32923,-0.941606,0.617974,-0.0291726,2.69906,-1.09626,0.0227295,0.554592,0.117176,-0.375979,0.704211,-0.96302,0.732759,1.26345,-0.0331913,-0.786375,-0.372046,1.18967,-0.0312533,1.96302,-0.732759,-1.26345,0.0331915,1.30068,0.192199,-2.51532,1.02244])
12.716110334416486
Max g: 1.1754440576439151e-7
f_58([1.00378e-5,1.69089,-1.44906,0.126978,0.303658,0.408502,0.886621,0.204021,0.0877284,-0.0692374,0.207363,0.412944,0.00947643,0.0207069,0.0582227,-0.55934,0.690713,1.32924,-0.941605,0.617971,-0.0291715,2.69906,-1.09626,0.0227288,0.554595,0.117178,-0.375977,0.704203,-0.96302,0.732758,1.26345,-0.03319,-0.786375,-0.372047,1.18967,-0.031252,1.96302,-0.732758,-1.26345,0.0331902,1.30068,0.1922,-2.51532,1.02244])
12.719898599813435
Max g: 1.0390510185587232e-7
f_59([1.01701e-5,1.69089,-1.44906,0.12698,0.303661,0.408505,0.886621,0.204017,0.0877319,-0.0692367,0.207363,0.412943,0.00952917,0.0207078,0.0582236,-0.559337,0.690716,1.32924,-0.941605,0.617968,-0.0291703,2.69905,-1.09626,0.0227279,0.554598,0.117181,-0.375975,0.704195,-0.96302,0.732758,1.26345,-0.0331887,-0.786374,-0.372047,1.18967,-0.0312508,1.96302,-0.732758,-1.26345,0.0331889,1.30068,0.192202,-2.51532,1.02244])
12.722490570874506
Max g: 1.253520349742132e-7
f_60([1.01631e-5,1.69089,-1.44906,0.126983,0.303664,0.408507,0.88662,0.204014,0.0877351,-0.0692361,0.207363,0.412941,0.00957985,0.0207086,0.0582246,-0.559334,0.690718,1.32924,-0.941605,0.617965,-0.0291691,2.69905,-1.09626,0.0227271,0.554602,0.117184,-0.375973,0.704188,-0.963021,0.732757,1.26345,-0.0331874,-0.786374,-0.372048,1.18967,-0.0312495,1.96302,-0.732757,-1.26345,0.0331875,1.30068,0.192203,-2.51532,1.02244])
12.725680689103514
{1.0163062613770127e-5,1.6908938582326642,-1.4490599926658734,0.12698261789038007,0.3036635197807738,0.40850742531432116,0.886620208974549,0.20401428234702246,0.08773511295053069,-0.0692361135696117,0.20736320277014053,0.41294149492689874,0.009579848841603943,0.02070856453434882,0.05822463665774911,-0.5593338846977859,0.6907179757709848,1.3292405063424804,-0.9416050493279431,0.6179653632197127,-0.0291691175384515,2.6990542791386316,-1.096259995653596,0.022727143156792133,0.5546016498557279,0.1171835573775702,-0.375973193681163,0.7041879717840058,-0.9630205740190715,0.7327574381612191,1.2634505256020987,-0.03318738569728816,-0.7863742230030252,-0.3720481813209893,1.1896719700197764,-0.03124954465068308,1.9630209095364992,-0.7327574990962847,-1.2634509407256,0.03318750830484073,1.300682768455962,0.19220324429250527,-2.515322053929585,1.0224360487419026}]
Set[{A021,A031,A032,A041,A042,A043,A121,A131,A132,A141,A142,A143,B021,B031,B032,B041,B042,B043,B121,B131,B132,B141,B142,B143,\[Alpha]1,\[Alpha]2,\[Alpha]3,\[Alpha]4,\[Beta]11,\[Beta]12,\[Beta]13,\[Beta]14,\[Beta]21,\[Beta]22,\[Beta]23,\[Beta]24,\[Beta]31,\[Beta]32,\[Beta]33,\[Beta]34,\[Beta]41,\[Beta]42,\[Beta]43,\[Beta]44},{1.0163062613770127e-5,1.6908938582326642,-1.4490599926658734,0.12698261789038007,0.3036635197807738,0.40850742531432116,0.886620208974549,0.20401428234702246,0.08773511295053069,-0.0692361135696117,0.20736320277014053,0.41294149492689874,0.009579848841603943,0.02070856453434882,0.05822463665774911,-0.5593338846977859,0.6907179757709848,1.3292405063424804,-0.9416050493279431,0.6179653632197127,-0.0291691175384515,2.6990542791386316,-1.096259995653596,0.022727143156792133,0.5546016498557279,0.1171835573775702,-0.375973193681163,0.7041879717840058,-0.9630205740190715,0.7327574381612191,1.2634505256020987,-0.03318738569728816,-0.7863742230030252,-0.3720481813209893,1.1896719700197764,-0.03124954465068308,1.9630209095364992,-0.7327574990962847,-1.2634509407256,0.03318750830484073,1.300682768455962,0.19220324429250527,-2.515322053929585,1.0224360487419026}]

Max g: 1.0581870490966594e-7
f_61([1.04136e-5,1.69089,-1.44906,0.126985,0.303666,0.40851,0.88662,0.204011,0.0877384,-0.0692359,0.207364,0.41294,0.00962926,0.0207095,0.0582253,-0.559331,0.690721,1.32924,-0.941605,0.617962,-0.0291679,2.69905,-1.09626,0.0227262,0.554604,0.117186,-0.375971,0.704181,-0.963021,0.732757,1.26345,-0.033186,-0.786374,-0.372049,1.18967,-0.0312483,1.96302,-0.732757,-1.26345,0.0331861,1.30068,0.192205,-2.51532,1.02243])
12.728372351359242
Max g: 9.396187972132708e-8
f_62([6.5405e-6,1.69089,-1.44906,0.126988,0.30367,0.408512,0.886619,0.204009,0.0877404,-0.0692357,0.207364,0.412941,0.00973191,0.0207266,0.058227,-0.559327,0.690722,1.32925,-0.941605,0.617961,-0.0291673,2.69905,-1.09626,0.0227261,0.554608,0.117188,-0.375969,0.704173,-0.963022,0.732757,1.26345,-0.0331854,-0.786374,-0.372049,1.18967,-0.0312476,1.96302,-0.732757,-1.26345,0.0331855,1.30068,0.192205,-2.51532,1.02243])
12.735550117374514
Max g: 7.169053484190613e-8
f_63([7.0727e-6,1.69089,-1.44906,0.126992,0.303674,0.408515,0.886619,0.204004,0.0877452,-0.0692346,0.207364,0.412939,0.00981141,0.0207273,0.0582283,-0.559323,0.690726,1.32925,-0.941605,0.617956,-0.0291654,2.69905,-1.09626,0.0227251,0.554612,0.117193,-0.375966,0.704161,-0.963022,0.732756,1.26345,-0.0331833,-0.786374,-0.37205,1.18967,-0.0312456,1.96302,-0.732756,-1.26345,0.0331834,1.30068,0.192208,-2.51532,1.02243])
12.739537765160776
Max g: 5.799276786566665e-8
f_64([8.52564e-6,1.69089,-1.44906,0.126996,0.303678,0.408519,0.886619,0.203999,0.0877503,-0.0692341,0.207365,0.412937,0.00989039,0.0207282,0.058229,-0.559318,0.69073,1.32925,-0.941604,0.617952,-0.0291638,2.69905,-1.09626,0.0227242,0.554617,0.117197,-0.375963,0.704149,-0.963022,0.732755,1.26345,-0.0331815,-0.786374,-0.372051,1.18967,-0.0312439,1.96302,-0.732756,-1.26345,0.0331816,1.30068,0.192209,-2.51532,1.02243])
12.745120472061542
Max g: 5.491309496008512e-8
f_65([9.14552e-6,1.69089,-1.44907,0.126999,0.303681,0.408522,0.886618,0.203994,0.0877559,-0.0692336,0.207365,0.412936,0.00996567,0.02073,0.0582299,-0.559315,0.690734,1.32926,-0.941604,0.617947,-0.0291621,2.69905,-1.09626,0.0227227,0.554622,0.117201,-0.37596,0.704138,-0.963022,0.732755,1.26345,-0.0331795,-0.786373,-0.372052,1.18967,-0.031242,1.96302,-0.732755,-1.26345,0.0331796,1.30068,0.192212,-2.51532,1.02243])
12.748709355069177
Max g: 5.960291282747221e-8
f_66([9.79209e-6,1.69089,-1.44907,0.127002,0.303685,0.408525,0.886618,0.203989,0.0877609,-0.0692327,0.207366,0.412934,0.0100385,0.0207309,0.0582308,-0.559311,0.690739,1.32926,-0.941604,0.617942,-0.0291603,2.69905,-1.09626,0.0227217,0.554626,0.117205,-0.375958,0.704127,-0.963023,0.732754,1.26345,-0.0331775,-0.786372,-0.372054,1.18967,-0.0312401,1.96302,-0.732754,-1.26345,0.0331775,1.30068,0.192214,-2.51532,1.02242])
12.752796694050097
Max g: 4.43253622695039e-8
f_67([9.57494e-6,1.69088,-1.44907,0.127005,0.303688,0.408529,0.886617,0.203984,0.0877655,-0.0692321,0.207366,0.412933,0.01011,0.0207321,0.0582316,-0.559307,0.690742,1.32926,-0.941604,0.617938,-0.0291585,2.69905,-1.09626,0.0227206,0.55463,0.117209,-0.375954,0.704116,-0.963023,0.732754,1.26345,-0.0331754,-0.786372,-0.372055,1.18966,-0.0312382,1.96302,-0.732754,-1.26345,0.0331755,1.30069,0.192216,-2.51532,1.02242])
12.757581871393612
Max g: 4.582979662437481e-8
f_68([1.02722e-5,1.69088,-1.44907,0.127009,0.303692,0.408532,0.886617,0.20398,0.0877699,-0.0692316,0.207367,0.412932,0.0101793,0.0207329,0.0582329,-0.559304,0.690746,1.32927,-0.941603,0.617934,-0.0291569,2.69905,-1.09626,0.0227198,0.554634,0.117212,-0.375952,0.704106,-0.963024,0.732753,1.26344,-0.0331737,-0.786371,-0.372056,1.18966,-0.0312365,1.96302,-0.732753,-1.26344,0.0331738,1.30069,0.192218,-2.51532,1.02242])
12.76137013679056
Max g: 4.974745193564445e-8
f_69([1.12128e-5,1.69088,-1.44907,0.127012,0.303694,0.408536,0.886616,0.203976,0.087774,-0.0692308,0.207367,0.412931,0.0102404,0.0207341,0.0582338,-0.5593,0.690749,1.32927,-0.941603,0.61793,-0.0291555,2.69905,-1.09625,0.0227185,0.554637,0.117216,-0.37595,0.704097,-0.963024,0.732753,1.26344,-0.0331721,-0.786371,-0.372057,1.18966,-0.0312349,1.96302,-0.732753,-1.26344,0.0331721,1.30069,0.192219,-2.51532,1.02242])
12.764759637408883
Max g: 2.212687935307378e-8
f_70([1.12996e-5,1.69088,-1.44907,0.127014,0.303697,0.408538,0.886616,0.203973,0.0877775,-0.0692302,0.207367,0.41293,0.0102922,0.020735,0.0582344,-0.559298,0.690752,1.32927,-0.941603,0.617927,-0.0291542,2.69905,-1.09625,0.0227175,0.55464,0.117218,-0.375947,0.704089,-0.963024,0.732752,1.26344,-0.0331706,-0.78637,-0.372058,1.18966,-0.0312336,1.96302,-0.732752,-1.26344,0.0331706,1.30069,0.192221,-2.51532,1.02242])
12.767251917275297
{1.12995591590596e-5,1.6908807825313845,-1.4490719237938674,0.12701425539359468,0.30369680270895316,0.40853837502674734,0.8866156029595181,0.20397265181767127,0.08777749561985607,-0.06923017109010318,0.20736710413707693,0.4129301975898302,0.010292182977538547,0.020734972712823235,0.05823444792718226,-0.5592976941704119,0.6907518870361131,1.3292735127996194,-0.9416026563669669,0.6179269827283719,-0.029154167404565452,2.6990487599193487,-1.0962541294322738,0.02271749500572625,0.5546403490104468,0.1172183494575728,-0.3759474336373607,0.7040887431124474,-0.9630244481950948,0.7327523008342407,1.2634427610493144,-0.033170609242105895,-0.7863700414831198,-0.3720575414746061,1.1896611542335083,-0.031233555014448054,1.9630244802049408,-0.7327523168728417,-1.2634427877807195,0.033170622138616844,1.3006862717902845,0.19222092150572553,-2.5153232520846474,1.0224160506421966}]
Set[{A021,A031,A032,A041,A042,A043,A121,A131,A132,A141,A142,A143,B021,B031,B032,B041,B042,B043,B121,B131,B132,B141,B142,B143,\[Alpha]1,\[Alpha]2,\[Alpha]3,\[Alpha]4,\[Beta]11,\[Beta]12,\[Beta]13,\[Beta]14,\[Beta]21,\[Beta]22,\[Beta]23,\[Beta]24,\[Beta]31,\[Beta]32,\[Beta]33,\[Beta]34,\[Beta]41,\[Beta]42,\[Beta]43,\[Beta]44},{1.12995591590596e-5,1.6908807825313845,-1.4490719237938674,0.12701425539359468,0.30369680270895316,0.40853837502674734,0.8866156029595181,0.20397265181767127,0.08777749561985607,-0.06923017109010318,0.20736710413707693,0.4129301975898302,0.010292182977538547,0.020734972712823235,0.05823444792718226,-0.5592976941704119,0.6907518870361131,1.3292735127996194,-0.9416026563669669,0.6179269827283719,-0.029154167404565452,2.6990487599193487,-1.0962541294322738,0.02271749500572625,0.5546403490104468,0.1172183494575728,-0.3759474336373607,0.7040887431124474,-0.9630244481950948,0.7327523008342407,1.2634427610493144,-0.033170609242105895,-0.7863700414831198,-0.3720575414746061,1.1896611542335083,-0.031233555014448054,1.9630244802049408,-0.7327523168728417,-1.2634427877807195,0.033170622138616844,1.3006862717902845,0.19222092150572553,-2.5153232520846474,1.0224160506421966}]

Max g: 1.7917904937547746e-8
f_71([1.16527e-5,1.69088,-1.44907,0.127017,0.303699,0.408541,0.886615,0.203969,0.0877807,-0.0692299,0.207368,0.412929,0.0103417,0.0207358,0.0582352,-0.559295,0.690754,1.32928,-0.941603,0.617924,-0.029153,2.69905,-1.09625,0.0227167,0.554643,0.117221,-0.375946,0.704081,-0.963025,0.732752,1.26344,-0.0331693,-0.78637,-0.372058,1.18966,-0.0312323,1.96302,-0.732752,-1.26344,0.0331693,1.30069,0.192222,-2.51532,1.02241])
12.77064141789362
Max g: 2.821242350847797e-8
f_72([1.21785e-5,1.69088,-1.44907,0.127019,0.303701,0.408543,0.886615,0.203966,0.0877837,-0.069229,0.207368,0.412928,0.0103897,0.0207366,0.0582359,-0.559292,0.690757,1.32928,-0.941602,0.617921,-0.0291519,2.69905,-1.09625,0.0227157,0.554646,0.117224,-0.375943,0.704074,-0.963025,0.732751,1.26344,-0.0331681,-0.78637,-0.372059,1.18966,-0.0312312,1.96302,-0.732751,-1.26344,0.0331681,1.30069,0.192224,-2.51532,1.02241])
12.774030918511942
Max g: 4.1757155372357246e-8
f_73([1.25088e-5,1.69088,-1.44907,0.127021,0.303704,0.408546,0.886615,0.203963,0.0877868,-0.0692286,0.207368,0.412927,0.0104366,0.020737,0.0582364,-0.55929,0.69076,1.32928,-0.941602,0.617918,-0.0291508,2.69905,-1.09625,0.0227148,0.554648,0.117226,-0.375941,0.704067,-0.963025,0.732751,1.26344,-0.0331669,-0.78637,-0.372059,1.18966,-0.03123,1.96303,-0.732751,-1.26344,0.0331669,1.30069,0.192225,-2.51532,1.02241])
12.77672258076767
Max g: 7.005179497881109e-7
f_74([1.28592e-5,1.69088,-1.44907,0.127022,0.303705,0.408547,0.886615,0.203962,0.087788,-0.0692284,0.207368,0.412927,0.0104557,0.0207372,0.0582369,-0.559289,0.69076,1.32928,-0.941602,0.617917,-0.0291504,2.69905,-1.09625,0.0227145,0.55465,0.117227,-0.37594,0.704064,-0.963025,0.732751,1.26344,-0.0331663,-0.786369,-0.37206,1.18966,-0.0312295,1.96303,-0.732751,-1.26344,0.0331663,1.30069,0.192225,-2.51532,1.02241])
12.77781918390889
Max g: 1.0358818023164205e-6
{1.2856618925457667e-5,1.6908786105004778,-1.4490745920117876,0.12702213927995223,0.30370462637130063,0.408546907793088,0.8866147588827231,0.2039621905362415,0.08778807516736464,-0.06922838676511234,0.20736817260799204,0.41292682715618095,0.010456091526462654,0.02073717576699285,0.058236891880167806,-0.5592887490351789,0.6907605006541354,1.3292815596020844,-0.9416022343189333,0.6179171572975126,-0.02915035635762615,2.69904836598883,-1.0962530296052897,0.022714535467910364,0.5546495369694388,0.11722675660348207,-0.3759402737978224,0.7040639811146481,-0.9630252712323512,0.7327508025546797,1.2634408041688714,-0.0331663365660537,-0.7863693674856638,-0.3720597864083259,1.1896586406089762,-0.03122948645741109,1.9630252321592823,-0.7327507960361026,-1.26344076130521,0.03316632491113284,1.3006872808710233,0.19222536496595416,-2.5153233709495213,1.0224107254742105}]
Set[{A021,A031,A032,A041,A042,A043,A121,A131,A132,A141,A142,A143,B021,B031,B032,B041,B042,B043,B121,B131,B132,B141,B142,B143,\[Alpha]1,\[Alpha]2,\[Alpha]3,\[Alpha]4,\[Beta]11,\[Beta]12,\[Beta]13,\[Beta]14,\[Beta]21,\[Beta]22,\[Beta]23,\[Beta]24,\[Beta]31,\[Beta]32,\[Beta]33,\[Beta]34,\[Beta]41,\[Beta]42,\[Beta]43,\[Beta]44},{1.2856618925457667e-5,1.6908786105004778,-1.4490745920117876,0.12702213927995223,0.30370462637130063,0.408546907793088,0.8866147588827231,0.2039621905362415,0.08778807516736464,-0.06922838676511234,0.20736817260799204,0.41292682715618095,0.010456091526462654,0.02073717576699285,0.058236891880167806,-0.5592887490351789,0.6907605006541354,1.3292815596020844,-0.9416022343189333,0.6179171572975126,-0.02915035635762615,2.69904836598883,-1.0962530296052897,0.022714535467910364,0.5546495369694388,0.11722675660348207,-0.3759402737978224,0.7040639811146481,-0.9630252712323512,0.7327508025546797,1.2634408041688714,-0.0331663365660537,-0.7863693674856638,-0.3720597864083259,1.1896586406089762,-0.03122948645741109,1.9630252321592823,-0.7327507960361026,-1.26344076130521,0.03316632491113284,1.3006872808710233,0.19222536496595416,-2.5153233709495213,1.0224107254742105}]


-----------------Final Result------------------
Options: alg=LN_AUGLAG_EQ,dx=0.01,max_eval=100000000,popSize=0
imin=-6,jmin=-3,imax=1,jmax=3,
parameter_minmax=5,
randSeed=25026780,rand_minmax=1

7433072 steps

Completed with maxf : 12.77781918390889

Constraints at 1.0420981785671992e-6

x = [1.2856618925457667e-5,1.6908786105004778,-1.4490745920117876,0.12702213927995223,0.30370462637130063,0.408546907793088,0.8866147588827231,0.2039621905362415,0.08778807516736464,-0.06922838676511234,0.20736817260799204,0.41292682715618095,0.010456091526462654,0.02073717576699285,0.058236891880167806,-0.5592887490351789,0.6907605006541354,1.3292815596020844,-0.9416022343189333,0.6179171572975126,-0.02915035635762615,2.69904836598883,-1.0962530296052897,0.022714535467910364,0.5546495369694388,0.11722675660348207,-0.3759402737978224,0.7040639811146481,-0.9630252712323512,0.7327508025546797,1.2634408041688714,-0.0331663365660537,-0.7863693674856638,-0.3720597864083259,1.1896586406089762,-0.03122948645741109,1.9630252321592823,-0.7327507960361026,-1.26344076130521,0.03316632491113284,1.3006872808710233,0.19222536496595416,-2.5153233709495213,1.0224107254742105]
c0 = [0.0,1.2856618925457667e-5,0.24180401848869026,0.8392736734443409]
c1 = [0.0,0.8866147588827231,0.2917502657036062,0.5510666129990607]
A0 = [0.0,1.2856618925457667e-5,1.6908786105004778,0.12702213927995223,0.0,0.0,-1.4490745920117876,0.30370462637130063,0.0,0.0,0.0,0.408546907793088,0.0,0.0,0.0,0.0]
A1 = [0.0,0.8866147588827231,0.2039621905362415,-0.06922838676511234,0.0,0.0,0.08778807516736464,0.20736817260799204,0.0,0.0,0.0,0.41292682715618095,0.0,0.0,0.0,0.0]
B0 = [0.0,0.010456091526462654,0.02073717576699285,-0.5592887490351789,0.0,0.0,0.058236891880167806,0.6907605006541354,0.0,0.0,0.0,1.3292815596020844,0.0,0.0,0.0,0.0]
B1 = [0.0,-0.9416022343189333,0.6179171572975126,2.69904836598883,0.0,0.0,-0.02915035635762615,-1.0962530296052897,0.0,0.0,0.0,0.022714535467910364,0.0,0.0,0.0,0.0]
  = [0.5546495369694388,0.11722675660348207,-0.3759402737978224,0.7040639811146481]
1 = [-0.9630252712323512,0.7327508025546797,1.2634408041688714,-0.0331663365660537]
2 = [-0.7863693674856638,-0.3720597864083259,1.1896586406089762,-0.03122948645741109]
3 = [1.9630252321592823,-0.7327507960361026,-1.26344076130521,0.03316632491113284]
4 = [1.3006872808710233,0.19222536496595416,-2.5153233709495213,1.0224107254742105]


Set[{A021,A031,A032,A041,A042,A043,A121,A131,A132,A141,A142,A143,B021,B031,B032,B041,B042,B043,B121,B131,B132,B141,B142,B143,\[Alpha]1,\[Alpha]2,\[Alpha]3,\[Alpha]4,\[Beta]11,\[Beta]12,\[Beta]13,\[Beta]14,\[Beta]21,\[Beta]22,\[Beta]23,\[Beta]24,\[Beta]31,\[Beta]32,\[Beta]33,\[Beta]34,\[Beta]41,\[Beta]42,\[Beta]43,\[Beta]44},{1.2856618925457667e-5,1.6908786105004778,-1.4490745920117876,0.12702213927995223,0.30370462637130063,0.408546907793088,0.8866147588827231,0.2039621905362415,0.08778807516736464,-0.06922838676511234,0.20736817260799204,0.41292682715618095,0.010456091526462654,0.02073717576699285,0.058236891880167806,-0.5592887490351789,0.6907605006541354,1.3292815596020844,-0.9416022343189333,0.6179171572975126,-0.02915035635762615,2.69904836598883,-1.0962530296052897,0.022714535467910364,0.5546495369694388,0.11722675660348207,-0.3759402737978224,0.7040639811146481,-0.9630252712323512,0.7327508025546797,1.2634408041688714,-0.0331663365660537,-0.7863693674856638,-0.3720597864083259,1.1896586406089762,-0.03122948645741109,1.9630252321592823,-0.7327507960361026,-1.26344076130521,0.03316632491113284,1.3006872808710233,0.19222536496595416,-2.5153233709495213,1.0224107254742105}]



