
-----------------Setup------------------
Options: alg=LN_AUGLAG_EQ,dx=0.01,max_eval=100000000,popSize=0
imin=-6,jmin=-3,imax=1,jmax=3,
parameter_minmax=5,
randSeed=38725069, rand_minmax=1,
END_C=true, INEQ_C=false

Initial Condition:

[0.00229985,0.11014,-0.852958,0.859623,-0.0413115,-0.208506,-0.928194,0.921646,-0.243311,-0.821316,0.605596,-0.750223,-0.325351,0.513996,-0.17765,-0.330805,-0.799457,0.768217,-0.0078526,0.889727,-0.400161,0.236686,-0.488841,-0.112369,-0.983264,0.271161,0.0410294,0.108451,-0.183456,0.394837,-0.345022,0.325227,-0.414181,-0.53969,-0.671706,0.859493,-0.563905,0.0108416,0.653215,0.768872,0.836368,0.0596097,-0.92275,-0.660759]

f_1([-0.132888,2.17316,-1.154,2.89216,-1.38595,-0.509509,0.95622,0.900292,0.0906417,0.830403,0.148352,0.0322027,-0.816696,0.830397,1.29081,1.21083,0.975386,0.9015,-0.959106,-0.0433604,0.451325,1.08112,-0.0350583,0.0248629,0.587707,-0.0906437,0.63175,-0.129371,-0.00627144,0.457457,0.0411861,0.451555,0.020701,-0.535422,0.0870215,0.427609,1.02161,-0.523349,-0.0365277,-0.458412,-0.047004,0.732038,-2.16013,1.47498])
11.099119157087213
Max g: 0.061634856960122754
f_2([0.00309818,2.16096,-1.16096,2.89185,-1.38399,-0.507872,0.946497,0.903516,0.0964813,0.809421,0.134807,0.0557713,-0.812569,0.838461,1.2888,1.22144,1.00131,0.91285,-0.972936,-0.0462837,0.435935,1.07813,-0.0467023,0.0207913,0.586396,-0.0865031,0.633234,-0.133082,-0.0275447,0.515066,0.057495,0.454979,0.0281788,-0.52671,0.0558527,0.442688,1.02753,-0.515066,-0.057557,-0.454933,-0.0390986,0.730595,-2.17096,1.47947])
12.271686988637578
Max g: 5.5343168275712173e-5
f_3([0.00246876,2.161,-1.161,2.89191,-1.38404,-0.507874,0.946529,0.903574,0.0964264,0.809323,0.134514,0.056161,-0.81236,0.838287,1.28861,1.22154,1.00134,0.912863,-0.972894,-0.0462682,0.435908,1.07813,-0.0467306,0.0208172,0.586219,-0.0864296,0.633146,-0.132934,-0.0275477,0.51509,0.0574766,0.454979,0.0281619,-0.526733,0.0559233,0.442646,1.02755,-0.51509,-0.0574763,-0.454979,-0.0390727,0.730633,-2.17108,1.47951])
12.2750764892559
Max g: 2.1156274344858285e-5
f_4([0.00245527,2.161,-1.161,2.89191,-1.38404,-0.507875,0.946525,0.90357,0.0964299,0.809349,0.134588,0.0560634,-0.812368,0.838285,1.28861,1.22153,1.00134,0.912863,-0.972895,-0.0462674,0.435906,1.07813,-0.0467321,0.0208174,0.586214,-0.0864265,0.633144,-0.132932,-0.0275447,0.51509,0.0574787,0.454976,0.0281672,-0.526732,0.0559206,0.442644,1.02754,-0.51509,-0.0574786,-0.454976,-0.0390709,0.730632,-2.17107,1.47951])
12.276272783591779
Max g: 7.038247641674537e-7
f_5([0.00245535,2.161,-1.161,2.89191,-1.38404,-0.507875,0.946525,0.90357,0.09643,0.80935,0.134592,0.0560586,-0.812369,0.838285,1.28861,1.22153,1.00134,0.912863,-0.972895,-0.0462673,0.435906,1.07813,-0.0467322,0.0208174,0.586214,-0.0864265,0.633144,-0.132932,-0.0275446,0.51509,0.0574786,0.454976,0.0281672,-0.526732,0.0559207,0.442644,1.02754,-0.51509,-0.0574786,-0.454976,-0.0390708,0.730632,-2.17107,1.47951])
12.276272783591779
Max g: 1.105368436712939e-8
f_6([0.00245536,2.161,-1.161,2.89191,-1.38404,-0.507875,0.946525,0.90357,0.09643,0.80935,0.134591,0.0560593,-0.812369,0.838285,1.28861,1.22153,1.00134,0.912863,-0.972895,-0.0462673,0.435906,1.07813,-0.0467322,0.0208174,0.586214,-0.0864265,0.633144,-0.132932,-0.0275446,0.51509,0.0574786,0.454976,0.0281672,-0.526732,0.0559207,0.442644,1.02754,-0.51509,-0.0574786,-0.454976,-0.0390708,0.730632,-2.17107,1.47951])
12.276272783591779
Max g: 4.9542878931274625e-9
f_7([0.00245536,2.161,-1.161,2.89191,-1.38404,-0.507875,0.946525,0.90357,0.09643,0.80935,0.134591,0.0560594,-0.812369,0.838285,1.28861,1.22153,1.00134,0.912863,-0.972895,-0.0462673,0.435906,1.07813,-0.0467322,0.0208174,0.586214,-0.0864265,0.633144,-0.132932,-0.0275446,0.51509,0.0574786,0.454976,0.0281672,-0.526732,0.0559207,0.442644,1.02754,-0.51509,-0.0574786,-0.454976,-0.0390708,0.730632,-2.17107,1.47951])
12.276272783591779
Max g: 4.6325715243045185e-9
{0.0024553624384680045,2.160998207648004,-1.160998207648004,2.8919112516217944,-1.3840360219930488,-0.5078752296287451,0.9465246940256685,0.9035700138996978,0.096429986100302,0.8093495627484661,0.13459056545311363,0.05605987179842035,-0.8123684913478226,0.8382848461099277,1.288607492518619,1.2215345448817077,1.0013380209447624,0.9128634659004773,-0.972895006205136,-0.04626727756965081,0.435906045811899,1.0781283973529705,-0.04673216983360445,0.020817403022285925,0.586214305960986,-0.08642651410543818,0.6331442877287752,-0.13293207956441988,-0.027544576362941445,0.5150896600095618,0.057478622001328306,0.454976294355068,0.028167154172122722,-0.526731984835877,0.05592066698214545,0.44264416369632037,1.0275445778447891,-0.5150896597038147,-0.05747862529049373,-0.454976292823373,-0.03907078714191868,0.7306323244693704,-2.1710739384391564,1.4795124011124894}]
Set[{A021,A031,A032,A041,A042,A043,A121,A131,A132,A141,A142,A143,B021,B031,B032,B041,B042,B043,B121,B131,B132,B141,B142,B143,\[Alpha]1,\[Alpha]2,\[Alpha]3,\[Alpha]4,\[Beta]11,\[Beta]12,\[Beta]13,\[Beta]14,\[Beta]21,\[Beta]22,\[Beta]23,\[Beta]24,\[Beta]31,\[Beta]32,\[Beta]33,\[Beta]34,\[Beta]41,\[Beta]42,\[Beta]43,\[Beta]44},{0.0024553624384680045,2.160998207648004,-1.160998207648004,2.8919112516217944,-1.3840360219930488,-0.5078752296287451,0.9465246940256685,0.9035700138996978,0.096429986100302,0.8093495627484661,0.13459056545311363,0.05605987179842035,-0.8123684913478226,0.8382848461099277,1.288607492518619,1.2215345448817077,1.0013380209447624,0.9128634659004773,-0.972895006205136,-0.04626727756965081,0.435906045811899,1.0781283973529705,-0.04673216983360445,0.020817403022285925,0.586214305960986,-0.08642651410543818,0.6331442877287752,-0.13293207956441988,-0.027544576362941445,0.5150896600095618,0.057478622001328306,0.454976294355068,0.028167154172122722,-0.526731984835877,0.05592066698214545,0.44264416369632037,1.0275445778447891,-0.5150896597038147,-0.05747862529049373,-0.454976292823373,-0.03907078714191868,0.7306323244693704,-2.1710739384391564,1.4795124011124894}]


-----------------Final Result------------------
Options: alg=LN_AUGLAG_EQ,dx=0.01,max_eval=100000000,popSize=0
imin=-6,jmin=-3,imax=1,jmax=3,
parameter_minmax=5,
randSeed=38725069,rand_minmax=1,
END_C=true, INEQ_C=false

794284 steps

Completed with maxf : 12.276272783591779

Constraints at 9.493407761296258e-10

x = [0.0024553624384680045,2.160998207648004,-1.160998207648004,2.8919112516217944,-1.3840360219930488,-0.5078752296287451,0.9465246940256685,0.9035700138996978,0.096429986100302,0.8093495627484661,0.13459056545311363,0.05605987179842035,-0.8123684913478226,0.8382848461099277,1.288607492518619,1.2215345448817077,1.0013380209447624,0.9128634659004773,-0.972895006205136,-0.04626727756965081,0.435906045811899,1.0781283973529705,-0.04673216983360445,0.020817403022285925,0.586214305960986,-0.08642651410543818,0.6331442877287752,-0.13293207956441988,-0.027544576362941445,0.5150896600095618,0.057478622001328306,0.454976294355068,0.028167154172122722,-0.526731984835877,0.05592066698214545,0.44264416369632037,1.0275445778447891,-0.5150896597038147,-0.05747862529049373,-0.454976292823373,-0.03907078714191868,0.7306323244693704,-2.1710739384391564,1.4795124011124894]
c0 = [0.0,0.0024553624384680045,0.9999999999999998,1.0000000000000004]
c1 = [0.0,0.9465246940256685,0.9999999999999998,1.0]
A0 = [0.0,0.0024553624384680045,2.160998207648004,2.8919112516217944,0.0,0.0,-1.160998207648004,-1.3840360219930488,0.0,0.0,0.0,-0.5078752296287451,0.0,0.0,0.0,0.0]
A1 = [0.0,0.9465246940256685,0.9035700138996978,0.8093495627484661,0.0,0.0,0.096429986100302,0.13459056545311363,0.0,0.0,0.0,0.05605987179842035,0.0,0.0,0.0,0.0]
B0 = [0.0,-0.8123684913478226,0.8382848461099277,1.2215345448817077,0.0,0.0,1.288607492518619,1.0013380209447624,0.0,0.0,0.0,0.9128634659004773,0.0,0.0,0.0,0.0]
B1 = [0.0,-0.972895006205136,-0.04626727756965081,1.0781283973529705,0.0,0.0,0.435906045811899,-0.04673216983360445,0.0,0.0,0.0,0.020817403022285925,0.0,0.0,0.0,0.0]
α  = [0.586214305960986,-0.08642651410543818,0.6331442877287752,-0.13293207956441988]
β1 = [-0.027544576362941445,0.5150896600095618,0.057478622001328306,0.454976294355068]
β2 = [0.028167154172122722,-0.526731984835877,0.05592066698214545,0.44264416369632037]
β3 = [1.0275445778447891,-0.5150896597038147,-0.05747862529049373,-0.454976292823373]
β4 = [-0.03907078714191868,0.7306323244693704,-2.1710739384391564,1.4795124011124894]


Set[{A021,A031,A032,A041,A042,A043,A121,A131,A132,A141,A142,A143,B021,B031,B032,B041,B042,B043,B121,B131,B132,B141,B142,B143,\[Alpha]1,\[Alpha]2,\[Alpha]3,\[Alpha]4,\[Beta]11,\[Beta]12,\[Beta]13,\[Beta]14,\[Beta]21,\[Beta]22,\[Beta]23,\[Beta]24,\[Beta]31,\[Beta]32,\[Beta]33,\[Beta]34,\[Beta]41,\[Beta]42,\[Beta]43,\[Beta]44},{0.0024553624384680045,2.160998207648004,-1.160998207648004,2.8919112516217944,-1.3840360219930488,-0.5078752296287451,0.9465246940256685,0.9035700138996978,0.096429986100302,0.8093495627484661,0.13459056545311363,0.05605987179842035,-0.8123684913478226,0.8382848461099277,1.288607492518619,1.2215345448817077,1.0013380209447624,0.9128634659004773,-0.972895006205136,-0.04626727756965081,0.435906045811899,1.0781283973529705,-0.04673216983360445,0.020817403022285925,0.586214305960986,-0.08642651410543818,0.6331442877287752,-0.13293207956441988,-0.027544576362941445,0.5150896600095618,0.057478622001328306,0.454976294355068,0.028167154172122722,-0.526731984835877,0.05592066698214545,0.44264416369632037,1.0275445778447891,-0.5150896597038147,-0.05747862529049373,-0.454976292823373,-0.03907078714191868,0.7306323244693704,-2.1710739384391564,1.4795124011124894}]



