
-----------------Setup------------------
Options: alg=LN_AUGLAG_EQ,dx=0.01,max_eval=100000000,popSize=0
imin=-6,jmin=-3,imax=1,jmax=3,
parameter_minmax=5,
randSeed=84730865, rand_minmax=1,
END_C=true, INEQ_C=false

Initial Condition:

[0.138622,0.314459,-0.160387,0.312023,0.574516,-0.0502177,-0.820308,-0.885313,0.116224,0.73222,0.955618,0.698989,-0.264323,0.3117,-0.149465,-0.117217,0.701064,0.122494,0.899453,0.199338,-0.439933,-0.622651,0.22957,0.451148,0.318834,-0.72364,-0.764817,0.743187,-0.565141,-0.0247545,-0.603621,0.330898,0.181862,0.0962813,0.335587,0.0442048,0.504335,0.832058,0.16258,-0.583477,-0.422255,-0.177473,-0.621636,0.163435]

f_1([0.222251,0.952981,0.0468795,0.522745,0.545163,-0.0801266,0.456974,0.88401,0.115967,0.76174,0.387833,-0.149328,0.159342,0.0985444,-0.00479527,1.09476,0.0214704,0.0478052,1.53176,0.226558,-0.325681,2.00037,0.598971,-0.0381,1.20279,-0.698722,-0.515683,1.07107,0.606369,-0.407545,0.509879,0.302791,-0.583285,1.46542,-0.375747,-0.517081,0.250906,1.1508,-0.987953,-0.569369,0.0848392,-0.895076,-0.165276,0.646582])
28.542187177338768
Max g: 0.4023788635522251
f_2([0.0933462,1.01321,-0.0132055,0.409588,0.586594,0.00291077,0.564316,0.740757,0.259243,1.01926,-0.160875,0.141611,0.305837,0.342006,-0.0780576,1.06537,-0.00215329,0.119686,0.873825,0.435207,-0.583167,1.33736,1.29983,-0.659418,1.10583,-0.668006,-0.584436,1.14658,0.34749,-0.757109,1.01332,0.401711,-0.73897,1.77213,-0.698937,-0.3322,0.654577,0.748859,-1.00622,-0.399697,0.838222,-1.91031,0.190644,0.879621])
16.904635877911517
Max g: 0.04220257715803277
f_3([0.106558,1.01064,-0.010668,0.392553,0.616182,-0.00873569,0.599195,0.822468,0.17704,1.05564,-0.201786,0.14585,0.331991,0.339757,-0.0991071,1.04817,8.69409e-5,0.12983,0.774062,0.418118,-0.619449,1.24222,1.41988,-0.787351,1.10173,-0.673453,-0.586963,1.1587,0.269896,-0.674554,1.01688,0.38778,-0.726642,1.81414,-0.787289,-0.300186,0.730267,0.67486,-1.01729,-0.387834,0.868479,-2.16815,0.36521,0.934415])
15.858277098796346
Max g: 0.007892462103221386
f_4([0.104537,1.01087,-0.0108934,0.39112,0.615567,-0.00669237,0.599013,0.859138,0.140568,1.0714,-0.213366,0.141785,0.327045,0.339423,-0.0996582,1.04889,-8.4659e-6,0.131033,0.774032,0.417815,-0.619523,1.24233,1.41865,-0.786551,1.10544,-0.676091,-0.582772,1.15341,0.270124,-0.674265,1.01633,0.387826,-0.727024,1.81385,-0.786649,-0.300174,0.729984,0.67444,-1.01656,-0.387859,0.869401,-2.16881,0.364572,0.934832])
15.296517216906677
Max g: 0.00547086934430643
f_5([0.103558,1.01094,-0.0109385,0.39023,0.61578,-0.00600973,0.598909,0.885797,0.114027,1.08209,-0.221551,0.139355,0.327695,0.337648,-0.101702,1.04942,-9.9553e-5,0.131651,0.773938,0.417729,-0.619637,1.24269,1.41791,-0.786464,1.10748,-0.677658,-0.580698,1.15085,0.270253,-0.674212,1.01607,0.387892,-0.727354,1.81389,-0.786328,-0.300202,0.729797,0.674234,-1.01615,-0.387893,0.870003,-2.16944,0.364299,0.935147])
14.661484306944441
Max g: 0.0037589034981362146
f_6([0.102885,1.0113,-0.0113186,0.389744,0.61618,-0.00592975,0.598789,0.909527,0.0903217,1.0914,-0.228989,0.13751,0.331015,0.334711,-0.104597,1.04939,0.000107321,0.132454,0.773813,0.417595,-0.619685,1.24292,1.41724,-0.786384,1.10878,-0.678598,-0.579055,1.14887,0.270296,-0.67414,1.01588,0.387972,-0.72765,1.81399,-0.786124,-0.300215,0.72974,0.674148,-1.0159,-0.387969,0.87059,-2.17027,0.364159,0.935516])
14.078390509398268
Max g: 0.0022066197848874753
f_7([0.10238,1.01132,-0.0113293,0.38942,0.616096,-0.00551992,0.598793,0.935617,0.0643065,1.10115,-0.237242,0.136045,0.337254,0.330645,-0.108816,1.04972,0.000141811,0.133101,0.77383,0.417507,-0.619675,1.24281,1.41655,-0.785842,1.11006,-0.679684,-0.577851,1.14745,0.270422,-0.674313,1.01578,0.388111,-0.727709,1.814,-0.78599,-0.300312,0.729599,0.674194,-1.01572,-0.388076,0.870883,-2.1708,0.364049,0.935882])
13.4656884270391
Max g: 0.0004480398082991289
f_8([0.10234,1.0113,-0.0112968,0.389125,0.616202,-0.00532704,0.598829,0.949202,0.050798,1.10592,-0.241802,0.135882,0.342077,0.328009,-0.11197,1.04983,0.000363621,0.13335,0.773832,0.417526,-0.619717,1.24284,1.41619,-0.785671,1.11063,-0.680247,-0.577277,1.14689,0.270534,-0.674358,1.01565,0.388177,-0.727785,1.81412,-0.785949,-0.300386,0.729474,0.674348,-1.01564,-0.388176,0.870961,-2.17107,0.364012,0.936096])
13.17050279966105
Max g: 1.0827035676355679e-5
f_9([0.102387,1.01133,-0.0113345,0.389146,0.616231,-0.00537884,0.598826,0.946821,0.0531791,1.1049,-0.240978,0.136077,0.341266,0.328487,-0.111478,1.04976,0.000326411,0.133344,0.773838,0.417529,-0.619716,1.24285,1.41624,-0.7857,1.11053,-0.680172,-0.577371,1.14701,0.270521,-0.67433,1.01565,0.388159,-0.727761,1.81408,-0.785949,-0.300374,0.729469,0.674342,-1.01565,-0.388163,0.870948,-2.17099,0.363995,0.936052])
13.226529251058032
Max g: 2.2947509463744353e-6
f_10([0.102416,1.01134,-0.0113362,0.389132,0.616276,-0.00540901,0.598819,0.945257,0.0547433,1.10423,-0.240446,0.136215,0.340751,0.328792,-0.11117,1.04973,0.000312922,0.133315,0.773836,0.417533,-0.619717,1.24283,1.41629,-0.785709,1.11049,-0.680145,-0.577431,1.14709,0.270523,-0.674321,1.01565,0.388148,-0.727771,1.81408,-0.785943,-0.300363,0.729472,0.674329,-1.01565,-0.38815,0.870947,-2.17095,0.363988,0.936019])
13.261122095603856
{0.10241560563370339,1.0113356702455163,-0.011336226288877703,0.3891319357694268,0.6162760458054083,-0.005409007296627299,0.5988193482735773,0.9452566533291114,0.05474334667088541,1.1042311027943499,-0.24044628568099333,0.13621518288663928,0.34075076524610803,0.3287918891437543,-0.11116980915902529,1.0497331236711998,0.0003129223167355749,0.13331533802715384,0.7738361439360008,0.41753290093807016,-0.6197174239648711,1.2428317293776847,1.4162945761677614,-0.7857094789239013,1.1104865626506668,-0.6801453091710681,-0.5774306312862764,1.147088967474909,0.27052303291541446,-0.6743212218474788,1.0156495737677815,0.3881480358025536,-0.7277707628217019,1.8140770916279698,-0.7859425080391161,-0.3003630866380108,0.7294718043272658,0.6743287531781487,-1.0156502052354541,-0.3881501981634274,0.8709473723668563,-2.170953208460652,0.3639881694918181,0.9360191539228387}]
Set[{A021,A031,A032,A041,A042,A043,A121,A131,A132,A141,A142,A143,B021,B031,B032,B041,B042,B043,B121,B131,B132,B141,B142,B143,\[Alpha]1,\[Alpha]2,\[Alpha]3,\[Alpha]4,\[Beta]11,\[Beta]12,\[Beta]13,\[Beta]14,\[Beta]21,\[Beta]22,\[Beta]23,\[Beta]24,\[Beta]31,\[Beta]32,\[Beta]33,\[Beta]34,\[Beta]41,\[Beta]42,\[Beta]43,\[Beta]44},{0.10241560563370339,1.0113356702455163,-0.011336226288877703,0.3891319357694268,0.6162760458054083,-0.005409007296627299,0.5988193482735773,0.9452566533291114,0.05474334667088541,1.1042311027943499,-0.24044628568099333,0.13621518288663928,0.34075076524610803,0.3287918891437543,-0.11116980915902529,1.0497331236711998,0.0003129223167355749,0.13331533802715384,0.7738361439360008,0.41753290093807016,-0.6197174239648711,1.2428317293776847,1.4162945761677614,-0.7857094789239013,1.1104865626506668,-0.6801453091710681,-0.5774306312862764,1.147088967474909,0.27052303291541446,-0.6743212218474788,1.0156495737677815,0.3881480358025536,-0.7277707628217019,1.8140770916279698,-0.7859425080391161,-0.3003630866380108,0.7294718043272658,0.6743287531781487,-1.0156502052354541,-0.3881501981634274,0.8709473723668563,-2.170953208460652,0.3639881694918181,0.9360191539228387}]

Max g: 1.6019163005531745e-6
f_11([0.102422,1.01135,-0.0113494,0.38916,0.616283,-0.0054448,0.59882,0.9439,0.0561001,1.10364,-0.239953,0.136311,0.340308,0.329057,-0.110894,1.04973,0.000273088,0.133295,0.773835,0.417538,-0.619721,1.24282,1.41633,-0.785724,1.11046,-0.680116,-0.57751,1.14717,0.270521,-0.674312,1.01565,0.388141,-0.72777,1.81407,-0.785945,-0.300357,0.729475,0.674317,-1.01565,-0.388143,0.870932,-2.17093,0.363994,0.936001])
13.293222660283265
Max g: 2.327636413279599e-6
f_12([0.102462,1.01134,-0.0113431,0.389172,0.616293,-0.00546473,0.59882,0.942454,0.057546,1.10304,-0.239474,0.136436,0.339853,0.329333,-0.110604,1.0497,0.000265267,0.133261,0.773834,0.417537,-0.619722,1.2428,1.41638,-0.785737,1.1104,-0.680082,-0.577569,1.14725,0.270512,-0.674294,1.01565,0.38813,-0.727763,1.81406,-0.785946,-0.300347,0.729485,0.674296,-1.01565,-0.38813,0.870914,-2.17088,0.363996,0.935972])
13.330307784695503
Max g: 1.737783611788224e-6
f_13([0.102474,1.01134,-0.0113363,0.38917,0.616303,-0.00547313,0.598819,0.941916,0.058083,1.10281,-0.239285,0.136474,0.339676,0.329443,-0.110498,1.04969,0.000261298,0.133256,0.773834,0.417534,-0.61972,1.2428,1.41639,-0.78574,1.11038,-0.680068,-0.577589,1.14728,0.27051,-0.674286,1.01565,0.388125,-0.727762,1.81405,-0.785945,-0.300344,0.72949,0.674285,-1.01565,-0.388125,0.870909,-2.17087,0.363994,0.935962])
13.342968566416884
Max g: 1.481735508223822e-5
{0.1024743167863612,1.01133627557693,-0.011336278630660487,0.38916979549451575,0.6163033435596011,-0.005473139084546834,0.5988190465819249,0.9419171671140063,0.05808227764738066,1.1028107794600093,-0.23928544474925728,0.13647434558232233,0.33967608278217304,0.3294429097814644,-0.11049854034638505,1.0496856841184943,0.0002613340480150756,0.13325585254125796,0.7738341802388574,0.4175338099440435,-0.619719704481535,1.242803266369781,1.4163930551020356,-0.7857401755804172,1.1103783362402675,-0.6800677971697444,-0.577588590737696,1.1472780375950937,0.2705100874582641,-0.67428575533376,1.0156504879792536,0.38812521066071975,-0.727762438311749,1.8140516806205318,-0.7859447692998686,-0.30034447587223423,0.7294902400158448,0.6742853999022742,-1.0156505482164462,-0.3881250911925831,0.8709094799650314,-2.1708658565869943,0.3639938755692357,0.9359624907797618}]
Set[{A021,A031,A032,A041,A042,A043,A121,A131,A132,A141,A142,A143,B021,B031,B032,B041,B042,B043,B121,B131,B132,B141,B142,B143,\[Alpha]1,\[Alpha]2,\[Alpha]3,\[Alpha]4,\[Beta]11,\[Beta]12,\[Beta]13,\[Beta]14,\[Beta]21,\[Beta]22,\[Beta]23,\[Beta]24,\[Beta]31,\[Beta]32,\[Beta]33,\[Beta]34,\[Beta]41,\[Beta]42,\[Beta]43,\[Beta]44},{0.1024743167863612,1.01133627557693,-0.011336278630660487,0.38916979549451575,0.6163033435596011,-0.005473139084546834,0.5988190465819249,0.9419171671140063,0.05808227764738066,1.1028107794600093,-0.23928544474925728,0.13647434558232233,0.33967608278217304,0.3294429097814644,-0.11049854034638505,1.0496856841184943,0.0002613340480150756,0.13325585254125796,0.7738341802388574,0.4175338099440435,-0.619719704481535,1.242803266369781,1.4163930551020356,-0.7857401755804172,1.1103783362402675,-0.6800677971697444,-0.577588590737696,1.1472780375950937,0.2705100874582641,-0.67428575533376,1.0156504879792536,0.38812521066071975,-0.727762438311749,1.8140516806205318,-0.7859447692998686,-0.30034447587223423,0.7294902400158448,0.6742853999022742,-1.0156505482164462,-0.3881250911925831,0.8709094799650314,-2.1708658565869943,0.3639938755692357,0.9359624907797618}]


-----------------Final Result------------------
Options: alg=LN_AUGLAG_EQ,dx=0.01,max_eval=100000000,popSize=0
imin=-6,jmin=-3,imax=1,jmax=3,
parameter_minmax=5,
randSeed=84730865,rand_minmax=1,
END_C=true, INEQ_C=false

1309678 steps

Completed with maxf : 13.342968566416884

Constraints at 1.4761830549391702e-5

x = [0.1024743167863612,1.01133627557693,-0.011336278630660487,0.38916979549451575,0.6163033435596011,-0.005473139084546834,0.5988190465819249,0.9419171671140063,0.05808227764738066,1.1028107794600093,-0.23928544474925728,0.13647434558232233,0.33967608278217304,0.3294429097814644,-0.11049854034638505,1.0496856841184943,0.0002613340480150756,0.13325585254125796,0.7738341802388574,0.4175338099440435,-0.619719704481535,1.242803266369781,1.4163930551020356,-0.7857401755804172,1.1103783362402675,-0.6800677971697444,-0.577588590737696,1.1472780375950937,0.2705100874582641,-0.67428575533376,1.0156504879792536,0.38812521066071975,-0.727762438311749,1.8140516806205318,-0.7859447692998686,-0.30034447587223423,0.7294902400158448,0.6742853999022742,-1.0156505482164462,-0.3881250911925831,0.8709094799650314,-2.1708658565869943,0.3639938755692357,0.9359624907797618]
c0 = [0.0,0.1024743167863612,0.9999999969462695,0.9999999999695701]
c1 = [0.0,0.5988190465819249,0.9999994447613869,0.9999996802930743]
A0 = [0.0,0.1024743167863612,1.01133627557693,0.38916979549451575,0.0,0.0,-0.011336278630660487,0.6163033435596011,0.0,0.0,0.0,-0.005473139084546834,0.0,0.0,0.0,0.0]
A1 = [0.0,0.5988190465819249,0.9419171671140063,1.1028107794600093,0.0,0.0,0.05808227764738066,-0.23928544474925728,0.0,0.0,0.0,0.13647434558232233,0.0,0.0,0.0,0.0]
B0 = [0.0,0.33967608278217304,0.3294429097814644,1.0496856841184943,0.0,0.0,-0.11049854034638505,0.0002613340480150756,0.0,0.0,0.0,0.13325585254125796,0.0,0.0,0.0,0.0]
B1 = [0.0,0.7738341802388574,0.4175338099440435,1.242803266369781,0.0,0.0,-0.619719704481535,1.4163930551020356,0.0,0.0,0.0,-0.7857401755804172,0.0,0.0,0.0,0.0]
α  = [1.1103783362402675,-0.6800677971697444,-0.577588590737696,1.1472780375950937]
β1 = [0.2705100874582641,-0.67428575533376,1.0156504879792536,0.38812521066071975]
β2 = [-0.727762438311749,1.8140516806205318,-0.7859447692998686,-0.30034447587223423]
β3 = [0.7294902400158448,0.6742853999022742,-1.0156505482164462,-0.3881250911925831]
β4 = [0.8709094799650314,-2.1708658565869943,0.3639938755692357,0.9359624907797618]


Set[{A021,A031,A032,A041,A042,A043,A121,A131,A132,A141,A142,A143,B021,B031,B032,B041,B042,B043,B121,B131,B132,B141,B142,B143,\[Alpha]1,\[Alpha]2,\[Alpha]3,\[Alpha]4,\[Beta]11,\[Beta]12,\[Beta]13,\[Beta]14,\[Beta]21,\[Beta]22,\[Beta]23,\[Beta]24,\[Beta]31,\[Beta]32,\[Beta]33,\[Beta]34,\[Beta]41,\[Beta]42,\[Beta]43,\[Beta]44},{0.1024743167863612,1.01133627557693,-0.011336278630660487,0.38916979549451575,0.6163033435596011,-0.005473139084546834,0.5988190465819249,0.9419171671140063,0.05808227764738066,1.1028107794600093,-0.23928544474925728,0.13647434558232233,0.33967608278217304,0.3294429097814644,-0.11049854034638505,1.0496856841184943,0.0002613340480150756,0.13325585254125796,0.7738341802388574,0.4175338099440435,-0.619719704481535,1.242803266369781,1.4163930551020356,-0.7857401755804172,1.1103783362402675,-0.6800677971697444,-0.577588590737696,1.1472780375950937,0.2705100874582641,-0.67428575533376,1.0156504879792536,0.38812521066071975,-0.727762438311749,1.8140516806205318,-0.7859447692998686,-0.30034447587223423,0.7294902400158448,0.6742853999022742,-1.0156505482164462,-0.3881250911925831,0.8709094799650314,-2.1708658565869943,0.3639938755692357,0.9359624907797618}]



