
-----------------Setup------------------
Options: alg=LN_AUGLAG_EQ,dx=0.01,max_eval=100000000,popSize=0
imin=-6,jmin=-3,imax=1,jmax=3,
parameter_minmax=5,
randSeed=96478333, rand_minmax=3,
END_C=true, INEQ_C=false

Initial Condition:

[1.40356,-1.05723,-1.46044,-1.99951,-2.00029,-0.99175,-2.84602,-0.497271,1.37223,-1.80205,1.33849,0.813857,1.92616,0.818327,-2.53738,0.721903,2.39708,0.115694,2.61072,2.06881,1.10154,-0.0309472,-2.01575,2.02721,-1.16195,-0.156116,-1.85918,-0.982575,-0.609035,2.35775,1.48199,-1.6247,-1.74254,-0.000776157,-2.91978,-0.566482,1.25155,-1.38698,2.95721,-2.07803,1.09936,1.13041,0.936541,0.950802]

f_1([0.448227,0.223098,-0.0101364,-0.834454,-1.37947,2.22265,0.000983884,-0.404312,0.404319,-1.15786,0.665775,0.718165,1.27143,1.93128,-0.189546,0.0941819,2.32899,0.501048,2.06595,1.17363,-0.281055,1.62805,-2.7913,2.13825,1.27026,0.155708,-2.22797,0.936073,-1.00419,1.72389,1.09145,-2.21084,1.01222,0.670911,-1.39041,-0.133158,2.33632,-1.34689,2.95503,-2.02154,0.765365,0.433721,0.609946,0.74154])
5.060025967182608
Max g: 7.896001752484116
f_2([0.448227,0.223098,-0.0101365,-0.834454,-1.37947,2.22265,0.000983986,-0.404311,0.40432,-1.15786,0.665774,0.718164,1.27143,1.93127,-0.189547,0.0941822,2.32899,0.501048,2.06595,1.17364,-0.281051,1.62804,-2.7913,2.13825,1.27026,0.155708,-2.22797,0.936074,-1.00419,1.72389,1.09145,-2.21084,1.01222,0.670911,-1.39041,-0.133158,2.33632,-1.34689,2.95503,-2.02154,0.765365,0.43372,0.609945,0.741538])
5.060225349571921
Max g: 7.895902600268303
f_3([0.489044,0.244118,-0.0105545,-0.707906,-1.20289,1.99409,0.0925164,-0.5297,0.529702,-1.0974,0.686554,0.645239,1.0856,1.90261,-0.211648,0.115286,2.15701,0.535386,2.0225,1.42976,-0.504463,1.60812,-2.73187,2.192,1.1653,0.452492,-2.07435,0.812736,-1.21331,1.6998,1.17226,-2.02905,0.76057,0.678633,-1.41655,-0.0267203,2.38489,-1.29772,2.88724,-1.77063,0.4816,0.40836,0.524142,0.734014])
6.078869976572569
Max g: 5.899507410883908
f_4([0.491991,0.22878,-0.0199148,-0.777703,-1.25668,2.03606,0.119857,-0.522961,0.523114,-1.05406,0.691412,0.648811,1.07894,1.89175,-0.221154,0.146269,2.11462,0.589802,1.9594,1.59487,-0.652485,1.58693,-2.72335,2.18131,1.2883,0.446328,-1.9278,0.799938,-1.25388,1.6975,1.15792,-1.7152,0.621082,0.658662,-1.33627,0.196188,2.21421,-1.20204,2.85425,-1.5383,0.216874,0.434718,0.377716,0.721112])
6.678711894821042
Max g: 4.672776437015674
f_5([0.762278,0.943791,0.0552497,-0.779286,-0.41136,2.19059,0.97341,0.238211,0.752334,0.107268,0.819072,0.0736347,1.2237,1.54041,-0.298209,0.636956,1.93071,0.213624,1.31242,1.25009,1.07996,2.72223,-2.26188,2.00682,0.231992,1.11888,-0.415636,0.059386,0.544869,0.216489,1.44307,-1.21175,-0.439824,0.700217,-0.961324,0.696358,0.518376,-0.927484,2.57947,-2.17426,0.308055,-0.864784,-0.0486835,0.608826])
7.574636661199475
Max g: 0.6569600777243121
f_6([0.761754,0.950814,0.0491861,-0.771859,-0.420332,2.19119,0.999908,0.263663,0.640569,0.164021,0.763939,0.07204,1.2108,1.52113,-0.326437,0.653688,1.93978,0.238109,1.36503,1.22281,1.51198,3.08547,-2.08824,2.02485,0.233685,1.08887,-0.382903,0.055013,0.576139,0.228974,0.87369,-0.669945,-0.401153,0.638266,-0.716358,0.480122,0.433438,-1.05319,2.8102,-2.18502,0.275118,-0.52812,-0.372343,0.63102])
9.527188399742702
Max g: 0.6772927231220962
f_7([0.756285,0.965159,0.0343069,-0.763887,-0.420644,2.18393,1.0,0.224665,0.529,0.199204,0.702702,0.0978268,1.22378,1.505,-0.333378,0.665854,1.94016,0.256166,1.40047,1.19448,1.78458,3.29663,-1.93433,2.1353,0.237232,1.06942,-0.358242,0.0463721,0.607877,0.456694,-0.260977,0.188218,-0.390302,0.510757,-0.182737,0.0668909,0.287092,-1.21873,3.01993,-2.0768,0.28688,-0.313505,-0.685623,0.714081])
11.720992829354785
Max g: 0.5204343521209727
f_8([0.739054,0.986054,0.0133149,-0.768593,-0.405373,2.17368,0.958528,0.182207,0.444699,0.196364,0.620912,0.110399,1.23897,1.50371,-0.336903,0.691336,1.962,0.2718,1.43525,1.18355,1.94522,3.39427,-1.81978,2.25586,0.246803,1.02515,-0.309668,0.0385353,0.696598,0.794382,-1.32553,0.838187,-0.434231,0.33015,0.442828,-0.331175,0.243617,-1.3592,2.96505,-1.85887,0.288025,-0.181553,-0.796796,0.697408])
11.339275245014846
Max g: 0.3007683552734224
f_9([0.72831,0.979662,0.0200212,-0.77092,-0.409587,2.17976,0.937711,0.242839,0.368706,0.225677,0.616091,0.0574774,1.2491,1.50839,-0.323287,0.704835,1.97911,0.268851,1.4284,1.12748,2.05888,3.41892,-1.76474,2.33167,0.258639,0.961265,-0.255689,0.0399328,0.703442,1.07513,-1.90627,1.14348,-0.455205,0.126972,0.938546,-0.608336,0.313243,-1.45765,2.80558,-1.67222,0.263804,-0.12851,-0.767039,0.636836])
10.905020401090907
Max g: 0.2877000693461156
f_10([0.744036,0.970945,0.0273856,-0.765465,-0.391713,2.15718,0.999027,0.362922,0.345666,0.260047,0.644648,0.0136768,1.25959,1.52126,-0.321651,0.719494,1.98596,0.19916,1.38562,0.996194,2.15611,3.35971,-1.77837,2.39848,0.26294,0.910442,-0.222497,0.0446021,0.595123,1.33347,-2.20215,1.28383,-0.418681,-0.104598,1.33791,-0.820181,0.414419,-1.51549,2.63277,-1.53378,0.22138,-0.0939293,-0.714226,0.589225])
10.131815495334688
{0.7440356246602726,0.9709447206930454,0.02738555250275104,-0.7654652281465897,-0.3917127650283761,2.1571779931749657,0.9990272347440727,0.36292246467398676,0.3456662018392388,0.2600469171712687,0.6446483796806992,0.013676751551227431,1.2595941622706008,1.5212635880770513,-0.32165062028592317,0.7194943833108076,1.985957628728628,0.19916032838049122,1.3856177067580477,0.9961941955735916,2.156111846164375,3.3597146295779963,-1.7783686789517754,2.398477778729391,0.26294037619086164,0.9104416845223792,-0.22249717660255838,0.04460214750942551,0.5951226607511956,1.3334725958104983,-2.202150579498471,1.283829553681989,-0.4186808786375551,-0.10459761656301675,1.3379079451938753,-0.8201809149222195,0.4144187943755686,-1.5154906153630254,2.6327703009407237,-1.5337789694477417,0.22137950673162687,-0.09392931503246328,-0.7142261149540263,0.5892254596367643}]
Set[{A021,A031,A032,A041,A042,A043,A121,A131,A132,A141,A142,A143,B021,B031,B032,B041,B042,B043,B121,B131,B132,B141,B142,B143,\[Alpha]1,\[Alpha]2,\[Alpha]3,\[Alpha]4,\[Beta]11,\[Beta]12,\[Beta]13,\[Beta]14,\[Beta]21,\[Beta]22,\[Beta]23,\[Beta]24,\[Beta]31,\[Beta]32,\[Beta]33,\[Beta]34,\[Beta]41,\[Beta]42,\[Beta]43,\[Beta]44},{0.7440356246602726,0.9709447206930454,0.02738555250275104,-0.7654652281465897,-0.3917127650283761,2.1571779931749657,0.9990272347440727,0.36292246467398676,0.3456662018392388,0.2600469171712687,0.6446483796806992,0.013676751551227431,1.2595941622706008,1.5212635880770513,-0.32165062028592317,0.7194943833108076,1.985957628728628,0.19916032838049122,1.3856177067580477,0.9961941955735916,2.156111846164375,3.3597146295779963,-1.7783686789517754,2.398477778729391,0.26294037619086164,0.9104416845223792,-0.22249717660255838,0.04460214750942551,0.5951226607511956,1.3334725958104983,-2.202150579498471,1.283829553681989,-0.4186808786375551,-0.10459761656301675,1.3379079451938753,-0.8201809149222195,0.4144187943755686,-1.5154906153630254,2.6327703009407237,-1.5337789694477417,0.22137950673162687,-0.09392931503246328,-0.7142261149540263,0.5892254596367643}]

Max g: 0.20978338188996992
f_11([0.744681,0.939144,0.0602309,-0.764204,-0.384732,2.14876,1.00003,0.453394,0.290044,0.299173,0.649334,-0.0305804,1.22655,1.54676,-0.314726,0.732629,1.99944,0.197526,1.30486,0.754568,2.31028,3.227,-1.77791,2.54997,0.272671,0.847277,-0.176829,0.0578955,0.504045,1.61232,-2.42428,1.31734,-0.375122,-0.437389,1.83919,-1.02986,0.495744,-1.59236,2.40023,-1.30523,0.190538,-0.0592106,-0.6511,0.517138])
10.436870550983738
Max g: 0.17448962995435657
f_12([0.727139,0.920002,0.0799455,-0.763971,-0.376401,2.14039,1.0,0.521511,0.25722,0.336337,0.629622,-0.0474354,1.20226,1.57493,-0.307593,0.743532,2.0068,0.184777,1.21565,0.507313,2.44098,3.08117,-1.80943,2.6845,0.264394,0.803649,-0.134354,0.0650358,0.414369,1.80739,-2.48919,1.27868,-0.327554,-0.713918,2.17744,-1.14009,0.5732,-1.65316,2.22405,-1.14485,0.170703,-0.0277112,-0.625733,0.480876])
10.70224851115948
Max g: 0.13979343289935386
f_13([0.707913,0.902137,0.0977759,-0.768183,-0.369255,2.1374,0.999993,0.585409,0.227644,0.371179,0.606661,-0.0549396,1.17103,1.61405,-0.292708,0.75219,2.0169,0.185855,1.13594,0.265372,2.56444,2.91909,-1.84969,2.82735,0.254257,0.76306,-0.0901751,0.0706856,0.326042,1.9611,-2.49871,1.22031,-0.272159,-0.963622,2.4299,-1.19984,0.639594,-1.70293,2.08481,-1.02195,0.151231,0.00681001,-0.620863,0.460918])
11.019565583751284
Max g: 0.1098470358302186
f_14([0.651165,0.892096,0.106535,-0.755605,-0.35646,2.11119,1.0,0.648829,0.247741,0.408741,0.618795,-0.0558631,1.16894,1.66219,-0.253699,0.737477,2.06425,0.19145,1.06702,0.0497039,2.65752,2.74246,-1.91511,2.9306,0.240682,0.743505,-0.0477308,0.0647173,0.220276,2.05375,-2.44796,1.17631,-0.1761,-1.13708,2.53636,-1.22469,0.731953,-1.80182,2.0568,-0.991589,0.133569,0.0782471,-0.720405,0.509726])
11.191532894533836
Max g: 0.0787433919428625
f_15([0.641344,0.892063,0.107542,-0.756403,-0.354304,2.11071,1.0,0.66182,0.246431,0.417079,0.621831,-0.0654932,1.17046,1.66924,-0.250466,0.74031,2.06293,0.185751,1.03518,-0.0407797,2.70094,2.68674,-1.93419,2.97376,0.234554,0.741584,-0.0396983,0.0631448,0.191219,2.07888,-2.40527,1.13757,-0.161551,-1.14921,2.49147,-1.18125,0.775773,-1.90407,2.13981,-1.01435,0.113071,0.167314,-0.83714,0.558648])
11.240082506331577
Max g: 0.06516498513137181
f_16([0.637557,0.891067,0.10893,-0.756933,-0.353582,2.11048,1.0,0.678084,0.242304,0.42131,0.624366,-0.0710482,1.16748,1.6725,-0.24667,0.743014,2.06627,0.18601,1.012,-0.131195,2.75396,2.61913,-1.95063,3.03769,0.234123,0.734992,-0.0319941,0.0628066,0.162883,2.11017,-2.37757,1.1061,-0.145386,-1.16881,2.45839,-1.14416,0.815063,-1.99837,2.21256,-1.03089,0.0911289,0.242699,-0.923116,0.590722])
11.360908234255318
Max g: 0.05424030501331445
f_17([0.637228,0.890324,0.109603,-0.757303,-0.353434,2.11057,1.0,0.681606,0.244996,0.423963,0.625401,-0.0727435,1.16673,1.67837,-0.226001,0.747344,2.06623,0.185844,1.00644,-0.166327,2.78021,2.59032,-1.95503,3.0713,0.234304,0.733146,-0.0302773,0.0629011,0.151172,2.12639,-2.37211,1.09561,-0.13867,-1.17359,2.43748,-1.12583,0.832005,-2.0433,2.25086,-1.04075,0.0808166,0.273146,-0.953729,0.600616])
11.358914410362187
Max g: 0.05001805152329708
f_18([0.637052,0.890387,0.109579,-0.756886,-0.353188,2.10999,1.0,0.686446,0.245977,0.423579,0.627448,-0.0730532,1.16728,1.6791,-0.225756,0.74721,2.06585,0.18516,1.00345,-0.198939,2.80885,2.56139,-1.95682,3.10872,0.234365,0.731944,-0.0292446,0.0627795,0.139652,2.14497,-2.37055,1.08684,-0.131091,-1.17685,2.41439,-1.10687,0.848752,-2.08913,2.28961,-1.05046,0.0705706,0.299841,-0.975645,0.605887])
11.361705763812571
Max g: 0.04555113173970693
f_19([0.637033,0.890177,0.109673,-0.756423,-0.352808,2.1092,1.0,0.691128,0.246147,0.422503,0.628605,-0.0719894,1.16692,1.68002,-0.225307,0.746112,2.06614,0.18545,1.00233,-0.222127,2.83213,2.54206,-1.95788,3.13821,0.234729,0.731125,-0.0286714,0.0628901,0.129982,2.1607,-2.37065,1.08088,-0.123841,-1.1834,2.40137,-1.09481,0.861897,-2.12193,2.31481,-1.05592,0.0631086,0.317009,-0.986751,0.607136])
11.377257590178992
Max g: 0.04184361496114042
f_20([0.636461,0.890061,0.109876,-0.756787,-0.352768,2.10945,1.0,0.697117,0.24545,0.421838,0.629994,-0.0713389,1.1663,1.68017,-0.225045,0.746781,2.06619,0.185758,1.00115,-0.24375,2.85458,2.52452,-1.95778,3.16608,0.234341,0.730619,-0.0279872,0.0628808,0.118972,2.17885,-2.37241,1.07552,-0.115427,-1.19309,2.39201,-1.08433,0.875556,-2.15307,2.33588,-1.05928,0.0558116,0.332204,-0.994248,0.606584])
11.400984094507253
{0.6364612329030036,0.8900606573506964,0.10987637475668831,-0.7567868881701054,-0.3527684594594944,2.109453583678484,1.0000007079142206,0.6971173169479964,0.24545000746683007,0.42183776042812876,0.6299942260719491,-0.07133890220810217,1.1663044558860403,1.6801744449870273,-0.2250453665629998,0.7467813033043518,2.0661868810125266,0.1857577193807088,1.00114968344486,-0.2437500302080122,2.854576127368747,2.524518040040602,-1.9577817226610252,3.1660750189358886,0.23434099046657228,0.7306186762744896,-0.02798721079919603,0.06288080951956472,0.11897228299243023,2.178845775606875,-2.372409891722889,1.0755211369784778,-0.11542715799418428,-1.193090737089766,2.39200939439306,-1.0843308665266393,0.8755556332240143,-2.1530727855191056,2.335881439974824,-1.059279069490323,0.05581158692207231,0.33220413676765237,-0.9942479451469521,0.6065839347324363}]
Set[{A021,A031,A032,A041,A042,A043,A121,A131,A132,A141,A142,A143,B021,B031,B032,B041,B042,B043,B121,B131,B132,B141,B142,B143,\[Alpha]1,\[Alpha]2,\[Alpha]3,\[Alpha]4,\[Beta]11,\[Beta]12,\[Beta]13,\[Beta]14,\[Beta]21,\[Beta]22,\[Beta]23,\[Beta]24,\[Beta]31,\[Beta]32,\[Beta]33,\[Beta]34,\[Beta]41,\[Beta]42,\[Beta]43,\[Beta]44},{0.6364612329030036,0.8900606573506964,0.10987637475668831,-0.7567868881701054,-0.3527684594594944,2.109453583678484,1.0000007079142206,0.6971173169479964,0.24545000746683007,0.42183776042812876,0.6299942260719491,-0.07133890220810217,1.1663044558860403,1.6801744449870273,-0.2250453665629998,0.7467813033043518,2.0661868810125266,0.1857577193807088,1.00114968344486,-0.2437500302080122,2.854576127368747,2.524518040040602,-1.9577817226610252,3.1660750189358886,0.23434099046657228,0.7306186762744896,-0.02798721079919603,0.06288080951956472,0.11897228299243023,2.178845775606875,-2.372409891722889,1.0755211369784778,-0.11542715799418428,-1.193090737089766,2.39200939439306,-1.0843308665266393,0.8755556332240143,-2.1530727855191056,2.335881439974824,-1.059279069490323,0.05581158692207231,0.33220413676765237,-0.9942479451469521,0.6065839347324363}]

Max g: 0.03792575987714919
f_21([0.636283,0.890327,0.109662,-0.756936,-0.352708,2.1096,1.0,0.70288,0.245022,0.422162,0.631038,-0.0710613,1.16627,1.68102,-0.225167,0.746596,2.06653,0.185832,1.00031,-0.261968,2.87491,2.51132,-1.9575,3.19014,0.234475,0.730329,-0.027647,0.0628473,0.108421,2.19592,-2.3745,1.07105,-0.106193,-1.2046,2.38655,-1.07641,0.888327,-2.18002,2.352,-1.0611,0.0494904,0.344891,-0.999169,0.605213])
11.413545185033978
Max g: 0.03423718230534045
f_22([0.636203,0.890332,0.109622,-0.756981,-0.352616,2.10953,1.0,0.707058,0.244832,0.422021,0.631872,-0.0705294,1.1662,1.68158,-0.225166,0.746502,2.06659,0.18572,0.999719,-0.275152,2.89007,2.50224,-1.95688,3.20722,0.234572,0.729737,-0.02703,0.0628071,0.100204,2.20875,-2.37624,1.068,-0.099138,-1.21418,2.38395,-1.07138,0.897565,-2.19847,2.36163,-1.06156,0.0450354,0.353212,-1.00155,0.603713])
11.422517392553067
Max g: 0.03147341373225565
f_23([0.636033,0.89035,0.109645,-0.757216,-0.35247,2.10968,1.0,0.71079,0.244769,0.421557,0.632997,-0.0700462,1.16617,1.68166,-0.224849,0.746486,2.06678,0.185522,0.999132,-0.287044,2.9038,2.4938,-1.95568,3.22257,0.234431,0.729478,-0.0267067,0.06278,0.0927075,2.22089,-2.37812,1.06526,-0.0923267,-1.22371,2.38238,-1.06703,0.905962,-2.21469,2.36944,-1.06145,0.040904,0.360435,-1.00291,0.601919])
11.425807201976733
Max g: 0.028948809229895733
f_24([0.63583,0.890198,0.109792,-0.757322,-0.352328,2.10963,1.0,0.71478,0.244489,0.42116,0.634046,-0.0694692,1.16622,1.68214,-0.224585,0.746799,2.06685,0.185233,0.998707,-0.298315,2.91742,2.48636,-1.95451,3.23738,0.234423,0.729224,-0.0264913,0.0627651,0.0850594,2.23286,-2.37998,1.06268,-0.085452,-1.23375,2.38189,-1.0634,0.914327,-2.23026,2.37633,-1.06108,0.0368657,0.367369,-1.00404,0.6001])
11.437969527724833
Max g: 0.026467804800610728
f_25([0.635577,0.88987,0.110078,-0.75738,-0.352191,2.10956,1.0,0.717981,0.244393,0.420905,0.63509,-0.0693046,1.16587,1.68272,-0.224295,0.746883,2.06699,0.185184,0.99836,-0.307242,2.92854,2.48097,-1.95354,3.24927,0.234283,0.728876,-0.0260703,0.0627814,0.0785644,2.24302,-2.38148,1.06053,-0.0794891,-1.24254,2.38182,-1.06053,0.921338,-2.24276,2.38119,-1.06041,0.0334931,0.373011,-1.00476,0.598473])
11.442256249095065
Max g: 0.024316637996604773
f_26([0.635211,0.889636,0.110233,-0.757389,-0.351826,2.10901,1.0,0.725735,0.244232,0.420248,0.637353,-0.0681782,1.16493,1.6828,-0.224621,0.747382,2.06746,0.183546,0.999049,-0.323389,2.95348,2.47243,-1.94864,3.27478,0.234489,0.72767,-0.0249978,0.0629271,0.0635019,2.26707,-2.38643,1.05648,-0.0640981,-1.26525,2.3842,-1.05544,0.937488,-2.26923,2.38876,-1.05747,0.0263083,0.382679,-1.00104,0.592254])
11.458705296213395
Max g: 0.019454953530129826
f_27([0.634758,0.889271,0.110589,-0.757414,-0.352116,2.10932,1.0,0.733185,0.244069,0.41946,0.63924,-0.0668495,1.16482,1.68371,-0.224363,0.747502,2.06741,0.183344,0.999013,-0.340029,2.97748,2.46357,-1.94429,3.29946,0.234474,0.726881,-0.0243079,0.062919,0.0480922,2.29102,-2.39086,1.05219,-0.0489295,-1.28787,2.38682,-1.05033,0.953011,-2.29487,2.39579,-1.05431,0.0198967,0.391424,-0.997266,0.586211])
11.462393870415688
Max g: 0.014596487949049108
f_28([0.634469,0.889462,0.110475,-0.757542,-0.351651,2.10917,1.0,0.738526,0.243883,0.419137,0.640573,-0.06617,1.16478,1.68381,-0.224001,0.747514,2.06744,0.183074,0.999072,-0.35168,2.99452,2.45761,-1.94154,3.31713,0.234467,0.726549,-0.0238253,0.0628712,0.0370401,2.30802,-2.39386,1.04916,-0.0383867,-1.30417,2.38918,-1.04707,0.964338,-2.31286,2.40012,-1.05185,0.0147691,0.398648,-0.995778,0.582474])
11.462892326388971
Max g: 0.01113181779709338
f_29([0.634095,0.889377,0.11061,-0.757421,-0.351504,2.10892,1.0,0.743258,0.243776,0.41882,0.642078,-0.0658023,1.16467,1.68391,-0.223923,0.747637,2.06725,0.183109,0.999014,-0.362227,3.0098,2.45264,-1.93918,3.33247,0.234453,0.726328,-0.0234769,0.0628421,0.0273553,2.32283,-2.39639,1.04652,-0.0286369,-1.31877,2.39147,-1.04433,0.974115,-2.32849,2.40382,-1.0497,0.0105409,0.404621,-0.994174,0.579127])
11.463889238335536
Max g: 0.008060905714114441
f_30([0.634053,0.889173,0.110826,-0.757313,-0.351436,2.10872,0.999999,0.747444,0.243869,0.418752,0.643406,-0.0655739,1.16448,1.68421,-0.223504,0.74765,2.06748,0.182986,0.998983,-0.371918,3.02403,2.44813,-1.9368,3.34657,0.234376,0.726149,-0.0232767,0.0628674,0.0183226,2.33646,-2.39868,1.04409,-0.0196478,-1.33235,2.39368,-1.04185,0.983443,-2.34297,2.40706,-1.04766,0.00660769,0.409974,-0.992433,0.575936])
11.460400046522556
{0.6340525644708894,0.8891734183820832,0.11082644306629345,-0.7573125262015038,-0.3514360272715202,2.1087193492870373,0.9999986360071377,0.7474443028813957,0.24386944829182666,0.41875215031381663,0.6434059477725539,-0.06557391580644341,1.1644849450686292,1.6842141487843498,-0.22350354020045007,0.7476502933671608,2.0674834167514407,0.18298633528903283,0.9989833477827491,-0.37191845645310656,3.0240345739490277,2.4481286835674827,-1.9367953414370398,3.346569227340416,0.23437640599454915,0.726148795396919,-0.023276692267843627,0.06286741499760955,0.01832258244312539,2.336459250602458,-2.3986775788158026,1.0440934291738175,-0.01964784100106051,-1.3323503682965607,2.3936767150373073,-1.0418548793243394,0.9834434893555613,-2.342965695955931,2.407059411455324,-1.0476598099902803,0.006607694614374716,0.40997397656957013,-0.9924325752992509,0.5759361961126611}]
Set[{A021,A031,A032,A041,A042,A043,A121,A131,A132,A141,A142,A143,B021,B031,B032,B041,B042,B043,B121,B131,B132,B141,B142,B143,\[Alpha]1,\[Alpha]2,\[Alpha]3,\[Alpha]4,\[Beta]11,\[Beta]12,\[Beta]13,\[Beta]14,\[Beta]21,\[Beta]22,\[Beta]23,\[Beta]24,\[Beta]31,\[Beta]32,\[Beta]33,\[Beta]34,\[Beta]41,\[Beta]42,\[Beta]43,\[Beta]44},{0.6340525644708894,0.8891734183820832,0.11082644306629345,-0.7573125262015038,-0.3514360272715202,2.1087193492870373,0.9999986360071377,0.7474443028813957,0.24386944829182666,0.41875215031381663,0.6434059477725539,-0.06557391580644341,1.1644849450686292,1.6842141487843498,-0.22350354020045007,0.7476502933671608,2.0674834167514407,0.18298633528903283,0.9989833477827491,-0.37191845645310656,3.0240345739490277,2.4481286835674827,-1.9367953414370398,3.346569227340416,0.23437640599454915,0.726148795396919,-0.023276692267843627,0.06286741499760955,0.01832258244312539,2.336459250602458,-2.3986775788158026,1.0440934291738175,-0.01964784100106051,-1.3323503682965607,2.3936767150373073,-1.0418548793243394,0.9834434893555613,-2.342965695955931,2.407059411455324,-1.0476598099902803,0.006607694614374716,0.40997397656957013,-0.9924325752992509,0.5759361961126611}]

Max g: 0.005270431106704665
f_31([0.634131,0.890442,0.109479,-0.757886,-0.35219,2.10999,1.0,0.750743,0.243979,0.418506,0.644669,-0.0651321,1.1649,1.68477,-0.220442,0.747795,2.06759,0.179863,0.999144,-0.378871,3.03478,2.44499,-1.93483,3.35718,0.234562,0.725378,-0.0229341,0.0629596,0.011368,2.34691,-2.40058,1.04239,-0.0126542,-1.34311,2.39597,-1.04034,0.990294,-2.35299,2.4084,-1.04571,0.00384466,0.413586,-0.990725,0.573384])
11.46229417922103
Max g: 0.0033218177961464868
f_32([0.63408,0.890163,0.109837,-0.75773,-0.352141,2.10986,1.0,0.754443,0.243735,0.418207,0.646109,-0.0650142,1.16487,1.68487,-0.220416,0.748217,2.06758,0.17969,0.999293,-0.385529,3.04566,2.44278,-1.93274,3.36749,0.234575,0.725458,-0.0228914,0.0629194,0.00402484,2.35792,-2.40264,1.0407,-0.00520581,-1.35461,2.39871,-1.03896,0.997222,-2.36319,2.40944,-1.04358,0.000748133,0.417349,-0.988743,0.570641])
11.469073180457677
Max g: 0.0014887996714511575
f_33([0.633895,0.889654,0.110151,-0.757476,-0.352361,2.10981,0.999978,0.756688,0.243312,0.417777,0.646618,-0.0652317,1.16485,1.68507,-0.206553,0.748194,2.06761,0.179758,0.999422,-0.390477,3.05349,2.44066,-1.93136,3.37554,0.234628,0.725093,-0.0226809,0.0630458,-0.00116383,2.3658,-2.40404,1.03933,0.000237068,-1.36302,2.40081,-1.03791,1.00246,-2.37066,2.41029,-1.04198,-0.00135205,0.419794,-0.986901,0.568452])
11.492201537617998
Max g: 0.0014380090435115456
f_34([0.633863,0.889702,0.110297,-0.757505,-0.352328,2.10983,0.999138,0.756323,0.243661,0.418324,0.646785,-0.0651089,1.1649,1.6851,-0.206073,0.748276,2.06779,0.179742,0.999481,-0.389917,3.0534,2.44158,-1.93102,3.37487,0.234501,0.725117,-0.0226307,0.0630119,-0.00159599,2.3665,-2.40431,1.03947,0.000407914,-1.36384,2.40172,-1.03835,1.00256,-2.37017,2.40905,-1.04147,-0.00110213,0.419168,-0.986273,0.568185])
11.486718521911888
Max g: 0.0009324611888223977
f_35([0.63386,0.889674,0.110323,-0.757513,-0.352316,2.10983,0.998879,0.756081,0.24372,0.418353,0.646737,-0.065218,1.16493,1.68533,-0.206077,0.74828,2.06778,0.179757,0.999381,-0.389617,3.05322,2.44231,-1.93081,3.37413,0.234505,0.725101,-0.0226142,0.0630073,-0.00198552,2.36703,-2.40458,1.03959,0.000683137,-1.36437,2.40223,-1.03857,1.00275,-2.36986,2.40822,-1.04113,-0.000978819,0.418744,-0.985743,0.567958])
11.481634270984403
Max g: 0.0007056496867594575
f_36([0.633847,0.889682,0.110316,-0.757521,-0.352317,2.10984,0.998747,0.756013,0.243798,0.418389,0.646713,-0.065215,1.16494,1.68535,-0.206091,0.748274,2.06779,0.179765,0.999269,-0.389277,3.05302,2.44314,-1.93061,3.37332,0.234505,0.725109,-0.0226171,0.0630044,-0.00241402,2.36759,-2.40486,1.03971,0.00100192,-1.36496,2.40273,-1.03879,1.00293,-2.36954,2.40738,-1.04078,-0.000852786,0.418286,-0.985146,0.567703])
11.478842917534019
Max g: 0.0004939666123466857
f_37([0.633853,0.889685,0.110313,-0.757532,-0.352323,2.10985,0.998654,0.756016,0.243835,0.418412,0.646717,-0.0652082,1.16495,1.68534,-0.206098,0.748262,2.0678,0.179769,0.999204,-0.388937,3.05288,2.44392,-1.93039,3.37261,0.234504,0.72511,-0.0226174,0.0630009,-0.00277791,2.36807,-2.4051,1.03983,0.00131226,-1.3655,2.40316,-1.03899,1.0031,-2.36927,2.40665,-1.04049,-0.00075472,0.417889,-0.98461,0.56747])
11.476151255278292
Max g: 0.00033606013319653627
f_38([0.633862,0.889677,0.110321,-0.757527,-0.352324,2.10985,0.998615,0.756035,0.243849,0.418427,0.64672,-0.0652087,1.16496,1.68534,-0.2061,0.74826,2.06779,0.179771,0.99918,-0.388725,3.05281,2.44438,-1.93026,3.37223,0.234507,0.725115,-0.0226229,0.063001,-0.00298229,2.36833,-2.40523,1.0399,0.00149663,-1.36581,2.40339,-1.03909,1.00319,-2.36912,2.40625,-1.04033,-0.000710034,0.417688,-0.984325,0.567343])
11.474855269747756
Max g: 0.00024020395497625913
f_39([0.633861,0.889677,0.110323,-0.757526,-0.352322,2.10985,0.99861,0.756041,0.243851,0.418428,0.646723,-0.0652075,1.16495,1.68534,-0.206101,0.748261,2.06779,0.17977,0.99918,-0.388688,3.0528,2.44445,-1.93023,3.37217,0.234506,0.725114,-0.0226229,0.0630017,-0.00300889,2.36837,-2.40525,1.03991,0.00152648,-1.36586,2.40343,-1.03911,1.00321,-2.3691,2.4062,-1.04031,-0.000701815,0.417657,-0.984279,0.567322])
11.474855269747756
Max g: 0.000225229504033031
f_40([0.633861,0.889677,0.110323,-0.757526,-0.352322,2.10985,0.99861,0.756041,0.243851,0.418428,0.646723,-0.0652074,1.16495,1.68534,-0.206101,0.748261,2.06779,0.17977,0.99918,-0.388687,3.0528,2.44446,-1.93023,3.37217,0.234506,0.725114,-0.0226229,0.0630017,-0.00301012,2.36837,-2.40525,1.03991,0.00152759,-1.36586,2.40343,-1.03911,1.00321,-2.3691,2.40619,-1.04031,-0.000701605,0.417656,-0.984277,0.567322])
11.474855269747756
{0.6338612233452925,0.8896769224800196,0.11032277176084339,-0.7575255582080386,-0.35232200225866045,2.109847033668508,0.9986101008202505,0.7560409156687168,0.24385106578327964,0.4184283151859512,0.6467229129214673,-0.06520739864363162,1.1649544688438154,1.685335914738026,-0.2061005131395657,0.748261454957048,2.0677860632739224,0.17977029822931245,0.9991800479617597,-0.3886867818118338,3.0528017220794808,2.444455355986928,-1.9302317229432946,3.372168206421621,0.234505614668994,0.7251139822848064,-0.02262290287521784,0.06300168149466942,-0.0030101233293445997,2.3683700422782126,-2.4052516422528925,1.039906668603895,0.0015275877781411088,-1.3658596180529308,2.403426622269224,-1.0391078285964284,1.0032075888461862,-2.369101456202516,2.4061934379681404,-1.0403057703375824,-0.0007016052890866253,0.4176556248228238,-0.9842772369943831,0.5673215784218752}]
Set[{A021,A031,A032,A041,A042,A043,A121,A131,A132,A141,A142,A143,B021,B031,B032,B041,B042,B043,B121,B131,B132,B141,B142,B143,\[Alpha]1,\[Alpha]2,\[Alpha]3,\[Alpha]4,\[Beta]11,\[Beta]12,\[Beta]13,\[Beta]14,\[Beta]21,\[Beta]22,\[Beta]23,\[Beta]24,\[Beta]31,\[Beta]32,\[Beta]33,\[Beta]34,\[Beta]41,\[Beta]42,\[Beta]43,\[Beta]44},{0.6338612233452925,0.8896769224800196,0.11032277176084339,-0.7575255582080386,-0.35232200225866045,2.109847033668508,0.9986101008202505,0.7560409156687168,0.24385106578327964,0.4184283151859512,0.6467229129214673,-0.06520739864363162,1.1649544688438154,1.685335914738026,-0.2061005131395657,0.748261454957048,2.0677860632739224,0.17977029822931245,0.9991800479617597,-0.3886867818118338,3.0528017220794808,2.444455355986928,-1.9302317229432946,3.372168206421621,0.234505614668994,0.7251139822848064,-0.02262290287521784,0.06300168149466942,-0.0030101233293445997,2.3683700422782126,-2.4052516422528925,1.039906668603895,0.0015275877781411088,-1.3658596180529308,2.403426622269224,-1.0391078285964284,1.0032075888461862,-2.369101456202516,2.4061934379681404,-1.0403057703375824,-0.0007016052890866253,0.4176556248228238,-0.9842772369943831,0.5673215784218752}]

Max g: 0.00022472915076043876
f_41([0.633862,0.889682,0.110316,-0.757524,-0.352317,2.10984,0.998596,0.756056,0.243848,0.418422,0.646728,-0.0651994,1.16496,1.68538,-0.206105,0.748267,2.06778,0.179766,0.999177,-0.388605,3.05278,2.44462,-1.93017,3.37203,0.234507,0.725115,-0.022625,0.0630019,-0.0030916,2.36846,-2.40529,1.03993,0.00159761,-1.36597,2.4035,-1.03914,1.00324,-2.36905,2.40606,-1.04025,-0.000690223,0.417583,-0.984171,0.567274])
11.474556196163787
Max g: 0.00019281928482461907
f_42([0.633859,0.889679,0.11032,-0.757523,-0.352326,2.10985,0.99857,0.756104,0.243847,0.418419,0.646733,-0.0651785,1.16495,1.68539,-0.206105,0.748266,2.06778,0.179769,0.999178,-0.388369,3.05274,2.44508,-1.93001,3.37168,0.234508,0.725114,-0.022625,0.0630034,-0.00327474,2.3687,-2.40541,1.03998,0.00178341,-1.36626,2.40371,-1.03924,1.00333,-2.36893,2.4057,-1.04011,-0.000651965,0.417384,-0.983868,0.567135])
11.474257122579818
Max g: 0.0001009390545672062
f_43([0.633859,0.889672,0.110327,-0.757526,-0.352322,2.10985,0.998556,0.756131,0.243851,0.418419,0.646741,-0.0651684,1.16495,1.68539,-0.206102,0.748257,2.06778,0.179769,0.999192,-0.38819,3.05271,2.44539,-1.9299,3.37146,0.234509,0.725116,-0.0226269,0.0630039,-0.00339557,2.36886,-2.40549,1.04002,0.00191606,-1.36646,2.40384,-1.0393,1.00339,-2.36884,2.40546,-1.04001,-0.000624304,0.417245,-0.983658,0.567038])
11.474356813774474
Max g: 4.4160452463692934e-5
f_44([0.633859,0.889672,0.110328,-0.757526,-0.352322,2.10985,0.998555,0.756132,0.243852,0.418419,0.646741,-0.0651684,1.16495,1.68539,-0.206102,0.748257,2.06778,0.179769,0.999192,-0.388185,3.05271,2.4454,-1.9299,3.37145,0.234509,0.725116,-0.022627,0.0630039,-0.00339879,2.36886,-2.40549,1.04002,0.0019194,-1.36646,2.40384,-1.0393,1.00339,-2.36884,2.40546,-1.04001,-0.000623741,0.417241,-0.983652,0.567035])
11.474356813774474
Max g: 4.4340986057989085e-5
f_45([0.633862,0.889676,0.110324,-0.757523,-0.35233,2.10985,0.99854,0.756153,0.243847,0.418411,0.646752,-0.0651667,1.16495,1.68539,-0.206105,0.74826,2.06779,0.179774,0.999215,-0.388027,3.05269,2.44566,-1.92979,3.37128,0.234505,0.725115,-0.0226277,0.0630042,-0.00348492,2.36898,-2.40554,1.04005,0.00201913,-1.3666,2.40393,-1.03935,1.00343,-2.36879,2.4053,-1.03995,-0.000606008,0.417132,-0.983479,0.566954])
11.474356813774474
Max g: 3.278824598496044e-5
f_46([0.633863,0.889676,0.110324,-0.757523,-0.352329,2.10985,0.99854,0.756153,0.243847,0.418411,0.646752,-0.0651665,1.16495,1.68539,-0.206104,0.748259,2.06779,0.179774,0.999215,-0.388026,3.05269,2.44566,-1.92979,3.37128,0.234506,0.725116,-0.0226269,0.0630039,-0.00348496,2.36898,-2.40554,1.04005,0.00201934,-1.3666,2.40393,-1.03935,1.00343,-2.36879,2.4053,-1.03995,-0.00060606,0.417131,-0.983478,0.566953])
11.474356813774474
Max g: 3.39060970926397e-5
f_47([0.633861,0.889675,0.110325,-0.757524,-0.352329,2.10985,0.998542,0.756153,0.243847,0.418413,0.646752,-0.0651675,1.16495,1.68538,-0.206105,0.748259,2.06779,0.179774,0.999225,-0.388014,3.05269,2.44566,-1.92979,3.3713,0.234507,0.725116,-0.0226262,0.0630037,-0.00347505,2.36896,-2.40554,1.04005,0.00201269,-1.36658,2.40391,-1.03934,1.00343,-2.3688,2.40533,-1.03996,-0.000607543,0.417131,-0.983475,0.566951])
11.474356813774474
Max g: 3.0964222430984734e-5
f_48([0.633861,0.889675,0.110325,-0.757524,-0.352328,2.10985,0.998546,0.756152,0.243848,0.418414,0.646752,-0.0651683,1.16495,1.68538,-0.206104,0.748259,2.06779,0.179773,0.999241,-0.387996,3.0527,2.44567,-1.92978,3.37131,0.234507,0.725116,-0.0226264,0.0630035,-0.00345923,2.36894,-2.40552,1.04004,0.00200376,-1.36655,2.40387,-1.03933,1.00343,-2.36882,2.40538,-1.03998,-0.000608257,0.41713,-0.983469,0.566948])
11.474356813774474
Max g: 2.3305287772945604e-5
{0.6338607270998741,0.8896749206145326,0.11032498225726431,-0.7575239713301684,-0.35232840932339415,2.1098523670915723,0.9985461540498117,0.756152346238701,0.24384765376129805,0.41841398628252624,0.6467516345379478,-0.06516826043846954,1.1649495665989882,1.685384386190681,-0.206104226614573,0.748258234351828,2.0677885148964052,0.1797739097476583,0.9992422292884108,-0.3879936610230477,3.052700224121707,2.445665587855059,-1.9297770036424582,3.371316337681991,0.23450700173575803,0.7251161371767907,-0.022626438090410258,0.0630034488389938,-0.003457609946269458,2.368933675771653,-2.405521435882279,1.040044285073675,0.0020030388250779564,-1.3665455260711505,2.4038709057361594,-1.0393272531721618,1.003429522714957,-2.3688271251448487,2.40538382169493,-1.039985944209544,-0.0006084156706609655,0.4171295331938311,-0.9834686168948693,0.5669474192316035}]
Set[{A021,A031,A032,A041,A042,A043,A121,A131,A132,A141,A142,A143,B021,B031,B032,B041,B042,B043,B121,B131,B132,B141,B142,B143,\[Alpha]1,\[Alpha]2,\[Alpha]3,\[Alpha]4,\[Beta]11,\[Beta]12,\[Beta]13,\[Beta]14,\[Beta]21,\[Beta]22,\[Beta]23,\[Beta]24,\[Beta]31,\[Beta]32,\[Beta]33,\[Beta]34,\[Beta]41,\[Beta]42,\[Beta]43,\[Beta]44},{0.6338607270998741,0.8896749206145326,0.11032498225726431,-0.7575239713301684,-0.35232840932339415,2.1098523670915723,0.9985461540498117,0.756152346238701,0.24384765376129805,0.41841398628252624,0.6467516345379478,-0.06516826043846954,1.1649495665989882,1.685384386190681,-0.206104226614573,0.748258234351828,2.0677885148964052,0.1797739097476583,0.9992422292884108,-0.3879936610230477,3.052700224121707,2.445665587855059,-1.9297770036424582,3.371316337681991,0.23450700173575803,0.7251161371767907,-0.022626438090410258,0.0630034488389938,-0.003457609946269458,2.368933675771653,-2.405521435882279,1.040044285073675,0.0020030388250779564,-1.3665455260711505,2.4038709057361594,-1.0393272531721618,1.003429522714957,-2.3688271251448487,2.40538382169493,-1.039985944209544,-0.0006084156706609655,0.4171295331938311,-0.9834686168948693,0.5669474192316035}]


-----------------Final Result------------------
Options: alg=LN_AUGLAG_EQ,dx=0.01,max_eval=100000000,popSize=0
imin=-6,jmin=-3,imax=1,jmax=3,
parameter_minmax=5,
randSeed=96478333,rand_minmax=3,
END_C=true, INEQ_C=false

4850838 steps

Completed with maxf : 11.474356813774474

Constraints at 2.2567471607448653e-5

x = [0.6338607270998741,0.8896749206145326,0.11032498225726431,-0.7575239713301684,-0.35232840932339415,2.1098523670915723,0.9985461540498117,0.756152346238701,0.24384765376129805,0.41841398628252624,0.6467516345379478,-0.06516826043846954,1.1649495665989882,1.685384386190681,-0.206104226614573,0.748258234351828,2.0677885148964052,0.1797739097476583,0.9992422292884108,-0.3879936610230477,3.052700224121707,2.445665587855059,-1.9297770036424582,3.371316337681991,0.23450700173575803,0.7251161371767907,-0.022626438090410258,0.0630034488389938,-0.003457609946269458,2.368933675771653,-2.405521435882279,1.040044285073675,0.0020030388250779564,-1.3665455260711505,2.4038709057361594,-1.0393272531721618,1.003429522714957,-2.3688271251448487,2.40538382169493,-1.039985944209544,-0.0006084156706609655,0.4171295331938311,-0.9834686168948693,0.5669474192316035]
c0 = [0.0,0.6338607270998741,0.9999999028717969,0.9999999864380099]
c1 = [0.0,0.9985461540498117,0.999999999999999,0.9999973603820045]
A0 = [0.0,0.6338607270998741,0.8896749206145326,-0.7575239713301684,0.0,0.0,0.11032498225726431,-0.35232840932339415,0.0,0.0,0.0,2.1098523670915723,0.0,0.0,0.0,0.0]
A1 = [0.0,0.9985461540498117,0.756152346238701,0.41841398628252624,0.0,0.0,0.24384765376129805,0.6467516345379478,0.0,0.0,0.0,-0.06516826043846954,0.0,0.0,0.0,0.0]
B0 = [0.0,1.1649495665989882,1.685384386190681,0.748258234351828,0.0,0.0,-0.206104226614573,2.0677885148964052,0.0,0.0,0.0,0.1797739097476583,0.0,0.0,0.0,0.0]
B1 = [0.0,0.9992422292884108,-0.3879936610230477,2.445665587855059,0.0,0.0,3.052700224121707,-1.9297770036424582,0.0,0.0,0.0,3.371316337681991,0.0,0.0,0.0,0.0]
α  = [0.23450700173575803,0.7251161371767907,-0.022626438090410258,0.0630034488389938]
β1 = [-0.003457609946269458,2.368933675771653,-2.405521435882279,1.040044285073675]
β2 = [0.0020030388250779564,-1.3665455260711505,2.4038709057361594,-1.0393272531721618]
β3 = [1.003429522714957,-2.3688271251448487,2.40538382169493,-1.039985944209544]
β4 = [-0.0006084156706609655,0.4171295331938311,-0.9834686168948693,0.5669474192316035]


Set[{A021,A031,A032,A041,A042,A043,A121,A131,A132,A141,A142,A143,B021,B031,B032,B041,B042,B043,B121,B131,B132,B141,B142,B143,\[Alpha]1,\[Alpha]2,\[Alpha]3,\[Alpha]4,\[Beta]11,\[Beta]12,\[Beta]13,\[Beta]14,\[Beta]21,\[Beta]22,\[Beta]23,\[Beta]24,\[Beta]31,\[Beta]32,\[Beta]33,\[Beta]34,\[Beta]41,\[Beta]42,\[Beta]43,\[Beta]44},{0.6338607270998741,0.8896749206145326,0.11032498225726431,-0.7575239713301684,-0.35232840932339415,2.1098523670915723,0.9985461540498117,0.756152346238701,0.24384765376129805,0.41841398628252624,0.6467516345379478,-0.06516826043846954,1.1649495665989882,1.685384386190681,-0.206104226614573,0.748258234351828,2.0677885148964052,0.1797739097476583,0.9992422292884108,-0.3879936610230477,3.052700224121707,2.445665587855059,-1.9297770036424582,3.371316337681991,0.23450700173575803,0.7251161371767907,-0.022626438090410258,0.0630034488389938,-0.003457609946269458,2.368933675771653,-2.405521435882279,1.040044285073675,0.0020030388250779564,-1.3665455260711505,2.4038709057361594,-1.0393272531721618,1.003429522714957,-2.3688271251448487,2.40538382169493,-1.039985944209544,-0.0006084156706609655,0.4171295331938311,-0.9834686168948693,0.5669474192316035}]



