
-----------------Setup------------------
Options: alg=LN_AUGLAG_EQ,dx=0.01,max_eval=100000000,popSize=0
imin=-12,jmin=-1,imax=1,jmax=1,
parameter_minmax=5,
randSeed=46218216, rand_minmax=1

Initial Condition:

[-0.330929,-0.390115,-0.445273,-0.894175,0.205444,0.34089,0.606078,-0.577921,-0.557941,-0.0861849,0.657025,-0.268805,0.0922313,-0.995493,0.0177187,-0.00694753,-0.147066,0.897172,-0.0452898,0.583195,-0.698151,0.871036,0.294492,-0.36103,0.95797,0.0605924,-0.726647,0.997333,0.963428,0.988287,-0.933219,-0.768733,0.526932,-0.329454,0.805478,-0.873038,0.0863851,-0.0638468,-0.0115536,-0.692187,0.169228,-0.143797,0.775775,0.211196]

f_1([0.000110839,0.183499,-0.0920767,-1.06507,0.747509,1.30713,1.00004,1.47206,-0.472061,-0.0501421,0.1981,-0.142199,0.143281,-0.420785,0.195784,0.312075,-0.164547,1.51741,-1.17651,-0.436402,-2.31082,-0.877487,-0.719409,-0.123275,1.09032,-0.173905,-0.469387,0.55139,1.13976,0.513584,0.483225,-1.13039,0.977413,-0.433198,0.478152,-1.03141,-0.120846,-0.516614,-0.476352,1.11539,0.531579,-0.593601,0.579027,-0.51786])
7.938967728612893
Max g: 0.07768068756428992
f_2([7.74235e-6,0.190712,-0.10232,-1.06712,0.737122,1.29659,1.0,1.44711,-0.447187,-0.0287213,0.152331,-0.123213,0.123366,-0.409537,0.214693,0.314093,-0.174068,1.50519,-0.992488,0.00149083,-2.38794,-0.634937,-0.607032,-0.169495,1.09485,-0.167132,-0.489784,0.562038,1.21294,0.48467,0.516266,-1.2138,1.22097,-0.517765,0.516315,-1.21871,-0.214081,-0.484699,-0.516907,1.2155,0.720275,-0.727701,0.729362,-0.721725])
7.747771519038168
Max g: 0.0025215839054784084
f_3([5.17688e-5,0.191586,-0.102775,-1.06794,0.735768,1.29578,0.991297,1.44134,-0.446811,-0.031591,0.136298,-0.104645,0.0485558,-0.396502,0.226975,0.311342,-0.175867,1.50283,-0.995205,-0.0102424,-2.38562,-0.642615,-0.609343,-0.167855,1.0944,-0.166261,-0.492416,0.564288,1.20799,0.49089,0.516229,-1.2151,1.21194,-0.515707,0.514032,-1.21026,-0.208256,-0.490877,-0.51641,1.21555,0.714957,-0.72627,0.724016,-0.712688])
6.847170756517183
Max g: 0.00014059206655625545
f_4([0.000139976,0.192163,-0.103046,-1.06886,0.734849,1.29511,0.990952,1.44146,-0.445354,-0.0347406,0.129645,-0.0937977,0.0192936,-0.390578,0.232851,0.310207,-0.177085,1.50143,-0.995508,-0.0113777,-2.38578,-0.643548,-0.609746,-0.167719,1.09419,-0.166367,-0.493865,0.566058,1.20751,0.491473,0.516304,-1.21526,1.21108,-0.515313,0.513979,-1.20975,-0.207571,-0.491466,-0.516343,1.21535,0.71431,-0.726216,0.723267,-0.711364])
6.395776689190481
Max g: 3.030957247254773e-5
f_5([9.9121e-5,0.192423,-0.102674,-1.06903,0.734509,1.29461,0.99096,1.44201,-0.444686,-0.0372892,0.126449,-0.0872274,-0.000147437,-0.3868,0.236646,0.309534,-0.177893,1.50085,-0.995573,-0.0117536,-2.38582,-0.643871,-0.609985,-0.167664,1.09405,-0.16646,-0.494618,0.567034,1.20723,0.491736,0.516427,-1.2154,1.21078,-0.515031,0.514092,-1.20984,-0.207246,-0.491744,-0.516431,1.21542,0.714093,-0.726309,0.723038,-0.710816])
6.1590433688590105
Max g: 4.401151865374153e-5
f_6([2.11758e-20,0.192529,-0.102458,-1.06919,0.734348,1.29441,0.991,1.44228,-0.4442,-0.0387552,0.125099,-0.0838509,-0.0155275,-0.384585,0.239196,0.309091,-0.178261,1.50055,-0.995595,-0.011897,-2.38586,-0.644041,-0.610148,-0.167632,1.09393,-0.166429,-0.495022,0.567487,1.20706,0.491875,0.516531,-1.21551,1.21062,-0.514751,0.514217,-1.21008,-0.207104,-0.491903,-0.516523,1.2155,0.713952,-0.726339,0.722958,-0.710583])
6.01915097839014
Max g: 0.0003414263569299081
f_7([5.14992e-5,0.192579,-0.102446,-1.06941,0.734154,1.29418,0.99105,1.44335,-0.443756,-0.0413008,0.124017,-0.0791049,-0.0327094,-0.380979,0.242576,0.308799,-0.178666,1.50017,-0.995529,-0.0121879,-2.38565,-0.644244,-0.610412,-0.167626,1.09378,-0.166452,-0.495325,0.567993,1.2069,0.492123,0.516885,-1.2159,1.21046,-0.514586,0.514563,-1.21043,-0.206856,-0.492127,-0.516865,1.21584,0.713948,-0.726653,0.723004,-0.710301])
5.871006229421685
Max g: 2.4288682076323287e-5
f_8([2.9463e-5,0.19272,-0.102235,-1.06947,0.734067,1.29417,0.99103,1.4437,-0.443704,-0.0429178,0.123511,-0.0765097,-0.0463382,-0.378736,0.244848,0.308479,-0.178724,1.49999,-0.995544,-0.0123207,-2.38565,-0.644467,-0.610494,-0.167674,1.09367,-0.166604,-0.495275,0.56821,1.20671,0.492301,0.517073,-1.21608,1.21026,-0.514411,0.514759,-1.21062,-0.206683,-0.492314,-0.517064,1.21607,0.713797,-0.726645,0.723016,-0.710186])
5.774960707607237
Max g: 0.0008557036459818851
f_9([1.07681e-5,0.192646,-0.10218,-1.06945,0.734065,1.29418,0.991083,1.44362,-0.443664,-0.0425493,0.12357,-0.0770426,-0.0425741,-0.379232,0.24433,0.308479,-0.178693,1.5,-0.995531,-0.0122468,-2.38566,-0.644373,-0.610458,-0.167649,1.09368,-0.166582,-0.495324,0.568225,1.20676,0.49226,0.516992,-1.21602,1.21033,-0.51443,0.514681,-1.21058,-0.206765,-0.492257,-0.516993,1.21601,0.713898,-0.72665,0.723029,-0.710277])
5.799518931093954
Max g: 0.0005873592899567452
f_10([7.44367e-7,0.192619,-0.102202,-1.06945,0.734066,1.2942,0.991082,1.44356,-0.44367,-0.0423749,0.123604,-0.077315,-0.0412677,-0.379432,0.244112,0.308491,-0.178656,1.50002,-0.995528,-0.012234,-2.38565,-0.644346,-0.610448,-0.167642,1.0937,-0.166576,-0.495315,0.568193,1.20678,0.492241,0.51697,-1.21599,1.21035,-0.514449,0.514657,-1.21055,-0.206781,-0.492238,-0.51697,1.216,0.713916,-0.726649,0.72303,-0.710291])
5.808666123647711
{7.443674848523702e-7,0.1926190966011639,-0.10220162288413348,-1.069445611030501,0.7340659564556877,1.2941951598209274,0.9910822847489485,1.4435572401599577,-0.44367016398438475,-0.04237492116803608,0.12360352121141065,-0.07731504050163523,-0.041267713387967704,-0.3794321989202739,0.24411205658198123,0.3084906986230404,-0.17865576888633813,1.5000225258578646,-0.9955280793807362,-0.012234000507884464,-2.385650947560641,-0.6443461363369846,-0.6104476621203729,-0.16764165487309207,1.0936971604582773,-0.166576054435651,-0.4953154070516336,0.568192679812222,1.2067815634275423,0.4922406946130586,0.5169703832593097,-1.215993140186506,1.2103461343951634,-0.5144493573301944,0.5146574524839084,-1.210554846266406,-0.20678062420594637,-0.49223820267467777,-0.5169704114403267,1.2159960195249226,0.7139158096846557,-0.7266494910654615,0.7230295234154918,-0.7102910154319725}]
Set[{A021,A031,A032,A041,A042,A043,A121,A131,A132,A141,A142,A143,B021,B031,B032,B041,B042,B043,B121,B131,B132,B141,B142,B143,\[Alpha]1,\[Alpha]2,\[Alpha]3,\[Alpha]4,\[Beta]11,\[Beta]12,\[Beta]13,\[Beta]14,\[Beta]21,\[Beta]22,\[Beta]23,\[Beta]24,\[Beta]31,\[Beta]32,\[Beta]33,\[Beta]34,\[Beta]41,\[Beta]42,\[Beta]43,\[Beta]44},{7.443674848523702e-7,0.1926190966011639,-0.10220162288413348,-1.069445611030501,0.7340659564556877,1.2941951598209274,0.9910822847489485,1.4435572401599577,-0.44367016398438475,-0.04237492116803608,0.12360352121141065,-0.07731504050163523,-0.041267713387967704,-0.3794321989202739,0.24411205658198123,0.3084906986230404,-0.17865576888633813,1.5000225258578646,-0.9955280793807362,-0.012234000507884464,-2.385650947560641,-0.6443461363369846,-0.6104476621203729,-0.16764165487309207,1.0936971604582773,-0.166576054435651,-0.4953154070516336,0.568192679812222,1.2067815634275423,0.4922406946130586,0.5169703832593097,-1.215993140186506,1.2103461343951634,-0.5144493573301944,0.5146574524839084,-1.210554846266406,-0.20678062420594637,-0.49223820267467777,-0.5169704114403267,1.2159960195249226,0.7139158096846557,-0.7266494910654615,0.7230295234154918,-0.7102910154319725}]

Max g: 0.0004909813280252625
f_11([2.20698e-5,0.192607,-0.102224,-1.06942,0.734087,1.29422,0.991078,1.4434,-0.443679,-0.0420541,0.123689,-0.077867,-0.0392395,-0.379852,0.243703,0.308525,-0.178607,1.50008,-0.995533,-0.0122232,-2.38563,-0.644293,-0.610421,-0.167624,1.09372,-0.166562,-0.495276,0.568121,1.20683,0.492201,0.516914,-1.21595,1.21039,-0.514491,0.514603,-1.21051,-0.206832,-0.4922,-0.516914,1.21595,0.71393,-0.726633,0.723024,-0.710321])
5.823878302568633
Max g: 0.0003350159578252975
f_12([2.54346e-5,0.192602,-0.102244,-1.06941,0.73411,1.29424,0.991074,1.44332,-0.443688,-0.0418429,0.123743,-0.0782187,-0.0379607,-0.380091,0.243468,0.308559,-0.178581,1.50011,-0.99553,-0.0122079,-2.38562,-0.644256,-0.610402,-0.167614,1.09372,-0.166548,-0.495255,0.568079,1.20686,0.492177,0.516884,-1.21592,1.21043,-0.514519,0.514572,-1.21048,-0.206862,-0.492176,-0.516883,1.21592,0.713951,-0.726632,0.723026,-0.710345])
5.834019755182581
Max g: 0.00023725017601585819
f_13([2.20053e-5,0.192593,-0.102255,-1.06939,0.734118,1.29425,0.991071,1.44327,-0.443693,-0.0417012,0.12378,-0.078453,-0.0371225,-0.380248,0.243308,0.308574,-0.178555,1.50013,-0.995529,-0.0121908,-2.38562,-0.644235,-0.610388,-0.167609,1.09373,-0.16654,-0.495235,0.568048,1.20688,0.492163,0.516859,-1.2159,1.21045,-0.514534,0.514548,-1.21046,-0.20688,-0.492162,-0.51686,1.2159,0.71396,-0.726628,0.72302,-0.710353])
5.840880149597899
Max g: 0.00017290269369014434
f_14([2.20063e-5,0.192593,-0.102255,-1.06939,0.734118,1.29425,0.991071,1.44327,-0.443693,-0.0417012,0.12378,-0.078453,-0.0371223,-0.380248,0.243308,0.308574,-0.178555,1.50013,-0.995529,-0.0121908,-2.38562,-0.644235,-0.610388,-0.167609,1.09373,-0.16654,-0.495235,0.568048,1.20688,0.492163,0.516859,-1.2159,1.21045,-0.514534,0.514548,-1.21046,-0.20688,-0.492162,-0.51686,1.2159,0.71396,-0.726628,0.72302,-0.710353])
5.840780723591879
Max g: 0.00017288875612830532
f_15([1.89192e-5,0.192595,-0.102259,-1.06938,0.734117,1.29426,0.991072,1.44323,-0.443696,-0.0415402,0.123827,-0.0787162,-0.0357294,-0.380496,0.243081,0.308584,-0.178541,1.50016,-0.995525,-0.012171,-2.38562,-0.644207,-0.610373,-0.167603,1.09373,-0.16654,-0.49522,0.568028,1.2069,0.492143,0.516835,-1.21588,1.21047,-0.514553,0.51452,-1.21044,-0.206902,-0.492143,-0.516834,1.21588,0.713978,-0.72663,0.723018,-0.710365])
5.851220454223885
Max g: 7.012772943891608e-5
f_16([3.90868e-6,0.192585,-0.102267,-1.06937,0.734133,1.29428,0.991066,1.44316,-0.4437,-0.0413447,0.12388,-0.0790388,-0.034569,-0.380707,0.242864,0.308616,-0.178516,1.50018,-0.995523,-0.0121481,-2.38564,-0.644185,-0.610347,-0.167599,1.09373,-0.166521,-0.495202,0.567991,1.20693,0.492126,0.516802,-1.21585,1.21049,-0.514574,0.514487,-1.21041,-0.206922,-0.492127,-0.5168,1.21585,0.71399,-0.726624,0.723007,-0.710373])
5.860864776807737
Max g: 1.594272055788215e-6
f_17([6.88434e-7,0.192577,-0.102269,-1.06935,0.734149,1.29428,0.991069,1.44312,-0.443711,-0.0412477,0.123917,-0.0792185,-0.0339382,-0.380827,0.24274,0.308636,-0.1785,1.50019,-0.995523,-0.0121368,-2.38564,-0.644171,-0.610332,-0.167598,1.09374,-0.166515,-0.495185,0.567965,1.20694,0.492112,0.516784,-1.21584,1.21051,-0.514586,0.51447,-1.21039,-0.206938,-0.492112,-0.516783,1.21583,0.713997,-0.726617,0.723006,-0.710386])
5.865935503114711
Max g: 6.931194727610723e-7
f_18([3.06911e-7,0.192576,-0.102269,-1.06935,0.73415,1.29428,0.99107,1.44312,-0.443712,-0.0412359,0.12392,-0.0792377,-0.0338727,-0.38084,0.242728,0.308638,-0.178499,1.50019,-0.995524,-0.0121372,-2.38564,-0.644169,-0.610331,-0.167597,1.09374,-0.166516,-0.495183,0.567962,1.20694,0.49211,0.516782,-1.21583,1.21051,-0.514587,0.514468,-1.21039,-0.206937,-0.492112,-0.516781,1.21583,0.713998,-0.726617,0.723006,-0.710387])
5.866631485156844
Max g: 1.5205885986191436e-6
f_19([8.16756e-7,0.192573,-0.102274,-1.06936,0.734153,1.29428,0.99107,1.44312,-0.443713,-0.0412444,0.123921,-0.0792266,-0.0340951,-0.380803,0.242755,0.30864,-0.178499,1.50019,-0.995524,-0.0121392,-2.38563,-0.64417,-0.610332,-0.167597,1.09374,-0.166513,-0.495183,0.567959,1.20694,0.492111,0.516783,-1.21583,1.21051,-0.514586,0.51447,-1.21039,-0.206939,-0.492111,-0.516783,1.21583,0.713997,-0.726617,0.723006,-0.710386])
5.865736651102673
Max g: 3.7068762770431363e-7
f_20([8.61389e-7,0.192573,-0.10227,-1.06936,0.734151,1.29428,0.99107,1.44313,-0.443713,-0.0412774,0.12391,-0.079173,-0.0343438,-0.380762,0.242797,0.308639,-0.178504,1.50019,-0.995525,-0.0121426,-2.38563,-0.644175,-0.610335,-0.167598,1.09374,-0.166512,-0.495187,0.567962,1.20694,0.492115,0.516787,-1.21584,1.2105,-0.514582,0.514474,-1.2104,-0.206936,-0.492115,-0.516786,1.21584,0.713994,-0.726617,0.723006,-0.710383])
5.86384755698831
{8.613891686729758e-7,0.19257305976858188,-0.10227006204669695,-1.0693568928589685,0.7341514630104109,1.2942788870639774,0.9910701552516719,1.4431328195443285,-0.4437134836364764,-0.04127737721415823,0.12391044946613486,-0.07917295100895134,-0.03434377650311765,-0.380761524058581,0.24279742093996848,0.30863870895145634,-0.17850362371933057,1.5001912639675112,-0.9955245569593995,-0.012142593362191858,-2.385633458609207,-0.6441746766163162,-0.6103350385494284,-0.167597806487142,1.0937371265991847,-0.16651230765645508,-0.49518656800381533,0.5679617547699647,1.2069357391714186,0.4921148103619901,0.5167865283387931,-1.2158369605510313,1.2105048827025184,-0.5145824321415684,0.5144738636625418,-1.2103963096189827,-0.20693557023129036,-0.49211501493913273,-0.5167864643030186,1.2158368801978456,0.7139941140807143,-0.7266165505651022,0.7230058205539538,-0.7103833061072017}]
Set[{A021,A031,A032,A041,A042,A043,A121,A131,A132,A141,A142,A143,B021,B031,B032,B041,B042,B043,B121,B131,B132,B141,B142,B143,\[Alpha]1,\[Alpha]2,\[Alpha]3,\[Alpha]4,\[Beta]11,\[Beta]12,\[Beta]13,\[Beta]14,\[Beta]21,\[Beta]22,\[Beta]23,\[Beta]24,\[Beta]31,\[Beta]32,\[Beta]33,\[Beta]34,\[Beta]41,\[Beta]42,\[Beta]43,\[Beta]44},{8.613891686729758e-7,0.19257305976858188,-0.10227006204669695,-1.0693568928589685,0.7341514630104109,1.2942788870639774,0.9910701552516719,1.4431328195443285,-0.4437134836364764,-0.04127737721415823,0.12391044946613486,-0.07917295100895134,-0.03434377650311765,-0.380761524058581,0.24279742093996848,0.30863870895145634,-0.17850362371933057,1.5001912639675112,-0.9955245569593995,-0.012142593362191858,-2.385633458609207,-0.6441746766163162,-0.6103350385494284,-0.167597806487142,1.0937371265991847,-0.16651230765645508,-0.49518656800381533,0.5679617547699647,1.2069357391714186,0.4921148103619901,0.5167865283387931,-1.2158369605510313,1.2105048827025184,-0.5145824321415684,0.5144738636625418,-1.2103963096189827,-0.20693557023129036,-0.49211501493913273,-0.5167864643030186,1.2158368801978456,0.7139941140807143,-0.7266165505651022,0.7230058205539538,-0.7103833061072017}]

Max g: 1.819940540492837e-7
f_21([9.11351e-7,0.192575,-0.10227,-1.06936,0.73415,1.29428,0.991071,1.44314,-0.443713,-0.0413009,0.123903,-0.0791325,-0.0344924,-0.380734,0.242825,0.308635,-0.178506,1.50019,-0.995525,-0.0121453,-2.38563,-0.644179,-0.610338,-0.167599,1.09374,-0.166513,-0.49519,0.567967,1.20693,0.492117,0.516791,-1.21584,1.2105,-0.51458,0.514478,-1.2104,-0.206932,-0.492117,-0.516791,1.21584,0.713992,-0.726617,0.723007,-0.710382])
5.862455592904043
Max g: 2.0628947572376433e-7
f_22([1.46925e-6,0.192575,-0.102269,-1.06936,0.734147,1.29427,0.991071,1.44315,-0.443711,-0.0413205,0.123896,-0.0790983,-0.0346138,-0.380711,0.242848,0.308633,-0.178511,1.50019,-0.995525,-0.0121476,-2.38563,-0.644181,-0.61034,-0.167599,1.09374,-0.166514,-0.495193,0.567971,1.20693,0.492119,0.516794,-1.21584,1.2105,-0.514577,0.514481,-1.2104,-0.20693,-0.492119,-0.516793,1.21584,0.71399,-0.726617,0.723007,-0.710379])
5.861361906837833
Max g: 1.3088085015766637e-7
f_23([1.09799e-6,0.192576,-0.102267,-1.06936,0.734147,1.29427,0.991072,1.44315,-0.443711,-0.0413329,0.123892,-0.0790761,-0.0346925,-0.380696,0.242862,0.308631,-0.178513,1.50018,-0.995526,-0.012149,-2.38563,-0.644183,-0.610343,-0.167599,1.09374,-0.166515,-0.495194,0.567974,1.20693,0.492121,0.516796,-1.21584,1.2105,-0.514575,0.514483,-1.2104,-0.206928,-0.492121,-0.516795,1.21584,0.713989,-0.726617,0.723007,-0.710379])
5.860467072783661
Max g: 1.0611612666355796e-7
f_24([1.22977e-6,0.192577,-0.102267,-1.06936,0.734146,1.29427,0.991072,1.44316,-0.443711,-0.0413425,0.123888,-0.0790595,-0.0347522,-0.380685,0.242873,0.30863,-0.178515,1.50018,-0.995526,-0.0121501,-2.38563,-0.644184,-0.610344,-0.167599,1.09374,-0.166516,-0.495196,0.567976,1.20693,0.492122,0.516797,-1.21585,1.21049,-0.514574,0.514485,-1.21041,-0.206926,-0.492122,-0.516797,1.21585,0.713988,-0.726617,0.723007,-0.710378])
5.859969942753565
Max g: 1.1476722017178531e-7
f_25([1.15105e-6,0.192576,-0.102267,-1.06936,0.734145,1.29427,0.991072,1.44316,-0.44371,-0.0413564,0.123885,-0.0790366,-0.0348347,-0.38067,0.24289,0.308628,-0.178517,1.50018,-0.995526,-0.0121515,-2.38563,-0.644187,-0.610345,-0.1676,1.09374,-0.166516,-0.495198,0.567979,1.20692,0.492123,0.516799,-1.21585,1.21049,-0.514572,0.514487,-1.21041,-0.206925,-0.492123,-0.516799,1.21585,0.713987,-0.726617,0.723007,-0.710376])
5.859273960711431
Max g: 8.778080107241237e-8
f_26([1.76165e-6,0.192576,-0.102267,-1.06936,0.734145,1.29427,0.991072,1.44316,-0.44371,-0.0413603,0.123884,-0.0790302,-0.0348647,-0.380664,0.242895,0.308628,-0.178518,1.50018,-0.995526,-0.0121518,-2.38563,-0.644187,-0.610345,-0.1676,1.09373,-0.166516,-0.495198,0.56798,1.20692,0.492124,0.5168,-1.21585,1.21049,-0.514572,0.514488,-1.21041,-0.206924,-0.492124,-0.5168,1.21585,0.713986,-0.726617,0.723007,-0.710376])
5.859174534705413
Max g: 1.365314182750696e-6
f_27([1.74834e-6,0.192576,-0.102267,-1.06936,0.734145,1.29427,0.991072,1.44316,-0.44371,-0.0413596,0.123884,-0.0790315,-0.0348601,-0.380665,0.242894,0.308628,-0.178517,1.50018,-0.995526,-0.0121518,-2.38563,-0.644187,-0.610345,-0.1676,1.09373,-0.166516,-0.495198,0.56798,1.20692,0.492124,0.5168,-1.21585,1.21049,-0.514572,0.514487,-1.21041,-0.206924,-0.492124,-0.5168,1.21585,0.713987,-0.726617,0.723007,-0.710376])
5.859174534705413
Max g: 1.0073116948278518e-6
f_28([1.75233e-6,0.192576,-0.102267,-1.06936,0.734145,1.29427,0.991072,1.44316,-0.44371,-0.041359,0.123884,-0.0790326,-0.0348561,-0.380666,0.242894,0.308628,-0.178517,1.50018,-0.995526,-0.0121517,-2.38563,-0.644187,-0.610345,-0.1676,1.09373,-0.166516,-0.495198,0.567979,1.20692,0.492123,0.516799,-1.21585,1.21049,-0.514572,0.514487,-1.21041,-0.206924,-0.492123,-0.516799,1.21585,0.713987,-0.726617,0.723007,-0.710376])
5.859174534705413
Max g: 7.046626786300948e-7
f_29([1.73978e-6,0.192576,-0.102267,-1.06936,0.734145,1.29427,0.991072,1.44316,-0.44371,-0.0413585,0.123884,-0.0790333,-0.0348535,-0.380667,0.242893,0.308628,-0.178517,1.50018,-0.995526,-0.0121517,-2.38563,-0.644187,-0.610345,-0.1676,1.09373,-0.166516,-0.495198,0.567979,1.20692,0.492123,0.516799,-1.21585,1.21049,-0.514572,0.514487,-1.21041,-0.206924,-0.492123,-0.516799,1.21585,0.713987,-0.726617,0.723007,-0.710376])
5.859273960711431
Max g: 5.059211605432795e-7
f_30([1.73793e-6,0.192576,-0.102267,-1.06936,0.734145,1.29427,0.991072,1.44316,-0.44371,-0.0413583,0.123885,-0.0790338,-0.0348517,-0.380667,0.242893,0.308628,-0.178517,1.50018,-0.995526,-0.0121517,-2.38563,-0.644187,-0.610345,-0.1676,1.09373,-0.166516,-0.495198,0.567979,1.20692,0.492123,0.516799,-1.21585,1.21049,-0.514572,0.514487,-1.21041,-0.206924,-0.492123,-0.516799,1.21585,0.713987,-0.726617,0.723007,-0.710376])
5.859273960711431
{1.737926684727865e-6,0.19257616172172098,-0.10226651252218294,-1.069363542288706,0.73414477245204,1.2942703227363006,0.9910723328892134,1.4431622875478074,-0.44370971457381125,-0.04135826958410952,0.1238845556327301,-0.07903382119947691,-0.034851712269800335,-0.3806668405733347,0.24289281093433504,0.3086278259445362,-0.17851723164707078,1.5001797831621095,-0.9955261694458091,-0.012151657261075142,-2.3856335446669052,-0.6441868993024622,-0.6103451474262599,-0.16760017127419308,1.0937349462483077,-0.16651631079871246,-0.4951979470223658,0.5679793111899135,1.2069244804236414,0.49212341024671846,0.5167993177347147,-1.2158472092131585,1.2104926742823534,-0.5145722170837203,0.5144872415606593,-1.210407699417593,-0.20692448723078355,-0.49212340800283255,-0.5167993197349929,1.2158472132558065,0.7139866584375306,-0.7266173709047563,0.7230071314801191,-0.7103764188631471}]
Set[{A021,A031,A032,A041,A042,A043,A121,A131,A132,A141,A142,A143,B021,B031,B032,B041,B042,B043,B121,B131,B132,B141,B142,B143,\[Alpha]1,\[Alpha]2,\[Alpha]3,\[Alpha]4,\[Beta]11,\[Beta]12,\[Beta]13,\[Beta]14,\[Beta]21,\[Beta]22,\[Beta]23,\[Beta]24,\[Beta]31,\[Beta]32,\[Beta]33,\[Beta]34,\[Beta]41,\[Beta]42,\[Beta]43,\[Beta]44},{1.737926684727865e-6,0.19257616172172098,-0.10226651252218294,-1.069363542288706,0.73414477245204,1.2942703227363006,0.9910723328892134,1.4431622875478074,-0.44370971457381125,-0.04135826958410952,0.1238845556327301,-0.07903382119947691,-0.034851712269800335,-0.3806668405733347,0.24289281093433504,0.3086278259445362,-0.17851723164707078,1.5001797831621095,-0.9955261694458091,-0.012151657261075142,-2.3856335446669052,-0.6441868993024622,-0.6103451474262599,-0.16760017127419308,1.0937349462483077,-0.16651631079871246,-0.4951979470223658,0.5679793111899135,1.2069244804236414,0.49212341024671846,0.5167993177347147,-1.2158472092131585,1.2104926742823534,-0.5145722170837203,0.5144872415606593,-1.210407699417593,-0.20692448723078355,-0.49212340800283255,-0.5167993197349929,1.2158472132558065,0.7139866584375306,-0.7266173709047563,0.7230071314801191,-0.7103764188631471}]

Max g: 3.680952262085854e-7
f_31([1.73184e-6,0.192576,-0.102267,-1.06936,0.734145,1.29427,0.991072,1.44316,-0.44371,-0.041358,0.123885,-0.0790343,-0.03485,-0.380667,0.242892,0.308628,-0.178517,1.50018,-0.995526,-0.0121516,-2.38563,-0.644187,-0.610345,-0.1676,1.09373,-0.166516,-0.495198,0.567979,1.20692,0.492123,0.516799,-1.21585,1.21049,-0.514572,0.514487,-1.21041,-0.206925,-0.492123,-0.516799,1.21585,0.713987,-0.726617,0.723007,-0.710376])
5.859373386717451
Max g: 2.38426453368773e-7
f_32([1.73274e-6,0.192576,-0.102266,-1.06936,0.734145,1.29427,0.991072,1.44316,-0.44371,-0.0413577,0.123885,-0.0790347,-0.0348484,-0.380667,0.242892,0.308628,-0.178517,1.50018,-0.995526,-0.0121516,-2.38563,-0.644187,-0.610345,-0.1676,1.09373,-0.166516,-0.495198,0.567979,1.20692,0.492123,0.516799,-1.21585,1.21049,-0.514572,0.514487,-1.21041,-0.206925,-0.492123,-0.516799,1.21585,0.713987,-0.726617,0.723007,-0.710376])
5.859373386717451
Max g: 1.183776644326194e-7
f_33([1.7328e-6,0.192576,-0.102267,-1.06936,0.734145,1.29427,0.991072,1.44316,-0.44371,-0.0413576,0.123885,-0.079035,-0.0348473,-0.380668,0.242892,0.308628,-0.178517,1.50018,-0.995526,-0.0121516,-2.38563,-0.644187,-0.610345,-0.1676,1.09373,-0.166516,-0.495198,0.567979,1.20692,0.492123,0.516799,-1.21585,1.21049,-0.514572,0.514487,-1.21041,-0.206925,-0.492123,-0.516799,1.21585,0.713987,-0.726617,0.723007,-0.710376])
5.859373386717451
Max g: 2.845426687499153e-8
f_34([1.73558e-6,0.192576,-0.102267,-1.06936,0.734145,1.29427,0.991072,1.44316,-0.44371,-0.0413574,0.123885,-0.0790352,-0.0348465,-0.380668,0.242892,0.308628,-0.178517,1.50018,-0.995526,-0.0121516,-2.38563,-0.644187,-0.610345,-0.1676,1.09373,-0.166516,-0.495198,0.567979,1.20692,0.492123,0.516799,-1.21585,1.21049,-0.514572,0.514487,-1.21041,-0.206925,-0.492123,-0.516799,1.21585,0.713987,-0.726617,0.723007,-0.710376])
5.859373386717451
Max g: 1.367690627418483e-9
f_35([1.73736e-6,0.192576,-0.102267,-1.06936,0.734145,1.29427,0.991072,1.44316,-0.44371,-0.0413573,0.123885,-0.0790354,-0.0348458,-0.380668,0.242892,0.308628,-0.178517,1.50018,-0.995526,-0.0121515,-2.38563,-0.644187,-0.610345,-0.1676,1.09373,-0.166516,-0.495198,0.567979,1.20692,0.492123,0.516799,-1.21585,1.21049,-0.514572,0.514487,-1.21041,-0.206925,-0.492123,-0.516799,1.21585,0.713987,-0.726617,0.723007,-0.710377])
5.859373386717451
Max g: 1.2951811984018846e-9
f_36([1.73886e-6,0.192576,-0.102267,-1.06936,0.734145,1.29427,0.991072,1.44316,-0.44371,-0.0413572,0.123885,-0.0790356,-0.0348452,-0.380668,0.242892,0.308628,-0.178517,1.50018,-0.995526,-0.0121515,-2.38563,-0.644187,-0.610345,-0.1676,1.09373,-0.166516,-0.495198,0.567979,1.20692,0.492123,0.516799,-1.21585,1.21049,-0.514572,0.514487,-1.21041,-0.206925,-0.492123,-0.516799,1.21585,0.713987,-0.726617,0.723007,-0.710377])
5.859373386717451
Max g: 1.4814037080368436e-9
f_37([1.74009e-6,0.192576,-0.102266,-1.06936,0.734145,1.29427,0.991072,1.44316,-0.44371,-0.0413571,0.123885,-0.0790357,-0.0348447,-0.380668,0.242891,0.308628,-0.178517,1.50018,-0.995526,-0.0121515,-2.38563,-0.644187,-0.610345,-0.1676,1.09373,-0.166516,-0.495198,0.567979,1.20692,0.492123,0.516799,-1.21585,1.21049,-0.514572,0.514487,-1.21041,-0.206925,-0.492123,-0.516799,1.21585,0.713987,-0.726617,0.723007,-0.710377])
5.859373386717451
Max g: 1.5197193850569057e-9
f_38([1.74164e-6,0.192576,-0.102266,-1.06936,0.734145,1.29427,0.991072,1.44316,-0.44371,-0.0413571,0.123885,-0.0790358,-0.0348443,-0.380668,0.242891,0.308628,-0.178517,1.50018,-0.995526,-0.0121515,-2.38563,-0.644187,-0.610345,-0.1676,1.09373,-0.166516,-0.495198,0.567979,1.20692,0.492123,0.516799,-1.21585,1.21049,-0.514572,0.514487,-1.21041,-0.206925,-0.492123,-0.516799,1.21585,0.713987,-0.726617,0.723007,-0.710377])
5.859373386717451
Max g: 1.656410050787649e-9
f_39([1.74353e-6,0.192576,-0.102266,-1.06936,0.734145,1.29427,0.991072,1.44316,-0.44371,-0.041357,0.123885,-0.0790359,-0.0348439,-0.380668,0.242891,0.308628,-0.178517,1.50018,-0.995526,-0.0121515,-2.38563,-0.644187,-0.610345,-0.1676,1.09373,-0.166516,-0.495198,0.567979,1.20692,0.492123,0.516799,-1.21585,1.21049,-0.514572,0.514487,-1.21041,-0.206925,-0.492123,-0.516799,1.21585,0.713987,-0.726617,0.723007,-0.710377])
5.859373386717451
Max g: 1.5867385877443851e-9
f_40([1.74491e-6,0.192576,-0.102266,-1.06936,0.734145,1.29427,0.991072,1.44316,-0.44371,-0.041357,0.123885,-0.079036,-0.0348436,-0.380668,0.242891,0.308628,-0.178517,1.50018,-0.995526,-0.0121515,-2.38563,-0.644187,-0.610345,-0.1676,1.09373,-0.166516,-0.495198,0.567979,1.20692,0.492123,0.516799,-1.21585,1.21049,-0.514572,0.514487,-1.21041,-0.206925,-0.492123,-0.516799,1.21585,0.713987,-0.726617,0.723007,-0.710377])
5.859373386717451
{1.744911729622758e-6,0.19257615722869204,-0.10226649816836846,-1.0693634081812677,0.7341449162108323,1.2942704822647488,0.9910723147841524,1.4431618488464117,-0.44370978176813053,-0.041356974042149226,0.12388495417192565,-0.07903601524740715,-0.03484363565764909,-0.38066832756835395,0.24289129246725005,0.30862801524815836,-0.17851704887776074,1.500179964565416,-0.995526145595093,-0.012151512228101749,-2.3856335448616464,-0.6441867109238657,-0.6103449868161791,-0.16760014143488405,1.0937349775911354,-0.1665162481028035,-0.49519777392939596,0.5679790445109533,1.2069246554807918,0.49212326601166295,0.5167991228854647,-1.2158470436861417,1.2104928650646354,-0.514572376663439,0.5144870408832266,-1.210407528589264,-0.20692465450160955,-0.4921232658563019,-0.5167991225817137,1.2158470430958745,0.7139867740961248,-0.7266173580181783,0.7230071179024683,-0.710376533951803}]
Set[{A021,A031,A032,A041,A042,A043,A121,A131,A132,A141,A142,A143,B021,B031,B032,B041,B042,B043,B121,B131,B132,B141,B142,B143,\[Alpha]1,\[Alpha]2,\[Alpha]3,\[Alpha]4,\[Beta]11,\[Beta]12,\[Beta]13,\[Beta]14,\[Beta]21,\[Beta]22,\[Beta]23,\[Beta]24,\[Beta]31,\[Beta]32,\[Beta]33,\[Beta]34,\[Beta]41,\[Beta]42,\[Beta]43,\[Beta]44},{1.744911729622758e-6,0.19257615722869204,-0.10226649816836846,-1.0693634081812677,0.7341449162108323,1.2942704822647488,0.9910723147841524,1.4431618488464117,-0.44370978176813053,-0.041356974042149226,0.12388495417192565,-0.07903601524740715,-0.03484363565764909,-0.38066832756835395,0.24289129246725005,0.30862801524815836,-0.17851704887776074,1.500179964565416,-0.995526145595093,-0.012151512228101749,-2.3856335448616464,-0.6441867109238657,-0.6103449868161791,-0.16760014143488405,1.0937349775911354,-0.1665162481028035,-0.49519777392939596,0.5679790445109533,1.2069246554807918,0.49212326601166295,0.5167991228854647,-1.2158470436861417,1.2104928650646354,-0.514572376663439,0.5144870408832266,-1.210407528589264,-0.20692465450160955,-0.4921232658563019,-0.5167991225817137,1.2158470430958745,0.7139867740961248,-0.7266173580181783,0.7230071179024683,-0.710376533951803}]

Max g: 1.616692460459923e-9
f_41([1.74657e-6,0.192576,-0.102266,-1.06936,0.734145,1.29427,0.991072,1.44316,-0.44371,-0.0413569,0.123885,-0.0790361,-0.0348434,-0.380668,0.242891,0.308628,-0.178517,1.50018,-0.995526,-0.0121515,-2.38563,-0.644187,-0.610345,-0.1676,1.09373,-0.166516,-0.495198,0.567979,1.20692,0.492123,0.516799,-1.21585,1.21049,-0.514572,0.514487,-1.21041,-0.206925,-0.492123,-0.516799,1.21585,0.713987,-0.726617,0.723007,-0.710377])
5.859373386717451
Max g: 1.6302732427919686e-9
f_42([1.74797e-6,0.192576,-0.102266,-1.06936,0.734145,1.29427,0.991072,1.44316,-0.44371,-0.0413569,0.123885,-0.0790361,-0.0348432,-0.380668,0.242891,0.308628,-0.178517,1.50018,-0.995526,-0.0121515,-2.38563,-0.644187,-0.610345,-0.1676,1.09373,-0.166516,-0.495198,0.567979,1.20692,0.492123,0.516799,-1.21585,1.21049,-0.514572,0.514487,-1.21041,-0.206925,-0.492123,-0.516799,1.21585,0.713987,-0.726617,0.723007,-0.710377])
5.859373386717451
Max g: 1.6818351572522872e-9
f_43([1.74823e-6,0.192576,-0.102266,-1.06936,0.734145,1.29427,0.991072,1.44316,-0.44371,-0.0413569,0.123885,-0.0790362,-0.0348431,-0.380668,0.242891,0.308628,-0.178517,1.50018,-0.995526,-0.0121515,-2.38563,-0.644187,-0.610345,-0.1676,1.09373,-0.166516,-0.495198,0.567979,1.20692,0.492123,0.516799,-1.21585,1.21049,-0.514572,0.514487,-1.21041,-0.206925,-0.492123,-0.516799,1.21585,0.713987,-0.726617,0.723007,-0.710377])
5.859373386717451
Max g: 1.8025363909823788e-9
f_44([1.74804e-6,0.192576,-0.102266,-1.06936,0.734145,1.29427,0.991072,1.44316,-0.44371,-0.0413569,0.123885,-0.0790362,-0.034843,-0.380668,0.242891,0.308628,-0.178517,1.50018,-0.995526,-0.0121515,-2.38563,-0.644187,-0.610345,-0.1676,1.09373,-0.166516,-0.495198,0.567979,1.20692,0.492123,0.516799,-1.21585,1.21049,-0.514572,0.514487,-1.21041,-0.206925,-0.492123,-0.516799,1.21585,0.713987,-0.726617,0.723007,-0.710377])
5.859373386717451
Max g: 1.7627436385558859e-9
f_45([1.74758e-6,0.192576,-0.102266,-1.06936,0.734145,1.29427,0.991072,1.44316,-0.44371,-0.0413569,0.123885,-0.0790362,-0.0348429,-0.380668,0.242891,0.308628,-0.178517,1.50018,-0.995526,-0.0121515,-2.38563,-0.644187,-0.610345,-0.1676,1.09373,-0.166516,-0.495198,0.567979,1.20692,0.492123,0.516799,-1.21585,1.21049,-0.514572,0.514487,-1.21041,-0.206925,-0.492123,-0.516799,1.21585,0.713987,-0.726617,0.723007,-0.710377])
5.859373386717451
Max g: 1.780915512283876e-9
f_46([1.74797e-6,0.192576,-0.102266,-1.06936,0.734145,1.29427,0.991072,1.44316,-0.44371,-0.0413568,0.123885,-0.0790362,-0.0348428,-0.380668,0.242891,0.308628,-0.178517,1.50018,-0.995526,-0.0121515,-2.38563,-0.644187,-0.610345,-0.1676,1.09373,-0.166516,-0.495198,0.567979,1.20692,0.492123,0.516799,-1.21585,1.21049,-0.514572,0.514487,-1.21041,-0.206925,-0.492123,-0.516799,1.21585,0.713987,-0.726617,0.723007,-0.710377])
5.859373386717451
Max g: 1.7943898728001173e-9
f_47([1.74819e-6,0.192576,-0.102266,-1.06936,0.734145,1.29427,0.991072,1.44316,-0.44371,-0.0413568,0.123885,-0.0790362,-0.0348428,-0.380668,0.242891,0.308628,-0.178517,1.50018,-0.995526,-0.0121515,-2.38563,-0.644187,-0.610345,-0.1676,1.09373,-0.166516,-0.495198,0.567979,1.20692,0.492123,0.516799,-1.21585,1.21049,-0.514572,0.514487,-1.21041,-0.206925,-0.492123,-0.516799,1.21585,0.713987,-0.726617,0.723007,-0.710377])
5.859373386717451
Max g: 1.7775218241755653e-9
f_48([1.74799e-6,0.192576,-0.102266,-1.06936,0.734145,1.29427,0.991072,1.44316,-0.44371,-0.0413568,0.123885,-0.0790363,-0.0348428,-0.380668,0.242891,0.308628,-0.178517,1.50018,-0.995526,-0.0121515,-2.38563,-0.644187,-0.610345,-0.1676,1.09373,-0.166516,-0.495198,0.567979,1.20692,0.492123,0.516799,-1.21585,1.21049,-0.514572,0.514487,-1.21041,-0.206925,-0.492123,-0.516799,1.21585,0.713987,-0.726617,0.723007,-0.710377])
5.859373386717451
Max g: 1.8044670410666264e-9
f_49([1.74813e-6,0.192576,-0.102266,-1.06936,0.734145,1.29427,0.991072,1.44316,-0.44371,-0.0413568,0.123885,-0.0790363,-0.0348427,-0.380668,0.242891,0.308628,-0.178517,1.50018,-0.995526,-0.0121515,-2.38563,-0.644187,-0.610345,-0.1676,1.09373,-0.166516,-0.495198,0.567979,1.20692,0.492123,0.516799,-1.21585,1.21049,-0.514572,0.514487,-1.21041,-0.206925,-0.492123,-0.516799,1.21585,0.713987,-0.726617,0.723007,-0.710377])
5.859373386717451
Max g: 1.7831503287824013e-9
f_50([1.74817e-6,0.192576,-0.102266,-1.06936,0.734145,1.29427,0.991072,1.44316,-0.44371,-0.0413568,0.123885,-0.0790363,-0.0348427,-0.380668,0.242891,0.308628,-0.178517,1.50018,-0.995526,-0.0121515,-2.38563,-0.644187,-0.610345,-0.1676,1.09373,-0.166516,-0.495198,0.567979,1.20692,0.492123,0.516799,-1.21585,1.21049,-0.514572,0.514487,-1.21041,-0.206925,-0.492123,-0.516799,1.21585,0.713987,-0.726617,0.723007,-0.710377])
5.859373386717451
{1.7481736122807688e-6,0.19257615875046183,-0.10226649835411206,-1.069363392888665,0.734144932882427,1.294270496813904,0.9910723129400644,1.443161798965665,-0.4437097886539324,-0.041356829469275436,0.12388500295742255,-0.07903626621827058,-0.03484272877965981,-0.3806684951188427,0.24289112602664006,0.30862803626062346,-0.17851702851597054,1.5001799820823927,-0.9955261435735407,-0.012151497829557824,-2.385633543404207,-0.6441866881148598,-0.6103449703050793,-0.16760013634847618,1.0937349800527767,-0.16651624243812985,-0.49519775414154205,0.5679790165852847,1.2069246756372471,0.4921232495653038,0.5167990990634072,-1.215847023376305,1.210492886641406,-0.5145723945785508,0.5144870166811729,-1.2104075080079078,-0.2069246746865526,-0.49212324958182857,-0.5167990988456276,1.2158470230853846,0.7139867870627278,-0.7266173564048264,0.7230071152941405,-0.7103765459352094}]
Set[{A021,A031,A032,A041,A042,A043,A121,A131,A132,A141,A142,A143,B021,B031,B032,B041,B042,B043,B121,B131,B132,B141,B142,B143,\[Alpha]1,\[Alpha]2,\[Alpha]3,\[Alpha]4,\[Beta]11,\[Beta]12,\[Beta]13,\[Beta]14,\[Beta]21,\[Beta]22,\[Beta]23,\[Beta]24,\[Beta]31,\[Beta]32,\[Beta]33,\[Beta]34,\[Beta]41,\[Beta]42,\[Beta]43,\[Beta]44},{1.7481736122807688e-6,0.19257615875046183,-0.10226649835411206,-1.069363392888665,0.734144932882427,1.294270496813904,0.9910723129400644,1.443161798965665,-0.4437097886539324,-0.041356829469275436,0.12388500295742255,-0.07903626621827058,-0.03484272877965981,-0.3806684951188427,0.24289112602664006,0.30862803626062346,-0.17851702851597054,1.5001799820823927,-0.9955261435735407,-0.012151497829557824,-2.385633543404207,-0.6441866881148598,-0.6103449703050793,-0.16760013634847618,1.0937349800527767,-0.16651624243812985,-0.49519775414154205,0.5679790165852847,1.2069246756372471,0.4921232495653038,0.5167990990634072,-1.215847023376305,1.210492886641406,-0.5145723945785508,0.5144870166811729,-1.2104075080079078,-0.2069246746865526,-0.49212324958182857,-0.5167990988456276,1.2158470230853846,0.7139867870627278,-0.7266173564048264,0.7230071152941405,-0.7103765459352094}]

Max g: 1.79078810808031e-9
f_51([1.74828e-6,0.192576,-0.102266,-1.06936,0.734145,1.29427,0.991072,1.44316,-0.44371,-0.0413568,0.123885,-0.0790363,-0.0348427,-0.380668,0.242891,0.308628,-0.178517,1.50018,-0.995526,-0.0121515,-2.38563,-0.644187,-0.610345,-0.1676,1.09373,-0.166516,-0.495198,0.567979,1.20692,0.492123,0.516799,-1.21585,1.21049,-0.514572,0.514487,-1.21041,-0.206925,-0.492123,-0.516799,1.21585,0.713987,-0.726617,0.723007,-0.710377])
5.859373386717451
Max g: 1.7881858771495729e-9
f_52([1.74829e-6,0.192576,-0.102266,-1.06936,0.734145,1.29427,0.991072,1.44316,-0.44371,-0.0413568,0.123885,-0.0790363,-0.0348427,-0.380668,0.242891,0.308628,-0.178517,1.50018,-0.995526,-0.0121515,-2.38563,-0.644187,-0.610345,-0.1676,1.09373,-0.166516,-0.495198,0.567979,1.20692,0.492123,0.516799,-1.21585,1.21049,-0.514572,0.514487,-1.21041,-0.206925,-0.492123,-0.516799,1.21585,0.713987,-0.726617,0.723007,-0.710377])
5.859373386717451
Max g: 1.7949949374096441e-9
f_53([1.74831e-6,0.192576,-0.102266,-1.06936,0.734145,1.29427,0.991072,1.44316,-0.44371,-0.0413568,0.123885,-0.0790363,-0.0348427,-0.380669,0.242891,0.308628,-0.178517,1.50018,-0.995526,-0.0121515,-2.38563,-0.644187,-0.610345,-0.1676,1.09373,-0.166516,-0.495198,0.567979,1.20692,0.492123,0.516799,-1.21585,1.21049,-0.514572,0.514487,-1.21041,-0.206925,-0.492123,-0.516799,1.21585,0.713987,-0.726617,0.723007,-0.710377])
5.859373386717451
Max g: 1.784194798848393e-9
f_54([1.74837e-6,0.192576,-0.102266,-1.06936,0.734145,1.29427,0.991072,1.44316,-0.44371,-0.0413568,0.123885,-0.0790363,-0.0348427,-0.380669,0.242891,0.308628,-0.178517,1.50018,-0.995526,-0.0121515,-2.38563,-0.644187,-0.610345,-0.1676,1.09373,-0.166516,-0.495198,0.567979,1.20692,0.492123,0.516799,-1.21585,1.21049,-0.514572,0.514487,-1.21041,-0.206925,-0.492123,-0.516799,1.21585,0.713987,-0.726617,0.723007,-0.710377])
5.859373386717451
Max g: 1.795629450684899e-9
f_55([1.74839e-6,0.192576,-0.102266,-1.06936,0.734145,1.29427,0.991072,1.44316,-0.44371,-0.0413568,0.123885,-0.0790363,-0.0348427,-0.380669,0.242891,0.308628,-0.178517,1.50018,-0.995526,-0.0121515,-2.38563,-0.644187,-0.610345,-0.1676,1.09373,-0.166516,-0.495198,0.567979,1.20692,0.492123,0.516799,-1.21585,1.21049,-0.514572,0.514487,-1.21041,-0.206925,-0.492123,-0.516799,1.21585,0.713987,-0.726617,0.723007,-0.710377])
5.859373386717451
Max g: 1.79659368632068e-9
f_56([1.74841e-6,0.192576,-0.102266,-1.06936,0.734145,1.29427,0.991072,1.44316,-0.44371,-0.0413568,0.123885,-0.0790363,-0.0348427,-0.380669,0.242891,0.308628,-0.178517,1.50018,-0.995526,-0.0121515,-2.38563,-0.644187,-0.610345,-0.1676,1.09373,-0.166516,-0.495198,0.567979,1.20692,0.492123,0.516799,-1.21585,1.21049,-0.514572,0.514487,-1.21041,-0.206925,-0.492123,-0.516799,1.21585,0.713987,-0.726617,0.723007,-0.710377])
5.859373386717451
Max g: 1.7945537625352337e-9
f_57([1.74839e-6,0.192576,-0.102266,-1.06936,0.734145,1.29427,0.991072,1.44316,-0.44371,-0.0413568,0.123885,-0.0790363,-0.0348427,-0.380669,0.242891,0.308628,-0.178517,1.50018,-0.995526,-0.0121515,-2.38563,-0.644187,-0.610345,-0.1676,1.09373,-0.166516,-0.495198,0.567979,1.20692,0.492123,0.516799,-1.21585,1.21049,-0.514572,0.514487,-1.21041,-0.206925,-0.492123,-0.516799,1.21585,0.713987,-0.726617,0.723007,-0.710377])
5.859373386717451
Max g: 1.7968750723462712e-9
f_58([1.7484e-6,0.192576,-0.102266,-1.06936,0.734145,1.29427,0.991072,1.44316,-0.44371,-0.0413568,0.123885,-0.0790363,-0.0348427,-0.380669,0.242891,0.308628,-0.178517,1.50018,-0.995526,-0.0121515,-2.38563,-0.644187,-0.610345,-0.1676,1.09373,-0.166516,-0.495198,0.567979,1.20692,0.492123,0.516799,-1.21585,1.21049,-0.514572,0.514487,-1.21041,-0.206925,-0.492123,-0.516799,1.21585,0.713987,-0.726617,0.723007,-0.710377])
5.859373386717451
Max g: 1.7975767888089855e-9
f_59([1.7484e-6,0.192576,-0.102266,-1.06936,0.734145,1.29427,0.991072,1.44316,-0.44371,-0.0413568,0.123885,-0.0790363,-0.0348427,-0.380669,0.242891,0.308628,-0.178517,1.50018,-0.995526,-0.0121515,-2.38563,-0.644187,-0.610345,-0.1676,1.09373,-0.166516,-0.495198,0.567979,1.20692,0.492123,0.516799,-1.21585,1.21049,-0.514572,0.514487,-1.21041,-0.206925,-0.492123,-0.516799,1.21585,0.713987,-0.726617,0.723007,-0.710377])
5.859373386717451
Max g: 1.7969221041691519e-9
f_60([1.7484e-6,0.192576,-0.102266,-1.06936,0.734145,1.29427,0.991072,1.44316,-0.44371,-0.0413568,0.123885,-0.0790363,-0.0348427,-0.380669,0.242891,0.308628,-0.178517,1.50018,-0.995526,-0.0121515,-2.38563,-0.644187,-0.610345,-0.1676,1.09373,-0.166516,-0.495198,0.567979,1.20692,0.492123,0.516799,-1.21585,1.21049,-0.514572,0.514487,-1.21041,-0.206925,-0.492123,-0.516799,1.21585,0.713987,-0.726617,0.723007,-0.710377])
5.859373386717451
{1.748401254201661e-6,0.19257615872839137,-0.10226649826609692,-1.0693633919818715,0.734144933736782,1.2942704976606574,0.991072312857682,1.4431617962217562,-0.44370978900353275,-0.041356821497648584,0.1238850054050958,-0.07903627972421036,-0.03484267927767856,-0.3806685042855134,0.24289111686653678,0.30862803738952066,-0.17851702742476425,1.5001799831529525,-0.9955261434733491,-0.012151497089211054,-2.3856335432964157,-0.6441866869042301,-0.6103449694430477,-0.16760013607294877,1.0937349801611358,-0.16651624202064452,-0.4951977530913613,0.5679790150122664,1.206924676709145,0.4921232486797594,0.5167990978092417,-1.2158470223047566,1.2104928877830885,-0.5145723955229402,0.5144870154083221,-1.2104075069279434,-0.20692467575895301,-0.4921232487061778,-0.5167990975929131,1.2158470220234636,0.7139867877473063,-0.726617356291086,0.7230071151738269,-0.7103765466089166}]
Set[{A021,A031,A032,A041,A042,A043,A121,A131,A132,A141,A142,A143,B021,B031,B032,B041,B042,B043,B121,B131,B132,B141,B142,B143,\[Alpha]1,\[Alpha]2,\[Alpha]3,\[Alpha]4,\[Beta]11,\[Beta]12,\[Beta]13,\[Beta]14,\[Beta]21,\[Beta]22,\[Beta]23,\[Beta]24,\[Beta]31,\[Beta]32,\[Beta]33,\[Beta]34,\[Beta]41,\[Beta]42,\[Beta]43,\[Beta]44},{1.748401254201661e-6,0.19257615872839137,-0.10226649826609692,-1.0693633919818715,0.734144933736782,1.2942704976606574,0.991072312857682,1.4431617962217562,-0.44370978900353275,-0.041356821497648584,0.1238850054050958,-0.07903627972421036,-0.03484267927767856,-0.3806685042855134,0.24289111686653678,0.30862803738952066,-0.17851702742476425,1.5001799831529525,-0.9955261434733491,-0.012151497089211054,-2.3856335432964157,-0.6441866869042301,-0.6103449694430477,-0.16760013607294877,1.0937349801611358,-0.16651624202064452,-0.4951977530913613,0.5679790150122664,1.206924676709145,0.4921232486797594,0.5167990978092417,-1.2158470223047566,1.2104928877830885,-0.5145723955229402,0.5144870154083221,-1.2104075069279434,-0.20692467575895301,-0.4921232487061778,-0.5167990975929131,1.2158470220234636,0.7139867877473063,-0.726617356291086,0.7230071151738269,-0.7103765466089166}]

Max g: 1.7968204077400962e-9
f_61([1.7484e-6,0.192576,-0.102266,-1.06936,0.734145,1.29427,0.991072,1.44316,-0.44371,-0.0413568,0.123885,-0.0790363,-0.0348427,-0.380669,0.242891,0.308628,-0.178517,1.50018,-0.995526,-0.0121515,-2.38563,-0.644187,-0.610345,-0.1676,1.09373,-0.166516,-0.495198,0.567979,1.20692,0.492123,0.516799,-1.21585,1.21049,-0.514572,0.514487,-1.21041,-0.206925,-0.492123,-0.516799,1.21585,0.713987,-0.726617,0.723007,-0.710377])
5.859373386717451
Max g: 1.7963619133865016e-9
f_62([1.74841e-6,0.192576,-0.102266,-1.06936,0.734145,1.29427,0.991072,1.44316,-0.44371,-0.0413568,0.123885,-0.0790363,-0.0348427,-0.380669,0.242891,0.308628,-0.178517,1.50018,-0.995526,-0.0121515,-2.38563,-0.644187,-0.610345,-0.1676,1.09373,-0.166516,-0.495198,0.567979,1.20692,0.492123,0.516799,-1.21585,1.21049,-0.514572,0.514487,-1.21041,-0.206925,-0.492123,-0.516799,1.21585,0.713987,-0.726617,0.723007,-0.710377])
5.859373386717451
Max g: 1.7964260357050676e-9
f_63([1.74841e-6,0.192576,-0.102266,-1.06936,0.734145,1.29427,0.991072,1.44316,-0.44371,-0.0413568,0.123885,-0.0790363,-0.0348427,-0.380669,0.242891,0.308628,-0.178517,1.50018,-0.995526,-0.0121515,-2.38563,-0.644187,-0.610345,-0.1676,1.09373,-0.166516,-0.495198,0.567979,1.20692,0.492123,0.516799,-1.21585,1.21049,-0.514572,0.514487,-1.21041,-0.206925,-0.492123,-0.516799,1.21585,0.713987,-0.726617,0.723007,-0.710377])
5.859373386717451
Max g: 1.797020955651707e-9
f_64([1.74841e-6,0.192576,-0.102266,-1.06936,0.734145,1.29427,0.991072,1.44316,-0.44371,-0.0413568,0.123885,-0.0790363,-0.0348427,-0.380669,0.242891,0.308628,-0.178517,1.50018,-0.995526,-0.0121515,-2.38563,-0.644187,-0.610345,-0.1676,1.09373,-0.166516,-0.495198,0.567979,1.20692,0.492123,0.516799,-1.21585,1.21049,-0.514572,0.514487,-1.21041,-0.206925,-0.492123,-0.516799,1.21585,0.713987,-0.726617,0.723007,-0.710377])
5.859373386717451
Max g: 1.7970402457767598e-9
f_65([1.74841e-6,0.192576,-0.102266,-1.06936,0.734145,1.29427,0.991072,1.44316,-0.44371,-0.0413568,0.123885,-0.0790363,-0.0348427,-0.380669,0.242891,0.308628,-0.178517,1.50018,-0.995526,-0.0121515,-2.38563,-0.644187,-0.610345,-0.1676,1.09373,-0.166516,-0.495198,0.567979,1.20692,0.492123,0.516799,-1.21585,1.21049,-0.514572,0.514487,-1.21041,-0.206925,-0.492123,-0.516799,1.21585,0.713987,-0.726617,0.723007,-0.710377])
5.859373386717451
Max g: 1.7969951360274905e-9
f_66([1.74841e-6,0.192576,-0.102266,-1.06936,0.734145,1.29427,0.991072,1.44316,-0.44371,-0.0413568,0.123885,-0.0790363,-0.0348427,-0.380669,0.242891,0.308628,-0.178517,1.50018,-0.995526,-0.0121515,-2.38563,-0.644187,-0.610345,-0.1676,1.09373,-0.166516,-0.495198,0.567979,1.20692,0.492123,0.516799,-1.21585,1.21049,-0.514572,0.514487,-1.21041,-0.206925,-0.492123,-0.516799,1.21585,0.713987,-0.726617,0.723007,-0.710377])
5.859373386717451
Max g: 1.7970153559643265e-9
f_67([1.74841e-6,0.192576,-0.102266,-1.06936,0.734145,1.29427,0.991072,1.44316,-0.44371,-0.0413568,0.123885,-0.0790363,-0.0348427,-0.380669,0.242891,0.308628,-0.178517,1.50018,-0.995526,-0.0121515,-2.38563,-0.644187,-0.610345,-0.1676,1.09373,-0.166516,-0.495198,0.567979,1.20692,0.492123,0.516799,-1.21585,1.21049,-0.514572,0.514487,-1.21041,-0.206925,-0.492123,-0.516799,1.21585,0.713987,-0.726617,0.723007,-0.710377])
5.859373386717451
Max g: 1.7970534088584955e-9
f_68([1.75045e-6,0.192576,-0.102266,-1.06936,0.734145,1.29427,0.991072,1.44316,-0.44371,-0.0413569,0.123885,-0.0790362,-0.034843,-0.380668,0.242891,0.308628,-0.178517,1.50018,-0.995526,-0.0121515,-2.38563,-0.644187,-0.610345,-0.1676,1.09373,-0.166516,-0.495198,0.567979,1.20692,0.492123,0.516799,-1.21585,1.21049,-0.514572,0.514487,-1.21041,-0.206925,-0.492123,-0.516799,1.21585,0.713987,-0.726617,0.723007,-0.710377])
5.859373386717451
Max g: 2.700601076099929e-9
f_69([1.74751e-6,0.192576,-0.102266,-1.06936,0.734145,1.29427,0.991072,1.44316,-0.44371,-0.041357,0.123885,-0.0790359,-0.0348441,-0.380668,0.242891,0.308628,-0.178517,1.50018,-0.995526,-0.0121515,-2.38563,-0.644187,-0.610345,-0.1676,1.09373,-0.166516,-0.495198,0.567979,1.20692,0.492123,0.516799,-1.21585,1.21049,-0.514572,0.514487,-1.21041,-0.206925,-0.492123,-0.516799,1.21585,0.713987,-0.726617,0.723007,-0.710377])
5.859373386717451
Max g: 1.0516877299582283e-9
f_70([1.73987e-6,0.192576,-0.102267,-1.06936,0.734145,1.29427,0.991072,1.44316,-0.44371,-0.0413572,0.123885,-0.0790357,-0.0348449,-0.380668,0.242892,0.308628,-0.178517,1.50018,-0.995526,-0.0121515,-2.38563,-0.644187,-0.610345,-0.1676,1.09373,-0.166516,-0.495198,0.567979,1.20692,0.492123,0.516799,-1.21585,1.21049,-0.514572,0.514487,-1.21041,-0.206925,-0.492123,-0.516799,1.21585,0.713987,-0.726617,0.723007,-0.710377])
5.859373386717451
{1.7398728902794885e-6,0.19257616456533036,-0.10226650573497555,-1.069363416639244,0.7341449027951517,1.2942704576427877,0.9910723109417945,1.4431619311961406,-0.44370978572138764,-0.04135718487225614,0.12388488589907545,-0.07903566316253258,-0.03484490506485144,-0.38066810141866997,0.24289151558142225,0.30862799781423056,-0.1785170584612685,1.5001799244215426,-0.9955261459442465,-0.012151529720217418,-2.385633548252695,-0.6441867324914686,-0.6103450131738047,-0.16760014025847092,1.0937349662631113,-0.16651624485406974,-0.49519779534418173,0.5679790736207868,1.2069246317837623,0.4921232911244656,0.5167991467857314,-1.2158470693736152,1.2104928402609185,-0.5145723534132981,0.5144870637086537,-1.2104075506361938,-0.20692463149638538,-0.49212329198309207,-0.5167991468309974,1.215847070067594,0.7139867607237111,-0.7266173640317884,0.7230071149422825,-0.7103765111967246}]
Set[{A021,A031,A032,A041,A042,A043,A121,A131,A132,A141,A142,A143,B021,B031,B032,B041,B042,B043,B121,B131,B132,B141,B142,B143,\[Alpha]1,\[Alpha]2,\[Alpha]3,\[Alpha]4,\[Beta]11,\[Beta]12,\[Beta]13,\[Beta]14,\[Beta]21,\[Beta]22,\[Beta]23,\[Beta]24,\[Beta]31,\[Beta]32,\[Beta]33,\[Beta]34,\[Beta]41,\[Beta]42,\[Beta]43,\[Beta]44},{1.7398728902794885e-6,0.19257616456533036,-0.10226650573497555,-1.069363416639244,0.7341449027951517,1.2942704576427877,0.9910723109417945,1.4431619311961406,-0.44370978572138764,-0.04135718487225614,0.12388488589907545,-0.07903566316253258,-0.03484490506485144,-0.38066810141866997,0.24289151558142225,0.30862799781423056,-0.1785170584612685,1.5001799244215426,-0.9955261459442465,-0.012151529720217418,-2.385633548252695,-0.6441867324914686,-0.6103450131738047,-0.16760014025847092,1.0937349662631113,-0.16651624485406974,-0.49519779534418173,0.5679790736207868,1.2069246317837623,0.4921232911244656,0.5167991467857314,-1.2158470693736152,1.2104928402609185,-0.5145723534132981,0.5144870637086537,-1.2104075506361938,-0.20692463149638538,-0.49212329198309207,-0.5167991468309974,1.215847070067594,0.7139867607237111,-0.7266173640317884,0.7230071149422825,-0.7103765111967246}]

Max g: 9.248206644940637e-10
f_71([1.73961e-6,0.192576,-0.102267,-1.06936,0.734145,1.29427,0.991072,1.44316,-0.44371,-0.0413573,0.123885,-0.0790355,-0.0348455,-0.380668,0.242892,0.308628,-0.178517,1.50018,-0.995526,-0.0121515,-2.38563,-0.644187,-0.610345,-0.1676,1.09373,-0.166516,-0.495198,0.567979,1.20692,0.492123,0.516799,-1.21585,1.21049,-0.514572,0.514487,-1.21041,-0.206925,-0.492123,-0.516799,1.21585,0.713987,-0.726617,0.723007,-0.710377])
5.859373386717451
Max g: 6.656686035722004e-10
f_72([1.74004e-6,0.192576,-0.102267,-1.06936,0.734145,1.29427,0.991072,1.44316,-0.44371,-0.0413573,0.123885,-0.0790354,-0.0348459,-0.380668,0.242892,0.308628,-0.178517,1.50018,-0.995526,-0.0121515,-2.38563,-0.644187,-0.610345,-0.1676,1.09373,-0.166516,-0.495198,0.567979,1.20692,0.492123,0.516799,-1.21585,1.21049,-0.514572,0.514487,-1.21041,-0.206925,-0.492123,-0.516799,1.21585,0.713987,-0.726617,0.723007,-0.710376])
5.859373386717451
Max g: 4.979123779946804e-10
f_73([1.73678e-6,0.192576,-0.102267,-1.06936,0.734145,1.29427,0.991072,1.44316,-0.44371,-0.0413574,0.123885,-0.0790353,-0.0348462,-0.380668,0.242892,0.308628,-0.178517,1.50018,-0.995526,-0.0121515,-2.38563,-0.644187,-0.610345,-0.1676,1.09373,-0.166516,-0.495198,0.567979,1.20692,0.492123,0.516799,-1.21585,1.21049,-0.514572,0.514487,-1.21041,-0.206925,-0.492123,-0.516799,1.21585,0.713987,-0.726617,0.723007,-0.710376])
5.859373386717451
Max g: 3.5294256406359636e-10
f_74([1.73693e-6,0.192576,-0.102267,-1.06936,0.734145,1.29427,0.991072,1.44316,-0.44371,-0.0413574,0.123885,-0.0790353,-0.0348464,-0.380668,0.242892,0.308628,-0.178517,1.50018,-0.995526,-0.0121516,-2.38563,-0.644187,-0.610345,-0.1676,1.09373,-0.166516,-0.495198,0.567979,1.20692,0.492123,0.516799,-1.21585,1.21049,-0.514572,0.514487,-1.21041,-0.206925,-0.492123,-0.516799,1.21585,0.713987,-0.726617,0.723007,-0.710376])
5.859373386717451
Max g: 2.568762980104111e-10
f_75([1.73543e-6,0.192576,-0.102267,-1.06936,0.734145,1.29427,0.991072,1.44316,-0.44371,-0.0413574,0.123885,-0.0790352,-0.0348465,-0.380668,0.242892,0.308628,-0.178517,1.50018,-0.995526,-0.0121516,-2.38563,-0.644187,-0.610345,-0.1676,1.09373,-0.166516,-0.495198,0.567979,1.20692,0.492123,0.516799,-1.21585,1.21049,-0.514572,0.514487,-1.21041,-0.206925,-0.492123,-0.516799,1.21585,0.713987,-0.726617,0.723007,-0.710376])
5.859373386717451
Max g: 1.4061218855943025e-10
f_76([1.73576e-6,0.192576,-0.102267,-1.06936,0.734145,1.29427,0.991072,1.44316,-0.44371,-0.0413575,0.123885,-0.0790352,-0.0348466,-0.380668,0.242892,0.308628,-0.178517,1.50018,-0.995526,-0.0121516,-2.38563,-0.644187,-0.610345,-0.1676,1.09373,-0.166516,-0.495198,0.567979,1.20692,0.492123,0.516799,-1.21585,1.21049,-0.514572,0.514487,-1.21041,-0.206925,-0.492123,-0.516799,1.21585,0.713987,-0.726617,0.723007,-0.710376])
5.859373386717451
Max g: 1.1594458726449375e-10
f_77([1.73536e-6,0.192576,-0.102267,-1.06936,0.734145,1.29427,0.991072,1.44316,-0.44371,-0.0413575,0.123885,-0.0790352,-0.0348467,-0.380668,0.242892,0.308628,-0.178517,1.50018,-0.995526,-0.0121516,-2.38563,-0.644187,-0.610345,-0.1676,1.09373,-0.166516,-0.495198,0.567979,1.20692,0.492123,0.516799,-1.21585,1.21049,-0.514572,0.514487,-1.21041,-0.206925,-0.492123,-0.516799,1.21585,0.713987,-0.726617,0.723007,-0.710376])
5.859373386717451
Max g: 8.629252867820014e-11
f_78([1.73585e-6,0.192576,-0.102267,-1.06936,0.734145,1.29427,0.991072,1.44316,-0.44371,-0.0413575,0.123885,-0.0790352,-0.0348468,-0.380668,0.242892,0.308628,-0.178517,1.50018,-0.995526,-0.0121516,-2.38563,-0.644187,-0.610345,-0.1676,1.09373,-0.166516,-0.495198,0.567979,1.20692,0.492123,0.516799,-1.21585,1.21049,-0.514572,0.514487,-1.21041,-0.206925,-0.492123,-0.516799,1.21585,0.713987,-0.726617,0.723007,-0.710376])
5.859373386717451
Max g: 6.353229053956966e-11
f_79([1.73583e-6,0.192576,-0.102267,-1.06936,0.734145,1.29427,0.991072,1.44316,-0.44371,-0.0413575,0.123885,-0.0790351,-0.0348468,-0.380668,0.242892,0.308628,-0.178517,1.50018,-0.995526,-0.0121516,-2.38563,-0.644187,-0.610345,-0.1676,1.09373,-0.166516,-0.495198,0.567979,1.20692,0.492123,0.516799,-1.21585,1.21049,-0.514572,0.514487,-1.21041,-0.206925,-0.492123,-0.516799,1.21585,0.713987,-0.726617,0.723007,-0.710376])
5.859373386717451
Max g: 7.695533099649765e-11
f_80([1.73595e-6,0.192576,-0.102267,-1.06936,0.734145,1.29427,0.991072,1.44316,-0.44371,-0.0413575,0.123885,-0.0790351,-0.0348468,-0.380668,0.242892,0.308628,-0.178517,1.50018,-0.995526,-0.0121516,-2.38563,-0.644187,-0.610345,-0.1676,1.09373,-0.166516,-0.495198,0.567979,1.20692,0.492123,0.516799,-1.21585,1.21049,-0.514572,0.514487,-1.21041,-0.206925,-0.492123,-0.516799,1.21585,0.713987,-0.726617,0.723007,-0.710376])
5.859373386717451
{1.7359474171148523e-6,0.1925761662849188,-0.10226651228942728,-1.069363450984886,0.734144871857637,1.2942704182381621,0.991072316840754,1.4431620381504855,-0.44370976991842603,-0.041357494735399965,0.12388479295083125,-0.0790351396569688,-0.034846821093170985,-0.3806677434460486,0.2428918703602544,0.30862795700490914,-0.17851710105578,1.5001798780671856,-0.995526150658654,-0.0121515594280271,-2.385633552251756,-0.6441867767632066,-0.6103450525057396,-0.16760014904855522,1.0937349646100607,-0.16651625732773617,-0.49519784327771477,0.567979135991181,1.2069245897332987,0.49212332409436826,0.5167991952067224,-1.2158471090209622,1.210492794867819,-0.5145723159769791,0.5144871135106182,-1.2104075924029494,-0.2069245897222371,-0.4921233241232635,-0.5167991952114939,1.215847109046535,0.713986733164228,-0.7266173679196235,0.7230071196118847,-0.7103764848505628}]
Set[{A021,A031,A032,A041,A042,A043,A121,A131,A132,A141,A142,A143,B021,B031,B032,B041,B042,B043,B121,B131,B132,B141,B142,B143,\[Alpha]1,\[Alpha]2,\[Alpha]3,\[Alpha]4,\[Beta]11,\[Beta]12,\[Beta]13,\[Beta]14,\[Beta]21,\[Beta]22,\[Beta]23,\[Beta]24,\[Beta]31,\[Beta]32,\[Beta]33,\[Beta]34,\[Beta]41,\[Beta]42,\[Beta]43,\[Beta]44},{1.7359474171148523e-6,0.1925761662849188,-0.10226651228942728,-1.069363450984886,0.734144871857637,1.2942704182381621,0.991072316840754,1.4431620381504855,-0.44370976991842603,-0.041357494735399965,0.12388479295083125,-0.0790351396569688,-0.034846821093170985,-0.3806677434460486,0.2428918703602544,0.30862795700490914,-0.17851710105578,1.5001798780671856,-0.995526150658654,-0.0121515594280271,-2.385633552251756,-0.6441867767632066,-0.6103450525057396,-0.16760014904855522,1.0937349646100607,-0.16651625732773617,-0.49519784327771477,0.567979135991181,1.2069245897332987,0.49212332409436826,0.5167991952067224,-1.2158471090209622,1.210492794867819,-0.5145723159769791,0.5144871135106182,-1.2104075924029494,-0.2069245897222371,-0.4921233241232635,-0.5167991952114939,1.215847109046535,0.713986733164228,-0.7266173679196235,0.7230071196118847,-0.7103764848505628}]

Max g: 7.262501711124969e-11
f_81([1.73596e-6,0.192576,-0.102267,-1.06936,0.734145,1.29427,0.991072,1.44316,-0.44371,-0.0413575,0.123885,-0.0790351,-0.0348468,-0.380668,0.242892,0.308628,-0.178517,1.50018,-0.995526,-0.0121516,-2.38563,-0.644187,-0.610345,-0.1676,1.09373,-0.166516,-0.495198,0.567979,1.20692,0.492123,0.516799,-1.21585,1.21049,-0.514572,0.514487,-1.21041,-0.206925,-0.492123,-0.516799,1.21585,0.713987,-0.726617,0.723007,-0.710376])
5.859373386717451
Max g: 1.8498536036304358e-11
f_82([1.73594e-6,0.192576,-0.102267,-1.06936,0.734145,1.29427,0.991072,1.44316,-0.44371,-0.0413575,0.123885,-0.0790351,-0.0348469,-0.380668,0.242892,0.308628,-0.178517,1.50018,-0.995526,-0.0121516,-2.38563,-0.644187,-0.610345,-0.1676,1.09373,-0.166516,-0.495198,0.567979,1.20692,0.492123,0.516799,-1.21585,1.21049,-0.514572,0.514487,-1.21041,-0.206925,-0.492123,-0.516799,1.21585,0.713987,-0.726617,0.723007,-0.710376])
5.859373386717451
Max g: 2.3951507444053277e-11
f_83([1.73586e-6,0.192576,-0.102267,-1.06936,0.734145,1.29427,0.991072,1.44316,-0.44371,-0.0413575,0.123885,-0.0790351,-0.0348469,-0.380668,0.242892,0.308628,-0.178517,1.50018,-0.995526,-0.0121516,-2.38563,-0.644187,-0.610345,-0.1676,1.09373,-0.166516,-0.495198,0.567979,1.20692,0.492123,0.516799,-1.21585,1.21049,-0.514572,0.514487,-1.21041,-0.206925,-0.492123,-0.516799,1.21585,0.713987,-0.726617,0.723007,-0.710376])
5.859373386717451
Max g: 1.88058457695206e-11
f_84([1.73582e-6,0.192576,-0.102267,-1.06936,0.734145,1.29427,0.991072,1.44316,-0.44371,-0.0413575,0.123885,-0.0790351,-0.0348469,-0.380668,0.242892,0.308628,-0.178517,1.50018,-0.995526,-0.0121516,-2.38563,-0.644187,-0.610345,-0.1676,1.09373,-0.166516,-0.495198,0.567979,1.20692,0.492123,0.516799,-1.21585,1.21049,-0.514572,0.514487,-1.21041,-0.206925,-0.492123,-0.516799,1.21585,0.713987,-0.726617,0.723007,-0.710376])
5.859373386717451
Max g: 4.955147403506999e-12
f_85([1.73582e-6,0.192576,-0.102267,-1.06936,0.734145,1.29427,0.991072,1.44316,-0.44371,-0.0413575,0.123885,-0.0790351,-0.0348469,-0.380668,0.242892,0.308628,-0.178517,1.50018,-0.995526,-0.0121516,-2.38563,-0.644187,-0.610345,-0.1676,1.09373,-0.166516,-0.495198,0.567979,1.20692,0.492123,0.516799,-1.21585,1.21049,-0.514572,0.514487,-1.21041,-0.206925,-0.492123,-0.516799,1.21585,0.713987,-0.726617,0.723007,-0.710376])
5.859373386717451
Max g: 8.040679233545234e-12
f_86([1.73581e-6,0.192576,-0.102267,-1.06936,0.734145,1.29427,0.991072,1.44316,-0.44371,-0.0413575,0.123885,-0.0790351,-0.0348469,-0.380668,0.242892,0.308628,-0.178517,1.50018,-0.995526,-0.0121516,-2.38563,-0.644187,-0.610345,-0.1676,1.09373,-0.166516,-0.495198,0.567979,1.20692,0.492123,0.516799,-1.21585,1.21049,-0.514572,0.514487,-1.21041,-0.206925,-0.492123,-0.516799,1.21585,0.713987,-0.726617,0.723007,-0.710376])
5.859373386717451
Max g: 4.7764014965423485e-12
f_87([1.73581e-6,0.192576,-0.102267,-1.06936,0.734145,1.29427,0.991072,1.44316,-0.44371,-0.0413575,0.123885,-0.0790351,-0.0348469,-0.380668,0.242892,0.308628,-0.178517,1.50018,-0.995526,-0.0121516,-2.38563,-0.644187,-0.610345,-0.1676,1.09373,-0.166516,-0.495198,0.567979,1.20692,0.492123,0.516799,-1.21585,1.21049,-0.514572,0.514487,-1.21041,-0.206925,-0.492123,-0.516799,1.21585,0.713987,-0.726617,0.723007,-0.710376])
5.859373386717451
Max g: 3.849587315585268e-12
f_88([1.73579e-6,0.192576,-0.102267,-1.06936,0.734145,1.29427,0.991072,1.44316,-0.44371,-0.0413575,0.123885,-0.0790351,-0.0348469,-0.380668,0.242892,0.308628,-0.178517,1.50018,-0.995526,-0.0121516,-2.38563,-0.644187,-0.610345,-0.1676,1.09373,-0.166516,-0.495198,0.567979,1.20692,0.492123,0.516799,-1.21585,1.21049,-0.514572,0.514487,-1.21041,-0.206925,-0.492123,-0.516799,1.21585,0.713987,-0.726617,0.723007,-0.710376])
5.859373386717451
Max g: 3.83204579179619e-12
f_89([1.73579e-6,0.192576,-0.102267,-1.06936,0.734145,1.29427,0.991072,1.44316,-0.44371,-0.0413575,0.123885,-0.0790351,-0.0348469,-0.380668,0.242892,0.308628,-0.178517,1.50018,-0.995526,-0.0121516,-2.38563,-0.644187,-0.610345,-0.1676,1.09373,-0.166516,-0.495198,0.567979,1.20692,0.492123,0.516799,-1.21585,1.21049,-0.514572,0.514487,-1.21041,-0.206925,-0.492123,-0.516799,1.21585,0.713987,-0.726617,0.723007,-0.710376])
5.859373386717451
Max g: 2.9520830224782912e-12
f_90([1.73578e-6,0.192576,-0.102267,-1.06936,0.734145,1.29427,0.991072,1.44316,-0.44371,-0.0413575,0.123885,-0.0790351,-0.0348469,-0.380668,0.242892,0.308628,-0.178517,1.50018,-0.995526,-0.0121516,-2.38563,-0.644187,-0.610345,-0.1676,1.09373,-0.166516,-0.495198,0.567979,1.20692,0.492123,0.516799,-1.21585,1.21049,-0.514572,0.514487,-1.21041,-0.206925,-0.492123,-0.516799,1.21585,0.713987,-0.726617,0.723007,-0.710376])
5.859373386717451
{1.7357831405355004e-6,0.19257616631706084,-0.10226651256176067,-1.0693634524510696,0.7341448703013445,1.2942704170767272,0.9910723170163845,1.4431620424848963,-0.44370976909519644,-0.04135750724939138,0.12388478903801325,-0.07903511817431964,-0.034846899494148285,-0.38066772897480183,0.2428918849418913,0.30862795517184766,-0.1785171027531844,1.5001798763783543,-0.9955261508410929,-0.012151560652967103,-2.385633552564564,-0.6441867788379684,-0.6103450538211319,-0.16760014947934165,1.0937349646698615,-0.16651625810728568,-0.4951978450479201,0.5679791384847943,1.2069245879339334,0.49212332562094546,0.5167991971310795,-1.2158471106863784,1.2104927929734268,-0.5145723143334613,0.5144871154787138,-1.2104075941178571,-0.20692458793256058,-0.4921233256218324,-0.5167991971304158,1.2158471106852673,0.7139867320174982,-0.7266173680336674,0.7230071196697225,-0.7103764836526173}]
Set[{A021,A031,A032,A041,A042,A043,A121,A131,A132,A141,A142,A143,B021,B031,B032,B041,B042,B043,B121,B131,B132,B141,B142,B143,\[Alpha]1,\[Alpha]2,\[Alpha]3,\[Alpha]4,\[Beta]11,\[Beta]12,\[Beta]13,\[Beta]14,\[Beta]21,\[Beta]22,\[Beta]23,\[Beta]24,\[Beta]31,\[Beta]32,\[Beta]33,\[Beta]34,\[Beta]41,\[Beta]42,\[Beta]43,\[Beta]44},{1.7357831405355004e-6,0.19257616631706084,-0.10226651256176067,-1.0693634524510696,0.7341448703013445,1.2942704170767272,0.9910723170163845,1.4431620424848963,-0.44370976909519644,-0.04135750724939138,0.12388478903801325,-0.07903511817431964,-0.034846899494148285,-0.38066772897480183,0.2428918849418913,0.30862795517184766,-0.1785171027531844,1.5001798763783543,-0.9955261508410929,-0.012151560652967103,-2.385633552564564,-0.6441867788379684,-0.6103450538211319,-0.16760014947934165,1.0937349646698615,-0.16651625810728568,-0.4951978450479201,0.5679791384847943,1.2069245879339334,0.49212332562094546,0.5167991971310795,-1.2158471106863784,1.2104927929734268,-0.5145723143334613,0.5144871154787138,-1.2104075941178571,-0.20692458793256058,-0.4921233256218324,-0.5167991971304158,1.2158471106852673,0.7139867320174982,-0.7266173680336674,0.7230071196697225,-0.7103764836526173}]

Max g: 1.4146461779773745e-12
f_91([1.73578e-6,0.192576,-0.102267,-1.06936,0.734145,1.29427,0.991072,1.44316,-0.44371,-0.0413575,0.123885,-0.0790351,-0.0348469,-0.380668,0.242892,0.308628,-0.178517,1.50018,-0.995526,-0.0121516,-2.38563,-0.644187,-0.610345,-0.1676,1.09373,-0.166516,-0.495198,0.567979,1.20692,0.492123,0.516799,-1.21585,1.21049,-0.514572,0.514487,-1.21041,-0.206925,-0.492123,-0.516799,1.21585,0.713987,-0.726617,0.723007,-0.710376])
5.859373386717451
Max g: 1.2168044349891716e-12
f_92([1.73578e-6,0.192576,-0.102267,-1.06936,0.734145,1.29427,0.991072,1.44316,-0.44371,-0.0413575,0.123885,-0.0790351,-0.0348469,-0.380668,0.242892,0.308628,-0.178517,1.50018,-0.995526,-0.0121516,-2.38563,-0.644187,-0.610345,-0.1676,1.09373,-0.166516,-0.495198,0.567979,1.20692,0.492123,0.516799,-1.21585,1.21049,-0.514572,0.514487,-1.21041,-0.206925,-0.492123,-0.516799,1.21585,0.713987,-0.726617,0.723007,-0.710376])
5.859373386717451
Max g: 1.021405182655144e-12
f_93([1.73578e-6,0.192576,-0.102267,-1.06936,0.734145,1.29427,0.991072,1.44316,-0.44371,-0.0413575,0.123885,-0.0790351,-0.0348469,-0.380668,0.242892,0.308628,-0.178517,1.50018,-0.995526,-0.0121516,-2.38563,-0.644187,-0.610345,-0.1676,1.09373,-0.166516,-0.495198,0.567979,1.20692,0.492123,0.516799,-1.21585,1.21049,-0.514572,0.514487,-1.21041,-0.206925,-0.492123,-0.516799,1.21585,0.713987,-0.726617,0.723007,-0.710376])
5.859373386717451
Max g: 7.315953398645547e-13
f_94([1.73578e-6,0.192576,-0.102267,-1.06936,0.734145,1.29427,0.991072,1.44316,-0.44371,-0.0413575,0.123885,-0.0790351,-0.0348469,-0.380668,0.242892,0.308628,-0.178517,1.50018,-0.995526,-0.0121516,-2.38563,-0.644187,-0.610345,-0.1676,1.09373,-0.166516,-0.495198,0.567979,1.20692,0.492123,0.516799,-1.21585,1.21049,-0.514572,0.514487,-1.21041,-0.206925,-0.492123,-0.516799,1.21585,0.713987,-0.726617,0.723007,-0.710376])
5.859373386717451
Max g: 7.287503933639528e-13
f_95([1.73578e-6,0.192576,-0.102267,-1.06936,0.734145,1.29427,0.991072,1.44316,-0.44371,-0.0413575,0.123885,-0.0790351,-0.0348469,-0.380668,0.242892,0.308628,-0.178517,1.50018,-0.995526,-0.0121516,-2.38563,-0.644187,-0.610345,-0.1676,1.09373,-0.166516,-0.495198,0.567979,1.20692,0.492123,0.516799,-1.21585,1.21049,-0.514572,0.514487,-1.21041,-0.206925,-0.492123,-0.516799,1.21585,0.713987,-0.726617,0.723007,-0.710376])
5.859373386717451
Max g: 3.519406988061746e-13
f_96([1.73578e-6,0.192576,-0.102267,-1.06936,0.734145,1.29427,0.991072,1.44316,-0.44371,-0.0413575,0.123885,-0.0790351,-0.0348469,-0.380668,0.242892,0.308628,-0.178517,1.50018,-0.995526,-0.0121516,-2.38563,-0.644187,-0.610345,-0.1676,1.09373,-0.166516,-0.495198,0.567979,1.20692,0.492123,0.516799,-1.21585,1.21049,-0.514572,0.514487,-1.21041,-0.206925,-0.492123,-0.516799,1.21585,0.713987,-0.726617,0.723007,-0.710376])
5.859373386717451
Max g: 2.0405899192610377e-13
f_97([1.73578e-6,0.192576,-0.102267,-1.06936,0.734145,1.29427,0.991072,1.44316,-0.44371,-0.0413575,0.123885,-0.0790351,-0.0348469,-0.380668,0.242892,0.308628,-0.178517,1.50018,-0.995526,-0.0121516,-2.38563,-0.644187,-0.610345,-0.1676,1.09373,-0.166516,-0.495198,0.567979,1.20692,0.492123,0.516799,-1.21585,1.21049,-0.514572,0.514487,-1.21041,-0.206925,-0.492123,-0.516799,1.21585,0.713987,-0.726617,0.723007,-0.710376])
5.859373386717451
Max g: 2.7755575615628914e-13
f_98([1.73578e-6,0.192576,-0.102267,-1.06936,0.734145,1.29427,0.991072,1.44316,-0.44371,-0.0413575,0.123885,-0.0790351,-0.0348469,-0.380668,0.242892,0.308628,-0.178517,1.50018,-0.995526,-0.0121516,-2.38563,-0.644187,-0.610345,-0.1676,1.09373,-0.166516,-0.495198,0.567979,1.20692,0.492123,0.516799,-1.21585,1.21049,-0.514572,0.514487,-1.21041,-0.206925,-0.492123,-0.516799,1.21585,0.713987,-0.726617,0.723007,-0.710376])
5.859373386717451
Max g: 1.3936074516607277e-13
f_99([1.73578e-6,0.192576,-0.102267,-1.06936,0.734145,1.29427,0.991072,1.44316,-0.44371,-0.0413575,0.123885,-0.0790351,-0.0348469,-0.380668,0.242892,0.308628,-0.178517,1.50018,-0.995526,-0.0121516,-2.38563,-0.644187,-0.610345,-0.1676,1.09373,-0.166516,-0.495198,0.567979,1.20692,0.492123,0.516799,-1.21585,1.21049,-0.514572,0.514487,-1.21041,-0.206925,-0.492123,-0.516799,1.21585,0.713987,-0.726617,0.723007,-0.710376])
5.859373386717451
Max g: 1.0147438445073931e-13
f_100([1.73578e-6,0.192576,-0.102267,-1.06936,0.734145,1.29427,0.991072,1.44316,-0.44371,-0.0413575,0.123885,-0.0790351,-0.0348469,-0.380668,0.242892,0.308628,-0.178517,1.50018,-0.995526,-0.0121516,-2.38563,-0.644187,-0.610345,-0.1676,1.09373,-0.166516,-0.495198,0.567979,1.20692,0.492123,0.516799,-1.21585,1.21049,-0.514572,0.514487,-1.21041,-0.206925,-0.492123,-0.516799,1.21585,0.713987,-0.726617,0.723007,-0.710376])
5.859373386717451
{1.735779341100929e-6,0.19257616630937938,-0.10226651256599245,-1.0693634525133326,0.7341448702235065,1.2942704170088983,0.9910723170256881,1.4431620427047753,-0.44370976905409787,-0.041357507893257886,0.12388478883696721,-0.07903511707721574,-0.0348469034588674,-0.38066772824101447,0.242891885671874,0.3086279550868173,-0.17851710285000816,1.5001798763000005,-0.995526150849439,-0.012151560714679101,-2.385633552574949,-0.6441867789331651,-0.6103450538913384,-0.1676001494955609,1.0937349646705377,-0.16651625813913548,-0.49519784513979015,0.5679791386084069,1.2069245878499861,0.4921233256965238,0.5167991972245621,-1.2158471107710187,1.2104927928830584,-0.5145723142504524,0.5144871155751901,-1.2104075942078731,-0.20692458785000073,-0.49212332569656525,-0.5167991972245747,1.2158471107711144,0.7139867319632396,-0.7266173680412372,0.7230071196736008,-0.7103764835956048}]
Set[{A021,A031,A032,A041,A042,A043,A121,A131,A132,A141,A142,A143,B021,B031,B032,B041,B042,B043,B121,B131,B132,B141,B142,B143,\[Alpha]1,\[Alpha]2,\[Alpha]3,\[Alpha]4,\[Beta]11,\[Beta]12,\[Beta]13,\[Beta]14,\[Beta]21,\[Beta]22,\[Beta]23,\[Beta]24,\[Beta]31,\[Beta]32,\[Beta]33,\[Beta]34,\[Beta]41,\[Beta]42,\[Beta]43,\[Beta]44},{1.735779341100929e-6,0.19257616630937938,-0.10226651256599245,-1.0693634525133326,0.7341448702235065,1.2942704170088983,0.9910723170256881,1.4431620427047753,-0.44370976905409787,-0.041357507893257886,0.12388478883696721,-0.07903511707721574,-0.0348469034588674,-0.38066772824101447,0.242891885671874,0.3086279550868173,-0.17851710285000816,1.5001798763000005,-0.995526150849439,-0.012151560714679101,-2.385633552574949,-0.6441867789331651,-0.6103450538913384,-0.1676001494955609,1.0937349646705377,-0.16651625813913548,-0.49519784513979015,0.5679791386084069,1.2069245878499861,0.4921233256965238,0.5167991972245621,-1.2158471107710187,1.2104927928830584,-0.5145723142504524,0.5144871155751901,-1.2104075942078731,-0.20692458785000073,-0.49212332569656525,-0.5167991972245747,1.2158471107711144,0.7139867319632396,-0.7266173680412372,0.7230071196736008,-0.7103764835956048}]

Max g: 8.837375276016246e-14
f_101([1.73578e-6,0.192576,-0.102267,-1.06936,0.734145,1.29427,0.991072,1.44316,-0.44371,-0.0413575,0.123885,-0.0790351,-0.0348469,-0.380668,0.242892,0.308628,-0.178517,1.50018,-0.995526,-0.0121516,-2.38563,-0.644187,-0.610345,-0.1676,1.09373,-0.166516,-0.495198,0.567979,1.20692,0.492123,0.516799,-1.21585,1.21049,-0.514572,0.514487,-1.21041,-0.206925,-0.492123,-0.516799,1.21585,0.713987,-0.726617,0.723007,-0.710376])
5.859373386717451
Max g: 4.160560784782774e-14
f_102([1.73578e-6,0.192576,-0.102267,-1.06936,0.734145,1.29427,0.991072,1.44316,-0.44371,-0.0413575,0.123885,-0.0790351,-0.0348469,-0.380668,0.242892,0.308628,-0.178517,1.50018,-0.995526,-0.0121516,-2.38563,-0.644187,-0.610345,-0.1676,1.09373,-0.166516,-0.495198,0.567979,1.20692,0.492123,0.516799,-1.21585,1.21049,-0.514572,0.514487,-1.21041,-0.206925,-0.492123,-0.516799,1.21585,0.713987,-0.726617,0.723007,-0.710376])
5.859373386717451
Max g: 5.46229728115577e-14
{1.7357793666951164e-6,0.1925761663094748,-0.10226651256640214,-1.0693634525147262,0.7341448702220515,1.2942704170068189,0.9910723170258272,1.4431620427102152,-0.4437097690534876,-0.041357507908403264,0.1238847888319333,-0.07903511705077448,-0.03484690355537419,-0.38066772822319284,0.242891885689429,0.3086279550848481,-0.17851710285164288,1.5001798762974305,-0.9955261508496914,-0.01215156071612905,-2.3856335525754386,-0.6441867789355911,-0.610345053893233,-0.16760014949592988,1.0937349646698835,-0.16651625813961982,-0.49519784514159204,0.5679791386113285,1.2069245878477852,0.4921233256986067,0.5167991972269396,-1.2158471107733109,1.2104927928807265,-0.5145723142482459,0.5144871155775886,-1.2104075942100556,-0.20692458784776877,-0.4921233256986416,-0.516799197226936,1.2158471107733233,0.713986731961737,-0.7266173680411344,0.7230071196736415,-0.7103764835942403}]
Set[{A021,A031,A032,A041,A042,A043,A121,A131,A132,A141,A142,A143,B021,B031,B032,B041,B042,B043,B121,B131,B132,B141,B142,B143,\[Alpha]1,\[Alpha]2,\[Alpha]3,\[Alpha]4,\[Beta]11,\[Beta]12,\[Beta]13,\[Beta]14,\[Beta]21,\[Beta]22,\[Beta]23,\[Beta]24,\[Beta]31,\[Beta]32,\[Beta]33,\[Beta]34,\[Beta]41,\[Beta]42,\[Beta]43,\[Beta]44},{1.7357793666951164e-6,0.1925761663094748,-0.10226651256640214,-1.0693634525147262,0.7341448702220515,1.2942704170068189,0.9910723170258272,1.4431620427102152,-0.4437097690534876,-0.041357507908403264,0.1238847888319333,-0.07903511705077448,-0.03484690355537419,-0.38066772822319284,0.242891885689429,0.3086279550848481,-0.17851710285164288,1.5001798762974305,-0.9955261508496914,-0.01215156071612905,-2.3856335525754386,-0.6441867789355911,-0.610345053893233,-0.16760014949592988,1.0937349646698835,-0.16651625813961982,-0.49519784514159204,0.5679791386113285,1.2069245878477852,0.4921233256986067,0.5167991972269396,-1.2158471107733109,1.2104927928807265,-0.5145723142482459,0.5144871155775886,-1.2104075942100556,-0.20692458784776877,-0.4921233256986416,-0.516799197226936,1.2158471107733233,0.713986731961737,-0.7266173680411344,0.7230071196736415,-0.7103764835942403}]


-----------------Final Result------------------
Options: alg=LN_AUGLAG_EQ,dx=0.01,max_eval=100000000,popSize=0
imin=-12,jmin=-1,imax=1,jmax=1,
parameter_minmax=5,
randSeed=46218216,rand_minmax=1

10245179 steps

Completed with maxf : 5.859373386717451

Constraints at 6.518834f-10

x = [1.7357793666951164e-6,0.1925761663094748,-0.10226651256640214,-1.0693634525147262,0.7341448702220515,1.2942704170068189,0.9910723170258272,1.4431620427102152,-0.4437097690534876,-0.041357507908403264,0.1238847888319333,-0.07903511705077448,-0.03484690355537419,-0.38066772822319284,0.242891885689429,0.3086279550848481,-0.17851710285164288,1.5001798762974305,-0.9955261508496914,-0.01215156071612905,-2.3856335525754386,-0.6441867789355911,-0.610345053893233,-0.16760014949592988,1.0937349646698835,-0.16651625813961982,-0.49519784514159204,0.5679791386113285,1.2069245878477852,0.4921233256986067,0.5167991972269396,-1.2158471107733109,1.2104927928807265,-0.5145723142482459,0.5144871155775886,-1.2104075942100556,-0.20692458784776877,-0.4921233256986416,-0.516799197226936,1.2158471107733233,0.713986731961737,-0.7266173680411344,0.7230071196736415,-0.7103764835942403]
c0 = [0.0,1.7357793666951164e-6,0.09030965374307266,0.9590518347141442]
c1 = [0.0,0.9910723170258272,0.9994522736567276,0.003492163872755555]
A0 = [0.0,1.7357793666951164e-6,0.1925761663094748,-1.0693634525147262,0.0,0.0,-0.10226651256640214,0.7341448702220515,0.0,0.0,0.0,1.2942704170068189,0.0,0.0,0.0,0.0]
A1 = [0.0,0.9910723170258272,1.4431620427102152,-0.041357507908403264,0.0,0.0,-0.4437097690534876,0.1238847888319333,0.0,0.0,0.0,-0.07903511705077448,0.0,0.0,0.0,0.0]
B0 = [0.0,-0.03484690355537419,-0.38066772822319284,0.3086279550848481,0.0,0.0,0.242891885689429,-0.17851710285164288,0.0,0.0,0.0,1.5001798762974305,0.0,0.0,0.0,0.0]
B1 = [0.0,-0.9955261508496914,-0.01215156071612905,-0.6441867789355911,0.0,0.0,-2.3856335525754386,-0.610345053893233,0.0,0.0,0.0,-0.16760014949592988,0.0,0.0,0.0,0.0]
  = [1.0937349646698835,-0.16651625813961982,-0.49519784514159204,0.5679791386113285]
1 = [1.2069245878477852,0.4921233256986067,0.5167991972269396,-1.2158471107733109]
2 = [1.2104927928807265,-0.5145723142482459,0.5144871155775886,-1.2104075942100556]
3 = [-0.20692458784776877,-0.4921233256986416,-0.516799197226936,1.2158471107733233]
4 = [0.713986731961737,-0.7266173680411344,0.7230071196736415,-0.7103764835942403]


Set[{A021,A031,A032,A041,A042,A043,A121,A131,A132,A141,A142,A143,B021,B031,B032,B041,B042,B043,B121,B131,B132,B141,B142,B143,\[Alpha]1,\[Alpha]2,\[Alpha]3,\[Alpha]4,\[Beta]11,\[Beta]12,\[Beta]13,\[Beta]14,\[Beta]21,\[Beta]22,\[Beta]23,\[Beta]24,\[Beta]31,\[Beta]32,\[Beta]33,\[Beta]34,\[Beta]41,\[Beta]42,\[Beta]43,\[Beta]44},{1.7357793666951164e-6,0.1925761663094748,-0.10226651256640214,-1.0693634525147262,0.7341448702220515,1.2942704170068189,0.9910723170258272,1.4431620427102152,-0.4437097690534876,-0.041357507908403264,0.1238847888319333,-0.07903511705077448,-0.03484690355537419,-0.38066772822319284,0.242891885689429,0.3086279550848481,-0.17851710285164288,1.5001798762974305,-0.9955261508496914,-0.01215156071612905,-2.3856335525754386,-0.6441867789355911,-0.610345053893233,-0.16760014949592988,1.0937349646698835,-0.16651625813961982,-0.49519784514159204,0.5679791386113285,1.2069245878477852,0.4921233256986067,0.5167991972269396,-1.2158471107733109,1.2104927928807265,-0.5145723142482459,0.5144871155775886,-1.2104075942100556,-0.20692458784776877,-0.4921233256986416,-0.516799197226936,1.2158471107733233,0.713986731961737,-0.7266173680411344,0.7230071196736415,-0.7103764835942403}]



