
-----------------Setup------------------
Options: alg=LN_AUGLAG_EQ,dx=0.01,max_eval=100000000,popSize=0
imin=-12,jmin=-1,imax=1,jmax=1,
parameter_minmax=5,
randSeed=8050358, rand_minmax=2

Initial Condition:

[-0.453779,-0.908773,1.68085,1.39547,-0.720462,1.41666,-0.622526,1.74345,1.83092,-0.760491,0.872462,-0.205185,1.12402,0.92609,1.83695,1.92512,-0.808405,-1.64048,1.44365,-0.794439,0.543578,-0.219953,-1.4305,0.703371,1.30481,1.98538,0.00257561,1.01793,-1.30784,0.797855,1.62851,-0.566913,-1.7044,1.25322,-1.96344,1.47987,0.644136,0.403413,0.297075,1.68971,0.952527,0.427012,0.138768,1.38035]

f_1([6.77078e-10,-0.911269,1.53603,1.11459,-0.860313,-0.0118225,0.410866,-0.416417,0.58627,-0.784779,1.09066,-0.0180783,-1.3031,2.46944,1.70433,2.7897,0.194074,-1.37073,2.41467,0.293323,-0.00547223,-0.771331,-0.8531,2.94702,-0.126819,0.31609,0.124644,-0.272242,-0.669423,-0.582576,2.96293,-1.50163,-0.249531,0.760695,-0.734172,0.412734,-0.720091,-0.565144,-1.01308,0.713026,1.18243,-0.3308,-0.723173,0.311977])
24.90412656165751
Max g: 5.096454833137102
f_2([0.057807,-1.89884,1.93042,1.22195,-0.71955,-0.0047917,0.0378216,-0.355824,0.635874,-0.732384,1.20034,0.0673739,-0.149258,2.08633,1.70746,3.66659,-0.998787,-1.75692,1.8864,1.4223,-0.227897,-1.13263,-0.360657,0.647204,0.360668,0.147572,0.0906234,0.186039,-1.19516,-0.176481,1.05091,1.24245,0.119104,0.368895,-0.692906,-0.14441,1.62441,0.474612,-1.26847,-0.779809,0.902003,1.354,-1.83511,-0.122492])
18.568104902084507
Max g: 0.7606325862961367
f_3([0.0122953,-1.63713,2.28079,1.30881,-0.701804,0.212109,0.94123,-0.18187,0.843593,-0.727465,1.20413,-0.177287,0.236318,1.99708,1.60522,4.17737,-0.867484,-1.56575,1.18007,0.802554,-0.24493,-1.57681,-0.0529282,0.737225,0.336478,0.0243233,-0.0471904,0.689702,-0.936323,0.0300446,1.1421,0.760197,0.522951,0.472264,-0.306455,-0.687885,1.95427,-0.0355056,-1.13637,-0.770784,0.349256,1.68525,-2.63073,0.589767])
3.7308614498606127
Max g: 0.059730526697692854
f_4([0.0129639,-1.63568,2.31292,1.30191,-0.693068,0.20353,0.966946,-0.153094,0.832516,-0.754963,1.16097,-0.185872,0.261018,1.79404,1.60801,4.14303,-0.870667,-1.5662,1.07135,0.725432,-0.25948,-1.66362,0.0110125,0.737057,0.342412,0.0463385,-0.0323226,0.642707,-0.884286,0.166802,1.00284,0.712126,0.738372,0.643674,-0.699576,-0.685349,1.88534,-0.165448,-1.00532,-0.712942,0.291872,1.76264,-2.72693,0.674689])
3.6665328239662567
Max g: 0.02621249682080684
f_5([0.0134482,-1.63271,2.31151,1.29933,-0.697335,0.208386,0.987003,-0.147169,0.835994,-0.773912,1.14386,-0.184779,0.270033,1.79677,1.60972,4.14049,-0.867673,-1.56918,1.0237,0.690315,-0.264764,-1.70044,0.0449489,0.725868,0.346278,0.0428391,-0.0318538,0.643189,-0.854566,0.229731,0.938245,0.685339,0.803385,0.706764,-0.833007,-0.677773,1.85252,-0.230072,-0.936841,-0.6847,0.258021,1.79721,-2.76633,0.711992])
3.614731874830307
Max g: 0.010913524844517852
f_6([0.0134482,-1.63271,2.31151,1.29933,-0.697335,0.208386,0.987004,-0.147169,0.835994,-0.773912,1.14386,-0.184779,0.270033,1.79677,1.60972,4.14049,-0.867673,-1.56918,1.0237,0.690315,-0.264764,-1.70044,0.0449489,0.725868,0.346278,0.0428391,-0.0318538,0.643189,-0.854566,0.229731,0.938245,0.685339,0.803386,0.706764,-0.833007,-0.677773,1.85252,-0.230072,-0.936841,-0.6847,0.258021,1.79721,-2.76633,0.711992])
3.614731874830307
Max g: 0.010913486861655303
f_7([0.0134482,-1.63271,2.31151,1.29933,-0.697335,0.208386,0.987004,-0.147169,0.835994,-0.773912,1.14386,-0.184779,0.270033,1.79677,1.60972,4.14049,-0.867673,-1.56918,1.0237,0.690315,-0.264764,-1.70044,0.0449489,0.725868,0.346278,0.0428391,-0.0318538,0.643189,-0.854566,0.229731,0.938245,0.685339,0.803386,0.706764,-0.833007,-0.677773,1.85252,-0.230072,-0.936841,-0.6847,0.258021,1.79721,-2.76633,0.711992])
3.614731874830307
Max g: 0.010913486582108334
f_8([0.0135169,-1.63607,2.31733,1.29775,-0.696578,0.207989,1.0,-0.144283,0.837965,-0.783891,1.13206,-0.189216,0.286193,1.7999,1.6116,4.13956,-0.866807,-1.56863,0.990648,0.662404,-0.266378,-1.73111,0.0723412,0.719152,0.34704,0.0414472,-0.032067,0.643862,-0.830665,0.277355,0.887897,0.665768,0.849614,0.749567,-0.929629,-0.6691,1.82997,-0.278301,-0.886719,-0.665212,0.231898,1.8176,-2.78989,0.740317])
3.566013131880949
Max g: 0.006804948101859165
f_9([0.013521,-1.63606,2.31731,1.29773,-0.696522,0.208148,1.0,-0.144114,0.837848,-0.783987,1.13204,-0.189378,0.286405,1.79889,1.61195,4.13946,-0.866851,-1.56847,0.990466,0.662163,-0.266212,-1.73158,0.0726801,0.719175,0.347014,0.0410679,-0.0321548,0.644183,-0.831601,0.277325,0.888893,0.665744,0.847542,0.74821,-0.927005,-0.668055,1.83107,-0.277588,-0.888171,-0.665708,0.231632,1.81816,-2.79034,0.740532])
3.567206243953178
Max g: 0.006101728886582586
f_10([0.013584,-1.6367,2.31748,1.29773,-0.696805,0.2084,0.99823,-0.144326,0.837133,-0.78277,1.13388,-0.188773,0.285686,1.79741,1.61209,4.13986,-0.866528,-1.56811,0.994848,0.665357,-0.265815,-1.72787,0.0692355,0.720314,0.347156,0.0408352,-0.0324509,0.644443,-0.835977,0.270736,0.896781,0.668518,0.838039,0.740763,-0.910314,-0.668374,1.83607,-0.270681,-0.896918,-0.668525,0.235484,1.81474,-2.78751,0.737192])
3.5747626204106298
{0.013583980913269188,-1.6367003570744905,2.3174839584279887,1.2977342686688231,-0.6968045588415986,0.20840023894087462,0.9982302698668047,-0.14432568144765778,0.8371329106275711,-0.7827695245198643,1.13387668728183,-0.18877279231779823,0.28568572836960204,1.797411559437761,1.6120876205187311,4.139855822198343,-0.8665284541599311,-1.5681131492620228,0.9948480593687671,0.6653574803782352,-0.265815230320933,-1.7278694805772017,0.06923547953358533,0.7203139950638983,0.34715599069538705,0.0408351707219486,-0.032450892315446664,0.6444431654656073,-0.835977252939326,0.270735977867164,0.896781146467036,0.6685180231294103,0.8380388138499635,0.7407630256552278,-0.9103137370824752,-0.6683738725726328,1.8360703209750848,-0.2706805978370083,-0.8969181913024596,-0.6685254392355352,0.2354841548642463,1.8147394466112345,-2.787510925065,0.7371915136661791}]
Set[{A021,A031,A032,A041,A042,A043,A121,A131,A132,A141,A142,A143,B021,B031,B032,B041,B042,B043,B121,B131,B132,B141,B142,B143,\[Alpha]1,\[Alpha]2,\[Alpha]3,\[Alpha]4,\[Beta]11,\[Beta]12,\[Beta]13,\[Beta]14,\[Beta]21,\[Beta]22,\[Beta]23,\[Beta]24,\[Beta]31,\[Beta]32,\[Beta]33,\[Beta]34,\[Beta]41,\[Beta]42,\[Beta]43,\[Beta]44},{0.013583980913269188,-1.6367003570744905,2.3174839584279887,1.2977342686688231,-0.6968045588415986,0.20840023894087462,0.9982302698668047,-0.14432568144765778,0.8371329106275711,-0.7827695245198643,1.13387668728183,-0.18877279231779823,0.28568572836960204,1.797411559437761,1.6120876205187311,4.139855822198343,-0.8665284541599311,-1.5681131492620228,0.9948480593687671,0.6653574803782352,-0.265815230320933,-1.7278694805772017,0.06923547953358533,0.7203139950638983,0.34715599069538705,0.0408351707219486,-0.032450892315446664,0.6444431654656073,-0.835977252939326,0.270735977867164,0.896781146467036,0.6685180231294103,0.8380388138499635,0.7407630256552278,-0.9103137370824752,-0.6683738725726328,1.8360703209750848,-0.2706805978370083,-0.8969181913024596,-0.6685254392355352,0.2354841548642463,1.8147394466112345,-2.787510925065,0.7371915136661791}]

Max g: 0.0023365919287506587
f_11([0.0135299,-1.63661,2.31753,1.29781,-0.696897,0.208432,0.996204,-0.144571,0.836488,-0.781337,1.13536,-0.188626,0.284601,1.79723,1.6123,4.13998,-0.866303,-1.56772,0.99804,0.667809,-0.265548,-1.72493,0.0666424,0.720991,0.347039,0.0410512,-0.0326044,0.644512,-0.838368,0.266133,0.901847,0.670407,0.833013,0.736432,-0.900327,-0.669127,1.83847,-0.266068,-0.90195,-0.67044,0.238032,1.81238,-2.78501,0.734609])
3.583313256928272
Max g: 4.170396848601765e-5
f_12([0.013512,-1.6366,2.31692,1.29778,-0.696907,0.208437,0.996184,-0.144561,0.836461,-0.781349,1.1354,-0.18863,0.284594,1.7973,1.61231,4.13998,-0.866333,-1.56773,0.998104,0.667838,-0.265535,-1.72488,0.0665999,0.721008,0.347078,0.0410069,-0.0325987,0.644514,-0.838432,0.266056,0.901927,0.670456,0.832975,0.73631,-0.900125,-0.669164,1.83852,-0.266031,-0.902009,-0.670466,0.238077,1.81232,-2.78497,0.734565])
3.5829155529041956
Max g: 1.8059598977132607e-5
f_13([0.013512,-1.6366,2.31692,1.29778,-0.696907,0.208437,0.996183,-0.144561,0.836461,-0.781349,1.1354,-0.18863,0.284594,1.7973,1.61231,4.13998,-0.866333,-1.56773,0.998104,0.667838,-0.265535,-1.72488,0.0665996,0.721008,0.347078,0.0410067,-0.0325986,0.644514,-0.838432,0.266056,0.901928,0.670456,0.832974,0.736311,-0.900124,-0.669164,1.83852,-0.26603,-0.902009,-0.670466,0.238077,1.81232,-2.78496,0.734564])
3.5828161268981766
Max g: 1.8032056198921675e-5
f_14([0.013512,-1.6366,2.31692,1.29778,-0.696907,0.208437,0.996183,-0.144561,0.836461,-0.781349,1.1354,-0.18863,0.284594,1.7973,1.61231,4.13998,-0.866333,-1.56773,0.998104,0.667838,-0.265535,-1.72488,0.0665996,0.721008,0.347078,0.0410067,-0.0325986,0.644514,-0.838432,0.266056,0.901928,0.670456,0.832974,0.736311,-0.900124,-0.669164,1.83852,-0.26603,-0.902009,-0.670466,0.238077,1.81232,-2.78496,0.734564])
3.5829155529041956
Max g: 1.8032052725658332e-5
f_15([0.013512,-1.6366,2.31692,1.29778,-0.696907,0.208437,0.996183,-0.144561,0.836461,-0.781349,1.1354,-0.18863,0.284594,1.7973,1.61231,4.13998,-0.866333,-1.56773,0.998104,0.667838,-0.265535,-1.72488,0.0665996,0.721008,0.347078,0.0410067,-0.0325986,0.644514,-0.838432,0.266056,0.901928,0.670456,0.832974,0.736311,-0.900124,-0.669164,1.83852,-0.26603,-0.902009,-0.670466,0.238077,1.81232,-2.78496,0.734564])
3.5829155529041956
Max g: 1.8032049600269495e-5
f_16([0.013512,-1.6366,2.31692,1.29778,-0.696907,0.208437,0.996183,-0.144561,0.836461,-0.781349,1.1354,-0.18863,0.284594,1.7973,1.61231,4.13998,-0.866333,-1.56773,0.998104,0.667838,-0.265535,-1.72488,0.0665996,0.721008,0.347078,0.0410067,-0.0325986,0.644514,-0.838432,0.266056,0.901928,0.670456,0.832974,0.736311,-0.900124,-0.669164,1.83852,-0.26603,-0.902009,-0.670466,0.238077,1.81232,-2.78496,0.734564])
3.5829155529041956
Max g: 1.8032047401903006e-5
f_17([0.0135174,-1.63697,2.31692,1.29779,-0.696906,0.208441,0.996166,-0.144563,0.836454,-0.781337,1.13541,-0.188636,0.28458,1.79732,1.61231,4.13999,-0.866335,-1.56773,0.998104,0.66784,-0.265536,-1.72487,0.0665926,0.721011,0.347085,0.041008,-0.0325949,0.644501,-0.838446,0.266057,0.901931,0.670459,0.832977,0.736324,-0.900132,-0.669171,1.8385,-0.266032,-0.901992,-0.670471,0.238085,1.81232,-2.78496,0.73456])
3.5826172748861382
Max g: 1.3692840568846343e-5
f_18([0.0135174,-1.63697,2.31692,1.29779,-0.696906,0.208441,0.996165,-0.144563,0.836454,-0.781336,1.13541,-0.188636,0.28458,1.79732,1.61231,4.13999,-0.866335,-1.56773,0.998104,0.66784,-0.265536,-1.72487,0.0665926,0.721011,0.347085,0.041008,-0.0325949,0.644501,-0.838446,0.266057,0.901931,0.67046,0.832977,0.736325,-0.900132,-0.669171,1.8385,-0.266032,-0.901992,-0.670471,0.238085,1.81232,-2.78496,0.73456])
3.582716700892157
Max g: 1.3703100819939529e-5
f_19([0.0135174,-1.63697,2.31692,1.29779,-0.696906,0.208441,0.996165,-0.144563,0.836454,-0.781336,1.13541,-0.188636,0.28458,1.79732,1.61231,4.13999,-0.866335,-1.56773,0.998104,0.66784,-0.265536,-1.72487,0.0665926,0.721011,0.347085,0.041008,-0.0325949,0.644501,-0.838446,0.266057,0.901931,0.67046,0.832977,0.736325,-0.900132,-0.669171,1.8385,-0.266032,-0.901992,-0.670471,0.238085,1.81232,-2.78496,0.73456])
3.582716700892157
Max g: 1.3703103714735043e-5
f_20([0.0135178,-1.63697,2.31691,1.29779,-0.696902,0.20844,0.996161,-0.144562,0.83645,-0.781333,1.13542,-0.188647,0.284556,1.79732,1.61231,4.13999,-0.866335,-1.56773,0.998101,0.667838,-0.265537,-1.72487,0.0665933,0.72101,0.347087,0.041009,-0.0325936,0.644498,-0.838455,0.266057,0.901938,0.670461,0.832984,0.736331,-0.900144,-0.669172,1.83848,-0.266041,-0.901976,-0.670467,0.238082,1.81232,-2.78496,0.734563])
3.582716700892157
{0.013517784421867319,-1.6369720485277002,2.316914712280921,1.2977859802712681,-0.6969019982875928,0.20843973621716178,0.9961611180331577,-0.14456176524010625,0.8364504707142151,-0.7813328260108873,1.1354152265169708,-0.18864675672046186,0.2845560758071314,1.7973202743479475,1.6123093623589646,4.139985850301947,-0.866335015301201,-1.5677284322523408,0.9981013502605004,0.6678384200943073,-0.2655366209730051,-1.7248720198059269,0.06659333919859504,0.721010294382878,0.34708684605456286,0.041008970153021566,-0.032593592991749264,0.6444976668243244,-0.8384545254500111,0.26605661478212095,0.9019380583525491,0.670460587982784,0.8329837345403662,0.7363307267146525,-0.9001435058960566,-0.6691719445944703,1.8384844008118153,-0.26604083372543913,-0.901975576484085,-0.6704665960249012,0.23808238362959797,1.812319178390336,-2.7849636003310736,0.7345625402396426}]
Set[{A021,A031,A032,A041,A042,A043,A121,A131,A132,A141,A142,A143,B021,B031,B032,B041,B042,B043,B121,B131,B132,B141,B142,B143,\[Alpha]1,\[Alpha]2,\[Alpha]3,\[Alpha]4,\[Beta]11,\[Beta]12,\[Beta]13,\[Beta]14,\[Beta]21,\[Beta]22,\[Beta]23,\[Beta]24,\[Beta]31,\[Beta]32,\[Beta]33,\[Beta]34,\[Beta]41,\[Beta]42,\[Beta]43,\[Beta]44},{0.013517784421867319,-1.6369720485277002,2.316914712280921,1.2977859802712681,-0.6969019982875928,0.20843973621716178,0.9961611180331577,-0.14456176524010625,0.8364504707142151,-0.7813328260108873,1.1354152265169708,-0.18864675672046186,0.2845560758071314,1.7973202743479475,1.6123093623589646,4.139985850301947,-0.866335015301201,-1.5677284322523408,0.9981013502605004,0.6678384200943073,-0.2655366209730051,-1.7248720198059269,0.06659333919859504,0.721010294382878,0.34708684605456286,0.041008970153021566,-0.032593592991749264,0.6444976668243244,-0.8384545254500111,0.26605661478212095,0.9019380583525491,0.670460587982784,0.8329837345403662,0.7363307267146525,-0.9001435058960566,-0.6691719445944703,1.8384844008118153,-0.26604083372543913,-0.901975576484085,-0.6704665960249012,0.23808238362959797,1.812319178390336,-2.7849636003310736,0.7345625402396426}]

Max g: 1.0920999151509125e-5
f_21([0.0135178,-1.63697,2.31691,1.29779,-0.696902,0.20844,0.996161,-0.144562,0.83645,-0.781332,1.13542,-0.188648,0.284555,1.79732,1.61231,4.13999,-0.866335,-1.56773,0.998101,0.667838,-0.265537,-1.72487,0.0665935,0.72101,0.347087,0.041009,-0.0325935,0.644498,-0.838455,0.266057,0.901939,0.670461,0.832984,0.736331,-0.900145,-0.669172,1.83848,-0.266042,-0.901974,-0.670466,0.238082,1.81232,-2.78496,0.734563])
3.582716700892157
Max g: 1.055857904391777e-5
f_22([0.0135178,-1.63697,2.31691,1.29779,-0.696902,0.20844,0.996161,-0.144562,0.83645,-0.781332,1.13542,-0.188648,0.284555,1.79732,1.61231,4.13999,-0.866335,-1.56773,0.998101,0.667838,-0.265537,-1.72487,0.0665936,0.72101,0.347087,0.041009,-0.0325935,0.644497,-0.838455,0.266057,0.901939,0.670461,0.832985,0.736331,-0.900145,-0.669172,1.83848,-0.266042,-0.901974,-0.670466,0.238082,1.81232,-2.78496,0.734563])
3.582716700892157
Max g: 1.0504287672713497e-5
f_23([0.0135178,-1.63697,2.31691,1.29779,-0.696902,0.20844,0.996161,-0.144562,0.83645,-0.781332,1.13542,-0.188648,0.284555,1.79732,1.61231,4.13999,-0.866335,-1.56773,0.998101,0.667838,-0.265537,-1.72487,0.0665936,0.72101,0.347087,0.041009,-0.0325935,0.644497,-0.838455,0.266057,0.901939,0.670461,0.832985,0.736331,-0.900145,-0.669172,1.83848,-0.266042,-0.901974,-0.670466,0.238082,1.81232,-2.78496,0.734563])
3.582716700892157
Max g: 1.0489923673751012e-5
f_24([0.0135178,-1.63697,2.31691,1.29779,-0.696902,0.20844,0.996161,-0.144562,0.83645,-0.781332,1.13542,-0.188648,0.284555,1.79732,1.61231,4.13999,-0.866335,-1.56773,0.998101,0.667838,-0.265537,-1.72487,0.0665936,0.72101,0.347087,0.041009,-0.0325935,0.644497,-0.838455,0.266057,0.901939,0.670461,0.832985,0.736331,-0.900145,-0.669172,1.83848,-0.266042,-0.901974,-0.670466,0.238082,1.81232,-2.78496,0.734563])
3.582716700892157
Max g: 1.0483603477551284e-5
f_25([0.0135178,-1.63697,2.31691,1.29779,-0.696902,0.20844,0.996161,-0.144562,0.83645,-0.781332,1.13542,-0.188648,0.284555,1.79732,1.61231,4.13999,-0.866335,-1.56773,0.998101,0.667838,-0.265537,-1.72487,0.0665936,0.72101,0.347087,0.041009,-0.0325935,0.644497,-0.838455,0.266057,0.901939,0.670461,0.832985,0.736331,-0.900145,-0.669172,1.83848,-0.266042,-0.901974,-0.670466,0.238082,1.81232,-2.78496,0.734563])
3.582716700892157
Max g: 1.0479197487284209e-5
f_26([0.0135178,-1.63697,2.31691,1.29779,-0.696902,0.20844,0.996161,-0.144562,0.83645,-0.781332,1.13542,-0.188648,0.284555,1.79732,1.61231,4.13999,-0.866335,-1.56773,0.998101,0.667838,-0.265537,-1.72487,0.0665936,0.72101,0.347087,0.041009,-0.0325935,0.644497,-0.838455,0.266057,0.901939,0.670461,0.832985,0.736331,-0.900145,-0.669172,1.83848,-0.266042,-0.901973,-0.670466,0.238082,1.81232,-2.78496,0.734563])
3.582716700892157
Max g: 1.0476892145422356e-5
f_27([0.0135178,-1.63697,2.31691,1.29779,-0.696902,0.20844,0.996161,-0.144562,0.83645,-0.781332,1.13542,-0.188648,0.284555,1.79732,1.61231,4.13999,-0.866335,-1.56773,0.998101,0.667838,-0.265537,-1.72487,0.0665936,0.72101,0.347087,0.041009,-0.0325935,0.644497,-0.838455,0.266057,0.901939,0.670461,0.832985,0.736331,-0.900145,-0.669172,1.83848,-0.266042,-0.901973,-0.670466,0.238082,1.81232,-2.78496,0.734563])
3.582716700892157
Max g: 1.0475309005580913e-5
f_28([0.0135178,-1.63697,2.31691,1.29779,-0.696902,0.20844,0.996161,-0.144562,0.83645,-0.781332,1.13542,-0.188648,0.284555,1.79732,1.61231,4.13999,-0.866335,-1.56773,0.998101,0.667838,-0.265537,-1.72487,0.0665936,0.72101,0.347087,0.041009,-0.0325935,0.644497,-0.838455,0.266057,0.901939,0.670461,0.832985,0.736331,-0.900145,-0.669172,1.83848,-0.266042,-0.901973,-0.670466,0.238082,1.81232,-2.78496,0.734563])
3.582716700892157
Max g: 1.0474400110760396e-5
f_29([0.0135178,-1.63697,2.31691,1.29779,-0.696902,0.20844,0.996161,-0.144562,0.83645,-0.781332,1.13542,-0.188648,0.284555,1.79732,1.61231,4.13999,-0.866335,-1.56773,0.998101,0.667838,-0.265537,-1.72487,0.0665936,0.72101,0.347087,0.041009,-0.0325935,0.644497,-0.838455,0.266057,0.901939,0.670461,0.832985,0.736331,-0.900145,-0.669172,1.83848,-0.266042,-0.901973,-0.670466,0.238082,1.81232,-2.78496,0.734563])
3.582716700892157
Max g: 1.047349546121068e-5
f_30([0.0135178,-1.63697,2.31691,1.29779,-0.696902,0.20844,0.996161,-0.144562,0.83645,-0.781332,1.13542,-0.188648,0.284555,1.79732,1.61231,4.13999,-0.866335,-1.56773,0.998101,0.667838,-0.265537,-1.72487,0.0665936,0.72101,0.347087,0.041009,-0.0325935,0.644497,-0.838455,0.266057,0.901939,0.670461,0.832985,0.736331,-0.900145,-0.669172,1.83848,-0.266042,-0.901973,-0.670466,0.238082,1.81232,-2.78496,0.734563])
3.582716700892157
{0.01351778897554723,-1.6369720802545036,2.3169146850865676,1.2977861038389378,-0.696901871955536,0.20843979029366128,0.9961611673639881,-0.14456165993534792,0.8364503743536993,-0.7813322309541747,1.1354156549798804,-0.1886479941010582,0.2845548447544988,1.797320360712498,1.6123094546680097,4.139985823474265,-0.866335053978624,-1.5677284723873033,0.9981009860865117,0.6678381433706745,-0.26553666031262896,-1.7248722612147007,0.06659356938161691,0.7210102433899606,0.34708700577307156,0.04100900176477079,-0.032593518300374706,0.6444974868153462,-0.8384552945073955,0.26605663096273924,0.9019387408395018,0.6704606065420012,0.8329845807219431,0.7363313782113057,-0.9001449161241648,-0.669171987772899,1.8384830596769017,-0.2660420324172165,-0.901973476246918,-0.670466227592965,0.23808203949188234,1.8123194007635097,-2.784963815358843,0.7345628742845314}]
Set[{A021,A031,A032,A041,A042,A043,A121,A131,A132,A141,A142,A143,B021,B031,B032,B041,B042,B043,B121,B131,B132,B141,B142,B143,\[Alpha]1,\[Alpha]2,\[Alpha]3,\[Alpha]4,\[Beta]11,\[Beta]12,\[Beta]13,\[Beta]14,\[Beta]21,\[Beta]22,\[Beta]23,\[Beta]24,\[Beta]31,\[Beta]32,\[Beta]33,\[Beta]34,\[Beta]41,\[Beta]42,\[Beta]43,\[Beta]44},{0.01351778897554723,-1.6369720802545036,2.3169146850865676,1.2977861038389378,-0.696901871955536,0.20843979029366128,0.9961611673639881,-0.14456165993534792,0.8364503743536993,-0.7813322309541747,1.1354156549798804,-0.1886479941010582,0.2845548447544988,1.797320360712498,1.6123094546680097,4.139985823474265,-0.866335053978624,-1.5677284723873033,0.9981009860865117,0.6678381433706745,-0.26553666031262896,-1.7248722612147007,0.06659356938161691,0.7210102433899606,0.34708700577307156,0.04100900176477079,-0.032593518300374706,0.6444974868153462,-0.8384552945073955,0.26605663096273924,0.9019387408395018,0.6704606065420012,0.8329845807219431,0.7363313782113057,-0.9001449161241648,-0.669171987772899,1.8384830596769017,-0.2660420324172165,-0.901973476246918,-0.670466227592965,0.23808203949188234,1.8123194007635097,-2.784963815358843,0.7345628742845314}]

Max g: 1.0472685487566968e-5
f_31([0.0135178,-1.63697,2.31691,1.29779,-0.696902,0.20844,0.996161,-0.144562,0.83645,-0.781332,1.13542,-0.188648,0.284555,1.79732,1.61231,4.13999,-0.866335,-1.56773,0.998101,0.667838,-0.265537,-1.72487,0.0665936,0.72101,0.347087,0.041009,-0.0325935,0.644497,-0.838455,0.266057,0.901939,0.670461,0.832985,0.736331,-0.900145,-0.669172,1.83848,-0.266042,-0.901973,-0.670466,0.238082,1.81232,-2.78496,0.734563])
3.582716700892157
Max g: 1.0472195476868285e-5
f_32([0.0135178,-1.63697,2.31691,1.29779,-0.696902,0.20844,0.996161,-0.144562,0.83645,-0.781332,1.13542,-0.188648,0.284555,1.79732,1.61231,4.13999,-0.866335,-1.56773,0.998101,0.667838,-0.265537,-1.72487,0.0665936,0.72101,0.347087,0.041009,-0.0325935,0.644497,-0.838455,0.266057,0.901939,0.670461,0.832985,0.736331,-0.900145,-0.669172,1.83848,-0.266042,-0.901973,-0.670466,0.238082,1.81232,-2.78496,0.734563])
3.582716700892157
Max g: 1.0471713415421968e-5
f_33([0.0135178,-1.63697,2.31691,1.29779,-0.696902,0.20844,0.996161,-0.144562,0.83645,-0.781332,1.13542,-0.188648,0.284555,1.79732,1.61231,4.13999,-0.866335,-1.56773,0.998101,0.667838,-0.265537,-1.72487,0.0665936,0.72101,0.347087,0.041009,-0.0325935,0.644497,-0.838455,0.266057,0.901939,0.670461,0.832985,0.736331,-0.900145,-0.669172,1.83848,-0.266042,-0.901973,-0.670466,0.238082,1.81232,-2.78496,0.734563])
3.582716700892157
Max g: 1.0471221237845496e-5
f_34([0.0135178,-1.63697,2.31691,1.29779,-0.696902,0.20844,0.996161,-0.144562,0.83645,-0.781332,1.13542,-0.188648,0.284555,1.79732,1.61231,4.13999,-0.866335,-1.56773,0.998101,0.667838,-0.265537,-1.72487,0.0665936,0.72101,0.347087,0.041009,-0.0325935,0.644497,-0.838455,0.266057,0.901939,0.670461,0.832985,0.736331,-0.900145,-0.669172,1.83848,-0.266042,-0.901973,-0.670466,0.238082,1.81232,-2.78496,0.734563])
3.5825178488801193
Max g: 1.047072339316335e-5
f_35([0.0135178,-1.63697,2.31691,1.29779,-0.696902,0.20844,0.996161,-0.144562,0.83645,-0.781332,1.13542,-0.188648,0.284555,1.79732,1.61231,4.13999,-0.866335,-1.56773,0.998101,0.667838,-0.265537,-1.72487,0.0665936,0.72101,0.347087,0.041009,-0.0325935,0.644497,-0.838455,0.266057,0.901939,0.670461,0.832985,0.736331,-0.900145,-0.669172,1.83848,-0.266042,-0.901973,-0.670466,0.238082,1.81232,-2.78496,0.734563])
3.582716700892157
Max g: 1.0470250246585877e-5
f_36([0.0135178,-1.63697,2.31691,1.29779,-0.696902,0.20844,0.996161,-0.144562,0.83645,-0.781332,1.13542,-0.188648,0.284555,1.79732,1.61231,4.13999,-0.866335,-1.56773,0.998101,0.667838,-0.265537,-1.72487,0.0665936,0.72101,0.347087,0.041009,-0.0325935,0.644497,-0.838455,0.266057,0.901939,0.670461,0.832985,0.736331,-0.900145,-0.669172,1.83848,-0.266042,-0.901973,-0.670466,0.238082,1.81232,-2.78496,0.734563])
3.582716700892157
Max g: 1.046975371823966e-5
f_37([0.0135178,-1.63697,2.31691,1.29779,-0.696902,0.20844,0.996161,-0.144562,0.83645,-0.781332,1.13542,-0.188648,0.284555,1.79732,1.61231,4.13999,-0.866335,-1.56773,0.998101,0.667838,-0.265537,-1.72487,0.0665936,0.72101,0.347087,0.041009,-0.0325935,0.644497,-0.838455,0.266057,0.901939,0.670461,0.832985,0.736331,-0.900145,-0.669172,1.83848,-0.266042,-0.901973,-0.670466,0.238082,1.81232,-2.78496,0.734563])
3.582716700892157
Max g: 1.0469275965430125e-5
f_38([0.0135178,-1.63697,2.31691,1.29779,-0.696902,0.20844,0.996161,-0.144562,0.83645,-0.781332,1.13542,-0.188648,0.284555,1.79732,1.61231,4.13999,-0.866335,-1.56773,0.998101,0.667838,-0.265537,-1.72487,0.0665936,0.72101,0.347087,0.041009,-0.0325935,0.644497,-0.838455,0.266057,0.901939,0.670461,0.832985,0.736331,-0.900145,-0.669172,1.83848,-0.266042,-0.901973,-0.670466,0.238082,1.81232,-2.78496,0.734563])
3.582716700892157
Max g: 1.0468791219381268e-5
f_39([0.0135178,-1.63697,2.31691,1.29779,-0.696902,0.20844,0.996161,-0.144562,0.83645,-0.781332,1.13542,-0.188648,0.284555,1.79732,1.61231,4.13999,-0.866335,-1.56773,0.998101,0.667838,-0.265537,-1.72487,0.0665936,0.72101,0.347087,0.041009,-0.0325935,0.644497,-0.838455,0.266057,0.901939,0.670461,0.832985,0.736331,-0.900145,-0.669172,1.83848,-0.266042,-0.901973,-0.670466,0.238082,1.81232,-2.78496,0.734563])
3.582716700892157
Max g: 1.0468299404847725e-5
f_40([0.0135178,-1.63697,2.31691,1.29779,-0.696902,0.20844,0.996161,-0.144562,0.83645,-0.781332,1.13542,-0.188648,0.284555,1.79732,1.61231,4.13999,-0.866335,-1.56773,0.998101,0.667838,-0.265537,-1.72487,0.0665936,0.72101,0.347087,0.041009,-0.0325935,0.644497,-0.838455,0.266057,0.901939,0.670461,0.832985,0.736331,-0.900145,-0.669172,1.83848,-0.266042,-0.901973,-0.670466,0.238082,1.81232,-2.78496,0.734563])
3.582716700892157
{0.013517788874251278,-1.6369720805512757,2.316914684796646,1.2977861050071962,-0.6969018707962079,0.2084397907131505,0.9961611682872178,-0.14456165869130444,0.8364503733980598,-0.7813322247049289,1.1354156595792688,-0.18864800750253355,0.28455483158326017,1.7973203616701066,1.6123094556240043,4.139985823102066,-0.8663350543339889,-1.5677284727452596,0.9981009819880671,0.6678381402465303,-0.26553666075565485,-1.7248722639790175,0.0665935720216222,0.7210102427943156,0.3470870072831344,0.04100900200835208,-0.03259351750843909,0.6444974848868088,-0.8384553028227162,0.2660566312539867,0.901938748146118,0.6704606067227311,0.8329845900193379,0.7363313852574581,-0.9001449316217331,-0.6691719881051604,1.838483044949066,-0.26604204544875176,-0.9019734533596345,-0.6704662234752818,0.2380820356439449,1.8123194033260566,-2.7849638178959344,0.7345628781318568}]
Set[{A021,A031,A032,A041,A042,A043,A121,A131,A132,A141,A142,A143,B021,B031,B032,B041,B042,B043,B121,B131,B132,B141,B142,B143,\[Alpha]1,\[Alpha]2,\[Alpha]3,\[Alpha]4,\[Beta]11,\[Beta]12,\[Beta]13,\[Beta]14,\[Beta]21,\[Beta]22,\[Beta]23,\[Beta]24,\[Beta]31,\[Beta]32,\[Beta]33,\[Beta]34,\[Beta]41,\[Beta]42,\[Beta]43,\[Beta]44},{0.013517788874251278,-1.6369720805512757,2.316914684796646,1.2977861050071962,-0.6969018707962079,0.2084397907131505,0.9961611682872178,-0.14456165869130444,0.8364503733980598,-0.7813322247049289,1.1354156595792688,-0.18864800750253355,0.28455483158326017,1.7973203616701066,1.6123094556240043,4.139985823102066,-0.8663350543339889,-1.5677284727452596,0.9981009819880671,0.6678381402465303,-0.26553666075565485,-1.7248722639790175,0.0665935720216222,0.7210102427943156,0.3470870072831344,0.04100900200835208,-0.03259351750843909,0.6444974848868088,-0.8384553028227162,0.2660566312539867,0.901938748146118,0.6704606067227311,0.8329845900193379,0.7363313852574581,-0.9001449316217331,-0.6691719881051604,1.838483044949066,-0.26604204544875176,-0.9019734533596345,-0.6704662234752818,0.2380820356439449,1.8123194033260566,-2.7849638178959344,0.7345628781318568}]

Max g: 1.0467806325242801e-5
f_41([0.0135178,-1.63697,2.31691,1.29779,-0.696902,0.20844,0.996161,-0.144562,0.83645,-0.781332,1.13542,-0.188648,0.284555,1.79732,1.61231,4.13999,-0.866335,-1.56773,0.998101,0.667838,-0.265537,-1.72487,0.0665936,0.72101,0.347087,0.041009,-0.0325935,0.644497,-0.838455,0.266057,0.901939,0.670461,0.832985,0.736331,-0.900145,-0.669172,1.83848,-0.266042,-0.901973,-0.670466,0.238082,1.81232,-2.78496,0.734563])
3.582716700892157
Max g: 1.0467310909478833e-5
f_42([0.0135178,-1.63697,2.31691,1.29779,-0.696902,0.20844,0.996161,-0.144562,0.83645,-0.781332,1.13542,-0.188648,0.284555,1.79732,1.61231,4.13999,-0.866335,-1.56773,0.998101,0.667838,-0.265537,-1.72487,0.0665936,0.72101,0.347087,0.041009,-0.0325935,0.644497,-0.838455,0.266057,0.901939,0.670461,0.832985,0.736331,-0.900145,-0.669172,1.83848,-0.266042,-0.901973,-0.670466,0.238082,1.81232,-2.78496,0.734563])
3.582716700892157
Max g: 1.0466827112393107e-5
f_43([0.0135178,-1.63697,2.31691,1.29779,-0.696902,0.20844,0.996161,-0.144562,0.83645,-0.781332,1.13542,-0.188648,0.284555,1.79732,1.61231,4.13999,-0.866335,-1.56773,0.998101,0.667838,-0.265537,-1.72487,0.0665936,0.72101,0.347087,0.041009,-0.0325935,0.644497,-0.838455,0.266057,0.901939,0.670461,0.832985,0.736331,-0.900145,-0.669172,1.83848,-0.266042,-0.901973,-0.670466,0.238082,1.81232,-2.78496,0.734563])
3.582716700892157
Max g: 1.0466334666642263e-5
f_44([0.0135178,-1.63697,2.31691,1.29779,-0.696902,0.20844,0.996161,-0.144562,0.83645,-0.781332,1.13542,-0.188648,0.284555,1.79732,1.61231,4.13999,-0.866335,-1.56773,0.998101,0.667838,-0.265537,-1.72487,0.0665936,0.72101,0.347087,0.041009,-0.0325935,0.644497,-0.838455,0.266057,0.901939,0.670461,0.832985,0.736331,-0.900145,-0.669172,1.83848,-0.266042,-0.901973,-0.670466,0.238082,1.81232,-2.78496,0.734563])
3.582716700892157
Max g: 1.0465844452967055e-5
f_45([0.0135178,-1.63697,2.31691,1.29779,-0.696902,0.20844,0.996161,-0.144562,0.83645,-0.781332,1.13542,-0.188648,0.284555,1.79732,1.61231,4.13999,-0.866335,-1.56773,0.998101,0.667838,-0.265537,-1.72487,0.0665936,0.72101,0.347087,0.041009,-0.0325935,0.644497,-0.838455,0.266057,0.901939,0.670461,0.832985,0.736331,-0.900145,-0.669172,1.83848,-0.266042,-0.901973,-0.670466,0.238082,1.81232,-2.78496,0.734563])
3.582716700892157
Max g: 1.0465368245532458e-5
f_46([0.0135178,-1.63697,2.31691,1.29779,-0.696902,0.20844,0.996161,-0.144562,0.83645,-0.781332,1.13542,-0.188648,0.284555,1.79732,1.61231,4.13999,-0.866335,-1.56773,0.998101,0.667838,-0.265537,-1.72487,0.0665936,0.72101,0.347087,0.041009,-0.0325935,0.644497,-0.838455,0.266057,0.901939,0.670461,0.832985,0.736331,-0.900145,-0.669172,1.83848,-0.266042,-0.901973,-0.670466,0.238082,1.81232,-2.78496,0.734563])
3.582716700892157
Max g: 1.0464879625582402e-5
f_47([0.0135178,-1.63697,2.31691,1.29779,-0.696902,0.20844,0.996161,-0.144562,0.83645,-0.781332,1.13542,-0.188648,0.284555,1.79732,1.61231,4.13999,-0.866335,-1.56773,0.998101,0.667838,-0.265537,-1.72487,0.0665936,0.72101,0.347087,0.041009,-0.0325935,0.644497,-0.838455,0.266057,0.901939,0.670461,0.832985,0.736331,-0.900145,-0.669172,1.83848,-0.266042,-0.901973,-0.670466,0.238082,1.81232,-2.78496,0.734563])
3.582716700892157
Max g: 1.0464391824199781e-5
f_48([0.0135178,-1.63697,2.31691,1.29779,-0.696902,0.20844,0.996161,-0.144562,0.83645,-0.781332,1.13542,-0.188648,0.284555,1.79732,1.61231,4.13999,-0.866335,-1.56773,0.998101,0.667838,-0.265537,-1.72487,0.0665936,0.72101,0.347087,0.041009,-0.0325935,0.644497,-0.838455,0.266057,0.901939,0.670461,0.832985,0.736331,-0.900145,-0.669172,1.83848,-0.266042,-0.901973,-0.670466,0.238082,1.81232,-2.78496,0.734563])
3.582716700892157
Max g: 1.04639040924559e-5
f_49([0.0135178,-1.63697,2.31691,1.29779,-0.696902,0.20844,0.996161,-0.144562,0.83645,-0.781332,1.13542,-0.188648,0.284555,1.79732,1.61231,4.13999,-0.866335,-1.56773,0.998101,0.667838,-0.265537,-1.72487,0.0665936,0.72101,0.347087,0.041009,-0.0325935,0.644497,-0.838455,0.266057,0.901939,0.670461,0.832985,0.736331,-0.900145,-0.669172,1.83848,-0.266042,-0.901973,-0.670466,0.238082,1.81232,-2.78496,0.734563])
3.582716700892157
Max g: 1.0463417095457617e-5
f_50([0.0135178,-1.63697,2.31691,1.29779,-0.696902,0.20844,0.996161,-0.144562,0.83645,-0.781332,1.13542,-0.188648,0.284555,1.79732,1.61231,4.13999,-0.866335,-1.56773,0.998101,0.667838,-0.265537,-1.72487,0.0665936,0.72101,0.347087,0.041009,-0.0325935,0.644497,-0.838455,0.266057,0.901939,0.670461,0.832985,0.736331,-0.900145,-0.669172,1.83848,-0.266042,-0.901973,-0.670466,0.238082,1.81232,-2.78496,0.734563])
3.582716700892157
{0.013517788791313391,-1.6369720808319494,2.3169146845183786,1.2977861061997367,-0.6969018696458611,0.20843979111903552,0.996161169202297,-0.14456165743993446,0.8364503724623278,-0.7813322184776907,1.1354156641769835,-0.18864802084443358,0.2845548184482492,1.7973203626365888,1.6123094565711735,4.139985822727534,-0.8663350546858213,-1.5677284731054315,0.998100977912414,0.6678381371230071,-0.2655366611891618,-1.7248722667596201,0.06659357466309883,0.7210102421956213,0.3470870087866335,0.04100900224997104,-0.03259351673069422,0.6444974829690009,-0.8384553111171293,0.26605663153909115,0.9019387554305605,0.6704606068860713,0.8329845993141866,0.7363313923115857,-0.9001449470736211,-0.6691719884616993,1.8384830302362256,-0.26604205845726214,-0.9019734305086964,-0.6704662193414831,0.23808203179693058,1.812319405866485,-2.7849638204208187,0.7345628819829425}]
Set[{A021,A031,A032,A041,A042,A043,A121,A131,A132,A141,A142,A143,B021,B031,B032,B041,B042,B043,B121,B131,B132,B141,B142,B143,\[Alpha]1,\[Alpha]2,\[Alpha]3,\[Alpha]4,\[Beta]11,\[Beta]12,\[Beta]13,\[Beta]14,\[Beta]21,\[Beta]22,\[Beta]23,\[Beta]24,\[Beta]31,\[Beta]32,\[Beta]33,\[Beta]34,\[Beta]41,\[Beta]42,\[Beta]43,\[Beta]44},{0.013517788791313391,-1.6369720808319494,2.3169146845183786,1.2977861061997367,-0.6969018696458611,0.20843979111903552,0.996161169202297,-0.14456165743993446,0.8364503724623278,-0.7813322184776907,1.1354156641769835,-0.18864802084443358,0.2845548184482492,1.7973203626365888,1.6123094565711735,4.139985822727534,-0.8663350546858213,-1.5677284731054315,0.998100977912414,0.6678381371230071,-0.2655366611891618,-1.7248722667596201,0.06659357466309883,0.7210102421956213,0.3470870087866335,0.04100900224997104,-0.03259351673069422,0.6444974829690009,-0.8384553111171293,0.26605663153909115,0.9019387554305605,0.6704606068860713,0.8329845993141866,0.7363313923115857,-0.9001449470736211,-0.6691719884616993,1.8384830302362256,-0.26604205845726214,-0.9019734305086964,-0.6704662193414831,0.23808203179693058,1.812319405866485,-2.7849638204208187,0.7345628819829425}]

Max g: 1.046293334899806e-5
f_51([0.0135178,-1.63697,2.31691,1.29779,-0.696902,0.20844,0.996161,-0.144562,0.83645,-0.781332,1.13542,-0.188648,0.284555,1.79732,1.61231,4.13999,-0.866335,-1.56773,0.998101,0.667838,-0.265537,-1.72487,0.0665936,0.72101,0.347087,0.041009,-0.0325935,0.644497,-0.838455,0.266057,0.901939,0.670461,0.832985,0.736331,-0.900145,-0.669172,1.83848,-0.266042,-0.901973,-0.670466,0.238082,1.81232,-2.78496,0.734563])
3.582716700892157
Max g: 1.046244500158e-5
f_52([0.0135178,-1.63697,2.31691,1.29779,-0.696902,0.20844,0.996161,-0.144562,0.83645,-0.781332,1.13542,-0.188648,0.284555,1.79732,1.61231,4.13999,-0.866335,-1.56773,0.998101,0.667838,-0.265537,-1.72487,0.0665936,0.72101,0.347087,0.041009,-0.0325935,0.644497,-0.838455,0.266057,0.901939,0.670461,0.832985,0.736331,-0.900145,-0.669172,1.83848,-0.266042,-0.901973,-0.670466,0.238082,1.81232,-2.78496,0.734563])
3.5825178488801193
Max g: 1.0461964628227793e-5
f_53([0.0135178,-1.63697,2.31691,1.29779,-0.696902,0.20844,0.996161,-0.144562,0.83645,-0.781332,1.13542,-0.188648,0.284555,1.79732,1.61231,4.13999,-0.866335,-1.56773,0.998101,0.667838,-0.265537,-1.72487,0.0665936,0.72101,0.347087,0.041009,-0.0325935,0.644497,-0.838455,0.266057,0.901939,0.670461,0.832985,0.736331,-0.900145,-0.669172,1.83848,-0.266042,-0.901973,-0.670466,0.238082,1.81232,-2.78496,0.734563])
3.582716700892157
Max g: 1.0461466501132666e-5
f_54([0.0135178,-1.63697,2.31691,1.29779,-0.696902,0.20844,0.996161,-0.144562,0.83645,-0.781332,1.13542,-0.188648,0.284555,1.79732,1.61231,4.13999,-0.866335,-1.56773,0.998101,0.667838,-0.265537,-1.72487,0.0665936,0.72101,0.347087,0.041009,-0.0325935,0.644497,-0.838455,0.266057,0.901939,0.670461,0.832985,0.736331,-0.900145,-0.669172,1.83848,-0.266042,-0.901973,-0.670466,0.238082,1.81232,-2.78496,0.734563])
3.5825178488801193
Max g: 1.0460985635007969e-5
f_55([0.0135178,-1.63697,2.31691,1.29779,-0.696902,0.20844,0.996161,-0.144562,0.83645,-0.781332,1.13542,-0.188648,0.284555,1.79732,1.61231,4.13999,-0.866335,-1.56773,0.998101,0.667838,-0.265537,-1.72487,0.0665936,0.72101,0.347087,0.041009,-0.0325935,0.644497,-0.838455,0.266057,0.901939,0.670461,0.832985,0.736331,-0.900145,-0.669172,1.83848,-0.266042,-0.901973,-0.670466,0.238082,1.81232,-2.78496,0.734563])
3.582716700892157
Max g: 1.04605079900566e-5
f_56([0.0135178,-1.63697,2.31691,1.29779,-0.696902,0.20844,0.996161,-0.144562,0.83645,-0.781332,1.13542,-0.188648,0.284555,1.79732,1.61231,4.13999,-0.866335,-1.56773,0.998101,0.667838,-0.265537,-1.72487,0.0665936,0.72101,0.347087,0.041009,-0.0325935,0.644497,-0.838455,0.266057,0.901939,0.670461,0.832985,0.736331,-0.900145,-0.669172,1.83848,-0.266042,-0.901973,-0.670466,0.238082,1.81232,-2.78496,0.734563])
3.582716700892157
Max g: 1.0460024599451279e-5
f_57([0.0135178,-1.63697,2.31691,1.29779,-0.696902,0.20844,0.996161,-0.144562,0.83645,-0.781332,1.13542,-0.188648,0.284555,1.79732,1.61231,4.13999,-0.866335,-1.56773,0.998101,0.667838,-0.265537,-1.72487,0.0665936,0.72101,0.347087,0.041009,-0.0325935,0.644497,-0.838455,0.266057,0.901939,0.670461,0.832985,0.736331,-0.900145,-0.669172,1.83848,-0.266042,-0.901973,-0.670466,0.238082,1.81232,-2.78496,0.734563])
3.582716700892157
Max g: 1.045953265232935e-5
f_58([0.0135178,-1.63697,2.31691,1.29779,-0.696902,0.20844,0.996161,-0.144562,0.83645,-0.781332,1.13542,-0.188648,0.284555,1.79732,1.61231,4.13999,-0.866335,-1.56773,0.998101,0.667838,-0.265537,-1.72487,0.0665936,0.72101,0.347087,0.041009,-0.0325935,0.644497,-0.838455,0.266057,0.901939,0.670461,0.832985,0.736331,-0.900145,-0.669172,1.83848,-0.266042,-0.901973,-0.670466,0.238082,1.81232,-2.78496,0.734563])
3.5825178488801193
Max g: 1.0459023571995907e-5
f_59([0.0135178,-1.63697,2.31691,1.29779,-0.696902,0.20844,0.996161,-0.144562,0.83645,-0.781332,1.13542,-0.188648,0.284555,1.79732,1.61231,4.13999,-0.866335,-1.56773,0.998101,0.667838,-0.265537,-1.72487,0.0665936,0.72101,0.347087,0.041009,-0.0325935,0.644497,-0.838455,0.266057,0.901939,0.670461,0.832985,0.736331,-0.900145,-0.669172,1.83848,-0.266042,-0.901973,-0.670466,0.238082,1.81232,-2.78496,0.734563])
3.582716700892157
Max g: 1.0458522078010679e-5
f_60([0.0135178,-1.63697,2.31691,1.29779,-0.696902,0.20844,0.996161,-0.144562,0.83645,-0.781332,1.13542,-0.188648,0.284555,1.79732,1.61231,4.13999,-0.866335,-1.56773,0.998101,0.667838,-0.265537,-1.72487,0.0665936,0.72101,0.347087,0.041009,-0.0325935,0.644497,-0.838455,0.266057,0.901939,0.670461,0.832985,0.736331,-0.900145,-0.669172,1.83848,-0.266042,-0.901973,-0.670466,0.238082,1.81232,-2.78496,0.734563])
3.582716700892157
{0.01351778869639053,-1.6369720811029365,2.31691468423685,1.2977861073710593,-0.6969018684914163,0.20843979153077188,0.9961611701374891,-0.14456165618125547,0.8364503715021376,-0.7813322122024184,1.1354156687999488,-0.18864803433425492,0.28455480518142,1.7973203635983777,1.6123094575365309,4.139985822373451,-0.8663350550413412,-1.5677284734669081,0.9981009737934609,0.667838133983251,-0.2655366616453688,-1.7248722695656895,0.06659357731987676,0.7210102416060126,0.34708701029891065,0.041009002483036364,-0.032593515930128485,0.6444974810351974,-0.8384553194907735,0.26605663183615313,0.9019387627732346,0.670460607064444,0.8329846087146577,0.7363313994287563,-0.9001449626898613,-0.6691719888032721,1.8384830153684968,-0.2660420715959335,-0.9019734074384258,-0.6704662151731363,0.2380820279152121,1.8123194084513623,-2.7849638229827973,0.7345628858731374}]
Set[{A021,A031,A032,A041,A042,A043,A121,A131,A132,A141,A142,A143,B021,B031,B032,B041,B042,B043,B121,B131,B132,B141,B142,B143,\[Alpha]1,\[Alpha]2,\[Alpha]3,\[Alpha]4,\[Beta]11,\[Beta]12,\[Beta]13,\[Beta]14,\[Beta]21,\[Beta]22,\[Beta]23,\[Beta]24,\[Beta]31,\[Beta]32,\[Beta]33,\[Beta]34,\[Beta]41,\[Beta]42,\[Beta]43,\[Beta]44},{0.01351778869639053,-1.6369720811029365,2.31691468423685,1.2977861073710593,-0.6969018684914163,0.20843979153077188,0.9961611701374891,-0.14456165618125547,0.8364503715021376,-0.7813322122024184,1.1354156687999488,-0.18864803433425492,0.28455480518142,1.7973203635983777,1.6123094575365309,4.139985822373451,-0.8663350550413412,-1.5677284734669081,0.9981009737934609,0.667838133983251,-0.2655366616453688,-1.7248722695656895,0.06659357731987676,0.7210102416060126,0.34708701029891065,0.041009002483036364,-0.032593515930128485,0.6444974810351974,-0.8384553194907735,0.26605663183615313,0.9019387627732346,0.670460607064444,0.8329846087146577,0.7363313994287563,-0.9001449626898613,-0.6691719888032721,1.8384830153684968,-0.2660420715959335,-0.9019734074384258,-0.6704662151731363,0.2380820279152121,1.8123194084513623,-2.7849638229827973,0.7345628858731374}]

Max g: 1.0458032689120156e-5
f_61([0.0135178,-1.63697,2.31691,1.29779,-0.696902,0.20844,0.996161,-0.144562,0.83645,-0.781332,1.13542,-0.188648,0.284555,1.79732,1.61231,4.13999,-0.866335,-1.56773,0.998101,0.667838,-0.265537,-1.72487,0.0665936,0.72101,0.347087,0.041009,-0.0325935,0.644497,-0.838455,0.266057,0.901939,0.670461,0.832985,0.736331,-0.900145,-0.669172,1.83848,-0.266042,-0.901973,-0.670466,0.238082,1.81232,-2.78496,0.734563])
3.5825178488801193
Max g: 1.0457542150621446e-5
f_62([0.0135178,-1.63697,2.31691,1.29779,-0.696902,0.20844,0.996161,-0.144562,0.83645,-0.781332,1.13542,-0.188648,0.284555,1.79732,1.61231,4.13999,-0.866335,-1.56773,0.998101,0.667838,-0.265537,-1.72487,0.0665936,0.72101,0.347087,0.041009,-0.0325935,0.644497,-0.838455,0.266057,0.901939,0.670461,0.832985,0.736331,-0.900145,-0.669172,1.83848,-0.266042,-0.901973,-0.670466,0.238082,1.81232,-2.78496,0.734563])
3.582716700892157
Max g: 1.0457055098889168e-5
f_63([0.0135178,-1.63697,2.31691,1.29779,-0.696902,0.20844,0.996161,-0.144562,0.83645,-0.781332,1.13542,-0.188648,0.284555,1.79732,1.61231,4.13999,-0.866335,-1.56773,0.998101,0.667838,-0.265537,-1.72487,0.0665936,0.72101,0.347087,0.041009,-0.0325935,0.644497,-0.838455,0.266057,0.901939,0.670461,0.832985,0.736331,-0.900145,-0.669172,1.83848,-0.266042,-0.901973,-0.670466,0.238082,1.81232,-2.78496,0.734563])
3.582716700892157
Max g: 1.0456552664989127e-5
f_64([0.0135178,-1.63697,2.31691,1.29779,-0.696902,0.20844,0.996161,-0.144562,0.83645,-0.781332,1.13542,-0.188648,0.284555,1.79732,1.61231,4.13999,-0.866335,-1.56773,0.998101,0.667838,-0.265537,-1.72487,0.0665936,0.72101,0.347087,0.041009,-0.0325935,0.644497,-0.838455,0.266057,0.901939,0.670461,0.832985,0.736331,-0.900145,-0.669172,1.83848,-0.266042,-0.901973,-0.670466,0.238082,1.81232,-2.78496,0.734563])
3.582716700892157
Max g: 1.0456065961839123e-5
f_65([0.0135178,-1.63697,2.31691,1.29779,-0.696902,0.20844,0.996161,-0.144562,0.83645,-0.781332,1.13542,-0.188648,0.284555,1.79732,1.61231,4.13999,-0.866335,-1.56773,0.998101,0.667838,-0.265537,-1.72487,0.0665936,0.72101,0.347087,0.041009,-0.0325935,0.644497,-0.838455,0.266057,0.901939,0.670461,0.832985,0.736331,-0.900145,-0.669172,1.83848,-0.266042,-0.901973,-0.670466,0.238082,1.81232,-2.78496,0.734563])
3.582716700892157
Max g: 1.0455577310219955e-5
f_66([0.0135178,-1.63697,2.31691,1.29779,-0.696902,0.20844,0.996161,-0.144562,0.83645,-0.781332,1.13542,-0.188648,0.284555,1.79732,1.61231,4.13999,-0.866335,-1.56773,0.998101,0.667838,-0.265537,-1.72487,0.0665936,0.72101,0.347087,0.041009,-0.0325935,0.644497,-0.838455,0.266057,0.901939,0.670461,0.832985,0.736331,-0.900145,-0.669172,1.83848,-0.266042,-0.901973,-0.670466,0.238082,1.81232,-2.78496,0.734563])
3.582716700892157
Max g: 1.0455075986987028e-5
f_67([0.0135178,-1.63697,2.31691,1.29779,-0.696902,0.20844,0.996161,-0.144562,0.83645,-0.781332,1.13542,-0.188648,0.284555,1.79732,1.61231,4.13999,-0.866335,-1.56773,0.998101,0.667838,-0.265537,-1.72487,0.0665936,0.72101,0.347087,0.041009,-0.0325935,0.644497,-0.838455,0.266057,0.901939,0.670461,0.832985,0.736331,-0.900145,-0.669172,1.83848,-0.266042,-0.901973,-0.670466,0.238082,1.81232,-2.78496,0.734563])
3.582716700892157
Max g: 1.0454569889795096e-5
f_68([0.0135178,-1.63697,2.31691,1.29779,-0.696902,0.20844,0.996161,-0.144562,0.83645,-0.781332,1.13542,-0.188648,0.284555,1.79732,1.61231,4.13999,-0.866335,-1.56773,0.998101,0.667838,-0.265537,-1.72487,0.0665936,0.72101,0.347087,0.041009,-0.0325935,0.644497,-0.838455,0.266057,0.901939,0.670461,0.832985,0.736331,-0.900145,-0.669172,1.83848,-0.266042,-0.901973,-0.670466,0.238082,1.81232,-2.78496,0.734563])
3.582716700892157
Max g: 1.0454089000910827e-5
f_69([0.0135178,-1.63697,2.31691,1.29779,-0.696902,0.20844,0.996161,-0.144562,0.83645,-0.781332,1.13542,-0.188648,0.284555,1.79732,1.61231,4.13999,-0.866335,-1.56773,0.998101,0.667838,-0.265537,-1.72487,0.0665936,0.72101,0.347087,0.041009,-0.0325935,0.644497,-0.838455,0.266057,0.901939,0.670461,0.832985,0.736331,-0.900145,-0.669172,1.83848,-0.266042,-0.901973,-0.670466,0.238082,1.81232,-2.78496,0.734563])
3.582716700892157
Max g: 1.045360010920593e-5
f_70([0.0135178,-1.63697,2.31691,1.29779,-0.696902,0.20844,0.996161,-0.144562,0.83645,-0.781332,1.13542,-0.188648,0.284555,1.79732,1.61231,4.13999,-0.866335,-1.56773,0.998101,0.667838,-0.265537,-1.72487,0.0665936,0.72101,0.347087,0.041009,-0.0325935,0.644497,-0.838455,0.266057,0.901939,0.670461,0.832985,0.736331,-0.900145,-0.669172,1.83848,-0.266042,-0.901973,-0.670466,0.238082,1.81232,-2.78496,0.734563])
3.582716700892157
{0.013517788612407978,-1.6369720813915192,2.3169146839520636,1.2977861085665323,-0.6969018673324169,0.20843979194609935,0.9961611710895117,-0.14456165490844392,0.8364503705451294,-0.7813322058998786,1.1354156734485683,-0.18864804787969053,0.2845547918285877,1.7973203645662552,1.6123094585085607,4.139985822008115,-0.8663350554038122,-1.5677284738443542,0.9981009696319305,0.6678381308093617,-0.2655366620967138,-1.724872272397735,0.06659357999666303,0.7210102410031898,0.3470870118136836,0.04100900271061022,-0.032593515129242676,0.6444974790883141,-0.8384553279235089,0.26605663212896025,0.9019387701725204,0.6704606072371893,0.8329846181540136,0.7363314065820322,-0.9001449784145199,-0.6691719891465937,1.8384830004261792,-0.26604208482868735,-0.9019733842335449,-0.6704662109906582,0.2380820240018309,1.8123194110573642,-2.784963825548861,0.7345628897699682}]
Set[{A021,A031,A032,A041,A042,A043,A121,A131,A132,A141,A142,A143,B021,B031,B032,B041,B042,B043,B121,B131,B132,B141,B142,B143,\[Alpha]1,\[Alpha]2,\[Alpha]3,\[Alpha]4,\[Beta]11,\[Beta]12,\[Beta]13,\[Beta]14,\[Beta]21,\[Beta]22,\[Beta]23,\[Beta]24,\[Beta]31,\[Beta]32,\[Beta]33,\[Beta]34,\[Beta]41,\[Beta]42,\[Beta]43,\[Beta]44},{0.013517788612407978,-1.6369720813915192,2.3169146839520636,1.2977861085665323,-0.6969018673324169,0.20843979194609935,0.9961611710895117,-0.14456165490844392,0.8364503705451294,-0.7813322058998786,1.1354156734485683,-0.18864804787969053,0.2845547918285877,1.7973203645662552,1.6123094585085607,4.139985822008115,-0.8663350554038122,-1.5677284738443542,0.9981009696319305,0.6678381308093617,-0.2655366620967138,-1.724872272397735,0.06659357999666303,0.7210102410031898,0.3470870118136836,0.04100900271061022,-0.032593515129242676,0.6444974790883141,-0.8384553279235089,0.26605663212896025,0.9019387701725204,0.6704606072371893,0.8329846181540136,0.7363314065820322,-0.9001449784145199,-0.6691719891465937,1.8384830004261792,-0.26604208482868735,-0.9019733842335449,-0.6704662109906582,0.2380820240018309,1.8123194110573642,-2.784963825548861,0.7345628897699682}]

Max g: 1.0453093042678274e-5
f_71([0.0135178,-1.63697,2.31691,1.29779,-0.696902,0.20844,0.996161,-0.144562,0.83645,-0.781332,1.13542,-0.188648,0.284555,1.79732,1.61231,4.13999,-0.866335,-1.56773,0.998101,0.667838,-0.265537,-1.72487,0.0665936,0.72101,0.347087,0.041009,-0.0325935,0.644497,-0.838455,0.266057,0.901939,0.670461,0.832985,0.736331,-0.900145,-0.669172,1.83848,-0.266042,-0.901973,-0.670466,0.238082,1.81232,-2.78496,0.734563])
3.582716700892157
Max g: 1.0452603556199147e-5
f_72([0.0135178,-1.63697,2.31691,1.29779,-0.696902,0.20844,0.996161,-0.144562,0.83645,-0.781332,1.13542,-0.188648,0.284555,1.79732,1.61231,4.13999,-0.866335,-1.56773,0.998101,0.667838,-0.265537,-1.72487,0.0665936,0.72101,0.347087,0.041009,-0.0325935,0.644497,-0.838455,0.266057,0.901939,0.670461,0.832985,0.736331,-0.900145,-0.669172,1.83848,-0.266042,-0.901973,-0.670466,0.238082,1.81232,-2.78496,0.734563])
3.582716700892157
Max g: 1.0452119598797216e-5
f_73([0.0135178,-1.63697,2.31691,1.29779,-0.696902,0.20844,0.996161,-0.144562,0.83645,-0.781332,1.13542,-0.188648,0.284555,1.79732,1.61231,4.13999,-0.866335,-1.56773,0.998101,0.667838,-0.265537,-1.72487,0.0665936,0.72101,0.347087,0.041009,-0.0325935,0.644497,-0.838455,0.266057,0.901939,0.670461,0.832985,0.736331,-0.900145,-0.669172,1.83848,-0.266042,-0.901973,-0.670466,0.238082,1.81232,-2.78496,0.734563])
3.582716700892157
Max g: 1.0451622610846423e-5
f_74([0.0135178,-1.63697,2.31691,1.29779,-0.696902,0.20844,0.996161,-0.144562,0.83645,-0.781332,1.13542,-0.188648,0.284555,1.79732,1.61231,4.13999,-0.866335,-1.56773,0.998101,0.667838,-0.265537,-1.72487,0.0665936,0.72101,0.347087,0.041009,-0.0325935,0.644497,-0.838455,0.266057,0.901939,0.670461,0.832985,0.736331,-0.900145,-0.669172,1.83848,-0.266042,-0.901973,-0.670466,0.238082,1.81232,-2.78496,0.734563])
3.582716700892157
Max g: 1.0451129294403172e-5
f_75([0.0135178,-1.63697,2.31691,1.29779,-0.696902,0.20844,0.996161,-0.144562,0.83645,-0.781332,1.13542,-0.188648,0.284555,1.79732,1.61231,4.13999,-0.866335,-1.56773,0.998101,0.667838,-0.265537,-1.72487,0.0665936,0.72101,0.347087,0.041009,-0.0325935,0.644497,-0.838455,0.266057,0.901939,0.670461,0.832985,0.736331,-0.900145,-0.669172,1.83848,-0.266042,-0.901973,-0.670466,0.238082,1.81232,-2.78496,0.734563])
3.582716700892157
Max g: 1.045064949609098e-5
f_76([0.0135178,-1.63697,2.31691,1.29779,-0.696902,0.20844,0.996161,-0.144562,0.83645,-0.781332,1.13542,-0.188648,0.284555,1.79732,1.61231,4.13999,-0.866335,-1.56773,0.998101,0.667838,-0.265537,-1.72487,0.0665936,0.72101,0.347087,0.041009,-0.0325935,0.644497,-0.838455,0.266057,0.901939,0.670461,0.832985,0.736331,-0.900145,-0.669172,1.83848,-0.266042,-0.901973,-0.670466,0.238082,1.81232,-2.78496,0.734563])
3.582716700892157
Max g: 1.045014497072505e-5
f_77([0.0135178,-1.63697,2.31691,1.29779,-0.696902,0.20844,0.996161,-0.144562,0.83645,-0.781332,1.13542,-0.188648,0.284555,1.79732,1.61231,4.13999,-0.866335,-1.56773,0.998101,0.667838,-0.265537,-1.72487,0.0665936,0.72101,0.347087,0.041009,-0.0325935,0.644497,-0.838455,0.266057,0.901939,0.670461,0.832985,0.736331,-0.900145,-0.669172,1.83848,-0.266042,-0.901973,-0.670466,0.238082,1.81232,-2.78496,0.734563])
3.582716700892157
Max g: 1.0449655055255747e-5
f_78([0.0135178,-1.63697,2.31691,1.29779,-0.696902,0.20844,0.996161,-0.144562,0.83645,-0.781332,1.13542,-0.188648,0.284555,1.79732,1.61231,4.13999,-0.866335,-1.56773,0.998101,0.667838,-0.265537,-1.72487,0.0665936,0.72101,0.347087,0.041009,-0.0325935,0.644497,-0.838455,0.266057,0.901939,0.670461,0.832985,0.736331,-0.900145,-0.669172,1.83848,-0.266042,-0.901973,-0.670466,0.238082,1.81232,-2.78496,0.734563])
3.5825178488801193
Max g: 1.0449160605968677e-5
f_79([0.0135178,-1.63697,2.31691,1.29779,-0.696902,0.20844,0.996161,-0.144562,0.83645,-0.781332,1.13542,-0.188648,0.284555,1.79732,1.61231,4.13999,-0.866335,-1.56773,0.998101,0.667838,-0.265537,-1.72487,0.0665936,0.72101,0.347087,0.041009,-0.0325935,0.644497,-0.838455,0.266057,0.901939,0.670461,0.832985,0.736331,-0.900145,-0.669172,1.83848,-0.266042,-0.901973,-0.670466,0.238082,1.81232,-2.78496,0.734563])
3.582716700892157
Max g: 1.0448675683866204e-5
f_80([0.0135178,-1.63697,2.31691,1.29779,-0.696902,0.20844,0.996161,-0.144562,0.83645,-0.781332,1.13542,-0.188648,0.284555,1.79732,1.61231,4.13999,-0.866335,-1.56773,0.998101,0.667838,-0.265537,-1.72487,0.0665936,0.72101,0.347087,0.041009,-0.0325935,0.644497,-0.838455,0.266057,0.901939,0.670461,0.832985,0.736331,-0.900145,-0.669172,1.83848,-0.266042,-0.901973,-0.670466,0.238082,1.81232,-2.78496,0.734563])
3.582716700892157
{0.013517788530359686,-1.636972081671147,2.316914683660423,1.297786109728435,-0.6969018661901286,0.20843979236147794,0.9961611720122037,-0.1445616536496573,0.8364503696052262,-0.7813321996486212,1.1354156780579305,-0.18864806129542655,0.28455477861661466,1.7973203655282846,1.6123094594764913,4.139985821654957,-0.8663350557531565,-1.567728474208234,0.9981009655091045,0.6678381276618232,-0.26553666253119595,-1.724872275179578,0.06659358264593766,0.7210102403968535,0.34708701331899855,0.0410090029364922,-0.0325935143432155,0.6444974771675499,-0.8384553362776714,0.2660566324258523,0.9019387774883938,0.6704606074198519,0.8329846275051246,0.7363314136682979,-0.9001449939760308,-0.6691719894730969,1.8384829856288583,-0.2660420979085098,-0.9019733612581214,-0.6704662068325451,0.23808202011284207,1.8123194136308862,-2.784963828106389,0.7345628936436582}]
Set[{A021,A031,A032,A041,A042,A043,A121,A131,A132,A141,A142,A143,B021,B031,B032,B041,B042,B043,B121,B131,B132,B141,B142,B143,\[Alpha]1,\[Alpha]2,\[Alpha]3,\[Alpha]4,\[Beta]11,\[Beta]12,\[Beta]13,\[Beta]14,\[Beta]21,\[Beta]22,\[Beta]23,\[Beta]24,\[Beta]31,\[Beta]32,\[Beta]33,\[Beta]34,\[Beta]41,\[Beta]42,\[Beta]43,\[Beta]44},{0.013517788530359686,-1.636972081671147,2.316914683660423,1.297786109728435,-0.6969018661901286,0.20843979236147794,0.9961611720122037,-0.1445616536496573,0.8364503696052262,-0.7813321996486212,1.1354156780579305,-0.18864806129542655,0.28455477861661466,1.7973203655282846,1.6123094594764913,4.139985821654957,-0.8663350557531565,-1.567728474208234,0.9981009655091045,0.6678381276618232,-0.26553666253119595,-1.724872275179578,0.06659358264593766,0.7210102403968535,0.34708701331899855,0.0410090029364922,-0.0325935143432155,0.6444974771675499,-0.8384553362776714,0.2660566324258523,0.9019387774883938,0.6704606074198519,0.8329846275051246,0.7363314136682979,-0.9001449939760308,-0.6691719894730969,1.8384829856288583,-0.2660420979085098,-0.9019733612581214,-0.6704662068325451,0.23808202011284207,1.8123194136308862,-2.784963828106389,0.7345628936436582}]

Max g: 1.0448196352402794e-5
f_81([0.0135178,-1.63697,2.31691,1.29779,-0.696902,0.20844,0.996161,-0.144562,0.83645,-0.781332,1.13542,-0.188648,0.284555,1.79732,1.61231,4.13999,-0.866335,-1.56773,0.998101,0.667838,-0.265537,-1.72487,0.0665936,0.72101,0.347087,0.041009,-0.0325935,0.644497,-0.838455,0.266057,0.901939,0.670461,0.832985,0.736331,-0.900145,-0.669172,1.83848,-0.266042,-0.901973,-0.670466,0.238082,1.81232,-2.78496,0.734563])
3.582716700892157
Max g: 1.0447697055826488e-5
f_82([0.0135178,-1.63697,2.31691,1.29779,-0.696902,0.20844,0.996161,-0.144562,0.83645,-0.781332,1.13542,-0.188648,0.284555,1.79732,1.61231,4.13999,-0.866335,-1.56773,0.998101,0.667838,-0.265537,-1.72487,0.0665936,0.72101,0.347087,0.041009,-0.0325935,0.644497,-0.838455,0.266057,0.901939,0.670461,0.832985,0.736331,-0.900145,-0.669172,1.83848,-0.266042,-0.901973,-0.670466,0.238082,1.81232,-2.78496,0.734563])
3.582716700892157
Max g: 1.0447208085268e-5
f_83([0.0135178,-1.63697,2.31691,1.29779,-0.696902,0.20844,0.996161,-0.144562,0.83645,-0.781332,1.13542,-0.188648,0.284555,1.79732,1.61231,4.13999,-0.866335,-1.56773,0.998101,0.667838,-0.265537,-1.72487,0.0665936,0.72101,0.347087,0.041009,-0.0325935,0.644497,-0.838455,0.266057,0.901939,0.670461,0.832985,0.736331,-0.900145,-0.669172,1.83848,-0.266042,-0.901973,-0.670466,0.238082,1.81232,-2.78496,0.734563])
3.582716700892157
Max g: 1.0446714710093952e-5
f_84([0.0135178,-1.63697,2.31691,1.29779,-0.696902,0.20844,0.996161,-0.144562,0.83645,-0.781332,1.13542,-0.188648,0.284555,1.79732,1.61231,4.13999,-0.866335,-1.56773,0.998101,0.667838,-0.265537,-1.72487,0.0665936,0.72101,0.347087,0.041009,-0.0325935,0.644497,-0.838455,0.266057,0.901939,0.670461,0.832985,0.736331,-0.900145,-0.669172,1.83848,-0.266042,-0.901973,-0.670466,0.238082,1.81232,-2.78496,0.734563])
3.582716700892157
Max g: 1.044608279790471e-5
f_85([0.0135178,-1.63697,2.31691,1.29779,-0.696902,0.20844,0.996161,-0.144562,0.83645,-0.781332,1.13542,-0.188648,0.284555,1.79732,1.61231,4.13999,-0.866335,-1.56773,0.998101,0.667838,-0.265537,-1.72487,0.0665936,0.72101,0.347087,0.041009,-0.0325935,0.644497,-0.838455,0.266057,0.901939,0.670461,0.832985,0.736331,-0.900145,-0.669172,1.83848,-0.266042,-0.901973,-0.670466,0.238082,1.81232,-2.78496,0.734563])
3.582716700892157
Max g: 1.0445025530714247e-5
f_86([0.0135178,-1.63697,2.31691,1.29779,-0.696902,0.20844,0.996161,-0.144562,0.83645,-0.781332,1.13542,-0.188648,0.284555,1.79732,1.61231,4.13999,-0.866335,-1.56773,0.998101,0.667838,-0.265537,-1.72487,0.0665936,0.72101,0.347087,0.041009,-0.0325935,0.644497,-0.838455,0.266057,0.901939,0.670461,0.832985,0.736331,-0.900145,-0.669172,1.83848,-0.266042,-0.901973,-0.670466,0.238082,1.81232,-2.78496,0.734563])
3.582716700892157
Max g: 1.0443953016719965e-5
f_87([0.0135178,-1.63697,2.31691,1.29779,-0.696902,0.20844,0.996161,-0.144562,0.83645,-0.781332,1.13542,-0.188648,0.284555,1.79732,1.61231,4.13999,-0.866335,-1.56773,0.998101,0.667838,-0.265537,-1.72487,0.0665936,0.72101,0.347087,0.041009,-0.0325935,0.644497,-0.838455,0.266057,0.901939,0.670461,0.832985,0.736331,-0.900145,-0.669172,1.83848,-0.266042,-0.901973,-0.670466,0.238082,1.81232,-2.78496,0.734563])
3.582716700892157
Max g: 1.044288335258492e-5
f_88([0.0135178,-1.63697,2.31691,1.29779,-0.696902,0.20844,0.996161,-0.144562,0.83645,-0.781332,1.13542,-0.188648,0.284555,1.79732,1.61231,4.13999,-0.866335,-1.56773,0.998101,0.667838,-0.265537,-1.72487,0.0665936,0.72101,0.347087,0.041009,-0.0325935,0.644497,-0.838455,0.266057,0.901939,0.670461,0.832985,0.736331,-0.900145,-0.669172,1.83848,-0.266042,-0.901973,-0.670466,0.238082,1.81232,-2.78496,0.734563])
3.582716700892157
Max g: 1.044181701101432e-5
f_89([0.0135178,-1.63697,2.31691,1.29779,-0.696902,0.20844,0.996161,-0.144562,0.83645,-0.781332,1.13542,-0.188648,0.284555,1.79732,1.61231,4.13999,-0.866335,-1.56773,0.998101,0.667838,-0.265537,-1.72487,0.0665936,0.72101,0.347087,0.041009,-0.0325935,0.644497,-0.838455,0.266057,0.901939,0.670461,0.832985,0.736331,-0.900145,-0.669172,1.83848,-0.266042,-0.901973,-0.670466,0.238082,1.81232,-2.78496,0.734563])
3.582716700892157
Max g: 1.0440755970619886e-5
f_90([0.0135178,-1.63697,2.31691,1.29779,-0.696902,0.20844,0.996161,-0.144562,0.83645,-0.781332,1.13542,-0.188648,0.284555,1.79732,1.61231,4.13999,-0.866335,-1.56773,0.998101,0.667838,-0.265537,-1.72487,0.0665936,0.72101,0.347087,0.041009,-0.0325935,0.644497,-0.838455,0.266057,0.901939,0.670461,0.832985,0.736331,-0.900145,-0.669172,1.83848,-0.266042,-0.901973,-0.670466,0.238082,1.81232,-2.78496,0.734563])
3.582716700892157
{0.013517788329296485,-1.636972081866775,2.3169146834542107,1.2977861119628862,-0.6969018639533346,0.20843979427475268,0.9961611736562543,-0.14456165146481217,0.8364503679757666,-0.7813321888869209,1.1354156860056432,-0.1886480844754309,0.28455475583813816,1.7973203671976798,1.612309461134469,4.1399858210019005,-0.8663350564158574,-1.5677284748711118,0.9981009584194621,0.667838122242722,-0.2655366632788564,-1.7248722800215581,0.06659358722926308,0.7210102393733681,0.3470870159293894,0.041009003361549744,-0.03259351291413784,0.6444974744094675,-0.8384553506655567,0.266056632955966,0.9019387900826854,0.6704606077074668,0.8329846436469849,0.7363314258841912,-0.90014502085264,-0.6691719900528554,1.8384829600739359,-0.26604212051469683,-0.9019733215503057,-0.6704661996738547,0.23808201341638235,1.8123194180627467,-2.7849638325015387,0.7345629003332825}]
Set[{A021,A031,A032,A041,A042,A043,A121,A131,A132,A141,A142,A143,B021,B031,B032,B041,B042,B043,B121,B131,B132,B141,B142,B143,\[Alpha]1,\[Alpha]2,\[Alpha]3,\[Alpha]4,\[Beta]11,\[Beta]12,\[Beta]13,\[Beta]14,\[Beta]21,\[Beta]22,\[Beta]23,\[Beta]24,\[Beta]31,\[Beta]32,\[Beta]33,\[Beta]34,\[Beta]41,\[Beta]42,\[Beta]43,\[Beta]44},{0.013517788329296485,-1.636972081866775,2.3169146834542107,1.2977861119628862,-0.6969018639533346,0.20843979427475268,0.9961611736562543,-0.14456165146481217,0.8364503679757666,-0.7813321888869209,1.1354156860056432,-0.1886480844754309,0.28455475583813816,1.7973203671976798,1.612309461134469,4.1399858210019005,-0.8663350564158574,-1.5677284748711118,0.9981009584194621,0.667838122242722,-0.2655366632788564,-1.7248722800215581,0.06659358722926308,0.7210102393733681,0.3470870159293894,0.041009003361549744,-0.03259351291413784,0.6444974744094675,-0.8384553506655567,0.266056632955966,0.9019387900826854,0.6704606077074668,0.8329846436469849,0.7363314258841912,-0.90014502085264,-0.6691719900528554,1.8384829600739359,-0.26604212051469683,-0.9019733215503057,-0.6704661996738547,0.23808201341638235,1.8123194180627467,-2.7849638325015387,0.7345629003332825}]

Max g: 1.0439706428527762e-5
f_91([0.0135178,-1.63697,2.31691,1.29779,-0.696902,0.20844,0.996161,-0.144562,0.83645,-0.781332,1.13542,-0.188648,0.284555,1.79732,1.61231,4.13999,-0.866335,-1.56773,0.998101,0.667838,-0.265537,-1.72487,0.0665936,0.72101,0.347087,0.041009,-0.0325935,0.644497,-0.838455,0.266057,0.901939,0.670461,0.832985,0.736331,-0.900145,-0.669172,1.83848,-0.266042,-0.901973,-0.670466,0.238082,1.81232,-2.78496,0.734563])
3.582716700892157
Max g: 1.043864706051778e-5
f_92([0.0135178,-1.63697,2.31691,1.29779,-0.696902,0.20844,0.996161,-0.144562,0.83645,-0.781332,1.13542,-0.188648,0.284555,1.79732,1.61231,4.13999,-0.866335,-1.56773,0.998101,0.667838,-0.265537,-1.72487,0.0665936,0.72101,0.347087,0.041009,-0.0325935,0.644497,-0.838455,0.266057,0.901939,0.670461,0.832985,0.736331,-0.900145,-0.669172,1.83848,-0.266042,-0.901973,-0.670466,0.238082,1.81232,-2.78496,0.734563])
3.582716700892157
Max g: 1.043758069449452e-5
f_93([0.0135178,-1.63697,2.31691,1.29779,-0.696902,0.20844,0.996161,-0.144562,0.83645,-0.781332,1.13542,-0.188648,0.284555,1.79732,1.61231,4.13999,-0.866335,-1.56773,0.998101,0.667838,-0.265537,-1.72487,0.0665936,0.72101,0.347087,0.041009,-0.0325935,0.644497,-0.838455,0.266057,0.901939,0.670461,0.832985,0.736331,-0.900145,-0.669172,1.83848,-0.266042,-0.901973,-0.670466,0.238082,1.81232,-2.78496,0.734563])
3.582716700892157
Max g: 1.0436523828288857e-5
f_94([0.0135178,-1.63697,2.31691,1.29779,-0.696902,0.20844,0.996161,-0.144562,0.83645,-0.781332,1.13542,-0.188648,0.284555,1.79732,1.61231,4.13999,-0.866335,-1.56773,0.998101,0.667838,-0.265537,-1.72487,0.0665936,0.72101,0.347087,0.041009,-0.0325935,0.644497,-0.838455,0.266057,0.901939,0.670461,0.832985,0.736331,-0.900145,-0.669172,1.83848,-0.266042,-0.901973,-0.670466,0.238082,1.81232,-2.78496,0.734563])
3.582716700892157
Max g: 1.0435455141982741e-5
f_95([0.0135178,-1.63697,2.31691,1.29779,-0.696902,0.20844,0.996161,-0.144562,0.83645,-0.781332,1.13542,-0.188648,0.284555,1.79732,1.61231,4.13999,-0.866335,-1.56773,0.998101,0.667838,-0.265537,-1.72487,0.0665936,0.72101,0.347087,0.041009,-0.0325935,0.644497,-0.838455,0.266057,0.901939,0.670461,0.832985,0.736331,-0.900145,-0.669172,1.83848,-0.266042,-0.901973,-0.670466,0.238082,1.81232,-2.78496,0.734563])
3.582716700892157
Max g: 1.043437174935713e-5
f_96([0.0135178,-1.63697,2.31691,1.29779,-0.696902,0.20844,0.996161,-0.144562,0.83645,-0.781332,1.13542,-0.188648,0.284555,1.79732,1.61231,4.13999,-0.866335,-1.56773,0.998101,0.667838,-0.265537,-1.72487,0.0665936,0.72101,0.347087,0.041009,-0.0325935,0.644497,-0.838455,0.266057,0.901939,0.670461,0.832985,0.736331,-0.900145,-0.669172,1.83848,-0.266042,-0.901973,-0.670466,0.238082,1.81232,-2.78496,0.734563])
3.582716700892157
Max g: 1.0433298675588398e-5
f_97([0.0135178,-1.63697,2.31691,1.29779,-0.696902,0.20844,0.996161,-0.144562,0.83645,-0.781332,1.13542,-0.188648,0.284555,1.79732,1.61231,4.13999,-0.866335,-1.56773,0.998101,0.667838,-0.265537,-1.72487,0.0665936,0.72101,0.347087,0.041009,-0.0325935,0.644497,-0.838455,0.266057,0.901939,0.670461,0.832985,0.736331,-0.900145,-0.669172,1.83848,-0.266042,-0.901973,-0.670466,0.238082,1.81232,-2.78496,0.734563])
3.582716700892157
Max g: 1.0432227224604906e-5
f_98([0.0135178,-1.63697,2.31691,1.29779,-0.696902,0.20844,0.996161,-0.144562,0.83645,-0.781332,1.13542,-0.188648,0.284555,1.79732,1.61231,4.13999,-0.866335,-1.56773,0.998101,0.667838,-0.265537,-1.72487,0.0665936,0.72101,0.347087,0.041009,-0.0325935,0.644497,-0.838455,0.266057,0.901939,0.670461,0.832985,0.736331,-0.900145,-0.669172,1.83848,-0.266042,-0.901973,-0.670466,0.238082,1.81232,-2.78496,0.734563])
3.582716700892157
Max g: 1.0431160953672247e-5
f_99([0.0135178,-1.63697,2.31691,1.29779,-0.696902,0.20844,0.996161,-0.144562,0.83645,-0.781332,1.13542,-0.188648,0.284555,1.79732,1.61231,4.13999,-0.866335,-1.56773,0.998101,0.667838,-0.265537,-1.72487,0.0665936,0.72101,0.347087,0.041009,-0.0325935,0.644497,-0.838455,0.266057,0.901939,0.670461,0.832985,0.736331,-0.900145,-0.669172,1.83848,-0.266042,-0.901973,-0.670466,0.238082,1.81232,-2.78496,0.734563])
3.582716700892157
Max g: 1.0430115255560812e-5
f_100([0.0135178,-1.63697,2.31691,1.29779,-0.696902,0.20844,0.996161,-0.144562,0.83645,-0.781332,1.13542,-0.188648,0.284555,1.79732,1.61231,4.13999,-0.866335,-1.56773,0.998101,0.667838,-0.265537,-1.72487,0.0665936,0.72101,0.347087,0.041009,-0.0325935,0.644497,-0.838455,0.266057,0.901939,0.670461,0.832985,0.736331,-0.900145,-0.669172,1.83848,-0.266042,-0.901973,-0.670466,0.238082,1.81232,-2.78496,0.734563])
3.582716700892157
{0.013517788068670012,-1.636972082017963,2.316914683316147,1.2977861148051357,-0.6969018611085986,0.20843979706816212,0.996161175739508,-0.14456164871925,0.836450365938693,-0.7813321754327961,1.1354156959248936,-0.18864811342714205,0.284554727363482,1.7973203692841118,1.6123094632455561,4.139985820118129,-0.8663350572866787,-1.567728475764509,0.9981009495506655,0.6678381154650773,-0.265536664231144,-1.724872286067947,0.06659359300648984,0.7210102380862702,0.34708701917142903,0.04100900386355073,-0.03259351135108177,0.6444974710161906,-0.8384553686857577,0.26605663363742293,0.9019388058092195,0.6704606080604076,0.8329846638515935,0.736331441149967,-0.9001450544993137,-0.6691719907428954,1.8384829280886432,-0.2660421487987169,-0.9019732718293898,-0.6704661907029091,0.23808200504262003,1.8123194236224183,-2.7849638380250448,0.7345629087209754}]
Set[{A021,A031,A032,A041,A042,A043,A121,A131,A132,A141,A142,A143,B021,B031,B032,B041,B042,B043,B121,B131,B132,B141,B142,B143,\[Alpha]1,\[Alpha]2,\[Alpha]3,\[Alpha]4,\[Beta]11,\[Beta]12,\[Beta]13,\[Beta]14,\[Beta]21,\[Beta]22,\[Beta]23,\[Beta]24,\[Beta]31,\[Beta]32,\[Beta]33,\[Beta]34,\[Beta]41,\[Beta]42,\[Beta]43,\[Beta]44},{0.013517788068670012,-1.636972082017963,2.316914683316147,1.2977861148051357,-0.6969018611085986,0.20843979706816212,0.996161175739508,-0.14456164871925,0.836450365938693,-0.7813321754327961,1.1354156959248936,-0.18864811342714205,0.284554727363482,1.7973203692841118,1.6123094632455561,4.139985820118129,-0.8663350572866787,-1.567728475764509,0.9981009495506655,0.6678381154650773,-0.265536664231144,-1.724872286067947,0.06659359300648984,0.7210102380862702,0.34708701917142903,0.04100900386355073,-0.03259351135108177,0.6444974710161906,-0.8384553686857577,0.26605663363742293,0.9019388058092195,0.6704606080604076,0.8329846638515935,0.736331441149967,-0.9001450544993137,-0.6691719907428954,1.8384829280886432,-0.2660421487987169,-0.9019732718293898,-0.6704661907029091,0.23808200504262003,1.8123194236224183,-2.7849638380250448,0.7345629087209754}]

Max g: 1.0429074178974762e-5
f_101([0.0135178,-1.63697,2.31691,1.29779,-0.696902,0.20844,0.996161,-0.144562,0.83645,-0.781332,1.13542,-0.188648,0.284555,1.79732,1.61231,4.13999,-0.866335,-1.56773,0.998101,0.667838,-0.265537,-1.72487,0.0665936,0.72101,0.347087,0.041009,-0.0325935,0.644497,-0.838455,0.266057,0.901939,0.670461,0.832985,0.736331,-0.900145,-0.669172,1.83848,-0.266042,-0.901973,-0.670466,0.238082,1.81232,-2.78496,0.734563])
3.582716700892157
Max g: 1.0428029069586842e-5
f_102([0.0135178,-1.63697,2.31691,1.29779,-0.696902,0.20844,0.996161,-0.144562,0.83645,-0.781332,1.13542,-0.188648,0.284555,1.79732,1.61231,4.13999,-0.866335,-1.56773,0.998101,0.667838,-0.265537,-1.72487,0.0665936,0.72101,0.347087,0.041009,-0.0325935,0.644497,-0.838455,0.266057,0.901939,0.670461,0.832985,0.736331,-0.900145,-0.669172,1.83848,-0.266042,-0.901973,-0.670466,0.238082,1.81232,-2.78496,0.734563])
3.582716700892157
Max g: 1.0426957250758706e-5
f_103([0.0135178,-1.63697,2.31691,1.29779,-0.696902,0.20844,0.996161,-0.144562,0.83645,-0.781332,1.13542,-0.188648,0.284555,1.79732,1.61231,4.13999,-0.866335,-1.56773,0.998101,0.667838,-0.265537,-1.72487,0.0665936,0.72101,0.347087,0.041009,-0.0325935,0.644497,-0.838455,0.266057,0.901939,0.670461,0.832985,0.736331,-0.900145,-0.669172,1.83848,-0.266042,-0.901973,-0.670466,0.238082,1.81232,-2.78496,0.734563])
3.582716700892157
Max g: 1.0425906236261051e-5
f_104([0.0135178,-1.63697,2.31691,1.29779,-0.696902,0.20844,0.996161,-0.144562,0.83645,-0.781332,1.13542,-0.188648,0.284555,1.79732,1.61231,4.13999,-0.866335,-1.56773,0.998101,0.667838,-0.265537,-1.72487,0.0665936,0.72101,0.347087,0.041009,-0.0325935,0.644497,-0.838455,0.266057,0.901939,0.670461,0.832985,0.736331,-0.900145,-0.669172,1.83848,-0.266042,-0.901973,-0.670466,0.238082,1.81232,-2.78496,0.734563])
3.582716700892157
Max g: 1.042485099603252e-5
f_105([0.0135178,-1.63697,2.31691,1.29779,-0.696902,0.20844,0.996161,-0.144562,0.83645,-0.781332,1.13542,-0.188648,0.284555,1.79732,1.61231,4.13999,-0.866335,-1.56773,0.998101,0.667838,-0.265537,-1.72487,0.0665936,0.72101,0.347087,0.041009,-0.0325935,0.644497,-0.838455,0.266057,0.901939,0.670461,0.832985,0.736331,-0.900145,-0.669172,1.83848,-0.266042,-0.901973,-0.670466,0.238082,1.81232,-2.78496,0.734563])
3.582716700892157
Max g: 1.0423799502501385e-5
f_106([0.0135178,-1.63697,2.31691,1.29779,-0.696902,0.20844,0.996161,-0.144562,0.83645,-0.781332,1.13542,-0.188648,0.284555,1.79732,1.61231,4.13999,-0.866335,-1.56773,0.998101,0.667838,-0.265537,-1.72487,0.0665936,0.72101,0.347087,0.041009,-0.0325935,0.644497,-0.838455,0.266057,0.901939,0.670461,0.832985,0.736331,-0.900145,-0.669172,1.83848,-0.266042,-0.901973,-0.670466,0.238082,1.81232,-2.78496,0.734563])
3.582716700892157
Max g: 1.0422724393110983e-5
f_107([0.0135178,-1.63697,2.31691,1.29779,-0.696902,0.20844,0.996161,-0.144562,0.83645,-0.781332,1.13542,-0.188648,0.284555,1.79732,1.61231,4.13999,-0.866335,-1.56773,0.998101,0.667838,-0.265537,-1.72487,0.0665936,0.72101,0.347087,0.041009,-0.0325935,0.644497,-0.838455,0.266057,0.901939,0.670461,0.832985,0.736331,-0.900145,-0.669172,1.83848,-0.266042,-0.901973,-0.670466,0.238082,1.81232,-2.78496,0.734563])
3.582716700892157
Max g: 1.0421657115344818e-5
f_108([0.0135178,-1.63697,2.31691,1.29779,-0.696902,0.20844,0.996161,-0.144562,0.83645,-0.781332,1.13542,-0.188648,0.284555,1.79732,1.61231,4.13999,-0.866335,-1.56773,0.998101,0.667838,-0.265537,-1.72487,0.0665936,0.72101,0.347087,0.041009,-0.0325935,0.644497,-0.838455,0.266057,0.901939,0.670461,0.832985,0.736331,-0.900145,-0.669172,1.83848,-0.266042,-0.901973,-0.670466,0.238082,1.81232,-2.78496,0.734563])
3.582716700892157
Max g: 1.042057539968333e-5
f_109([0.0135178,-1.63697,2.31691,1.29779,-0.696902,0.20844,0.996161,-0.144562,0.83645,-0.781332,1.13542,-0.188648,0.284555,1.79732,1.61231,4.13999,-0.866335,-1.56773,0.998101,0.667838,-0.265537,-1.72487,0.0665936,0.72101,0.347087,0.041009,-0.0325935,0.644497,-0.838455,0.266057,0.901939,0.670461,0.832985,0.736331,-0.900145,-0.669172,1.83848,-0.266042,-0.901973,-0.670466,0.238082,1.81232,-2.78496,0.734563])
3.582716700892157
Max g: 1.0419518092691371e-5
f_110([0.0135178,-1.63697,2.31691,1.29779,-0.696902,0.20844,0.996161,-0.144562,0.83645,-0.781332,1.13542,-0.188648,0.284555,1.79732,1.61231,4.13999,-0.866335,-1.56773,0.998101,0.667838,-0.265537,-1.72487,0.0665936,0.72101,0.347087,0.041009,-0.0325935,0.644497,-0.838455,0.266057,0.901939,0.670461,0.832985,0.736331,-0.900145,-0.669172,1.83848,-0.266042,-0.901973,-0.670466,0.238082,1.81232,-2.78496,0.734563])
3.582716700892157
{0.013517787816557532,-1.6369720821768459,2.316914683156841,1.2977861176024263,-0.6969018583100969,0.20843979980103544,0.996161177856775,-0.14456164598765114,0.8364503639068885,-0.7813321620192619,1.1354157057946221,-0.188648142356683,0.2845546989526987,1.7973203713825259,1.6123094653236847,4.1399858192592465,-0.866335058159417,-1.5677284766232102,0.9981009406688677,0.6678381086840803,-0.2655366651717862,-1.7248722921303439,0.06659359875248679,0.7210102367914155,0.34708702237233785,0.041009004343076826,-0.03259350981304506,0.6444974676400962,-0.8384553866823032,0.2660566343537394,0.901938821522468,0.6704606083987114,0.8329846840446891,0.7363314564037106,-0.900145088084939,-0.6691719914358116,1.8384828961005395,-0.26604217706095207,-0.901973222175257,-0.6704661817252183,0.23808199663979876,1.812319429173934,-2.7849638435582955,0.7345629171136765}]
Set[{A021,A031,A032,A041,A042,A043,A121,A131,A132,A141,A142,A143,B021,B031,B032,B041,B042,B043,B121,B131,B132,B141,B142,B143,\[Alpha]1,\[Alpha]2,\[Alpha]3,\[Alpha]4,\[Beta]11,\[Beta]12,\[Beta]13,\[Beta]14,\[Beta]21,\[Beta]22,\[Beta]23,\[Beta]24,\[Beta]31,\[Beta]32,\[Beta]33,\[Beta]34,\[Beta]41,\[Beta]42,\[Beta]43,\[Beta]44},{0.013517787816557532,-1.6369720821768459,2.316914683156841,1.2977861176024263,-0.6969018583100969,0.20843979980103544,0.996161177856775,-0.14456164598765114,0.8364503639068885,-0.7813321620192619,1.1354157057946221,-0.188648142356683,0.2845546989526987,1.7973203713825259,1.6123094653236847,4.1399858192592465,-0.866335058159417,-1.5677284766232102,0.9981009406688677,0.6678381086840803,-0.2655366651717862,-1.7248722921303439,0.06659359875248679,0.7210102367914155,0.34708702237233785,0.041009004343076826,-0.03259350981304506,0.6444974676400962,-0.8384553866823032,0.2660566343537394,0.901938821522468,0.6704606083987114,0.8329846840446891,0.7363314564037106,-0.900145088084939,-0.6691719914358116,1.8384828961005395,-0.26604217706095207,-0.901973222175257,-0.6704661817252183,0.23808199663979876,1.812319429173934,-2.7849638435582955,0.7345629171136765}]

Max g: 1.0418467998818404e-5
f_111([0.0135178,-1.63697,2.31691,1.29779,-0.696902,0.20844,0.996161,-0.144562,0.83645,-0.781332,1.13542,-0.188648,0.284555,1.79732,1.61231,4.13999,-0.866335,-1.56773,0.998101,0.667838,-0.265537,-1.72487,0.0665936,0.72101,0.347087,0.041009,-0.0325935,0.644497,-0.838455,0.266057,0.901939,0.670461,0.832985,0.736331,-0.900145,-0.669172,1.83848,-0.266042,-0.901973,-0.670466,0.238082,1.81232,-2.78496,0.734563])
3.582716700892157
Max g: 1.0417396184542183e-5
{0.013517787790903703,-1.6369720821984979,2.3169146831423375,1.297786117903037,-0.6969018580094213,0.2084398000871512,0.9961611780784357,-0.1445616456914886,0.8364503636902182,-0.7813321605883571,1.1354157068513016,-0.18864814545700512,0.28455469590646787,1.7973203716065498,1.6123094655445482,4.139985819165566,-0.8663350582493746,-1.567728476715594,0.9981009397259895,0.6678381079627181,-0.26553666527257574,-1.7248722927814726,0.06659359936653324,0.7210102366519441,0.3470870227099145,0.04100900439001704,-0.032593509655568176,0.6444974672769682,-0.8384553886069012,0.2660566344273212,0.9019388232042975,0.6704606084374982,0.8329846862053328,0.736331458042706,-0.9001450916948188,-0.6691719915129393,1.8384828926751202,-0.2660421800935656,-0.9019732168565392,-0.6704661807634207,0.23808199574462666,1.8123194297665266,-2.784963844149431,0.7345629180124339}]
Set[{A021,A031,A032,A041,A042,A043,A121,A131,A132,A141,A142,A143,B021,B031,B032,B041,B042,B043,B121,B131,B132,B141,B142,B143,\[Alpha]1,\[Alpha]2,\[Alpha]3,\[Alpha]4,\[Beta]11,\[Beta]12,\[Beta]13,\[Beta]14,\[Beta]21,\[Beta]22,\[Beta]23,\[Beta]24,\[Beta]31,\[Beta]32,\[Beta]33,\[Beta]34,\[Beta]41,\[Beta]42,\[Beta]43,\[Beta]44},{0.013517787790903703,-1.6369720821984979,2.3169146831423375,1.297786117903037,-0.6969018580094213,0.2084398000871512,0.9961611780784357,-0.1445616456914886,0.8364503636902182,-0.7813321605883571,1.1354157068513016,-0.18864814545700512,0.28455469590646787,1.7973203716065498,1.6123094655445482,4.139985819165566,-0.8663350582493746,-1.567728476715594,0.9981009397259895,0.6678381079627181,-0.26553666527257574,-1.7248722927814726,0.06659359936653324,0.7210102366519441,0.3470870227099145,0.04100900439001704,-0.032593509655568176,0.6444974672769682,-0.8384553886069012,0.2660566344273212,0.9019388232042975,0.6704606084374982,0.8329846862053328,0.736331458042706,-0.9001450916948188,-0.6691719915129393,1.8384828926751202,-0.2660421800935656,-0.9019732168565392,-0.6704661807634207,0.23808199574462666,1.8123194297665266,-2.784963844149431,0.7345629180124339}]


-----------------Final Result------------------
Options: alg=LN_AUGLAG_EQ,dx=0.01,max_eval=100000000,popSize=0
imin=-12,jmin=-1,imax=1,jmax=1,
parameter_minmax=5,
randSeed=8050358,rand_minmax=2

11127951 steps

Completed with maxf : 3.582716700892157

Constraints at 1.0417332f-5

x = [0.013517787790903703,-1.6369720821984979,2.3169146831423375,1.297786117903037,-0.6969018580094213,0.2084398000871512,0.9961611780784357,-0.1445616456914886,0.8364503636902182,-0.7813321605883571,1.1354157068513016,-0.18864814545700512,0.28455469590646787,1.7973203716065498,1.6123094655445482,4.139985819165566,-0.8663350582493746,-1.567728476715594,0.9981009397259895,0.6678381079627181,-0.26553666527257574,-1.7248722927814726,0.06659359936653324,0.7210102366519441,0.3470870227099145,0.04100900439001704,-0.032593509655568176,0.6444974672769682,-0.8384553886069012,0.2660566344273212,0.9019388232042975,0.6704606084374982,0.8329846862053328,0.736331458042706,-0.9001450916948188,-0.6691719915129393,1.8384828926751202,-0.2660421800935656,-0.9019732168565392,-0.6704661807634207,0.23808199574462666,1.8123194297665266,-2.784963844149431,0.7345629180124339]
c0 = [0.0,0.013517787790903703,0.6799426009438396,0.809324059980767]
c1 = [0.0,0.9961611780784357,0.6918887179987296,0.16543540080593933]
A0 = [0.0,0.013517787790903703,-1.6369720821984979,1.297786117903037,0.0,0.0,2.3169146831423375,-0.6969018580094213,0.0,0.0,0.0,0.2084398000871512,0.0,0.0,0.0,0.0]
A1 = [0.0,0.9961611780784357,-0.1445616456914886,-0.7813321605883571,0.0,0.0,0.8364503636902182,1.1354157068513016,0.0,0.0,0.0,-0.18864814545700512,0.0,0.0,0.0,0.0]
B0 = [0.0,0.28455469590646787,1.7973203716065498,4.139985819165566,0.0,0.0,1.6123094655445482,-0.8663350582493746,0.0,0.0,0.0,-1.567728476715594,0.0,0.0,0.0,0.0]
B1 = [0.0,0.9981009397259895,0.6678381079627181,-1.7248722927814726,0.0,0.0,-0.26553666527257574,0.06659359936653324,0.0,0.0,0.0,0.7210102366519441,0.0,0.0,0.0,0.0]
  = [0.3470870227099145,0.04100900439001704,-0.032593509655568176,0.6444974672769682]
1 = [-0.8384553886069012,0.2660566344273212,0.9019388232042975,0.6704606084374982]
2 = [0.8329846862053328,0.736331458042706,-0.9001450916948188,-0.6691719915129393]
3 = [1.8384828926751202,-0.2660421800935656,-0.9019732168565392,-0.6704661807634207]
4 = [0.23808199574462666,1.8123194297665266,-2.784963844149431,0.7345629180124339]


Set[{A021,A031,A032,A041,A042,A043,A121,A131,A132,A141,A142,A143,B021,B031,B032,B041,B042,B043,B121,B131,B132,B141,B142,B143,\[Alpha]1,\[Alpha]2,\[Alpha]3,\[Alpha]4,\[Beta]11,\[Beta]12,\[Beta]13,\[Beta]14,\[Beta]21,\[Beta]22,\[Beta]23,\[Beta]24,\[Beta]31,\[Beta]32,\[Beta]33,\[Beta]34,\[Beta]41,\[Beta]42,\[Beta]43,\[Beta]44},{0.013517787790903703,-1.6369720821984979,2.3169146831423375,1.297786117903037,-0.6969018580094213,0.2084398000871512,0.9961611780784357,-0.1445616456914886,0.8364503636902182,-0.7813321605883571,1.1354157068513016,-0.18864814545700512,0.28455469590646787,1.7973203716065498,1.6123094655445482,4.139985819165566,-0.8663350582493746,-1.567728476715594,0.9981009397259895,0.6678381079627181,-0.26553666527257574,-1.7248722927814726,0.06659359936653324,0.7210102366519441,0.3470870227099145,0.04100900439001704,-0.032593509655568176,0.6444974672769682,-0.8384553886069012,0.2660566344273212,0.9019388232042975,0.6704606084374982,0.8329846862053328,0.736331458042706,-0.9001450916948188,-0.6691719915129393,1.8384828926751202,-0.2660421800935656,-0.9019732168565392,-0.6704661807634207,0.23808199574462666,1.8123194297665266,-2.784963844149431,0.7345629180124339}]



