
-----------------Setup------------------
Options: alg=LN_AUGLAG_EQ,dx=0.01,max_eval=100000000,popSize=0
imin=-12,jmin=-1,imax=1,jmax=1,
parameter_minmax=5,
randSeed=34646293, rand_minmax=2

Initial Condition:

[-0.190978,0.445831,-1.08699,-0.204504,0.555557,1.91515,-1.57788,-0.6544,1.87116,1.62403,-0.242573,-1.34601,-1.44527,0.580461,0.861288,1.98476,-1.48768,-0.113364,0.366478,-1.45518,1.30597,-0.917853,1.20477,0.352847,0.0275554,0.293446,-0.125786,-1.46123,-1.87373,-1.97028,-0.996955,-1.09854,-1.97887,-1.86782,0.73739,0.550865,1.4801,-1.2355,-1.2753,-0.917505,-1.6609,-1.775,0.603131,1.96379]

f_1([-2.44595e-18,0.388105,-0.0756694,-1.9428,2.01559,-0.0265543,0.127705,-0.252753,0.25485,-0.160515,0.139713,0.020887,-0.0305742,1.09745,0.0679729,1.30572,-0.733042,-0.895731,-0.232118,-2.83386,2.88801,-1.44822,0.876938,0.0502793,-1.13404,2.89155,0.977809,-1.44161,3.0,0.729882,0.0939667,-2.02391,0.084965,0.177042,0.405229,-1.16999,0.891247,0.208455,0.77638,-1.19228,-1.20593,-0.087206,-0.970612,1.67288])
21.919258434958184
Max g: 1.0281487759309091
f_2([0.0117451,0.812757,0.185141,-1.91291,2.11097,-0.0795092,0.999997,0.231902,0.76807,-0.211396,0.255323,0.0327041,0.0247371,1.14856,0.40787,1.50316,-1.2971,-0.178579,-2.08315,-1.58013,0.259678,-0.857906,0.433655,-0.53195,-1.22105,2.84343,0.619023,-1.24235,1.72115,0.285784,0.840315,-1.84186,1.2388,0.318846,-0.0599708,-1.50751,-0.798951,-0.293609,-0.892582,1.96948,1.07067,1.16973,-1.14638,-1.09751])
4.5609691741140574
Max g: 0.3353848836610561
f_3([0.0248419,0.797081,0.200172,-1.89429,2.14102,-0.110788,1.00004,0.257516,0.676761,-0.0462513,0.144645,0.0216435,0.0422933,1.18428,0.399121,1.4765,-1.24843,-0.171852,-1.54265,-1.16732,0.284995,-0.600683,0.319475,-0.496816,-1.25077,2.83797,0.597976,-1.18817,1.9364,0.850749,0.43214,-2.21491,1.7859,0.593843,-0.251612,-2.13333,-1.03724,-0.884168,-0.473348,2.38378,1.75598,1.93934,-1.8712,-1.82619])
4.474468548877442
Max g: 0.22685335676656443
f_4([0.0326232,0.785646,0.195014,-1.88404,2.15929,-0.131787,1.0,0.308381,0.592034,0.0903052,0.00566509,0.0216526,0.0471709,1.18311,0.409889,1.46523,-1.23576,-0.16533,-1.38968,-1.03333,0.29596,-0.496339,0.255755,-0.467649,-1.2576,2.82925,0.590822,-1.16516,2.09614,1.09008,0.202789,-2.38468,2.07346,0.700362,-0.374921,-2.40169,-1.20982,-1.13412,-0.234488,2.56666,2.19501,2.26539,-2.24294,-2.21713])
4.971598578972929
Max g: 0.17963287756529128
f_5([0.0456109,0.777448,0.207333,-1.86102,2.18843,-0.162221,1.0,0.455379,0.421297,0.28458,-0.140763,-0.0103359,0.0601003,1.18968,0.43536,1.46404,-1.21871,-0.166743,-1.19456,-0.942146,0.342081,-0.354912,0.19036,-0.441445,-1.24094,2.8081,0.566768,-1.13298,2.3843,1.44076,-0.129604,-2.69682,2.42512,0.787151,-0.414284,-2.80001,-1.38257,-1.4425,0.131807,2.69392,2.6783,2.77349,-2.74092,-2.71272])
6.2275478870061685
Max g: 0.06429617445796687
f_6([0.0641589,0.766714,0.228982,-1.8207,2.2276,-0.205245,1.0,0.562677,0.328366,0.265874,-0.147925,0.00624273,0.0767515,1.19395,0.452904,1.4585,-1.19333,-0.156187,-1.14777,-0.90405,0.327506,-0.329996,0.178276,-0.431034,-1.21996,2.80767,0.551891,-1.1398,2.5039,1.55404,-0.248619,-2.81002,2.52888,0.84177,-0.504561,-2.86633,-1.50294,-1.55345,0.248583,2.80858,2.95237,3.03907,-2.99647,-2.99689])
6.936554735928352
Max g: 0.06386125319660779
f_7([0.0647841,0.766079,0.228453,-1.81907,2.22855,-0.205784,0.999998,0.566251,0.325746,0.265225,-0.147516,0.00552719,0.0777218,1.19223,0.45303,1.45932,-1.19094,-0.155672,-1.13562,-0.898018,0.325571,-0.322803,0.17605,-0.429219,-1.22117,2.80674,0.553201,-1.13874,2.53608,1.58446,-0.278726,-2.84268,2.54293,0.844774,-0.514556,-2.87406,-1.53555,-1.5839,0.278298,2.84164,3.02757,3.11635,-3.07197,-3.07347])
7.059942409398052
Max g: 0.05866845931431805
f_8([0.0650408,0.766237,0.22707,-1.81902,2.22955,-0.206531,1.0,0.566505,0.326153,0.264539,-0.147676,0.00537271,0.077495,1.19313,0.452082,1.45883,-1.19146,-0.155263,-1.12474,-0.892396,0.325407,-0.31558,0.172689,-0.427643,-1.22224,2.80696,0.553237,-1.13803,2.56538,1.61458,-0.310149,-2.87041,2.57206,0.856936,-0.530907,-2.89882,-1.56499,-1.61423,0.30984,2.87008,3.08982,3.17937,-3.13478,-3.13582])
7.059047575343881
Max g: 0.05447476321271244
f_9([0.0650321,0.765639,0.228672,-1.81732,2.22777,-0.206283,1.0,0.567335,0.325809,0.263932,-0.147477,0.00516116,0.0775548,1.19373,0.452146,1.45909,-1.19292,-0.154165,-1.11487,-0.887313,0.325422,-0.309473,0.169,-0.42536,-1.22261,2.80706,0.552719,-1.13692,2.59147,1.64274,-0.339228,-2.89571,2.60044,0.869409,-0.545576,-2.92495,-1.59164,-1.64261,0.338946,2.89578,3.14744,3.23755,-3.192,-3.19401])
7.062726337566587
Max g: 0.0499570820985778
f_10([0.0651457,0.766391,0.228549,-1.81717,2.22861,-0.206533,1.0,0.568406,0.325661,0.262692,-0.146879,0.00484743,0.0772283,1.19473,0.450893,1.45916,-1.19428,-0.153531,-1.10605,-0.883188,0.325344,-0.30389,0.166011,-0.423385,-1.2228,2.80718,0.552901,-1.13736,2.61714,1.6685,-0.366399,-2.91975,2.62688,0.880257,-0.55953,-2.94829,-1.61717,-1.66835,0.366071,2.92003,3.19976,3.29162,-3.24504,-3.24734])
7.062129781530472
{0.06514570978271109,0.7663906844795016,0.22854922492371535,-1.817171532189961,2.2286132672741683,-0.2065329053900999,0.9999999381838287,0.568406485292274,0.32566094818089153,0.2626915412311822,-0.14687944311195375,0.004847432870162957,0.07722829148067974,1.1947274716161838,0.4508933948849866,1.4591557741723795,-1.1942784924907135,-0.15353147711267573,-1.1060478634823872,-0.8831877240262076,0.32534381251399813,-0.30388959610133587,0.166011349283524,-0.423385061964377,-1.222799029894475,2.8071786156190437,0.5529011379857847,-1.1373601687446993,2.617140836448824,1.66849664489265,-0.366398880201406,-2.919752157253622,2.6268848514648924,0.8802566933060699,-0.559530457299019,-2.9482937970268437,-1.6171655064892319,-1.6683454355919438,0.36607138053219834,2.9200332158360682,3.1997579930243396,3.2916232650572645,-3.245039304947709,-3.247335828100586}]
Set[{A021,A031,A032,A041,A042,A043,A121,A131,A132,A141,A142,A143,B021,B031,B032,B041,B042,B043,B121,B131,B132,B141,B142,B143,\[Alpha]1,\[Alpha]2,\[Alpha]3,\[Alpha]4,\[Beta]11,\[Beta]12,\[Beta]13,\[Beta]14,\[Beta]21,\[Beta]22,\[Beta]23,\[Beta]24,\[Beta]31,\[Beta]32,\[Beta]33,\[Beta]34,\[Beta]41,\[Beta]42,\[Beta]43,\[Beta]44},{0.06514570978271109,0.7663906844795016,0.22854922492371535,-1.817171532189961,2.2286132672741683,-0.2065329053900999,0.9999999381838287,0.568406485292274,0.32566094818089153,0.2626915412311822,-0.14687944311195375,0.004847432870162957,0.07722829148067974,1.1947274716161838,0.4508933948849866,1.4591557741723795,-1.1942784924907135,-0.15353147711267573,-1.1060478634823872,-0.8831877240262076,0.32534381251399813,-0.30388959610133587,0.166011349283524,-0.423385061964377,-1.222799029894475,2.8071786156190437,0.5529011379857847,-1.1373601687446993,2.617140836448824,1.66849664489265,-0.366398880201406,-2.919752157253622,2.6268848514648924,0.8802566933060699,-0.559530457299019,-2.9482937970268437,-1.6171655064892319,-1.6683454355919438,0.36607138053219834,2.9200332158360682,3.1997579930243396,3.2916232650572645,-3.245039304947709,-3.247335828100586}]

Max g: 0.04636386133330922
f_11([0.0648962,0.765915,0.229739,-1.8169,2.22765,-0.205658,1.0,0.56846,0.326115,0.262192,-0.147225,0.00495279,0.0769154,1.1933,0.451245,1.45825,-1.19328,-0.153905,-1.09759,-0.878792,0.325278,-0.297874,0.163601,-0.422697,-1.22191,2.80643,0.553651,-1.1381,2.6414,1.69337,-0.392275,-2.94296,2.65237,0.890782,-0.572514,-2.97118,-1.64159,-1.69316,0.392139,2.94291,3.25173,3.34375,-3.29685,-3.29964])
7.042045728314615
Max g: 0.042759727537051095
f_12([0.0649782,0.765482,0.229552,-1.81658,2.22731,-0.206074,0.999997,0.568403,0.326869,0.261937,-0.147795,0.00471253,0.0765537,1.19363,0.451475,1.45597,-1.19175,-0.154403,-1.08979,-0.874867,0.325455,-0.292662,0.160495,-0.420843,-1.22141,2.80545,0.553242,-1.13728,2.66447,1.7167,-0.417916,-2.96367,2.67656,0.900795,-0.586177,-2.99168,-1.66519,-1.7169,0.418022,2.96434,3.30141,3.39211,-3.34554,-3.34887])
7.0299157555802845
Max g: 0.03944270817545692
f_13([0.0650622,0.76536,0.229867,-1.81622,2.22723,-0.206271,1.0,0.568751,0.32694,0.261466,-0.148024,0.00477631,0.0772051,1.19343,0.452135,1.45658,-1.19163,-0.153678,-1.08427,-0.872004,0.325349,-0.288709,0.158859,-0.420292,-1.22124,2.80562,0.552961,-1.13734,2.68164,1.73371,-0.436031,-2.97977,2.69413,0.907859,-0.595305,-3.00702,-1.68196,-1.73375,0.436135,2.97997,3.33723,3.42792,-3.38143,-3.38461])
7.02494445527933
Max g: 0.03707239009989352
f_14([0.065228,0.765182,0.230297,-1.81547,2.22737,-0.206847,1.0,0.569208,0.327097,0.26096,-0.148142,0.00467068,0.0777022,1.1934,0.452382,1.45718,-1.19103,-0.153696,-1.07901,-0.869455,0.325457,-0.285094,0.156983,-0.419388,-1.22146,2.80624,0.552844,-1.13766,2.69815,1.75028,-0.454045,-2.99468,2.71028,0.914696,-0.604611,-3.02086,-1.69789,-1.75017,0.453899,2.99462,3.37131,3.4622,-3.41541,-3.41882])
7.033196813778915
Max g: 0.03481413834749675
f_15([0.065338,0.764746,0.231293,-1.81515,2.228,-0.207197,1.0,0.569155,0.32754,0.260711,-0.148222,0.00454241,0.0781409,1.19365,0.452155,1.45749,-1.19037,-0.153615,-1.0741,-0.866937,0.325524,-0.281853,0.155171,-0.418433,-1.22097,2.80577,0.552839,-1.13764,2.71278,1.76579,-0.470393,-3.00862,2.72556,0.921378,-0.612813,-3.03444,-1.71321,-1.766,0.470553,3.00902,3.40418,3.49474,-3.44764,-3.45199])
7.039957782188214
Max g: 0.03257717309714875
f_16([0.0653979,0.7639,0.231555,-1.81475,2.22782,-0.207516,1.0,0.569283,0.32784,0.260372,-0.148359,0.00454836,0.0781002,1.19373,0.451831,1.45767,-1.19096,-0.153334,-1.06941,-0.864685,0.325499,-0.278401,0.154002,-0.418296,-1.22018,2.80542,0.553016,-1.13824,2.7278,1.78087,-0.486054,-3.02283,2.73993,0.927445,-0.620535,-3.04715,-1.72775,-1.78087,0.486097,3.02288,3.43474,3.52617,-3.47859,-3.48297])
7.0348870558812395
Max g: 0.030588888951871784
f_17([0.0656389,0.764158,0.231706,-1.8139,2.2284,-0.208253,1.0,0.569769,0.327588,0.260354,-0.148707,0.00449704,0.0780326,1.1938,0.451958,1.45746,-1.19102,-0.15326,-1.06547,-0.862592,0.325465,-0.275579,0.152786,-0.417916,-1.22004,2.80523,0.552897,-1.13808,2.74062,1.79374,-0.499679,-3.03498,2.75294,0.932873,-0.627297,-3.05881,-1.74046,-1.79363,0.4995,3.03487,3.46184,3.55296,-3.50562,-3.50986])
7.044431952459073
Max g: 0.028843828088642193
f_18([0.0657008,0.764145,0.231805,-1.81365,2.22849,-0.208456,1.0,0.569734,0.327842,0.260246,-0.148984,0.00448737,0.0781329,1.19372,0.452193,1.45744,-1.19078,-0.153282,-1.06192,-0.860727,0.325409,-0.273221,0.151533,-0.417203,-1.22032,2.80547,0.552785,-1.13795,2.75189,1.80525,-0.511942,-3.04556,2.76443,0.937735,-0.633491,-3.06899,-1.75201,-1.80522,0.511889,3.04557,3.48649,3.57736,-3.53028,-3.53416])
7.039858356182195
Max g: 0.027344156677815507
f_19([0.065796,0.763798,0.232024,-1.81351,2.2289,-0.208839,1.0,0.570359,0.327599,0.259802,-0.148898,0.00442104,0.0781772,1.1936,0.45236,1.45756,-1.19066,-0.153517,-1.05852,-0.859029,0.325422,-0.271043,0.150202,-0.416339,-1.22018,2.80535,0.552739,-1.1379,2.76294,1.81646,-0.523901,-3.05575,2.77533,0.942396,-0.63949,-3.07852,-1.76289,-1.81648,0.523857,3.05579,3.50997,3.60102,-3.55366,-3.5579])
7.04254285834471
Max g: 0.025814484673782195
f_20([0.0659028,0.763739,0.232267,-1.81342,2.2293,-0.209182,1.0,0.570832,0.3274,0.25965,-0.149088,0.00436211,0.0783563,1.1938,0.452498,1.45769,-1.19056,-0.153352,-1.05536,-0.857451,0.325422,-0.268895,0.149081,-0.41577,-1.22003,2.8054,0.552544,-1.13793,2.77342,1.82712,-0.53533,-3.06549,2.78579,0.946979,-0.64543,-3.08761,-1.77337,-1.82704,0.53524,3.0654,3.53204,3.6232,-3.5759,-3.57983])
7.042741710356748
{0.06590276222480222,0.7637386760446225,0.23226675394442417,-1.8134219112633425,2.229301436638156,-0.20918180005658102,0.9999999999999988,0.5708323002503667,0.3274003867200328,0.2596499444240571,-0.14908776199373877,0.004362114098312995,0.0783562652406064,1.1937986232236253,0.452498028767572,1.45769255641542,-1.1905585343879779,-0.15335158156236672,-1.0553591088762788,-0.8574508823401564,0.325422012248147,-0.26889515043641804,0.14908141847815404,-0.41577020515008545,-1.2200281612371133,2.8053968380094587,0.5525438565855874,-1.1379274493691767,2.7734233237725125,1.827122352481867,-0.5353298699403347,-3.0654913164317037,2.785791622054244,0.9469793209604351,-0.6454299015460269,-3.087606092082037,-1.7733716622820503,-1.827037140633305,0.5352400362864005,3.065404049966042,3.5320386260806056,3.6232049173756153,-3.575904351429091,-3.579825256549281}]
Set[{A021,A031,A032,A041,A042,A043,A121,A131,A132,A141,A142,A143,B021,B031,B032,B041,B042,B043,B121,B131,B132,B141,B142,B143,\[Alpha]1,\[Alpha]2,\[Alpha]3,\[Alpha]4,\[Beta]11,\[Beta]12,\[Beta]13,\[Beta]14,\[Beta]21,\[Beta]22,\[Beta]23,\[Beta]24,\[Beta]31,\[Beta]32,\[Beta]33,\[Beta]34,\[Beta]41,\[Beta]42,\[Beta]43,\[Beta]44},{0.06590276222480222,0.7637386760446225,0.23226675394442417,-1.8134219112633425,2.229301436638156,-0.20918180005658102,0.9999999999999988,0.5708323002503667,0.3274003867200328,0.2596499444240571,-0.14908776199373877,0.004362114098312995,0.0783562652406064,1.1937986232236253,0.452498028767572,1.45769255641542,-1.1905585343879779,-0.15335158156236672,-1.0553591088762788,-0.8574508823401564,0.325422012248147,-0.26889515043641804,0.14908141847815404,-0.41577020515008545,-1.2200281612371133,2.8053968380094587,0.5525438565855874,-1.1379274493691767,2.7734233237725125,1.827122352481867,-0.5353298699403347,-3.0654913164317037,2.785791622054244,0.9469793209604351,-0.6454299015460269,-3.087606092082037,-1.7733716622820503,-1.827037140633305,0.5352400362864005,3.065404049966042,3.5320386260806056,3.6232049173756153,-3.575904351429091,-3.579825256549281}]

Max g: 0.0244674390648304
f_21([0.0659637,0.763819,0.232558,-1.81334,2.22955,-0.209341,1.0,0.571098,0.327347,0.25953,-0.14916,0.00428745,0.0784463,1.19393,0.45272,1.45776,-1.19069,-0.153303,-1.05229,-0.855847,0.325385,-0.266763,0.148138,-0.415448,-1.22003,2.80543,0.552258,-1.13766,2.78356,1.83748,-0.546105,-3.07519,2.79557,0.951195,-0.650605,-3.09643,-1.78352,-1.83743,0.546017,3.07517,3.55366,3.64496,-3.59751,-3.60155])
7.040653764230347
Max g: 0.02306577715554403
f_22([0.0660779,0.763762,0.233157,-1.81303,2.22998,-0.209687,0.999999,0.571556,0.327257,0.259425,-0.149551,0.00436008,0.0783468,1.19417,0.452696,1.45741,-1.1906,-0.153368,-1.0494,-0.854469,0.325382,-0.264659,0.147288,-0.41515,-1.22,2.80541,0.552119,-1.13753,2.7933,1.84709,-0.556515,-3.08411,2.80525,0.955045,-0.65579,-3.10473,-1.79347,-1.84713,0.556517,3.0843,3.57428,3.66567,-3.61814,-3.62224])
7.04473023047713
Max g: 0.021851127821841926
f_23([0.0661667,0.763684,0.233416,-1.81303,2.23066,-0.209998,1.0,0.571944,0.32723,0.259307,-0.149703,0.00425392,0.0781738,1.19418,0.452643,1.4569,-1.19054,-0.153316,-1.04667,-0.853175,0.325401,-0.262705,0.146438,-0.414858,-1.22028,2.8058,0.552132,-1.13764,2.80283,1.85651,-0.566579,-3.09292,2.81435,0.958946,-0.660837,-3.11265,-1.80281,-1.85654,0.566657,3.09289,3.5938,3.68546,-3.63765,-3.64203])
7.0465198985854745
Max g: 0.020637192722375935
f_24([0.0662335,0.763684,0.233603,-1.81254,2.23065,-0.210173,1.0,0.572258,0.327186,0.259173,-0.149901,0.00427771,0.0782403,1.19417,0.452607,1.45702,-1.19044,-0.153255,-1.04399,-0.851815,0.325384,-0.261183,0.145229,-0.413837,-1.22062,2.80593,0.552178,-1.1375,2.8117,1.86573,-0.576308,-3.10126,2.82312,0.962802,-0.665667,-3.12052,-1.81171,-1.86575,0.576346,3.1013,3.61307,3.70501,-3.65705,-3.66139])
7.042841136362767
Max g: 0.019425980126862502
f_25([0.0662912,0.763655,0.233942,-1.8124,2.23083,-0.210366,1.0,0.572583,0.327166,0.259107,-0.150128,0.0042601,0.0783034,1.19428,0.452833,1.45707,-1.1904,-0.153399,-1.04141,-0.850574,0.325431,-0.259326,0.14441,-0.413588,-1.22076,2.80602,0.551934,-1.1372,2.82056,1.87476,-0.585908,-3.10956,2.83166,0.966536,-0.670447,-3.12796,-1.82077,-1.87492,0.586013,3.10983,3.63163,3.72392,-3.67572,-3.68018])
7.042741710356748
Max g: 0.01826427179777279
f_26([0.0664234,0.763494,0.233977,-1.81216,2.23121,-0.210851,1.0,0.572848,0.327079,0.258957,-0.150198,0.00417871,0.0785851,1.19441,0.453015,1.45737,-1.19015,-0.153378,-1.03894,-0.849241,0.325384,-0.257645,0.14357,-0.413157,-1.22057,2.80609,0.551729,-1.13724,2.82912,1.88335,-0.595112,-3.11749,2.83991,0.969999,-0.674915,-3.13517,-1.8292,-1.88341,0.595086,3.11774,3.64998,3.74203,-3.69401,-3.69834])
7.044034248434997
Max g: 0.01723858370249426
f_27([0.0664757,0.763673,0.233989,-1.81202,2.23121,-0.210965,1.0,0.573102,0.326998,0.258891,-0.150407,0.00415863,0.0786957,1.1948,0.452975,1.45732,-1.19015,-0.153298,-1.03658,-0.848014,0.325427,-0.256101,0.142567,-0.412522,-1.22042,2.80607,0.551487,-1.13715,2.83753,1.89189,-0.604183,-3.12539,2.84796,0.973468,-0.679413,-3.14217,-1.83728,-1.89164,0.603959,3.1251,3.66765,3.75932,-3.71144,-3.71585])
7.0424434323386915
Max g: 0.016156535536000466
f_28([0.0665273,0.763401,0.234357,-1.81169,2.23112,-0.211158,1.0,0.573255,0.327033,0.258731,-0.150534,0.0041704,0.0786351,1.19484,0.453088,1.45702,-1.19011,-0.153272,-1.03429,-0.846832,0.325388,-0.254437,0.14191,-0.412363,-1.22054,2.80615,0.551351,-1.13695,2.84543,1.89983,-0.612719,-3.13273,2.8557,0.976823,-0.68369,-3.14898,-1.84551,-1.89976,0.612617,3.13273,3.68474,3.77639,-3.72863,-3.73282])
7.039858356182195
Max g: 0.015182237738303211
f_29([0.0665614,0.763699,0.234238,-1.81169,2.23112,-0.211213,1.0,0.573422,0.32707,0.258974,-0.150978,0.00413452,0.0787799,1.1949,0.453459,1.45701,-1.19002,-0.15312,-1.03233,-0.845826,0.325376,-0.253089,0.14125,-0.412043,-1.22026,2.8061,0.551072,-1.1369,2.85247,1.90683,-0.620053,-3.13939,2.86231,0.979571,-0.687189,-3.15488,-1.85242,-1.90672,0.619949,3.13933,3.69947,3.7911,-3.74324,-3.74761])
7.033495091796972
Max g: 0.014299910078220124
f_30([0.0665874,0.763361,0.234307,-1.81173,2.2312,-0.211375,1.0,0.573639,0.326972,0.258708,-0.150846,0.00411067,0.0786476,1.19501,0.453383,1.45681,-1.19009,-0.15322,-1.03118,-0.845251,0.325381,-0.252292,0.140852,-0.411851,-1.22028,2.80617,0.551033,-1.1369,2.8565,1.91085,-0.624442,-3.14304,2.86621,0.981191,-0.68932,-3.15823,-1.85651,-1.91084,0.624359,3.14315,3.70809,3.79967,-3.75185,-3.75618])
7.034688203869202
{0.06658741077556862,0.7633605283440454,0.23430658272184468,-1.8117268549602712,2.231203128052218,-0.2113748893256699,1.0000000092605066,0.573639142546069,0.32697190269392395,0.2587075497925918,-0.15084554469269537,0.004110667370371193,0.07864759282216084,1.1950134553578269,0.4533832662976687,1.4568118243723118,-1.1900930350755636,-0.15321998177584248,-1.0311827473386275,-0.8452511139213369,0.3253808665819024,-0.25229243684477115,0.14085222433983083,-0.4118512370583219,-1.2202820903089404,2.8061740934245387,0.5510327553866063,-1.1369041486000362,2.8565029966960793,1.9108546334697925,-0.6244420563283769,-3.1430351488174324,2.8662105555655963,0.9811908383108721,-0.6893203761696688,-3.15822825858299,-1.856514845935835,-1.9108383668119315,0.6243592843354889,3.1431458561881653,3.7080941082201093,3.799670310677181,-3.751852408503939,-3.756180140420207}]
Set[{A021,A031,A032,A041,A042,A043,A121,A131,A132,A141,A142,A143,B021,B031,B032,B041,B042,B043,B121,B131,B132,B141,B142,B143,\[Alpha]1,\[Alpha]2,\[Alpha]3,\[Alpha]4,\[Beta]11,\[Beta]12,\[Beta]13,\[Beta]14,\[Beta]21,\[Beta]22,\[Beta]23,\[Beta]24,\[Beta]31,\[Beta]32,\[Beta]33,\[Beta]34,\[Beta]41,\[Beta]42,\[Beta]43,\[Beta]44},{0.06658741077556862,0.7633605283440454,0.23430658272184468,-1.8117268549602712,2.231203128052218,-0.2113748893256699,1.0000000092605066,0.573639142546069,0.32697190269392395,0.2587075497925918,-0.15084554469269537,0.004110667370371193,0.07864759282216084,1.1950134553578269,0.4533832662976687,1.4568118243723118,-1.1900930350755636,-0.15321998177584248,-1.0311827473386275,-0.8452511139213369,0.3253808665819024,-0.25229243684477115,0.14085222433983083,-0.4118512370583219,-1.2202820903089404,2.8061740934245387,0.5510327553866063,-1.1369041486000362,2.8565029966960793,1.9108546334697925,-0.6244420563283769,-3.1430351488174324,2.8662105555655963,0.9811908383108721,-0.6893203761696688,-3.15822825858299,-1.856514845935835,-1.9108383668119315,0.6243592843354889,3.1431458561881653,3.7080941082201093,3.799670310677181,-3.751852408503939,-3.756180140420207}]

Max g: 0.013794868442652902
f_31([0.066441,0.762956,0.234949,-1.81193,2.23167,-0.21092,1.0,0.57393,0.326946,0.258685,-0.151018,0.00401822,0.0788854,1.19359,0.453107,1.45917,-1.19046,-0.153757,-1.02987,-0.844218,0.325426,-0.251251,0.140229,-0.411875,-1.22039,2.80562,0.552271,-1.13749,2.86107,1.91619,-0.630497,-3.14696,2.87021,0.98396,-0.692822,-3.16145,-1.86099,-1.91624,0.630714,3.14661,3.71784,3.8088,-3.76111,-3.76587])
7.031208293658533
Max g: 0.01323470418436426
f_32([0.0665633,0.763706,0.235802,-1.81168,2.23242,-0.211061,0.999999,0.574249,0.327039,0.258091,-0.150904,0.00406296,0.0788573,1.19348,0.453452,1.45906,-1.19099,-0.153411,-1.02647,-0.842496,0.325382,-0.249122,0.138933,-0.410956,-1.22031,2.80568,0.552076,-1.13741,2.87337,1.92846,-0.643517,-3.1584,2.88117,0.988658,-0.698962,-3.17098,-1.87333,-1.92848,0.64359,3.15839,3.74455,3.83528,-3.78738,-3.79267])
7.027430105429808
Max g: 0.01179928693490015
f_33([0.0665781,0.763111,0.235956,-1.81131,2.23207,-0.211197,1.0,0.574758,0.326833,0.258103,-0.151474,0.00409427,0.0790479,1.19319,0.453705,1.45903,-1.19027,-0.153508,-1.02309,-0.840724,0.325408,-0.246648,0.137753,-0.410504,-1.2205,2.80609,0.552132,-1.13766,2.88542,1.94047,-0.656805,-3.16917,2.89301,0.993484,-0.705555,-3.18103,-1.88548,-1.9405,0.656863,3.16925,3.7705,3.86056,-3.81316,-3.818])
7.023651917201081
Max g: 0.010297795897000056
f_34([0.0665417,0.762654,0.236149,-1.81165,2.23201,-0.211194,1.0,0.575386,0.326382,0.257312,-0.150869,0.00396939,0.0794052,1.19349,0.453795,1.45918,-1.19021,-0.153009,-1.01973,-0.838896,0.325392,-0.244775,0.136183,-0.409179,-1.22009,2.80568,0.551896,-1.13743,2.89739,1.95305,-0.669716,-3.18091,2.90428,0.998591,-0.711892,-3.19106,-1.89758,-1.95303,0.669776,3.18088,3.79663,3.88668,-3.8394,-3.84405])
7.019873728972356
Max g: 0.0088678046956977
f_35([0.066595,0.76225,0.23678,-1.81157,2.23246,-0.211413,1.0,0.575794,0.326168,0.25745,-0.151287,0.00391437,0.0794496,1.19334,0.453884,1.45945,-1.19044,-0.152849,-1.01722,-0.837656,0.325388,-0.242906,0.135417,-0.408948,-1.22049,2.80593,0.551951,-1.13737,2.90698,1.96224,-0.67969,-3.18961,2.91313,1.00221,-0.716559,-3.1989,-1.90683,-1.96216,0.679624,3.18941,3.8165,3.90623,-3.85918,-3.86368])
7.01947602494828
Max g: 0.007679637711899612
f_36([0.0666102,0.762548,0.237073,-1.81197,2.23319,-0.211416,1.0,0.57621,0.326113,0.257099,-0.151214,0.0038538,0.0793693,1.19325,0.453982,1.45956,-1.19054,-0.153078,-1.01499,-0.836593,0.325389,-0.241395,0.134612,-0.408475,-1.2203,2.80571,0.551963,-1.13735,2.91543,1.97059,-0.688621,-3.19746,2.92112,1.00555,-0.720913,-3.20583,-1.91536,-1.9706,0.688606,3.19743,3.83422,3.92417,-3.87682,-3.88172])
7.016890948791783
Max g: 0.006679803193080008
f_37([0.066638,0.762799,0.236944,-1.81196,2.23334,-0.211488,1.0,0.576622,0.325984,0.257151,-0.151606,0.00389147,0.0791941,1.1931,0.45418,1.4595,-1.19051,-0.153581,-1.01279,-0.835561,0.325431,-0.239728,0.134001,-0.408397,-1.22045,2.80585,0.55187,-1.13722,2.92364,1.9788,-0.697356,-3.20519,2.92898,1.00877,-0.725034,-3.21269,-1.92376,-1.97888,0.697446,3.20525,3.85147,3.9415,-3.89391,-3.89914])
7.014703576659363
Max g: 0.005656896339607725
f_38([0.0667126,0.763087,0.236882,-1.81169,2.23346,-0.211664,1.0,0.577106,0.325827,0.25697,-0.151692,0.00380275,0.079288,1.19291,0.45446,1.45947,-1.19045,-0.153409,-1.01066,-0.834595,0.325442,-0.238276,0.133234,-0.407937,-1.22026,2.80568,0.551812,-1.13723,2.93175,1.9866,-0.705863,-3.21251,2.9367,1.01195,-0.729358,-3.21931,-1.93201,-1.98674,0.705979,3.21275,3.86829,3.95857,-3.91089,-3.91602])
7.01172079647879
Max g: 0.004730801279168584
f_39([0.0667399,0.763277,0.236612,-1.81152,2.23342,-0.211741,1.0,0.577651,0.325522,0.256827,-0.151818,0.00380067,0.0793455,1.19289,0.454535,1.45919,-1.19032,-0.153112,-1.00862,-0.833612,0.325416,-0.236885,0.132565,-0.407615,-1.22028,2.80551,0.551788,-1.13705,2.93944,1.99435,-0.714142,-3.21968,2.94393,1.01518,-0.733465,-3.22568,-1.93971,-1.99461,0.714329,3.22003,3.88441,3.97522,-3.9274,-3.93233])
7.0077437562380265
Max g: 0.003847884302125404
f_40([0.0667936,0.762989,0.236957,-1.81115,2.23351,-0.211933,1.0,0.577917,0.325495,0.256891,-0.152149,0.00377042,0.0794092,1.19263,0.454571,1.45914,-1.19007,-0.153011,-1.00664,-0.83263,0.32544,-0.235557,0.131764,-0.407104,-1.2202,2.8055,0.551976,-1.13723,2.94713,2.00193,-0.722262,-3.22683,2.95112,1.01818,-0.73748,-3.23177,-1.94724,-2.0021,0.722507,3.22694,3.90081,3.99133,-3.94359,-3.94858])
7.00734605221395
{0.06679363073478559,0.7629893309111075,0.23695708004792074,-1.8111527346434029,2.233512408847543,-0.21193280224025726,1.0,0.5779165719628356,0.32549526060083084,0.25689120907471297,-0.15214933306505,0.0037704175697655896,0.0794091864006629,1.1926256265490482,0.4545710521976418,1.4591375194302538,-1.1900652102065419,-0.15301147499003562,-1.0066406312327467,-0.8326303862398262,0.32543998367474575,-0.2355571780421545,0.13176363125586482,-0.40710443409691044,-1.2201977977413565,2.8054983190173317,0.5519764683481458,-1.1372261527711662,2.9471293252848887,2.001933110232942,-0.7222616032225585,-3.226831424870015,2.951115685952479,1.0181764031187355,-0.7374801915948549,-3.231769411559541,-1.9472435157940828,-2.0021019808051714,0.7225068437711903,3.226940789513069,3.9008128596491867,3.991326369417095,-3.9435905960587965,-3.948577329804696}]
Set[{A021,A031,A032,A041,A042,A043,A121,A131,A132,A141,A142,A143,B021,B031,B032,B041,B042,B043,B121,B131,B132,B141,B142,B143,\[Alpha]1,\[Alpha]2,\[Alpha]3,\[Alpha]4,\[Beta]11,\[Beta]12,\[Beta]13,\[Beta]14,\[Beta]21,\[Beta]22,\[Beta]23,\[Beta]24,\[Beta]31,\[Beta]32,\[Beta]33,\[Beta]34,\[Beta]41,\[Beta]42,\[Beta]43,\[Beta]44},{0.06679363073478559,0.7629893309111075,0.23695708004792074,-1.8111527346434029,2.233512408847543,-0.21193280224025726,1.0,0.5779165719628356,0.32549526060083084,0.25689120907471297,-0.15214933306505,0.0037704175697655896,0.0794091864006629,1.1926256265490482,0.4545710521976418,1.4591375194302538,-1.1900652102065419,-0.15301147499003562,-1.0066406312327467,-0.8326303862398262,0.32543998367474575,-0.2355571780421545,0.13176363125586482,-0.40710443409691044,-1.2201977977413565,2.8054983190173317,0.5519764683481458,-1.1372261527711662,2.9471293252848887,2.001933110232942,-0.7222616032225585,-3.226831424870015,2.951115685952479,1.0181764031187355,-0.7374801915948549,-3.231769411559541,-1.9472435157940828,-2.0021019808051714,0.7225068437711903,3.226940789513069,3.9008128596491867,3.991326369417095,-3.9435905960587965,-3.948577329804696}]

Max g: 0.0029627718724085372
f_41([0.0668101,0.762836,0.236851,-1.81125,2.23361,-0.212052,1.0,0.578428,0.325192,0.256842,-0.152374,0.00376084,0.0794482,1.19256,0.454796,1.45892,-1.18995,-0.152903,-1.00469,-0.831611,0.325454,-0.234161,0.131078,-0.406811,-1.22031,2.80534,0.551857,-1.13687,2.95466,2.00931,-0.730215,-3.23373,2.95814,1.02108,-0.741168,-3.23807,-1.95475,-2.00941,0.73028,3.23393,3.91675,4.0068,-3.95911,-3.96446])
7.0053575320935675
Max g: 0.0020245773281763746
f_42([0.0668229,0.762929,0.236734,-1.81129,2.23389,-0.212107,1.0,0.578987,0.324946,0.256719,-0.152583,0.00377099,0.07957,1.19235,0.454695,1.45941,-1.18989,-0.152967,-1.00284,-0.830779,0.3255,-0.232814,0.130434,-0.406494,-1.22045,2.80526,0.552078,-1.13692,2.962,2.01633,-0.737912,-3.24043,2.96484,1.0237,-0.744816,-3.24378,-1.96229,-2.01652,0.738065,3.24075,3.93181,4.02182,-3.97397,-3.97967])
7.0025736039250335
Max g: 0.0011776934433362085
f_43([0.0668514,0.762831,0.236733,-1.81128,2.23407,-0.212228,1.0,0.579156,0.324974,0.256686,-0.152749,0.00377905,0.079575,1.19218,0.45482,1.45959,-1.18992,-0.153064,-1.00148,-0.83011,0.325491,-0.231995,0.129882,-0.406074,-1.22038,2.80514,0.552125,-1.13688,2.96728,2.02167,-0.743525,-3.24542,2.96976,1.02587,-0.747572,-3.24807,-1.96751,-2.02182,0.743669,3.24566,3.94309,4.0333,-3.98526,-3.99108])
7.00068450981067
Max g: 0.0006063687972458209
f_44([0.0668771,0.762957,0.236868,-1.81124,2.23414,-0.212267,1.0,0.579461,0.324834,0.256563,-0.152771,0.00373119,0.0796951,1.19228,0.454929,1.45971,-1.18985,-0.153073,-1.00023,-0.829498,0.325492,-0.231146,0.129424,-0.405802,-1.22044,2.80536,0.551976,-1.13694,2.97209,2.02636,-0.748576,-3.24986,2.97428,1.0277,-0.749965,-3.25201,-1.97232,-2.02652,0.748735,3.2501,3.95347,4.0436,-3.99552,-4.00153])
6.999491397738441
Max g: 0.0005228827150824955
f_45([0.0669073,0.763094,0.236809,-1.81115,2.23422,-0.212344,1.0,0.579597,0.324736,0.256503,-0.152844,0.0037166,0.0797414,1.19234,0.454936,1.4597,-1.18993,-0.152917,-0.999051,-0.82882,0.325493,-0.230331,0.128949,-0.405545,-1.22041,2.80526,0.551927,-1.13677,2.9768,2.03102,-0.753552,-3.25423,2.97864,1.02955,-0.752354,-3.25578,-1.97706,-2.03118,0.753725,3.25448,3.96372,4.05317,-4.00541,-4.01143])
6.997502877618059
Max g: 0.000552583163165199
f_46([0.0669607,0.76308,0.236916,-1.81095,2.23436,-0.212513,1.0,0.57982,0.32466,0.256299,-0.152829,0.00375065,0.0797044,1.19248,0.454807,1.45972,-1.18988,-0.153022,-0.997987,-0.828323,0.325485,-0.229671,0.128523,-0.405196,-1.22047,2.80534,0.551935,-1.13679,2.98097,2.03511,-0.757915,-3.25816,2.98254,1.03113,-0.754419,-3.25921,-1.98118,-2.0352,0.758045,3.25833,3.97231,4.06193,-4.01407,-4.02012])
6.998099433654174
Max g: 0.0006123270795577174
f_47([0.0669959,0.762969,0.236875,-1.81076,2.23432,-0.212644,1.0,0.579954,0.324638,0.256268,-0.152862,0.00368004,0.0797222,1.19252,0.454724,1.45981,-1.18998,-0.152964,-0.997045,-0.827859,0.325504,-0.229014,0.128175,-0.405032,-1.22053,2.80547,0.551957,-1.13689,2.98487,2.03888,-0.761942,-3.26177,2.98587,1.03254,-0.756257,-3.26214,-1.98499,-2.03895,0.762024,3.26186,3.98029,4.06982,-4.02197,-4.02806])
6.996210339539811
Max g: 0.0007975890396674234
f_48([0.0670239,0.763035,0.236877,-1.81066,2.23432,-0.212724,1.0,0.580038,0.324642,0.256301,-0.15308,0.00372242,0.0797621,1.19264,0.454795,1.4598,-1.19002,-0.152907,-0.996154,-0.827379,0.325514,-0.228373,0.127837,-0.404881,-1.22045,2.80542,0.551826,-1.13676,2.98832,2.0423,-0.765683,-3.26489,2.98915,1.03393,-0.758128,-3.26493,-1.98845,-2.04243,0.765815,3.26507,3.98781,4.07705,-4.0293,-4.03549])
6.996210339539811
Max g: 0.00102940334985957
f_49([0.0670026,0.763203,0.236739,-1.81053,2.23411,-0.212609,0.999989,0.580051,0.324695,0.256302,-0.153084,0.00371711,0.0797226,1.19291,0.45444,1.45995,-1.19018,-0.152956,-0.995848,-0.826902,0.325251,-0.228262,0.1279,-0.404914,-1.22047,2.80531,0.55188,-1.13672,2.98973,2.04347,-0.766722,-3.26646,2.98969,1.03443,-0.758314,-3.26575,-1.98964,-2.04344,0.766731,3.26634,3.99036,4.07964,-4.03182,-4.03815])
6.992730429329143
Max g: 0.0012638144483662073
f_50([0.067018,0.763124,0.236697,-1.8105,2.23402,-0.21262,0.994446,0.578335,0.322976,0.255181,-0.154123,0.00377491,0.0797354,1.19297,0.454462,1.45999,-1.19019,-0.152987,-0.995813,-0.826954,0.325282,-0.228243,0.127925,-0.404886,-1.22038,2.80528,0.551827,-1.13672,2.98951,2.04351,-0.765006,-3.26802,2.98897,1.03308,-0.760601,-3.2614,-1.98947,-2.04349,0.764989,3.26799,3.98982,4.07934,-4.03122,-4.03793])
7.025640437321464
{0.06701801750966285,0.7631242192373432,0.23669657706921438,-1.8105022266798594,2.2340193771242034,-0.21261953202062311,0.9944459206497743,0.5783345328022003,0.32297590047486013,0.2551814793281138,-0.1541233778557309,0.0037749122821729127,0.07973541328747565,1.1929693246384099,0.45446176470509014,1.4599901044734391,-1.1901935965818486,-0.15298664804608642,-0.9958125390464343,-0.8269543125232884,0.32528153743941995,-0.22824315301665735,0.1279254977495208,-0.404885929978901,-1.220382701266405,2.8052756178782015,0.5518269092985257,-1.1367208683159706,2.9895081056224684,2.0435118065441893,-0.7650057764549788,-3.2680238315741756,2.9889658885003056,1.0330756702856574,-0.7606012969485882,-3.261401352637803,-1.989472575205316,-2.0434939895287285,0.7649888301696032,3.2679936545179884,3.9898206100735063,4.079337416785562,-4.031218424990554,-4.037926396315041}]
Set[{A021,A031,A032,A041,A042,A043,A121,A131,A132,A141,A142,A143,B021,B031,B032,B041,B042,B043,B121,B131,B132,B141,B142,B143,\[Alpha]1,\[Alpha]2,\[Alpha]3,\[Alpha]4,\[Beta]11,\[Beta]12,\[Beta]13,\[Beta]14,\[Beta]21,\[Beta]22,\[Beta]23,\[Beta]24,\[Beta]31,\[Beta]32,\[Beta]33,\[Beta]34,\[Beta]41,\[Beta]42,\[Beta]43,\[Beta]44},{0.06701801750966285,0.7631242192373432,0.23669657706921438,-1.8105022266798594,2.2340193771242034,-0.21261953202062311,0.9944459206497743,0.5783345328022003,0.32297590047486013,0.2551814793281138,-0.1541233778557309,0.0037749122821729127,0.07973541328747565,1.1929693246384099,0.45446176470509014,1.4599901044734391,-1.1901935965818486,-0.15298664804608642,-0.9958125390464343,-0.8269543125232884,0.32528153743941995,-0.22824315301665735,0.1279254977495208,-0.404885929978901,-1.220382701266405,2.8052756178782015,0.5518269092985257,-1.1367208683159706,2.9895081056224684,2.0435118065441893,-0.7650057764549788,-3.2680238315741756,2.9889658885003056,1.0330756702856574,-0.7606012969485882,-3.261401352637803,-1.989472575205316,-2.0434939895287285,0.7649888301696032,3.2679936545179884,3.9898206100735063,4.079337416785562,-4.031218424990554,-4.037926396315041}]

Max g: 0.0006074615358496738
f_51([0.067,0.763115,0.236717,-1.81049,2.234,-0.212633,0.992693,0.577795,0.322426,0.254802,-0.154445,0.00381895,0.0797392,1.19295,0.45445,1.45997,-1.19019,-0.152947,-0.995824,-0.826986,0.325287,-0.228253,0.127952,-0.404891,-1.2204,2.80528,0.55185,-1.13673,2.98985,2.04368,-0.764445,-3.2691,2.98761,1.03211,-0.76107,-3.25863,-1.98983,-2.04366,0.764428,3.26906,3.98953,4.07914,-4.0309,-4.03776])
7.0426422843507295
Max g: 0.00028336264031914027
f_52([0.0670005,0.763107,0.23672,-1.81049,2.23401,-0.212639,0.992176,0.577644,0.322259,0.254695,-0.154542,0.00382818,0.0797399,1.19294,0.454452,1.45999,-1.19019,-0.152958,-0.995829,-0.826997,0.32529,-0.228259,0.127958,-0.404892,-1.2204,2.8053,0.551857,-1.13676,2.99007,2.0438,-0.76434,-3.26953,2.98693,1.03168,-0.761079,-3.25752,-1.99005,-2.04378,0.764324,3.26952,3.9894,4.07906,-4.03077,-4.03768])
7.046619324591493
Max g: 0.00013934536307314005
f_53([0.0670016,0.763116,0.236717,-1.81048,2.23401,-0.212642,0.991663,0.577483,0.322102,0.254595,-0.154651,0.00384334,0.0797439,1.19293,0.454451,1.46001,-1.1902,-0.152957,-0.995834,-0.82701,0.325298,-0.228264,0.127957,-0.404885,-1.22041,2.80531,0.551862,-1.13676,2.99033,2.04393,-0.764248,-3.27002,2.9862,1.03122,-0.761077,-3.25634,-1.99034,-2.04394,0.764251,3.27002,3.98925,4.07895,-4.03063,-4.03757])
7.050198660808181
Max g: 4.452142072786103e-6
f_54([0.0670018,0.763116,0.236717,-1.81048,2.23401,-0.212642,0.991659,0.577482,0.3221,0.254594,-0.154652,0.00384399,0.0797439,1.19293,0.454451,1.46001,-1.1902,-0.152958,-0.995834,-0.827009,0.325297,-0.228265,0.127957,-0.404884,-1.22041,2.80531,0.551862,-1.13676,2.99033,2.04393,-0.764247,-3.27002,2.98619,1.03121,-0.761077,-3.25633,-1.99034,-2.04394,0.764251,3.27003,3.98925,4.07895,-4.03062,-4.03757])
7.050596364832257
Max g: 5.248426957732422e-6
f_55([0.0670018,0.763116,0.236717,-1.81048,2.23401,-0.212642,0.991659,0.577482,0.3221,0.254594,-0.154652,0.00384399,0.0797439,1.19293,0.454451,1.46001,-1.1902,-0.152958,-0.995834,-0.827009,0.325297,-0.228265,0.127957,-0.404884,-1.22041,2.80531,0.551862,-1.13676,2.99033,2.04393,-0.764247,-3.27002,2.98619,1.03121,-0.761077,-3.25633,-1.99034,-2.04394,0.764251,3.27003,3.98925,4.07895,-4.03062,-4.03757])
7.050695790838276
Max g: 5.256250548729691e-6
f_56([0.0670018,0.763116,0.236717,-1.81048,2.23401,-0.212642,0.991659,0.577482,0.3221,0.254594,-0.154652,0.00384399,0.0797439,1.19293,0.454451,1.46001,-1.1902,-0.152958,-0.995834,-0.827009,0.325297,-0.228265,0.127957,-0.404884,-1.22041,2.80531,0.551862,-1.13676,2.99033,2.04393,-0.764247,-3.27002,2.98619,1.03121,-0.761077,-3.25633,-1.99034,-2.04394,0.764251,3.27003,3.98925,4.07895,-4.03062,-4.03757])
7.050695790838276
Max g: 5.256383765861461e-6
f_57([0.0670018,0.763116,0.236717,-1.81048,2.23401,-0.212642,0.991659,0.577482,0.3221,0.254594,-0.154652,0.00384399,0.0797439,1.19293,0.454451,1.46001,-1.1902,-0.152958,-0.995834,-0.827009,0.325297,-0.228265,0.127957,-0.404884,-1.22041,2.80531,0.551862,-1.13676,2.99033,2.04393,-0.764247,-3.27002,2.98619,1.03121,-0.761077,-3.25633,-1.99034,-2.04394,0.764251,3.27003,3.98925,4.07895,-4.03062,-4.03757])
7.050695790838276
Max g: 5.256460739649915e-6
f_58([0.067002,0.76312,0.236715,-1.81048,2.23401,-0.212643,0.991628,0.577476,0.322089,0.254588,-0.154658,0.00384411,0.0797427,1.19293,0.454456,1.46001,-1.1902,-0.15296,-0.995834,-0.82701,0.325298,-0.228265,0.127957,-0.404883,-1.22041,2.80532,0.551858,-1.13676,2.99035,2.04395,-0.764244,-3.27005,2.98614,1.03119,-0.761076,-3.25625,-1.99036,-2.04395,0.764254,3.27006,3.98923,4.07894,-4.03061,-4.03756])
7.050795216844295
Max g: 1.1530298548778628e-5
f_59([0.067002,0.76312,0.236715,-1.81048,2.23401,-0.212643,0.99163,0.577477,0.322089,0.254589,-0.154658,0.00384362,0.0797426,1.19293,0.454456,1.46001,-1.1902,-0.15296,-0.995834,-0.82701,0.325298,-0.228265,0.127957,-0.404883,-1.22041,2.80532,0.551858,-1.13676,2.99035,2.04395,-0.764247,-3.27005,2.98615,1.03119,-0.761076,-3.25626,-1.99036,-2.04395,0.764254,3.27006,3.98923,4.07894,-4.03061,-4.03756])
7.050496938826238
Max g: 1.0792567870149261e-5
f_60([0.067002,0.76312,0.236714,-1.81048,2.23401,-0.212643,0.991633,0.577478,0.32209,0.25459,-0.154657,0.00384304,0.0797429,1.19293,0.454456,1.46001,-1.1902,-0.15296,-0.995834,-0.82701,0.325298,-0.228266,0.127957,-0.404883,-1.22041,2.80532,0.551858,-1.13676,2.99035,2.04395,-0.764249,-3.27005,2.98615,1.03119,-0.761076,-3.25627,-1.99036,-2.04395,0.764254,3.27006,3.98923,4.07894,-4.03061,-4.03756])
7.050795216844295
{0.06700197424738162,0.7631198435127065,0.23671444649786583,-1.8104809847127015,2.234010746351206,-0.2126425818169446,0.9916332842883409,0.5774781256153305,0.32209023649993745,0.2545899125636477,-0.15465711155662926,0.003843043156999095,0.07974289021312073,1.1929325487082665,0.45445602863477624,1.4600089405924745,-1.190200731833457,-0.15295956532688526,-0.995834256562739,-0.8270100687847591,0.3252978783666318,-0.22826556957311075,0.1279567303951764,-0.4048827628981728,-1.2204142656108565,2.8053184836460177,0.5518582375110201,-1.13676239925194,2.990351585228791,2.0439466999565727,-0.7642492015628949,-3.270048891485518,2.9861504678284767,1.0311910238230737,-0.7610759313082226,-3.256267234495322,-1.990360737933629,-2.0439523439796523,0.7642541332353099,3.2700586217745515,3.9892295509994353,4.0789380594670845,-4.030610562802916,-4.037557083415795}]
Set[{A021,A031,A032,A041,A042,A043,A121,A131,A132,A141,A142,A143,B021,B031,B032,B041,B042,B043,B121,B131,B132,B141,B142,B143,\[Alpha]1,\[Alpha]2,\[Alpha]3,\[Alpha]4,\[Beta]11,\[Beta]12,\[Beta]13,\[Beta]14,\[Beta]21,\[Beta]22,\[Beta]23,\[Beta]24,\[Beta]31,\[Beta]32,\[Beta]33,\[Beta]34,\[Beta]41,\[Beta]42,\[Beta]43,\[Beta]44},{0.06700197424738162,0.7631198435127065,0.23671444649786583,-1.8104809847127015,2.234010746351206,-0.2126425818169446,0.9916332842883409,0.5774781256153305,0.32209023649993745,0.2545899125636477,-0.15465711155662926,0.003843043156999095,0.07974289021312073,1.1929325487082665,0.45445602863477624,1.4600089405924745,-1.190200731833457,-0.15295956532688526,-0.995834256562739,-0.8270100687847591,0.3252978783666318,-0.22826556957311075,0.1279567303951764,-0.4048827628981728,-1.2204142656108565,2.8053184836460177,0.5518582375110201,-1.13676239925194,2.990351585228791,2.0439466999565727,-0.7642492015628949,-3.270048891485518,2.9861504678284767,1.0311910238230737,-0.7610759313082226,-3.256267234495322,-1.990360737933629,-2.0439523439796523,0.7642541332353099,3.2700586217745515,3.9892295509994353,4.0789380594670845,-4.030610562802916,-4.037557083415795}]

Max g: 1.0050281720186405e-5
{0.06700197424738386,0.7631198435127057,0.2367144464978745,-1.8104809847127086,2.234010746351212,-0.2126425818169394,0.9916332842883547,0.5774781256153353,0.32209023649994273,0.25458991256364866,-0.1546571115566198,0.0038430431569908773,0.07974289021312278,1.1929325487082705,0.4544560286347842,1.460008940592482,-1.190200731833452,-0.15295956532689256,-0.995834256562741,-0.8270100687847547,0.32529787836663626,-0.22826556957311342,0.12795673039517302,-0.4048827628981741,-1.2204142656108563,2.805318483646014,0.5518582375110178,-1.1367623992519422,2.9903515852287987,2.0439466999565705,-0.7642492015629044,-3.270048891485507,2.986150467828496,1.0311910238230875,-0.7610759313082198,-3.2562672344953523,-1.9903607379336243,-2.043952343979648,0.764254133235305,3.270058621774545,3.9892295509994398,4.07893805946708,-4.03061056280291,-4.037557083415796}]
Set[{A021,A031,A032,A041,A042,A043,A121,A131,A132,A141,A142,A143,B021,B031,B032,B041,B042,B043,B121,B131,B132,B141,B142,B143,\[Alpha]1,\[Alpha]2,\[Alpha]3,\[Alpha]4,\[Beta]11,\[Beta]12,\[Beta]13,\[Beta]14,\[Beta]21,\[Beta]22,\[Beta]23,\[Beta]24,\[Beta]31,\[Beta]32,\[Beta]33,\[Beta]34,\[Beta]41,\[Beta]42,\[Beta]43,\[Beta]44},{0.06700197424738386,0.7631198435127057,0.2367144464978745,-1.8104809847127086,2.234010746351212,-0.2126425818169394,0.9916332842883547,0.5774781256153353,0.32209023649994273,0.25458991256364866,-0.1546571115566198,0.0038430431569908773,0.07974289021312278,1.1929325487082705,0.4544560286347842,1.460008940592482,-1.190200731833452,-0.15295956532689256,-0.995834256562741,-0.8270100687847547,0.32529787836663626,-0.22826556957311342,0.12795673039517302,-0.4048827628981741,-1.2204142656108563,2.805318483646014,0.5518582375110178,-1.1367623992519422,2.9903515852287987,2.0439466999565705,-0.7642492015629044,-3.270048891485507,2.986150467828496,1.0311910238230875,-0.7610759313082198,-3.2562672344953523,-1.9903607379336243,-2.043952343979648,0.764254133235305,3.270058621774545,3.9892295509994398,4.07893805946708,-4.03061056280291,-4.037557083415796}]


-----------------Final Result------------------
Options: alg=LN_AUGLAG_EQ,dx=0.01,max_eval=100000000,popSize=0
imin=-12,jmin=-1,imax=1,jmax=1,
parameter_minmax=5,
randSeed=34646293,rand_minmax=2

6000624 steps

Completed with maxf : 7.050795216844295

Constraints at 1.0050282f-5

x = [0.06700197424738386,0.7631198435127057,0.2367144464978745,-1.8104809847127086,2.234010746351212,-0.2126425818169394,0.9916332842883547,0.5774781256153353,0.32209023649994273,0.25458991256364866,-0.1546571115566198,0.0038430431569908773,0.07974289021312278,1.1929325487082705,0.4544560286347842,1.460008940592482,-1.190200731833452,-0.15295956532689256,-0.995834256562741,-0.8270100687847547,0.32529787836663626,-0.22826556957311342,0.12795673039517302,-0.4048827628981741,-1.2204142656108563,2.805318483646014,0.5518582375110178,-1.1367623992519422,2.9903515852287987,2.0439466999565705,-0.7642492015629044,-3.270048891485507,2.986150467828496,1.0311910238230875,-0.7610759313082198,-3.2562672344953523,-1.9903607379336243,-2.043952343979648,0.764254133235305,3.270058621774545,3.9892295509994398,4.07893805946708,-4.03061056280291,-4.037557083415796]
c0 = [0.0,0.06700197424738386,0.9998342900105801,0.2108871798215639]
c1 = [0.0,0.9916332842883547,0.899568362115278,0.10377584416401972]
A0 = [0.0,0.06700197424738386,0.7631198435127057,-1.8104809847127086,0.0,0.0,0.2367144464978745,2.234010746351212,0.0,0.0,0.0,-0.2126425818169394,0.0,0.0,0.0,0.0]
A1 = [0.0,0.9916332842883547,0.5774781256153353,0.25458991256364866,0.0,0.0,0.32209023649994273,-0.1546571115566198,0.0,0.0,0.0,0.0038430431569908773,0.0,0.0,0.0,0.0]
B0 = [0.0,0.07974289021312278,1.1929325487082705,1.460008940592482,0.0,0.0,0.4544560286347842,-1.190200731833452,0.0,0.0,0.0,-0.15295956532689256,0.0,0.0,0.0,0.0]
B1 = [0.0,-0.995834256562741,-0.8270100687847547,-0.22826556957311342,0.0,0.0,0.32529787836663626,0.12795673039517302,0.0,0.0,0.0,-0.4048827628981741,0.0,0.0,0.0,0.0]
α  = [-1.2204142656108563,2.805318483646014,0.5518582375110178,-1.1367623992519422]
β1 = [2.9903515852287987,2.0439466999565705,-0.7642492015629044,-3.270048891485507]
β2 = [2.986150467828496,1.0311910238230875,-0.7610759313082198,-3.2562672344953523]
β3 = [-1.9903607379336243,-2.043952343979648,0.764254133235305,3.270058621774545]
β4 = [3.9892295509994398,4.07893805946708,-4.03061056280291,-4.037557083415796]


Set[{A021,A031,A032,A041,A042,A043,A121,A131,A132,A141,A142,A143,B021,B031,B032,B041,B042,B043,B121,B131,B132,B141,B142,B143,\[Alpha]1,\[Alpha]2,\[Alpha]3,\[Alpha]4,\[Beta]11,\[Beta]12,\[Beta]13,\[Beta]14,\[Beta]21,\[Beta]22,\[Beta]23,\[Beta]24,\[Beta]31,\[Beta]32,\[Beta]33,\[Beta]34,\[Beta]41,\[Beta]42,\[Beta]43,\[Beta]44},{0.06700197424738386,0.7631198435127057,0.2367144464978745,-1.8104809847127086,2.234010746351212,-0.2126425818169394,0.9916332842883547,0.5774781256153353,0.32209023649994273,0.25458991256364866,-0.1546571115566198,0.0038430431569908773,0.07974289021312278,1.1929325487082705,0.4544560286347842,1.460008940592482,-1.190200731833452,-0.15295956532689256,-0.995834256562741,-0.8270100687847547,0.32529787836663626,-0.22826556957311342,0.12795673039517302,-0.4048827628981741,-1.2204142656108563,2.805318483646014,0.5518582375110178,-1.1367623992519422,2.9903515852287987,2.0439466999565705,-0.7642492015629044,-3.270048891485507,2.986150467828496,1.0311910238230875,-0.7610759313082198,-3.2562672344953523,-1.9903607379336243,-2.043952343979648,0.764254133235305,3.270058621774545,3.9892295509994398,4.07893805946708,-4.03061056280291,-4.037557083415796}]



