
-----------------Setup------------------
Options: alg=LN_AUGLAG_EQ,dx=0.01,max_eval=100000000,popSize=0
imin=-12,jmin=-1,imax=1,jmax=1,
parameter_minmax=5,
randSeed=66196890, rand_minmax=2

Initial Condition:

[-0.706897,-1.21692,-0.71234,-1.40907,-0.952221,-1.206,-1.78406,-0.146538,0.132743,-0.682834,1.57226,-0.952844,-0.34419,-1.34446,1.52143,0.512173,0.781064,-0.297427,-1.67578,1.815,-0.149276,-1.74421,0.953819,-0.546895,-0.404058,-1.75723,1.27012,-0.84112,-1.38071,1.65674,1.37032,0.14192,-0.844409,1.12492,0.45978,1.05377,-1.01759,-1.57607,1.65442,0.356745,-1.59151,1.78587,-1.90563,-1.55802]

f_1([0.178754,0.7731,-0.388755,1.3479,-0.634848,-0.35916,0.219139,0.475934,0.0116113,-0.913321,1.59503,-0.611468,-0.447889,-0.924082,1.32519,0.511571,0.382743,0.350326,0.339988,0.971229,-1.06666,-1.76315,1.28723,-0.629905,1.84787,-1.93645,3.5983,-0.772298,-0.707707,0.402452,0.984779,0.257259,-1.04127,0.75858,0.218533,0.609611,-1.13583,-0.878188,1.58469,0.746398,0.86343,3.93986,-1.63917,-1.32909])
9.878470828027426
Max g: 2.9656731352839945
f_2([0.178754,0.7731,-0.388755,1.3479,-0.634848,-0.35916,0.219139,0.475934,0.0116113,-0.913321,1.59503,-0.611468,-0.447889,-0.924082,1.32519,0.511571,0.382743,0.350326,0.339988,0.971229,-1.06666,-1.76315,1.28723,-0.629905,1.84787,-1.93645,3.5983,-0.772298,-0.707707,0.402452,0.984779,0.257259,-1.04127,0.75858,0.218533,0.609611,-1.13583,-0.878188,1.58469,0.746398,0.86343,3.93986,-1.63917,-1.32909])
9.878470828027426
Max g: 2.9656730558525357
f_3([0.0743088,0.657396,-0.344937,1.38918,-0.685752,-0.221336,0.114528,0.33879,-0.0661929,-0.950164,1.34055,-0.390247,-0.155834,-0.80631,1.37019,0.419936,0.397686,0.29239,0.25938,1.31049,-1.22108,0.608873,0.600402,-0.900462,1.71956,-2.20797,3.52952,-0.779021,-0.686124,0.658105,0.965821,0.282028,-1.23381,0.389926,0.232925,0.59176,-1.00137,-1.36894,1.50832,0.859733,0.859671,1.3067,-1.50328,-0.642978])
15.146557756949305
Max g: 1.2620929165394283
f_4([3.7667e-6,0.522306,-0.140161,0.989299,-0.245627,-0.163627,1.0,0.980432,-0.204393,-0.527443,0.925356,-0.397913,0.365127,-0.421998,1.45222,0.112016,0.415911,0.570346,1.42695,1.02661,-0.27425,1.27576,0.638406,-1.05487,1.43708,-2.27951,2.8825,-1.03907,1.85146,1.22742,-0.348737,-1.73357,-1.72374,-0.793076,0.903012,1.61704,-0.85271,-1.22819,0.349663,1.73481,1.72577,2.1467,-2.78998,-1.08897])
4.608097100967109
Max g: 0.09029010917434133
f_5([1.21178e-5,0.509723,-0.143221,0.985755,-0.251055,-0.179017,1.0,1.01622,-0.238957,-0.567438,0.879138,-0.311681,0.373805,-0.431542,1.42286,0.0763957,0.390025,0.542885,1.29246,0.94173,-0.272975,1.16622,0.657292,-1.09692,1.39882,-2.28842,2.90427,-1.0148,2.09451,1.36033,-0.499711,-1.95754,-2.03809,-0.816338,0.96472,1.89213,-1.09349,-1.36045,0.500607,1.95571,2.19155,2.52444,-3.26066,-1.4597])
4.294905182006953
Max g: 0.06674326254884477
f_6([4.21484e-18,0.511029,-0.146049,0.993641,-0.257382,-0.180471,1.0,1.03401,-0.248557,-0.563661,0.869281,-0.30562,0.376811,-0.431556,1.4177,0.0711977,0.38353,0.542644,1.22766,0.908362,-0.274111,1.11072,0.67183,-1.11261,1.38762,-2.28679,2.91037,-1.01094,2.23966,1.45779,-0.612985,-2.08602,-2.21637,-0.84592,1.01116,2.05259,-1.23945,-1.45749,0.612583,2.08606,2.46916,2.77344,-3.53977,-1.70538])
4.291126993778227
Max g: 0.05308018869073006
f_7([1.13875e-5,0.504008,-0.139738,0.996939,-0.255875,-0.183678,1.0,1.04696,-0.257409,-0.561988,0.862731,-0.300744,0.380085,-0.430087,1.41295,0.0667005,0.385566,0.536667,1.18251,0.883215,-0.275278,1.0792,0.682612,-1.12773,1.37777,-2.28457,2.91426,-1.00741,2.35387,1.5396,-0.707268,-2.18713,-2.3513,-0.872143,1.05174,2.17322,-1.35314,-1.53937,0.70782,2.18599,2.69342,2.96432,-3.75905,-1.90088])
4.291624123808322
Max g: 0.042953039295692386
f_8([0.000148333,0.502364,-0.138569,1.00018,-0.259053,-0.183249,1.0,1.05715,-0.264095,-0.558808,0.85711,-0.298297,0.381656,-0.429849,1.41088,0.0662695,0.384756,0.533616,1.1552,0.869111,-0.276497,1.05932,0.688933,-1.13413,1.37393,-2.28605,2.91798,-1.0058,2.42871,1.59755,-0.774454,-2.25254,-2.43549,-0.891661,1.07981,2.24803,-1.42787,-1.59698,0.773855,2.25162,2.84208,3.09459,-3.90496,-2.03337])
4.310316212939912
Max g: 0.0371267558852133
f_9([2.89402e-5,0.500415,-0.136534,1.00048,-0.256928,-0.183372,1.0,1.06364,-0.267103,-0.555293,0.850928,-0.295636,0.383557,-0.428371,1.4063,0.0624381,0.380195,0.533409,1.13259,0.857377,-0.277618,1.04385,0.69416,-1.13965,1.36793,-2.28421,2.91939,-1.00324,2.49356,1.65015,-0.833852,-2.31051,-2.50683,-0.910354,1.10543,2.31261,-1.49208,-1.64986,0.833876,2.30886,2.97354,3.21029,-4.03214,-2.15295])
4.316580051319115
Max g: 0.03177868459103417
f_10([0.000109013,0.499003,-0.135159,0.999122,-0.257809,-0.182476,1.0,1.07124,-0.271172,-0.55278,0.84288,-0.290073,0.381924,-0.428644,1.40443,0.0596204,0.37803,0.532505,1.10739,0.843057,-0.277584,1.02681,0.698506,-1.14391,1.37195,-2.28565,2.92021,-1.00656,2.5688,1.71301,-0.905907,-2.37626,-2.58286,-0.93078,1.13334,2.38074,-1.56931,-1.71331,0.906407,2.3769,3.13226,3.35075,-4.18967,-2.29389])
4.32264503768628
{0.00010901333119940279,0.4990029589656781,-0.13515850216287234,0.9991222158626281,-0.25780949099506867,-0.18247557333510794,1.0000000000000004,1.0712365911358301,-0.27117164574990404,-0.552779703580291,0.8428795014085291,-0.29007315175735915,0.3819239706227836,-0.4286437444263902,1.404428637788367,0.05962036292826123,0.3780298321924574,0.532504705733879,1.1073919999876016,0.8430574802260079,-0.2775841421204253,1.0268091479525405,0.6985056555543663,-1.1439115824905008,1.3719525386256848,-2.2856504840398744,2.9202050458019606,-1.0065619430923787,2.568801597408271,1.7130069379683825,-0.9059065609875235,-2.3762557786052745,-2.5828567872016985,-0.9307802342609514,1.1333359781917933,2.380744459792218,-1.5693066746428048,-1.7133095851704379,0.9064068964791294,2.3768986443900344,3.132262945350379,3.3507468882021403,-4.189671226521185,-2.293890597975173}]
Set[{A021,A031,A032,A041,A042,A043,A121,A131,A132,A141,A142,A143,B021,B031,B032,B041,B042,B043,B121,B131,B132,B141,B142,B143,\[Alpha]1,\[Alpha]2,\[Alpha]3,\[Alpha]4,\[Beta]11,\[Beta]12,\[Beta]13,\[Beta]14,\[Beta]21,\[Beta]22,\[Beta]23,\[Beta]24,\[Beta]31,\[Beta]32,\[Beta]33,\[Beta]34,\[Beta]41,\[Beta]42,\[Beta]43,\[Beta]44},{0.00010901333119940279,0.4990029589656781,-0.13515850216287234,0.9991222158626281,-0.25780949099506867,-0.18247557333510794,1.0000000000000004,1.0712365911358301,-0.27117164574990404,-0.552779703580291,0.8428795014085291,-0.29007315175735915,0.3819239706227836,-0.4286437444263902,1.404428637788367,0.05962036292826123,0.3780298321924574,0.532504705733879,1.1073919999876016,0.8430574802260079,-0.2775841421204253,1.0268091479525405,0.6985056555543663,-1.1439115824905008,1.3719525386256848,-2.2856504840398744,2.9202050458019606,-1.0065619430923787,2.568801597408271,1.7130069379683825,-0.9059065609875235,-2.3762557786052745,-2.5828567872016985,-0.9307802342609514,1.1333359781917933,2.380744459792218,-1.5693066746428048,-1.7133095851704379,0.9064068964791294,2.3768986443900344,3.132262945350379,3.3507468882021403,-4.189671226521185,-2.293890597975173}]

Max g: 0.025726306412803712
f_11([5.64675e-5,0.497348,-0.134169,0.998706,-0.257649,-0.182356,1.0,1.07656,-0.273382,-0.546263,0.833475,-0.287212,0.384073,-0.430554,1.40292,0.0568299,0.374639,0.528556,1.08534,0.83186,-0.279115,1.01233,0.703539,-1.14895,1.36644,-2.28395,2.92189,-1.00431,2.63894,1.77206,-0.973142,-2.43831,-2.65928,-0.952011,1.16221,2.44915,-1.63972,-1.77261,0.973817,2.43915,3.27683,3.47776,-4.32979,-2.42582])
4.334675584414591
Max g: 0.02082305691960129
f_12([7.9391e-5,0.497434,-0.134702,0.999458,-0.257454,-0.183049,1.0,1.08137,-0.274691,-0.544874,0.829383,-0.284507,0.385138,-0.429745,1.39838,0.0550577,0.3708,0.52427,1.06647,0.823037,-0.280273,1.00026,0.709895,-1.15525,1.36354,-2.28574,2.92669,-1.00448,2.70126,1.82694,-1.03414,-2.4942,-2.72561,-0.972503,1.18841,2.50963,-1.70241,-1.82719,1.03453,2.49546,3.40488,3.59692,-4.45749,-2.54468])
4.330101988137713
Max g: 0.01677179336236756
f_13([1.56228e-5,0.496211,-0.135608,0.999372,-0.2613,-0.184111,1.0,1.08749,-0.277441,-0.540405,0.820771,-0.280358,0.386272,-0.42909,1.39507,0.0514526,0.368094,0.522716,1.05019,0.815468,-0.281665,0.98965,0.714383,-1.159,1.36082,-2.2851,2.92679,-1.00267,2.75737,1.87832,-1.0912,-2.54472,-2.78357,-0.992375,1.21269,2.56303,-1.7582,-1.8784,1.09131,2.54531,3.52215,3.70538,-4.57238,-2.65542])
4.340044588739622
Max g: 0.012454975553429892
f_14([2.89616e-5,0.495485,-0.135206,1.00036,-0.261678,-0.184462,1.0,1.09086,-0.278047,-0.538054,0.815875,-0.277821,0.386768,-0.429324,1.39318,0.0496285,0.366849,0.519833,1.03779,0.809624,-0.282701,0.981993,0.718037,-1.16211,1.35975,-2.28606,2.92664,-1.00027,2.80129,1.91917,-1.13601,-2.58448,-2.83012,-1.00932,1.23338,2.60572,-1.80258,-1.91962,1.13662,2.58564,3.6161,3.79297,-4.66387,-2.74505])
4.343723350962329
Max g: 0.009977027091334412
f_15([6.7514e-6,0.494657,-0.134755,1.00034,-0.26248,-0.184436,1.0,1.0947,-0.279949,-0.536519,0.81191,-0.275391,0.387405,-0.429187,1.39104,0.0473049,0.365688,0.517158,1.02882,0.805572,-0.283532,0.975793,0.720243,-1.16347,1.35804,-2.28536,2.92715,-0.999874,2.83493,1.94977,-1.16981,-2.61481,-2.86463,-1.02175,1.2485,2.63761,-1.8352,-1.94976,1.16978,2.61522,3.68519,3.85687,-4.73084,-2.81107])
4.344916463034559
Max g: 0.008217616135982542
f_16([3.05306e-5,0.494045,-0.132655,1.00195,-0.26135,-0.18342,0.999991,1.09724,-0.279597,-0.530648,0.805128,-0.274476,0.388217,-0.426282,1.3855,0.0461152,0.360779,0.514904,1.01617,0.796919,-0.282222,0.968245,0.718891,-1.16186,1.35487,-2.28218,2.93025,-1.00295,2.88533,1.99278,-1.21592,-2.66205,-2.89606,-1.03334,1.25991,2.66933,-1.88475,-1.99263,1.21597,2.66131,3.78919,3.95277,-4.83352,-2.90841])
4.358935529883251
Max g: 0.003918062259121946
f_17([5.45228e-5,0.493049,-0.132398,1.00318,-0.263099,-0.184007,1.0,1.09965,-0.279835,-0.527561,0.799037,-0.271476,0.388886,-0.426377,1.38377,0.0436803,0.358548,0.514003,1.00648,0.792417,-0.282856,0.961984,0.721514,-1.16385,1.35412,-2.28283,2.92998,-1.00121,2.92363,2.02844,-1.25492,-2.6972,-2.93184,-1.04578,1.27492,2.70249,-1.92363,-2.02834,1.25527,2.69669,3.86938,4.02824,-4.91293,-2.9847])
4.363906830184206
Max g: 0.0016595310231243277
f_18([0.000101746,0.49169,-0.131568,1.00235,-0.263808,-0.18432,1.0,1.10203,-0.280025,-0.525022,0.7943,-0.269278,0.389194,-0.42512,1.38151,0.041382,0.357863,0.513427,0.997919,0.788668,-0.283631,0.956173,0.723892,-1.1653,1.35305,-2.28137,2.92891,-1.00067,2.9581,2.06086,-1.29002,-2.72875,-2.96469,-1.05861,1.28981,2.73324,-1.95711,-2.06041,1.28943,2.72797,3.94186,4.09764,-4.98406,-3.05524])
4.368480426461084
Max g: 0.0019753870178984556
f_19([5.50258e-5,0.49114,-0.131338,1.00213,-0.264825,-0.184445,1.0,1.10676,-0.279721,-0.52272,0.79058,-0.267861,0.389203,-0.423499,1.3796,0.0412042,0.357398,0.513074,0.992653,0.786678,-0.286087,0.95587,0.723675,-1.16622,1.35263,-2.28063,2.92873,-1.0009,2.98034,2.0847,-1.31055,-2.75444,-2.98332,-1.07011,1.29588,2.75723,-1.98138,-2.0851,1.31114,2.75535,3.98473,4.13524,-5.0,-3.12006])
4.377428767002804
Max g: 0.002995511428056541
f_20([6.26911e-7,0.490941,-0.131295,1.00217,-0.264952,-0.184329,0.993037,1.10356,-0.2824,-0.522963,0.79051,-0.267546,0.389356,-0.423372,1.37939,0.0410996,0.357298,0.512875,0.992744,0.785301,-0.285639,0.958766,0.721539,-1.16567,1.35262,-2.2806,2.92877,-1.00079,2.97629,2.08604,-1.30461,-2.75764,-2.97475,-1.06795,1.29237,2.75018,-1.97646,-2.08614,1.30474,2.75779,3.98662,4.13467,-5.0,-3.12129])
4.390851277815381
{6.269106531674446e-7,0.4909412891787151,-0.13129484111247558,1.0021653587246135,-0.2649524028597221,-0.18432857904672667,0.993036613077679,1.1035614713198134,-0.28239958287838324,-0.5229628430603702,0.7905099928756689,-0.26754592012131656,0.3893564438795668,-0.42337225784680266,1.3793870961929153,0.04109957443453321,0.3572977922794306,0.5128752811293564,0.9927442133051778,0.7853010388534143,-0.28563908303858065,0.9587661592670161,0.7215386104200828,-1.1656730656213632,1.3526227536512536,-2.280604248438137,2.9287745629749353,-1.0007923870838293,2.976287394284261,2.086037306595379,-1.3046129040577978,-2.7576449638451583,-2.974748557713204,-1.0679474147736465,1.2923679781019561,2.7501832510052613,-1.9764563951782703,-2.086142656921668,1.3047406942870492,2.7577934726496114,3.9866170461359838,4.134672240423951,-4.999995964063349,-3.1212916129313655}]
Set[{A021,A031,A032,A041,A042,A043,A121,A131,A132,A141,A142,A143,B021,B031,B032,B041,B042,B043,B121,B131,B132,B141,B142,B143,\[Alpha]1,\[Alpha]2,\[Alpha]3,\[Alpha]4,\[Beta]11,\[Beta]12,\[Beta]13,\[Beta]14,\[Beta]21,\[Beta]22,\[Beta]23,\[Beta]24,\[Beta]31,\[Beta]32,\[Beta]33,\[Beta]34,\[Beta]41,\[Beta]42,\[Beta]43,\[Beta]44},{6.269106531674446e-7,0.4909412891787151,-0.13129484111247558,1.0021653587246135,-0.2649524028597221,-0.18432857904672667,0.993036613077679,1.1035614713198134,-0.28239958287838324,-0.5229628430603702,0.7905099928756689,-0.26754592012131656,0.3893564438795668,-0.42337225784680266,1.3793870961929153,0.04109957443453321,0.3572977922794306,0.5128752811293564,0.9927442133051778,0.7853010388534143,-0.28563908303858065,0.9587661592670161,0.7215386104200828,-1.1656730656213632,1.3526227536512536,-2.280604248438137,2.9287745629749353,-1.0007923870838293,2.976287394284261,2.086037306595379,-1.3046129040577978,-2.7576449638451583,-2.974748557713204,-1.0679474147736465,1.2923679781019561,2.7501832510052613,-1.9764563951782703,-2.086142656921668,1.3047406942870492,2.7577934726496114,3.9866170461359838,4.134672240423951,-4.999995964063349,-3.1212916129313655}]

Max g: 0.0016693954004468048
f_21([1.58061e-5,0.490901,-0.13124,1.00217,-0.265098,-0.184194,0.987961,1.10144,-0.284641,-0.523227,0.790605,-0.267378,0.389354,-0.423311,1.37932,0.0410835,0.357404,0.512749,0.992843,0.784275,-0.285296,0.961066,0.720068,-1.16549,1.35259,-2.28052,2.92872,-1.00079,2.97375,2.08746,-1.30055,-2.76064,-2.96861,-1.06667,1.29045,2.74479,-1.97376,-2.08746,1.30057,2.76063,3.98743,4.13383,-5.0,-3.12126])
4.399401914333024
Max g: 0.000512920731315758
f_22([1.39981e-5,0.490857,-0.131227,1.00212,-0.265132,-0.184169,0.985497,1.10036,-0.285721,-0.523244,0.790503,-0.267259,0.389386,-0.423371,1.37934,0.0410574,0.357295,0.51277,0.992895,0.783729,-0.285117,0.962208,0.719282,-1.16532,1.3525,-2.28048,2.92874,-1.00076,2.97291,2.08843,-1.29891,-2.76244,-2.96588,-1.0663,1.28989,2.74231,-1.97289,-2.08842,1.29888,2.76242,3.98757,4.13312,-5.0,-3.12067])
4.404074936615921
Max g: 0.00010743696293180616
f_23([1.08857e-5,0.49084,-0.131227,1.00208,-0.265163,-0.18416,0.985357,1.10031,-0.285797,-0.523235,0.7905,-0.267264,0.389389,-0.423382,1.37936,0.041063,0.357283,0.512768,0.992892,0.783692,-0.285104,0.962273,0.719239,-1.16532,1.35252,-2.28048,2.92873,-1.00076,2.97288,2.08849,-1.29884,-2.76255,-2.96576,-1.06627,1.28985,2.74219,-1.97286,-2.08847,1.29881,2.76253,3.98756,4.13306,-4.99997,-3.12064])
4.404273788627959
Max g: 0.00013656438690801131
{1.0885744446155821e-5,0.4908395740471307,-0.13122661607637853,1.0020835013472704,-0.2651625153327654,-0.1841602802562904,0.9853569519211873,1.1003109091800551,-0.2857970008267708,-0.5232353930316946,0.7905001600747535,-0.26726437334423164,0.3893889353185079,-0.423381955223702,1.379358457653836,0.041063033851148775,0.35728319313426915,0.5127677274959174,0.9928916514818722,0.7836919825603723,-0.28510378255792723,0.962272627752126,0.7192392669251922,-1.1653249966523018,1.3525169821477272,-2.280476275964761,2.928729853856757,-1.0007644029713998,2.9728761098953744,2.0884923039552863,-1.2988358553641506,-2.7625457706011893,-2.965762637521135,-1.0662677138447383,1.2898532394266105,2.742193519015333,-1.972860724187741,-2.088472189492804,1.2988148932337282,2.762527975867193,3.987556727936062,4.133064107410346,-4.999973601398782,-3.1206360861395077}]
Set[{A021,A031,A032,A041,A042,A043,A121,A131,A132,A141,A142,A143,B021,B031,B032,B041,B042,B043,B121,B131,B132,B141,B142,B143,\[Alpha]1,\[Alpha]2,\[Alpha]3,\[Alpha]4,\[Beta]11,\[Beta]12,\[Beta]13,\[Beta]14,\[Beta]21,\[Beta]22,\[Beta]23,\[Beta]24,\[Beta]31,\[Beta]32,\[Beta]33,\[Beta]34,\[Beta]41,\[Beta]42,\[Beta]43,\[Beta]44},{1.0885744446155821e-5,0.4908395740471307,-0.13122661607637853,1.0020835013472704,-0.2651625153327654,-0.1841602802562904,0.9853569519211873,1.1003109091800551,-0.2857970008267708,-0.5232353930316946,0.7905001600747535,-0.26726437334423164,0.3893889353185079,-0.423381955223702,1.379358457653836,0.041063033851148775,0.35728319313426915,0.5127677274959174,0.9928916514818722,0.7836919825603723,-0.28510378255792723,0.962272627752126,0.7192392669251922,-1.1653249966523018,1.3525169821477272,-2.280476275964761,2.928729853856757,-1.0007644029713998,2.9728761098953744,2.0884923039552863,-1.2988358553641506,-2.7625457706011893,-2.965762637521135,-1.0662677138447383,1.2898532394266105,2.742193519015333,-1.972860724187741,-2.088472189492804,1.2988148932337282,2.762527975867193,3.987556727936062,4.133064107410346,-4.999973601398782,-3.1206360861395077}]


-----------------Final Result------------------
Options: alg=LN_AUGLAG_EQ,dx=0.01,max_eval=100000000,popSize=0
imin=-12,jmin=-1,imax=1,jmax=1,
parameter_minmax=5,
randSeed=66196890,rand_minmax=2

2318655 steps

Completed with maxf : 4.404273788627959

Constraints at 0.00017660939

x = [1.0885744446155821e-5,0.4908395740471307,-0.13122661607637853,1.0020835013472704,-0.2651625153327654,-0.1841602802562904,0.9853569519211873,1.1003109091800551,-0.2857970008267708,-0.5232353930316946,0.7905001600747535,-0.26726437334423164,0.3893889353185079,-0.423381955223702,1.379358457653836,0.041063033851148775,0.35728319313426915,0.5127677274959174,0.9928916514818722,0.7836919825603723,-0.28510378255792723,0.962272627752126,0.7192392669251922,-1.1653249966523018,1.3525169821477272,-2.280476275964761,2.928729853856757,-1.0007644029713998,2.9728761098953744,2.0884923039552863,-1.2988358553641506,-2.7625457706011893,-2.965762637521135,-1.0662677138447383,1.2898532394266105,2.742193519015333,-1.972860724187741,-2.088472189492804,1.2988148932337282,2.762527975867193,3.987556727936062,4.133064107410346,-4.999973601398782,-3.1206360861395077]
c0 = [0.0,1.0885744446155821e-5,0.35961295797075216,0.5527607057582147]
c1 = [0.0,0.9853569519211873,0.8145139083532844,3.9369882720574623e-7]
A0 = [0.0,1.0885744446155821e-5,0.4908395740471307,1.0020835013472704,0.0,0.0,-0.13122661607637853,-0.2651625153327654,0.0,0.0,0.0,-0.1841602802562904,0.0,0.0,0.0,0.0]
A1 = [0.0,0.9853569519211873,1.1003109091800551,-0.5232353930316946,0.0,0.0,-0.2857970008267708,0.7905001600747535,0.0,0.0,0.0,-0.26726437334423164,0.0,0.0,0.0,0.0]
B0 = [0.0,0.3893889353185079,-0.423381955223702,0.041063033851148775,0.0,0.0,1.379358457653836,0.35728319313426915,0.0,0.0,0.0,0.5127677274959174,0.0,0.0,0.0,0.0]
B1 = [0.0,0.9928916514818722,0.7836919825603723,0.962272627752126,0.0,0.0,-0.28510378255792723,0.7192392669251922,0.0,0.0,0.0,-1.1653249966523018,0.0,0.0,0.0,0.0]
α  = [1.3525169821477272,-2.280476275964761,2.928729853856757,-1.0007644029713998]
β1 = [2.9728761098953744,2.0884923039552863,-1.2988358553641506,-2.7625457706011893]
β2 = [-2.965762637521135,-1.0662677138447383,1.2898532394266105,2.742193519015333]
β3 = [-1.972860724187741,-2.088472189492804,1.2988148932337282,2.762527975867193]
β4 = [3.987556727936062,4.133064107410346,-4.999973601398782,-3.1206360861395077]


Set[{A021,A031,A032,A041,A042,A043,A121,A131,A132,A141,A142,A143,B021,B031,B032,B041,B042,B043,B121,B131,B132,B141,B142,B143,\[Alpha]1,\[Alpha]2,\[Alpha]3,\[Alpha]4,\[Beta]11,\[Beta]12,\[Beta]13,\[Beta]14,\[Beta]21,\[Beta]22,\[Beta]23,\[Beta]24,\[Beta]31,\[Beta]32,\[Beta]33,\[Beta]34,\[Beta]41,\[Beta]42,\[Beta]43,\[Beta]44},{1.0885744446155821e-5,0.4908395740471307,-0.13122661607637853,1.0020835013472704,-0.2651625153327654,-0.1841602802562904,0.9853569519211873,1.1003109091800551,-0.2857970008267708,-0.5232353930316946,0.7905001600747535,-0.26726437334423164,0.3893889353185079,-0.423381955223702,1.379358457653836,0.041063033851148775,0.35728319313426915,0.5127677274959174,0.9928916514818722,0.7836919825603723,-0.28510378255792723,0.962272627752126,0.7192392669251922,-1.1653249966523018,1.3525169821477272,-2.280476275964761,2.928729853856757,-1.0007644029713998,2.9728761098953744,2.0884923039552863,-1.2988358553641506,-2.7625457706011893,-2.965762637521135,-1.0662677138447383,1.2898532394266105,2.742193519015333,-1.972860724187741,-2.088472189492804,1.2988148932337282,2.762527975867193,3.987556727936062,4.133064107410346,-4.999973601398782,-3.1206360861395077}]



