
-----------------Setup------------------
Options: alg=LN_AUGLAG_EQ,dx=0.01,max_eval=100000000,popSize=0
imin=-12,jmin=-1,imax=1,jmax=1,
parameter_minmax=5,
randSeed=22713634, rand_minmax=2

Initial Condition:

[-0.994016,0.240011,-1.84707,0.562276,1.97927,0.51289,-0.468606,1.21528,-0.112857,-0.613707,1.4901,0.91,-1.61167,-1.40341,-0.408829,0.79032,-0.42493,-0.97504,0.295542,-0.533244,0.302666,0.214599,1.96252,0.43155,1.29813,1.96498,-0.520409,0.666585,-1.07192,1.70422,0.52258,0.615933,1.61632,1.49999,-0.158973,1.25736,-0.265283,-1.99803,0.388733,-0.854081,-1.08804,-0.623993,0.760265,-1.53549]

f_1([0.585108,0.253417,0.162736,-0.263958,1.34335,-0.158188,0.0739183,1.26235,-0.775367,-0.349148,1.57907,-0.265847,0.097269,1.30519,-0.658348,2.86829,0.52933,-1.02238,0.480483,1.90838,0.000699572,2.32936,1.27438,-0.505677,1.46789,1.59189,-1.14743,0.190646,-1.17024,1.19397,0.246732,-0.0234366,1.51133,0.805472,-0.169506,0.299078,0.443497,-2.01582,0.264785,-0.710207,-1.9046,-1.1957,3.36165,-1.82983])
13.912382744234248
Max g: 2.446376080475156
f_2([0.562777,0.278943,0.150389,-0.242068,1.34742,-0.107241,0.08305,1.23419,-0.771423,-0.347732,1.57137,-0.251334,0.0944965,1.28622,-0.682499,2.8892,0.540246,-1.02515,0.492701,1.93013,-0.0143238,2.212,1.27858,-0.500594,1.44367,1.58432,-1.13152,0.176141,-1.15383,1.20427,0.285174,-0.0154372,1.52601,0.725296,-0.180181,0.279801,0.431689,-2.00664,0.275004,-0.68867,-1.90869,1.30736,3.3515,-1.82437])
15.289532353604766
Max g: 2.3509295761139093
f_3([0.562777,0.278943,0.150389,-0.242068,1.34742,-0.107241,0.08305,1.23419,-0.771423,-0.347732,1.57137,-0.251334,0.0944965,1.28622,-0.682499,2.8892,0.540246,-1.02515,0.492701,1.93013,-0.0143237,2.212,1.27858,-0.500594,1.44367,1.58432,-1.13152,0.176141,-1.15383,1.20427,0.285174,-0.0154372,1.52601,0.725296,-0.180181,0.279801,0.431689,-2.00664,0.275004,-0.68867,-1.90869,1.30736,3.3515,-1.82437])
15.289532353604766
Max g: 2.350929540953985
f_4([0.562777,0.278943,0.150389,-0.242068,1.34742,-0.107241,0.08305,1.23419,-0.771423,-0.347732,1.57137,-0.251334,0.0944965,1.28622,-0.682499,2.8892,0.540246,-1.02515,0.492701,1.93013,-0.0143237,2.212,1.27858,-0.500594,1.44367,1.58432,-1.13152,0.176141,-1.15383,1.20427,0.285174,-0.0154372,1.52601,0.725296,-0.180181,0.279801,0.431689,-2.00664,0.275004,-0.68867,-1.90869,1.30736,3.3515,-1.82437])
15.289532353604766
Max g: 2.3509295403654242
f_5([0.562777,0.278943,0.150389,-0.242068,1.34742,-0.107241,0.08305,1.23419,-0.771423,-0.347732,1.57137,-0.251334,0.0944965,1.28622,-0.682499,2.8892,0.540246,-1.02515,0.492701,1.93013,-0.0143237,2.212,1.27858,-0.500594,1.44367,1.58432,-1.13152,0.176141,-1.15383,1.20427,0.285174,-0.0154372,1.52601,0.725296,-0.180181,0.279801,0.431689,-2.00664,0.275004,-0.68867,-1.90869,1.30736,3.3515,-1.82437])
15.289432927598748
Max g: 2.350929540110808
f_6([0.446278,0.225893,0.111594,0.12429,0.928716,-0.0564398,0.0405399,1.18233,-0.808716,-0.425518,1.29817,-0.155918,0.0680694,1.17697,-0.995716,3.41237,0.574548,-0.946076,-0.322893,0.697458,-0.739624,1.76684,0.176651,-1.96313,1.33256,1.13271,-1.33769,0.182936,-1.26815,1.16217,1.20771,-0.489064,1.40571,0.568984,-0.224393,0.206928,0.400732,0.233373,0.479081,-0.942,-2.41913,1.49654,3.58875,-2.02462])
19.365501470357668
Max g: 1.9572327040940045
f_7([0.503394,0.158295,0.0893248,-0.0495463,0.957341,0.0917146,6.00869e-6,1.32082,-0.696531,-0.430429,1.38827,0.0140867,0.0777879,1.0119,-1.3041,3.2426,0.669598,-0.946881,-0.667848,0.571723,-0.57486,1.73671,0.156429,-2.11758,1.4148,0.927162,-1.48465,0.185151,-1.28616,1.06726,1.12656,0.128608,0.714981,-0.227978,-0.617996,-0.0161659,0.690753,0.0565036,0.290374,-1.1759,-2.59213,1.45291,3.33156,-2.19062])
12.187540391814945
Max g: 0.9659674852838516
f_8([0.507007,0.147951,0.0865291,-0.0751629,0.945089,0.130051,1.22783e-6,1.33591,-0.67103,-0.411949,1.39921,0.012723,0.0540179,0.986587,-1.29701,3.23164,0.65259,-0.957524,-1.09622,0.395169,-0.0578895,1.86483,-0.268269,-1.88821,1.39628,0.911114,-1.4784,0.190737,-1.23709,0.736218,1.27405,0.162843,0.686922,-0.491507,-0.355152,0.0132418,0.797229,-0.162913,0.189087,-1.03667,-2.6605,1.59553,3.26526,-2.20704])
10.545321050397513
Max g: 0.7375616558575102
f_9([0.541131,0.140122,0.0782369,-0.0729457,0.892389,0.180311,2.89698e-5,1.29006,-0.642732,-0.418605,1.40298,0.0155742,0.0704204,0.999179,-1.2687,3.20937,0.615082,-0.932252,-0.947776,0.551979,0.0552921,2.16044,-0.303511,-1.43569,1.41708,0.875004,-1.44182,0.195234,-1.15501,0.54701,1.59372,0.0725656,0.545808,-0.600336,0.175683,0.0770166,1.163,-0.423766,-0.141976,-0.799625,-2.71757,1.44577,3.34419,-2.15986])
10.486659706846245
Max g: 0.47994530859638584
f_10([0.551971,0.066678,0.0689203,-0.322481,0.990264,0.206262,0.541373,1.24072,-0.849449,-0.308002,1.20476,0.0469848,-0.0112818,0.917982,-1.15181,3.08719,0.547752,-1.06584,-0.728175,0.888657,-0.125849,2.24343,-0.646376,-1.01616,1.49605,0.935364,-1.67269,0.24109,-0.892557,0.942053,0.736125,0.214385,-0.0128117,-0.685398,0.522638,0.175676,1.89204,-0.941788,-0.735432,-0.21477,-2.61742,1.61904,3.29205,-2.29367])
3.4491875748085095
{0.551971224007634,0.06667795667105396,0.06892031027606034,-0.32248137064779286,0.9902642045217593,0.20626157012757418,0.5413727820053065,1.240723101268356,-0.8494494718876782,-0.3080017961748709,1.204755721277722,0.04698483070844817,-0.011281818080903833,0.9179819828973919,-1.1518096735275294,3.0871931868424087,0.5477520177711478,-1.0658444652912749,-0.7281754706910417,0.8886571159762867,-0.1258486481442105,2.2434302765313805,-0.6463755689990018,-1.016159593834675,1.496051518609805,0.9353638126720164,-1.6726914259622219,0.24108952169790485,-0.8925569343902217,0.9420525568395256,0.7361248800288616,0.2143851830831569,-0.012811705941147453,-0.6853983804641784,0.5226384841375485,0.1756764437714234,1.8920383640560365,-0.9417878464867497,-0.7354315559758865,-0.2147702073769455,-2.6174156471967103,1.6190385983597482,3.292046008664495,-2.2936658276939834}]
Set[{A021,A031,A032,A041,A042,A043,A121,A131,A132,A141,A142,A143,B021,B031,B032,B041,B042,B043,B121,B131,B132,B141,B142,B143,\[Alpha]1,\[Alpha]2,\[Alpha]3,\[Alpha]4,\[Beta]11,\[Beta]12,\[Beta]13,\[Beta]14,\[Beta]21,\[Beta]22,\[Beta]23,\[Beta]24,\[Beta]31,\[Beta]32,\[Beta]33,\[Beta]34,\[Beta]41,\[Beta]42,\[Beta]43,\[Beta]44},{0.551971224007634,0.06667795667105396,0.06892031027606034,-0.32248137064779286,0.9902642045217593,0.20626157012757418,0.5413727820053065,1.240723101268356,-0.8494494718876782,-0.3080017961748709,1.204755721277722,0.04698483070844817,-0.011281818080903833,0.9179819828973919,-1.1518096735275294,3.0871931868424087,0.5477520177711478,-1.0658444652912749,-0.7281754706910417,0.8886571159762867,-0.1258486481442105,2.2434302765313805,-0.6463755689990018,-1.016159593834675,1.496051518609805,0.9353638126720164,-1.6726914259622219,0.24108952169790485,-0.8925569343902217,0.9420525568395256,0.7361248800288616,0.2143851830831569,-0.012811705941147453,-0.6853983804641784,0.5226384841375485,0.1756764437714234,1.8920383640560365,-0.9417878464867497,-0.7354315559758865,-0.2147702073769455,-2.6174156471967103,1.6190385983597482,3.292046008664495,-2.2936658276939834}]

Max g: 0.002186630350677232
f_11([0.551789,0.0665909,0.0688996,-0.322382,0.990311,0.206241,0.537416,1.2419,-0.848252,-0.307671,1.20498,0.0470402,-0.0119535,0.917791,-1.15194,3.08721,0.547861,-1.0659,-0.728727,0.888622,-0.126158,2.2434,-0.64627,-1.01649,1.49603,0.935378,-1.67276,0.241117,-0.894408,0.94216,0.736075,0.215946,-0.012388,-0.684794,0.528369,0.168821,1.8913,-0.940478,-0.731536,-0.219454,-2.61729,1.61794,3.29252,-2.2932])
3.46012443547061
Max g: 0.002005975370406657
f_12([0.551563,0.0660711,0.0691114,-0.32477,0.99036,0.205842,0.532484,1.24301,-0.846603,-0.307247,1.20549,0.0466275,-0.0114933,0.917762,-1.15177,3.08749,0.547739,-1.06597,-0.729482,0.887938,-0.126025,2.24325,-0.645654,-1.01737,1.49572,0.935475,-1.67229,0.241088,-0.893781,0.940535,0.732049,0.221205,-0.0109555,-0.684615,0.533693,0.161887,1.89392,-0.940627,-0.732269,-0.221022,-2.61697,1.61622,3.29321,-2.29246])
3.476132022439685
Max g: 0.0002718768796813554
{0.5515410824819141,0.0660587028167997,0.06909787170131577,-0.32480716857501396,0.990370211683015,0.2058559992409376,0.5321451196116377,1.2430953773472713,-0.8464780566451469,-0.30726108196442464,1.2054751226438125,0.04670948803840439,-0.010861268797527183,0.9179060973392716,-1.1516286285865998,3.0875105678605506,0.547786811588723,-1.0659559906258498,-0.7295342322915841,0.8879270286355473,-0.12604124138109093,2.2432442470817135,-0.6456330246006036,-1.0173910533192188,1.4957136464008227,0.9355017526533239,-1.6722557761570986,0.24104139044588405,-0.8939006543223522,0.9405251464094588,0.7320016038672843,0.22137279075819366,-0.010863366979951614,-0.6846078538235136,0.534105340124601,0.16136804206518118,1.8939064881175451,-0.9405312325753982,-0.7320158760215106,-0.22135822476549916,-2.616931302935722,1.6160803145343579,3.293266640835755,-2.2924153419107967}]
Set[{A021,A031,A032,A041,A042,A043,A121,A131,A132,A141,A142,A143,B021,B031,B032,B041,B042,B043,B121,B131,B132,B141,B142,B143,\[Alpha]1,\[Alpha]2,\[Alpha]3,\[Alpha]4,\[Beta]11,\[Beta]12,\[Beta]13,\[Beta]14,\[Beta]21,\[Beta]22,\[Beta]23,\[Beta]24,\[Beta]31,\[Beta]32,\[Beta]33,\[Beta]34,\[Beta]41,\[Beta]42,\[Beta]43,\[Beta]44},{0.5515410824819141,0.0660587028167997,0.06909787170131577,-0.32480716857501396,0.990370211683015,0.2058559992409376,0.5321451196116377,1.2430953773472713,-0.8464780566451469,-0.30726108196442464,1.2054751226438125,0.04670948803840439,-0.010861268797527183,0.9179060973392716,-1.1516286285865998,3.0875105678605506,0.547786811588723,-1.0659559906258498,-0.7295342322915841,0.8879270286355473,-0.12604124138109093,2.2432442470817135,-0.6456330246006036,-1.0173910533192188,1.4957136464008227,0.9355017526533239,-1.6722557761570986,0.24104139044588405,-0.8939006543223522,0.9405251464094588,0.7320016038672843,0.22137279075819366,-0.010863366979951614,-0.6846078538235136,0.534105340124601,0.16136804206518118,1.8939064881175451,-0.9405312325753982,-0.7320158760215106,-0.22135822476549916,-2.616931302935722,1.6160803145343579,3.293266640835755,-2.2924153419107967}]


-----------------Final Result------------------
Options: alg=LN_AUGLAG_EQ,dx=0.01,max_eval=100000000,popSize=0
imin=-12,jmin=-1,imax=1,jmax=1,
parameter_minmax=5,
randSeed=22713634,rand_minmax=2

1286228 steps

Completed with maxf : 3.4769274304878377

Constraints at 0.00023562695

x = [0.5515410824819141,0.0660587028167997,0.06909787170131577,-0.32480716857501396,0.990370211683015,0.2058559992409376,0.5321451196116377,1.2430953773472713,-0.8464780566451469,-0.30726108196442464,1.2054751226438125,0.04670948803840439,-0.010861268797527183,0.9179060973392716,-1.1516286285865998,3.0875105678605506,0.547786811588723,-1.0659559906258498,-0.7295342322915841,0.8879270286355473,-0.12604124138109093,2.2432442470817135,-0.6456330246006036,-1.0173910533192188,1.4957136464008227,0.9355017526533239,-1.6722557761570986,0.24104139044588405,-0.8939006543223522,0.9405251464094588,0.7320016038672843,0.22137279075819366,-0.010863366979951614,-0.6846078538235136,0.534105340124601,0.16136804206518118,1.8939064881175451,-0.9405312325753982,-0.7320158760215106,-0.22135822476549916,-2.616931302935722,1.6160803145343579,3.293266640835755,-2.2924153419107967]
c0 = [0.0,0.5515410824819141,0.13515657451811547,0.8714190423489386]
c1 = [0.0,0.5321451196116377,0.3966173207021244,0.9449235287177923]
A0 = [0.0,0.5515410824819141,0.0660587028167997,-0.32480716857501396,0.0,0.0,0.06909787170131577,0.990370211683015,0.0,0.0,0.0,0.2058559992409376,0.0,0.0,0.0,0.0]
A1 = [0.0,0.5321451196116377,1.2430953773472713,-0.30726108196442464,0.0,0.0,-0.8464780566451469,1.2054751226438125,0.0,0.0,0.0,0.04670948803840439,0.0,0.0,0.0,0.0]
B0 = [0.0,-0.010861268797527183,0.9179060973392716,3.0875105678605506,0.0,0.0,-1.1516286285865998,0.547786811588723,0.0,0.0,0.0,-1.0659559906258498,0.0,0.0,0.0,0.0]
B1 = [0.0,-0.7295342322915841,0.8879270286355473,2.2432442470817135,0.0,0.0,-0.12604124138109093,-0.6456330246006036,0.0,0.0,0.0,-1.0173910533192188,0.0,0.0,0.0,0.0]
α  = [1.4957136464008227,0.9355017526533239,-1.6722557761570986,0.24104139044588405]
β1 = [-0.8939006543223522,0.9405251464094588,0.7320016038672843,0.22137279075819366]
β2 = [-0.010863366979951614,-0.6846078538235136,0.534105340124601,0.16136804206518118]
β3 = [1.8939064881175451,-0.9405312325753982,-0.7320158760215106,-0.22135822476549916]
β4 = [-2.616931302935722,1.6160803145343579,3.293266640835755,-2.2924153419107967]


Set[{A021,A031,A032,A041,A042,A043,A121,A131,A132,A141,A142,A143,B021,B031,B032,B041,B042,B043,B121,B131,B132,B141,B142,B143,\[Alpha]1,\[Alpha]2,\[Alpha]3,\[Alpha]4,\[Beta]11,\[Beta]12,\[Beta]13,\[Beta]14,\[Beta]21,\[Beta]22,\[Beta]23,\[Beta]24,\[Beta]31,\[Beta]32,\[Beta]33,\[Beta]34,\[Beta]41,\[Beta]42,\[Beta]43,\[Beta]44},{0.5515410824819141,0.0660587028167997,0.06909787170131577,-0.32480716857501396,0.990370211683015,0.2058559992409376,0.5321451196116377,1.2430953773472713,-0.8464780566451469,-0.30726108196442464,1.2054751226438125,0.04670948803840439,-0.010861268797527183,0.9179060973392716,-1.1516286285865998,3.0875105678605506,0.547786811588723,-1.0659559906258498,-0.7295342322915841,0.8879270286355473,-0.12604124138109093,2.2432442470817135,-0.6456330246006036,-1.0173910533192188,1.4957136464008227,0.9355017526533239,-1.6722557761570986,0.24104139044588405,-0.8939006543223522,0.9405251464094588,0.7320016038672843,0.22137279075819366,-0.010863366979951614,-0.6846078538235136,0.534105340124601,0.16136804206518118,1.8939064881175451,-0.9405312325753982,-0.7320158760215106,-0.22135822476549916,-2.616931302935722,1.6160803145343579,3.293266640835755,-2.2924153419107967}]



