
-----------------Setup------------------
Options: alg=LN_AUGLAG_EQ,dx=0.01,max_eval=100000000,popSize=0
imin=-12,jmin=-1,imax=1,jmax=1,
parameter_minmax=5,
randSeed=25248525, rand_minmax=1

Initial Condition:

[-0.505825,0.963023,-0.0802477,-0.975266,0.0471255,0.879657,-0.258578,0.339357,0.78963,-0.152218,0.0244818,0.293921,-0.486713,-0.715672,-0.220538,0.143091,-0.99298,-0.778792,0.699765,-0.194919,0.11874,0.941804,0.453445,0.507577,-0.316992,0.0769702,-0.548295,-0.306581,-0.346539,-0.654798,0.0361956,-0.549479,0.136792,0.790396,-0.843419,-0.566504,0.364554,-0.729507,0.166517,-0.946619,-0.486277,0.791799,-0.696399,-0.728305]

f_1([0.0396717,-0.722216,1.04356,0.856924,-0.167961,0.0550377,-0.000657236,0.388061,0.611313,0.0220729,-0.0242513,0.00193869,-0.364198,1.71336,1.84771,1.94792,-0.277782,-0.159085,0.861675,0.375995,2.52327,0.399379,-0.233463,-0.00375511,0.215395,0.0873591,-0.0144415,0.727382,2.1981,-0.432815,0.158135,-0.886417,-0.435198,1.73166,-0.145986,-1.14748,0.404215,0.422237,-0.152966,-0.608659,0.47384,-0.221914,0.249895,-0.651464])
4.714184649389487
Max g: 0.8469984373164701
f_2([0.0348308,-0.381502,1.32395,0.801236,-0.184639,0.143369,0.425762,0.460594,0.539406,0.554488,0.445786,-0.000310257,0.0275458,1.63117,1.54915,1.9533,-0.309354,-0.0996541,0.718439,-0.171355,2.32797,0.461692,-0.297323,-0.137677,0.237831,0.109147,-0.00764149,0.661301,0.599931,-1.03257,0.330524,1.10368,-1.19082,2.09665,-0.228539,-0.678255,0.393745,1.04443,-0.3323,-1.10671,1.10809,-1.9168,0.642609,0.165692])
9.513080255907244
Max g: 0.01878114397174839
f_3([0.0356493,-0.370139,1.32974,0.807069,-0.188757,0.1438,0.464855,0.490832,0.509165,0.577273,0.429552,-0.00683003,0.0358662,1.61356,1.54835,1.95124,-0.31185,-0.0946754,0.687316,-0.281828,2.34194,0.436413,-0.314147,-0.138258,0.233815,0.113588,-0.00753867,0.660202,0.547068,-1.02161,0.349407,1.12503,-1.15166,2.15418,-0.239355,-0.763117,0.452678,1.02072,-0.34929,-1.12437,1.12856,-2.10756,0.705811,0.273424])
9.102848555072448
Max g: 0.001607430602418581
f_4([0.0356983,-0.370376,1.32799,0.806855,-0.189024,0.144584,0.468743,0.490823,0.508461,0.578315,0.428301,-0.00683794,0.0365566,1.61203,1.54837,1.95202,-0.31238,-0.094401,0.684012,-0.292956,2.34266,0.43345,-0.316074,-0.138249,0.23415,0.113393,-0.00763965,0.660093,0.54044,-1.01825,0.351286,1.12654,-1.14667,2.15887,-0.240389,-0.77179,0.459658,1.01815,-0.351272,-1.12654,1.12991,-2.12807,0.71301,0.285146])
9.050848753924459
Max g: 0.0003593912767957952
f_5([0.0356706,-0.370669,1.32798,0.806888,-0.189029,0.144581,0.468147,0.490185,0.507815,0.578116,0.428129,-0.00679998,0.0366304,1.61257,1.54841,1.952,-0.312363,-0.0943852,0.6841,-0.292513,2.34252,0.433485,-0.316029,-0.138192,0.234196,0.113369,-0.00763392,0.660071,0.54029,-1.01837,0.351238,1.12684,-1.14711,2.1585,-0.240299,-0.771086,0.4597,1.01839,-0.351242,-1.12685,1.12984,-2.12734,0.712774,0.284728])
9.05959824245414
Max g: 6.619403288121717e-5
f_6([0.0356692,-0.370675,1.32802,0.806902,-0.18903,0.144576,0.468041,0.490066,0.507704,0.578091,0.428094,-0.00680173,0.0366944,1.61257,1.54842,1.952,-0.312371,-0.0943888,0.684116,-0.292431,2.34249,0.433497,-0.316027,-0.138179,0.234204,0.11336,-0.00762979,0.660064,0.540273,-1.01841,0.351232,1.1269,-1.1472,2.15846,-0.240287,-0.770969,0.459721,1.01842,-0.351233,-1.12691,1.12982,-2.12721,0.712733,0.284657])
9.060890780532388
Max g: 1.0713928036198972e-5
f_7([0.0356683,-0.370714,1.32804,0.806906,-0.189042,0.144576,0.468021,0.490044,0.507682,0.578087,0.428088,-0.00680396,0.0366958,1.61257,1.54843,1.952,-0.312371,-0.094386,0.684119,-0.292415,2.34249,0.433497,-0.316024,-0.138177,0.234198,0.113363,-0.00762994,0.660065,0.540269,-1.01842,0.351231,1.12692,-1.14722,2.15845,-0.240284,-0.770949,0.459729,1.01842,-0.351232,-1.12692,1.12982,-2.12719,0.712725,0.284643])
9.061686188580541
Max g: 1.9571521658878765e-6
f_8([0.0356774,-0.370576,1.32755,0.806905,-0.189037,0.144571,0.467999,0.490012,0.507661,0.578086,0.428084,-0.00680762,0.0367038,1.61257,1.54849,1.952,-0.312371,-0.0943865,0.684121,-0.292401,2.34248,0.433501,-0.316023,-0.138176,0.234199,0.11337,-0.00762886,0.66006,0.540268,-1.01843,0.351231,1.12693,-1.14724,2.15845,-0.240282,-0.770923,0.459731,1.01843,-0.351232,-1.12693,1.12981,-2.12716,0.712719,0.28463])
9.060493076508312
Max g: 5.139422560411554e-6
f_9([0.0356774,-0.370576,1.32755,0.806905,-0.189037,0.144571,0.468006,0.490019,0.507668,0.578088,0.428085,-0.00680712,0.0367037,1.61257,1.54849,1.952,-0.312371,-0.0943864,0.68412,-0.292407,2.34248,0.4335,-0.316023,-0.138176,0.234199,0.113369,-0.00762894,0.660061,0.54027,-1.01843,0.351232,1.12692,-1.14724,2.15845,-0.240283,-0.770932,0.45973,1.01843,-0.351232,-1.12692,1.12981,-2.12717,0.712721,0.284634])
9.06059250251433
Max g: 3.2048270260066837e-6
f_10([0.0356774,-0.370576,1.32755,0.806905,-0.189037,0.144571,0.468013,0.490026,0.507676,0.57809,0.428087,-0.00680734,0.0367033,1.61257,1.54849,1.952,-0.312371,-0.0943864,0.684119,-0.292412,2.34249,0.4335,-0.316024,-0.138177,0.234199,0.113369,-0.00762896,0.660061,0.540271,-1.01842,0.351232,1.12692,-1.14723,2.15845,-0.240284,-0.770939,0.459729,1.01842,-0.351232,-1.12692,1.12981,-2.12718,0.712724,0.284639])
9.06059250251433
{0.03567740011334479,-0.3705755310260977,1.3275491982475467,0.8069052002110062,-0.18903714463796994,0.14457126776163165,0.468012718038617,0.4900264008332498,0.5076755553454807,0.5780895711863508,0.4280870870317867,-0.0068073350721940575,0.03670331800945451,1.612573799587044,1.5484867705866923,1.9520012355923695,-0.3123712547174237,-0.09438643246509877,0.68411931020618,-0.2924118201980214,2.3424854125192285,0.43349977551369295,-0.31602390951855497,-0.1381770806435701,0.23419878162583382,0.11336940386808841,-0.007628962767157567,0.6600607100977016,0.540271076515199,-1.0184242610398193,0.3512323016761633,1.1269208615974349,-1.147231323859335,2.158454743783192,-0.24028412925504364,-0.7709394399331926,0.4597291223967275,1.0184236621749727,-0.351232221998291,-1.126920439733311,1.1298144571118838,-2.1271778145874127,0.7127240751219217,0.2846391603108114}]
Set[{A021,A031,A032,A041,A042,A043,A121,A131,A132,A141,A142,A143,B021,B031,B032,B041,B042,B043,B121,B131,B132,B141,B142,B143,\[Alpha]1,\[Alpha]2,\[Alpha]3,\[Alpha]4,\[Beta]11,\[Beta]12,\[Beta]13,\[Beta]14,\[Beta]21,\[Beta]22,\[Beta]23,\[Beta]24,\[Beta]31,\[Beta]32,\[Beta]33,\[Beta]34,\[Beta]41,\[Beta]42,\[Beta]43,\[Beta]44},{0.03567740011334479,-0.3705755310260977,1.3275491982475467,0.8069052002110062,-0.18903714463796994,0.14457126776163165,0.468012718038617,0.4900264008332498,0.5076755553454807,0.5780895711863508,0.4280870870317867,-0.0068073350721940575,0.03670331800945451,1.612573799587044,1.5484867705866923,1.9520012355923695,-0.3123712547174237,-0.09438643246509877,0.68411931020618,-0.2924118201980214,2.3424854125192285,0.43349977551369295,-0.31602390951855497,-0.1381770806435701,0.23419878162583382,0.11336940386808841,-0.007628962767157567,0.6600607100977016,0.540271076515199,-1.0184242610398193,0.3512323016761633,1.1269208615974349,-1.147231323859335,2.158454743783192,-0.24028412925504364,-0.7709394399331926,0.4597291223967275,1.0184236621749727,-0.351232221998291,-1.126920439733311,1.1298144571118838,-2.1271778145874127,0.7127240751219217,0.2846391603108114}]

Max g: 1.394784626566946e-6
f_11([0.0356774,-0.370576,1.32755,0.806905,-0.189037,0.144571,0.468013,0.490026,0.507676,0.57809,0.428087,-0.00680734,0.0367033,1.61257,1.54849,1.952,-0.312371,2.40561,0.684119,-0.292412,2.34249,0.4335,-0.316024,-0.138177,0.234199,0.113369,-0.00762896,0.660061,0.540271,-1.01842,0.351232,1.12692,-1.14723,2.15845,-0.240284,-0.770939,0.459729,1.01842,-0.351232,-1.12692,1.12981,-2.12718,0.712724,0.284639])
7.53390618009109
Max g: 9.225152210797761
{0.035677369890111034,-0.3705755150445707,1.3275501951979702,0.8069051893665504,-0.18903750343241987,0.14457129532116053,0.46801357023318035,0.49002728349913643,0.5076764027535208,0.5780898802150195,0.42808735124292874,-0.006807444495296384,0.036703247620361895,1.6125730505352054,1.548486775688113,1.9520012983164237,-0.31237121967975634,-0.09438647713441092,0.6841191582233832,-0.29241246262839077,2.3424856207014932,0.4334996487421653,-0.31602398813774757,-0.13817711337683344,0.23419883039642406,0.11336942118785794,-0.007628981931769488,0.6600607318735779,0.5402711924392276,-1.0184240457021374,0.35123235800706415,1.1269204574293168,-1.1472306353224833,2.15845505279297,-0.24028420742288867,-0.770940392094478,0.45972901422011614,1.0184234965030141,-0.3512322764053158,-1.1269202107478553,1.1298146328529204,-2.1271788840343455,0.7127243976665175,0.2846398127825286}]
Set[{A021,A031,A032,A041,A042,A043,A121,A131,A132,A141,A142,A143,B021,B031,B032,B041,B042,B043,B121,B131,B132,B141,B142,B143,\[Alpha]1,\[Alpha]2,\[Alpha]3,\[Alpha]4,\[Beta]11,\[Beta]12,\[Beta]13,\[Beta]14,\[Beta]21,\[Beta]22,\[Beta]23,\[Beta]24,\[Beta]31,\[Beta]32,\[Beta]33,\[Beta]34,\[Beta]41,\[Beta]42,\[Beta]43,\[Beta]44},{0.035677369890111034,-0.3705755150445707,1.3275501951979702,0.8069051893665504,-0.18903750343241987,0.14457129532116053,0.46801357023318035,0.49002728349913643,0.5076764027535208,0.5780898802150195,0.42808735124292874,-0.006807444495296384,0.036703247620361895,1.6125730505352054,1.548486775688113,1.9520012983164237,-0.31237121967975634,-0.09438647713441092,0.6841191582233832,-0.29241246262839077,2.3424856207014932,0.4334996487421653,-0.31602398813774757,-0.13817711337683344,0.23419883039642406,0.11336942118785794,-0.007628981931769488,0.6600607318735779,0.5402711924392276,-1.0184240457021374,0.35123235800706415,1.1269204574293168,-1.1472306353224833,2.15845505279297,-0.24028420742288867,-0.770940392094478,0.45972901422011614,1.0184234965030141,-0.3512322764053158,-1.1269202107478553,1.1298146328529204,-2.1271788840343455,0.7127243976665175,0.2846398127825286}]


-----------------Final Result------------------
Options: alg=LN_AUGLAG_EQ,dx=0.01,max_eval=100000000,popSize=0
imin=-12,jmin=-1,imax=1,jmax=1,
parameter_minmax=5,
randSeed=25248525,rand_minmax=1

1199718 steps

Completed with maxf : 9.06059250251433

Constraints at 1.181848f-6

x = [0.035677369890111034,-0.3705755150445707,1.3275501951979702,0.8069051893665504,-0.18903750343241987,0.14457129532116053,0.46801357023318035,0.49002728349913643,0.5076764027535208,0.5780898802150195,0.42808735124292874,-0.006807444495296384,0.036703247620361895,1.6125730505352054,1.548486775688113,1.9520012983164237,-0.31237121967975634,-0.09438647713441092,0.6841191582233832,-0.29241246262839077,2.3424856207014932,0.4334996487421653,-0.31602398813774757,-0.13817711337683344,0.23419883039642406,0.11336942118785794,-0.007628981931769488,0.6600607318735779,0.5402711924392276,-1.0184240457021374,0.35123235800706415,1.1269204574293168,-1.1472306353224833,2.15845505279297,-0.24028420742288867,-0.770940392094478,0.45972901422011614,1.0184234965030141,-0.3512322764053158,-1.1269202107478553,1.1298146328529204,-2.1271788840343455,0.7127243976665175,0.2846398127825286]
c0 = [0.0,0.035677369890111034,0.9569746801533996,0.7624389812552911]
c1 = [0.0,0.46801357023318035,0.9977036862526572,0.9993697869626519]
A0 = [0.0,0.035677369890111034,-0.3705755150445707,0.8069051893665504,0.0,0.0,1.3275501951979702,-0.18903750343241987,0.0,0.0,0.0,0.14457129532116053,0.0,0.0,0.0,0.0]
A1 = [0.0,0.46801357023318035,0.49002728349913643,0.5780898802150195,0.0,0.0,0.5076764027535208,0.42808735124292874,0.0,0.0,0.0,-0.006807444495296384,0.0,0.0,0.0,0.0]
B0 = [0.0,0.036703247620361895,1.6125730505352054,1.9520012983164237,0.0,0.0,1.548486775688113,-0.31237121967975634,0.0,0.0,0.0,-0.09438647713441092,0.0,0.0,0.0,0.0]
B1 = [0.0,0.6841191582233832,-0.29241246262839077,0.4334996487421653,0.0,0.0,2.3424856207014932,-0.31602398813774757,0.0,0.0,0.0,-0.13817711337683344,0.0,0.0,0.0,0.0]
α  = [0.23419883039642406,0.11336942118785794,-0.007628981931769488,0.6600607318735779]
β1 = [0.5402711924392276,-1.0184240457021374,0.35123235800706415,1.1269204574293168]
β2 = [-1.1472306353224833,2.15845505279297,-0.24028420742288867,-0.770940392094478]
β3 = [0.45972901422011614,1.0184234965030141,-0.3512322764053158,-1.1269202107478553]
β4 = [1.1298146328529204,-2.1271788840343455,0.7127243976665175,0.2846398127825286]


Set[{A021,A031,A032,A041,A042,A043,A121,A131,A132,A141,A142,A143,B021,B031,B032,B041,B042,B043,B121,B131,B132,B141,B142,B143,\[Alpha]1,\[Alpha]2,\[Alpha]3,\[Alpha]4,\[Beta]11,\[Beta]12,\[Beta]13,\[Beta]14,\[Beta]21,\[Beta]22,\[Beta]23,\[Beta]24,\[Beta]31,\[Beta]32,\[Beta]33,\[Beta]34,\[Beta]41,\[Beta]42,\[Beta]43,\[Beta]44},{0.035677369890111034,-0.3705755150445707,1.3275501951979702,0.8069051893665504,-0.18903750343241987,0.14457129532116053,0.46801357023318035,0.49002728349913643,0.5076764027535208,0.5780898802150195,0.42808735124292874,-0.006807444495296384,0.036703247620361895,1.6125730505352054,1.548486775688113,1.9520012983164237,-0.31237121967975634,-0.09438647713441092,0.6841191582233832,-0.29241246262839077,2.3424856207014932,0.4334996487421653,-0.31602398813774757,-0.13817711337683344,0.23419883039642406,0.11336942118785794,-0.007628981931769488,0.6600607318735779,0.5402711924392276,-1.0184240457021374,0.35123235800706415,1.1269204574293168,-1.1472306353224833,2.15845505279297,-0.24028420742288867,-0.770940392094478,0.45972901422011614,1.0184234965030141,-0.3512322764053158,-1.1269202107478553,1.1298146328529204,-2.1271788840343455,0.7127243976665175,0.2846398127825286}]



