
-----------------Setup------------------
Options: alg=LN_AUGLAG_EQ,dx=0.01,max_eval=100000000,popSize=0
imin=-12,jmin=-1,imax=1,jmax=1,
parameter_minmax=5,
randSeed=52431997, rand_minmax=3

Initial Condition:

[-1.0017,0.291004,-1.11661,-1.23964,1.55119,2.66369,1.69967,-0.770889,-0.419777,0.922921,-0.300983,-1.23133,0.197137,-2.59324,1.27992,-0.119537,1.27047,0.673902,-1.69624,-1.737,-2.48575,-2.28301,-0.0394331,0.17693,-0.602191,1.80945,-2.81279,1.90532,-0.445504,-0.866239,2.8962,0.870104,2.95203,-2.09276,0.380505,0.221969,-1.59977,1.01593,0.566852,-1.16315,0.108178,1.44177,0.453209,1.65712]

f_1([1.78314e-9,2.04312,-2.04312,-2.76865,0.703975,2.06765,0.372482,-0.118052,0.118522,1.25408,-0.592748,-0.652458,0.0538063,-2.67525,1.53743,-0.723619,1.52744,-0.325928,1.17918,0.968144,0.123205,0.653391,-0.0261192,0.556278,-0.295749,1.69771,-2.70226,1.50044,-0.779378,-1.4679,2.2167,1.39093,2.95831,-1.48367,-0.13475,-0.292473,-1.81632,0.440051,0.288006,-1.3355,-1.45508,0.594071,0.415634,1.59686])
6.952164618873351
Max g: 3.0440737924047294
f_2([5.8784e-10,1.86033,-1.86033,-2.54792,0.20703,2.36377,0.0137794,-0.252951,0.278647,1.43233,-0.493062,-0.931436,-0.00546083,-0.635802,0.876993,-0.569747,2.35262,-0.870661,-0.0748862,0.251908,-0.43856,-0.370499,-0.344335,0.189281,-0.508207,1.81532,-1.9639,1.00837,-0.919286,-2.26471,2.53922,0.866308,2.35043,-2.36334,0.444464,-0.473106,-0.112822,0.751833,0.414894,-1.3321,-1.88891,0.245384,0.212839,1.42289])
19.72681557623107
Max g: 1.0105898175419046
f_3([-5.35541e-18,1.0683,-1.04943,-2.33874,-0.145245,2.93392,-1.19105e-18,-0.214828,0.382153,1.71415,-0.570181,-0.6709,0.0129812,-0.509374,0.725559,-0.500694,2.6521,-1.00785,-0.561802,-0.203166,0.150183,-0.797261,-1.19942,0.266389,-0.327717,1.95737,-1.81737,1.20183,-0.610681,-3.12571,4.02208,0.719552,2.36658,-2.65109,0.0556561,0.267606,-0.231344,1.44369,-0.749283,-0.479194,-1.32561,-0.454274,0.943569,0.620051])
6.967575649806311
Max g: 0.6479338468492484
f_4([3.14866e-6,1.05936,-1.03929,-2.33045,-0.0598128,2.89052,0.062458,-0.14087,0.458079,1.64738,-0.666607,-0.762559,0.0112836,-0.451124,0.626613,-0.514766,2.7145,-0.991124,-0.631319,-0.478356,0.29628,-0.166798,-2.22925,0.37053,-0.318432,2.06757,-1.81542,1.06567,-0.506386,-2.45397,3.49651,0.45468,1.58421,-2.13102,0.36151,0.178166,1.19434,2.38445,-3.14305,-0.45116,1.62551,-2.23803,-0.0939344,0.708521])
8.167647542456818
Max g: 0.17110548774801762
f_5([1.11053e-5,1.0638,-1.04207,-2.31855,-0.0479689,2.88954,0.212774,-0.10833,0.452143,1.85088,-0.461828,-0.559972,0.0014973,-0.408392,0.553712,-0.526592,2.73218,-0.98444,-0.538358,-0.459174,0.330869,0.088162,-2.49546,0.491535,-0.311745,2.09443,-1.81615,1.03246,-0.338362,-2.37873,3.27022,0.447349,1.41079,-2.92102,1.29413,0.218106,1.38902,2.40046,-3.33739,-0.449409,2.05594,-2.60888,-0.200018,0.751056])
8.549343979564132
Max g: 0.04874088596731105
f_6([1.47964e-8,1.06221,-1.03958,-2.31283,-0.0397152,2.88733,0.252591,-0.0531284,0.408625,1.90783,-0.413649,-0.494179,0.000410955,-0.382503,0.518639,-0.52427,2.7366,-0.980906,-0.506084,-0.451216,0.340055,0.186276,-2.60419,0.538908,-0.308658,2.10341,-1.80592,1.01115,-0.324306,-2.3484,3.23071,0.442195,1.31054,-3.16611,1.63114,0.223737,1.32667,2.36123,-3.2446,-0.443377,2.22455,-2.82468,-0.171487,0.771855])
8.41750509558281
Max g: 0.0038713594070035745
f_7([0.000355164,1.06214,-1.03956,-2.31242,-0.0385179,2.88852,0.253659,-0.0535706,0.409875,1.90536,-0.412224,-0.493137,0.0237345,-0.37269,0.536991,-0.521473,2.74047,-0.97782,-0.505354,-0.451349,0.341051,0.1874,-2.6034,0.540112,-0.30479,2.10636,-1.80613,1.00455,-0.326447,-2.35418,3.23674,0.443876,1.31517,-3.1643,1.62529,0.22387,1.32613,2.354,-3.23627,-0.443865,2.22052,-2.84409,-0.151686,0.775266])
7.799075338144022
Max g: 0.0010751826660110875
f_8([0.000490401,1.06207,-1.03962,-2.3118,-0.0382956,2.88865,0.254052,-0.0545371,0.411061,1.90474,-0.412721,-0.49202,0.0326322,-0.369129,0.544169,-0.520106,2.74173,-0.976496,-0.504676,-0.451251,0.341489,0.189224,-2.6048,0.54131,-0.303504,2.10764,-1.80591,1.00178,-0.326614,-2.35368,3.23605,0.444236,1.31447,-3.16766,1.62919,0.224023,1.32653,2.35344,-3.23575,-0.444216,2.2217,-2.85227,-0.146059,0.776632])
7.477133930654185
Max g: 0.0004086165098118877
f_9([0.000566656,1.06208,-1.0396,-2.31174,-0.0382752,2.88866,0.254209,-0.0546625,0.411275,1.90466,-0.412777,-0.491879,0.0338454,-0.368643,0.545155,-0.519904,2.74186,-0.9763,-0.504398,-0.451225,0.341672,0.189967,-2.60539,0.541815,-0.303354,2.10779,-1.80585,1.00141,-0.326609,-2.35343,3.23567,0.444373,1.3142,-3.16912,1.63084,0.224087,1.32661,2.35342,-3.23566,-0.444372,2.22222,-2.85553,-0.14386,0.777176])
7.4281169096867705
Max g: 0.000127528987036718
f_10([0.000541384,1.06205,-1.03959,-2.31174,-0.0382675,2.88867,0.254267,-0.0546517,0.411298,1.90466,-0.412797,-0.491863,0.0338348,-0.368667,0.545169,-0.519933,2.74187,-0.976289,-0.504301,-0.451215,0.341739,0.190233,-2.60558,0.541976,-0.303359,2.1078,-1.80586,1.00142,-0.326639,-2.35334,3.23556,0.444426,1.31411,-3.16961,1.63139,0.224111,1.32664,2.35334,-3.23555,-0.444425,2.22239,-2.85673,-0.143037,0.777378])
7.430204855813171
{0.0005413843280970207,1.0620532369915798,-1.0395887659363017,-2.311744145158216,-0.03826748207947958,2.8886743461249287,0.2542672184236765,-0.05465172132377225,0.4112980322719555,1.9046604572142176,-0.4127973675793297,-0.4918630895395595,0.03383484951715236,-0.3686671999177946,0.5451685529571618,-0.5199333960441415,2.741872148781312,-0.9762888700771136,-0.5043007402740316,-0.4512147894283373,0.34173911316971517,0.19023261683683426,-2.60558362335354,0.5419764905480777,-0.3033592298961683,2.107797124744026,-1.805856651942418,1.001419015707392,-0.32663946103972047,-2.353344823822503,3.235558715881827,0.44442611832662576,1.3141100224846949,-3.1696120365458937,1.6313911429742345,0.2241109806612178,1.3266376361746146,2.3533356423470813,-3.235548594411145,-0.44442529685957205,2.222386555914632,-2.8567277301838807,-0.14303709902162084,0.7773777167914991}]
Set[{A021,A031,A032,A041,A042,A043,A121,A131,A132,A141,A142,A143,B021,B031,B032,B041,B042,B043,B121,B131,B132,B141,B142,B143,\[Alpha]1,\[Alpha]2,\[Alpha]3,\[Alpha]4,\[Beta]11,\[Beta]12,\[Beta]13,\[Beta]14,\[Beta]21,\[Beta]22,\[Beta]23,\[Beta]24,\[Beta]31,\[Beta]32,\[Beta]33,\[Beta]34,\[Beta]41,\[Beta]42,\[Beta]43,\[Beta]44},{0.0005413843280970207,1.0620532369915798,-1.0395887659363017,-2.311744145158216,-0.03826748207947958,2.8886743461249287,0.2542672184236765,-0.05465172132377225,0.4112980322719555,1.9046604572142176,-0.4127973675793297,-0.4918630895395595,0.03383484951715236,-0.3686671999177946,0.5451685529571618,-0.5199333960441415,2.741872148781312,-0.9762888700771136,-0.5043007402740316,-0.4512147894283373,0.34173911316971517,0.19023261683683426,-2.60558362335354,0.5419764905480777,-0.3033592298961683,2.107797124744026,-1.805856651942418,1.001419015707392,-0.32663946103972047,-2.353344823822503,3.235558715881827,0.44442611832662576,1.3141100224846949,-3.1696120365458937,1.6313911429742345,0.2241109806612178,1.3266376361746146,2.3533356423470813,-3.235548594411145,-0.44442529685957205,2.222386555914632,-2.8567277301838807,-0.14303709902162084,0.7773777167914991}]

Max g: 3.948632454031306e-5
f_11([0.000541386,1.06205,-1.03959,-2.31174,-0.0382675,2.88867,0.254267,-0.0546517,0.411298,1.90466,-0.412797,-0.491863,0.0338349,-0.368667,0.545169,-0.519933,2.74187,-0.976289,-0.504301,-0.451215,0.341739,0.190233,-2.60558,0.541977,-0.303359,2.1078,-1.80586,1.00142,-0.326639,-2.35334,3.23556,0.444426,1.31411,-3.16961,1.63139,0.224111,1.32664,2.35334,-3.23555,-0.444425,2.22239,-2.85673,-0.143036,0.777378])
7.430204855813171
Max g: 3.948904160950076e-5
f_12([0.000532929,1.06205,-1.03959,-2.31174,-0.0382639,2.88867,0.254281,-0.0546444,0.411299,1.90466,-0.412794,-0.491868,0.0337986,-0.368684,0.54514,-0.519931,2.74187,-0.976304,-0.504278,-0.451213,0.341755,0.190293,-2.60563,0.542022,-0.303359,2.10779,-1.80586,1.00143,-0.326642,-2.35333,3.23554,0.444438,1.31409,-3.16973,1.63153,0.224116,1.32664,2.35333,-3.23553,-0.444438,2.22242,-2.85702,-0.142833,0.777425])
7.431099689867343
Max g: 3.3901712133087986e-5
f_13([0.000531792,1.06205,-1.03959,-2.31174,-0.0382629,2.88867,0.254284,-0.0546334,0.411289,1.90467,-0.412787,-0.491881,0.0337039,-0.368724,0.545065,-0.519943,2.74186,-0.976319,-0.504275,-0.451213,0.341756,0.190299,-2.60563,0.542025,-0.303375,2.10778,-1.80586,1.00146,-0.326644,-2.35333,3.23553,0.444441,1.31409,-3.16975,1.63154,0.224118,1.32665,2.35333,-3.23553,-0.444441,2.22243,-2.85706,-0.142803,0.777434])
7.434380748065974
Max g: 1.9539272680895933e-5
f_14([0.000529935,1.06205,-1.03959,-2.31174,-0.0382645,2.88866,0.254286,-0.0546175,0.411275,1.90468,-0.412783,-0.491894,0.0335963,-0.368769,0.54498,-0.519959,2.74184,-0.976333,-0.504271,-0.451212,0.341759,0.190308,-2.60564,0.542032,-0.303393,2.10776,-1.80586,1.00149,-0.326646,-2.35333,3.23553,0.444443,1.31408,-3.16977,1.63156,0.224119,1.32665,2.35333,-3.23553,-0.444443,2.22243,-2.8571,-0.142773,0.777441])
7.43805951028868
Max g: 3.3018235146200364e-6
f_15([0.000530108,1.06206,-1.03959,-2.31175,-0.0382645,2.88866,0.254287,-0.0546127,0.41127,1.90468,-0.41278,-0.491898,0.0335565,-0.368785,0.544947,-0.519965,2.74183,-0.976338,-0.504269,-0.451212,0.34176,0.190312,-2.60564,0.542034,-0.303398,2.10776,-1.80586,1.0015,-0.326645,-2.35333,3.23553,0.444444,1.31408,-3.16978,1.63158,0.224119,1.32665,2.35333,-3.23553,-0.444444,2.22244,-2.85713,-0.142758,0.777446])
7.439849178397024
Max g: 1.968850956712842e-7
{0.0005301158988263761,1.0620561722885882,-1.039585458888012,-2.3117454642141273,-0.038264470527946105,2.888664906085076,0.25428707401538864,-0.054612724243677586,0.4112704679150697,1.904678736409827,-0.41278046409807706,-0.49189827231174943,0.033556642922475566,-0.3687852285461295,0.5449476429136761,-0.5199645656846981,2.741832852248356,-0.9763382467580277,-0.5042692418590582,-0.45121198374303595,0.3417600257144608,0.19031164116339483,-2.6056414052768617,0.5420337757549119,-0.30339810151728536,2.107757945306019,-1.8058572366985806,1.0014973640888143,-0.32664544915839094,-2.353327456324724,3.2355285662355535,0.4444443350560068,1.3140822373216883,-3.169777266465134,1.631575494051913,0.2241195008204913,1.32664534268488,2.3533284013838958,-3.23552930343802,-0.4444444393539399,2.22243746584147,-2.8571254449330206,-0.14275757116100043,0.7774455563024375}]
Set[{A021,A031,A032,A041,A042,A043,A121,A131,A132,A141,A142,A143,B021,B031,B032,B041,B042,B043,B121,B131,B132,B141,B142,B143,\[Alpha]1,\[Alpha]2,\[Alpha]3,\[Alpha]4,\[Beta]11,\[Beta]12,\[Beta]13,\[Beta]14,\[Beta]21,\[Beta]22,\[Beta]23,\[Beta]24,\[Beta]31,\[Beta]32,\[Beta]33,\[Beta]34,\[Beta]41,\[Beta]42,\[Beta]43,\[Beta]44},{0.0005301158988263761,1.0620561722885882,-1.039585458888012,-2.3117454642141273,-0.038264470527946105,2.888664906085076,0.25428707401538864,-0.054612724243677586,0.4112704679150697,1.904678736409827,-0.41278046409807706,-0.49189827231174943,0.033556642922475566,-0.3687852285461295,0.5449476429136761,-0.5199645656846981,2.741832852248356,-0.9763382467580277,-0.5042692418590582,-0.45121198374303595,0.3417600257144608,0.19031164116339483,-2.6056414052768617,0.5420337757549119,-0.30339810151728536,2.107757945306019,-1.8058572366985806,1.0014973640888143,-0.32664544915839094,-2.353327456324724,3.2355285662355535,0.4444443350560068,1.3140822373216883,-3.169777266465134,1.631575494051913,0.2241195008204913,1.32664534268488,2.3533284013838958,-3.23552930343802,-0.4444444393539399,2.22243746584147,-2.8571254449330206,-0.14275757116100043,0.7774455563024375}]


-----------------Final Result------------------
Options: alg=LN_AUGLAG_EQ,dx=0.01,max_eval=100000000,popSize=0
imin=-12,jmin=-1,imax=1,jmax=1,
parameter_minmax=5,
randSeed=52431997,rand_minmax=3

1513690 steps

Completed with maxf : 7.439849178397024

Constraints at 1.9351991f-7

x = [0.0005301158988263761,1.0620561722885882,-1.039585458888012,-2.3117454642141273,-0.038264470527946105,2.888664906085076,0.25428707401538864,-0.054612724243677586,0.4112704679150697,1.904678736409827,-0.41278046409807706,-0.49189827231174943,0.033556642922475566,-0.3687852285461295,0.5449476429136761,-0.5199645656846981,2.741832852248356,-0.9763382467580277,-0.5042692418590582,-0.45121198374303595,0.3417600257144608,0.19031164116339483,-2.6056414052768617,0.5420337757549119,-0.30339810151728536,2.107757945306019,-1.8058572366985806,1.0014973640888143,-0.32664544915839094,-2.353327456324724,3.2355285662355535,0.4444443350560068,1.3140822373216883,-3.169777266465134,1.631575494051913,0.2241195008204913,1.32664534268488,2.3533284013838958,-3.23552930343802,-0.4444444393539399,2.22243746584147,-2.8571254449330206,-0.14275757116100043,0.7774455563024375]
c0 = [0.0,0.0005301158988263761,0.02247071340057616,0.5386549713430028]
c1 = [0.0,0.25428707401538864,0.35665774367139214,1.0000000000000004]
A0 = [0.0,0.0005301158988263761,1.0620561722885882,-2.3117454642141273,0.0,0.0,-1.039585458888012,-0.038264470527946105,0.0,0.0,0.0,2.888664906085076,0.0,0.0,0.0,0.0]
A1 = [0.0,0.25428707401538864,-0.054612724243677586,1.904678736409827,0.0,0.0,0.4112704679150697,-0.41278046409807706,0.0,0.0,0.0,-0.49189827231174943,0.0,0.0,0.0,0.0]
B0 = [0.0,0.033556642922475566,-0.3687852285461295,-0.5199645656846981,0.0,0.0,0.5449476429136761,2.741832852248356,0.0,0.0,0.0,-0.9763382467580277,0.0,0.0,0.0,0.0]
B1 = [0.0,-0.5042692418590582,-0.45121198374303595,0.19031164116339483,0.0,0.0,0.3417600257144608,-2.6056414052768617,0.0,0.0,0.0,0.5420337757549119,0.0,0.0,0.0,0.0]
α  = [-0.30339810151728536,2.107757945306019,-1.8058572366985806,1.0014973640888143]
β1 = [-0.32664544915839094,-2.353327456324724,3.2355285662355535,0.4444443350560068]
β2 = [1.3140822373216883,-3.169777266465134,1.631575494051913,0.2241195008204913]
β3 = [1.32664534268488,2.3533284013838958,-3.23552930343802,-0.4444444393539399]
β4 = [2.22243746584147,-2.8571254449330206,-0.14275757116100043,0.7774455563024375]


Set[{A021,A031,A032,A041,A042,A043,A121,A131,A132,A141,A142,A143,B021,B031,B032,B041,B042,B043,B121,B131,B132,B141,B142,B143,\[Alpha]1,\[Alpha]2,\[Alpha]3,\[Alpha]4,\[Beta]11,\[Beta]12,\[Beta]13,\[Beta]14,\[Beta]21,\[Beta]22,\[Beta]23,\[Beta]24,\[Beta]31,\[Beta]32,\[Beta]33,\[Beta]34,\[Beta]41,\[Beta]42,\[Beta]43,\[Beta]44},{0.0005301158988263761,1.0620561722885882,-1.039585458888012,-2.3117454642141273,-0.038264470527946105,2.888664906085076,0.25428707401538864,-0.054612724243677586,0.4112704679150697,1.904678736409827,-0.41278046409807706,-0.49189827231174943,0.033556642922475566,-0.3687852285461295,0.5449476429136761,-0.5199645656846981,2.741832852248356,-0.9763382467580277,-0.5042692418590582,-0.45121198374303595,0.3417600257144608,0.19031164116339483,-2.6056414052768617,0.5420337757549119,-0.30339810151728536,2.107757945306019,-1.8058572366985806,1.0014973640888143,-0.32664544915839094,-2.353327456324724,3.2355285662355535,0.4444443350560068,1.3140822373216883,-3.169777266465134,1.631575494051913,0.2241195008204913,1.32664534268488,2.3533284013838958,-3.23552930343802,-0.4444444393539399,2.22243746584147,-2.8571254449330206,-0.14275757116100043,0.7774455563024375}]



