
-----------------Setup------------------
Options: alg=LN_AUGLAG_EQ,dx=0.01,max_eval=100000000,popSize=0
imin=-12,jmin=-1,imax=1,jmax=1,
parameter_minmax=5,
randSeed=79850293, rand_minmax=2

Initial Condition:

[-1.00849,-1.82928,-1.88951,0.018651,-0.281644,-1.78395,-0.00848135,0.576672,-1.96438,1.06858,1.28678,0.613548,0.112457,-1.94427,0.470189,-0.527084,-1.37678,0.813301,1.02805,0.613768,-0.094336,1.06159,-1.36485,0.00871986,-0.397509,1.9128,1.98984,0.635253,-0.857945,-0.868565,-1.07369,-0.701859,-1.86652,-0.239443,-1.62767,-0.89301,-1.50309,-0.0050986,-0.512522,-1.14708,1.15575,1.98218,-1.39353,0.879003]

f_1([0.0293746,-0.699979,1.14585,0.68909,-0.430742,-0.0700349,6.57298e-19,3.3473,-3.02331,0.00318512,0.376251,0.0123577,0.00309297,-0.134452,1.21211,-0.124758,-0.236157,-1.17096,0.0530267,2.67265,-2.78561,1.39448,-1.75528,-0.487203,-1.13228,1.60162,0.391039,-0.0261255,1.62147,-1.46831,0.993439,-0.187654,1.38667,-1.41617,1.07675,-1.11583,1.57627,0.660409,-1.64285,-0.485636,0.813707,0.0371389,-1.86618,1.15812])
24.15037801002673
Max g: 0.6324254414541576
f_2([0.107323,-0.750415,1.26963,0.643429,-0.350209,-0.29322,4.21973e-19,3.54432,-2.54432,0.128116,0.617214,-0.0405429,0.0292194,0.0665187,1.50708,-0.61202,0.0117078,-1.49557,-0.574712,0.505805,-3.03859,0.188409,-2.60893,-0.3671,-1.41821,1.80851,0.603543,0.00115993,2.20105,-1.74997,1.91443,-1.37691,1.96407,-2.04543,0.0106825,0.0684292,-1.02193,1.54103,-1.76016,1.26036,0.884474,-1.0001,-1.01724,1.1419])
8.13095934623577
Max g: 0.18488085066521057
f_3([0.0860204,-0.719686,1.30111,0.647631,-0.350399,-0.296045,0.00284129,3.53982,-2.53981,0.144788,0.642157,-0.109571,0.0366316,0.0646996,1.50425,-0.619601,-0.00336006,-1.48077,-0.578619,0.492616,-2.96224,0.231644,-2.57675,-0.356764,-1.41697,1.81242,0.601105,0.00379232,2.21702,-1.76166,2.0002,-1.45271,1.9558,-2.05519,0.0908524,0.00673566,-1.20209,1.74551,-1.98203,1.43842,1.09811,-1.35075,-0.552794,0.799565])
9.561003590808449
Max g: 0.17169879249061154
f_4([0.0897558,-0.721772,1.3067,0.648946,-0.349855,-0.294106,0.0307079,3.53819,-2.53819,0.159017,0.657066,-0.164534,0.0617019,0.0618917,1.50606,-0.621008,-0.00298428,-1.48015,-0.568255,0.533927,-2.93893,0.281032,-2.54576,-0.360923,-1.41206,1.81493,0.584489,0.0124984,2.2284,-1.78055,2.01795,-1.46374,2.00308,-2.12079,0.164559,-0.0505136,-1.2617,1.81607,-2.0314,1.47303,1.22931,-1.52791,-0.414032,0.711069])
8.739545929078666
Max g: 0.1579017759794083
f_5([0.0922803,-0.721973,1.31135,0.649918,-0.348442,-0.289749,0.0573499,3.53736,-2.53736,0.171561,0.670169,-0.215395,0.0817788,0.0572194,1.50686,-0.62426,-0.00342864,-1.47925,-0.560111,0.571894,-2.91984,0.323756,-2.51452,-0.366012,-1.40895,1.81738,0.571915,0.0197519,2.24208,-1.79986,2.03904,-1.47924,2.07299,-2.21425,0.266679,-0.13022,-1.28885,1.8499,-2.06077,1.49459,1.32148,-1.66369,-0.293078,0.634627])
8.392549168072016
Max g: 0.14082567216164937
f_6([0.0888269,-0.724051,1.3085,0.583521,-0.27996,-0.2408,0.0982693,3.53932,-2.53932,0.145749,0.676851,-0.223793,0.0827939,0.0404659,1.51924,-0.616696,0.0228454,-1.45503,-0.553266,0.624255,-2.90805,0.364708,-2.4668,-0.379765,-1.44339,1.84795,0.572441,0.0224869,2.23937,-1.80865,2.0589,-1.49032,2.16362,-2.3358,0.410716,-0.242161,-1.26174,1.83325,-2.0711,1.49899,1.37465,-1.7572,-0.211191,0.591646])
7.626372365688851
Max g: 0.12028368306122905
f_7([0.089016,-0.722948,1.30934,0.587069,-0.279216,-0.241654,0.121407,3.53777,-2.53776,0.142457,0.667951,-0.235685,0.0882383,0.0380279,1.51995,-0.618274,0.0222485,-1.45724,-0.548636,0.655249,-2.89719,0.398794,-2.44366,-0.386257,-1.44298,1.849,0.569404,0.0244967,2.2525,-1.82611,2.07497,-1.50134,2.23942,-2.43403,0.517349,-0.325377,-1.25856,1.83297,-2.07922,1.50446,1.43574,-1.85624,-0.100884,0.519006])
7.265654815851565
Max g: 0.1043364461020938
f_8([0.0906327,-0.724703,1.30845,0.586327,-0.280725,-0.238636,0.14522,3.53659,-2.53659,0.13719,0.662364,-0.251411,0.093671,0.0358769,1.51949,-0.618963,0.0206688,-1.45591,-0.545256,0.685509,-2.88912,0.43091,-2.42139,-0.393641,-1.44228,1.8485,0.56694,0.0265879,2.25655,-1.83416,2.08431,-1.50744,2.3007,-2.51536,0.617518,-0.404344,-1.25941,1.83631,-2.08585,1.50865,1.49963,-1.96005,0.0207128,0.43679])
6.997204599600002
Max g: 0.08819571380356839
f_9([0.0914911,-0.725601,1.30866,0.585989,-0.28076,-0.240483,0.162792,3.53616,-2.53616,0.132295,0.658208,-0.262845,0.0981701,0.0340574,1.51874,-0.619366,0.0205997,-1.45711,-0.542932,0.710723,-2.88703,0.454722,-2.40476,-0.400629,-1.44254,1.84898,0.564837,0.0284756,2.25769,-1.83591,2.08764,-1.50934,2.34061,-2.57056,0.68837,-0.460419,-1.25933,1.83794,-2.08937,1.51068,1.54952,-2.03814,0.113583,0.373171])
6.813664192488748
Max g: 0.07642305668886507
f_10([0.0920528,-0.726036,1.30837,0.585959,-0.281188,-0.240981,0.179353,3.53711,-2.53711,0.127623,0.653404,-0.273891,0.102208,0.0332804,1.51649,-0.619488,0.019859,-1.4563,-0.541256,0.734529,-2.88824,0.475343,-2.39013,-0.407609,-1.44191,1.84849,0.563421,0.0301651,2.25728,-1.83587,2.08839,-1.50961,2.37522,-2.61753,0.752944,-0.511992,-1.25804,1.83668,-2.08908,1.51011,1.59356,-2.10879,0.20157,0.311767])
6.654483156852173
{0.09205279263762935,-0.7260358960554901,1.3083734718033035,0.585959131834512,-0.28118848255033796,-0.24098082422513967,0.17935256355886534,3.537110051848152,-2.5371083202115265,0.1276230749665571,0.6534037845161975,-0.27389141578595716,0.10220814890296293,0.03328038054762479,1.5164866696825188,-0.6194877529360484,0.019859003865667316,-1.4562954374511468,-0.5412557211854213,0.7345287158521815,-2.888243580386999,0.47534348652417335,-2.3901310540989824,-0.4076085941877574,-1.4419077556388369,1.8484929649440265,0.5634211306140638,0.030165123945536606,2.257283329689471,-1.8358689168985378,2.088392072503667,-1.509614494906954,2.3752220925299485,-2.6175331596393483,0.7529438411654368,-0.511991834784122,-1.2580419337821203,1.836678742771776,-2.0890794495751557,1.5101075932743204,1.5935640491745722,-2.108793887108535,0.2015700429883644,0.31176747053019066}]
Set[{A021,A031,A032,A041,A042,A043,A121,A131,A132,A141,A142,A143,B021,B031,B032,B041,B042,B043,B121,B131,B132,B141,B142,B143,\[Alpha]1,\[Alpha]2,\[Alpha]3,\[Alpha]4,\[Beta]11,\[Beta]12,\[Beta]13,\[Beta]14,\[Beta]21,\[Beta]22,\[Beta]23,\[Beta]24,\[Beta]31,\[Beta]32,\[Beta]33,\[Beta]34,\[Beta]41,\[Beta]42,\[Beta]43,\[Beta]44},{0.09205279263762935,-0.7260358960554901,1.3083734718033035,0.585959131834512,-0.28118848255033796,-0.24098082422513967,0.17935256355886534,3.537110051848152,-2.5371083202115265,0.1276230749665571,0.6534037845161975,-0.27389141578595716,0.10220814890296293,0.03328038054762479,1.5164866696825188,-0.6194877529360484,0.019859003865667316,-1.4562954374511468,-0.5412557211854213,0.7345287158521815,-2.888243580386999,0.47534348652417335,-2.3901310540989824,-0.4076085941877574,-1.4419077556388369,1.8484929649440265,0.5634211306140638,0.030165123945536606,2.257283329689471,-1.8358689168985378,2.088392072503667,-1.509614494906954,2.3752220925299485,-2.6175331596393483,0.7529438411654368,-0.511991834784122,-1.2580419337821203,1.836678742771776,-2.0890794495751557,1.5101075932743204,1.5935640491745722,-2.108793887108535,0.2015700429883644,0.31176747053019066}]

Max g: 0.06524761051176009
f_11([0.0928067,-0.727251,1.30849,0.587522,-0.280062,-0.239357,0.195103,3.53697,-2.53697,0.123632,0.648269,-0.284499,0.106174,0.0320386,1.51559,-0.618519,0.0199747,-1.45573,-0.539678,0.75837,-2.89061,0.49525,-2.37593,-0.414932,-1.44209,1.84874,0.561545,0.0318056,2.25543,-1.83414,2.08768,-1.50881,2.40565,-2.65904,0.811139,-0.558654,-1.25542,1.83439,-2.08798,1.50899,1.6358,-2.17593,0.285789,0.252867])
6.51379535833515
Max g: 0.05478933516130868
f_12([0.0939096,-0.727708,1.30765,0.589175,-0.279536,-0.239344,0.210072,3.53659,-2.53659,0.119308,0.642822,-0.294672,0.110039,0.0312853,1.5147,-0.617515,0.019909,-1.45483,-0.538305,0.780334,-2.89243,0.514055,-2.36249,-0.421871,-1.4421,1.84909,0.559431,0.0333488,2.25249,-1.83073,2.08357,-1.50522,2.43266,-2.69635,0.864637,-0.601689,-1.25325,1.83122,-2.08378,1.50537,1.67478,-2.23867,0.365182,0.197359])
6.3809622142936355
Max g: 0.04493031950772641
f_13([0.0948479,-0.729591,1.30738,0.590711,-0.279237,-0.239043,0.224258,3.5361,-2.5361,0.114776,0.637435,-0.303733,0.113531,0.03018,1.51388,-0.618079,0.01976,-1.4555,-0.537349,0.802007,-2.89701,0.53174,-2.35134,-0.429387,-1.44188,1.84917,0.557745,0.0347236,2.24923,-1.8271,2.07886,-1.50086,2.45587,-2.72894,0.912833,-0.640366,-1.24985,1.82781,-2.07953,1.50136,1.71045,-2.29571,0.439971,0.144209])
6.260159616980433
Max g: 0.03586349400060307
f_14([0.09561,-0.730628,1.30722,0.592441,-0.280457,-0.240017,0.238186,3.53602,-2.53602,0.111184,0.632301,-0.313987,0.117247,0.0287559,1.51284,-0.619445,0.0193813,-1.45574,-0.536672,0.821659,-2.90059,0.548327,-2.3408,-0.436034,-1.44138,1.84901,0.556264,0.0361449,2.24469,-1.82151,2.07363,-1.49657,2.47566,-2.75707,0.958093,-0.677045,-1.2456,1.82256,-2.07404,1.49685,1.74315,-2.34883,0.51145,0.0933322])
6.154867476606208
Max g: 0.027167645946489127
f_15([0.0960465,-0.73171,1.30836,0.592649,-0.280864,-0.23993,0.251881,3.53618,-2.53618,0.105522,0.627493,-0.322827,0.120439,0.0270611,1.51302,-0.619575,0.0193217,-1.45697,-0.536172,0.841924,-2.90605,0.565049,-2.33149,-0.443372,-1.44069,1.8486,0.554553,0.0373331,2.23963,-1.81541,2.06626,-1.49029,2.49315,-2.78236,0.999577,-0.710635,-1.24085,1.81676,-2.0671,1.49094,1.77405,-2.39896,0.580883,0.0434484])
6.044902313949087
Max g: 0.018778407305352518
f_16([0.096629,-0.732236,1.30809,0.593062,-0.280433,-0.239284,0.262599,3.53627,-2.53628,0.101687,0.622881,-0.329819,0.12304,0.026198,1.51227,-0.619959,0.0190315,-1.45697,-0.535637,0.857645,-2.91004,0.577722,-2.32358,-0.449164,-1.44063,1.84886,0.553411,0.0383076,2.23615,-1.81115,2.06008,-1.48493,2.50697,-2.80202,1.03182,-0.736813,-1.23666,1.8116,-2.06046,1.48522,1.79845,-2.43842,0.634727,0.00485531])
5.957904558682376
Max g: 0.012056395555905874
f_17([0.0967777,-0.73236,1.30865,0.593326,-0.280494,-0.239111,0.27147,3.53576,-2.53576,0.0987493,0.618344,-0.335177,0.125095,0.0256809,1.51161,-0.620259,0.0191129,-1.45738,-0.535287,0.871084,-2.91421,0.588129,-2.31712,-0.454279,-1.44051,1.84892,0.552415,0.0390833,2.23288,-1.80718,2.05482,-1.48045,2.51762,-2.81732,1.05715,-0.757405,-1.23316,1.8074,-2.05498,1.48058,1.81813,-2.47025,0.678653,-0.0267674])
5.888008076450951
Max g: 0.006684834567445952
f_18([0.0962042,-0.731481,1.3092,0.593269,-0.279364,-0.238056,0.2796,3.53561,-2.53561,0.0973773,0.614668,-0.341964,0.126722,0.0245916,1.51071,-0.619735,0.018938,-1.45689,-0.535166,0.88293,-2.92156,0.594752,-2.31505,-0.458712,-1.44119,1.84919,0.552127,0.0398588,2.22859,-1.8038,2.04949,-1.47438,2.52309,-2.82757,1.07893,-0.774184,-1.22894,1.80407,-2.04992,1.47473,1.84039,-2.5024,0.71978,-0.0579377])
5.8313352530200655
Max g: 0.0037883767121418277
f_19([0.0972021,-0.732864,1.30896,0.592513,-0.27979,-0.237184,0.288615,3.53554,-2.53554,0.0943449,0.610314,-0.348067,0.129233,0.0240072,1.51024,-0.619796,0.0194093,-1.45745,-0.534919,0.89686,-2.92676,0.605366,-2.30916,-0.464116,-1.44145,1.84983,0.550705,0.0408229,2.22578,-1.80006,2.04355,-1.46928,2.52913,-2.83769,1.10098,-0.792318,-1.22603,1.80024,-2.04373,1.46943,1.86055,-2.53458,0.763893,-0.0898945])
5.771182519378511
Max g: 0.0008279386994840543
f_20([0.0976949,-0.733835,1.30856,0.592846,-0.279808,-0.236432,0.293191,3.53382,-2.53613,0.0912586,0.607006,-0.351609,0.130385,0.0234726,1.51028,-0.619721,0.0199265,-1.45756,-0.534783,0.905044,-2.93059,0.610501,-2.30557,-0.467395,-1.44132,1.84999,0.550056,0.0412511,2.22324,-1.79703,2.04016,-1.46639,2.5333,-2.8442,1.1134,-0.802418,-1.2235,1.79735,-2.04036,1.46654,1.87164,-2.55202,0.788353,-0.107866])
5.739167345440362
{0.09769490375342824,-0.7338348189700079,1.3085621643609535,0.5928463477672881,-0.2798077220286615,-0.23643178824163533,0.29319098093634155,3.5338244058067474,-2.536129278180795,0.09125862546657984,0.6070056322201947,-0.3516085011689927,0.1303851669690876,0.023472596004111695,1.5102754315068467,-0.6197213236893434,0.01992654487410085,-1.4575646225530827,-0.5347834464419856,0.9050443146593316,-2.930593637651746,0.6105011140432641,-2.305570451600975,-0.4673945429029853,-1.4413216369562092,1.8499882043092093,0.5500557786898421,0.04125107836901355,2.2232355551865326,-1.7970320508849777,2.0401617666297245,-1.466392854703254,2.533297016681417,-2.8441987067098746,1.1134007006216937,-0.8024184163218863,-1.2235022373892888,1.7973545938621833,-2.04035929436671,1.466540600593343,1.8716424359731023,-2.5520159737986963,0.788353140264991,-0.10786595743750607}]
Set[{A021,A031,A032,A041,A042,A043,A121,A131,A132,A141,A142,A143,B021,B031,B032,B041,B042,B043,B121,B131,B132,B141,B142,B143,\[Alpha]1,\[Alpha]2,\[Alpha]3,\[Alpha]4,\[Beta]11,\[Beta]12,\[Beta]13,\[Beta]14,\[Beta]21,\[Beta]22,\[Beta]23,\[Beta]24,\[Beta]31,\[Beta]32,\[Beta]33,\[Beta]34,\[Beta]41,\[Beta]42,\[Beta]43,\[Beta]44},{0.09769490375342824,-0.7338348189700079,1.3085621643609535,0.5928463477672881,-0.2798077220286615,-0.23643178824163533,0.29319098093634155,3.5338244058067474,-2.536129278180795,0.09125862546657984,0.6070056322201947,-0.3516085011689927,0.1303851669690876,0.023472596004111695,1.5102754315068467,-0.6197213236893434,0.01992654487410085,-1.4575646225530827,-0.5347834464419856,0.9050443146593316,-2.930593637651746,0.6105011140432641,-2.305570451600975,-0.4673945429029853,-1.4413216369562092,1.8499882043092093,0.5500557786898421,0.04125107836901355,2.2232355551865326,-1.7970320508849777,2.0401617666297245,-1.466392854703254,2.533297016681417,-2.8441987067098746,1.1134007006216937,-0.8024184163218863,-1.2235022373892888,1.7973545938621833,-2.04035929436671,1.466540600593343,1.8716424359731023,-2.5520159737986963,0.788353140264991,-0.10786595743750607}]

Max g: 0.00238511200086311
f_21([0.0976851,-0.733609,1.30861,0.592815,-0.281203,-0.236357,0.290913,3.53023,-2.54005,0.0889177,0.604677,-0.353839,0.131033,0.0230834,1.51017,-0.619789,0.0199361,-1.45747,-0.534796,0.904025,-2.92998,0.610009,-2.30606,-0.466875,-1.44126,1.84995,0.549807,0.0415145,2.22378,-1.79781,2.04188,-1.46789,2.53192,-2.84187,1.10819,-0.798161,-1.22392,1.79795,-2.04198,1.46797,1.8696,-2.5493,0.785868,-0.106094])
5.757660582559914
Max g: 0.0017742352450529353
f_22([0.0977444,-0.733575,1.30867,0.592788,-0.281185,-0.236409,0.289017,3.52725,-2.54309,0.0870472,0.602715,-0.355435,0.131589,0.0228382,1.51007,-0.619736,0.0198917,-1.45751,-0.534793,0.903251,-2.92945,0.609565,-2.30627,-0.466538,-1.44121,1.84991,0.549564,0.041725,2.22449,-1.79881,2.04355,-1.46927,2.52991,-2.83891,1.10308,-0.793999,-1.22453,1.79883,-2.04354,1.46926,1.86815,-2.54737,0.783879,-0.10462])
5.777446357757714
Max g: 0.0011421833668188164
f_23([0.0977786,-0.73359,1.30864,0.59282,-0.28114,-0.236437,0.287761,3.52534,-2.54506,0.0858287,0.601538,-0.356478,0.131919,0.0226128,1.50998,-0.619613,0.0198964,-1.45748,-0.534806,0.902753,-2.92921,0.60918,-2.30639,-0.46633,-1.4412,1.84986,0.549466,0.0418707,2.22505,-1.79951,2.04466,-1.47022,2.5282,-2.83653,1.09953,-0.791142,-1.22507,1.79953,-2.04467,1.47022,1.86726,-2.54611,0.782542,-0.103667])
5.787687236377681
Max g: 0.0006781652538045968
f_24([0.0977912,-0.733559,1.30864,0.592831,-0.281163,-0.236486,0.28706,3.52427,-2.54613,0.0851528,0.60085,-0.357004,0.132097,0.0225681,1.5099,-0.619616,0.0199026,-1.45742,-0.534808,0.902497,-2.92908,0.609001,-2.30648,-0.466214,-1.44119,1.84986,0.549393,0.0419439,2.2254,-1.79996,2.04531,-1.47075,2.52714,-2.83509,1.09747,-0.789492,-1.22537,1.79993,-2.04529,1.47074,1.86682,-2.54548,0.781801,-0.10313])
5.793752222744846
Max g: 0.00041519179894322633
f_25([0.0977822,-0.733536,1.30866,0.592865,-0.281171,-0.236494,0.286602,3.52359,-2.54684,0.0847351,0.600432,-0.357385,0.132203,0.022486,1.50986,-0.619586,0.0199165,-1.45742,-0.534809,0.902354,-2.92902,0.608875,-2.30653,-0.466148,-1.44122,1.84985,0.549373,0.041995,2.22562,-1.80026,2.04575,-1.47112,2.52637,-2.83407,1.0961,-0.788392,-1.22561,1.80025,-2.04575,1.47112,1.86654,-2.54507,0.781331,-0.102793])
5.798425245027744
Max g: 0.00022095226797969048
f_26([0.0977978,-0.733537,1.30866,0.592861,-0.281209,-0.236494,0.286027,3.52274,-2.54774,0.0841679,0.599854,-0.357776,0.132332,0.0224241,1.50981,-0.619648,0.0199073,-1.45737,-0.534815,0.902162,-2.92896,0.608711,-2.3066,-0.466072,-1.4412,1.84983,0.549326,0.0420444,2.22591,-1.80064,2.04626,-1.47155,2.52544,-2.83281,1.09439,-0.787019,-1.22589,1.80061,-2.04627,1.47156,1.86618,-2.54454,0.780709,-0.10235])
5.802104007250451
Max g: 9.422315577822804e-6
f_27([0.0978025,-0.733518,1.30866,0.592878,-0.281267,-0.236528,0.285761,3.52233,-2.54814,0.0839078,0.599592,-0.357968,0.132391,0.0223987,1.5098,-0.619669,0.0198867,-1.4574,-0.534817,0.902068,-2.92892,0.608622,-2.30661,-0.466038,-1.4412,1.84984,0.549299,0.0420661,2.22603,-1.80079,2.04651,-1.47175,2.52499,-2.83221,1.09357,-0.786359,-1.22603,1.80079,-2.0465,1.47174,1.86603,-2.54431,0.780443,-0.102159])
5.804689083406947
Max g: 0.00015330463922658133
f_28([0.0978014,-0.733523,1.30866,0.592877,-0.281267,-0.236527,0.285836,3.52245,-2.54803,0.0839783,0.59966,-0.357912,0.132375,0.0224079,1.5098,-0.61967,0.0198878,-1.4574,-0.534816,0.902096,-2.92893,0.608648,-2.3066,-0.466047,-1.44121,1.84984,0.549309,0.0420601,2.22599,-1.80073,2.04643,-1.47169,2.52513,-2.8324,1.0938,-0.786548,-1.22599,1.80073,-2.04643,1.47169,1.86607,-2.54438,0.78052,-0.102214])
5.803893675358794
Max g: 0.0001103215862678919
f_29([0.0978,-0.733522,1.30866,0.592879,-0.281265,-0.236528,0.285883,3.52252,-2.54795,0.0840242,0.599703,-0.357871,0.132362,0.0224106,1.5098,-0.619672,0.0198889,-1.4574,-0.534816,0.902112,-2.92894,0.608658,-2.3066,-0.466054,-1.4412,1.84983,0.549315,0.0420551,2.22596,-1.8007,2.04639,-1.47165,2.52521,-2.8325,1.09394,-0.786661,-1.22596,1.8007,-2.04639,1.47165,1.86609,-2.54441,0.780567,-0.102248])
5.803495971334718
Max g: 8.309847635090684e-5
f_30([0.0977972,-0.733518,1.30865,0.59288,-0.281263,-0.236529,0.285937,3.5226,-2.54787,0.0840727,0.599756,-0.357827,0.132347,0.0224158,1.50981,-0.619676,0.0198882,-1.4574,-0.534816,0.90213,-2.92895,0.60867,-2.30659,-0.466062,-1.4412,1.84983,0.549321,0.0420491,2.22594,-1.80067,2.04634,-1.47161,2.52529,-2.83261,1.09411,-0.786791,-1.22594,1.80067,-2.04634,1.47161,1.86613,-2.54446,0.780625,-0.10229])
5.802799989292584
{0.09779715380618884,-0.7335181885603108,1.3086547699917674,0.5928795369294005,-0.2812629119019791,-0.23652850630826142,0.285937272903012,3.5225965424083214,-2.5478694587957427,0.08407270755167706,0.5997555874245477,-0.3578265650342901,0.13234723514000507,0.022415847942196556,1.5098082991130894,-0.6196760285912599,0.019888218955110677,-1.4574028432153225,-0.5348159010919294,0.9021300691233581,-2.928945675093155,0.6086704658453602,-2.306588631990474,-0.4660624803470155,-1.4412017051890007,1.8498324669113027,0.5493205142006133,0.042049050878263834,2.225937248723762,-1.8006656700045585,2.0463406141519394,-1.4716111165115964,2.525293838998221,-2.8326110617031057,1.0941051552122405,-0.7867905065079636,-1.2259378473825047,1.8006665839457592,-2.046340907538618,1.4716113332958636,1.8661261902406843,-2.5444617286867977,0.7806245659205334,-0.10229006152262447}]
Set[{A021,A031,A032,A041,A042,A043,A121,A131,A132,A141,A142,A143,B021,B031,B032,B041,B042,B043,B121,B131,B132,B141,B142,B143,\[Alpha]1,\[Alpha]2,\[Alpha]3,\[Alpha]4,\[Beta]11,\[Beta]12,\[Beta]13,\[Beta]14,\[Beta]21,\[Beta]22,\[Beta]23,\[Beta]24,\[Beta]31,\[Beta]32,\[Beta]33,\[Beta]34,\[Beta]41,\[Beta]42,\[Beta]43,\[Beta]44},{0.09779715380618884,-0.7335181885603108,1.3086547699917674,0.5928795369294005,-0.2812629119019791,-0.23652850630826142,0.285937272903012,3.5225965424083214,-2.5478694587957427,0.08407270755167706,0.5997555874245477,-0.3578265650342901,0.13234723514000507,0.022415847942196556,1.5098082991130894,-0.6196760285912599,0.019888218955110677,-1.4574028432153225,-0.5348159010919294,0.9021300691233581,-2.928945675093155,0.6086704658453602,-2.306588631990474,-0.4660624803470155,-1.4412017051890007,1.8498324669113027,0.5493205142006133,0.042049050878263834,2.225937248723762,-1.8006656700045585,2.0463406141519394,-1.4716111165115964,2.525293838998221,-2.8326110617031057,1.0941051552122405,-0.7867905065079636,-1.2259378473825047,1.8006665839457592,-2.046340907538618,1.4716113332958636,1.8661261902406843,-2.5444617286867977,0.7806245659205334,-0.10229006152262447}]

Max g: 5.2265643913695925e-5
f_31([0.0977966,-0.733519,1.30865,0.592878,-0.281264,-0.236528,0.285979,3.52266,-2.54781,0.0841151,0.599792,-0.357794,0.132337,0.0224187,1.50981,-0.619677,0.0198884,-1.4574,-0.534816,0.902147,-2.92895,0.608683,-2.30658,-0.46607,-1.4412,1.84983,0.549324,0.0420448,2.22592,-1.80064,2.0463,-1.47158,2.52536,-2.8327,1.09423,-0.786889,-1.22592,1.80064,-2.04631,1.47158,1.86615,-2.5445,0.78067,-0.102323])
5.802402285268508
Max g: 2.805654619675302e-5
f_32([0.0977958,-0.733519,1.30865,0.592878,-0.281264,-0.236527,0.286003,3.5227,-2.54777,0.0841386,0.599814,-0.357776,0.132331,0.0224211,1.50982,-0.619677,0.0198876,-1.4574,-0.534815,0.902156,-2.92896,0.608689,-2.30658,-0.466074,-1.4412,1.84983,0.549327,0.0420424,2.22591,-1.80063,2.04628,-1.47156,2.52539,-2.83275,1.0943,-0.786945,-1.22591,1.80063,-2.04628,1.47156,1.86617,-2.54452,0.780694,-0.10234])
5.802302859262489
Max g: 1.4315384024632394e-5
f_33([0.0977954,-0.73352,1.30866,0.592877,-0.281266,-0.236525,0.286022,3.52272,-2.54774,0.0841568,0.599833,-0.35776,0.132326,0.0224237,1.50982,-0.619676,0.019888,-1.4574,-0.534815,0.902163,-2.92896,0.608694,-2.30658,-0.466077,-1.4412,1.84983,0.549329,0.0420404,2.2259,-1.80062,2.04627,-1.47155,2.52542,-2.83279,1.09436,-0.786991,-1.2259,1.80062,-2.04627,1.47155,1.86618,-2.54454,0.780714,-0.102355])
5.802203433256469
Max g: 3.166706471713354e-6
{0.09779547686229438,-0.7335204432676663,1.3086550773068069,0.5928767245603178,-0.28126590300908894,-0.2365253327639701,0.2860226090217807,3.522725316960166,-2.547738153015244,0.08415719966236582,0.5998339682920452,-0.35775957477019515,0.1323261885243211,0.02242368886834838,1.5098168969745902,-0.6196763620902593,0.019888136527762418,-1.4574043226080367,-0.5348152988414818,0.9021632575565607,-2.9289620638813667,0.6086945148415865,-2.3065781722970344,-0.4660770396213027,-1.4412022302867538,1.8498331693775498,0.5493286955137856,0.0420403549184364,2.2258984809102023,-1.8006161561457397,2.0462650405875937,-1.4715474773360047,2.5254248041138387,-2.8327894472798123,1.0943570654540156,-0.7869925786896809,-1.2258982268765,1.8006156489936735,-2.046264979417903,1.471547467257007,1.866179958145098,-2.5445398579046246,0.7807149130509735,-0.10235518930331573}]
Set[{A021,A031,A032,A041,A042,A043,A121,A131,A132,A141,A142,A143,B021,B031,B032,B041,B042,B043,B121,B131,B132,B141,B142,B143,\[Alpha]1,\[Alpha]2,\[Alpha]3,\[Alpha]4,\[Beta]11,\[Beta]12,\[Beta]13,\[Beta]14,\[Beta]21,\[Beta]22,\[Beta]23,\[Beta]24,\[Beta]31,\[Beta]32,\[Beta]33,\[Beta]34,\[Beta]41,\[Beta]42,\[Beta]43,\[Beta]44},{0.09779547686229438,-0.7335204432676663,1.3086550773068069,0.5928767245603178,-0.28126590300908894,-0.2365253327639701,0.2860226090217807,3.522725316960166,-2.547738153015244,0.08415719966236582,0.5998339682920452,-0.35775957477019515,0.1323261885243211,0.02242368886834838,1.5098168969745902,-0.6196763620902593,0.019888136527762418,-1.4574043226080367,-0.5348152988414818,0.9021632575565607,-2.9289620638813667,0.6086945148415865,-2.3065781722970344,-0.4660770396213027,-1.4412022302867538,1.8498331693775498,0.5493286955137856,0.0420403549184364,2.2258984809102023,-1.8006161561457397,2.0462650405875937,-1.4715474773360047,2.5254248041138387,-2.8327894472798123,1.0943570654540156,-0.7869925786896809,-1.2258982268765,1.8006156489936735,-2.046264979417903,1.471547467257007,1.866179958145098,-2.5445398579046246,0.7807149130509735,-0.10235518930331573}]


-----------------Final Result------------------
Options: alg=LN_AUGLAG_EQ,dx=0.01,max_eval=100000000,popSize=0
imin=-12,jmin=-1,imax=1,jmax=1,
parameter_minmax=5,
randSeed=79850293,rand_minmax=2

3315948 steps

Completed with maxf : 5.802302859262489

Constraints at 2.8074016f-6

x = [0.09779547686229438,-0.7335204432676663,1.3086550773068069,0.5928767245603178,-0.28126590300908894,-0.2365253327639701,0.2860226090217807,3.522725316960166,-2.547738153015244,0.08415719966236582,0.5998339682920452,-0.35775957477019515,0.1323261885243211,0.02242368886834838,1.5098168969745902,-0.6196763620902593,0.019888136527762418,-1.4574043226080367,-0.5348152988414818,0.9021632575565607,-2.9289620638813667,0.6086945148415865,-2.3065781722970344,-0.4660770396213027,-1.4412022302867538,1.8498331693775498,0.5493286955137856,0.0420403549184364,2.2258984809102023,-1.8006161561457397,2.0462650405875937,-1.4715474773360047,2.5254248041138387,-2.8327894472798123,1.0943570654540156,-0.7869925786896809,-1.2258982268765,1.8006156489936735,-2.046264979417903,1.471547467257007,1.866179958145098,-2.5445398579046246,0.7807149130509735,-0.10235518930331573]
c0 = [0.0,0.09779547686229438,0.5751346340391406,0.07508548878725879]
c1 = [0.0,0.2860226090217807,0.9749871639449221,0.3262315931842158]
A0 = [0.0,0.09779547686229438,-0.7335204432676663,0.5928767245603178,0.0,0.0,1.3086550773068069,-0.28126590300908894,0.0,0.0,0.0,-0.2365253327639701,0.0,0.0,0.0,0.0]
A1 = [0.0,0.2860226090217807,3.522725316960166,0.08415719966236582,0.0,0.0,-2.547738153015244,0.5998339682920452,0.0,0.0,0.0,-0.35775957477019515,0.0,0.0,0.0,0.0]
B0 = [0.0,0.1323261885243211,0.02242368886834838,-0.6196763620902593,0.0,0.0,1.5098168969745902,0.019888136527762418,0.0,0.0,0.0,-1.4574043226080367,0.0,0.0,0.0,0.0]
B1 = [0.0,-0.5348152988414818,0.9021632575565607,0.6086945148415865,0.0,0.0,-2.9289620638813667,-2.3065781722970344,0.0,0.0,0.0,-0.4660770396213027,0.0,0.0,0.0,0.0]
α  = [-1.4412022302867538,1.8498331693775498,0.5493286955137856,0.0420403549184364]
β1 = [2.2258984809102023,-1.8006161561457397,2.0462650405875937,-1.4715474773360047]
β2 = [2.5254248041138387,-2.8327894472798123,1.0943570654540156,-0.7869925786896809]
β3 = [-1.2258982268765,1.8006156489936735,-2.046264979417903,1.471547467257007]
β4 = [1.866179958145098,-2.5445398579046246,0.7807149130509735,-0.10235518930331573]


Set[{A021,A031,A032,A041,A042,A043,A121,A131,A132,A141,A142,A143,B021,B031,B032,B041,B042,B043,B121,B131,B132,B141,B142,B143,\[Alpha]1,\[Alpha]2,\[Alpha]3,\[Alpha]4,\[Beta]11,\[Beta]12,\[Beta]13,\[Beta]14,\[Beta]21,\[Beta]22,\[Beta]23,\[Beta]24,\[Beta]31,\[Beta]32,\[Beta]33,\[Beta]34,\[Beta]41,\[Beta]42,\[Beta]43,\[Beta]44},{0.09779547686229438,-0.7335204432676663,1.3086550773068069,0.5928767245603178,-0.28126590300908894,-0.2365253327639701,0.2860226090217807,3.522725316960166,-2.547738153015244,0.08415719966236582,0.5998339682920452,-0.35775957477019515,0.1323261885243211,0.02242368886834838,1.5098168969745902,-0.6196763620902593,0.019888136527762418,-1.4574043226080367,-0.5348152988414818,0.9021632575565607,-2.9289620638813667,0.6086945148415865,-2.3065781722970344,-0.4660770396213027,-1.4412022302867538,1.8498331693775498,0.5493286955137856,0.0420403549184364,2.2258984809102023,-1.8006161561457397,2.0462650405875937,-1.4715474773360047,2.5254248041138387,-2.8327894472798123,1.0943570654540156,-0.7869925786896809,-1.2258982268765,1.8006156489936735,-2.046264979417903,1.471547467257007,1.866179958145098,-2.5445398579046246,0.7807149130509735,-0.10235518930331573}]



