
-----------------Setup------------------
Options: alg=LN_AUGLAG_EQ,dx=0.01,max_eval=100000000,popSize=0
imin=-12,jmin=-1,imax=1,jmax=1,
parameter_minmax=5,
randSeed=47115344, rand_minmax=2

Initial Condition:

[1.6598,1.36854,0.343328,-1.07259,0.849097,1.24943,1.64923,1.97435,1.44321,-1.12197,1.97648,-1.93175,1.75573,0.614124,-1.23452,-1.67359,1.99365,0.829537,-1.93115,0.638375,0.824399,1.34557,-1.8679,0.213273,0.846129,1.8298,-1.97535,0.433041,1.6645,-0.439172,-0.709707,1.06243,1.65465,1.67866,1.50998,-1.07105,-0.510453,1.22828,-0.376775,-0.336369,0.873421,-0.96664,-1.46654,-0.503888]

f_1([0.932483,0.730162,-0.166508,-1.44154,0.799456,1.12384,0.29059,0.543706,0.261139,0.181283,0.85944,-0.367744,0.76015,0.562028,-1.63058,-2.33235,4.39637,0.740423,0.853271,2.07959,-0.111521,0.716538,0.921434,0.010491,0.629666,1.14757,-1.58702,-0.0932941,1.06414,-0.366842,-1.06064,0.686092,0.821924,1.03195,0.361412,-1.53189,0.165343,2.10812,-1.35611,-0.768816,0.865667,1.27051,1.3506,-1.42624])
10.510720800302867
Max g: 2.060535740247571
f_2([0.986398,0.932504,-0.115106,-1.47814,0.712743,1.04089,0.0365866,0.708796,0.291223,0.241974,0.358889,-0.0352779,1.12638,1.17237,-0.536917,-2.75619,1.87601,0.657161,1.19301,1.71245,0.265951,1.10938,0.52412,-0.429291,0.776836,1.63416,-1.35722,-0.0420433,1.11759,-1.44763,0.565167,0.644581,-0.684574,0.90534,-0.345426,0.194463,-0.593129,2.00194,-0.74399,-0.667414,0.928092,0.199911,1.44584,-2.62374])
7.726991483780177
Max g: 0.21850187663898646
f_3([0.995621,0.938863,-0.109696,-1.46354,0.705735,1.04892,0.0454571,1.17116,-0.171157,0.255308,0.354676,-0.0235568,1.12076,1.17112,-0.539452,-2.72928,1.69584,0.555441,1.14116,1.74855,0.193744,1.09194,0.505349,-0.421328,0.76121,1.6385,-1.35736,-0.0397196,1.36215,-1.64062,0.597949,0.647417,-0.980416,1.02111,-0.48089,0.47132,-0.534157,1.90029,-0.6611,-0.719958,0.956871,0.189662,1.41681,-2.56036])
10.808302836318026
Max g: 0.16736272121431484
f_4([0.995288,0.929463,-0.109757,-1.57959,0.697532,1.04342,0.0385879,1.18734,-0.187343,0.266068,0.339522,-0.0207431,1.12329,1.16355,-0.536429,-2.89031,1.70466,0.546901,0.953285,1.5655,0.228597,0.930962,0.483125,-0.383585,0.769506,1.62314,-1.35332,-0.0397294,1.63787,-1.98174,0.644182,0.700512,-1.36651,1.2084,-0.539755,0.697911,-0.581687,1.93956,-0.616987,-0.734786,1.07787,0.0293288,1.47328,-2.58949])
10.551286610758659
Max g: 0.10192012803581996
f_5([0.986642,0.923434,-0.113847,-1.60361,0.712424,1.03971,0.081097,1.24709,-0.247091,0.344533,0.270208,-0.0194743,1.12303,1.1636,-0.534498,-2.90958,1.7097,0.561819,0.700956,1.24772,0.303998,0.736436,0.404823,-0.315961,0.772442,1.62938,-1.36067,-0.0415264,1.9705,-2.47306,0.695554,0.804765,-1.82003,1.88559,-0.460632,0.397749,-0.965669,2.47446,-0.692109,-0.813912,1.5743,-0.415908,1.73757,-2.89915])
9.72286912860754
Max g: 0.08824542512484301
f_6([0.984734,0.919025,-0.115447,-1.60279,0.712012,1.0364,0.132967,1.26026,-0.26025,0.393342,0.24154,-0.0236728,1.12358,1.1694,-0.542121,-2.90359,1.71541,0.552021,0.629349,1.11523,0.315491,0.673958,0.371701,-0.299337,0.779802,1.62721,-1.36488,-0.042391,2.18395,-2.90839,0.804957,0.919028,-2.12027,2.42857,-0.485596,0.178623,-1.17827,2.89913,-0.803234,-0.917033,1.91474,-0.821671,1.96939,-3.06458])
9.376568349643023
Max g: 0.06739910818598038
f_7([0.978778,0.912137,-0.11506,-1.6001,0.719061,1.03726,0.165187,1.25526,-0.255263,0.417089,0.236444,-0.0325239,1.12281,1.16741,-0.542612,-2.90422,1.72335,0.556158,0.595193,1.04298,0.316303,0.639143,0.358139,-0.294506,0.776318,1.62317,-1.35756,-0.0416391,2.31312,-3.2047,0.892181,0.999692,-2.30788,2.80994,-0.51391,0.0123936,-1.31062,3.19812,-0.891913,-0.994925,2.15609,-1.1391,2.14385,-3.16261])
9.355291184354936
Max g: 0.05202295252440109
f_8([0.977961,0.912306,-0.117044,-1.60344,0.717099,1.03932,0.185046,1.24686,-0.246856,0.430752,0.236744,-0.0408004,1.12291,1.16713,-0.543566,-2.90312,1.72888,0.556594,0.574215,0.996457,0.31687,0.61849,0.346994,-0.290044,0.777781,1.62033,-1.35555,-0.0422914,2.40791,-3.42119,0.958029,1.05512,-2.43546,3.07897,-0.53588,-0.10786,-1.4068,3.41568,-0.958719,-1.04978,2.33742,-1.38332,2.27574,-3.23072])
9.398342644961206
Max g: 0.0416994769245133
f_9([0.978132,0.90995,-0.114067,-1.60495,0.717961,1.0405,0.197174,1.23698,-0.236982,0.443153,0.232837,-0.0456039,1.12231,1.1656,-0.542839,-2.90353,1.72935,0.558126,0.561602,0.968443,0.316711,0.606562,0.339537,-0.286917,0.775808,1.62092,-1.35586,-0.0411064,2.47162,-3.56644,1.00251,1.09255,-2.51798,3.25764,-0.551004,-0.189197,-1.4696,3.5594,-1.00292,-1.0867,2.45706,-1.55062,2.36462,-3.27171])
9.49916061506457
Max g: 0.035189988429630656
f_10([0.976557,0.906403,-0.111601,-1.61927,0.710506,1.03965,0.202489,1.22829,-0.228287,0.448347,0.232218,-0.046895,1.12279,1.16295,-0.540417,-2.91733,1.73057,0.554926,0.553387,0.951254,0.31848,0.597759,0.335382,-0.282727,0.775075,1.61864,-1.3534,-0.040249,2.51211,-3.64856,1.02441,1.11146,-2.55684,3.34562,-0.557101,-0.23142,-1.50926,3.64306,-1.02417,-1.10853,2.53574,-1.66202,2.418,-3.29295])
9.574724379639084
{0.9765574517218505,0.9064029116175966,-0.1116011121380476,-1.6192707878684842,0.7105057455679958,1.039652191837892,0.20248939692740253,1.2282874638174162,-0.2282874638174147,0.44834683553919613,0.2322177952762727,-0.04689495977912439,1.1227860397215468,1.1629549496960112,-0.5404167883366571,-2.917331053354658,1.7305729594285755,0.5549256341581721,0.5533873651226249,0.9512535114240043,0.3184799287374636,0.5977589376178823,0.3353816895362975,-0.2827266412131465,0.7750746224199841,1.6186392334551039,-1.353401010951694,-0.040249000103786285,2.512105431253913,-3.648555867198337,1.0244133442322763,1.1114550768625306,-2.5568395706053857,3.345619749229998,-0.5571008447398456,-0.23142018289625105,-1.50925863349044,3.643061137832137,-1.0241666362555473,-1.1085256387287215,2.5357377301173,-1.66202364697297,2.417999140710283,-3.292951363149654}]
Set[{A021,A031,A032,A041,A042,A043,A121,A131,A132,A141,A142,A143,B021,B031,B032,B041,B042,B043,B121,B131,B132,B141,B142,B143,\[Alpha]1,\[Alpha]2,\[Alpha]3,\[Alpha]4,\[Beta]11,\[Beta]12,\[Beta]13,\[Beta]14,\[Beta]21,\[Beta]22,\[Beta]23,\[Beta]24,\[Beta]31,\[Beta]32,\[Beta]33,\[Beta]34,\[Beta]41,\[Beta]42,\[Beta]43,\[Beta]44},{0.9765574517218505,0.9064029116175966,-0.1116011121380476,-1.6192707878684842,0.7105057455679958,1.039652191837892,0.20248939692740253,1.2282874638174162,-0.2282874638174147,0.44834683553919613,0.2322177952762727,-0.04689495977912439,1.1227860397215468,1.1629549496960112,-0.5404167883366571,-2.917331053354658,1.7305729594285755,0.5549256341581721,0.5533873651226249,0.9512535114240043,0.3184799287374636,0.5977589376178823,0.3353816895362975,-0.2827266412131465,0.7750746224199841,1.6186392334551039,-1.353401010951694,-0.040249000103786285,2.512105431253913,-3.648555867198337,1.0244133442322763,1.1114550768625306,-2.5568395706053857,3.345619749229998,-0.5571008447398456,-0.23142018289625105,-1.50925863349044,3.643061137832137,-1.0241666362555473,-1.1085256387287215,2.5357377301173,-1.66202364697297,2.417999140710283,-3.292951363149654}]

Max g: 0.028484068504582738
f_11([0.975406,0.904847,-0.111982,-1.62039,0.709693,1.03468,0.216587,1.22037,-0.220368,0.45775,0.228446,-0.0469392,1.12296,1.16379,-0.540907,-2.9165,1.72899,0.552734,0.537964,0.916215,0.319183,0.582452,0.330246,-0.280195,0.77633,1.61949,-1.35537,-0.040598,2.59989,-3.84581,1.08177,1.164,-2.65465,3.56704,-0.573679,-0.338431,-1.6007,3.84492,-1.08232,-1.16183,2.70377,-1.91154,2.5466,-3.33958])
9.56080473879641
Max g: 0.021372458080373774
f_12([0.974059,0.903644,-0.112917,-1.62352,0.705711,1.03741,0.225827,1.21113,-0.211127,0.466662,0.22406,-0.0482348,1.12325,1.16435,-0.54189,-2.91339,1.7289,0.553577,0.528054,0.893884,0.31846,0.573036,0.325369,-0.278348,0.777108,1.61782,-1.35425,-0.0408091,2.66057,-3.98233,1.12503,1.19678,-2.72872,3.73284,-0.588619,-0.415384,-1.66142,3.98248,-1.12528,-1.19581,2.82023,-2.08554,2.63606,-3.3713])
9.629905812979683
Max g: 0.01602779707220986
f_13([0.972854,0.90283,-0.112399,-1.62338,0.707492,1.03655,0.233442,1.20247,-0.202467,0.473628,0.219579,-0.0483027,1.12351,1.16416,-0.540933,-2.91524,1.73121,0.552761,0.519801,0.875507,0.317637,0.564768,0.321947,-0.277258,0.774946,1.6171,-1.35157,-0.0404256,2.71279,-4.10087,1.16305,1.22496,-2.79315,3.87893,-0.602371,-0.483425,-1.7143,4.10177,-1.16397,-1.2236,2.92368,-2.24185,2.71397,-3.39597])
9.693439030825886
Max g: 0.010968871494501237
f_14([0.971632,0.901685,-0.112034,-1.63812,0.709268,1.00523,0.239968,1.19426,-0.194263,0.48264,0.215588,-0.0506301,1.12382,1.16462,-0.541372,-2.91605,1.73208,0.554456,0.511908,0.856353,0.319311,0.5552,0.318555,-0.273999,0.776528,1.61623,-1.35159,-0.0411409,2.76498,-4.21566,1.19777,1.25282,-2.84056,3.9975,-0.611199,-0.545846,-1.76537,4.21694,-1.19767,-1.25371,3.02748,-2.39572,2.79128,-3.42334])
9.754586024527631
Max g: 0.006407623577089877
f_15([0.9711,0.901946,-0.11258,-1.63827,0.709043,1.00487,0.241415,1.19385,-0.19385,0.485054,0.213569,-0.0503112,1.12376,1.16514,-0.541812,-2.91111,1.73209,0.554552,0.509999,0.852111,0.319432,0.553098,0.317761,-0.273246,0.776036,1.61619,-1.35087,-0.0413254,2.77835,-4.24406,1.20574,1.25987,-2.84918,4.02247,-0.612176,-0.561068,-1.77832,4.24399,-1.20569,-1.25992,3.05319,-2.43425,2.81033,-3.4294])
9.74603538800999
Max g: 0.005638864369760549
f_16([0.970965,0.901706,-0.112612,-1.63816,0.70865,1.00477,0.242707,1.19327,-0.193269,0.486357,0.212791,-0.0503304,1.12376,1.16558,-0.542363,-2.91106,1.7316,0.554679,0.508568,0.848758,0.319473,0.551624,0.317171,-0.272899,0.776186,1.61608,-1.35093,-0.0413333,2.78864,-4.2673,1.21271,1.26586,-2.85933,4.04696,-0.614143,-0.573419,-1.78879,4.26718,-1.21275,-1.26562,3.07288,-2.46474,2.82556,-3.43383])
9.742456051793301
Max g: 0.004936361825966351
f_17([0.970966,0.901757,-0.11258,-1.63774,0.708452,1.00482,0.24339,1.19333,-0.19333,0.48602,0.213246,-0.0502478,1.1238,1.16556,-0.542191,-2.9111,1.73094,0.554658,0.507795,0.846962,0.319479,0.55073,0.316878,-0.272742,0.776148,1.6162,-1.351,-0.0413314,2.79403,-4.2794,1.21659,1.2687,-2.86499,4.06061,-0.615378,-0.580186,-1.79399,4.2792,-1.21657,-1.26862,3.08365,-2.48116,2.83343,-3.43604])
9.7294312450048
Max g: 0.004469509663222043
f_18([0.97087,0.902172,-0.112961,-1.63754,0.708492,1.00482,0.244019,1.19323,-0.193229,0.486167,0.213378,-0.0502412,1.12389,1.16555,-0.541873,-2.91086,1.73087,0.554938,0.507005,0.845201,0.31949,0.55005,0.316371,-0.2725,0.776001,1.61632,-1.35084,-0.0414702,2.79956,-4.29112,1.2203,1.27118,-2.87082,4.07397,-0.616472,-0.586634,-1.79947,4.29099,-1.22025,-1.27122,3.09419,-2.49748,2.84128,-3.43807])
9.7205823304691
Max g: 0.004052187877885471
f_19([0.970924,0.902261,-0.112969,-1.6373,0.70845,1.00476,0.244634,1.19312,-0.193122,0.48624,0.213466,-0.0501474,1.12394,1.16557,-0.541746,-2.91106,1.73043,0.554791,0.506286,0.843592,0.319447,0.549158,0.316389,-0.272488,0.776031,1.61651,-1.35107,-0.0414865,2.8046,-4.30223,1.2238,1.27377,-2.87639,4.08695,-0.617577,-0.592946,-1.80463,4.30236,-1.22383,-1.27386,3.10417,-2.51301,2.84895,-3.44021])
9.713125380017667
Max g: 0.0036689366016696146
f_20([0.971103,0.902368,-0.112853,-1.63722,0.70863,1.00477,0.245133,1.19318,-0.193184,0.486427,0.213578,-0.0502295,1.12392,1.16545,-0.541689,-2.91073,1.73017,0.554651,0.505631,0.842112,0.319525,0.548548,0.316067,-0.272308,0.775926,1.6164,-1.3509,-0.0414333,2.80917,-4.31199,1.22669,1.2761,-2.8813,4.09812,-0.618454,-0.598319,-1.80914,4.31201,-1.22667,-1.27615,3.11279,-2.52642,2.8553,-3.44176])
9.705071873530121
{0.9711031376748166,0.9023682069754122,-0.11285295365710689,-1.637220568650121,0.7086296412040494,1.0047733366509015,0.24513334145468318,1.1931847269373177,-0.1931843683736731,0.4864269590495866,0.21357830675513625,-0.05022948892474015,1.1239198545065625,1.165447428560552,-0.5416889762108448,-2.910731868014904,1.7301747896668758,0.5546512570011866,0.5056309305808141,0.8421124223402515,0.3195245816227912,0.5485477882861064,0.3160666040633962,-0.2723075366148965,0.7759259801164154,1.6163990923403984,-1.350897165738492,-0.041433348602464115,2.8091745801053074,-4.311988122749929,1.2266896224256887,1.276103229780529,-2.881296860035105,4.098118615029199,-0.6184541957074061,-0.5983194607504965,-1.8091398686094189,4.3120062664391865,-1.226671088626849,-1.2761527652421143,3.1127917053241356,-2.5264161166757,2.85530072157214,-3.4417645951556155}]
Set[{A021,A031,A032,A041,A042,A043,A121,A131,A132,A141,A142,A143,B021,B031,B032,B041,B042,B043,B121,B131,B132,B141,B142,B143,\[Alpha]1,\[Alpha]2,\[Alpha]3,\[Alpha]4,\[Beta]11,\[Beta]12,\[Beta]13,\[Beta]14,\[Beta]21,\[Beta]22,\[Beta]23,\[Beta]24,\[Beta]31,\[Beta]32,\[Beta]33,\[Beta]34,\[Beta]41,\[Beta]42,\[Beta]43,\[Beta]44},{0.9711031376748166,0.9023682069754122,-0.11285295365710689,-1.637220568650121,0.7086296412040494,1.0047733366509015,0.24513334145468318,1.1931847269373177,-0.1931843683736731,0.4864269590495866,0.21357830675513625,-0.05022948892474015,1.1239198545065625,1.165447428560552,-0.5416889762108448,-2.910731868014904,1.7301747896668758,0.5546512570011866,0.5056309305808141,0.8421124223402515,0.3195245816227912,0.5485477882861064,0.3160666040633962,-0.2723075366148965,0.7759259801164154,1.6163990923403984,-1.350897165738492,-0.041433348602464115,2.8091745801053074,-4.311988122749929,1.2266896224256887,1.276103229780529,-2.881296860035105,4.098118615029199,-0.6184541957074061,-0.5983194607504965,-1.8091398686094189,4.3120062664391865,-1.226671088626849,-1.2761527652421143,3.1127917053241356,-2.5264161166757,2.85530072157214,-3.4417645951556155}]

Max g: 0.003286529380730069
f_21([0.970999,0.902386,-0.112989,-1.63734,0.708633,1.00492,0.245572,1.19306,-0.193059,0.48657,0.213481,-0.0501003,1.12396,1.16561,-0.541729,-2.91071,1.73022,0.554557,0.505114,0.840941,0.319515,0.548001,0.315874,-0.272197,0.775936,1.61647,-1.35092,-0.0414784,2.8128,-4.32005,1.22921,1.278,-2.88527,4.10739,-0.619275,-0.602796,-1.81279,4.32009,-1.22919,-1.27805,3.11993,-2.53748,2.86077,-3.44331])
9.700299425241203
Max g: 0.002977996708779851
f_22([0.970943,0.9024,-0.113042,-1.63732,0.708771,1.00494,0.245977,1.19296,-0.192962,0.486607,0.213535,-0.050057,1.12397,1.16565,-0.541707,-2.91082,1.73013,0.554554,0.504632,0.839874,0.319491,0.547483,0.315706,-0.272113,0.775932,1.61657,-1.35102,-0.0414956,2.81622,-4.32758,1.2316,1.27972,-2.88897,4.11596,-0.620031,-0.606924,-1.81625,4.32766,-1.23158,-1.27981,3.12667,-2.54774,2.86574,-3.44472])
9.696521237012478
Max g: 0.0027020938384533233
f_23([0.970728,0.902242,-0.113099,-1.63747,0.708862,1.00515,0.24637,1.19288,-0.19288,0.486712,0.213488,-0.0499478,1.124,1.16577,-0.541726,-2.91083,1.72998,0.554477,0.504171,0.838817,0.319488,0.546992,0.315545,-0.27203,0.775881,1.61663,-1.351,-0.0415078,2.81946,-4.33472,1.23387,1.28137,-2.89244,4.1242,-0.620741,-0.610991,-1.81948,4.33484,-1.23388,-1.28143,3.13315,-2.55788,2.87068,-3.446])
9.69085395466939
Max g: 0.0024415435279878106
f_24([0.97074,0.902165,-0.112924,-1.63772,0.708809,1.00511,0.246737,1.19282,-0.192822,0.486834,0.213574,-0.0499963,1.12396,1.16578,-0.541748,-2.9107,1.72996,0.554534,0.503732,0.83784,0.319467,0.546648,0.315216,-0.271875,0.775693,1.61666,-1.35093,-0.0414413,2.82259,-4.34156,1.23601,1.28292,-2.89588,4.13215,-0.621445,-0.614784,-1.82259,4.3416,-1.23602,-1.28296,3.13917,-2.56735,2.87532,-3.44721])
9.686678062416588
Max g: 0.002178429566746354
f_25([0.970673,0.901971,-0.112865,-1.63782,0.708935,1.00517,0.247054,1.19279,-0.192787,0.486952,0.21349,-0.0498811,1.12391,1.16571,-0.541793,-2.91055,1.72994,0.55445,0.503388,0.837043,0.31945,0.546291,0.315104,-0.271815,0.775774,1.61668,-1.35104,-0.0414193,2.82518,-4.3473,1.2378,1.28429,-2.89859,4.1386,-0.622029,-0.617954,-1.82515,4.34728,-1.23781,-1.28429,3.14413,-2.57524,2.87923,-3.44816])
9.682899874187862
Max g: 0.0019665744197824853
f_26([0.970656,0.901934,-0.113031,-1.63766,0.71342,1.00486,0.247293,1.19261,-0.192609,0.487352,0.213477,-0.0501474,1.12395,1.16556,-0.541696,-2.91131,1.73003,0.55438,0.503108,0.836406,0.319428,0.545947,0.315115,-0.271802,0.775867,1.6165,-1.35091,-0.0414143,2.82726,-4.35193,1.23921,1.28544,-2.90074,4.14357,-0.622475,-0.620316,-1.82722,4.35171,-1.23922,-1.28524,3.14809,-2.58141,2.88245,-3.44918])
9.680712502055442
Max g: 0.0018258967156507266
f_27([0.97061,0.901913,-0.113017,-1.63776,0.713496,1.0048,0.24779,1.19239,-0.192389,0.487485,0.213346,-0.0499705,1.12396,1.16544,-0.541482,-2.91125,1.73002,0.554522,0.502528,0.835085,0.319413,0.545411,0.314756,-0.271629,0.775747,1.61656,-1.35089,-0.0414107,2.83141,-4.36109,1.24217,1.28747,-2.90525,4.15424,-0.623404,-0.625572,-1.83147,4.3611,-1.24219,-1.28741,3.15632,-2.59415,2.88867,-3.45087])
9.678127425898944
Max g: 0.0014901790525256864
f_28([0.970772,0.902092,-0.113027,-1.63767,0.713573,1.00484,0.248215,1.19234,-0.192342,0.487599,0.213363,-0.0499763,1.12398,1.16548,-0.541493,-2.91116,1.72984,0.554241,0.502025,0.833952,0.319397,0.544897,0.314476,-0.271491,0.775823,1.6166,-1.35098,-0.0414265,2.83493,-4.36895,1.24471,1.28927,-2.90907,4.16333,-0.624229,-0.630029,-1.83503,4.36907,-1.24475,-1.28927,3.16357,-2.60523,2.89396,-3.45234])
9.672261291543819
Max g: 0.0011831275343535952
f_29([0.970885,0.902202,-0.11302,-1.63769,0.71358,1.00476,0.248615,1.19219,-0.192194,0.487779,0.2134,-0.0500624,1.12397,1.16537,-0.541384,-2.91115,1.7298,0.55432,0.501559,0.83289,0.319388,0.544367,0.314324,-0.271416,0.775838,1.61664,-1.35105,-0.0414264,2.83831,-4.37649,1.24711,1.29107,-2.91272,4.17196,-0.624999,-0.634234,-1.83833,4.37647,-1.24715,-1.29097,3.1703,-2.61558,2.89889,-3.45363])
9.669079659351208
Max g: 0.0009242045750324501
f_30([0.970698,0.902058,-0.113067,-1.63771,0.713837,1.00473,0.248999,1.19206,-0.192065,0.487885,0.213321,-0.0499422,1.124,1.16527,-0.541244,-2.91106,1.72976,0.554404,0.501102,0.831847,0.319391,0.543868,0.314177,-0.271334,0.775793,1.61658,-1.35092,-0.0414364,2.84158,-4.38369,1.24943,1.29267,-2.91623,4.18024,-0.625724,-0.638272,-1.84164,4.38376,-1.24944,-1.29267,3.1768,-2.62568,2.90381,-3.45495])
9.664207785056272
{0.9706978816558628,0.9020580928603031,-0.11306691159966384,-1.6377073156886923,0.7138368790085224,1.004726733583098,0.2489989863662602,1.192064811640883,-0.19206481164088096,0.48788467570673155,0.21332113729923943,-0.04994218058920058,1.1239967302058222,1.1652697086466666,-0.541243950819096,-2.9110600763754557,1.729759772091878,0.5544036987915463,0.5011024076531463,0.8318467466918376,0.3193905309335832,0.5438682100869903,0.31417695745340235,-0.2713342423240553,0.7757926496119496,1.6165834807817467,-1.350921325698085,-0.04143637458168382,2.8415806154243484,-4.383688619658093,1.2494284523815358,1.2926684707150256,-2.9162331118967257,4.180243216565008,-0.6257243646310406,-0.6382719146422294,-1.8416424527396615,4.383757814093071,-1.2494431976830183,-1.2926671663546696,3.1768047665677495,-2.62568120833812,2.9038060972242357,-3.454953497613597}]
Set[{A021,A031,A032,A041,A042,A043,A121,A131,A132,A141,A142,A143,B021,B031,B032,B041,B042,B043,B121,B131,B132,B141,B142,B143,\[Alpha]1,\[Alpha]2,\[Alpha]3,\[Alpha]4,\[Beta]11,\[Beta]12,\[Beta]13,\[Beta]14,\[Beta]21,\[Beta]22,\[Beta]23,\[Beta]24,\[Beta]31,\[Beta]32,\[Beta]33,\[Beta]34,\[Beta]41,\[Beta]42,\[Beta]43,\[Beta]44},{0.9706978816558628,0.9020580928603031,-0.11306691159966384,-1.6377073156886923,0.7138368790085224,1.004726733583098,0.2489989863662602,1.192064811640883,-0.19206481164088096,0.48788467570673155,0.21332113729923943,-0.04994218058920058,1.1239967302058222,1.1652697086466666,-0.541243950819096,-2.9110600763754557,1.729759772091878,0.5544036987915463,0.5011024076531463,0.8318467466918376,0.3193905309335832,0.5438682100869903,0.31417695745340235,-0.2713342423240553,0.7757926496119496,1.6165834807817467,-1.350921325698085,-0.04143637458168382,2.8415806154243484,-4.383688619658093,1.2494284523815358,1.2926684707150256,-2.9162331118967257,4.180243216565008,-0.6257243646310406,-0.6382719146422294,-1.8416424527396615,4.383757814093071,-1.2494431976830183,-1.2926671663546696,3.1768047665677495,-2.62568120833812,2.9038060972242357,-3.454953497613597}]

Max g: 0.0006599825280125815
f_31([0.97071,0.901979,-0.113041,-1.63787,0.713705,1.00468,0.249348,1.19207,-0.192074,0.487877,0.21341,-0.0499198,1.12396,1.16509,-0.541193,-2.91098,1.72985,0.554377,0.500656,0.830872,0.319371,0.543445,0.313903,-0.271203,0.775896,1.61649,-1.35093,-0.0414304,2.84478,-4.39067,1.25162,1.29428,-2.91968,4.18818,-0.62642,-0.642079,-1.84479,4.39067,-1.25164,-1.29423,3.18316,-2.63533,2.90835,-3.4562])
9.65873935472522
Max g: 0.0004088597673194694
f_32([0.970589,0.90194,-0.113163,-1.63787,0.713566,1.00478,0.249704,1.19206,-0.192064,0.487918,0.213424,-0.0498331,1.12399,1.16511,-0.541154,-2.91097,1.72985,0.554288,0.500255,0.829934,0.319383,0.54299,0.313778,-0.271136,0.775957,1.61654,-1.35101,-0.0414836,2.8477,-4.39726,1.25369,1.29586,-2.92282,4.19569,-0.627079,-0.645794,-1.84767,4.39723,-1.25369,-1.29585,3.18902,-2.6446,2.91268,-3.45711])
9.652972646376114
Max g: 0.0001821722795583014
f_33([0.970581,0.901929,-0.113147,-1.63802,0.713577,1.00471,0.249948,1.19206,-0.192055,0.487943,0.213458,-0.0497942,1.12402,1.16515,-0.541176,-2.91103,1.72977,0.554222,0.499955,0.829253,0.319392,0.542747,0.313539,-0.271025,0.775941,1.61648,-1.35094,-0.0414709,2.84982,-4.40193,1.25516,1.29694,-2.92515,4.20109,-0.627556,-0.648385,-1.84989,4.40198,-1.2552,-1.29689,3.19329,-2.65131,2.91583,-3.45781])
9.64998986619554
Max g: 4.1848646691100555e-5
f_34([0.970544,0.901937,-0.113205,-1.63798,0.713494,1.00466,0.250126,1.19201,-0.19201,0.487982,0.213496,-0.0498005,1.12402,1.16515,-0.541163,-2.91096,1.72979,0.554254,0.499734,0.828764,0.319388,0.542522,0.313454,-0.27098,0.775966,1.61648,-1.35095,-0.0414966,2.85148,-4.40544,1.25627,1.29769,-2.92685,4.20506,-0.627886,-0.650323,-1.85148,4.40545,-1.25628,-1.29769,3.19638,-2.65614,2.91816,-3.4584])
9.648498476105255
Max g: 0.00024736576439066127
f_35([0.970535,0.901947,-0.113257,-1.63797,0.713483,1.00472,0.250283,1.19196,-0.191963,0.488068,0.213476,-0.0497741,1.12405,1.16505,-0.541073,-2.91094,1.72985,0.55413,0.499511,0.828273,0.319409,0.542312,0.313353,-0.270906,0.77599,1.61634,-1.35083,-0.0415097,2.85308,-4.40876,1.25722,1.29845,-2.92847,4.20879,-0.628133,-0.652193,-1.85303,4.40868,-1.25722,-1.29842,3.19941,-2.66081,2.92045,-3.45903])
9.645913399948757
Max g: 0.0004752321357672923
f_36([0.970478,0.901908,-0.1133,-1.63804,0.713214,1.00487,0.249982,1.19129,-0.192183,0.487697,0.213551,-0.0499392,1.12404,1.16501,-0.541078,-2.911,1.72988,0.554229,0.499477,0.828172,0.319398,0.542269,0.313345,-0.270911,0.776014,1.61631,-1.35083,-0.0414962,2.85318,-4.40955,1.25746,1.29892,-2.92878,4.20855,-0.628275,-0.651498,-1.85319,4.4095,-1.25748,-1.29883,3.19982,-2.66163,2.92092,-3.45911])
9.636865633401019
Max g: 0.0003490921629309557
f_37([0.970479,0.901905,-0.113306,-1.63804,0.71319,1.00489,0.249773,1.19077,-0.192212,0.487349,0.213703,-0.0500152,1.12404,1.165,-0.541082,-2.91099,1.72989,0.554228,0.499489,0.828179,0.319393,0.542289,0.313348,-0.270914,0.776031,1.6163,-1.35083,-0.0415012,2.85322,-4.40987,1.25748,1.29917,-2.92836,4.20704,-0.628233,-0.650447,-1.85324,4.40986,-1.25749,-1.29913,3.19969,-2.66161,2.92098,-3.45906])
9.639351283551497
Max g: 0.00019168072894505672
f_38([0.970483,0.901898,-0.113297,-1.63803,0.713199,1.00489,0.249693,1.19058,-0.192232,0.48722,0.213759,-0.0500489,1.12404,1.16499,-0.54108,-2.91099,1.7299,0.55422,0.499493,0.828183,0.31939,0.542295,0.313347,-0.270914,0.776028,1.61629,-1.35082,-0.0414961,2.85324,-4.41001,1.25749,1.29927,-2.92817,4.20641,-0.628202,-0.650048,-1.85325,4.41,-1.2575,-1.29925,3.19966,-2.6616,2.92099,-3.45905])
9.639649561569554
Max g: 0.00013467618121565383
f_39([0.970476,0.901894,-0.113295,-1.63802,0.7132,1.00489,0.249608,1.19038,-0.192248,0.487091,0.213806,-0.0500787,1.12404,1.165,-0.541078,-2.91099,1.7299,0.554215,0.499499,0.828188,0.319388,0.542306,0.313346,-0.270913,0.776021,1.6163,-1.35082,-0.0414969,2.85327,-4.41015,1.25749,1.29939,-2.92796,4.20576,-0.628172,-0.649624,-1.85327,4.41015,-1.2575,-1.29937,3.1996,-2.66158,2.92102,-3.45903])
9.639251857545478
Max g: 7.25150727827889e-5
f_40([0.970478,0.901893,-0.113298,-1.63802,0.713202,1.00489,0.249497,1.19012,-0.192274,0.486906,0.213882,-0.0501164,1.12404,1.165,-0.541082,-2.911,1.7299,0.554206,0.499506,0.828193,0.319385,0.542315,0.313349,-0.270915,0.776034,1.6163,-1.35083,-0.0414982,2.85329,-4.41033,1.25751,1.29953,-2.92769,4.20489,-0.628129,-0.649073,-1.85329,4.41034,-1.25751,-1.29954,3.19954,-2.66157,2.92104,-3.45902])
9.639450709557517
{0.9704783673571732,0.9018929244032486,-0.11329827964086528,-1.6380189887355587,0.7132020540467354,1.0048898046414643,0.24949662139986403,1.1901157193491072,-0.19227425515235153,0.48690639122796237,0.21388173444713401,-0.05011636951866991,1.1240423376959923,1.1649952662184595,-0.541082279226582,-2.91100111267761,1.7298966365498745,0.5542057083591665,0.4995060612543801,0.8281925971336366,0.31938548379329346,0.542314942628853,0.3133487912652962,-0.2709151689583943,0.7760337945852065,1.6162961451778115,-1.3508312982543955,-0.04149819958141388,2.8532947587844104,-4.410334875509972,1.257507845944903,1.2995335622923856,-2.927687892871115,4.204890163072603,-0.6281286637226816,-0.6490728631451648,-1.853293218228191,4.410336772486352,-1.2575068739242252,-1.2995363253268493,3.1995431470265636,-2.6615675541490766,2.9210416810134725,-3.4590167704300065}]
Set[{A021,A031,A032,A041,A042,A043,A121,A131,A132,A141,A142,A143,B021,B031,B032,B041,B042,B043,B121,B131,B132,B141,B142,B143,\[Alpha]1,\[Alpha]2,\[Alpha]3,\[Alpha]4,\[Beta]11,\[Beta]12,\[Beta]13,\[Beta]14,\[Beta]21,\[Beta]22,\[Beta]23,\[Beta]24,\[Beta]31,\[Beta]32,\[Beta]33,\[Beta]34,\[Beta]41,\[Beta]42,\[Beta]43,\[Beta]44},{0.9704783673571732,0.9018929244032486,-0.11329827964086528,-1.6380189887355587,0.7132020540467354,1.0048898046414643,0.24949662139986403,1.1901157193491072,-0.19227425515235153,0.48690639122796237,0.21388173444713401,-0.05011636951866991,1.1240423376959923,1.1649952662184595,-0.541082279226582,-2.91100111267761,1.7298966365498745,0.5542057083591665,0.4995060612543801,0.8281925971336366,0.31938548379329346,0.542314942628853,0.3133487912652962,-0.2709151689583943,0.7760337945852065,1.6162961451778115,-1.3508312982543955,-0.04149819958141388,2.8532947587844104,-4.410334875509972,1.257507845944903,1.2995335622923856,-2.927687892871115,4.204890163072603,-0.6281286637226816,-0.6490728631451648,-1.853293218228191,4.410336772486352,-1.2575068739242252,-1.2995363253268493,3.1995431470265636,-2.6615675541490766,2.9210416810134725,-3.4590167704300065}]

Max g: 3.6449206199384854e-6
f_41([0.970478,0.901893,-0.113298,-1.63805,0.713203,1.00486,0.249495,1.19011,-0.192274,0.486905,0.213882,-0.050117,1.12404,1.165,-0.541083,-2.91099,1.7299,0.554197,0.499506,0.828192,0.319385,0.542315,0.313348,-0.270915,0.776033,1.6163,-1.35083,-0.0414982,2.85329,-4.41034,1.25751,1.29953,-2.92769,4.20488,-0.628128,-0.649068,-1.85329,4.41034,-1.25751,-1.29954,3.19954,-2.66157,2.92104,-3.45902])
9.639351283551497
Max g: 4.394301271720691e-6
f_42([0.970478,0.901893,-0.113298,-1.63805,0.713203,1.00486,0.249495,1.19011,-0.192274,0.486905,0.213882,-0.050117,1.12404,1.165,-0.541083,-2.91099,1.7299,0.554197,0.499506,0.828192,0.319385,0.542315,0.313348,-0.270915,0.776033,1.6163,-1.35083,-0.0414982,2.85329,-4.41034,1.25751,1.29953,-2.92769,4.20488,-0.628128,-0.649068,-1.85329,4.41034,-1.25751,-1.29954,3.19954,-2.66157,2.92104,-3.45902])
9.639351283551497
Max g: 4.395747526808602e-6
f_43([0.970478,0.901893,-0.113298,-1.63803,0.713204,1.00486,0.249497,1.19012,-0.192275,0.486909,0.21388,-0.0501166,1.12404,1.165,-0.541083,-2.911,1.7299,0.554197,0.499506,0.828192,0.319385,0.542315,0.313349,-0.270915,0.776034,1.6163,-1.35083,-0.0414985,2.85329,-4.41034,1.25751,1.29953,-2.92769,4.20489,-0.628129,-0.649076,-1.85329,4.41034,-1.25751,-1.29953,3.19954,-2.66157,2.92104,-3.45902])
9.63895357952742
Max g: 3.5241024729515402e-6
f_44([0.970478,0.901893,-0.113298,-1.63803,0.713204,1.00486,0.249501,1.19013,-0.192275,0.486915,0.213877,-0.0501154,1.12404,1.165,-0.541082,-2.911,1.7299,0.554197,0.499506,0.828193,0.319385,0.542314,0.313349,-0.270916,0.776033,1.6163,-1.35083,-0.0414988,2.85329,-4.41033,1.25751,1.29953,-2.9277,4.20492,-0.628131,-0.649093,-1.85329,4.41033,-1.25751,-1.29953,3.19954,-2.66157,2.92104,-3.45902])
9.639450709557517
Max g: 1.9950477676833334e-6
f_45([0.970478,0.901893,-0.113298,-1.63803,0.713204,1.00486,0.249502,1.19013,-0.192275,0.486917,0.213876,-0.0501149,1.12404,1.165,-0.541082,-2.911,1.7299,0.554197,0.499506,0.828192,0.319385,0.542314,0.313349,-0.270916,0.776033,1.6163,-1.35083,-0.0414988,2.85329,-4.41033,1.25751,1.29953,-2.9277,4.20493,-0.628131,-0.6491,-1.85329,4.41033,-1.25751,-1.29953,3.19954,-2.66157,2.92104,-3.45902])
9.639450709557517
Max g: 1.4625741425744465e-6
f_46([0.970478,0.901893,-0.113298,-1.63803,0.713204,1.00486,0.249503,1.19013,-0.192274,0.486919,0.213875,-0.0501145,1.12404,1.165,-0.541082,-2.911,1.7299,0.554197,0.499506,0.828192,0.319385,0.542314,0.313349,-0.270916,0.776033,1.6163,-1.35083,-0.0414988,2.85329,-4.41033,1.25751,1.29952,-2.9277,4.20494,-0.628132,-0.649105,-1.85329,4.41033,-1.25751,-1.29952,3.19955,-2.66157,2.92104,-3.45902])
9.639450709557517
Max g: 1.0256221955606826e-6
f_47([0.970478,0.901893,-0.113298,-1.63803,0.713204,1.00486,0.249504,1.19013,-0.192274,0.486921,0.213875,-0.0501142,1.12404,1.165,-0.541082,-2.911,1.7299,0.554197,0.499506,0.828192,0.319385,0.542314,0.313349,-0.270916,0.776033,1.6163,-1.35083,-0.0414988,2.85329,-4.41033,1.25751,1.29952,-2.92771,4.20495,-0.628132,-0.649109,-1.85329,4.41033,-1.25751,-1.29952,3.19955,-2.66157,2.92104,-3.45902])
9.639450709557517
Max g: 6.700838170448087e-7
f_48([0.970478,0.901893,-0.113298,-1.63803,0.713204,1.00486,0.249505,1.19014,-0.192274,0.486922,0.213874,-0.050114,1.12404,1.165,-0.541082,-2.911,1.7299,0.554197,0.499506,0.828192,0.319385,0.542314,0.313349,-0.270916,0.776033,1.6163,-1.35083,-0.0414988,2.85329,-4.41032,1.25751,1.29952,-2.92771,4.20495,-0.628132,-0.649113,-1.85329,4.41032,-1.25751,-1.29952,3.19955,-2.66157,2.92104,-3.45902])
9.639450709557517
Max g: 3.892999028143329e-7
f_49([0.970478,0.901893,-0.113298,-1.63803,0.713204,1.00486,0.249505,1.19014,-0.192274,0.486922,0.213874,-0.0501138,1.12404,1.165,-0.541082,-2.911,1.7299,0.554197,0.499506,0.828192,0.319385,0.542314,0.313349,-0.270916,0.776033,1.6163,-1.35083,-0.0414988,2.85329,-4.41032,1.25751,1.29952,-2.92771,4.20496,-0.628133,-0.649115,-1.85329,4.41032,-1.25751,-1.29952,3.19955,-2.66157,2.92104,-3.45902])
9.639450709557517
Max g: 1.9398903294831626e-7
f_50([0.970478,0.901893,-0.113298,-1.63803,0.713204,1.00486,0.249506,1.19014,-0.192274,0.486923,0.213874,-0.0501137,1.12404,1.165,-0.541082,-2.911,1.7299,0.554197,0.499506,0.828192,0.319385,0.542314,0.313349,-0.270916,0.776033,1.6163,-1.35083,-0.0414988,2.85329,-4.41032,1.25751,1.29952,-2.92771,4.20496,-0.628133,-0.649117,-1.85329,4.41032,-1.25751,-1.29952,3.19955,-2.66157,2.92104,-3.45902])
9.639450709557517
{0.970478210941072,0.9018932190259943,-0.11329762366595988,-1.6380315006098074,0.713203660064408,1.004863428974763,0.249505571696198,1.1901381473103843,-0.1922738162762609,0.48692300509897474,0.21387367741594907,-0.050113650927314186,1.1240424599891543,1.164995793174686,-0.5410820317010514,-2.910996718382566,1.7298963156116312,0.5541967212922065,0.49950552314952773,0.8281923123482298,0.31938521502374745,0.5423137759632064,0.313348682952169,-0.2709155234372306,0.7760331385339515,1.616297207277958,-1.3508315828199848,-0.041498763765559894,2.8532922655695403,-4.4103228571457995,1.2575093689573482,1.2995212253165358,-2.927709062487077,4.204958754997934,-0.6281328047663101,-0.6491168560791316,-1.85329231931055,4.410322707173348,-1.2575094358963002,-1.2995209698523411,3.1995468045295534,-2.661568071347664,2.9210377974334927,-3.459016535510277}]
Set[{A021,A031,A032,A041,A042,A043,A121,A131,A132,A141,A142,A143,B021,B031,B032,B041,B042,B043,B121,B131,B132,B141,B142,B143,\[Alpha]1,\[Alpha]2,\[Alpha]3,\[Alpha]4,\[Beta]11,\[Beta]12,\[Beta]13,\[Beta]14,\[Beta]21,\[Beta]22,\[Beta]23,\[Beta]24,\[Beta]31,\[Beta]32,\[Beta]33,\[Beta]34,\[Beta]41,\[Beta]42,\[Beta]43,\[Beta]44},{0.970478210941072,0.9018932190259943,-0.11329762366595988,-1.6380315006098074,0.713203660064408,1.004863428974763,0.249505571696198,1.1901381473103843,-0.1922738162762609,0.48692300509897474,0.21387367741594907,-0.050113650927314186,1.1240424599891543,1.164995793174686,-0.5410820317010514,-2.910996718382566,1.7298963156116312,0.5541967212922065,0.49950552314952773,0.8281923123482298,0.31938521502374745,0.5423137759632064,0.313348682952169,-0.2709155234372306,0.7760331385339515,1.616297207277958,-1.3508315828199848,-0.041498763765559894,2.8532922655695403,-4.4103228571457995,1.2575093689573482,1.2995212253165358,-2.927709062487077,4.204958754997934,-0.6281328047663101,-0.6491168560791316,-1.85329231931055,4.410322707173348,-1.2575094358963002,-1.2995209698523411,3.1995468045295534,-2.661568071347664,2.9210377974334927,-3.459016535510277}]

Max g: 7.730131534877671e-8
f_51([0.970478,0.901893,-0.113298,-1.63803,0.713204,1.00486,0.249506,1.19014,-0.192274,0.486923,0.213873,-0.0501135,1.12404,1.165,-0.541082,-2.911,1.7299,0.554197,0.499506,0.828192,0.319385,0.542314,0.313349,-0.270916,0.776033,1.6163,-1.35083,-0.0414988,2.85329,-4.41032,1.25751,1.29952,-2.92771,4.20496,-0.628133,-0.649118,-1.85329,4.41032,-1.25751,-1.29952,3.19955,-2.66157,2.92104,-3.45902])
9.639450709557517
Max g: 7.102437654671334e-8
f_52([0.970478,0.901893,-0.113298,-1.63803,0.713204,1.00486,0.249506,1.19014,-0.192274,0.486924,0.213873,-0.0501135,1.12404,1.165,-0.541082,-2.911,1.7299,0.554197,0.499505,0.828192,0.319385,0.542314,0.313349,-0.270916,0.776033,1.6163,-1.35083,-0.0414988,2.85329,-4.41032,1.25751,1.29952,-2.92771,4.20496,-0.628133,-0.649119,-1.85329,4.41032,-1.25751,-1.29952,3.19955,-2.66157,2.92104,-3.45902])
9.639450709557517
Max g: 2.3511125216146844e-7
f_53([0.970478,0.901893,-0.113298,-1.63803,0.713204,1.00486,0.249506,1.19014,-0.192274,0.486924,0.213873,-0.0501134,1.12404,1.165,-0.541082,-2.911,1.7299,0.554197,0.499505,0.828192,0.319385,0.542314,0.313349,-0.270916,0.776033,1.6163,-1.35083,-0.0414988,2.85329,-4.41032,1.25751,1.29952,-2.92771,4.20496,-0.628133,-0.64912,-1.85329,4.41032,-1.25751,-1.29952,3.19955,-2.66157,2.92104,-3.45902])
9.639450709557517
Max g: 3.664709095768659e-7
f_54([0.970478,0.901893,-0.113298,-1.63803,0.713204,1.00486,0.249506,1.19014,-0.192274,0.486924,0.213873,-0.0501134,1.12404,1.165,-0.541082,-2.911,1.7299,0.554197,0.499505,0.828192,0.319385,0.542314,0.313349,-0.270916,0.776033,1.6163,-1.35083,-0.0414988,2.85329,-4.41032,1.25751,1.29952,-2.92771,4.20497,-0.628133,-0.649121,-1.85329,4.41032,-1.25751,-1.29952,3.19955,-2.66157,2.92104,-3.45902])
9.639450709557517
Max g: 4.6327135130863617e-7
f_55([0.970478,0.901893,-0.113298,-1.63803,0.713204,1.00486,0.249507,1.19014,-0.192274,0.486924,0.213873,-0.0501133,1.12404,1.165,-0.541082,-2.911,1.7299,0.554197,0.499505,0.828192,0.319385,0.542314,0.313349,-0.270916,0.776033,1.6163,-1.35083,-0.0414988,2.85329,-4.41032,1.25751,1.29952,-2.92771,4.20497,-0.628133,-0.649122,-1.85329,4.41032,-1.25751,-1.29952,3.19955,-2.66157,2.92104,-3.45902])
9.639450709557517
Max g: 5.332727503609691e-7
f_56([0.970478,0.901893,-0.113298,-1.63803,0.713204,1.00486,0.249507,1.19014,-0.192274,0.486925,0.213873,-0.0501133,1.12404,1.165,-0.541082,-2.911,1.7299,0.554197,0.499505,0.828192,0.319385,0.542314,0.313349,-0.270916,0.776033,1.6163,-1.35083,-0.0414988,2.85329,-4.41032,1.25751,1.29952,-2.92771,4.20497,-0.628133,-0.649122,-1.85329,4.41032,-1.25751,-1.29952,3.19955,-2.66157,2.92104,-3.45902])
9.639450709557517
Max g: 5.843795574667077e-7
f_57([0.970478,0.901893,-0.113298,-1.63803,0.713204,1.00486,0.249507,1.19014,-0.192274,0.486925,0.213873,-0.0501133,1.12404,1.165,-0.541082,-2.911,1.7299,0.554197,0.499505,0.828192,0.319385,0.542314,0.313349,-0.270916,0.776033,1.6163,-1.35083,-0.0414988,2.85329,-4.41032,1.25751,1.29952,-2.92771,4.20497,-0.628133,-0.649122,-1.85329,4.41032,-1.25751,-1.29952,3.19955,-2.66157,2.92104,-3.45902])
9.639450709557517
Max g: 6.176978424449198e-7
f_58([0.970478,0.901893,-0.113298,-1.63803,0.713204,1.00486,0.249507,1.19014,-0.192274,0.486925,0.213873,-0.0501133,1.12404,1.165,-0.541082,-2.911,1.7299,0.554197,0.499505,0.828192,0.319385,0.542314,0.313349,-0.270916,0.776033,1.6163,-1.35083,-0.0414988,2.85329,-4.41032,1.25751,1.29952,-2.92771,4.20497,-0.628133,-0.649122,-1.85329,4.41032,-1.25751,-1.29952,3.19955,-2.66157,2.92104,-3.45902])
9.639450709557517
Max g: 6.372377465702073e-7
f_59([0.970478,0.901893,-0.113298,-1.63803,0.713204,1.00486,0.249507,1.19014,-0.192274,0.486925,0.213873,-0.0501133,1.12404,1.165,-0.541082,-2.911,1.7299,0.554197,0.499505,0.828192,0.319385,0.542314,0.313349,-0.270915,0.776033,1.6163,-1.35083,-0.0414988,2.85329,-4.41032,1.25751,1.29952,-2.92771,4.20497,-0.628133,-0.649122,-1.85329,4.41032,-1.25751,-1.29952,3.19955,-2.66157,2.92104,-3.45902])
9.639450709557517
Max g: 6.479924840457896e-7
f_60([0.970478,0.901893,-0.113298,-1.63803,0.713204,1.00486,0.249507,1.19014,-0.192274,0.486925,0.213873,-0.0501133,1.12404,1.165,-0.541082,-2.911,1.7299,0.554197,0.499505,0.828192,0.319385,0.542314,0.313349,-0.270915,0.776033,1.6163,-1.35083,-0.0414988,2.85329,-4.41032,1.25751,1.29952,-2.92771,4.20497,-0.628133,-0.649122,-1.85329,4.41032,-1.25751,-1.29952,3.19955,-2.66157,2.92104,-3.45902])
9.639450709557517
{0.9704781990491202,0.9018932315400228,-0.1132976255448917,-1.6380314945217735,0.713203660645769,1.0048634326411143,0.2495066819354223,1.1901407650535119,-0.19227354778675043,0.4869247547510112,0.21387299404381427,-0.050113260525643424,1.1240424636140733,1.1649958059173857,-0.5410820137249205,-2.91099671779596,1.7298963164008732,0.5541967188003468,0.49950545774685934,0.8281922630391524,0.3193852414754899,0.5423136869298331,0.31334863914271804,-0.27091549927624803,0.7760331018817271,1.6162972346419333,-1.3508315732469407,-0.041498763418706765,2.8532919259152822,-4.410320942521529,1.2575092438171782,1.299519773739395,-2.9277117432164492,4.204967368944439,-0.6281332255902912,-0.6491223898384696,-1.8532920165422742,4.4103207170284895,-1.2575093643414446,-1.2995193522155921,3.1995474555091885,-2.6615682482806826,2.9210375481383335,-3.459016755280595}]
Set[{A021,A031,A032,A041,A042,A043,A121,A131,A132,A141,A142,A143,B021,B031,B032,B041,B042,B043,B121,B131,B132,B141,B142,B143,\[Alpha]1,\[Alpha]2,\[Alpha]3,\[Alpha]4,\[Beta]11,\[Beta]12,\[Beta]13,\[Beta]14,\[Beta]21,\[Beta]22,\[Beta]23,\[Beta]24,\[Beta]31,\[Beta]32,\[Beta]33,\[Beta]34,\[Beta]41,\[Beta]42,\[Beta]43,\[Beta]44},{0.9704781990491202,0.9018932315400228,-0.1132976255448917,-1.6380314945217735,0.713203660645769,1.0048634326411143,0.2495066819354223,1.1901407650535119,-0.19227354778675043,0.4869247547510112,0.21387299404381427,-0.050113260525643424,1.1240424636140733,1.1649958059173857,-0.5410820137249205,-2.91099671779596,1.7298963164008732,0.5541967188003468,0.49950545774685934,0.8281922630391524,0.3193852414754899,0.5423136869298331,0.31334863914271804,-0.27091549927624803,0.7760331018817271,1.6162972346419333,-1.3508315732469407,-0.041498763418706765,2.8532919259152822,-4.410320942521529,1.2575092438171782,1.299519773739395,-2.9277117432164492,4.204967368944439,-0.6281332255902912,-0.6491223898384696,-1.8532920165422742,4.4103207170284895,-1.2575093643414446,-1.2995193522155921,3.1995474555091885,-2.6615682482806826,2.9210375481383335,-3.459016755280595}]

Max g: 6.545375216965299e-7
f_61([0.970478,0.901893,-0.113298,-1.63803,0.713204,1.00486,0.249507,1.19014,-0.192274,0.486925,0.213873,-0.0501133,1.12404,1.165,-0.541082,-2.911,1.7299,0.554197,0.499505,0.828192,0.319385,0.542314,0.313349,-0.270915,0.776033,1.6163,-1.35083,-0.0414988,2.85329,-4.41032,1.25751,1.29952,-2.92771,4.20497,-0.628133,-0.649122,-1.85329,4.41032,-1.25751,-1.29952,3.19955,-2.66157,2.92104,-3.45902])
9.639450709557517
Max g: 6.589810015722453e-7
f_62([0.970478,0.901893,-0.113298,-1.63803,0.713204,1.00486,0.249507,1.19014,-0.192274,0.486925,0.213873,-0.0501133,1.12404,1.165,-0.541082,-2.911,1.7299,0.554197,0.499505,0.828192,0.319385,0.542314,0.313349,-0.270915,0.776033,1.6163,-1.35083,-0.0414988,2.85329,-4.41032,1.25751,1.29952,-2.92771,4.20497,-0.628133,-0.649122,-1.85329,4.41032,-1.25751,-1.29952,3.19955,-2.66157,2.92104,-3.45902])
9.639450709557517
Max g: 6.614026077655932e-7
f_63([0.970478,0.901893,-0.113298,-1.63803,0.713204,1.00486,0.249507,1.19014,-0.192274,0.486925,0.213873,-0.0501133,1.12404,1.165,-0.541082,-2.911,1.7299,0.554197,0.499505,0.828192,0.319385,0.542314,0.313349,-0.270915,0.776033,1.6163,-1.35083,-0.0414988,2.85329,-4.41032,1.25751,1.29952,-2.92771,4.20497,-0.628133,-0.649122,-1.85329,4.41032,-1.25751,-1.29952,3.19955,-2.66157,2.92104,-3.45902])
9.639450709557517
Max g: 6.628251017215536e-7
f_64([0.970478,0.901893,-0.113298,-1.63803,0.713204,1.00486,0.249507,1.19014,-0.192274,0.486925,0.213873,-0.0501133,1.12404,1.165,-0.541082,-2.911,1.7299,0.554197,0.499505,0.828192,0.319385,0.542314,0.313349,-0.270915,0.776033,1.6163,-1.35083,-0.0414988,2.85329,-4.41032,1.25751,1.29952,-2.92771,4.20497,-0.628133,-0.649122,-1.85329,4.41032,-1.25751,-1.29952,3.19955,-2.66157,2.92104,-3.45902])
9.639450709557517
Max g: 6.637007393534011e-7
f_65([0.970478,0.901893,-0.113298,-1.63803,0.713204,1.00486,0.249507,1.19014,-0.192274,0.486925,0.213873,-0.0501133,1.12404,1.165,-0.541082,-2.911,1.7299,0.554197,0.499505,0.828192,0.319385,0.542314,0.313349,-0.270915,0.776033,1.6163,-1.35083,-0.0414988,2.85329,-4.41032,1.25751,1.29952,-2.92771,4.20497,-0.628133,-0.649122,-1.85329,4.41032,-1.25751,-1.29952,3.19955,-2.66157,2.92104,-3.45902])
9.639450709557517
Max g: 6.642909374660055e-7
f_66([0.970478,0.901893,-0.113298,-1.63803,0.713204,1.00486,0.249507,1.19014,-0.192274,0.486925,0.213873,-0.0501133,1.12404,1.165,-0.541082,-2.911,1.7299,0.554197,0.499505,0.828192,0.319385,0.542314,0.313349,-0.270915,0.776033,1.6163,-1.35083,-0.0414988,2.85329,-4.41032,1.25751,1.29952,-2.92771,4.20497,-0.628133,-0.649122,-1.85329,4.41032,-1.25751,-1.29952,3.19955,-2.66157,2.92104,-3.45902])
9.639450709557517
Max g: 6.646262911969014e-7
f_67([0.970478,0.901893,-0.113298,-1.63803,0.713204,1.00486,0.249507,1.19014,-0.192274,0.486925,0.213873,-0.0501133,1.12404,1.165,-0.541082,-2.911,1.7299,0.554197,0.499505,0.828192,0.319385,0.542314,0.313349,-0.270915,0.776033,1.6163,-1.35083,-0.0414988,2.85329,-4.41032,1.25751,1.29952,-2.92771,4.20497,-0.628133,-0.649122,-1.85329,4.41032,-1.25751,-1.29952,3.19955,-2.66157,2.92104,-3.45902])
9.639450709557517
Max g: 6.647982076085635e-7
f_68([0.970478,0.901893,-0.113298,-1.63803,0.713204,1.00486,0.249507,1.19014,-0.192274,0.486925,0.213873,-0.0501133,1.12404,1.165,-0.541082,-2.911,1.7299,0.554197,0.499505,0.828192,0.319385,0.542314,0.313349,-0.270915,0.776033,1.6163,-1.35083,-0.0414988,2.85329,-4.41032,1.25751,1.29952,-2.92771,4.20497,-0.628133,-0.649122,-1.85329,4.41032,-1.25751,-1.29952,3.19955,-2.66157,2.92104,-3.45902])
9.639450709557517
Max g: 6.649020540816508e-7
f_69([0.970478,0.901893,-0.113298,-1.63803,0.713204,1.00486,0.249507,1.19014,-0.192274,0.486925,0.213873,-0.0501133,1.12404,1.165,-0.541082,-2.911,1.7299,0.554197,0.499505,0.828192,0.319385,0.542314,0.313349,-0.270915,0.776033,1.6163,-1.35083,-0.0414988,2.85329,-4.41032,1.25751,1.29952,-2.92771,4.20497,-0.628133,-0.649122,-1.85329,4.41032,-1.25751,-1.29952,3.19955,-2.66157,2.92104,-3.45902])
9.639450709557517
Max g: 6.649696924210247e-7
f_70([0.970478,0.901893,-0.113298,-1.63803,0.713204,1.00486,0.249507,1.19014,-0.192274,0.486925,0.213873,-0.0501133,1.12404,1.165,-0.541082,-2.911,1.7299,0.554197,0.499505,0.828192,0.319385,0.542314,0.313349,-0.270915,0.776033,1.6163,-1.35083,-0.0414988,2.85329,-4.41032,1.25751,1.29952,-2.92771,4.20497,-0.628133,-0.649122,-1.85329,4.41032,-1.25751,-1.29952,3.19955,-2.66157,2.92104,-3.45902])
9.639450709557517
{0.970478198747188,0.9018932314863516,-0.1132976255017978,-1.6380314945675298,0.7132036609836556,1.0048634326004389,0.24950669654327598,1.1901407988976902,-0.19227354371304145,0.48692477792641353,0.21387298489977333,-0.05011325537460048,1.1240424637889708,1.1649958063850405,-0.5410820135207756,-2.910996717743553,1.7298963164015275,0.5541967188933111,0.4995054569248311,0.8281922624080732,0.3193852418063463,0.5423136854980404,0.31334863909438426,-0.27091549924910324,0.7760331016916087,1.6162972350739886,-1.3508315732526865,-0.041498763632010376,2.8532919212382986,-4.410320916783735,1.2575092423583552,1.299519754126644,-2.9277117783673288,4.2049674821450855,-0.6281332312954607,-0.6491224624396645,-1.8532920123102317,4.410320690584616,-1.257509363476162,-1.2995193308215531,3.199547463744296,-2.661568250743422,2.9210375445410772,-3.4590167573359802}]
Set[{A021,A031,A032,A041,A042,A043,A121,A131,A132,A141,A142,A143,B021,B031,B032,B041,B042,B043,B121,B131,B132,B141,B142,B143,\[Alpha]1,\[Alpha]2,\[Alpha]3,\[Alpha]4,\[Beta]11,\[Beta]12,\[Beta]13,\[Beta]14,\[Beta]21,\[Beta]22,\[Beta]23,\[Beta]24,\[Beta]31,\[Beta]32,\[Beta]33,\[Beta]34,\[Beta]41,\[Beta]42,\[Beta]43,\[Beta]44},{0.970478198747188,0.9018932314863516,-0.1132976255017978,-1.6380314945675298,0.7132036609836556,1.0048634326004389,0.24950669654327598,1.1901407988976902,-0.19227354371304145,0.48692477792641353,0.21387298489977333,-0.05011325537460048,1.1240424637889708,1.1649958063850405,-0.5410820135207756,-2.910996717743553,1.7298963164015275,0.5541967188933111,0.4995054569248311,0.8281922624080732,0.3193852418063463,0.5423136854980404,0.31334863909438426,-0.27091549924910324,0.7760331016916087,1.6162972350739886,-1.3508315732526865,-0.041498763632010376,2.8532919212382986,-4.410320916783735,1.2575092423583552,1.299519754126644,-2.9277117783673288,4.2049674821450855,-0.6281332312954607,-0.6491224624396645,-1.8532920123102317,4.410320690584616,-1.257509363476162,-1.2995193308215531,3.199547463744296,-2.661568250743422,2.9210375445410772,-3.4590167573359802}]

Max g: 6.650062777252552e-7
f_71([0.970478,0.901893,-0.113298,-1.63803,0.713204,1.00486,0.249507,1.19014,-0.192274,0.486925,0.213873,-0.0501133,1.12404,1.165,-0.541082,-2.911,1.7299,0.554197,0.499505,0.828192,0.319385,0.542314,0.313349,-0.270915,0.776033,1.6163,-1.35083,-0.0414988,2.85329,-4.41032,1.25751,1.29952,-2.92771,4.20497,-0.628133,-0.649122,-1.85329,4.41032,-1.25751,-1.29952,3.19955,-2.66157,2.92104,-3.45902])
9.639450709557517
Max g: 6.650272394437273e-7
f_72([0.970478,0.901893,-0.113298,-1.63803,0.713204,1.00486,0.249507,1.19014,-0.192273,0.486924,0.213873,-0.0501133,1.12404,1.165,-0.541082,-2.911,1.7299,0.554197,0.499505,0.828192,0.319385,0.542314,0.313349,-0.270915,0.776033,1.6163,-1.35083,-0.0414988,2.85329,-4.41032,1.25751,1.29952,-2.92771,4.20497,-0.628133,-0.649122,-1.85329,4.41032,-1.25751,-1.29952,3.19955,-2.66157,2.92104,-3.45902])
9.639450709557517
Max g: 5.924761571768355e-7
f_73([0.970478,0.901893,-0.113298,-1.63803,0.713204,1.00486,0.249506,1.19014,-0.192273,0.486924,0.213873,-0.0501134,1.12404,1.165,-0.541082,-2.911,1.7299,0.554197,0.499505,0.828192,0.319385,0.542314,0.313349,-0.270915,0.776033,1.6163,-1.35083,-0.0414988,2.85329,-4.41032,1.25751,1.29952,-2.92771,4.20496,-0.628133,-0.64912,-1.85329,4.41032,-1.25751,-1.29952,3.19955,-2.66157,2.92104,-3.45902])
9.639450709557517
Max g: 3.543406575656771e-7
f_74([0.970478,0.901893,-0.113298,-1.63803,0.713204,1.00486,0.249506,1.19014,-0.192274,0.486924,0.213874,-0.0501135,1.12404,1.165,-0.541082,-2.911,1.7299,0.554197,0.499505,0.828192,0.319385,0.542314,0.313349,-0.270915,0.776033,1.6163,-1.35083,-0.0414988,2.85329,-4.41032,1.25751,1.29952,-2.92771,4.20496,-0.628133,-0.649119,-1.85329,4.41032,-1.25751,-1.29952,3.19955,-2.66157,2.92104,-3.45902])
9.639450709557517
Max g: 2.1714085719770626e-7
f_75([0.970478,0.901893,-0.113298,-1.63803,0.713204,1.00486,0.249506,1.19014,-0.192274,0.486923,0.213874,-0.0501135,1.12404,1.165,-0.541082,-2.911,1.7299,0.554197,0.499505,0.828192,0.319385,0.542314,0.313349,-0.270915,0.776033,1.6163,-1.35083,-0.0414988,2.85329,-4.41032,1.25751,1.29952,-2.92771,4.20496,-0.628133,-0.649119,-1.85329,4.41032,-1.25751,-1.29952,3.19955,-2.66157,2.92104,-3.45902])
9.639450709557517
Max g: 1.280981307971718e-7
f_76([0.970478,0.901893,-0.113298,-1.63803,0.713204,1.00486,0.249506,1.19014,-0.192274,0.486923,0.213874,-0.0501135,1.12404,1.165,-0.541082,-2.911,1.7299,0.554197,0.499505,0.828192,0.319385,0.542314,0.313349,-0.270915,0.776033,1.6163,-1.35083,-0.0414988,2.85329,-4.41032,1.25751,1.29952,-2.92771,4.20496,-0.628133,-0.649118,-1.85329,4.41032,-1.25751,-1.29952,3.19955,-2.66157,2.92104,-3.45902])
9.639450709557517
Max g: 7.501685156396931e-8
f_77([0.970478,0.901893,-0.113298,-1.63803,0.713204,1.00486,0.249506,1.19014,-0.192274,0.486923,0.213874,-0.0501135,1.12404,1.165,-0.541082,-2.911,1.7299,0.554197,0.499505,0.828192,0.319385,0.542314,0.313349,-0.270915,0.776033,1.6163,-1.35083,-0.0414988,2.85329,-4.41032,1.25751,1.29952,-2.92771,4.20496,-0.628133,-0.649118,-1.85329,4.41032,-1.25751,-1.29952,3.19955,-2.66157,2.92104,-3.45902])
9.639450709557517
Max g: 4.4665954143652264e-8
f_78([0.970478,0.901893,-0.113298,-1.63803,0.713204,1.00486,0.249506,1.19014,-0.192274,0.486923,0.213874,-0.0501135,1.12404,1.165,-0.541082,-2.911,1.7299,0.554197,0.499505,0.828192,0.319385,0.542314,0.313349,-0.270915,0.776033,1.6163,-1.35083,-0.0414988,2.85329,-4.41032,1.25751,1.29952,-2.92771,4.20496,-0.628133,-0.649118,-1.85329,4.41032,-1.25751,-1.29952,3.19955,-2.66157,2.92104,-3.45902])
9.639450709557517
Max g: 2.7430774540704306e-8
f_79([0.970478,0.901893,-0.113298,-1.63803,0.713204,1.00486,0.249506,1.19014,-0.192274,0.486923,0.213874,-0.0501136,1.12404,1.165,-0.541082,-2.911,1.7299,0.554197,0.499505,0.828192,0.319385,0.542314,0.313349,-0.270915,0.776033,1.6163,-1.35083,-0.0414988,2.85329,-4.41032,1.25751,1.29952,-2.92771,4.20496,-0.628133,-0.649118,-1.85329,4.41032,-1.25751,-1.29952,3.19955,-2.66157,2.92104,-3.45902])
9.639450709557517
Max g: 1.629204191000433e-8
f_80([0.970478,0.901893,-0.113298,-1.63803,0.713204,1.00486,0.249506,1.19014,-0.192274,0.486923,0.213874,-0.0501136,1.12404,1.165,-0.541082,-2.911,1.7299,0.554197,0.499505,0.828192,0.319385,0.542314,0.313349,-0.270915,0.776033,1.6163,-1.35083,-0.0414988,2.85329,-4.41032,1.25751,1.29952,-2.92771,4.20496,-0.628133,-0.649118,-1.85329,4.41032,-1.25751,-1.29952,3.19955,-2.66157,2.92104,-3.45902])
9.639450709557517
{0.9704782258472515,0.901893242026841,-0.11329762197427394,-1.6380314467831016,0.7132036718437824,1.004863459258713,0.24950575213910808,1.190138403382385,-0.19227356897652156,0.486923094025049,0.21387376243640654,-0.05011355829485941,1.1240424581820394,1.1649957895547676,-0.5410820238388909,-2.910996715079129,1.7298962983949833,0.5541967407468198,0.49950549317248555,0.8281922679737305,0.3193852595953228,0.5423137639335455,0.31334867736879296,-0.2709154871167014,0.7760331317700974,1.6162972200163865,-1.350831591955248,-0.041498759814112336,2.8532920973398834,-4.410322242936715,1.2575091547856982,1.2995209907895449,-2.927709601629527,4.204960290171665,-0.6281327373199109,-0.6491179514858814,-1.8532920977372604,4.410322242028294,-1.2575091553284354,-1.2995209889728874,3.1995471009663445,-2.6615682601431487,2.9210379330626606,-3.4590167737872104}]
Set[{A021,A031,A032,A041,A042,A043,A121,A131,A132,A141,A142,A143,B021,B031,B032,B041,B042,B043,B121,B131,B132,B141,B142,B143,\[Alpha]1,\[Alpha]2,\[Alpha]3,\[Alpha]4,\[Beta]11,\[Beta]12,\[Beta]13,\[Beta]14,\[Beta]21,\[Beta]22,\[Beta]23,\[Beta]24,\[Beta]31,\[Beta]32,\[Beta]33,\[Beta]34,\[Beta]41,\[Beta]42,\[Beta]43,\[Beta]44},{0.9704782258472515,0.901893242026841,-0.11329762197427394,-1.6380314467831016,0.7132036718437824,1.004863459258713,0.24950575213910808,1.190138403382385,-0.19227356897652156,0.486923094025049,0.21387376243640654,-0.05011355829485941,1.1240424581820394,1.1649957895547676,-0.5410820238388909,-2.910996715079129,1.7298962983949833,0.5541967407468198,0.49950549317248555,0.8281922679737305,0.3193852595953228,0.5423137639335455,0.31334867736879296,-0.2709154871167014,0.7760331317700974,1.6162972200163865,-1.350831591955248,-0.041498759814112336,2.8532920973398834,-4.410322242936715,1.2575091547856982,1.2995209907895449,-2.927709601629527,4.204960290171665,-0.6281327373199109,-0.6491179514858814,-1.8532920977372604,4.410322242028294,-1.2575091553284354,-1.2995209889728874,3.1995471009663445,-2.6615682601431487,2.9210379330626606,-3.4590167737872104}]

Max g: 9.857598501361586e-9
f_81([0.970478,0.901893,-0.113298,-1.63803,0.713204,1.00486,0.249506,1.19014,-0.192274,0.486923,0.213874,-0.0501136,1.12404,1.165,-0.541082,-2.911,1.7299,0.554197,0.499505,0.828192,0.319385,0.542314,0.313349,-0.270915,0.776033,1.6163,-1.35083,-0.0414988,2.85329,-4.41032,1.25751,1.29952,-2.92771,4.20496,-0.628133,-0.649118,-1.85329,4.41032,-1.25751,-1.29952,3.19955,-2.66157,2.92104,-3.45902])
9.639450709557517
Max g: 5.589166157671244e-9
f_82([0.970478,0.901893,-0.113298,-1.63803,0.713204,1.00486,0.249506,1.19014,-0.192274,0.486923,0.213874,-0.0501136,1.12404,1.165,-0.541082,-2.911,1.7299,0.554197,0.499505,0.828192,0.319385,0.542314,0.313349,-0.270915,0.776033,1.6163,-1.35083,-0.0414988,2.85329,-4.41032,1.25751,1.29952,-2.92771,4.20496,-0.628133,-0.649118,-1.85329,4.41032,-1.25751,-1.29952,3.19955,-2.66157,2.92104,-3.45902])
9.639450709557517
Max g: 3.3479743560826947e-9
f_83([0.970478,0.901893,-0.113298,-1.63803,0.713204,1.00486,0.249506,1.19014,-0.192274,0.486923,0.213874,-0.0501136,1.12404,1.165,-0.541082,-2.911,1.7299,0.554197,0.499505,0.828192,0.319385,0.542314,0.313349,-0.270915,0.776033,1.6163,-1.35083,-0.0414988,2.85329,-4.41032,1.25751,1.29952,-2.92771,4.20496,-0.628133,-0.649118,-1.85329,4.41032,-1.25751,-1.29952,3.19955,-2.66157,2.92104,-3.45902])
9.639450709557517
Max g: 2.047699232399225e-9
f_84([0.970478,0.901893,-0.113298,-1.63803,0.713204,1.00486,0.249506,1.19014,-0.192274,0.486923,0.213874,-0.0501136,1.12404,1.165,-0.541082,-2.911,1.7299,0.554197,0.499505,0.828192,0.319385,0.542314,0.313349,-0.270915,0.776033,1.6163,-1.35083,-0.0414988,2.85329,-4.41032,1.25751,1.29952,-2.92771,4.20496,-0.628133,-0.649118,-1.85329,4.41032,-1.25751,-1.29952,3.19955,-2.66157,2.92104,-3.45902])
9.639450709557517
Max g: 1.233607688222449e-9
f_85([0.970478,0.901893,-0.113298,-1.63803,0.713204,1.00486,0.249506,1.19014,-0.192274,0.486923,0.213874,-0.0501136,1.12404,1.165,-0.541082,-2.911,1.7299,0.554197,0.499505,0.828192,0.319385,0.542314,0.313349,-0.270915,0.776033,1.6163,-1.35083,-0.0414988,2.85329,-4.41032,1.25751,1.29952,-2.92771,4.20496,-0.628133,-0.649118,-1.85329,4.41032,-1.25751,-1.29952,3.19955,-2.66157,2.92104,-3.45902])
9.639450709557517
Max g: 6.882084763182306e-10
f_86([0.970478,0.901893,-0.113298,-1.63803,0.713204,1.00486,0.249506,1.19014,-0.192274,0.486923,0.213874,-0.0501136,1.12404,1.165,-0.541082,-2.911,1.7299,0.554197,0.499505,0.828192,0.319385,0.542314,0.313349,-0.270915,0.776033,1.6163,-1.35083,-0.0414988,2.85329,-4.41032,1.25751,1.29952,-2.92771,4.20496,-0.628133,-0.649118,-1.85329,4.41032,-1.25751,-1.29952,3.19955,-2.66157,2.92104,-3.45902])
9.639450709557517
Max g: 4.3130979343608544e-10
f_87([0.970478,0.901893,-0.113298,-1.63803,0.713204,1.00486,0.249506,1.19014,-0.192274,0.486923,0.213874,-0.0501136,1.12404,1.165,-0.541082,-2.911,1.7299,0.554197,0.499505,0.828192,0.319385,0.542314,0.313349,-0.270915,0.776033,1.6163,-1.35083,-0.0414988,2.85329,-4.41032,1.25751,1.29952,-2.92771,4.20496,-0.628133,-0.649118,-1.85329,4.41032,-1.25751,-1.29952,3.19955,-2.66157,2.92104,-3.45902])
9.639450709557517
Max g: 2.7174036631993914e-10
f_88([0.970478,0.901893,-0.113298,-1.63803,0.713204,1.00486,0.249506,1.19014,-0.192274,0.486923,0.213874,-0.0501136,1.12404,1.165,-0.541082,-2.911,1.7299,0.554197,0.499505,0.828192,0.319385,0.542314,0.313349,-0.270915,0.776033,1.6163,-1.35083,-0.0414988,2.85329,-4.41032,1.25751,1.29952,-2.92771,4.20496,-0.628133,-0.649118,-1.85329,4.41032,-1.25751,-1.29952,3.19955,-2.66157,2.92104,-3.45902])
9.639450709557517
Max g: 1.7883107494842676e-10
f_89([0.970478,0.901893,-0.113298,-1.63803,0.713204,1.00486,0.249506,1.19014,-0.192274,0.486923,0.213874,-0.0501136,1.12404,1.165,-0.541082,-2.911,1.7299,0.554197,0.499505,0.828192,0.319385,0.542314,0.313349,-0.270915,0.776033,1.6163,-1.35083,-0.0414988,2.85329,-4.41032,1.25751,1.29952,-2.92771,4.20496,-0.628133,-0.649118,-1.85329,4.41032,-1.25751,-1.29952,3.19955,-2.66157,2.92104,-3.45902])
9.639450709557517
Max g: 1.099025037643031e-10
f_90([0.970478,0.901893,-0.113298,-1.63803,0.713204,1.00486,0.249506,1.19014,-0.192274,0.486923,0.213874,-0.0501136,1.12404,1.165,-0.541082,-2.911,1.7299,0.554197,0.499505,0.828192,0.319385,0.542314,0.313349,-0.270915,0.776033,1.6163,-1.35083,-0.0414988,2.85329,-4.41032,1.25751,1.29952,-2.92771,4.20496,-0.628133,-0.649118,-1.85329,4.41032,-1.25751,-1.29952,3.19955,-2.66157,2.92104,-3.45902])
9.639450709557517
{0.9704782261866374,0.9018932423248986,-0.11329762220558676,-1.6380314466260193,0.7132036721372425,1.0048634594590442,0.24950573870213877,1.1901383716660636,-0.19227357237703022,0.48692307242948707,0.21387377090254955,-0.05011356293077241,1.1240424580380322,1.164995789661687,-0.541082024489027,-2.9109967146743547,1.7298962979759878,0.5541967409764031,0.49950549405125383,0.8281922686472284,0.31938525917102756,0.5423137650571124,0.3133486778379087,-0.2709154873990126,0.7760331322102255,1.616297219774754,-1.3508315922632164,-0.041498759721854586,2.8532921009827694,-4.410322266104958,1.2575091565788845,1.2995210085427555,-2.9277095688090378,4.204960185414703,-0.6281327325863313,-0.6491178840213518,-1.8532921009867005,4.410322266096021,-1.2575091565840673,-1.299521008524974,3.1995470929564407,-2.6615682578377564,2.9210379364321035,-3.459016771550387}]
Set[{A021,A031,A032,A041,A042,A043,A121,A131,A132,A141,A142,A143,B021,B031,B032,B041,B042,B043,B121,B131,B132,B141,B142,B143,\[Alpha]1,\[Alpha]2,\[Alpha]3,\[Alpha]4,\[Beta]11,\[Beta]12,\[Beta]13,\[Beta]14,\[Beta]21,\[Beta]22,\[Beta]23,\[Beta]24,\[Beta]31,\[Beta]32,\[Beta]33,\[Beta]34,\[Beta]41,\[Beta]42,\[Beta]43,\[Beta]44},{0.9704782261866374,0.9018932423248986,-0.11329762220558676,-1.6380314466260193,0.7132036721372425,1.0048634594590442,0.24950573870213877,1.1901383716660636,-0.19227357237703022,0.48692307242948707,0.21387377090254955,-0.05011356293077241,1.1240424580380322,1.164995789661687,-0.541082024489027,-2.9109967146743547,1.7298962979759878,0.5541967409764031,0.49950549405125383,0.8281922686472284,0.31938525917102756,0.5423137650571124,0.3133486778379087,-0.2709154873990126,0.7760331322102255,1.616297219774754,-1.3508315922632164,-0.041498759721854586,2.8532921009827694,-4.410322266104958,1.2575091565788845,1.2995210085427555,-2.9277095688090378,4.204960185414703,-0.6281327325863313,-0.6491178840213518,-1.8532921009867005,4.410322266096021,-1.2575091565840673,-1.299521008524974,3.1995470929564407,-2.6615682578377564,2.9210379364321035,-3.459016771550387}]

Max g: 7.789169309546651e-11
f_91([0.970478,0.901893,-0.113298,-1.63803,0.713204,1.00486,0.249506,1.19014,-0.192274,0.486923,0.213874,-0.0501136,1.12404,1.165,-0.541082,-2.911,1.7299,0.554197,0.499505,0.828192,0.319385,0.542314,0.313349,-0.270915,0.776033,1.6163,-1.35083,-0.0414988,2.85329,-4.41032,1.25751,1.29952,-2.92771,4.20496,-0.628133,-0.649118,-1.85329,4.41032,-1.25751,-1.29952,3.19955,-2.66157,2.92104,-3.45902])
9.639450709557517
Max g: 5.5491916617356196e-11
{0.9704782261896775,0.9018932423261292,-0.11329762220469898,-1.6380314466272938,0.7132036721368357,1.0048634594610528,0.24950573865872855,1.1901383715624092,-0.19227357238639062,0.48692307236111626,0.21387377092889945,-0.05011356294577701,1.1240424580374255,1.1649957896588565,-0.5410820244892257,-2.910996714676494,1.7298962979776904,0.5541967409762039,0.4995054940539145,0.8281922686493505,0.3193852591698694,0.542313765060403,0.3133486778400699,-0.27091548740010307,0.7760331322115452,1.6162972197723409,-1.3508315922630025,-0.04149875972099088,2.853292100995414,-4.410322266178878,1.257509156583496,1.2995210085997522,-2.92770956870317,4.204960185076445,-0.6281327325697162,-0.6491178838048791,-1.8532921009981296,4.410322266174403,-1.257509156586936,-1.29952100858915,3.199547092930745,-2.6615682578299094,2.9210379364426426,-3.459016771543292}]
Set[{A021,A031,A032,A041,A042,A043,A121,A131,A132,A141,A142,A143,B021,B031,B032,B041,B042,B043,B121,B131,B132,B141,B142,B143,\[Alpha]1,\[Alpha]2,\[Alpha]3,\[Alpha]4,\[Beta]11,\[Beta]12,\[Beta]13,\[Beta]14,\[Beta]21,\[Beta]22,\[Beta]23,\[Beta]24,\[Beta]31,\[Beta]32,\[Beta]33,\[Beta]34,\[Beta]41,\[Beta]42,\[Beta]43,\[Beta]44},{0.9704782261896775,0.9018932423261292,-0.11329762220469898,-1.6380314466272938,0.7132036721368357,1.0048634594610528,0.24950573865872855,1.1901383715624092,-0.19227357238639062,0.48692307236111626,0.21387377092889945,-0.05011356294577701,1.1240424580374255,1.1649957896588565,-0.5410820244892257,-2.910996714676494,1.7298962979776904,0.5541967409762039,0.4995054940539145,0.8281922686493505,0.3193852591698694,0.542313765060403,0.3133486778400699,-0.27091548740010307,0.7760331322115452,1.6162972197723409,-1.3508315922630025,-0.04149875972099088,2.853292100995414,-4.410322266178878,1.257509156583496,1.2995210085997522,-2.92770956870317,4.204960185076445,-0.6281327325697162,-0.6491178838048791,-1.8532921009981296,4.410322266174403,-1.257509156586936,-1.29952100858915,3.199547092930745,-2.6615682578299094,2.9210379364426426,-3.459016771543292}]


-----------------Final Result------------------
Options: alg=LN_AUGLAG_EQ,dx=0.01,max_eval=100000000,popSize=0
imin=-12,jmin=-1,imax=1,jmax=1,
parameter_minmax=5,
randSeed=47115344,rand_minmax=2

9170283 steps

Completed with maxf : 9.639450709557517

Constraints at 4.6693496f-11

x = [0.9704782261896775,0.9018932423261292,-0.11329762220469898,-1.6380314466272938,0.7132036721368357,1.0048634594610528,0.24950573865872855,1.1901383715624092,-0.19227357238639062,0.48692307236111626,0.21387377092889945,-0.05011356294577701,1.1240424580374255,1.1649957896588565,-0.5410820244892257,-2.910996714676494,1.7298962979776904,0.5541967409762039,0.4995054940539145,0.8281922686493505,0.3193852591698694,0.542313765060403,0.3133486778400699,-0.27091548740010307,0.7760331322115452,1.6162972197723409,-1.3508315922630025,-0.04149875972099088,2.853292100995414,-4.410322266178878,1.257509156583496,1.2995210085997522,-2.92770956870317,4.204960185076445,-0.6281327325697162,-0.6491178838048791,-1.8532921009981296,4.410322266174403,-1.257509156586936,-1.29952100858915,3.199547092930745,-2.6615682578299094,2.9210379364426426,-3.459016771543292]
c0 = [0.0,0.9704782261896775,0.7885956201214303,0.08003568497059466]
c1 = [0.0,0.24950573865872855,0.9978647991760186,0.6506832803442387]
A0 = [0.0,0.9704782261896775,0.9018932423261292,-1.6380314466272938,0.0,0.0,-0.11329762220469898,0.7132036721368357,0.0,0.0,0.0,1.0048634594610528,0.0,0.0,0.0,0.0]
A1 = [0.0,0.24950573865872855,1.1901383715624092,0.48692307236111626,0.0,0.0,-0.19227357238639062,0.21387377092889945,0.0,0.0,0.0,-0.05011356294577701,0.0,0.0,0.0,0.0]
B0 = [0.0,1.1240424580374255,1.1649957896588565,-2.910996714676494,0.0,0.0,-0.5410820244892257,1.7298962979776904,0.0,0.0,0.0,0.5541967409762039,0.0,0.0,0.0,0.0]
B1 = [0.0,0.4995054940539145,0.8281922686493505,0.542313765060403,0.0,0.0,0.3193852591698694,0.3133486778400699,0.0,0.0,0.0,-0.27091548740010307,0.0,0.0,0.0,0.0]
  = [0.7760331322115452,1.6162972197723409,-1.3508315922630025,-0.04149875972099088]
1 = [2.853292100995414,-4.410322266178878,1.257509156583496,1.2995210085997522]
2 = [-2.92770956870317,4.204960185076445,-0.6281327325697162,-0.6491178838048791]
3 = [-1.8532921009981296,4.410322266174403,-1.257509156586936,-1.29952100858915]
4 = [3.199547092930745,-2.6615682578299094,2.9210379364426426,-3.459016771543292]


Set[{A021,A031,A032,A041,A042,A043,A121,A131,A132,A141,A142,A143,B021,B031,B032,B041,B042,B043,B121,B131,B132,B141,B142,B143,\[Alpha]1,\[Alpha]2,\[Alpha]3,\[Alpha]4,\[Beta]11,\[Beta]12,\[Beta]13,\[Beta]14,\[Beta]21,\[Beta]22,\[Beta]23,\[Beta]24,\[Beta]31,\[Beta]32,\[Beta]33,\[Beta]34,\[Beta]41,\[Beta]42,\[Beta]43,\[Beta]44},{0.9704782261896775,0.9018932423261292,-0.11329762220469898,-1.6380314466272938,0.7132036721368357,1.0048634594610528,0.24950573865872855,1.1901383715624092,-0.19227357238639062,0.48692307236111626,0.21387377092889945,-0.05011356294577701,1.1240424580374255,1.1649957896588565,-0.5410820244892257,-2.910996714676494,1.7298962979776904,0.5541967409762039,0.4995054940539145,0.8281922686493505,0.3193852591698694,0.542313765060403,0.3133486778400699,-0.27091548740010307,0.7760331322115452,1.6162972197723409,-1.3508315922630025,-0.04149875972099088,2.853292100995414,-4.410322266178878,1.257509156583496,1.2995210085997522,-2.92770956870317,4.204960185076445,-0.6281327325697162,-0.6491178838048791,-1.8532921009981296,4.410322266174403,-1.257509156586936,-1.29952100858915,3.199547092930745,-2.6615682578299094,2.9210379364426426,-3.459016771543292}]



