
-----------------Setup------------------
Options: alg=LN_AUGLAG_EQ,dx=0.01,max_eval=100000000,popSize=0
imin=-12,jmin=-1,imax=1,jmax=1,
parameter_minmax=5,
randSeed=53321864, rand_minmax=3

Initial Condition:

[0.211527,-1.97235,1.44335,-1.67899,0.618573,0.602831,-1.86175,2.3128,2.79557,1.40506,1.64796,1.9342,-1.04831,-1.07217,0.346502,-0.298747,-1.05264,-1.47708,-1.88534,1.95153,-2.10796,2.57384,0.252893,2.70933,-2.04131,1.29058,1.93751,-1.00641,2.25731,0.879989,1.63902,0.61586,-1.37417,0.117272,-1.9301,1.20748,-2.09669,-1.51705,1.2477,-0.0840567,-2.08037,2.01103,-1.08765,-1.58587]

f_1([1.46121e-6,-0.684496,0.695878,-1.05693,0.910686,0.17856,0.106581,-0.100021,0.741646,-0.54159,0.554362,0.582846,0.75204,0.62142,-0.164166,2.42413,0.16576,-0.9141,-2.029,2.2423,-1.95521,0.62949,0.245464,1.37061,-3.32696,1.30861,0.642992,1.68152,0.0724487,0.70444,0.857732,-1.6078,-0.0507654,1.37306,-0.288079,-1.36435,-2.48114,1.21347,1.52822,-2.44399,0.101771,2.11825,-1.56493,-1.16259])
9.802211081410778
Max g: 6.318209689191565
f_2([1.00095e-5,-0.684495,0.695891,-1.05694,0.910685,0.178549,0.106617,-0.100068,0.74163,-0.541636,0.554306,0.582768,0.751862,0.621336,-0.164261,2.42378,0.165403,-0.914464,-2.02847,2.24255,-1.95429,0.628364,0.243167,1.36963,-3.32694,1.30855,0.642955,1.68132,0.0724742,0.704614,0.857613,-1.60723,-0.0507448,1.37292,-0.287924,-1.3641,-2.48111,1.21373,1.528,-2.44324,0.101784,2.11798,-1.56448,-1.16245])
9.803503619489026
Max g: 6.297882891795974
f_3([7.96006e-6,-0.684888,0.69616,-1.05139,0.908802,0.173057,0.105757,-0.0938451,0.738719,-0.538832,0.55099,0.561592,0.738788,0.610665,-0.163559,2.42162,0.158706,-0.916497,-2.02559,2.25643,-1.9497,0.625322,0.12236,1.3577,-3.32996,1.30777,0.642485,1.6698,0.0773122,0.709524,0.863604,-1.60111,-0.0515272,1.37058,-0.288401,-1.36115,-2.48302,1.44539,1.48913,-2.24067,-0.0818629,2.10557,-1.39061,-1.16264])
10.025024760899576
Max g: 5.503264149639961
f_4([7.21101e-6,-0.692405,0.696225,-1.0378,0.898721,0.153552,0.0867749,-0.159062,0.708217,-0.557689,0.535162,0.495833,0.696543,0.620777,-0.245709,2.5517,0.218655,-0.941279,-1.99628,2.31317,-1.92785,0.634614,0.0552258,1.30405,-3.34082,1.27165,0.658226,1.60565,0.0926961,0.952077,0.840704,-1.6012,-0.0793752,1.40427,-0.275265,-1.35721,-2.45393,1.40639,1.49537,-2.07117,-0.269283,2.06624,1.01055,-1.1614])
10.622376205062313
Max g: 4.942630733596768
f_5([-1.8136e-14,-1.18602,1.20778,-0.761756,0.786455,-0.0236236,0.000151261,-1.0205,1.02092,-1.18144,-0.538233,1.73441,0.00214038,1.45609,-1.4269,2.84879,-0.113983,-2.1788,-0.00716103,2.58709,-2.64436,0.0270783,-1.11583,0.96885,-3.26067,1.20927,0.187482,2.11307,1.20027,-1.77867,0.998487,0.625224,-1.05625,3.20458,-0.446234,-1.74358,-3.40622,1.58227,0.752031,0.109364,-1.08836,2.12686,0.448862,-1.45715])
25.168699163674326
Max g: 1.0041198296638134
f_6([0.0915449,0.834246,-0.305688,-0.714348,0.833781,-0.0571588,-1.87908e-18,-0.43003,1.43003,-1.10327,-0.192877,1.73124,-0.393539,1.40957,-1.64703,2.81189,-0.454996,-1.59897,-0.331528,1.53759,-3.4575,0.201761,-1.36829,0.129608,-3.3265,1.61617,0.510138,2.28477,2.81038,-2.84712,0.115978,0.892101,0.260314,1.71076,0.723427,-2.71779,-2.6376,4.29923,0.0424793,-1.59242,-0.289372,2.38264,1.61439,-3.71773])
2.124336044604036
Max g: 0.3496310797356603
f_7([0.105845,0.965191,-0.349551,-0.855839,0.942984,-0.0760272,-2.70565e-19,-0.0245551,1.02456,-0.969391,-0.203442,1.71254,-0.403096,1.49779,-1.54862,2.78291,-0.431752,-1.61011,-0.682793,-1.15523,-0.737563,-0.191493,-1.5824,0.591561,-3.34247,1.59464,0.501016,2.24494,3.17466,-5.0,-0.283159,3.15855,1.807,-1.87427,0.344108,-0.29156,-2.12559,4.99154,0.298946,-3.19181,0.388408,1.22257,1.70119,-3.35045])
2.249811664200137
Max g: 0.421526576879101
f_8([0.138837,0.913933,-0.416287,-0.844913,0.976082,-0.115594,0.0847452,-0.0251296,1.02513,-1.0504,-0.158752,1.7368,-0.407765,1.52744,-1.58795,2.77605,-0.474765,-1.56203,-0.600487,-0.701586,-1.09175,-0.0523745,-1.48705,0.46709,-3.33127,1.57533,0.494164,2.26146,2.95805,-4.93448,-0.308269,3.28136,2.05648,-2.30656,0.229187,0.0188888,-1.92254,4.84755,0.294835,-3.21623,0.765846,0.992948,1.77826,-3.53635])
2.292863124806406
Max g: 0.15129461853173073
f_9([0.126917,0.908558,-0.415659,-0.847444,0.976108,-0.103704,0.0893571,-0.0263721,1.02637,-1.04388,-0.153891,1.73195,-0.408332,1.52819,-1.58663,2.7757,-0.475788,-1.56082,-0.583662,-0.673747,-1.08349,-0.0385483,-1.47188,0.460786,-3.33171,1.57482,0.494584,2.26194,3.00298,-4.96268,-0.283928,3.23948,2.15923,-2.48252,0.211948,0.110232,-1.96588,4.87358,0.270343,-3.17367,0.814967,0.94734,1.82611,-3.58768])
2.323386908654269
Max g: 0.13947656059891325
f_10([0.0986585,0.899287,-0.410377,-0.845542,0.97202,-0.080399,0.107439,-0.0271911,1.02719,-1.0336,-0.143943,1.73411,-0.40903,1.52934,-1.58121,2.77841,-0.478722,-1.55983,-0.556409,-0.641876,-1.03578,-0.015911,-1.44924,0.4599,-3.32353,1.57568,0.491292,2.25682,3.08243,-5.0,-0.219606,3.1376,2.33744,-2.79221,0.193031,0.260061,-2.07075,4.97045,0.213038,-3.11168,0.924665,0.807222,1.94205,-3.67583])
2.429375031070627
{0.09865853623002052,0.899286963121146,-0.4103765458741321,-0.8455421025119798,0.9720202303817008,-0.08039898653891113,0.10743875560790875,-0.027191101805568437,1.0271893605238238,-1.0335958471655928,-0.1439426375846002,1.734110234082105,-0.4090304238564433,1.5293423638923003,-1.5812060991909962,2.7784108133339442,-0.47872202378396844,-1.5598264148877248,-0.5564086620308939,-0.6418760141353054,-1.0357751088596052,-0.015911046569263166,-1.4492372599067191,0.45990029438491076,-3.3235328166266096,1.5756807564881763,0.49129158188221367,2.2568173452099636,3.082431721681767,-4.999999809790795,-0.21960567039341994,3.1376007138848196,2.3374424187607974,-2.7922118943430236,0.1930311209389505,0.26006128758808106,-2.0707522446917577,4.970448453019072,0.21303777418970127,-3.1116827126295994,0.9246650931514698,0.8072222976101548,1.9420520822454836,-3.675830070877477}]
Set[{A021,A031,A032,A041,A042,A043,A121,A131,A132,A141,A142,A143,B021,B031,B032,B041,B042,B043,B121,B131,B132,B141,B142,B143,\[Alpha]1,\[Alpha]2,\[Alpha]3,\[Alpha]4,\[Beta]11,\[Beta]12,\[Beta]13,\[Beta]14,\[Beta]21,\[Beta]22,\[Beta]23,\[Beta]24,\[Beta]31,\[Beta]32,\[Beta]33,\[Beta]34,\[Beta]41,\[Beta]42,\[Beta]43,\[Beta]44},{0.09865853623002052,0.899286963121146,-0.4103765458741321,-0.8455421025119798,0.9720202303817008,-0.08039898653891113,0.10743875560790875,-0.027191101805568437,1.0271893605238238,-1.0335958471655928,-0.1439426375846002,1.734110234082105,-0.4090304238564433,1.5293423638923003,-1.5812060991909962,2.7784108133339442,-0.47872202378396844,-1.5598264148877248,-0.5564086620308939,-0.6418760141353054,-1.0357751088596052,-0.015911046569263166,-1.4492372599067191,0.45990029438491076,-3.3235328166266096,1.5756807564881763,0.49129158188221367,2.2568173452099636,3.082431721681767,-4.999999809790795,-0.21960567039341994,3.1376007138848196,2.3374424187607974,-2.7922118943430236,0.1930311209389505,0.26006128758808106,-2.0707522446917577,4.970448453019072,0.21303777418970127,-3.1116827126295994,0.9246650931514698,0.8072222976101548,1.9420520822454836,-3.675830070877477}]

Max g: 0.1203008570702461
f_11([0.0767832,0.894771,-0.41525,-0.851318,0.975877,-0.0626022,0.119337,-0.0304748,1.03047,-1.01713,-0.130125,1.72466,-0.410376,1.52977,-1.5737,2.77773,-0.478445,-1.56018,-0.531161,-0.630266,-0.971029,-0.00139269,-1.42689,0.460405,-3.32994,1.57696,0.495532,2.25811,3.14883,-4.99994,-0.156106,3.00789,2.54656,-3.15107,0.167509,0.436602,-2.14969,5.0,0.155306,-3.00547,1.0763,0.60733,2.09149,-3.7763])
2.5281050550475905
Max g: 0.09541794834524435
f_12([0.0713134,0.892109,-0.422089,-0.852404,0.979886,-0.0584299,0.129145,-0.0356958,1.0357,-1.00391,-0.117008,1.71467,-0.412915,1.53022,-1.56422,2.77753,-0.478743,-1.56091,-0.517847,-0.634588,-0.916334,0.0105753,-1.42075,0.465547,-3.33081,1.57677,0.493984,2.25998,3.1824,-4.99877,-0.109077,2.92499,2.67436,-3.38209,0.153785,0.554383,-2.18306,4.99993,0.109794,-2.9274,1.19005,0.442298,2.20549,-3.84051])
2.5809996902497505
Max g: 0.08056958111255694
f_13([0.0699045,0.889213,-0.421613,-0.851299,0.97873,-0.0570599,0.134621,-0.0359959,1.036,-1.0003,-0.112223,1.71631,-0.412306,1.53235,-1.56626,2.778,-0.479941,-1.55993,-0.510157,-0.639818,-0.876688,0.0145504,-1.41368,0.469942,-3.33151,1.57892,0.493271,2.25931,3.19729,-5.0,-0.0798626,2.88239,2.712,-3.42794,0.163957,0.551562,-2.1975,5.0,0.0798707,-2.88228,1.31103,0.279765,2.29791,-3.89034])
2.5971067032248443
Max g: 0.07803454021411302
f_14([0.0699163,0.890546,-0.422585,-0.85183,0.9786,-0.0565735,0.138384,-0.0363536,1.03635,-0.996983,-0.110213,1.71764,-0.412737,1.53273,-1.56438,2.77759,-0.479612,-1.5598,-0.506489,-0.644759,-0.852682,0.015084,-1.4099,0.4733,-3.33067,1.5787,0.493603,2.25853,3.20774,-5.0,-0.0609246,2.85291,2.73931,-3.47307,0.166107,0.567156,-2.20762,5.0,0.0612626,-2.85363,1.36989,0.191918,2.3523,-3.91569])
2.6179861644888547
Max g: 0.07477718594574072
f_15([0.07044,0.893694,-0.423777,-0.854189,0.981299,-0.0572249,0.141714,-0.0368655,1.03687,-0.993384,-0.108042,1.71784,-0.412886,1.53258,-1.56254,2.77646,-0.47895,-1.55943,-0.503692,-0.649603,-0.831966,0.0147537,-1.40651,0.476246,-3.32945,1.57936,0.491616,2.25851,3.21623,-5.0,-0.0449365,2.82851,2.75648,-3.50289,0.168273,0.577423,-2.2161,5.0,0.0449521,-2.82849,1.42179,0.112706,2.40096,-3.93691])
2.643936352059839
Max g: 0.07216500220240585
f_16([0.0701472,0.894424,-0.424703,-0.854211,0.981028,-0.0568665,0.145571,-0.0363418,1.03634,-0.990596,-0.106067,1.71934,-0.413246,1.53376,-1.56148,2.77603,-0.478913,-1.55908,-0.500385,-0.653895,-0.809901,0.0156022,-1.40346,0.479924,-3.32985,1.57963,0.492322,2.25799,3.2246,-5.0,-0.0246207,2.7999,2.78708,-3.55804,0.168856,0.601496,-2.22479,5.0,0.024328,-2.79932,1.47961,0.0268495,2.454,-3.96164])
2.648410522330699
Max g: 0.06828604183856901
f_17([0.0706998,0.894825,-0.425216,-0.854119,0.981028,-0.0571987,0.148606,-0.0361426,1.03614,-0.989362,-0.103293,1.72014,-0.413802,1.53473,-1.56033,2.77543,-0.478464,-1.5592,-0.497908,-0.656875,-0.793291,0.0162941,-1.40126,0.482894,-3.32955,1.57945,0.491722,2.25839,3.23111,-5.0,-0.00786604,2.77659,2.81215,-3.60474,0.168611,0.623358,-2.23111,5.0,0.0079121,-2.77665,1.5238,-0.0396517,2.4956,-3.98086])
2.6614353291192003
Max g: 0.06499237300539853
f_18([0.0710359,0.894696,-0.425127,-0.853964,0.980956,-0.0574716,0.149695,-0.0362625,1.03626,-0.988783,-0.102708,1.72069,-0.413987,1.53494,-1.55993,2.77554,-0.478537,-1.55934,-0.497057,-0.657988,-0.787481,0.0164868,-1.40051,0.483955,-3.32962,1.57935,0.491651,2.25861,3.2333,-5.0,-0.00201355,2.76854,2.82117,-3.6215,0.168578,0.631192,-2.23331,5.0,0.00196318,-2.76843,1.53971,-0.0637403,2.51022,-3.98713])
2.6687928535646135
Max g: 0.06383495402101029
f_19([0.0709601,0.894538,-0.425274,-0.853826,0.980919,-0.0574946,0.150411,-0.0362506,1.03625,-0.988458,-0.102342,1.72111,-0.414052,1.53517,-1.55967,2.77563,-0.478655,-1.55934,-0.496489,-0.658704,-0.783599,0.016577,-1.39992,0.484645,-3.32963,1.57934,0.491715,2.25858,3.23477,-5.0,0.00205103,2.76308,2.82713,-3.63273,0.168493,0.636586,-2.23477,5.0,-0.0020288,-2.76307,1.55013,-0.0797203,2.52004,-3.99142])
2.669488835606747
Max g: 0.06302947504919792
f_20([0.0709027,0.894675,-0.425028,-0.853964,0.980917,-0.057406,0.151077,-0.0362108,1.03621,-0.987938,-0.102208,1.72147,-0.414206,1.53535,-1.55945,2.77544,-0.47851,-1.55935,-0.495977,-0.659255,-0.78017,0.0166941,-1.39939,0.485271,-3.32974,1.57923,0.491805,2.25868,3.23598,-5.0,0.00575923,2.75815,2.83259,-3.64311,0.168488,0.641466,-2.23595,5.0,-0.0057148,-2.75824,1.55979,-0.0943801,2.52895,-3.99532])
2.6696876876187856
{0.070902681141179,0.8946751944594469,-0.42502827507624585,-0.8539644174223228,0.9809168232758987,-0.05740603942810826,0.15107739281392754,-0.03621082045874525,1.0362108204587448,-0.9879384482582345,-0.10220760445995472,1.7214684806537386,-0.4142062360354555,1.535352687892171,-1.559447439972063,2.7754362018473997,-0.4785103041327358,-1.559349572482387,-0.4959772310312648,-0.6592553806174754,-0.7801697250427622,0.01669410522726897,-1.3993902508672118,0.48527053799001174,-3.3297409268553197,1.579225054092557,0.4918047755284801,2.2586782485960937,3.235979094884166,-4.999999313518526,0.005759229019530851,2.758145463473491,2.832592085950231,-3.6431128231439156,0.1684882098108835,0.6414664544777545,-2.235946313859924,5.0,-0.0057147977404536044,-2.7582394242988313,1.5597856069887228,-0.09438008862755243,2.5289504943485044,-3.99531554048399}]
Set[{A021,A031,A032,A041,A042,A043,A121,A131,A132,A141,A142,A143,B021,B031,B032,B041,B042,B043,B121,B131,B132,B141,B142,B143,\[Alpha]1,\[Alpha]2,\[Alpha]3,\[Alpha]4,\[Beta]11,\[Beta]12,\[Beta]13,\[Beta]14,\[Beta]21,\[Beta]22,\[Beta]23,\[Beta]24,\[Beta]31,\[Beta]32,\[Beta]33,\[Beta]34,\[Beta]41,\[Beta]42,\[Beta]43,\[Beta]44},{0.070902681141179,0.8946751944594469,-0.42502827507624585,-0.8539644174223228,0.9809168232758987,-0.05740603942810826,0.15107739281392754,-0.03621082045874525,1.0362108204587448,-0.9879384482582345,-0.10220760445995472,1.7214684806537386,-0.4142062360354555,1.535352687892171,-1.559447439972063,2.7754362018473997,-0.4785103041327358,-1.559349572482387,-0.4959772310312648,-0.6592553806174754,-0.7801697250427622,0.01669410522726897,-1.3993902508672118,0.48527053799001174,-3.3297409268553197,1.579225054092557,0.4918047755284801,2.2586782485960937,3.235979094884166,-4.999999313518526,0.005759229019530851,2.758145463473491,2.832592085950231,-3.6431128231439156,0.1684882098108835,0.6414664544777545,-2.235946313859924,5.0,-0.0057147977404536044,-2.7582394242988313,1.5597856069887228,-0.09438008862755243,2.5289504943485044,-3.99531554048399}]

Max g: 0.06234465941357058
f_21([0.070871,0.89467,-0.425028,-0.853966,0.980894,-0.0573885,0.151252,-0.0362276,1.03623,-0.987859,-0.102056,1.7215,-0.414211,1.5354,-1.55938,2.77543,-0.478495,-1.55935,-0.495857,-0.659441,-0.779264,0.016716,-1.39928,0.485455,-3.32977,1.5792,0.491911,2.25863,3.23627,-5.0,0.00671034,2.75689,2.83397,-3.64578,0.168479,0.642767,-2.23626,5.0,-0.0067175,-2.75686,1.56225,-0.0981809,2.53121,-3.99626])
2.669488835606747
Max g: 0.06215486882821673
f_22([0.070855,0.894682,-0.425107,-0.853973,0.980898,-0.0573378,0.151436,-0.0362581,1.03626,-0.987754,-0.101956,1.72156,-0.414234,1.53549,-1.55938,2.77541,-0.478454,-1.55939,-0.495713,-0.659653,-0.778257,0.0167238,-1.39911,0.485629,-3.32974,1.57921,0.491885,2.25866,3.2366,-5.0,0.00775192,2.75555,2.83553,-3.64871,0.16845,0.644178,-2.23658,5.0,-0.00774183,-2.75554,1.56502,-0.102308,2.53369,-3.99735])
2.669588261612766
Max g: 0.06193776854041126
f_23([0.0708763,0.894664,-0.425153,-0.853966,0.980935,-0.0573996,0.151612,-0.0362499,1.03625,-0.98768,-0.101842,1.72167,-0.414257,1.53557,-1.55931,2.77539,-0.47841,-1.55941,-0.495576,-0.659812,-0.777343,0.0167642,-1.39899,0.485797,-3.32977,1.57921,0.491883,2.25868,3.23698,-5.0,0.00872555,2.7542,2.83693,-3.65142,0.1684,0.645519,-2.23689,5.0,-0.0087141,-2.75423,1.56753,-0.106203,2.53606,-3.99836])
2.670085391642862
Max g: 0.061737643272490136
f_24([0.0708325,0.894655,-0.425152,-0.853992,0.980972,-0.0573651,0.151798,-0.0362502,1.03625,-0.987552,-0.101755,1.72174,-0.414295,1.5357,-1.5593,2.7754,-0.478405,-1.55944,-0.495434,-0.659943,-0.776401,0.0168125,-1.39887,0.485979,-3.32979,1.57919,0.491932,2.25865,3.23732,-5.0,0.00978415,2.75277,2.83848,-3.65445,0.168386,0.646986,-2.23723,5.0,-0.00976261,-2.7528,1.57029,-0.11042,2.53866,-3.99951])
2.670085391642862
Max g: 0.06154478013200985
f_25([0.0708369,0.894659,-0.425192,-0.854021,0.980956,-0.0573594,0.152,-0.0362949,1.03629,-0.987433,-0.101649,1.72182,-0.414339,1.5358,-1.55928,2.77542,-0.478394,-1.5595,-0.495267,-0.660105,-0.775348,0.0168111,-1.39864,0.486159,-3.32983,1.57914,0.492008,2.25867,3.23768,-5.0,0.010956,2.75124,2.84016,-3.65755,0.16839,0.648423,-2.2377,5.0,-0.0109676,-2.75121,1.57324,-0.114886,2.54133,-4.00062])
2.671179077709072
Max g: 0.06131791482653548
f_26([0.0708584,0.894661,-0.425195,-0.853981,0.980943,-0.0573765,0.152108,-0.0362718,1.03627,-0.987376,-0.101591,1.72188,-0.414334,1.5358,-1.55922,2.77545,-0.478426,-1.55949,-0.495182,-0.66022,-0.774771,0.0168,-1.39853,0.486247,-3.32979,1.57917,0.491968,2.25864,3.23797,-5.0,0.0115633,2.75036,2.84114,-3.65935,0.168404,0.649239,-2.23795,5.0,-0.0115888,-2.75034,1.57488,-0.117417,2.54287,-4.0013])
2.6714773557271294
Max g: 0.061209200718685915
f_27([0.0700219,0.895315,-0.424556,-0.854381,0.980809,-0.0565959,0.155026,-0.0363615,1.03636,-0.985009,-0.0999463,1.72255,-0.414947,1.53648,-1.55804,2.77667,-0.479632,-1.55976,-0.492847,-0.662789,-0.7596,0.0175047,-1.39667,0.489125,-3.33003,1.57854,0.492182,2.25923,3.24427,-4.99999,0.0281192,2.72748,2.86625,-3.70695,0.167627,0.67259,-2.24413,5.0,-0.0281046,-2.72763,1.61765,-0.18405,2.58323,-4.01787])
2.6799285662387526
Max g: 0.05778749777262903
f_28([0.0696588,0.89492,-0.423781,-0.854754,0.980836,-0.056265,0.15831,-0.0362259,1.03623,-0.982684,-0.0986577,1.72409,-0.414947,1.53717,-1.55665,2.77674,-0.480286,-1.55907,-0.490519,-0.665641,-0.743158,0.0174932,-1.39392,0.492194,-3.3309,1.57972,0.493136,2.25808,3.25015,-5.0,0.046706,2.70299,2.89265,-3.75804,0.167382,0.697476,-2.25022,5.0,-0.0466449,-2.70309,1.66565,-0.259306,2.62842,-4.03563])
2.6903682968707576
Max g: 0.05428047596143918
f_29([0.0695571,0.89501,-0.422935,-0.854407,0.980242,-0.0561547,0.161065,-0.0359115,1.03591,-0.981765,-0.0975648,1.72618,-0.415336,1.53787,-1.5555,2.77596,-0.479512,-1.55922,-0.488711,-0.668296,-0.729426,0.0175643,-1.39203,0.495046,-3.33073,1.57957,0.492989,2.25821,3.25424,-5.0,0.0624313,2.68325,2.91416,-3.79996,0.167413,0.717945,-2.25444,5.0,-0.0625676,-2.6829,1.7057,-0.321782,2.66588,-4.05054])
2.6937487810754073
Max g: 0.051326576409152516
f_30([0.0698484,0.895627,-0.423058,-0.853863,0.979739,-0.0564639,0.163535,-0.0358671,1.03587,-0.980024,-0.0967772,1.72738,-0.415603,1.53851,-1.55462,2.77609,-0.479744,-1.55927,-0.487245,-0.670509,-0.717651,0.0172054,-1.39,0.497453,-3.33105,1.58001,0.492755,2.25835,3.25804,-5.0,0.0766609,2.66515,2.93255,-3.83638,0.167565,0.735905,-2.25801,5.0,-0.0765673,-2.66538,1.74058,-0.377468,2.69943,-4.06323])
2.698521229364324
{0.06984842906220556,0.8956267517751667,-0.4230584498856396,-0.8538628212364358,0.9797387991440177,-0.05646387783064146,0.16353527181994093,-0.035867065338576004,1.0358670653385724,-0.9800241804368729,-0.09677720579223964,1.7273756248330712,-0.4156031887004225,1.5385116500664449,-1.5546185629565035,2.7760947857991054,-0.4797443357568434,-1.5592732799382545,-0.48724493664622576,-0.6705085306620107,-0.7176508469840686,0.01720543287324685,-1.3899967970160902,0.49745255691495294,-3.3310454803153133,1.580010080520291,0.49275520565116365,2.258349080436357,3.258041496114233,-4.9999988068819565,0.07666087802464676,2.6651540198761214,2.9325450381775466,-3.8363784763368036,0.16756507639314275,0.7359050748641294,-2.2580058963641587,4.999999999999997,-0.07656726975028633,-2.6653785551483633,1.7405807071056598,-0.37746837751673773,2.699433980713741,-4.063226060709347}]
Set[{A021,A031,A032,A041,A042,A043,A121,A131,A132,A141,A142,A143,B021,B031,B032,B041,B042,B043,B121,B131,B132,B141,B142,B143,\[Alpha]1,\[Alpha]2,\[Alpha]3,\[Alpha]4,\[Beta]11,\[Beta]12,\[Beta]13,\[Beta]14,\[Beta]21,\[Beta]22,\[Beta]23,\[Beta]24,\[Beta]31,\[Beta]32,\[Beta]33,\[Beta]34,\[Beta]41,\[Beta]42,\[Beta]43,\[Beta]44},{0.06984842906220556,0.8956267517751667,-0.4230584498856396,-0.8538628212364358,0.9797387991440177,-0.05646387783064146,0.16353527181994093,-0.035867065338576004,1.0358670653385724,-0.9800241804368729,-0.09677720579223964,1.7273756248330712,-0.4156031887004225,1.5385116500664449,-1.5546185629565035,2.7760947857991054,-0.4797443357568434,-1.5592732799382545,-0.48724493664622576,-0.6705085306620107,-0.7176508469840686,0.01720543287324685,-1.3899967970160902,0.49745255691495294,-3.3310454803153133,1.580010080520291,0.49275520565116365,2.258349080436357,3.258041496114233,-4.9999988068819565,0.07666087802464676,2.6651540198761214,2.9325450381775466,-3.8363784763368036,0.16756507639314275,0.7359050748641294,-2.2580058963641587,4.999999999999997,-0.07656726975028633,-2.6653785551483633,1.7405807071056598,-0.37746837751673773,2.699433980713741,-4.063226060709347}]

Max g: 0.04882397770003283
f_31([0.0699252,0.895755,-0.422756,-0.8538,0.979441,-0.0563897,0.165901,-0.0357121,1.03571,-0.978641,-0.0958328,1.72857,-0.415798,1.53943,-1.55399,2.77706,-0.48015,-1.55984,-0.485904,-0.67263,-0.706578,0.0166843,-1.38797,0.49973,-3.33119,1.58018,0.493079,2.25785,3.26112,-5.0,0.0899429,2.6489,2.94931,-3.87058,0.167565,0.753318,-2.26118,5.0,-0.0899916,-2.64878,1.77385,-0.4316,2.73116,-4.07415])
2.69782524732219
Max g: 0.04637115613302585
f_32([0.0702079,0.89667,-0.42241,-0.854404,0.979713,-0.0565818,0.16816,-0.0358271,1.03583,-0.977433,-0.0953291,1.7302,-0.415917,1.5406,-1.55375,2.77671,-0.480134,-1.55949,-0.484699,-0.674904,-0.695774,0.0166372,-1.38684,0.502309,-3.3314,1.58084,0.493094,2.25742,3.26382,-5.0,0.103322,2.63282,2.96493,-3.9028,0.167755,0.769757,-2.26398,5.0,-0.103483,-2.6325,1.80605,-0.483582,2.76229,-4.08541])
2.709855794050501
Max g: 0.044023847690679824
f_33([0.0703711,0.897008,-0.421793,-0.854554,0.979728,-0.0566814,0.170492,-0.035823,1.03582,-0.975841,-0.0946574,1.73129,-0.416238,1.54091,-1.55252,2.77684,-0.480476,-1.55942,-0.483693,-0.677142,-0.685318,0.0162972,-1.38568,0.504948,-3.33133,1.58091,0.492738,2.25768,3.26594,-5.0,0.116586,2.61744,2.97925,-3.9335,0.168251,0.785636,-2.2661,5.0,-0.116707,-2.61714,1.83763,-0.535675,2.79273,-4.0953])
2.7227811748329835
Max g: 0.041844582585026935
f_34([0.0701915,0.89736,-0.421014,-0.854591,0.979485,-0.0564817,0.172723,-0.0354591,1.03546,-0.97469,-0.0939248,1.73257,-0.416539,1.5416,-1.55181,2.77655,-0.480541,-1.55927,-0.482677,-0.679132,-0.675471,0.015974,-1.38446,0.507455,-3.33136,1.58088,0.492465,2.25804,3.26811,-5.0,0.129707,2.60222,2.99354,-3.96347,0.168927,0.800828,-2.26804,5.0,-0.129781,-2.60212,1.86813,-0.586038,2.82211,-4.10483])
2.72317887885706
Max g: 0.03973915223195652
f_35([0.0697134,0.897056,-0.421532,-0.854315,0.97942,-0.0562178,0.174861,-0.0354474,1.03545,-0.974184,-0.092802,1.73401,-0.417099,1.5425,-1.55109,2.77669,-0.481184,-1.55903,-0.481791,-0.681186,-0.66592,0.0155665,-1.38343,0.509959,-3.33104,1.58003,0.492607,2.25846,3.26996,-5.0,0.142471,2.5875,3.0063,-3.99134,0.169534,0.815279,-2.27006,5.0,-0.142525,-2.58741,1.89788,-0.635597,2.85116,-4.11405])
2.716915040477857
Max g: 0.0377238490574861
f_36([0.0698448,0.896874,-0.421342,-0.854485,0.979167,-0.0558657,0.176973,-0.0352377,1.03524,-0.973182,-0.0917436,1.73496,-0.417368,1.54277,-1.54996,2.77733,-0.481262,-1.5597,-0.480956,-0.683258,-0.656658,0.0149248,-1.38208,0.512295,-3.33133,1.58034,0.49249,2.25859,3.27167,-5.0,0.154972,2.57332,3.01892,-4.01863,0.170329,0.829187,-2.27168,5.0,-0.155068,-2.57317,1.92615,-0.683356,2.87935,-4.12265])
2.715025946363494
Max g: 0.03579067143258226
f_37([0.0701006,0.896618,-0.42097,-0.854408,0.979541,-0.0564692,0.178983,-0.0351126,1.03512,-0.972471,-0.0909217,1.73631,-0.417783,1.5439,-1.54961,2.77714,-0.481665,-1.55933,-0.480118,-0.685093,-0.647927,0.0144464,-1.381,0.514616,-3.33144,1.58007,0.492212,2.25914,3.27353,-4.99999,0.1672,2.55935,3.03079,-4.04454,0.171014,0.842567,-2.27352,5.0,-0.167285,-2.55916,1.95427,-0.730861,2.90677,-4.13066])
2.7379933537539056
Max g: 0.033863507509642427
f_38([0.0701855,0.896787,-0.421014,-0.854807,0.979965,-0.0564976,0.180912,-0.0351605,1.03516,-0.971331,-0.0901994,1.73725,-0.41807,1.54473,-1.54903,2.77681,-0.481712,-1.55908,-0.479456,-0.686844,-0.639859,0.0139394,-1.38022,0.516913,-3.33108,1.58012,0.491835,2.25912,3.2748,-5.0,0.178507,2.54667,3.04143,-4.06837,0.171804,0.854969,-2.27487,5.0,-0.178568,-2.54654,1.98007,-0.775603,2.93271,-4.13764])
2.7450526001812614
Max g: 0.03215643407882364
f_39([0.0701529,0.896886,-0.421214,-0.854848,0.980061,-0.0564942,0.182428,-0.0351948,1.03519,-0.970629,-0.0896343,1.73815,-0.418409,1.54551,-1.54865,2.77693,-0.481769,-1.55932,-0.478901,-0.688165,-0.63349,0.0132357,-1.37905,0.518558,-3.33103,1.57989,0.491733,2.25944,3.27598,-5.0,0.18787,2.53611,3.04994,-4.08721,0.172569,0.86453,-2.27606,5.0,-0.187951,-2.53596,2.0008,-0.811413,2.95338,-4.14317])
2.742566950030784
Max g: 0.030803616348847592
f_40([0.0705475,0.896876,-0.421265,-0.854783,0.980117,-0.0568285,0.183904,-0.0352059,1.03521,-0.969814,-0.0890338,1.73887,-0.418741,1.54621,-1.54822,2.77682,-0.481879,-1.55932,-0.478329,-0.689445,-0.627262,0.0126023,-1.37798,0.520199,-3.33117,1.57978,0.49142,2.25996,3.27728,-5.0,0.197186,2.5255,3.05802,-4.10536,0.173183,0.873999,-2.27729,5.0,-0.197249,-2.52541,2.02142,-0.84692,2.97405,-4.14895])
2.7478365283497963
{0.07054748497249765,0.896876084150122,-0.42126471707952734,-0.8547825166307335,0.9801173283339196,-0.05682846388850267,0.1839044166219412,-0.03520586079992457,1.0352058607999266,-0.9698137597101757,-0.08903384048808212,1.7388693521382372,-0.41874095945011086,1.5462071079864355,-1.5482180152165292,2.77682267731002,-0.4818794311034903,-1.5593227321764764,-0.47832881616648154,-0.6894450799019203,-0.6272620739293016,0.0126022830992706,-1.3779777829824613,0.5201993639680411,-3.331172194643082,1.5797774665518174,0.4914202696361048,2.2599565879713093,3.2772785987361344,-4.99999876812131,0.19718581810367317,2.5255032344818176,3.05802351172854,-4.105358522990116,0.17318256300485405,0.8739986943619276,-2.2772914486602107,4.999999999999997,-0.19724948891572588,-2.525413454628345,2.0214153215638224,-0.8469202241905864,2.974051987741568,-4.148949010656032}]
Set[{A021,A031,A032,A041,A042,A043,A121,A131,A132,A141,A142,A143,B021,B031,B032,B041,B042,B043,B121,B131,B132,B141,B142,B143,\[Alpha]1,\[Alpha]2,\[Alpha]3,\[Alpha]4,\[Beta]11,\[Beta]12,\[Beta]13,\[Beta]14,\[Beta]21,\[Beta]22,\[Beta]23,\[Beta]24,\[Beta]31,\[Beta]32,\[Beta]33,\[Beta]34,\[Beta]41,\[Beta]42,\[Beta]43,\[Beta]44},{0.07054748497249765,0.896876084150122,-0.42126471707952734,-0.8547825166307335,0.9801173283339196,-0.05682846388850267,0.1839044166219412,-0.03520586079992457,1.0352058607999266,-0.9698137597101757,-0.08903384048808212,1.7388693521382372,-0.41874095945011086,1.5462071079864355,-1.5482180152165292,2.77682267731002,-0.4818794311034903,-1.5593227321764764,-0.47832881616648154,-0.6894450799019203,-0.6272620739293016,0.0126022830992706,-1.3779777829824613,0.5201993639680411,-3.331172194643082,1.5797774665518174,0.4914202696361048,2.2599565879713093,3.2772785987361344,-4.99999876812131,0.19718581810367317,2.5255032344818176,3.05802351172854,-4.105358522990116,0.17318256300485405,0.8739986943619276,-2.2772914486602107,4.999999999999997,-0.19724948891572588,-2.525413454628345,2.0214153215638224,-0.8469202241905864,2.974051987741568,-4.148949010656032}]

Max g: 0.02939135055121266
f_41([0.0706091,0.896765,-0.421258,-0.854666,0.980063,-0.0568952,0.185338,-0.0352226,1.03522,-0.969403,-0.0882801,1.73979,-0.418927,1.54664,-1.54753,2.77676,-0.481835,-1.55935,-0.477844,-0.690765,-0.621284,0.0119213,-1.37698,0.521797,-3.33096,1.57983,0.491272,2.25986,3.27832,-5.0,0.206029,2.51565,3.06567,-4.12257,0.17395,0.88285,-2.27832,5.0,-0.205997,-2.51567,2.04104,-0.881357,2.99393,-4.15401])
2.751714142584541
Max g: 0.028122080649308583
f_42([0.0707447,0.897056,-0.421152,-0.854725,0.980178,-0.0571202,0.186757,-0.0352796,1.03528,-0.96858,-0.0877329,1.74048,-0.419032,1.54742,-1.54724,2.77677,-0.481684,-1.55952,-0.47741,-0.692016,-0.6155,0.0115318,-1.37656,0.523597,-3.33093,1.58011,0.491285,2.25955,3.2793,-5.0,0.214743,2.50597,3.0728,-4.13895,0.174816,0.891226,-2.27937,5.0,-0.214834,-2.50579,2.05999,-0.915086,3.01331,-4.15859])
2.751714142584541
Max g: 0.02692427443805166
f_43([0.0711166,0.896998,-0.420887,-0.854756,0.980051,-0.0572998,0.188114,-0.0351203,1.03512,-0.967718,-0.0871302,1.74101,-0.419309,1.5478,-1.54654,2.77667,-0.481731,-1.55944,-0.476957,-0.693196,-0.609994,0.0110492,-1.37597,0.525229,-3.33076,1.57981,0.491521,2.25941,3.28035,-5.0,0.223082,2.49654,3.07987,-4.15499,0.175483,0.899511,-2.28036,5.0,-0.223086,-2.49652,2.07853,-0.947965,3.03239,-4.1633])
2.7654349314151765
Max g: 0.025695380004019396
f_44([0.0712576,0.896931,-0.420806,-0.854519,0.979835,-0.0574176,0.189421,-0.0351923,1.03519,-0.967213,-0.0862789,1.74158,-0.41952,1.54866,-1.54632,2.77631,-0.481594,-1.5593,-0.476534,-0.694275,-0.604709,0.0106348,-1.37549,0.526861,-3.3307,1.57982,0.491446,2.2594,3.28132,-5.0,0.231362,2.48731,3.08678,-4.17045,0.176368,0.907233,-2.28131,5.0,-0.23139,-2.48728,2.0965,-0.980114,3.05094,-4.16764])
2.7667274694934245
Max g: 0.024589294422192022
f_45([0.0713362,0.896696,-0.420982,-0.854759,0.980256,-0.0575407,0.190708,-0.0349874,1.03499,-0.966513,-0.0854658,1.74194,-0.419697,1.54882,-1.54538,2.77613,-0.48142,-1.55939,-0.476141,-0.695385,-0.599548,0.00992555,-1.37459,0.528305,-3.33079,1.57998,0.491365,2.25945,3.28219,-5.0,0.239434,2.47838,3.09311,-4.18535,0.177162,0.914968,-2.28222,5.0,-0.239469,-2.47831,2.11403,-1.01154,3.06899,-4.17176])
2.769809675680017
Max g: 0.02347337678233136
f_46([0.0714272,0.896607,-0.42103,-0.854803,0.980318,-0.0576362,0.191751,-0.0350176,1.03502,-0.965743,-0.0851973,1.74242,-0.41981,1.5493,-1.54503,2.77616,-0.481431,-1.55944,-0.475818,-0.696215,-0.59545,0.00963064,-1.37431,0.529647,-3.33094,1.58011,0.491519,2.25933,3.28289,-5.0,0.246096,2.47102,3.09827,-4.19738,0.177782,0.921246,-2.28289,5.0,-0.246108,-2.47098,2.12823,-1.03716,3.08363,-4.17498])
2.771499917782341
Max g: 0.02254400282890285
f_47([0.0714398,0.896618,-0.420966,-0.854834,0.980352,-0.0576445,0.192766,-0.0349675,1.03497,-0.965139,-0.0847953,1.74292,-0.419975,1.54973,-1.5446,2.77609,-0.481395,-1.55948,-0.475508,-0.6971,-0.591391,0.00917273,-1.37379,0.530882,-3.331,1.58018,0.491461,2.25938,3.28368,-5.0,0.252691,2.46363,3.10338,-4.2091,0.178473,0.927188,-2.28366,5.0,-0.252665,-2.46368,2.14215,-1.06235,3.09803,-4.17809])
2.7740849939388377
Max g: 0.021643004840830583
f_48([0.0713818,0.896446,-0.421233,-0.854734,0.980344,-0.0575873,0.193782,-0.0348616,1.03486,-0.964597,-0.0843418,1.74339,-0.420128,1.55024,-1.54425,2.77607,-0.481377,-1.55953,-0.475221,-0.697894,-0.587477,0.00874543,-1.37334,0.53212,-3.33096,1.58021,0.491453,2.25929,3.28426,-5.0,0.259151,2.4566,3.10816,-4.22048,0.179146,0.933116,-2.28425,5.0,-0.259139,-2.45661,2.15578,-1.08726,3.1122,-4.18099])
2.7725936038485512
Max g: 0.02077943877378505
f_49([0.0715023,0.896403,-0.421217,-0.854694,0.980349,-0.0577126,0.194403,-0.0348981,1.0349,-0.964301,-0.0840507,1.74371,-0.420252,1.55045,-1.54395,2.77603,-0.481367,-1.55954,-0.475059,-0.698426,-0.585051,0.00843107,-1.37303,0.532881,-3.33082,1.58011,0.49143,2.25928,3.2846,-5.0,0.263139,2.45226,3.11102,-4.22732,0.179632,0.936599,-2.28461,5.0,-0.263135,-2.45225,2.1641,-1.10255,3.12091,-4.18273])
2.7723947518365133
Max g: 0.02026301584535831
f_50([0.0715842,0.896351,-0.4211,-0.854789,0.980422,-0.0577672,0.195054,-0.0349002,1.0349,-0.963911,-0.0837305,1.74396,-0.420353,1.55069,-1.54366,2.77603,-0.481376,-1.55959,-0.474872,-0.69892,-0.582563,0.00808319,-1.37264,0.53364,-3.33093,1.58015,0.491446,2.25932,3.28505,-5.0,0.267346,2.44761,3.11413,-4.23458,0.180096,0.940305,-2.28504,5.0,-0.267316,-2.44765,2.17301,-1.11891,3.1301,-4.18445])
2.7726930298545707
{0.07158417665831789,0.8963513875396312,-0.42109952540108647,-0.8547887040086114,0.9804224301390948,-0.05776723919697783,0.19505385876218517,-0.03490018672685057,1.0349000851344967,-0.9639109698774908,-0.08373052785347364,1.743961049174514,-0.4203534120965122,1.550689211181822,-1.5436600147358726,2.776030809239654,-0.4813759403694437,-1.5595896669208638,-0.47487235409263645,-0.6989199996595021,-0.5825630079348553,0.008083190553560089,-1.3726376026366234,0.5336400699523185,-3.330925903202842,1.5801487015183342,0.4914462107903868,2.259323802556102,3.2850474573333837,-4.999999892416749,0.26734566497338125,2.4476089804509322,3.114132765793897,-4.234581016620008,0.1800960813111694,0.9403049332664123,-2.285040105785824,4.999999547423019,-0.2673157436088198,-2.4476499761155335,2.17301147903579,-1.1189123110600343,3.1301008174942617,-4.184448633040242}]
Set[{A021,A031,A032,A041,A042,A043,A121,A131,A132,A141,A142,A143,B021,B031,B032,B041,B042,B043,B121,B131,B132,B141,B142,B143,\[Alpha]1,\[Alpha]2,\[Alpha]3,\[Alpha]4,\[Beta]11,\[Beta]12,\[Beta]13,\[Beta]14,\[Beta]21,\[Beta]22,\[Beta]23,\[Beta]24,\[Beta]31,\[Beta]32,\[Beta]33,\[Beta]34,\[Beta]41,\[Beta]42,\[Beta]43,\[Beta]44},{0.07158417665831789,0.8963513875396312,-0.42109952540108647,-0.8547887040086114,0.9804224301390948,-0.05776723919697783,0.19505385876218517,-0.03490018672685057,1.0349000851344967,-0.9639109698774908,-0.08373052785347364,1.743961049174514,-0.4203534120965122,1.550689211181822,-1.5436600147358726,2.776030809239654,-0.4813759403694437,-1.5595896669208638,-0.47487235409263645,-0.6989199996595021,-0.5825630079348553,0.008083190553560089,-1.3726376026366234,0.5336400699523185,-3.330925903202842,1.5801487015183342,0.4914462107903868,2.259323802556102,3.2850474573333837,-4.999999892416749,0.26734566497338125,2.4476089804509322,3.114132765793897,-4.234581016620008,0.1800960813111694,0.9403049332664123,-2.285040105785824,4.999999547423019,-0.2673157436088198,-2.4476499761155335,2.17301147903579,-1.1189123110600343,3.1301008174942617,-4.184448633040242}]

Max g: 0.019710917191048487
f_51([0.0716439,0.89632,-0.421113,-0.854748,0.9804,-0.0578211,0.195691,-0.034933,1.03493,-0.963579,-0.0836024,1.74446,-0.420459,1.55099,-1.54344,2.77598,-0.481268,-1.55971,-0.474688,-0.699432,-0.580095,0.00782616,-1.37242,0.534448,-3.331,1.58015,0.49143,2.25943,3.28548,-5.0,0.271411,2.44311,3.11714,-4.24164,0.180577,0.943859,-2.28549,5.0,-0.271439,-2.44305,2.18163,-1.13494,3.1392,-4.18613])
2.7751786800050477
Max g: 0.0191724009575822
f_52([0.0716531,0.896342,-0.42113,-0.854727,0.980398,-0.0578399,0.196008,-0.0349247,1.03492,-0.963435,-0.083467,1.74465,-0.420526,1.55113,-1.54331,2.776,-0.481301,-1.55973,-0.474609,-0.699698,-0.578869,0.00765578,-1.37226,0.53484,-3.33106,1.58014,0.491405,2.2595,3.2857,-5.0,0.273498,2.44079,3.11856,-4.24504,0.180824,0.945601,-2.28571,5.0,-0.273491,-2.44081,2.18596,-1.14288,3.14373,-4.18703])
2.7750792539990288
Max g: 0.018906722974386142
f_53([0.0718516,0.89609,-0.421511,-0.855088,0.981349,-0.058343,0.197384,-0.0353361,1.03534,-0.962331,-0.0831652,1.74532,-0.42059,1.55127,-1.54227,2.77635,-0.481068,-1.56032,-0.474296,-0.700658,-0.573939,0.00703369,-1.37167,0.536386,-3.33051,1.58068,0.490738,2.25911,3.28651,-5.0,0.281797,2.43173,3.12312,-4.25744,0.181852,0.952432,-2.28632,5.0,-0.281695,-2.43199,2.20437,-1.17732,3.16269,-4.18991])
2.7787580162217353
Max g: 0.017977284893345033
f_54([0.0715619,0.896144,-0.421912,-0.855562,0.981695,-0.0578995,0.199356,-0.0357058,1.03571,-0.961431,-0.0822854,1.74653,-0.420965,1.5521,-1.54156,2.77602,-0.480793,-1.56043,-0.473845,-0.702151,-0.566583,0.00587767,-1.37074,0.538853,-3.33058,1.58048,0.4907,2.2594,3.28754,-5.0,0.294407,2.41799,3.13129,-4.27743,0.183506,0.962627,-2.28754,5.0,-0.294415,-2.41797,2.23032,-1.22689,3.19098,-4.19458])
2.790788562950046
Max g: 0.016400495218157993
f_55([0.0708989,0.895649,-0.421717,-0.855607,0.981728,-0.0574065,0.201207,-0.0357555,1.03576,-0.960286,-0.0810924,1.74712,-0.421341,1.55286,-1.54054,2.77625,-0.481017,-1.56053,-0.47329,-0.703597,-0.559514,0.00508666,-1.37023,0.541259,-3.33034,1.58024,0.490998,2.25913,3.28926,-5.0,0.306608,2.40416,3.1395,-4.29685,0.184946,0.972315,-2.28911,5.0,-0.306629,-2.40423,2.2564,-1.27658,3.21869,-4.19871])
2.7848230025889005
Max g: 0.014792821397169455
f_56([0.0707347,0.895738,-0.421229,-0.855415,0.981407,-0.0573004,0.203043,-0.0357517,1.03575,-0.959227,-0.0802599,1.74799,-0.421577,1.5535,-1.53946,2.77612,-0.481131,-1.56037,-0.472871,-0.705052,-0.552679,0.00430811,-1.3699,0.543778,-3.33032,1.58038,0.491142,2.25879,3.29033,-5.0,0.318903,2.39072,3.14744,-4.31593,0.186635,0.98188,-2.2903,5.0,-0.318787,-2.39093,2.28096,-1.32348,3.24531,-4.20295])
2.7797522762819264
Max g: 0.013290624538744009
f_57([0.0708019,0.895712,-0.42159,-0.855772,0.981742,-0.057265,0.204782,-0.0359821,1.03598,-0.95823,-0.0794757,1.74887,-0.421807,1.55444,-1.539,2.77638,-0.481093,-1.56074,-0.472449,-0.706352,-0.546258,0.00332567,-1.36915,0.545967,-3.33029,1.58055,0.491075,2.25866,3.29147,-5.0,0.3303,2.37825,3.15521,-4.33463,0.188205,0.991165,-2.29156,5.0,-0.330462,-2.37802,2.3046,-1.3688,3.27132,-4.20722])
2.7808459623481365
Max g: 0.011867635536014956
f_58([0.0702484,0.895264,-0.422336,-0.855396,0.981694,-0.0568434,0.206473,-0.0360623,1.03606,-0.957602,-0.0787708,1.75015,-0.422056,1.55546,-1.53832,2.77617,-0.480725,-1.56102,-0.472015,-0.707552,-0.540086,0.00246787,-1.36861,0.548184,-3.33015,1.58083,0.490695,2.25863,3.29272,-5.0,0.341962,2.36531,3.16285,-4.35274,0.189742,1.00012,-2.29258,5.0,-0.341787,-2.36562,2.32776,-1.41379,3.29651,-4.21061])
2.784524724570843
Max g: 0.01043315823130972
f_59([0.0704321,0.895311,-0.422566,-0.855446,0.981889,-0.0570113,0.207825,-0.0361035,1.0361,-0.956914,-0.0781727,1.75091,-0.422316,1.55591,-1.53755,2.7763,-0.480912,-1.5611,-0.471743,-0.708526,-0.535304,0.00147162,-1.36777,0.549804,-3.33007,1.58084,0.490409,2.25881,3.29326,-5.0,0.350837,2.35587,3.16819,-4.36615,0.191084,1.00686,-2.29335,5.0,-0.350945,-2.35567,2.34559,-1.44874,3.3162,-4.21312])
2.7890983208477214
Max g: 0.00936272348892618
f_60([0.0704217,0.895519,-0.422671,-0.855776,0.982221,-0.0570306,0.209105,-0.036066,1.03607,-0.95637,-0.0774031,1.75161,-0.422645,1.55648,-1.53684,2.77618,-0.481033,-1.56102,-0.471457,-0.70945,-0.530708,0.000883976,-1.36761,0.551598,-3.33007,1.5806,0.490406,2.25906,3.29425,-5.0,0.359656,2.34609,3.17347,-4.37919,0.192372,1.01331,-2.2942,5.0,-0.359639,-2.34618,2.36306,-1.48324,3.33553,-4.21544])
2.7911862669741225
{0.07042170269974964,0.8955188443860682,-0.42267146403865963,-0.8557764573659254,0.9822205041670298,-0.05703062304331988,0.20910451942853267,-0.036066024696872104,1.0360660246968711,-0.956370239032814,-0.07740314914247257,1.7516070511773296,-0.4226448144657788,1.5564763035396825,-1.5368371663913372,2.776178457052518,-0.4810326060569493,-1.561022759854183,-0.47145700783127814,-0.7094500655611313,-0.5307075176802177,0.0008839758290689823,-1.3676131840165218,0.551598358206484,-3.330071971660104,1.5805983417863532,0.49040623101019964,2.259061570968336,3.2942465644894283,-4.999999129527368,0.3596562600342398,2.3460936631838183,3.1734721361116223,-4.379194381504496,0.19237178001469588,1.0133058258522567,-2.2941964936135046,4.999999171857469,-0.3596385116676872,-2.346181380678259,2.3630615163952546,-1.4832378426358634,3.3355277563914614,-4.215436033415032}]
Set[{A021,A031,A032,A041,A042,A043,A121,A131,A132,A141,A142,A143,B021,B031,B032,B041,B042,B043,B121,B131,B132,B141,B142,B143,\[Alpha]1,\[Alpha]2,\[Alpha]3,\[Alpha]4,\[Beta]11,\[Beta]12,\[Beta]13,\[Beta]14,\[Beta]21,\[Beta]22,\[Beta]23,\[Beta]24,\[Beta]31,\[Beta]32,\[Beta]33,\[Beta]34,\[Beta]41,\[Beta]42,\[Beta]43,\[Beta]44},{0.07042170269974964,0.8955188443860682,-0.42267146403865963,-0.8557764573659254,0.9822205041670298,-0.05703062304331988,0.20910451942853267,-0.036066024696872104,1.0360660246968711,-0.956370239032814,-0.07740314914247257,1.7516070511773296,-0.4226448144657788,1.5564763035396825,-1.5368371663913372,2.776178457052518,-0.4810326060569493,-1.561022759854183,-0.47145700783127814,-0.7094500655611313,-0.5307075176802177,0.0008839758290689823,-1.3676131840165218,0.551598358206484,-3.330071971660104,1.5805983417863532,0.49040623101019964,2.259061570968336,3.2942465644894283,-4.999999129527368,0.3596562600342398,2.3460936631838183,3.1734721361116223,-4.379194381504496,0.19237178001469588,1.0133058258522567,-2.2941964936135046,4.999999171857469,-0.3596385116676872,-2.346181380678259,2.3630615163952546,-1.4832378426358634,3.3355277563914614,-4.215436033415032}]

Max g: 0.008311570480149133
f_61([0.0707161,0.895751,-0.422833,-0.855673,0.982077,-0.0572524,0.210339,-0.0362336,1.03623,-0.955695,-0.0767778,1.75229,-0.422898,1.55715,-1.53628,2.77639,-0.481162,-1.56124,-0.471176,-0.710288,-0.526354,0.000177764,-1.36728,0.553231,-3.33037,1.58061,0.490596,2.25919,3.29514,-5.0,0.367952,2.33691,3.17855,-4.3915,0.193507,1.01946,-2.29514,5.0,-0.367962,-2.3369,2.37979,-1.51683,3.35424,-4.21729])
2.791683397004218
Max g: 0.00729464005243495
f_62([0.0707263,0.895815,-0.422853,-0.855585,0.982037,-0.0572731,0.211517,-0.0362037,1.0362,-0.955137,-0.0759771,1.75285,-0.423098,1.55758,-1.53552,2.77628,-0.481278,-1.56112,-0.470887,-0.710974,-0.522259,-0.00042834,-1.36703,0.554824,-3.33015,1.58074,0.490238,2.25919,3.29615,-5.0,0.376053,2.3278,3.18363,-4.40356,0.194698,1.02523,-2.2961,5.0,-0.37609,-2.32776,2.39603,-1.54959,3.37244,-4.21894])
2.79039085892597
Max g: 0.006347412004400123
f_63([0.0707171,0.895995,-0.423158,-0.855448,0.981895,-0.0572403,0.212673,-0.0361662,1.03617,-0.954456,-0.0755132,1.75358,-0.423382,1.55834,-1.53511,2.77588,-0.480891,-1.56121,-0.470621,-0.7118,-0.518143,-0.00123279,-1.36649,0.55632,-3.33016,1.58052,0.490373,2.25927,3.29707,-5.0,0.384258,2.31871,3.18837,-4.41507,0.195955,1.03076,-2.29701,5.0,-0.384244,-2.31874,2.41203,-1.58171,3.39026,-4.22063])
2.795362159226925
Max g: 0.005377424636011666
f_64([0.0710361,0.895788,-0.423308,-0.855319,0.98189,-0.0575437,0.213803,-0.0361939,1.03619,-0.953886,-0.0749502,1.75427,-0.423618,1.55895,-1.53466,2.77572,-0.480648,-1.56136,-0.470367,-0.712466,-0.514282,-0.00194419,-1.36609,0.557783,-3.32996,1.58032,0.490543,2.25909,3.29781,-5.0,0.392053,2.31011,3.19305,-4.42634,0.197174,1.03612,-2.29788,5.0,-0.392119,-2.31001,2.42762,-1.61318,3.40763,-4.22204])
2.7951633072148865
Max g: 0.004494871865856058
f_65([0.0709417,0.895521,-0.423354,-0.855222,0.981828,-0.0574617,0.21488,-0.0360829,1.03608,-0.953019,-0.0747822,1.75501,-0.423882,1.55943,-1.53405,2.77571,-0.480566,-1.56159,-0.470107,-0.71314,-0.510541,-0.00242441,-1.36606,0.559344,-3.33013,1.5802,0.490693,2.25932,3.29872,-5.0,0.399693,2.30155,3.19744,-4.43691,0.198397,1.04108,-2.29877,5.0,-0.399767,-2.30143,2.44277,-1.64385,3.4246,-4.22349])
2.7936719171246
Max g: 0.003614164678397938
f_66([0.0711641,0.895785,-0.423109,-0.855285,0.981783,-0.0576364,0.215901,-0.0359358,1.03594,-0.952356,-0.0743611,1.75564,-0.424149,1.56013,-1.53365,2.77549,-0.480561,-1.56153,-0.469847,-0.713781,-0.506933,-0.00305193,-1.36573,0.560724,-3.33036,1.58008,0.49073,2.25961,3.29973,-5.0,0.407193,2.29305,3.20184,-4.44723,0.19954,1.04586,-2.29979,5.0,-0.407251,-2.29296,2.45739,-1.67362,3.44109,-4.22484])
2.7921805270343136
Max g: 0.002763989900166429
f_67([0.0713863,0.895732,-0.423104,-0.855169,0.981739,-0.0578194,0.216971,-0.0359237,1.03592,-0.951567,-0.0740232,1.75627,-0.424395,1.56048,-1.53294,2.77555,-0.480679,-1.56155,-0.46964,-0.714391,-0.503434,-0.0038523,-1.36526,0.562062,-3.33002,1.57988,0.490549,2.25962,3.30046,-5.0,0.41449,2.28502,3.20586,-4.45729,0.200691,1.05078,-2.30054,5.0,-0.414543,-2.28494,2.47136,-1.70293,3.45735,-4.22577])
2.796555271299154
Max g: 0.001940581501530321
f_68([0.0714085,0.89554,-0.423119,-0.855191,0.981868,-0.057856,0.217974,-0.0358835,1.03588,-0.950996,-0.0735594,1.75691,-0.424708,1.5612,-1.53266,2.77542,-0.480734,-1.56157,-0.469433,-0.715036,-0.499994,-0.00452872,-1.36497,0.563446,-3.33003,1.57969,0.490364,2.26002,3.30121,-5.0,0.421622,2.27714,3.20987,-4.46709,0.201883,1.05536,-2.30127,5.0,-0.421678,-2.27702,2.48531,-1.73189,3.47317,-4.22656])
2.7991403474556504
Max g: 0.0011177599634949673
f_69([0.0715185,0.895256,-0.423134,-0.855299,0.98207,-0.0580105,0.21895,-0.0359651,1.03596,-0.950491,-0.0732553,1.75774,-0.424861,1.56155,-1.53203,2.77552,-0.480794,-1.56168,-0.469235,-0.715623,-0.496738,-0.00511385,-1.36484,0.56481,-3.33014,1.57968,0.490531,2.25998,3.30203,-5.0,0.42848,2.26951,3.21345,-4.47602,0.202999,1.05958,-2.30207,5.0,-0.428579,-2.26934,2.49869,-1.75987,3.48853,-4.22732])
2.8055036118408725
Max g: 0.0010894480471790313
f_70([0.071564,0.895053,-0.422993,-0.855204,0.982007,-0.0580476,0.219887,-0.0359648,1.03596,-0.949707,-0.0727919,1.75813,-0.425062,1.56188,-1.53133,2.77553,-0.480821,-1.56174,-0.469029,-0.716156,-0.493605,-0.0056599,-1.36473,0.566127,-3.33006,1.57961,0.490587,2.25987,3.30292,-5.0,0.43524,2.26185,3.21711,-4.4848,0.204071,1.06367,-2.30293,5.0,-0.435242,-2.2618,2.51162,-1.7872,3.50362,-4.22801])
2.804608777786701
{0.07156398392557653,0.8950527659388682,-0.4229931006706153,-0.8552037705076858,0.9820066630524793,-0.058047603866813874,0.21988657887627894,-0.03596484969156989,1.0359643667211011,-0.9497074604703143,-0.07279187836515616,1.7581264321312895,-0.42506192966124695,1.5618798705679628,-1.5313303247401824,2.7755344483780133,-0.4808211896070622,-1.5617370448081807,-0.4690285730369756,-0.716156307340287,-0.4936054779096301,-0.005659903065645218,-1.3647296352419969,0.5661269045720381,-3.330061312427902,1.5796104508617068,0.49058678965314956,2.2598727734625284,3.302923357920944,-4.999999811823759,0.4352395832561799,2.2618539846715393,3.2171119150727288,-4.484799241935455,0.20407085821141163,1.0636710756709302,-2.302928792061864,4.9999999336864756,-0.43524155481811944,-2.261802891251932,2.5116248609744867,-1.7871973884099266,3.503618127644938,-4.22800812283064}]
Set[{A021,A031,A032,A041,A042,A043,A121,A131,A132,A141,A142,A143,B021,B031,B032,B041,B042,B043,B121,B131,B132,B141,B142,B143,\[Alpha]1,\[Alpha]2,\[Alpha]3,\[Alpha]4,\[Beta]11,\[Beta]12,\[Beta]13,\[Beta]14,\[Beta]21,\[Beta]22,\[Beta]23,\[Beta]24,\[Beta]31,\[Beta]32,\[Beta]33,\[Beta]34,\[Beta]41,\[Beta]42,\[Beta]43,\[Beta]44},{0.07156398392557653,0.8950527659388682,-0.4229931006706153,-0.8552037705076858,0.9820066630524793,-0.058047603866813874,0.21988657887627894,-0.03596484969156989,1.0359643667211011,-0.9497074604703143,-0.07279187836515616,1.7581264321312895,-0.42506192966124695,1.5618798705679628,-1.5313303247401824,2.7755344483780133,-0.4808211896070622,-1.5617370448081807,-0.4690285730369756,-0.716156307340287,-0.4936054779096301,-0.005659903065645218,-1.3647296352419969,0.5661269045720381,-3.330061312427902,1.5796104508617068,0.49058678965314956,2.2598727734625284,3.302923357920944,-4.999999811823759,0.4352395832561799,2.2618539846715393,3.2171119150727288,-4.484799241935455,0.20407085821141163,1.0636710756709302,-2.302928792061864,4.9999999336864756,-0.43524155481811944,-2.261802891251932,2.5116248609744867,-1.7871973884099266,3.503618127644938,-4.22800812283064}]

Max g: 0.0011509623074914543
f_71([0.071594,0.895056,-0.422823,-0.855228,0.981987,-0.0580532,0.220682,-0.0359362,1.03594,-0.949145,-0.0723699,1.75851,-0.425202,1.56227,-1.53081,2.77559,-0.48093,-1.56176,-0.468846,-0.716575,-0.490986,-0.00616744,-1.36455,0.56721,-3.33018,1.57973,0.490501,2.25994,3.30363,-5.0,0.440877,2.25549,3.22027,-4.49246,0.20492,1.0673,-2.30363,5.0,-0.440892,-2.25546,2.52284,-1.81067,3.51661,-4.22872])
2.804608777786701
Max g: 0.0012286603138464969
f_72([0.0715855,0.895194,-0.422874,-0.855148,0.981869,-0.0580374,0.221417,-0.0358807,1.03588,-0.948766,-0.0719428,1.75904,-0.425418,1.56265,-1.53033,2.77542,-0.480819,-1.56182,-0.468663,-0.716964,-0.488519,-0.0067147,-1.36429,0.56818,-3.33028,1.57966,0.490526,2.26011,3.3045,-5.0,0.446256,2.24923,3.22339,-4.49965,0.205764,1.07054,-2.30449,5.0,-0.446268,-2.24923,2.53338,-1.83313,3.52892,-4.22909])
2.8026202576663186
Max g: 0.0013166930570327473
f_73([0.0716668,0.895223,-0.422778,-0.855272,0.98198,-0.0581071,0.222129,-0.0358905,1.03589,-0.948297,-0.0716603,1.75961,-0.425577,1.56298,-1.52988,2.77549,-0.480999,-1.56181,-0.468468,-0.71734,-0.486121,-0.00715748,-1.3642,0.569186,-3.33036,1.57964,0.490463,2.26024,3.30538,-5.0,0.451447,2.24316,3.22645,-4.50662,0.206577,1.07363,-2.30541,5.0,-0.45148,-2.2431,2.54381,-1.85541,3.54104,-4.22936])
2.8020237016302043
Max g: 0.0013626523667840118
f_74([0.0717298,0.89516,-0.422912,-0.855245,0.982037,-0.0581908,0.222849,-0.0358008,1.0358,-0.948007,-0.0713124,1.76026,-0.425686,1.56352,-1.52968,2.77528,-0.480933,-1.56172,-0.4683,-0.717712,-0.483745,-0.00774321,-1.36388,0.57012,-3.33046,1.5798,0.49043,2.26022,3.30615,-5.0,0.456702,2.23716,3.22931,-4.51335,0.207423,1.07668,-2.30617,5.0,-0.45676,-2.23707,2.55401,-1.87725,3.55291,-4.22959])
2.801128867576032
Max g: 0.0014273632411578863
f_75([0.0717629,0.895182,-0.422762,-0.855225,0.981954,-0.058195,0.223496,-0.0357798,1.03578,-0.947649,-0.07091,1.76065,-0.425841,1.56387,-1.52925,2.77515,-0.480874,-1.56173,-0.468161,-0.718038,-0.481663,-0.00823555,-1.36367,0.570978,-3.33053,1.57976,0.490501,2.26027,3.30675,-5.0,0.461359,2.2319,3.23176,-4.51932,0.208183,1.07943,-2.30676,5.0,-0.461414,-2.23182,2.56303,-1.89667,3.56349,-4.22976])
2.8002340335218605
Max g: 0.0015459468794087883
f_76([0.0718366,0.895217,-0.422787,-0.855214,0.981974,-0.0582621,0.223951,-0.0358068,1.03581,-0.947407,-0.0706681,1.76099,-0.425943,1.56409,-1.52893,2.77514,-0.480826,-1.56181,-0.468052,-0.718264,-0.480176,-0.00855081,-1.36357,0.571606,-3.33046,1.57981,0.490389,2.26027,3.30724,-5.0,0.464675,2.22808,3.23357,-4.52356,0.208721,1.08131,-2.30726,5.0,-0.464721,-2.22801,2.56949,-1.91062,3.57112,-4.22987])
2.7993391994676884
Max g: 0.0017218293724555744
f_77([0.0717122,0.895282,-0.422719,-0.855315,0.982112,-0.0582012,0.224094,-0.0357168,1.03572,-0.947418,-0.0705719,1.76126,-0.425909,1.56402,-1.52876,2.77528,-0.480798,-1.56194,-0.468,-0.71805,-0.480028,-0.00848824,-1.36329,0.571444,-3.3302,1.57988,0.490224,2.26009,3.30744,-5.0,0.465498,2.22705,3.2339,-4.5246,0.209003,1.0819,-2.30732,5.0,-0.465571,-2.22701,2.57103,-1.91427,3.57309,-4.22982])
2.797748383371383
Max g: 0.002007915847627717
f_78([0.0715207,0.895343,-0.422585,-0.855463,0.982137,-0.057994,0.224764,-0.0357146,1.03571,-0.947193,-0.0701374,1.76202,-0.426006,1.56439,-1.52834,2.77515,-0.480866,-1.56179,-0.467914,-0.718438,-0.477853,-0.00909585,-1.36331,0.572459,-3.3303,1.58002,0.490265,2.26,3.30854,-5.0,0.470254,2.22119,3.23325,-4.52547,0.209684,1.08258,-2.30855,5.0,-0.470239,-2.22121,2.58015,-1.93564,3.58496,-4.22947])
2.7980466613894404
Max g: 0.002023343658273058
f_79([0.0715449,0.895423,-0.422527,-0.855566,0.982252,-0.0580186,0.225345,-0.0356413,1.03564,-0.946668,-0.0698531,1.76238,-0.426104,1.5647,-1.52798,2.77499,-0.480828,-1.56172,-0.467824,-0.71886,-0.475857,-0.00963978,-1.36322,0.573312,-3.33026,1.58017,0.490132,2.25996,3.30931,-5.0,0.474372,2.2163,3.23417,-4.52827,0.210534,1.08361,-2.30937,5.0,-0.474438,-2.21619,2.58844,-1.95432,3.59522,-4.22929])
2.7979472353834214
Max g: 0.002185696299874307
f_80([0.0715369,0.895435,-0.422597,-0.85558,0.982291,-0.0580136,0.225902,-0.0356973,1.0357,-0.946271,-0.0696175,1.76287,-0.426182,1.56502,-1.52767,2.77505,-0.480934,-1.56171,-0.467693,-0.719167,-0.473993,-0.0100322,-1.36322,0.574142,-3.33026,1.58026,0.490035,2.25996,3.31015,-5.0,0.47853,2.2113,3.23567,-4.532,0.211295,1.08505,-2.31015,5.0,-0.478503,-2.21134,2.59665,-1.97253,3.6051,-4.22915])
2.7979472353834214
{0.07153689871492422,0.8954354305914496,-0.4225972655750671,-0.8555795062382796,0.9822913056307524,-0.058013582188568745,0.22590244900476883,-0.03569729923595132,1.03569754451291,-0.9462707982421679,-0.0696174808666391,1.7628741118452604,-0.42618222281937085,1.5650231307759261,-1.527666455223556,2.7750476515076823,-0.48093352933071526,-1.561707415848289,-0.4676933105512305,-0.7191671212696022,-0.4739925756611402,-0.010032209938821408,-1.3632164283985606,0.574141508708694,-3.3302620999356374,1.5802642700099305,0.4900352151014439,2.2599550551346033,3.3101535482223725,-4.999999803898849,0.4785300660269154,2.211297014905826,3.2356663285192373,-4.5320004127255835,0.21129464448178262,1.0850503479543405,-2.3101476884684717,4.9999999601581155,-0.4785031712940893,-2.2113407781961505,2.59665338038841,-1.9725252647660947,3.6050985210711683,-4.229152625089667}]
Set[{A021,A031,A032,A041,A042,A043,A121,A131,A132,A141,A142,A143,B021,B031,B032,B041,B042,B043,B121,B131,B132,B141,B142,B143,\[Alpha]1,\[Alpha]2,\[Alpha]3,\[Alpha]4,\[Beta]11,\[Beta]12,\[Beta]13,\[Beta]14,\[Beta]21,\[Beta]22,\[Beta]23,\[Beta]24,\[Beta]31,\[Beta]32,\[Beta]33,\[Beta]34,\[Beta]41,\[Beta]42,\[Beta]43,\[Beta]44},{0.07153689871492422,0.8954354305914496,-0.4225972655750671,-0.8555795062382796,0.9822913056307524,-0.058013582188568745,0.22590244900476883,-0.03569729923595132,1.03569754451291,-0.9462707982421679,-0.0696174808666391,1.7628741118452604,-0.42618222281937085,1.5650231307759261,-1.527666455223556,2.7750476515076823,-0.48093352933071526,-1.561707415848289,-0.4676933105512305,-0.7191671212696022,-0.4739925756611402,-0.010032209938821408,-1.3632164283985606,0.574141508708694,-3.3302620999356374,1.5802642700099305,0.4900352151014439,2.2599550551346033,3.3101535482223725,-4.999999803898849,0.4785300660269154,2.211297014905826,3.2356663285192373,-4.5320004127255835,0.21129464448178262,1.0850503479543405,-2.3101476884684717,4.9999999601581155,-0.4785031712940893,-2.2113407781961505,2.59665338038841,-1.9725252647660947,3.6050985210711683,-4.229152625089667}]

Max g: 0.002372078094189267
f_81([0.071606,0.895359,-0.422608,-0.855501,0.982231,-0.0580699,0.226451,-0.035641,1.03564,-0.945829,-0.0691913,1.76306,-0.4263,1.56534,-1.52727,2.77515,-0.480955,-1.56184,-0.467575,-0.719465,-0.472197,-0.0104844,-1.36309,0.574908,-3.33033,1.58037,0.490048,2.25991,3.31088,-5.0,0.482548,2.20659,3.23735,-4.53613,0.212013,1.08678,-2.31088,5.0,-0.482549,-2.20658,2.60451,-1.99002,3.61452,-4.22896])
2.7993391994676884
Max g: 0.0025703088998987322
f_82([0.0717798,0.895317,-0.422607,-0.855581,0.982358,-0.0582368,0.226997,-0.035626,1.03563,-0.945453,-0.068901,1.76343,-0.426394,1.56571,-1.52705,2.77517,-0.480948,-1.56191,-0.467471,-0.719729,-0.470479,-0.0110126,-1.36283,0.575603,-3.33044,1.58044,0.490076,2.25989,3.31145,-5.0,0.486436,2.20211,3.23906,-4.54041,0.212697,1.08868,-2.31145,5.0,-0.486455,-2.2021,2.61214,-2.00716,3.62375,-4.22869])
2.800035181509822
Max g: 0.002779931105347244
f_83([0.0718247,0.895427,-0.42263,-0.855607,0.982334,-0.0582567,0.227521,-0.035598,1.0356,-0.945067,-0.0686115,1.76376,-0.426499,1.56603,-1.52675,2.77512,-0.48076,-1.5621,-0.467348,-0.719988,-0.468789,-0.0114475,-1.36266,0.576309,-3.33048,1.58044,0.490188,2.25984,3.31204,-5.0,0.490301,2.19765,3.24096,-4.54495,0.21334,1.09065,-2.31213,5.0,-0.490332,-2.19757,2.61976,-2.02393,3.63282,-4.22858])
2.799836329497784
Max g: 0.0029911173886995046
f_84([0.0718407,0.895482,-0.422507,-0.85581,0.982545,-0.0582961,0.22804,-0.0354948,1.03549,-0.94473,-0.068365,1.76417,-0.426621,1.56619,-1.52628,2.77523,-0.480897,-1.56213,-0.467235,-0.720217,-0.467159,-0.0117926,-1.36264,0.577066,-3.33045,1.58043,0.490107,2.25991,3.31269,-5.0,0.494177,2.19313,3.24285,-4.54945,0.213983,1.09264,-2.31272,5.0,-0.494179,-2.19313,2.62708,-2.04032,3.64157,-4.22826])
2.799438625473708
Max g: 0.003200076905226279
f_85([0.0719463,0.895588,-0.422295,-0.855848,0.982471,-0.0583631,0.228548,-0.0354551,1.03546,-0.944482,-0.0681582,1.76467,-0.426719,1.56654,-1.52605,2.77518,-0.480854,-1.56216,-0.467129,-0.720454,-0.465563,-0.0122312,-1.36247,0.577745,-3.3305,1.58045,0.490252,2.2598,3.31325,-5.0,0.497936,2.1888,3.24468,-4.55383,0.21459,1.09458,-2.31324,5.0,-0.497871,-2.1889,2.63431,-2.05642,3.65018,-4.228])
2.8022225536422423
Max g: 0.0033664418577796784
f_86([0.0720024,0.895658,-0.422372,-0.855849,0.982486,-0.058409,0.229025,-0.0354468,1.03545,-0.944104,-0.0678319,1.76487,-0.426785,1.56683,-1.52581,2.77513,-0.480825,-1.56217,-0.467034,-0.720697,-0.464061,-0.0125745,-1.36245,0.578431,-3.33057,1.58052,0.490291,2.25974,3.31374,-5.0,0.501296,2.18495,3.24646,-4.55804,0.215223,1.09636,-2.31376,5.0,-0.501302,-2.18494,2.64093,-2.0713,3.65835,-4.22789])
2.804012221750586
Max g: 0.003602429468787749
f_87([0.0720198,0.895533,-0.422438,-0.855819,0.982497,-0.0584245,0.229417,-0.0355245,1.03552,-0.943839,-0.0676074,1.76514,-0.426881,1.56714,-1.52556,2.77521,-0.480846,-1.56227,-0.466947,-0.720857,-0.462832,-0.0128462,-1.36241,0.578997,-3.33051,1.58055,0.490256,2.25969,3.31424,-5.0,0.504256,2.18151,3.24784,-4.56138,0.215666,1.09789,-2.31421,5.0,-0.504236,-2.18156,2.6466,-2.08396,3.66516,-4.22772])
2.8053047598288345
Max g: 0.0037173544439207395
f_88([0.0719972,0.895558,-0.422441,-0.855819,0.982491,-0.0584032,0.229443,-0.0355189,1.03552,-0.943813,-0.0676025,1.76515,-0.426892,1.56714,-1.52553,2.77521,-0.480853,-1.56226,-0.466939,-0.720867,-0.462751,-0.0128579,-1.36242,0.579039,-3.33048,1.58054,0.490241,2.25969,3.31424,-5.0,0.504461,2.1813,3.24791,-4.56159,0.215687,1.09801,-2.31425,5.0,-0.504446,-2.18132,2.64695,-2.08473,3.66557,-4.2277])
2.8054041858348535
Max g: 0.0037245904070384306
f_89([0.0720694,0.895829,-0.422372,-0.855906,0.982541,-0.0585492,0.226126,-0.0423522,1.03259,-0.945763,-0.069758,1.76278,-0.426786,1.56672,-1.52595,2.77521,-0.480753,-1.56228,-0.466954,-0.720642,-0.462713,-0.0128723,-1.36238,0.579137,-3.33045,1.58027,0.490595,2.25959,3.31212,-5.0,0.503677,2.18422,3.24709,-4.55217,0.219353,1.0858,-2.31211,5.0,-0.503675,-2.18423,2.64544,-2.08416,3.66622,-4.22746])
2.8104749121418275
Max g: 0.002758098766655892
f_90([0.0721332,0.895919,-0.422321,-0.855957,0.98243,-0.0584787,0.225242,-0.0440853,1.03186,-0.946282,-0.0702161,1.76224,-0.426728,1.56661,-1.52613,2.77518,-0.480699,-1.56227,-0.467081,-0.720875,-0.462606,-0.0131445,-1.36246,0.579238,-3.33052,1.58027,0.490667,2.25957,3.31165,-5.0,0.50278,2.18557,3.24356,-4.54272,0.22126,1.07799,-2.31164,5.0,-0.502773,-2.18558,2.64446,-2.084,3.66668,-4.2271])
2.8185284186293744
{0.07213317599995102,0.8959192682670652,-0.42232131715461413,-0.8559567333777641,0.9824303067362129,-0.05847865086485585,0.2252415122501209,-0.04408533039314454,1.0318646336575878,-0.9462823908629557,-0.07021607052966194,1.7622440105675456,-0.42672803021929945,1.5666140436593556,-1.5261253965681465,2.7751836145318194,-0.4806994610864384,-1.5622738767924995,-0.46708142927663626,-0.720874944142596,-0.4626062942659251,-0.013144511916160107,-1.3624618098504289,0.5792380194324087,-3.3305201094211263,1.580271439298743,0.4906670596236079,2.2595724941504964,3.311650237916183,-4.9999988443170444,0.5027804036263885,2.1855720055720393,3.2435583076994434,-4.5427165240006815,0.22125967825078885,1.077988266342213,-2.311644887071892,4.999999927485317,-0.5027734482860898,-2.185581869695082,2.6444616021404848,-2.0840048367679294,3.666680055963423,-4.22709853669263}]
Set[{A021,A031,A032,A041,A042,A043,A121,A131,A132,A141,A142,A143,B021,B031,B032,B041,B042,B043,B121,B131,B132,B141,B142,B143,\[Alpha]1,\[Alpha]2,\[Alpha]3,\[Alpha]4,\[Beta]11,\[Beta]12,\[Beta]13,\[Beta]14,\[Beta]21,\[Beta]22,\[Beta]23,\[Beta]24,\[Beta]31,\[Beta]32,\[Beta]33,\[Beta]34,\[Beta]41,\[Beta]42,\[Beta]43,\[Beta]44},{0.07213317599995102,0.8959192682670652,-0.42232131715461413,-0.8559567333777641,0.9824303067362129,-0.05847865086485585,0.2252415122501209,-0.04408533039314454,1.0318646336575878,-0.9462823908629557,-0.07021607052966194,1.7622440105675456,-0.42672803021929945,1.5666140436593556,-1.5261253965681465,2.7751836145318194,-0.4806994610864384,-1.5622738767924995,-0.46708142927663626,-0.720874944142596,-0.4626062942659251,-0.013144511916160107,-1.3624618098504289,0.5792380194324087,-3.3305201094211263,1.580271439298743,0.4906670596236079,2.2595724941504964,3.311650237916183,-4.9999988443170444,0.5027804036263885,2.1855720055720393,3.2435583076994434,-4.5427165240006815,0.22125967825078885,1.077988266342213,-2.311644887071892,4.999999927485317,-0.5027734482860898,-2.185581869695082,2.6444616021404848,-2.0840048367679294,3.666680055963423,-4.22709853669263}]

Max g: 0.002503259757953513
f_91([0.0721468,0.89588,-0.422351,-0.855904,0.982375,-0.0584855,0.224509,-0.0455263,1.03126,-0.946774,-0.0705038,1.76179,-0.42671,1.56651,-1.52623,2.77515,-0.480694,-1.56225,-0.467206,-0.721102,-0.4625,-0.0133837,-1.3626,0.579357,-3.33059,1.58024,0.490693,2.25965,3.31137,-5.0,0.502067,2.18658,3.24009,-4.53415,0.222692,1.07145,-2.31134,5.0,-0.502026,-2.18663,2.6435,-2.08391,3.6671,-4.22665])
2.8209146427738325
Max g: 0.0021949269436557506
f_92([0.0721357,0.895834,-0.422353,-0.855861,0.982356,-0.0584809,0.223859,-0.0467292,1.03068,-0.947244,-0.0708319,1.76152,-0.426662,1.56641,-1.52635,2.77524,-0.480675,-1.56232,-0.46731,-0.721311,-0.4624,-0.013579,-1.36273,0.579462,-3.33052,1.58025,0.490679,2.25958,3.31113,-5.0,0.501398,2.18747,3.23688,-4.52631,0.223944,1.06555,-2.31113,5.0,-0.501388,-2.18747,2.64262,-2.08377,3.66744,-4.22626])
2.825090535026635
Max g: 0.0019223879139261824
f_93([0.0721379,0.895874,-0.422384,-0.855875,0.982377,-0.0584827,0.223296,-0.0477885,1.03018,-0.947537,-0.0711207,1.76117,-0.42664,1.56627,-1.52636,2.77521,-0.48063,-1.56233,-0.467401,-0.72148,-0.462321,-0.0137271,-1.36289,0.579571,-3.33048,1.58024,0.490606,2.25964,3.31095,-5.0,0.500833,2.18821,3.23413,-4.51963,0.225009,1.06053,-2.31096,5.0,-0.500821,-2.18823,2.64186,-2.08368,3.6678,-4.22596])
2.828371593225265
Max g: 0.0016857373307412882
f_94([0.0721273,0.895838,-0.422344,-0.855853,0.982366,-0.0584791,0.222903,-0.0485482,1.02986,-0.947786,-0.0713227,1.76097,-0.426616,1.56617,-1.52641,2.77521,-0.480643,-1.56231,-0.467459,-0.721593,-0.462269,-0.0138305,-1.36299,0.579635,-3.33047,1.58024,0.49058,2.25966,3.31084,-5.0,0.500421,2.18875,3.23229,-4.51503,0.225747,1.05703,-2.31084,5.0,-0.500425,-2.18874,2.64137,-2.08365,3.66806,-4.22575])
2.830260687339628
Max g: 0.0015201617989427652
f_95([0.0721472,0.895835,-0.422333,-0.855841,0.982353,-0.0584911,0.222612,-0.0491075,1.02962,-0.947935,-0.0714828,1.7608,-0.426601,1.56613,-1.52645,2.77524,-0.480701,-1.56228,-0.467502,-0.721672,-0.462242,-0.0139202,-1.36303,0.579668,-3.33046,1.58024,0.490565,2.25966,3.31076,-5.0,0.500126,2.18912,3.2309,-4.5116,0.226279,1.05446,-2.31075,5.0,-0.500119,-2.18913,2.64098,-2.08358,3.66818,-4.22556])
2.8304595393516663
Max g: 0.0013936113662761374
f_96([0.0721593,0.895859,-0.422311,-0.855856,0.982363,-0.0584999,0.222387,-0.0495431,1.02944,-0.948064,-0.0715962,1.76067,-0.42658,1.5661,-1.5265,2.77525,-0.480697,-1.56228,-0.467537,-0.721742,-0.462211,-0.0139899,-1.36307,0.579701,-3.33048,1.58026,0.490546,2.25968,3.31069,-5.0,0.499888,2.18942,3.22982,-4.50892,0.22672,1.05242,-2.31069,5.0,-0.499886,-2.18943,2.6407,-2.08354,3.6683,-4.22544])
2.8321497814539907
Max g: 0.0013056516494962533
f_97([0.0720907,0.895897,-0.422319,-0.85586,0.982376,-0.0584635,0.221849,-0.0506122,1.02893,-0.94842,-0.0719563,1.76035,-0.426549,1.56605,-1.52651,2.77529,-0.480707,-1.5623,-0.467525,-0.721687,-0.462216,-0.0139982,-1.36305,0.579698,-3.33049,1.58031,0.490541,2.25965,3.31053,-5.0,0.499855,2.18965,3.22955,-4.5077,0.226854,1.05129,-2.31049,5.0,-0.499804,-2.18973,2.64043,-2.08345,3.66843,-4.22537])
2.8327463374901054
Max g: 0.0010501292742940427
f_98([0.0719901,0.895818,-0.42234,-0.855804,0.982371,-0.0584152,0.220809,-0.0526678,1.02804,-0.949223,-0.0724432,1.75978,-0.426514,1.56594,-1.52675,2.77535,-0.480699,-1.56234,-0.467657,-0.721906,-0.462089,-0.0141772,-1.36327,0.579881,-3.33036,1.5802,0.490502,2.25966,3.3098,-5.0,0.498946,2.19125,3.22634,-4.49829,0.229082,1.04291,-2.30982,5.0,-0.498954,-2.19123,2.63942,-2.08333,3.66892,-4.22499])
2.8372205077609647
Max g: 0.0007625980580063807
f_99([0.0719928,0.895781,-0.42226,-0.855881,0.98241,-0.0583831,0.220201,-0.0538625,1.02754,-0.949569,-0.0727702,1.75944,-0.426482,1.56581,-1.52683,2.77528,-0.480674,-1.5623,-0.467757,-0.722088,-0.462003,-0.014336,-1.36344,0.579993,-3.33034,1.5802,0.490455,2.25969,3.30957,-5.0,0.498312,2.19212,3.22346,-4.49119,0.230265,1.0375,-2.30955,5.0,-0.49829,-2.19215,2.63862,-2.08324,3.66933,-4.2247])
2.8421918080619197
Max g: 0.000513717552124926
f_100([0.0719734,0.895773,-0.422251,-0.855893,0.982403,-0.0583579,0.219679,-0.0548534,1.02709,-0.94987,-0.0730127,1.75912,-0.426452,1.56578,-1.52694,2.7753,-0.480667,-1.56229,-0.467845,-0.722262,-0.461911,-0.0144949,-1.36357,0.580094,-3.33033,1.58018,0.490504,2.25964,3.30939,-5.0,0.497796,2.19281,3.2209,-4.48494,0.231285,1.03278,-2.30938,5.0,-0.497788,-2.19283,2.6379,-2.08314,3.6697,-4.22446])
2.8440809021762825
{0.07197341214221242,0.8957730138736859,-0.4222509222787036,-0.855892826970482,0.9824031772787054,-0.058357908404140096,0.21967927169477486,-0.054853368600935724,1.0270893878955296,-0.9498703806728392,-0.0730126948635702,1.759120363957006,-0.42645193517588964,1.565780941107492,-1.5269436649619963,2.775297546885318,-0.4806672771309279,-1.5622912402900568,-0.46784509699725696,-0.722262063001098,-0.4619109254222707,-0.014494892563337797,-1.3635668551205786,0.5800940742636471,-3.330325363801813,1.5801832428792204,0.49050353113265066,2.2596434669100365,3.3093854882400486,-4.999999950281002,0.4977957655118191,2.192814094933482,3.2208996375757346,-4.484936520923388,0.2312852062956094,1.032781259161554,-2.309383303800905,4.999999999999999,-0.4977883979465863,-2.1928274860167694,2.6378970667984425,-2.0831416046317077,3.669703209870054,-4.224455960877031}]
Set[{A021,A031,A032,A041,A042,A043,A121,A131,A132,A141,A142,A143,B021,B031,B032,B041,B042,B043,B121,B131,B132,B141,B142,B143,\[Alpha]1,\[Alpha]2,\[Alpha]3,\[Alpha]4,\[Beta]11,\[Beta]12,\[Beta]13,\[Beta]14,\[Beta]21,\[Beta]22,\[Beta]23,\[Beta]24,\[Beta]31,\[Beta]32,\[Beta]33,\[Beta]34,\[Beta]41,\[Beta]42,\[Beta]43,\[Beta]44},{0.07197341214221242,0.8957730138736859,-0.4222509222787036,-0.855892826970482,0.9824031772787054,-0.058357908404140096,0.21967927169477486,-0.054853368600935724,1.0270893878955296,-0.9498703806728392,-0.0730126948635702,1.759120363957006,-0.42645193517588964,1.565780941107492,-1.5269436649619963,2.775297546885318,-0.4806672771309279,-1.5622912402900568,-0.46784509699725696,-0.722262063001098,-0.4619109254222707,-0.014494892563337797,-1.3635668551205786,0.5800940742636471,-3.330325363801813,1.5801832428792204,0.49050353113265066,2.2596434669100365,3.3093854882400486,-4.999999950281002,0.4977957655118191,2.192814094933482,3.2208996375757346,-4.484936520923388,0.2312852062956094,1.032781259161554,-2.309383303800905,4.999999999999999,-0.4977883979465863,-2.1928274860167694,2.6378970667984425,-2.0831416046317077,3.669703209870054,-4.224455960877031}]

Max g: 0.00029068071784743577
f_101([0.0719465,0.895722,-0.422287,-0.855841,0.982373,-0.0583365,0.219305,-0.0556004,1.0268,-0.950059,-0.0731518,1.75883,-0.426428,1.56569,-1.52696,2.77528,-0.48064,-1.56229,-0.467904,-0.722372,-0.46186,-0.0146165,-1.36363,0.580146,-3.33033,1.5802,0.490494,2.25964,3.30927,-5.0,0.49742,2.19331,3.21908,-4.48053,0.231996,1.02945,-2.30927,5.0,-0.497406,-2.19333,2.63743,-2.08312,3.66994,-4.22424])
2.8462682743087027
Max g: 0.00013541071502787272
f_102([0.0719349,0.895703,-0.422294,-0.855848,0.982386,-0.0583242,0.21903,-0.0561107,1.02655,-0.950208,-0.0733078,1.75868,-0.426398,1.56562,-1.527,2.77525,-0.480595,-1.5623,-0.467948,-0.722456,-0.461823,-0.0147005,-1.36369,0.580189,-3.33033,1.58024,0.490461,2.25964,3.30917,-5.0,0.497122,2.19371,3.21775,-4.47727,0.23251,1.02701,-2.30918,5.0,-0.497131,-2.19369,2.63705,-2.08307,3.67011,-4.22409])
2.8474613863809317
Max g: 1.9443136493935143e-5
f_103([0.0719324,0.895674,-0.422295,-0.855852,0.982395,-0.0583252,0.218795,-0.0565714,1.02637,-0.950313,-0.0734584,1.75854,-0.426376,1.56555,-1.527,2.77525,-0.480612,-1.56227,-0.467985,-0.722528,-0.461788,-0.0147634,-1.36374,0.580232,-3.33036,1.58026,0.490484,2.25962,3.30908,-5.0,0.49689,2.19402,3.21662,-4.4745,0.232971,1.02491,-2.30909,5.0,-0.496902,-2.19401,2.63676,-2.08305,3.67025,-4.22396])
2.8486544984531608
Max g: 0.00016287616636593422
f_104([0.0719324,0.895674,-0.422295,-0.855852,0.982395,-0.0583252,0.218795,-0.0565717,1.02637,-0.950314,-0.0734585,1.75854,-0.426376,1.56555,-1.52701,2.77525,-0.480612,-1.56227,-0.467986,-0.722528,-0.461788,-0.0147634,-1.36374,0.580232,-3.33036,1.58026,0.490484,2.25962,3.30908,-5.0,0.49689,2.19402,3.21662,-4.4745,0.232972,1.02491,-2.30909,5.0,-0.496901,-2.19401,2.63676,-2.08305,3.67025,-4.22396])
2.8486544984531608
Max g: 0.00016328626785677702
{0.07193687108257843,0.8956780874374927,-0.4222953183850627,-0.8558525827652729,0.9823940137865783,-0.05832844210253093,0.21879380946710303,-0.05657113888963739,1.026360940396571,-0.9503154261152563,-0.07346060067149954,1.7585394231109932,-0.4263722146384421,1.5655488558160602,-1.5270092716555435,2.7752454429079267,-0.48060718729114654,-1.5622667365277794,-0.46798680902356216,-0.722527033309804,-0.46178979117903374,-0.014762912754973196,-1.3637455497539692,0.5802311590022267,-3.3303653162685825,1.580269725925957,0.4904762733824297,2.2596191119192155,3.309079158830575,-4.999999378602057,0.49688756931050015,2.194032073557614,3.2165925143990712,-4.474453804582661,0.23297526622269635,1.024881512793187,-2.309089631530712,4.999999693874147,-0.4968980350751641,-2.194012618678299,2.636760013154726,-2.083050681923816,3.670248305411744,-4.223959489751027}]
Set[{A021,A031,A032,A041,A042,A043,A121,A131,A132,A141,A142,A143,B021,B031,B032,B041,B042,B043,B121,B131,B132,B141,B142,B143,\[Alpha]1,\[Alpha]2,\[Alpha]3,\[Alpha]4,\[Beta]11,\[Beta]12,\[Beta]13,\[Beta]14,\[Beta]21,\[Beta]22,\[Beta]23,\[Beta]24,\[Beta]31,\[Beta]32,\[Beta]33,\[Beta]34,\[Beta]41,\[Beta]42,\[Beta]43,\[Beta]44},{0.07193687108257843,0.8956780874374927,-0.4222953183850627,-0.8558525827652729,0.9823940137865783,-0.05832844210253093,0.21879380946710303,-0.05657113888963739,1.026360940396571,-0.9503154261152563,-0.07346060067149954,1.7585394231109932,-0.4263722146384421,1.5655488558160602,-1.5270092716555435,2.7752454429079267,-0.48060718729114654,-1.5622667365277794,-0.46798680902356216,-0.722527033309804,-0.46178979117903374,-0.014762912754973196,-1.3637455497539692,0.5802311590022267,-3.3303653162685825,1.580269725925957,0.4904762733824297,2.2596191119192155,3.309079158830575,-4.999999378602057,0.49688756931050015,2.194032073557614,3.2165925143990712,-4.474453804582661,0.23297526622269635,1.024881512793187,-2.309089631530712,4.999999693874147,-0.4968980350751641,-2.194012618678299,2.636760013154726,-2.083050681923816,3.670248305411744,-4.223959489751027}]


-----------------Final Result------------------
Options: alg=LN_AUGLAG_EQ,dx=0.01,max_eval=100000000,popSize=0
imin=-12,jmin=-1,imax=1,jmax=1,
parameter_minmax=5,
randSeed=53321864,rand_minmax=3

10466692 steps

Completed with maxf : 2.84875392445918

Constraints at 0.00016778243

x = [0.07193687108257843,0.8956780874374927,-0.4222953183850627,-0.8558525827652729,0.9823940137865783,-0.05832844210253093,0.21879380946710303,-0.05657113888963739,1.026360940396571,-0.9503154261152563,-0.07346060067149954,1.7585394231109932,-0.4263722146384421,1.5655488558160602,-1.5270092716555435,2.7752454429079267,-0.48060718729114654,-1.5622667365277794,-0.46798680902356216,-0.722527033309804,-0.46178979117903374,-0.014762912754973196,-1.3637455497539692,0.5802311590022267,-3.3303653162685825,1.580269725925957,0.4904762733824297,2.2596191119192155,3.309079158830575,-4.999999378602057,0.49688756931050015,2.194032073557614,3.2165925143990712,-4.474453804582661,0.23297526622269635,1.024881512793187,-2.309089631530712,4.999999693874147,-0.4968980350751641,-2.194012618678299,2.636760013154726,-2.083050681923816,3.670248305411744,-4.223959489751027]
c0 = [0.0,0.07193687108257843,0.47338276905243,0.06821298891877448]
c1 = [0.0,0.21879380946710303,0.9697898015069336,0.7347633963242374]
A0 = [0.0,0.07193687108257843,0.8956780874374927,-0.8558525827652729,0.0,0.0,-0.4222953183850627,0.9823940137865783,0.0,0.0,0.0,-0.05832844210253093,0.0,0.0,0.0,0.0]
A1 = [0.0,0.21879380946710303,-0.05657113888963739,-0.9503154261152563,0.0,0.0,1.026360940396571,-0.07346060067149954,0.0,0.0,0.0,1.7585394231109932,0.0,0.0,0.0,0.0]
B0 = [0.0,-0.4263722146384421,1.5655488558160602,2.7752454429079267,0.0,0.0,-1.5270092716555435,-0.48060718729114654,0.0,0.0,0.0,-1.5622667365277794,0.0,0.0,0.0,0.0]
B1 = [0.0,-0.46798680902356216,-0.722527033309804,-0.014762912754973196,0.0,0.0,-0.46178979117903374,-1.3637455497539692,0.0,0.0,0.0,0.5802311590022267,0.0,0.0,0.0,0.0]
  = [-3.3303653162685825,1.580269725925957,0.4904762733824297,2.2596191119192155]
1 = [3.309079158830575,-4.999999378602057,0.49688756931050015,2.194032073557614]
2 = [3.2165925143990712,-4.474453804582661,0.23297526622269635,1.024881512793187]
3 = [-2.309089631530712,4.999999693874147,-0.4968980350751641,-2.194012618678299]
4 = [2.636760013154726,-2.083050681923816,3.670248305411744,-4.223959489751027]


Set[{A021,A031,A032,A041,A042,A043,A121,A131,A132,A141,A142,A143,B021,B031,B032,B041,B042,B043,B121,B131,B132,B141,B142,B143,\[Alpha]1,\[Alpha]2,\[Alpha]3,\[Alpha]4,\[Beta]11,\[Beta]12,\[Beta]13,\[Beta]14,\[Beta]21,\[Beta]22,\[Beta]23,\[Beta]24,\[Beta]31,\[Beta]32,\[Beta]33,\[Beta]34,\[Beta]41,\[Beta]42,\[Beta]43,\[Beta]44},{0.07193687108257843,0.8956780874374927,-0.4222953183850627,-0.8558525827652729,0.9823940137865783,-0.05832844210253093,0.21879380946710303,-0.05657113888963739,1.026360940396571,-0.9503154261152563,-0.07346060067149954,1.7585394231109932,-0.4263722146384421,1.5655488558160602,-1.5270092716555435,2.7752454429079267,-0.48060718729114654,-1.5622667365277794,-0.46798680902356216,-0.722527033309804,-0.46178979117903374,-0.014762912754973196,-1.3637455497539692,0.5802311590022267,-3.3303653162685825,1.580269725925957,0.4904762733824297,2.2596191119192155,3.309079158830575,-4.999999378602057,0.49688756931050015,2.194032073557614,3.2165925143990712,-4.474453804582661,0.23297526622269635,1.024881512793187,-2.309089631530712,4.999999693874147,-0.4968980350751641,-2.194012618678299,2.636760013154726,-2.083050681923816,3.670248305411744,-4.223959489751027}]



