
-----------------Setup------------------
Options: alg=LN_AUGLAG_EQ,dx=0.01,max_eval=100000000,popSize=0
imin=-12,jmin=-1,imax=1,jmax=1,
parameter_minmax=5,
randSeed=35230187, rand_minmax=3

Initial Condition:

[0.0765354,-0.195759,2.71518,-1.85636,1.10774,0.42418,-1.51131,1.85182,2.71093,-1.37324,-2.75259,-0.313035,-1.83958,1.11781,1.77444,1.63441,-0.0567062,-0.716513,2.38404,1.64162,2.75264,-0.872786,-0.106695,2.92445,2.90569,2.92545,2.68388,2.59735,1.5962,-1.28927,2.51679,-1.80474,-0.963577,2.55966,-1.41257,2.28643,-2.50885,1.10001,2.82177,-1.76139,0.213642,0.842984,-0.810651,-2.42962]

f_1([0.113839,-0.270881,0.684383,-1.04171,1.04031,1.00117,1.72611e-6,-1.87525,1.89795,2.56945,-1.9156,-0.637137,-0.0312473,0.223725,0.137224,2.74379,0.0145097,1.11253,-0.0397299,0.119352,3.00153,-0.392671,0.746503,1.63738,-1.6672,3.72856,0.612754,-1.39294,4.99245,-3.00141,0.486091,-2.90847,-4.66269,2.92872,-1.01936,1.6334,-0.663403,-2.13713,4.05108,-0.772385,2.87732,1.73105,-1.73599,-1.73386])
5.966554621206038
Max g: 37.391273616288764
f_2([0.113839,-0.270881,0.684383,-1.04171,1.04031,1.00117,1.72606e-6,-1.87525,1.89795,2.56945,-1.9156,-0.637137,-0.0312473,0.223725,0.137224,2.74379,0.0145097,1.11253,-0.0397299,0.119352,3.00153,-0.392671,0.746503,1.63738,-1.6672,3.72856,0.612754,-1.39294,4.99245,-3.00141,0.486091,-2.90847,-4.66269,2.92872,-1.01936,1.6334,-0.663403,-2.13713,4.05108,-0.772385,2.87732,1.73105,-1.73599,-1.73386])
5.966554621206038
Max g: 37.39127240262516
f_3([0.0870934,-0.304491,0.676711,-1.06635,1.02828,0.980292,0.0059407,-1.83078,1.83648,2.57491,-1.96338,-0.610998,0.0172491,0.17417,0.0544011,0.222192,0.0401298,0.409122,0.18495,0.13905,2.95411,-0.371756,0.863316,1.63731,-1.45934,3.47009,0.58568,-1.41837,4.95413,-2.15197,0.675449,-2.45959,-4.45537,3.15785,-0.842063,1.76641,-0.819302,-2.44184,1.98085,-0.756582,2.96698,1.72877,-1.74184,-1.75889])
8.460954260213155
Max g: 16.4395373862882
f_4([0.0870934,-0.304491,0.676711,-1.06635,1.02828,0.980292,0.0059407,-1.83078,1.83648,2.57491,-1.96338,-0.610998,0.0172491,0.17417,0.0544011,0.222192,0.0401298,0.409122,0.18495,0.139049,2.95411,-0.371756,0.863316,1.63731,-1.45934,3.47009,0.58568,-1.41837,4.95413,-2.15197,0.675449,-2.45959,-4.45537,3.15785,-0.842063,1.76641,-0.819302,-2.44184,1.98085,-0.756582,2.96698,1.72877,-1.74184,-1.75889])
8.460954260213155
Max g: 16.439521906117875
f_5([0.0870934,-0.304491,0.676711,-1.06635,1.02828,0.980292,0.0059407,-1.83078,1.83648,2.57491,-1.96338,-0.610998,0.0172491,0.17417,0.0544011,0.222192,0.0401298,0.409122,0.18495,0.139048,2.95411,-0.371756,0.863316,1.63731,-1.45934,3.47009,0.58568,-1.41837,4.95413,-2.15197,0.675449,-2.45959,-4.45537,3.15785,-0.842063,1.76641,-0.819302,-2.44184,1.98085,-0.756582,2.96698,1.72877,-1.74184,-1.75889])
8.460954260213155
Max g: 16.439517669756157
f_6([0.0870934,-0.304491,0.676711,-1.06635,1.02828,0.980292,0.0059407,-1.83078,1.83648,2.57491,-1.96338,-0.610998,0.0172491,0.17417,0.0544011,0.222192,0.0401298,0.409122,0.18495,0.139048,2.95411,-0.371756,0.863316,1.63731,-1.45934,3.47009,0.58568,-1.41837,4.95413,-2.15197,0.675449,-2.45959,-4.45537,3.15785,-0.842063,1.76641,-0.819302,-2.44184,1.98085,-0.756582,2.96698,1.72877,-1.74184,-1.75889])
8.460954260213155
Max g: 16.43951661670669
f_7([0.0870934,-0.304491,0.676711,-1.06635,1.02828,0.980292,0.0059407,-1.83078,1.83648,2.57491,-1.96338,-0.610998,0.0172491,0.17417,0.0544011,0.222192,0.0401298,0.409122,0.18495,0.139048,2.95411,-0.371756,0.863316,1.63731,-1.45934,3.47009,0.58568,-1.41837,4.95413,-2.15197,0.675449,-2.45959,-4.45537,3.15785,-0.842063,1.76641,-0.819302,-2.44184,1.98085,-0.756582,2.96698,1.72877,-1.74184,-1.75889])
8.460954260213155
Max g: 16.439516003831137
f_8([0.0870934,-0.304491,0.676711,-1.06635,1.02828,0.980292,0.0059407,-1.83078,1.83648,2.57491,-1.96338,-0.610998,0.0172491,0.17417,0.0544011,0.222192,0.0401298,0.409122,0.18495,0.139048,2.95411,-0.371756,0.863316,1.63731,-1.45934,3.47009,0.58568,-1.41837,4.95413,-2.15197,0.675449,-2.45959,-4.45537,3.15785,-0.842063,1.76641,-0.819302,-2.44184,1.98085,-0.756582,2.96698,1.72877,-1.74184,-1.75889])
8.460954260213155
Max g: 16.439515622703883
f_9([0.0870934,-0.304491,0.676711,-1.06635,1.02828,0.980292,0.0059407,-1.83078,1.83648,2.57491,-1.96338,-0.610998,0.0172491,0.17417,0.0544011,0.222192,0.0401298,0.409122,0.18495,0.139048,2.95411,-0.371756,0.863316,1.63731,-1.45934,3.47009,0.58568,-1.41837,4.95413,-2.15197,0.675449,-2.45959,-4.45537,3.15785,-0.842063,1.76641,-0.819302,-2.44184,1.98085,-0.756582,2.96698,1.72877,-1.74184,-1.75889])
8.460954260213155
Max g: 16.439515354712103
f_10([0.0870934,-0.304491,0.676711,-1.06635,1.02828,0.980292,0.0059407,-1.83078,1.83648,2.57491,-1.96338,-0.610998,0.0172491,0.17417,0.0544011,0.222192,0.0401298,0.409122,0.18495,0.139048,2.95411,-0.371756,0.863316,1.63731,-1.45934,3.47009,0.58568,-1.41837,4.95413,-2.15197,0.675449,-2.45959,-4.45537,3.15785,-0.842063,1.76641,-0.819302,-2.44184,1.98085,-0.756582,2.96698,1.72877,-1.74184,-1.75889])
8.460954260213155
{0.08709341123387387,-0.30449061299060837,0.6767110255505059,-1.066348855234366,1.0282754255817235,0.9802921297434629,0.0059406981669240045,-1.8307844863505418,1.8364764778890814,2.574910257390958,-1.9633843150536994,-0.6109983659200038,0.01724912084224518,0.1741696216374356,0.054401122566317656,0.22219224770410026,0.040129810439630105,0.40912240645023,0.18494955335531152,0.1390481495459572,2.954105208752082,-0.37175638718455395,0.8633156251683178,1.6373134338499182,-1.4593396479973373,3.470094928940513,0.5856801150528558,-1.4183667542301863,4.9541302788845964,-2.151967975116616,0.6754486639746575,-2.4595914536041508,-4.455366147414065,3.157852478639923,-0.8420629373397638,1.7664078897671172,-0.8193018057756476,-2.4418419854614255,1.9808470606650876,-0.7565823725192738,2.9669790558654414,1.7287670139358806,-1.7418372361682306,-1.7588889332764417}]
Set[{A021,A031,A032,A041,A042,A043,A121,A131,A132,A141,A142,A143,B021,B031,B032,B041,B042,B043,B121,B131,B132,B141,B142,B143,\[Alpha]1,\[Alpha]2,\[Alpha]3,\[Alpha]4,\[Beta]11,\[Beta]12,\[Beta]13,\[Beta]14,\[Beta]21,\[Beta]22,\[Beta]23,\[Beta]24,\[Beta]31,\[Beta]32,\[Beta]33,\[Beta]34,\[Beta]41,\[Beta]42,\[Beta]43,\[Beta]44},{0.08709341123387387,-0.30449061299060837,0.6767110255505059,-1.066348855234366,1.0282754255817235,0.9802921297434629,0.0059406981669240045,-1.8307844863505418,1.8364764778890814,2.574910257390958,-1.9633843150536994,-0.6109983659200038,0.01724912084224518,0.1741696216374356,0.054401122566317656,0.22219224770410026,0.040129810439630105,0.40912240645023,0.18494955335531152,0.1390481495459572,2.954105208752082,-0.37175638718455395,0.8633156251683178,1.6373134338499182,-1.4593396479973373,3.470094928940513,0.5856801150528558,-1.4183667542301863,4.9541302788845964,-2.151967975116616,0.6754486639746575,-2.4595914536041508,-4.455366147414065,3.157852478639923,-0.8420629373397638,1.7664078897671172,-0.8193018057756476,-2.4418419854614255,1.9808470606650876,-0.7565823725192738,2.9669790558654414,1.7287670139358806,-1.7418372361682306,-1.7588889332764417}]

Max g: 16.43951520445253
f_11([0.0870934,-0.304491,0.676711,-1.06635,1.02828,0.980292,0.0059407,-1.83078,1.83648,2.57491,-1.96338,-0.610998,0.0172491,0.17417,0.0544011,0.222192,0.0401298,0.409122,0.18495,0.139048,2.95411,-0.371756,0.863316,1.63731,-1.45934,3.47009,0.58568,-1.41837,4.95413,-2.15197,0.675449,-2.45959,-4.45537,3.15785,-0.842063,1.76641,-0.819302,-2.44184,1.98085,-0.756582,2.96698,1.72877,-1.74184,-1.75889])
8.460954260213155
Max g: 16.439515062128983
f_12([0.0870934,-0.304491,0.676711,-1.06635,1.02828,0.980292,0.0059407,-1.83078,1.83648,2.57491,-1.96338,-0.610998,0.0172491,0.17417,0.0544011,0.222192,0.0401298,0.409122,0.18495,0.139048,2.95411,-0.371756,0.863316,1.63731,-1.45934,3.47009,0.58568,-1.41837,4.95413,-2.15197,0.675449,-2.45959,-4.45537,3.15785,-0.842063,1.76641,-0.819302,-2.44184,1.98085,-0.756582,2.96698,1.72877,-1.74184,-1.75889])
8.460954260213155
Max g: 16.4395149157987
f_13([0.0870934,-0.304491,0.676711,-1.06635,1.02828,0.980292,0.0059407,-1.83078,1.83648,2.57491,-1.96338,-0.610998,0.0172491,0.17417,0.0544011,0.222192,0.0401298,0.409122,0.18495,0.139048,2.95411,-0.371756,0.863316,1.63731,-1.45934,3.47009,0.58568,-1.41837,4.95413,-2.15197,0.675449,-2.45959,-4.45537,3.15785,-0.842063,1.76641,-0.819302,-2.44184,1.98085,-0.756582,2.96698,1.72877,-1.74184,-1.75889])
8.460954260213155
Max g: 16.43951480984451
f_14([0.0870934,-0.304491,0.676711,-1.06635,1.02828,0.980292,0.0059407,-1.83078,1.83648,2.57491,-1.96338,-0.610998,0.0172491,0.17417,0.0544011,0.222192,0.0401298,0.409122,0.18495,0.139048,2.95411,-0.371756,0.863316,1.63731,-1.45934,3.47009,0.58568,-1.41837,4.95413,-2.15197,0.675449,-2.45959,-4.45537,3.15785,-0.842063,1.76641,-0.819302,-2.44184,1.98085,-0.756582,2.96698,1.72877,-1.74184,-1.75889])
8.460954260213155
Max g: 16.439514771897855
f_15([0.0870934,-0.304491,0.676711,-1.06635,1.02828,0.980292,0.0059407,-1.83078,1.83648,2.57491,-1.96338,-0.610998,0.0172491,0.17417,0.0544011,0.222192,0.0401298,0.409122,0.18495,0.139048,2.95411,-0.371756,0.863316,1.63731,-1.45934,3.47009,0.58568,-1.41837,4.95413,-2.15197,0.675449,-2.45959,-4.45537,3.15785,-0.842063,1.76641,-0.819302,-2.44184,1.98085,-0.756582,2.96698,1.72877,-1.74184,-1.75889])
8.460954260213155
Max g: 16.439514741025697
f_16([0.0870934,-0.304491,0.676711,-1.06635,1.02828,0.980292,0.0059407,-1.83078,1.83648,2.57491,-1.96338,-0.610998,0.0172491,0.17417,0.0544011,0.222192,0.0401298,0.409122,0.18495,0.139048,2.95411,-0.371756,0.863316,1.63731,-1.45934,3.47009,0.58568,-1.41837,4.95413,-2.15197,0.675449,-2.45959,-4.45537,3.15785,-0.842063,1.76641,-0.819302,-2.44184,1.98085,-0.756582,2.96698,1.72877,-1.74184,-1.75889])
8.460954260213155
Max g: 16.439514723061656
f_17([0.164554,1.51214,-1.17534,-1.46343,0.180073,1.32036,0.0780749,-1.86126,1.86126,2.18317,-2.40991,0.226742,0.155064,2.0901,0.197792,0.562506,0.07344,-0.268172,0.0281491,-2.46994,2.2817,-4.20262,2.76613,1.43109,-1.89578,2.70772,0.281846,-0.108375,2.73626,-0.341625,-0.257989,-1.09418,-3.43574,3.50908,-1.37082,1.2352,0.436242,-1.41242,1.92469,-0.973377,1.83395,-0.0678841,0.876051,-2.64314])
3.3155590227188423
Max g: 1.067056999653046
f_18([0.146752,1.56911,-1.0652,-1.49425,0.391486,1.28584,0.213144,-1.12826,2.12826,2.39593,-2.19558,0.255959,0.14061,2.17583,0.162653,0.789928,0.106051,-0.470285,0.312811,-1.96624,0.70534,-4.32573,2.99609,0.836905,-1.99931,2.60629,0.262906,0.101908,-1.99074,2.31018,0.521624,0.158008,-1.31353,2.16342,-0.0179434,-0.844485,2.84745,-2.19476,-0.547528,-0.110495,2.14979,0.717006,2.11851,-4.99412])
3.5216691331964314
Max g: 0.2257477782028734
f_19([0.109499,1.68111,-0.998262,-1.56017,0.201932,1.37562,0.150042,-1.07856,2.07361,2.38025,-2.1427,0.194824,0.112316,2.08841,0.0621955,0.810357,0.0813063,-0.450927,0.354758,-1.62281,0.436219,-4.31426,2.88789,0.977083,-1.9897,2.60106,0.314086,0.0745603,-2.13824,2.16941,0.446063,0.522211,-1.41274,1.91429,-0.123884,-0.375883,3.17544,-2.17826,-0.437069,-0.559927,2.30507,0.615414,2.07991,-4.99996])
4.535516116573168
Max g: 0.031533622741999834
f_20([0.107898,1.68327,-0.997363,-1.56119,0.201714,1.37583,0.143116,-1.07173,2.07173,2.48377,-2.09999,0.0524981,0.110875,2.08003,0.057099,0.809715,0.0829882,-0.451363,0.365848,-1.66795,0.489809,-4.31503,2.87267,0.998274,-1.98969,2.59896,0.318292,0.0724415,-2.16139,2.1211,0.428455,0.612382,-1.48578,1.91754,-0.146657,-0.285004,3.15732,-2.12394,-0.431907,-0.601489,2.26168,0.650953,2.08779,-5.0])
4.1832497772475055
{0.10789804237870575,1.6832749817635506,-0.9973630352480823,-1.561191803681837,0.201713728099034,1.3758266570566653,0.14311608066755577,-1.071730847119177,2.071730607276148,2.483768171613195,-2.0999928920324904,0.052498133909788455,0.11087521638182772,2.080032530605192,0.05709902372918661,0.8097150304313483,0.08298822307546005,-0.45136307661010955,0.3658481066933183,-1.6679504698415373,0.48980919904331405,-4.315032615043631,2.87267438078101,0.9982736572100042,-1.9896916427046556,2.5989631410647833,0.3182924303573062,0.07244153317324552,-2.161392080784555,2.1210992480766504,0.42845472614297486,0.6123817159975931,-1.4857768101628568,1.917540380694099,-0.14665693882285533,-0.28500355797989047,3.1573241642586227,-2.1239446526518546,-0.4319067891259929,-0.6014892323606618,2.261683850364045,0.6509530092935486,2.0877918727301643,-4.999997274908969}]
Set[{A021,A031,A032,A041,A042,A043,A121,A131,A132,A141,A142,A143,B021,B031,B032,B041,B042,B043,B121,B131,B132,B141,B142,B143,\[Alpha]1,\[Alpha]2,\[Alpha]3,\[Alpha]4,\[Beta]11,\[Beta]12,\[Beta]13,\[Beta]14,\[Beta]21,\[Beta]22,\[Beta]23,\[Beta]24,\[Beta]31,\[Beta]32,\[Beta]33,\[Beta]34,\[Beta]41,\[Beta]42,\[Beta]43,\[Beta]44},{0.10789804237870575,1.6832749817635506,-0.9973630352480823,-1.561191803681837,0.201713728099034,1.3758266570566653,0.14311608066755577,-1.071730847119177,2.071730607276148,2.483768171613195,-2.0999928920324904,0.052498133909788455,0.11087521638182772,2.080032530605192,0.05709902372918661,0.8097150304313483,0.08298822307546005,-0.45136307661010955,0.3658481066933183,-1.6679504698415373,0.48980919904331405,-4.315032615043631,2.87267438078101,0.9982736572100042,-1.9896916427046556,2.5989631410647833,0.3182924303573062,0.07244153317324552,-2.161392080784555,2.1210992480766504,0.42845472614297486,0.6123817159975931,-1.4857768101628568,1.917540380694099,-0.14665693882285533,-0.28500355797989047,3.1573241642586227,-2.1239446526518546,-0.4319067891259929,-0.6014892323606618,2.261683850364045,0.6509530092935486,2.0877918727301643,-4.999997274908969}]

Max g: 0.009386442311990352
f_21([0.107641,1.68508,-0.996375,-1.5606,0.201066,1.37591,0.13886,-1.07119,2.07119,2.50328,-2.09134,0.0261473,0.110822,2.08031,0.0573387,0.808963,0.0834833,-0.452159,0.372838,-1.67351,0.50175,-4.31468,2.85992,1.01378,-1.98924,2.59886,0.318222,0.0720953,-2.17555,2.10145,0.423718,0.650182,-1.50447,1.9019,-0.158722,-0.238889,3.16977,-2.09752,-0.423766,-0.648757,2.22852,0.675038,2.09649,-5.0])
4.152328289375567
Max g: 0.0007597265586605229
f_22([0.107552,1.68544,-0.996218,-1.56043,0.201003,1.37381,0.138131,-1.07142,2.07142,2.49883,-2.09307,0.0328174,0.110555,2.07973,0.0570447,0.80561,0.0838891,-0.442961,0.373986,-1.6727,0.502127,-4.31495,2.85775,1.01656,-1.98939,2.59873,0.31842,0.0722371,-2.17441,2.09613,0.423102,0.65514,-1.50479,1.8978,-0.160357,-0.23273,3.17602,-2.09617,-0.422374,-0.657476,2.22109,0.679299,2.09874,-4.99916])
4.183746907277602
Max g: 0.0005200241785940016
f_23([0.10753,1.68548,-0.996255,-1.56034,0.200902,1.37382,0.138706,-1.0723,2.07104,2.49494,-2.09466,0.0378614,0.110527,2.07962,0.0568538,0.805734,0.0840574,-0.442894,0.373401,-1.67214,0.501181,-4.31497,2.85868,1.01536,-1.9895,2.59875,0.318504,0.072242,-2.17435,2.09828,0.423415,0.652668,-1.50064,1.89797,-0.159073,-0.238306,3.17567,-2.09882,-0.423146,-0.653676,2.22127,0.678404,2.09834,-4.99801])
4.193490655867473
Max g: 0.00024108680764522994
f_24([0.107509,1.68551,-0.996177,-1.56038,0.200986,1.37391,0.139073,-1.07281,2.07088,2.49385,-2.09511,0.0391429,0.110512,2.07964,0.0567621,0.805912,0.0840662,-0.442901,0.372952,-1.67221,0.501,-4.31492,2.85942,1.0144,-1.98952,2.59872,0.318523,0.0722807,-2.17506,2.10041,0.423669,0.650982,-1.49749,1.89809,-0.158059,-0.242543,3.17489,-2.10038,-0.423736,-0.650769,2.22143,0.678064,2.09814,-4.99764])
4.193291803855435
Max g: 9.656247730310125e-5
f_25([0.107506,1.68553,-0.996186,-1.56038,0.200975,1.37392,0.139095,-1.07284,2.07087,2.49403,-2.09502,0.03885,0.110515,2.07966,0.056751,0.805852,0.0840524,-0.442908,0.372921,-1.67224,0.501012,-4.3149,2.85947,1.01433,-1.98952,2.59873,0.318524,0.0722694,-2.17508,2.10056,0.42371,0.650805,-1.49724,1.89809,-0.157984,-0.24286,3.17487,-2.10048,-0.423755,-0.65064,2.22148,0.678054,2.09809,-4.99763])
4.1918998397711675
Max g: 3.929417910387978e-5
f_26([0.107506,1.68553,-0.996189,-1.56038,0.200975,1.37393,0.139085,-1.07282,2.07087,2.49423,-2.09494,0.0385771,0.110517,2.07967,0.0567526,0.805855,0.0840526,-0.442915,0.372935,-1.67225,0.501024,-4.3149,2.85944,1.01436,-1.98952,2.59873,0.318521,0.0722631,-2.17497,2.10046,0.423723,0.650785,-1.49732,1.89807,-0.158014,-0.242736,3.17498,-2.10046,-0.423718,-0.6508,2.22148,0.678066,2.09809,-4.99764])
4.190706727698938
Max g: 4.4573456588585525e-6
f_27([0.107506,1.68553,-0.996188,-1.56038,0.200976,1.37393,0.139083,-1.07281,2.07087,2.49422,-2.09495,0.0386059,0.110517,2.07966,0.0567516,0.805856,0.0840529,-0.442915,0.372938,-1.67224,0.501022,-4.3149,2.85944,1.01436,-1.98952,2.59873,0.318522,0.0722639,-2.17496,2.10044,0.42372,0.650797,-1.49734,1.89808,-0.15802,-0.242711,3.17498,-2.10045,-0.423716,-0.650813,2.22148,0.678066,2.09809,-4.99764])
4.190905579710976
Max g: 1.4281540835769935e-6
f_28([0.107506,1.68553,-0.996188,-1.56038,0.200976,1.37393,0.139082,-1.07281,2.07087,2.49421,-2.09495,0.0386113,0.110517,2.07966,0.0567515,0.805856,0.0840531,-0.442915,0.372939,-1.67224,0.501022,-4.3149,2.85944,1.01437,-1.98952,2.59873,0.318522,0.0722641,-2.17496,2.10044,0.423719,0.650804,-1.49735,1.89808,-0.158023,-0.2427,3.17498,-2.10045,-0.423715,-0.650818,2.22148,0.678066,2.09809,-4.99764])
4.190905579710976
Max g: 1.6573135396269478e-6
f_29([0.107506,1.68553,-0.996188,-1.56038,0.200976,1.37393,0.139081,-1.07281,2.07087,2.49421,-2.09495,0.0386127,0.110517,2.07966,0.0567515,0.805856,0.0840532,-0.442915,0.372939,-1.67224,0.501022,-4.3149,2.85944,1.01437,-1.98952,2.59873,0.318522,0.0722641,-2.17496,2.10044,0.423718,0.650807,-1.49736,1.89808,-0.158024,-0.242696,3.17498,-2.10045,-0.423714,-0.65082,2.22148,0.678066,2.09809,-4.99764])
4.190905579710976
Max g: 1.7469125880714698e-6
f_30([0.107506,1.68553,-0.996188,-1.56038,0.200976,1.37393,0.139081,-1.07281,2.07087,2.49421,-2.09495,0.0386131,0.110517,2.07966,0.0567514,0.805856,0.0840533,-0.442915,0.372939,-1.67224,0.501022,-4.3149,2.85944,1.01437,-1.98952,2.59873,0.318522,0.0722641,-2.17496,2.10044,0.423718,0.650808,-1.49736,1.89808,-0.158024,-0.242694,3.17498,-2.10045,-0.423714,-0.650821,2.22148,0.678067,2.09809,-4.99764])
4.190905579710976
{0.10750622343870785,1.6855297046801443,-0.9961882892992485,-1.5603787327933898,0.2009756337917112,1.373934088858798,0.13908119427737384,-1.0728130056870901,2.0708734629902983,2.4942110117042566,-2.094951395123435,0.038613126280096215,0.11051675114594171,2.0796645155681635,0.05675143596161634,0.8058555423664123,0.08405326698709352,-0.4429149612024375,0.3729394318297288,-1.6722422193531397,0.501022412333965,-4.314903143647686,2.85943671968808,1.014368072748201,-1.9895163273987087,2.5987303420232024,0.31852183145964286,0.07226409286530953,-2.1749636390524048,2.1004383100082586,0.42371781420296845,0.6508077237083476,-1.4973578437923447,1.8980757347041266,-0.15802413132397233,-0.24269394585455414,3.174981249653216,-2.1004455640008657,-0.42371422203545994,-0.6508211604345817,2.221479677161941,0.6780665674941992,2.098093080381047,-4.99763932450671}]
Set[{A021,A031,A032,A041,A042,A043,A121,A131,A132,A141,A142,A143,B021,B031,B032,B041,B042,B043,B121,B131,B132,B141,B142,B143,\[Alpha]1,\[Alpha]2,\[Alpha]3,\[Alpha]4,\[Beta]11,\[Beta]12,\[Beta]13,\[Beta]14,\[Beta]21,\[Beta]22,\[Beta]23,\[Beta]24,\[Beta]31,\[Beta]32,\[Beta]33,\[Beta]34,\[Beta]41,\[Beta]42,\[Beta]43,\[Beta]44},{0.10750622343870785,1.6855297046801443,-0.9961882892992485,-1.5603787327933898,0.2009756337917112,1.373934088858798,0.13908119427737384,-1.0728130056870901,2.0708734629902983,2.4942110117042566,-2.094951395123435,0.038613126280096215,0.11051675114594171,2.0796645155681635,0.05675143596161634,0.8058555423664123,0.08405326698709352,-0.4429149612024375,0.3729394318297288,-1.6722422193531397,0.501022412333965,-4.314903143647686,2.85943671968808,1.014368072748201,-1.9895163273987087,2.5987303420232024,0.31852183145964286,0.07226409286530953,-2.1749636390524048,2.1004383100082586,0.42371781420296845,0.6508077237083476,-1.4973578437923447,1.8980757347041266,-0.15802413132397233,-0.24269394585455414,3.174981249653216,-2.1004455640008657,-0.42371422203545994,-0.6508211604345817,2.221479677161941,0.6780665674941992,2.098093080381047,-4.99763932450671}]

Max g: 1.7905986420124753e-6
f_31([0.107506,1.68553,-0.996188,-1.56038,0.200976,1.37393,0.139081,-1.07281,2.07087,2.49421,-2.09495,0.0386133,0.110517,2.07966,0.0567514,0.805856,0.0840533,-0.442915,0.37294,-1.67224,0.501022,-4.3149,2.85944,1.01437,-1.98952,2.59873,0.318522,0.0722641,-2.17496,2.10044,0.423718,0.650808,-1.49736,1.89808,-0.158024,-0.242693,3.17498,-2.10045,-0.423714,-0.650822,2.22148,0.678067,2.09809,-4.99764])
4.190905579710976
Max g: 1.8098559446261264e-6
f_32([0.107506,1.68553,-0.996188,-1.56038,0.200976,1.37393,0.139081,-1.07281,2.07087,2.49421,-2.09495,0.0386133,0.110517,2.07966,0.0567514,0.805856,0.0840533,-0.442915,0.37294,-1.67224,0.501022,-4.3149,2.85944,1.01437,-1.98952,2.59873,0.318522,0.0722641,-2.17496,2.10044,0.423718,0.650808,-1.49736,1.89808,-0.158024,-0.242693,3.17498,-2.10045,-0.423714,-0.650822,2.22148,0.678067,2.09809,-4.99764])
4.190905579710976
Max g: 1.8191942825068752e-6
f_33([0.107506,1.68553,-0.996188,-1.56038,0.200976,1.37393,0.139081,-1.07281,2.07087,2.49421,-2.09495,0.0386133,0.110517,2.07966,0.0567514,0.805856,0.0840533,-0.442915,0.37294,-1.67224,0.501022,-4.3149,2.85944,1.01437,-1.98952,2.59873,0.318522,0.0722641,-2.17496,2.10044,0.423718,0.650808,-1.49736,1.89808,-0.158024,-0.242693,3.17498,-2.10045,-0.423714,-0.650822,2.22148,0.678067,2.09809,-4.99764])
4.190905579710976
Max g: 1.8236049615927286e-6
f_34([0.107506,1.68553,-0.996188,-1.56038,0.200976,1.37393,0.139081,-1.07281,2.07087,2.49421,-2.09495,0.0386134,0.110517,2.07966,0.0567514,0.805856,0.0840533,-0.442915,0.37294,-1.67224,0.501022,-4.3149,2.85944,1.01437,-1.98952,2.59873,0.318522,0.0722641,-2.17496,2.10044,0.423718,0.650808,-1.49736,1.89808,-0.158024,-0.242693,3.17498,-2.10045,-0.423714,-0.650822,2.22148,0.678067,2.09809,-4.99764])
4.190905579710976
Max g: 1.8254522439337117e-6
f_35([0.107506,1.68553,-0.996188,-1.56038,0.200976,1.37393,0.139081,-1.07281,2.07087,2.49421,-2.09495,0.0386134,0.110517,2.07966,0.0567514,0.805856,0.0840533,-0.442915,0.37294,-1.67224,0.501022,-4.3149,2.85944,1.01437,-1.98952,2.59873,0.318522,0.0722641,-2.17496,2.10044,0.423718,0.650808,-1.49736,1.89808,-0.158024,-0.242693,3.17498,-2.10045,-0.423714,-0.650822,2.22148,0.678067,2.09809,-4.99764])
4.190905579710976
Max g: 1.826188429074338e-6
f_36([0.107506,1.68553,-0.996188,-1.56038,0.200976,1.37393,0.139081,-1.07281,2.07087,2.49421,-2.09495,0.0386134,0.110517,2.07966,0.0567514,0.805856,0.0840533,-0.442915,0.37294,-1.67224,0.501022,-4.3149,2.85944,1.01437,-1.98952,2.59873,0.318522,0.0722641,-2.17496,2.10044,0.423718,0.650808,-1.49736,1.89808,-0.158024,-0.242693,3.17498,-2.10045,-0.423714,-0.650822,2.22148,0.678067,2.09809,-4.99764])
4.190905579710976
Max g: 1.8265123134381112e-6
f_37([0.107506,1.68553,-0.996188,-1.56038,0.200976,1.37393,0.139081,-1.07281,2.07087,2.49421,-2.09495,0.0386134,0.110517,2.07966,0.0567514,0.805856,0.0840533,-0.442915,0.37294,-1.67224,0.501022,-4.3149,2.85944,1.01437,-1.98952,2.59873,0.318522,0.0722641,-2.17496,2.10044,0.423718,0.650808,-1.49736,1.89808,-0.158024,-0.242693,3.17498,-2.10045,-0.423714,-0.650822,2.22148,0.678067,2.09809,-4.99764])
4.190905579710976
Max g: 1.8266409383127513e-6
f_38([0.107506,1.68553,-0.996188,-1.56038,0.200976,1.37393,0.139081,-1.07281,2.07087,2.49421,-2.09495,0.0386134,0.110517,2.07966,0.0567514,0.805856,0.0840533,-0.442915,0.37294,-1.67224,0.501022,-4.3149,2.85944,1.01437,-1.98952,2.59873,0.318522,0.0722641,-2.17496,2.10044,0.423718,0.650808,-1.49736,1.89808,-0.158024,-0.242693,3.17498,-2.10045,-0.423714,-0.650822,2.22148,0.678067,2.09809,-4.99764])
4.190905579710976
Max g: 1.8267048511183548e-6
f_39([0.107506,1.68553,-0.996188,-1.56038,0.200975,1.37393,0.139082,-1.07281,2.07087,2.4942,-2.09495,0.0386226,0.110517,2.07966,0.0567514,0.805856,0.0840534,-0.442915,0.372938,-1.67224,0.501022,-4.3149,2.85944,1.01437,-1.98952,2.59873,0.318522,0.0722644,-2.17497,2.10045,0.423717,0.650808,-1.49735,1.89808,-0.158022,-0.242703,3.17498,-2.10045,-0.423717,-0.650811,2.22148,0.678066,2.09809,-4.99764])
4.190905579710976
Max g: 5.396311022476397e-7
f_40([0.107506,1.68553,-0.996188,-1.56038,0.200975,1.37393,0.139082,-1.07281,2.07087,2.4942,-2.09495,0.038625,0.110517,2.07966,0.0567513,0.805856,0.0840534,-0.442915,0.372938,-1.67224,0.501022,-4.3149,2.85944,1.01437,-1.98952,2.59873,0.318522,0.0722645,-2.17497,2.10045,0.423718,0.650807,-1.49735,1.89808,-0.158021,-0.242707,3.17497,-2.10045,-0.423717,-0.650808,2.22148,0.678066,2.09809,-4.99764])
4.190905579710976
{0.10750614806896984,1.6855299155944912,-0.9961881446767056,-1.560378914271082,0.20097548669184878,1.3739339946132223,0.1390822569097309,-1.0728147041898588,2.070873022141431,2.4942017804026047,-2.0949547985065555,0.038624987004310836,0.11051665187558606,2.079664144414113,0.05675134723927729,0.8058559834007021,0.08405344816953922,-0.4429151991808591,0.3729379636784598,-1.6722427336821764,0.5010222059026413,-4.314903210206827,2.8594393117088237,1.0143650127529829,-1.9895165435340338,2.59873011754908,0.3185219559208168,0.07226447462769318,-2.1749722326391128,2.100447883736954,0.4237175048266843,0.6508068593707594,-1.4973484729402993,1.898076527210452,-0.1580209583784719,-0.24270712386699425,3.1749734297253016,-2.1004483729822265,-0.42371726258507975,-0.6508077691597062,2.221479917790685,0.6780658120636464,2.0980926716270387,-4.997638402903795}]
Set[{A021,A031,A032,A041,A042,A043,A121,A131,A132,A141,A142,A143,B021,B031,B032,B041,B042,B043,B121,B131,B132,B141,B142,B143,\[Alpha]1,\[Alpha]2,\[Alpha]3,\[Alpha]4,\[Beta]11,\[Beta]12,\[Beta]13,\[Beta]14,\[Beta]21,\[Beta]22,\[Beta]23,\[Beta]24,\[Beta]31,\[Beta]32,\[Beta]33,\[Beta]34,\[Beta]41,\[Beta]42,\[Beta]43,\[Beta]44},{0.10750614806896984,1.6855299155944912,-0.9961881446767056,-1.560378914271082,0.20097548669184878,1.3739339946132223,0.1390822569097309,-1.0728147041898588,2.070873022141431,2.4942017804026047,-2.0949547985065555,0.038624987004310836,0.11051665187558606,2.079664144414113,0.05675134723927729,0.8058559834007021,0.08405344816953922,-0.4429151991808591,0.3729379636784598,-1.6722427336821764,0.5010222059026413,-4.314903210206827,2.8594393117088237,1.0143650127529829,-1.9895165435340338,2.59873011754908,0.3185219559208168,0.07226447462769318,-2.1749722326391128,2.100447883736954,0.4237175048266843,0.6508068593707594,-1.4973484729402993,1.898076527210452,-0.1580209583784719,-0.24270712386699425,3.1749734297253016,-2.1004483729822265,-0.42371726258507975,-0.6508077691597062,2.221479917790685,0.6780658120636464,2.0980926716270387,-4.997638402903795}]

Max g: 1.8410229693510693e-7
f_41([0.107506,1.68553,-0.996188,-1.56038,0.200975,1.37393,0.139082,-1.07281,2.07087,2.4942,-2.09495,0.0386255,0.110517,2.07966,0.0567513,0.805856,0.0840535,-0.442915,0.372938,-1.67224,0.501022,-4.3149,2.85944,1.01436,-1.98952,2.59873,0.318522,0.0722645,-2.17497,2.10045,0.423718,0.650806,-1.49735,1.89808,-0.158021,-0.242709,3.17497,-2.10045,-0.423718,-0.650807,2.22148,0.678066,2.09809,-4.99764])
4.190905579710976
Max g: 6.453018937258026e-8
f_42([0.107506,1.68553,-0.996188,-1.56038,0.200975,1.37393,0.139082,-1.07281,2.07087,2.4942,-2.09496,0.0386257,0.110517,2.07966,0.0567513,0.805856,0.0840535,-0.442915,0.372938,-1.67224,0.501022,-4.3149,2.85944,1.01436,-1.98952,2.59873,0.318522,0.0722645,-2.17497,2.10045,0.423718,0.650806,-1.49735,1.89808,-0.15802,-0.24271,3.17497,-2.10045,-0.423718,-0.650806,2.22148,0.678066,2.09809,-4.99764])
4.190905579710976
Max g: 2.1896131532916918e-8
f_43([0.107506,1.68553,-0.996188,-1.56038,0.200975,1.37393,0.139082,-1.07281,2.07087,2.4942,-2.09496,0.0386257,0.110517,2.07966,0.0567513,0.805856,0.0840535,-0.442915,0.372938,-1.67224,0.501022,-4.3149,2.85944,1.01436,-1.98952,2.59873,0.318522,0.0722645,-2.17497,2.10045,0.423718,0.650806,-1.49735,1.89808,-0.15802,-0.24271,3.17497,-2.10045,-0.423718,-0.650806,2.22148,0.678066,2.09809,-4.99764])
4.190905579710976
Max g: 8.415671701178518e-9
f_44([0.107506,1.68553,-0.996188,-1.56038,0.200975,1.37393,0.139082,-1.07282,2.07087,2.4942,-2.09496,0.0386257,0.110517,2.07966,0.0567513,0.805856,0.0840535,-0.442915,0.372938,-1.67224,0.501022,-4.3149,2.85944,1.01436,-1.98952,2.59873,0.318522,0.0722645,-2.17497,2.10045,0.423718,0.650806,-1.49735,1.89808,-0.15802,-0.24271,3.17497,-2.10045,-0.423718,-0.650806,2.22148,0.678066,2.09809,-4.99764])
4.190905579710976
Max g: 3.420803251774629e-9
f_45([0.107506,1.68553,-0.996188,-1.56038,0.200975,1.37393,0.139082,-1.07282,2.07087,2.4942,-2.09496,0.0386257,0.110517,2.07966,0.0567513,0.805856,0.0840535,-0.442915,0.372938,-1.67224,0.501022,-4.3149,2.85944,1.01436,-1.98952,2.59873,0.318522,0.0722645,-2.17497,2.10045,0.423718,0.650806,-1.49735,1.89808,-0.15802,-0.24271,3.17497,-2.10045,-0.423718,-0.650806,2.22148,0.678066,2.09809,-4.99764])
4.190905579710976
Max g: 1.4947344820215314e-9
f_46([0.107506,1.68553,-0.996188,-1.56038,0.200975,1.37393,0.139082,-1.07282,2.07087,2.4942,-2.09496,0.0386257,0.110517,2.07966,0.0567513,0.805856,0.0840535,-0.442915,0.372938,-1.67224,0.501022,-4.3149,2.85944,1.01436,-1.98952,2.59873,0.318522,0.0722645,-2.17497,2.10045,0.423718,0.650806,-1.49735,1.89808,-0.15802,-0.24271,3.17497,-2.10045,-0.423718,-0.650806,2.22148,0.678066,2.09809,-4.99764])
4.190905579710976
Max g: 7.163460866155269e-10
f_47([0.107506,1.68553,-0.996188,-1.56038,0.200975,1.37393,0.139083,-1.07282,2.07087,2.4942,-2.09496,0.0386257,0.110517,2.07966,0.0567513,0.805856,0.0840535,-0.442915,0.372938,-1.67224,0.501022,-4.3149,2.85944,1.01436,-1.98952,2.59873,0.318522,0.0722645,-2.17497,2.10045,0.423718,0.650806,-1.49735,1.89808,-0.15802,-0.24271,3.17497,-2.10045,-0.423718,-0.650806,2.22148,0.678066,2.09809,-4.99764])
4.190905579710976
Max g: 3.178720481278319e-10
f_48([0.107506,1.68553,-0.996188,-1.56038,0.200975,1.37393,0.139083,-1.07282,2.07087,2.4942,-2.09496,0.0386257,0.110517,2.07966,0.0567513,0.805856,0.0840535,-0.442915,0.372938,-1.67224,0.501022,-4.3149,2.85944,1.01436,-1.98952,2.59873,0.318522,0.0722645,-2.17497,2.10045,0.423718,0.650806,-1.49735,1.89808,-0.15802,-0.24271,3.17497,-2.10045,-0.423718,-0.650806,2.22148,0.678066,2.09809,-4.99764])
4.190905579710976
Max g: 1.5767620542561644e-10
{0.10750614630227631,1.6855298936159933,-0.9961881472906534,-1.5603789109609427,0.2009754967183545,1.373933993519241,0.13908250071985803,-1.0728150107186767,2.0708728784276684,2.4942011496190735,-2.0949550488370665,0.038625693718459614,0.1105166438471717,2.079664106111962,0.056751314450286715,0.8058559880636899,0.08405346518538022,-0.4429151946034651,0.3729376638355298,-1.6722428134326017,0.5010221226210038,-4.314903226650712,2.859439853719678,1.0143643872990789,-1.9895165654692386,2.598730110754721,0.3185219768836525,0.07226447783061518,-2.174972805678023,2.1004493519815637,0.42371767158812473,0.6508057821052573,-1.4973463316506752,1.8980765957117067,-0.15802027912138725,-0.24270998496299762,3.1749728056171995,-2.100449351955272,-0.4237176716006692,-0.6508057820601585,2.221480012097917,0.6780656508284341,2.098092495516173,-4.997638158442972}]
Set[{A021,A031,A032,A041,A042,A043,A121,A131,A132,A141,A142,A143,B021,B031,B032,B041,B042,B043,B121,B131,B132,B141,B142,B143,\[Alpha]1,\[Alpha]2,\[Alpha]3,\[Alpha]4,\[Beta]11,\[Beta]12,\[Beta]13,\[Beta]14,\[Beta]21,\[Beta]22,\[Beta]23,\[Beta]24,\[Beta]31,\[Beta]32,\[Beta]33,\[Beta]34,\[Beta]41,\[Beta]42,\[Beta]43,\[Beta]44},{0.10750614630227631,1.6855298936159933,-0.9961881472906534,-1.5603789109609427,0.2009754967183545,1.373933993519241,0.13908250071985803,-1.0728150107186767,2.0708728784276684,2.4942011496190735,-2.0949550488370665,0.038625693718459614,0.1105166438471717,2.079664106111962,0.056751314450286715,0.8058559880636899,0.08405346518538022,-0.4429151946034651,0.3729376638355298,-1.6722428134326017,0.5010221226210038,-4.314903226650712,2.859439853719678,1.0143643872990789,-1.9895165654692386,2.598730110754721,0.3185219768836525,0.07226447783061518,-2.174972805678023,2.1004493519815637,0.42371767158812473,0.6508057821052573,-1.4973463316506752,1.8980765957117067,-0.15802027912138725,-0.24270998496299762,3.1749728056171995,-2.100449351955272,-0.4237176716006692,-0.6508057820601585,2.221480012097917,0.6780656508284341,2.098092495516173,-4.997638158442972}]


-----------------Final Result------------------
Options: alg=LN_AUGLAG_EQ,dx=0.01,max_eval=100000000,popSize=0
imin=-12,jmin=-1,imax=1,jmax=1,
parameter_minmax=5,
randSeed=35230187,rand_minmax=3

4877850 steps

Completed with maxf : 4.190905579710976

Constraints at 1.0048087f-10

x = [0.10750614630227631,1.6855298936159933,-0.9961881472906534,-1.5603789109609427,0.2009754967183545,1.373933993519241,0.13908250071985803,-1.0728150107186767,2.0708728784276684,2.4942011496190735,-2.0949550488370665,0.038625693718459614,0.1105166438471717,2.079664106111962,0.056751314450286715,0.8058559880636899,0.08405346518538022,-0.4429151946034651,0.3729376638355298,-1.6722428134326017,0.5010221226210038,-4.314903226650712,2.859439853719678,1.0143643872990789,-1.9895165654692386,2.598730110754721,0.3185219768836525,0.07226447783061518,-2.174972805678023,2.1004493519815637,0.42371767158812473,0.6508057821052573,-1.4973463316506752,1.8980765957117067,-0.15802027912138725,-0.24270998496299762,3.1749728056171995,-2.100449351955272,-0.4237176716006692,-0.6508057820601585,2.221480012097917,0.6780656508284341,2.098092495516173,-4.997638158442972]
c0 = [0.0,0.10750614630227631,0.6893417463253398,0.014530579276652716]
c1 = [0.0,0.13908250071985803,0.9980578677089917,0.43787179450046665]
A0 = [0.0,0.10750614630227631,1.6855298936159933,-1.5603789109609427,0.0,0.0,-0.9961881472906534,0.2009754967183545,0.0,0.0,0.0,1.373933993519241,0.0,0.0,0.0,0.0]
A1 = [0.0,0.13908250071985803,-1.0728150107186767,2.4942011496190735,0.0,0.0,2.0708728784276684,-2.0949550488370665,0.0,0.0,0.0,0.038625693718459614,0.0,0.0,0.0,0.0]
B0 = [0.0,0.1105166438471717,2.079664106111962,0.8058559880636899,0.0,0.0,0.056751314450286715,0.08405346518538022,0.0,0.0,0.0,-0.4429151946034651,0.0,0.0,0.0,0.0]
B1 = [0.0,0.3729376638355298,-1.6722428134326017,-4.314903226650712,0.0,0.0,0.5010221226210038,2.859439853719678,0.0,0.0,0.0,1.0143643872990789,0.0,0.0,0.0,0.0]
α  = [-1.9895165654692386,2.598730110754721,0.3185219768836525,0.07226447783061518]
β1 = [-2.174972805678023,2.1004493519815637,0.42371767158812473,0.6508057821052573]
β2 = [-1.4973463316506752,1.8980765957117067,-0.15802027912138725,-0.24270998496299762]
β3 = [3.1749728056171995,-2.100449351955272,-0.4237176716006692,-0.6508057820601585]
β4 = [2.221480012097917,0.6780656508284341,2.098092495516173,-4.997638158442972]


Set[{A021,A031,A032,A041,A042,A043,A121,A131,A132,A141,A142,A143,B021,B031,B032,B041,B042,B043,B121,B131,B132,B141,B142,B143,\[Alpha]1,\[Alpha]2,\[Alpha]3,\[Alpha]4,\[Beta]11,\[Beta]12,\[Beta]13,\[Beta]14,\[Beta]21,\[Beta]22,\[Beta]23,\[Beta]24,\[Beta]31,\[Beta]32,\[Beta]33,\[Beta]34,\[Beta]41,\[Beta]42,\[Beta]43,\[Beta]44},{0.10750614630227631,1.6855298936159933,-0.9961881472906534,-1.5603789109609427,0.2009754967183545,1.373933993519241,0.13908250071985803,-1.0728150107186767,2.0708728784276684,2.4942011496190735,-2.0949550488370665,0.038625693718459614,0.1105166438471717,2.079664106111962,0.056751314450286715,0.8058559880636899,0.08405346518538022,-0.4429151946034651,0.3729376638355298,-1.6722428134326017,0.5010221226210038,-4.314903226650712,2.859439853719678,1.0143643872990789,-1.9895165654692386,2.598730110754721,0.3185219768836525,0.07226447783061518,-2.174972805678023,2.1004493519815637,0.42371767158812473,0.6508057821052573,-1.4973463316506752,1.8980765957117067,-0.15802027912138725,-0.24270998496299762,3.1749728056171995,-2.100449351955272,-0.4237176716006692,-0.6508057820601585,2.221480012097917,0.6780656508284341,2.098092495516173,-4.997638158442972}]



