
-----------------Setup------------------
Options: alg=LN_AUGLAG_EQ,dx=0.01,max_eval=100000000,popSize=0
imin=-12,jmin=-1,imax=1,jmax=1,
parameter_minmax=5,
randSeed=30754351, rand_minmax=2

Initial Condition:

[1.35258,0.48576,1.37042,-1.36173,-0.710228,0.750307,-1.5547,-1.94414,-0.00603179,-1.54426,1.57307,-1.00017,0.773366,-1.5083,-1.17812,-1.02076,-1.90363,-0.413629,0.0261744,0.771216,0.199921,0.0512994,0.917723,0.565872,-1.82627,1.70009,-0.643028,-1.45878,-1.45681,-0.00247273,0.490582,-1.23412,1.45593,0.0564298,0.172966,-0.637378,-1.71235,1.01305,1.4234,1.59831,0.75488,-1.71373,1.70706,-1.60996]

f_1([0.12214,0.14646,-0.0166738,-0.522368,0.0184656,0.756974,0.110232,0.198675,0.0550306,-0.626909,1.31701,-0.689946,1.03367,2.37713,-0.191815,-0.170959,-2.34627,-1.18883,-0.465077,-0.0824446,-1.08859,-0.259324,-0.527544,0.394366,-0.577214,1.88918,-0.351342,0.08702,0.082564,0.566572,0.464417,-0.263177,1.20171,-0.0414773,-0.422646,-0.622371,-1.15411,0.00721238,-0.43782,1.14042,-0.150764,-0.634031,1.41162,-0.905058])
22.869969904512793
Max g: 0.8898939100846355
f_2([0.255479,0.0889528,-0.0863801,-0.483832,-0.0978394,0.619171,0.661465,1.8016,-0.833052,-0.474391,1.55254,-0.853933,0.75223,2.53126,-0.827747,-0.0427729,-2.53655,-1.15542,-0.928451,-0.310488,-1.96034,-0.70657,-0.721775,-0.092148,-0.85584,1.9388,-0.14123,0.0583312,1.1463,0.851433,0.902547,-1.89036,1.18044,-0.521006,0.684712,-1.34807,-0.0490641,-0.850286,-0.833047,1.74374,0.797423,-1.02716,0.831768,-0.605955])
4.019495145334052
Max g: 0.06076114853397652
f_3([0.258984,0.1179,-0.0586925,-0.560753,-0.0351955,0.643399,0.727097,1.78331,-0.783314,-0.510003,1.51697,-0.785981,0.741546,2.54584,-0.772478,-0.0467802,-2.534,-1.15825,-0.839089,-0.0328295,-2.06555,-0.565044,-0.650957,-0.121717,-0.874756,1.94075,-0.123684,0.058822,1.17816,0.778648,0.827795,-1.78535,1.34434,-0.510658,0.710018,-1.54322,-0.185485,-0.780026,-0.8328,1.79744,0.954833,-1.07459,0.972195,-0.852076])
4.04176657068233
Max g: 0.005216970387150077
f_4([0.258998,0.120039,-0.0588027,-0.546841,-0.0091465,0.647124,0.716914,1.76947,-0.796591,-0.515075,1.51226,-0.788957,0.742389,2.5451,-0.77346,-0.0460786,-2.53307,-1.15855,-0.844328,-0.0483042,-2.05814,-0.572295,-0.654305,-0.12065,-0.874172,1.93959,-0.124295,0.0587779,1.17713,0.785254,0.833944,-1.79618,1.33294,-0.51624,0.705936,-1.52259,-0.176427,-0.785126,-0.833444,1.795,0.943975,-1.06744,0.967449,-0.843913])
4.04614131494717
Max g: 0.0006635509679595586
f_5([0.259006,0.120046,-0.0589246,-0.546867,-0.00921668,0.64525,0.714482,1.76648,-0.799714,-0.516497,1.5112,-0.789462,0.742595,2.54471,-0.773774,-0.0461659,-2.53308,-1.15854,-0.84554,-0.0520737,-2.05636,-0.573994,-0.655286,-0.120282,-0.873892,1.93973,-0.124637,0.0587807,1.1755,0.786528,0.834498,-1.79654,1.3311,-0.518196,0.705341,-1.51825,-0.175479,-0.786537,-0.834481,1.7965,0.941161,-1.0655,0.966137,-0.841811])
4.048527539091629
Max g: 0.00014696812527481562
f_6([0.259006,0.120044,-0.058925,-0.546865,-0.00921502,0.645247,0.714336,1.76631,-0.799906,-0.516577,1.51115,-0.7895,0.742608,2.54469,-0.773794,-0.046169,-2.53308,-1.15853,-0.845613,-0.0522979,-2.05626,-0.574098,-0.655336,-0.120264,-0.873878,1.93974,-0.124655,0.0587811,1.17542,0.786609,0.834541,-1.79658,1.33098,-0.518309,0.705303,-1.51799,-0.175414,-0.786617,-0.834539,1.79658,0.941003,-1.06539,0.966067,-0.841692])
4.048527539091629
Max g: 0.00023634770405966954
{0.25900621209561164,0.12004775423176767,-0.05892509761613973,-0.5473278670400727,-0.00920538177390759,0.6452808569094034,0.7143284003132974,1.7662793495173492,-0.7999124390429596,-0.5165905686329593,1.511149585720853,-0.7895082014678684,0.7426112006867726,2.5446879331301044,-0.7737870942739066,-0.04618073143395536,-2.5330751782984455,-1.1584861015197934,-0.8456183969739566,-0.052311742609979464,-2.0562508987934485,-0.5741025507945724,-0.6553415325977658,-0.12026065550544901,-0.873874809227818,1.9397427385609107,-0.12466071482795724,0.05878262290292861,1.1754227671229698,0.7866109890766,0.834537250547017,-1.79657567962251,1.3309820761002014,-0.5183260036316191,0.705303339160407,-1.51797431714747,-0.17541771532597733,-0.7866182331000767,-0.8345385103644152,1.7965818403126212,0.9409673699499331,-1.0653654715759298,0.9660572227296097,-0.8416858408094626}]
Set[{A021,A031,A032,A041,A042,A043,A121,A131,A132,A141,A142,A143,B021,B031,B032,B041,B042,B043,B121,B131,B132,B141,B142,B143,\[Alpha]1,\[Alpha]2,\[Alpha]3,\[Alpha]4,\[Beta]11,\[Beta]12,\[Beta]13,\[Beta]14,\[Beta]21,\[Beta]22,\[Beta]23,\[Beta]24,\[Beta]31,\[Beta]32,\[Beta]33,\[Beta]34,\[Beta]41,\[Beta]42,\[Beta]43,\[Beta]44},{0.25900621209561164,0.12004775423176767,-0.05892509761613973,-0.5473278670400727,-0.00920538177390759,0.6452808569094034,0.7143284003132974,1.7662793495173492,-0.7999124390429596,-0.5165905686329593,1.511149585720853,-0.7895082014678684,0.7426112006867726,2.5446879331301044,-0.7737870942739066,-0.04618073143395536,-2.5330751782984455,-1.1584861015197934,-0.8456183969739566,-0.052311742609979464,-2.0562508987934485,-0.5741025507945724,-0.6553415325977658,-0.12026065550544901,-0.873874809227818,1.9397427385609107,-0.12466071482795724,0.05878262290292861,1.1754227671229698,0.7866109890766,0.834537250547017,-1.79657567962251,1.3309820761002014,-0.5183260036316191,0.705303339160407,-1.51797431714747,-0.17541771532597733,-0.7866182331000767,-0.8345385103644152,1.7965818403126212,0.9409673699499331,-1.0653654715759298,0.9660572227296097,-0.8416858408094626}]


-----------------Final Result------------------
Options: alg=LN_AUGLAG_EQ,dx=0.01,max_eval=100000000,popSize=0
imin=-12,jmin=-1,imax=1,jmax=1,
parameter_minmax=5,
randSeed=30754351,rand_minmax=2

613358 steps

Completed with maxf : 4.048626965097648

Constraints at 0.00024632234

x = [0.25900621209561164,0.12004775423176767,-0.05892509761613973,-0.5473278670400727,-0.00920538177390759,0.6452808569094034,0.7143284003132974,1.7662793495173492,-0.7999124390429596,-0.5165905686329593,1.511149585720853,-0.7895082014678684,0.7426112006867726,2.5446879331301044,-0.7737870942739066,-0.04618073143395536,-2.5330751782984455,-1.1584861015197934,-0.8456183969739566,-0.052311742609979464,-2.0562508987934485,-0.5741025507945724,-0.6553415325977658,-0.12026065550544901,-0.873874809227818,1.9397427385609107,-0.12466071482795724,0.05878262290292861,1.1754227671229698,0.7866109890766,0.834537250547017,-1.79657567962251,1.3309820761002014,-0.5183260036316191,0.705303339160407,-1.51797431714747,-0.17541771532597733,-0.7866182331000767,-0.8345385103644152,1.7965818403126212,0.9409673699499331,-1.0653654715759298,0.9660572227296097,-0.8416858408094626]
c0 = [0.0,0.25900621209561164,0.061122656615627935,0.08874760809542306]
c1 = [0.0,0.7143284003132974,0.9663669104743896,0.20505081562002547]
A0 = [0.0,0.25900621209561164,0.12004775423176767,-0.5473278670400727,0.0,0.0,-0.05892509761613973,-0.00920538177390759,0.0,0.0,0.0,0.6452808569094034,0.0,0.0,0.0,0.0]
A1 = [0.0,0.7143284003132974,1.7662793495173492,-0.5165905686329593,0.0,0.0,-0.7999124390429596,1.511149585720853,0.0,0.0,0.0,-0.7895082014678684,0.0,0.0,0.0,0.0]
B0 = [0.0,0.7426112006867726,2.5446879331301044,-0.04618073143395536,0.0,0.0,-0.7737870942739066,-2.5330751782984455,0.0,0.0,0.0,-1.1584861015197934,0.0,0.0,0.0,0.0]
B1 = [0.0,-0.8456183969739566,-0.052311742609979464,-0.5741025507945724,0.0,0.0,-2.0562508987934485,-0.6553415325977658,0.0,0.0,0.0,-0.12026065550544901,0.0,0.0,0.0,0.0]
α  = [-0.873874809227818,1.9397427385609107,-0.12466071482795724,0.05878262290292861]
β1 = [1.1754227671229698,0.7866109890766,0.834537250547017,-1.79657567962251]
β2 = [1.3309820761002014,-0.5183260036316191,0.705303339160407,-1.51797431714747]
β3 = [-0.17541771532597733,-0.7866182331000767,-0.8345385103644152,1.7965818403126212]
β4 = [0.9409673699499331,-1.0653654715759298,0.9660572227296097,-0.8416858408094626]


Set[{A021,A031,A032,A041,A042,A043,A121,A131,A132,A141,A142,A143,B021,B031,B032,B041,B042,B043,B121,B131,B132,B141,B142,B143,\[Alpha]1,\[Alpha]2,\[Alpha]3,\[Alpha]4,\[Beta]11,\[Beta]12,\[Beta]13,\[Beta]14,\[Beta]21,\[Beta]22,\[Beta]23,\[Beta]24,\[Beta]31,\[Beta]32,\[Beta]33,\[Beta]34,\[Beta]41,\[Beta]42,\[Beta]43,\[Beta]44},{0.25900621209561164,0.12004775423176767,-0.05892509761613973,-0.5473278670400727,-0.00920538177390759,0.6452808569094034,0.7143284003132974,1.7662793495173492,-0.7999124390429596,-0.5165905686329593,1.511149585720853,-0.7895082014678684,0.7426112006867726,2.5446879331301044,-0.7737870942739066,-0.04618073143395536,-2.5330751782984455,-1.1584861015197934,-0.8456183969739566,-0.052311742609979464,-2.0562508987934485,-0.5741025507945724,-0.6553415325977658,-0.12026065550544901,-0.873874809227818,1.9397427385609107,-0.12466071482795724,0.05878262290292861,1.1754227671229698,0.7866109890766,0.834537250547017,-1.79657567962251,1.3309820761002014,-0.5183260036316191,0.705303339160407,-1.51797431714747,-0.17541771532597733,-0.7866182331000767,-0.8345385103644152,1.7965818403126212,0.9409673699499331,-1.0653654715759298,0.9660572227296097,-0.8416858408094626}]



