
-----------------Setup------------------
Options: alg=LN_AUGLAG_EQ,dx=0.01,max_eval=100000000,popSize=0
imin=-12,jmin=-1,imax=1,jmax=1,
parameter_minmax=5,
randSeed=70775196, rand_minmax=1

Initial Condition:

[-0.901122,-0.116155,0.535218,0.526733,0.0467992,0.037895,0.458564,0.348728,0.224882,-0.215395,0.145378,0.815957,0.774945,0.927466,-0.920678,0.569934,0.290345,-0.255905,-0.154474,0.45511,0.939584,0.0914818,0.895714,-0.276258,-0.85283,-0.656666,-0.289466,-0.0510879,-0.274314,-0.274056,-0.651625,0.702111,-0.365474,0.771193,-0.238297,0.451625,-0.629429,-0.630027,-0.420568,-0.673276,-0.522899,-0.827281,-0.917595,-0.831675]

f_1([0.0030353,0.940797,-0.934357,0.659103,1.67635,-1.35261,0.0821068,0.14678,0.385589,0.0251368,0.824104,0.150759,0.0896902,0.919178,-1.50816,3.73884,2.9918,0.0249976,0.736162,0.663521,1.05969,-0.177079,2.89475,-1.31332,1.32164,-0.527432,-0.253865,0.0381799,-0.550432,1.31201,-0.506709,0.67867,0.0020798,0.546172,-0.0774702,0.0445046,-0.380717,1.0548,-0.309312,-0.321246,1.08216,-1.28435,1.28619,-0.722812])
24.365436461046038
Max g: 1.0457832765729362
f_2([-2.24186e-18,0.899441,-0.899441,0.561577,1.76732,-1.32889,-4.83546e-18,0.125475,0.278955,0.11283,0.659642,0.227528,0.105384,0.483434,-1.99908,2.87417,2.33308,-0.454619,0.972273,1.20015,0.982683,0.0055855,3.14235,-1.24919,1.60309,-0.305482,-0.408027,0.108072,1.44536,-1.21064,-0.361317,1.0728,-1.22151,1.4414,-0.290926,0.0443622,-0.677239,1.4803,0.408388,-1.20776,0.985793,-1.65416,1.14022,-0.502206])
15.612169743136738
Max g: 0.1363161233979711
f_3([0.00129018,0.809828,-0.809613,2.63165,0.153392,-1.78644,0.214806,0.198448,0.524435,-0.346458,0.693476,0.653066,0.814307,1.37971,-2.01041,1.38332,1.42366,-1.32196,0.757818,0.662504,1.14546,-0.40945,2.9656,-1.2362,0.896425,-0.583225,-0.213006,0.889714,1.9978,-2.46378,-0.080642,1.54257,-1.8252,2.47695,-0.127786,-0.517521,-0.969757,2.41853,0.0763872,-1.52112,1.33807,-2.14615,1.19198,-0.386203])
2.8074921319612547
Max g: 0.3876736663570959
f_4([4.24044e-5,0.825094,-0.825101,2.62224,0.150289,-1.77457,0.323924,0.319979,0.680076,-0.338177,0.637718,0.700445,0.752406,1.31676,-2.05471,1.37602,1.43535,-1.3337,0.593048,0.18066,1.44648,-0.814984,2.72377,-1.19934,0.919813,-0.639652,-0.185662,0.894659,2.26438,-3.31909,0.540191,1.52285,-2.55982,3.79123,-0.319328,-0.918877,-1.23669,3.2677,-0.536779,-1.50025,1.81701,-2.69484,1.14776,-0.271303])
2.7041885117074123
Max g: 0.39280836558471166
f_5([-5.16041e-19,0.839267,-0.839112,2.61615,0.148357,-1.7645,0.392604,0.310809,0.689147,-0.31677,0.601264,0.715506,0.737368,1.30311,-2.07652,1.3788,1.42457,-1.32302,0.521143,-0.316294,1.84702,-1.03946,2.59636,-1.1882,0.934257,-0.655379,-0.18035,0.892679,2.0033,-3.29148,0.730634,1.56581,-2.67113,4.3199,-0.446358,-1.21059,-0.984499,3.24521,-0.725076,-1.54279,2.20827,-3.68165,1.24271,0.232541])
2.6562651768062073
Max g: 0.39265077376650326
f_6([0.53291,3.01304,-2.14399,2.27371,0.238277,-1.514,0.429846,0.0165858,0.905083,-0.251689,0.508644,0.727616,0.584614,1.38299,-2.10267,1.61323,1.16886,-1.41663,0.56912,-0.0112826,1.57239,-1.16734,2.80352,-1.25563,0.826018,-0.671092,-0.114508,0.959256,1.61289,-2.97406,0.697,1.66145,-2.22289,3.97811,-0.471147,-1.28698,-0.676334,3.09742,-0.715659,-1.70531,2.15466,-3.97837,1.32172,0.502071])
1.558999774379448
Max g: 0.04766173639671678
f_7([0.525045,3.0117,-2.1428,2.27182,0.236905,-1.51529,0.382125,-0.0483922,0.840553,-0.26663,0.498895,0.706763,0.588915,1.38814,-2.09558,1.6131,1.16814,-1.41559,0.574745,0.00815116,1.55627,-1.15219,2.80811,-1.2659,0.826413,-0.66978,-0.117294,0.960367,1.6711,-3.12265,0.719127,1.73183,-2.15111,3.72979,-0.440341,-1.13892,-0.678107,3.13712,-0.721346,-1.73698,2.12867,-3.94005,1.31996,0.492146])
1.588628724173139
Max g: 0.023498501198195243
f_8([0.523134,3.00892,-2.14454,2.27054,0.236478,-1.51432,0.362803,-0.0741481,0.813397,-0.272296,0.494917,0.698045,0.590143,1.38803,-2.09293,1.6141,1.16856,-1.41576,0.576483,0.0154162,1.54897,-1.1472,2.81104,-1.27078,0.82781,-0.668372,-0.118457,0.958939,1.682,-3.15499,0.725045,1.74831,-2.13391,3.65697,-0.431655,-1.09097,-0.682592,3.15763,-0.725516,-1.74949,2.11794,-3.9259,1.32069,0.488189])
1.601852382973679
Max g: 0.015452282194828415
f_9([0.521827,3.01043,-2.1478,2.26973,0.237926,-1.51403,0.335722,-0.112824,0.775286,-0.280072,0.488733,0.687625,0.592796,1.39188,-2.09129,1.61345,1.16737,-1.41276,0.578631,0.0236906,1.53855,-1.13921,2.81203,-1.27838,0.829332,-0.666868,-0.12066,0.958202,1.68593,-3.18706,0.734342,1.76692,-2.12576,3.57643,-0.4255,-1.02504,-0.685243,3.18575,-0.734148,-1.76623,2.09697,-3.90539,1.32439,0.483988])
1.617064561894601
Max g: 0.0004658062927178075
f_10([0.521461,3.01014,-2.14807,2.2697,0.237867,-1.51403,0.334171,-0.115174,0.773237,-0.280435,0.488536,0.686895,0.592798,1.39214,-2.09097,1.61333,1.16762,-1.41287,0.578915,0.0246073,1.53782,-1.13861,2.81247,-1.27886,0.829615,-0.666927,-0.120876,0.95819,1.68644,-3.18885,0.734497,1.76792,-2.12372,3.56864,-0.424538,-1.02036,-0.686277,3.18854,-0.734447,-1.76781,2.09605,-3.90444,1.32436,0.48403])
1.6179593959487728
{0.5214607883636858,3.010143590013218,-2.1480718572950215,2.2696950597370837,0.2378667930753882,-1.5140349779965625,0.33417109148030927,-0.11517367173766632,0.7732369164532958,-0.2804346511705038,0.48853557208330883,0.6868951710706743,0.592797703902462,1.392139209602249,-2.0909710018336183,1.6133328107326246,1.167622412386702,-1.4128724444483858,0.5789154456448907,0.024607318500106112,1.5378201399540694,-1.1386090372673228,2.8124699795159236,-1.2788630082261954,0.8296153873899104,-0.666926928445729,-0.12087639044664963,0.9581895939567545,1.6864423303667098,-3.188852217899856,0.7344965919890145,1.7679239163163314,-2.123723239079348,3.5686412684655697,-0.4245376187642128,-1.0203613169316836,-0.6862770759060673,3.1885372096056908,-0.7344467442204519,-1.7678109114943241,2.0960455894863745,-3.9044438903007705,1.324363282035642,0.48403045780048415}]
Set[{A021,A031,A032,A041,A042,A043,A121,A131,A132,A141,A142,A143,B021,B031,B032,B041,B042,B043,B121,B131,B132,B141,B142,B143,\[Alpha]1,\[Alpha]2,\[Alpha]3,\[Alpha]4,\[Beta]11,\[Beta]12,\[Beta]13,\[Beta]14,\[Beta]21,\[Beta]22,\[Beta]23,\[Beta]24,\[Beta]31,\[Beta]32,\[Beta]33,\[Beta]34,\[Beta]41,\[Beta]42,\[Beta]43,\[Beta]44},{0.5214607883636858,3.010143590013218,-2.1480718572950215,2.2696950597370837,0.2378667930753882,-1.5140349779965625,0.33417109148030927,-0.11517367173766632,0.7732369164532958,-0.2804346511705038,0.48853557208330883,0.6868951710706743,0.592797703902462,1.392139209602249,-2.0909710018336183,1.6133328107326246,1.167622412386702,-1.4128724444483858,0.5789154456448907,0.024607318500106112,1.5378201399540694,-1.1386090372673228,2.8124699795159236,-1.2788630082261954,0.8296153873899104,-0.666926928445729,-0.12087639044664963,0.9581895939567545,1.6864423303667098,-3.188852217899856,0.7344965919890145,1.7679239163163314,-2.123723239079348,3.5686412684655697,-0.4245376187642128,-1.0203613169316836,-0.6862770759060673,3.1885372096056908,-0.7344467442204519,-1.7678109114943241,2.0960455894863745,-3.9044438903007705,1.324363282035642,0.48403045780048415}]

Max g: 0.00043270550993418366
f_11([0.521285,3.01008,-2.14811,2.26972,0.237828,-1.5141,0.334788,-0.114275,0.774075,-0.280189,0.488653,0.687075,0.592685,1.39198,-2.09098,1.61333,1.16764,-1.41287,0.578844,0.02435,1.53805,-1.1388,2.8124,-1.27872,0.829677,-0.666953,-0.120855,0.958126,1.68613,-3.18779,0.734326,1.76734,-2.12447,3.5715,-0.424874,-1.02216,-0.686134,3.18781,-0.734328,-1.76735,2.09643,-3.90483,1.32435,0.484042])
1.6178599699427536
Max g: 0.0001232000755613527
f_12([0.521242,3.01016,-2.14812,2.26973,0.237797,-1.51408,0.335141,-0.113752,0.774553,-0.280068,0.488734,0.68718,0.592627,1.39193,-2.09097,1.61332,1.16767,-1.41288,0.578803,0.0242197,1.53817,-1.13893,2.8124,-1.27865,0.829696,-0.666933,-0.120844,0.958081,1.68598,-3.18726,0.734231,1.76705,-2.12489,3.57313,-0.425064,-1.02318,-0.686008,3.18731,-0.734239,-1.76706,2.09666,-3.90502,1.32434,0.484027])
1.6178599699427536
Max g: 6.214062496051609e-5
{0.521241987769542,3.010163810786955,-2.148125402745325,2.269730759245454,0.2377939152963073,-1.5140751326940851,0.335111435518023,-0.11379269029604673,0.7745102107244647,-0.2800748555494213,0.4887269106308438,0.6871688007226483,0.5926261587135143,1.3919315803786672,-2.090969303107051,1.6133192259759395,1.1676737105584258,-1.4128765099574574,0.5788065303024519,0.024230286989072345,1.538159924548247,-1.138919122484555,2.8123961789712584,-1.2786536689688115,0.8296952826691484,-0.6669323374179417,-0.12084401273183817,0.9580812488793978,1.6860005809854095,-3.1873157732922617,0.73424167426819,1.7670717763812327,-2.1248577502934456,3.5730000445432655,-0.4250498810784541,-1.0230950088542792,-0.6860099909873353,3.187333865259476,-0.7342444425153091,-1.767079254257828,2.0966441979204706,-3.9050074136402695,1.3243380830227678,0.48402619808289365}]
Set[{A021,A031,A032,A041,A042,A043,A121,A131,A132,A141,A142,A143,B021,B031,B032,B041,B042,B043,B121,B131,B132,B141,B142,B143,\[Alpha]1,\[Alpha]2,\[Alpha]3,\[Alpha]4,\[Beta]11,\[Beta]12,\[Beta]13,\[Beta]14,\[Beta]21,\[Beta]22,\[Beta]23,\[Beta]24,\[Beta]31,\[Beta]32,\[Beta]33,\[Beta]34,\[Beta]41,\[Beta]42,\[Beta]43,\[Beta]44},{0.521241987769542,3.010163810786955,-2.148125402745325,2.269730759245454,0.2377939152963073,-1.5140751326940851,0.335111435518023,-0.11379269029604673,0.7745102107244647,-0.2800748555494213,0.4887269106308438,0.6871688007226483,0.5926261587135143,1.3919315803786672,-2.090969303107051,1.6133192259759395,1.1676737105584258,-1.4128765099574574,0.5788065303024519,0.024230286989072345,1.538159924548247,-1.138919122484555,2.8123961789712584,-1.2786536689688115,0.8296952826691484,-0.6669323374179417,-0.12084401273183817,0.9580812488793978,1.6860005809854095,-3.1873157732922617,0.73424167426819,1.7670717763812327,-2.1248577502934456,3.5730000445432655,-0.4250498810784541,-1.0230950088542792,-0.6860099909873353,3.187333865259476,-0.7342444425153091,-1.767079254257828,2.0966441979204706,-3.9050074136402695,1.3243380830227678,0.48402619808289365}]


-----------------Final Result------------------
Options: alg=LN_AUGLAG_EQ,dx=0.01,max_eval=100000000,popSize=0
imin=-12,jmin=-1,imax=1,jmax=1,
parameter_minmax=5,
randSeed=70775196,rand_minmax=1

1280334 steps

Completed with maxf : 1.6178599699427536

Constraints at 4.5432447f-5

x = [0.521241987769542,3.010163810786955,-2.148125402745325,2.269730759245454,0.2377939152963073,-1.5140751326940851,0.335111435518023,-0.11379269029604673,0.7745102107244647,-0.2800748555494213,0.4887269106308438,0.6871688007226483,0.5926261587135143,1.3919315803786672,-2.090969303107051,1.6133192259759395,1.1676737105584258,-1.4128765099574574,0.5788065303024519,0.024230286989072345,1.538159924548247,-1.138919122484555,2.8123961789712584,-1.2786536689688115,0.8296952826691484,-0.6669323374179417,-0.12084401273183817,0.9580812488793978,1.6860005809854095,-3.1873157732922617,0.73424167426819,1.7670717763812327,-2.1248577502934456,3.5730000445432655,-0.4250498810784541,-1.0230950088542792,-0.6860099909873353,3.187333865259476,-0.7342444425153091,-1.767079254257828,2.0966441979204706,-3.9050074136402695,1.3243380830227678,0.48402619808289365]
c0 = [0.0,0.521241987769542,0.8620384080416299,0.9934495418476763]
c1 = [0.0,0.335111435518023,0.6607175204284179,0.8958208558040708]
A0 = [0.0,0.521241987769542,3.010163810786955,2.269730759245454,0.0,0.0,-2.148125402745325,0.2377939152963073,0.0,0.0,0.0,-1.5140751326940851,0.0,0.0,0.0,0.0]
A1 = [0.0,0.335111435518023,-0.11379269029604673,-0.2800748555494213,0.0,0.0,0.7745102107244647,0.4887269106308438,0.0,0.0,0.0,0.6871688007226483,0.0,0.0,0.0,0.0]
B0 = [0.0,0.5926261587135143,1.3919315803786672,1.6133192259759395,0.0,0.0,-2.090969303107051,1.1676737105584258,0.0,0.0,0.0,-1.4128765099574574,0.0,0.0,0.0,0.0]
B1 = [0.0,0.5788065303024519,0.024230286989072345,-1.138919122484555,0.0,0.0,1.538159924548247,2.8123961789712584,0.0,0.0,0.0,-1.2786536689688115,0.0,0.0,0.0,0.0]
α  = [0.8296952826691484,-0.6669323374179417,-0.12084401273183817,0.9580812488793978]
β1 = [1.6860005809854095,-3.1873157732922617,0.73424167426819,1.7670717763812327]
β2 = [-2.1248577502934456,3.5730000445432655,-0.4250498810784541,-1.0230950088542792]
β3 = [-0.6860099909873353,3.187333865259476,-0.7342444425153091,-1.767079254257828]
β4 = [2.0966441979204706,-3.9050074136402695,1.3243380830227678,0.48402619808289365]


Set[{A021,A031,A032,A041,A042,A043,A121,A131,A132,A141,A142,A143,B021,B031,B032,B041,B042,B043,B121,B131,B132,B141,B142,B143,\[Alpha]1,\[Alpha]2,\[Alpha]3,\[Alpha]4,\[Beta]11,\[Beta]12,\[Beta]13,\[Beta]14,\[Beta]21,\[Beta]22,\[Beta]23,\[Beta]24,\[Beta]31,\[Beta]32,\[Beta]33,\[Beta]34,\[Beta]41,\[Beta]42,\[Beta]43,\[Beta]44},{0.521241987769542,3.010163810786955,-2.148125402745325,2.269730759245454,0.2377939152963073,-1.5140751326940851,0.335111435518023,-0.11379269029604673,0.7745102107244647,-0.2800748555494213,0.4887269106308438,0.6871688007226483,0.5926261587135143,1.3919315803786672,-2.090969303107051,1.6133192259759395,1.1676737105584258,-1.4128765099574574,0.5788065303024519,0.024230286989072345,1.538159924548247,-1.138919122484555,2.8123961789712584,-1.2786536689688115,0.8296952826691484,-0.6669323374179417,-0.12084401273183817,0.9580812488793978,1.6860005809854095,-3.1873157732922617,0.73424167426819,1.7670717763812327,-2.1248577502934456,3.5730000445432655,-0.4250498810784541,-1.0230950088542792,-0.6860099909873353,3.187333865259476,-0.7342444425153091,-1.767079254257828,2.0966441979204706,-3.9050074136402695,1.3243380830227678,0.48402619808289365}]



