
-----------------Setup------------------
Options: alg=LN_AUGLAG_EQ,dx=0.01,max_eval=100000000,popSize=0
imin=-6,jmin=-3,imax=1,jmax=3,
parameter_minmax=5,
randSeed=10694039, rand_minmax=2

Initial Condition:

[0.597014,-0.352023,-1.12014,-0.491815,0.911124,-0.832846,-0.250458,-1.16449,0.826191,1.21202,-0.314696,-1.63978,-1.66255,-1.83232,0.799796,-1.10581,-0.493657,0.312931,0.0257349,-0.653317,-1.87352,1.04531,1.669,0.682024,0.873802,-1.44466,1.2987,-1.0597,1.90283,1.85429,-1.12832,-0.813939,1.71233,-0.587431,1.46582,-0.70435,-0.792032,0.186279,0.355872,0.207563,-0.350581,-0.570644,1.56107,1.00581]

f_1([0.0256664,-0.364912,0.40239,-0.596247,1.43012,-0.604652,4.89541e-6,-0.182677,0.183499,1.9803,-0.284544,-1.68511,0.158625,0.156987,0.00799741,-1.71801,0.251712,0.130019,-0.356614,2.36911,-1.67902,0.511972,0.612519,-0.178503,0.422339,-1.84277,1.80219,-0.580967,1.86435,0.866871,-0.89356,-1.40177,2.84392,-1.68992,0.874473,-1.19972,-0.999118,0.740874,-0.220081,0.0487146,-1.907,-1.27432,4.0021,1.07358])
21.533896192983164
Max g: 4.231871931552054
f_2([0.0223819,-0.372744,0.391164,-0.601234,1.42968,-0.608086,4.32995e-6,-0.1811,0.181919,1.96573,-0.280985,-1.68471,0.140389,0.147196,-0.00263327,-1.71314,0.254396,0.118005,-0.356159,2.36592,-1.67908,0.537964,0.446575,-0.17724,0.425852,-1.84394,1.79449,-0.569754,1.85936,0.836832,-0.890175,-1.39833,2.83775,-1.69349,0.875155,-1.20706,-0.981162,0.93092,-0.298046,0.25461,-2.09743,-1.27798,3.98987,1.07326])
23.051495249239853
Max g: 4.062017755236992
f_3([0.00104784,-0.438799,0.438799,-0.701404,1.53016,-0.671774,1.44906e-20,-0.173468,0.177968,1.80334,-0.227296,-1.5757,0.0157856,0.00115674,0.00673398,-1.64004,0.405716,0.231656,-0.152077,2.28413,-1.91175,0.530972,0.129452,-0.30008,0.438967,-1.88107,1.74867,-0.333194,1.98546,0.607881,-0.960294,-1.41351,2.61815,-1.90454,0.712081,-1.34815,-0.849955,0.736154,-0.421605,0.235408,-2.31935,-1.55525,3.84236,0.856924])
40.74090021148775
Max g: 1.9761367357831385
f_4([2.40407e-10,-0.441155,0.441173,-0.72262,1.49765,-0.654565,6.13547e-12,-0.197614,0.198035,1.83765,-0.262108,-1.57554,-0.00158245,-0.0535336,0.0460229,-1.59853,0.516593,0.305606,-0.077346,1.76965,-2.39837,0.356857,-0.232951,-0.469967,0.476662,-1.85439,1.79819,-0.116558,1.84306,0.64449,-0.899507,-1.3658,2.63865,-1.93891,0.667224,-1.39751,-0.880284,0.958971,-0.506166,0.411839,-2.61618,-1.63985,3.61342,0.779808])
41.997906484912214
Max g: 0.9997868694313307
f_5([0.0824599,0.0298333,0.223971,-0.617044,1.14883,-0.274736,0.0149028,-0.548693,0.548693,2.01052,0.0402425,-1.35988,0.309107,1.01102,-0.0592796,-1.48918,0.497734,0.307912,-0.183212,2.36863,-1.8688,-0.383024,-0.715465,-0.0911271,0.331344,-1.34298,1.83225,0.310815,1.13286,-0.748758,0.159631,0.610622,1.99396,-2.33474,0.542389,-0.152329,-0.164775,1.54073,-0.581467,-0.783514,-2.4061,-1.44309,2.68588,1.08439])
13.073702649649537
Max g: 0.7276813539052407
f_6([0.0799224,0.0604572,0.138257,-0.684141,1.05624,0.179878,0.0388532,-0.815393,0.815393,1.79586,0.117478,-0.91334,0.177907,0.84174,-0.0570911,-1.59507,0.501373,0.0315157,-0.822849,2.53377,-1.18666,-0.290094,-0.37382,-0.460521,0.134086,-1.36478,1.96054,0.312597,1.1126,-1.76862,0.265925,1.39063,1.15947,-1.7714,0.235455,0.47364,-0.495712,2.23861,-0.177464,-1.60733,-2.24851,1.93639,0.725972,-0.414358])
14.900942556509479
Max g: 0.40481527590581545
f_7([0.0974807,0.0994238,0.15368,-0.855474,0.973379,0.262149,0.3,-0.672814,0.672816,1.30118,-0.193445,-0.107661,0.102766,0.723756,-0.0307827,-1.78181,0.363214,0.0296576,-0.659042,3.09011,-1.68581,-0.203699,-0.418148,-0.316276,0.0249136,-1.42797,2.15375,0.24921,0.980838,-1.69418,0.212301,1.50239,1.28079,-2.086,0.156669,0.647427,0.0174442,1.69837,-0.212018,-1.50507,-2.73658,2.79949,0.766641,-0.828907])
13.504368610565843
Max g: 0.06492779899571034
f_8([0.0923303,0.0795777,0.166974,-0.860516,0.970082,0.281573,0.358499,-0.661333,0.661333,1.07674,-0.0329464,-0.0437926,0.108441,0.718629,-0.0268226,-1.77857,0.364701,0.0315409,-0.614558,3.36158,-1.86252,-0.167555,-0.384698,-0.27422,0.0134211,-1.4344,2.16988,0.250102,0.740107,-1.51304,0.231103,1.54187,1.44064,-2.47237,0.143631,0.888326,0.262093,1.50832,-0.231159,-1.53949,-2.79315,3.26709,0.695657,-1.1693])
14.241285921467075
Max g: 0.009253907456027444
f_9([0.0909982,0.0766892,0.167898,-0.869831,0.974116,0.289315,0.367595,-0.637103,0.654335,0.978267,0.0302715,-0.0221909,0.110724,0.714699,-0.0229869,-1.77544,0.366449,0.0299252,-0.60181,3.44372,-1.91575,-0.155006,-0.376553,-0.262191,0.0106946,-1.43677,2.17541,0.250671,0.663042,-1.44664,0.234646,1.54892,1.46865,-2.5612,0.140832,0.951854,0.337027,1.4465,-0.234619,-1.54885,-2.79456,3.3986,0.674418,-1.27844])
14.717111993562797
Max g: 0.001008067559175485
f_10([0.0912101,0.0767911,0.167996,-0.869877,0.973907,0.289185,0.361962,-0.632044,0.659096,0.971602,0.0276851,-0.0211514,0.111197,0.714438,-0.0225134,-1.77547,0.36665,0.0300861,-0.601408,3.44346,-1.91622,-0.154546,-0.37659,-0.262295,0.0107096,-1.43667,2.17539,0.250557,0.665069,-1.45362,0.234781,1.55376,1.46178,-2.53837,0.141184,0.935401,0.334878,1.45376,-0.234778,-1.55384,-2.79653,3.39744,0.675003,-1.27591])
14.688799694280336
{0.0912101036944998,0.07679114287123302,0.16799641603333232,-0.8698773576432564,0.9739069871881042,0.28918491288280634,0.3619622161837296,-0.6320444333174008,0.6590963829452758,0.9716024640209322,0.027685145101164547,-0.021151424920749756,0.11119726471553501,0.7144377953688585,-0.022513353270086828,-1.7754715945341282,0.36664980600391905,0.030086089298200634,-0.6014082421066221,3.4434553838309605,-1.9162194270193547,-0.1545461624200967,-0.3765898712303685,-0.26229537888035326,0.010709572147752077,-1.4366733024852343,2.1753903737662097,0.2505570327818191,0.665068805056348,-1.4536155488249183,0.23478056863747623,1.5537594696694152,1.4617767015860228,-2.538371246171906,0.14118430352331596,0.9354006052097359,0.3348782616202254,1.4537627234488848,-0.23477810837876428,-1.5538368011104204,-2.7965310007001394,3.3974383419279395,0.6750026412007618,-1.2759060091389256}]
Set[{A021,A031,A032,A041,A042,A043,A121,A131,A132,A141,A142,A143,B021,B031,B032,B041,B042,B043,B121,B131,B132,B141,B142,B143,\[Alpha]1,\[Alpha]2,\[Alpha]3,\[Alpha]4,\[Beta]11,\[Beta]12,\[Beta]13,\[Beta]14,\[Beta]21,\[Beta]22,\[Beta]23,\[Beta]24,\[Beta]31,\[Beta]32,\[Beta]33,\[Beta]34,\[Beta]41,\[Beta]42,\[Beta]43,\[Beta]44},{0.0912101036944998,0.07679114287123302,0.16799641603333232,-0.8698773576432564,0.9739069871881042,0.28918491288280634,0.3619622161837296,-0.6320444333174008,0.6590963829452758,0.9716024640209322,0.027685145101164547,-0.021151424920749756,0.11119726471553501,0.7144377953688585,-0.022513353270086828,-1.7754715945341282,0.36664980600391905,0.030086089298200634,-0.6014082421066221,3.4434553838309605,-1.9162194270193547,-0.1545461624200967,-0.3765898712303685,-0.26229537888035326,0.010709572147752077,-1.4366733024852343,2.1753903737662097,0.2505570327818191,0.665068805056348,-1.4536155488249183,0.23478056863747623,1.5537594696694152,1.4617767015860228,-2.538371246171906,0.14118430352331596,0.9354006052097359,0.3348782616202254,1.4537627234488848,-0.23477810837876428,-1.5538368011104204,-2.7965310007001394,3.3974383419279395,0.6750026412007618,-1.2759060091389256}]

Max g: 6.295907846565196e-5
f_11([0.0912858,0.0768579,0.167982,-0.869905,0.973984,0.289196,0.361557,-0.631548,0.659399,0.970669,0.0273849,-0.0204618,0.11131,0.714495,-0.0225328,-1.77537,0.366606,0.0300517,-0.601401,3.4434,-1.91619,-0.154611,-0.376569,-0.262287,0.010758,-1.43668,2.17541,0.250512,0.665409,-1.45425,0.234762,1.55408,1.46133,-2.53669,0.141195,0.934159,0.334587,1.45425,-0.234762,-1.55408,-2.79664,3.39731,0.675031,-1.2757])
14.673746323887197
Max g: 7.74046005039275e-5
f_12([0.0912857,0.0768607,0.167979,-0.869899,0.973985,0.289195,0.361655,-0.631632,0.659319,0.970705,0.0274274,-0.0203924,0.111317,0.714495,-0.0225295,-1.77537,0.366606,0.0300529,-0.60141,3.44339,-1.91617,-0.154616,-0.376575,-0.262288,0.0107546,-1.43668,2.17541,0.250512,0.665389,-1.45413,0.234758,1.55399,1.46145,-2.53708,0.141188,0.93444,0.334614,1.45413,-0.234758,-1.55398,-2.7966,3.39732,0.675021,-1.27575])
14.672849103135288
Max g: 2.3729766953972664e-5
f_13([0.0912857,0.0768607,0.167979,-0.869899,0.973985,0.289195,0.361659,-0.631635,0.659316,0.970707,0.0274299,-0.0203918,0.111316,0.714494,-0.0225295,-1.77537,0.366606,0.0300528,-0.601411,3.44339,-1.91617,-0.154616,-0.376575,-0.262288,0.0107545,-1.43668,2.17541,0.250512,0.665387,-1.45413,0.234757,1.55398,1.46145,-2.53709,0.141188,0.934452,0.334616,1.45412,-0.234758,-1.55398,-2.7966,3.39732,0.675021,-1.27575])
14.672948794329944
Max g: 2.1456142225817487e-5
f_14([0.0912835,0.0768583,0.167979,-0.869895,0.973982,0.289196,0.361705,-0.631677,0.659277,0.970755,0.0274732,-0.0204147,0.111308,0.714493,-0.0225309,-1.77536,0.366607,0.0300492,-0.601414,3.4434,-1.91617,-0.154616,-0.376578,-0.262288,0.0107541,-1.43668,2.17541,0.250516,0.665371,-1.45407,0.234756,1.55394,1.46151,-2.53728,0.141185,0.934585,0.334629,1.45407,-0.234756,-1.55394,-2.79658,3.39733,0.675016,-1.27577])
14.67364663269254
Max g: 4.607677178441148e-6
f_15([0.0912837,0.0768585,0.167979,-0.869896,0.973982,0.289197,0.361703,-0.631676,0.659278,0.970759,0.0274753,-0.020423,0.111306,0.714492,-0.0225313,-1.77536,0.366607,0.0300492,-0.601414,3.4434,-1.91617,-0.154616,-0.376577,-0.262288,0.0107541,-1.43668,2.17541,0.250516,0.665371,-1.45407,0.234756,1.55394,1.46151,-2.53727,0.141185,0.934581,0.33463,1.45407,-0.234756,-1.55394,-2.79658,3.39733,0.675017,-1.27577])
14.673746323887197
Max g: 3.122947853420252e-6
f_16([0.0912836,0.0768585,0.167979,-0.869895,0.973982,0.289196,0.361698,-0.631672,0.659282,0.970765,0.0274783,-0.0204407,0.111302,0.714492,-0.0225321,-1.77536,0.366606,0.0300487,-0.601413,3.4434,-1.91617,-0.154616,-0.376577,-0.262288,0.0107543,-1.43668,2.17541,0.250517,0.665371,-1.45408,0.234757,1.55395,1.4615,-2.53726,0.141186,0.934567,0.334629,1.45408,-0.234757,-1.55395,-2.79659,3.39733,0.675017,-1.27576])
14.67424477986048
Max g: 1.5450135770755935e-7
f_17([0.0912836,0.0768586,0.167979,-0.869895,0.973982,0.289196,0.361697,-0.631671,0.659282,0.970765,0.027478,-0.0204411,0.111302,0.714492,-0.0225321,-1.77536,0.366606,0.0300486,-0.601413,3.4434,-1.91617,-0.154616,-0.376577,-0.262288,0.0107544,-1.43668,2.17541,0.250517,0.665371,-1.45408,0.234757,1.55395,1.4615,-2.53725,0.141186,0.934565,0.334629,1.45408,-0.234757,-1.55395,-2.79659,3.39733,0.675017,-1.27576])
14.67424477986048
Max g: 3.803438575200602e-8
{0.09128364464847562,0.07685856231460303,0.16797866589276303,-0.8698954391324083,0.9739819036869254,0.2891960777507126,0.361697418795469,-0.6316711657453554,0.6592821431764943,0.9707647816177337,0.0274779726201939,-0.020441133902321003,0.11130232786029458,0.7144919497704894,-0.02253214883338491,-1.775364189982162,0.36660643905711743,0.03004859688697596,-0.6014126872481393,3.443396915805442,-1.916168298311381,-0.15461551558740327,-0.3765765825449205,-0.2622877933195379,0.010754350714602748,-1.43668225492882,2.175410552157654,0.2505173575822458,0.6653707092903529,-1.4540764583606145,0.23475675659250653,1.5539489896542045,1.4615017942702557,-2.5372528161040577,0.14118567932231746,0.9345653455880429,0.33462927997331776,1.454076476440134,-0.234756755424434,-1.5539490003043341,-2.796585562545305,3.3973325053122934,0.6750172373521466,-1.275764184810692}]
Set[{A021,A031,A032,A041,A042,A043,A121,A131,A132,A141,A142,A143,B021,B031,B032,B041,B042,B043,B121,B131,B132,B141,B142,B143,\[Alpha]1,\[Alpha]2,\[Alpha]3,\[Alpha]4,\[Beta]11,\[Beta]12,\[Beta]13,\[Beta]14,\[Beta]21,\[Beta]22,\[Beta]23,\[Beta]24,\[Beta]31,\[Beta]32,\[Beta]33,\[Beta]34,\[Beta]41,\[Beta]42,\[Beta]43,\[Beta]44},{0.09128364464847562,0.07685856231460303,0.16797866589276303,-0.8698954391324083,0.9739819036869254,0.2891960777507126,0.361697418795469,-0.6316711657453554,0.6592821431764943,0.9707647816177337,0.0274779726201939,-0.020441133902321003,0.11130232786029458,0.7144919497704894,-0.02253214883338491,-1.775364189982162,0.36660643905711743,0.03004859688697596,-0.6014126872481393,3.443396915805442,-1.916168298311381,-0.15461551558740327,-0.3765765825449205,-0.2622877933195379,0.010754350714602748,-1.43668225492882,2.175410552157654,0.2505173575822458,0.6653707092903529,-1.4540764583606145,0.23475675659250653,1.5539489896542045,1.4615017942702557,-2.5372528161040577,0.14118567932231746,0.9345653455880429,0.33462927997331776,1.454076476440134,-0.234756755424434,-1.5539490003043341,-2.796585562545305,3.3973325053122934,0.6750172373521466,-1.275764184810692}]


-----------------Final Result------------------
Options: alg=LN_AUGLAG_EQ,dx=0.01,max_eval=100000000,popSize=0
imin=-6,jmin=-3,imax=1,jmax=3,
parameter_minmax=5,
randSeed=10694039,rand_minmax=2

1750259 steps

Completed with maxf : 14.67424477986048

Constraints at 3.802856407553179e-8

x = [0.09128364464847562,0.07685856231460303,0.16797866589276303,-0.8698954391324083,0.9739819036869254,0.2891960777507126,0.361697418795469,-0.6316711657453554,0.6592821431764943,0.9707647816177337,0.0274779726201939,-0.020441133902321003,0.11130232786029458,0.7144919497704894,-0.02253214883338491,-1.775364189982162,0.36660643905711743,0.03004859688697596,-0.6014126872481393,3.443396915805442,-1.916168298311381,-0.15461551558740327,-0.3765765825449205,-0.2622877933195379,0.010754350714602748,-1.43668225492882,2.175410552157654,0.2505173575822458,0.6653707092903529,-1.4540764583606145,0.23475675659250653,1.5539489896542045,1.4615017942702557,-2.5372528161040577,0.14118567932231746,0.9345653455880429,0.33462927997331776,1.454076476440134,-0.234756755424434,-1.5539490003043341,-2.796585562545305,3.3973325053122934,0.6750172373521466,-1.275764184810692]
c0 = [0.0,0.09128364464847562,0.24483722820736606,0.39328254230522963]
c1 = [0.0,0.361697418795469,0.027610977431138828,0.9778016203356066]
A0 = [0.0,0.09128364464847562,0.07685856231460303,-0.8698954391324083,0.0,0.0,0.16797866589276303,0.9739819036869254,0.0,0.0,0.0,0.2891960777507126,0.0,0.0,0.0,0.0]
A1 = [0.0,0.361697418795469,-0.6316711657453554,0.9707647816177337,0.0,0.0,0.6592821431764943,0.0274779726201939,0.0,0.0,0.0,-0.020441133902321003,0.0,0.0,0.0,0.0]
B0 = [0.0,0.11130232786029458,0.7144919497704894,-1.775364189982162,0.0,0.0,-0.02253214883338491,0.36660643905711743,0.0,0.0,0.0,0.03004859688697596,0.0,0.0,0.0,0.0]
B1 = [0.0,-0.6014126872481393,3.443396915805442,-0.15461551558740327,0.0,0.0,-1.916168298311381,-0.3765765825449205,0.0,0.0,0.0,-0.2622877933195379,0.0,0.0,0.0,0.0]
α  = [0.010754350714602748,-1.43668225492882,2.175410552157654,0.2505173575822458]
β1 = [0.6653707092903529,-1.4540764583606145,0.23475675659250653,1.5539489896542045]
β2 = [1.4615017942702557,-2.5372528161040577,0.14118567932231746,0.9345653455880429]
β3 = [0.33462927997331776,1.454076476440134,-0.234756755424434,-1.5539490003043341]
β4 = [-2.796585562545305,3.3973325053122934,0.6750172373521466,-1.275764184810692]


Set[{A021,A031,A032,A041,A042,A043,A121,A131,A132,A141,A142,A143,B021,B031,B032,B041,B042,B043,B121,B131,B132,B141,B142,B143,\[Alpha]1,\[Alpha]2,\[Alpha]3,\[Alpha]4,\[Beta]11,\[Beta]12,\[Beta]13,\[Beta]14,\[Beta]21,\[Beta]22,\[Beta]23,\[Beta]24,\[Beta]31,\[Beta]32,\[Beta]33,\[Beta]34,\[Beta]41,\[Beta]42,\[Beta]43,\[Beta]44},{0.09128364464847562,0.07685856231460303,0.16797866589276303,-0.8698954391324083,0.9739819036869254,0.2891960777507126,0.361697418795469,-0.6316711657453554,0.6592821431764943,0.9707647816177337,0.0274779726201939,-0.020441133902321003,0.11130232786029458,0.7144919497704894,-0.02253214883338491,-1.775364189982162,0.36660643905711743,0.03004859688697596,-0.6014126872481393,3.443396915805442,-1.916168298311381,-0.15461551558740327,-0.3765765825449205,-0.2622877933195379,0.010754350714602748,-1.43668225492882,2.175410552157654,0.2505173575822458,0.6653707092903529,-1.4540764583606145,0.23475675659250653,1.5539489896542045,1.4615017942702557,-2.5372528161040577,0.14118567932231746,0.9345653455880429,0.33462927997331776,1.454076476440134,-0.234756755424434,-1.5539490003043341,-2.796585562545305,3.3973325053122934,0.6750172373521466,-1.275764184810692}]



