
-----------------Setup------------------
Options: alg=LN_AUGLAG_EQ,dx=0.01,max_eval=100000000,popSize=0
imin=-1,jmin=-4,imax=1,jmax=4,
parameter_minmax=5,
randSeed=8612339, rand_minmax=2,
END_C=true, INEQ_C=true

Initial Condition:

[1.15453,0.545583,-0.120883,0.181636,0.864883,-1.6985,-0.983337,-0.884099,1.38748,-1.68392,1.45989,-1.60307,0.0233514,0.835235,-1.1362,1.6209,-0.35908,1.14645,-0.951518,-1.09053,-1.81358,-1.96169,1.27837,-1.6465,-1.4132,-0.97503,1.38444,-1.9165,1.88911,0.257871,-1.19936,1.25964,1.33949,-0.654965,-1.6798,-0.388497,-0.562982,1.1911,-0.950579,-1.24991,1.96102,-0.456917,-0.92857,1.84679]

f_1([0.05627,1.54146,-1.23303,0.359006,0.168118,0.0270628,-1.62205e-23,-1.26187,1.26187,0.189,1.32289,-1.28315,0.0996529,2.24589,-1.82396,1.22921,-1.2886,-0.136613,0.0647168,0.205011,-0.414475,0.00162982,0.380383,0.128906,2.59471,-1.00277,0.371418,-1.95115,1.53654,0.317667,-1.78046,0.338582,4.30735,-1.18161,-1.31936,-0.752022,-0.718194,0.760862,1.32299,-1.81552,1.74465,-1.09499,-1.03905,1.38205])
7.561394028608517
Max g: 1.0543599104897066
f_2([1.0506e-8,2.76461,-1.81013,0.55178,0.363392,0.0848279,0.306015,-0.750693,1.05672,-0.492604,1.58513,-0.0925246,0.0800561,2.3601,-1.28302,1.61093,-0.766783,-0.156253,-0.526007,0.4678,-2.01984,-0.581077,-0.663734,-0.757215,1.83051,-1.41873,1.80358,-1.21441,0.951244,0.627437,-2.05094,1.4352,1.98464,-1.59814,-1.24756,0.866406,0.0638151,-0.734726,2.19484,-1.51677,1.8488,-2.48353,-0.0840864,0.720891])
3.287929888634232
Max g: 0.04232822999715502
f_3([9.29933e-12,2.76591,-1.80946,0.582472,0.348569,0.0689595,0.280318,-0.736199,1.05103,-0.547988,1.54858,-0.00129554,0.0785505,2.35536,-1.29048,1.59101,-0.765781,-0.167712,-0.524282,0.473032,-2.0295,-0.585835,-0.659651,-0.767194,1.83411,-1.41232,1.79366,-1.21536,0.985245,0.68524,-2.16548,1.49548,1.88801,-1.53386,-1.14061,0.786295,0.00860892,-0.671766,2.14954,-1.48679,1.84899,-2.463,-0.115768,0.730054])
3.1536698529822793
Max g: 0.004737464770983024
f_4([7.40488e-6,2.7656,-1.8092,0.582411,0.348788,0.0687972,0.279295,-0.735544,1.05152,-0.548493,1.54829,-0.000147033,0.0787388,2.35528,-1.29052,1.59139,-0.766209,-0.16818,-0.525574,0.467456,-2.02937,-0.591261,-0.661933,-0.763667,1.83416,-1.41235,1.79352,-1.21531,0.984382,0.678504,-2.15506,1.49217,1.89108,-1.53796,-1.14368,0.790568,0.0150803,-0.677964,2.15509,-1.49225,1.84253,-2.46017,-0.102469,0.720198])
3.1731479928696094
Max g: 0.0009041846455364322
f_5([2.82934e-7,2.76557,-1.80916,0.582423,0.348822,0.0687528,0.27886,-0.735414,1.05167,-0.548036,1.54873,-0.000906721,0.0787443,2.35521,-1.29046,1.59134,-0.766194,-0.168214,-0.526038,0.465738,-2.02925,-0.59276,-0.662614,-0.762797,1.83422,-1.41238,1.79348,-1.21531,0.984178,0.678046,-2.15506,1.49284,1.89041,-1.53863,-1.1416,0.789865,0.0158565,-0.678187,2.15529,-1.49298,1.84074,-2.45921,-0.0990072,0.71754])
3.173048614604878
Max g: 0.0006729143614943034
f_6([4.42465e-5,2.76563,-1.80918,0.582446,0.348816,0.0687371,0.278439,-0.735417,1.05188,-0.547384,1.54927,-0.00201821,0.0787262,2.35519,-1.29042,1.59134,-0.76615,-0.168177,-0.526475,0.464152,-2.0291,-0.594092,-0.663245,-0.762028,1.83421,-1.41239,1.79353,-1.21535,0.983828,0.677955,-2.15537,1.49359,1.8895,-1.53913,-1.13931,0.788954,0.0162089,-0.677981,2.15535,-1.49358,1.83917,-2.4584,-0.095886,0.715147])
3.1717566971633717
Max g: 0.0003880269017186855
f_7([2.61597e-5,2.76563,-1.8092,0.582454,0.34881,0.0687359,0.278164,-0.735373,1.05199,-0.547178,1.54941,-0.002306,0.0787323,2.35516,-1.29041,1.59136,-0.766162,-0.168211,-0.526756,0.463117,-2.02902,-0.594962,-0.66369,-0.761503,1.83421,-1.41237,1.79352,-1.21536,0.983551,0.677882,-2.15546,1.49403,1.88898,-1.53949,-1.13791,0.788429,0.0164489,-0.677893,2.15547,-1.49404,1.83815,-2.45787,-0.093813,0.713555])
3.1717566971633717
Max g: 0.00021190182886687836
f_8([2.81299e-5,2.76565,-1.8092,0.582456,0.348816,0.0687278,0.278065,-0.735358,1.05203,-0.54714,1.54945,-0.00235364,0.0787429,2.35515,-1.29041,1.59136,-0.766173,-0.168255,-0.52686,0.462735,-2.02899,-0.595287,-0.663847,-0.761311,1.83422,-1.41237,1.79352,-1.21537,0.983464,0.67785,-2.15551,1.4942,1.88877,-1.53961,-1.13739,0.788229,0.0165441,-0.677864,2.15551,-1.49419,1.83777,-2.45768,-0.0930384,0.712961])
3.1717566971633717
Max g: 0.00014560000644037174
f_9([2.58108e-5,2.76568,-1.80922,0.582459,0.348809,0.0687322,0.277844,-0.735327,1.05212,-0.547066,1.54948,-0.00241091,0.0787468,2.35514,-1.29041,1.59136,-0.766171,-0.168289,-0.527088,0.461909,-2.02894,-0.596018,-0.664153,-0.760911,1.83424,-1.41236,1.79353,-1.21541,0.983245,0.677793,-2.15559,1.49455,1.88836,-1.53991,-1.13626,0.787806,0.0167571,-0.677794,2.15559,-1.49455,1.83693,-2.45723,-0.0913775,0.711681])
3.171856075428103
Max g: 6.517768353475617e-6
f_10([2.31835e-5,2.76567,-1.80921,0.582458,0.348804,0.0687378,0.277756,-0.735314,1.05214,-0.547054,1.54948,-0.00242955,0.0787502,2.35513,-1.29041,1.59137,-0.766176,-0.168299,-0.527178,0.461583,-2.02891,-0.596297,-0.664282,-0.76075,1.83424,-1.41236,1.79353,-1.21542,0.983167,0.677765,-2.15563,1.4947,1.8882,-1.54002,-1.13582,0.787639,0.0168346,-0.677763,2.15563,-1.4947,1.8366,-2.45706,-0.0907288,0.711183])
3.171856075428103
{2.3183488004741473e-5,2.765674713118361,-1.8092117663867116,0.5824575750508181,0.34880415705879975,0.06873776771896768,0.27775565942819724,-0.7353144025440327,1.052139890852368,-0.5470542338277841,1.5494838109637354,-0.0024295514155993478,0.07875018099661174,2.3551324442217343,-1.2904075588495036,1.5913674637895843,-0.766176234497896,-0.1682994252750036,-0.5271776351760192,0.4615831306154184,-2.0289117198413607,-0.5962966441634765,-0.6642824102615786,-0.7607498319218998,1.834238787803368,-1.4123559701013477,1.793532604195395,-1.2154155232144745,0.983166625705255,0.6777646356590177,-2.155628123803665,1.4946973241556387,1.8881983295830866,-1.540019704695584,-1.135821261218979,0.7876394717273362,0.016834636675181505,-0.6777632165683973,2.155625067207797,-1.4946952201675672,1.8366017965664803,-2.4570602049029735,-0.09072884855999525,0.7111831513501112}]
Set[{A021,A031,A032,A041,A042,A043,A121,A131,A132,A141,A142,A143,B021,B031,B032,B041,B042,B043,B121,B131,B132,B141,B142,B143,\[Alpha]1,\[Alpha]2,\[Alpha]3,\[Alpha]4,\[Beta]11,\[Beta]12,\[Beta]13,\[Beta]14,\[Beta]21,\[Beta]22,\[Beta]23,\[Beta]24,\[Beta]31,\[Beta]32,\[Beta]33,\[Beta]34,\[Beta]41,\[Beta]42,\[Beta]43,\[Beta]44},{2.3183488004741473e-5,2.765674713118361,-1.8092117663867116,0.5824575750508181,0.34880415705879975,0.06873776771896768,0.27775565942819724,-0.7353144025440327,1.052139890852368,-0.5470542338277841,1.5494838109637354,-0.0024295514155993478,0.07875018099661174,2.3551324442217343,-1.2904075588495036,1.5913674637895843,-0.766176234497896,-0.1682994252750036,-0.5271776351760192,0.4615831306154184,-2.0289117198413607,-0.5962966441634765,-0.6642824102615786,-0.7607498319218998,1.834238787803368,-1.4123559701013477,1.793532604195395,-1.2154155232144745,0.983166625705255,0.6777646356590177,-2.155628123803665,1.4946973241556387,1.8881983295830866,-1.540019704695584,-1.135821261218979,0.7876394717273362,0.016834636675181505,-0.6777632165683973,2.155625067207797,-1.4946952201675672,1.8366017965664803,-2.4570602049029735,-0.09072884855999525,0.7111831513501112}]

Max g: 9.434604614178e-5
f_11([2.43576e-5,2.76567,-1.80921,0.582454,0.348807,0.0687387,0.277688,-0.735303,1.05215,-0.547057,1.54948,-0.00242425,0.0787525,2.35513,-1.29041,1.59136,-0.766181,-0.1683,-0.527246,0.461334,-2.02889,-0.596507,-0.66438,-0.760629,1.83424,-1.41236,1.79353,-1.21541,0.983109,0.677744,-2.15566,1.49481,1.88807,-1.54011,-1.13548,0.787506,0.0168932,-0.677744,2.15566,-1.4948,1.83635,-2.45693,-0.0902389,0.710807])
3.171955453692834
Max g: 0.0001765801195032779
f_12([1.83125e-5,2.76567,-1.80921,0.582458,0.348804,0.0687376,0.277635,-0.735293,1.05216,-0.547052,1.54948,-0.00242787,0.078752,2.35513,-1.29041,1.59137,-0.766185,-0.168298,-0.5273,0.461139,-2.02887,-0.596672,-0.664459,-0.760531,1.83424,-1.41236,1.79353,-1.21541,0.983062,0.677726,-2.15569,1.4949,1.88798,-1.54018,-1.13521,0.787406,0.0169391,-0.677722,2.15568,-1.49489,1.83616,-2.45683,-0.0898521,0.710511])
3.171955453692834
Max g: 0.0002420478037958862
f_13([1.51862e-5,2.76567,-1.80921,0.582454,0.348806,0.0687403,0.277593,-0.735285,1.05217,-0.547048,1.54948,-0.00243231,0.0787528,2.35513,-1.29041,1.59136,-0.766186,-0.168301,-0.527341,0.460985,-2.02886,-0.5968,-0.664523,-0.760454,1.83425,-1.41236,1.79353,-1.21542,0.983022,0.677716,-2.1557,1.49496,1.88791,-1.54024,-1.135,0.787324,0.0169778,-0.677712,2.1557,-1.49496,1.83601,-2.45675,-0.0895474,0.710277])
3.171955453692834
Max g: 0.0002928114922269298
f_14([1.21763e-5,2.76567,-1.80921,0.582452,0.348808,0.0687405,0.277569,-0.735282,1.05218,-0.547046,1.54948,-0.00243402,0.0787512,2.35513,-1.29041,1.59136,-0.766185,-0.168299,-0.527364,0.460901,-2.02885,-0.596871,-0.664558,-0.760411,1.83425,-1.41236,1.79353,-1.21542,0.983002,0.677707,-2.15571,1.495,1.88787,-1.54028,-1.13488,0.787278,0.0169984,-0.677705,2.15571,-1.49499,1.83592,-2.4567,-0.0893784,0.710147])
3.171955453692834
Max g: 0.00032120348382624897
f_15([1.20717e-5,2.76567,-1.80921,0.582452,0.348808,0.0687403,0.277555,-0.735279,1.05218,-0.547045,1.54948,-0.00243553,0.0787507,2.35513,-1.29041,1.59136,-0.766185,-0.168298,-0.527378,0.460848,-2.02885,-0.596916,-0.664579,-0.760385,1.83425,-1.41236,1.79353,-1.21542,0.98299,0.677703,-2.15572,1.49502,1.88784,-1.5403,-1.1348,0.787251,0.0170117,-0.677701,2.15571,-1.49502,1.83587,-2.45668,-0.0892738,0.710067])
3.171955453692834
Max g: 0.0003386443031547781
f_16([1.24691e-5,2.76567,-1.80921,0.582451,0.348808,0.0687409,0.277544,-0.735278,1.05218,-0.547045,1.54948,-0.00243684,0.0787513,2.35513,-1.29041,1.59136,-0.766186,-0.168299,-0.527389,0.460808,-2.02884,-0.59695,-0.664594,-0.760366,1.83425,-1.41236,1.79353,-1.21542,0.98298,0.6777,-2.15572,1.49504,1.88782,-1.54031,-1.13475,0.78723,0.0170206,-0.677697,2.15572,-1.49503,1.83583,-2.45666,-0.0891954,0.710007])
3.171955453692834
Max g: 0.0003517652518605363
f_17([1.21528e-5,2.76567,-1.80921,0.582452,0.348808,0.0687401,0.277537,-0.735276,1.05218,-0.547045,1.54948,-0.0024377,0.0787511,2.35513,-1.29041,1.59136,-0.766186,-0.168299,-0.527396,0.460783,-2.02884,-0.596971,-0.664604,-0.760353,1.83425,-1.41236,1.79353,-1.21542,0.982974,0.677698,-2.15572,1.49505,1.88781,-1.54032,-1.13471,0.787216,0.0170271,-0.677695,2.15572,-1.49505,1.8358,-2.45664,-0.0891456,0.709969])
3.171955453692834
Max g: 0.000360115896148816
f_18([1.21892e-5,2.76567,-1.80921,0.582451,0.348809,0.0687404,0.277532,-0.735275,1.05218,-0.547044,1.54948,-0.00243765,0.0787512,2.35513,-1.29041,1.59136,-0.766186,-0.168298,-0.527401,0.460764,-2.02884,-0.596987,-0.664611,-0.760344,1.83425,-1.41236,1.79353,-1.21542,0.982969,0.677697,-2.15572,1.49506,1.8878,-1.54033,-1.13469,0.787207,0.0170317,-0.677695,2.15572,-1.49505,1.83579,-2.45663,-0.0891089,0.709941])
3.171955453692834
Max g: 0.00036629425480283473
f_19([1.24319e-5,2.76567,-1.80921,0.582451,0.348809,0.0687405,0.277529,-0.735274,1.05218,-0.547044,1.54948,-0.00243793,0.0787513,2.35513,-1.29041,1.59136,-0.766186,-0.168298,-0.527404,0.460753,-2.02884,-0.596996,-0.664616,-0.760339,1.83425,-1.41236,1.79353,-1.21542,0.982966,0.677697,-2.15573,1.49506,1.8878,-1.54033,-1.13467,0.787201,0.0170346,-0.677694,2.15572,-1.49506,1.83577,-2.45663,-0.0890868,0.709924])
3.171955453692834
Max g: 0.00036993352086156506
f_20([1.23426e-5,2.76567,-1.80921,0.582451,0.348808,0.0687408,0.277527,-0.735274,1.05218,-0.547044,1.54948,-0.0024381,0.0787512,2.35513,-1.29041,1.59136,-0.766185,-0.168298,-0.527406,0.460746,-2.02884,-0.597002,-0.664619,-0.760335,1.83425,-1.41236,1.79353,-1.21542,0.982964,0.677696,-2.15573,1.49506,1.88779,-1.54033,-1.13466,0.787197,0.0170365,-0.677694,2.15572,-1.49506,1.83577,-2.45662,-0.0890723,0.709913])
3.171955453692834
{1.2342553056897601e-5,2.7656687798844337,-1.8092097503871931,0.5824508508388797,0.34880839505069755,0.06874075419501036,0.2775266542367607,-0.7352741927335913,1.0521848592988723,-0.5470437119999196,1.549481816096452,-0.002438103918081961,0.07875117720175427,2.3551300897787377,-1.2904077607087232,1.5913647693129007,-0.7661854900438725,-0.16829828957330403,-0.5274058168364022,0.46074572472654385,-2.0288370066868473,-0.5970023812651144,-0.6646185198200633,-0.7603352043506024,1.834245596416083,-1.4123555624241046,1.7935275207814803,-1.2154179271441314,0.9829641916607066,0.6776964956678414,-2.155727278828454,1.4950638735246662,1.8877932645065023,-1.5403345715074812,-1.1346640509347248,0.7871967297297041,0.01703654918435394,-0.6776938175975032,2.1557234162772967,-1.4950616468361175,1.8357670524716625,-2.4566234179029043,-0.08907228763028223,0.7099125569301323}]
Set[{A021,A031,A032,A041,A042,A043,A121,A131,A132,A141,A142,A143,B021,B031,B032,B041,B042,B043,B121,B131,B132,B141,B142,B143,\[Alpha]1,\[Alpha]2,\[Alpha]3,\[Alpha]4,\[Beta]11,\[Beta]12,\[Beta]13,\[Beta]14,\[Beta]21,\[Beta]22,\[Beta]23,\[Beta]24,\[Beta]31,\[Beta]32,\[Beta]33,\[Beta]34,\[Beta]41,\[Beta]42,\[Beta]43,\[Beta]44},{1.2342553056897601e-5,2.7656687798844337,-1.8092097503871931,0.5824508508388797,0.34880839505069755,0.06874075419501036,0.2775266542367607,-0.7352741927335913,1.0521848592988723,-0.5470437119999196,1.549481816096452,-0.002438103918081961,0.07875117720175427,2.3551300897787377,-1.2904077607087232,1.5913647693129007,-0.7661854900438725,-0.16829828957330403,-0.5274058168364022,0.46074572472654385,-2.0288370066868473,-0.5970023812651144,-0.6646185198200633,-0.7603352043506024,1.834245596416083,-1.4123555624241046,1.7935275207814803,-1.2154179271441314,0.9829641916607066,0.6776964956678414,-2.155727278828454,1.4950638735246662,1.8877932645065023,-1.5403345715074812,-1.1346640509347248,0.7871967297297041,0.01703654918435394,-0.6776938175975032,2.1557234162772967,-1.4950616468361175,1.8357670524716625,-2.4566234179029043,-0.08907228763028223,0.7099125569301323}]

Max g: 0.0003723488534823627
f_21([1.24652e-5,2.76567,-1.80921,0.582451,0.348809,0.0687408,0.277525,-0.735274,1.05219,-0.547044,1.54948,-0.00243831,0.0787512,2.35513,-1.29041,1.59136,-0.766186,-0.168298,-0.527407,0.460741,-2.02884,-0.597006,-0.66462,-0.760333,1.83425,-1.41236,1.79353,-1.21542,0.982963,0.677696,-2.15573,1.49507,1.88779,-1.54034,-1.13466,0.787194,0.0170377,-0.677693,2.15572,-1.49506,1.83576,-2.45662,-0.0890628,0.709905])
3.171955453692834
Max g: 0.0003739265911901768
f_22([1.25131e-5,2.76567,-1.80921,0.582451,0.348809,0.0687408,0.277525,-0.735274,1.05219,-0.547043,1.54948,-0.00243848,0.0787512,2.35513,-1.29041,1.59136,-0.766186,-0.168298,-0.527408,0.460738,-2.02884,-0.597009,-0.664622,-0.760331,1.83425,-1.41236,1.79353,-1.21542,0.982962,0.677696,-2.15573,1.49507,1.88779,-1.54034,-1.13465,0.787193,0.0170385,-0.677693,2.15572,-1.49506,1.83576,-2.45662,-0.0890569,0.709901])
3.171955453692834
Max g: 0.0003749313638665708
f_23([1.25086e-5,2.76567,-1.80921,0.582451,0.348809,0.0687407,0.277524,-0.735274,1.05219,-0.547043,1.54948,-0.00243857,0.0787512,2.35513,-1.29041,1.59136,-0.766186,-0.168298,-0.527408,0.460736,-2.02884,-0.597011,-0.664622,-0.76033,1.83425,-1.41236,1.79353,-1.21542,0.982962,0.677696,-2.15573,1.49507,1.88779,-1.54034,-1.13465,0.787191,0.017039,-0.677693,2.15572,-1.49507,1.83576,-2.45662,-0.0890528,0.709898])
3.171955453692834
Max g: 0.00037561650610373754
f_24([1.24841e-5,2.76567,-1.80921,0.582451,0.348809,0.0687407,0.277524,-0.735274,1.05219,-0.547043,1.54948,-0.0024386,0.0787512,2.35513,-1.29041,1.59136,-0.766186,-0.168298,-0.527409,0.460735,-2.02884,-0.597012,-0.664623,-0.76033,1.83425,-1.41236,1.79353,-1.21542,0.982961,0.677696,-2.15573,1.49507,1.88779,-1.54034,-1.13465,0.787191,0.0170393,-0.677693,2.15572,-1.49507,1.83576,-2.45662,-0.0890503,0.709896])
3.171955453692834
Max g: 0.00037603286526621815
f_25([1.24789e-5,2.76567,-1.80921,0.582451,0.348809,0.0687407,0.277523,-0.735274,1.05219,-0.547043,1.54948,-0.00243865,0.0787512,2.35513,-1.29041,1.59136,-0.766186,-0.168298,-0.527409,0.460734,-2.02884,-0.597013,-0.664623,-0.760329,1.83425,-1.41236,1.79353,-1.21542,0.982961,0.677696,-2.15573,1.49507,1.88779,-1.54034,-1.13465,0.78719,0.0170395,-0.677693,2.15572,-1.49507,1.83576,-2.45662,-0.0890485,0.709894])
3.171955453692834
Max g: 0.00037635406312142017
f_26([1.24777e-5,2.76567,-1.80921,0.582451,0.348809,0.0687407,0.277523,-0.735274,1.05219,-0.547043,1.54948,-0.00243866,0.0787512,2.35513,-1.29041,1.59136,-0.766186,-0.168298,-0.527409,0.460733,-2.02884,-0.597013,-0.664623,-0.760329,1.83425,-1.41236,1.79353,-1.21542,0.982961,0.677696,-2.15573,1.49507,1.88779,-1.54034,-1.13465,0.78719,0.0170397,-0.677693,2.15572,-1.49507,1.83575,-2.45662,-0.0890474,0.709893])
3.171955453692834
Max g: 0.0003765386913354707
f_27([1.24736e-5,2.76567,-1.80921,0.582451,0.348809,0.0687407,0.277523,-0.735274,1.05219,-0.547043,1.54948,-0.00243867,0.0787512,2.35513,-1.29041,1.59136,-0.766186,-0.168298,-0.527409,0.460733,-2.02884,-0.597013,-0.664624,-0.760329,1.83425,-1.41236,1.79353,-1.21542,0.982961,0.677696,-2.15573,1.49507,1.88779,-1.54034,-1.13465,0.78719,0.0170398,-0.677693,2.15572,-1.49507,1.83575,-2.45662,-0.0890467,0.709893])
3.171955453692834
Max g: 0.0003766448807016598
f_28([1.2476e-5,2.76567,-1.80921,0.582451,0.348809,0.0687407,0.277523,-0.735274,1.05219,-0.547043,1.54948,-0.00243868,0.0787512,2.35513,-1.29041,1.59136,-0.766186,-0.168298,-0.527409,0.460733,-2.02884,-0.597014,-0.664624,-0.760329,1.83425,-1.41236,1.79353,-1.21542,0.982961,0.677696,-2.15573,1.49507,1.88779,-1.54034,-1.13465,0.78719,0.0170398,-0.677693,2.15572,-1.49507,1.83575,-2.45662,-0.0890463,0.709893])
3.171955453692834
Max g: 0.0003767206731268846
f_29([1.24754e-5,2.76567,-1.80921,0.582451,0.348809,0.0687407,0.277523,-0.735274,1.05219,-0.547043,1.54948,-0.00243868,0.0787512,2.35513,-1.29041,1.59136,-0.766186,-0.168298,-0.527409,0.460732,-2.02884,-0.597014,-0.664624,-0.760329,1.83425,-1.41236,1.79353,-1.21542,0.982961,0.677696,-2.15573,1.49507,1.88779,-1.54034,-1.13465,0.78719,0.0170399,-0.677693,2.15572,-1.49507,1.83575,-2.45662,-0.089046,0.709892])
3.171955453692834
Max g: 0.00037676938837249985
f_30([1.24744e-5,2.76567,-1.80921,0.582451,0.348809,0.0687407,0.277523,-0.735274,1.05219,-0.547043,1.54948,-0.00243869,0.0787512,2.35513,-1.29041,1.59136,-0.766186,-0.168298,-0.527409,0.460732,-2.02884,-0.597014,-0.664624,-0.760329,1.83425,-1.41236,1.79353,-1.21542,0.982961,0.677696,-2.15573,1.49507,1.88779,-1.54034,-1.13465,0.78719,0.0170399,-0.677693,2.15572,-1.49507,1.83575,-2.45662,-0.0890458,0.709892])
3.171955453692834
{1.2474443121514332e-5,2.765668896893893,-1.8092097438302774,0.5824507135625445,0.3488085668142222,0.06874071962462491,0.2775229903838762,-0.7352736254735643,1.0521856187474314,-0.547043351341129,1.549482038852671,-0.0024386875070501394,0.07875122913641822,2.3551299973474706,-1.2904077464319095,1.5913646555088174,-0.766185753638906,-0.1682980904106691,-0.5274094620479063,0.4607323480859244,-2.028835876534276,-0.5970138138297723,-0.6646237393390787,-0.7603286699169903,1.8342456371148235,-1.4123555200331068,1.7935275837674653,-1.2154180483621855,0.9829608208355318,0.6776955570971132,-2.1557287376648633,1.4950695952894584,1.8877867722559438,-1.5403395826566881,-1.1346455071767978,0.7871895891261779,0.01703987299661458,-0.6776928112332239,2.1557248437174428,-1.495067352981927,1.8357536614785948,-2.456616301119636,-0.0890458162520139,0.7098921728697594}]
Set[{A021,A031,A032,A041,A042,A043,A121,A131,A132,A141,A142,A143,B021,B031,B032,B041,B042,B043,B121,B131,B132,B141,B142,B143,\[Alpha]1,\[Alpha]2,\[Alpha]3,\[Alpha]4,\[Beta]11,\[Beta]12,\[Beta]13,\[Beta]14,\[Beta]21,\[Beta]22,\[Beta]23,\[Beta]24,\[Beta]31,\[Beta]32,\[Beta]33,\[Beta]34,\[Beta]41,\[Beta]42,\[Beta]43,\[Beta]44},{1.2474443121514332e-5,2.765668896893893,-1.8092097438302774,0.5824507135625445,0.3488085668142222,0.06874071962462491,0.2775229903838762,-0.7352736254735643,1.0521856187474314,-0.547043351341129,1.549482038852671,-0.0024386875070501394,0.07875122913641822,2.3551299973474706,-1.2904077464319095,1.5913646555088174,-0.766185753638906,-0.1682980904106691,-0.5274094620479063,0.4607323480859244,-2.028835876534276,-0.5970138138297723,-0.6646237393390787,-0.7603286699169903,1.8342456371148235,-1.4123555200331068,1.7935275837674653,-1.2154180483621855,0.9829608208355318,0.6776955570971132,-2.1557287376648633,1.4950695952894584,1.8877867722559438,-1.5403395826566881,-1.1346455071767978,0.7871895891261779,0.01703987299661458,-0.6776928112332239,2.1557248437174428,-1.495067352981927,1.8357536614785948,-2.456616301119636,-0.0890458162520139,0.7098921728697594}]

Max g: 0.0003767974261486007
f_31([1.24747e-5,2.76567,-1.80921,0.582451,0.348809,0.0687407,0.277523,-0.735274,1.05219,-0.547043,1.54948,-0.00243869,0.0787512,2.35513,-1.29041,1.59136,-0.766186,-0.168298,-0.527409,0.460732,-2.02884,-0.597014,-0.664624,-0.760329,1.83425,-1.41236,1.79353,-1.21542,0.982961,0.677696,-2.15573,1.49507,1.88779,-1.54034,-1.13465,0.78719,0.0170399,-0.677693,2.15572,-1.49507,1.83575,-2.45662,-0.0890457,0.709892])
3.171955453692834
Max g: 0.00037681434447423
f_32([1.83287e-5,2.76567,-1.80922,0.582448,0.348805,0.0687466,0.277633,-0.735294,1.05217,-0.547071,1.54946,-0.00239199,0.0787446,2.35513,-1.2904,1.59137,-0.766172,-0.168289,-0.5273,0.461131,-2.02887,-0.596686,-0.664452,-0.760527,1.83425,-1.41237,1.79354,-1.21542,0.983054,0.677731,-2.15569,1.49491,1.88798,-1.54019,-1.13521,0.787408,0.0169458,-0.677731,2.15569,-1.49491,1.83615,-2.45683,-0.0898419,0.710504])
3.171955453692834
Max g: 0.00024405290285045567
f_33([9.54969e-6,2.76568,-1.80923,0.582446,0.348801,0.0687526,0.277705,-0.735301,1.05215,-0.54708,1.54946,-0.00238049,0.0787466,2.35512,-1.29039,1.59137,-0.766171,-0.168295,-0.527226,0.461406,-2.0289,-0.596454,-0.664347,-0.760661,1.83425,-1.41238,1.79354,-1.21541,0.983117,0.677753,-2.15566,1.49479,1.88811,-1.54009,-1.13557,0.787548,0.0168791,-0.677751,2.15566,-1.49479,1.83643,-2.45697,-0.0903693,0.710909])
3.171955453692834
Max g: 0.00015477618667225634
{9.639630114734665e-6,2.7656743040604175,-1.8092265767302225,0.582447690963929,0.3487985085638868,0.06875375711455389,0.2777323675470164,-0.7353047214933165,1.05214237812837,-0.5470819802447003,1.5494631389323692,-0.002381158687668376,0.07874719062867522,2.3551206546925463,-1.2903924313238706,1.5913694369516094,-0.7661691084438242,-0.16829634295671317,-0.5271990851214982,0.46150457250490695,-2.028909548897437,-0.5963726215173922,-0.6643059514728908,-0.7607109123510166,1.834250518823183,-1.4123766384608587,1.793536128321229,-1.2154099997415502,0.9831439053856533,0.6777604086085086,-2.155650664736798,1.494745128647074,1.8881629124754082,-1.5400550604409073,-1.1357101502938896,0.7875996415665616,0.016855728822858324,-0.6777603486797695,2.155651023449505,-1.4947453346838728,1.8365254350417355,-2.457023863044351,-0.09056614195196015,0.7110592583954812}]
Set[{A021,A031,A032,A041,A042,A043,A121,A131,A132,A141,A142,A143,B021,B031,B032,B041,B042,B043,B121,B131,B132,B141,B142,B143,\[Alpha]1,\[Alpha]2,\[Alpha]3,\[Alpha]4,\[Beta]11,\[Beta]12,\[Beta]13,\[Beta]14,\[Beta]21,\[Beta]22,\[Beta]23,\[Beta]24,\[Beta]31,\[Beta]32,\[Beta]33,\[Beta]34,\[Beta]41,\[Beta]42,\[Beta]43,\[Beta]44},{9.639630114734665e-6,2.7656743040604175,-1.8092265767302225,0.582447690963929,0.3487985085638868,0.06875375711455389,0.2777323675470164,-0.7353047214933165,1.05214237812837,-0.5470819802447003,1.5494631389323692,-0.002381158687668376,0.07874719062867522,2.3551206546925463,-1.2903924313238706,1.5913694369516094,-0.7661691084438242,-0.16829634295671317,-0.5271990851214982,0.46150457250490695,-2.028909548897437,-0.5963726215173922,-0.6643059514728908,-0.7607109123510166,1.834250518823183,-1.4123766384608587,1.793536128321229,-1.2154099997415502,0.9831439053856533,0.6777604086085086,-2.155650664736798,1.494745128647074,1.8881629124754082,-1.5400550604409073,-1.1357101502938896,0.7875996415665616,0.016855728822858324,-0.6777603486797695,2.155651023449505,-1.4947453346838728,1.8365254350417355,-2.457023863044351,-0.09056614195196015,0.7110592583954812}]


-----------------Final Result------------------
Options: alg=LN_AUGLAG_EQ,dx=0.01,max_eval=100000000,popSize=0
imin=-1,jmin=-4,imax=1,jmax=4,
parameter_minmax=5,
randSeed=8612339,rand_minmax=2,
END_C=true, INEQ_C=true

3396910 steps

Completed with maxf : 3.171955453692834

Constraints at 0.00012234410130895768

x = [9.639630114734665e-6,2.7656743040604175,-1.8092265767302225,0.582447690963929,0.3487985085638868,0.06875375711455389,0.2777323675470164,-0.7353047214933165,1.05214237812837,-0.5470819802447003,1.5494631389323692,-0.002381158687668376,0.07874719062867522,2.3551206546925463,-1.2903924313238706,1.5913694369516094,-0.7661691084438242,-0.16829634295671317,-0.5271990851214982,0.46150457250490695,-2.028909548897437,-0.5963726215173922,-0.6643059514728908,-0.7607109123510166,1.834250518823183,-1.4123766384608587,1.793536128321229,-1.2154099997415502,0.9831439053856533,0.6777604086085086,-2.155650664736798,1.494745128647074,1.8881629124754082,-1.5400550604409073,-1.1357101502938896,0.7875996415665616,0.016855728822858324,-0.6777603486797695,2.155651023449505,-1.4947453346838728,1.8365254350417355,-2.457023863044351,-0.09056614195196015,0.7110592583954812]
c0 = [0.0,9.639630114734665e-6,0.956447727330195,0.9999999566423696]
c1 = [0.0,0.2777323675470164,0.3168376566350536,1.0000000000000004]
A0 = [0.0,9.639630114734665e-6,2.7656743040604175,0.582447690963929,0.0,0.0,-1.8092265767302225,0.3487985085638868,0.0,0.0,0.0,0.06875375711455389,0.0,0.0,0.0,0.0]
A1 = [0.0,0.2777323675470164,-0.7353047214933165,-0.5470819802447003,0.0,0.0,1.05214237812837,1.5494631389323692,0.0,0.0,0.0,-0.002381158687668376,0.0,0.0,0.0,0.0]
B0 = [0.0,0.07874719062867522,2.3551206546925463,1.5913694369516094,0.0,0.0,-1.2903924313238706,-0.7661691084438242,0.0,0.0,0.0,-0.16829634295671317,0.0,0.0,0.0,0.0]
B1 = [0.0,-0.5271990851214982,0.46150457250490695,-0.5963726215173922,0.0,0.0,-2.028909548897437,-0.6643059514728908,0.0,0.0,0.0,-0.7607109123510166,0.0,0.0,0.0,0.0]
α  = [1.834250518823183,-1.4123766384608587,1.793536128321229,-1.2154099997415502]
β1 = [0.9831439053856533,0.6777604086085086,-2.155650664736798,1.494745128647074]
β2 = [1.8881629124754082,-1.5400550604409073,-1.1357101502938896,0.7875996415665616]
β3 = [0.016855728822858324,-0.6777603486797695,2.155651023449505,-1.4947453346838728]
β4 = [1.8365254350417355,-2.457023863044351,-0.09056614195196015,0.7110592583954812]


Set[{A021,A031,A032,A041,A042,A043,A121,A131,A132,A141,A142,A143,B021,B031,B032,B041,B042,B043,B121,B131,B132,B141,B142,B143,\[Alpha]1,\[Alpha]2,\[Alpha]3,\[Alpha]4,\[Beta]11,\[Beta]12,\[Beta]13,\[Beta]14,\[Beta]21,\[Beta]22,\[Beta]23,\[Beta]24,\[Beta]31,\[Beta]32,\[Beta]33,\[Beta]34,\[Beta]41,\[Beta]42,\[Beta]43,\[Beta]44},{9.639630114734665e-6,2.7656743040604175,-1.8092265767302225,0.582447690963929,0.3487985085638868,0.06875375711455389,0.2777323675470164,-0.7353047214933165,1.05214237812837,-0.5470819802447003,1.5494631389323692,-0.002381158687668376,0.07874719062867522,2.3551206546925463,-1.2903924313238706,1.5913694369516094,-0.7661691084438242,-0.16829634295671317,-0.5271990851214982,0.46150457250490695,-2.028909548897437,-0.5963726215173922,-0.6643059514728908,-0.7607109123510166,1.834250518823183,-1.4123766384608587,1.793536128321229,-1.2154099997415502,0.9831439053856533,0.6777604086085086,-2.155650664736798,1.494745128647074,1.8881629124754082,-1.5400550604409073,-1.1357101502938896,0.7875996415665616,0.016855728822858324,-0.6777603486797695,2.155651023449505,-1.4947453346838728,1.8365254350417355,-2.457023863044351,-0.09056614195196015,0.7110592583954812}]



