
-----------------Setup------------------
Options: alg=GN_ISRES,dx=0.01,max_eval=100000000,popSize=0
imin=-1,jmin=-4,imax=1,jmax=4,
parameter_minmax=5,
randSeed=8783261, rand_minmax=1,
END_C=true, INEQ_C=true

Initial Condition:

[-0.196094,0.792815,-0.46057,0.90191,-0.284024,-0.424072,-0.861661,0.679583,0.332099,0.324795,-0.647546,0.26971,-0.816304,-0.940417,-0.676687,0.698674,-0.568507,0.580066,-0.629785,0.961242,0.587158,-0.126595,-0.0617928,0.964342,-0.392238,-0.242762,-0.323038,-0.268599,0.806052,-0.0996295,-0.0264393,0.383284,0.23035,0.880284,0.0405285,-0.484703,-0.388257,-0.388133,-0.0236672,0.163433,-0.666347,-0.218145,0.19153,0.178291]

f_1([0.287256,4.06853,-3.25857,1.96069,-4.04968,2.77069,-0.0835438,-1.90611,-1.4212,4.33247,-3.09756,-1.08717,0.451857,3.22101,-2.53574,-2.12839,-0.447151,3.51691,0.241434,-1.816,0.77094,-0.448724,0.574419,-0.746032,3.2604,-1.09538,0.0492676,-0.467962,-2.61968,1.30827,0.106574,0.940087,-2.25779,1.07686,0.970196,0.389808,-1.01622,-0.34271,-0.53438,0.412632,-0.000276795,0.943307,-0.247927,-0.260798])
1.2547499704970777
Max g: 2.8676359496810413
f_2([-0.182183,2.51965,-2.38303,-0.0447033,-3.5349,3.76748,-0.213098,-0.83305,0.847177,-1.95859,2.75318,0.11042,1.29497,0.22041,-1.1127,-2.58305,-1.20373,4.65915,-0.0466067,2.96898,-2.20506,-1.37213,2.9711,-1.93934,-0.239325,0.486298,0.0776001,0.0778474,1.08915,-1.04019,0.227869,0.159149,1.39923,-0.55527,0.239205,0.176196,0.579143,0.651527,-1.0119,-0.159663,-0.216417,-0.0423848,0.827014,0.288996])
3.80380246085428
Max g: 1.2593631082076056
f_3([0.474542,3.17304,-3.0508,0.160336,-2.31067,2.76666,-0.0925564,-1.01104,2.01995,-2.12827,2.7787,0.551726,1.34087,1.53505,-1.55544,-2.03561,-0.559686,2.21759,-0.429304,4.15708,-2.61116,-4.38391,2.91201,0.168162,-0.610483,0.616367,0.277486,0.408237,0.0271219,0.311965,0.256915,0.191423,-0.0578203,-0.491833,0.227677,0.0576134,0.478822,0.47518,-0.412084,-0.305998,-2.49297,1.84464,0.348149,-0.0434298])
4.175775305743443
Max g: 0.5513946689028522
f_4([0.345339,3.7444,-3.60687,0.0714036,-3.86708,4.30265,-0.167022,-0.447739,1.51545,-1.50947,2.55446,0.0487821,0.238863,4.61091,-2.80864,-2.63331,-0.60487,3.38974,-0.723959,3.25246,-1.5911,-3.78642,2.59854,0.259069,-0.709081,0.941914,0.377658,0.236223,0.120681,0.0128691,0.221659,0.212248,0.555248,-0.761612,0.100386,-0.0144569,0.562216,-0.0796359,-0.341019,-0.206944,-1.81973,1.66743,0.507814,-0.277682])
5.840361239992298
Max g: 0.42284089185646867
f_5([0.38074,3.79348,-3.46004,-0.0829605,-4.02995,4.56621,-0.0397831,-0.228595,1.34248,-1.37872,2.5506,-0.0851279,-0.00510015,4.0592,-2.31538,-2.30777,-0.841769,3.14369,-0.65718,3.11256,-1.5525,-3.72993,2.69694,0.602511,-0.487385,0.568023,0.463165,0.358274,-0.155871,0.299111,0.317969,0.443407,0.76269,-0.919486,0.134201,-0.0539023,0.851747,-0.386669,-0.312867,-0.208484,-1.78825,1.65847,0.566186,-0.461208])
4.292346010273228
Max g: 0.44031587984548515
f_6([0.375248,3.78462,-3.47586,-0.146441,-3.91951,4.5882,0.0770225,-0.315001,1.41611,-1.32932,2.5674,-0.137577,0.164434,3.90023,-2.2021,-1.92612,-0.796696,3.07613,-0.664589,2.97937,-1.41704,-3.92808,2.70327,0.705336,-0.405162,0.479482,0.478164,0.334043,-0.23565,0.349951,0.31505,0.497413,0.782117,-1.01914,0.157196,-0.000760028,1.01803,-0.450078,-0.300926,-0.280906,-1.69151,1.84093,0.558984,-0.636311])
3.955155558040012
Max g: 0.3248415982936287
f_7([0.368573,3.85904,-3.57576,-0.180013,-4.00524,4.6897,0.09036,-0.35274,1.32257,-1.37069,2.52485,-0.155325,0.185047,4.20396,-2.56579,-2.17837,-0.829835,3.1321,-0.668281,3.01463,-1.48126,-3.85658,2.72135,0.787641,-0.30926,0.511291,0.509075,0.338097,-0.392256,0.384739,0.331841,0.574254,0.810624,-1.00365,0.158914,0.0182702,1.40047,-0.432011,-0.323239,-0.580934,-1.53968,1.63949,0.557281,-0.673129])
3.9932174334320902
Max g: 0.14614805004915726
f_8([0.384685,3.88527,-3.541,-0.132979,-4.06487,4.71366,0.0939192,-0.283165,1.28973,-1.36763,2.53091,-0.153199,0.170573,4.23632,-2.59448,-2.24182,-0.784068,3.20415,-0.666964,3.0085,-1.46561,-3.82475,2.72126,0.809068,-0.376471,0.483045,0.52403,0.341989,-0.359945,0.43612,0.315963,0.603075,0.853093,-1.02311,0.166008,0.00516956,1.34012,-0.425518,-0.322754,-0.614599,-1.47957,1.62137,0.557858,-0.717271])
3.911429121558251
Max g: 0.15934443976743942
f_9([0.348142,3.89532,-3.56075,-0.138794,-4.03278,4.67126,0.123756,-0.299614,1.27692,-1.35451,2.51565,-0.1558,0.1312,4.27733,-2.61093,-2.24154,-0.757373,3.19218,-0.662667,3.02656,-1.47543,-3.84311,2.72059,0.80238,-0.271915,0.365259,0.528656,0.357712,-0.355626,0.429487,0.318013,0.609034,0.881359,-1.07613,0.170368,0.0223729,1.35595,-0.42538,-0.316164,-0.614442,-1.4708,1.66217,0.557807,-0.736846])
3.7300637884236743
Max g: 0.15408226952353835
f_10([0.347274,3.90211,-3.54845,-0.160391,-4.05676,4.72292,0.172251,-0.297885,1.25472,-1.34976,2.53559,-0.193173,0.104053,4.30195,-2.64092,-2.24406,-0.734686,3.22535,-0.648904,3.03762,-1.47243,-3.82341,2.72881,0.783835,-0.269407,0.363429,0.537372,0.361632,-0.403395,0.449116,0.315644,0.596065,0.869666,-1.1188,0.174048,0.0572066,1.36833,-0.44242,-0.315414,-0.61636,-1.45946,1.71848,0.558919,-0.820186])
3.5748349389134226
{0.3472738048920746,3.902110776541797,-3.548454857867586,-0.16039082124633847,-4.056755822414804,4.7229152308770175,0.1722511393259427,-0.29788526271044824,1.254718407312655,-1.3497633668382656,2.5355933776648802,-0.19317264521659866,0.10405262180092405,4.3019514278859505,-2.6409177373332833,-2.2440617555734463,-0.7346864295116887,3.2253544737188644,-0.6489042226378374,3.03762180486966,-1.4724256028474236,-3.8234110980660843,2.7288051618283773,0.7838354871551027,-0.2694067527564576,0.36342869792905447,0.5373721733668821,0.3616316051036386,-0.4033954449164545,0.4491157516208747,0.3156438520234995,0.5960648473852879,0.8696655754230289,-1.1187990050751249,0.17404784638705767,0.05720662756659743,1.3683288817188917,-0.4424202040627628,-0.3154142768510414,-0.6163602742028584,-1.4594558182620148,1.7184821017975551,0.5589186580358729,-0.820185922149823}]
Set[{A021,A031,A032,A041,A042,A043,A121,A131,A132,A141,A142,A143,B021,B031,B032,B041,B042,B043,B121,B131,B132,B141,B142,B143,\[Alpha]1,\[Alpha]2,\[Alpha]3,\[Alpha]4,\[Beta]11,\[Beta]12,\[Beta]13,\[Beta]14,\[Beta]21,\[Beta]22,\[Beta]23,\[Beta]24,\[Beta]31,\[Beta]32,\[Beta]33,\[Beta]34,\[Beta]41,\[Beta]42,\[Beta]43,\[Beta]44},{0.3472738048920746,3.902110776541797,-3.548454857867586,-0.16039082124633847,-4.056755822414804,4.7229152308770175,0.1722511393259427,-0.29788526271044824,1.254718407312655,-1.3497633668382656,2.5355933776648802,-0.19317264521659866,0.10405262180092405,4.3019514278859505,-2.6409177373332833,-2.2440617555734463,-0.7346864295116887,3.2253544737188644,-0.6489042226378374,3.03762180486966,-1.4724256028474236,-3.8234110980660843,2.7288051618283773,0.7838354871551027,-0.2694067527564576,0.36342869792905447,0.5373721733668821,0.3616316051036386,-0.4033954449164545,0.4491157516208747,0.3156438520234995,0.5960648473852879,0.8696655754230289,-1.1187990050751249,0.17404784638705767,0.05720662756659743,1.3683288817188917,-0.4424202040627628,-0.3154142768510414,-0.6163602742028584,-1.4594558182620148,1.7184821017975551,0.5589186580358729,-0.820185922149823}]

Max g: 0.13518294948734744
f_11([0.345284,3.90774,-3.57098,-0.128439,-4.07538,4.71163,0.228133,-0.326392,1.23486,-1.33946,2.53525,-0.194808,0.0414355,4.29531,-2.66836,-2.24655,-0.745776,3.21065,-0.63639,3.03402,-1.4756,-3.85021,2.75425,0.79202,-0.296405,0.34809,0.560407,0.377734,-0.399084,0.49387,0.30874,0.592579,0.84794,-1.16495,0.184277,0.135568,1.36556,-0.45908,-0.310521,-0.603932,-1.45816,1.79938,0.560934,-0.920301])
3.2527499829193607
Max g: 0.10275834037713905
f_12([0.329819,3.89872,-3.57361,-0.141825,-4.05543,4.69903,0.279979,-0.367113,1.20281,-1.34527,2.53959,-0.194306,0.0522761,4.30192,-2.67829,-2.28724,-0.749452,3.22126,-0.626038,3.03217,-1.46838,-3.8097,2.73941,0.783908,-0.300517,0.335162,0.56276,0.394408,-0.418663,0.493901,0.313702,0.590255,0.839562,-1.21177,0.179377,0.194543,1.3868,-0.487827,-0.309542,-0.606647,-1.41078,1.8189,0.558999,-0.963968])
3.0094719908571994
Max g: 0.06974202443979896
f_13([0.338503,3.90851,-3.57517,-0.127287,-4.06865,4.69579,0.283763,-0.361338,1.19648,-1.34583,2.53879,-0.19107,0.101487,4.30168,-2.67034,-2.36616,-0.745589,3.23539,-0.618273,3.03089,-1.46676,-3.8154,2.76857,0.774151,-0.291585,0.336127,0.563022,0.38438,-0.415329,0.517663,0.311439,0.586038,0.844853,-1.2302,0.17942,0.211222,1.41409,-0.514741,-0.311667,-0.583191,-1.41327,1.843,0.558638,-0.985507])
2.9520313538425227
Max g: 0.05691629576572582
f_14([0.349828,3.91833,-3.5757,-0.117354,-4.08482,4.70074,0.3037,-0.393634,1.19343,-1.34352,2.54012,-0.191219,0.115048,4.28925,-2.67318,-2.35251,-0.742293,3.20877,-0.612665,3.03124,-1.46509,-3.81066,2.77293,0.769298,-0.300763,0.351459,0.567115,0.373028,-0.430387,0.537893,0.310733,0.580656,0.839443,-1.27591,0.18147,0.251794,1.41648,-0.532559,-0.310293,-0.582823,-1.41387,1.86326,0.559098,-1.00541])
2.943882336134558
Max g: 0.038492148863690026
f_15([0.345029,3.91737,-3.57947,-0.116311,-4.08587,4.7027,0.323877,-0.426552,1.19666,-1.34354,2.54085,-0.193359,0.124888,4.29964,-2.68491,-2.35782,-0.750956,3.19395,-0.60794,3.0315,-1.46485,-3.81062,2.77988,0.767264,-0.303075,0.353422,0.572488,0.369326,-0.424868,0.541611,0.309605,0.579445,0.826766,-1.28937,0.182269,0.281006,1.42929,-0.543056,-0.310193,-0.581175,-1.40935,1.89092,0.559312,-1.03925])
2.901249060564841
Max g: 0.025197363569556736
f_16([0.341701,3.91696,-3.57876,-0.114066,-4.09056,4.70447,0.334509,-0.434522,1.18279,-1.34322,2.54109,-0.197894,0.114348,4.29096,-2.68782,-2.37089,-0.759089,3.21817,-0.604202,3.03155,-1.46334,-3.81182,2.78062,0.76655,-0.298261,0.341081,0.580285,0.371402,-0.439113,0.54701,0.309951,0.578596,0.820178,-1.3111,0.183791,0.302593,1.43434,-0.547434,-0.310201,-0.582077,-1.41831,1.91361,0.559328,-1.05799])
2.8923050167390265
Max g: 0.01787513818094949
f_17([0.341673,3.9176,-3.57933,-0.105688,-4.09513,4.7015,0.346188,-0.445336,1.17741,-1.34091,2.54071,-0.199445,0.111615,4.28973,-2.68801,-2.37424,-0.804132,3.27323,-0.600907,3.03135,-1.46264,-3.81327,2.78121,0.765192,-0.301199,0.34883,0.581133,0.3703,-0.439027,0.549004,0.309265,0.579678,0.819518,-1.3269,0.183616,0.326305,1.43888,-0.547683,-0.309718,-0.582208,-1.41976,1.94012,0.559413,-1.08])
2.8579201371420053
Max g: 0.007729590219585164
f_18([0.340588,3.92034,-3.57917,-0.106859,-4.09536,4.70132,0.35263,-0.447907,1.17029,-1.339,2.5406,-0.20093,0.109789,4.29047,-2.68798,-2.38028,-0.800658,3.25961,-0.599865,3.03081,-1.46153,-3.81285,2.77948,0.765103,-0.29748,0.343657,0.581843,0.370424,-0.438437,0.548213,0.309178,0.581288,0.811505,-1.33525,0.184574,0.33856,1.43921,-0.547908,-0.309256,-0.582655,-1.41853,1.95006,0.5594,-1.09093])
2.83804448419575
Max g: 0.0038321131907821104
f_19([0.340146,3.91837,-3.579,-0.107577,-4.0947,4.7025,0.355301,-0.447737,1.16616,-1.33957,2.54077,-0.200713,0.104019,4.28892,-2.68736,-2.38454,-0.813853,3.285,-0.599403,3.03068,-1.46141,-3.81275,2.77964,0.764797,-0.297101,0.342463,0.581917,0.371795,-0.440086,0.548397,0.309223,0.582312,0.80883,-1.33717,0.184774,0.343084,1.43972,-0.547524,-0.309222,-0.583558,-1.41784,1.95239,0.559194,-1.09405])
2.832976192694455
Max g: 0.0019948095557792977
f_20([0.340406,3.91901,-3.57898,-0.10768,-4.09494,4.70231,0.35683,-0.448398,1.16388,-1.33985,2.54077,-0.200797,0.102344,4.2895,-2.68879,-2.3918,-0.81103,3.28908,-0.599432,3.03043,-1.46133,-3.81301,2.77993,0.765424,-0.29588,0.341316,0.582893,0.371066,-0.441235,0.549107,0.309164,0.582426,0.808282,-1.33746,0.184823,0.344883,1.44032,-0.548213,-0.309185,-0.583299,-1.41611,1.95278,0.559178,-1.09615])
2.831088005664561
{0.34040608520732707,3.919009858871598,-3.5789832189228434,-0.10768005265418544,-4.094939662390812,4.702308423984222,0.3568301722492155,-0.44839780371045107,1.1638806111413063,-1.339848229177688,2.5407703453623838,-0.20079682017698486,0.10234407164796945,4.289501968199678,-2.688785192769206,-2.391802249082397,-0.8110297413538281,3.289078000015213,-0.5994323142814564,3.030426912840625,-1.4613288645905154,-3.8130054691906032,2.779929573369334,0.7654241087305155,-0.2958803751897707,0.3413158387589089,0.5828934532994611,0.3710661780544427,-0.44123533357414413,0.549107166848523,0.30916399584938625,0.5824258808202598,0.808282219689056,-1.3374634153171876,0.18482274445915378,0.34488273247499324,1.4403195676713323,-0.5482132326413751,-0.30918523289763716,-0.5832985596841765,-1.4161108290560698,1.9527766997381708,0.5591775014150583,-1.0961527315816482}]
Set[{A021,A031,A032,A041,A042,A043,A121,A131,A132,A141,A142,A143,B021,B031,B032,B041,B042,B043,B121,B131,B132,B141,B142,B143,\[Alpha]1,\[Alpha]2,\[Alpha]3,\[Alpha]4,\[Beta]11,\[Beta]12,\[Beta]13,\[Beta]14,\[Beta]21,\[Beta]22,\[Beta]23,\[Beta]24,\[Beta]31,\[Beta]32,\[Beta]33,\[Beta]34,\[Beta]41,\[Beta]42,\[Beta]43,\[Beta]44},{0.34040608520732707,3.919009858871598,-3.5789832189228434,-0.10768005265418544,-4.094939662390812,4.702308423984222,0.3568301722492155,-0.44839780371045107,1.1638806111413063,-1.339848229177688,2.5407703453623838,-0.20079682017698486,0.10234407164796945,4.289501968199678,-2.688785192769206,-2.391802249082397,-0.8110297413538281,3.289078000015213,-0.5994323142814564,3.030426912840625,-1.4613288645905154,-3.8130054691906032,2.779929573369334,0.7654241087305155,-0.2958803751897707,0.3413158387589089,0.5828934532994611,0.3710661780544427,-0.44123533357414413,0.549107166848523,0.30916399584938625,0.5824258808202598,0.808282219689056,-1.3374634153171876,0.18482274445915378,0.34488273247499324,1.4403195676713323,-0.5482132326413751,-0.30918523289763716,-0.5832985596841765,-1.4161108290560698,1.9527766997381708,0.5591775014150583,-1.0961527315816482}]

Max g: 0.0014061540886009527
f_21([0.340391,3.91944,-3.57898,-0.107779,-4.09415,4.70176,0.356814,-0.448477,1.16417,-1.34009,2.54077,-0.200602,0.102051,4.28953,-2.6893,-2.38989,-0.810987,3.28684,-0.599292,3.03056,-1.46132,-3.81311,2.77996,0.765287,-0.294795,0.340094,0.583202,0.371485,-0.44112,0.54908,0.309131,0.582456,0.807842,-1.33845,0.184915,0.345669,1.44072,-0.54849,-0.309188,-0.583007,-1.41626,1.95427,0.559189,-1.09724])
2.8281066577226226
Max g: 0.0011721575320461641
f_22([0.340886,3.91979,-3.579,-0.107822,-4.09486,4.70268,0.357395,-0.448219,1.16246,-1.34008,2.54078,-0.200606,0.101555,4.29063,-2.69026,-2.3925,-0.807827,3.2865,-0.599207,3.03035,-1.46128,-3.81323,2.78009,0.765418,-0.294337,0.340175,0.583302,0.370739,-0.441508,0.549351,0.309136,0.582697,0.807295,-1.33903,0.185039,0.346762,1.44074,-0.548799,-0.309126,-0.58284,-1.41616,1.95489,0.559209,-1.09804])
2.8280072794578914
Max g: 0.0008286936784539511
f_23([0.34087,3.91983,-3.57899,-0.107782,-4.09413,4.70196,0.358205,-0.448375,1.16124,-1.33984,2.54078,-0.20084,0.10216,4.29034,-2.68995,-2.39281,-0.806482,3.28562,-0.599152,3.03046,-1.46132,-3.81316,2.77994,0.765427,-0.293822,0.339865,0.583198,0.370641,-0.441187,0.54912,0.309137,0.58281,0.806523,-1.33957,0.185131,0.348,1.44081,-0.548831,-0.309138,-0.582942,-1.41587,1.95545,0.559169,-1.09878])
2.8259203358985348
Max g: 0.00043104534080942725
f_24([0.340938,3.91986,-3.57899,-0.107752,-4.09427,4.702,0.358481,-0.448424,1.16069,-1.3399,2.54078,-0.200829,0.101696,4.29018,-2.68987,-2.39278,-0.806959,3.28619,-0.59911,3.03049,-1.46131,-3.81314,2.77998,0.765463,-0.293857,0.339979,0.583258,0.370532,-0.441217,0.549193,0.309141,0.582896,0.80631,-1.33999,0.185136,0.348626,1.44101,-0.549013,-0.309086,-0.582944,-1.41556,1.95566,0.55916,-1.09921])
2.8252246880454157
Max g: 0.00019550287432165692
f_25([0.340953,3.91987,-3.57899,-0.107749,-4.09432,4.70209,0.358663,-0.448411,1.16029,-1.33985,2.54078,-0.200907,0.101926,4.29009,-2.68982,-2.3928,-0.807261,3.28631,-0.599099,3.03048,-1.4613,-3.81316,2.78,0.765482,-0.29383,0.339968,0.583279,0.370519,-0.44127,0.549235,0.309131,0.582919,0.806014,-1.34002,0.185164,0.348832,1.44117,-0.549091,-0.309108,-0.582978,-1.41541,1.95571,0.559154,-1.09943])
2.8251253097806845
Max g: 0.00013520112096396253
f_26([0.340946,3.91991,-3.57899,-0.107749,-4.09436,4.70212,0.358734,-0.44843,1.16018,-1.33987,2.54077,-0.20089,0.101834,4.29012,-2.68984,-2.39308,-0.807187,3.28662,-0.599103,3.03049,-1.4613,-3.81317,2.77999,0.76552,-0.293791,0.339958,0.583281,0.370506,-0.441274,0.549186,0.309113,0.582953,0.805927,-1.34005,0.185164,0.348974,1.44122,-0.549126,-0.309114,-0.582987,-1.41533,1.95574,0.559148,-1.09956])
2.8247277967217594
Max g: 9.097988350234565e-5
f_27([0.340962,3.91995,-3.57901,-0.107748,-4.09434,4.70208,0.358838,-0.448441,1.15999,-1.33988,2.54077,-0.20089,0.101886,4.29008,-2.68981,-2.39337,-0.807092,3.28666,-0.599099,3.03046,-1.46128,-3.81311,2.77998,0.765519,-0.293747,0.339966,0.583286,0.370474,-0.441295,0.549222,0.309105,0.582961,0.805791,-1.34008,0.185174,0.349109,1.44131,-0.549237,-0.309115,-0.582944,-1.41522,1.95572,0.559146,-1.09966])
2.8246284184570283
Max g: 3.716879169429754e-5
f_28([0.340947,3.91995,-3.579,-0.107749,-4.09435,4.7021,0.358879,-0.448432,1.15991,-1.33987,2.54078,-0.200898,0.101887,4.29008,-2.68981,-2.39318,-0.807129,3.28656,-0.5991,3.03046,-1.46128,-3.81313,2.77998,0.765539,-0.293706,0.33996,0.583285,0.370455,-0.441306,0.549227,0.309111,0.582967,0.805746,-1.34012,0.185181,0.349186,1.4413,-0.549244,-0.309109,-0.582954,-1.41522,1.95573,0.559147,-1.09967])
2.8245290401922967
Max g: 1.8547474342822667e-5
f_29([0.340935,3.91992,-3.57898,-0.107749,-4.09434,4.70209,0.358896,-0.44844,1.15987,-1.33987,2.54077,-0.200904,0.101872,4.29008,-2.6898,-2.39316,-0.807162,3.28661,-0.599099,3.03046,-1.46128,-3.81313,2.77998,0.765547,-0.293697,0.339958,0.583278,0.370463,-0.44131,0.549229,0.309111,0.582968,0.80572,-1.34012,0.185187,0.349215,1.44131,-0.54923,-0.309112,-0.582969,-1.4152,1.95574,0.559148,-1.0997])
2.8245290401922967
Max g: 1.3882472123333267e-5
f_30([0.340929,3.91992,-3.57898,-0.107749,-4.09435,4.7021,0.358906,-0.448435,1.15985,-1.33987,2.54078,-0.200905,0.101873,4.29008,-2.6898,-2.39316,-0.807206,3.28661,-0.599099,3.03046,-1.46128,-3.81313,2.77998,0.76555,-0.293707,0.339953,0.583279,0.370475,-0.441312,0.549232,0.309111,0.58297,0.8057,-1.34012,0.185187,0.349236,1.44131,-0.549235,-0.309111,-0.582969,-1.41518,1.95575,0.55915,-1.09972])
2.8245290401922967
{0.3409291210311697,3.919917145114951,-3.578978671065799,-0.10774909320870571,-4.094346792556447,4.702095545990192,0.35890583630382805,-0.44843529942185617,1.1598507736276789,-1.3398699250840989,2.5407755933948675,-0.20090460908275545,0.10187319936564677,4.290083562056644,-2.6898027668181292,-2.3931560069471067,-0.8072056764281907,3.2866114368916555,-0.5990987975622337,3.0304556779378835,-1.4612842793823542,-3.8131298735757406,2.779979363273732,0.7655502041773786,-0.29370691729944975,0.33995288184589484,0.5832785480912311,0.3704750852813564,-0.441311742723729,0.5492321796649235,0.30911100463706165,0.5829699492044483,0.8057002819673013,-1.3401238979460819,0.18518675394449663,0.34923552686229264,1.4413144147755244,-0.549234980761381,-0.309110886829566,-0.5829694587039902,-1.4151811378655879,1.9557484170302883,0.5591497498072543,-1.0997163277977362}]
Set[{A021,A031,A032,A041,A042,A043,A121,A131,A132,A141,A142,A143,B021,B031,B032,B041,B042,B043,B121,B131,B132,B141,B142,B143,\[Alpha]1,\[Alpha]2,\[Alpha]3,\[Alpha]4,\[Beta]11,\[Beta]12,\[Beta]13,\[Beta]14,\[Beta]21,\[Beta]22,\[Beta]23,\[Beta]24,\[Beta]31,\[Beta]32,\[Beta]33,\[Beta]34,\[Beta]41,\[Beta]42,\[Beta]43,\[Beta]44},{0.3409291210311697,3.919917145114951,-3.578978671065799,-0.10774909320870571,-4.094346792556447,4.702095545990192,0.35890583630382805,-0.44843529942185617,1.1598507736276789,-1.3398699250840989,2.5407755933948675,-0.20090460908275545,0.10187319936564677,4.290083562056644,-2.6898027668181292,-2.3931560069471067,-0.8072056764281907,3.2866114368916555,-0.5990987975622337,3.0304556779378835,-1.4612842793823542,-3.8131298735757406,2.779979363273732,0.7655502041773786,-0.29370691729944975,0.33995288184589484,0.5832785480912311,0.3704750852813564,-0.441311742723729,0.5492321796649235,0.30911100463706165,0.5829699492044483,0.8057002819673013,-1.3401238979460819,0.18518675394449663,0.34923552686229264,1.4413144147755244,-0.549234980761381,-0.309110886829566,-0.5829694587039902,-1.4151811378655879,1.9557484170302883,0.5591497498072543,-1.0997163277977362}]

Max g: 6.307885064504859e-6
f_31([0.340936,3.91992,-3.57897,-0.107749,-4.09435,4.7021,0.358915,-0.448439,1.15984,-1.33988,2.54077,-0.200897,0.101872,4.29008,-2.6898,-2.39315,-0.807199,3.28661,-0.599099,3.03046,-1.46129,-3.81313,2.77998,0.765553,-0.293701,0.339952,0.583279,0.370472,-0.441312,0.549234,0.30911,0.582968,0.805691,-1.34013,0.185187,0.349249,1.44131,-0.549236,-0.30911,-0.582968,-1.41517,1.95575,0.559149,-1.09973])
2.8245290401922967
Max g: 2.2910555896871188e-6
f_32([0.340934,3.91992,-3.57898,-0.107749,-4.09435,4.7021,0.358917,-0.448441,1.15984,-1.33988,2.54077,-0.200897,0.101873,4.29008,-2.6898,-2.39315,-0.807209,3.28662,-0.599098,3.03046,-1.46128,-3.81313,2.77998,0.765552,-0.293702,0.339952,0.583279,0.370473,-0.441314,0.549235,0.309111,0.582969,0.805688,-1.34013,0.185187,0.349253,1.44131,-0.549235,-0.30911,-0.582968,-1.41517,1.95575,0.559149,-1.09973])
2.8245290401922967
Max g: 7.522486084043933e-7
f_33([0.340935,3.91992,-3.57898,-0.107749,-4.09435,4.7021,0.358918,-0.448441,1.15984,-1.33988,2.54077,-0.200897,0.101874,4.29008,-2.6898,-2.39315,-0.80721,3.28662,-0.599098,3.03046,-1.46128,-3.81313,2.77998,0.765553,-0.293703,0.339952,0.583279,0.370472,-0.441315,0.549236,0.30911,0.582969,0.805687,-1.34013,0.185187,0.349255,1.44131,-0.549236,-0.30911,-0.582969,-1.41517,1.95575,0.559149,-1.09973])
2.8245290401922967
Max g: 3.1615095488768397e-7
{0.3409356292200238,3.9199165449787716,-3.578977902961301,-0.10774908632855627,-4.0943473196234565,4.702096433864443,0.3589185282101317,-0.44844145249019396,1.1598391781809558,-1.3398774543699807,2.5407746829372146,-0.2008972223222045,0.1018746242771824,4.29008127809457,-2.6898019468980947,-2.393147633477523,-0.8072080559624347,3.2866200882969343,-0.5990982431882601,3.030456987762678,-1.4612842581974992,-3.813129814284638,2.7799787318753215,0.7655529124812067,-0.2937026163333018,0.33995159565833005,0.5832787459719384,0.37047215163747427,-0.44131473625784595,0.5492359132703618,0.3091103502635549,0.5829685332399116,0.80568633617179,-1.340129020666556,0.18518743313317426,0.3492551471027067,1.4413146782999229,-0.5492356931760923,-0.30911034736908993,-0.5829687075764138,-1.4151685753869503,1.9557527635669643,0.5591490542702352,-1.0997332104388347}]
Set[{A021,A031,A032,A041,A042,A043,A121,A131,A132,A141,A142,A143,B021,B031,B032,B041,B042,B043,B121,B131,B132,B141,B142,B143,\[Alpha]1,\[Alpha]2,\[Alpha]3,\[Alpha]4,\[Beta]11,\[Beta]12,\[Beta]13,\[Beta]14,\[Beta]21,\[Beta]22,\[Beta]23,\[Beta]24,\[Beta]31,\[Beta]32,\[Beta]33,\[Beta]34,\[Beta]41,\[Beta]42,\[Beta]43,\[Beta]44},{0.3409356292200238,3.9199165449787716,-3.578977902961301,-0.10774908632855627,-4.0943473196234565,4.702096433864443,0.3589185282101317,-0.44844145249019396,1.1598391781809558,-1.3398774543699807,2.5407746829372146,-0.2008972223222045,0.1018746242771824,4.29008127809457,-2.6898019468980947,-2.393147633477523,-0.8072080559624347,3.2866200882969343,-0.5990982431882601,3.030456987762678,-1.4612842581974992,-3.813129814284638,2.7799787318753215,0.7655529124812067,-0.2937026163333018,0.33995159565833005,0.5832787459719384,0.37047215163747427,-0.44131473625784595,0.5492359132703618,0.3091103502635549,0.5829685332399116,0.80568633617179,-1.340129020666556,0.18518743313317426,0.3492551471027067,1.4413146782999229,-0.5492356931760923,-0.30911034736908993,-0.5829687075764138,-1.4151685753869503,1.9557527635669643,0.5591490542702352,-1.0997332104388347}]


-----------------Final Result------------------
Options: alg=GN_ISRES,dx=0.01,max_eval=100000000,popSize=0
imin=-1,jmin=-4,imax=1,jmax=4,
parameter_minmax=5,
randSeed=8783261,rand_minmax=1,
END_C=true, INEQ_C=true

3348731 steps

Completed with maxf : 2.8245290401922967

Constraints at 1.5284728660525104e-7

x = [0.3409356292200238,3.9199165449787716,-3.578977902961301,-0.10774908632855627,-4.0943473196234565,4.702096433864443,0.3589185282101317,-0.44844145249019396,1.1598391781809558,-1.3398774543699807,2.5407746829372146,-0.2008972223222045,0.1018746242771824,4.29008127809457,-2.6898019468980947,-2.393147633477523,-0.8072080559624347,3.2866200882969343,-0.5990982431882601,3.030456987762678,-1.4612842581974992,-3.813129814284638,2.7799787318753215,0.7655529124812067,-0.2937026163333018,0.33995159565833005,0.5832787459719384,0.37047215163747427,-0.44131473625784595,0.5492359132703618,0.3091103502635549,0.5829685332399116,0.80568633617179,-1.340129020666556,0.18518743313317426,0.3492551471027067,1.4413146782999229,-0.5492356931760923,-0.30911034736908993,-0.5829687075764138,-1.4151685753869503,1.9557527635669643,0.5591490542702352,-1.0997332104388347]
c0 = [0.0,0.3409356292200238,0.3409386420174707,0.5000000279124306]
c1 = [0.0,0.3589185282101317,0.7113977256907619,1.0000000062450294]
A0 = [0.0,0.3409356292200238,3.9199165449787716,-0.10774908632855627,0.0,0.0,-3.578977902961301,-4.0943473196234565,0.0,0.0,0.0,4.702096433864443,0.0,0.0,0.0,0.0]
A1 = [0.0,0.3589185282101317,-0.44844145249019396,-1.3398774543699807,0.0,0.0,1.1598391781809558,2.5407746829372146,0.0,0.0,0.0,-0.2008972223222045,0.0,0.0,0.0,0.0]
B0 = [0.0,0.1018746242771824,4.29008127809457,-2.393147633477523,0.0,0.0,-2.6898019468980947,-0.8072080559624347,0.0,0.0,0.0,3.2866200882969343,0.0,0.0,0.0,0.0]
B1 = [0.0,-0.5990982431882601,3.030456987762678,-3.813129814284638,0.0,0.0,-1.4612842581974992,2.7799787318753215,0.0,0.0,0.0,0.7655529124812067,0.0,0.0,0.0,0.0]
α  = [-0.2937026163333018,0.33995159565833005,0.5832787459719384,0.37047215163747427]
β1 = [-0.44131473625784595,0.5492359132703618,0.3091103502635549,0.5829685332399116]
β2 = [0.80568633617179,-1.340129020666556,0.18518743313317426,0.3492551471027067]
β3 = [1.4413146782999229,-0.5492356931760923,-0.30911034736908993,-0.5829687075764138]
β4 = [-1.4151685753869503,1.9557527635669643,0.5591490542702352,-1.0997332104388347]


Set[{A021,A031,A032,A041,A042,A043,A121,A131,A132,A141,A142,A143,B021,B031,B032,B041,B042,B043,B121,B131,B132,B141,B142,B143,\[Alpha]1,\[Alpha]2,\[Alpha]3,\[Alpha]4,\[Beta]11,\[Beta]12,\[Beta]13,\[Beta]14,\[Beta]21,\[Beta]22,\[Beta]23,\[Beta]24,\[Beta]31,\[Beta]32,\[Beta]33,\[Beta]34,\[Beta]41,\[Beta]42,\[Beta]43,\[Beta]44},{0.3409356292200238,3.9199165449787716,-3.578977902961301,-0.10774908632855627,-4.0943473196234565,4.702096433864443,0.3589185282101317,-0.44844145249019396,1.1598391781809558,-1.3398774543699807,2.5407746829372146,-0.2008972223222045,0.1018746242771824,4.29008127809457,-2.6898019468980947,-2.393147633477523,-0.8072080559624347,3.2866200882969343,-0.5990982431882601,3.030456987762678,-1.4612842581974992,-3.813129814284638,2.7799787318753215,0.7655529124812067,-0.2937026163333018,0.33995159565833005,0.5832787459719384,0.37047215163747427,-0.44131473625784595,0.5492359132703618,0.3091103502635549,0.5829685332399116,0.80568633617179,-1.340129020666556,0.18518743313317426,0.3492551471027067,1.4413146782999229,-0.5492356931760923,-0.30911034736908993,-0.5829687075764138,-1.4151685753869503,1.9557527635669643,0.5591490542702352,-1.0997332104388347}]



