
-----------------Setup------------------
Options: alg=LN_AUGLAG_EQ,dx=0.01,max_eval=100000000,popSize=0
imin=-1,jmin=-4,imax=1,jmax=4,
parameter_minmax=5,
randSeed=39666467, rand_minmax=3,
END_C=true, INEQ_C=true

Initial Condition:

[0.830256,-0.71153,1.89147,-1.57491,0.17432,2.21739,-1.53331,-0.342427,-1.41787,2.94557,-1.29549,-1.27635,0.768816,-2.44591,-0.0608735,1.59865,-1.0209,2.60065,0.376699,1.13714,2.87773,-2.25506,-0.456296,-2.18935,-0.0101443,-1.84895,0.175016,-0.560623,0.722871,-1.78322,0.566328,0.322117,-2.6022,0.981338,-0.292482,2.79877,2.00729,0.789325,2.55129,-0.205259,-2.37171,0.0414388,2.37618,-0.136053]

f_1([-9.1073e-18,-1.81494,1.83919,-1.85209,0.0290202,2.73252,9.54098e-18,2.13782,-2.11119,2.36921,-2.34675,0.0066788,2.36369e-5,-2.42443,2.88102,1.99836,-2.1618,1.44942,0.0683617,-1.06668,2.0665,-0.722434,1.48747,0.152123,1.61309,-2.36285,1.10377,-0.0988026,1.52749,-3.12054,2.27273,-1.0147,-1.01001,1.19062,-2.03567,1.83181,0.758916,0.509766,1.21747,-1.84768,-0.297522,0.691051,1.09439,-1.42127])
14.926019093049112
Max g: 1.1283678873616694
f_2([0.23987,-0.978354,1.54904,-1.91763,-0.161787,3.0718,1.70403e-8,2.6443,-1.6443,2.8215,-1.72995,-0.0915555,0.272745,-1.93214,2.99071,1.57812,-2.43179,1.31522,0.517858,-0.410325,2.47657,-0.0582297,1.9506,-0.0741596,1.39474,-1.93991,1.41456,0.15126,2.19663,-1.70224,-0.20931,0.720411,-1.53899,1.25299,-1.41451,1.74155,-0.874389,1.70016,1.3539,-2.15729,0.693801,-0.678317,2.38143,-2.4296])
3.213893081409432
Max g: 0.3488795067587257
f_3([0.211873,-0.874021,1.57049,-1.98681,-0.130759,3.11662,-1.13993e-15,2.34616,-1.34616,2.85853,-1.77949,-0.0790394,0.221778,-1.94917,3.03721,1.54101,-2.44321,1.30864,0.517371,-0.267694,2.32643,-0.0544416,1.97524,-0.129283,1.77731,-2.14343,1.35347,0.0116168,2.33666,-2.01902,-0.634211,1.32077,-1.58119,1.31335,-1.1946,1.4877,-1.23756,2.16936,1.35472,-2.2618,0.896518,-0.838692,2.37893,-2.45281])
3.0467388401314275
Max g: 0.2931009849994175
f_4([0.212575,-0.884089,1.56924,-1.98285,-0.117548,3.1003,-4.87433e-9,2.35373,-1.35373,2.8602,-1.76237,-0.0978277,0.225346,-1.95658,3.02605,1.32975,-2.14679,1.31917,0.520855,-0.198684,2.24891,-0.0557794,1.98886,-0.151764,1.82694,-2.25218,1.40591,0.0159017,2.35585,-2.10966,-0.787792,1.53933,-1.62783,1.38441,-1.11538,1.37957,-1.3083,2.25908,1.35075,-2.2807,0.958227,-0.9025,2.37568,-2.44227])
2.9772734330842665
Max g: 0.26418148998533275
f_5([0.195165,-0.886066,1.56092,-1.96967,-0.129627,3.09918,-1.40743e-9,2.39274,-1.39274,2.89946,-1.72196,-0.177508,0.210709,-1.93876,3.01723,0.884824,-2.3736,1.29641,0.528479,-0.0849941,2.14289,-0.0329045,1.99892,-0.179212,1.86044,-2.24479,1.37273,0.0112874,2.41728,-2.23936,-0.956378,1.77698,-1.69132,1.50148,-0.96856,1.17489,-1.40238,2.36806,1.36292,-2.3164,1.01455,-0.964413,2.35457,-2.41193])
2.897174551710859
Max g: 0.20633258314954017
f_6([0.207575,-0.897766,1.56758,-2.0111,-0.107312,3.11812,-1.36237e-22,2.35574,-1.35574,2.87099,-1.74239,-0.128599,0.155792,-1.94994,2.99651,0.603047,-2.81558,1.14801,0.531718,0.00280517,2.05272,-0.0366771,2.0258,-0.209527,1.83752,-2.25211,1.35559,0.0598527,2.45658,-2.33893,-1.06804,1.94764,-1.76784,1.61785,-0.848084,1.00878,-1.51912,2.51357,1.3543,-2.33986,1.02123,-0.975275,2.30867,-2.36051])
2.9056217042130172
Max g: 0.1606937025869048
f_7([0.223205,-0.903159,1.58593,-2.00581,-0.111683,3.11742,-4.13442e-29,2.36314,-1.36314,2.82776,-1.7504,-0.0773573,0.122627,-1.95323,2.98595,0.548781,-2.81797,1.19378,0.535444,0.0549375,2.00424,-0.0258668,2.03086,-0.221347,1.83202,-2.25953,1.33657,0.092068,2.47209,-2.38291,-1.13977,2.04635,-1.80089,1.68884,-0.766178,0.891104,-1.55518,2.55214,1.36112,-2.35336,1.05382,-1.01419,2.29748,-2.33981])
2.9266898963360473
Max g: 0.12492513539758378
f_8([0.236518,-0.892993,1.58981,-2.01633,-0.111938,3.12796,-1.60116e-9,2.3317,-1.3317,2.81848,-1.77704,-0.0414348,0.0945314,-1.95589,2.97877,0.546048,-2.82982,1.19603,0.536897,0.0880293,1.969,-0.0288118,2.04336,-0.232201,1.83209,-2.26746,1.31703,0.118926,2.48142,-2.41443,-1.19306,2.12069,-1.85552,1.76871,-0.70384,0.799196,-1.57075,2.57559,1.36929,-2.36828,1.07068,-1.04034,2.28916,-2.32255])
2.941795392575201
Max g: 0.09535634245415962
f_9([0.244627,-0.884747,1.58845,-2.0246,-0.109967,3.13451,-1.89778e-26,2.33584,-1.33584,2.8123,-1.79105,-0.0212469,0.0674585,-1.96437,2.97918,0.543863,-2.82119,1.17554,0.537391,0.113016,1.94216,-0.0126818,2.02781,-0.233484,1.83239,-2.27154,1.29548,0.144272,2.50291,-2.44882,-1.22432,2.16509,-1.88026,1.80851,-0.667206,0.745716,-1.58031,2.58537,1.37384,-2.37476,1.08073,-1.05538,2.29025,-2.31857])
2.9739939503481345
Max g: 0.07851052671411217
f_10([0.246716,-0.886014,1.58506,-2.02307,-0.118847,3.14151,9.17713e-6,2.33603,-1.33601,2.77815,-1.83104,0.0529029,0.0474599,-1.95779,2.96075,0.537243,-2.85604,1.17939,0.536419,0.14083,1.91525,0.00271892,2.01573,-0.235477,1.83359,-2.27895,1.28804,0.160465,2.54828,-2.50871,-1.26514,2.22308,-1.93033,1.87209,-0.604652,0.658051,-1.5972,2.59353,1.3703,-2.36882,1.09323,-1.07232,2.28594,-2.31021])
3.06015490587015
{0.24671565746947582,-0.8860143570064977,1.5850583612320754,-2.0230660191239616,-0.11884662599083066,3.141514911057433,9.1771337798308e-6,2.3360262952920734,-1.3360141148352014,2.778145316364729,-1.8310365776749153,0.05290290991043196,0.047459940031619456,-1.9577933326747574,2.960748979964864,0.5372425074182323,-2.8560420327449836,1.1793866712017436,0.5364190331185549,0.14083012523099775,1.9152456117130026,0.002718920038496133,2.015731206101331,-0.23547689943200978,1.8335929417322805,-2.2789487353477735,1.288035094317226,0.16046505620654739,2.5482808636734235,-2.508711930982368,-1.2651374590444222,2.2230846196631475,-1.9303327457475392,1.8720946898886592,-0.6046520672810656,0.6580511223867046,-1.5971970752609423,2.593532981185755,1.3702962494635655,-2.3688195383594124,1.0932283264816884,-1.0723181101401535,2.285943181606319,-2.3102084815193282}]
Set[{A021,A031,A032,A041,A042,A043,A121,A131,A132,A141,A142,A143,B021,B031,B032,B041,B042,B043,B121,B131,B132,B141,B142,B143,\[Alpha]1,\[Alpha]2,\[Alpha]3,\[Alpha]4,\[Beta]11,\[Beta]12,\[Beta]13,\[Beta]14,\[Beta]21,\[Beta]22,\[Beta]23,\[Beta]24,\[Beta]31,\[Beta]32,\[Beta]33,\[Beta]34,\[Beta]41,\[Beta]42,\[Beta]43,\[Beta]44},{0.24671565746947582,-0.8860143570064977,1.5850583612320754,-2.0230660191239616,-0.11884662599083066,3.141514911057433,9.1771337798308e-6,2.3360262952920734,-1.3360141148352014,2.778145316364729,-1.8310365776749153,0.05290290991043196,0.047459940031619456,-1.9577933326747574,2.960748979964864,0.5372425074182323,-2.8560420327449836,1.1793866712017436,0.5364190331185549,0.14083012523099775,1.9152456117130026,0.002718920038496133,2.015731206101331,-0.23547689943200978,1.8335929417322805,-2.2789487353477735,1.288035094317226,0.16046505620654739,2.5482808636734235,-2.508711930982368,-1.2651374590444222,2.2230846196631475,-1.9303327457475392,1.8720946898886592,-0.6046520672810656,0.6580511223867046,-1.5971970752609423,2.593532981185755,1.3702962494635655,-2.3688195383594124,1.0932283264816884,-1.0723181101401535,2.285943181606319,-2.3102084815193282}]

Max g: 0.07449202331393989
f_11([0.247384,-0.879303,1.58271,-2.0221,-0.126319,3.14823,1.72952e-7,2.33873,-1.33873,2.77603,-1.81455,0.0385186,0.0415961,-1.95173,2.9471,0.476498,-2.85387,1.18048,0.534345,0.157816,1.89215,0.00219487,2.01569,-0.240383,1.83638,-2.28385,1.2899,0.157696,2.57299,-2.5491,-1.29095,2.26312,-1.96294,1.93903,-0.547095,0.575537,-1.61412,2.61808,1.36473,-2.36651,1.11299,-1.09306,2.29135,-2.31222])
3.031732722157005
Max g: 0.07296974500367659
f_12([0.254202,-0.875711,1.58528,-2.02159,-0.121508,3.14295,-3.16916e-20,2.33379,-1.33379,2.77362,-1.8154,0.0417774,0.0411634,-1.95057,2.94324,0.483104,-2.85272,1.18082,0.532795,0.163541,1.88422,0.00180382,2.01601,-0.241754,1.82519,-2.28148,1.29519,0.161217,2.58351,-2.56344,-1.30359,2.27962,-1.99001,1.97821,-0.514008,0.528467,-1.62318,2.62669,1.36429,-2.36564,1.11966,-1.10197,2.29681,-2.31604])
3.0358072310109874
Max g: 0.07314643679661836
f_13([0.255633,-0.878561,1.59257,-2.0247,-0.118583,3.14302,1.95876e-20,2.33522,-1.33524,2.77339,-1.81517,0.0417737,0.0391881,-1.94907,2.94371,0.487751,-2.85232,1.17872,0.530662,0.165573,1.87869,0.00148532,2.01414,-0.24175,1.82982,-2.28114,1.28889,0.162579,2.60469,-2.58331,-1.31244,2.29117,-2.0078,2.00841,-0.487967,0.491842,-1.62793,2.6285,1.36282,-2.36158,1.13106,-1.11752,2.30211,-2.31791])
3.035608474481525
Max g: 0.0739990008768392
f_14([0.257514,-0.873913,1.59262,-2.02909,-0.115359,3.14441,2.43561e-29,2.32829,-1.32829,2.7753,-1.81521,0.0399064,0.0404137,-1.94831,2.9428,0.484889,-2.85605,1.17806,0.529368,0.166185,1.87506,0.00171939,2.01142,-0.241681,1.83097,-2.2806,1.29017,0.159919,2.6103,-2.59521,-1.31732,2.29921,-2.02382,2.03089,-0.472263,0.469368,-1.63234,2.63104,1.36017,-2.35847,1.13625,-1.12368,2.30811,-2.32317])
3.026962565449904
Max g: 0.07426281882566799
f_15([0.254811,-0.877161,1.59505,-2.03179,-0.113643,3.14525,9.60181e-6,2.32875,-1.32875,2.77523,-1.81727,0.0420475,0.0384327,-1.94778,2.94329,0.475602,-2.85705,1.17422,0.526629,0.164963,1.87073,-0.00143734,2.01005,-0.24207,1.8343,-2.27692,1.28423,0.158278,2.6228,-2.61048,-1.32266,2.30835,-2.0468,2.06459,-0.447177,0.434328,-1.64386,2.64458,1.35531,-2.35443,1.14518,-1.13249,2.31663,-2.33113])
3.02666443065571
Max g: 0.07485952846803334
f_16([0.255934,-0.877684,1.59641,-2.03087,-0.113338,3.14421,-6.80772e-7,2.3288,-1.32879,2.77525,-1.81731,0.0420586,0.0397943,-1.94534,2.94215,0.48524,-2.85736,1.17645,0.523938,0.164293,1.86731,-0.00391396,2.00941,-0.242066,1.83244,-2.27608,1.28492,0.158803,2.63596,-2.62524,-1.3268,2.31396,-2.06827,2.09577,-0.421736,0.39894,-1.65335,2.6529,1.35271,-2.35056,1.15888,-1.14752,2.32645,-2.33947])
3.0245774870963533
Max g: 0.07520336541450456
f_17([0.255985,-0.877331,1.59645,-2.03111,-0.11343,3.1445,0.000807181,2.32774,-1.32774,2.77545,-1.81759,0.0421368,0.0397346,-1.94527,2.94204,0.485391,-2.85695,1.17617,0.522451,0.162033,1.86566,-0.00579674,2.00771,-0.242062,1.83335,-2.27703,1.2847,0.159002,2.64469,-2.63655,-1.32808,2.31808,-2.07833,2.1115,-0.405877,0.377272,-1.65944,2.65963,1.34975,-2.34867,1.16529,-1.15375,2.33298,-2.34584])
3.0257700262731286
Max g: 0.0760085590963
f_18([0.255985,-0.877331,1.59645,-2.03111,-0.11343,3.1445,0.000807181,2.32774,-1.32774,2.77545,-1.81759,0.0421368,0.0397346,-1.94527,2.94204,0.485391,-2.85695,1.17617,0.522451,0.162033,1.86566,-0.00579674,2.00771,-0.242062,1.83335,-2.27703,1.2847,0.159002,2.64469,-2.63655,-1.32808,2.31808,-2.07833,2.1115,-0.405877,0.377272,-1.65944,2.65963,1.34975,-2.34867,1.16529,-1.15375,2.33298,-2.34584])
3.0257700262731286
Max g: 0.07600855909547088
f_19([0.256503,-0.876438,1.59675,-2.03098,-0.112706,3.14365,0.00461415,2.32691,-1.32691,2.77594,-1.81873,0.0427894,0.0399865,-1.9452,2.94252,0.488732,-2.85713,1.1753,0.519697,0.155338,1.8601,-0.0112686,2.00222,-0.243003,1.83377,-2.27697,1.28419,0.159012,2.66097,-2.66283,-1.32861,2.3288,-2.10238,2.1487,-0.37504,0.3336,-1.67173,2.67915,1.3426,-2.34875,1.17923,-1.1703,2.34352,-2.35393])
3.0347140700989432
Max g: 0.07619004187250888
f_20([0.257989,-0.874738,1.59695,-2.03103,-0.113256,3.14426,0.00752455,2.32785,-1.32785,2.77605,-1.81962,0.0435695,0.0405344,-1.94504,2.94231,0.489235,-2.85671,1.17722,0.51782,0.151557,1.85467,-0.0159408,1.99909,-0.244215,1.83246,-2.27688,1.2853,0.159158,2.67281,-2.68248,-1.32808,2.3361,-2.12198,2.17706,-0.355784,0.305546,-1.67977,2.69374,1.33927,-2.35186,1.19078,-1.18465,2.34926,-2.35699])
3.0436581139247583
{0.25798930480858806,-0.8747382894433732,1.5969495315672388,-2.031033086029225,-0.1132561834884623,3.144255342265651,0.007524554845280268,2.327848498367048,-1.3278484983670482,2.776047439672,-1.8196169138323497,0.04356947416035065,0.040534438380687716,-1.9450410268111893,2.9423130721419644,0.48923523771096716,-2.8567140089448726,1.1772191448531546,0.5178200209520748,0.15155670443496813,1.8546654694994442,-0.015940829508931595,1.9990870391657498,-0.24421465500284095,1.8324567489156478,-2.276878180647552,1.2852997883863757,0.15915816081979142,2.6728056539617726,-2.6824806218373998,-1.3280783248121935,2.336098259833425,-2.1219798431855565,2.1770593782053145,-0.3557843407104952,0.3055459638243562,-1.6797701077556173,2.693736080780306,1.33926878454879,-2.3518599400004265,1.190781617436495,-1.1846473293965432,2.3492638570551785,-2.3569876492086754}]
Set[{A021,A031,A032,A041,A042,A043,A121,A131,A132,A141,A142,A143,B021,B031,B032,B041,B042,B043,B121,B131,B132,B141,B142,B143,\[Alpha]1,\[Alpha]2,\[Alpha]3,\[Alpha]4,\[Beta]11,\[Beta]12,\[Beta]13,\[Beta]14,\[Beta]21,\[Beta]22,\[Beta]23,\[Beta]24,\[Beta]31,\[Beta]32,\[Beta]33,\[Beta]34,\[Beta]41,\[Beta]42,\[Beta]43,\[Beta]44},{0.25798930480858806,-0.8747382894433732,1.5969495315672388,-2.031033086029225,-0.1132561834884623,3.144255342265651,0.007524554845280268,2.327848498367048,-1.3278484983670482,2.776047439672,-1.8196169138323497,0.04356947416035065,0.040534438380687716,-1.9450410268111893,2.9423130721419644,0.48923523771096716,-2.8567140089448726,1.1772191448531546,0.5178200209520748,0.15155670443496813,1.8546654694994442,-0.015940829508931595,1.9990870391657498,-0.24421465500284095,1.8324567489156478,-2.276878180647552,1.2852997883863757,0.15915816081979142,2.6728056539617726,-2.6824806218373998,-1.3280783248121935,2.336098259833425,-2.1219798431855565,2.1770593782053145,-0.3557843407104952,0.3055459638243562,-1.6797701077556173,2.693736080780306,1.33926878454879,-2.3518599400004265,1.190781617436495,-1.1846473293965432,2.3492638570551785,-2.3569876492086754}]

Max g: 0.07568050593557729
f_21([0.257627,-0.876194,1.59725,-2.02926,-0.114146,3.1434,0.0100937,2.3284,-1.3284,2.7761,-1.81919,0.0430865,0.0396493,-1.94568,2.94236,0.489132,-2.85894,1.17825,0.516207,0.148405,1.85002,-0.0200449,1.99654,-0.245486,1.83268,-2.27763,1.28499,0.160036,2.68449,-2.7014,-1.32682,2.34221,-2.13657,2.19851,-0.341075,0.284198,-1.68846,2.70926,1.33618,-2.35519,1.19908,-1.19539,2.35253,-2.35816])
3.049521431543903
Max g: 0.07525573612778258
f_22([0.256826,-0.875372,1.59593,-2.02944,-0.114277,3.14372,0.0131928,2.32964,-1.32964,2.77278,-1.81786,0.0450802,0.040966,-1.9456,2.94326,0.4888,-2.85799,1.17851,0.51416,0.145437,1.84353,-0.0238824,1.99218,-0.246757,1.83241,-2.27597,1.285,0.158592,2.69521,-2.72025,-1.32482,2.34831,-2.15817,2.22838,-0.322794,0.257279,-1.70156,2.72979,1.33255,-2.35944,1.21423,-1.21414,2.35378,-2.35544])
3.061347445046925
Max g: 0.07462621921069823
f_23([0.256222,-0.874391,1.5944,-2.02982,-0.112786,3.14248,0.0149646,2.32935,-1.32935,2.77503,-1.81537,0.0403411,0.0409063,-1.94495,2.94238,0.488221,-2.86311,1.17841,0.51307,0.144468,1.83941,-0.0258836,1.98972,-0.247588,1.832,-2.27409,1.28488,0.157494,2.70189,-2.73223,-1.32318,2.35163,-2.17166,2.24658,-0.313711,0.243451,-1.70815,2.74161,1.33109,-2.36297,1.22173,-1.22251,2.35536,-2.35573])
3.054490344780467
Max g: 0.07378175145120536
f_24([0.256984,-0.872587,1.59417,-2.02946,-0.11218,3.1416,0.0163472,2.32866,-1.32866,2.77507,-1.81682,0.0417544,0.0405711,-1.94488,2.94212,0.487537,-2.86303,1.17836,0.512215,0.143434,1.83574,-0.0274195,1.98732,-0.248203,1.83313,-2.27552,1.28475,0.15772,2.7083,-2.74257,-1.32221,2.3546,-2.17886,2.25744,-0.30718,0.233615,-1.71281,2.74984,1.33014,-2.36569,1.22818,-1.23179,2.35669,-2.35468])
3.060850553723269
Max g: 0.0734771270269221
f_25([0.257104,-0.871997,1.59364,-2.02908,-0.113045,3.14209,0.0174375,2.32922,-1.32922,2.77523,-1.81701,0.0417838,0.0405155,-1.94489,2.94213,0.48667,-2.86164,1.17812,0.511836,0.142765,1.83384,-0.0285773,1.98647,-0.248763,1.83252,-2.27497,1.28471,0.157814,2.71193,-2.74846,-1.32202,2.35704,-2.18441,2.26657,-0.296703,0.218882,-1.71596,2.75506,1.32926,-2.36716,1.23211,-1.23649,2.35764,-2.35461])
3.0629374972826255
Max g: 0.07395731042545284
f_26([0.257203,-0.871426,1.59306,-2.02944,-0.111502,3.14091,0.0191058,2.32853,-1.32853,2.775,-1.81677,0.0417714,0.0407024,-1.94488,2.94212,0.483391,-2.85707,1.178,0.511135,0.141823,1.82972,-0.0307718,1.9846,-0.249856,1.83243,-2.27546,1.28506,0.15794,2.71699,-2.7588,-1.3208,2.36086,-2.1932,2.27971,-0.289745,0.208012,-1.72066,2.76435,1.32709,-2.36961,1.23792,-1.24446,2.35812,-2.35305])
3.0650244408419822
Max g: 0.07332164350607073
f_27([0.257969,-0.870105,1.59351,-2.02547,-0.115618,3.14098,0.0204234,2.32772,-1.32772,2.77446,-1.8171,0.042638,0.0396204,-1.94547,2.94141,0.47438,-2.85798,1.17814,0.510329,0.141352,1.82614,-0.032812,1.98344,-0.250724,1.83344,-2.27603,1.28517,0.157444,2.72189,-2.76736,-1.32092,2.36494,-2.20264,2.29212,-0.283605,0.198557,-1.72563,2.77314,1.32558,-2.37168,1.24457,-1.2528,2.35889,-2.35198])
3.0700927323432774
Max g: 0.07286623327531161
f_28([0.256947,-0.869194,1.59135,-2.02484,-0.116475,3.14128,0.0225653,2.32669,-1.32669,2.77481,-1.81771,0.0428973,0.0393302,-1.9455,2.94075,0.468467,-2.85719,1.1767,0.509145,0.14027,1.82051,-0.0355119,1.98074,-0.251935,1.83466,-2.27694,1.28556,0.15669,2.73049,-2.78213,-1.31965,2.36983,-2.21529,2.31007,-0.273631,0.183257,-1.73364,2.78725,1.32446,-2.37667,1.25448,-1.26649,2.36039,-2.35009])
3.0727759454910215
Max g: 0.07225994469964359
f_29([0.257394,-0.869099,1.59251,-2.02553,-0.115469,3.14098,0.0245832,2.3271,-1.3271,2.7758,-1.81886,0.0430566,0.0387954,-1.94546,2.94048,0.467594,-2.85644,1.17333,0.5081,0.13992,1.81526,-0.0381676,1.97895,-0.253304,1.83493,-2.27695,1.28496,0.156594,2.73919,-2.79705,-1.31873,2.37518,-2.23008,2.32911,-0.264852,0.169456,-1.74106,2.80068,1.32251,-2.38053,1.26299,-1.27769,2.36002,-2.34714])
3.079136154433823
Max g: 0.071383986971709
f_30([0.256549,-0.869797,1.59182,-2.02629,-0.114326,3.14058,0.0256496,2.32782,-1.32782,2.776,-1.81779,0.0417879,0.0377617,-1.94519,2.93976,0.466463,-2.85748,1.17328,0.507351,0.138865,1.8131,-0.0396461,1.97762,-0.253761,1.83612,-2.27747,1.28421,0.157085,2.74483,-2.80597,-1.31839,2.37819,-2.23872,2.34095,-0.260002,0.16173,-1.74502,2.80726,1.32148,-2.38233,1.26756,-1.28386,2.35942,-2.34489])
3.078639263110167
{0.25654890010002196,-0.869797093038141,1.5918212237342624,-2.0262921630404387,-0.11432608249620799,3.1405752943840124,0.025649643620332785,2.327820933723417,-1.3278209337234168,2.7760030829008087,-1.8177910287964758,0.041787945895666936,0.037761732262083236,-1.9451939334233992,2.9397644055246945,0.46646273776409813,-2.8574814474793264,1.173283174617814,0.5073507922213564,0.13886455687228866,1.8131019557011974,-0.03964608634262755,1.9776241371497836,-0.2537610758434845,1.836119877607943,-2.277465203347415,1.2842136672436508,0.1570845508792387,2.7448337601461823,-2.805972054552038,-1.3183942998583198,2.378185194600594,-2.23871549338497,2.340947244180564,-0.26000211635712095,0.16172968382312228,-1.7450197827928549,2.8072589271721227,1.3214839644376133,-2.3823258174210995,1.2675588659658252,-1.283855679327758,2.3594196603699724,-2.3448929717956295}]
Set[{A021,A031,A032,A041,A042,A043,A121,A131,A132,A141,A142,A143,B021,B031,B032,B041,B042,B043,B121,B131,B132,B141,B142,B143,\[Alpha]1,\[Alpha]2,\[Alpha]3,\[Alpha]4,\[Beta]11,\[Beta]12,\[Beta]13,\[Beta]14,\[Beta]21,\[Beta]22,\[Beta]23,\[Beta]24,\[Beta]31,\[Beta]32,\[Beta]33,\[Beta]34,\[Beta]41,\[Beta]42,\[Beta]43,\[Beta]44},{0.25654890010002196,-0.869797093038141,1.5918212237342624,-2.0262921630404387,-0.11432608249620799,3.1405752943840124,0.025649643620332785,2.327820933723417,-1.3278209337234168,2.7760030829008087,-1.8177910287964758,0.041787945895666936,0.037761732262083236,-1.9451939334233992,2.9397644055246945,0.46646273776409813,-2.8574814474793264,1.173283174617814,0.5073507922213564,0.13886455687228866,1.8131019557011974,-0.03964608634262755,1.9776241371497836,-0.2537610758434845,1.836119877607943,-2.277465203347415,1.2842136672436508,0.1570845508792387,2.7448337601461823,-2.805972054552038,-1.3183942998583198,2.378185194600594,-2.23871549338497,2.340947244180564,-0.26000211635712095,0.16172968382312228,-1.7450197827928549,2.8072589271721227,1.3214839644376133,-2.3823258174210995,1.2675588659658252,-1.283855679327758,2.3594196603699724,-2.3448929717956295}]

Max g: 0.07067829535682613
f_31([0.257277,-0.869756,1.59303,-2.02716,-0.113939,3.14106,0.0286155,2.32713,-1.32713,2.77571,-1.81992,0.0442151,0.0387231,-1.94651,2.9407,0.464169,-2.8579,1.17129,0.506682,0.136753,1.80827,-0.0427972,1.97524,-0.255416,1.83502,-2.27629,1.28579,0.155608,2.75059,-2.81977,-1.31759,2.38542,-2.25392,2.36671,-0.238889,0.130346,-1.75184,2.82178,1.3188,-2.38725,1.27542,-1.29481,2.35936,-2.34179])
3.083409419817268
Max g: 0.07043946453780903
f_32([0.255115,-0.870217,1.58992,-2.02567,-0.115211,3.14074,0.0301645,2.32742,-1.32742,2.77572,-1.81992,0.0441985,0.0398609,-1.94734,2.94197,0.459844,-2.85417,1.1728,0.505839,0.136499,1.8034,-0.0443624,1.9726,-0.256379,1.83422,-2.2755,1.2866,0.154653,2.75861,-2.83287,-1.31608,2.38909,-2.26048,2.37652,-0.234646,0.123317,-1.75821,2.83322,1.31773,-2.3913,1.28278,-1.30562,2.3594,-2.33893])
3.081918745846299
Max g: 0.06974876823124515
f_33([0.2547,-0.870717,1.58973,-2.02688,-0.11597,3.14243,0.0314372,2.32624,-1.32624,2.77609,-1.82342,0.0473284,0.040759,-1.94751,2.94192,0.46234,-2.85997,1.17208,0.505042,0.135894,1.80023,-0.0467476,1.97199,-0.257353,1.83306,-2.274,1.28778,0.153333,2.76278,-2.84113,-1.31449,2.39139,-2.26941,2.38779,-0.229518,0.115301,-1.7642,2.84381,1.31682,-2.39477,1.29061,-1.3143,2.35911,-2.33698])
3.087384550406519
Max g: 0.06943814699750983
f_34([0.254359,-0.869697,1.58817,-2.02822,-0.115671,3.14374,0.0325318,2.32597,-1.32597,2.77638,-1.8236,0.0472194,0.0423731,-1.94593,2.94123,0.465919,-2.85925,1.17182,0.504082,0.135433,1.79743,-0.0482498,1.97064,-0.257868,1.83189,-2.27362,1.28863,0.15258,2.76914,-2.85156,-1.31445,2.39509,-2.28232,2.40174,-0.223984,0.106679,-1.77041,2.85296,1.31538,-2.39644,1.29753,-1.32256,2.35946,-2.33586])
3.0875833069359815
Max g: 0.06904807848374445
f_35([0.254446,-0.870787,1.58949,-2.02815,-0.115569,3.1437,0.0340358,2.32617,-1.32617,2.77683,-1.82611,0.0492755,0.042545,-1.94634,2.94065,0.466255,-2.86715,1.1718,0.503818,0.13473,1.7951,-0.0496798,1.96994,-0.258746,1.83227,-2.27384,1.29007,0.151409,2.77223,-2.85735,-1.31373,2.39752,-2.28889,2.41709,-0.208018,0.0834213,-1.77547,2.86039,1.31454,-2.39888,1.30146,-1.32859,2.35935,-2.3338])
3.0884777113185633
Max g: 0.06912901063751664
f_36([0.255079,-0.870837,1.5907,-2.02793,-0.118054,3.14599,0.0359629,2.32521,-1.32521,2.77769,-1.82406,0.0463694,0.0429794,-1.94717,2.94122,0.469091,-2.87255,1.17236,0.502718,0.133702,1.7895,-0.0526948,1.96767,-0.260179,1.83279,-2.27423,1.29106,0.150676,2.77781,-2.86933,-1.3114,2.40146,-2.30281,2.43451,-0.20362,0.075164,-1.78267,2.87491,1.31181,-2.40272,1.31088,-1.3422,2.3591,-2.32991])
3.0839063111409244
Max g: 0.06795792688965016
f_37([0.255605,-0.869464,1.58977,-2.02741,-0.117935,3.14521,0.0369335,2.3236,-1.3236,2.77819,-1.8253,0.0471116,0.0417817,-1.94837,2.94153,0.467991,-2.87425,1.17313,0.50165,0.132998,1.78644,-0.0544198,1.96617,-0.260665,1.83245,-2.27514,1.29093,0.151683,2.78301,-2.87806,-1.31111,2.40454,-2.31602,2.44951,-0.199576,0.0682656,-1.78744,2.88232,1.31001,-2.40364,1.31715,-1.35012,2.36046,-2.32956])
3.0874839286712503
Max g: 0.06724293148268676
f_38([0.254972,-0.868526,1.58884,-2.0271,-0.116565,3.14365,0.0390257,2.32273,-1.32273,2.77852,-1.82762,0.0491021,0.0436619,-1.94843,2.94165,0.468849,-2.87626,1.17036,0.500561,0.133393,1.7797,-0.0553388,1.96166,-0.261736,1.83557,-2.27816,1.29311,0.14945,2.79321,-2.89478,-1.3085,2.40875,-2.32769,2.46706,-0.192496,0.0563402,-1.79694,2.89872,1.30821,-2.40887,1.32918,-1.36613,2.35915,-2.32417])
3.0874839286712503
Max g: 0.06600885676480964
f_39([0.255285,-0.868572,1.5888,-2.02542,-0.11654,3.14152,0.0408127,2.32334,-1.32334,2.77919,-1.82873,0.0495346,0.0444388,-1.94931,2.94236,0.472518,-2.87515,1.16903,0.49999,0.134057,1.77336,-0.0572301,1.95952,-0.26334,1.83428,-2.27875,1.29451,0.149723,2.79893,-2.90623,-1.30621,2.41229,-2.33541,2.4785,-0.186548,0.0463922,-1.8019,2.90978,1.30616,-2.41271,1.33737,-1.37851,2.35958,-2.32105])
3.0882789547891005
Max g: 0.06550653890921163
f_40([0.254826,-0.868254,1.58782,-2.0253,-0.116916,3.14213,0.0422766,2.3754,-1.3754,2.77924,-1.82831,0.0490733,0.0451105,-1.94915,2.9427,0.475881,-2.87716,1.16893,0.499338,0.133976,1.76909,-0.0592463,1.95819,-0.264489,1.83507,-2.27902,1.29488,0.149052,2.805,-2.91722,-1.30463,2.41554,-2.34258,2.48976,-0.180577,0.0367864,-1.80676,2.91966,1.30539,-2.41685,1.34615,-1.3896,2.35949,-2.31829])
3.1074589598822366
{0.2548260601691111,-0.8682538800406965,1.587819534026637,-2.02529795722395,-0.1169163467086471,3.1421256979008514,0.04227664133042127,2.375397168275798,-1.375397168275798,2.779239371328052,-1.8283127072831966,0.04907333595514518,0.04511052270775783,-1.9491477887112516,2.9427022736170403,0.4758810704805985,-2.8771641036257463,1.1689312892033439,0.49933826426336775,0.13397649216730903,1.7690858662694224,-0.05924632574223907,1.9581907620809744,-0.26448885830168745,1.8350701135010228,-2.279022981444032,1.2948826545530472,0.14905220731809757,2.805004613282425,-2.917220763725954,-1.3046254808526576,2.415535238883451,-2.342582688640474,2.4897567012001476,-0.18057659633852938,0.036786446299009484,-1.8067624976601666,2.9196552941601883,1.3053862078920866,-2.416851266283796,1.3461450584780739,-1.3895983702775156,2.3594895226374177,-2.318293740022567}]
Set[{A021,A031,A032,A041,A042,A043,A121,A131,A132,A141,A142,A143,B021,B031,B032,B041,B042,B043,B121,B131,B132,B141,B142,B143,\[Alpha]1,\[Alpha]2,\[Alpha]3,\[Alpha]4,\[Beta]11,\[Beta]12,\[Beta]13,\[Beta]14,\[Beta]21,\[Beta]22,\[Beta]23,\[Beta]24,\[Beta]31,\[Beta]32,\[Beta]33,\[Beta]34,\[Beta]41,\[Beta]42,\[Beta]43,\[Beta]44},{0.2548260601691111,-0.8682538800406965,1.587819534026637,-2.02529795722395,-0.1169163467086471,3.1421256979008514,0.04227664133042127,2.375397168275798,-1.375397168275798,2.779239371328052,-1.8283127072831966,0.04907333595514518,0.04511052270775783,-1.9491477887112516,2.9427022736170403,0.4758810704805985,-2.8771641036257463,1.1689312892033439,0.49933826426336775,0.13397649216730903,1.7690858662694224,-0.05924632574223907,1.9581907620809744,-0.26448885830168745,1.8350701135010228,-2.279022981444032,1.2948826545530472,0.14905220731809757,2.805004613282425,-2.917220763725954,-1.3046254808526576,2.415535238883451,-2.342582688640474,2.4897567012001476,-0.18057659633852938,0.036786446299009484,-1.8067624976601666,2.9196552941601883,1.3053862078920866,-2.416851266283796,1.3461450584780739,-1.3895983702775156,2.3594895226374177,-2.318293740022567}]

Max g: 0.0650811047071602
f_41([0.255151,-0.86914,1.58889,-2.02371,-0.117097,3.14076,0.0437248,2.37536,-1.37536,2.77734,-1.82665,0.0493188,0.0447819,-1.94942,2.94311,0.477497,-2.87748,1.17014,0.498285,0.133292,1.76502,-0.0612385,1.95623,-0.265393,1.83444,-2.27849,1.29436,0.149732,2.81276,-2.92978,-1.30221,2.4179,-2.3523,2.50322,-0.173451,0.025695,-1.81397,2.93134,1.30319,-2.41939,1.35752,-1.4036,2.35928,-2.31508])
3.108452742529549
Max g: 0.06470600090312191
f_42([0.254219,-0.868612,1.58709,-2.02321,-0.116394,3.1396,0.0458345,2.3754,-1.3754,2.77673,-1.82761,0.0508812,0.0456011,-1.94843,2.94328,0.474765,-2.86954,1.16915,0.497418,0.13413,1.75772,-0.0644628,1.95505,-0.267425,1.83368,-2.27672,1.29357,0.149419,2.82092,-2.94511,-1.30134,2.42431,-2.36279,2.51856,-0.165863,0.0131224,-1.82125,2.94561,1.30178,-2.42493,1.37086,-1.42129,2.35979,-2.31103])
3.1073595816175055
Max g: 0.06408817488356186
f_43([0.255269,-0.868971,1.58896,-2.02342,-0.116007,3.13938,0.0471542,2.3761,-1.3761,2.77669,-1.82802,0.0513285,0.0460498,-1.94846,2.94365,0.477204,-2.86911,1.16968,0.496687,0.134212,1.7538,-0.0656406,1.95306,-0.268237,1.83317,-2.27661,1.29384,0.149567,2.82644,-2.95527,-1.2998,2.42719,-2.37214,2.5311,-0.159972,0.0035892,-1.82763,2.95669,1.3007,-2.42852,1.37798,-1.43029,2.35965,-2.30883])
3.107955851205893
Max g: 0.06359320019537189
f_44([0.255582,-0.867732,1.58903,-2.02377,-0.116251,3.13996,0.0479935,2.37589,-1.37589,2.77828,-1.83349,0.0552072,0.047094,-1.94876,2.94444,0.478234,-2.86855,1.16571,0.496438,0.135012,1.75065,-0.0667667,1.95265,-0.269191,1.83328,-2.27551,1.29405,0.148168,2.83,-2.96197,-1.29852,2.4289,-2.37617,2.53791,-0.157321,-0.00116662,-1.8309,2.96252,1.29971,-2.43044,1.38165,-1.43521,2.35934,-2.30715])
3.1069620685585804
Max g: 0.06302512511611487
f_45([0.25503,-0.8683,1.58789,-2.02494,-0.114435,3.13937,0.0492578,2.37473,-1.37473,2.77631,-1.83346,0.0571534,0.0480189,-1.94854,2.94429,0.480304,-2.86639,1.16717,0.495548,0.135054,1.7461,-0.0685853,1.95103,-0.270194,1.83326,-2.27748,1.29568,0.148474,2.83622,-2.97184,-1.29675,2.43128,-2.38693,2.55112,-0.151609,-0.0104793,-1.83634,2.97266,1.29792,-2.43292,1.3896,-1.44633,2.36032,-2.30529])
3.1025894249104042
Max g: 0.06272612227366064
f_46([0.254482,-0.867203,1.58564,-2.02735,-0.114694,3.14192,0.0506853,2.37514,-1.37514,2.77736,-1.83318,0.0558172,0.0485928,-1.94763,2.94321,0.479,-2.86568,1.16773,0.495095,0.13455,1.74242,-0.0711523,1.95071,-0.271567,1.83315,-2.27794,1.29682,0.148037,2.84152,-2.98224,-1.29513,2.43463,-2.39138,2.56007,-0.145858,-0.0198551,-1.84056,2.98191,1.29674,-2.43667,1.39725,-1.45653,2.36077,-2.30309])
3.1006018596157787
Max g: 0.06232656176809167
{0.2544450098648673,-0.8671418222949152,1.58551789520067,-2.027164300308527,-0.11479478540991585,3.1418394614262537,0.05053562484305739,2.3751472851022566,-1.3751472851022577,2.7773343288761487,-1.8332596185329926,0.05592528965684406,0.04851026632078185,-1.947782479944978,2.9432325086024593,0.47913363124189395,-2.8671821327637916,1.167828920395416,0.49518674540845453,0.13454639738851404,1.7429459114126533,-0.07081912123483339,1.950706230917618,-0.27140001833730587,1.8330511493515471,-2.2778126329575703,1.2968462185028828,0.14796722085638306,2.8408943838897973,-2.9812259317996936,-1.2951643332517204,2.434179734545972,-2.3905037734092986,2.5588652971501893,-0.14665272736617965,-0.018627554432851454,-1.8398382893272944,2.980751333047299,1.296815878964861,-2.436265337902221,1.3964541123326013,-1.4554294680866737,2.36069067108216,-2.303406658978656}]
Set[{A021,A031,A032,A041,A042,A043,A121,A131,A132,A141,A142,A143,B021,B031,B032,B041,B042,B043,B121,B131,B132,B141,B142,B143,\[Alpha]1,\[Alpha]2,\[Alpha]3,\[Alpha]4,\[Beta]11,\[Beta]12,\[Beta]13,\[Beta]14,\[Beta]21,\[Beta]22,\[Beta]23,\[Beta]24,\[Beta]31,\[Beta]32,\[Beta]33,\[Beta]34,\[Beta]41,\[Beta]42,\[Beta]43,\[Beta]44},{0.2544450098648673,-0.8671418222949152,1.58551789520067,-2.027164300308527,-0.11479478540991585,3.1418394614262537,0.05053562484305739,2.3751472851022566,-1.3751472851022577,2.7773343288761487,-1.8332596185329926,0.05592528965684406,0.04851026632078185,-1.947782479944978,2.9432325086024593,0.47913363124189395,-2.8671821327637916,1.167828920395416,0.49518674540845453,0.13454639738851404,1.7429459114126533,-0.07081912123483339,1.950706230917618,-0.27140001833730587,1.8330511493515471,-2.2778126329575703,1.2968462185028828,0.14796722085638306,2.8408943838897973,-2.9812259317996936,-1.2951643332517204,2.434179734545972,-2.3905037734092986,2.5588652971501893,-0.14665272736617965,-0.018627554432851454,-1.8398382893272944,2.980751333047299,1.296815878964861,-2.436265337902221,1.3964541123326013,-1.4554294680866737,2.36069067108216,-2.303406658978656}]


-----------------Final Result------------------
Options: alg=LN_AUGLAG_EQ,dx=0.01,max_eval=100000000,popSize=0
imin=-1,jmin=-4,imax=1,jmax=4,
parameter_minmax=5,
randSeed=39666467,rand_minmax=3,
END_C=true, INEQ_C=true

4621259 steps

Completed with maxf : 3.100403103086316

Constraints at 0.06231781017284706

x = [0.2544450098648673,-0.8671418222949152,1.58551789520067,-2.027164300308527,-0.11479478540991585,3.1418394614262537,0.05053562484305739,2.3751472851022566,-1.3751472851022577,2.7773343288761487,-1.8332596185329926,0.05592528965684406,0.04851026632078185,-1.947782479944978,2.9432325086024593,0.47913363124189395,-2.8671821327637916,1.167828920395416,0.49518674540845453,0.13454639738851404,1.7429459114126533,-0.07081912123483339,1.950706230917618,-0.27140001833730587,1.8330511493515471,-2.2778126329575703,1.2968462185028828,0.14796722085638306,2.8408943838897973,-2.9812259317996936,-1.2951643332517204,2.434179734545972,-2.3905037734092986,2.5588652971501893,-0.14665272736617965,-0.018627554432851454,-1.8398382893272944,2.980751333047299,1.296815878964861,-2.436265337902221,1.3964541123326013,-1.4554294680866737,2.36069067108216,-2.303406658978656]
c0 = [0.0,0.2544450098648673,0.7183760729057549,0.999880375707811]
c1 = [0.0,0.05053562484305739,0.9999999999999989,1.0000000000000002]
A0 = [0.0,0.2544450098648673,-0.8671418222949152,-2.027164300308527,0.0,0.0,1.58551789520067,-0.11479478540991585,0.0,0.0,0.0,3.1418394614262537,0.0,0.0,0.0,0.0]
A1 = [0.0,0.05053562484305739,2.3751472851022566,2.7773343288761487,0.0,0.0,-1.3751472851022577,-1.8332596185329926,0.0,0.0,0.0,0.05592528965684406,0.0,0.0,0.0,0.0]
B0 = [0.0,0.04851026632078185,-1.947782479944978,0.47913363124189395,0.0,0.0,2.9432325086024593,-2.8671821327637916,0.0,0.0,0.0,1.167828920395416,0.0,0.0,0.0,0.0]
B1 = [0.0,0.49518674540845453,0.13454639738851404,-0.07081912123483339,0.0,0.0,1.7429459114126533,1.950706230917618,0.0,0.0,0.0,-0.27140001833730587,0.0,0.0,0.0,0.0]
α  = [1.8330511493515471,-2.2778126329575703,1.2968462185028828,0.14796722085638306]
β1 = [2.8408943838897973,-2.9812259317996936,-1.2951643332517204,2.434179734545972]
β2 = [-2.3905037734092986,2.5588652971501893,-0.14665272736617965,-0.018627554432851454]
β3 = [-1.8398382893272944,2.980751333047299,1.296815878964861,-2.436265337902221]
β4 = [1.3964541123326013,-1.4554294680866737,2.36069067108216,-2.303406658978656]


Set[{A021,A031,A032,A041,A042,A043,A121,A131,A132,A141,A142,A143,B021,B031,B032,B041,B042,B043,B121,B131,B132,B141,B142,B143,\[Alpha]1,\[Alpha]2,\[Alpha]3,\[Alpha]4,\[Beta]11,\[Beta]12,\[Beta]13,\[Beta]14,\[Beta]21,\[Beta]22,\[Beta]23,\[Beta]24,\[Beta]31,\[Beta]32,\[Beta]33,\[Beta]34,\[Beta]41,\[Beta]42,\[Beta]43,\[Beta]44},{0.2544450098648673,-0.8671418222949152,1.58551789520067,-2.027164300308527,-0.11479478540991585,3.1418394614262537,0.05053562484305739,2.3751472851022566,-1.3751472851022577,2.7773343288761487,-1.8332596185329926,0.05592528965684406,0.04851026632078185,-1.947782479944978,2.9432325086024593,0.47913363124189395,-2.8671821327637916,1.167828920395416,0.49518674540845453,0.13454639738851404,1.7429459114126533,-0.07081912123483339,1.950706230917618,-0.27140001833730587,1.8330511493515471,-2.2778126329575703,1.2968462185028828,0.14796722085638306,2.8408943838897973,-2.9812259317996936,-1.2951643332517204,2.434179734545972,-2.3905037734092986,2.5588652971501893,-0.14665272736617965,-0.018627554432851454,-1.8398382893272944,2.980751333047299,1.296815878964861,-2.436265337902221,1.3964541123326013,-1.4554294680866737,2.36069067108216,-2.303406658978656}]



