
-----------------Setup------------------
Options: alg=LN_AUGLAG_EQ,dx=0.01,max_eval=100000000,popSize=0
imin=-1,jmin=-4,imax=1,jmax=4,
parameter_minmax=5,
randSeed=85214742, rand_minmax=1,
END_C=true, INEQ_C=true

Initial Condition:

[-0.804076,0.294741,0.46802,0.307257,-0.640809,0.334508,-0.528928,0.740377,0.764993,-0.946319,0.193574,-0.539641,-0.125976,0.317624,-0.478395,0.092497,0.268538,-0.0763539,0.414675,0.563462,0.26765,-0.524648,0.797009,-0.190458,-0.0939966,-0.798063,0.520638,-0.50728,-0.192163,0.218566,0.333979,0.846146,0.617646,-0.888452,0.614576,0.710078,0.248526,-0.495332,-0.93702,-0.153117,-0.0254636,0.554255,0.328248,0.202102]

f_1([0.0673245,-0.0388618,0.181578,0.880391,-0.450913,0.570491,0.739937,0.214354,0.758548,0.462151,0.810062,-0.272295,-0.284336,2.80139,-1.94617,-0.0101959,-0.189387,-1.01687,0.86038,-1.2556,0.147718,-1.32169,0.526766,-1.48437,-0.140773,-0.635082,1.43823,0.33755,-0.182958,0.645533,0.572169,-0.0347316,-0.144654,0.607177,-0.492297,0.0297702,1.1836,-0.645244,-0.573206,0.0348186,-0.0698859,0.352184,-0.807999,0.525676])
2.569027521568189
Max g: 0.000672313529229765
f_2([0.0637994,-0.0300502,0.191733,0.880547,-0.45204,0.571487,0.741528,0.24044,0.73209,0.465454,0.816257,-0.281771,-0.134274,2.80741,-1.93713,0.0100643,-0.167256,-1.0004,0.861468,-1.26714,0.154351,-1.32269,0.524371,-1.48257,-0.13152,-0.629985,1.45683,0.304546,-0.182371,0.645015,0.573853,-0.0364107,-0.142988,0.605495,-0.493758,0.0311625,1.18255,-0.644882,-0.573816,0.0363029,-0.0683936,0.350304,-0.809046,0.527065])
2.5410028509139693
Max g: 0.00018660533023411724
f_3([0.0594447,-0.023016,0.198732,0.88066,-0.453185,0.572525,0.741143,0.247812,0.724017,0.468447,0.820583,-0.289071,-0.0133431,2.8135,-1.92834,0.0234789,-0.152624,-0.986647,0.861024,-1.27598,0.159518,-1.32437,0.523458,-1.48147,-0.125462,-0.624924,1.4717,0.278714,-0.183532,0.646012,0.575113,-0.0376194,-0.142811,0.605309,-0.494779,0.0322631,1.18326,-0.646003,-0.574814,0.0375313,-0.067601,0.349486,-0.809785,0.527987])
2.5197359022614765
Max g: 0.0007538330480677466
f_4([0.059723,-0.0232263,0.198419,0.880751,-0.453293,0.572541,0.741147,0.24766,0.724128,0.46803,0.820628,-0.288657,-0.0175769,2.81314,-1.92851,0.0231041,-0.152984,-0.987247,0.860883,-1.27576,0.159399,-1.3244,0.52353,-1.4815,-0.125566,-0.625147,1.4711,0.279612,-0.183445,0.646083,0.574839,-0.0374734,-0.142753,0.605383,-0.494906,0.0322726,1.18348,-0.646087,-0.574867,0.0374845,-0.06763,0.349529,-0.80986,0.527959])
2.5205309283793267
Max g: 0.0004646266126681763
f_5([0.0598233,-0.0234766,0.198196,0.880755,-0.453324,0.572568,0.741128,0.247636,0.724176,0.467889,0.820487,-0.288376,-0.0215805,2.81289,-1.92877,0.0226882,-0.15339,-0.987643,0.860877,-1.27546,0.159227,-1.32438,0.523586,-1.48151,-0.125745,-0.625303,1.47058,0.28047,-0.183445,0.64607,0.574816,-0.0374368,-0.142784,0.605411,-0.494866,0.032235,1.18347,-0.646073,-0.574828,0.0374416,-0.0676704,0.349574,-0.809839,0.527934])
2.5211271979677146
Max g: 0.00020369491416588397
f_6([0.0598762,-0.0235788,0.198107,0.880756,-0.453324,0.572568,0.741132,0.247614,0.724214,0.467839,0.820437,-0.288276,-0.0232176,2.8128,-1.92888,0.0225368,-0.153551,-0.987798,0.860882,-1.27535,0.159163,-1.32437,0.5236,-1.48152,-0.125818,-0.625359,1.47035,0.280828,-0.183433,0.646057,0.574803,-0.0374233,-0.142789,0.605416,-0.49485,0.0322212,1.18345,-0.646059,-0.574809,0.0374259,-0.0676852,0.349588,-0.809826,0.527923])
2.521425332761908
Max g: 9.709682391907887e-5
f_7([0.059903,-0.0236272,0.198054,0.880752,-0.453315,0.572563,0.741125,0.247601,0.724234,0.467809,0.820404,-0.288213,-0.0240824,2.81276,-1.92894,0.0224509,-0.153647,-0.98788,0.860886,-1.27529,0.159131,-1.32437,0.523612,-1.48152,-0.125857,-0.625393,1.47024,0.281014,-0.183435,0.64605,0.574804,-0.0374186,-0.142791,0.605419,-0.494842,0.0322137,1.18344,-0.646051,-0.574806,0.0374195,-0.0676924,0.349594,-0.809818,0.527917])
2.521624089291371
Max g: 4.085158572481734e-5
{0.05990302162596102,-0.023627209066665388,0.1980544528773628,0.880752147813578,-0.45331506798419935,0.5725629123946149,0.7411245339010077,0.24760065596227057,0.7242343648914679,0.467809204971859,0.8204041584931903,-0.2882133634650503,-0.024082383389614104,2.812756394547658,-1.9289429814118242,0.022450900463697257,-0.15364683145759,-0.9878799008001019,0.8608856066291805,-1.2752944970099305,0.1591307204991561,-1.324369588207873,0.5236122524368202,-1.481515405264933,-0.12585698831106465,-0.625393428783145,1.4702368420598995,0.2810136838452367,-0.18343506749982177,0.6460500994563281,0.5748035052829635,-0.037418644010224086,-0.14279094512627655,0.6054189115387548,-0.49484155220423215,0.03221372186063935,1.1834367509895116,-0.6460506428118871,-0.5748056144612743,0.03741950645815597,-0.06769242240396903,0.34959392175171994,-0.8098181870822434,0.527916795828118}]
Set[{A021,A031,A032,A041,A042,A043,A121,A131,A132,A141,A142,A143,B021,B031,B032,B041,B042,B043,B121,B131,B132,B141,B142,B143,\[Alpha]1,\[Alpha]2,\[Alpha]3,\[Alpha]4,\[Beta]11,\[Beta]12,\[Beta]13,\[Beta]14,\[Beta]21,\[Beta]22,\[Beta]23,\[Beta]24,\[Beta]31,\[Beta]32,\[Beta]33,\[Beta]34,\[Beta]41,\[Beta]42,\[Beta]43,\[Beta]44},{0.05990302162596102,-0.023627209066665388,0.1980544528773628,0.880752147813578,-0.45331506798419935,0.5725629123946149,0.7411245339010077,0.24760065596227057,0.7242343648914679,0.467809204971859,0.8204041584931903,-0.2882133634650503,-0.024082383389614104,2.812756394547658,-1.9289429814118242,0.022450900463697257,-0.15364683145759,-0.9878799008001019,0.8608856066291805,-1.2752944970099305,0.1591307204991561,-1.324369588207873,0.5236122524368202,-1.481515405264933,-0.12585698831106465,-0.625393428783145,1.4702368420598995,0.2810136838452367,-0.18343506749982177,0.6460500994563281,0.5748035052829635,-0.037418644010224086,-0.14279094512627655,0.6054189115387548,-0.49484155220423215,0.03221372186063935,1.1834367509895116,-0.6460506428118871,-0.5748056144612743,0.03741950645815597,-0.06769242240396903,0.34959392175171994,-0.8098181870822434,0.527916795828118}]


-----------------Final Result------------------
Options: alg=LN_AUGLAG_EQ,dx=0.01,max_eval=100000000,popSize=0
imin=-1,jmin=-4,imax=1,jmax=4,
parameter_minmax=5,
randSeed=85214742,rand_minmax=1,
END_C=true, INEQ_C=true

708348 steps

Completed with maxf : 2.521624089291371

Constraints at 4.085156941188196e-5

x = [0.05990302162596102,-0.023627209066665388,0.1980544528773628,0.880752147813578,-0.45331506798419935,0.5725629123946149,0.7411245339010077,0.24760065596227057,0.7242343648914679,0.467809204971859,0.8204041584931903,-0.2882133634650503,-0.024082383389614104,2.812756394547658,-1.9289429814118242,0.022450900463697257,-0.15364683145759,-0.9878799008001019,0.8608856066291805,-1.2752944970099305,0.1591307204991561,-1.324369588207873,0.5236122524368202,-1.481515405264933,-0.12585698831106465,-0.625393428783145,1.4702368420598995,0.2810136838452367,-0.18343506749982177,0.6460500994563281,0.5748035052829635,-0.037418644010224086,-0.14279094512627655,0.6054189115387548,-0.49484155220423215,0.03221372186063935,1.1834367509895116,-0.6460506428118871,-0.5748056144612743,0.03741950645815597,-0.06769242240396903,0.34959392175171994,-0.8098181870822434,0.527916795828118]
c0 = [0.0,0.05990302162596102,0.17442724381069744,0.9999999922239937]
c1 = [0.0,0.7411245339010077,0.9718350208537384,0.999999999999999]
A0 = [0.0,0.05990302162596102,-0.023627209066665388,0.880752147813578,0.0,0.0,0.1980544528773628,-0.45331506798419935,0.0,0.0,0.0,0.5725629123946149,0.0,0.0,0.0,0.0]
A1 = [0.0,0.7411245339010077,0.24760065596227057,0.467809204971859,0.0,0.0,0.7242343648914679,0.8204041584931903,0.0,0.0,0.0,-0.2882133634650503,0.0,0.0,0.0,0.0]
B0 = [0.0,-0.024082383389614104,2.812756394547658,0.022450900463697257,0.0,0.0,-1.9289429814118242,-0.15364683145759,0.0,0.0,0.0,-0.9878799008001019,0.0,0.0,0.0,0.0]
B1 = [0.0,0.8608856066291805,-1.2752944970099305,-1.324369588207873,0.0,0.0,0.1591307204991561,0.5236122524368202,0.0,0.0,0.0,-1.481515405264933,0.0,0.0,0.0,0.0]
α  = [-0.12585698831106465,-0.625393428783145,1.4702368420598995,0.2810136838452367]
β1 = [-0.18343506749982177,0.6460500994563281,0.5748035052829635,-0.037418644010224086]
β2 = [-0.14279094512627655,0.6054189115387548,-0.49484155220423215,0.03221372186063935]
β3 = [1.1834367509895116,-0.6460506428118871,-0.5748056144612743,0.03741950645815597]
β4 = [-0.06769242240396903,0.34959392175171994,-0.8098181870822434,0.527916795828118]


Set[{A021,A031,A032,A041,A042,A043,A121,A131,A132,A141,A142,A143,B021,B031,B032,B041,B042,B043,B121,B131,B132,B141,B142,B143,\[Alpha]1,\[Alpha]2,\[Alpha]3,\[Alpha]4,\[Beta]11,\[Beta]12,\[Beta]13,\[Beta]14,\[Beta]21,\[Beta]22,\[Beta]23,\[Beta]24,\[Beta]31,\[Beta]32,\[Beta]33,\[Beta]34,\[Beta]41,\[Beta]42,\[Beta]43,\[Beta]44},{0.05990302162596102,-0.023627209066665388,0.1980544528773628,0.880752147813578,-0.45331506798419935,0.5725629123946149,0.7411245339010077,0.24760065596227057,0.7242343648914679,0.467809204971859,0.8204041584931903,-0.2882133634650503,-0.024082383389614104,2.812756394547658,-1.9289429814118242,0.022450900463697257,-0.15364683145759,-0.9878799008001019,0.8608856066291805,-1.2752944970099305,0.1591307204991561,-1.324369588207873,0.5236122524368202,-1.481515405264933,-0.12585698831106465,-0.625393428783145,1.4702368420598995,0.2810136838452367,-0.18343506749982177,0.6460500994563281,0.5748035052829635,-0.037418644010224086,-0.14279094512627655,0.6054189115387548,-0.49484155220423215,0.03221372186063935,1.1834367509895116,-0.6460506428118871,-0.5748056144612743,0.03741950645815597,-0.06769242240396903,0.34959392175171994,-0.8098181870822434,0.527916795828118}]



