
-----------------Setup------------------
Options: alg=LN_AUGLAG_EQ,dx=0.01,max_eval=100000000,popSize=0
imin=-1,jmin=-4,imax=1,jmax=4,
parameter_minmax=5,
randSeed=3986926, rand_minmax=2,
END_C=true, INEQ_C=true

Initial Condition:

[1.46544,-1.47843,0.430062,-0.818934,1.80572,0.408831,-0.483993,-1.25293,-1.31,-1.18278,1.28125,-1.39458,1.0242,1.01247,-1.10637,1.79741,1.54209,0.818394,-0.625342,0.792969,-1.68017,-0.36376,-0.50599,-0.205461,0.0506438,-1.62452,1.7107,-1.79218,-0.0216955,-1.98312,0.326733,-1.14438,1.28411,0.719282,-0.418414,-0.847112,1.2054,1.12089,-0.940372,-0.0454726,-1.93651,-0.789491,0.581185,1.90715]

f_1([0.266649,-0.0668803,1.02798,-1.18247,2.23588,-0.05339,6.11046e-6,0.159555,0.102861,0.314268,0.563748,0.120136,0.763518,2.23392,0.959457,1.5814,2.17386,0.529104,-0.126276,0.550252,-1.28947,2.71851,-0.445915,-0.724664,1.54873,-1.63202,2.17545,-1.07629,2.26709,-2.45862,0.955468,0.320846,0.822462,-0.142961,-0.917164,0.226608,0.500126,0.765478,-0.879047,-0.334203,-1.66896,-0.0160235,1.12774,0.537815])
2.888926155738163
Max g: 0.8327569359473036
f_2([0.255545,-0.0602357,1.0091,-1.18838,2.21987,-0.0316707,-1.17477e-7,0.392765,0.24078,0.286785,0.547937,0.140293,0.759842,2.20571,0.96704,1.6024,2.17114,0.480738,-0.30186,0.0758949,-0.952878,3.16389,-0.181288,-0.968035,1.53096,-1.61536,2.17237,-1.07448,2.31671,-2.56043,1.17296,0.116993,0.801077,-0.281163,-0.672699,0.163211,0.156751,0.765034,-0.733372,-0.162035,-1.46123,0.482015,0.567155,0.377407])
2.6177228712865137
Max g: 0.7272954259665901
f_3([0.267079,-0.0899828,1.02476,-1.21566,2.22317,-0.00763346,-4.61237e-19,0.73527,0.26473,0.173954,0.467053,0.358993,0.792498,2.21008,0.96894,1.62701,2.15592,0.403626,-1.02584,-1.86963,0.197331,3.73434,-0.0331466,-1.59261,1.53979,-1.61037,2.19016,-1.11933,2.13766,-2.31438,1.29711,-0.0378313,0.608854,-0.843355,0.13369,0.0860478,-0.61137,1.61311,-0.968734,-0.00488503,-1.5722,1.70387,-0.528984,0.38781])
2.7206787535481145
Max g: 0.25928123629964217
f_4([0.285017,-0.0541273,1.01171,-1.21226,2.22006,-0.00780067,0.0943043,0.762525,0.237475,0.190607,0.443772,0.36562,0.749105,2.21183,0.951695,1.65513,2.14406,0.382611,-0.965475,-1.62719,0.0370282,3.7128,-0.0131358,-1.48855,1.61732,-1.69437,2.18701,-1.11147,1.90465,-2.07674,1.20714,-0.0200963,0.691454,-0.918743,0.115875,0.0964505,-0.754507,1.8474,-1.10222,0.00589723,-1.56012,1.77403,-0.578369,0.37552])
3.205445928907274
Max g: 0.22538130910031726
f_5([0.273427,-0.0568728,1.00731,-1.21655,2.21761,-0.0010958,0.101217,0.774659,0.225341,0.185231,0.449602,0.365167,0.743012,2.20772,0.953417,1.65519,2.13985,0.3791,-0.88368,-1.49627,0.0353107,3.72331,-0.0402614,-1.5478,1.62244,-1.69408,2.1844,-1.11304,1.82346,-2.02787,1.2135,-0.000877233,0.738703,-0.931495,0.083819,0.100022,-0.73447,1.89094,-1.15143,-0.00775996,-1.63007,1.80938,-0.554244,0.391089])
3.2426133999167708
Max g: 0.22712069851362893
f_6([0.272937,-0.0569823,1.00954,-1.21861,2.215,0.00358468,0.109995,0.803767,0.19623,0.178019,0.457519,0.364459,0.735509,2.20673,0.955143,1.64987,2.13954,0.378971,-0.806891,-1.4301,0.0772321,3.81865,-0.0564221,-1.6317,1.62617,-1.69183,2.1814,-1.1161,1.75623,-1.97229,1.19974,0.0200291,0.841355,-1.02568,0.0807488,0.0965315,-0.72243,1.92249,-1.17761,-0.023718,-1.77939,1.98017,-0.587296,0.39551])
3.268551127011633
Max g: 0.2124532825389176
f_7([0.272368,-0.0565771,1.00946,-1.21918,2.21534,0.00381885,0.113548,0.813842,0.186158,0.178346,0.457761,0.363893,0.732823,2.20651,0.954956,1.64886,2.13895,0.378217,-0.791128,-1.41758,0.088211,3.84684,-0.058662,-1.65546,1.6277,-1.69142,2.18,-1.11667,1.73972,-1.95935,1.19814,0.0246216,0.872029,-1.06031,0.0862373,0.0949253,-0.716446,1.92535,-1.18294,-0.0275234,-1.81878,2.03381,-0.602823,0.396044])
3.271929988012497
Max g: 0.207291667618772
f_8([0.272367,-0.0558669,1.00893,-1.21619,2.21448,0.00169796,0.114303,0.817639,0.182295,0.175909,0.460215,0.363835,0.73147,2.20561,0.955278,1.64857,2.13864,0.378171,-0.787269,-1.41412,0.0899672,3.85515,-0.0638749,-1.65776,1.62804,-1.69191,2.1796,-1.1165,1.73605,-1.95537,1.19705,0.0256271,0.881976,-1.07123,0.0884212,0.0943426,-0.715964,1.9285,-1.18494,-0.028185,-1.82803,2.04658,-0.606139,0.396127])
3.2715324749535717
Max g: 0.20557643346997084
f_9([0.272347,-0.0552364,1.0092,-1.2163,2.21503,0.00116742,0.118729,0.829542,0.170458,0.176797,0.459775,0.363428,0.728705,2.20602,0.954232,1.64781,2.1376,0.376805,-0.772911,-1.404,0.102651,3.88478,-0.064877,-1.68262,1.63003,-1.69109,2.17765,-1.117,1.72068,-1.94557,1.19801,0.0300788,0.915543,-1.11368,0.0985587,0.0924415,-0.706973,1.92599,-1.18893,-0.0322769,-1.86718,2.10323,-0.624729,0.396241])
3.27063807057099
Max g: 0.19923243034365754
f_10([0.272101,-0.0547752,1.00944,-1.22038,2.21545,0.00488997,0.121783,0.895879,0.104121,0.176804,0.461133,0.362063,0.726622,2.20554,0.956285,1.64796,2.13812,0.374572,-0.763882,-1.39714,0.110353,3.9027,-0.067021,-1.69666,1.63287,-1.69225,2.17979,-1.12057,1.7114,-1.9409,1.19975,0.0330313,0.940404,-1.14515,0.106631,0.0911446,-0.700182,1.92411,-1.19184,-0.0347352,-1.89125,2.13835,-0.63623,0.396403])
3.208526655113943
{0.27210094957637615,-0.05477520882549399,1.0094423750416377,-1.2203813609313579,2.2154544418629074,0.0048899672638654254,0.12178332182801949,0.8958794232399387,0.10412057676006146,0.17680405804852617,0.46113325410873107,0.3620626878427427,0.7266222951192499,2.2055376426903663,0.9562848997372696,1.647955377103332,2.138117663843416,0.374571801498929,-0.7638824458394938,-1.3971355121496412,0.11035322311322489,3.9027042748135417,-0.06702102960409402,-1.6966601217555126,1.6328746193351937,-1.692246849738389,2.1797901801375197,-1.1205721410823648,1.711399510214846,-1.9408984367017856,1.1997466036101054,0.03303126696797604,0.9404043619289135,-1.1451493158151094,0.10663131646692757,0.09114461560458621,-0.7001815581018254,1.9241098699572854,-1.191840370198442,-0.034735241035038465,-1.8912529617194287,2.1383547864117345,-0.6362300642742833,0.3964028653409359}]
Set[{A021,A031,A032,A041,A042,A043,A121,A131,A132,A141,A142,A143,B021,B031,B032,B041,B042,B043,B121,B131,B132,B141,B142,B143,\[Alpha]1,\[Alpha]2,\[Alpha]3,\[Alpha]4,\[Beta]11,\[Beta]12,\[Beta]13,\[Beta]14,\[Beta]21,\[Beta]22,\[Beta]23,\[Beta]24,\[Beta]31,\[Beta]32,\[Beta]33,\[Beta]34,\[Beta]41,\[Beta]42,\[Beta]43,\[Beta]44},{0.27210094957637615,-0.05477520882549399,1.0094423750416377,-1.2203813609313579,2.2154544418629074,0.0048899672638654254,0.12178332182801949,0.8958794232399387,0.10412057676006146,0.17680405804852617,0.46113325410873107,0.3620626878427427,0.7266222951192499,2.2055376426903663,0.9562848997372696,1.647955377103332,2.138117663843416,0.374571801498929,-0.7638824458394938,-1.3971355121496412,0.11035322311322489,3.9027042748135417,-0.06702102960409402,-1.6966601217555126,1.6328746193351937,-1.692246849738389,2.1797901801375197,-1.1205721410823648,1.711399510214846,-1.9408984367017856,1.1997466036101054,0.03303126696797604,0.9404043619289135,-1.1451493158151094,0.10663131646692757,0.09114461560458621,-0.7001815581018254,1.9241098699572854,-1.191840370198442,-0.034735241035038465,-1.8912529617194287,2.1383547864117345,-0.6362300642742833,0.3964028653409359}]

Max g: 0.19466742773086768
f_11([0.271476,-0.0546124,1.00971,-1.21902,2.21435,0.00467129,0.128024,0.905651,0.0943486,0.178876,0.460813,0.360312,0.724165,2.20688,0.956012,1.64777,2.13836,0.374082,-0.747776,-1.38296,0.123779,3.93666,-0.0699876,-1.72512,1.6347,-1.69205,2.17835,-1.12118,1.69264,-1.93322,1.20558,0.0380844,0.983496,-1.19847,0.119524,0.0891517,-0.683361,1.91932,-1.19892,-0.0396253,-1.93512,2.2037,-0.65877,0.396691])
3.2067378463487803
Max g: 0.18726095617884903
f_12([0.270653,-0.0559893,1.00963,-1.22018,2.21617,0.00399393,0.13207,0.914448,0.0855516,0.181238,0.463021,0.355741,0.726584,2.20766,0.954312,1.64817,2.13921,0.373903,-0.737441,-1.37409,0.132231,3.96187,-0.0746914,-1.74296,1.63188,-1.69047,2.1776,-1.11914,1.68053,-1.92745,1.20868,0.0412182,1.01412,-1.23751,0.12974,0.0876538,-0.674574,1.91829,-1.20401,-0.0425332,-1.96413,2.24762,-0.673965,0.396631])
3.2076322507313617
Max g: 0.18190416205082496
f_13([0.270571,-0.05049,1.00456,-1.22074,2.21689,0.00382248,0.13488,0.918415,0.0815852,0.18177,0.464024,0.354206,0.725527,2.20852,0.954527,1.64765,2.13902,0.373761,-0.732894,-1.36988,0.137468,3.97465,-0.0767888,-1.7527,1.63204,-1.68912,2.17773,-1.12072,1.67217,-1.92387,1.21177,0.0430756,1.02973,-1.26009,0.137178,0.0868613,-0.66392,1.91123,-1.20565,-0.0445002,-1.97784,2.27061,-0.683603,0.396559])
3.2020670679064103
Max g: 0.17869303706704398
f_14([0.27086,-0.0495907,1.00435,-1.21917,2.21732,0.00174445,0.138035,0.923308,0.0766918,0.18107,0.466609,0.35232,0.724848,2.21229,0.953362,1.64796,2.13897,0.374877,-0.727288,-1.36425,0.143291,3.98885,-0.0772099,-1.76538,1.63281,-1.68844,2.17803,-1.12234,1.66141,-1.91887,1.21525,0.0452856,1.04679,-1.28208,0.143247,0.0861867,-0.653091,1.90685,-1.20953,-0.0466546,-1.99255,2.29538,-0.693826,0.3964])
3.198191315581891
Max g: 0.17568273259178954
f_15([0.272635,-0.0490117,1.00552,-1.21808,2.21697,0.0010685,0.14198,0.929249,0.0707511,0.183534,0.465813,0.350653,0.723628,2.21134,0.954018,1.64741,2.13959,0.373473,-0.720408,-1.358,0.150408,4.00813,-0.0782265,-1.78116,1.63329,-1.68839,2.1779,-1.12292,1.6502,-1.91457,1.21963,0.0477518,1.06863,-1.31056,0.151372,0.0852236,-0.641879,1.90162,-1.21338,-0.0491291,-2.01381,2.33206,-0.709028,0.396155])
3.1970981546698467
Max g: 0.17170942568335346
f_16([0.272736,-0.0491743,1.00563,-1.2174,2.21616,0.00111705,0.143105,0.931,0.069,0.184134,0.46527,0.350596,0.72372,2.20997,0.954769,1.64749,2.13945,0.373461,-0.717946,-1.35556,0.152226,4.01514,-0.0790069,-1.78655,1.63319,-1.68826,2.17696,-1.12192,1.64739,-1.91341,1.22071,0.0484674,1.07581,-1.32046,0.154177,0.0848555,-0.638852,1.90036,-1.21445,-0.0498392,-2.02202,2.34521,-0.713974,0.396126])
3.197197532934578
Max g: 0.17038780669201153
f_17([0.274711,-0.0488399,1.00675,-1.21784,2.21607,0.00173687,0.146432,0.937562,0.0624384,0.183256,0.468593,0.34815,0.723358,2.21327,0.949455,1.64808,2.13743,0.371042,-0.713513,-1.35141,0.157761,4.02784,-0.0777553,-1.79917,1.63192,-1.68725,2.17852,-1.12338,1.63762,-1.90951,1.22455,0.0503602,1.0937,-1.34667,0.163301,0.0840301,-0.629453,1.89636,-1.21814,-0.0517069,-2.03528,2.36888,-0.724691,0.395868])
3.191831106639089
Max g: 0.16674134841882718
f_18([0.274038,-0.0486537,1.0062,-1.22024,2.21184,0.00839369,0.149493,0.943348,0.0566519,0.181544,0.469942,0.348514,0.722688,2.21349,0.948446,1.64737,2.13838,0.369949,-0.708837,-1.34617,0.162276,4.04019,-0.0789529,-1.80943,1.63213,-1.68706,2.17745,-1.1227,1.62757,-1.90481,1.22787,0.0521944,1.10923,-1.36706,0.169325,0.0834697,-0.620855,1.89408,-1.22253,-0.0534298,-2.05003,2.39493,-0.736085,0.395877])
3.1854708976962876
Max g: 0.1640007761476161
f_19([0.270587,-0.0465362,1.00242,-1.21968,2.21227,0.00738828,0.151678,0.946258,0.053738,0.187525,0.467614,0.344857,0.719958,2.2162,0.948144,1.64748,2.138,0.369054,-0.705846,-1.3428,0.165288,4.05165,-0.0801605,-1.81749,1.63577,-1.68849,2.17921,-1.12663,1.61931,-1.89565,1.22731,0.0535452,1.1275,-1.38807,0.175792,0.0828393,-0.615976,1.89179,-1.2253,-0.0544656,-2.06073,2.41533,-0.74522,0.395576])
3.186663436873063
Max g: 0.1614641091257297
f_20([0.270966,-0.0472915,1.00367,-1.21865,2.20916,0.00940523,0.154708,0.949596,0.0504039,0.188439,0.471254,0.340308,0.719058,2.21698,0.946547,1.64551,2.13635,0.371016,-0.700162,-1.33769,0.170856,4.06427,-0.0845013,-1.82622,1.63639,-1.68902,2.18016,-1.12751,1.61047,-1.89506,1.23217,0.0554377,1.14076,-1.41125,0.183457,0.0821713,-0.606753,1.89026,-1.22956,-0.056427,-2.07861,2.44313,-0.756274,0.395889])
3.1855702759610187
{0.27096590304946433,-0.04729153275748715,1.0036680097404855,-1.2186501871246669,2.209155547234062,0.009405226781173446,0.15470799172813218,0.9495960795381955,0.050403920454345844,0.1884385408065944,0.4712537097503245,0.3403077494543465,0.7190584948800286,2.216976245978984,0.9465469677881739,1.6455084802318112,2.1363492242351567,0.3710161823436021,-0.7001624234679584,-1.3376905565129256,0.1708561662521682,4.064272603646207,-0.08450133427608258,-1.8262196634948111,1.6363857885381963,-1.689024810593251,2.180160009045454,-1.1275124980184716,1.610470050842363,-1.8950599946733158,1.232165062548551,0.05543774780565711,1.1407581380612233,-1.4112512918124376,0.18345721734311818,0.08217127046819936,-0.6067525151732165,1.8902556000822939,-1.2295629537863522,-0.05642701278099021,-2.0786063653067997,2.443130133701052,-0.7562737287208703,0.39588891182457114}]
Set[{A021,A031,A032,A041,A042,A043,A121,A131,A132,A141,A142,A143,B021,B031,B032,B041,B042,B043,B121,B131,B132,B141,B142,B143,\[Alpha]1,\[Alpha]2,\[Alpha]3,\[Alpha]4,\[Beta]11,\[Beta]12,\[Beta]13,\[Beta]14,\[Beta]21,\[Beta]22,\[Beta]23,\[Beta]24,\[Beta]31,\[Beta]32,\[Beta]33,\[Beta]34,\[Beta]41,\[Beta]42,\[Beta]43,\[Beta]44},{0.27096590304946433,-0.04729153275748715,1.0036680097404855,-1.2186501871246669,2.209155547234062,0.009405226781173446,0.15470799172813218,0.9495960795381955,0.050403920454345844,0.1884385408065944,0.4712537097503245,0.3403077494543465,0.7190584948800286,2.216976245978984,0.9465469677881739,1.6455084802318112,2.1363492242351567,0.3710161823436021,-0.7001624234679584,-1.3376905565129256,0.1708561662521682,4.064272603646207,-0.08450133427608258,-1.8262196634948111,1.6363857885381963,-1.689024810593251,2.180160009045454,-1.1275124980184716,1.610470050842363,-1.8950599946733158,1.232165062548551,0.05543774780565711,1.1407581380612233,-1.4112512918124376,0.18345721734311818,0.08217127046819936,-0.6067525151732165,1.8902556000822939,-1.2295629537863522,-0.05642701278099021,-2.0786063653067997,2.443130133701052,-0.7562737287208703,0.39588891182457114}]

Max g: 0.15801361024482993
f_21([0.269993,-0.0492812,1.0046,-1.22114,2.2097,0.0108775,0.156614,0.949693,0.0503069,0.192411,0.46729,0.340298,0.718956,2.2177,0.946951,1.64504,2.13765,0.371517,-0.696913,-1.33483,0.173661,4.0741,-0.0827325,-1.83594,1.63728,-1.68933,2.17986,-1.12747,1.60646,-1.89296,1.23352,0.0563338,1.15049,-1.42528,0.187857,0.0816576,-0.603525,1.88904,-1.2313,-0.0573084,-2.09319,2.46805,-0.766527,0.395804])
3.1884522456382256
Max g: 0.15605348536415775
f_22([0.270337,-0.0496781,1.00673,-1.22126,2.2096,0.0116154,0.159686,0.953256,0.0467442,0.194312,0.472063,0.333625,0.716339,2.21717,0.949214,1.64627,2.13694,0.37089,-0.692686,-1.32984,0.177965,4.084,-0.0822175,-1.84595,1.6397,-1.6902,2.17965,-1.12919,1.59605,-1.88916,1.23773,0.0581068,1.16801,-1.44988,0.196025,0.0810629,-0.594166,1.8858,-1.2355,-0.0590409,-2.10506,2.48979,-0.776636,0.395794])
3.1881541108440317
Max g: 0.1528169154306103
f_23([0.270458,-0.0492972,1.00667,-1.21972,2.20766,0.0119903,0.160913,0.95561,0.0443896,0.197306,0.474262,0.328432,0.71593,2.21721,0.94987,1.64705,2.13676,0.371124,-0.691514,-1.3278,0.178874,4.08898,-0.0831558,-1.85012,1.64097,-1.69094,2.1792,-1.12907,1.5924,-1.88776,1.23932,0.0586606,1.17371,-1.45734,0.19775,0.0816043,-0.590939,1.88485,-1.23724,-0.0595609,-2.10979,2.49969,-0.781638,0.395893])
3.1876572195203754
Max g: 0.15369401251723847
f_24([0.2712,-0.0487246,1.00653,-1.21873,2.20731,0.011312,0.163558,0.958566,0.0414345,0.196728,0.474071,0.329201,0.716083,2.21704,0.949957,1.6458,2.13759,0.371191,-0.688551,-1.32351,0.182056,4.09845,-0.0836034,-1.85849,1.64144,-1.69209,2.18085,-1.13009,1.58133,-1.88251,1.24284,0.0599636,1.18503,-1.4738,0.204366,0.0806389,-0.584027,1.88409,-1.24225,-0.060755,-2.1197,2.51868,-0.791332,0.395683])
3.187458462990913
Max g: 0.15008970406884695
f_25([0.270648,-0.0483738,1.00593,-1.21894,2.20766,0.0112364,0.165729,0.961062,0.0389376,0.190255,0.477526,0.33222,0.715373,2.21604,0.95026,1.64464,2.1379,0.371128,-0.685993,-1.32118,0.185361,4.1058,-0.08392,-1.86453,1.64154,-1.69198,2.18011,-1.1297,1.57615,-1.87968,1.24469,0.0611601,1.1937,-1.48758,0.209455,0.0801742,-0.577299,1.88118,-1.24453,-0.0619271,-2.12806,2.5349,-0.799073,0.395576])
3.183781467195856
Max g: 0.14777156141239825
f_26([0.269769,-0.0486711,1.00623,-1.21733,2.20598,0.0112678,0.168911,0.964692,0.0353083,0.191272,0.477448,0.33128,0.713249,2.21627,0.950674,1.64452,2.1385,0.371304,-0.683074,-1.31779,0.189452,4.11993,-0.0904689,-1.87027,1.6451,-1.69439,2.17872,-1.12928,1.56748,-1.87591,1.2484,0.062602,1.20603,-1.50692,0.21698,0.0796618,-0.567042,1.87488,-1.24717,-0.0634279,-2.13904,2.55902,-0.811799,0.395222])
3.1815951453717677
Max g: 0.14495290420345436
f_27([0.268806,-0.0489732,1.00586,-1.21624,2.20539,0.0108398,0.17147,0.969161,0.0308395,0.194211,0.480358,0.325431,0.713234,2.21654,0.950949,1.64474,2.13696,0.372261,-0.680683,-1.31467,0.192373,4.12916,-0.0914494,-1.87745,1.64483,-1.69433,2.1802,-1.13077,1.56032,-1.87282,1.25143,0.0637522,1.21664,-1.52379,0.223593,0.0792478,-0.559688,1.8718,-1.25029,-0.0645396,-2.14758,2.57743,-0.82152,0.395006])
3.1805019844597235
Max g: 0.14263385063365414
f_28([0.26905,-0.0488229,1.00612,-1.21598,2.20483,0.0111242,0.175084,0.974575,0.0254254,0.195974,0.48017,0.323856,0.712315,2.21629,0.950586,1.64413,2.13687,0.372957,-0.677104,-1.31002,0.196509,4.14307,-0.091992,-1.88901,1.64607,-1.69514,2.17848,-1.12939,1.54972,-1.86845,1.2559,0.0653589,1.23333,-1.54949,0.233501,0.0786105,-0.549305,1.86716,-1.25454,-0.0661376,-2.15928,2.60309,-0.835081,0.394582])
3.1771231234588604
Max g: 0.1391793704118
f_29([0.269495,-0.0482119,1.00576,-1.21637,2.20133,0.0150269,0.177076,0.976477,0.0235234,0.194013,0.482487,0.3235,0.71261,2.2169,0.950105,1.64365,2.13745,0.373493,-0.673815,-1.30666,0.199743,4.15423,-0.0929677,-1.89779,1.64604,-1.69554,2.17852,-1.12912,1.54206,-1.86312,1.25717,0.0665612,1.2466,-1.56832,0.23982,0.0781153,-0.542281,1.86354,-1.25668,-0.067282,-2.16943,2.62184,-0.843495,0.394279])
3.1760299625468162
Max g: 0.13671331777319867
f_30([0.268941,-0.047638,1.00478,-1.21615,2.20139,0.0147618,0.180803,0.980339,0.0196613,0.194697,0.481549,0.323754,0.712991,2.21837,0.94982,1.64437,2.138,0.375227,-0.670738,-1.30225,0.203667,4.16601,-0.0938204,-1.90762,1.64665,-1.69621,2.17688,-1.12741,1.53088,-1.85769,1.26141,0.068167,1.26056,-1.59143,0.249387,0.0776314,-0.531269,1.85906,-1.26146,-0.0688454,-2.18124,2.64825,-0.858092,0.394055])
3.1743405320463847
{0.2689414874672732,-0.04763802376613538,1.0047816160540437,-1.2161484649615582,2.201385687785764,0.014761774004124846,0.1808033156924529,0.9803387194960916,0.01966127963035168,0.19469745432821808,0.4815485760429167,0.32375396701500087,0.7129905275538954,2.2183653695090935,0.9498200829293688,1.6443715685035838,2.13800329955817,0.37522707049585907,-0.6707378057597734,-1.302248997854037,0.20366719798924746,4.166014309012476,-0.09382036934105013,-1.9076217043335333,1.646654303479461,-1.6962079497246894,2.1768832783385985,-1.127407919450901,1.5308816736215922,-1.8576904251048063,1.2614102968448082,0.06816700929131267,1.2605622952007731,-1.591431815095179,0.24938669185337692,0.0776313857386398,-0.5312686157543632,1.8590551436957232,-1.2614622413007275,-0.06884539608629459,-2.1812363956276437,2.648254425119711,-0.8580919696671016,0.3940547659427852}]
Set[{A021,A031,A032,A041,A042,A043,A121,A131,A132,A141,A142,A143,B021,B031,B032,B041,B042,B043,B121,B131,B132,B141,B142,B143,\[Alpha]1,\[Alpha]2,\[Alpha]3,\[Alpha]4,\[Beta]11,\[Beta]12,\[Beta]13,\[Beta]14,\[Beta]21,\[Beta]22,\[Beta]23,\[Beta]24,\[Beta]31,\[Beta]32,\[Beta]33,\[Beta]34,\[Beta]41,\[Beta]42,\[Beta]43,\[Beta]44},{0.2689414874672732,-0.04763802376613538,1.0047816160540437,-1.2161484649615582,2.201385687785764,0.014761774004124846,0.1808033156924529,0.9803387194960916,0.01966127963035168,0.19469745432821808,0.4815485760429167,0.32375396701500087,0.7129905275538954,2.2183653695090935,0.9498200829293688,1.6443715685035838,2.13800329955817,0.37522707049585907,-0.6707378057597734,-1.302248997854037,0.20366719798924746,4.166014309012476,-0.09382036934105013,-1.9076217043335333,1.646654303479461,-1.6962079497246894,2.1768832783385985,-1.127407919450901,1.5308816736215922,-1.8576904251048063,1.2614102968448082,0.06816700929131267,1.2605622952007731,-1.591431815095179,0.24938669185337692,0.0776313857386398,-0.5312686157543632,1.8590551436957232,-1.2614622413007275,-0.06884539608629459,-2.1812363956276437,2.648254425119711,-0.8580919696671016,0.3940547659427852}]

Max g: 0.13350764015487265
f_31([0.268545,-0.0475484,1.00435,-1.21839,2.20251,0.0157487,0.182237,0.983308,0.0166923,0.195499,0.481908,0.322594,0.713861,2.21885,0.952232,1.64431,2.13846,0.37853,-0.668287,-1.29966,0.206023,4.17184,-0.0950516,-1.91256,1.64597,-1.6953,2.17648,-1.12738,1.52569,-1.8554,1.2633,0.0690781,1.26966,-1.60485,0.253975,0.0773658,-0.524862,1.85523,-1.26277,-0.0697852,-2.19004,2.66247,-0.864163,0.394212])
3.1701666449276713
Max g: 0.13176814643348164
f_32([0.272414,-0.0461124,1.00634,-1.21803,2.20351,0.0143726,0.183675,0.985333,0.0146667,0.195621,0.48195,0.322429,0.712887,2.21953,0.952555,1.64403,2.13941,0.378606,-0.6667,-1.29736,0.207291,4.17789,-0.0944377,-1.91803,1.64885,-1.69754,2.1769,-1.12809,1.52165,-1.85408,1.26526,0.0696418,1.27863,-1.61771,0.258729,0.0770431,-0.521154,1.8535,-1.26439,-0.0703599,-2.19409,2.67261,-0.869624,0.393929])
3.1688747274861644
Max g: 0.1301752220985535
f_33([0.27303,-0.0452947,1.0059,-1.21476,2.20136,0.0133909,0.184125,0.985099,0.0149008,0.192987,0.482353,0.32466,0.713648,2.21836,0.954103,1.64251,2.13806,0.378807,-0.665163,-1.29696,0.209931,4.18097,-0.0943358,-1.92092,1.64655,-1.69529,2.18091,-1.13214,1.51732,-1.85119,1.26556,0.0702815,1.28382,-1.62608,0.261633,0.0768603,-0.512136,1.8377,-1.25809,-0.0714121,-2.19983,2.68308,-0.874122,0.393926])
3.164005192514332
Max g: 0.12878013315947381
f_34([0.273131,-0.0448696,1.00554,-1.21459,2.20149,0.0129863,0.185784,0.987671,0.0123293,0.193773,0.482372,0.323855,0.713447,2.21831,0.95413,1.64232,2.13845,0.378811,-0.663395,-1.29473,0.211957,4.1867,-0.0946156,-1.92608,1.64671,-1.69539,2.1804,-1.13174,1.51307,-1.84888,1.26736,0.0710908,1.29061,-1.63633,0.265457,0.0766827,-0.506348,1.83682,-1.26125,-0.0721335,-2.20594,2.69563,-0.88066,0.393862])
3.162912031602288
Max g: 0.12740898529746583
f_35([0.272406,-0.0458646,1.0056,-1.21478,2.20048,0.0137628,0.188107,0.986486,0.0135143,0.194896,0.48393,0.321174,0.71365,2.2173,0.954296,1.6415,2.13927,0.377929,-0.660315,-1.29132,0.215049,4.19484,-0.0971789,-1.93124,1.64574,-1.69372,2.1792,-1.13088,1.50515,-1.84628,1.27061,0.0722544,1.30548,-1.65374,0.270822,0.0763792,-0.499661,1.83612,-1.26542,-0.0731609,-2.2166,2.71627,-0.890758,0.393922])
3.1667877839268077
Max g: 0.12520211825168784
f_36([0.271534,-0.0456178,1.00507,-1.21449,2.20068,0.0137937,0.190669,0.990611,0.00938948,0.197328,0.485606,0.317066,0.713041,2.21699,0.953767,1.64088,2.13889,0.37758,-0.65806,-1.28769,0.217349,4.20532,-0.0986728,-1.93945,1.64585,-1.69428,2.17969,-1.13128,1.49683,-1.84078,1.27289,0.073362,1.31365,-1.67186,0.279079,0.0759889,-0.492426,1.83293,-1.2687,-0.0742614,-2.22519,2.73472,-0.900763,0.393665])
3.165794001279495
Max g: 0.12276022037235398
f_37([0.27143,-0.0456261,1.00474,-1.21412,2.20105,0.0130439,0.191954,0.990586,0.00941401,0.197775,0.487154,0.315071,0.713609,2.21629,0.953932,1.64282,2.13874,0.376766,-0.656916,-1.28608,0.218752,4.20975,-0.0991327,-1.94279,1.64626,-1.69549,2.17917,-1.1299,1.49396,-1.83915,1.27423,0.0739247,1.31882,-1.67988,0.282268,0.0758483,-0.486409,1.82898,-1.26962,-0.0748497,-2.22919,2.74494,-0.906596,0.393536])
3.167284675250464
Max g: 0.12165462172957783
f_38([0.270642,-0.0485347,1.00664,-1.21321,2.20097,0.0121444,0.193701,0.992673,0.00732676,0.200022,0.484648,0.31533,0.714511,2.21692,0.952804,1.64273,2.13855,0.376835,-0.654746,-1.2833,0.221453,4.21719,-0.0996897,-1.94978,1.64562,-1.69576,2.18029,-1.13013,1.48086,-1.82882,1.27438,0.075122,1.32533,-1.6907,0.286539,0.0757013,-0.480715,1.82572,-1.2718,-0.0759172,-2.23708,2.75954,-0.914051,0.393465])
3.1700672666629397
Max g: 0.12012372452589845
f_39([0.270464,-0.048421,1.00648,-1.21402,2.20169,0.0123163,0.194398,0.994105,0.00589543,0.199725,0.484186,0.316089,0.71415,2.2168,0.952491,1.64269,2.13908,0.3762,-0.653277,-1.28204,0.222657,4.22337,-0.100699,-1.95354,1.64599,-1.69619,2.17973,-1.12958,1.47911,-1.82677,1.27428,0.0754986,1.33276,-1.7002,0.289474,0.0754283,-0.478724,1.8254,-1.27288,-0.0762212,-2.24086,2.76773,-0.917671,0.393152])
3.1703654014571336
Max g: 0.11895855730052492
f_40([0.270077,-0.0487984,1.00634,-1.21543,2.20288,0.0125364,0.195433,0.995497,0.00450267,0.198195,0.486729,0.315077,0.715073,2.21685,0.952797,1.64358,2.13974,0.375922,-0.652432,-1.28125,0.224099,4.22722,-0.101496,-1.9561,1.64588,-1.69642,2.17971,-1.12903,1.47613,-1.8254,1.27547,0.0759303,1.33601,-1.70677,0.292437,0.0753049,-0.475828,1.82428,-1.27419,-0.0766428,-2.24415,2.77539,-0.921934,0.393006])
3.1694709970745523
{0.2700766675189929,-0.04879841277775291,1.0063424767040978,-1.2154255137940193,2.202878099698396,0.012536428506858788,0.19543304841334835,0.9954973331873364,0.004502666812663763,0.19819460336441788,0.4867287750046872,0.3150766216308948,0.7150727272732483,2.216849624901722,0.9527970160395435,1.6435753814352752,2.1397428788093222,0.37592216727775485,-0.6524321231232928,-1.2812523944352179,0.22409865239343643,4.227217166999341,-0.10149612126551223,-1.9561032841224615,1.6458784674161324,-1.6964233795805315,2.1797148694265496,-1.1290306687104468,1.476126349110168,-1.8254048097852706,1.2754682100836772,0.07593025585410067,1.3360065428196108,-1.7067729877680342,0.2924369624510784,0.07530486208072235,-0.47582781902731974,1.8242807114775081,-1.2741882538617182,-0.07664279665521112,-2.2441536007191942,2.775386154735326,-0.9219337093411444,0.39300570222617665}]
Set[{A021,A031,A032,A041,A042,A043,A121,A131,A132,A141,A142,A143,B021,B031,B032,B041,B042,B043,B121,B131,B132,B141,B142,B143,\[Alpha]1,\[Alpha]2,\[Alpha]3,\[Alpha]4,\[Beta]11,\[Beta]12,\[Beta]13,\[Beta]14,\[Beta]21,\[Beta]22,\[Beta]23,\[Beta]24,\[Beta]31,\[Beta]32,\[Beta]33,\[Beta]34,\[Beta]41,\[Beta]42,\[Beta]43,\[Beta]44},{0.2700766675189929,-0.04879841277775291,1.0063424767040978,-1.2154255137940193,2.202878099698396,0.012536428506858788,0.19543304841334835,0.9954973331873364,0.004502666812663763,0.19819460336441788,0.4867287750046872,0.3150766216308948,0.7150727272732483,2.216849624901722,0.9527970160395435,1.6435753814352752,2.1397428788093222,0.37592216727775485,-0.6524321231232928,-1.2812523944352179,0.22409865239343643,4.227217166999341,-0.10149612126551223,-1.9561032841224615,1.6458784674161324,-1.6964233795805315,2.1797148694265496,-1.1290306687104468,1.476126349110168,-1.8254048097852706,1.2754682100836772,0.07593025585410067,1.3360065428196108,-1.7067729877680342,0.2924369624510784,0.07530486208072235,-0.47582781902731974,1.8242807114775081,-1.2741882538617182,-0.07664279665521112,-2.2441536007191942,2.775386154735326,-0.9219337093411444,0.39300570222617665}]

Max g: 0.11795274287219129
f_41([0.268453,-0.0490302,1.00503,-1.21559,2.20076,0.0145005,0.196449,0.99938,0.000614689,0.202405,0.483395,0.314199,0.716201,2.21516,0.956985,1.64467,2.13994,0.37813,-0.648076,-1.27723,0.22604,4.23293,-0.103159,-1.96282,1.64618,-1.69774,2.18115,-1.12978,1.47077,-1.82266,1.27615,0.0769775,1.34627,-1.72224,0.296742,0.0749887,-0.470879,1.82277,-1.27577,-0.0775754,-2.27361,2.80915,-0.931887,0.394356])
3.168377836162508
Max g: 0.1162681365664797
f_42([0.269164,-0.0484631,1.00485,-1.21572,2.20068,0.015032,0.198809,1.00303,-0.0030274,0.20406,0.483966,0.311974,0.716905,2.21454,0.956569,1.64461,2.13948,0.377859,-0.645769,-1.27395,0.228643,4.24061,-0.103725,-1.96777,1.64564,-1.69777,2.18174,-1.1296,1.46436,-1.81842,1.27842,0.0779646,1.35815,-1.73848,0.30248,0.074706,-0.463259,1.81742,-1.2775,-0.0786222,-2.27562,2.82673,-0.943336,0.393843])
3.1648995968969134
Max g: 0.11400781324694823
f_43([0.270844,-0.0462503,1.00347,-1.21502,2.202,0.0130053,0.200491,1.00344,-0.00343596,0.20354,0.486421,0.310039,0.717318,2.2137,0.955351,1.64546,2.14027,0.375102,-0.64551,-1.27261,0.229627,4.24406,-0.104249,-1.96995,1.6448,-1.6987,2.18209,-1.12869,1.45738,-1.81171,1.27838,0.078557,1.36112,-1.74525,0.306443,0.074626,-0.459823,1.81637,-1.27988,-0.0790783,-2.27763,2.83665,-0.950801,0.393646])
3.1669865404562705
Max g: 0.11292696252095369
f_44([0.270809,-0.0460945,1.00303,-1.21558,2.20194,0.0135724,0.202712,1.00958,-0.00958246,0.204804,0.485963,0.309233,0.718231,2.21251,0.955791,1.64504,2.14056,0.374427,-0.644111,-1.27036,0.231361,4.2514,-0.104446,-1.97589,1.64317,-1.69633,2.18113,-1.12791,1.45245,-1.81071,1.28155,0.079235,1.37035,-1.7625,0.31447,0.0742583,-0.453881,1.81348,-1.28223,-0.0797718,-2.28339,2.85155,-0.959732,0.39332])
3.162912031602288
Max g: 0.11058052321556786
f_45([0.271416,-0.0463697,1.0036,-1.21397,2.20049,0.0134642,0.205356,1.01133,-0.0113303,0.202982,0.489393,0.307624,0.718892,2.21331,0.955284,1.64646,2.14148,0.374106,-0.642135,-1.26693,0.233598,4.25946,-0.106228,-1.98158,1.64371,-1.6977,2.18068,-1.12666,1.44355,-1.80708,1.28527,0.0802612,1.38132,-1.78013,0.322052,0.0740103,-0.445993,1.81013,-1.28578,-0.0808014,-2.28925,2.86814,-0.970163,0.393106])
3.161818870690244
Max g: 0.10828516480828998
f_46([0.270617,-0.0463614,1.00337,-1.21317,2.20027,0.0128763,0.207557,1.01439,-0.0143918,0.203145,0.490944,0.305911,0.717534,2.21346,0.955033,1.64481,2.14143,0.374711,-0.640377,-1.26419,0.235436,4.26744,-0.104642,-1.98982,1.64466,-1.6979,2.18034,-1.12715,1.43792,-1.80432,1.28774,0.0810414,1.39002,-1.79576,0.329054,0.073697,-0.438728,1.80613,-1.288,-0.0815827,-2.29642,2.88554,-0.980127,0.392768])
3.159632548866156
Max g: 0.10618845154305678
f_47([0.270666,-0.0461696,1.00341,-1.21356,2.2003,0.0131696,0.208904,1.01633,-0.0163308,0.199454,0.49394,0.306602,0.716706,2.21373,0.955076,1.64399,2.14182,0.374501,-0.639159,-1.26214,0.236309,4.27409,-0.107261,-1.99289,1.64502,-1.69777,2.1805,-1.12799,1.43379,-1.80284,1.28966,0.0814772,1.39783,-1.80881,0.334724,0.0734524,-0.436465,1.8033,-1.28861,-0.08207,-2.30034,2.89485,-0.985539,0.392514])
3.156452444394755
Max g: 0.10464306480046298
f_48([0.271535,-0.0458499,1.00377,-1.21399,2.20073,0.013257,0.209911,1.01683,-0.0168349,0.20068,0.494533,0.304788,0.717058,2.2136,0.955144,1.644,2.14195,0.374625,-0.638077,-1.26099,0.237627,4.27868,-0.108764,-1.99544,1.64493,-1.69764,2.18034,-1.12764,1.4312,-1.80259,1.29139,0.0818806,1.40422,-1.81846,0.338485,0.0732374,-0.431375,1.80109,-1.28977,-0.0825062,-2.30327,2.9026,-0.989848,0.392345])
3.1557567965416364
Max g: 0.10331489257088217
f_49([0.272108,-0.0489068,1.00711,-1.21371,2.20052,0.0131853,0.211607,1.01929,-0.0192928,0.201232,0.494656,0.304113,0.717561,2.21374,0.955078,1.64521,2.1418,0.374106,-0.636759,-1.2589,0.239378,4.28507,-0.108568,-2.00105,1.64447,-1.69762,2.18045,-1.12739,1.4243,-1.79717,1.29231,0.0826339,1.41115,-1.83046,0.343861,0.0730507,-0.424805,1.79635,-1.29099,-0.0832378,-2.30664,2.91396,-0.997218,0.392005])
3.15605493133583
Max g: 0.10166842600172118
f_50([0.272744,-0.0485307,1.00725,-1.2136,2.20038,0.0131654,0.212619,1.02085,-0.0208498,0.203653,0.493326,0.30302,0.717438,2.21363,0.955291,1.6449,2.14188,0.374513,-0.636079,-1.25762,0.240026,4.28816,-0.109343,-2.0031,1.64488,-1.698,2.18043,-1.12738,1.42155,-1.79585,1.29346,0.0829835,1.41458,-1.83707,0.347011,0.0729469,-0.421662,1.7948,-1.29216,-0.0835739,-2.31001,2.92195,-1.00192,0.391958])
3.1553592834827113
{0.27274396133118217,-0.0485306958237082,1.0072521906599112,-1.2136009058904738,2.2003808234152897,0.013165422155460259,0.21261874278991072,1.0208497702173864,-0.020849770217382588,0.20365345254153075,0.49332643509707874,0.3030201123613941,0.7174379436858631,2.213633235746022,0.9552911009552952,1.6449042256811277,2.1418751854946616,0.3745128927450421,-0.6360791460411501,-1.257615984857982,0.2400263895658663,4.288161646826014,-0.10934340537277451,-2.003100138741204,1.6448814691448463,-1.6979963623560743,2.1804288739092037,-1.1273774944384185,1.4215512533634245,-1.795847515547949,1.2934551386180504,0.08298347853641917,1.414577759816539,-1.8370674806424856,0.347011028845687,0.07294689416722396,-0.4216616871587724,1.7948008659429373,-1.2921597315550584,-0.08357387129219342,-2.310013882624986,2.9219516362149203,-1.0019167890314544,0.39195769000816605}]
Set[{A021,A031,A032,A041,A042,A043,A121,A131,A132,A141,A142,A143,B021,B031,B032,B041,B042,B043,B121,B131,B132,B141,B142,B143,\[Alpha]1,\[Alpha]2,\[Alpha]3,\[Alpha]4,\[Beta]11,\[Beta]12,\[Beta]13,\[Beta]14,\[Beta]21,\[Beta]22,\[Beta]23,\[Beta]24,\[Beta]31,\[Beta]32,\[Beta]33,\[Beta]34,\[Beta]41,\[Beta]42,\[Beta]43,\[Beta]44},{0.27274396133118217,-0.0485306958237082,1.0072521906599112,-1.2136009058904738,2.2003808234152897,0.013165422155460259,0.21261874278991072,1.0208497702173864,-0.020849770217382588,0.20365345254153075,0.49332643509707874,0.3030201123613941,0.7174379436858631,2.213633235746022,0.9552911009552952,1.6449042256811277,2.1418751854946616,0.3745128927450421,-0.6360791460411501,-1.257615984857982,0.2400263895658663,4.288161646826014,-0.10934340537277451,-2.003100138741204,1.6448814691448463,-1.6979963623560743,2.1804288739092037,-1.1273774944384185,1.4215512533634245,-1.795847515547949,1.2934551386180504,0.08298347853641917,1.414577759816539,-1.8370674806424856,0.347011028845687,0.07294689416722396,-0.4216616871587724,1.7948008659429373,-1.2921597315550584,-0.08357387129219342,-2.310013882624986,2.9219516362149203,-1.0019167890314544,0.39195769000816605}]

Max g: 0.10078347832329562
f_51([0.272779,-0.0481857,1.00675,-1.21398,2.19839,0.0155281,0.214346,1.02472,-0.0247245,0.207062,0.497929,0.295008,0.718068,2.21254,0.956536,1.64453,2.14207,0.375798,-0.63472,-1.25516,0.241529,4.29246,-0.110421,-2.0068,1.6445,-1.69765,2.17963,-1.12634,1.41598,-1.79339,1.29591,0.0837675,1.41988,-1.84706,0.351729,0.0728721,-0.413348,1.78962,-1.29375,-0.084372,-2.31592,2.93474,-1.00949,0.392052])
3.1522785572760417
Max g: 0.09941979939557755
f_52([0.272837,-0.0489067,1.00732,-1.21452,2.19893,0.0155617,0.215446,1.02588,-0.0258802,0.208112,0.497897,0.293991,0.718727,2.21288,0.955971,1.64436,2.14197,0.376351,-0.633865,-1.25388,0.24271,4.29629,-0.110746,-2.01001,1.64403,-1.69798,2.18012,-1.12621,1.41064,-1.78968,1.29663,0.0842679,1.42461,-1.85545,0.355581,0.072754,-0.409734,1.78663,-1.29442,-0.0848631,-2.31868,2.94253,-1.01434,0.391921])
3.1526760703349668
Max g: 0.09827231368508899
f_53([0.273968,-0.0475955,1.00665,-1.21381,2.19828,0.0154927,0.215829,1.02766,-0.027663,0.207836,0.497778,0.294386,0.719165,2.21265,0.955444,1.64475,2.14174,0.375694,-0.632666,-1.2529,0.24384,4.2973,-0.111585,-2.01079,1.64314,-1.69759,2.18013,-1.12582,1.40859,-1.78844,1.29707,0.0846742,1.42837,-1.86054,0.357003,0.0727138,-0.406046,1.78432,-1.29475,-0.0852723,-2.3235,2.94918,-1.01674,0.39213])
3.149893478922491
Max g: 0.09759534269836463
f_54([0.273936,-0.0469633,1.00665,-1.21445,2.195,0.0194562,0.218077,1.03242,-0.0324216,0.20684,0.497698,0.295462,0.718448,2.21566,0.955125,1.64503,2.14211,0.375507,-0.631288,-1.24989,0.245166,4.30566,-0.113504,-2.01618,1.64241,-1.69438,2.1797,-1.12767,1.40145,-1.78403,1.29922,0.0854584,1.43651,-1.87509,0.36391,0.0724986,-0.398187,1.7789,-1.29651,-0.0860577,-2.32817,2.96479,-1.02705,0.391817])
3.141943217743989
Max g: 0.09573276719511226
f_55([0.27448,-0.0472986,1.00731,-1.21201,2.18834,0.0236634,0.220978,1.03589,-0.0358935,0.211932,0.493723,0.294345,0.718869,2.21594,0.955521,1.64699,2.14341,0.373918,-0.62994,-1.24679,0.247163,4.31198,-0.112701,-2.02263,1.64256,-1.69507,2.17955,-1.12714,1.39244,-1.77959,1.30273,0.0864493,1.44381,-1.89003,0.371777,0.0723646,-0.387788,1.77177,-1.29877,-0.0870892,-2.33385,2.98395,-1.04019,0.391576])
3.1384649784783942
Max g: 0.09356436024640408
f_56([0.275109,-0.0470591,1.00751,-1.2125,2.18898,0.0227975,0.221819,1.035,-0.034999,0.213078,0.495349,0.291573,0.717111,2.21559,0.955978,1.64626,2.14219,0.373741,-0.629436,-1.24703,0.249074,4.31914,-0.114873,-2.02545,1.64221,-1.69474,2.18098,-1.12947,1.39065,-1.77771,1.30308,0.0867271,1.44556,-1.89336,0.373452,0.0722708,-0.384237,1.77076,-1.30023,-0.0873243,-2.33369,2.98735,-1.04309,0.3908])
3.1400550307140946
Max g: 0.0927586673739079
f_57([0.276225,-0.0463292,1.00787,-1.21143,2.18793,0.0234364,0.223407,1.03717,-0.0371736,0.211659,0.49665,0.291691,0.717932,2.21423,0.956452,1.64518,2.14192,0.373391,-0.627842,-1.24357,0.249563,4.32542,-0.116665,-2.03055,1.64237,-1.69422,2.18199,-1.13016,1.38372,-1.77417,1.30511,0.0874216,1.4536,-1.90796,0.380041,0.072069,-0.378069,1.76582,-1.3012,-0.0880474,-2.33999,3.00044,-1.05039,0.390964])
3.1371730610368878
Max g: 0.09119499992374172
f_58([0.276465,-0.0462312,1.00758,-1.21223,2.18817,0.0240117,0.224657,1.03897,-0.0389685,0.211487,0.496898,0.291614,0.718865,2.21391,0.95597,1.64501,2.1419,0.373639,-0.627133,-1.24212,0.250202,4.32918,-0.116867,-2.03326,1.64158,-1.69424,2.18206,-1.1294,1.37992,-1.77172,1.30611,0.0877735,1.45892,-1.91748,0.384591,0.0719018,-0.375438,1.76422,-1.30231,-0.0883885,-2.34275,3.00986,-1.05652,0.390773])
3.13578176533065
Max g: 0.08993709299612457
f_59([0.27611,-0.0468241,1.00779,-1.21251,2.18825,0.0242528,0.225702,1.04277,-0.042771,0.211344,0.496819,0.291837,0.719431,2.21416,0.955993,1.64448,2.14239,0.374227,-0.626125,-1.24061,0.251188,4.33248,-0.116722,-2.03667,1.64086,-1.69382,2.18221,-1.12934,1.37684,-1.77085,1.30781,0.0882141,1.46453,-1.9271,0.388821,0.0717753,-0.370878,1.76172,-1.30352,-0.0888312,-2.34574,3.01685,-1.06066,0.390711])
3.131309743417743
Max g: 0.0887298559281946
f_60([0.276389,-0.0461522,1.00713,-1.21232,2.18562,0.0262705,0.227127,1.04732,-0.0473213,0.212376,0.49944,0.288184,0.719085,2.21457,0.955167,1.64462,2.14209,0.373795,-0.625365,-1.23879,0.252153,4.33681,-0.117136,-2.04045,1.64149,-1.69415,2.18215,-1.12933,1.37171,-1.76743,1.309,0.0887992,1.46801,-1.93483,0.39297,0.0717207,-0.364687,1.75859,-1.30531,-0.0893607,-2.34789,3.02507,-1.06661,0.390562])
3.127334612828492
{0.2763894920425043,-0.04615217110896444,1.0071256864759817,-1.2123182244321884,2.185615144098966,0.02627045710361316,0.22712673340192616,1.0473212807857022,-0.0473212807856995,0.2123761950531218,0.4994396999025465,0.2881841050443316,0.7190845153138843,2.214567576305991,0.9551665349910569,1.6446177325114877,2.1420901689179632,0.3737945099945511,-0.625365476294347,-1.238790150546339,0.25215317574031454,4.336814948845512,-0.1171361041257361,-2.0404532714814527,1.6414917794505373,-1.6941523155915499,2.182147060013543,-1.1293317980189195,1.3717064603510352,-1.7674292210176366,1.3089994044646498,0.08879922594663589,1.4680083958173271,-1.93482599573573,0.3929701924352205,0.071720685710154,-0.3646867929192706,1.7585904041404958,-1.3053050448034378,-0.0893606662824303,-2.3478927666972367,3.025069932624508,-1.0666146761948672,0.39056242858406853}]
Set[{A021,A031,A032,A041,A042,A043,A121,A131,A132,A141,A142,A143,B021,B031,B032,B041,B042,B043,B121,B131,B132,B141,B142,B143,\[Alpha]1,\[Alpha]2,\[Alpha]3,\[Alpha]4,\[Beta]11,\[Beta]12,\[Beta]13,\[Beta]14,\[Beta]21,\[Beta]22,\[Beta]23,\[Beta]24,\[Beta]31,\[Beta]32,\[Beta]33,\[Beta]34,\[Beta]41,\[Beta]42,\[Beta]43,\[Beta]44},{0.2763894920425043,-0.04615217110896444,1.0071256864759817,-1.2123182244321884,2.185615144098966,0.02627045710361316,0.22712673340192616,1.0473212807857022,-0.0473212807856995,0.2123761950531218,0.4994396999025465,0.2881841050443316,0.7190845153138843,2.214567576305991,0.9551665349910569,1.6446177325114877,2.1420901689179632,0.3737945099945511,-0.625365476294347,-1.238790150546339,0.25215317574031454,4.336814948845512,-0.1171361041257361,-2.0404532714814527,1.6414917794505373,-1.6941523155915499,2.182147060013543,-1.1293317980189195,1.3717064603510352,-1.7674292210176366,1.3089994044646498,0.08879922594663589,1.4680083958173271,-1.93482599573573,0.3929701924352205,0.071720685710154,-0.3646867929192706,1.7585904041404958,-1.3053050448034378,-0.0893606662824303,-2.3478927666972367,3.025069932624508,-1.0666146761948672,0.39056242858406853}]

Max g: 0.08767423215310838
f_61([0.274578,-0.0484532,1.00833,-1.20922,2.18396,0.0252135,0.228297,1.05009,-0.0500853,0.211506,0.498495,0.289999,0.718606,2.21378,0.95543,1.64408,2.14228,0.373628,-0.624795,-1.23764,0.252722,4.34125,-0.119039,-2.04195,1.64184,-1.69466,2.18189,-1.12909,1.36736,-1.76444,1.30979,0.0890698,1.47286,-1.94453,0.397897,0.0715228,-0.363826,1.75676,-1.30558,-0.089641,-2.35108,3.0346,-1.07266,0.39034])
3.1265395867106416
Max g: 0.08633519288012353
f_62([0.275234,-0.0483737,1.00849,-1.20831,2.17918,0.0288075,0.229046,1.05125,-0.0512487,0.212126,0.497944,0.28993,0.718586,2.21359,0.954858,1.644,2.14219,0.372959,-0.62434,-1.23671,0.253346,4.34349,-0.11788,-2.04517,1.64162,-1.69475,2.1821,-1.12906,1.36485,-1.76299,1.31063,0.0893673,1.47455,-1.94791,0.399674,0.0715081,-0.360289,1.7553,-1.30675,-0.0899216,-2.35229,3.039,-1.07576,0.390213])
3.1248501562102096
Max g: 0.08585793338334739
f_63([0.27547,-0.0476789,1.00819,-1.20858,2.17938,0.0291773,0.229794,1.05218,-0.0521794,0.21202,0.49898,0.289,0.718371,2.21298,0.954877,1.64461,2.14193,0.37175,-0.623837,-1.23575,0.253836,4.34561,-0.118038,-2.04693,1.64184,-1.69488,2.18214,-1.12911,1.36254,-1.76143,1.31125,0.0896359,1.47789,-1.95497,0.403161,0.0714048,-0.357875,1.75432,-1.30783,-0.0901615,-2.35364,3.04303,-1.07852,0.390114])
3.1248501562102096
Max g: 0.08493324468113246
f_64([0.273396,-0.0488735,1.00776,-1.20833,2.17921,0.0291173,0.231049,1.05435,-0.0543506,0.210828,0.500911,0.288261,0.718386,2.21286,0.954579,1.64413,2.14228,0.371097,-0.622919,-1.23411,0.25477,4.35176,-0.119276,-2.05091,1.64132,-1.69418,2.18211,-1.1292,1.35735,-1.75756,1.31198,0.0900838,1.48361,-1.96458,0.407648,0.0712468,-0.354202,1.75169,-1.30883,-0.0905851,-2.35632,3.05202,-1.08445,0.389815])
3.1233594822392408
Max g: 0.08370090468854187
f_65([0.273829,-0.0479376,1.00731,-1.20804,2.17838,0.0296542,0.231756,1.0546,-0.0545981,0.211964,0.499454,0.288582,0.717401,2.21285,0.953159,1.64416,2.14058,0.371031,-0.622116,-1.23326,0.255868,4.35381,-0.119646,-2.05243,1.64206,-1.69446,2.1812,-1.1286,1.35312,-1.75384,1.31193,0.0904873,1.4868,-1.96935,0.409498,0.0712267,-0.351827,1.75042,-1.30968,-0.0909508,-2.35862,3.05852,-1.08832,0.389765])
3.1236576170334343
Max g: 0.08300077072936776
f_66([0.273733,-0.0479157,1.00704,-1.20643,2.17932,0.0270776,0.233148,1.05701,-0.0570105,0.214029,0.498322,0.287649,0.717602,2.21296,0.952758,1.64433,2.14024,0.370807,-0.621103,-1.23106,0.256692,4.36058,-0.12105,-2.05723,1.6416,-1.6946,2.18196,-1.12899,1.34647,-1.74753,1.31186,0.0910782,1.49176,-1.97966,0.414779,0.0710771,-0.346134,1.74653,-1.3109,-0.0914732,-2.36225,3.0684,-1.0947,0.389515])
3.124552021416016
Max g: 0.08168827354490288
f_67([0.273683,-0.0482762,1.00734,-1.20689,2.17914,0.0275725,0.233983,1.05683,-0.0568299,0.216423,0.496918,0.286659,0.71728,2.21272,0.952742,1.64429,2.13992,0.37127,-0.62066,-1.23024,0.257258,4.36537,-0.121953,-2.05972,1.64179,-1.69484,2.18128,-1.12838,1.34418,-1.746,1.31248,0.0912604,1.49434,-1.98417,0.416971,0.0709808,-0.343945,1.74535,-1.31173,-0.09164,-2.36315,3.07435,-1.09892,0.389107])
3.1259433171222537
Max g: 0.08104579582798273
f_68([0.273652,-0.0482333,1.00718,-1.20588,2.17827,0.0276035,0.235577,1.0585,-0.0585025,0.217503,0.496523,0.285974,0.717852,2.21232,0.952636,1.64397,2.13974,0.371293,-0.619609,-1.22824,0.258546,4.37059,-0.122597,-2.06421,1.641,-1.69417,2.18137,-1.12822,1.33893,-1.74402,1.31498,0.0918579,1.49968,-1.99491,0.422438,0.070892,-0.337264,1.74122,-1.31332,-0.0922705,-2.36601,3.08323,-1.10519,0.388941])
3.124552021416016
Max g: 0.07961203584838954
f_69([0.272739,-0.0480813,1.00627,-1.20451,2.1793,0.0251424,0.23697,1.06057,-0.0605717,0.218635,0.494947,0.286418,0.718193,2.21355,0.951845,1.6444,2.14026,0.370899,-0.618774,-1.22671,0.259603,4.37598,-0.122461,-2.06883,1.64059,-1.69344,2.18102,-1.12804,1.33422,-1.74103,1.3162,0.0923088,1.5042,-2.00408,0.427179,0.0707646,-0.332526,1.73787,-1.31434,-0.0927202,-2.36882,3.09304,-1.1118,0.388627])
3.123856373562897
Max g: 0.07832594234473653
f_70([0.272854,-0.0477127,1.00605,-1.2076,2.18167,0.0258575,0.237936,1.06106,-0.0610603,0.219444,0.49437,0.286185,0.717901,2.21355,0.951787,1.64458,2.1397,0.371111,-0.618235,-1.22545,0.260153,4.37867,-0.122702,-2.07116,1.64041,-1.6932,2.1807,-1.12795,1.33017,-1.73827,1.31698,0.092654,1.50782,-2.01133,0.430915,0.0706903,-0.329614,1.73623,-1.31542,-0.0930522,-2.37028,3.09846,-1.1158,0.388533])
3.122465077856659
{0.2728542797633078,-0.047712704292553774,1.0060518190051402,-1.2075956788574944,2.181666790408864,0.025857519637508642,0.23793558894710798,1.0610603242711587,-0.06106032427115871,0.21944425045561067,0.49437040361279116,0.2861853459315982,0.7179011066806261,2.213553017689837,0.9517873000495831,1.6445815981005096,2.1396984372892534,0.37111085311239356,-0.6182345473422725,-1.2254459757270184,0.26015307132339904,4.3786738103542175,-0.12270215061071582,-2.0711601871614693,1.64040711049724,-1.6931961556818853,2.180698945378549,-1.1279495729043596,1.3301717847976782,-1.7382710399010133,1.3169820711181677,0.0926539902050051,1.5078201725617577,-2.0113297845271014,0.43091534533072645,0.07069032737499253,-0.32961399256719914,1.736225980674013,-1.315418506013181,-0.09305216903680953,-2.3702814099105516,3.098456058068832,-1.115799044084354,0.3885331893928908}]
Set[{A021,A031,A032,A041,A042,A043,A121,A131,A132,A141,A142,A143,B021,B031,B032,B041,B042,B043,B121,B131,B132,B141,B142,B143,\[Alpha]1,\[Alpha]2,\[Alpha]3,\[Alpha]4,\[Beta]11,\[Beta]12,\[Beta]13,\[Beta]14,\[Beta]21,\[Beta]22,\[Beta]23,\[Beta]24,\[Beta]31,\[Beta]32,\[Beta]33,\[Beta]34,\[Beta]41,\[Beta]42,\[Beta]43,\[Beta]44},{0.2728542797633078,-0.047712704292553774,1.0060518190051402,-1.2075956788574944,2.181666790408864,0.025857519637508642,0.23793558894710798,1.0610603242711587,-0.06106032427115871,0.21944425045561067,0.49437040361279116,0.2861853459315982,0.7179011066806261,2.213553017689837,0.9517873000495831,1.6445815981005096,2.1396984372892534,0.37111085311239356,-0.6182345473422725,-1.2254459757270184,0.26015307132339904,4.3786738103542175,-0.12270215061071582,-2.0711601871614693,1.64040711049724,-1.6931961556818853,2.180698945378549,-1.1279495729043596,1.3301717847976782,-1.7382710399010133,1.3169820711181677,0.0926539902050051,1.5078201725617577,-2.0113297845271014,0.43091534533072645,0.07069032737499253,-0.32961399256719914,1.736225980674013,-1.315418506013181,-0.09305216903680953,-2.3702814099105516,3.098456058068832,-1.115799044084354,0.3885331893928908}]

Max g: 0.07738543319821302
f_71([0.272733,-0.0485391,1.00669,-1.20727,2.18003,0.0271608,0.23899,1.06531,-0.0653105,0.219908,0.492318,0.287774,0.717979,2.21414,0.950715,1.64371,2.13925,0.371159,-0.617864,-1.22395,0.26019,4.38217,-0.122981,-2.07372,1.64018,-1.69322,2.182,-1.129,1.32732,-1.73564,1.3174,0.092921,1.51251,-2.02081,0.435937,0.0705288,-0.326096,1.73344,-1.31602,-0.0932919,-2.37115,3.10407,-1.12029,0.388325])
3.1183905690026767
Max g: 0.07623348021299332
f_72([0.272681,-0.0482963,1.00632,-1.20901,2.18087,0.0277144,0.239537,1.06662,-0.0666193,0.22018,0.492199,0.287621,0.718154,2.21504,0.950591,1.64436,2.13948,0.371041,-0.617247,-1.22268,0.260742,4.38383,-0.122783,-2.07547,1.64055,-1.6929,2.18244,-1.12944,1.32527,-1.73472,1.31834,0.093197,1.51467,-2.02563,0.43826,0.0705301,-0.323118,1.73212,-1.3175,-0.0935675,-2.37218,3.10774,-1.1228,0.38828])
3.116899895031708
Max g: 0.07562209001818024
f_73([0.272141,-0.0490434,1.00681,-1.20846,2.18084,0.0273795,0.241224,1.06958,-0.0695817,0.220476,0.493006,0.286518,0.71792,2.21468,0.951032,1.64451,2.13908,0.371225,-0.616259,-1.22132,0.262273,4.39028,-0.123159,-2.08086,1.64076,-1.69298,2.18167,-1.12912,1.31835,-1.73097,1.32013,0.0937705,1.52009,-2.03532,0.443138,0.0704061,-0.317773,1.72791,-1.31793,-0.0941559,-2.37555,3.11879,-1.13034,0.387941])
3.1135210340308443
Max g: 0.07422499339416197
f_74([0.271724,-0.0522207,1.0099,-1.21026,2.18432,0.0258785,0.24354,1.07084,-0.0708361,0.222269,0.49402,0.283711,0.717228,2.21393,0.951268,1.64354,2.13966,0.370418,-0.615052,-1.21869,0.26341,4.39509,-0.122761,-2.08565,1.64057,-1.69269,2.18165,-1.12946,1.31145,-1.72598,1.3217,0.094477,1.53149,-2.0591,0.455396,0.0700771,-0.3111,1.72469,-1.32059,-0.0948097,-2.37949,3.13208,-1.13977,0.387755])
3.116204247178589
Max g: 0.07113225637448428
f_75([0.2716,-0.0522973,1.01018,-1.21041,2.18467,0.025669,0.244452,1.07172,-0.0717227,0.221287,0.494301,0.284412,0.716173,2.21362,0.951672,1.64368,2.13898,0.370921,-0.614362,-1.21742,0.26415,4.39873,-0.123104,-2.08842,1.64261,-1.69444,2.18163,-1.12963,1.30788,-1.72348,1.32246,0.0948249,1.53492,-2.0646,0.457941,0.0700345,-0.307013,1.72159,-1.32113,-0.0951658,-2.3809,3.13846,-1.1443,0.387557])
3.115607977590201
Max g: 0.07040736813848734
f_76([0.271617,-0.0519947,1.01021,-1.21081,2.18567,0.0251236,0.246034,1.07317,-0.07317,0.221291,0.493593,0.285117,0.715515,2.21391,0.952265,1.64513,2.13756,0.372133,-0.613319,-1.21521,0.265069,4.40475,-0.123402,-2.09327,1.64429,-1.69597,2.18133,-1.12955,1.3025,-1.72068,1.32436,0.0953311,1.5398,-2.07332,0.462295,0.0699645,-0.301133,1.71777,-1.32258,-0.0956827,-2.38391,3.14973,-1.15213,0.387252])
3.1132228992366504
Max g: 0.0692918660936505
f_77([0.271648,-0.0464595,1.00456,-1.21166,2.18625,0.0251395,0.246581,1.07391,-0.0739111,0.221457,0.493631,0.284912,0.715187,2.21418,0.952299,1.64503,2.13718,0.372555,-0.612345,-1.21397,0.265648,4.4086,-0.123457,-2.09628,1.64443,-1.69553,2.1815,-1.12997,1.30047,-1.72048,1.32557,0.0955677,1.54361,-2.07897,0.464334,0.0698511,-0.298328,1.71568,-1.32276,-0.0959383,-2.38679,3.1567,-1.15557,0.387037])
3.109446525176862
Max g: 0.06860827582662174
f_78([0.27151,-0.0463671,1.00486,-1.21108,2.18672,0.0243337,0.247768,1.07505,-0.0750546,0.221452,0.493829,0.28472,0.714939,2.21499,0.95271,1.64575,2.13696,0.372722,-0.611656,-1.21264,0.266346,4.41341,-0.123768,-2.10038,1.64469,-1.6954,2.18145,-1.1306,1.29709,-1.71788,1.32636,0.0958945,1.5478,-2.08858,0.469528,0.0697259,-0.29487,1.71364,-1.32398,-0.0962629,-2.39011,3.16499,-1.16106,0.386893])
3.108750877323743
Max g: 0.06737277617730124
f_79([0.272607,-0.0439041,1.00304,-1.21112,2.18562,0.0254979,0.248838,1.07263,-0.072627,0.218485,0.495974,0.28554,0.715436,2.21527,0.952059,1.64568,2.13674,0.373179,-0.61028,-1.21038,0.266903,4.41704,-0.124226,-2.10314,1.64407,-1.69538,2.18144,-1.13014,1.29345,-1.71609,1.32771,0.0962896,1.55629,-2.10073,0.474219,0.0695746,-0.290686,1.71092,-1.32493,-0.0966907,-2.39389,3.1754,-1.16709,0.386848])
3.1081546077353557
Max g: 0.06608616725475226
f_80([0.270827,-0.0440016,1.00143,-1.21099,2.18566,0.0252634,0.249528,1.07371,-0.0737104,0.219081,0.495457,0.285462,0.716528,2.21491,0.952645,1.64572,2.13781,0.373349,-0.6099,-1.20984,0.267508,4.41987,-0.124356,-2.10532,1.64362,-1.69544,2.1814,-1.12944,1.29126,-1.71425,1.32798,0.0964931,1.55821,-2.10559,0.47696,0.0695017,-0.288759,1.70962,-1.32545,-0.0968795,-2.39585,3.18093,-1.17067,0.386682])
3.108750877323743
{0.27082674784914557,-0.04400161985669322,1.0014269781490208,-1.2109936683650617,2.1856628189601817,0.02526339048964211,0.24952784877205278,1.0737103725047377,-0.07371037250473761,0.21908124057416697,0.49545705187447575,0.2854617075513574,0.7165279543068176,2.2149138866892026,0.9526446663222095,1.645722514685192,2.137811774997109,0.3733494170476754,-0.6098995643862697,-1.2098449611619022,0.2675080562432674,4.419870592108206,-0.12435623134104905,-2.105318632854228,1.6436249856459872,-1.6954443157423675,2.1813973249010723,-1.1294429965135329,1.291256103755391,-1.714250105569665,1.3279769740717748,0.09649309839165864,1.5582146374867738,-2.1055874674814503,0.4769598383487083,0.06950166235288209,-0.28875864939298634,1.7096151890899585,-1.3254495178498147,-0.09687947482706374,-2.395847801722558,3.1809281134520973,-1.1706747427751663,0.38668168681964066}]
Set[{A021,A031,A032,A041,A042,A043,A121,A131,A132,A141,A142,A143,B021,B031,B032,B041,B042,B043,B121,B131,B132,B141,B142,B143,\[Alpha]1,\[Alpha]2,\[Alpha]3,\[Alpha]4,\[Beta]11,\[Beta]12,\[Beta]13,\[Beta]14,\[Beta]21,\[Beta]22,\[Beta]23,\[Beta]24,\[Beta]31,\[Beta]32,\[Beta]33,\[Beta]34,\[Beta]41,\[Beta]42,\[Beta]43,\[Beta]44},{0.27082674784914557,-0.04400161985669322,1.0014269781490208,-1.2109936683650617,2.1856628189601817,0.02526339048964211,0.24952784877205278,1.0737103725047377,-0.07371037250473761,0.21908124057416697,0.49545705187447575,0.2854617075513574,0.7165279543068176,2.2149138866892026,0.9526446663222095,1.645722514685192,2.137811774997109,0.3733494170476754,-0.6098995643862697,-1.2098449611619022,0.2675080562432674,4.419870592108206,-0.12435623134104905,-2.105318632854228,1.6436249856459872,-1.6954443157423675,2.1813973249010723,-1.1294429965135329,1.291256103755391,-1.714250105569665,1.3279769740717748,0.09649309839165864,1.5582146374867738,-2.1055874674814503,0.4769598383487083,0.06950166235288209,-0.28875864939298634,1.7096151890899585,-1.3254495178498147,-0.09687947482706374,-2.395847801722558,3.1809281134520973,-1.1706747427751663,0.38668168681964066}]

Max g: 0.06533958891431592
f_81([0.269722,-0.0446696,1.00073,-1.21167,2.18651,0.0251229,0.251184,1.07629,-0.0762932,0.219175,0.495493,0.285332,0.718241,2.21492,0.952424,1.64575,2.13815,0.372641,-0.608912,-1.20781,0.26861,4.42642,-0.125681,-2.10993,1.63996,-1.69238,2.18193,-1.12963,1.28442,-1.70915,1.32897,0.0970701,1.56198,-2.11509,0.482432,0.0694209,-0.282813,1.70525,-1.3266,-0.0974395,-2.40014,3.19363,-1.17916,0.386422])
3.1060676641759986
Max g: 0.0639742666155534
f_82([0.270212,-0.0443113,1.00072,-1.21203,2.18645,0.0254894,0.251584,1.07668,-0.0766835,0.219215,0.495133,0.285652,0.718011,2.21425,0.952404,1.64521,2.13824,0.37199,-0.608297,-1.20707,0.269087,4.42832,-0.12574,-2.11141,1.63976,-1.69193,2.18176,-1.12961,1.28263,-1.70767,1.32908,0.0972622,1.56646,-2.12151,0.48489,0.0693314,-0.281077,1.70458,-1.32725,-0.097607,-2.40075,3.19634,-1.18088,0.386308])
3.1059682859112674
Max g: 0.06324210648814807
f_83([0.270853,-0.0439304,1.00093,-1.21181,2.18707,0.0246306,0.252182,1.07746,-0.0774646,0.220231,0.493913,0.285856,0.717818,2.21403,0.952506,1.6453,2.13809,0.371919,-0.60799,-1.20631,0.269362,4.43077,-0.126179,-2.11309,1.64057,-1.69217,2.18135,-1.12937,1.2804,-1.70598,1.32943,0.0974421,1.5678,-2.12538,0.487119,0.069292,-0.279354,1.70358,-1.32791,-0.097768,-2.4017,3.20017,-1.18365,0.386175])
3.1062664207054613
Max g: 0.06272839095498063
f_84([0.271018,-0.0449765,1.00172,-1.21267,2.18794,0.0246407,0.253382,1.08009,-0.0800898,0.221738,0.492385,0.285876,0.719075,2.21559,0.951392,1.64576,2.13804,0.371994,-0.607157,-1.20493,0.270151,4.43576,-0.126235,-2.11692,1.63944,-1.69238,2.1836,-1.13059,1.27574,-1.70145,1.32936,0.0977986,1.57056,-2.13101,0.490194,0.069206,-0.276562,1.7016,-1.3288,-0.0980807,-2.40676,3.21387,-1.19189,0.385935])
3.1038813423519107
Max g: 0.061848612633898306
f_85([0.270696,-0.0452739,1.00187,-1.21296,2.18822,0.0247371,0.254249,1.08135,-0.0813519,0.222666,0.492129,0.285205,0.719052,2.21578,0.951515,1.64626,2.13777,0.37153,-0.606771,-1.2037,0.270381,4.4393,-0.127233,-2.11929,1.63918,-1.69194,2.18404,-1.13125,1.27281,-1.69981,1.33034,0.0980532,1.57265,-2.13641,0.493417,0.069161,-0.273354,1.69966,-1.32969,-0.0983305,-2.40823,3.21886,-1.19563,0.38582])
3.1026888031751354
Max g: 0.06118840353451917
f_86([0.270659,-0.0450521,1.00167,-1.21322,2.18796,0.0252456,0.254617,1.08174,-0.0817443,0.223035,0.492267,0.284697,0.718876,2.21554,0.951541,1.64626,2.13735,0.371435,-0.606481,-1.20283,0.270343,4.44158,-0.128169,-2.12048,1.63912,-1.69148,2.18376,-1.13122,1.27157,-1.69955,1.3311,0.0981588,1.57349,-2.13834,0.494451,0.0691461,-0.271444,1.69805,-1.32984,-0.0984542,-2.40916,3.22145,-1.19737,0.385748])
3.1019931553220164
Max g: 0.06102964508193931
f_87([0.270189,-0.045405,1.00176,-1.21201,2.18766,0.0242531,0.256095,1.08288,-0.0828806,0.224136,0.492451,0.283413,0.718609,2.21593,0.951947,1.64618,2.13768,0.371586,-0.606308,-1.20155,0.270789,4.44613,-0.129798,-2.12254,1.6393,-1.69146,2.18405,-1.13185,1.26863,-1.69934,1.33358,0.0984257,1.57474,-2.14313,0.498105,0.0691367,-0.267061,1.69566,-1.33138,-0.0987509,-2.40963,3.22914,-1.20413,0.385415])
3.1008999944099727
Max g: 0.060246896071456515
f_88([0.270337,-0.0451731,1.00151,-1.21324,2.18809,0.0251293,0.256901,1.08926,-0.0892574,0.225112,0.491823,0.283065,0.719096,2.21691,0.950809,1.64593,2.13805,0.371663,-0.60587,-1.20061,0.270909,4.45066,-0.129949,-2.12576,1.64027,-1.69308,2.18529,-1.13221,1.26918,-1.69897,1.33376,0.0985436,1.57807,-2.15048,0.50204,0.068967,-0.264253,1.69426,-1.33221,-0.0988112,-2.4122,3.23678,-1.20887,0.385139])
3.0954341898497524
Max g: 0.05932861245048705
f_89([0.270337,-0.0452302,1.00163,-1.21355,2.18869,0.0248269,0.257781,1.08991,-0.0899134,0.225912,0.492235,0.281853,0.71883,2.21723,0.950847,1.64586,2.13784,0.371992,-0.604964,-1.199,0.271363,4.455,-0.130326,-2.12923,1.63995,-1.69268,2.18529,-1.13251,1.26413,-1.69707,1.33538,0.0988252,1.58235,-2.15751,0.505121,0.0688931,-0.262915,1.69287,-1.33277,-0.0991321,-2.415,3.24429,-1.21356,0.385009])
3.093844137614052
Max g: 0.0585826193786151
f_90([0.26999,-0.0454972,1.00105,-1.2135,2.18963,0.0238673,0.259148,1.09146,-0.0917203,0.225597,0.492712,0.281431,0.718991,2.21683,0.9502,1.64663,2.13764,0.371508,-0.604045,-1.19861,0.272114,4.45931,-0.130503,-2.1329,1.63963,-1.69162,2.18576,-1.13364,1.2603,-1.69532,1.33619,0.0992713,1.58593,-2.16445,0.50821,0.068881,-0.259192,1.69158,-1.33394,-0.0993608,-2.41693,3.25116,-1.21857,0.384441])
3.093645381084589
{0.269990028331105,-0.04549717749272464,1.0010452055054786,-1.2135011324853617,2.1896338791975327,0.023867253287827423,0.25914838507893334,1.0914604070623148,-0.0917203151057825,0.22559672559828606,0.4927123991674274,0.2814309671908194,0.7189905474224115,2.2168256917204445,0.9501995169240887,1.646634013106347,2.137636489834162,0.371508104952604,-0.6040447332086677,-1.198607332994938,0.2721135213325649,4.459311583827287,-0.13050279112811713,-2.1328967129607546,1.6396323978639147,-1.6916152932673139,2.185757758967916,-1.1336446082727418,1.2603017159192205,-1.6953235037282945,1.336191199752499,0.09927127087379752,1.5859255845366693,-2.164450396513844,0.508209973032203,0.0688809770411807,-0.2591915893417056,1.691579101351641,-1.333938997125004,-0.09936081462800622,-2.4169271076267953,3.251159654927899,-1.218567335829348,0.3844412011144595}]
Set[{A021,A031,A032,A041,A042,A043,A121,A131,A132,A141,A142,A143,B021,B031,B032,B041,B042,B043,B121,B131,B132,B141,B142,B143,\[Alpha]1,\[Alpha]2,\[Alpha]3,\[Alpha]4,\[Beta]11,\[Beta]12,\[Beta]13,\[Beta]14,\[Beta]21,\[Beta]22,\[Beta]23,\[Beta]24,\[Beta]31,\[Beta]32,\[Beta]33,\[Beta]34,\[Beta]41,\[Beta]42,\[Beta]43,\[Beta]44},{0.269990028331105,-0.04549717749272464,1.0010452055054786,-1.2135011324853617,2.1896338791975327,0.023867253287827423,0.25914838507893334,1.0914604070623148,-0.0917203151057825,0.22559672559828606,0.4927123991674274,0.2814309671908194,0.7189905474224115,2.2168256917204445,0.9501995169240887,1.646634013106347,2.137636489834162,0.371508104952604,-0.6040447332086677,-1.198607332994938,0.2721135213325649,4.459311583827287,-0.13050279112811713,-2.1328967129607546,1.6396323978639147,-1.6916152932673139,2.185757758967916,-1.1336446082727418,1.2603017159192205,-1.6953235037282945,1.336191199752499,0.09927127087379752,1.5859255845366693,-2.164450396513844,0.508209973032203,0.0688809770411807,-0.2591915893417056,1.691579101351641,-1.333938997125004,-0.09936081462800622,-2.4169271076267953,3.251159654927899,-1.218567335829348,0.3844412011144595}]

Max g: 0.05801279564433927
f_91([0.270043,-0.0453422,1.00152,-1.21369,2.18959,0.0240991,0.259628,1.09498,-0.0949753,0.22565,0.493362,0.280987,0.719116,2.21775,0.950545,1.64661,2.13773,0.371529,-0.603621,-1.19649,0.272681,4.46269,-0.130857,-2.13555,1.6393,-1.69197,2.18523,-1.13256,1.25732,-1.69242,1.33694,0.099474,1.5885,-2.1701,0.511742,0.068784,-0.255408,1.68897,-1.33511,-0.0997194,-2.41876,3.25731,-1.22247,0.384608])
3.0889746026422196
Max g: 0.05690238080395621
f_92([0.270323,-0.0439527,1.0007,-1.21242,2.18945,0.0229583,0.260584,1.09551,-0.0955066,0.22634,0.493152,0.280508,0.717985,2.21776,0.950843,1.64653,2.13743,0.371208,-0.603236,-1.19521,0.272939,4.46448,-0.131608,-2.13666,1.63968,-1.69162,2.18497,-1.1332,1.25389,-1.6902,1.3378,0.0997729,1.59125,-2.1764,0.515404,0.0687575,-0.251635,1.68609,-1.33565,-0.100028,-2.42021,3.26331,-1.2271,0.38459])
3.0883783330538317
Max g: 0.056090759854224334
f_93([0.270192,-0.042312,0.998735,-1.21163,2.18865,0.0229692,0.261581,1.09631,-0.0963128,0.227348,0.493617,0.279034,0.719079,2.21828,0.950789,1.64716,2.13777,0.37071,-0.602358,-1.19401,0.27395,4.46754,-0.131598,-2.13948,1.63879,-1.69074,2.18562,-1.13356,1.24998,-1.68678,1.33806,0.100188,1.59587,-2.18565,0.520008,0.0686761,-0.247154,1.68264,-1.33614,-0.100429,-2.42307,3.27159,-1.23242,0.38448])
3.0879808199949066
Max g: 0.05481918230586927
f_94([0.269649,-0.0429261,0.999006,-1.21254,2.19002,0.0224923,0.262214,1.09721,-0.0972088,0.229446,0.489659,0.280895,0.718655,2.21821,0.950771,1.64658,2.13839,0.370796,-0.601826,-1.1932,0.274516,4.47088,-0.132629,-2.14118,1.63923,-1.69127,2.18524,-1.13325,1.24722,-1.68473,1.33844,0.1004,1.59891,-2.19063,0.52231,0.068624,-0.244985,1.68097,-1.33652,-0.100639,-2.42398,3.27635,-1.2358,0.384277])
3.086887659082863
Max g: 0.054173727654404244
f_95([0.269752,-0.0429776,0.999165,-1.2128,2.19155,0.0212381,0.262996,1.09792,-0.0979197,0.230298,0.489843,0.279859,0.718376,2.21761,0.950579,1.64583,2.13805,0.370652,-0.601512,-1.19212,0.274701,4.47309,-0.132469,-2.14354,1.63885,-1.69063,2.18494,-1.13317,1.24432,-1.68295,1.33921,0.100633,1.6005,-2.1952,0.525207,0.068599,-0.242266,1.67909,-1.33716,-0.100872,-2.42532,3.28121,-1.23949,0.384219])
3.0878814417301754
Max g: 0.053584402923502666
f_96([0.269614,-0.0430591,0.999021,-1.21231,2.19131,0.0209285,0.263579,1.09815,-0.0981525,0.230245,0.490044,0.279711,0.718639,2.21777,0.950199,1.64599,2.13777,0.370517,-0.601144,-1.19125,0.274939,4.47577,-0.132815,-2.14546,1.63857,-1.69026,2.18497,-1.13312,1.24196,-1.68132,1.33966,0.1008,1.60269,-2.19955,0.527508,0.0685513,-0.240067,1.67727,-1.3374,-0.101047,-2.42619,3.28518,-1.2424,0.384069])
3.0878814417301754
Max g: 0.05305439766469086
f_97([0.269227,-0.0435968,0.999127,-1.21341,2.19237,0.0209561,0.264598,1.09888,-0.0988842,0.230338,0.490524,0.279138,0.718858,2.21768,0.949944,1.64606,2.13764,0.370267,-0.600722,-1.19031,0.275482,4.47944,-0.133697,-2.14785,1.63808,-1.69015,2.18525,-1.13315,1.23915,-1.67974,1.34067,0.101052,1.60564,-2.20857,0.532948,0.0684353,-0.236859,1.67498,-1.33811,-0.101304,-2.42811,3.29116,-1.24673,0.383876])
3.0871857938770564
Max g: 0.051768602011418224
f_98([0.267874,-0.0442935,0.998974,-1.21346,2.19217,0.0212934,0.265158,1.0988,-0.0987963,0.229472,0.492641,0.277887,0.718516,2.21789,0.949937,1.64614,2.13718,0.370457,-0.600121,-1.18929,0.275856,4.48265,-0.133684,-2.15049,1.63805,-1.68964,2.18491,-1.13328,1.237,-1.67801,1.341,0.101244,1.60833,-2.21219,0.534371,0.0684029,-0.234649,1.67367,-1.33873,-0.101487,-2.42941,3.2964,-1.25018,0.383703])
3.087086415612325
Max g: 0.051389398698550304
f_99([0.267973,-0.0443629,0.998998,-1.21398,2.1922,0.0217544,0.26601,1.09976,-0.0997562,0.230184,0.492297,0.277519,0.718856,2.21795,0.949774,1.64589,2.13717,0.370548,-0.599633,-1.18789,0.276008,4.48602,-0.13405,-2.15304,1.63738,-1.68906,2.18504,-1.13334,1.23378,-1.67603,1.34185,0.101478,1.61081,-2.21722,0.537137,0.0683659,-0.231584,1.67146,-1.33938,-0.101721,-2.43077,3.3024,-1.25463,0.383541])
3.085595741641356
Max g: 0.050820757566618135
f_100([0.267661,-0.0443676,0.998758,-1.21381,2.19216,0.0215908,0.266619,1.10064,-0.100636,0.230256,0.493227,0.276517,0.718778,2.21782,0.949853,1.64584,2.13701,0.370937,-0.599145,-1.18699,0.276475,4.48861,-0.134473,-2.15504,1.63751,-1.68923,2.18478,-1.13306,1.23073,-1.67365,1.34216,0.101721,1.61283,-2.22175,0.539537,0.0683431,-0.229106,1.66985,-1.33999,-0.101951,-2.43204,3.30645,-1.2575,0.383432])
3.0857944981708187
{0.2676608016151973,-0.044367567143386515,0.998758272167579,-1.2138052232685947,2.1921558045005494,0.02159079856127644,0.2666186561442462,1.1006356010765022,-0.10063560107650191,0.23025593559960592,0.4932268672559841,0.27651719714441,0.7187775018608528,2.2178209381733236,0.9498526367646034,1.6458369522196015,2.1370135699752635,0.37093698621077226,-0.599144747332855,-1.1869859430661254,0.2764746900291102,4.488611815058969,-0.1344727480583953,-2.155043344972596,1.6375140947987372,-1.6892298701897603,2.1847771788676327,-1.1330563621909682,1.230734394624317,-1.6736535514872868,1.3421608803329803,0.10172061043055344,1.612829451679295,-2.221748101977615,0.5395373693874991,0.06834314465916136,-0.22910562499058099,1.6698479227898977,-1.3399885311312665,-0.10195056278451513,-2.432041459143899,3.3064520312317702,-1.25749900066509,0.38343228918004857}]
Set[{A021,A031,A032,A041,A042,A043,A121,A131,A132,A141,A142,A143,B021,B031,B032,B041,B042,B043,B121,B131,B132,B141,B142,B143,\[Alpha]1,\[Alpha]2,\[Alpha]3,\[Alpha]4,\[Beta]11,\[Beta]12,\[Beta]13,\[Beta]14,\[Beta]21,\[Beta]22,\[Beta]23,\[Beta]24,\[Beta]31,\[Beta]32,\[Beta]33,\[Beta]34,\[Beta]41,\[Beta]42,\[Beta]43,\[Beta]44},{0.2676608016151973,-0.044367567143386515,0.998758272167579,-1.2138052232685947,2.1921558045005494,0.02159079856127644,0.2666186561442462,1.1006356010765022,-0.10063560107650191,0.23025593559960592,0.4932268672559841,0.27651719714441,0.7187775018608528,2.2178209381733236,0.9498526367646034,1.6458369522196015,2.1370135699752635,0.37093698621077226,-0.599144747332855,-1.1869859430661254,0.2764746900291102,4.488611815058969,-0.1344727480583953,-2.155043344972596,1.6375140947987372,-1.6892298701897603,2.1847771788676327,-1.1330563621909682,1.230734394624317,-1.6736535514872868,1.3421608803329803,0.10172061043055344,1.612829451679295,-2.221748101977615,0.5395373693874991,0.06834314465916136,-0.22910562499058099,1.6698479227898977,-1.3399885311312665,-0.10195056278451513,-2.432041459143899,3.3064520312317702,-1.25749900066509,0.38343228918004857}]

Max g: 0.05023515293221595
f_101([0.26815,-0.0449178,0.999789,-1.21385,2.19265,0.0211819,0.267615,1.10224,-0.102243,0.227587,0.496038,0.276374,0.718686,2.21848,0.949539,1.6455,2.13733,0.370946,-0.598663,-1.18587,0.277065,4.49289,-0.135118,-2.15802,1.63786,-1.68934,2.18516,-1.13357,1.22649,-1.66983,1.34227,0.102029,1.61533,-2.22755,0.543014,0.0682963,-0.225875,1.66787,-1.34097,-0.10222,-2.43313,3.31292,-1.26252,0.383166])
3.0839063111409244
Max g: 0.04939879991760969
f_102([0.268164,-0.0446065,0.999543,-1.21404,2.19284,0.0211779,0.26809,1.1026,-0.102619,0.226747,0.496784,0.276448,0.71867,2.21847,0.949385,1.64535,2.13702,0.370933,-0.598415,-1.18502,0.277146,4.49486,-0.135461,-2.15943,1.64463,-1.68943,2.18516,-1.13367,1.22506,-1.66854,1.34253,0.102243,1.61671,-2.23065,0.544628,0.0683552,-0.223314,1.66673,-1.34232,-0.102401,-2.43377,3.31673,-1.26527,0.383069])
3.086490146023938
Max g: 0.049224738196191
f_103([0.267808,-0.0441929,0.999522,-1.21414,2.19257,0.0215669,0.26922,1.10332,-0.103316,0.226903,0.496786,0.276311,0.71641,2.21901,0.949627,1.64521,2.13726,0.371121,-0.597787,-1.1837,0.278095,4.49868,-0.135966,-2.16266,1.64109,-1.69165,2.18489,-1.13425,1.22114,-1.66615,1.34378,0.102613,1.61867,-2.23576,0.548013,0.0683164,-0.216024,1.65986,-1.3413,-0.102844,-2.43451,3.32199,-1.27006,0.382881])
3.0813224762579114
Max g: 0.048248816417607684
f_104([0.268107,-0.0439171,0.999421,-1.21406,2.19229,0.021751,0.269767,1.10403,-0.104026,0.226504,0.496617,0.276879,0.716599,2.21896,0.949558,1.6447,2.13701,0.371324,-0.597509,-1.18311,0.278364,4.50088,-0.136232,-2.16411,1.64007,-1.6904,2.18486,-1.13447,1.21883,-1.66419,1.34388,0.102747,1.62097,-2.24046,0.550576,0.0682517,-0.215109,1.6586,-1.34132,-0.102978,-2.43525,3.32602,-1.27308,0.382737])
3.080129937081136
Max g: 0.047616796692188476
f_105([0.268395,-0.0448733,1.00052,-1.21387,2.19228,0.0215338,0.270441,1.10457,-0.104571,0.227187,0.497004,0.275809,0.716639,2.21877,0.9495,1.6446,2.13709,0.371344,-0.59647,-1.18191,0.279207,4.5041,-0.137191,-2.16624,1.63993,-1.69057,2.18477,-1.13419,1.21443,-1.66097,1.3442,0.103083,1.6249,-2.24748,0.553623,0.06819,-0.212616,1.65649,-1.34164,-0.103311,-2.43958,3.33484,-1.27769,0.382712])
3.079732424022211
Max g: 0.04672345593480795
{0.2681042440717042,-0.04468091620876186,1.0001745204462105,-1.2139257910507635,2.1923577548239375,0.02152906379317195,0.2702455212234144,1.1045375123477799,-0.10453751234777926,0.2269643565292345,0.496892600853018,0.2761430426177473,0.7166616075653238,2.2186497425217917,0.9500426728693069,1.6447557075613604,2.1371537924995425,0.3714816409976803,-0.5972237735314019,-1.182564310534446,0.2786530495619227,4.502934077397321,-0.13669781160955413,-2.165364325131938,1.6401779931496072,-1.6905248611871406,2.1847542197239735,-1.1343336118121032,1.2170566282283828,-1.6630626351553643,1.3442856900718616,0.10287762046459459,1.6225657666198767,-2.2446367459351255,0.5529255912625244,0.06820623910747561,-0.21348416740739148,1.6571312279912913,-1.3414549426531153,-0.10311323323098011,-2.4360604463653988,3.3292359813846875,-1.275376209871628,0.3826107228900593}]
Set[{A021,A031,A032,A041,A042,A043,A121,A131,A132,A141,A142,A143,B021,B031,B032,B041,B042,B043,B121,B131,B132,B141,B142,B143,\[Alpha]1,\[Alpha]2,\[Alpha]3,\[Alpha]4,\[Beta]11,\[Beta]12,\[Beta]13,\[Beta]14,\[Beta]21,\[Beta]22,\[Beta]23,\[Beta]24,\[Beta]31,\[Beta]32,\[Beta]33,\[Beta]34,\[Beta]41,\[Beta]42,\[Beta]43,\[Beta]44},{0.2681042440717042,-0.04468091620876186,1.0001745204462105,-1.2139257910507635,2.1923577548239375,0.02152906379317195,0.2702455212234144,1.1045375123477799,-0.10453751234777926,0.2269643565292345,0.496892600853018,0.2761430426177473,0.7166616075653238,2.2186497425217917,0.9500426728693069,1.6447557075613604,2.1371537924995425,0.3714816409976803,-0.5972237735314019,-1.182564310534446,0.2786530495619227,4.502934077397321,-0.13669781160955413,-2.165364325131938,1.6401779931496072,-1.6905248611871406,2.1847542197239735,-1.1343336118121032,1.2170566282283828,-1.6630626351553643,1.3442856900718616,0.10287762046459459,1.6225657666198767,-2.2446367459351255,0.5529255912625244,0.06820623910747561,-0.21348416740739148,1.6571312279912913,-1.3414549426531153,-0.10311323323098011,-2.4360604463653988,3.3292359813846875,-1.275376209871628,0.3826107228900593}]


-----------------Final Result------------------
Options: alg=LN_AUGLAG_EQ,dx=0.01,max_eval=100000000,popSize=0
imin=-1,jmin=-4,imax=1,jmax=4,
parameter_minmax=5,
randSeed=3986926,rand_minmax=2,
END_C=true, INEQ_C=true

10558077 steps

Completed with maxf : 3.0799311805516734

Constraints at 0.047051286413608076

x = [0.2681042440717042,-0.04468091620876186,1.0001745204462105,-1.2139257910507635,2.1923577548239375,0.02152906379317195,0.2702455212234144,1.1045375123477799,-0.10453751234777926,0.2269643565292345,0.496892600853018,0.2761430426177473,0.7166616075653238,2.2186497425217917,0.9500426728693069,1.6447557075613604,2.1371537924995425,0.3714816409976803,-0.5972237735314019,-1.182564310534446,0.2786530495619227,4.502934077397321,-0.13669781160955413,-2.165364325131938,1.6401779931496072,-1.6905248611871406,2.1847542197239735,-1.1343336118121032,1.2170566282283828,-1.6630626351553643,1.3442856900718616,0.10287762046459459,1.6225657666198767,-2.2446367459351255,0.5529255912625244,0.06820623910747561,-0.21348416740739148,1.6571312279912913,-1.3414549426531153,-0.10311323323098011,-2.4360604463653988,3.3292359813846875,-1.275376209871628,0.3826107228900593]
c0 = [0.0,0.2681042440717042,0.9554936042374486,0.999961027566346]
c1 = [0.0,0.2702455212234144,1.0000000000000007,0.9999999999999998]
A0 = [0.0,0.2681042440717042,-0.04468091620876186,-1.2139257910507635,0.0,0.0,1.0001745204462105,2.1923577548239375,0.0,0.0,0.0,0.02152906379317195,0.0,0.0,0.0,0.0]
A1 = [0.0,0.2702455212234144,1.1045375123477799,0.2269643565292345,0.0,0.0,-0.10453751234777926,0.496892600853018,0.0,0.0,0.0,0.2761430426177473,0.0,0.0,0.0,0.0]
B0 = [0.0,0.7166616075653238,2.2186497425217917,1.6447557075613604,0.0,0.0,0.9500426728693069,2.1371537924995425,0.0,0.0,0.0,0.3714816409976803,0.0,0.0,0.0,0.0]
B1 = [0.0,-0.5972237735314019,-1.182564310534446,4.502934077397321,0.0,0.0,0.2786530495619227,-0.13669781160955413,0.0,0.0,0.0,-2.165364325131938,0.0,0.0,0.0,0.0]
  = [1.6401779931496072,-1.6905248611871406,2.1847542197239735,-1.1343336118121032]
1 = [1.2170566282283828,-1.6630626351553643,1.3442856900718616,0.10287762046459459]
2 = [1.6225657666198767,-2.2446367459351255,0.5529255912625244,0.06820623910747561]
3 = [-0.21348416740739148,1.6571312279912913,-1.3414549426531153,-0.10311323323098011]
4 = [-2.4360604463653988,3.3292359813846875,-1.275376209871628,0.3826107228900593]


Set[{A021,A031,A032,A041,A042,A043,A121,A131,A132,A141,A142,A143,B021,B031,B032,B041,B042,B043,B121,B131,B132,B141,B142,B143,\[Alpha]1,\[Alpha]2,\[Alpha]3,\[Alpha]4,\[Beta]11,\[Beta]12,\[Beta]13,\[Beta]14,\[Beta]21,\[Beta]22,\[Beta]23,\[Beta]24,\[Beta]31,\[Beta]32,\[Beta]33,\[Beta]34,\[Beta]41,\[Beta]42,\[Beta]43,\[Beta]44},{0.2681042440717042,-0.04468091620876186,1.0001745204462105,-1.2139257910507635,2.1923577548239375,0.02152906379317195,0.2702455212234144,1.1045375123477799,-0.10453751234777926,0.2269643565292345,0.496892600853018,0.2761430426177473,0.7166616075653238,2.2186497425217917,0.9500426728693069,1.6447557075613604,2.1371537924995425,0.3714816409976803,-0.5972237735314019,-1.182564310534446,0.2786530495619227,4.502934077397321,-0.13669781160955413,-2.165364325131938,1.6401779931496072,-1.6905248611871406,2.1847542197239735,-1.1343336118121032,1.2170566282283828,-1.6630626351553643,1.3442856900718616,0.10287762046459459,1.6225657666198767,-2.2446367459351255,0.5529255912625244,0.06820623910747561,-0.21348416740739148,1.6571312279912913,-1.3414549426531153,-0.10311323323098011,-2.4360604463653988,3.3292359813846875,-1.275376209871628,0.3826107228900593}]



