
-----------------Setup------------------
Options: alg=LN_AUGLAG_EQ,dx=0.01,max_eval=100000000,popSize=0
imin=-1,jmin=-4,imax=1,jmax=4,
parameter_minmax=5,
randSeed=48526061, rand_minmax=1,
END_C=true, INEQ_C=true

Initial Condition:

[0.866371,0.760014,-0.903717,-0.313072,0.610838,0.992386,0.999054,-0.856758,0.794015,-0.410393,-0.158416,0.528489,0.37734,-0.973714,0.849096,0.833711,0.443428,-0.357298,0.120801,-0.0145502,-0.288913,0.678954,-0.269718,-0.447375,0.489459,-0.618142,-0.796389,-0.266709,0.050087,0.178906,0.266188,-0.219895,0.0451851,0.724971,0.33365,0.0119722,-0.657077,-0.805172,0.751081,-0.74305,-0.67331,-0.751783,-0.324937,0.885125]

f_1([0.408093,1.07827,-0.556846,-0.854208,1.42095,0.433253,0.811554,-0.124564,0.940902,1.27006,-0.331091,0.0610309,0.877917,-0.893489,1.14044,-0.731886,0.993399,-1.18148,-0.900904,-0.297147,-1.64885,0.351704,-0.471149,0.447471,-0.063896,1.70248,-0.927326,0.288744,-0.000969148,-0.281458,0.296483,0.986023,0.207972,-1.36299,0.266873,0.888204,1.00182,0.280492,-0.296074,-0.986175,0.149358,-1.63119,0.860026,0.621785])
2.932652592219924
Max g: 0.00041150110683130237
f_2([0.408189,1.07839,-0.557489,-0.854382,1.42116,0.433221,0.812394,-0.130024,0.950959,1.24671,-0.301157,0.0544472,0.878701,-0.890966,1.14247,-0.731775,0.993927,-1.18138,-0.901327,-0.300602,-1.64545,0.3515,-0.471607,0.447771,-0.0642525,1.70413,-0.927301,0.287421,-0.000212817,-0.28211,0.296624,0.985693,0.207984,-1.36377,0.267361,0.888424,1.00018,0.282114,-0.296627,-0.985667,0.152261,-1.63331,0.860893,0.62015])
2.915758287215607
Max g: 8.325678107312662e-5
{0.40818916361774943,1.0783868535630243,-0.5574889947985927,-0.8543824131214076,1.4211610627992701,0.43322134985153676,0.8123939944143694,-0.13002387014585584,0.9509590853453274,1.2467101684459854,-0.30115737121812397,0.05444715255806215,0.8787010004442957,-0.8909663381480765,1.142465434094669,-0.7317750701890381,0.9939267614849849,-1.1813799925148376,-0.9013271413241852,-0.30060222772323153,-1.6454498335137369,0.35149981775716843,-0.47160735885087224,0.4477714809198596,-0.06425252611652575,1.704131747953355,-0.9273008816279529,0.28742132513922714,-0.00021281663322967484,-0.28210987043877833,0.29662396823596615,0.9856927103093687,0.20798367751966992,-1.363765931872212,0.2673609850521305,0.8884243878005085,1.0001773583055664,0.2821139116447315,-0.2966272235715936,-0.9856670118673123,0.1522608057953914,-1.6333058995889045,0.8608926711707191,0.6201504031331576}]
Set[{A021,A031,A032,A041,A042,A043,A121,A131,A132,A141,A142,A143,B021,B031,B032,B041,B042,B043,B121,B131,B132,B141,B142,B143,\[Alpha]1,\[Alpha]2,\[Alpha]3,\[Alpha]4,\[Beta]11,\[Beta]12,\[Beta]13,\[Beta]14,\[Beta]21,\[Beta]22,\[Beta]23,\[Beta]24,\[Beta]31,\[Beta]32,\[Beta]33,\[Beta]34,\[Beta]41,\[Beta]42,\[Beta]43,\[Beta]44},{0.40818916361774943,1.0783868535630243,-0.5574889947985927,-0.8543824131214076,1.4211610627992701,0.43322134985153676,0.8123939944143694,-0.13002387014585584,0.9509590853453274,1.2467101684459854,-0.30115737121812397,0.05444715255806215,0.8787010004442957,-0.8909663381480765,1.142465434094669,-0.7317750701890381,0.9939267614849849,-1.1813799925148376,-0.9013271413241852,-0.30060222772323153,-1.6454498335137369,0.35149981775716843,-0.47160735885087224,0.4477714809198596,-0.06425252611652575,1.704131747953355,-0.9273008816279529,0.28742132513922714,-0.00021281663322967484,-0.28210987043877833,0.29662396823596615,0.9856927103093687,0.20798367751966992,-1.363765931872212,0.2673609850521305,0.8884243878005085,1.0001773583055664,0.2821139116447315,-0.2966272235715936,-0.9856670118673123,0.1522608057953914,-1.6333058995889045,0.8608926711707191,0.6201504031331576}]


-----------------Final Result------------------
Options: alg=LN_AUGLAG_EQ,dx=0.01,max_eval=100000000,popSize=0
imin=-1,jmin=-4,imax=1,jmax=4,
parameter_minmax=5,
randSeed=48526061,rand_minmax=1,
END_C=true, INEQ_C=true

201968 steps

Completed with maxf : 2.9158576654803383

Constraints at 8.325678109803725e-5

x = [0.40818916361774943,1.0783868535630243,-0.5574889947985927,-0.8543824131214076,1.4211610627992701,0.43322134985153676,0.8123939944143694,-0.13002387014585584,0.9509590853453274,1.2467101684459854,-0.30115737121812397,0.05444715255806215,0.8787010004442957,-0.8909663381480765,1.142465434094669,-0.7317750701890381,0.9939267614849849,-1.1813799925148376,-0.9013271413241852,-0.30060222772323153,-1.6454498335137369,0.35149981775716843,-0.47160735885087224,0.4477714809198596,-0.06425252611652575,1.704131747953355,-0.9273008816279529,0.28742132513922714,-0.00021281663322967484,-0.28210987043877833,0.29662396823596615,0.9856927103093687,0.20798367751966992,-1.363765931872212,0.2673609850521305,0.8884243878005085,1.0001773583055664,0.2821139116447315,-0.2966272235715936,-0.9856670118673123,0.1522608057953914,-1.6333058995889045,0.8608926711707191,0.6201504031331576]
c0 = [0.0,0.40818916361774943,0.5208978587644316,0.9999999995293993]
c1 = [0.0,0.8123939944143694,0.8209352151994715,0.9999999497859235]
A0 = [0.0,0.40818916361774943,1.0783868535630243,-0.8543824131214076,0.0,0.0,-0.5574889947985927,1.4211610627992701,0.0,0.0,0.0,0.43322134985153676,0.0,0.0,0.0,0.0]
A1 = [0.0,0.8123939944143694,-0.13002387014585584,1.2467101684459854,0.0,0.0,0.9509590853453274,-0.30115737121812397,0.0,0.0,0.0,0.05444715255806215,0.0,0.0,0.0,0.0]
B0 = [0.0,0.8787010004442957,-0.8909663381480765,-0.7317750701890381,0.0,0.0,1.142465434094669,0.9939267614849849,0.0,0.0,0.0,-1.1813799925148376,0.0,0.0,0.0,0.0]
B1 = [0.0,-0.9013271413241852,-0.30060222772323153,0.35149981775716843,0.0,0.0,-1.6454498335137369,-0.47160735885087224,0.0,0.0,0.0,0.4477714809198596,0.0,0.0,0.0,0.0]
α  = [-0.06425252611652575,1.704131747953355,-0.9273008816279529,0.28742132513922714]
β1 = [-0.00021281663322967484,-0.28210987043877833,0.29662396823596615,0.9856927103093687]
β2 = [0.20798367751966992,-1.363765931872212,0.2673609850521305,0.8884243878005085]
β3 = [1.0001773583055664,0.2821139116447315,-0.2966272235715936,-0.9856670118673123]
β4 = [0.1522608057953914,-1.6333058995889045,0.8608926711707191,0.6201504031331576]


Set[{A021,A031,A032,A041,A042,A043,A121,A131,A132,A141,A142,A143,B021,B031,B032,B041,B042,B043,B121,B131,B132,B141,B142,B143,\[Alpha]1,\[Alpha]2,\[Alpha]3,\[Alpha]4,\[Beta]11,\[Beta]12,\[Beta]13,\[Beta]14,\[Beta]21,\[Beta]22,\[Beta]23,\[Beta]24,\[Beta]31,\[Beta]32,\[Beta]33,\[Beta]34,\[Beta]41,\[Beta]42,\[Beta]43,\[Beta]44},{0.40818916361774943,1.0783868535630243,-0.5574889947985927,-0.8543824131214076,1.4211610627992701,0.43322134985153676,0.8123939944143694,-0.13002387014585584,0.9509590853453274,1.2467101684459854,-0.30115737121812397,0.05444715255806215,0.8787010004442957,-0.8909663381480765,1.142465434094669,-0.7317750701890381,0.9939267614849849,-1.1813799925148376,-0.9013271413241852,-0.30060222772323153,-1.6454498335137369,0.35149981775716843,-0.47160735885087224,0.4477714809198596,-0.06425252611652575,1.704131747953355,-0.9273008816279529,0.28742132513922714,-0.00021281663322967484,-0.28210987043877833,0.29662396823596615,0.9856927103093687,0.20798367751966992,-1.363765931872212,0.2673609850521305,0.8884243878005085,1.0001773583055664,0.2821139116447315,-0.2966272235715936,-0.9856670118673123,0.1522608057953914,-1.6333058995889045,0.8608926711707191,0.6201504031331576}]



