
-----------------Setup------------------
Options: alg=GN_ISRES,dx=0.01,max_eval=100000000,popSize=0
imin=-1,jmin=-4,imax=1,jmax=4,
parameter_minmax=5,
randSeed=33443677, rand_minmax=2,
END_C=true, INEQ_C=true

Initial Condition:

[1.31129,-0.779114,-0.644224,0.596233,1.19772,0.0722008,-0.550591,-0.223423,-1.09194,-1.0485,-1.2653,1.19119,0.186524,1.57911,0.869405,0.449573,-0.365348,-1.9762,0.683798,1.02189,0.477902,1.68158,0.554421,-0.520839,-0.91258,0.916553,-1.51814,-1.7977,0.867966,-1.40973,-1.80043,-1.38302,1.57788,-0.213644,1.80548,-0.400168,0.0974809,-0.598853,-1.5373,0.655017,1.00298,0.611042,-0.225189,1.56638]

f_1([0.549873,-1.74309,1.88291,1.38918,-1.7624,-1.12421,0.2353,3.90452,-3.77329,0.37943,0.576835,-0.685898,0.532107,1.98063,-3.02807,-2.92896,4.67106,-1.63554,-0.102694,-0.735632,0.495407,0.0732235,-0.0500444,-0.106922,2.25541,-0.0784701,1.12478,-0.103059,-0.151032,-0.445566,-0.263644,-0.890101,0.11291,0.158044,-1.36057,1.50726,3.49374,-2.94658,0.401701,-0.0126749,-2.60271,-0.0965612,0.506811,0.337526])
1.312687498835411
Max g: 2.198658894835395
f_2([0.290963,-1.11428,1.12706,3.6451,-0.753061,-2.98282,-0.150139,4.37906,-3.83422,1.09635,-1.06609,0.948855,0.587832,2.38804,-2.33716,-1.7314,4.52223,-2.33659,-0.310917,-2.22108,1.48855,3.22893,0.409769,-2.21538,-0.729267,1.59775,-0.292268,-0.292913,1.12716,-1.77978,0.75258,0.0208807,1.50871,-0.589439,-0.680565,-0.163909,2.28773,-1.07699,-1.02472,-0.628943,-2.62598,2.2599,0.806891,0.67974])
2.610865771020056
Max g: 1.1205513819086774
f_3([-0.347009,-1.29006,1.76205,2.87948,-0.448234,-1.71858,0.0423763,4.69315,-3.71972,0.989155,-0.523707,0.235641,0.668944,3.62003,-2.83701,-3.99965,4.8921,-2.47446,-0.402481,-2.4605,1.90783,3.39814,0.474713,-2.4,-1.70637,1.17658,0.798414,0.203821,0.534192,-1.01551,0.523724,0.283237,0.4634,-0.624014,0.0159268,0.0690366,1.47206,-0.364211,-0.550976,-0.431768,-3.7087,2.97161,-0.0770178,0.599974])
4.818355165495866
Max g: 0.5364448352837629
f_4([-0.15683,-1.15961,1.8244,2.13206,0.125121,-1.93623,-0.0794506,4.58492,-3.68196,1.10356,-0.162899,0.0365707,0.586319,3.7553,-2.96626,-4.31741,4.90627,-2.66537,-0.370536,-2.50772,1.82648,3.51056,0.532414,-2.41365,-0.941884,1.09392,0.821683,0.167826,0.210574,-0.10301,0.545972,0.259865,1.1302,-1.1035,-0.107694,0.102003,0.935616,-0.0105225,-0.756782,-0.297882,-3.48078,3.19599,-0.315255,0.59551])
3.473667865416985
Max g: 0.22048280855336155
f_5([0.00953035,-1.41619,1.86878,2.27871,0.0432002,-1.83081,-0.0897635,4.66617,-3.62819,1.03438,-0.116755,0.0824517,0.579246,3.66606,-2.8232,-4.34277,4.91753,-2.74782,-0.392694,-2.49621,1.7744,3.56217,0.458634,-2.32662,-0.940987,1.09735,0.740131,0.123297,0.106751,0.024476,0.532352,0.247762,1.78808,-1.77003,-0.114358,0.100845,0.70809,0.277529,-0.693687,-0.251834,-3.22164,2.90453,-0.245489,0.579786])
3.1888497586971507
Max g: 0.23087831853309443
f_6([0.103949,-1.49618,1.98494,2.4639,0.0551646,-1.99897,-0.0545447,4.68664,-3.61566,1.0185,-0.113514,0.0851826,0.549806,3.69193,-2.71068,-4.53172,4.92758,-2.7224,-0.368133,-2.50415,1.83027,3.63463,0.503131,-2.42568,-0.858639,1.10267,0.653485,0.105226,0.106906,0.0587154,0.550415,0.258357,1.83408,-1.89428,-0.0727246,0.0845458,0.676044,0.256186,-0.730358,-0.253107,-3.39325,3.13302,-0.295669,0.567286])
3.1450239439506587
Max g: 0.17154166240997398
f_7([0.078592,-1.41069,1.91417,2.37698,-0.00425013,-1.87715,-0.0365887,4.66312,-3.60579,1.03527,-0.13292,0.114235,0.555117,3.66524,-2.69104,-4.33025,4.86892,-2.68843,-0.36325,-2.50133,1.83924,3.57734,0.536172,-2.37461,-0.911947,1.13669,0.661102,0.117419,0.0470572,0.125072,0.552758,0.253472,2.08795,-2.11732,-0.0575067,0.0739344,0.740134,0.225927,-0.70723,-0.250624,-3.45404,3.25599,-0.35755,0.561228])
3.073272836814678
Max g: 0.140259598336849
f_8([0.113258,-1.36592,1.86827,2.34315,-0.0081817,-1.83265,-0.0265246,4.65543,-3.59762,1.03744,-0.146909,0.127474,0.550738,3.6922,-2.70969,-4.11162,4.65997,-2.67634,-0.344959,-2.50292,1.84796,3.633,0.509863,-2.38277,-0.898777,1.18406,0.599516,0.118364,-0.0118303,0.149857,0.568596,0.250926,2.2337,-2.29092,-0.0538045,0.0740406,0.737566,0.213026,-0.722075,-0.246763,-3.64096,3.49961,-0.408595,0.552838])
3.078639263110167
Max g: 0.13682577544386526
f_9([0.130135,-1.39973,1.88968,2.30277,-0.0503113,-1.74134,-0.0139887,4.63889,-3.5809,1.04042,-0.142103,0.118535,0.550468,3.66185,-2.63222,-4.02048,4.57634,-2.67891,-0.335347,-2.50212,1.86006,3.65803,0.541304,-2.42904,-0.878642,1.17856,0.584392,0.118619,-0.0160806,0.166977,0.578415,0.25004,2.36058,-2.38295,-0.0535918,0.069868,0.748664,0.206771,-0.719448,-0.244337,-3.86258,3.74754,-0.439051,0.554178])
3.0109626648281687
Max g: 0.12971143766800614
f_10([0.121314,-1.40167,1.88174,2.21943,-0.0370338,-1.66983,-0.00834607,4.63205,-3.57871,1.04762,-0.136753,0.112765,0.531982,3.68363,-2.63752,-3.88561,4.53378,-2.68833,-0.318498,-2.48224,1.8625,3.65362,0.562092,-2.4306,-0.88304,1.18125,0.584733,0.124318,0.000612034,0.158916,0.595576,0.246507,2.50024,-2.5037,-0.0542431,0.0689172,0.779448,0.19412,-0.725822,-0.243362,-4.04621,3.95435,-0.473588,0.555863])
2.966938093552214
{0.12131409630784139,-1.4016708279971226,1.8817417077338476,2.219433852620889,-0.03703376974097329,-1.669828752657799,-0.008346073743550135,4.632054410501876,-3.5787054444311703,1.0476187845453053,-0.1367530827104062,0.11276526575597938,0.5319822773030517,3.6836294552944775,-2.6375170727672317,-3.8856057857534356,4.533777557571497,-2.6883296377328185,-0.31849789640738624,-2.4822437582942465,1.862499739493499,3.653621060730481,0.5620921117615028,-2.4306047050068567,-0.883039778929809,1.1812535352163869,0.5847331313631342,0.12431762822805884,0.0006120341334278842,0.15891608637550134,0.5955759642823232,0.2465068739317287,2.500244448916469,-2.5037010767060024,-0.05424310276589292,0.06891717102458496,0.7794476059095983,0.1941201794337033,-0.7258218592395294,-0.24336244763206255,-4.046205908668693,3.9543474674113632,-0.47358830591280154,0.5558629521203788}]
Set[{A021,A031,A032,A041,A042,A043,A121,A131,A132,A141,A142,A143,B021,B031,B032,B041,B042,B043,B121,B131,B132,B141,B142,B143,\[Alpha]1,\[Alpha]2,\[Alpha]3,\[Alpha]4,\[Beta]11,\[Beta]12,\[Beta]13,\[Beta]14,\[Beta]21,\[Beta]22,\[Beta]23,\[Beta]24,\[Beta]31,\[Beta]32,\[Beta]33,\[Beta]34,\[Beta]41,\[Beta]42,\[Beta]43,\[Beta]44},{0.12131409630784139,-1.4016708279971226,1.8817417077338476,2.219433852620889,-0.03703376974097329,-1.669828752657799,-0.008346073743550135,4.632054410501876,-3.5787054444311703,1.0476187845453053,-0.1367530827104062,0.11276526575597938,0.5319822773030517,3.6836294552944775,-2.6375170727672317,-3.8856057857534356,4.533777557571497,-2.6883296377328185,-0.31849789640738624,-2.4822437582942465,1.862499739493499,3.653621060730481,0.5620921117615028,-2.4306047050068567,-0.883039778929809,1.1812535352163869,0.5847331313631342,0.12431762822805884,0.0006120341334278842,0.15891608637550134,0.5955759642823232,0.2465068739317287,2.500244448916469,-2.5037010767060024,-0.05424310276589292,0.06891717102458496,0.7794476059095983,0.1941201794337033,-0.7258218592395294,-0.24336244763206255,-4.046205908668693,3.9543474674113632,-0.47358830591280154,0.5558629521203788}]

Max g: 0.12365279189948945
f_11([0.125184,-1.36938,1.86652,2.14901,-0.0185888,-1.63214,-0.00243735,4.61146,-3.57225,1.04228,-0.131654,0.106458,0.511911,3.73491,-2.60948,-3.85567,4.43509,-2.68986,-0.296929,-2.43203,1.82363,3.66843,0.527156,-2.41809,-0.898889,1.23585,0.538349,0.115954,-0.050008,0.184689,0.613513,0.248322,2.68279,-2.69164,-0.0509709,0.0703525,0.799978,0.19109,-0.751762,-0.240657,-4.38428,4.31613,-0.503057,0.562328])
2.985422450792231
Max g: 0.12008839283088499
f_12([0.13197,-1.37408,1.8722,2.15915,-0.00847958,-1.64716,-0.00381036,4.61894,-3.58457,1.04423,-0.112109,0.0850059,0.430973,3.84986,-2.61806,-3.73662,4.40781,-2.69449,-0.298933,-2.27783,1.66494,3.66732,0.529227,-2.42043,-0.897078,1.26731,0.529749,0.106675,-0.0404795,0.15283,0.629106,0.244504,2.73407,-2.74836,-0.050182,0.0702855,0.820168,0.190092,-0.771373,-0.23952,-4.45207,4.4083,-0.524819,0.567978])
3.0549872361041235
Max g: 0.11812189619410125
f_13([0.104028,-1.36127,1.82756,2.13084,0.00859231,-1.6512,-0.00774366,4.6213,-3.59292,1.015,-0.108434,0.0753398,0.114158,3.9634,-2.62019,-3.82275,4.62331,-2.69121,-0.298366,-2.09542,1.49307,3.66511,0.516697,-2.41404,-0.883299,1.12049,0.73385,0.0541997,-0.0607243,0.102928,0.687158,0.244372,2.79465,-2.79184,-0.0481406,0.0671614,0.810773,0.183355,-0.74429,-0.237746,-4.59979,4.55775,-0.498668,0.567084])
3.1219681865330027
Max g: 0.10875177653062357
f_14([0.100031,-1.28355,1.78958,2.14981,0.0109602,-1.65699,0.00247022,4.61901,-3.61297,1.03511,-0.105672,0.065145,-0.0185547,3.99133,-2.58688,-3.76257,4.41328,-2.66191,-0.296003,-2.06176,1.46412,3.67245,0.514709,-2.42365,-0.897368,1.15033,0.748242,0.00865985,-0.034218,0.0452703,0.736497,0.24451,2.76313,-2.80466,-0.0404505,0.0733503,0.826058,0.183475,-0.766137,-0.238697,-4.59582,4.60771,-0.588263,0.583067])
3.115806734119664
Max g: 0.11260056464579354
f_15([0.104223,-1.28002,1.78847,2.13871,0.00926491,-1.64416,0.0134612,4.62739,-3.61962,1.03999,-0.109589,0.0711994,-0.0121375,4.02194,-2.59887,-3.64646,4.48055,-2.667,-0.297901,-2.04831,1.4569,3.6691,0.521083,-2.41647,-0.889197,1.14737,0.724426,0.00694122,-0.00769836,0.0299511,0.727281,0.242423,2.77037,-2.83747,-0.00119878,0.0704049,0.816206,0.183184,-0.75961,-0.23904,-4.60223,4.64533,-0.621462,0.574596])
3.1099434165005184
Max g: 0.09020878010281656
f_16([0.102094,-1.27131,1.78529,2.14771,0.00585035,-1.64958,0.0243464,4.62205,-3.62043,1.04133,-0.110934,0.0698397,-0.0196167,4.0227,-2.58966,-3.65621,4.63128,-2.66293,-0.299615,-2.03956,1.45151,3.67049,0.520065,-2.41323,-0.895926,1.16814,0.719243,0.0071549,0.0192028,-0.00332235,0.732289,0.239995,2.78679,-2.89614,0.0310368,0.0716673,0.818109,0.183,-0.769529,-0.236635,-4.62848,4.71978,-0.674797,0.570803])
3.119185595120527
Max g: 0.07703700338712852
f_17([0.0969188,-1.28207,1.78587,2.14334,0.0167214,-1.65903,0.0321175,4.62531,-3.6148,1.05479,-0.113114,0.0598717,-0.0162366,4.00113,-2.59378,-3.2242,4.58435,-2.66262,-0.298572,-2.00445,1.42154,3.67215,0.525906,-2.41191,-0.887019,1.12413,0.741601,0.0170036,0.0381463,-0.0274863,0.740632,0.238442,2.81078,-2.94946,0.0554616,0.0725365,0.820109,0.183167,-0.771818,-0.236589,-4.66109,4.79329,-0.708843,0.566765])
3.102092533586748
Max g: 0.06705161895561204
f_18([0.0975801,-1.27722,1.78047,2.16123,0.00743083,-1.66567,0.0444101,4.61234,-3.6084,1.03788,-0.112484,0.0743639,-0.0136634,4.01462,-2.5951,-3.03853,4.51079,-2.66456,-0.303489,-1.87446,1.28963,3.66896,0.532845,-2.40871,-0.895748,1.15646,0.732708,0.0159401,0.0467339,-0.0253849,0.735627,0.23617,2.80888,-2.97031,0.0818097,0.0686379,0.822233,0.183209,-0.785064,-0.234431,-4.63961,4.83469,-0.773779,0.561906])
3.115906112384395
Max g: 0.05356938089149975
f_19([0.0902491,-1.27694,1.78415,2.16385,-0.0113691,-1.65127,0.0581983,4.61787,-3.61983,1.03165,-0.109341,0.0737806,-0.021473,4.01743,-2.59625,-2.71753,4.58344,-2.66508,-0.305905,-1.81869,1.24242,3.66324,0.536603,-2.4041,-0.889344,1.14038,0.733485,0.0207553,0.0259486,-0.0145889,0.741521,0.236274,2.80752,-3.00691,0.127378,0.0716469,0.830836,0.18309,-0.790929,-0.232633,-4.63,4.91783,-0.84729,0.560589])
3.1095459034415933
Max g: 0.039088681744928626
f_20([0.0931041,-1.28419,1.78796,2.16725,0.000373488,-1.66398,0.0660377,4.61674,-3.6154,1.03044,-0.106803,0.0735924,-0.00470933,4.01437,-2.59384,-2.77444,4.58134,-2.6609,-0.309761,-1.78665,1.21123,3.66414,0.526715,-2.3883,-0.892557,1.13424,0.729604,0.0289167,0.0249795,-0.0180244,0.745653,0.236327,2.80818,-3.01916,0.131169,0.0719436,0.838523,0.182258,-0.794024,-0.231454,-4.58428,4.88688,-0.870717,0.561711])
3.075161023844572
{0.09310412196634521,-1.2841933953733147,1.7879623280864547,2.167253881643135,0.0003734882733548049,-1.6639757650501632,0.06603766729451896,4.616738251646064,-3.615398382936331,1.0304402053914608,-0.10680326891387212,0.07359242138122209,-0.0047093336807692955,4.014372176856266,-2.593837896818326,-2.7744361045175214,4.58133843259777,-2.660901831944239,-0.3097614615809684,-1.7866549153384468,1.2112252488622912,3.6641413585488887,0.5267146881679204,-2.388297352151886,-0.8925568926745437,1.1342367746687634,0.7296040827639628,0.02891667481529439,0.02497949604553619,-0.01802437142851768,0.7456530586017887,0.23632661280812894,2.8081822848008993,-3.0191554498028794,0.13116914683121192,0.07194359432504542,0.8385231137305335,0.18225759991152105,-0.7940237557273364,-0.2314538937647358,-4.58427752620504,4.886880921287995,-0.8707174213696997,0.561711099041095}]
Set[{A021,A031,A032,A041,A042,A043,A121,A131,A132,A141,A142,A143,B021,B031,B032,B041,B042,B043,B121,B131,B132,B141,B142,B143,\[Alpha]1,\[Alpha]2,\[Alpha]3,\[Alpha]4,\[Beta]11,\[Beta]12,\[Beta]13,\[Beta]14,\[Beta]21,\[Beta]22,\[Beta]23,\[Beta]24,\[Beta]31,\[Beta]32,\[Beta]33,\[Beta]34,\[Beta]41,\[Beta]42,\[Beta]43,\[Beta]44},{0.09310412196634521,-1.2841933953733147,1.7879623280864547,2.167253881643135,0.0003734882733548049,-1.6639757650501632,0.06603766729451896,4.616738251646064,-3.615398382936331,1.0304402053914608,-0.10680326891387212,0.07359242138122209,-0.0047093336807692955,4.014372176856266,-2.593837896818326,-2.7744361045175214,4.58133843259777,-2.660901831944239,-0.3097614615809684,-1.7866549153384468,1.2112252488622912,3.6641413585488887,0.5267146881679204,-2.388297352151886,-0.8925568926745437,1.1342367746687634,0.7296040827639628,0.02891667481529439,0.02497949604553619,-0.01802437142851768,0.7456530586017887,0.23632661280812894,2.8081822848008993,-3.0191554498028794,0.13116914683121192,0.07194359432504542,0.8385231137305335,0.18225759991152105,-0.7940237557273364,-0.2314538937647358,-4.58427752620504,4.886880921287995,-0.8707174213696997,0.561711099041095}]

Max g: 0.03792038313929159
f_21([0.092633,-1.27921,1.78787,2.15734,-0.00317163,-1.65018,0.0726506,4.60535,-3.60778,1.02718,-0.102771,0.0744238,-0.00635666,4.00387,-2.58157,-2.88884,4.56152,-2.65311,-0.311689,-1.7417,1.17117,3.66244,0.532508,-2.3903,-0.914725,1.15389,0.72801,0.0301611,0.0280072,-0.0208802,0.753325,0.236074,2.80815,-3.04515,0.162024,0.0714351,0.841833,0.182851,-0.796479,-0.230839,-4.56236,4.91644,-0.913775,0.559319])
3.0589623666933745
Max g: 0.026416825624371573
f_22([0.0892675,-1.28076,1.7873,2.16344,-0.00660005,-1.65401,0.0775241,4.60112,-3.61255,1.02607,-0.105877,0.0758756,0.00039239,4.00295,-2.57893,-2.6319,4.55683,-2.65646,-0.313267,-1.72624,1.15775,3.66234,0.532331,-2.38852,-0.912828,1.13768,0.726231,0.0515418,0.0303932,-0.0366862,0.765931,0.23591,2.80949,-3.05675,0.174062,0.0729097,0.85324,0.18171,-0.802019,-0.230687,-4.55071,4.93509,-0.945518,0.558151])
3.037099148452494
Max g: 0.02371245537399784
f_23([0.088049,-1.28347,1.78635,2.16363,-0.00473595,-1.65783,0.0786915,4.59843,-3.60846,1.02558,-0.104186,0.0750601,0.00563403,4.00301,-2.58105,-2.67636,4.55672,-2.65768,-0.31346,-1.71353,1.14357,3.66252,0.528841,-2.3855,-0.94695,1.16536,0.72738,0.0553362,0.0337512,-0.0399828,0.768033,0.235924,2.8092,-3.06305,0.177219,0.0730282,0.851541,0.181341,-0.799807,-0.230568,-4.54281,4.93505,-0.951272,0.557833])
3.02666443065571
Max g: 0.023659849473109548
f_24([0.0889574,-1.28693,1.78837,2.16118,-0.00686868,-1.65346,0.0790553,4.59985,-3.61366,1.02649,-0.105119,0.073213,0.00586072,3.99925,-2.58273,-2.68555,4.55882,-2.65783,-0.313986,-1.69961,1.1325,3.66136,0.526499,-2.38355,-0.961116,1.17414,0.730564,0.05641,0.0295473,-0.0387047,0.770616,0.235788,2.80971,-3.06492,0.18051,0.0730519,0.854323,0.181147,-0.805961,-0.230523,-4.54119,4.93994,-0.958135,0.558368])
3.0292482655387234
Max g: 0.022481429457147206
f_25([0.088044,-1.28808,1.78872,2.16202,-0.00780003,-1.65253,0.0798071,4.59538,-3.6137,1.0224,-0.100303,0.0735516,0.0077329,3.99817,-2.58317,-2.67092,4.56055,-2.66326,-0.314449,-1.68928,1.12238,3.66089,0.526065,-2.38227,-0.955363,1.16967,0.731795,0.0560519,0.0260398,-0.0400568,0.774587,0.235693,2.80967,-3.06824,0.183754,0.073014,0.857385,0.179049,-0.807033,-0.230892,-4.53961,4.94713,-0.966192,0.558468])
3.026763808920441
Max g: 0.021675491793689494
f_26([0.0867297,-1.28895,1.78944,2.15904,-0.00830739,-1.65014,0.0796875,4.59379,-3.614,1.0292,-0.107614,0.073546,0.00504315,3.99934,-2.58323,-2.65402,4.56156,-2.66412,-0.314451,-1.68416,1.11876,3.66055,0.524599,-2.38247,-0.971318,1.17984,0.732457,0.0563694,0.0236781,-0.0412361,0.776641,0.235584,2.80991,-3.07072,0.185083,0.0733017,0.884171,0.151158,-0.806422,-0.23097,-4.5395,4.94656,-0.966696,0.559092])
3.030341426450767
Max g: 0.02153665351676981
f_27([0.0866717,-1.28809,1.79034,2.15873,-0.00367696,-1.65494,0.080334,4.59283,-3.61022,1.03209,-0.108075,0.0749558,0.00121584,3.99787,-2.58359,-2.67492,4.56156,-2.67309,-0.314797,-1.68221,1.1196,3.65987,0.524521,-2.38094,-0.968426,1.18269,0.734358,0.0539707,0.0272883,-0.0427288,0.775641,0.235581,2.81018,-3.07127,0.184598,0.0734848,0.93087,0.0937623,-0.794763,-0.232015,-4.53989,4.95039,-0.970253,0.559091])
3.022987434860653
Max g: 0.021240875157954878
f_28([0.0857415,-1.28527,1.78809,2.15793,-0.000324786,-1.65619,0.0817227,4.5943,-3.60988,1.03865,-0.113213,0.0735536,-0.00215197,3.99722,-2.58381,-2.61452,4.56403,-2.67434,-0.314061,-1.68117,1.12282,3.65732,0.52605,-2.38136,-0.9708,1.1759,0.736528,0.0576766,0.0255089,-0.0386824,0.776704,0.235512,2.81095,-3.07248,0.185482,0.0737567,0.957253,0.0600964,-0.785644,-0.234097,-4.53971,4.96053,-0.983235,0.55962])
3.0135464997111816
Max g: 0.020476796040558645
f_29([0.0856617,-1.28639,1.78769,2.15794,0.000971264,-1.6583,0.083501,4.59821,-3.60928,1.04095,-0.116297,0.0757885,0.00658673,3.99626,-2.5838,-2.65006,4.56423,-2.67566,-0.314444,-1.68111,1.12213,3.65512,0.527399,-2.38069,-0.973023,1.18031,0.735374,0.0577758,0.022877,-0.0336791,0.774979,0.235527,2.8113,-3.07312,0.186515,0.0739458,0.965538,0.0482985,-0.780233,-0.234183,-4.53978,4.96428,-0.98591,0.560306])
3.002018621002354
Max g: 0.020329044476804642
f_30([0.0842011,-1.28531,1.78695,2.15719,0.00456292,-1.66021,0.085147,4.59835,-3.60726,1.04038,-0.114928,0.0734734,0.00657535,3.99588,-2.58392,-2.67311,4.56423,-2.67678,-0.314611,-1.68193,1.1237,3.65169,0.526845,-2.37751,-0.979243,1.18744,0.734693,0.0576505,0.0212517,-0.0308442,0.773868,0.235518,2.81139,-3.07564,0.191419,0.0737081,0.974495,0.0366606,-0.776037,-0.234775,-4.5398,4.96847,-0.989398,0.560287])
2.9997329209135346
{0.08420108521419763,-1.2853060816023845,1.7869512504238525,2.1571898770104334,0.004562923911415278,-1.660205384154531,0.0851470261973843,4.598345842763841,-3.607261639664525,1.0403805630537266,-0.11492777378346765,0.07347343012624381,0.00657535316538978,3.995878028992815,-2.5839172762948444,-2.6731061031149355,4.564228319602175,-2.6767763965216074,-0.31461132100032385,-1.6819330846709022,1.1236987122311943,3.651685784485372,0.526844563068533,-2.3775055560237806,-0.9792431563927649,1.18743934229025,0.7346927805153687,0.05765045262617381,0.02125170341053962,-0.030844206139517234,0.7738676398796902,0.23551760798890092,2.811386749805808,-3.075637381596938,0.19141922569710185,0.07370813950998259,0.9744952607199837,0.03666063247700981,-0.776036650598763,-0.23477532460998665,-4.539801178833722,4.968468057704597,-0.9893981713095171,0.560286980095771}]
Set[{A021,A031,A032,A041,A042,A043,A121,A131,A132,A141,A142,A143,B021,B031,B032,B041,B042,B043,B121,B131,B132,B141,B142,B143,\[Alpha]1,\[Alpha]2,\[Alpha]3,\[Alpha]4,\[Beta]11,\[Beta]12,\[Beta]13,\[Beta]14,\[Beta]21,\[Beta]22,\[Beta]23,\[Beta]24,\[Beta]31,\[Beta]32,\[Beta]33,\[Beta]34,\[Beta]41,\[Beta]42,\[Beta]43,\[Beta]44},{0.08420108521419763,-1.2853060816023845,1.7869512504238525,2.1571898770104334,0.004562923911415278,-1.660205384154531,0.0851470261973843,4.598345842763841,-3.607261639664525,1.0403805630537266,-0.11492777378346765,0.07347343012624381,0.00657535316538978,3.995878028992815,-2.5839172762948444,-2.6731061031149355,4.564228319602175,-2.6767763965216074,-0.31461132100032385,-1.6819330846709022,1.1236987122311943,3.651685784485372,0.526844563068533,-2.3775055560237806,-0.9792431563927649,1.18743934229025,0.7346927805153687,0.05765045262617381,0.02125170341053962,-0.030844206139517234,0.7738676398796902,0.23551760798890092,2.811386749805808,-3.075637381596938,0.19141922569710185,0.07370813950998259,0.9744952607199837,0.03666063247700981,-0.776036650598763,-0.23477532460998665,-4.539801178833722,4.968468057704597,-0.9893981713095171,0.560286980095771}]

Max g: 0.017936497358989487
f_31([0.085156,-1.28441,1.78496,2.15763,0.00326028,-1.66086,0.0869704,4.59655,-3.6064,1.03887,-0.115296,0.0745461,0.0057839,3.99508,-2.58414,-2.66076,4.56439,-2.6751,-0.314827,-1.68095,1.12357,3.64772,0.526116,-2.37207,-0.987648,1.19437,0.735577,0.0578802,0.0146171,-0.0243947,0.772845,0.235514,2.81339,-3.08997,0.201327,0.0737506,0.979952,0.0319014,-0.777251,-0.234943,-4.53962,4.97841,-1.00063,0.559999])
3.003906808032248
Max g: 0.014077464373076415
f_32([0.0859705,-1.28325,1.78498,2.15835,0.003598,-1.66176,0.0888716,4.599,-3.60666,1.04128,-0.115868,0.0731234,0.00478064,3.99705,-2.58407,-2.63829,4.56443,-2.68192,-0.31451,-1.67923,1.12262,3.6457,0.526938,-2.37035,-0.985818,1.19268,0.734844,0.0578292,0.0204505,-0.0260875,0.771968,0.235473,2.82732,-3.11104,0.207266,0.0737639,0.979405,0.0278719,-0.774352,-0.235098,-4.5396,4.98842,-1.00861,0.559916])
2.9996335426488034
Max g: 0.011916278407509626
f_33([0.0844971,-1.28332,1.78499,2.15778,0.00478026,-1.66188,0.0900376,4.59936,-3.60684,1.04454,-0.118082,0.0716094,0.00371876,3.99624,-2.5836,-2.62878,4.56438,-2.68347,-0.314481,-1.67802,1.12252,3.64501,0.525658,-2.36843,-0.986327,1.19294,0.735935,0.0579885,0.0151937,-0.0229868,0.771282,0.235454,2.84099,-3.12795,0.213211,0.0737695,0.988141,0.0209614,-0.77452,-0.235515,-4.53964,4.99431,-1.01432,0.55976])
3.004900590679561
Max g: 0.009594882338985311
f_34([0.0852123,-1.28376,1.78424,2.15643,0.00543536,-1.66168,0.0910032,4.60084,-3.60715,1.04707,-0.118143,0.0704125,0.0033594,3.9945,-2.58331,-2.63584,4.5645,-2.68349,-0.314473,-1.67714,1.12246,3.64512,0.526676,-2.36784,-0.986784,1.19266,0.736496,0.057998,0.0147545,-0.0212784,0.770827,0.235359,2.84559,-3.13694,0.217673,0.0737755,0.991296,0.016393,-0.772888,-0.234994,-4.53966,4.99987,-1.01855,0.558699])
3.002018621002354
Max g: 0.00784301248261883
f_35([0.0841916,-1.28287,1.78411,2.15866,0.0033297,-1.66112,0.0919268,4.60373,-3.60668,1.04726,-0.117964,0.0696687,0.00550138,3.99377,-2.58315,-2.65973,4.56463,-2.68292,-0.314422,-1.67686,1.12205,3.64474,0.527135,-2.3676,-0.987584,1.19374,0.736141,0.0579992,0.00719273,-0.0102881,0.768212,0.23534,2.8498,-3.14175,0.218652,0.0738032,0.992499,0.0127252,-0.770495,-0.234701,-4.53971,4.99974,-1.01923,0.55858])
2.9990372730604156
Max g: 0.007573702275587943
f_36([0.0847194,-1.28337,1.78538,2.1583,0.00248055,-1.66058,0.092263,4.60467,-3.60532,1.04981,-0.117865,0.0672628,0.00574049,3.99337,-2.5831,-2.66951,4.5648,-2.67748,-0.314397,-1.67667,1.12224,3.64477,0.528297,-2.36837,-0.989111,1.19437,0.736632,0.057965,0.00241429,-0.00290837,0.765144,0.235312,2.84808,-3.14113,0.21907,0.073814,0.99596,0.0060257,-0.767202,-0.234922,-4.53968,4.99988,-1.01928,0.558403])
2.9986397600014905
Max g: 0.007369351250582301
f_37([0.0846175,-1.28413,1.78437,2.15797,0.00201374,-1.66009,0.0925397,4.60554,-3.60514,1.05198,-0.117556,0.0657563,0.00563806,3.9937,-2.58346,-2.65531,4.56424,-2.68573,-0.314299,-1.67685,1.12324,3.64489,0.527643,-2.36809,-0.990679,1.1966,0.736365,0.0579924,-0.00142554,0.00336497,0.762962,0.235324,2.85133,-3.14596,0.220908,0.0738261,1.0002,-0.000499336,-0.764265,-0.235527,-4.53972,4.99998,-1.01944,0.558489])
3.0000310557077285
Max g: 0.006555960480067374
f_38([0.0849849,-1.28436,1.78458,2.15888,0.00247708,-1.66129,0.0927938,4.60501,-3.60468,1.05124,-0.117611,0.065826,0.00558293,3.99358,-2.58396,-2.66047,4.56454,-2.68638,-0.314267,-1.67712,1.12376,3.64493,0.528301,-2.36866,-0.992012,1.19738,0.736927,0.0580118,-0.00412933,0.00567965,0.763225,0.235319,2.85241,-3.1475,0.221206,0.0738133,1.001,-0.00122997,-0.764747,-0.235096,-4.53969,4.99994,-1.01982,0.558282])
2.9987391382662216
Max g: 0.00637348822179265
f_39([0.0849236,-1.28413,1.78462,2.15904,0.00250099,-1.66129,0.0928661,4.60488,-3.6043,1.05156,-0.117613,0.0658362,0.00595465,3.99357,-2.58403,-2.66508,4.56449,-2.6871,-0.31426,-1.67728,1.12404,3.64504,0.52843,-2.36885,-0.992656,1.19793,0.736882,0.0579933,-0.00484443,0.0063476,0.763224,0.235317,2.85268,-3.14796,0.221224,0.073809,1.00214,-0.0027248,-0.764312,-0.235104,-4.53968,4.99998,-1.02008,0.558311])
2.997347842559984
Max g: 0.006326884760637877
f_40([0.0849784,-1.28382,1.78412,2.15911,0.00198289,-1.66086,0.0929016,4.60456,-3.60397,1.05139,-0.117563,0.0659369,0.00637086,3.99369,-2.58462,-2.66833,4.56467,-2.69249,-0.314221,-1.67745,1.12447,3.64506,0.52826,-2.36875,-0.992575,1.19772,0.737001,0.0579868,-0.00576154,0.00739847,0.763148,0.235318,2.8527,-3.1481,0.221555,0.0737821,1.00469,-0.00563564,-0.76406,-0.235208,-4.53964,4.99998,-1.02027,0.55839])
2.997347842559984
{0.08497836060139193,-1.283819177399011,1.784118258494801,2.1591113259249477,0.001982894126859128,-1.6608631600749655,0.09290164735355039,4.6045604635696415,-3.603970023582852,1.0513900916282632,-0.11756279509551895,0.06593688143584617,0.006370864775414281,3.9936856983514026,-2.5846193778488833,-2.668329737424923,4.5646692494367445,-2.692494972906649,-0.31422079032836686,-1.6774511393503853,1.1244682956282614,3.645062849033748,0.5282601570741545,-2.3687464205084647,-0.9925753460674502,1.1977243958363228,0.7370005456547152,0.05798684989124964,-0.005761543464208126,0.0073984673088505265,0.763147843117562,0.2353184561144988,2.8526981630694794,-3.1480972991506646,0.22155534471808935,0.07378213836669607,1.0046897199571103,-0.005635638215701849,-0.7640599809218583,-0.23520804313209645,-4.539639868155616,4.999981618534271,-1.0202705190312606,0.558389816112068}]
Set[{A021,A031,A032,A041,A042,A043,A121,A131,A132,A141,A142,A143,B021,B031,B032,B041,B042,B043,B121,B131,B132,B141,B142,B143,\[Alpha]1,\[Alpha]2,\[Alpha]3,\[Alpha]4,\[Beta]11,\[Beta]12,\[Beta]13,\[Beta]14,\[Beta]21,\[Beta]22,\[Beta]23,\[Beta]24,\[Beta]31,\[Beta]32,\[Beta]33,\[Beta]34,\[Beta]41,\[Beta]42,\[Beta]43,\[Beta]44},{0.08497836060139193,-1.283819177399011,1.784118258494801,2.1591113259249477,0.001982894126859128,-1.6608631600749655,0.09290164735355039,4.6045604635696415,-3.603970023582852,1.0513900916282632,-0.11756279509551895,0.06593688143584617,0.006370864775414281,3.9936856983514026,-2.5846193778488833,-2.668329737424923,4.5646692494367445,-2.692494972906649,-0.31422079032836686,-1.6774511393503853,1.1244682956282614,3.645062849033748,0.5282601570741545,-2.3687464205084647,-0.9925753460674502,1.1977243958363228,0.7370005456547152,0.05798684989124964,-0.005761543464208126,0.0073984673088505265,0.763147843117562,0.2353184561144988,2.8526981630694794,-3.1480972991506646,0.22155534471808935,0.07378213836669607,1.0046897199571103,-0.005635638215701849,-0.7640599809218583,-0.23520804313209645,-4.539639868155616,4.999981618534271,-1.0202705190312606,0.558389816112068}]

Max g: 0.006115899294851401
f_41([0.0850614,-1.28369,1.78418,2.15875,0.00243071,-1.66103,0.0929575,4.60527,-3.60472,1.05143,-0.117394,0.065611,0.00739212,3.99339,-2.58486,-2.66952,4.56467,-2.70194,-0.314195,-1.67784,1.12502,3.64529,0.528307,-2.36907,-0.993275,1.19841,0.73704,0.0579799,-0.00666725,0.00778342,0.7633,0.235319,2.85315,-3.14878,0.221868,0.073788,1.00592,-0.00667417,-0.763889,-0.235271,-4.53955,4.99999,-1.02045,0.558326])
2.996950329501059
Max g: 0.005964738097375327
f_42([0.0850716,-1.28363,1.78391,2.15854,0.00267894,-1.6611,0.0929882,4.60531,-3.60468,1.05159,-0.117342,0.0654558,0.00770281,3.99311,-2.58493,-2.66982,4.56461,-2.70521,-0.314209,-1.67803,1.12522,3.64555,0.528387,-2.36926,-0.993458,1.1984,0.737066,0.0580256,-0.00716865,0.00884225,0.762894,0.235319,2.85325,-3.14885,0.221822,0.0737827,1.00622,-0.00738907,-0.763643,-0.235268,-4.53945,5.0,-1.02054,0.558259])
2.99704970776579
Max g: 0.005961301946124292
f_43([0.0850163,-1.28364,1.78394,2.15863,0.00250815,-1.66113,0.0930554,4.6052,-3.60501,1.05167,-0.117449,0.0655329,0.00772162,3.99309,-2.585,-2.66957,4.56451,-2.70618,-0.314198,-1.6779,1.12542,3.64586,0.528252,-2.36915,-0.993619,1.19847,0.737081,0.0581934,-0.00799717,0.00958208,0.762794,0.235319,2.85302,-3.14899,0.222247,0.0737992,1.00647,-0.00763896,-0.763681,-0.235206,-4.53565,4.99995,-1.02224,0.557937])
2.997149086030521
Max g: 0.005759086844844996
f_44([0.0849947,-1.28248,1.78274,2.1579,0.00306697,-1.66104,0.0940366,4.60652,-3.60565,1.05182,-0.117292,0.0653891,0.00787483,3.99283,-2.58515,-2.67011,4.56436,-2.71415,-0.31436,-1.678,1.12603,3.6463,0.528131,-2.36905,-0.993825,1.19822,0.73717,0.0580637,-0.00883424,0.01103,0.762412,0.235316,2.85319,-3.15142,0.224754,0.0737789,1.00846,-0.00999742,-0.763232,-0.235225,-4.53136,4.99981,-1.02609,0.557741])
2.996652194706865
Max g: 0.00466992388726771
f_45([0.0849116,-1.28219,1.78248,2.15816,0.00307626,-1.66102,0.0950934,4.60635,-3.60578,1.05177,-0.117888,0.0659857,0.00700458,3.99294,-2.58444,-2.66941,4.5644,-2.6974,-0.314595,-1.67691,1.12598,3.64773,0.528296,-2.36929,-0.993844,1.19871,0.737212,0.0580949,-0.012065,0.0148062,0.761907,0.235313,2.85324,-3.15482,0.228187,0.0738138,1.00912,-0.0110627,-0.763144,-0.235262,-4.52574,4.99983,-1.03109,0.556822])
2.997447220824715
Max g: 0.003252074292808438
f_46([0.0848915,-1.28387,1.78429,2.15797,0.00317837,-1.66101,0.095621,4.60661,-3.60566,1.05159,-0.116322,0.0646483,0.00709644,3.99367,-2.58466,-2.66944,4.56429,-2.69802,-0.314762,-1.67472,1.12371,3.6498,0.528463,-2.3715,-0.994619,1.19919,0.737226,0.0580595,-0.015033,0.0184002,0.761451,0.235311,2.85186,-3.15483,0.229158,0.0738551,1.00977,-0.0115076,-0.763171,-0.235186,-4.52372,4.99984,-1.03297,0.556798])
2.9964534381774026
Max g: 0.0031706599690705245
f_47([0.0849051,-1.28366,1.78373,2.15784,0.00325055,-1.66101,0.0960952,4.60606,-3.60519,1.05147,-0.116462,0.0649912,0.00705704,3.99277,-2.58391,-2.67002,4.5646,-2.69475,-0.315003,-1.67174,1.12124,3.65019,0.528679,-2.3719,-0.996759,1.20166,0.736994,0.0581844,-0.0161408,0.0194817,0.760957,0.235312,2.85062,-3.1552,0.230701,0.0739083,1.01101,-0.0131531,-0.763036,-0.235111,-4.52065,4.99983,-1.03587,0.556588])
2.9978447338836403
Max g: 0.002714272838914303
f_48([0.0848612,-1.2837,1.78375,2.15791,0.0030073,-1.66098,0.0968524,4.6043,-3.60379,1.05153,-0.116852,0.06533,0.00643855,3.99314,-2.58422,-2.67321,4.56456,-2.69036,-0.315307,-1.66907,1.11877,3.65045,0.528827,-2.37206,-0.997583,1.20286,0.737055,0.0579379,-0.0144241,0.0176544,0.761294,0.235314,2.84866,-3.15519,0.232867,0.0739482,1.01192,-0.0134329,-0.763199,-0.235164,-4.51696,4.99984,-1.03911,0.556378])
2.997645977354178
Max g: 0.0020512647866187533
f_49([0.0848876,-1.28404,1.78419,2.158,0.00311908,-1.66099,0.0969682,4.60473,-3.60441,1.05169,-0.116982,0.065325,0.00708404,3.99282,-2.5843,-2.67389,4.56454,-2.69574,-0.315368,-1.66754,1.11746,3.65016,0.528856,-2.37202,-0.997306,1.20236,0.737078,0.0578672,-0.0156766,0.018536,0.761631,0.235314,2.8476,-3.15491,0.233271,0.0739399,1.01199,-0.0138354,-0.763206,-0.235095,-4.51613,4.99985,-1.04001,0.55645])
2.996652194706865
Max g: 0.0019381037400775653
f_50([0.0848125,-1.28426,1.78443,2.15774,0.00329701,-1.661,0.0973402,4.60345,-3.60303,1.05167,-0.116662,0.0649724,0.00693041,3.99269,-2.58437,-2.67362,4.56472,-2.69757,-0.315501,-1.66698,1.11707,3.65097,0.528898,-2.3725,-0.997622,1.20263,0.737211,0.0578575,-0.0162038,0.0192134,0.761686,0.235314,2.84631,-3.15468,0.234323,0.0739434,1.01283,-0.0146153,-0.763197,-0.235091,-4.5143,4.99985,-1.04181,0.556174])
2.9961553033832087
{0.0848125449392185,-1.2842595889086024,1.7844336532510687,2.157735288134922,0.003297005602553452,-1.660996160256194,0.09734020599897171,4.603447267456327,-3.603030814485987,1.0516669788675879,-0.11666155182414337,0.06497239984491636,0.006930413245826484,3.992694820285633,-2.5843697330122692,-2.67362343146825,4.564719027486467,-2.6975683307098888,-0.31550056553137296,-1.6669785656639426,1.1170740605225666,3.650971602571493,0.5288981406845825,-2.3724992696819966,-0.9976219949772991,1.20263289219291,0.7372112874658919,0.05785754119094674,-0.016203818094932303,0.019213350768782514,0.7616864705441175,0.23531400030728158,2.8463139143486074,-3.15468447864355,0.2343226749827741,0.07394336502486236,1.0128346462522961,-0.014615250627360962,-0.7631970459341356,-0.23509057185260102,-4.514300209230897,4.999847332834373,-1.0418051028019597,0.5561735448911765}]
Set[{A021,A031,A032,A041,A042,A043,A121,A131,A132,A141,A142,A143,B021,B031,B032,B041,B042,B043,B121,B131,B132,B141,B142,B143,\[Alpha]1,\[Alpha]2,\[Alpha]3,\[Alpha]4,\[Beta]11,\[Beta]12,\[Beta]13,\[Beta]14,\[Beta]21,\[Beta]22,\[Beta]23,\[Beta]24,\[Beta]31,\[Beta]32,\[Beta]33,\[Beta]34,\[Beta]41,\[Beta]42,\[Beta]43,\[Beta]44},{0.0848125449392185,-1.2842595889086024,1.7844336532510687,2.157735288134922,0.003297005602553452,-1.660996160256194,0.09734020599897171,4.603447267456327,-3.603030814485987,1.0516669788675879,-0.11666155182414337,0.06497239984491636,0.006930413245826484,3.992694820285633,-2.5843697330122692,-2.67362343146825,4.564719027486467,-2.6975683307098888,-0.31550056553137296,-1.6669785656639426,1.1170740605225666,3.650971602571493,0.5288981406845825,-2.3724992696819966,-0.9976219949772991,1.20263289219291,0.7372112874658919,0.05785754119094674,-0.016203818094932303,0.019213350768782514,0.7616864705441175,0.23531400030728158,2.8463139143486074,-3.15468447864355,0.2343226749827741,0.07394336502486236,1.0128346462522961,-0.014615250627360962,-0.7631970459341356,-0.23509057185260102,-4.514300209230897,4.999847332834373,-1.0418051028019597,0.5561735448911765}]

Max g: 0.0015472122815567702
f_51([0.0848557,-1.28423,1.78449,2.15746,0.00363693,-1.66099,0.097433,4.60339,-3.603,1.0517,-0.116777,0.0651348,0.0072702,3.99248,-2.58438,-2.6745,4.56463,-2.7011,-0.315503,-1.66661,1.1169,3.6511,0.528814,-2.37254,-0.997639,1.20253,0.737308,0.0578177,-0.0172754,0.0201972,0.761644,0.235316,2.84606,-3.15465,0.234524,0.0739465,1.01385,-0.0156749,-0.763144,-0.235106,-4.51342,4.99985,-1.04237,0.556169])
2.9954596555300896
Max g: 0.001519644676197307
f_52([0.0849953,-1.28423,1.78436,2.15746,0.00365757,-1.66099,0.0975533,4.60358,-3.60303,1.05169,-0.116689,0.0651327,0.00717318,3.99241,-2.58438,-2.67441,4.56475,-2.70229,-0.315541,-1.66618,1.1166,3.65131,0.528668,-2.37258,-0.997614,1.20245,0.737363,0.0577594,-0.0178894,0.0208966,0.761618,0.235317,2.84581,-3.15462,0.23467,0.0739446,1.01551,-0.0177384,-0.762577,-0.235152,-4.51293,4.99984,-1.04286,0.556132])
2.994465872882777
Max g: 0.0014010730810940647
f_53([0.0848061,-1.28428,1.78443,2.15745,0.00349831,-1.66098,0.0976823,4.60351,-3.60307,1.05169,-0.116637,0.0650448,0.00697516,3.99228,-2.58438,-2.67478,4.56477,-2.70168,-0.315547,-1.66562,1.1163,3.65139,0.528507,-2.37262,-0.997686,1.20248,0.737577,0.0576445,-0.0183098,0.0213572,0.761693,0.235315,2.8456,-3.15459,0.235019,0.0739666,1.01713,-0.0200394,-0.762143,-0.235216,-4.51242,4.99984,-1.04366,0.556142])
2.994465872882777
Max g: 0.001284703916132654
f_54([0.0848033,-1.28453,1.78477,2.15741,0.00358484,-1.66097,0.0977906,4.60369,-3.60318,1.0517,-0.116865,0.0652795,0.00699597,3.99228,-2.58423,-2.6745,4.56483,-2.70198,-0.315613,-1.66418,1.11488,3.65133,0.528529,-2.37259,-0.99783,1.2028,0.737439,0.0577166,-0.0187507,0.0219462,0.761525,0.235314,2.84544,-3.15457,0.235277,0.0739788,1.01804,-0.0207988,-0.761998,-0.235256,-4.51191,4.99984,-1.04423,0.556168])
2.9943664946180455
Max g: 0.0012853793285126508
f_55([0.0847865,-1.28462,1.78489,2.1574,0.00366579,-1.66097,0.098019,4.60374,-3.60328,1.0517,-0.11688,0.0653137,0.00705488,3.99224,-2.58425,-2.67457,4.56486,-2.70213,-0.315726,-1.66344,1.11429,3.65139,0.528423,-2.37259,-0.997979,1.20291,0.737501,0.0576583,-0.0189558,0.022047,0.761635,0.235314,2.84453,-3.15456,0.235927,0.0739903,1.01825,-0.0208166,-0.762127,-0.235252,-4.51072,4.99984,-1.04531,0.556188])
2.9938696032943892
Max g: 0.0010582693477913657
f_56([0.0848492,-1.28464,1.78467,2.15751,0.00354462,-1.66097,0.0981449,4.60377,-3.60332,1.05169,-0.116878,0.0651729,0.0072278,3.99211,-2.58427,-2.67456,4.5649,-2.7051,-0.315776,-1.66243,1.11339,3.6514,0.52839,-2.37261,-0.998079,1.203,0.737473,0.0576743,-0.0189782,0.0220486,0.761636,0.235312,2.8444,-3.15455,0.236284,0.0740058,1.01857,-0.0212541,-0.762099,-0.235252,-4.51016,4.99984,-1.046,0.556201])
2.993472090235464
Max g: 0.0009828971038991913
f_57([0.085044,-1.28476,1.78479,2.15753,0.00344736,-1.66092,0.098199,4.60375,-3.60332,1.05169,-0.116905,0.0652564,0.00731667,3.99202,-2.58423,-2.67461,4.56509,-2.70635,-0.315807,-1.66229,1.11323,3.65134,0.528347,-2.37263,-0.998186,1.20291,0.737505,0.0577229,-0.0187817,0.0219108,0.761804,0.235309,2.84371,-3.15454,0.236463,0.0742091,1.0186,-0.0211919,-0.762122,-0.235311,-4.50996,4.99985,-1.04625,0.556225])
2.993372711970733
Max g: 0.0011599236156458748
f_58([0.0850708,-1.28423,1.78426,2.15749,0.00337046,-1.66085,0.0984616,4.60366,-3.60326,1.05169,-0.116854,0.0652184,0.00733176,3.99194,-2.58421,-2.67466,4.56457,-2.70576,-0.315875,-1.66194,1.11306,3.65138,0.528392,-2.37267,-0.997823,1.20264,0.737515,0.0576523,-0.0190456,0.0220725,0.761723,0.235324,2.84321,-3.15454,0.23709,0.0742664,1.0191,-0.0215856,-0.762129,-0.235348,-4.50837,4.99985,-1.04756,0.556187])
2.9931739554412706
Max g: 0.0009643807099176949
f_59([0.0850089,-1.28461,1.78473,2.15749,0.00341927,-1.66092,0.0985932,4.60371,-3.60328,1.05169,-0.116731,0.0651491,0.00754304,3.99195,-2.5843,-2.67465,4.56459,-2.70714,-0.315948,-1.66163,1.1128,3.65139,0.528546,-2.37269,-0.997981,1.20281,0.737522,0.0576925,-0.0199204,0.0229658,0.761618,0.235323,2.84287,-3.15455,0.237461,0.0742609,1.01939,-0.0221488,-0.761944,-0.235322,-4.50776,4.99985,-1.04821,0.556087])
2.993074577176539
Max g: 0.000817523740378941
f_60([0.0851019,-1.28459,1.78463,2.15748,0.00340823,-1.6609,0.0986937,4.60374,-3.60333,1.05169,-0.116604,0.0649718,0.00745584,3.99197,-2.58434,-2.67456,4.56448,-2.70741,-0.315963,-1.66121,1.11252,3.65139,0.528512,-2.37269,-0.998071,1.20284,0.737535,0.0576772,-0.0200277,0.0229242,0.761734,0.23533,2.84257,-3.15455,0.237667,0.0742834,1.01998,-0.0226655,-0.761888,-0.235333,-4.50724,4.99985,-1.04872,0.556097])
2.992677064117614
{0.08510194954156503,-1.2845924958537802,1.7846303507533292,2.1574818672052056,0.003408229440646653,-1.6608962920767996,0.09869365985857886,4.603740411323056,-3.603328238795997,1.0516920114115562,-0.11660368951033957,0.06497176946143708,0.007455837014630965,3.9919693995020884,-2.58434410657354,-2.6745643859171317,4.5644764447424215,-2.7074147056566953,-0.3159627489308436,-1.6612108049755414,1.1125194885381346,3.651388793620138,0.528511530444853,-2.372693596895476,-0.9980705676396194,1.2028354318018637,0.7375353048204877,0.05767722065157459,-0.020027665782249682,0.02292423525474525,0.7617344738390524,0.2353302756806634,2.842570144575048,-3.1545505901591606,0.23766687570786046,0.07428343870186385,1.0199761656249544,-0.02266546207745833,-0.7618883892552656,-0.23533348068436324,-4.507237734695347,4.999845968305444,-1.0487200716600371,0.5560970841597564}]
Set[{A021,A031,A032,A041,A042,A043,A121,A131,A132,A141,A142,A143,B021,B031,B032,B041,B042,B043,B121,B131,B132,B141,B142,B143,\[Alpha]1,\[Alpha]2,\[Alpha]3,\[Alpha]4,\[Beta]11,\[Beta]12,\[Beta]13,\[Beta]14,\[Beta]21,\[Beta]22,\[Beta]23,\[Beta]24,\[Beta]31,\[Beta]32,\[Beta]33,\[Beta]34,\[Beta]41,\[Beta]42,\[Beta]43,\[Beta]44},{0.08510194954156503,-1.2845924958537802,1.7846303507533292,2.1574818672052056,0.003408229440646653,-1.6608962920767996,0.09869365985857886,4.603740411323056,-3.603328238795997,1.0516920114115562,-0.11660368951033957,0.06497176946143708,0.007455837014630965,3.9919693995020884,-2.58434410657354,-2.6745643859171317,4.5644764447424215,-2.7074147056566953,-0.3159627489308436,-1.6612108049755414,1.1125194885381346,3.651388793620138,0.528511530444853,-2.372693596895476,-0.9980705676396194,1.2028354318018637,0.7375353048204877,0.05767722065157459,-0.020027665782249682,0.02292423525474525,0.7617344738390524,0.2353302756806634,2.842570144575048,-3.1545505901591606,0.23766687570786046,0.07428343870186385,1.0199761656249544,-0.02266546207745833,-0.7618883892552656,-0.23533348068436324,-4.507237734695347,4.999845968305444,-1.0487200716600371,0.5560970841597564}]

Max g: 0.0007598613258609638
f_61([0.0851293,-1.28462,1.78453,2.15748,0.00343523,-1.66094,0.0987848,4.6037,-3.60331,1.05169,-0.116713,0.0651224,0.00765716,3.99191,-2.58438,-2.67448,4.56439,-2.70873,-0.316001,-1.66054,1.1119,3.65142,0.528518,-2.37272,-0.998039,1.20281,0.737534,0.0577308,-0.0200637,0.0231073,0.761676,0.235332,2.84234,-3.15455,0.237919,0.074277,1.01997,-0.0226696,-0.761935,-0.235338,-4.5067,4.99985,-1.04931,0.556119])
2.992677064117614
Max g: 0.0007607403829188453
f_62([0.085042,-1.28463,1.78463,2.15749,0.00336278,-1.66082,0.0988479,4.60366,-3.60332,1.05169,-0.116863,0.065248,0.00757016,3.99196,-2.58436,-2.67443,4.56436,-2.70776,-0.316052,-1.65986,1.11118,3.65147,0.528476,-2.37275,-0.998014,1.2028,0.737532,0.05771,-0.0201025,0.0231047,0.761763,0.235338,2.84206,-3.15455,0.238221,0.0742877,1.02012,-0.0228158,-0.761966,-0.23534,-4.50635,4.99985,-1.04965,0.556083])
2.9927764423823455
Max g: 0.0007732985809082871
f_63([0.0849868,-1.28465,1.78472,2.15748,0.00340132,-1.66081,0.0990043,4.60365,-3.60331,1.05169,-0.116726,0.065073,0.00753213,3.9919,-2.58432,-2.67471,4.56429,-2.7082,-0.316106,-1.65934,1.1108,3.65157,0.52846,-2.37275,-0.998023,1.20281,0.737562,0.0576645,-0.0202025,0.0231742,0.761749,0.235331,2.8415,-3.15455,0.238668,0.0743028,1.0204,-0.0229821,-0.762011,-0.235328,-4.50554,4.99985,-1.05034,0.556033])
2.9928758206470767
Max g: 0.0007390438228753061
f_64([0.0849974,-1.28452,1.78457,2.15748,0.00345059,-1.66091,0.0992181,4.60361,-3.6033,1.05169,-0.116993,0.0653643,0.00736817,3.99191,-2.58434,-2.67419,4.56461,-2.70774,-0.316193,-1.65881,1.11033,3.65153,0.528576,-2.3728,-0.998125,1.20278,0.737646,0.057603,-0.020357,0.0232598,0.761789,0.235319,2.84099,-3.15454,0.23921,0.0743057,1.02049,-0.0230805,-0.762023,-0.235338,-4.50445,4.99984,-1.05141,0.555987])
2.9925776858528828
Max g: 0.000607273643625574
f_65([0.0852791,-1.28456,1.78443,2.15754,0.00336358,-1.66091,0.0993593,4.60365,-3.60339,1.0517,-0.116661,0.0649325,0.00738053,3.99198,-2.58432,-2.6738,4.56371,-2.70802,-0.316259,-1.65762,1.10923,3.65168,0.528515,-2.37283,-0.997826,1.2028,0.737545,0.0574848,-0.0204088,0.0232857,0.761862,0.235304,2.84056,-3.15453,0.239702,0.0743109,1.02044,-0.0231487,-0.762049,-0.235326,-4.50376,4.99985,-1.05202,0.555933])
2.9923789293234204
Max g: 0.0006417696983034354
f_66([0.0850338,-1.28445,1.78449,2.15753,0.00354239,-1.66108,0.0995341,4.60369,-3.60339,1.0517,-0.116417,0.0647549,0.0073971,3.99186,-2.58435,-2.67378,4.56378,-2.70971,-0.316345,-1.65701,1.10867,3.6519,0.528266,-2.37281,-0.997803,1.20282,0.737612,0.0574123,-0.0204513,0.0233879,0.761815,0.235297,2.84001,-3.1545,0.240151,0.0743596,1.02062,-0.0232155,-0.762063,-0.235323,-4.50281,4.99985,-1.05303,0.555957])
2.9925776858528828
Max g: 0.0006178846203015453
f_67([0.0851797,-1.28446,1.78444,2.15752,0.00349002,-1.66101,0.0996857,4.60367,-3.60338,1.0517,-0.116446,0.064814,0.00741871,3.99189,-2.58437,-2.67374,4.56378,-2.71123,-0.316407,-1.65628,1.10794,3.65208,0.528215,-2.37282,-0.997702,1.20283,0.737598,0.0573658,-0.0205021,0.0234247,0.761832,0.235291,2.83961,-3.15449,0.240521,0.0743654,1.02061,-0.0231969,-0.76209,-0.235298,-4.50202,4.99985,-1.05368,0.555881])
2.992279551058689
Max g: 0.0006281601439348528
f_68([0.0852629,-1.28456,1.78449,2.15748,0.00339545,-1.66087,0.0997464,4.60364,-3.60337,1.05169,-0.116478,0.0648667,0.00746704,3.99191,-2.58437,-2.67374,4.56377,-2.71134,-0.316424,-1.65599,1.1077,3.65254,0.527924,-2.37284,-0.997739,1.20283,0.737559,0.0573335,-0.0205704,0.0234803,0.76187,0.235268,2.8394,-3.15447,0.240681,0.0743713,1.02064,-0.023205,-0.762143,-0.235262,-4.50163,4.99985,-1.05403,0.555808])
2.992279551058689
Max g: 0.0006212740122191196
f_69([0.0851896,-1.2846,1.78453,2.15752,0.00339538,-1.66089,0.0998125,4.60362,-3.60338,1.05169,-0.116427,0.0648135,0.00746338,3.99188,-2.58436,-2.67362,4.5637,-2.71107,-0.316448,-1.65578,1.10751,3.65341,0.527091,-2.37282,-0.997761,1.20284,0.737573,0.0573681,-0.0205673,0.0234786,0.761893,0.235233,2.83912,-3.15445,0.240835,0.0743744,1.02061,-0.0232198,-0.762169,-0.235236,-4.50129,4.99985,-1.05426,0.555729])
2.9923789293234204
Max g: 0.0006187911080159925
f_70([0.0852151,-1.28449,1.78455,2.15744,0.00356595,-1.66099,0.0998245,4.60361,-3.60336,1.0517,-0.116491,0.0648497,0.00744338,3.99185,-2.58429,-2.67386,4.56376,-2.71134,-0.316409,-1.65575,1.10754,3.65558,0.525265,-2.37291,-0.997699,1.20281,0.737555,0.0573301,-0.0206013,0.0235677,0.761924,0.23521,2.83905,-3.15449,0.240914,0.074369,1.02054,-0.0231854,-0.762198,-0.235215,-4.50131,4.99985,-1.05421,0.555602])
2.9924783075881516
{0.08521511797617314,-1.2844937231849165,1.7845485057937007,2.1574407812399463,0.0035659540237583873,-1.660985933690073,0.09982447399729283,4.603610485057156,-3.6033581666633485,1.0516964765909131,-0.11649149728464728,0.06484973822804034,0.007443376676742759,3.9918463803238393,-2.5842874450911864,-2.673856249226922,4.563757540182224,-2.7113393828235948,-0.31640863936118635,-1.6557464199326766,1.1075363100091442,3.6555789638585705,0.5252651073229042,-2.3729147590961457,-0.9976991833274611,1.2028068991476486,0.7375547441570125,0.057330114910863005,-0.020601304275118335,0.02356767205850015,0.7619235757818495,0.2352101326552451,2.839047203888171,-3.1544898960615866,0.24091408864666622,0.07436902672958053,1.0205387052890875,-0.023185418701415446,-0.7621984278162299,-0.23521535200329147,-4.501313876191018,4.999846521045405,-1.054212920511629,0.5556021471129526}]
Set[{A021,A031,A032,A041,A042,A043,A121,A131,A132,A141,A142,A143,B021,B031,B032,B041,B042,B043,B121,B131,B132,B141,B142,B143,\[Alpha]1,\[Alpha]2,\[Alpha]3,\[Alpha]4,\[Beta]11,\[Beta]12,\[Beta]13,\[Beta]14,\[Beta]21,\[Beta]22,\[Beta]23,\[Beta]24,\[Beta]31,\[Beta]32,\[Beta]33,\[Beta]34,\[Beta]41,\[Beta]42,\[Beta]43,\[Beta]44},{0.08521511797617314,-1.2844937231849165,1.7845485057937007,2.1574407812399463,0.0035659540237583873,-1.660985933690073,0.09982447399729283,4.603610485057156,-3.6033581666633485,1.0516964765909131,-0.11649149728464728,0.06484973822804034,0.007443376676742759,3.9918463803238393,-2.5842874450911864,-2.673856249226922,4.563757540182224,-2.7113393828235948,-0.31640863936118635,-1.6557464199326766,1.1075363100091442,3.6555789638585705,0.5252651073229042,-2.3729147590961457,-0.9976991833274611,1.2028068991476486,0.7375547441570125,0.057330114910863005,-0.020601304275118335,0.02356767205850015,0.7619235757818495,0.2352101326552451,2.839047203888171,-3.1544898960615866,0.24091408864666622,0.07436902672958053,1.0205387052890875,-0.023185418701415446,-0.7621984278162299,-0.23521535200329147,-4.501313876191018,4.999846521045405,-1.054212920511629,0.5556021471129526}]

Max g: 0.0004902602080061325
f_71([0.0852116,-1.2846,1.78458,2.15729,0.00325244,-1.66051,0.0998601,4.60361,-3.60337,1.05168,-0.116494,0.0648634,0.00744777,3.99185,-2.5843,-2.67392,4.5637,-2.71068,-0.316404,-1.6556,1.10747,3.65632,0.524658,-2.37295,-0.997702,1.20278,0.737564,0.0573566,-0.0206214,0.0235146,0.762022,0.23515,2.8391,-3.1544,0.240936,0.0743633,1.02057,-0.023203,-0.762245,-0.235161,-4.50103,4.99985,-1.05437,0.555527])
2.992279551058689
Max g: 0.0004530985184680869
f_72([0.0851853,-1.28459,1.78456,2.15741,0.00323884,-1.66066,0.09986,4.60361,-3.60342,1.05168,-0.11648,0.0648574,0.00745105,3.99184,-2.58429,-2.67395,4.56371,-2.71106,-0.316412,-1.65552,1.10737,3.65743,0.523687,-2.37295,-0.997761,1.20284,0.73758,0.0573462,-0.020622,0.0234691,0.762064,0.23514,2.8386,-3.15389,0.240916,0.074366,1.02061,-0.0231821,-0.762258,-0.235149,-4.50094,4.99985,-1.05442,0.555462])
2.9923789293234204
Max g: 0.00038611053383569034
f_73([0.0851403,-1.28461,1.78472,2.15753,0.003285,-1.66076,0.0998583,4.60361,-3.60343,1.05165,-0.116479,0.0649017,0.00750272,3.99182,-2.58427,-2.67394,4.56366,-2.71262,-0.31643,-1.65538,1.10733,3.65836,0.522779,-2.37297,-0.997717,1.20309,0.737502,0.0572648,-0.0209755,0.023758,0.762098,0.235144,2.83732,-3.15238,0.240609,0.0743765,1.02064,-0.0231902,-0.762319,-0.235127,-4.50081,4.99985,-1.05444,0.555432])
2.9923789293234204
Max g: 0.00024390484594421103
f_74([0.0852984,-1.2846,1.78461,2.15747,0.00330764,-1.66077,0.0998699,4.6036,-3.60343,1.05169,-0.116467,0.0648312,0.00761953,3.99182,-2.5843,-2.67398,4.56362,-2.71437,-0.316435,-1.6553,1.10726,3.65918,0.521994,-2.37295,-0.997708,1.20306,0.737482,0.057198,-0.0210432,0.0238175,0.762118,0.235153,2.83694,-3.15184,0.240518,0.0743849,1.02076,-0.0231955,-0.762409,-0.235132,-4.50075,4.99985,-1.05453,0.555415])
2.9919814162644953
Max g: 0.00018860334292025716
f_75([0.0852995,-1.28466,1.78468,2.15748,0.0034198,-1.66091,0.099887,4.6036,-3.60345,1.05167,-0.116468,0.0648406,0.00758345,3.99182,-2.58434,-2.67397,4.56367,-2.71519,-0.316447,-1.65508,1.10708,3.65936,0.521787,-2.37296,-0.997689,1.20308,0.737498,0.0571418,-0.0210159,0.0236709,0.762202,0.235139,2.83659,-3.15148,0.240487,0.074392,1.0207,-0.0232234,-0.762372,-0.235127,-4.50055,4.99985,-1.05467,0.55542])
2.9917826597350325
Max g: 0.0002031761588404679
f_76([0.0853033,-1.28465,1.78468,2.15745,0.00343678,-1.66087,0.0999078,4.6036,-3.60346,1.05175,-0.116471,0.0647629,0.00757394,3.99181,-2.58435,-2.67395,4.56367,-2.71476,-0.316456,-1.65484,1.10687,3.65946,0.521719,-2.37297,-0.997686,1.20302,0.737531,0.0571507,-0.0210591,0.0237253,0.762216,0.235138,2.8365,-3.15141,0.240519,0.0743999,1.02079,-0.0232143,-0.762431,-0.235127,-4.50051,4.99985,-1.05476,0.555403])
2.9916832814703014
Max g: 0.00021020808535489321
f_77([0.0853438,-1.28467,1.78467,2.15744,0.00341632,-1.66084,0.0999287,4.6036,-3.60348,1.0518,-0.11647,0.0647136,0.0075799,3.99183,-2.58442,-2.67396,4.56366,-2.71528,-0.316465,-1.65475,1.10679,3.65946,0.521701,-2.37298,-0.997693,1.20296,0.737568,0.0571261,-0.0211248,0.0237009,0.762288,0.235141,2.83628,-3.1513,0.240583,0.0743999,1.02084,-0.0232961,-0.762405,-0.235136,-4.50038,4.99985,-1.0549,0.555426])
2.9914845249408386
Max g: 0.00019016955912418143
f_78([0.0853405,-1.28465,1.78464,2.15745,0.00341057,-1.66087,0.0999382,4.6036,-3.60354,1.05177,-0.116471,0.0647058,0.00762935,3.99182,-2.58441,-2.67396,4.56368,-2.71537,-0.316473,-1.65467,1.10674,3.65948,0.521702,-2.37301,-0.997696,1.20299,0.737557,0.0571655,-0.0211507,0.0236078,0.762371,0.235151,2.83628,-3.1513,0.240619,0.0744075,1.02089,-0.0233021,-0.762459,-0.235145,-4.50029,4.99986,-1.055,0.555421])
2.9914845249408386
Max g: 0.00018647942884855717
f_79([0.0853405,-1.28464,1.78463,2.15747,0.00341391,-1.66089,0.0999507,4.6036,-3.60354,1.05181,-0.11647,0.0646749,0.00760783,3.99183,-2.58442,-2.67395,4.56368,-2.71572,-0.316476,-1.65459,1.10668,3.65951,0.521695,-2.37305,-0.997689,1.203,0.737556,0.0571324,-0.021144,0.023613,0.762379,0.235149,2.8362,-3.15125,0.24065,0.0744108,1.02095,-0.0233573,-0.762451,-0.235145,-4.50024,4.99986,-1.05505,0.555429])
2.9914845249408386
Max g: 0.0001801406173072284
f_80([0.0853485,-1.28464,1.78461,2.15748,0.00341603,-1.66088,0.0999623,4.60359,-3.60354,1.05181,-0.116474,0.0646768,0.00761698,3.99182,-2.58441,-2.67395,4.56364,-2.71598,-0.316482,-1.65447,1.10656,3.6596,0.521645,-2.37308,-0.997693,1.20299,0.737559,0.0571239,-0.0211346,0.0236007,0.762384,0.235146,2.8362,-3.15129,0.24068,0.0744105,1.02095,-0.0233632,-0.762463,-0.235142,-4.50018,4.99986,-1.05512,0.555421])
2.9914845249408386
{0.08534853104210631,-1.2846443613102219,1.7846072364388887,2.157484299357513,0.0034160327514675525,-1.6608826934321412,0.0999623002259675,4.603593370734537,-3.6035424343317124,1.0518093288693942,-0.11647434132822264,0.06467680303608332,0.0076169763475588195,3.99181518204189,-2.5844117435503082,-2.673953135664572,4.563644286455191,-2.715984448349287,-0.3164816339756302,-1.6544689944030686,1.1065576930456131,3.6596043844803643,0.5216446441200323,-2.3730794991431203,-0.9976934573359538,1.202988965593789,0.7375590815194889,0.057123906856801104,-0.02113463883005517,0.02360066742907811,0.7623842820274332,0.23514595562642346,2.8362040321250066,-3.1512917386708783,0.24067975187625545,0.07441048258877259,1.0209522505766995,-0.023363247737181837,-0.7624634388291243,-0.23514179417973527,-4.500183724181213,4.999862992975754,-1.055117922196883,0.5554212220447451}]
Set[{A021,A031,A032,A041,A042,A043,A121,A131,A132,A141,A142,A143,B021,B031,B032,B041,B042,B043,B121,B131,B132,B141,B142,B143,\[Alpha]1,\[Alpha]2,\[Alpha]3,\[Alpha]4,\[Beta]11,\[Beta]12,\[Beta]13,\[Beta]14,\[Beta]21,\[Beta]22,\[Beta]23,\[Beta]24,\[Beta]31,\[Beta]32,\[Beta]33,\[Beta]34,\[Beta]41,\[Beta]42,\[Beta]43,\[Beta]44},{0.08534853104210631,-1.2846443613102219,1.7846072364388887,2.157484299357513,0.0034160327514675525,-1.6608826934321412,0.0999623002259675,4.603593370734537,-3.6035424343317124,1.0518093288693942,-0.11647434132822264,0.06467680303608332,0.0076169763475588195,3.99181518204189,-2.5844117435503082,-2.673953135664572,4.563644286455191,-2.715984448349287,-0.3164816339756302,-1.6544689944030686,1.1065576930456131,3.6596043844803643,0.5216446441200323,-2.3730794991431203,-0.9976934573359538,1.202988965593789,0.7375590815194889,0.057123906856801104,-0.02113463883005517,0.02360066742907811,0.7623842820274332,0.23514595562642346,2.8362040321250066,-3.1512917386708783,0.24067975187625545,0.07441048258877259,1.0209522505766995,-0.023363247737181837,-0.7624634388291243,-0.23514179417973527,-4.500183724181213,4.999862992975754,-1.055117922196883,0.5554212220447451}]

Max g: 0.00017947367846747608
f_81([0.0853298,-1.28465,1.78464,2.15748,0.00341589,-1.6609,0.0999861,4.60359,-3.60355,1.05178,-0.116476,0.0647025,0.00761888,3.99183,-2.58443,-2.67397,4.56365,-2.71588,-0.316485,-1.65437,1.10648,3.65976,0.521563,-2.37312,-0.997686,1.20301,0.737555,0.057128,-0.0211447,0.0235911,0.762408,0.23514,2.83617,-3.15132,0.240761,0.0744117,1.02095,-0.0233458,-0.762463,-0.235137,-4.50003,4.99987,-1.05524,0.5554])
2.9914845249408386
Max g: 0.00015632818135841164
f_82([0.0853212,-1.28465,1.78466,2.15748,0.00341587,-1.66089,0.100014,4.60357,-3.60353,1.05179,-0.116476,0.064696,0.00762671,3.99182,-2.58441,-2.67396,4.56365,-2.71581,-0.316498,-1.65423,1.10635,3.65979,0.521534,-2.37311,-0.997682,1.203,0.737549,0.0571275,-0.0211225,0.0235655,0.762422,0.235136,2.83608,-3.15132,0.240836,0.0744126,1.02095,-0.0233539,-0.762472,-0.235135,-4.49991,4.99988,-1.05537,0.555394])
2.9914845249408386
Max g: 0.0001379906346853782
f_83([0.0853136,-1.28465,1.78466,2.15748,0.00340416,-1.66088,0.100045,4.60353,-3.60349,1.05181,-0.116472,0.0646666,0.00766536,3.99181,-2.58439,-2.67396,4.56352,-2.71602,-0.316508,-1.6541,1.10623,3.6598,0.521538,-2.37313,-0.997681,1.20301,0.737529,0.0571284,-0.0211385,0.0235948,0.762412,0.235138,2.83604,-3.15135,0.240919,0.0744193,1.02095,-0.023355,-0.762477,-0.235134,-4.49978,4.99988,-1.05551,0.555399])
2.9913851466761074
Max g: 0.00011987389163196915
f_84([0.0853206,-1.28465,1.78464,2.15748,0.00341127,-1.66089,0.100061,4.6035,-3.60345,1.05177,-0.116474,0.0647167,0.00770725,3.99177,-2.58437,-2.67394,4.5638,-2.71607,-0.316521,-1.65397,1.10611,3.65985,0.521516,-2.37314,-0.997715,1.20298,0.737526,0.0572142,-0.0211136,0.023539,0.762428,0.235132,2.83595,-3.15134,0.240969,0.0744135,1.02096,-0.0233475,-0.762491,-0.235126,-4.49967,4.99989,-1.0556,0.555374])
2.9912857684113763
Max g: 0.00010137811164256938
f_85([0.0853254,-1.28464,1.78461,2.15747,0.00341356,-1.66089,0.100077,4.60348,-3.60345,1.05172,-0.116476,0.0647528,0.00772693,3.99178,-2.58437,-2.67404,4.56415,-2.71626,-0.316527,-1.65389,1.10602,3.65987,0.521507,-2.37314,-0.997806,1.20304,0.737513,0.0572391,-0.021102,0.023515,0.762466,0.235125,2.83588,-3.15131,0.24101,0.0744162,1.02098,-0.023362,-0.762497,-0.235125,-4.49959,4.99989,-1.05568,0.555371])
2.991186390146645
Max g: 9.632772062906358e-5
f_86([0.0853255,-1.28463,1.78462,2.15748,0.0034055,-1.66088,0.100095,4.60348,-3.60345,1.05173,-0.116471,0.0647379,0.00771291,3.99176,-2.58434,-2.67397,4.56411,-2.71609,-0.316535,-1.65381,1.10595,3.65991,0.521529,-2.37319,-0.997739,1.20299,0.73751,0.0572337,-0.0210643,0.0234602,0.762483,0.235124,2.83584,-3.15131,0.241049,0.0744217,1.02098,-0.0233541,-0.7625,-0.235125,-4.4995,4.99989,-1.05578,0.555368])
2.991186390146645
Max g: 9.231181082136608e-5
f_87([0.0853254,-1.28464,1.78462,2.15748,0.00340172,-1.66088,0.100111,4.60348,-3.60346,1.05175,-0.116471,0.0647375,0.00770507,3.99176,-2.58435,-2.67399,4.56398,-2.71624,-0.316543,-1.65374,1.10587,3.65992,0.521545,-2.37321,-0.99771,1.20299,0.737522,0.0572012,-0.0210775,0.0234629,0.762484,0.235121,2.83576,-3.15127,0.241089,0.0744237,1.02098,-0.0233523,-0.762512,-0.235119,-4.49939,4.99989,-1.05586,0.555359])
2.991186390146645
Max g: 8.396270354291135e-5
f_88([0.0853254,-1.28464,1.78463,2.15748,0.00340458,-1.66088,0.100121,4.60348,-3.60346,1.05174,-0.11647,0.0647376,0.00768801,3.99176,-2.58434,-2.67397,4.56391,-2.71601,-0.316547,-1.65369,1.10584,3.65993,0.521546,-2.37321,-0.997713,1.203,0.737521,0.0571988,-0.0210839,0.0234626,0.762493,0.235122,2.83574,-3.15127,0.241114,0.0744243,1.02099,-0.0233524,-0.762525,-0.235119,-4.49935,4.9999,-1.05591,0.555356])
2.991186390146645
Max g: 7.575322100786264e-5
f_89([0.0853255,-1.28464,1.78463,2.15748,0.00340475,-1.66088,0.100128,4.60347,-3.60346,1.05173,-0.11647,0.0647392,0.00770085,3.99174,-2.58433,-2.67397,4.56391,-2.71618,-0.316551,-1.65364,1.10579,3.65994,0.521548,-2.37322,-0.997706,1.20299,0.73752,0.0571946,-0.0210881,0.023464,0.762503,0.235122,2.8357,-3.15126,0.241141,0.0744238,1.021,-0.0233508,-0.762526,-0.23512,-4.4993,4.9999,-1.05596,0.555354])
2.9910870118819135
Max g: 6.794715803949691e-5
f_90([0.085326,-1.28464,1.78462,2.15748,0.00339712,-1.66087,0.10014,4.60347,-3.60346,1.05173,-0.11647,0.0647376,0.00772326,3.99174,-2.58434,-2.67397,4.56389,-2.71641,-0.316555,-1.65362,1.10577,3.65995,0.521552,-2.37323,-0.997708,1.20299,0.737522,0.0572008,-0.0210896,0.0234588,0.762503,0.235123,2.83567,-3.15127,0.24117,0.0744257,1.021,-0.0233505,-0.762528,-0.23512,-4.49924,4.9999,-1.05601,0.555351])
2.9910870118819135
{0.08532599139314317,-1.284636640141916,1.7846243669596085,2.157475403232056,0.0033971177463207676,-1.6608712763006772,0.10013992678720757,4.603467946557704,-3.6034554736403823,1.0517345219105654,-0.1164698128154642,0.06473761591172318,0.007723261431926256,3.9917411757336736,-2.584340699974455,-2.6739653642244443,4.563889142045471,-2.7164054153083326,-0.3165545267301115,-1.6536182605080842,1.1057723166775477,3.659945451798845,0.5215515954794503,-2.373228656356309,-0.9977078934499283,1.2029882848776796,0.7375215290199243,0.05720075003250671,-0.02108956495933058,0.023458794143632472,0.7625034965010975,0.2351230617258146,2.835674722214087,-3.1512651071768762,0.2411698327735997,0.0744256731973461,1.0209996763510527,-0.023350523789504488,-0.7625280026965018,-0.23511963891552487,-4.499242600421906,4.999897004439243,-1.0560138037130238,0.5553510382763196}]
Set[{A021,A031,A032,A041,A042,A043,A121,A131,A132,A141,A142,A143,B021,B031,B032,B041,B042,B043,B121,B131,B132,B141,B142,B143,\[Alpha]1,\[Alpha]2,\[Alpha]3,\[Alpha]4,\[Beta]11,\[Beta]12,\[Beta]13,\[Beta]14,\[Beta]21,\[Beta]22,\[Beta]23,\[Beta]24,\[Beta]31,\[Beta]32,\[Beta]33,\[Beta]34,\[Beta]41,\[Beta]42,\[Beta]43,\[Beta]44},{0.08532599139314317,-1.284636640141916,1.7846243669596085,2.157475403232056,0.0033971177463207676,-1.6608712763006772,0.10013992678720757,4.603467946557704,-3.6034554736403823,1.0517345219105654,-0.1164698128154642,0.06473761591172318,0.007723261431926256,3.9917411757336736,-2.584340699974455,-2.6739653642244443,4.563889142045471,-2.7164054153083326,-0.3165545267301115,-1.6536182605080842,1.1057723166775477,3.659945451798845,0.5215515954794503,-2.373228656356309,-0.9977078934499283,1.2029882848776796,0.7375215290199243,0.05720075003250671,-0.02108956495933058,0.023458794143632472,0.7625034965010975,0.2351230617258146,2.835674722214087,-3.1512651071768762,0.2411698327735997,0.0744256731973461,1.0209996763510527,-0.023350523789504488,-0.7625280026965018,-0.23511963891552487,-4.499242600421906,4.999897004439243,-1.0560138037130238,0.5553510382763196}]

Max g: 5.949452693175539e-5
f_91([0.0853327,-1.28464,1.78463,2.15748,0.00340874,-1.66088,0.100147,4.60345,-3.60345,1.05173,-0.116469,0.0647415,0.00772393,3.99176,-2.58434,-2.67395,4.56389,-2.71628,-0.316558,-1.65357,1.10573,3.65995,0.521555,-2.37324,-0.997708,1.20301,0.737503,0.0571968,-0.0210982,0.0234687,0.76251,0.235122,2.83564,-3.15126,0.241199,0.0744258,1.02101,-0.0233519,-0.762532,-0.235119,-4.4992,4.99991,-1.05606,0.555351])
2.9910870118819135
Max g: 5.067274569454938e-5
f_92([0.0853354,-1.28464,1.78463,2.15748,0.00338922,-1.66087,0.100156,4.60346,-3.60345,1.05173,-0.11647,0.0647398,0.00771025,3.99175,-2.58433,-2.67395,4.56391,-2.7164,-0.31656,-1.65351,1.10568,3.65998,0.521555,-2.37326,-0.9977,1.20301,0.737506,0.0571814,-0.0210977,0.0234649,0.762517,0.235121,2.83561,-3.15125,0.241212,0.0744298,1.02101,-0.0233524,-0.762538,-0.235118,-4.49917,4.99992,-1.0561,0.555347])
2.9910870118819135
Max g: 5.377648574908522e-5
f_93([0.0853345,-1.28464,1.78463,2.15747,0.00339986,-1.66087,0.100163,4.60345,-3.60345,1.05172,-0.116473,0.064749,0.00771563,3.99175,-2.58433,-2.67396,4.56392,-2.71642,-0.316561,-1.65348,1.10565,3.66002,0.521546,-2.37328,-0.997703,1.20301,0.737509,0.0571908,-0.0211156,0.0234752,0.762518,0.23512,2.8356,-3.15126,0.241233,0.0744282,1.021,-0.0233527,-0.762537,-0.235118,-4.49915,4.99994,-1.05613,0.555343])
2.9910870118819135
Max g: 4.7644020302467505e-5
f_94([0.0853443,-1.28464,1.78461,2.15746,0.00340643,-1.66087,0.100171,4.60345,-3.60345,1.05172,-0.116474,0.0647503,0.00771336,3.99175,-2.58433,-2.67396,4.56401,-2.71652,-0.316565,-1.65346,1.10563,3.66003,0.521558,-2.3733,-0.997711,1.20301,0.737512,0.057186,-0.021106,0.0234675,0.762518,0.235119,2.83558,-3.15126,0.241251,0.0744283,1.02102,-0.0233611,-0.762538,-0.235115,-4.49912,4.99995,-1.05617,0.555339])
2.9910870118819135
Max g: 4.115775573276803e-5
f_95([0.085337,-1.28464,1.78462,2.15748,0.00339805,-1.66087,0.100179,4.60345,-3.60345,1.05172,-0.116473,0.0647533,0.00772099,3.99175,-2.58434,-2.67396,4.56397,-2.7165,-0.316566,-1.65343,1.1056,3.66003,0.521557,-2.3733,-0.997709,1.203,0.737513,0.057189,-0.0211115,0.023469,0.762524,0.235117,2.83559,-3.15129,0.241277,0.0744285,1.02102,-0.0233675,-0.762543,-0.235114,-4.49912,5.0,-1.05621,0.555338])
2.9910870118819135
Max g: 3.426101594965203e-5
f_96([0.0853356,-1.28464,1.78462,2.15745,0.00340651,-1.66086,0.100182,4.60345,-3.60345,1.05171,-0.116472,0.0647576,0.00772237,3.99174,-2.58434,-2.67396,4.56399,-2.7165,-0.316567,-1.65341,1.10558,3.66005,0.52155,-2.3733,-0.997706,1.20299,0.737516,0.0572001,-0.0211071,0.0234711,0.762519,0.235115,2.83558,-3.15129,0.241288,0.0744286,1.02103,-0.0233764,-0.762539,-0.235113,-4.4991,5.0,-1.05622,0.555332])
2.9909876336171823
Max g: 3.196431735799643e-5
f_97([0.0853434,-1.28463,1.78461,2.15745,0.00340665,-1.66086,0.100185,4.60345,-3.60345,1.05172,-0.116471,0.0647546,0.0077204,3.99174,-2.58433,-2.67396,4.56387,-2.71656,-0.316568,-1.65338,1.10555,3.66005,0.521557,-2.3733,-0.9977,1.20301,0.737509,0.0571769,-0.0211031,0.0234639,0.762524,0.235113,2.83557,-3.15129,0.241297,0.0744277,1.02103,-0.0233811,-0.762541,-0.235112,-4.49909,5.0,-1.05624,0.555333])
2.9910870118819135
Max g: 2.9130728677911888e-5
f_98([0.0853436,-1.28463,1.78461,2.15746,0.00340584,-1.66086,0.100188,4.60345,-3.60345,1.05172,-0.116471,0.0647534,0.0077232,3.99174,-2.58433,-2.67395,4.56384,-2.71655,-0.31657,-1.65337,1.10554,3.66005,0.521561,-2.37331,-0.997712,1.20303,0.737506,0.0571752,-0.0210989,0.0234568,0.762527,0.235113,2.83556,-3.15129,0.241303,0.0744284,1.02103,-0.0233809,-0.762542,-0.235111,-4.49908,5.0,-1.05626,0.555332])
2.9910870118819135
Max g: 2.8535458045861328e-5
f_99([0.0853455,-1.28464,1.78461,2.15745,0.00341662,-1.66086,0.10019,4.60345,-3.60345,1.05172,-0.116472,0.0647546,0.00771985,3.99174,-2.58433,-2.67395,4.56384,-2.71655,-0.316571,-1.65336,1.10554,3.66005,0.52156,-2.37331,-0.997705,1.20302,0.737509,0.0571726,-0.0210955,0.0234509,0.76253,0.235112,2.83555,-3.15129,0.24131,0.0744286,1.02103,-0.0233824,-0.762542,-0.235111,-4.49906,5.0,-1.05627,0.555331])
2.9910870118819135
Max g: 2.6471161824012657e-5
f_100([0.0853461,-1.28463,1.78461,2.15744,0.00341832,-1.66086,0.100193,4.60345,-3.60345,1.05172,-0.116472,0.0647495,0.00772189,3.99174,-2.58434,-2.67396,4.5638,-2.71654,-0.316572,-1.65334,1.10552,3.66005,0.521561,-2.37331,-0.997711,1.20303,0.73751,0.0571715,-0.0210803,0.0234379,0.762533,0.235111,2.83555,-3.15129,0.241317,0.0744288,1.02104,-0.0233823,-0.762545,-0.23511,-4.49905,5.0,-1.05628,0.55533])
2.9910870118819135
{0.08534612633003244,-1.284634869060012,1.7846133098201271,2.1574441581751804,0.0034183223708054333,-1.6608629021821835,0.10019255008987918,4.603452817064384,-3.603448262917348,1.05172234945647,-0.11647180915168909,0.06474954978001583,0.007721894577444415,3.991742222964747,-2.5843355573760602,-2.673955958603873,4.563803058284636,-2.7165366780506606,-0.3165718415442107,-1.6533425313755374,1.1055154476162616,3.6600534579800703,0.5215609589674582,-2.3733073463486822,-0.9977108940077468,1.2030277555573263,0.7375099689486145,0.05717153284976955,-0.02108031611339963,0.023437916908941137,0.762532568564793,0.23511109982778688,2.8355458064665857,-3.1512907540165553,0.24131736470078233,0.07442879608676865,1.021037458293926,-0.023382333220992688,-0.7625449889437471,-0.2351103332554325,-4.49905088338813,4.999999492251402,-1.0562823795835774,0.5553304008540272}]
Set[{A021,A031,A032,A041,A042,A043,A121,A131,A132,A141,A142,A143,B021,B031,B032,B041,B042,B043,B121,B131,B132,B141,B142,B143,\[Alpha]1,\[Alpha]2,\[Alpha]3,\[Alpha]4,\[Beta]11,\[Beta]12,\[Beta]13,\[Beta]14,\[Beta]21,\[Beta]22,\[Beta]23,\[Beta]24,\[Beta]31,\[Beta]32,\[Beta]33,\[Beta]34,\[Beta]41,\[Beta]42,\[Beta]43,\[Beta]44},{0.08534612633003244,-1.284634869060012,1.7846133098201271,2.1574441581751804,0.0034183223708054333,-1.6608629021821835,0.10019255008987918,4.603452817064384,-3.603448262917348,1.05172234945647,-0.11647180915168909,0.06474954978001583,0.007721894577444415,3.991742222964747,-2.5843355573760602,-2.673955958603873,4.563803058284636,-2.7165366780506606,-0.3165718415442107,-1.6533425313755374,1.1055154476162616,3.6600534579800703,0.5215609589674582,-2.3733073463486822,-0.9977108940077468,1.2030277555573263,0.7375099689486145,0.05717153284976955,-0.02108031611339963,0.023437916908941137,0.762532568564793,0.23511109982778688,2.8355458064665857,-3.1512907540165553,0.24131736470078233,0.07442879608676865,1.021037458293926,-0.023382333220992688,-0.7625449889437471,-0.2351103332554325,-4.49905088338813,4.999999492251402,-1.0562823795835774,0.5553304008540272}]

Max g: 2.5384925342514242e-5
f_101([0.0853448,-1.28464,1.78461,2.15744,0.00341829,-1.66086,0.100195,4.60345,-3.60345,1.05172,-0.116472,0.0647515,0.00772052,3.99175,-2.58434,-2.67396,4.56384,-2.71654,-0.316573,-1.65334,1.10551,3.66005,0.521562,-2.37331,-0.99771,1.20303,0.737509,0.0571754,-0.0210725,0.0234236,0.762536,0.235111,2.83554,-3.15129,0.241324,0.0744291,1.02104,-0.0233841,-0.762545,-0.23511,-4.49904,5.0,-1.05629,0.555329])
2.9910870118819135
Max g: 2.3288557235892626e-5
f_102([0.0853429,-1.28463,1.78462,2.15744,0.00341693,-1.66086,0.100197,4.60345,-3.60345,1.05172,-0.116472,0.0647475,0.00772059,3.99174,-2.58434,-2.67396,4.56384,-2.71654,-0.316574,-1.65333,1.10551,3.66006,0.521562,-2.37331,-0.997712,1.20303,0.73751,0.0571758,-0.0210656,0.0234188,0.762537,0.23511,2.83554,-3.15129,0.241327,0.0744291,1.02104,-0.0233847,-0.762544,-0.23511,-4.49902,5.0,-1.0563,0.555326])
2.9910870118819135
Max g: 2.2451096558212535e-5
f_103([0.0853463,-1.28464,1.78461,2.15745,0.0034157,-1.66086,0.100199,4.60345,-3.60345,1.05173,-0.116472,0.0647467,0.0077206,3.99174,-2.58434,-2.67396,4.56382,-2.71654,-0.316575,-1.65333,1.1055,3.66006,0.521562,-2.37331,-0.997711,1.20302,0.73751,0.0571753,-0.0210653,0.0234202,0.762536,0.23511,2.83553,-3.1513,0.241336,0.0744288,1.02104,-0.023385,-0.762544,-0.235109,-4.49901,5.0,-1.05631,0.555324])
2.9910870118819135
Max g: 1.8937247500350196e-5
f_104([0.0853442,-1.28463,1.78461,2.15745,0.00341575,-1.66086,0.100201,4.60345,-3.60345,1.05172,-0.116472,0.0647512,0.00772005,3.99174,-2.58434,-2.67396,4.56385,-2.71654,-0.316576,-1.65331,1.10548,3.66006,0.521562,-2.37331,-0.997715,1.20303,0.73751,0.0571753,-0.0210661,0.0234202,0.762536,0.23511,2.83552,-3.15129,0.241341,0.0744293,1.02104,-0.0233901,-0.762543,-0.235108,-4.499,5.0,-1.05632,0.555325])
2.9910870118819135
Max g: 1.8745846112500075e-5
f_105([0.0853451,-1.28463,1.78461,2.15745,0.00341687,-1.66086,0.100203,4.60345,-3.60345,1.05172,-0.116473,0.064753,0.007718,3.99175,-2.58434,-2.67396,4.56387,-2.71654,-0.316576,-1.6533,1.10547,3.66006,0.521562,-2.37331,-0.997713,1.20303,0.737508,0.0571759,-0.0210691,0.0234241,0.762537,0.235109,2.83552,-3.1513,0.241348,0.0744294,1.02106,-0.0234046,-0.762542,-0.235109,-4.49899,5.0,-1.05633,0.555323])
2.9910870118819135
Max g: 1.697461474878259e-5
f_106([0.0853436,-1.28463,1.78461,2.15745,0.00341413,-1.66086,0.100205,4.60345,-3.60345,1.05172,-0.116473,0.0647529,0.00771947,3.99175,-2.58434,-2.67396,4.56387,-2.71654,-0.316576,-1.6533,1.10547,3.66007,0.521562,-2.37331,-0.997713,1.20303,0.737508,0.0571757,-0.0210782,0.0234337,0.762537,0.235109,2.83552,-3.1513,0.241353,0.0744293,1.02107,-0.0234192,-0.762541,-0.235109,-4.49898,5.0,-1.05634,0.555323])
2.9910870118819135
Max g: 1.4678438152226914e-5
f_107([0.0853489,-1.28464,1.78461,2.15745,0.00341459,-1.66086,0.100207,4.60345,-3.60345,1.05173,-0.116473,0.0647469,0.00771936,3.99175,-2.58434,-2.67396,4.56388,-2.71655,-0.316576,-1.65329,1.10547,3.66007,0.521562,-2.37332,-0.997711,1.20302,0.737509,0.057176,-0.0210838,0.0234384,0.762537,0.235109,2.83552,-3.1513,0.241356,0.0744297,1.02108,-0.0234292,-0.762539,-0.235109,-4.49897,5.0,-1.05635,0.555322])
2.9910870118819135
Max g: 1.3814481181734228e-5
f_108([0.085353,-1.28465,1.78461,2.15745,0.00341338,-1.66086,0.100208,4.60345,-3.60345,1.05172,-0.116473,0.0647495,0.00771931,3.99174,-2.58434,-2.67396,4.56387,-2.71655,-0.316576,-1.65329,1.10547,3.66009,0.521562,-2.37333,-0.99771,1.20302,0.73751,0.0571759,-0.0210869,0.0234425,0.762536,0.235109,2.83551,-3.1513,0.241362,0.0744295,1.02108,-0.0234338,-0.762538,-0.235109,-4.49897,5.0,-1.05635,0.555321])
2.9910870118819135
Max g: 1.1692489735121159e-5
f_109([0.0853517,-1.28464,1.78461,2.15745,0.00341397,-1.66086,0.100209,4.60345,-3.60345,1.05172,-0.116473,0.0647547,0.00771964,3.99174,-2.58434,-2.67396,4.56385,-2.71654,-0.316577,-1.65329,1.10547,3.66009,0.521562,-2.37333,-0.997708,1.20302,0.73751,0.0571759,-0.0210867,0.0234418,0.762536,0.235109,2.83551,-3.1513,0.241363,0.0744296,1.02108,-0.0234376,-0.762538,-0.235109,-4.49896,5.0,-1.05636,0.55532])
2.9910870118819135
Max g: 1.1432794784160816e-5
{0.08535326447089393,-1.284641408857775,1.7846083394297725,2.1574483860817395,0.0034138851772896567,-1.6608618502666233,0.10020953020382213,4.603452162595467,-3.603448278539297,1.0517204566997411,-0.11647313949991787,0.06475353392631326,0.00771939470487306,3.9917434247532606,-2.584335706795479,-2.6739562458668584,4.563847987852925,-2.716540381419352,-0.3165765415873656,-1.6532847271744877,1.1054688385670985,3.6600955130132338,0.5215619120911137,-2.3733358719986373,-0.99770909768455,1.2030230762434468,0.7375101918753817,0.05717587073556703,-0.021087168004729845,0.023442313323754415,0.7625369922664489,0.23510899495279047,2.8355088671764546,-3.1513035317454032,0.24136484161890615,0.07442982225018113,1.0210830622253126,-0.023436485583740986,-0.7625385260187931,-0.2351089601940456,-4.498959333167845,4.999999922883151,-1.0563603993895792,0.5553196339072629}]
Set[{A021,A031,A032,A041,A042,A043,A121,A131,A132,A141,A142,A143,B021,B031,B032,B041,B042,B043,B121,B131,B132,B141,B142,B143,\[Alpha]1,\[Alpha]2,\[Alpha]3,\[Alpha]4,\[Beta]11,\[Beta]12,\[Beta]13,\[Beta]14,\[Beta]21,\[Beta]22,\[Beta]23,\[Beta]24,\[Beta]31,\[Beta]32,\[Beta]33,\[Beta]34,\[Beta]41,\[Beta]42,\[Beta]43,\[Beta]44},{0.08535326447089393,-1.284641408857775,1.7846083394297725,2.1574483860817395,0.0034138851772896567,-1.6608618502666233,0.10020953020382213,4.603452162595467,-3.603448278539297,1.0517204566997411,-0.11647313949991787,0.06475353392631326,0.00771939470487306,3.9917434247532606,-2.584335706795479,-2.6739562458668584,4.563847987852925,-2.716540381419352,-0.3165765415873656,-1.6532847271744877,1.1054688385670985,3.6600955130132338,0.5215619120911137,-2.3733358719986373,-0.99770909768455,1.2030230762434468,0.7375101918753817,0.05717587073556703,-0.021087168004729845,0.023442313323754415,0.7625369922664489,0.23510899495279047,2.8355088671764546,-3.1513035317454032,0.24136484161890615,0.07442982225018113,1.0210830622253126,-0.023436485583740986,-0.7625385260187931,-0.2351089601940456,-4.498959333167845,4.999999922883151,-1.0563603993895792,0.5553196339072629}]


-----------------Final Result------------------
Options: alg=GN_ISRES,dx=0.01,max_eval=100000000,popSize=0
imin=-1,jmin=-4,imax=1,jmax=4,
parameter_minmax=5,
randSeed=33443677,rand_minmax=2,
END_C=true, INEQ_C=true

10926299 steps

Completed with maxf : 2.9910870118819135

Constraints at 1.1221851056647525e-5

x = [0.08535326447089393,-1.284641408857775,1.7846083394297725,2.1574483860817395,0.0034138851772896567,-1.6608618502666233,0.10020953020382213,4.603452162595467,-3.603448278539297,1.0517204566997411,-0.11647313949991787,0.06475353392631326,0.00771939470487306,3.9917434247532606,-2.584335706795479,-2.6739562458668584,4.563847987852925,-2.716540381419352,-0.3165765415873656,-1.6532847271744877,1.1054688385670985,3.6600955130132338,0.5215619120911137,-2.3733358719986373,-0.99770909768455,1.2030230762434468,0.7375101918753817,0.05717587073556703,-0.021087168004729845,0.023442313323754415,0.7625369922664489,0.23510899495279047,2.8355088671764546,-3.1513035317454032,0.24136484161890615,0.07442982225018113,1.0210830622253126,-0.023436485583740986,-0.7625385260187931,-0.2351089601940456,-4.498959333167845,4.999999922883151,-1.0563603993895792,0.5553196339072629]
c0 = [0.0,0.08535326447089393,0.4999669305719976,0.5000004209924059]
c1 = [0.0,0.10020953020382213,1.0000038840561696,1.0000008511261365]
A0 = [0.0,0.08535326447089393,-1.284641408857775,2.1574483860817395,0.0,0.0,1.7846083394297725,0.0034138851772896567,0.0,0.0,0.0,-1.6608618502666233,0.0,0.0,0.0,0.0]
A1 = [0.0,0.10020953020382213,4.603452162595467,1.0517204566997411,0.0,0.0,-3.603448278539297,-0.11647313949991787,0.0,0.0,0.0,0.06475353392631326,0.0,0.0,0.0,0.0]
B0 = [0.0,0.00771939470487306,3.9917434247532606,-2.6739562458668584,0.0,0.0,-2.584335706795479,4.563847987852925,0.0,0.0,0.0,-2.716540381419352,0.0,0.0,0.0,0.0]
B1 = [0.0,-0.3165765415873656,-1.6532847271744877,3.6600955130132338,0.0,0.0,1.1054688385670985,0.5215619120911137,0.0,0.0,0.0,-2.3733358719986373,0.0,0.0,0.0,0.0]
  = [-0.99770909768455,1.2030230762434468,0.7375101918753817,0.05717587073556703]
1 = [-0.021087168004729845,0.023442313323754415,0.7625369922664489,0.23510899495279047]
2 = [2.8355088671764546,-3.1513035317454032,0.24136484161890615,0.07442982225018113]
3 = [1.0210830622253126,-0.023436485583740986,-0.7625385260187931,-0.2351089601940456]
4 = [-4.498959333167845,4.999999922883151,-1.0563603993895792,0.5553196339072629]


Set[{A021,A031,A032,A041,A042,A043,A121,A131,A132,A141,A142,A143,B021,B031,B032,B041,B042,B043,B121,B131,B132,B141,B142,B143,\[Alpha]1,\[Alpha]2,\[Alpha]3,\[Alpha]4,\[Beta]11,\[Beta]12,\[Beta]13,\[Beta]14,\[Beta]21,\[Beta]22,\[Beta]23,\[Beta]24,\[Beta]31,\[Beta]32,\[Beta]33,\[Beta]34,\[Beta]41,\[Beta]42,\[Beta]43,\[Beta]44},{0.08535326447089393,-1.284641408857775,1.7846083394297725,2.1574483860817395,0.0034138851772896567,-1.6608618502666233,0.10020953020382213,4.603452162595467,-3.603448278539297,1.0517204566997411,-0.11647313949991787,0.06475353392631326,0.00771939470487306,3.9917434247532606,-2.584335706795479,-2.6739562458668584,4.563847987852925,-2.716540381419352,-0.3165765415873656,-1.6532847271744877,1.1054688385670985,3.6600955130132338,0.5215619120911137,-2.3733358719986373,-0.99770909768455,1.2030230762434468,0.7375101918753817,0.05717587073556703,-0.021087168004729845,0.023442313323754415,0.7625369922664489,0.23510899495279047,2.8355088671764546,-3.1513035317454032,0.24136484161890615,0.07442982225018113,1.0210830622253126,-0.023436485583740986,-0.7625385260187931,-0.2351089601940456,-4.498959333167845,4.999999922883151,-1.0563603993895792,0.5553196339072629}]



