
-----------------Setup------------------
Options: alg=LN_AUGLAG_EQ,dx=0.01,max_eval=100000000,popSize=0
imin=-1,jmin=-4,imax=1,jmax=4,
parameter_minmax=5,
randSeed=98303992, rand_minmax=1,
END_C=true, INEQ_C=true

Initial Condition:

[-0.975319,-0.407611,0.0923772,-0.50514,0.560683,0.613491,0.388008,0.052532,0.960495,-0.764205,-0.387671,0.0299817,0.638805,-0.0391434,0.0503628,0.538878,-0.942661,-0.132034,-0.442891,-0.10418,-0.749772,0.98725,-0.426001,-0.825186,-0.865968,-0.670584,-0.897681,-0.22586,0.371138,-0.632865,-0.900487,0.51795,-0.256365,-0.534548,-0.907234,0.951948,0.00227712,-0.768418,-0.193653,-0.333052,-0.566134,-0.220129,0.635655,0.428741]

f_1([0.026044,-2.40231,2.42836,2.18283,-0.382168,-0.800693,0.545134,-0.338358,0.900352,2.33491,-1.12697,-0.207967,0.0474463,0.0384273,-0.166133,2.76732,-0.111114,-0.978131,-0.738398,0.046585,-1.86955,1.3906,0.812515,-0.686095,1.94366,-0.531038,-0.951237,0.538618,-0.50515,1.29279,-0.189368,0.401701,0.243086,-0.399888,-0.139779,0.296581,1.50508,-1.29278,0.189361,-0.401686,0.209404,-1.05432,0.616836,0.228099])
2.7289271495208105
Max g: 0.00012171804237470774
f_2([0.0229005,-2.40391,2.42697,2.18307,-0.382463,-0.80061,0.545162,-0.338406,0.900095,2.33563,-1.12522,-0.210414,0.013107,0.0456567,-0.159763,2.76892,-0.109836,-0.976161,-0.738347,0.0464146,-1.86891,1.39065,0.812745,-0.686327,1.94476,-0.530185,-0.948585,0.534011,-0.504969,1.29274,-0.189404,0.401634,0.243177,-0.399875,-0.139848,0.296547,1.50497,-1.29274,0.189403,-0.401634,0.209081,-1.05434,0.617085,0.22818])
2.7213744014012335
Max g: 0.00024752062248603254
f_3([0.0230238,-2.40374,2.42713,2.18306,-0.382438,-0.800619,0.545157,-0.338423,0.900096,2.33556,-1.12533,-0.210233,0.0159832,0.0450836,-0.160341,2.76878,-0.109975,-0.976331,-0.738347,0.0464093,-1.8689,1.39068,0.812737,-0.686341,1.94469,-0.530274,-0.948818,0.534404,-0.504976,1.29276,-0.189411,0.40163,0.243179,-0.39987,-0.139852,0.296543,1.50498,-1.29276,0.189411,-0.40163,0.209071,-1.05433,0.617082,0.228178])
2.721970670989621
Max g: 1.5474842134377553e-6
f_4([0.0230301,-2.40372,2.42715,2.18306,-0.38244,-0.800619,0.545157,-0.338424,0.900097,2.33555,-1.12534,-0.210218,0.0162671,0.045025,-0.160396,2.76876,-0.109986,-0.976347,-0.738348,0.0464092,-1.8689,1.39069,0.812736,-0.686341,1.94468,-0.530279,-0.948842,0.534441,-0.504977,1.29276,-0.189411,0.40163,0.243179,-0.39987,-0.139851,0.296543,1.50498,-1.29276,0.189411,-0.40163,0.209071,-1.05433,0.617082,0.228177])
2.721970670989621
Max g: 2.005988067210751e-6
f_5([0.0230304,-2.40372,2.42715,2.18306,-0.38244,-0.800619,0.545157,-0.338423,0.900097,2.33555,-1.12534,-0.210217,0.01628,0.0450223,-0.160399,2.76876,-0.109987,-0.976348,-0.738348,0.0464091,-1.8689,1.39069,0.812736,-0.686341,1.94468,-0.530279,-0.948843,0.534443,-0.504977,1.29276,-0.189411,0.40163,0.243179,-0.39987,-0.139851,0.296543,1.50498,-1.29276,0.189411,-0.40163,0.209071,-1.05433,0.617082,0.228177])
2.721970670989621
Max g: 2.0498216621867016e-6
f_6([0.0230177,-2.40373,2.42713,2.18306,-0.382441,-0.80062,0.545158,-0.338419,0.900096,2.33556,-1.12533,-0.210234,0.0160278,0.0450677,-0.160341,2.76877,-0.109975,-0.976337,-0.738348,0.0464072,-1.8689,1.39068,0.812734,-0.686339,1.94469,-0.530277,-0.94882,0.534412,-0.504977,1.29276,-0.189411,0.401631,0.243177,-0.39987,-0.139851,0.296543,1.50498,-1.29276,0.189411,-0.401631,0.209073,-1.05433,0.617083,0.228177])
2.721970670989621
Max g: 9.223390620149985e-7
f_7([0.0230047,-2.40375,2.42711,2.18306,-0.382438,-0.800622,0.545157,-0.338418,0.900093,2.33557,-1.12531,-0.210255,0.0156353,0.0451487,-0.160263,2.76879,-0.109955,-0.976318,-0.738348,0.0464096,-1.8689,1.39068,0.812735,-0.686338,1.9447,-0.530268,-0.948792,0.534361,-0.504978,1.29276,-0.18941,0.401631,0.243178,-0.399871,-0.139851,0.296543,1.50498,-1.29276,0.18941,-0.401631,0.209073,-1.05433,0.617082,0.228177])
2.721970670989621
Max g: 5.9594130075169005e-8
f_8([0.0230041,-2.40375,2.42711,2.18306,-0.382438,-0.800622,0.545157,-0.338418,0.900093,2.33557,-1.12531,-0.210256,0.015617,0.0451524,-0.160259,2.76879,-0.109954,-0.976317,-0.738348,0.0464096,-1.8689,1.39068,0.812735,-0.686338,1.9447,-0.530267,-0.94879,0.534359,-0.504978,1.29276,-0.18941,0.401631,0.243179,-0.399871,-0.139851,0.296543,1.50498,-1.29276,0.18941,-0.401631,0.209073,-1.05433,0.617082,0.228177])
2.721970670989621
Max g: 1.9215162794239404e-9
f_9([0.0230041,-2.40375,2.42711,2.18306,-0.382438,-0.800622,0.545157,-0.338418,0.900093,2.33557,-1.12531,-0.210256,0.0156162,0.0451526,-0.160259,2.76879,-0.109954,-0.976317,-0.738348,0.0464096,-1.8689,1.39068,0.812735,-0.686338,1.9447,-0.530267,-0.94879,0.534359,-0.504978,1.29276,-0.18941,0.401631,0.243179,-0.399871,-0.139851,0.296543,1.50498,-1.29276,0.18941,-0.401631,0.209073,-1.05433,0.617082,0.228177])
2.721970670989621
Max g: 1.4924883551259427e-10
{0.023004121726702007,-2.4037546292822394,2.4271111300426407,2.1830598164786217,-0.3824375675429344,-0.8006222489356863,0.5451574068760263,-0.33841762294825256,0.9000928991080797,2.335568096397754,-1.1253118584985264,-0.2102562378992276,0.015616169796879553,0.04515257635675343,-0.16025912204281983,2.768790159065949,-0.10995427967202895,-0.9763168506785099,-0.738347754700338,0.046409566275909704,-1.8689000611732112,1.39068048116879,0.8127353914337873,-0.6863378520506975,1.9446989502450835,-0.5302674492331699,-0.9487902583480262,0.5343587573305597,-0.5049776150334938,1.2927565514450876,-0.18941009389137883,0.40163115747934874,0.2431785088197992,-0.39987145461737456,-0.13985051754574818,0.29654346334395104,1.504977615061459,-1.2927565514734358,0.18941009390002758,-0.40163115748171174,0.20907284751049843,-1.0543323821213015,0.61708229644857,0.22817723815667745}]
Set[{A021,A031,A032,A041,A042,A043,A121,A131,A132,A141,A142,A143,B021,B031,B032,B041,B042,B043,B121,B131,B132,B141,B142,B143,\[Alpha]1,\[Alpha]2,\[Alpha]3,\[Alpha]4,\[Beta]11,\[Beta]12,\[Beta]13,\[Beta]14,\[Beta]21,\[Beta]22,\[Beta]23,\[Beta]24,\[Beta]31,\[Beta]32,\[Beta]33,\[Beta]34,\[Beta]41,\[Beta]42,\[Beta]43,\[Beta]44},{0.023004121726702007,-2.4037546292822394,2.4271111300426407,2.1830598164786217,-0.3824375675429344,-0.8006222489356863,0.5451574068760263,-0.33841762294825256,0.9000928991080797,2.335568096397754,-1.1253118584985264,-0.2102562378992276,0.015616169796879553,0.04515257635675343,-0.16025912204281983,2.768790159065949,-0.10995427967202895,-0.9763168506785099,-0.738347754700338,0.046409566275909704,-1.8689000611732112,1.39068048116879,0.8127353914337873,-0.6863378520506975,1.9446989502450835,-0.5302674492331699,-0.9487902583480262,0.5343587573305597,-0.5049776150334938,1.2927565514450876,-0.18941009389137883,0.40163115747934874,0.2431785088197992,-0.39987145461737456,-0.13985051754574818,0.29654346334395104,1.504977615061459,-1.2927565514734358,0.18941009390002758,-0.40163115748171174,0.20907284751049843,-1.0543323821213015,0.61708229644857,0.22817723815667745}]


-----------------Final Result------------------
Options: alg=LN_AUGLAG_EQ,dx=0.01,max_eval=100000000,popSize=0
imin=-1,jmin=-4,imax=1,jmax=4,
parameter_minmax=5,
randSeed=98303992,rand_minmax=1,
END_C=true, INEQ_C=true

939328 steps

Completed with maxf : 2.721970670989621

Constraints at 6.343547909182234e-11

x = [0.023004121726702007,-2.4037546292822394,2.4271111300426407,2.1830598164786217,-0.3824375675429344,-0.8006222489356863,0.5451574068760263,-0.33841762294825256,0.9000928991080797,2.335568096397754,-1.1253118584985264,-0.2102562378992276,0.015616169796879553,0.04515257635675343,-0.16025912204281983,2.768790159065949,-0.10995427967202895,-0.9763168506785099,-0.738347754700338,0.046409566275909704,-1.8689000611732112,1.39068048116879,0.8127353914337873,-0.6863378520506975,1.9446989502450835,-0.5302674492331699,-0.9487902583480262,0.5343587573305597,-0.5049776150334938,1.2927565514450876,-0.18941009389137883,0.40163115747934874,0.2431785088197992,-0.39987145461737456,-0.13985051754574818,0.29654346334395104,1.504977615061459,-1.2927565514734358,0.18941009390002758,-0.40163115748171174,0.20907284751049843,-1.0543323821213015,0.61708229644857,0.22817723815667745]
c0 = [0.0,0.023004121726702007,0.0233565007604013,1.0000000000000009]
c1 = [0.0,0.5451574068760263,0.5616752761598272,1.0]
A0 = [0.0,0.023004121726702007,-2.4037546292822394,2.1830598164786217,0.0,0.0,2.4271111300426407,-0.3824375675429344,0.0,0.0,0.0,-0.8006222489356863,0.0,0.0,0.0,0.0]
A1 = [0.0,0.5451574068760263,-0.33841762294825256,2.335568096397754,0.0,0.0,0.9000928991080797,-1.1253118584985264,0.0,0.0,0.0,-0.2102562378992276,0.0,0.0,0.0,0.0]
B0 = [0.0,0.015616169796879553,0.04515257635675343,2.768790159065949,0.0,0.0,-0.16025912204281983,-0.10995427967202895,0.0,0.0,0.0,-0.9763168506785099,0.0,0.0,0.0,0.0]
B1 = [0.0,-0.738347754700338,0.046409566275909704,1.39068048116879,0.0,0.0,-1.8689000611732112,0.8127353914337873,0.0,0.0,0.0,-0.6863378520506975,0.0,0.0,0.0,0.0]
α  = [1.9446989502450835,-0.5302674492331699,-0.9487902583480262,0.5343587573305597]
β1 = [-0.5049776150334938,1.2927565514450876,-0.18941009389137883,0.40163115747934874]
β2 = [0.2431785088197992,-0.39987145461737456,-0.13985051754574818,0.29654346334395104]
β3 = [1.504977615061459,-1.2927565514734358,0.18941009390002758,-0.40163115748171174]
β4 = [0.20907284751049843,-1.0543323821213015,0.61708229644857,0.22817723815667745]


Set[{A021,A031,A032,A041,A042,A043,A121,A131,A132,A141,A142,A143,B021,B031,B032,B041,B042,B043,B121,B131,B132,B141,B142,B143,\[Alpha]1,\[Alpha]2,\[Alpha]3,\[Alpha]4,\[Beta]11,\[Beta]12,\[Beta]13,\[Beta]14,\[Beta]21,\[Beta]22,\[Beta]23,\[Beta]24,\[Beta]31,\[Beta]32,\[Beta]33,\[Beta]34,\[Beta]41,\[Beta]42,\[Beta]43,\[Beta]44},{0.023004121726702007,-2.4037546292822394,2.4271111300426407,2.1830598164786217,-0.3824375675429344,-0.8006222489356863,0.5451574068760263,-0.33841762294825256,0.9000928991080797,2.335568096397754,-1.1253118584985264,-0.2102562378992276,0.015616169796879553,0.04515257635675343,-0.16025912204281983,2.768790159065949,-0.10995427967202895,-0.9763168506785099,-0.738347754700338,0.046409566275909704,-1.8689000611732112,1.39068048116879,0.8127353914337873,-0.6863378520506975,1.9446989502450835,-0.5302674492331699,-0.9487902583480262,0.5343587573305597,-0.5049776150334938,1.2927565514450876,-0.18941009389137883,0.40163115747934874,0.2431785088197992,-0.39987145461737456,-0.13985051754574818,0.29654346334395104,1.504977615061459,-1.2927565514734358,0.18941009390002758,-0.40163115748171174,0.20907284751049843,-1.0543323821213015,0.61708229644857,0.22817723815667745}]



