
-----------------Setup------------------
Options: alg=LN_AUGLAG_EQ,dx=0.01,max_eval=100000000,popSize=0
imin=-1,jmin=-4,imax=1,jmax=4,
parameter_minmax=5,
randSeed=12350717, rand_minmax=1,
END_C=true, INEQ_C=true

Initial Condition:

[0.534032,0.549495,0.247553,-0.976931,0.206619,-0.948427,0.49036,-0.105877,0.651588,0.316565,0.301247,0.183154,0.705906,-0.971858,0.247138,-0.526119,0.985468,0.368423,-0.696041,-0.0946521,0.43341,-0.0609051,0.329062,0.909011,0.94949,-0.559612,-0.361559,-0.491672,-0.278903,-0.0914009,0.00557099,-0.588741,-0.946603,0.70861,0.859705,-0.418251,-0.517842,0.530393,-0.600397,-0.958585,0.0152163,-0.587194,0.439674,-0.798869]

f_1([0.271635,1.19092,-0.91507,2.73945,-0.135062,-1.6044,0.661884,0.542949,0.130325,0.449482,0.183442,0.366991,2.04139,-1.50694,0.307498,-2.08021,0.429515,0.519566,0.813029,-0.123359,2.17468,-0.0170001,-0.428443,-0.0208344,0.680641,0.414688,-0.666661,0.571299,-0.067536,0.0134847,0.19092,0.863062,-0.361183,1.21889,-0.155217,-0.702342,1.06724,-0.0130339,-0.19099,-0.863053,0.260218,-1.4198,0.673217,0.486413])
3.2886255364873507
Max g: 0.00045625742852761775
f_2([0.271691,1.19081,-0.915126,2.73937,-0.13502,-1.60435,0.661452,0.542373,0.130377,0.44924,0.185619,0.365141,2.04159,-1.50666,0.307665,-2.08015,0.429652,0.519802,0.813305,-0.122724,2.17453,-0.0170037,-0.428403,-0.0208888,0.680886,0.414619,-0.666634,0.57113,-0.0669105,0.0131013,0.190911,0.862899,-0.361844,1.2189,-0.15527,-0.701791,1.06691,-0.0131002,-0.190911,-0.862899,0.26021,-1.41909,0.672944,0.485939])
3.29091123657617
Max g: 6.398961968117484e-6
{0.2716906476825717,1.1908065280428046,-0.9151255910877345,2.739373156387843,-0.13502090576766732,-1.6043522506201764,0.6614584293988452,0.5423792900461517,0.13037867601048042,0.44924273773616974,0.1856040236610545,0.36515323860277543,2.0415913194211632,-1.5066639342778108,0.30766391605085064,-2.0801530889416355,0.42965095267821984,0.5198013653347396,0.8133009503931496,-0.12273477820227562,2.1745255525453606,-0.01700528545732794,-0.4284035813663027,-0.020889894093037892,0.680884477854352,0.4146193160981084,-0.6666338470095158,0.5711300530538287,-0.06690997454007595,0.013101856874633297,0.19091206249421588,0.8628960551977115,-0.3618382639762742,1.2189014032022751,-0.15526896244250887,-0.7017941770271886,1.0669099745061565,-0.013101856868012327,-0.190912062498961,-0.8628960551667523,0.26020764788551676,-1.419102634194007,0.672950184703745,0.4859448017093759}]
Set[{A021,A031,A032,A041,A042,A043,A121,A131,A132,A141,A142,A143,B021,B031,B032,B041,B042,B043,B121,B131,B132,B141,B142,B143,\[Alpha]1,\[Alpha]2,\[Alpha]3,\[Alpha]4,\[Beta]11,\[Beta]12,\[Beta]13,\[Beta]14,\[Beta]21,\[Beta]22,\[Beta]23,\[Beta]24,\[Beta]31,\[Beta]32,\[Beta]33,\[Beta]34,\[Beta]41,\[Beta]42,\[Beta]43,\[Beta]44},{0.2716906476825717,1.1908065280428046,-0.9151255910877345,2.739373156387843,-0.13502090576766732,-1.6043522506201764,0.6614584293988452,0.5423792900461517,0.13037867601048042,0.44924273773616974,0.1856040236610545,0.36515323860277543,2.0415913194211632,-1.5066639342778108,0.30766391605085064,-2.0801530889416355,0.42965095267821984,0.5198013653347396,0.8133009503931496,-0.12273477820227562,2.1745255525453606,-0.01700528545732794,-0.4284035813663027,-0.020889894093037892,0.680884477854352,0.4146193160981084,-0.6666338470095158,0.5711300530538287,-0.06690997454007595,0.013101856874633297,0.19091206249421588,0.8628960551977115,-0.3618382639762742,1.2189014032022751,-0.15526896244250887,-0.7017941770271886,1.0669099745061565,-0.013101856868012327,-0.190912062498961,-0.8628960551667523,0.26020764788551676,-1.419102634194007,0.672950184703745,0.4859448017093759}]


-----------------Final Result------------------
Options: alg=LN_AUGLAG_EQ,dx=0.01,max_eval=100000000,popSize=0
imin=-1,jmin=-4,imax=1,jmax=4,
parameter_minmax=5,
randSeed=12350717,rand_minmax=1,
END_C=true, INEQ_C=true

235270 steps

Completed with maxf : 3.29091123657617

Constraints at 1.0851310960902083e-9

x = [0.2716906476825717,1.1908065280428046,-0.9151255910877345,2.739373156387843,-0.13502090576766732,-1.6043522506201764,0.6614584293988452,0.5423792900461517,0.13037867601048042,0.44924273773616974,0.1856040236610545,0.36515323860277543,2.0415913194211632,-1.5066639342778108,0.30766391605085064,-2.0801530889416355,0.42965095267821984,0.5198013653347396,0.8133009503931496,-0.12273477820227562,2.1745255525453606,-0.01700528545732794,-0.4284035813663027,-0.020889894093037892,0.680884477854352,0.4146193160981084,-0.6666338470095158,0.5711300530538287,-0.06690997454007595,0.013101856874633297,0.19091206249421588,0.8628960551977115,-0.3618382639762742,1.2189014032022751,-0.15526896244250887,-0.7017941770271886,1.0669099745061565,-0.013101856868012327,-0.190912062498961,-0.8628960551667523,0.26020764788551676,-1.419102634194007,0.672950184703745,0.4859448017093759]
c0 = [0.0,0.2716906476825717,0.2756809369550701,0.9999999999999994]
c1 = [0.0,0.6614584293988452,0.6727579660566321,0.9999999999999998]
A0 = [0.0,0.2716906476825717,1.1908065280428046,2.739373156387843,0.0,0.0,-0.9151255910877345,-0.13502090576766732,0.0,0.0,0.0,-1.6043522506201764,0.0,0.0,0.0,0.0]
A1 = [0.0,0.6614584293988452,0.5423792900461517,0.44924273773616974,0.0,0.0,0.13037867601048042,0.1856040236610545,0.0,0.0,0.0,0.36515323860277543,0.0,0.0,0.0,0.0]
B0 = [0.0,2.0415913194211632,-1.5066639342778108,-2.0801530889416355,0.0,0.0,0.30766391605085064,0.42965095267821984,0.0,0.0,0.0,0.5198013653347396,0.0,0.0,0.0,0.0]
B1 = [0.0,0.8133009503931496,-0.12273477820227562,-0.01700528545732794,0.0,0.0,2.1745255525453606,-0.4284035813663027,0.0,0.0,0.0,-0.020889894093037892,0.0,0.0,0.0,0.0]
α  = [0.680884477854352,0.4146193160981084,-0.6666338470095158,0.5711300530538287]
β1 = [-0.06690997454007595,0.013101856874633297,0.19091206249421588,0.8628960551977115]
β2 = [-0.3618382639762742,1.2189014032022751,-0.15526896244250887,-0.7017941770271886]
β3 = [1.0669099745061565,-0.013101856868012327,-0.190912062498961,-0.8628960551667523]
β4 = [0.26020764788551676,-1.419102634194007,0.672950184703745,0.4859448017093759]


Set[{A021,A031,A032,A041,A042,A043,A121,A131,A132,A141,A142,A143,B021,B031,B032,B041,B042,B043,B121,B131,B132,B141,B142,B143,\[Alpha]1,\[Alpha]2,\[Alpha]3,\[Alpha]4,\[Beta]11,\[Beta]12,\[Beta]13,\[Beta]14,\[Beta]21,\[Beta]22,\[Beta]23,\[Beta]24,\[Beta]31,\[Beta]32,\[Beta]33,\[Beta]34,\[Beta]41,\[Beta]42,\[Beta]43,\[Beta]44},{0.2716906476825717,1.1908065280428046,-0.9151255910877345,2.739373156387843,-0.13502090576766732,-1.6043522506201764,0.6614584293988452,0.5423792900461517,0.13037867601048042,0.44924273773616974,0.1856040236610545,0.36515323860277543,2.0415913194211632,-1.5066639342778108,0.30766391605085064,-2.0801530889416355,0.42965095267821984,0.5198013653347396,0.8133009503931496,-0.12273477820227562,2.1745255525453606,-0.01700528545732794,-0.4284035813663027,-0.020889894093037892,0.680884477854352,0.4146193160981084,-0.6666338470095158,0.5711300530538287,-0.06690997454007595,0.013101856874633297,0.19091206249421588,0.8628960551977115,-0.3618382639762742,1.2189014032022751,-0.15526896244250887,-0.7017941770271886,1.0669099745061565,-0.013101856868012327,-0.190912062498961,-0.8628960551667523,0.26020764788551676,-1.419102634194007,0.672950184703745,0.4859448017093759}]



