
-----------------Setup------------------
Options: alg=GN_ISRES,dx=0.01,max_eval=100000000,popSize=0
imin=-1,jmin=-4,imax=1,jmax=4,
parameter_minmax=5,
randSeed=46088072, rand_minmax=1,
END_C=true, INEQ_C=true

Initial Condition:

[0.540647,-0.258905,-0.085892,0.12172,0.898847,-0.855041,-0.887605,-0.72623,0.840005,0.629317,-0.976311,-0.848606,0.994197,-0.628581,0.426481,0.778672,-0.0659632,0.00588286,0.242909,0.980169,-0.559578,0.69853,-0.650504,-0.116083,-0.713872,0.0488715,-0.841965,-0.391514,0.688088,-0.186454,-0.359849,-0.750913,-0.685413,-0.485999,0.35683,0.900676,0.85483,-0.7604,-0.500052,0.802794,-0.636598,0.86159,0.343187,0.429914]

f_1([1.96464,-4.99919,3.32244,-2.17105,-0.670183,3.2782,-0.547081,4.17763,-2.74827,1.02908,-0.538582,1.41793,-1.09627,0.911296,-1.08941,3.8163,-1.41371,-4.76762,0.10426,4.13246,-3.38706,2.72871,-1.20369,-2.446,-1.48429,0.820667,2.60358,-1.71612,4.35537,-3.79113,0.234037,-0.541174,-0.844251,1.34655,0.737173,-1.36682,-3.40204,2.21461,-1.2403,-0.922878,1.4065,-0.101488,1.18361,-1.22798])
0.7174116930950739
Max g: 2.403260179415752
f_2([-0.502622,-2.79237,2.38429,-1.97274,1.0988,1.26656,-0.0966375,1.34817,-1.04747,-1.58448,1.34498,1.3139,2.9905,-0.216804,1.01914,2.86269,-2.48593,-2.00376,0.187922,-1.08669,2.29242,2.78235,-1.42908,-0.277069,0.572124,0.133025,0.666812,0.0718567,-0.542434,1.0193,0.373411,0.0259402,-2.85066,3.25752,0.170897,-0.12678,-3.19175,3.0439,-0.448789,-0.126403,-0.62298,-0.763,0.785595,-0.304571])
2.4615002391289496
Max g: 0.6697000245110739
f_3([-0.0408327,-1.65915,1.9247,-2.12948,1.00721,1.48387,-0.0241798,1.81679,-1.76017,-1.14783,1.50335,0.200652,0.335283,-0.133683,1.53663,4.08742,-3.63844,-1.11536,0.382391,-0.906419,2.39115,0.506354,-0.928704,-0.0216757,-0.79703,0.483033,0.740369,0.0912386,-1.46373,1.26708,0.145562,0.840059,-2.20004,2.07949,0.150287,-0.112343,-2.98762,4.2461,-0.649518,-0.64137,-0.292396,-0.862333,0.844765,0.111765])
4.474307612996192
Max g: 0.9440922204397495
f_4([0.0217946,-1.84972,2.35542,-2.36762,1.74853,1.12844,-0.00585407,1.70018,-1.88787,-1.18106,1.72473,0.234223,0.188385,-0.249033,1.84039,4.2544,-1.22122,-1.63883,0.26508,-0.906222,2.1658,0.633453,-1.18314,0.101897,-0.193835,0.640923,0.482652,0.139309,-1.36745,0.630989,0.307855,1.24215,-2.12819,2.26626,-0.0152423,-0.0404615,-2.50533,4.26843,-0.829811,-0.997275,0.604034,-2.30748,1.12712,0.651589])
3.8693921155769218
Max g: 0.5328287639497679
f_5([-0.0479092,-1.63403,2.23238,-2.43176,2.03578,0.954889,0.0117081,1.48001,-1.50365,-1.11611,1.67653,0.382432,0.120868,0.0187142,1.48625,4.34802,-1.82313,-0.906323,0.276257,-0.913834,2.24252,0.616644,-1.12904,0.0437078,-0.143606,0.546127,0.560437,0.115071,-1.1415,0.599301,0.292593,1.0528,-2.37479,2.34779,0.0198693,-0.0713293,-2.39189,3.7782,-0.714285,-0.819013,1.18126,-2.70563,1.03111,0.408781])
4.203998732927125
Max g: 0.4785544655734276
f_6([-0.00887182,-1.29756,1.91907,-2.47065,2.10363,0.908649,0.0231902,1.38572,-1.29815,-1.15402,1.83911,0.371013,0.162201,0.0379188,1.61618,4.36918,-2.5237,-0.678042,0.307396,-0.850544,2.38281,0.746061,-1.11466,0.0347916,-0.124479,0.481308,0.533903,0.126138,-0.994677,0.580793,0.239299,0.974966,-2.14218,2.34695,0.00361893,-0.0852778,-2.08783,3.40964,-0.57986,-0.882323,3.20743,-4.2519,0.984091,0.0713853])
4.526183067185918
Max g: 0.45413226814207
f_7([-0.0181531,-1.40293,1.99732,-2.51366,2.12888,0.972565,0.0223156,1.45675,-1.17968,-1.16451,1.74242,0.352782,0.0201019,0.00573234,1.45829,4.39645,-3.20014,0.307779,0.33595,-0.814755,2.40727,0.7244,-1.11529,0.0403437,-0.310425,0.579705,0.527277,0.196029,-0.924492,0.536521,0.258717,1.0401,-2.29106,2.34021,-0.0281543,-0.107545,0.126984,1.19195,-0.426601,-0.99981,4.17772,-4.8348,1.01421,-0.244212])
4.490605648412122
Max g: 0.2276524397611734
f_8([0.00521874,-1.42406,1.98012,-2.43968,1.965,1.00106,0.0375395,1.4253,-1.22551,-1.18699,1.80341,0.314218,-0.0954121,0.012212,1.41768,4.46836,-3.39844,0.287511,0.361492,-0.853223,2.4028,0.458407,-1.13163,0.114101,-0.28046,0.547384,0.539065,0.210059,-0.74914,0.51661,0.252041,0.94633,-2.09312,2.34147,-0.0799099,-0.18182,1.58417,-0.329917,-0.254345,-0.927402,3.93003,-4.96332,1.1101,-0.0230886])
4.195750336954428
Max g: 0.07372342518601982
f_9([0.0221911,-1.47646,2.02303,-2.52702,2.02525,1.03394,0.04765,1.42371,-1.14929,-1.19055,1.88344,0.309581,-0.122903,0.012566,1.44839,4.33863,-3.29858,0.0577122,0.37583,-0.84076,2.42663,0.406417,-1.11939,0.0874788,-0.302881,0.500344,0.557018,0.238926,-0.61411,0.488524,0.2336,0.882286,-2.08451,2.34343,-0.0719415,-0.176988,1.6023,-0.439515,-0.248382,-0.90049,3.83776,-4.81689,1.0847,-0.0737001])
3.9941118378146716
Max g: 0.0808295981304631
f_10([0.00143065,-1.44453,1.97509,-2.52063,1.99572,1.03783,0.069802,1.43503,-1.05849,-1.24255,1.87813,0.36136,-0.190373,9.80427e-6,1.48145,4.16528,-3.32909,0.101974,0.37776,-0.837944,2.42565,0.354545,-1.13469,0.119905,-0.333003,0.490368,0.579572,0.262276,-0.616197,0.517051,0.224607,0.871467,-2.07644,2.3432,-0.0745746,-0.193097,1.61215,-0.523443,-0.22907,-0.888991,3.71527,-4.70506,1.07794,-0.0873256])
3.9708573238675533
{0.0014306450804095492,-1.4445299884635316,1.9750908650566414,-2.5206332258728654,1.9957163566596121,1.0378331551173068,0.06980197021932161,1.4350334442324226,-1.0584863013011279,-1.2425454843612154,1.8781262354503003,0.36136044589841926,-0.1903728389698806,9.804271196068264e-6,1.4814545772215868,4.165279232118531,-3.3290856109328133,0.1019738253776616,0.37775977028790503,-0.8379441685152648,2.425648659282111,0.3545448937619655,-1.1346922749442847,0.11990533917383121,-0.33300267679686446,0.4903681141124394,0.5795717617606156,0.2622756832510801,-0.6161969074411496,0.5170511624782106,0.22460659011536133,0.871467295031462,-2.076436403856605,2.3431995685996427,-0.07457458133286289,-0.1930974530126415,1.6121463432010483,-0.523442837438294,-0.22906982042863755,-0.8889907224343643,3.715265772937867,-4.705064895799256,1.0779394714235928,-0.08732560516710366}]
Set[{A021,A031,A032,A041,A042,A043,A121,A131,A132,A141,A142,A143,B021,B031,B032,B041,B042,B043,B121,B131,B132,B141,B142,B143,\[Alpha]1,\[Alpha]2,\[Alpha]3,\[Alpha]4,\[Beta]11,\[Beta]12,\[Beta]13,\[Beta]14,\[Beta]21,\[Beta]22,\[Beta]23,\[Beta]24,\[Beta]31,\[Beta]32,\[Beta]33,\[Beta]34,\[Beta]41,\[Beta]42,\[Beta]43,\[Beta]44},{0.0014306450804095492,-1.4445299884635316,1.9750908650566414,-2.5206332258728654,1.9957163566596121,1.0378331551173068,0.06980197021932161,1.4350334442324226,-1.0584863013011279,-1.2425454843612154,1.8781262354503003,0.36136044589841926,-0.1903728389698806,9.804271196068264e-6,1.4814545772215868,4.165279232118531,-3.3290856109328133,0.1019738253776616,0.37775977028790503,-0.8379441685152648,2.425648659282111,0.3545448937619655,-1.1346922749442847,0.11990533917383121,-0.33300267679686446,0.4903681141124394,0.5795717617606156,0.2622756832510801,-0.6161969074411496,0.5170511624782106,0.22460659011536133,0.871467295031462,-2.076436403856605,2.3431995685996427,-0.07457458133286289,-0.1930974530126415,1.6121463432010483,-0.523442837438294,-0.22906982042863755,-0.8889907224343643,3.715265772937867,-4.705064895799256,1.0779394714235928,-0.08732560516710366}]

Max g: 0.06221733121575339
f_11([0.0105829,-1.43199,1.95891,-2.53909,2.00002,1.04372,0.0910217,1.43722,-0.922824,-1.21324,1.80919,0.39277,-0.243654,0.00339974,1.40677,4.23681,-3.2611,-0.0262557,0.379482,-0.818931,2.41015,0.329566,-1.13533,0.123035,-0.347252,0.475279,0.600616,0.297927,-0.634545,0.566725,0.209944,0.827242,-2.03637,2.34209,-0.0735742,-0.230304,1.71951,-0.665917,-0.207981,-0.852215,3.74723,-4.69526,1.07813,-0.110322])
3.8356035055682884
Max g: 0.043639638229389294
f_12([0.00806411,-1.43115,1.95202,-2.54808,2.01071,1.04987,0.109365,1.44242,-0.898043,-1.21605,1.83093,0.38608,-0.282534,-0.027085,1.4363,4.31349,-3.35078,-0.0312569,0.382039,-0.80839,2.40521,0.29607,-1.13538,0.131052,-0.360576,0.467314,0.606957,0.294385,-0.631079,0.618735,0.198897,0.802941,-2.03001,2.34205,-0.0730781,-0.250375,1.7294,-0.720189,-0.19099,-0.823097,3.65281,-4.63209,1.0666,-0.0861973])
3.7150576704492515
Max g: 0.02989951340759006
f_13([0.0723862,-1.41779,1.93101,-2.55791,2.01821,1.0493,0.128762,1.45092,-0.814487,-1.22245,1.86638,0.340877,-0.270809,-0.0125599,1.46263,4.1609,-3.31983,-0.047235,0.383749,-0.793029,2.39027,0.260772,-1.09138,0.11883,-0.363209,0.45196,0.605667,0.306418,-0.627266,0.62986,0.19656,0.799183,-1.99827,2.34215,-0.0722417,-0.276817,1.68862,-0.677914,-0.19858,-0.80964,3.67135,-4.64102,1.07077,-0.0937599])
3.4942391662163588
Max g: 0.02036674594995755
f_14([0.0232895,-1.42767,1.94072,-2.5605,2.01295,1.04907,0.139226,1.44919,-0.75895,-1.23263,1.87431,0.353411,-0.296427,-0.011871,1.45933,4.14583,-3.30889,-0.0646648,0.383118,-0.796291,2.39366,0.234907,-1.09859,0.1221,-0.385978,0.447622,0.604047,0.33612,-0.631582,0.663981,0.191308,0.768555,-1.98707,2.34215,-0.0725855,-0.286353,1.65432,-0.69541,-0.187778,-0.775317,3.66128,-4.63797,1.07183,-0.0933626])
3.4971211358935657
Max g: 0.008586888735608866
f_15([0.0424692,-1.43057,1.93687,-2.56555,2.01775,1.04792,0.14264,1.45786,-0.761948,-1.23046,1.86662,0.363239,-0.303951,-0.00823357,1.45343,4.14567,-3.33319,-0.0534062,0.382529,-0.797493,2.39195,0.243827,-1.1035,0.122475,-0.394026,0.441735,0.602413,0.348998,-0.637947,0.677255,0.190745,0.767083,-1.98231,2.34218,-0.0714392,-0.29036,1.65441,-0.695137,-0.189395,-0.769894,3.64659,-4.632,1.0724,-0.0840483])
3.4474320035279282
Max g: 0.0033071771890621493
f_16([0.0403847,-1.43154,1.93406,-2.56636,2.01914,1.048,0.14476,1.45878,-0.757933,-1.23365,1.8682,0.365647,-0.310198,-0.00640185,1.45229,4.13633,-3.33833,-0.0553061,0.382652,-0.798051,2.39171,0.238774,-1.10067,0.122627,-0.39888,0.440832,0.602445,0.355682,-0.639693,0.683255,0.189217,0.765385,-1.97796,2.34218,-0.0716349,-0.294388,1.6542,-0.697777,-0.188771,-0.767322,3.63919,-4.62826,1.07234,-0.0818695])
3.438587337966845
Max g: 0.001406555696738046
f_17([0.037758,-1.43203,1.93306,-2.56645,2.01865,1.04795,0.146492,1.45943,-0.750958,-1.23388,1.86586,0.365928,-0.313902,-0.00955346,1.45254,4.13213,-3.32629,-0.0606967,0.382745,-0.797646,2.39154,0.235341,-1.0977,0.122112,-0.403367,0.440727,0.6034,0.359265,-0.643035,0.688719,0.18889,0.764218,-1.97657,2.34218,-0.0716709,-0.29403,1.65241,-0.698576,-0.188146,-0.766147,3.63837,-4.62721,1.07182,-0.0829275])
3.4298420506704925
Max g: 0.0007014865145050647
f_18([0.0384615,-1.43205,1.93268,-2.56539,2.01752,1.04806,0.146368,1.45925,-0.750567,-1.23283,1.86565,0.366688,-0.314539,-0.00890384,1.45266,4.12893,-3.32693,-0.0602963,0.382664,-0.798163,2.39174,0.235131,-1.09783,0.122122,-0.404228,0.440747,0.603957,0.359357,-0.64622,0.692744,0.188789,0.764539,-1.97737,2.34217,-0.0716279,-0.293098,1.65231,-0.698696,-0.188126,-0.76559,3.63755,-4.62675,1.07236,-0.0831911])
3.423779976521885
Max g: 0.0005338098201114333
f_19([0.0390609,-1.43175,1.93226,-2.56504,2.01729,1.04794,0.146587,1.45944,-0.750044,-1.23278,1.86546,0.367203,-0.315007,-0.0101869,1.45265,4.12936,-3.32802,-0.0600096,0.382686,-0.797612,2.39096,0.234211,-1.09799,0.12246,-0.404724,0.440729,0.60499,0.359355,-0.647872,0.695201,0.188395,0.764191,-1.97735,2.34216,-0.0715985,-0.293017,1.65178,-0.698731,-0.188109,-0.764671,3.63793,-4.62746,1.07271,-0.0830239])
3.4222893025509156
Max g: 0.00043507134704694195
f_20([0.0411532,-1.43223,1.93239,-2.56543,2.01755,1.0479,0.146681,1.45946,-0.749858,-1.23282,1.86553,0.367213,-0.314958,-0.0108916,1.45275,4.12856,-3.32796,-0.0604197,0.382687,-0.797384,2.3905,0.233671,-1.0979,0.122516,-0.403571,0.440066,0.606414,0.35715,-0.649437,0.696971,0.188232,0.764015,-1.97747,2.34216,-0.0716008,-0.292997,1.65159,-0.699139,-0.187999,-0.76441,3.63769,-4.62766,1.07295,-0.0828193])
3.421593654697797
{0.04115319540341337,-1.432229545832437,1.9323934247892456,-2.565427974667279,2.017545257534006,1.0479012201622837,0.1466806428385807,1.4594598504794587,-0.7498578856974965,-1.2328220877945888,1.8655284922341924,0.3672130131344249,-0.31495823524200844,-0.01089155919618728,1.4527503894254807,4.128562505577161,-3.3279632012072367,-0.06041967058561441,0.38268654571858934,-0.7973842372460879,2.3905029850872155,0.23367082762426192,-1.0979014785350392,0.12251626148410319,-0.4035705986758297,0.44006642937436885,0.606414471545167,0.3571496329381826,-0.6494372415312456,0.6969707046532911,0.18823193060513596,0.764015171717184,-1.97747256747651,2.342157719040191,-0.07160084511723123,-0.2929968122456296,1.651589008232099,-0.6991388538382479,-0.18799863458164948,-0.7644100804518037,3.6376928398705264,-4.627664482669426,1.0729473031213632,-0.08281928477428277}]
Set[{A021,A031,A032,A041,A042,A043,A121,A131,A132,A141,A142,A143,B021,B031,B032,B041,B042,B043,B121,B131,B132,B141,B142,B143,\[Alpha]1,\[Alpha]2,\[Alpha]3,\[Alpha]4,\[Beta]11,\[Beta]12,\[Beta]13,\[Beta]14,\[Beta]21,\[Beta]22,\[Beta]23,\[Beta]24,\[Beta]31,\[Beta]32,\[Beta]33,\[Beta]34,\[Beta]41,\[Beta]42,\[Beta]43,\[Beta]44},{0.04115319540341337,-1.432229545832437,1.9323934247892456,-2.565427974667279,2.017545257534006,1.0479012201622837,0.1466806428385807,1.4594598504794587,-0.7498578856974965,-1.2328220877945888,1.8655284922341924,0.3672130131344249,-0.31495823524200844,-0.01089155919618728,1.4527503894254807,4.128562505577161,-3.3279632012072367,-0.06041967058561441,0.38268654571858934,-0.7973842372460879,2.3905029850872155,0.23367082762426192,-1.0979014785350392,0.12251626148410319,-0.4035705986758297,0.44006642937436885,0.606414471545167,0.3571496329381826,-0.6494372415312456,0.6969707046532911,0.18823193060513596,0.764015171717184,-1.97747256747651,2.342157719040191,-0.07160084511723123,-0.2929968122456296,1.651589008232099,-0.6991388538382479,-0.18799863458164948,-0.7644100804518037,3.6376928398705264,-4.627664482669426,1.0729473031213632,-0.08281928477428277}]

Max g: 0.00041384249202701395
f_21([0.0407653,-1.43198,1.93211,-2.56545,2.0176,1.04791,0.146698,1.45954,-0.749662,-1.2328,1.86563,0.367071,-0.31518,-0.0111626,1.45286,4.12839,-3.32891,-0.0602315,0.382691,-0.797188,2.39036,0.233587,-1.09797,0.122562,-0.404081,0.440245,0.606769,0.357118,-0.650097,0.697979,0.188061,0.764064,-1.97744,2.34216,-0.0715951,-0.293037,1.65148,-0.699244,-0.187935,-0.764254,3.63755,-4.62762,1.07296,-0.0828645])
3.420997385109409
Max g: 0.0004163604384441605
f_22([0.041113,-1.43214,1.93212,-2.56548,2.01754,1.04796,0.146737,1.45969,-0.74956,-1.23278,1.86566,0.367033,-0.315034,-0.011256,1.45283,4.12838,-3.32879,-0.0602996,0.382694,-0.797083,2.39026,0.233367,-1.09795,0.122608,-0.404071,0.440267,0.606901,0.356848,-0.650555,0.6986,0.187991,0.76401,-1.97756,2.34216,-0.0715912,-0.292996,1.65144,-0.699492,-0.187869,-0.764117,3.63747,-4.62749,1.07295,-0.0829191])
3.42030173725629
Max g: 0.0003910728857235146
f_23([0.0412248,-1.43214,1.93214,-2.56551,2.01754,1.04796,0.146755,1.4597,-0.749451,-1.23278,1.86563,0.367081,-0.314901,-0.0111911,1.45283,4.12804,-3.32873,-0.0602936,0.382718,-0.796946,2.39019,0.23332,-1.09797,0.122612,-0.404002,0.440305,0.606977,0.356725,-0.650665,0.698778,0.187942,0.763958,-1.97758,2.34216,-0.0715823,-0.293007,1.65144,-0.699534,-0.187837,-0.764091,3.63748,-4.62741,1.07289,-0.0829511])
3.4204011155210217
Max g: 0.0004043882750268818
f_24([0.0411445,-1.43214,1.93219,-2.56549,2.01752,1.048,0.146764,1.45971,-0.749416,-1.23277,1.86564,0.367077,-0.314883,-0.0112018,1.45285,4.12819,-3.32883,-0.0603201,0.382728,-0.796874,2.39016,0.233315,-1.09804,0.122649,-0.403933,0.440298,0.606967,0.356693,-0.650726,0.69889,0.187885,0.763971,-1.97757,2.34217,-0.0715825,-0.293008,1.65144,-0.699558,-0.18781,-0.764056,3.63736,-4.62723,1.07285,-0.0829767])
3.4204011155210217
Max g: 0.0003959704766371003
f_25([0.0411154,-1.43216,1.93219,-2.56548,2.01751,1.04799,0.146766,1.45964,-0.749298,-1.23277,1.86563,0.367075,-0.314884,-0.011158,1.45285,4.12812,-3.32883,-0.0603323,0.382736,-0.796822,2.39016,0.233315,-1.09814,0.1227,-0.403997,0.440314,0.606958,0.35676,-0.651183,0.699378,0.187804,0.763976,-1.97761,2.34217,-0.0715874,-0.292985,1.65144,-0.699637,-0.187784,-0.764029,3.63718,-4.62694,1.07278,-0.0830004])
3.4204011155210217
Max g: 0.00037423538894293396
f_26([0.0412411,-1.43217,1.9322,-2.56554,2.01753,1.048,0.146775,1.45972,-0.749379,-1.23278,1.86565,0.367076,-0.314767,-0.0111163,1.45285,4.12818,-3.32893,-0.060421,0.382761,-0.796764,2.39012,0.233314,-1.09823,0.122756,-0.403902,0.440315,0.607001,0.356613,-0.651414,0.699668,0.187767,0.763966,-1.97759,2.34217,-0.0715994,-0.292978,1.65144,-0.699712,-0.187765,-0.763998,3.63702,-4.62679,1.07278,-0.0829641])
3.4200036024620966
Max g: 0.00034895217511785037
f_27([0.0412831,-1.43217,1.93219,-2.56551,2.01752,1.04799,0.146781,1.4598,-0.749392,-1.23278,1.86567,0.367083,-0.314773,-0.0111676,1.45285,4.12824,-3.32894,-0.0604122,0.382771,-0.796746,2.39013,0.233305,-1.09826,0.12277,-0.403957,0.440381,0.60704,0.356561,-0.65141,0.699711,0.187747,0.763964,-1.9776,2.34217,-0.0716116,-0.292962,1.65144,-0.699731,-0.187746,-0.763967,3.63692,-4.62664,1.07275,-0.0830164])
3.419904224197365
Max g: 0.0003309392135625727
f_28([0.0412854,-1.43216,1.93217,-2.5655,2.01752,1.04799,0.146788,1.45981,-0.749383,-1.23279,1.86564,0.367117,-0.314751,-0.0111555,1.45285,4.12828,-3.32895,-0.0604464,0.382781,-0.796736,2.39016,0.233301,-1.09828,0.122782,-0.403953,0.440365,0.607042,0.356552,-0.651384,0.699715,0.187741,0.763936,-1.97761,2.34217,-0.0716141,-0.292946,1.65144,-0.699768,-0.187724,-0.763961,3.63664,-4.62632,1.07269,-0.0830004])
3.4200036024620966
Max g: 0.0003208776491190751
f_29([0.0413023,-1.43215,1.93217,-2.56552,2.01754,1.04799,0.146793,1.45985,-0.749405,-1.23281,1.86568,0.367117,-0.314782,-0.0111473,1.45285,4.12827,-3.32896,-0.0603965,0.382802,-0.796723,2.39021,0.233299,-1.09827,0.122784,-0.403892,0.440344,0.607022,0.356545,-0.651348,0.699681,0.18772,0.763937,-1.97758,2.34217,-0.0716284,-0.292947,1.65144,-0.699763,-0.187719,-0.76395,3.63629,-4.6259,1.07262,-0.0829937])
3.419904224197365
Max g: 0.00030609573101812726
f_30([0.04133,-1.43219,1.9322,-2.5655,2.01752,1.04799,0.1468,1.45982,-0.749397,-1.23281,1.8656,0.367172,-0.314757,-0.0111751,1.45285,4.12815,-3.32897,-0.0603097,0.382823,-0.796717,2.39025,0.233297,-1.09829,0.122797,-0.403942,0.440363,0.607067,0.356492,-0.651355,0.699708,0.187705,0.763949,-1.9776,2.34217,-0.0716384,-0.292928,1.65146,-0.699772,-0.187704,-0.763949,3.63578,-4.62539,1.07256,-0.0829739])
3.4200036024620966
{0.0413300021143584,-1.4321889630194755,1.9322039385173182,-2.5655038757434943,2.0175181736540075,1.047994637616723,0.14679981674811732,1.4598157693080684,-0.7493973068720362,-1.2328079300514356,1.865603179495099,0.36717233189582726,-0.31475699228754767,-0.01117513768171209,1.4528540642805783,4.128152086968115,-3.328965104262226,-0.06030967044265102,0.3828230147542391,-0.7967168527059537,2.390247469311883,0.2332968465277623,-1.098285252934217,0.12279735691819325,-0.40394185429007545,0.44036273692386735,0.6070673387629142,0.35649167742848276,-0.6513553480244905,0.6997080888900734,0.18770498637407307,0.7639494764012484,-1.977597641334307,2.3421687278446783,-0.07163839132628581,-0.292927576808294,1.6514569721652668,-0.6997716002265942,-0.1877041160290936,-0.7639489725975834,3.635784127073912,-4.625387861681727,1.0725620753645315,-0.08297392752447252}]
Set[{A021,A031,A032,A041,A042,A043,A121,A131,A132,A141,A142,A143,B021,B031,B032,B041,B042,B043,B121,B131,B132,B141,B142,B143,\[Alpha]1,\[Alpha]2,\[Alpha]3,\[Alpha]4,\[Beta]11,\[Beta]12,\[Beta]13,\[Beta]14,\[Beta]21,\[Beta]22,\[Beta]23,\[Beta]24,\[Beta]31,\[Beta]32,\[Beta]33,\[Beta]34,\[Beta]41,\[Beta]42,\[Beta]43,\[Beta]44},{0.0413300021143584,-1.4321889630194755,1.9322039385173182,-2.5655038757434943,2.0175181736540075,1.047994637616723,0.14679981674811732,1.4598157693080684,-0.7493973068720362,-1.2328079300514356,1.865603179495099,0.36717233189582726,-0.31475699228754767,-0.01117513768171209,1.4528540642805783,4.128152086968115,-3.328965104262226,-0.06030967044265102,0.3828230147542391,-0.7967168527059537,2.390247469311883,0.2332968465277623,-1.098285252934217,0.12279735691819325,-0.40394185429007545,0.44036273692386735,0.6070673387629142,0.35649167742848276,-0.6513553480244905,0.6997080888900734,0.18770498637407307,0.7639494764012484,-1.977597641334307,2.3421687278446783,-0.07163839132628581,-0.292927576808294,1.6514569721652668,-0.6997716002265942,-0.1877041160290936,-0.7639489725975834,3.635784127073912,-4.625387861681727,1.0725620753645315,-0.08297392752447252}]

Max g: 0.0002884876545525411
f_31([0.041263,-1.43219,1.93221,-2.56552,2.01753,1.048,0.146795,1.45987,-0.749462,-1.23287,1.86573,0.367134,-0.314802,-0.0111441,1.45285,4.12793,-3.32896,-0.0604183,0.382843,-0.79668,2.39029,0.233303,-1.09828,0.12281,-0.403952,0.440287,0.607124,0.356514,-0.651374,0.699712,0.187692,0.763966,-1.97758,2.34217,-0.0716559,-0.292947,1.65133,-0.699706,-0.187681,-0.763948,3.63546,-4.62496,1.07244,-0.0829415])
3.419804845932634
Max g: 0.00026904540912839336
f_32([0.0413294,-1.4322,1.9322,-2.56552,2.01752,1.048,0.146795,1.45982,-0.749468,-1.23284,1.86572,0.367124,-0.314761,-0.0111647,1.45285,4.12792,-3.32895,-0.0603866,0.382859,-0.796675,2.39031,0.233305,-1.09828,0.122808,-0.403897,0.440282,0.607143,0.356466,-0.651357,0.699716,0.187678,0.763955,-1.97758,2.34216,-0.0716672,-0.292912,1.65133,-0.699704,-0.187671,-0.763956,3.63506,-4.62456,1.0724,-0.082917])
3.4200036024620966
Max g: 0.00025363603201422613
f_33([0.0413421,-1.43221,1.93223,-2.56551,2.01751,1.04799,0.146797,1.45984,-0.749457,-1.23285,1.86574,0.367118,-0.31473,-0.0111527,1.45285,4.12798,-3.32894,-0.0604056,0.382878,-0.796632,2.39034,0.233305,-1.09827,0.122811,-0.40393,0.440322,0.607138,0.35646,-0.651343,0.699685,0.187665,0.763967,-1.97759,2.34217,-0.0716798,-0.292909,1.65138,-0.699776,-0.187653,-0.763966,3.63479,-4.62417,1.07232,-0.0829392])
3.4200036024620966
Max g: 0.00023784625832527773
f_34([0.0413657,-1.4322,1.93221,-2.56552,2.01752,1.048,0.146796,1.45987,-0.749464,-1.23286,1.86574,0.367123,-0.314722,-0.0111414,1.45284,4.12797,-3.32893,-0.0603248,0.382893,-0.796582,2.39033,0.233301,-1.09828,0.122821,-0.403868,0.440311,0.607103,0.356454,-0.651353,0.69972,0.187652,0.763963,-1.97759,2.34218,-0.0716866,-0.292899,1.65141,-0.699795,-0.187637,-0.763973,3.63474,-4.62407,1.07228,-0.0829506])
3.4200036024620966
Max g: 0.00022683379480453736
f_35([0.0413409,-1.43221,1.93222,-2.56552,2.01753,1.048,0.146798,1.45985,-0.749445,-1.23285,1.86572,0.367141,-0.314751,-0.0111455,1.45285,4.12796,-3.32893,-0.0603434,0.382913,-0.79653,2.39033,0.233301,-1.09827,0.122826,-0.403822,0.440255,0.60711,0.356451,-0.651348,0.699746,0.187634,0.763963,-1.97759,2.34219,-0.0717003,-0.292882,1.65139,-0.699785,-0.187629,-0.763985,3.63447,-4.62372,1.07222,-0.08297])
3.4200036024620966
Max g: 0.000208779023946698
f_36([0.0414328,-1.43221,1.93217,-2.56552,2.01751,1.048,0.146796,1.45991,-0.749473,-1.23289,1.86573,0.367179,-0.314783,-0.0111613,1.45283,4.12793,-3.32894,-0.0602766,0.382933,-0.79647,2.39033,0.233296,-1.09827,0.122831,-0.403822,0.440255,0.607139,0.356424,-0.651339,0.699762,0.187619,0.763961,-1.9776,2.34219,-0.0717123,-0.292869,1.65138,-0.699781,-0.18761,-0.763985,3.63425,-4.6234,1.07214,-0.0829928])
3.4200036024620966
Max g: 0.0001930948388099013
f_37([0.0413856,-1.43221,1.9322,-2.56551,2.01752,1.04799,0.146795,1.45993,-0.749526,-1.23289,1.86573,0.367157,-0.314779,-0.0111555,1.45283,4.12792,-3.32897,-0.0602739,0.382948,-0.796435,2.39033,0.233274,-1.09827,0.122853,-0.403834,0.440275,0.607135,0.356433,-0.651331,0.699777,0.187601,0.763961,-1.9776,2.3422,-0.0717261,-0.292852,1.65138,-0.699787,-0.187596,-0.763996,3.63401,-4.62315,1.07211,-0.0829846])
3.4200036024620966
Max g: 0.0001675114259519217
f_38([0.0414029,-1.43221,1.93219,-2.56553,2.01756,1.04797,0.146798,1.46,-0.749525,-1.23288,1.86572,0.367182,-0.314782,-0.0112222,1.45288,4.12794,-3.32897,-0.0602628,0.382964,-0.796395,2.39033,0.233251,-1.09827,0.12288,-0.403831,0.440259,0.607143,0.356433,-0.651312,0.69978,0.187584,0.763961,-1.9776,2.3422,-0.071738,-0.292844,1.65137,-0.69979,-0.187581,-0.763993,3.63396,-4.62299,1.07207,-0.0830252])
3.4200036024620966
Max g: 0.00014288693627033389
f_39([0.0413934,-1.4322,1.93218,-2.56549,2.01752,1.04796,0.146802,1.46003,-0.749484,-1.23289,1.86573,0.367175,-0.314778,-0.0111905,1.45285,4.12793,-3.32896,-0.0602983,0.382972,-0.796352,2.39033,0.233222,-1.09827,0.122894,-0.403871,0.440282,0.607151,0.356437,-0.651329,0.699799,0.187572,0.76396,-1.97759,2.34219,-0.0717384,-0.292846,1.65136,-0.699813,-0.187568,-0.763986,3.63395,-4.62291,1.07203,-0.0830658])
3.4200036024620966
Max g: 0.00013610966468648178
f_40([0.0413973,-1.4322,1.93218,-2.5655,2.01753,1.04797,0.1468,1.46003,-0.749484,-1.2329,1.86574,0.367172,-0.314773,-0.0111707,1.45283,4.12792,-3.32896,-0.0602653,0.382977,-0.796329,2.39033,0.233222,-1.09827,0.122898,-0.403892,0.440306,0.607148,0.356437,-0.651337,0.699821,0.18756,0.76396,-1.97759,2.34219,-0.0717427,-0.292836,1.65138,-0.699824,-0.18756,-0.763987,3.63392,-4.62284,1.072,-0.08308])
3.4200036024620966
{0.041397299631236666,-1.4322038276752005,1.9321773273258305,-2.5654961601424966,2.0175316019477227,1.04796867320619,0.1468004519399366,1.4600343718147848,-0.7494839606183225,-1.2328982719457304,1.8657398729023198,0.3671715882330566,-0.31477331100824213,-0.011170703165042652,1.4528306215543114,4.127923068814073,-3.328957149764608,-0.06026529598101705,0.38297684787920844,-0.7963288369111761,2.3903297970610975,0.23322155278093712,-1.098272565322145,0.12289834721340709,-0.40389155122305515,0.4403063700775976,0.6071475361240856,0.35643707048085393,-0.651337396145643,0.6998206405572965,0.18756033518638973,0.7639602352798956,-1.9775947197065362,2.342194838294967,-0.07174267320016312,-0.2928360894193752,1.6513752804330064,-0.6998239693107321,-0.1875597825037867,-0.7639870273148258,3.6339208552671374,-4.622839319659387,1.0720035648470332,-0.08307996732239964}]
Set[{A021,A031,A032,A041,A042,A043,A121,A131,A132,A141,A142,A143,B021,B031,B032,B041,B042,B043,B121,B131,B132,B141,B142,B143,\[Alpha]1,\[Alpha]2,\[Alpha]3,\[Alpha]4,\[Beta]11,\[Beta]12,\[Beta]13,\[Beta]14,\[Beta]21,\[Beta]22,\[Beta]23,\[Beta]24,\[Beta]31,\[Beta]32,\[Beta]33,\[Beta]34,\[Beta]41,\[Beta]42,\[Beta]43,\[Beta]44},{0.041397299631236666,-1.4322038276752005,1.9321773273258305,-2.5654961601424966,2.0175316019477227,1.04796867320619,0.1468004519399366,1.4600343718147848,-0.7494839606183225,-1.2328982719457304,1.8657398729023198,0.3671715882330566,-0.31477331100824213,-0.011170703165042652,1.4528306215543114,4.127923068814073,-3.328957149764608,-0.06026529598101705,0.38297684787920844,-0.7963288369111761,2.3903297970610975,0.23322155278093712,-1.098272565322145,0.12289834721340709,-0.40389155122305515,0.4403063700775976,0.6071475361240856,0.35643707048085393,-0.651337396145643,0.6998206405572965,0.18756033518638973,0.7639602352798956,-1.9775947197065362,2.342194838294967,-0.07174267320016312,-0.2928360894193752,1.6513752804330064,-0.6998239693107321,-0.1875597825037867,-0.7639870273148258,3.6339208552671374,-4.622839319659387,1.0720035648470332,-0.08307996732239964}]

Max g: 0.0001278591035949045
f_41([0.0413706,-1.43221,1.93219,-2.56548,2.01752,1.04797,0.146798,1.46003,-0.749482,-1.2329,1.86574,0.367176,-0.314774,-0.0111552,1.45282,4.12784,-3.32895,-0.0602563,0.382982,-0.796314,2.39033,0.233217,-1.09827,0.122902,-0.403918,0.440314,0.607154,0.356451,-0.651346,0.699829,0.187557,0.763961,-1.97759,2.34219,-0.0717457,-0.29283,1.65138,-0.699839,-0.187553,-0.763986,3.63384,-4.62274,1.07199,-0.0830846])
3.4200036024620966
Max g: 0.0001223476741198798
f_42([0.041283,-1.43221,1.93221,-2.56549,2.01753,1.04797,0.146798,1.46005,-0.749467,-1.2329,1.86573,0.367178,-0.314777,-0.0111802,1.45282,4.12787,-3.32897,-0.0602605,0.38299,-0.79628,2.39033,0.233216,-1.09827,0.122904,-0.403978,0.440341,0.607153,0.356478,-0.651331,0.699814,0.18755,0.763961,-1.9776,2.34219,-0.0717485,-0.292822,1.65138,-0.69984,-0.187548,-0.763985,3.63379,-4.62264,1.07195,-0.0831018])
3.4200036024620966
Max g: 0.00011671761914952561
f_43([0.0413103,-1.43221,1.9322,-2.56548,2.01752,1.04797,0.146798,1.46004,-0.74944,-1.2329,1.86573,0.367179,-0.314779,-0.0111636,1.45281,4.1279,-3.32898,-0.0602559,0.382996,-0.796258,2.39033,0.233213,-1.09827,0.122911,-0.403967,0.440335,0.607148,0.35648,-0.65131,0.69981,0.187544,0.763963,-1.9776,2.34218,-0.0717522,-0.292819,1.65136,-0.699833,-0.187542,-0.763989,3.63379,-4.62259,1.07193,-0.0831277])
3.4200036024620966
Max g: 0.0001099086308322672
f_44([0.041339,-1.43221,1.93219,-2.56548,2.01751,1.04796,0.146792,1.46004,-0.74941,-1.2329,1.86572,0.367191,-0.314775,-0.0111788,1.45283,4.12789,-3.32897,-0.0602598,0.383002,-0.796228,2.39033,0.233213,-1.09827,0.122917,-0.403944,0.440328,0.607154,0.356465,-0.651324,0.699822,0.187536,0.763965,-1.97761,2.34218,-0.0717534,-0.292809,1.65137,-0.699843,-0.187532,-0.763996,3.63379,-4.62254,1.0719,-0.083157])
3.4200036024620966
Max g: 0.00010346810916680993
f_45([0.0413228,-1.43221,1.93218,-2.56548,2.01751,1.04796,0.146792,1.46006,-0.749409,-1.2329,1.86572,0.367189,-0.314778,-0.0111705,1.45283,4.12781,-3.32897,-0.0602665,0.383005,-0.796207,2.39033,0.233209,-1.09827,0.122919,-0.403958,0.440327,0.60717,0.356461,-0.651329,0.699825,0.18753,0.763974,-1.97761,2.34218,-0.0717567,-0.292806,1.65139,-0.699865,-0.187524,-0.763997,3.63381,-4.62252,1.07188,-0.0831805])
3.4200036024620966
Max g: 9.823938204671367e-5
f_46([0.0412857,-1.43221,1.9322,-2.56548,2.01752,1.04795,0.146786,1.46005,-0.749421,-1.2329,1.86571,0.367192,-0.314774,-0.0111642,1.45283,4.12775,-3.32897,-0.0602614,0.383012,-0.79619,2.39033,0.233208,-1.09827,0.12293,-0.403976,0.440327,0.607176,0.356467,-0.651372,0.699849,0.187523,0.764005,-1.97761,2.34218,-0.0717574,-0.292799,1.6514,-0.699874,-0.187521,-0.764006,3.63383,-4.6225,1.07188,-0.0831917])
3.419904224197365
Max g: 9.135835995470465e-5
f_47([0.0412882,-1.43221,1.9322,-2.56547,2.01752,1.04796,0.146783,1.46004,-0.749391,-1.2329,1.86571,0.36719,-0.314777,-0.0111583,1.45282,4.12775,-3.32898,-0.0602502,0.383015,-0.796176,2.39033,0.233211,-1.09827,0.122937,-0.403975,0.440326,0.607175,0.356472,-0.651382,0.699849,0.18752,0.764014,-1.97761,2.34218,-0.0717583,-0.292796,1.65141,-0.69988,-0.187516,-0.764015,3.63383,-4.62247,1.07186,-0.0832154])
3.419904224197365
Max g: 8.659507336741812e-5
f_48([0.0413008,-1.43221,1.9322,-2.56546,2.0175,1.04796,0.146781,1.46007,-0.749397,-1.2329,1.86571,0.367192,-0.314783,-0.011152,1.45281,4.12776,-3.32898,-0.0602315,0.383021,-0.796143,2.39033,0.23321,-1.09827,0.122939,-0.403975,0.440326,0.607175,0.356469,-0.651377,0.699849,0.187513,0.764014,-1.97761,2.34218,-0.0717597,-0.292792,1.65142,-0.699894,-0.187507,-0.764021,3.63383,-4.62242,1.07183,-0.083242])
3.4200036024620966
Max g: 8.308781119342745e-5
f_49([0.0412902,-1.43221,1.93221,-2.56546,2.01751,1.04795,0.146776,1.46009,-0.749412,-1.2329,1.8657,0.367194,-0.31478,-0.0111542,1.45281,4.12775,-3.32898,-0.0602292,0.383025,-0.796123,2.39033,0.23321,-1.09827,0.12294,-0.403978,0.440329,0.607175,0.356472,-0.651384,0.699859,0.187507,0.76402,-1.97762,2.34218,-0.0717596,-0.292784,1.65142,-0.699896,-0.187502,-0.764025,3.63383,-4.62238,1.07181,-0.0832622])
3.419904224197365
Max g: 8.084931571947229e-5
f_50([0.0413255,-1.43222,1.93219,-2.56546,2.01751,1.04795,0.146772,1.46008,-0.749394,-1.2329,1.8657,0.367196,-0.314772,-0.0111544,1.45281,4.12775,-3.32899,-0.0602092,0.383027,-0.796107,2.39033,0.233211,-1.09827,0.122945,-0.403974,0.440329,0.607179,0.356465,-0.651401,0.699869,0.187503,0.764023,-1.97765,2.34218,-0.0717601,-0.292767,1.65142,-0.699898,-0.187499,-0.764031,3.63383,-4.62235,1.0718,-0.0832764])
3.4200036024620966
{0.041325516065979416,-1.4322188431373035,1.932185330726106,-2.5654631404584745,2.017510226759087,1.0479531680668737,0.1467724755402005,1.4600823531946672,-0.7493944753018372,-1.2329020632637142,1.8657048860231753,0.3671961628941409,-0.31477186628504467,-0.01115435563547829,1.4528096563343136,4.1277526011150245,-3.328986367364157,-0.060209206947641834,0.3830273235797208,-0.7961066450255243,2.39032930082708,0.2332106177980462,-1.0982720361608649,0.12294458457877115,-0.4039737655043919,0.4403294960748636,0.6071788220870898,0.35646549039384473,-0.6514012858844934,0.6998691215372297,0.18750294302119694,0.764023187215701,-1.9776544340992979,2.3421786099415165,-0.07176009646078482,-0.29276661424814776,1.651422779775398,-0.699897899244008,-0.18749941645163734,-0.7640306968363471,3.633826728301334,-4.622345267815012,1.0717957019973705,-0.08327642917053078}]
Set[{A021,A031,A032,A041,A042,A043,A121,A131,A132,A141,A142,A143,B021,B031,B032,B041,B042,B043,B121,B131,B132,B141,B142,B143,\[Alpha]1,\[Alpha]2,\[Alpha]3,\[Alpha]4,\[Beta]11,\[Beta]12,\[Beta]13,\[Beta]14,\[Beta]21,\[Beta]22,\[Beta]23,\[Beta]24,\[Beta]31,\[Beta]32,\[Beta]33,\[Beta]34,\[Beta]41,\[Beta]42,\[Beta]43,\[Beta]44},{0.041325516065979416,-1.4322188431373035,1.932185330726106,-2.5654631404584745,2.017510226759087,1.0479531680668737,0.1467724755402005,1.4600823531946672,-0.7493944753018372,-1.2329020632637142,1.8657048860231753,0.3671961628941409,-0.31477186628504467,-0.01115435563547829,1.4528096563343136,4.1277526011150245,-3.328986367364157,-0.060209206947641834,0.3830273235797208,-0.7961066450255243,2.39032930082708,0.2332106177980462,-1.0982720361608649,0.12294458457877115,-0.4039737655043919,0.4403294960748636,0.6071788220870898,0.35646549039384473,-0.6514012858844934,0.6998691215372297,0.18750294302119694,0.764023187215701,-1.9776544340992979,2.3421786099415165,-0.07176009646078482,-0.29276661424814776,1.651422779775398,-0.699897899244008,-0.18749941645163734,-0.7640306968363471,3.633826728301334,-4.622345267815012,1.0717957019973705,-0.08327642917053078}]

Max g: 7.426586012450331e-5
f_51([0.0412923,-1.43221,1.93221,-2.56547,2.01752,1.04795,0.146769,1.46009,-0.749406,-1.2329,1.8657,0.367208,-0.314778,-0.0111535,1.4528,4.12776,-3.32897,-0.0602334,0.383031,-0.796098,2.39033,0.233209,-1.09827,0.122944,-0.403975,0.440329,0.607178,0.356468,-0.651418,0.69989,0.187497,0.764023,-1.97766,2.34219,-0.071761,-0.292763,1.65142,-0.699905,-0.187497,-0.764023,3.63383,-4.62232,1.07179,-0.0832861])
3.4200036024620966
Max g: 7.297983819287701e-5
f_52([0.0413054,-1.43222,1.9322,-2.56547,2.01752,1.04795,0.146768,1.46009,-0.749405,-1.2329,1.86569,0.367211,-0.314784,-0.0111535,1.45279,4.12776,-3.32898,-0.0601993,0.383034,-0.796087,2.39033,0.233208,-1.09827,0.122946,-0.403973,0.440329,0.607179,0.356465,-0.651421,0.699898,0.187495,0.764025,-1.97767,2.3422,-0.0717719,-0.292756,1.65143,-0.699911,-0.187491,-0.764031,3.63383,-4.6223,1.07177,-0.0832992])
3.4200036024620966
Max g: 6.079485867584167e-5
f_53([0.0412868,-1.43223,1.93222,-2.56547,2.01752,1.04795,0.146765,1.46011,-0.749397,-1.2329,1.86568,0.367225,-0.314785,-0.0111527,1.4528,4.12776,-3.32898,-0.0602097,0.383038,-0.796069,2.39033,0.233209,-1.09827,0.122948,-0.403971,0.440329,0.607179,0.356462,-0.651424,0.699902,0.187489,0.764031,-1.97773,2.34225,-0.0717772,-0.292746,1.65143,-0.699914,-0.187488,-0.764031,3.63382,-4.62226,1.07176,-0.0833231])
3.419904224197365
Max g: 5.245443098518543e-5
f_54([0.0412896,-1.43222,1.93222,-2.56547,2.01752,1.04795,0.146758,1.46009,-0.749396,-1.2329,1.86566,0.367243,-0.314783,-0.0111499,1.45279,4.12776,-3.32901,-0.0601909,0.38304,-0.79606,2.39033,0.23321,-1.09827,0.12295,-0.403972,0.440329,0.607178,0.356465,-0.651424,0.699901,0.187486,0.764033,-1.97781,2.34233,-0.0717884,-0.292729,1.65143,-0.699912,-0.187486,-0.764033,3.63383,-4.62225,1.07175,-0.0833314])
3.4200036024620966
Max g: 3.7337142141144475e-5
f_55([0.0412927,-1.43222,1.93222,-2.56547,2.01752,1.04794,0.146753,1.46009,-0.749407,-1.2329,1.86567,0.367235,-0.31479,-0.01115,1.45279,4.12778,-3.32899,-0.0601952,0.38304,-0.796054,2.39033,0.233218,-1.09827,0.12295,-0.403969,0.44033,0.607178,0.356462,-0.651429,0.699901,0.187486,0.76404,-1.97786,2.34238,-0.0717925,-0.29272,1.65144,-0.699912,-0.187486,-0.764042,3.63383,-4.62224,1.07174,-0.0833338])
3.4200036024620966
Max g: 3.166661733160214e-5
f_56([0.0413354,-1.43222,1.93219,-2.56546,2.01752,1.04794,0.146746,1.46007,-0.749418,-1.2329,1.86567,0.367237,-0.314794,-0.011149,1.45279,4.1278,-3.32902,-0.0601871,0.383041,-0.796052,2.39033,0.233223,-1.09827,0.12295,-0.403973,0.440331,0.607177,0.356466,-0.65143,0.699899,0.187487,0.764049,-1.97791,2.34242,-0.071798,-0.29271,1.65145,-0.699917,-0.187486,-0.76405,3.63383,-4.62223,1.07174,-0.0833402])
3.419904224197365
Max g: 2.4286566508643914e-5
f_57([0.0413479,-1.43222,1.93218,-2.56546,2.01752,1.04794,0.146741,1.46007,-0.749434,-1.2329,1.86566,0.367236,-0.314795,-0.0111507,1.45278,4.12782,-3.32902,-0.0601857,0.383043,-0.796044,2.39033,0.233226,-1.09827,0.12295,-0.403969,0.440328,0.607178,0.356461,-0.651447,0.699901,0.187487,0.764058,-1.97795,2.34245,-0.0718009,-0.292704,1.65147,-0.699926,-0.187484,-0.764061,3.63382,-4.62221,1.07173,-0.083348])
3.419904224197365
Max g: 1.9698258000813706e-5
f_58([0.0413564,-1.43222,1.93217,-2.56546,2.01752,1.04794,0.146737,1.46007,-0.749443,-1.2329,1.86567,0.367234,-0.314795,-0.0111491,1.45278,4.1278,-3.32902,-0.0601883,0.383043,-0.796042,2.39033,0.233227,-1.09827,0.12295,-0.403972,0.440327,0.607178,0.356466,-0.651454,0.699907,0.187485,0.764062,-1.97796,2.34246,-0.0718033,-0.292698,1.65148,-0.699931,-0.187482,-0.764065,3.63382,-4.6222,1.07173,-0.0833506])
3.419804845932634
Max g: 1.6111736583390712e-5
f_59([0.0413554,-1.43222,1.93217,-2.56546,2.01752,1.04795,0.146735,1.46007,-0.749455,-1.2329,1.86567,0.367234,-0.314794,-0.0111479,1.45278,4.1278,-3.32902,-0.0601905,0.383044,-0.796041,2.39033,0.233231,-1.09827,0.12295,-0.403972,0.440327,0.607179,0.356466,-0.651459,0.699907,0.187485,0.764066,-1.97799,2.34249,-0.0718062,-0.292693,1.65148,-0.699931,-0.187483,-0.764068,3.63382,-4.6222,1.07173,-0.0833499])
3.419804845932634
Max g: 1.2312065137798367e-5
f_60([0.0413412,-1.43222,1.93217,-2.56546,2.01752,1.04795,0.146732,1.46007,-0.749464,-1.2329,1.86567,0.367234,-0.314799,-0.0111507,1.45279,4.12781,-3.32902,-0.0601897,0.383044,-0.79604,2.39033,0.233235,-1.09827,0.12295,-0.403971,0.440327,0.607178,0.356467,-0.651464,0.699908,0.187485,0.76407,-1.97801,2.34251,-0.0718086,-0.29269,1.65148,-0.69993,-0.187483,-0.764073,3.63382,-4.62219,1.07173,-0.0833537])
3.419904224197365
{0.04134115471949037,-1.4322199513746499,1.9321719539613647,-2.565464505411325,2.0175191248039073,1.0479452748872302,0.1467315205050845,1.4600703399459554,-0.7494640687483793,-1.232901128818624,1.865668927175013,0.3672336842606766,-0.31479870242993035,-0.011150702579201964,1.4527850279698766,4.127806113747409,-3.329020769428462,-0.0601897487092041,0.3830437167955313,-0.7960397117005872,2.390332246402799,0.23323526660882676,-1.0982685416279963,0.1229502484044286,-0.40397085276961947,0.44032680101381216,0.6071781901520443,0.3564669045710662,-0.6514644397643549,0.6999084605390918,0.18748530876018904,0.7640704653054192,-1.9780116766928897,2.3425094657308225,-0.07180858232147708,-0.29268978172109156,1.6514847470156908,-0.6999296754510826,-0.18748286149870616,-0.7640727400416579,3.6338175130101114,-4.622189986166441,1.0717262716997125,-0.08335369403526238}]
Set[{A021,A031,A032,A041,A042,A043,A121,A131,A132,A141,A142,A143,B021,B031,B032,B041,B042,B043,B121,B131,B132,B141,B142,B143,\[Alpha]1,\[Alpha]2,\[Alpha]3,\[Alpha]4,\[Beta]11,\[Beta]12,\[Beta]13,\[Beta]14,\[Beta]21,\[Beta]22,\[Beta]23,\[Beta]24,\[Beta]31,\[Beta]32,\[Beta]33,\[Beta]34,\[Beta]41,\[Beta]42,\[Beta]43,\[Beta]44},{0.04134115471949037,-1.4322199513746499,1.9321719539613647,-2.565464505411325,2.0175191248039073,1.0479452748872302,0.1467315205050845,1.4600703399459554,-0.7494640687483793,-1.232901128818624,1.865668927175013,0.3672336842606766,-0.31479870242993035,-0.011150702579201964,1.4527850279698766,4.127806113747409,-3.329020769428462,-0.0601897487092041,0.3830437167955313,-0.7960397117005872,2.390332246402799,0.23323526660882676,-1.0982685416279963,0.1229502484044286,-0.40397085276961947,0.44032680101381216,0.6071781901520443,0.3564669045710662,-0.6514644397643549,0.6999084605390918,0.18748530876018904,0.7640704653054192,-1.9780116766928897,2.3425094657308225,-0.07180858232147708,-0.29268978172109156,1.6514847470156908,-0.6999296754510826,-0.18748286149870616,-0.7640727400416579,3.6338175130101114,-4.622189986166441,1.0717262716997125,-0.08335369403526238}]

Max g: 9.437848853613429e-6
f_61([0.0413512,-1.43222,1.93217,-2.56546,2.01752,1.04794,0.146728,1.46007,-0.749474,-1.2329,1.86567,0.367233,-0.314797,-0.0111508,1.45279,4.1278,-3.32902,-0.0601898,0.383044,-0.796039,2.39033,0.233238,-1.09827,0.12295,-0.403971,0.440326,0.607178,0.356467,-0.651471,0.699909,0.187486,0.764075,-1.97803,2.34253,-0.0718107,-0.292686,1.65149,-0.699929,-0.187483,-0.764076,3.63382,-4.62219,1.07173,-0.0833549])
3.419904224197365
Max g: 6.58399793382336e-6
f_62([0.0413507,-1.43222,1.93217,-2.56546,2.01752,1.04794,0.146726,1.46007,-0.749483,-1.2329,1.86567,0.367233,-0.314797,-0.011152,1.45279,4.12781,-3.32903,-0.0601893,0.383044,-0.79604,2.39033,0.233241,-1.09827,0.12295,-0.403972,0.440326,0.607179,0.356467,-0.651475,0.699909,0.187486,0.764078,-1.97805,2.34254,-0.0718129,-0.292683,1.65149,-0.699926,-0.187484,-0.764079,3.63382,-4.62219,1.07173,-0.0833545])
3.419904224197365
Max g: 3.8278588780776834e-6
{0.04135246595181529,-1.432222461707778,1.9321702390752844,-2.565463985533653,2.017522096444572,1.0479418594457883,0.14672480403721766,1.4600645706610855,-0.7494867343762491,-1.232901028842448,1.8656693882762976,0.3672318779099924,-0.31479785097411683,-0.011151317195692933,1.452783475597762,4.127811943272716,-3.329022188838513,-0.06019373664900331,0.3830436806008467,-0.7960392133576027,2.390332556782205,0.23324239098312383,-1.098268091723785,0.12295022833843984,-0.4039741717557856,0.4403279359792509,0.6071793434861432,0.35646684078786384,-0.6514755409518569,0.6999091382674179,0.18748662984909192,0.7640800611062274,-1.9780577836787192,2.342552307301097,-0.07181363349668385,-0.2926806629108143,1.651492277847769,-0.6999256031429933,-0.18748483636264018,-0.7640817021688189,3.633816812536766,-4.622186918102325,1.0717250094028068,-0.08335443366468215}]
Set[{A021,A031,A032,A041,A042,A043,A121,A131,A132,A141,A142,A143,B021,B031,B032,B041,B042,B043,B121,B131,B132,B141,B142,B143,\[Alpha]1,\[Alpha]2,\[Alpha]3,\[Alpha]4,\[Beta]11,\[Beta]12,\[Beta]13,\[Beta]14,\[Beta]21,\[Beta]22,\[Beta]23,\[Beta]24,\[Beta]31,\[Beta]32,\[Beta]33,\[Beta]34,\[Beta]41,\[Beta]42,\[Beta]43,\[Beta]44},{0.04135246595181529,-1.432222461707778,1.9321702390752844,-2.565463985533653,2.017522096444572,1.0479418594457883,0.14672480403721766,1.4600645706610855,-0.7494867343762491,-1.232901028842448,1.8656693882762976,0.3672318779099924,-0.31479785097411683,-0.011151317195692933,1.452783475597762,4.127811943272716,-3.329022188838513,-0.06019373664900331,0.3830436806008467,-0.7960392133576027,2.390332556782205,0.23324239098312383,-1.098268091723785,0.12295022833843984,-0.4039741717557856,0.4403279359792509,0.6071793434861432,0.35646684078786384,-0.6514755409518569,0.6999091382674179,0.18748662984909192,0.7640800611062274,-1.9780577836787192,2.342552307301097,-0.07181363349668385,-0.2926806629108143,1.651492277847769,-0.6999256031429933,-0.18748483636264018,-0.7640817021688189,3.633816812536766,-4.622186918102325,1.0717250094028068,-0.08335443366468215}]


-----------------Final Result------------------
Options: alg=GN_ISRES,dx=0.01,max_eval=100000000,popSize=0
imin=-1,jmin=-4,imax=1,jmax=4,
parameter_minmax=5,
randSeed=46088072,rand_minmax=1,
END_C=true, INEQ_C=true

6277065 steps

Completed with maxf : 3.419904224197365

Constraints at 2.68015896949525e-6

x = [0.04135246595181529,-1.432222461707778,1.9321702390752844,-2.565463985533653,2.017522096444572,1.0479418594457883,0.14672480403721766,1.4600645706610855,-0.7494867343762491,-1.232901028842448,1.8656693882762976,0.3672318779099924,-0.31479785097411683,-0.011151317195692933,1.452783475597762,4.127811943272716,-3.329022188838513,-0.06019373664900331,0.3830436806008467,-0.7960392133576027,2.390332556782205,0.23324239098312383,-1.098268091723785,0.12295022833843984,-0.4039741717557856,0.4403279359792509,0.6071793434861432,0.35646684078786384,-0.6514755409518569,0.6999091382674179,0.18748662984909192,0.7640800611062274,-1.9780577836787192,2.342552307301097,-0.07181363349668385,-0.2926806629108143,1.651492277847769,-0.6999256031429933,-0.18748483636264018,-0.7640817021688189,3.633816812536766,-4.622186918102325,1.0717250094028068,-0.08335443366468215]
c0 = [0.0,0.04135246595181529,0.4999477773675065,0.49999997035670707]
c1 = [0.0,0.14672480403721766,0.7105778362848364,1.000000237343842]
A0 = [0.0,0.04135246595181529,-1.432222461707778,-2.565463985533653,0.0,0.0,1.9321702390752844,2.017522096444572,0.0,0.0,0.0,1.0479418594457883,0.0,0.0,0.0,0.0]
A1 = [0.0,0.14672480403721766,1.4600645706610855,-1.232901028842448,0.0,0.0,-0.7494867343762491,1.8656693882762976,0.0,0.0,0.0,0.3672318779099924,0.0,0.0,0.0,0.0]
B0 = [0.0,-0.31479785097411683,-0.011151317195692933,4.127811943272716,0.0,0.0,1.452783475597762,-3.329022188838513,0.0,0.0,0.0,-0.06019373664900331,0.0,0.0,0.0,0.0]
B1 = [0.0,0.3830436806008467,-0.7960392133576027,0.23324239098312383,0.0,0.0,2.390332556782205,-1.098268091723785,0.0,0.0,0.0,0.12295022833843984,0.0,0.0,0.0,0.0]
α  = [-0.4039741717557856,0.4403279359792509,0.6071793434861432,0.35646684078786384]
β1 = [-0.6514755409518569,0.6999091382674179,0.18748662984909192,0.7640800611062274]
β2 = [-1.9780577836787192,2.342552307301097,-0.07181363349668385,-0.2926806629108143]
β3 = [1.651492277847769,-0.6999256031429933,-0.18748483636264018,-0.7640817021688189]
β4 = [3.633816812536766,-4.622186918102325,1.0717250094028068,-0.08335443366468215]


Set[{A021,A031,A032,A041,A042,A043,A121,A131,A132,A141,A142,A143,B021,B031,B032,B041,B042,B043,B121,B131,B132,B141,B142,B143,\[Alpha]1,\[Alpha]2,\[Alpha]3,\[Alpha]4,\[Beta]11,\[Beta]12,\[Beta]13,\[Beta]14,\[Beta]21,\[Beta]22,\[Beta]23,\[Beta]24,\[Beta]31,\[Beta]32,\[Beta]33,\[Beta]34,\[Beta]41,\[Beta]42,\[Beta]43,\[Beta]44},{0.04135246595181529,-1.432222461707778,1.9321702390752844,-2.565463985533653,2.017522096444572,1.0479418594457883,0.14672480403721766,1.4600645706610855,-0.7494867343762491,-1.232901028842448,1.8656693882762976,0.3672318779099924,-0.31479785097411683,-0.011151317195692933,1.452783475597762,4.127811943272716,-3.329022188838513,-0.06019373664900331,0.3830436806008467,-0.7960392133576027,2.390332556782205,0.23324239098312383,-1.098268091723785,0.12295022833843984,-0.4039741717557856,0.4403279359792509,0.6071793434861432,0.35646684078786384,-0.6514755409518569,0.6999091382674179,0.18748662984909192,0.7640800611062274,-1.9780577836787192,2.342552307301097,-0.07181363349668385,-0.2926806629108143,1.651492277847769,-0.6999256031429933,-0.18748483636264018,-0.7640817021688189,3.633816812536766,-4.622186918102325,1.0717250094028068,-0.08335443366468215}]



