
-----------------Setup------------------
Options: alg=LN_AUGLAG_EQ,dx=0.01,max_eval=100000000,popSize=0
imin=-6,jmin=-3,imax=1,jmax=3,
parameter_minmax=5,
randSeed=8412189, rand_minmax=2,
END_C=true, INEQ_C=false

Initial Condition:

[0.445862,-1.79847,0.954762,1.87325,-0.701241,0.162473,-0.0604552,-0.0890313,1.14658,0.827056,0.273204,0.925669,-1.84224,0.296351,-1.76194,-1.03782,-0.480173,-0.984627,1.92655,0.984167,-1.28444,-1.23326,0.79898,1.32604,-0.951531,-1.90954,0.729588,-1.23207,-1.7647,-1.70005,1.53484,1.2042,1.70223,-0.515454,1.07326,1.49234,-1.6543,1.4343,1.23776,0.663349,0.466684,0.318763,-0.308958,-0.265515]

f_1([0.0587385,-1.34034,1.56547,0.960166,1.33212,-1.48145,0.186741,-0.753158,0.817972,2.57345,-2.58974,0.0162931,-0.0815829,0.54655,-0.555758,2.63519,-1.05652,-0.866651,0.189218,0.458795,-2.37446,-2.11151,0.750832,1.94729,1.80425,-2.00376,0.24431,-0.0673115,-1.20526,-1.45974,1.89435,0.690803,1.27988,-0.486123,-0.511328,-0.105997,-1.44188,0.742168,0.646117,0.125569,0.214147,-0.170866,-0.0285629,0.0143477])
38.68128012988338
Max g: 6.137295790110224
f_2([0.0328038,-1.35747,1.47514,0.958588,1.30005,-1.51403,0.0893031,-0.804107,0.809001,2.60286,-2.55817,-0.00189358,-0.0606751,0.692888,-0.703391,1.97574,-1.22393,-0.857103,0.0468334,0.990032,-1.85651,-2.30167,0.745014,1.77678,1.81853,-2.01028,0.185825,-0.0498319,-1.14159,-1.41876,1.78583,0.627026,1.28079,-0.481434,-0.499451,-0.105848,-1.4345,0.759286,0.586614,0.149602,0.207337,-0.165805,0.0249448,-0.0341643])
42.0
Max g: 1.4493331153238487
f_3([7.43633e-5,-0.77792,1.778,1.41001,1.80783,-2.21771,0.006715,-0.826061,1.18636,2.82212,-2.14194,0.0641536,0.0803544,3.34037,-0.588708,4.24742,1.37585,1.84935,-0.604153,1.33345,-2.46966,-1.77736,0.852489,1.67291,2.06902,-1.50223,0.543225,-0.0468778,-0.367998,-0.971805,1.17316,0.798038,1.23428,-1.16612,0.01574,0.0448497,-0.274961,1.52683,-0.973813,-0.553688,-0.459897,-0.938547,1.19296,0.328523])
8.17786808006627
Max g: 0.6680521354919304
f_4([4.53971e-5,-0.786681,1.78643,1.39603,1.78464,-2.18066,0.534647,-0.592903,1.44689,2.88659,-1.99714,0.110548,0.0763672,3.23048,-0.687526,4.27717,1.41592,1.85698,-0.897099,1.1517,-2.78676,-1.68445,0.749469,1.3928,2.06476,-1.52483,0.560561,-0.0369671,0.594997,-0.904803,0.684233,0.615552,0.859621,-1.7196,0.482856,0.411671,0.291238,1.27821,-0.847021,-0.739085,-0.167937,-1.59314,1.11247,0.543462])
9.645222774216059
Max g: 0.6417250461675642
f_5([0.0133541,-0.76584,1.76567,1.34996,1.80045,-2.1506,0.703306,-0.553483,1.55348,2.95867,-1.88572,-0.0729443,0.0698378,3.15963,-0.73484,4.29517,1.28154,1.99583,-0.834179,1.10877,-2.82132,-1.26904,0.657199,0.839205,2.03398,-1.55134,0.552672,-0.0302553,0.608891,-0.90247,0.590333,0.770696,0.772668,-1.89488,0.481777,0.627059,0.421162,0.928666,-0.60163,-0.790567,0.272268,-2.08362,1.08482,0.676611])
8.741023638681133
Max g: 0.2960093886020805
f_6([0.0154987,-0.770818,1.77081,1.34518,1.79872,-2.14394,0.688877,-0.572462,1.57246,2.94116,-1.85939,-0.0817668,0.0505568,3.14063,-0.745896,4.29303,1.29407,2.00083,-0.538301,0.838472,-2.82658,-0.481395,0.754071,-0.093079,2.02815,-1.55498,0.549785,-0.0288941,0.223138,-0.701784,0.259911,1.36716,0.702868,-1.89664,0.128633,1.12176,0.835588,0.583674,-0.248536,-1.27258,0.977531,-2.50666,0.747148,0.660851])
3.9832613736971902
Max g: 0.24811638619317922
f_7([0.0124678,-0.770063,1.76995,1.34784,1.8058,-2.15364,0.67932,-0.574408,1.57441,2.88828,-1.87998,-0.00830179,0.0357308,3.13047,-0.743592,4.28972,1.2861,1.99841,-0.546546,0.634328,-2.9288,-0.489979,0.73077,-0.123936,2.03115,-1.54186,0.536854,-0.027277,-0.105084,-0.62789,0.186219,1.59774,0.562734,-2.01702,0.104616,1.35057,1.16637,0.40017,-0.168012,-1.40977,1.37317,-2.52652,0.588522,0.597071])
3.3045637204753846
Max g: 0.35742034898528274
f_8([0.00364563,-0.766293,1.76617,1.33213,1.80805,-2.14027,0.51376,-0.627306,1.5117,2.84987,-1.98642,0.0094429,0.0446614,3.13506,-0.713479,4.27951,1.41667,1.93962,-0.576213,0.861593,-2.81437,-0.488499,0.674166,-0.0201245,1.92832,-1.42771,0.526223,-0.0271445,0.0381583,-0.651352,0.302388,1.2919,0.766131,-2.06042,0.181863,1.07755,0.9793,0.587142,-0.293855,-1.25549,1.11939,-2.42475,0.73968,0.605729])
4.375745607060035
Max g: 0.06048669686881514
f_9([0.00296682,-0.765284,1.76528,1.33201,1.80972,-2.14174,0.523584,-0.623025,1.5175,2.85381,-1.97974,0.0310285,0.0499568,3.13471,-0.712519,4.28009,1.41498,1.93725,-0.58587,0.866548,-2.79295,-0.4966,0.673364,-0.000519918,1.92874,-1.42944,0.529247,-0.0275139,0.103031,-0.662268,0.314517,1.22842,0.857048,-2.05083,0.192297,0.989464,0.915511,0.621154,-0.309118,-1.21063,1.02579,-2.37279,0.758151,0.603257])
4.5721372605334425
Max g: 0.04641743581427904
f_10([0.00581296,-0.765399,1.7654,1.33349,1.80953,-2.14302,0.530313,-0.611678,1.52816,2.8609,-1.97149,0.0405652,0.0568375,3.13762,-0.709447,4.27961,1.41392,1.93583,-0.597095,0.847559,-2.78719,-0.505271,0.670383,0.00875768,1.92576,-1.43168,0.534376,-0.0282804,0.155483,-0.670903,0.314591,1.18749,0.889956,-2.04278,0.196397,0.951201,0.859171,0.641809,-0.310693,-1.17588,0.996709,-2.3229,0.750546,0.581369])
4.729051200922855
{0.005812959321691472,-0.7653991669916452,1.7653971122455903,1.333485828692923,1.8095310090848562,-2.1430174512417866,0.5303128222082925,-0.6116780576120713,1.5281584525668486,2.860900823275822,-1.971491687856204,0.04056515384528589,0.05683745935280363,3.137615520765382,-0.7094467849704361,4.279609156843875,1.4139210415755428,1.9358265238583927,-0.5970949693269675,0.8475590573016722,-2.787190062932516,-0.5052706638133587,0.670382925753952,0.00875768030303295,1.9257605194968375,-1.4316765482170504,0.5343764687602027,-0.028280354610475827,0.15548272215542175,-0.6709029403481487,0.3145907856854186,1.1874853538139623,0.8899560975388805,-2.042777904702682,0.19639668414465758,0.9512009112911615,0.8591713702946665,0.6418094841459155,-0.31069267266545286,-1.1758788711080466,0.9967085017574333,-2.32289779440194,0.7505458698696156,0.5813686795209654}]
Set[{A021,A031,A032,A041,A042,A043,A121,A131,A132,A141,A142,A143,B021,B031,B032,B041,B042,B043,B121,B131,B132,B141,B142,B143,\[Alpha]1,\[Alpha]2,\[Alpha]3,\[Alpha]4,\[Beta]11,\[Beta]12,\[Beta]13,\[Beta]14,\[Beta]21,\[Beta]22,\[Beta]23,\[Beta]24,\[Beta]31,\[Beta]32,\[Beta]33,\[Beta]34,\[Beta]41,\[Beta]42,\[Beta]43,\[Beta]44},{0.005812959321691472,-0.7653991669916452,1.7653971122455903,1.333485828692923,1.8095310090848562,-2.1430174512417866,0.5303128222082925,-0.6116780576120713,1.5281584525668486,2.860900823275822,-1.971491687856204,0.04056515384528589,0.05683745935280363,3.137615520765382,-0.7094467849704361,4.279609156843875,1.4139210415755428,1.9358265238583927,-0.5970949693269675,0.8475590573016722,-2.787190062932516,-0.5052706638133587,0.670382925753952,0.00875768030303295,1.9257605194968375,-1.4316765482170504,0.5343764687602027,-0.028280354610475827,0.15548272215542175,-0.6709029403481487,0.3145907856854186,1.1874853538139623,0.8899560975388805,-2.042777904702682,0.19639668414465758,0.9512009112911615,0.8591713702946665,0.6418094841459155,-0.31069267266545286,-1.1758788711080466,0.9967085017574333,-2.32289779440194,0.7505458698696156,0.5813686795209654}]

Max g: 0.03933684370479178
f_11([0.00630042,-0.765873,1.76587,1.33344,1.80952,-2.14296,0.531762,-0.607244,1.53282,2.86348,-1.96771,0.0428553,0.0601569,3.13873,-0.708847,4.2795,1.41346,1.93612,-0.601971,0.836994,-2.78608,-0.508624,0.668714,0.0115744,1.92481,-1.43273,0.536702,-0.0285859,0.174563,-0.674733,0.313546,1.17457,0.898597,-2.04004,0.197423,0.939264,0.837664,0.649358,-0.310226,-1.16386,0.99184,-2.30066,0.744688,0.568511])
4.768030458033567
Max g: 0.038432581092223125
f_12([0.0089909,-0.763751,1.76371,1.33524,1.80634,-2.14158,0.527599,-0.597188,1.54168,2.86678,-1.95836,0.050089,0.0670418,3.14299,-0.709663,4.27599,1.43372,1.94104,-0.618686,0.802381,-2.78743,-0.522571,0.665536,0.0194245,1.91961,-1.43206,0.541783,-0.0290639,0.236009,-0.687673,0.309307,1.13717,0.926578,-2.02352,0.199011,0.895218,0.76812,0.678914,-0.308112,-1.13349,0.979761,-2.22147,0.721709,0.519648])
4.945879549300856
Max g: 0.033246760286206586
f_13([0.0110523,-0.763935,1.76394,1.3358,1.80641,-2.14229,0.522932,-0.582579,1.55642,2.87741,-1.94724,0.053115,0.0727796,3.14449,-0.709295,4.27769,1.43346,1.93963,-0.638881,0.750802,-2.78562,-0.536749,0.658401,0.0267176,1.91687,-1.43365,0.546383,-0.0295905,0.296504,-0.701562,0.302508,1.10041,0.95732,-2.00622,0.199359,0.848316,0.702621,0.702992,-0.302605,-1.10141,0.975372,-2.12555,0.690689,0.458343])
5.1192425368086
Max g: 0.025243311899297554
f_14([0.0122567,-0.763736,1.76373,1.33551,1.8073,-2.14282,0.513942,-0.571556,1.56771,2.88426,-1.93705,0.0527928,0.0764813,3.1438,-0.70886,4.27617,1.43333,1.93853,-0.656546,0.702195,-2.78587,-0.548903,0.65169,0.0315464,1.91548,-1.43497,0.549364,-0.0298936,0.342932,-0.712335,0.295362,1.07488,0.983947,-1.99333,0.198877,0.80896,0.6535,0.719024,-0.296169,-1.07713,0.974879,-2.03945,0.661331,0.401309])
5.270972535075872
Max g: 0.0188333110962327
f_15([0.0139842,-0.76136,1.76127,1.33927,1.80406,-2.14335,0.4943,-0.569466,1.56326,2.8834,-1.93522,0.0518146,0.0754688,3.14034,-0.71503,4.28666,1.42862,1.94009,-0.661845,0.678485,-2.78799,-0.552885,0.646569,0.0332089,1.91514,-1.43519,0.549751,-0.0294669,0.360389,-0.715541,0.290449,1.06539,1.02557,-1.98638,0.195505,0.769543,0.634547,0.726677,-0.292031,-1.07045,0.982968,-1.99777,0.644458,0.363588])
5.444036448999646
Max g: 0.01655010803818709
f_16([0.0139101,-0.760903,1.7609,1.33901,1.80441,-2.14342,0.475947,-0.567188,1.56591,2.88347,-1.93241,0.0489323,0.076769,3.14158,-0.714934,4.28706,1.42817,1.9399,-0.673569,0.635642,-2.79133,-0.559736,0.641961,0.0317702,1.9146,-1.43607,0.550824,-0.0296065,0.383524,-0.723761,0.282869,1.05945,1.04181,-1.97728,0.192091,0.743524,0.612542,0.732107,-0.28398,-1.06276,0.998236,-1.92471,0.616861,0.307562])
5.555192131041702
Max g: 0.007575965237979388
f_17([0.0158315,-0.76095,1.76091,1.33992,1.79539,-2.13533,0.456648,-0.566857,1.56685,2.88398,-1.93066,0.0466823,0.077919,3.14159,-0.715897,4.28651,1.42903,1.93965,-0.683797,0.595035,-2.79754,-0.565252,0.635961,0.0291943,1.91431,-1.43639,0.552009,-0.0296841,0.399067,-0.729253,0.274589,1.05616,1.06544,-1.9666,0.187649,0.712867,0.597483,0.733772,-0.275113,-1.05756,1.01114,-1.85961,0.590553,0.258279])
5.687183272766976
Max g: 0.0031221966164605153
f_18([0.0159942,-0.761392,1.76013,1.34101,1.79397,-2.13558,0.449094,-0.565604,1.5656,2.88782,-1.93343,0.0456029,0.0781674,3.14156,-0.717317,4.28752,1.42428,1.9393,-0.687927,0.577352,-2.79816,-0.567703,0.632505,0.0288181,1.91394,-1.43745,0.552738,-0.0297164,0.40834,-0.732314,0.271455,1.05366,1.07577,-1.9609,0.186149,0.698628,0.590368,0.734165,-0.271703,-1.05416,1.0123,-1.83106,0.580431,0.238242])
5.737427634873878
Max g: 0.009626316289685022
f_19([0.0156193,-0.760598,1.76059,1.3412,1.79427,-2.13548,0.450415,-0.565535,1.56553,2.88696,-1.93424,0.0472791,0.0775244,3.14136,-0.717411,4.28752,1.4243,1.93918,-0.687233,0.579867,-2.79928,-0.566987,0.632855,0.0281541,1.91441,-1.43694,0.552097,-0.0296423,0.405484,-0.733273,0.271721,1.05648,1.07415,-1.95915,0.185705,0.699983,0.594031,0.734021,-0.271819,-1.05672,1.01301,-1.84059,0.581973,0.245439])
5.719582911030356
Max g: 0.009076636510276792
f_20([0.0154784,-0.760538,1.76053,1.34125,1.79422,-2.13547,0.452145,-0.565567,1.56557,2.88652,-1.9346,0.0480868,0.0772688,3.14134,-0.717359,4.28753,1.42427,1.93909,-0.686152,0.583779,-2.79927,-0.5663,0.633312,0.0281488,1.91457,-1.43685,0.551852,-0.029621,0.403728,-0.733396,0.272392,1.05759,1.07137,-1.95939,0.185845,0.702768,0.596139,0.733639,-0.272424,-1.05772,1.01347,-1.84742,0.584154,0.249759])
5.705626143778439
{0.015478358468981279,-0.7605375129702174,1.7605347110931646,1.341248682982393,1.7942178243104254,-2.1354665072928203,0.4521451471480991,-0.5655665668299333,1.5655665668299341,2.8865152539385264,-1.9346020745586188,0.048086820620099446,0.07726882932046655,3.141342377666721,-0.717359123003224,4.287530810423292,1.4242707098183434,1.9390884881964052,-0.6861515727549664,0.5837791773317689,-2.7992657967227292,-0.5663000219394331,0.6333124981611284,0.028148802792365018,1.9145730213765009,-1.4368521791294955,0.5518516413736999,-0.02962095475151208,0.4037282910668499,-0.7333960255176308,0.27239242706000705,1.0575907461294631,1.0713741519559115,-1.9593869146435534,0.1858449540491079,0.7027676973557196,0.5961387313700931,0.7336393316496967,-0.272423561447528,-1.057715527207539,1.0134674493573106,-1.847424498383353,0.5841535774621948,0.24975889515672783}]
Set[{A021,A031,A032,A041,A042,A043,A121,A131,A132,A141,A142,A143,B021,B031,B032,B041,B042,B043,B121,B131,B132,B141,B142,B143,\[Alpha]1,\[Alpha]2,\[Alpha]3,\[Alpha]4,\[Beta]11,\[Beta]12,\[Beta]13,\[Beta]14,\[Beta]21,\[Beta]22,\[Beta]23,\[Beta]24,\[Beta]31,\[Beta]32,\[Beta]33,\[Beta]34,\[Beta]41,\[Beta]42,\[Beta]43,\[Beta]44},{0.015478358468981279,-0.7605375129702174,1.7605347110931646,1.341248682982393,1.7942178243104254,-2.1354665072928203,0.4521451471480991,-0.5655665668299333,1.5655665668299341,2.8865152539385264,-1.9346020745586188,0.048086820620099446,0.07726882932046655,3.141342377666721,-0.717359123003224,4.287530810423292,1.4242707098183434,1.9390884881964052,-0.6861515727549664,0.5837791773317689,-2.7992657967227292,-0.5663000219394331,0.6333124981611284,0.028148802792365018,1.9145730213765009,-1.4368521791294955,0.5518516413736999,-0.02962095475151208,0.4037282910668499,-0.7333960255176308,0.27239242706000705,1.0575907461294631,1.0713741519559115,-1.9593869146435534,0.1858449540491079,0.7027676973557196,0.5961387313700931,0.7336393316496967,-0.272423561447528,-1.057715527207539,1.0134674493573106,-1.847424498383353,0.5841535774621948,0.24975889515672783}]

Max g: 0.007742772121559605
f_21([0.0154249,-0.760587,1.76059,1.34136,1.79419,-2.13555,0.45332,-0.565357,1.56536,2.8866,-1.9348,0.0481964,0.0770705,3.14124,-0.717365,4.28727,1.4241,1.93913,-0.685379,0.586521,-2.79907,-0.565757,0.633594,0.0282411,1.91462,-1.43676,0.551716,-0.0296078,0.402589,-0.733218,0.272879,1.05806,1.06963,-1.96015,0.186051,0.704963,0.59725,0.733226,-0.272883,-1.05793,1.01354,-1.85176,0.585709,0.252493])
5.696853318648662
Max g: 0.0067438717494575084
f_22([0.0153327,-0.760581,1.76058,1.34137,1.79419,-2.13556,0.454584,-0.565356,1.56536,2.88652,-1.93491,0.0483876,0.0770039,3.14123,-0.717425,4.28728,1.42412,1.93905,-0.6846,0.589292,-2.79876,-0.565286,0.633963,0.028303,1.91467,-1.43671,0.551633,-0.0295953,0.401298,-0.732904,0.273382,1.05849,1.06784,-1.96115,0.186313,0.707316,0.598667,0.732911,-0.273386,-1.05849,1.01352,-1.85624,0.587349,0.25538])
5.686186360820411
Max g: 0.005767622513776105
f_23([0.0153255,-0.760634,1.76062,1.34138,1.7942,-2.1356,0.455691,-0.565344,1.56534,2.8865,-1.93501,0.0485025,0.0769676,3.1412,-0.717423,4.28726,1.42409,1.93902,-0.683916,0.591668,-2.79855,-0.564848,0.634262,0.0283253,1.91469,-1.43672,0.551622,-0.029594,0.400132,-0.732594,0.273786,1.05892,1.06638,-1.96202,0.186515,0.709393,0.599873,0.732618,-0.273793,-1.05894,1.01348,-1.86022,0.58875,0.258007])
5.676316932549412
Max g: 0.004917475293529705
f_24([0.0153082,-0.760644,1.76064,1.34138,1.79422,-2.1356,0.456714,-0.565355,1.56535,2.88648,-1.93506,0.0485832,0.0769593,3.14119,-0.717431,4.28726,1.42402,1.93896,-0.683274,0.593893,-2.79838,-0.564454,0.634582,0.0283347,1.91471,-1.43673,0.5516,-0.0295919,0.398998,-0.732316,0.274169,1.05935,1.06509,-1.9629,0.186709,0.711314,0.600996,0.732296,-0.274164,-1.05934,1.0134,-1.86385,0.590039,0.260417])
5.668241945782231
Max g: 0.004145684162294994
f_25([0.0153087,-0.760637,1.76063,1.34136,1.79424,-2.1356,0.457606,-0.565354,1.56535,2.88647,-1.93508,0.0486135,0.0769524,3.14116,-0.717428,4.28728,1.42405,1.93892,-0.682706,0.595844,-2.79823,-0.564118,0.634854,0.0283473,1.91471,-1.43672,0.551597,-0.0295907,0.398009,-0.732063,0.274494,1.05972,1.064,-1.96371,0.186882,0.71301,0.601997,0.732049,-0.274497,-1.0597,1.01335,-1.86705,0.591165,0.262547])
5.6619614005188685
Max g: 0.0034673654681185995
f_26([0.0153072,-0.760644,1.76064,1.34136,1.79423,-2.1356,0.458418,-0.565346,1.56535,2.88647,-1.93507,0.0486015,0.0769257,3.14115,-0.717418,4.28725,1.42407,1.93894,-0.682202,0.597609,-2.79809,-0.563802,0.635084,0.0283668,1.91474,-1.43673,0.551584,-0.0295894,0.397082,-0.731793,0.274793,1.06004,1.06299,-1.9644,0.187035,0.714541,0.602898,0.731786,-0.274791,-1.06003,1.01329,-1.86996,0.592199,0.26449])
5.656378693618102
Max g: 0.0028438714239831797
f_27([0.0153051,-0.760656,1.76065,1.34134,1.79423,-2.13557,0.459153,-0.565339,1.56534,2.88644,-1.93503,0.0485864,0.0769235,3.14119,-0.717444,4.28727,1.42405,1.93893,-0.681734,0.599181,-2.79795,-0.563508,0.63532,0.0283619,1.91471,-1.4367,0.551576,-0.0295893,0.396302,-0.731567,0.275059,1.06032,1.06205,-1.96504,0.187171,0.715927,0.603693,0.731569,-0.27506,-1.06032,1.01323,-1.87259,0.593127,0.266242])
5.650297530744052
Max g: 0.0022928302605230155
f_28([0.0152942,-0.760664,1.76066,1.34133,1.79423,-2.13556,0.459693,-0.565329,1.56533,2.88643,-1.93501,0.0485802,0.0769177,3.1412,-0.717441,4.28728,1.42407,1.93893,-0.681402,0.600346,-2.79787,-0.563308,0.635478,0.0283731,1.9147,-1.43669,0.551571,-0.0295889,0.395694,-0.731387,0.275251,1.06053,1.06137,-1.96549,0.187273,0.71695,0.604297,0.731394,-0.275255,-1.06053,1.01318,-1.8745,0.593804,0.267527])
5.646808338931073
Max g: 0.0018776983666449198
f_29([0.015297,-0.760655,1.76065,1.34133,1.79422,-2.13555,0.460151,-0.565333,1.56533,2.88643,-1.935,0.0485662,0.0769192,3.14121,-0.71745,4.28728,1.42407,1.93894,-0.681118,0.601342,-2.79779,-0.563125,0.635619,0.0283763,1.91469,-1.43668,0.551574,-0.0295894,0.395195,-0.731241,0.27542,1.06071,1.06077,-1.96586,0.18736,0.717809,0.604811,0.731244,-0.27542,-1.06071,1.01313,-1.87613,0.594387,0.268626])
5.64371791189672
Max g: 0.0015365320029516738
f_30([0.0153078,-0.760658,1.76065,1.34134,1.79423,-2.13557,0.460537,-0.565349,1.56535,2.88641,-1.93497,0.0485578,0.0769366,3.14124,-0.717432,4.28728,1.42407,1.93895,-0.68087,0.602186,-2.79772,-0.562967,0.635729,0.0283864,1.91469,-1.43667,0.55158,-0.0295918,0.394759,-0.731111,0.275563,1.06085,1.06029,-1.96619,0.18743,0.718531,0.605257,0.731113,-0.275564,-1.06086,1.01311,-1.87753,0.594884,0.269548])
5.640727176057023
{0.015307763183603376,-0.7606578794619884,1.760653718770289,1.3413394439870885,1.79422787526637,-2.13556740813116,0.46053718116728476,-0.565348754942344,1.5653487309345293,2.8864147317962536,-1.9349724925527756,0.04855777548749164,0.07693664270131709,3.141236028314068,-0.7174322875194581,4.2872793457121094,1.4240727063180305,1.9389495652256632,-0.6808700991823002,0.6021858043608944,-2.7977200457350393,-0.5629665825012926,0.6357291703526783,0.0283864060893442,1.9146860565343622,-1.4366733059934527,0.5515803006884731,-0.029591783250432675,0.39475888627712946,-0.7311113979786418,0.2755633685080045,1.0608538362187874,1.060285382381584,-1.9661921242492457,0.18743043374001916,0.7185311678494413,0.6052569815336689,0.7311133070441542,-0.27556414130282336,-1.0608622376666423,1.0131106164276273,-1.877530008777865,0.5948842362136164,0.2695478925112957}]
Set[{A021,A031,A032,A041,A042,A043,A121,A131,A132,A141,A142,A143,B021,B031,B032,B041,B042,B043,B121,B131,B132,B141,B142,B143,\[Alpha]1,\[Alpha]2,\[Alpha]3,\[Alpha]4,\[Beta]11,\[Beta]12,\[Beta]13,\[Beta]14,\[Beta]21,\[Beta]22,\[Beta]23,\[Beta]24,\[Beta]31,\[Beta]32,\[Beta]33,\[Beta]34,\[Beta]41,\[Beta]42,\[Beta]43,\[Beta]44},{0.015307763183603376,-0.7606578794619884,1.760653718770289,1.3413394439870885,1.79422787526637,-2.13556740813116,0.46053718116728476,-0.565348754942344,1.5653487309345293,2.8864147317962536,-1.9349724925527756,0.04855777548749164,0.07693664270131709,3.141236028314068,-0.7174322875194581,4.2872793457121094,1.4240727063180305,1.9389495652256632,-0.6808700991823002,0.6021858043608944,-2.7977200457350393,-0.5629665825012926,0.6357291703526783,0.0283864060893442,1.9146860565343622,-1.4366733059934527,0.5515803006884731,-0.029591783250432675,0.39475888627712946,-0.7311113979786418,0.2755633685080045,1.0608538362187874,1.060285382381584,-1.9661921242492457,0.18743043374001916,0.7185311678494413,0.6052569815336689,0.7311133070441542,-0.27556414130282336,-1.0608622376666423,1.0131106164276273,-1.877530008777865,0.5948842362136164,0.2695478925112957}]

Max g: 0.0012364822229013472
f_31([0.0152399,-0.760668,1.76056,1.34127,1.79425,-2.13559,0.46094,-0.565667,1.56567,2.88653,-1.93516,0.0486306,0.0769785,3.14134,-0.717302,4.28694,1.42421,1.93893,-0.680593,0.603085,-2.79761,-0.562837,0.63593,0.0283688,1.9147,-1.4367,0.551592,-0.0296056,0.394321,-0.730905,0.275708,1.06095,1.0598,-1.96659,0.187512,0.719324,0.605772,0.730979,-0.275721,-1.06105,1.01312,-1.87905,0.595425,0.270522])
5.63763674902267
Max g: 0.0009168491307283699
f_32([0.0152862,-0.760601,1.7606,1.34128,1.79429,-2.13557,0.461417,-0.565673,1.56567,2.88654,-1.93513,0.0485926,0.0769778,3.14134,-0.717315,4.28695,1.42424,1.93894,-0.680288,0.604134,-2.79754,-0.562642,0.636064,0.0283771,1.91471,-1.43669,0.551586,-0.0296038,0.393747,-0.73078,0.27589,1.06118,1.05921,-1.96701,0.187603,0.720225,0.60625,0.730792,-0.275891,-1.06118,1.01308,-1.8808,0.596042,0.271697])
5.633050954068469
Max g: 0.0005582155241231068
f_33([0.0152831,-0.760601,1.76059,1.34126,1.79428,-2.13554,0.46185,-0.565695,1.56569,2.88653,-1.93511,0.0485797,0.0769725,3.14134,-0.717294,4.28694,1.42423,1.93893,-0.68001,0.605064,-2.79744,-0.562458,0.636176,0.0283886,1.91472,-1.4367,0.551583,-0.0296045,0.393268,-0.730644,0.276051,1.06134,1.05867,-1.96738,0.187684,0.721041,0.606739,0.730637,-0.276048,-1.06134,1.01304,-1.88238,0.596602,0.272731])
5.62926268867152
Max g: 0.0002262400068513415
f_34([0.0152547,-0.760614,1.76061,1.34125,1.79429,-2.13554,0.462204,-0.565678,1.56568,2.88656,-1.93509,0.0485331,0.0769636,3.14135,-0.717269,4.28696,1.42423,1.93887,-0.679782,0.605823,-2.79736,-0.562351,0.636286,0.0283949,1.91471,-1.4367,0.551567,-0.0296048,0.392846,-0.730523,0.276179,1.06147,1.05824,-1.9678,0.187764,0.721768,0.607156,0.730516,-0.276178,-1.06149,1.01302,-1.8837,0.597063,0.273617])
5.627169173583732
Max g: 4.250773304514954e-5
f_35([0.0152906,-0.760613,1.76061,1.34125,1.79429,-2.13554,0.462204,-0.565684,1.56566,2.88657,-1.9351,0.048513,0.0769657,3.14135,-0.717263,4.28698,1.42423,1.93888,-0.679774,0.60584,-2.79735,-0.562318,0.636291,0.0283861,1.91472,-1.43669,0.551574,-0.0296057,0.392847,-0.730538,0.276185,1.0615,1.05824,-1.96773,0.187756,0.721736,0.607151,0.730538,-0.276185,-1.0615,1.01303,-1.88371,0.597074,0.273614])
5.6268700999997625
Max g: 2.9854942532192216e-5
f_36([0.0152917,-0.760613,1.76061,1.34125,1.79429,-2.13554,0.462191,-0.565686,1.56566,2.88657,-1.9351,0.0485086,0.0769671,3.14135,-0.717263,4.28698,1.42423,1.93888,-0.67978,0.605819,-2.79736,-0.562322,0.636288,0.0283859,1.91472,-1.43669,0.551575,-0.0296058,0.392861,-0.73055,0.276182,1.0615,1.05824,-1.9677,0.18775,0.721703,0.607139,0.730551,-0.276183,-1.06151,1.01303,-1.88368,0.597061,0.273587])
5.627069482389076
Max g: 2.0566277182466723e-5
f_37([0.0152921,-0.760613,1.76061,1.34125,1.79429,-2.13554,0.462183,-0.565685,1.56566,2.88657,-1.93509,0.0485073,0.0769675,3.14135,-0.717264,4.28698,1.42423,1.93888,-0.679786,0.605802,-2.79736,-0.562326,0.636286,0.0283859,1.91472,-1.43669,0.551576,-0.0296058,0.392873,-0.730556,0.27618,1.0615,1.05825,-1.96768,0.187747,0.721684,0.607128,0.730557,-0.27618,-1.0615,1.01304,-1.88366,0.59705,0.273567])
5.627169173583732
Max g: 1.5597502674340527e-5
f_38([0.0152923,-0.760613,1.76061,1.34125,1.79429,-2.13554,0.462177,-0.565684,1.56566,2.88657,-1.93509,0.0485071,0.0769677,3.14135,-0.717264,4.28698,1.42423,1.93888,-0.67979,0.605787,-2.79736,-0.562329,0.636284,0.0283862,1.91472,-1.43669,0.551576,-0.0296059,0.392884,-0.73056,0.276177,1.0615,1.05825,-1.96767,0.187746,0.721669,0.607117,0.73056,-0.276177,-1.0615,1.01304,-1.88363,0.597041,0.27355])
5.627169173583732
Max g: 1.2166615654094631e-5
f_39([0.0152923,-0.760613,1.76061,1.34125,1.79429,-2.13554,0.462173,-0.565683,1.56567,2.88657,-1.93509,0.048507,0.0769679,3.14135,-0.717264,4.28698,1.42423,1.93888,-0.679793,0.605777,-2.79736,-0.562331,0.636282,0.0283865,1.91472,-1.43669,0.551576,-0.0296059,0.392891,-0.730562,0.276176,1.06149,1.05826,-1.96766,0.187745,0.721659,0.60711,0.730562,-0.276176,-1.06149,1.01304,-1.88362,0.597035,0.273539])
5.627268864778388
Max g: 1.0210202690877183e-5
f_40([0.0152923,-0.760613,1.76061,1.34125,1.79429,-2.13554,0.462173,-0.565683,1.56567,2.88657,-1.93509,0.048507,0.0769679,3.14135,-0.717264,4.28698,1.42423,1.93888,-0.679794,0.605776,-2.79736,-0.562331,0.636282,0.0283865,1.91472,-1.43669,0.551576,-0.0296059,0.392891,-0.730562,0.276176,1.06149,1.05826,-1.96766,0.187744,0.721659,0.60711,0.730562,-0.276176,-1.06149,1.01304,-1.88361,0.597035,0.273538])
5.627268864778388
{0.015292340461441884,-0.7606127961908481,1.7606127961908482,1.3412505237753698,1.7942886825893114,-2.135539206364681,0.46217263157034,-0.5656827226533002,1.5656654299224348,2.886573415065675,-1.9350929915816588,0.048506962634915975,0.07696791708100327,3.141349158340115,-0.717263880706525,4.286983858743638,1.4242328151797181,1.9388815181409411,-0.6797935961533775,0.6057764553029181,-2.797363668853568,-0.5623311543591306,0.6362823338013007,0.02838654691155638,1.9147232211430938,-1.4366932347881285,0.5515759736132985,-0.029605867951667898,0.3928910001626135,-0.7305619902409918,0.27617550593873424,1.061494167775559,1.0582578183940585,-1.9676624372030718,0.18774449846574748,0.7216589582801749,0.6071097244773722,0.7305624460178025,-0.2761755785982948,-1.0614948633361259,1.0130415121509293,-1.8836146170946038,0.597034867217352,0.2735381377279234}]
Set[{A021,A031,A032,A041,A042,A043,A121,A131,A132,A141,A142,A143,B021,B031,B032,B041,B042,B043,B121,B131,B132,B141,B142,B143,\[Alpha]1,\[Alpha]2,\[Alpha]3,\[Alpha]4,\[Beta]11,\[Beta]12,\[Beta]13,\[Beta]14,\[Beta]21,\[Beta]22,\[Beta]23,\[Beta]24,\[Beta]31,\[Beta]32,\[Beta]33,\[Beta]34,\[Beta]41,\[Beta]42,\[Beta]43,\[Beta]44},{0.015292340461441884,-0.7606127961908481,1.7606127961908482,1.3412505237753698,1.7942886825893114,-2.135539206364681,0.46217263157034,-0.5656827226533002,1.5656654299224348,2.886573415065675,-1.9350929915816588,0.048506962634915975,0.07696791708100327,3.141349158340115,-0.717263880706525,4.286983858743638,1.4242328151797181,1.9388815181409411,-0.6797935961533775,0.6057764553029181,-2.797363668853568,-0.5623311543591306,0.6362823338013007,0.02838654691155638,1.9147232211430938,-1.4366932347881285,0.5515759736132985,-0.029605867951667898,0.3928910001626135,-0.7305619902409918,0.27617550593873424,1.061494167775559,1.0582578183940585,-1.9676624372030718,0.18774449846574748,0.7216589582801749,0.6071097244773722,0.7305624460178025,-0.2761755785982948,-1.0614948633361259,1.0130415121509293,-1.8836146170946038,0.597034867217352,0.2735381377279234}]

Max g: 1.0148823686846782e-5
f_41([0.0152923,-0.760613,1.76061,1.34125,1.79429,-2.13554,0.462173,-0.565683,1.56567,2.88657,-1.93509,0.048507,0.0769679,3.14135,-0.717264,4.28698,1.42423,1.93888,-0.679794,0.605776,-2.79736,-0.562331,0.636282,0.0283865,1.91472,-1.43669,0.551576,-0.0296059,0.392891,-0.730562,0.276175,1.06149,1.05826,-1.96766,0.187744,0.721659,0.60711,0.730562,-0.276176,-1.06149,1.01304,-1.88361,0.597035,0.273538])
5.627169173583732
Max g: 1.0130689300039478e-5
f_42([0.0152923,-0.760613,1.76061,1.34125,1.79429,-2.13554,0.462173,-0.565683,1.56567,2.88657,-1.93509,0.048507,0.0769679,3.14135,-0.717264,4.28698,1.42423,1.93888,-0.679794,0.605776,-2.79736,-0.562331,0.636282,0.0283865,1.91472,-1.43669,0.551576,-0.0296059,0.392891,-0.730562,0.276175,1.06149,1.05826,-1.96766,0.187744,0.721659,0.60711,0.730562,-0.276176,-1.06149,1.01304,-1.88361,0.597035,0.273538])
5.627268864778388
Max g: 1.01303136123259e-5
f_43([0.0152923,-0.760613,1.76061,1.34125,1.79429,-2.13554,0.462173,-0.565683,1.56567,2.88657,-1.93509,0.048507,0.0769679,3.14135,-0.717264,4.28698,1.42423,1.93888,-0.679794,0.605776,-2.79736,-0.562331,0.636282,0.0283865,1.91472,-1.43669,0.551576,-0.0296059,0.392891,-0.730562,0.276175,1.06149,1.05826,-1.96766,0.187744,0.721659,0.60711,0.730562,-0.276176,-1.06149,1.01304,-1.88361,0.597035,0.273538])
5.627268864778388
Max g: 1.0130176995062391e-5
f_44([0.0152923,-0.760613,1.76061,1.34125,1.79429,-2.13554,0.462173,-0.565683,1.56567,2.88657,-1.93509,0.048507,0.0769679,3.14135,-0.717264,4.28698,1.42423,1.93888,-0.679794,0.605776,-2.79736,-0.562331,0.636282,0.0283865,1.91472,-1.43669,0.551576,-0.0296059,0.392891,-0.730562,0.276175,1.06149,1.05826,-1.96766,0.187744,0.721659,0.60711,0.730562,-0.276176,-1.06149,1.01304,-1.88361,0.597035,0.273538])
5.627268864778388
Max g: 1.013008495969435e-5
f_45([0.0152923,-0.760613,1.76061,1.34125,1.79429,-2.13554,0.462173,-0.565683,1.56567,2.88657,-1.93509,0.048507,0.0769679,3.14135,-0.717264,4.28698,1.42423,1.93888,-0.679794,0.605776,-2.79736,-0.562331,0.636282,0.0283865,1.91472,-1.43669,0.551576,-0.0296059,0.392891,-0.730562,0.276175,1.06149,1.05826,-1.96766,0.187744,0.721659,0.60711,0.730562,-0.276176,-1.06149,1.01304,-1.88361,0.597035,0.273538])
5.627268864778388
Max g: 1.0129999700627182e-5
f_46([0.0152923,-0.760613,1.76061,1.34125,1.79429,-2.13554,0.462173,-0.565683,1.56567,2.88657,-1.93509,0.048507,0.0769679,3.14135,-0.717264,4.28698,1.42423,1.93888,-0.679794,0.605776,-2.79736,-0.562331,0.636282,0.0283865,1.91472,-1.43669,0.551576,-0.0296059,0.392891,-0.730562,0.276175,1.06149,1.05826,-1.96766,0.187744,0.721659,0.60711,0.730562,-0.276176,-1.06149,1.01304,-1.88361,0.597035,0.273538])
5.627268864778388
Max g: 1.0129945653541798e-5
f_47([0.0152923,-0.760613,1.76061,1.34125,1.79429,-2.13554,0.462173,-0.565683,1.56567,2.88657,-1.93509,0.048507,0.0769679,3.14135,-0.717264,4.28698,1.42423,1.93888,-0.679794,0.605776,-2.79736,-0.562331,0.636282,0.0283865,1.91472,-1.43669,0.551576,-0.0296059,0.392891,-0.730562,0.276175,1.06149,1.05826,-1.96766,0.187744,0.721659,0.60711,0.730562,-0.276176,-1.06149,1.01304,-1.88361,0.597035,0.273538])
5.627268864778388
Max g: 1.0129871335880399e-5
f_48([0.0152923,-0.760612,1.76061,1.34125,1.79429,-2.13554,0.462172,-0.565681,1.56567,2.88657,-1.93509,0.0485074,0.0769681,3.14135,-0.717264,4.28698,1.42423,1.93888,-0.679795,0.605772,-2.79736,-0.562332,0.636282,0.0283867,1.91472,-1.43669,0.551576,-0.0296059,0.392894,-0.730562,0.276175,1.06149,1.05826,-1.96766,0.187744,0.721656,0.607105,0.730564,-0.276175,-1.06149,1.01304,-1.88361,0.597032,0.273533])
5.627268864778388
Max g: 9.518458186362141e-6
f_49([0.0152924,-0.760612,1.76061,1.34125,1.79429,-2.13554,0.462165,-0.565678,1.56567,2.88658,-1.93509,0.0485083,0.0769686,3.14135,-0.717264,4.28698,1.42423,1.93888,-0.679801,0.605752,-2.79737,-0.562337,0.636279,0.0283872,1.91472,-1.43669,0.551576,-0.0296059,0.392907,-0.730564,0.276171,1.06148,1.05827,-1.96766,0.187743,0.721641,0.607092,0.730565,-0.276171,-1.06149,1.01304,-1.88357,0.59702,0.273513])
5.627368555973045
Max g: 6.891813828931517e-6
f_50([0.0152926,-0.760612,1.76061,1.34125,1.79429,-2.13554,0.462159,-0.565677,1.56567,2.88658,-1.93509,0.0485086,0.0769688,3.14135,-0.717264,4.28698,1.42423,1.93888,-0.679807,0.605735,-2.79737,-0.56234,0.636276,0.0283877,1.91472,-1.43669,0.551577,-0.0296059,0.392919,-0.730567,0.276168,1.06148,1.05828,-1.96765,0.187742,0.721627,0.607081,0.730567,-0.276168,-1.06148,1.01304,-1.88355,0.59701,0.273494])
5.627368555973045
{0.01529258295496114,-0.7606123430667343,1.7606123028292062,1.3412500301509094,1.794288714391083,-2.1355387664893852,0.4621592929867435,-0.5656765966775362,1.565670278170053,2.886576365278623,-1.9350895596317934,0.048508584116068294,0.07696882009892325,3.141349497318074,-0.7172640194194924,4.286983993331592,1.4242327245099957,1.9388816218296487,-0.6798066256107991,0.6057349388335987,-2.797367910062287,-0.5623398150662772,0.6362763485463875,0.028387727888913954,1.914722644326002,-1.4366933425580477,0.5515766827606858,-0.02960594396206079,0.39291906153885353,-0.7305665500053125,0.27616819390837555,1.0614788688498964,1.0582800076657644,-1.967649123709519,0.18774189339452496,0.7216265309649195,0.6070808886531356,0.730566847468506,-0.2761682087260979,-1.0614790420463702,1.0130410165072694,-1.8835451678964148,0.5970103676590128,0.27349401061321643}]
Set[{A021,A031,A032,A041,A042,A043,A121,A131,A132,A141,A142,A143,B021,B031,B032,B041,B042,B043,B121,B131,B132,B141,B142,B143,\[Alpha]1,\[Alpha]2,\[Alpha]3,\[Alpha]4,\[Beta]11,\[Beta]12,\[Beta]13,\[Beta]14,\[Beta]21,\[Beta]22,\[Beta]23,\[Beta]24,\[Beta]31,\[Beta]32,\[Beta]33,\[Beta]34,\[Beta]41,\[Beta]42,\[Beta]43,\[Beta]44},{0.01529258295496114,-0.7606123430667343,1.7606123028292062,1.3412500301509094,1.794288714391083,-2.1355387664893852,0.4621592929867435,-0.5656765966775362,1.565670278170053,2.886576365278623,-1.9350895596317934,0.048508584116068294,0.07696882009892325,3.141349497318074,-0.7172640194194924,4.286983993331592,1.4242327245099957,1.9388816218296487,-0.6798066256107991,0.6057349388335987,-2.797367910062287,-0.5623398150662772,0.6362763485463875,0.028387727888913954,1.914722644326002,-1.4366933425580477,0.5515766827606858,-0.02960594396206079,0.39291906153885353,-0.7305665500053125,0.27616819390837555,1.0614788688498964,1.0582800076657644,-1.967649123709519,0.18774189339452496,0.7216265309649195,0.6070808886531356,0.730566847468506,-0.2761682087260979,-1.0614790420463702,1.0130410165072694,-1.8835451678964148,0.5970103676590128,0.27349401061321643}]

Max g: 4.2587197032996e-6
f_51([0.0152929,-0.760612,1.76061,1.34125,1.79429,-2.13554,0.462154,-0.565675,1.56567,2.88658,-1.93509,0.048509,0.0769695,3.14135,-0.717264,4.28698,1.42423,1.93888,-0.679811,0.60572,-2.79737,-0.562343,0.636274,0.0283882,1.91472,-1.43669,0.551577,-0.029606,0.392929,-0.730569,0.276166,1.06147,1.05829,-1.96764,0.187741,0.721614,0.607071,0.730569,-0.276166,-1.06147,1.01304,-1.88352,0.597002,0.273477])
5.627368555973045
Max g: 2.145850930210247e-6
f_52([0.015293,-0.760613,1.76061,1.34125,1.79429,-2.13554,0.46215,-0.565673,1.56567,2.88658,-1.93509,0.048509,0.0769697,3.14135,-0.717264,4.28698,1.42423,1.93888,-0.679815,0.605708,-2.79737,-0.562346,0.636273,0.0283884,1.91472,-1.43669,0.551577,-0.029606,0.392937,-0.730571,0.276164,1.06147,1.0583,-1.96764,0.18774,0.721604,0.607063,0.73057,-0.276164,-1.06147,1.01304,-1.8835,0.596994,0.273464])
5.627468247167702
Max g: 5.015049458819559e-7
f_53([0.0152929,-0.760613,1.76061,1.34125,1.79429,-2.13554,0.462145,-0.565673,1.56567,2.88658,-1.93509,0.0485083,0.0769695,3.14135,-0.717264,4.28698,1.42423,1.93888,-0.679817,0.605699,-2.79737,-0.562347,0.636272,0.0283886,1.91472,-1.43669,0.551577,-0.029606,0.392942,-0.730571,0.276162,1.06147,1.0583,-1.96764,0.187739,0.721596,0.607058,0.730571,-0.276162,-1.06147,1.01304,-1.88348,0.596989,0.273454])
5.627468247167702
Max g: 2.3572842479668843e-6
f_54([0.0152929,-0.760613,1.76061,1.34125,1.79429,-2.13554,0.462143,-0.565673,1.56567,2.88658,-1.93509,0.0485082,0.0769696,3.14135,-0.717264,4.28698,1.42423,1.93888,-0.679819,0.605694,-2.79737,-0.562348,0.636271,0.0283885,1.91472,-1.43669,0.551577,-0.029606,0.392945,-0.730572,0.276161,1.06147,1.0583,-1.96763,0.187739,0.721591,0.607055,0.730572,-0.276161,-1.06147,1.01304,-1.88348,0.596986,0.273448])
5.627468247167702
Max g: 4.262888348205429e-6
f_55([0.0152933,-0.760613,1.76061,1.34125,1.79429,-2.13554,0.462141,-0.565673,1.56567,2.88658,-1.93509,0.0485087,0.0769697,3.14135,-0.717264,4.28698,1.42424,1.93888,-0.67982,0.60569,-2.79737,-0.562348,0.63627,0.0283888,1.91472,-1.43669,0.551577,-0.029606,0.392948,-0.730573,0.276161,1.06147,1.05831,-1.96763,0.187739,0.721588,0.607053,0.730572,-0.276161,-1.06147,1.01304,-1.88347,0.596984,0.273444])
5.627468247167702
Max g: 5.554346127201182e-6
f_56([0.0152929,-0.760613,1.76061,1.34125,1.79429,-2.13554,0.462142,-0.565673,1.56567,2.88658,-1.93509,0.0485089,0.0769696,3.14135,-0.717264,4.28698,1.42424,1.93888,-0.679819,0.605692,-2.79737,-0.562348,0.63627,0.0283886,1.91472,-1.43669,0.551577,-0.029606,0.392945,-0.730573,0.276161,1.06147,1.05831,-1.96763,0.187739,0.721591,0.607055,0.730572,-0.276161,-1.06147,1.01304,-1.88347,0.596985,0.273447])
5.627468247167702
Max g: 4.837545748648253e-6
f_57([0.0152929,-0.760613,1.76061,1.34125,1.79429,-2.13554,0.462143,-0.565673,1.56567,2.88658,-1.93509,0.0485089,0.0769696,3.14135,-0.717264,4.28698,1.42424,1.93888,-0.679819,0.605694,-2.79737,-0.562347,0.63627,0.0283886,1.91472,-1.43669,0.551577,-0.029606,0.392944,-0.730572,0.276161,1.06147,1.0583,-1.96764,0.187739,0.721592,0.607056,0.730572,-0.276161,-1.06147,1.01304,-1.88348,0.596987,0.273449])
5.627468247167702
Max g: 4.153319101862785e-6
f_58([0.0152929,-0.760613,1.76061,1.34125,1.79429,-2.13554,0.462144,-0.565673,1.56567,2.88658,-1.93509,0.048509,0.0769696,3.14135,-0.717264,4.28698,1.42424,1.93888,-0.679818,0.605696,-2.79737,-0.562347,0.63627,0.0283886,1.91472,-1.43669,0.551577,-0.029606,0.392943,-0.730572,0.276162,1.06147,1.0583,-1.96764,0.187739,0.721594,0.607057,0.730572,-0.276162,-1.06147,1.01304,-1.88348,0.596988,0.273451])
5.627468247167702
Max g: 3.5674942948094035e-6
f_59([0.0152928,-0.760613,1.76061,1.34125,1.79429,-2.13554,0.462145,-0.565673,1.56567,2.88658,-1.93509,0.048509,0.0769696,3.14135,-0.717264,4.28698,1.42424,1.93888,-0.679818,0.605697,-2.79737,-0.562347,0.636271,0.0283886,1.91472,-1.43669,0.551577,-0.029606,0.392942,-0.730571,0.276162,1.06147,1.0583,-1.96764,0.187739,0.721595,0.607058,0.730571,-0.276162,-1.06147,1.01304,-1.88348,0.596988,0.273452])
5.627468247167702
Max g: 3.120982097593039e-6
f_60([0.0152928,-0.760613,1.76061,1.34125,1.79429,-2.13554,0.462145,-0.565673,1.56567,2.88658,-1.93509,0.048509,0.0769696,3.14135,-0.717264,4.28698,1.42424,1.93888,-0.679818,0.605699,-2.79737,-0.562347,0.636271,0.0283886,1.91472,-1.43669,0.551577,-0.029606,0.392942,-0.730571,0.276162,1.06147,1.0583,-1.96764,0.187739,0.721596,0.607058,0.730571,-0.276162,-1.06147,1.01304,-1.88348,0.596989,0.273454])
5.627468247167702
{0.015292848896158645,-0.7606128801074938,1.760612880044461,1.341251005719792,1.7942876918543758,-2.1355386996110917,0.4621453715352582,-0.5656725657576566,1.5656725657753652,2.886578007712418,-1.9350870353249103,0.04850902758300056,0.07696956624873053,3.141349952276407,-0.7172637671638169,4.286983486155756,1.4242358656788339,1.9388827465338907,-0.6798175837906794,0.605698567356106,-2.7973706644301743,-0.5623466717202358,0.6362707432644243,0.028388637525377118,1.914722379035095,-1.4366935402737115,0.5515771405953763,-0.029605989762267252,0.39294171120125587,-0.7305712598174326,0.2761620461641935,1.0614675587069584,1.0583021236464336,-1.9676375732422775,0.18773942737145932,0.7215961649997581,0.6070582007179551,0.7305712213373594,-0.27616203954761687,-1.0614674933247374,1.0130410987155254,-1.8834838856230198,0.5969890607144289,0.2734537678220343}]
Set[{A021,A031,A032,A041,A042,A043,A121,A131,A132,A141,A142,A143,B021,B031,B032,B041,B042,B043,B121,B131,B132,B141,B142,B143,\[Alpha]1,\[Alpha]2,\[Alpha]3,\[Alpha]4,\[Beta]11,\[Beta]12,\[Beta]13,\[Beta]14,\[Beta]21,\[Beta]22,\[Beta]23,\[Beta]24,\[Beta]31,\[Beta]32,\[Beta]33,\[Beta]34,\[Beta]41,\[Beta]42,\[Beta]43,\[Beta]44},{0.015292848896158645,-0.7606128801074938,1.760612880044461,1.341251005719792,1.7942876918543758,-2.1355386996110917,0.4621453715352582,-0.5656725657576566,1.5656725657753652,2.886578007712418,-1.9350870353249103,0.04850902758300056,0.07696956624873053,3.141349952276407,-0.7172637671638169,4.286983486155756,1.4242358656788339,1.9388827465338907,-0.6798175837906794,0.605698567356106,-2.7973706644301743,-0.5623466717202358,0.6362707432644243,0.028388637525377118,1.914722379035095,-1.4366935402737115,0.5515771405953763,-0.029605989762267252,0.39294171120125587,-0.7305712598174326,0.2761620461641935,1.0614675587069584,1.0583021236464336,-1.9676375732422775,0.18773942737145932,0.7215961649997581,0.6070582007179551,0.7305712213373594,-0.27616203954761687,-1.0614674933247374,1.0130410987155254,-1.8834838856230198,0.5969890607144289,0.2734537678220343}]

Max g: 2.7020990457371497e-6
f_61([0.0152928,-0.760613,1.76061,1.34125,1.79429,-2.13554,0.462146,-0.565673,1.56567,2.88658,-1.93509,0.048509,0.0769696,3.14135,-0.717264,4.28698,1.42424,1.93888,-0.679817,0.6057,-2.79737,-0.562346,0.636271,0.0283886,1.91472,-1.43669,0.551577,-0.029606,0.392941,-0.730571,0.276162,1.06147,1.0583,-1.96764,0.18774,0.721597,0.607059,0.730571,-0.276162,-1.06147,1.01304,-1.88349,0.59699,0.273455])
5.627468247167702
Max g: 2.304126040575394e-6
f_62([0.0152929,-0.760613,1.76061,1.34125,1.79429,-2.13554,0.462146,-0.565673,1.56567,2.88658,-1.93509,0.048509,0.0769696,3.14135,-0.717264,4.28698,1.42424,1.93888,-0.679817,0.605701,-2.79737,-0.562346,0.636271,0.0283886,1.91472,-1.43669,0.551577,-0.029606,0.392941,-0.730571,0.276162,1.06147,1.0583,-1.96764,0.18774,0.721598,0.607059,0.730571,-0.276162,-1.06147,1.01304,-1.88349,0.59699,0.273456])
5.627468247167702
Max g: 1.947880325370299e-6
f_63([0.0152929,-0.760613,1.76061,1.34125,1.79429,-2.13554,0.462147,-0.565673,1.56567,2.88658,-1.93509,0.048509,0.0769696,3.14135,-0.717264,4.28698,1.42424,1.93888,-0.679817,0.605702,-2.79737,-0.562346,0.636271,0.0283887,1.91472,-1.43669,0.551577,-0.029606,0.39294,-0.730571,0.276163,1.06147,1.0583,-1.96764,0.18774,0.721599,0.60706,0.730571,-0.276163,-1.06147,1.01304,-1.88349,0.596991,0.273457])
5.627468247167702
Max g: 1.626707621327217e-6
f_64([0.0152928,-0.760613,1.76061,1.34125,1.79429,-2.13554,0.462147,-0.565673,1.56567,2.88658,-1.93509,0.048509,0.0769696,3.14135,-0.717264,4.28698,1.42424,1.93888,-0.679816,0.605703,-2.79737,-0.562346,0.636271,0.0283887,1.91472,-1.43669,0.551577,-0.029606,0.39294,-0.730571,0.276163,1.06147,1.0583,-1.96764,0.18774,0.7216,0.60706,0.730571,-0.276163,-1.06147,1.01304,-1.88349,0.596991,0.273458])
5.627468247167702
Max g: 1.3443338047758324e-6
f_65([0.0152928,-0.760613,1.76061,1.34125,1.79429,-2.13554,0.462147,-0.565673,1.56567,2.88658,-1.93509,0.048509,0.0769696,3.14135,-0.717264,4.28698,1.42424,1.93888,-0.679816,0.605703,-2.79737,-0.562346,0.636271,0.0283887,1.91472,-1.43669,0.551577,-0.029606,0.392939,-0.730571,0.276163,1.06147,1.0583,-1.96764,0.18774,0.7216,0.607061,0.730571,-0.276163,-1.06147,1.01304,-1.88349,0.596992,0.273459])
5.627468247167702
Max g: 1.127553271529358e-6
f_66([0.0152928,-0.760613,1.76061,1.34125,1.79429,-2.13554,0.462148,-0.565673,1.56567,2.88658,-1.93509,0.048509,0.0769696,3.14135,-0.717264,4.28698,1.42424,1.93888,-0.679816,0.605704,-2.79737,-0.562346,0.636271,0.0283887,1.91472,-1.43669,0.551577,-0.029606,0.392939,-0.73057,0.276163,1.06147,1.0583,-1.96764,0.18774,0.721601,0.607061,0.73057,-0.276163,-1.06147,1.01304,-1.88349,0.596992,0.273459])
5.627468247167702
Max g: 9.292677503602853e-7
f_67([0.0152928,-0.760613,1.76061,1.34125,1.79429,-2.13554,0.462148,-0.565673,1.56567,2.88658,-1.93509,0.048509,0.0769696,3.14135,-0.717264,4.28698,1.42424,1.93888,-0.679816,0.605704,-2.79737,-0.562346,0.636271,0.0283887,1.91472,-1.43669,0.551577,-0.029606,0.392939,-0.73057,0.276163,1.06147,1.0583,-1.96764,0.18774,0.721601,0.607061,0.73057,-0.276163,-1.06147,1.01304,-1.88349,0.596992,0.27346])
5.627468247167702
Max g: 7.51477945704071e-7
f_68([0.0152929,-0.760613,1.76061,1.34125,1.79429,-2.13554,0.462148,-0.565673,1.56567,2.88658,-1.93509,0.048509,0.0769696,3.14135,-0.717264,4.28698,1.42424,1.93888,-0.679816,0.605705,-2.79737,-0.562346,0.636272,0.0283887,1.91472,-1.43669,0.551577,-0.029606,0.392939,-0.73057,0.276163,1.06147,1.0583,-1.96764,0.18774,0.721601,0.607061,0.73057,-0.276163,-1.06147,1.01304,-1.88349,0.596993,0.27346])
5.627468247167702
Max g: 5.95547782700212e-7
f_69([0.0152929,-0.760613,1.76061,1.34125,1.79429,-2.13554,0.462148,-0.565673,1.56567,2.88658,-1.93509,0.048509,0.0769696,3.14135,-0.717264,4.28698,1.42424,1.93888,-0.679816,0.605705,-2.79737,-0.562345,0.636272,0.0283887,1.91472,-1.43669,0.551577,-0.029606,0.392938,-0.73057,0.276163,1.06147,1.0583,-1.96764,0.18774,0.721602,0.607062,0.73057,-0.276163,-1.06147,1.01304,-1.88349,0.596993,0.273461])
5.627468247167702
Max g: 4.5060457221079986e-7
f_70([0.0152929,-0.760613,1.76061,1.34125,1.79429,-2.13554,0.462148,-0.565673,1.56567,2.88658,-1.93509,0.048509,0.0769696,3.14135,-0.717264,4.28698,1.42424,1.93888,-0.679816,0.605705,-2.79737,-0.562345,0.636272,0.0283887,1.91472,-1.43669,0.551577,-0.029606,0.392938,-0.73057,0.276163,1.06147,1.0583,-1.96764,0.18774,0.721602,0.607062,0.73057,-0.276163,-1.06147,1.01304,-1.8835,0.596993,0.273461])
5.627468247167702
{0.015292857397472668,-0.7606128826088334,1.7606128821292786,1.3412509589072272,1.7942877371428312,-2.135538696082814,0.46214846926776654,-0.5656725707082414,1.5656725707082437,2.8865780071180374,-1.935087004674262,0.048508997556228145,0.07696957569462964,3.14134994611095,-0.7172637431101793,4.2869834957017785,1.4242358259809988,1.9388827336633578,-0.679815614075982,0.6057053806024187,-2.797370231674155,-0.5623454140569695,0.6362716384958954,0.028388681980789428,1.914722382226944,-1.436693545983568,0.551577147661883,-0.029605991416783457,0.39293820862155854,-0.7305701849683583,0.27616316548633674,1.0614687439959387,1.0582981889022764,-1.9676401781105524,0.18773999823816245,0.7216020107173646,0.6070616589119886,0.7305702169188543,-0.2761631678106161,-1.061468703078537,1.0130408224664302,-1.8834950498729375,0.5969930175945609,0.27346123659713756}]
Set[{A021,A031,A032,A041,A042,A043,A121,A131,A132,A141,A142,A143,B021,B031,B032,B041,B042,B043,B121,B131,B132,B141,B142,B143,\[Alpha]1,\[Alpha]2,\[Alpha]3,\[Alpha]4,\[Beta]11,\[Beta]12,\[Beta]13,\[Beta]14,\[Beta]21,\[Beta]22,\[Beta]23,\[Beta]24,\[Beta]31,\[Beta]32,\[Beta]33,\[Beta]34,\[Beta]41,\[Beta]42,\[Beta]43,\[Beta]44},{0.015292857397472668,-0.7606128826088334,1.7606128821292786,1.3412509589072272,1.7942877371428312,-2.135538696082814,0.46214846926776654,-0.5656725707082414,1.5656725707082437,2.8865780071180374,-1.935087004674262,0.048508997556228145,0.07696957569462964,3.14134994611095,-0.7172637431101793,4.2869834957017785,1.4242358259809988,1.9388827336633578,-0.679815614075982,0.6057053806024187,-2.797370231674155,-0.5623454140569695,0.6362716384958954,0.028388681980789428,1.914722382226944,-1.436693545983568,0.551577147661883,-0.029605991416783457,0.39293820862155854,-0.7305701849683583,0.27616316548633674,1.0614687439959387,1.0582981889022764,-1.9676401781105524,0.18773999823816245,0.7216020107173646,0.6070616589119886,0.7305702169188543,-0.2761631678106161,-1.061468703078537,1.0130408224664302,-1.8834950498729375,0.5969930175945609,0.27346123659713756}]

Max g: 3.4909959212292563e-7
f_71([0.0152929,-0.760613,1.76061,1.34125,1.79429,-2.13554,0.462149,-0.565673,1.56567,2.88658,-1.93509,0.048509,0.0769696,3.14135,-0.717264,4.28698,1.42424,1.93888,-0.679816,0.605706,-2.79737,-0.562345,0.636272,0.0283887,1.91472,-1.43669,0.551577,-0.029606,0.392938,-0.73057,0.276163,1.06147,1.0583,-1.96764,0.18774,0.721602,0.607062,0.73057,-0.276163,-1.06147,1.01304,-1.8835,0.596993,0.273462])
5.627468247167702
Max g: 2.5470678177708095e-7
f_72([0.0152929,-0.760613,1.76061,1.34125,1.79429,-2.13554,0.462149,-0.565673,1.56567,2.88658,-1.93509,0.048509,0.0769696,3.14135,-0.717264,4.28698,1.42424,1.93888,-0.679815,0.605706,-2.79737,-0.562345,0.636272,0.0283887,1.91472,-1.43669,0.551577,-0.029606,0.392938,-0.73057,0.276163,1.06147,1.0583,-1.96764,0.18774,0.721602,0.607062,0.73057,-0.276163,-1.06147,1.01304,-1.8835,0.596993,0.273462])
5.627468247167702
Max g: 1.710186168790706e-7
f_73([0.0152929,-0.760613,1.76061,1.34125,1.79429,-2.13554,0.462149,-0.565673,1.56567,2.88658,-1.93509,0.048509,0.0769696,3.14135,-0.717264,4.28698,1.42424,1.93888,-0.679815,0.605706,-2.79737,-0.562345,0.636272,0.0283887,1.91472,-1.43669,0.551577,-0.029606,0.392938,-0.73057,0.276163,1.06147,1.0583,-1.96764,0.18774,0.721603,0.607062,0.73057,-0.276163,-1.06147,1.01304,-1.8835,0.596993,0.273462])
5.627468247167702
Max g: 9.25200175916352e-8
f_74([0.0152929,-0.760613,1.76061,1.34125,1.79429,-2.13554,0.462149,-0.565673,1.56567,2.88658,-1.93509,0.048509,0.0769696,3.14135,-0.717264,4.28698,1.42424,1.93888,-0.679815,0.605706,-2.79737,-0.562345,0.636272,0.0283887,1.91472,-1.43669,0.551577,-0.029606,0.392938,-0.73057,0.276163,1.06147,1.0583,-1.96764,0.18774,0.721603,0.607062,0.73057,-0.276163,-1.06147,1.01304,-1.8835,0.596994,0.273462])
5.627468247167702
Max g: 8.611934299018742e-8
f_75([0.0152929,-0.760613,1.76061,1.34125,1.79429,-2.13554,0.462149,-0.565673,1.56567,2.88658,-1.93509,0.048509,0.0769696,3.14135,-0.717264,4.28698,1.42424,1.93888,-0.679815,0.605706,-2.79737,-0.562345,0.636272,0.0283887,1.91472,-1.43669,0.551577,-0.029606,0.392938,-0.73057,0.276163,1.06147,1.0583,-1.96764,0.18774,0.721603,0.607062,0.73057,-0.276163,-1.06147,1.01304,-1.8835,0.596994,0.273462])
5.627468247167702
Max g: 9.768631947792983e-8
f_76([0.0152929,-0.760613,1.76061,1.34125,1.79429,-2.13554,0.462149,-0.565673,1.56567,2.88658,-1.93509,0.048509,0.0769696,3.14135,-0.717264,4.28698,1.42424,1.93888,-0.679815,0.605707,-2.79737,-0.562345,0.636272,0.0283887,1.91472,-1.43669,0.551577,-0.029606,0.392938,-0.73057,0.276163,1.06147,1.0583,-1.96764,0.18774,0.721603,0.607062,0.73057,-0.276163,-1.06147,1.01304,-1.8835,0.596994,0.273463])
5.627468247167702
Max g: 1.0840399311540239e-7
f_77([0.0152929,-0.760613,1.76061,1.34125,1.79429,-2.13554,0.462149,-0.565673,1.56567,2.88658,-1.93509,0.048509,0.0769696,3.14135,-0.717264,4.28698,1.42424,1.93888,-0.679815,0.605707,-2.79737,-0.562345,0.636272,0.0283887,1.91472,-1.43669,0.551577,-0.029606,0.392938,-0.73057,0.276163,1.06147,1.0583,-1.96764,0.18774,0.721603,0.607062,0.73057,-0.276163,-1.06147,1.01304,-1.8835,0.596994,0.273463])
5.627468247167702
Max g: 1.1843193736815749e-7
f_78([0.0152929,-0.760613,1.76061,1.34125,1.79429,-2.13554,0.462149,-0.565673,1.56567,2.88658,-1.93509,0.048509,0.0769696,3.14135,-0.717264,4.28698,1.42424,1.93888,-0.679815,0.605707,-2.79737,-0.562345,0.636272,0.0283887,1.91472,-1.43669,0.551577,-0.029606,0.392937,-0.73057,0.276163,1.06147,1.0583,-1.96764,0.18774,0.721603,0.607062,0.73057,-0.276163,-1.06147,1.01304,-1.8835,0.596994,0.273463])
5.627468247167702
Max g: 1.2703347462839076e-7
f_79([0.0152929,-0.760613,1.76061,1.34125,1.79429,-2.13554,0.462149,-0.565673,1.56567,2.88658,-1.93509,0.048509,0.0769696,3.14135,-0.717264,4.28698,1.42424,1.93888,-0.679815,0.605707,-2.79737,-0.562345,0.636272,0.0283887,1.91472,-1.43669,0.551577,-0.029606,0.392937,-0.73057,0.276163,1.06147,1.0583,-1.96764,0.18774,0.721603,0.607062,0.73057,-0.276163,-1.06147,1.01304,-1.8835,0.596994,0.273463])
5.627468247167702
Max g: 1.3269188325892856e-7
f_80([0.0152929,-0.760613,1.76061,1.34125,1.79429,-2.13554,0.462149,-0.565673,1.56567,2.88658,-1.93509,0.048509,0.0769696,3.14135,-0.717264,4.28698,1.42424,1.93888,-0.679815,0.605707,-2.79737,-0.562345,0.636272,0.0283887,1.91472,-1.43669,0.551577,-0.029606,0.392937,-0.73057,0.276163,1.06147,1.0583,-1.96764,0.18774,0.721603,0.607062,0.73057,-0.276163,-1.06147,1.01304,-1.8835,0.596994,0.273463])
5.627468247167702
{0.015292858032502668,-0.7606128890259325,1.7606128890192225,1.3412509558458423,1.794287735849239,-2.135538691693279,0.46214917856746035,-0.5656725701952728,1.5656725701969376,2.8865780066465927,-1.9350869977115353,0.04850899106620444,0.07696957982207195,3.141349956388958,-0.7172637390199754,4.286983502346862,1.424235815410951,1.9388827251841254,-0.6798151608774023,0.6057069434802282,-2.797370127086021,-0.5623451194036445,0.6362718377090487,0.028388694874807947,1.914722379679151,-1.436693545991191,0.5515771494123334,-0.029605992263452584,0.39293741496911144,-0.7305699460891287,0.27616342452129455,1.0614690144180372,1.0582972736227756,-1.9676407581595226,0.18774012672772789,0.7216033465356523,0.6070624554866039,0.7305699777823547,-0.276163426377652,-1.0614689767036316,1.0130407656219884,-1.8834976178742378,0.5969939275082413,0.27346295014445743}]
Set[{A021,A031,A032,A041,A042,A043,A121,A131,A132,A141,A142,A143,B021,B031,B032,B041,B042,B043,B121,B131,B132,B141,B142,B143,\[Alpha]1,\[Alpha]2,\[Alpha]3,\[Alpha]4,\[Beta]11,\[Beta]12,\[Beta]13,\[Beta]14,\[Beta]21,\[Beta]22,\[Beta]23,\[Beta]24,\[Beta]31,\[Beta]32,\[Beta]33,\[Beta]34,\[Beta]41,\[Beta]42,\[Beta]43,\[Beta]44},{0.015292858032502668,-0.7606128890259325,1.7606128890192225,1.3412509558458423,1.794287735849239,-2.135538691693279,0.46214917856746035,-0.5656725701952728,1.5656725701969376,2.8865780066465927,-1.9350869977115353,0.04850899106620444,0.07696957982207195,3.141349956388958,-0.7172637390199754,4.286983502346862,1.424235815410951,1.9388827251841254,-0.6798151608774023,0.6057069434802282,-2.797370127086021,-0.5623451194036445,0.6362718377090487,0.028388694874807947,1.914722379679151,-1.436693545991191,0.5515771494123334,-0.029605992263452584,0.39293741496911144,-0.7305699460891287,0.27616342452129455,1.0614690144180372,1.0582972736227756,-1.9676407581595226,0.18774012672772789,0.7216033465356523,0.6070624554866039,0.7305699777823547,-0.276163426377652,-1.0614689767036316,1.0130407656219884,-1.8834976178742378,0.5969939275082413,0.27346295014445743}]

Max g: 1.3846996638200437e-7
f_81([0.0152929,-0.760613,1.76061,1.34125,1.79429,-2.13554,0.462149,-0.565673,1.56567,2.88658,-1.93509,0.048509,0.0769696,3.14135,-0.717264,4.28698,1.42424,1.93888,-0.679815,0.605707,-2.79737,-0.562345,0.636272,0.0283887,1.91472,-1.43669,0.551577,-0.029606,0.392937,-0.73057,0.276163,1.06147,1.0583,-1.96764,0.18774,0.721603,0.607062,0.73057,-0.276163,-1.06147,1.01304,-1.8835,0.596994,0.273463])
5.627468247167702
Max g: 1.4353859034699212e-7
f_82([0.0152929,-0.760613,1.76061,1.34125,1.79429,-2.13554,0.462149,-0.565673,1.56567,2.88658,-1.93509,0.048509,0.0769696,3.14135,-0.717264,4.28698,1.42424,1.93888,-0.679815,0.605707,-2.79737,-0.562345,0.636272,0.0283887,1.91472,-1.43669,0.551577,-0.029606,0.392937,-0.73057,0.276163,1.06147,1.0583,-1.96764,0.18774,0.721603,0.607063,0.73057,-0.276163,-1.06147,1.01304,-1.8835,0.596994,0.273463])
5.627468247167702
Max g: 1.480921787422318e-7
f_83([0.0152929,-0.760613,1.76061,1.34125,1.79429,-2.13554,0.462149,-0.565673,1.56567,2.88658,-1.93509,0.048509,0.0769696,3.14135,-0.717264,4.28698,1.42424,1.93888,-0.679815,0.605707,-2.79737,-0.562345,0.636272,0.0283887,1.91472,-1.43669,0.551577,-0.029606,0.392937,-0.73057,0.276163,1.06147,1.0583,-1.96764,0.18774,0.721603,0.607063,0.73057,-0.276163,-1.06147,1.01304,-1.8835,0.596994,0.273463])
5.627468247167702
Max g: 1.5131405395329978e-7
f_84([0.0152929,-0.760613,1.76061,1.34125,1.79429,-2.13554,0.462149,-0.565673,1.56567,2.88658,-1.93509,0.048509,0.0769696,3.14135,-0.717264,4.28698,1.42424,1.93888,-0.679815,0.605707,-2.79737,-0.562345,0.636272,0.0283887,1.91472,-1.43669,0.551577,-0.029606,0.392937,-0.73057,0.276163,1.06147,1.0583,-1.96764,0.18774,0.721604,0.607063,0.73057,-0.276163,-1.06147,1.01304,-1.8835,0.596994,0.273463])
5.627468247167702
Max g: 1.540318609995553e-7
f_85([0.0152929,-0.760613,1.76061,1.34125,1.79429,-2.13554,0.462149,-0.565673,1.56567,2.88658,-1.93509,0.048509,0.0769696,3.14135,-0.717264,4.28698,1.42424,1.93888,-0.679815,0.605707,-2.79737,-0.562345,0.636272,0.0283887,1.91472,-1.43669,0.551577,-0.029606,0.392937,-0.73057,0.276163,1.06147,1.0583,-1.96764,0.18774,0.721604,0.607063,0.73057,-0.276163,-1.06147,1.01304,-1.8835,0.596994,0.273463])
5.627468247167702
Max g: 1.5961788896613066e-7
f_86([0.0152929,-0.760613,1.76061,1.34125,1.79429,-2.13554,0.462149,-0.565673,1.56567,2.88658,-1.93509,0.048509,0.0769696,3.14135,-0.717264,4.28698,1.42424,1.93888,-0.679815,0.605707,-2.79737,-0.562345,0.636272,0.0283887,1.91472,-1.43669,0.551577,-0.029606,0.392937,-0.73057,0.276163,1.06147,1.0583,-1.96764,0.18774,0.721604,0.607063,0.73057,-0.276163,-1.06147,1.01304,-1.8835,0.596994,0.273463])
5.627468247167702
Max g: 1.6470212730202577e-7
f_87([0.0152929,-0.760613,1.76061,1.34125,1.79429,-2.13554,0.462149,-0.565673,1.56567,2.88658,-1.93509,0.048509,0.0769696,3.14135,-0.717264,4.28698,1.42424,1.93888,-0.679815,0.605707,-2.79737,-0.562345,0.636272,0.0283887,1.91472,-1.43669,0.551577,-0.029606,0.392937,-0.73057,0.276163,1.06147,1.0583,-1.96764,0.18774,0.721604,0.607063,0.73057,-0.276163,-1.06147,1.01304,-1.8835,0.596994,0.273463])
5.627468247167702
Max g: 1.6927465121448215e-7
f_88([0.0152929,-0.760613,1.76061,1.34125,1.79429,-2.13554,0.462149,-0.565673,1.56567,2.88658,-1.93509,0.048509,0.0769696,3.14135,-0.717264,4.28698,1.42424,1.93888,-0.679815,0.605707,-2.79737,-0.562345,0.636272,0.0283887,1.91472,-1.43669,0.551577,-0.029606,0.392937,-0.73057,0.276163,1.06147,1.0583,-1.96764,0.18774,0.721604,0.607063,0.73057,-0.276163,-1.06147,1.01304,-1.8835,0.596994,0.273463])
5.627468247167702
Max g: 1.7339771680308091e-7
f_89([0.0152929,-0.760613,1.76061,1.34125,1.79429,-2.13554,0.462149,-0.565673,1.56567,2.88658,-1.93509,0.048509,0.0769696,3.14135,-0.717264,4.28698,1.42424,1.93888,-0.679815,0.605707,-2.79737,-0.562345,0.636272,0.0283887,1.91472,-1.43669,0.551577,-0.029606,0.392937,-0.73057,0.276163,1.06147,1.0583,-1.96764,0.18774,0.721604,0.607063,0.73057,-0.276163,-1.06147,1.01304,-1.8835,0.596994,0.273463])
5.627468247167702
Max g: 1.7716450163591385e-7
f_90([0.0152929,-0.760613,1.76061,1.34125,1.79429,-2.13554,0.462149,-0.565673,1.56567,2.88658,-1.93509,0.048509,0.0769696,3.14135,-0.717264,4.28698,1.42424,1.93888,-0.679815,0.605707,-2.79737,-0.562345,0.636272,0.0283887,1.91472,-1.43669,0.551577,-0.029606,0.392937,-0.73057,0.276163,1.06147,1.0583,-1.96764,0.18774,0.721604,0.607063,0.73057,-0.276163,-1.06147,1.01304,-1.8835,0.596994,0.273463])
5.627468247167702
{0.015292858916694765,-0.7606128885901641,1.7606128885901633,1.3412509560714343,1.7942877355211924,-2.1355386915993115,0.46214933503174443,-0.5656725705935743,1.565672570593573,2.8865780078275716,-1.9350869972095526,0.04850898938196706,0.07696958102757467,3.1413499556576228,-0.7172637380947723,4.286983503311996,1.4242358136608795,1.9388827253887748,-0.679815061375727,0.6057072861798203,-2.7973701033818656,-0.5623450556499452,0.6362718817440343,0.02838869773112554,1.914722381370774,-1.4366935490906587,0.55157715075139,-0.02960599238262682,0.3929372389653473,-0.730569893668436,0.2761634814281019,1.0614690746976392,1.0582970752830678,-1.967640890607956,0.18774015581309403,0.7216036420947656,0.6070626304304979,0.7305699259315362,-0.27616348335559326,-1.061469037121411,1.013040752337213,-1.8834981824189607,0.596994127580402,0.2734633273587276}]
Set[{A021,A031,A032,A041,A042,A043,A121,A131,A132,A141,A142,A143,B021,B031,B032,B041,B042,B043,B121,B131,B132,B141,B142,B143,\[Alpha]1,\[Alpha]2,\[Alpha]3,\[Alpha]4,\[Beta]11,\[Beta]12,\[Beta]13,\[Beta]14,\[Beta]21,\[Beta]22,\[Beta]23,\[Beta]24,\[Beta]31,\[Beta]32,\[Beta]33,\[Beta]34,\[Beta]41,\[Beta]42,\[Beta]43,\[Beta]44},{0.015292858916694765,-0.7606128885901641,1.7606128885901633,1.3412509560714343,1.7942877355211924,-2.1355386915993115,0.46214933503174443,-0.5656725705935743,1.565672570593573,2.8865780078275716,-1.9350869972095526,0.04850898938196706,0.07696958102757467,3.1413499556576228,-0.7172637380947723,4.286983503311996,1.4242358136608795,1.9388827253887748,-0.679815061375727,0.6057072861798203,-2.7973701033818656,-0.5623450556499452,0.6362718817440343,0.02838869773112554,1.914722381370774,-1.4366935490906587,0.55157715075139,-0.02960599238262682,0.3929372389653473,-0.730569893668436,0.2761634814281019,1.0614690746976392,1.0582970752830678,-1.967640890607956,0.18774015581309403,0.7216036420947656,0.6070626304304979,0.7305699259315362,-0.27616348335559326,-1.061469037121411,1.013040752337213,-1.8834981824189607,0.596994127580402,0.2734633273587276}]

Max g: 1.8068968708675331e-7
f_91([0.0152929,-0.760613,1.76061,1.34125,1.79429,-2.13554,0.462149,-0.565673,1.56567,2.88658,-1.93509,0.048509,0.0769696,3.14135,-0.717264,4.28698,1.42424,1.93888,-0.679815,0.605707,-2.79737,-0.562345,0.636272,0.0283887,1.91472,-1.43669,0.551577,-0.029606,0.392937,-0.73057,0.276163,1.06147,1.0583,-1.96764,0.18774,0.721604,0.607063,0.73057,-0.276163,-1.06147,1.01304,-1.8835,0.596994,0.273463])
5.627468247167702
Max g: 1.8394239112082267e-7
f_92([0.0152929,-0.760613,1.76061,1.34125,1.79429,-2.13554,0.462149,-0.565673,1.56567,2.88658,-1.93509,0.048509,0.0769696,3.14135,-0.717264,4.28698,1.42424,1.93888,-0.679815,0.605707,-2.79737,-0.562345,0.636272,0.0283887,1.91472,-1.43669,0.551577,-0.029606,0.392937,-0.73057,0.276163,1.06147,1.0583,-1.96764,0.18774,0.721604,0.607063,0.73057,-0.276163,-1.06147,1.01304,-1.8835,0.596994,0.273463])
5.627468247167702
Max g: 1.8684828451565744e-7
f_93([0.0152929,-0.760613,1.76061,1.34125,1.79429,-2.13554,0.462149,-0.565673,1.56567,2.88658,-1.93509,0.048509,0.0769696,3.14135,-0.717264,4.28698,1.42424,1.93888,-0.679815,0.605707,-2.79737,-0.562345,0.636272,0.0283887,1.91472,-1.43669,0.551577,-0.029606,0.392937,-0.73057,0.276163,1.06147,1.0583,-1.96764,0.18774,0.721604,0.607063,0.73057,-0.276163,-1.06147,1.01304,-1.8835,0.596994,0.273463])
5.627468247167702
Max g: 1.8965873911126752e-7
f_94([0.0152929,-0.760613,1.76061,1.34125,1.79429,-2.13554,0.462149,-0.565673,1.56567,2.88658,-1.93509,0.048509,0.0769696,3.14135,-0.717264,4.28698,1.42424,1.93888,-0.679815,0.605707,-2.79737,-0.562345,0.636272,0.0283887,1.91472,-1.43669,0.551577,-0.029606,0.392937,-0.73057,0.276163,1.06147,1.0583,-1.96764,0.18774,0.721604,0.607063,0.73057,-0.276163,-1.06147,1.01304,-1.8835,0.596994,0.273463])
5.627468247167702
Max g: 1.917684819951332e-7
f_95([0.0152929,-0.760613,1.76061,1.34125,1.79429,-2.13554,0.462149,-0.565673,1.56567,2.88658,-1.93509,0.048509,0.0769696,3.14135,-0.717264,4.28698,1.42424,1.93888,-0.679815,0.605707,-2.79737,-0.562345,0.636272,0.0283887,1.91472,-1.43669,0.551577,-0.029606,0.392937,-0.73057,0.276163,1.06147,1.0583,-1.96764,0.18774,0.721604,0.607063,0.73057,-0.276163,-1.06147,1.01304,-1.8835,0.596994,0.273463])
5.627468247167702
Max g: 1.9357392475917445e-7
f_96([0.0152929,-0.760613,1.76061,1.34125,1.79429,-2.13554,0.462149,-0.565673,1.56567,2.88658,-1.93509,0.048509,0.0769696,3.14135,-0.717264,4.28698,1.42424,1.93888,-0.679815,0.605707,-2.79737,-0.562345,0.636272,0.0283887,1.91472,-1.43669,0.551577,-0.029606,0.392937,-0.73057,0.276163,1.06147,1.0583,-1.96764,0.18774,0.721604,0.607063,0.73057,-0.276163,-1.06147,1.01304,-1.8835,0.596994,0.273463])
5.627468247167702
Max g: 1.9513141250211696e-7
f_97([0.0152929,-0.760613,1.76061,1.34125,1.79429,-2.13554,0.462149,-0.565673,1.56567,2.88658,-1.93509,0.048509,0.0769696,3.14135,-0.717264,4.28698,1.42424,1.93888,-0.679815,0.605707,-2.79737,-0.562345,0.636272,0.0283887,1.91472,-1.43669,0.551577,-0.029606,0.392937,-0.73057,0.276163,1.06147,1.0583,-1.96764,0.18774,0.721604,0.607063,0.73057,-0.276163,-1.06147,1.01304,-1.8835,0.596994,0.273463])
5.627468247167702
Max g: 1.966512941853002e-7
f_98([0.0152929,-0.760613,1.76061,1.34125,1.79429,-2.13554,0.462149,-0.565673,1.56567,2.88658,-1.93509,0.048509,0.0769696,3.14135,-0.717264,4.28698,1.42424,1.93888,-0.679815,0.605707,-2.79737,-0.562345,0.636272,0.0283887,1.91472,-1.43669,0.551577,-0.029606,0.392937,-0.73057,0.276163,1.06147,1.0583,-1.96764,0.18774,0.721604,0.607063,0.73057,-0.276163,-1.06147,1.01304,-1.8835,0.596994,0.273463])
5.627468247167702
Max g: 1.979763999682138e-7
f_99([0.0152929,-0.760613,1.76061,1.34125,1.79429,-2.13554,0.462149,-0.565673,1.56567,2.88658,-1.93509,0.048509,0.0769696,3.14135,-0.717264,4.28698,1.42424,1.93888,-0.679815,0.605707,-2.79737,-0.562345,0.636272,0.0283887,1.91472,-1.43669,0.551577,-0.029606,0.392937,-0.73057,0.276163,1.06147,1.0583,-1.96764,0.18774,0.721604,0.607063,0.73057,-0.276164,-1.06147,1.01304,-1.8835,0.596994,0.273463])
5.627468247167702
Max g: 1.9905248228088007e-7
f_100([0.0152929,-0.760613,1.76061,1.34125,1.79429,-2.13554,0.462149,-0.565673,1.56567,2.88658,-1.93509,0.048509,0.0769696,3.14135,-0.717264,4.28698,1.42424,1.93888,-0.679815,0.605707,-2.79737,-0.562345,0.636272,0.0283887,1.91472,-1.43669,0.551577,-0.029606,0.392937,-0.73057,0.276163,1.06147,1.0583,-1.96764,0.18774,0.721604,0.607063,0.73057,-0.276164,-1.06147,1.01304,-1.8835,0.596994,0.273463])
5.627468247167702
{0.015292859251300615,-0.7606128887312192,1.7606128887316657,1.3412509561589878,1.7942877353352131,-2.135538691494418,0.46214938374929276,-0.5656725707120249,1.5656725707120258,2.8865780083976054,-1.9350869974290583,0.048508989031337574,0.07696958138081544,3.1413499551922484,-0.7172637385527469,4.286983503616854,1.4242358134766797,1.9388827251574097,-0.6798150303778967,0.605707392972523,-2.7973700958087298,-0.5623450359171029,0.6362718957009895,0.028388698546669415,1.9147223815817995,-1.4366935496558633,0.5515771511301806,-0.02960599237605078,0.39293718449199816,-0.7305698777749896,0.27616349924817796,1.061469093690623,1.0582970130374885,-1.967640931396337,0.18774016481470543,0.7216037340558072,0.6070626847227352,0.730569910223933,-0.27616350121829697,-1.0614690560819617,1.0130407483021076,-1.8834983586579757,0.5969941900923658,0.2734634449430911}]
Set[{A021,A031,A032,A041,A042,A043,A121,A131,A132,A141,A142,A143,B021,B031,B032,B041,B042,B043,B121,B131,B132,B141,B142,B143,\[Alpha]1,\[Alpha]2,\[Alpha]3,\[Alpha]4,\[Beta]11,\[Beta]12,\[Beta]13,\[Beta]14,\[Beta]21,\[Beta]22,\[Beta]23,\[Beta]24,\[Beta]31,\[Beta]32,\[Beta]33,\[Beta]34,\[Beta]41,\[Beta]42,\[Beta]43,\[Beta]44},{0.015292859251300615,-0.7606128887312192,1.7606128887316657,1.3412509561589878,1.7942877353352131,-2.135538691494418,0.46214938374929276,-0.5656725707120249,1.5656725707120258,2.8865780083976054,-1.9350869974290583,0.048508989031337574,0.07696958138081544,3.1413499551922484,-0.7172637385527469,4.286983503616854,1.4242358134766797,1.9388827251574097,-0.6798150303778967,0.605707392972523,-2.7973700958087298,-0.5623450359171029,0.6362718957009895,0.028388698546669415,1.9147223815817995,-1.4366935496558633,0.5515771511301806,-0.02960599237605078,0.39293718449199816,-0.7305698777749896,0.27616349924817796,1.061469093690623,1.0582970130374885,-1.967640931396337,0.18774016481470543,0.7216037340558072,0.6070626847227352,0.730569910223933,-0.27616350121829697,-1.0614690560819617,1.0130407483021076,-1.8834983586579757,0.5969941900923658,0.2734634449430911}]

Max g: 1.99948171091327e-7
f_101([0.0152929,-0.760613,1.76061,1.34125,1.79429,-2.13554,0.462149,-0.565673,1.56567,2.88658,-1.93509,0.048509,0.0769696,3.14135,-0.717264,4.28698,1.42424,1.93888,-0.679815,0.605707,-2.79737,-0.562345,0.636272,0.0283887,1.91472,-1.43669,0.551577,-0.029606,0.392937,-0.73057,0.276164,1.06147,1.0583,-1.96764,0.18774,0.721604,0.607063,0.73057,-0.276164,-1.06147,1.01304,-1.8835,0.596994,0.273463])
5.627468247167702
Max g: 2.0073575284808298e-7
f_102([0.0152929,-0.760613,1.76061,1.34125,1.79429,-2.13554,0.462149,-0.565673,1.56567,2.88658,-1.93509,0.048509,0.0769696,3.14135,-0.717264,4.28698,1.42424,1.93888,-0.679815,0.605707,-2.79737,-0.562345,0.636272,0.0283887,1.91472,-1.43669,0.551577,-0.029606,0.392937,-0.73057,0.276164,1.06147,1.0583,-1.96764,0.18774,0.721604,0.607063,0.73057,-0.276164,-1.06147,1.01304,-1.8835,0.596994,0.273463])
5.627468247167702
Max g: 2.0153863847065245e-7
f_103([0.0152929,-0.760613,1.76061,1.34125,1.79429,-2.13554,0.462149,-0.565673,1.56567,2.88658,-1.93509,0.048509,0.0769696,3.14135,-0.717264,4.28698,1.42424,1.93888,-0.679815,0.605707,-2.79737,-0.562345,0.636272,0.0283887,1.91472,-1.43669,0.551577,-0.029606,0.392937,-0.73057,0.276164,1.06147,1.0583,-1.96764,0.18774,0.721604,0.607063,0.73057,-0.276164,-1.06147,1.01304,-1.8835,0.596994,0.273463])
5.627468247167702
Max g: 2.0221331861573766e-7
f_104([0.0152929,-0.760613,1.76061,1.34125,1.79429,-2.13554,0.462149,-0.565673,1.56567,2.88658,-1.93509,0.048509,0.0769696,3.14135,-0.717264,4.28698,1.42424,1.93888,-0.679815,0.605707,-2.79737,-0.562345,0.636272,0.0283887,1.91472,-1.43669,0.551577,-0.029606,0.392937,-0.73057,0.276164,1.06147,1.0583,-1.96764,0.18774,0.721604,0.607063,0.73057,-0.276164,-1.06147,1.01304,-1.8835,0.596994,0.273463])
5.627468247167702
Max g: 2.0273571438474136e-7
f_105([0.0152929,-0.760613,1.76061,1.34125,1.79429,-2.13554,0.462149,-0.565673,1.56567,2.88658,-1.93509,0.048509,0.0769696,3.14135,-0.717264,4.28698,1.42424,1.93888,-0.679815,0.605707,-2.79737,-0.562345,0.636272,0.0283887,1.91472,-1.43669,0.551577,-0.029606,0.392937,-0.73057,0.276164,1.06147,1.0583,-1.96764,0.18774,0.721604,0.607063,0.73057,-0.276164,-1.06147,1.01304,-1.8835,0.596994,0.273463])
5.627468247167702
Max g: 2.0318549957647203e-7
f_106([0.0152929,-0.760613,1.76061,1.34125,1.79429,-2.13554,0.462149,-0.565673,1.56567,2.88658,-1.93509,0.048509,0.0769696,3.14135,-0.717264,4.28698,1.42424,1.93888,-0.679815,0.605707,-2.79737,-0.562345,0.636272,0.0283887,1.91472,-1.43669,0.551577,-0.029606,0.392937,-0.73057,0.276164,1.06147,1.0583,-1.96764,0.18774,0.721604,0.607063,0.73057,-0.276164,-1.06147,1.01304,-1.8835,0.596994,0.273463])
5.627468247167702
Max g: 2.035890501895371e-7
f_107([0.0152929,-0.760613,1.76061,1.34125,1.79429,-2.13554,0.462149,-0.565673,1.56567,2.88658,-1.93509,0.048509,0.0769696,3.14135,-0.717264,4.28698,1.42424,1.93888,-0.679815,0.605707,-2.79737,-0.562345,0.636272,0.0283887,1.91472,-1.43669,0.551577,-0.029606,0.392937,-0.73057,0.276164,1.06147,1.0583,-1.96764,0.18774,0.721604,0.607063,0.73057,-0.276164,-1.06147,1.01304,-1.8835,0.596994,0.273463])
5.627468247167702
Max g: 2.0390077439154386e-7
f_108([0.0152929,-0.760613,1.76061,1.34125,1.79429,-2.13554,0.462149,-0.565673,1.56567,2.88658,-1.93509,0.048509,0.0769696,3.14135,-0.717264,4.28698,1.42424,1.93888,-0.679815,0.605707,-2.79737,-0.562345,0.636272,0.0283887,1.91472,-1.43669,0.551577,-0.029606,0.392937,-0.73057,0.276164,1.06147,1.0583,-1.96764,0.18774,0.721604,0.607063,0.73057,-0.276164,-1.06147,1.01304,-1.8835,0.596994,0.273463])
5.627468247167702
Max g: 2.0423727493772137e-7
f_109([0.0152929,-0.760613,1.76061,1.34125,1.79429,-2.13554,0.462149,-0.565673,1.56567,2.88658,-1.93509,0.048509,0.0769696,3.14135,-0.717264,4.28698,1.42424,1.93888,-0.679815,0.605707,-2.79737,-0.562345,0.636272,0.0283887,1.91472,-1.43669,0.551577,-0.029606,0.392937,-0.73057,0.276164,1.06147,1.0583,-1.96764,0.18774,0.721604,0.607063,0.73057,-0.276164,-1.06147,1.01304,-1.8835,0.596994,0.273463])
5.627468247167702
Max g: 2.044777572055012e-7
{0.015292859303044847,-0.7606128887548429,1.7606128887548422,1.3412509560410426,1.7942877353665467,-2.1355386914075902,0.4621493952740173,-0.5656725707120054,1.5656725707120058,2.8865780085393764,-1.9350869974596074,0.048508988920230936,0.07696958153063156,3.1413499553487214,-0.7172637384515494,4.286983503691301,1.4242358135779465,1.938882725202352,-0.6798150230871555,0.6057074181619102,-2.79737009405636,-0.5623450312742543,0.6362718989897571,0.028388698722808553,1.9147223814957746,-1.436693549652795,0.5515771512306137,-0.0296059923946963,0.3929371716456164,-0.7305698740598937,0.276163503455171,1.0614690982051125,1.0582969982463524,-1.9676409409190514,0.1877401669351278,0.7216037557890609,0.6070626976682801,0.7305699064280116,-0.27616350541641016,-1.0614690605863775,1.0130407472647989,-1.8834984001922752,0.5969942048133854,0.2734634727514669}]
Set[{A021,A031,A032,A041,A042,A043,A121,A131,A132,A141,A142,A143,B021,B031,B032,B041,B042,B043,B121,B131,B132,B141,B142,B143,\[Alpha]1,\[Alpha]2,\[Alpha]3,\[Alpha]4,\[Beta]11,\[Beta]12,\[Beta]13,\[Beta]14,\[Beta]21,\[Beta]22,\[Beta]23,\[Beta]24,\[Beta]31,\[Beta]32,\[Beta]33,\[Beta]34,\[Beta]41,\[Beta]42,\[Beta]43,\[Beta]44},{0.015292859303044847,-0.7606128887548429,1.7606128887548422,1.3412509560410426,1.7942877353665467,-2.1355386914075902,0.4621493952740173,-0.5656725707120054,1.5656725707120058,2.8865780085393764,-1.9350869974596074,0.048508988920230936,0.07696958153063156,3.1413499553487214,-0.7172637384515494,4.286983503691301,1.4242358135779465,1.938882725202352,-0.6798150230871555,0.6057074181619102,-2.79737009405636,-0.5623450312742543,0.6362718989897571,0.028388698722808553,1.9147223814957746,-1.436693549652795,0.5515771512306137,-0.0296059923946963,0.3929371716456164,-0.7305698740598937,0.276163503455171,1.0614690982051125,1.0582969982463524,-1.9676409409190514,0.1877401669351278,0.7216037557890609,0.6070626976682801,0.7305699064280116,-0.27616350541641016,-1.0614690605863775,1.0130407472647989,-1.8834984001922752,0.5969942048133854,0.2734634727514669}]


-----------------Final Result------------------
Options: alg=LN_AUGLAG_EQ,dx=0.01,max_eval=100000000,popSize=0
imin=-6,jmin=-3,imax=1,jmax=3,
parameter_minmax=5,
randSeed=8412189,rand_minmax=2,
END_C=true, INEQ_C=false

10913771 steps

Completed with maxf : 5.627468247167702

Constraints at 2.0449077186169423e-7

x = [0.015292859303044847,-0.7606128887548429,1.7606128887548422,1.3412509560410426,1.7942877353665467,-2.1355386914075902,0.4621493952740173,-0.5656725707120054,1.5656725707120058,2.8865780085393764,-1.9350869974596074,0.048508988920230936,0.07696958153063156,3.1413499553487214,-0.7172637384515494,4.286983503691301,1.4242358135779465,1.938882725202352,-0.6798150230871555,0.6057074181619102,-2.79737009405636,-0.5623450312742543,0.6362718989897571,0.028388698722808553,1.9147223814957746,-1.436693549652795,0.5515771512306137,-0.0296059923946963,0.3929371716456164,-0.7305698740598937,0.276163503455171,1.0614690982051125,1.0582969982463524,-1.9676409409190514,0.1877401669351278,0.7216037557890609,0.6070626976682801,0.7305699064280116,-0.27616350541641016,-1.0614690605863775,1.0130407472647989,-1.8834984001922752,0.5969942048133854,0.2734634727514669]
c0 = [0.0,0.015292859303044847,0.9999999999999993,0.9999999999999991]
c1 = [0.0,0.4621493952740173,1.0000000000000004,1.0]
A0 = [0.0,0.015292859303044847,-0.7606128887548429,1.3412509560410426,0.0,0.0,1.7606128887548422,1.7942877353665467,0.0,0.0,0.0,-2.1355386914075902,0.0,0.0,0.0,0.0]
A1 = [0.0,0.4621493952740173,-0.5656725707120054,2.8865780085393764,0.0,0.0,1.5656725707120058,-1.9350869974596074,0.0,0.0,0.0,0.048508988920230936,0.0,0.0,0.0,0.0]
B0 = [0.0,0.07696958153063156,3.1413499553487214,4.286983503691301,0.0,0.0,-0.7172637384515494,1.4242358135779465,0.0,0.0,0.0,1.938882725202352,0.0,0.0,0.0,0.0]
B1 = [0.0,-0.6798150230871555,0.6057074181619102,-0.5623450312742543,0.0,0.0,-2.79737009405636,0.6362718989897571,0.0,0.0,0.0,0.028388698722808553,0.0,0.0,0.0,0.0]
  = [1.9147223814957746,-1.436693549652795,0.5515771512306137,-0.0296059923946963]
1 = [0.3929371716456164,-0.7305698740598937,0.276163503455171,1.0614690982051125]
2 = [1.0582969982463524,-1.9676409409190514,0.1877401669351278,0.7216037557890609]
3 = [0.6070626976682801,0.7305699064280116,-0.27616350541641016,-1.0614690605863775]
4 = [1.0130407472647989,-1.8834984001922752,0.5969942048133854,0.2734634727514669]


Set[{A021,A031,A032,A041,A042,A043,A121,A131,A132,A141,A142,A143,B021,B031,B032,B041,B042,B043,B121,B131,B132,B141,B142,B143,\[Alpha]1,\[Alpha]2,\[Alpha]3,\[Alpha]4,\[Beta]11,\[Beta]12,\[Beta]13,\[Beta]14,\[Beta]21,\[Beta]22,\[Beta]23,\[Beta]24,\[Beta]31,\[Beta]32,\[Beta]33,\[Beta]34,\[Beta]41,\[Beta]42,\[Beta]43,\[Beta]44},{0.015292859303044847,-0.7606128887548429,1.7606128887548422,1.3412509560410426,1.7942877353665467,-2.1355386914075902,0.4621493952740173,-0.5656725707120054,1.5656725707120058,2.8865780085393764,-1.9350869974596074,0.048508988920230936,0.07696958153063156,3.1413499553487214,-0.7172637384515494,4.286983503691301,1.4242358135779465,1.938882725202352,-0.6798150230871555,0.6057074181619102,-2.79737009405636,-0.5623450312742543,0.6362718989897571,0.028388698722808553,1.9147223814957746,-1.436693549652795,0.5515771512306137,-0.0296059923946963,0.3929371716456164,-0.7305698740598937,0.276163503455171,1.0614690982051125,1.0582969982463524,-1.9676409409190514,0.1877401669351278,0.7216037557890609,0.6070626976682801,0.7305699064280116,-0.27616350541641016,-1.0614690605863775,1.0130407472647989,-1.8834984001922752,0.5969942048133854,0.2734634727514669}]



