
-----------------Setup------------------
Options: alg=LN_AUGLAG_EQ,dx=0.01,max_eval=100000000,popSize=0
imin=-6,jmin=-3,imax=1,jmax=3,
parameter_minmax=5,
randSeed=21074664, rand_minmax=2,
END_C=true, INEQ_C=false

Initial Condition:

[-1.09076,1.12115,-1.56374,1.16638,-1.95511,0.680146,0.556732,-1.65565,1.84882,-1.88139,-0.370934,0.387292,-0.546395,0.476431,-0.131696,-0.550684,0.367453,-0.495744,1.92759,1.17864,-1.50372,-0.603338,-0.438149,1.07552,-1.85464,1.68606,-0.940595,1.24708,-1.06105,-0.605165,-1.96109,1.1967,0.130552,-1.15267,0.0763784,1.91775,0.710625,-1.57956,1.83546,-0.129342,0.0697935,-0.679895,-0.805303,-0.293649]

f_1([-7.04303e-5,1.83157,-0.879837,1.74869,-1.08276,0.33332,0.999153,-1.8979,2.65953,0.788451,0.0156389,0.196083,0.0811923,1.03879,-0.0416098,-0.59283,0.62718,3.48308,-0.205854,1.78423,-0.72584,0.360821,0.636687,0.752698,-1.84257,2.32734,0.569313,0.0772762,0.379576,1.19231,-1.27669,0.823723,-0.156667,-0.717558,1.35084,-0.425143,0.825724,-1.18064,1.04662,-0.722406,0.762749,0.211231,-2.65227,1.709])
1.813183448413367
Max g: 0.3575002227887578
f_2([1.01587e-6,1.8673,-0.891039,1.72076,-1.06101,0.340247,0.898165,-1.70139,2.69874,0.761816,0.112368,0.125808,0.0918309,1.09664,0.0337695,-0.574313,0.645041,3.49636,-0.799906,1.41508,-0.202033,0.265673,0.482397,0.827074,-1.81824,2.36556,0.525196,0.0659195,-0.101124,0.719815,0.492932,-0.0335015,0.0605172,-0.669534,1.02002,-0.426379,1.16251,-0.721004,-0.495463,0.0348904,-0.0506805,0.462051,-2.96361,2.53749])
2.024229707501288
Max g: 0.23048451921795454
f_3([-4.37398e-7,1.91412,-0.915845,1.67479,-1.04271,0.367348,0.718056,-1.67489,2.67488,0.733977,0.115482,0.150538,0.0950868,1.14938,0.0823085,-0.594402,0.406611,3.48979,-0.865169,1.31181,-0.176867,0.184583,0.436373,0.826294,-1.79927,2.29576,0.427303,0.0762742,-0.17725,0.634708,0.757088,-0.214551,0.173706,-0.619713,0.585174,-0.139365,1.18116,-0.634549,-0.768984,0.222298,-0.136098,0.480583,-2.92965,2.58482])
2.4128259842725273
Max g: 0.024569517451598917
f_4([9.54709e-21,1.91345,-0.915023,1.67458,-1.04281,0.367674,0.722322,-1.66722,2.66722,0.715597,0.103667,0.180735,0.0885948,1.18703,0.119328,-0.60096,0.400804,3.48345,-0.851292,1.32377,-0.180813,0.188361,0.445077,0.823146,-1.80687,2.30406,0.43417,0.0687922,-0.17725,0.643718,0.734433,-0.200788,0.174408,-0.627857,0.621687,-0.168331,1.17976,-0.643591,-0.740604,0.204495,-0.134145,0.483084,-2.9318,2.58284])
2.3973738491007617
Max g: 0.020533083114087816
f_5([2.40417e-8,1.91323,-0.915281,1.67472,-1.04349,0.367633,0.723861,-1.66125,2.66124,0.698619,0.0909531,0.210427,0.0829215,1.21968,0.151629,-0.606242,0.39631,3.47876,-0.850397,1.32629,-0.181776,0.188756,0.446239,0.823291,-1.81362,2.31061,0.441881,0.0611859,-0.177359,0.644164,0.734905,-0.201687,0.173701,-0.628049,0.626868,-0.172474,1.1781,-0.643867,-0.736249,0.202039,-0.133156,0.482504,-2.93133,2.58203])
2.3900963918908333
Max g: 0.01701168349580319
f_6([-9.01402e-21,1.91321,-0.91487,1.67486,-1.04335,0.367625,0.724809,-1.65659,2.65659,0.682739,0.0780284,0.239232,0.0782978,1.2497,0.181334,-0.610162,0.392767,3.47536,-0.851047,1.3287,-0.183073,0.188873,0.446358,0.823963,-1.81882,2.31631,0.449197,0.0533637,-0.177259,0.643556,0.738564,-0.204861,0.172861,-0.627293,0.628467,-0.173935,1.17668,-0.643208,-0.735823,0.202388,-0.132581,0.481652,-2.93158,2.58252])
2.383516773043501
Max g: 0.013609466830452634
f_7([-1.81597e-20,1.91341,-0.914786,1.67499,-1.04329,0.367579,0.725288,-1.65309,2.65309,0.670439,0.0679522,0.261608,0.0751935,1.27095,0.202711,-0.612414,0.390427,3.47292,-0.851492,1.33201,-0.184931,0.1896,0.446232,0.824573,-1.82255,2.32052,0.454839,0.0472605,-0.177154,0.643232,0.741805,-0.20784,0.172348,-0.62677,0.629969,-0.175522,1.17595,-0.642915,-0.737075,0.20403,-0.132087,0.480734,-2.93156,2.5829])
2.3811241843717434
Max g: 0.010951355322704474
f_8([3.32453e-21,1.9137,-0.9148,1.67529,-1.04326,0.367379,0.725659,-1.65031,2.65031,0.659239,0.0586974,0.282063,0.0725881,1.28941,0.221076,-0.613997,0.388479,3.47132,-0.851859,1.33567,-0.18707,0.18973,0.446421,0.825505,-1.82573,2.32405,0.460114,0.0416054,-0.177132,0.642981,0.744733,-0.210626,0.171991,-0.626361,0.631739,-0.177333,1.17549,-0.642693,-0.739079,0.206225,-0.131691,0.479927,-2.93179,2.58354])
2.3780337573373904
Max g: 0.00850426539571622
f_9([-7.14684e-21,1.91388,-0.914715,1.67569,-1.04365,0.367543,0.72578,-1.64761,2.64761,0.649374,0.0499028,0.300723,0.0703769,1.30618,0.237472,-0.615116,0.386783,3.46947,-0.852021,1.3398,-0.18946,0.190062,0.446623,0.826439,-1.82845,2.32718,0.465083,0.03622,-0.177039,0.642911,0.747417,-0.213287,0.171767,-0.626113,0.633797,-0.17944,1.1754,-0.642644,-0.741484,0.208755,-0.131445,0.479155,-2.9317,2.58397])
2.3771365365854815
Max g: 0.006246450525895217
f_10([5.55865e-21,1.91413,-0.914763,1.6757,-1.04345,0.367417,0.725869,-1.64589,2.64589,0.641597,0.0436598,0.314743,0.0688323,1.318,0.249534,-0.61586,0.385751,3.46838,-0.852081,1.34311,-0.1914,0.190586,0.446655,0.827063,-1.83013,2.32919,0.468808,0.0321534,-0.177034,0.64295,0.749283,-0.215207,0.171628,-0.625955,0.635495,-0.181164,1.17536,-0.642697,-0.743539,0.210873,-0.131199,0.47855,-2.93167,2.58431])
2.3769371541961686
{5.5586537134061516e-21,1.9141319418175973,-0.9147625731997826,1.6756983650439696,-1.0434485079899871,0.367416866543721,0.7258693841154948,-1.6458873478966547,2.645887266992628,0.6415971794635064,0.0436598371973854,0.31474298333911543,0.0688323410771166,1.3180008816189892,0.24953389729612416,-0.6158599001282062,0.385751050195223,3.4683831456920955,-0.8520806605134648,1.3431128817889044,-0.1913998520351854,0.1905856884444755,0.4466550247899445,0.827063451598142,-1.830126199958972,2.3291889034027333,0.46880827152955945,0.032153395209502424,-0.17703386026304613,0.6429501006344542,0.7492827209477557,-0.21520728267882946,0.17162754808696806,-0.6259547096291415,0.6354950278369207,-0.18116383729068003,1.1753599663240462,-0.6426972106098668,-0.7435385422446488,0.21087279700710845,-0.13119867658908688,0.47854961326474105,-2.9316740711514937,2.584314449861745}]
Set[{A021,A031,A032,A041,A042,A043,A121,A131,A132,A141,A142,A143,B021,B031,B032,B041,B042,B043,B121,B131,B132,B141,B142,B143,\[Alpha]1,\[Alpha]2,\[Alpha]3,\[Alpha]4,\[Beta]11,\[Beta]12,\[Beta]13,\[Beta]14,\[Beta]21,\[Beta]22,\[Beta]23,\[Beta]24,\[Beta]31,\[Beta]32,\[Beta]33,\[Beta]34,\[Beta]41,\[Beta]42,\[Beta]43,\[Beta]44},{5.5586537134061516e-21,1.9141319418175973,-0.9147625731997826,1.6756983650439696,-1.0434485079899871,0.367416866543721,0.7258693841154948,-1.6458873478966547,2.645887266992628,0.6415971794635064,0.0436598371973854,0.31474298333911543,0.0688323410771166,1.3180008816189892,0.24953389729612416,-0.6158599001282062,0.385751050195223,3.4683831456920955,-0.8520806605134648,1.3431128817889044,-0.1913998520351854,0.1905856884444755,0.4466550247899445,0.827063451598142,-1.830126199958972,2.3291889034027333,0.46880827152955945,0.032153395209502424,-0.17703386026304613,0.6429501006344542,0.7492827209477557,-0.21520728267882946,0.17162754808696806,-0.6259547096291415,0.6354950278369207,-0.18116383729068003,1.1753599663240462,-0.6426972106098668,-0.7435385422446488,0.21087279700710845,-0.13119867658908688,0.47854961326474105,-2.9316740711514937,2.584314449861745}]

Max g: 0.00457114458168862
f_11([1.01776e-20,1.9141,-0.914613,1.67575,-1.04342,0.367409,0.725881,-1.64479,2.64479,0.637073,0.039773,0.323154,0.0679423,1.325,0.256631,-0.616339,0.385283,3.46787,-0.852084,1.34531,-0.192678,0.19093,0.446703,0.827454,-1.83111,2.33035,0.471102,0.029672,-0.177007,0.642993,0.750433,-0.216418,0.171605,-0.625908,0.636615,-0.182316,1.17543,-0.642775,-0.745008,0.212352,-0.131121,0.478205,-2.93169,2.58459])
2.377036845390825
Max g: 0.0035700954312312683
f_12([6.04035e-7,1.9142,-0.914459,1.67594,-1.04345,0.36738,0.725881,-1.64344,2.64344,0.631203,0.0348312,0.333961,0.0667951,1.33421,0.265647,-0.615977,0.384635,3.46722,-0.852103,1.34844,-0.194516,0.191153,0.446875,0.82813,-1.83252,2.33196,0.474171,0.0263573,-0.17666,0.643003,0.75093,-0.217306,0.171595,-0.625812,0.638074,-0.183858,1.17588,-0.642888,-0.748302,0.215317,-0.131011,0.47772,-2.93179,2.58507])
2.3760399334442597
Max g: 0.0024625502220051512
f_13([-7.06271e-22,1.91417,-0.914265,1.67582,-1.04319,0.367326,0.725974,-1.64198,2.64198,0.624208,0.0289828,0.346809,0.0654853,1.34487,0.276203,-0.616577,0.383972,3.46651,-0.852191,1.35232,-0.196757,0.191571,0.447059,0.828908,-1.8339,2.33362,0.477824,0.0224062,-0.176512,0.643013,0.752879,-0.21941,0.171494,-0.625641,0.640081,-0.185903,1.1759,-0.642936,-0.750949,0.217974,-0.130779,0.477035,-2.93194,2.58567])
2.376837463001512
Max g: 0.0009224767688599464
f_14([-6.93643e-8,1.91418,-0.914177,1.67577,-1.04324,0.367465,0.726103,-1.64055,2.64055,0.618204,0.0237806,0.358015,0.0644061,1.3537,0.285122,-0.617017,0.383506,3.46616,-0.852196,1.35594,-0.198856,0.192072,0.447183,0.829592,-1.83519,2.33517,0.481,0.0189913,-0.176347,0.643069,0.754462,-0.221194,0.171339,-0.625506,0.642088,-0.187913,1.17597,-0.643037,-0.753318,0.220392,-0.130529,0.476412,-2.93196,2.58606])
2.3776349925587645
Max g: 0.00020181091302817755
f_15([0.000113225,1.91417,-0.914173,1.67573,-1.0432,0.367468,0.726044,-1.64032,2.6403,0.617223,0.0229656,0.359803,0.0642973,1.3552,0.286698,-0.617488,0.383422,3.46404,-0.852072,1.3567,-0.199295,0.192114,0.447298,0.829724,-1.83531,2.33556,0.481232,0.0184994,-0.17613,0.643154,0.753862,-0.220884,0.171372,-0.625574,0.642612,-0.188409,1.17628,-0.643176,-0.754365,0.221264,-0.130489,0.476347,-2.93202,2.58616])
2.377734683753421
Max g: 8.033944690774564e-5
f_16([0.000480315,1.91417,-0.914169,1.67573,-1.04318,0.367457,0.726035,-1.64036,2.64035,0.617568,0.0232801,0.359145,0.0647215,1.35493,0.286447,-0.617438,0.383464,3.46408,-0.852052,1.35649,-0.19917,0.192095,0.4473,0.829676,-1.83481,2.33592,0.479992,0.0188853,-0.176174,0.643173,0.753826,-0.220823,0.171379,-0.625594,0.642537,-0.188324,1.17626,-0.643186,-0.754121,0.221047,-0.130496,0.476385,-2.932,2.58612])
2.377036845390825
Max g: 5.188164338981727e-5
f_17([0.000733612,1.91417,-0.914165,1.67572,-1.04318,0.367454,0.726023,-1.64041,2.6404,0.617806,0.0234996,0.358691,0.0650136,1.35478,0.286255,-0.617411,0.383497,3.46413,-0.852056,1.35634,-0.19908,0.192081,0.447288,0.829644,-1.83446,2.33617,0.479136,0.0191496,-0.176197,0.64317,0.753824,-0.220796,0.171396,-0.625602,0.642428,-0.188223,1.17624,-0.643178,-0.753979,0.220914,-0.130515,0.476415,-2.93199,2.58609])
2.3763390070282293
Max g: 2.8081250242562028e-5
f_18([0.000895862,1.91417,-0.914167,1.67572,-1.04318,0.367459,0.726014,-1.64043,2.64043,0.617966,0.0236429,0.35839,0.0652013,1.35466,0.286145,-0.617397,0.383515,3.46415,-0.852057,1.35624,-0.199021,0.19207,0.447283,0.829624,-1.83424,2.33633,0.478588,0.0193192,-0.176213,0.64317,0.753822,-0.220779,0.171405,-0.625605,0.642359,-0.188159,1.17623,-0.643173,-0.753889,0.22083,-0.130529,0.476433,-2.93199,2.58608])
2.3764386982228856
Max g: 1.2196736293407229e-5
f_19([0.000967244,1.91417,-0.914166,1.67572,-1.04318,0.367458,0.726012,-1.64045,2.64045,0.618033,0.0237032,0.358264,0.065284,1.35461,0.286095,-0.61739,0.383526,3.46416,-0.85206,1.35619,-0.198995,0.192064,0.44728,0.829615,-1.83414,2.3364,0.478347,0.0193935,-0.176217,0.643168,0.753823,-0.220773,0.171407,-0.625606,0.642327,-0.188129,1.17623,-0.643169,-0.753851,0.220794,-0.130536,0.476441,-2.93199,2.58608])
2.3763390070282293
Max g: 5.006290615117148e-6
f_20([0.00104634,1.91417,-0.914167,1.67572,-1.04318,0.36746,0.726008,-1.64046,2.64046,0.618108,0.0237703,0.358121,0.0653749,1.35456,0.286042,-0.617385,0.383536,3.46416,-0.852062,1.35615,-0.198969,0.192064,0.447274,0.829605,-1.83403,2.33648,0.478081,0.0194755,-0.176224,0.643166,0.753825,-0.220767,0.171411,-0.625607,0.642294,-0.188099,1.17622,-0.643166,-0.753812,0.220757,-0.130541,0.476448,-2.93198,2.58607])
2.3763390070282293
{0.0010463396000852047,1.9141666856458914,-0.9141666939198602,1.6757208177523877,-1.0431804693753457,0.36745965162295846,0.7260082764789975,-1.6404602401730337,2.6404597035419326,0.6181084532789872,0.023770315083664343,0.3581212316373468,0.06537488107518181,1.3545592204463686,0.2860423166431889,-0.6173854826408292,0.38353560562091166,3.464163330744993,-0.8520623637335806,1.356148813251651,-0.198968680519897,0.19206358248132474,0.44727414983092634,0.8296047471820553,-1.8340323243119683,2.33647608597334,0.47808070718957807,0.019475463924520348,-0.17622425074720438,0.6431660281436299,0.7538251391103553,-0.22076664010094849,0.17141055646208245,-0.6256066902747356,0.6422942505249479,-0.1880986083268858,1.1762208140519164,-0.6431659614642156,-0.7538115779522346,0.22075673404394458,-0.13054085322999925,0.47644811860492997,-2.931981504053363,2.586074453020447}]
Set[{A021,A031,A032,A041,A042,A043,A121,A131,A132,A141,A142,A143,B021,B031,B032,B041,B042,B043,B121,B131,B132,B141,B142,B143,\[Alpha]1,\[Alpha]2,\[Alpha]3,\[Alpha]4,\[Beta]11,\[Beta]12,\[Beta]13,\[Beta]14,\[Beta]21,\[Beta]22,\[Beta]23,\[Beta]24,\[Beta]31,\[Beta]32,\[Beta]33,\[Beta]34,\[Beta]41,\[Beta]42,\[Beta]43,\[Beta]44},{0.0010463396000852047,1.9141666856458914,-0.9141666939198602,1.6757208177523877,-1.0431804693753457,0.36745965162295846,0.7260082764789975,-1.6404602401730337,2.6404597035419326,0.6181084532789872,0.023770315083664343,0.3581212316373468,0.06537488107518181,1.3545592204463686,0.2860423166431889,-0.6173854826408292,0.38353560562091166,3.464163330744993,-0.8520623637335806,1.356148813251651,-0.198968680519897,0.19206358248132474,0.44727414983092634,0.8296047471820553,-1.8340323243119683,2.33647608597334,0.47808070718957807,0.019475463924520348,-0.17622425074720438,0.6431660281436299,0.7538251391103553,-0.22076664010094849,0.17141055646208245,-0.6256066902747356,0.6422942505249479,-0.1880986083268858,1.1762208140519164,-0.6431659614642156,-0.7538115779522346,0.22075673404394458,-0.13054085322999925,0.47644811860492997,-2.931981504053363,2.586074453020447}]

Max g: 1.1180256039369785e-5
f_21([0.00104974,1.91417,-0.914166,1.67572,-1.04318,0.36746,0.726008,-1.64046,2.64046,0.618112,0.0237724,0.358115,0.0653792,1.35456,0.28604,-0.617386,0.383537,3.46416,-0.852062,1.35615,-0.198967,0.192063,0.447274,0.829604,-1.83403,2.33648,0.478068,0.0194795,-0.176224,0.643166,0.753824,-0.220766,0.171411,-0.625607,0.642293,-0.188098,1.17622,-0.643165,-0.753809,0.220755,-0.130543,0.476449,-2.93198,2.58608])
2.3763390070282293
Max g: 1.2895489361022805e-5
f_22([0.00104313,1.91417,-0.914166,1.67572,-1.04318,0.36746,0.726008,-1.64046,2.64046,0.618106,0.0237671,0.358127,0.0653716,1.35456,0.286044,-0.617387,0.383536,3.46416,-0.852062,1.35615,-0.198969,0.192064,0.447275,0.829604,-1.83404,2.33647,0.47809,0.0194728,-0.176224,0.643166,0.753824,-0.220767,0.171411,-0.625607,0.642296,-0.1881,1.17622,-0.643166,-0.753813,0.220758,-0.130543,0.476449,-2.93198,2.58608])
2.3763390070282293
Max g: 9.836114043149102e-6
f_23([0.00103922,1.91417,-0.914166,1.67572,-1.04318,0.36746,0.726009,-1.64046,2.64046,0.618102,0.0237639,0.358134,0.0653671,1.35456,0.286046,-0.617387,0.383536,3.46416,-0.852062,1.35615,-0.198971,0.192064,0.447275,0.829605,-1.83404,2.33647,0.478103,0.0194688,-0.176223,0.643166,0.753824,-0.220767,0.171411,-0.625607,0.642297,-0.188102,1.17622,-0.643166,-0.753815,0.22076,-0.130543,0.476448,-2.93198,2.58608])
2.3763390070282293
Max g: 8.029850038233921e-6
f_24([0.00103675,1.91417,-0.914166,1.67572,-1.04318,0.36746,0.726009,-1.64046,2.64046,0.6181,0.0237619,0.358138,0.0653642,1.35456,0.286048,-0.617387,0.383536,3.46416,-0.852062,1.35615,-0.198972,0.192064,0.447275,0.829605,-1.83404,2.33647,0.478112,0.0194662,-0.176223,0.643166,0.753824,-0.220767,0.171411,-0.625607,0.642298,-0.188103,1.17622,-0.643166,-0.753816,0.220761,-0.130543,0.476448,-2.93198,2.58608])
2.3763390070282293
Max g: 6.886336508742097e-6
f_25([0.00103538,1.91417,-0.914166,1.67572,-1.04318,0.36746,0.726009,-1.64046,2.64046,0.618099,0.0237607,0.35814,0.0653626,1.35457,0.286049,-0.617388,0.383536,3.46416,-0.852062,1.35616,-0.198972,0.192064,0.447275,0.829605,-1.83405,2.33647,0.478116,0.0194648,-0.176223,0.643166,0.753824,-0.220767,0.171411,-0.625607,0.642299,-0.188103,1.17622,-0.643166,-0.753817,0.220762,-0.130543,0.476448,-2.93198,2.58608])
2.3763390070282293
Max g: 6.251571472895567e-6
f_26([0.00103446,1.91417,-0.914166,1.67572,-1.04318,0.36746,0.726009,-1.64046,2.64046,0.618098,0.0237599,0.358142,0.0653616,1.35457,0.286049,-0.617388,0.383536,3.46416,-0.852062,1.35616,-0.198972,0.192064,0.447275,0.829605,-1.83405,2.33647,0.478119,0.0194639,-0.176223,0.643166,0.753824,-0.220767,0.171411,-0.625607,0.642299,-0.188104,1.17622,-0.643166,-0.753817,0.220762,-0.130543,0.476448,-2.93198,2.58608])
2.3763390070282293
Max g: 5.824329780801385e-6
f_27([0.00103394,1.91417,-0.914166,1.67572,-1.04318,0.36746,0.726009,-1.64046,2.64046,0.618098,0.0237595,0.358143,0.065361,1.35457,0.28605,-0.617388,0.383536,3.46416,-0.852062,1.35616,-0.198973,0.192064,0.447275,0.829605,-1.83405,2.33646,0.478121,0.0194633,-0.176223,0.643166,0.753824,-0.220767,0.171411,-0.625607,0.642299,-0.188104,1.17622,-0.643166,-0.753818,0.220763,-0.130543,0.476448,-2.93198,2.58608])
2.3763390070282293
Max g: 5.578211397225252e-6
f_28([0.00103363,1.91417,-0.914166,1.67572,-1.04318,0.36746,0.726009,-1.64046,2.64046,0.618097,0.0237593,0.358143,0.0653606,1.35457,0.28605,-0.617388,0.383536,3.46416,-0.852062,1.35616,-0.198973,0.192064,0.447275,0.829605,-1.83405,2.33646,0.478122,0.019463,-0.176223,0.643166,0.753824,-0.220767,0.171411,-0.625607,0.6423,-0.188104,1.17622,-0.643166,-0.753818,0.220763,-0.130543,0.476448,-2.93198,2.58608])
2.3763390070282293
Max g: 5.4375727634101145e-6
f_29([0.00103345,1.91417,-0.914166,1.67572,-1.04318,0.36746,0.726009,-1.64046,2.64046,0.618097,0.0237591,0.358144,0.0653604,1.35457,0.28605,-0.617388,0.383536,3.46416,-0.852062,1.35616,-0.198973,0.192064,0.447275,0.829605,-1.83405,2.33646,0.478123,0.0194628,-0.176223,0.643166,0.753824,-0.220767,0.171411,-0.625607,0.6423,-0.188104,1.17622,-0.643166,-0.753818,0.220763,-0.130543,0.476448,-2.93198,2.58608])
2.3763390070282293
Max g: 5.3521677230994325e-6
f_30([0.00103333,1.91417,-0.914166,1.67572,-1.04318,0.36746,0.726009,-1.64046,2.64046,0.618097,0.023759,0.358144,0.0653603,1.35457,0.28605,-0.617388,0.383535,3.46416,-0.852062,1.35616,-0.198973,0.192064,0.447275,0.829605,-1.83405,2.33646,0.478123,0.0194627,-0.176223,0.643166,0.753824,-0.220767,0.171411,-0.625607,0.6423,-0.188104,1.17622,-0.643166,-0.753818,0.220763,-0.130543,0.476448,-2.93198,2.58608])
2.3763390070282293
{0.0010333340581135941,1.9141656411055432,-0.9141656411055502,1.6757209426727524,-1.043180762446047,0.36745981977329484,0.7260087227279632,-1.6404577285568027,2.640457728556803,0.6180970740936568,0.023759015030859924,0.35814391087548003,0.0653602850292253,1.3545667957214098,0.28605020437179446,-0.61738790736618,0.38353549600812825,3.464163139338128,-0.8520619937405064,1.3561564510441613,-0.1989727341546966,0.19206444855267052,0.44727509849744973,0.8296054217998501,-1.8340495867870132,2.336464019511517,0.478123034766011,0.019462694693962886,-0.17622275425564987,0.6431662957573724,0.7538238550496101,-0.2207673994382094,0.17141077605406044,-0.6256065333944761,0.6422997172938686,-0.18810395584597633,1.1762210097930328,-0.6431659918854393,-0.7538179144320986,0.22076289240595956,-0.13054261464275382,0.4764477691195307,-2.931983037092783,2.586077854599053}]
Set[{A021,A031,A032,A041,A042,A043,A121,A131,A132,A141,A142,A143,B021,B031,B032,B041,B042,B043,B121,B131,B132,B141,B142,B143,\[Alpha]1,\[Alpha]2,\[Alpha]3,\[Alpha]4,\[Beta]11,\[Beta]12,\[Beta]13,\[Beta]14,\[Beta]21,\[Beta]22,\[Beta]23,\[Beta]24,\[Beta]31,\[Beta]32,\[Beta]33,\[Beta]34,\[Beta]41,\[Beta]42,\[Beta]43,\[Beta]44},{0.0010333340581135941,1.9141656411055432,-0.9141656411055502,1.6757209426727524,-1.043180762446047,0.36745981977329484,0.7260087227279632,-1.6404577285568027,2.640457728556803,0.6180970740936568,0.023759015030859924,0.35814391087548003,0.0653602850292253,1.3545667957214098,0.28605020437179446,-0.61738790736618,0.38353549600812825,3.464163139338128,-0.8520619937405064,1.3561564510441613,-0.1989727341546966,0.19206444855267052,0.44727509849744973,0.8296054217998501,-1.8340495867870132,2.336464019511517,0.478123034766011,0.019462694693962886,-0.17622275425564987,0.6431662957573724,0.7538238550496101,-0.2207673994382094,0.17141077605406044,-0.6256065333944761,0.6422997172938686,-0.18810395584597633,1.1762210097930328,-0.6431659918854393,-0.7538179144320986,0.22076289240595956,-0.13054261464275382,0.4764477691195307,-2.931983037092783,2.586077854599053}]

Max g: 5.299126514229924e-6
f_31([0.00103325,1.91417,-0.914166,1.67572,-1.04318,0.36746,0.726009,-1.64046,2.64046,0.618097,0.0237589,0.358144,0.0653602,1.35457,0.28605,-0.617388,0.383535,3.46416,-0.852062,1.35616,-0.198973,0.192064,0.447275,0.829605,-1.83405,2.33646,0.478123,0.0194626,-0.176223,0.643166,0.753824,-0.220767,0.171411,-0.625607,0.6423,-0.188104,1.17622,-0.643166,-0.753818,0.220763,-0.130543,0.476448,-2.93198,2.58608])
2.3763390070282293
Max g: 5.261951792658037e-6
f_32([0.00103322,1.91417,-0.914166,1.67572,-1.04318,0.36746,0.726009,-1.64046,2.64046,0.618097,0.0237589,0.358144,0.0653601,1.35457,0.28605,-0.617388,0.383535,3.46416,-0.852062,1.35616,-0.198973,0.192064,0.447275,0.829605,-1.83405,2.33646,0.478123,0.0194626,-0.176223,0.643166,0.753824,-0.220767,0.171411,-0.625607,0.6423,-0.188104,1.17622,-0.643166,-0.753818,0.220763,-0.130543,0.476448,-2.93198,2.58608])
2.3763390070282293
Max g: 5.2436425956245425e-6
f_33([0.00103319,1.91417,-0.914166,1.67572,-1.04318,0.36746,0.726009,-1.64046,2.64046,0.618097,0.0237589,0.358144,0.0653601,1.35457,0.28605,-0.617388,0.383535,3.46416,-0.852062,1.35616,-0.198973,0.192064,0.447275,0.829605,-1.83405,2.33646,0.478124,0.0194625,-0.176223,0.643166,0.753824,-0.220767,0.171411,-0.625607,0.6423,-0.188104,1.17622,-0.643166,-0.753818,0.220763,-0.130543,0.476448,-2.93198,2.58608])
2.3763390070282293
Max g: 5.232137843175222e-6
f_34([0.00103318,1.91417,-0.914166,1.67572,-1.04318,0.36746,0.726009,-1.64046,2.64046,0.618097,0.0237589,0.358144,0.0653601,1.35457,0.28605,-0.617388,0.383535,3.46416,-0.852062,1.35616,-0.198973,0.192064,0.447275,0.829605,-1.83405,2.33646,0.478124,0.0194625,-0.176223,0.643166,0.753824,-0.220767,0.171411,-0.625607,0.6423,-0.188104,1.17622,-0.643166,-0.753818,0.220763,-0.130543,0.476448,-2.93198,2.58608])
2.3763390070282293
Max g: 5.225831543539949e-6
f_35([0.00103317,1.91417,-0.914166,1.67572,-1.04318,0.36746,0.726009,-1.64046,2.64046,0.618097,0.0237589,0.358144,0.0653601,1.35457,0.28605,-0.617388,0.383535,3.46416,-0.852062,1.35616,-0.198973,0.192064,0.447275,0.829605,-1.83405,2.33646,0.478124,0.0194625,-0.176223,0.643166,0.753824,-0.220767,0.171411,-0.625607,0.6423,-0.188104,1.17622,-0.643166,-0.753818,0.220763,-0.130543,0.476448,-2.93198,2.58608])
2.3763390070282293
Max g: 5.222186805722839e-6
f_36([0.00103316,1.91417,-0.914166,1.67572,-1.04318,0.36746,0.726009,-1.64046,2.64046,0.618097,0.0237589,0.358144,0.0653601,1.35457,0.28605,-0.617388,0.383535,3.46416,-0.852062,1.35616,-0.198973,0.192064,0.447275,0.829605,-1.83405,2.33646,0.478124,0.0194625,-0.176223,0.643166,0.753824,-0.220767,0.171411,-0.625607,0.6423,-0.188104,1.17622,-0.643166,-0.753818,0.220763,-0.130543,0.476448,-2.93198,2.58608])
2.3763390070282293
Max g: 5.220079087049634e-6
{0.0010331633053147816,1.9141656385406132,-0.9141656385406133,1.675720942516375,-1.0431807609239212,0.36745981840754627,0.7260087301938489,-1.640457694343878,2.640457694343878,0.6180969159838622,0.02375887412648568,0.35814420988965273,0.06536008817530696,1.3545669153242497,0.2860503194467486,-0.6173879266215757,0.3835354807930907,3.464163124296746,-0.8520619906256678,1.3561565513218272,-0.1989727920032605,0.1920644653077535,0.4472751022920465,0.829605438192676,-1.8340498180890095,2.3364638499236716,0.4781236108606108,0.019462516912175078,-0.17622273680716827,0.6431662966279479,0.7538238517323778,-0.22076741400060304,0.17141077072744293,-0.6256065314111444,0.642299784088405,-0.18810401941312827,1.176221019233599,-0.6431659971570473,-0.753818001761021,0.22076297539856893,-0.13054260618563518,0.47644775289982605,-2.93198304306546,2.586077868697565}]
Set[{A021,A031,A032,A041,A042,A043,A121,A131,A132,A141,A142,A143,B021,B031,B032,B041,B042,B043,B121,B131,B132,B141,B142,B143,\[Alpha]1,\[Alpha]2,\[Alpha]3,\[Alpha]4,\[Beta]11,\[Beta]12,\[Beta]13,\[Beta]14,\[Beta]21,\[Beta]22,\[Beta]23,\[Beta]24,\[Beta]31,\[Beta]32,\[Beta]33,\[Beta]34,\[Beta]41,\[Beta]42,\[Beta]43,\[Beta]44},{0.0010331633053147816,1.9141656385406132,-0.9141656385406133,1.675720942516375,-1.0431807609239212,0.36745981840754627,0.7260087301938489,-1.640457694343878,2.640457694343878,0.6180969159838622,0.02375887412648568,0.35814420988965273,0.06536008817530696,1.3545669153242497,0.2860503194467486,-0.6173879266215757,0.3835354807930907,3.464163124296746,-0.8520619906256678,1.3561565513218272,-0.1989727920032605,0.1920644653077535,0.4472751022920465,0.829605438192676,-1.8340498180890095,2.3364638499236716,0.4781236108606108,0.019462516912175078,-0.17622273680716827,0.6431662966279479,0.7538238517323778,-0.22076741400060304,0.17141077072744293,-0.6256065314111444,0.642299784088405,-0.18810401941312827,1.176221019233599,-0.6431659971570473,-0.753818001761021,0.22076297539856893,-0.13054260618563518,0.47644775289982605,-2.93198304306546,2.586077868697565}]


-----------------Final Result------------------
Options: alg=LN_AUGLAG_EQ,dx=0.01,max_eval=100000000,popSize=0
imin=-6,jmin=-3,imax=1,jmax=3,
parameter_minmax=5,
randSeed=21074664,rand_minmax=2,
END_C=true, INEQ_C=false

3636302 steps

Completed with maxf : 2.3763390070282293

Constraints at 5.219605815814932e-6

x = [0.0010331633053147816,1.9141656385406132,-0.9141656385406133,1.675720942516375,-1.0431807609239212,0.36745981840754627,0.7260087301938489,-1.640457694343878,2.640457694343878,0.6180969159838622,0.02375887412648568,0.35814420988965273,0.06536008817530696,1.3545669153242497,0.2860503194467486,-0.6173879266215757,0.3835354807930907,3.464163124296746,-0.8520619906256678,1.3561565513218272,-0.1989727920032605,0.1920644653077535,0.4472751022920465,0.829605438192676,-1.8340498180890095,2.3364638499236716,0.4781236108606108,0.019462516912175078,-0.17622273680716827,0.6431662966279479,0.7538238517323778,-0.22076741400060304,0.17141077072744293,-0.6256065314111444,0.642299784088405,-0.18810401941312827,1.176221019233599,-0.6431659971570473,-0.753818001761021,0.22076297539856893,-0.13054260618563518,0.47644775289982605,-2.93198304306546,2.586077868697565]
c0 = [0.0,0.0010331633053147816,0.9999999999999999,1.0]
c1 = [0.0,0.7260087301938489,1.0,1.0000000000000004]
A0 = [0.0,0.0010331633053147816,1.9141656385406132,1.675720942516375,0.0,0.0,-0.9141656385406133,-1.0431807609239212,0.0,0.0,0.0,0.36745981840754627,0.0,0.0,0.0,0.0]
A1 = [0.0,0.7260087301938489,-1.640457694343878,0.6180969159838622,0.0,0.0,2.640457694343878,0.02375887412648568,0.0,0.0,0.0,0.35814420988965273,0.0,0.0,0.0,0.0]
B0 = [0.0,0.06536008817530696,1.3545669153242497,-0.6173879266215757,0.0,0.0,0.2860503194467486,0.3835354807930907,0.0,0.0,0.0,3.464163124296746,0.0,0.0,0.0,0.0]
B1 = [0.0,-0.8520619906256678,1.3561565513218272,0.1920644653077535,0.0,0.0,-0.1989727920032605,0.4472751022920465,0.0,0.0,0.0,0.829605438192676,0.0,0.0,0.0,0.0]
α  = [-1.8340498180890095,2.3364638499236716,0.4781236108606108,0.019462516912175078]
β1 = [-0.17622273680716827,0.6431662966279479,0.7538238517323778,-0.22076741400060304]
β2 = [0.17141077072744293,-0.6256065314111444,0.642299784088405,-0.18810401941312827]
β3 = [1.176221019233599,-0.6431659971570473,-0.753818001761021,0.22076297539856893]
β4 = [-0.13054260618563518,0.47644775289982605,-2.93198304306546,2.586077868697565]


Set[{A021,A031,A032,A041,A042,A043,A121,A131,A132,A141,A142,A143,B021,B031,B032,B041,B042,B043,B121,B131,B132,B141,B142,B143,\[Alpha]1,\[Alpha]2,\[Alpha]3,\[Alpha]4,\[Beta]11,\[Beta]12,\[Beta]13,\[Beta]14,\[Beta]21,\[Beta]22,\[Beta]23,\[Beta]24,\[Beta]31,\[Beta]32,\[Beta]33,\[Beta]34,\[Beta]41,\[Beta]42,\[Beta]43,\[Beta]44},{0.0010331633053147816,1.9141656385406132,-0.9141656385406133,1.675720942516375,-1.0431807609239212,0.36745981840754627,0.7260087301938489,-1.640457694343878,2.640457694343878,0.6180969159838622,0.02375887412648568,0.35814420988965273,0.06536008817530696,1.3545669153242497,0.2860503194467486,-0.6173879266215757,0.3835354807930907,3.464163124296746,-0.8520619906256678,1.3561565513218272,-0.1989727920032605,0.1920644653077535,0.4472751022920465,0.829605438192676,-1.8340498180890095,2.3364638499236716,0.4781236108606108,0.019462516912175078,-0.17622273680716827,0.6431662966279479,0.7538238517323778,-0.22076741400060304,0.17141077072744293,-0.6256065314111444,0.642299784088405,-0.18810401941312827,1.176221019233599,-0.6431659971570473,-0.753818001761021,0.22076297539856893,-0.13054260618563518,0.47644775289982605,-2.93198304306546,2.586077868697565}]



