
-----------------Setup------------------
Options: alg=LN_AUGLAG_EQ,dx=0.01,max_eval=100000000,popSize=0
imin=-6,jmin=-3,imax=1,jmax=3,
parameter_minmax=5,
randSeed=24798086, rand_minmax=3,
END_C=true, INEQ_C=false

Initial Condition:

[1.96167,2.67533,0.408582,2.41521,0.434734,0.113454,-0.740187,0.645841,0.192314,-2.77556,2.71882,2.90438,1.28164,2.87937,-1.07023,-1.61558,-2.88937,-2.61394,-2.38511,-0.211076,-2.85982,-1.15716,0.986425,-2.02264,1.87884,0.479631,-1.64117,-0.814245,-2.19658,1.62208,-1.15134,1.24418,-2.24045,-1.94199,-1.04478,1.11906,-0.125805,1.27882,-2.06583,-1.89567,-1.96486,-1.75225,2.50755,-0.875196]

f_1([0.033762,3.54112,-3.41975,0.215307,0.014926,0.487114,2.06874e-8,-0.0761306,0.143322,-4.20782,2.95365,1.48689,0.0101667,1.87936,-1.70691,0.466627,2.93448,0.62535,1.47005,1.16977,-0.00665261,4.16398,1.38056,-2.30404,0.456772,-0.278983,0.0408815,0.00387095,-0.105266,-0.516973,-0.00853629,0.228788,0.511938,0.744061,-1.26212,0.0266826,0.790911,1.87191,-1.41586,-0.333505,0.2763,-1.67534,2.50217,0.175686])
30.488558061813286
Max g: 1.2788201261499355
f_2([2.05785e-7,3.75503,-2.79155,0.238781,0.119053,0.603688,0.947371,0.383116,0.616884,-3.9866,3.3219,1.66469,-0.497471,2.09883,-0.971038,0.461435,4.8558,2.42344,1.53807,0.590582,-0.036489,4.1174,1.91545,-2.13692,0.850975,-0.43391,0.69664,0.0126244,0.539547,-0.420948,1.10811,0.103089,-0.309818,1.59949,-1.09636,-0.223789,0.647027,1.32007,-2.06525,-0.225004,-0.375432,-2.27715,1.9854,0.463199])
2.7502806781849554
Max g: 0.3681787481062382
f_3([-6.87248e-19,3.76188,-2.76188,0.252473,0.127398,0.603305,1.0,0.399064,0.591416,-3.98339,3.31382,1.6695,-0.640513,2.13376,-0.864135,0.448966,4.85458,2.41906,1.39358,0.476853,-0.24417,3.57897,1.9184,-2.52219,0.947923,-0.442941,0.605942,0.0125652,0.232254,-0.680003,1.50193,0.248046,-0.0664447,1.72217,-1.33963,-0.357929,1.03371,1.12841,-2.01677,-0.344894,-0.340512,-2.11403,1.54895,0.7089])
2.507133854417625
Max g: 0.30222872068423645
f_4([-3.53642e-6,3.76419,-2.76419,0.250039,0.122772,0.609448,1.00002,0.407336,0.562979,-3.97161,3.3043,1.66732,-0.666171,2.14564,-0.819548,0.452832,4.8542,2.41638,1.04072,0.390545,-0.399827,3.2479,1.85431,-2.81992,0.99918,-0.455767,0.580883,0.0119641,0.0616216,-0.709541,1.57775,0.337943,0.0332953,1.91744,-1.57712,-0.387754,1.10291,0.969665,-1.85014,-0.395839,-0.238849,-2.06612,1.26601,0.843992])
2.3883019503870155
Max g: 0.267775487848702
f_5([0.000451407,3.73429,-2.73429,0.274512,0.137931,0.587549,1.0,0.439276,0.505028,-3.9825,3.29347,1.65844,-0.516506,2.10467,-0.790739,0.436822,4.75553,2.43059,0.918808,0.464113,-0.479008,3.14774,1.82967,-2.93626,1.00069,-0.498284,0.484563,0.0137097,-0.0985273,-0.841416,1.53672,0.404854,0.10256,2.01233,-1.7012,-0.414272,1.13035,0.916661,-1.61756,-0.42319,-0.0857289,-1.89854,1.11915,0.864644])
2.460278992929046
Max g: 0.03416705596935965
f_6([0.00215857,3.7341,-2.73612,0.274124,0.137003,0.587982,0.999999,0.44792,0.502351,-3.98004,3.2859,1.66507,-0.475858,2.11189,-0.776441,0.440019,4.75534,2.43188,0.965527,0.486151,-0.479093,3.16277,1.84402,-2.9163,1.00104,-0.507417,0.493315,0.012643,-0.091156,-0.89064,1.56401,0.416043,0.0965657,1.98166,-1.65055,-0.42552,1.10349,0.931697,-1.60623,-0.426071,-0.0854657,-1.88456,1.10957,0.860673])
2.4316676200626155
Max g: 0.020835410672059185
f_7([0.00387442,3.73376,-2.73605,0.27426,0.136944,0.587653,1.0,0.454249,0.500666,-3.97966,3.28486,1.66773,-0.459588,2.11739,-0.763323,0.439848,4.75506,2.43134,0.977621,0.494264,-0.480668,3.16825,1.84485,-2.9115,1.00448,-0.512005,0.49487,0.0120559,-0.0853749,-0.921237,1.58065,0.424086,0.0871535,1.97252,-1.62925,-0.428395,1.09019,0.940817,-1.60058,-0.428878,-0.081098,-1.87501,1.09561,0.85941])
2.4156173377229107
Max g: 0.01800801713070921
f_8([0.00787258,3.73408,-2.736,0.274218,0.136448,0.588482,1.0,0.458791,0.50009,-3.9787,3.28461,1.66947,-0.452837,2.12027,-0.755296,0.439976,4.75436,2.43061,0.982754,0.499135,-0.481832,3.17023,1.84591,-2.90977,1.00707,-0.514452,0.495175,0.0117492,-0.080595,-0.939823,1.58974,0.428808,0.0774831,1.97042,-1.61684,-0.429888,1.082,0.947704,-1.5971,-0.430731,-0.0728199,-1.86849,1.08229,0.858152])
2.3967757019328224
Max g: 0.016490899564918227
f_9([0.0110169,3.73435,-2.73542,0.274382,0.13644,0.588681,1.0,0.461394,0.501063,-3.97806,3.28518,1.6705,-0.4505,2.12166,-0.751997,0.44,4.75428,2.43061,0.984868,0.501919,-0.482284,3.17144,1.8453,-2.90842,1.00843,-0.515579,0.49544,0.0116175,-0.0733567,-0.951857,1.59222,0.431736,0.0709063,1.9707,-1.6096,-0.430677,1.07448,0.955381,-1.59585,-0.432593,-0.0661013,-1.86378,1.07131,0.857158])
2.3838158466274706
Max g: 0.015163486558369188
f_10([0.0123583,3.73452,-2.73506,0.274632,0.136505,0.588541,1.0,0.463649,0.502193,-3.97742,3.28573,1.67139,-0.448952,2.12252,-0.749775,0.439893,4.75427,2.43065,0.987961,0.505373,-0.483147,3.17274,1.84565,-2.90723,1.00917,-0.516239,0.495435,0.0115348,-0.0672336,-0.960921,1.59293,0.434036,0.0644461,1.97238,-1.60334,-0.432306,1.06764,0.962084,-1.59415,-0.43432,-0.059259,-1.86011,1.06163,0.8565])
2.3776349925587645
{0.01235832732902844,3.734521567898804,-2.7350551334734026,0.27463218993306,0.13650517876270313,0.5885408489648233,0.9999999999999996,0.4636487680826354,0.5021926043684862,-3.9774198049040437,3.285725419692895,1.6713935200149537,-0.44895185383091973,2.122515129485597,-0.7497745170118143,0.4398929539018303,4.754273950473815,2.4306451113518484,0.9879606451878116,0.505372957344103,-0.48314698769393866,3.1727381186443258,1.8456497557434919,-2.9072337892648457,1.009168050314913,-0.5162394695605063,0.49543487426752514,0.011534819830064292,-0.06723356903131407,-0.9609212175311644,1.592926031091285,0.4340356151370238,0.0644461087633286,1.9723834264371272,-1.603344920314629,-0.4323059134626435,1.067641373801594,0.962084462739157,-1.5941469573534983,-0.43431965747778717,-0.059258957699209726,-1.8601120294013818,1.0616269221069372,0.8565000060299428}]
Set[{A021,A031,A032,A041,A042,A043,A121,A131,A132,A141,A142,A143,B021,B031,B032,B041,B042,B043,B121,B131,B132,B141,B142,B143,\[Alpha]1,\[Alpha]2,\[Alpha]3,\[Alpha]4,\[Beta]11,\[Beta]12,\[Beta]13,\[Beta]14,\[Beta]21,\[Beta]22,\[Beta]23,\[Beta]24,\[Beta]31,\[Beta]32,\[Beta]33,\[Beta]34,\[Beta]41,\[Beta]42,\[Beta]43,\[Beta]44},{0.01235832732902844,3.734521567898804,-2.7350551334734026,0.27463218993306,0.13650517876270313,0.5885408489648233,0.9999999999999996,0.4636487680826354,0.5021926043684862,-3.9774198049040437,3.285725419692895,1.6713935200149537,-0.44895185383091973,2.122515129485597,-0.7497745170118143,0.4398929539018303,4.754273950473815,2.4306451113518484,0.9879606451878116,0.505372957344103,-0.48314698769393866,3.1727381186443258,1.8456497557434919,-2.9072337892648457,1.009168050314913,-0.5162394695605063,0.49543487426752514,0.011534819830064292,-0.06723356903131407,-0.9609212175311644,1.592926031091285,0.4340356151370238,0.0644461087633286,1.9723834264371272,-1.603344920314629,-0.4323059134626435,1.067641373801594,0.962084462739157,-1.5941469573534983,-0.43431965747778717,-0.059258957699209726,-1.8601120294013818,1.0616269221069372,0.8565000060299428}]

Max g: 0.01385776235268299
f_11([0.0130064,3.73464,-2.7347,0.274758,0.136652,0.588558,1.0,0.465649,0.503487,-3.97678,3.28644,1.67213,-0.44822,2.12306,-0.74869,0.439838,4.75428,2.43065,0.990749,0.508817,-0.484142,3.17364,1.84642,-2.90629,1.00972,-0.516581,0.495375,0.0114904,-0.0609891,-0.968349,1.59229,0.4359,0.0582654,1.97492,-1.59812,-0.434013,1.06086,0.968113,-1.59204,-0.43584,-0.0526832,-1.85712,1.05279,0.85592])
2.373747035967159
Max g: 0.01266038781341794
f_12([0.0133102,3.73456,-2.73458,0.274833,0.136524,0.588616,1.0,0.46752,0.504756,-3.97611,3.28709,1.67274,-0.447922,2.12334,-0.748051,0.439908,4.75426,2.43056,0.992994,0.512045,-0.48529,3.1742,1.84727,-2.90572,1.00999,-0.516796,0.495339,0.0114697,-0.0548532,-0.974391,1.59071,0.43747,0.0523239,1.97771,-1.59353,-0.435603,1.05459,0.973246,-1.58958,-0.437177,-0.0466921,-1.85495,1.04509,0.855596])
2.3715538296847147
Max g: 0.011450075738417387
f_13([0.0132565,3.73454,-2.73455,0.274754,0.136718,0.588523,1.0,0.469125,0.506123,-3.97564,3.28776,1.67337,-0.4478,2.12342,-0.747702,0.439831,4.75435,2.43053,0.994776,0.514957,-0.48642,3.17454,1.8481,-2.90536,1.01033,-0.516945,0.495202,0.0114639,-0.049117,-0.979285,1.58867,0.438729,0.0469122,1.98043,-1.58949,-0.437011,1.04862,0.977797,-1.58712,-0.438353,-0.0412635,-1.85339,1.03842,0.855388])
2.370556917738149
Max g: 0.010241926442338567
f_14([0.0130513,3.73449,-2.73449,0.274714,0.136765,0.588514,1.0,0.470331,0.507291,-3.97518,3.28822,1.67387,-0.447904,2.12345,-0.747455,0.439891,4.7543,2.43053,0.996033,0.517316,-0.487422,3.17469,1.84888,-2.90527,1.01048,-0.51697,0.495066,0.0114632,-0.0443173,-0.983022,1.58677,0.439716,0.0424823,1.98286,-1.58642,-0.438147,1.04385,0.981173,-1.58495,-0.439251,-0.036982,-1.85241,1.0333,0.855328])
2.3696596969862402
Max g: 0.00928440329508784
f_15([0.0129794,3.73452,-2.73452,0.274706,0.136805,0.588486,1.0,0.471535,0.508368,-3.9747,3.28871,1.67426,-0.448075,2.12344,-0.747366,0.439862,4.75436,2.43057,0.997099,0.519541,-0.488419,3.17466,1.84972,-2.90523,1.01058,-0.517,0.494984,0.011465,-0.0399045,-0.986257,1.58475,0.440566,0.0382795,1.98513,-1.58351,-0.439165,1.03931,0.984255,-1.58276,-0.44007,-0.0329222,-1.85173,1.02868,0.855309])
2.368363711455705
Max g: 0.008369591727603432
f_16([0.0129392,3.73444,-2.73444,0.274701,0.136829,0.588465,1.0,0.472617,0.50937,-3.97426,3.28913,1.67466,-0.44817,2.12346,-0.747278,0.439849,4.75435,2.43055,0.997936,0.521545,-0.48936,3.1745,1.85055,-2.90525,1.01063,-0.516992,0.494925,0.0114647,-0.0356904,-0.989089,1.58274,0.441309,0.0343519,1.98719,-1.58089,-0.440027,1.03519,0.987063,-1.58074,-0.440804,-0.0292497,-1.85131,1.02464,0.855325])
2.3678652554824224
Max g: 0.007545203847541537
f_17([0.012742,3.7344,-2.7344,0.274783,0.136788,0.588428,1.0,0.473668,0.510338,-3.97384,3.28956,1.67499,-0.448394,2.12341,-0.747269,0.439848,4.75434,2.43054,0.998722,0.523498,-0.490314,3.17431,1.85139,-2.9053,1.01072,-0.516954,0.494841,0.0114691,-0.0317506,-0.991603,1.58066,0.441977,0.0306102,1.98916,-1.57835,-0.440853,1.03119,0.989535,-1.57865,-0.441457,-0.0258229,-1.85104,1.02093,0.855386])
2.3679649466770787
Max g: 0.006700753075122856
f_18([0.0125889,3.7344,-2.7344,0.274736,0.136879,0.588379,1.0,0.474531,0.511365,-3.97343,3.28992,1.67534,-0.448573,2.12342,-0.747352,0.43994,4.75438,2.43055,0.99932,0.525315,-0.491239,3.17407,1.85228,-2.90551,1.01076,-0.516972,0.494761,0.0114745,-0.027932,-0.993854,1.57867,0.442562,0.0270359,1.99106,-1.57598,-0.441576,1.02744,0.991804,-1.57666,-0.442043,-0.0226293,-1.85098,1.01764,0.85547])
2.367665873093109
Max g: 0.005924237292668888
f_19([0.0124201,3.73441,-2.73441,0.274742,0.136857,0.588394,1.0,0.475302,0.51214,-3.97311,3.29029,1.67558,-0.44873,2.12341,-0.747298,0.439973,4.75444,2.43049,0.999724,0.526734,-0.491973,3.17382,1.85303,-2.90569,1.01085,-0.516921,0.494682,0.0114776,-0.0249794,-0.99566,1.57704,0.44301,0.024169,1.99249,-1.57407,-0.442084,1.0244,0.993585,-1.57501,-0.442496,-0.0199767,-1.851,1.01502,0.85552])
2.3673667995091394
Max g: 0.005311592919970298
f_20([0.0119211,3.73454,-2.73454,0.274799,0.136932,0.588264,1.0,0.476435,0.513674,-3.97268,3.29098,1.67601,-0.449722,2.12291,-0.748034,0.440394,4.75468,2.43052,1.00007,0.529217,-0.493446,3.1733,1.85451,-2.90659,1.01075,-0.51678,0.494492,0.0115172,-0.0194018,-0.997622,1.5731,0.443557,0.0190408,1.99549,-1.57115,-0.443042,1.01916,0.996444,-1.57194,-0.443253,-0.0155832,-1.85187,1.01124,0.855903])
2.368563093845018
{0.011921131664145063,3.734536941090097,-2.734538457060311,0.2747993488509891,0.1369324736192692,0.5882643732606296,1.0000000000000002,0.47643471733857545,0.5136739224624111,-3.9726817227272893,3.290976510228198,1.6760057100421055,-0.44972241928160017,2.1229077348456213,-0.7480336873665919,0.44039410295173936,4.754681273975935,2.430516486269966,1.0000749836720424,0.5292167711255525,-0.49344580203200517,3.1732961847897654,1.8545136848862054,-2.9065897850754805,1.0107480378089764,-0.5167802119333371,0.49449228030416753,0.011517155036649402,-0.01940180711991282,-0.9976220171339553,1.5731017332078658,0.4435566738340784,0.01904076086957135,1.9954935851234328,-1.5711519799532974,-0.4430416010192831,1.019156397321561,0.9964436543472803,-1.571940648546893,-0.4432525975899098,-0.015583227589489955,-1.851874150989794,1.0112364010867274,0.8559032733688073}]
Set[{A021,A031,A032,A041,A042,A043,A121,A131,A132,A141,A142,A143,B021,B031,B032,B041,B042,B043,B121,B131,B132,B141,B142,B143,\[Alpha]1,\[Alpha]2,\[Alpha]3,\[Alpha]4,\[Beta]11,\[Beta]12,\[Beta]13,\[Beta]14,\[Beta]21,\[Beta]22,\[Beta]23,\[Beta]24,\[Beta]31,\[Beta]32,\[Beta]33,\[Beta]34,\[Beta]41,\[Beta]42,\[Beta]43,\[Beta]44},{0.011921131664145063,3.734536941090097,-2.734538457060311,0.2747993488509891,0.1369324736192692,0.5882643732606296,1.0000000000000002,0.47643471733857545,0.5136739224624111,-3.9726817227272893,3.290976510228198,1.6760057100421055,-0.44972241928160017,2.1229077348456213,-0.7480336873665919,0.44039410295173936,4.754681273975935,2.430516486269966,1.0000749836720424,0.5292167711255525,-0.49344580203200517,3.1732961847897654,1.8545136848862054,-2.9065897850754805,1.0107480378089764,-0.5167802119333371,0.49449228030416753,0.011517155036649402,-0.01940180711991282,-0.9976220171339553,1.5731017332078658,0.4435566738340784,0.01904076086957135,1.9954935851234328,-1.5711519799532974,-0.4430416010192831,1.019156397321561,0.9964436543472803,-1.571940648546893,-0.4432525975899098,-0.015583227589489955,-1.851874150989794,1.0112364010867274,0.8559032733688073}]

Max g: 0.004191857742027794
f_21([0.0116573,3.73457,-2.73457,0.274804,0.136853,0.588343,1.0,0.47754,0.51492,-3.9722,3.2915,1.67637,-0.450143,2.12278,-0.748257,0.440435,4.75469,2.43052,1.00026,0.531315,-0.494747,3.17263,1.85575,-2.90718,1.01068,-0.516669,0.494424,0.0115326,-0.0147374,-0.999447,1.56989,0.444039,0.0145465,1.99791,-1.56846,-0.443743,1.01461,0.998696,-1.56917,-0.443841,-0.0117313,-1.85257,1.00787,0.856197])
2.368363711455705
Max g: 0.003208690543092363
f_22([0.0113732,3.73455,-2.73455,0.274821,0.136847,0.588331,1.0,0.478639,0.516066,-3.97171,3.29197,1.67673,-0.450427,2.12273,-0.74846,0.440387,4.75467,2.43056,1.00049,0.533331,-0.495989,3.17207,1.8569,-2.90776,1.01065,-0.516548,0.494322,0.0115429,-0.0103426,-1.00136,1.56695,0.444556,0.0103591,2.0001,-1.56582,-0.444415,1.0102,1.00089,-1.56648,-0.444416,-0.00812986,-1.85326,1.00471,0.856489])
2.3682640202610483
Max g: 0.002284853800731179
f_23([0.0111382,3.73455,-2.73455,0.274819,0.136847,0.588327,1.0,0.47951,0.517042,-3.97135,3.29237,1.67702,-0.450692,2.12271,-0.748505,0.440387,4.75464,2.43058,1.00071,0.535026,-0.497008,3.17157,1.85793,-2.90825,1.01071,-0.516509,0.494207,0.0115502,-0.00669497,-1.00298,1.56459,0.44498,0.0068129,2.00184,-1.56357,-0.444958,1.00664,1.00263,-1.56424,-0.44488,-0.00513837,-1.85384,1.00217,0.856722])
2.368363711455705
Max g: 0.0014868291735503636
f_24([0.01096,3.73457,-2.73457,0.274304,0.136802,0.588887,1.0,0.480344,0.518012,-3.97101,3.29275,1.67736,-0.450736,2.12273,-0.748507,0.440343,4.75513,2.43081,1.00067,0.53656,-0.498047,3.17104,1.85898,-2.9089,1.01091,-0.516616,0.494127,0.0115512,-0.00332441,-1.00415,1.56208,0.445258,0.00321534,2.0035,-1.56134,-0.445354,1.00313,1.00403,-1.56188,-0.445222,-0.00231662,-1.85467,0.999971,0.856968])
2.3686627850396746
Max g: 0.0007427970168476516
f_25([0.0106945,3.73457,-2.73457,0.274308,0.136795,0.588897,1.0,0.481147,0.518853,-3.97067,3.29302,1.67765,-0.451181,2.12271,-0.748529,0.440403,4.7551,2.4309,1.00083,0.538466,-0.499319,3.17032,1.86019,-2.90958,1.01099,-0.516531,0.493962,0.0115607,0.000828743,-1.00559,1.5593,0.445724,-0.000578786,2.0052,-1.55893,-0.445945,0.999128,1.00561,-1.55929,-0.445722,0.000889873,-1.85555,0.997505,0.857401])
2.368363711455705
Max g: 0.0005990680030424356
f_26([0.0107941,3.73458,-2.73458,0.274456,0.136686,0.588858,0.99964,0.481303,0.518697,-3.97053,3.293,1.67753,-0.45129,2.12274,-0.748605,0.440017,4.75506,2.43096,1.00057,0.538395,-0.499372,3.1701,1.86035,-2.90964,1.0109,-0.516434,0.49397,0.0115624,0.000576655,-1.00543,1.55927,0.445628,-0.000532998,2.00516,-1.55883,-0.445771,0.999427,1.00543,-1.55927,-0.445627,0.000787428,-1.85584,0.997692,0.857369])
2.3684634026503617
Max g: 0.00034256697072443387
f_27([0.0107644,3.73458,-2.73458,0.274456,0.136685,0.588859,0.999622,0.481299,0.518701,-3.97052,3.29299,1.67753,-0.451286,2.12273,-0.748627,0.440016,4.75506,2.43096,1.00037,0.538284,-0.499342,3.17,1.8604,-2.90973,1.01089,-0.516426,0.493972,0.0115631,0.000523008,-1.00528,1.55923,0.445555,-0.000662527,2.00506,-1.55877,-0.445631,0.999486,1.0053,-1.55925,-0.44556,0.000824218,-1.85615,0.997948,0.857391])
2.3684634026503617
Max g: 0.0002710481777237206
f_28([0.0107576,3.73458,-2.73458,0.274455,0.136687,0.588858,0.999613,0.4813,0.5187,-3.97052,3.29299,1.67753,-0.451289,2.12273,-0.748633,0.440016,4.75506,2.43096,1.00024,0.538241,-0.499355,3.16992,1.86045,-2.90981,1.01088,-0.516423,0.493973,0.0115634,0.000505804,-1.00518,1.55918,0.445517,-0.000721407,2.00499,-1.55873,-0.445552,0.999502,1.0052,-1.5592,-0.445523,0.000827194,-1.85637,0.998136,0.857427])
2.3684634026503617
Max g: 0.00021671797381950242
f_29([0.0107531,3.73458,-2.73458,0.274455,0.136687,0.588858,0.999607,0.481302,0.518698,-3.97052,3.29299,1.67753,-0.45129,2.12273,-0.748632,0.440018,4.75506,2.43096,1.00015,0.538217,-0.499374,3.16986,1.86049,-2.90987,1.01088,-0.516422,0.493971,0.0115634,0.000504682,-1.0051,1.55912,0.44549,-0.000760302,2.00494,-1.55869,-0.445498,0.999506,1.00513,-1.55915,-0.445498,0.000821288,-1.85654,0.998279,0.857459])
2.3684634026503617
Max g: 0.0001765255833934276
f_30([0.0107531,3.73458,-2.73458,0.274456,0.136687,0.588857,0.999603,0.481301,0.518699,-3.97052,3.29299,1.67753,-0.451288,2.12273,-0.748632,0.440017,4.75506,2.43096,1.00008,0.538203,-0.499393,3.16981,1.86053,-2.90992,1.01088,-0.516421,0.493972,0.0115634,0.000503474,-1.00503,1.55908,0.44547,-0.000789506,2.0049,-1.55867,-0.445459,0.999507,1.00506,-1.55911,-0.445478,0.000813803,-1.85668,0.998396,0.857487])
2.3684634026503617
{0.010753065392420835,3.7345790225700446,-2.7345790223004194,0.27445590052165686,0.13668724123712464,0.5888568434853125,0.9996027096682808,0.48130099019370115,0.5186990109033038,-3.970523503116209,3.2929940886620956,1.6775294141312562,-0.4512880462063074,2.122728711453524,-0.7486324027765262,0.44001740788901494,4.75506254488414,2.4309603402245363,1.0000843191195847,0.5382027220076876,-0.4993931193945202,3.1698084558593256,1.8605268789514313,-2.909915324999402,1.0108799372294888,-0.5164212238184659,0.49397173977406095,0.011563415299261456,0.0005034739568777163,-1.0050298830632107,1.5590776978905079,0.44546999861547176,-0.0007895055119926496,2.0049040625768155,-1.5586700276766978,-0.4454586638167065,0.9995072644639039,1.0050598453796113,-1.559108998986173,-0.4454777144363487,0.0008138032678787569,-1.8566784874446338,0.9983957550820299,0.8574865260413921}]
Set[{A021,A031,A032,A041,A042,A043,A121,A131,A132,A141,A142,A143,B021,B031,B032,B041,B042,B043,B121,B131,B132,B141,B142,B143,\[Alpha]1,\[Alpha]2,\[Alpha]3,\[Alpha]4,\[Beta]11,\[Beta]12,\[Beta]13,\[Beta]14,\[Beta]21,\[Beta]22,\[Beta]23,\[Beta]24,\[Beta]31,\[Beta]32,\[Beta]33,\[Beta]34,\[Beta]41,\[Beta]42,\[Beta]43,\[Beta]44},{0.010753065392420835,3.7345790225700446,-2.7345790223004194,0.27445590052165686,0.13668724123712464,0.5888568434853125,0.9996027096682808,0.48130099019370115,0.5186990109033038,-3.970523503116209,3.2929940886620956,1.6775294141312562,-0.4512880462063074,2.122728711453524,-0.7486324027765262,0.44001740788901494,4.75506254488414,2.4309603402245363,1.0000843191195847,0.5382027220076876,-0.4993931193945202,3.1698084558593256,1.8605268789514313,-2.909915324999402,1.0108799372294888,-0.5164212238184659,0.49397173977406095,0.011563415299261456,0.0005034739568777163,-1.0050298830632107,1.5590776978905079,0.44546999861547176,-0.0007895055119926496,2.0049040625768155,-1.5586700276766978,-0.4454586638167065,0.9995072644639039,1.0050598453796113,-1.559108998986173,-0.4454777144363487,0.0008138032678787569,-1.8566784874446338,0.9983957550820299,0.8574865260413921}]

Max g: 0.00014388952715327363
f_31([0.0107545,3.73458,-2.73458,0.274457,0.136687,0.588857,0.999599,0.481301,0.518699,-3.97052,3.29299,1.67753,-0.451288,2.12273,-0.74863,0.440018,4.75506,2.43096,1.00003,0.538193,-0.499408,3.16977,1.86055,-2.90995,1.01088,-0.51642,0.493972,0.0115633,0.00050373,-1.00498,1.55904,0.445456,-0.000811639,2.00488,-1.55865,-0.445432,0.999507,1.00501,-1.55908,-0.445464,0.000806987,-1.85677,0.998478,0.857507])
2.3684634026503617
Max g: 0.00012173792033864927
f_32([0.0107533,3.73458,-2.73458,0.274457,0.136686,0.588857,0.999597,0.481301,0.518699,-3.97052,3.29299,1.67753,-0.451289,2.12273,-0.74863,0.440019,4.75506,2.43096,0.99999,0.538185,-0.499421,3.16973,1.86057,-2.90998,1.01088,-0.516421,0.493972,0.0115634,0.000504232,-1.00494,1.55901,0.445444,-0.000830626,2.00486,-1.55864,-0.445408,0.999508,1.00497,-1.55905,-0.445452,0.000800528,-1.85686,0.998551,0.857525])
2.3684634026503617
Max g: 0.00010203472990033546
f_33([0.0107535,3.73458,-2.73458,0.274456,0.136686,0.588858,0.999595,0.481302,0.518698,-3.97052,3.29299,1.67753,-0.451288,2.12273,-0.74863,0.440018,4.75506,2.43096,0.999957,0.538179,-0.499431,3.16971,1.86059,-2.91,1.01088,-0.516421,0.493972,0.0115634,0.000504678,-1.00491,1.55899,0.445435,-0.000844373,2.00485,-1.55863,-0.445391,0.999507,1.00494,-1.55902,-0.445443,0.000796048,-1.85692,0.998606,0.857539])
2.3684634026503617
Max g: 8.673026347860713e-5
f_34([0.0107538,3.73458,-2.73458,0.274456,0.136686,0.588858,0.999593,0.481302,0.518698,-3.97052,3.29299,1.67753,-0.451287,2.12273,-0.74863,0.440018,4.75506,2.43096,0.999933,0.538175,-0.499439,3.16969,1.8606,-2.91002,1.01088,-0.516421,0.493972,0.0115633,0.000504815,-1.00489,1.55897,0.445428,-0.000854411,2.00484,-1.55862,-0.445378,0.999507,1.00492,-1.55901,-0.445436,0.000792705,-1.85697,0.998646,0.857549])
2.3684634026503617
Max g: 7.57152342982792e-5
f_35([0.0107227,3.73458,-2.73458,0.274452,0.136688,0.58886,0.999553,0.481303,0.518697,-3.97053,3.29299,1.67754,-0.451264,2.12274,-0.748631,0.440019,4.75507,2.43096,0.999863,0.538103,-0.499388,3.16969,1.8606,-2.91003,1.01088,-0.516418,0.493977,0.0115627,0.000480071,-1.00483,1.55897,0.445387,-0.000873274,2.00481,-1.55862,-0.445316,0.999529,1.00483,-1.55898,-0.445387,0.000814954,-1.85707,0.998714,0.857531])
2.368563093845018
Max g: 4.00187686100395e-5
f_36([0.0107282,3.73458,-2.73458,0.274453,0.136688,0.588859,0.999547,0.481307,0.518693,-3.97053,3.29299,1.67754,-0.451249,2.12274,-0.748621,0.440018,4.75507,2.43096,0.999814,0.538067,-0.499368,3.16967,1.86061,-2.91005,1.01088,-0.516421,0.49398,0.0115622,0.00046695,-1.0048,1.55897,0.445365,-0.000897532,2.00479,-1.55861,-0.445278,0.999536,1.0048,-1.55897,-0.445365,0.000840076,-1.85715,0.998775,0.857531])
2.368563093845018
Max g: 1.775815531956937e-5
f_37([0.0107245,3.73458,-2.73458,0.274457,0.136705,0.588838,0.999545,0.481312,0.518688,-3.97056,3.29301,1.67755,-0.451215,2.12277,-0.748597,0.440001,4.75504,2.43096,0.999769,0.538046,-0.499367,3.1696,1.86063,-2.91003,1.01089,-0.516436,0.493979,0.011561,0.00044444,-1.00477,1.55897,0.445354,-0.000914866,2.00475,-1.55859,-0.445245,0.999553,1.00478,-1.55898,-0.445356,0.000850696,-1.85722,0.998827,0.857539])
2.368363711455705
Max g: 8.313287976055572e-6
f_38([0.0107284,3.73458,-2.73458,0.274457,0.136705,0.588838,0.999542,0.481312,0.518688,-3.97056,3.29301,1.67754,-0.451217,2.12277,-0.748596,0.44,4.75504,2.43096,0.999748,0.538037,-0.499367,3.16959,1.86064,-2.91004,1.0109,-0.516436,0.493978,0.011561,0.000452566,-1.00475,1.55895,0.445344,-0.000925493,2.00474,-1.55859,-0.445231,0.999547,1.00475,-1.55896,-0.445345,0.000849305,-1.85726,0.99887,0.857545])
2.368363711455705
Max g: 9.025659517880591e-6
f_39([0.01073,3.73458,-2.73458,0.274458,0.136704,0.588838,0.999541,0.481312,0.518688,-3.97056,3.29301,1.67754,-0.451217,2.12277,-0.748595,0.440001,4.75504,2.43096,0.999727,0.538032,-0.499371,3.16958,1.86065,-2.91005,1.0109,-0.516436,0.493979,0.0115609,0.00045406,-1.00473,1.55894,0.445337,-0.000933881,2.00474,-1.55859,-0.445221,0.999545,1.00473,-1.55894,-0.445337,0.000847566,-1.8573,0.998905,0.857552])
2.368363711455705
Max g: 1.7978496293147295e-5
f_40([0.01073,3.73458,-2.73458,0.274458,0.136705,0.588838,0.99954,0.481313,0.518687,-3.97056,3.29301,1.67755,-0.451217,2.12277,-0.748594,0.440001,4.75504,2.43096,0.999712,0.538029,-0.499376,3.16956,1.86066,-2.91006,1.0109,-0.516436,0.493979,0.0115609,0.00045424,-1.00472,1.55893,0.445332,-0.000940389,2.00474,-1.55859,-0.445213,0.999545,1.00472,-1.55893,-0.445332,0.000846407,-1.85733,0.99893,0.857558])
2.368363711455705
{0.010730012776426334,3.7345776731365294,-2.734577672538878,0.2744576018373534,0.1367046879859087,0.5888377072352894,0.9995398377365192,0.48131253457120876,0.5186874656611424,-3.9705566398818775,3.2930114701326474,1.6775451698403163,-0.45121650510387445,2.1227695032427842,-0.7485943290236924,0.4400012607571292,4.755039137046269,2.430962392262633,0.9997116583771607,0.5380292191126723,-0.4993755137791667,3.1695639801179585,1.8606569840538403,-2.910064630397065,1.010897024525148,-0.5164363876670011,0.4939787554846539,0.011560922123279575,0.0004542397293515353,-1.0047152889297764,1.5589279715600397,0.44533218556861376,-0.0009403893492037147,2.004736975939355,-1.5585855972633376,-0.4452130850347996,0.9995445466012485,1.0047155595601331,-1.558926781097514,-0.4453324987089797,0.0008464070787636996,-1.8573328631873232,0.9989295958795112,0.8575583546195163}]
Set[{A021,A031,A032,A041,A042,A043,A121,A131,A132,A141,A142,A143,B021,B031,B032,B041,B042,B043,B121,B131,B132,B141,B142,B143,\[Alpha]1,\[Alpha]2,\[Alpha]3,\[Alpha]4,\[Beta]11,\[Beta]12,\[Beta]13,\[Beta]14,\[Beta]21,\[Beta]22,\[Beta]23,\[Beta]24,\[Beta]31,\[Beta]32,\[Beta]33,\[Beta]34,\[Beta]41,\[Beta]42,\[Beta]43,\[Beta]44},{0.010730012776426334,3.7345776731365294,-2.734577672538878,0.2744576018373534,0.1367046879859087,0.5888377072352894,0.9995398377365192,0.48131253457120876,0.5186874656611424,-3.9705566398818775,3.2930114701326474,1.6775451698403163,-0.45121650510387445,2.1227695032427842,-0.7485943290236924,0.4400012607571292,4.755039137046269,2.430962392262633,0.9997116583771607,0.5380292191126723,-0.4993755137791667,3.1695639801179585,1.8606569840538403,-2.910064630397065,1.010897024525148,-0.5164363876670011,0.4939787554846539,0.011560922123279575,0.0004542397293515353,-1.0047152889297764,1.5589279715600397,0.44533218556861376,-0.0009403893492037147,2.004736975939355,-1.5585855972633376,-0.4452130850347996,0.9995445466012485,1.0047155595601331,-1.558926781097514,-0.4453324987089797,0.0008464070787636996,-1.8573328631873232,0.9989295958795112,0.8575583546195163}]

Max g: 2.4780664395263052e-5
f_41([0.0107301,3.73458,-2.73458,0.274457,0.136705,0.588838,0.999539,0.481312,0.518688,-3.97056,3.29301,1.67755,-0.451216,2.12277,-0.748594,0.440001,4.75504,2.43096,0.9997,0.538027,-0.499379,3.16956,1.86066,-2.91007,1.0109,-0.516436,0.493979,0.0115609,0.000454534,-1.0047,1.55892,0.445329,-0.000945289,2.00473,-1.55858,-0.445207,0.999544,1.0047,-1.55892,-0.445329,0.000845426,-1.85735,0.998948,0.857563])
2.368363711455705
Max g: 2.9927875258239922e-5
f_42([0.0107299,3.73458,-2.73458,0.274456,0.136702,0.588842,0.99954,0.481312,0.518688,-3.97056,3.29301,1.67754,-0.451221,2.12277,-0.748594,0.44002,4.75504,2.43096,0.999699,0.538029,-0.499382,3.16955,1.86067,-2.91008,1.0109,-0.516434,0.493978,0.0115609,0.000455702,-1.0047,1.55892,0.445329,-0.000943752,2.00474,-1.55859,-0.445208,0.999544,1.0047,-1.55892,-0.445329,0.000839144,-1.85736,0.998953,0.857565])
2.368363711455705
Max g: 3.156916694690981e-5
f_43([0.0107261,3.73458,-2.73458,0.274456,0.136702,0.588842,0.999541,0.481311,0.518689,-3.97056,3.29301,1.67754,-0.451225,2.12277,-0.748598,0.44002,4.75504,2.43096,0.999715,0.538035,-0.499381,3.16956,1.86066,-2.91007,1.01089,-0.516432,0.493977,0.0115611,0.000456829,-1.00471,1.55892,0.445334,-0.000936183,2.00474,-1.55859,-0.445219,0.999543,1.00471,-1.55892,-0.445334,0.000838916,-1.85733,0.99893,0.857561])
2.368363711455705
Max g: 2.5588601076376172e-5
f_44([0.0107247,3.73458,-2.73458,0.274456,0.136702,0.588842,0.999542,0.48131,0.51869,-3.97056,3.29301,1.67754,-0.451228,2.12277,-0.748601,0.44002,4.75504,2.43096,0.999727,0.538039,-0.499379,3.16957,1.86066,-2.91006,1.01089,-0.516431,0.493977,0.0115612,0.000457371,-1.00472,1.55893,0.445338,-0.000931139,2.00475,-1.55859,-0.445226,0.999542,1.00472,-1.55893,-0.445338,0.000839498,-1.85731,0.998911,0.857557])
2.368363711455705
Max g: 2.0499062257761658e-5
f_45([0.0107234,3.73458,-2.73458,0.274456,0.136702,0.588842,0.999543,0.481309,0.518691,-3.97056,3.29301,1.67754,-0.45123,2.12277,-0.748602,0.440019,4.75504,2.43096,0.999737,0.538041,-0.499376,3.16958,1.86065,-2.91005,1.01089,-0.516431,0.493976,0.0115613,0.000457471,-1.00473,1.55894,0.44534,-0.000926727,2.00475,-1.5586,-0.445231,0.999542,1.00473,-1.55894,-0.44534,0.000840259,-1.85729,0.998896,0.857553])
2.368363711455705
Max g: 1.6243375704716456e-5
f_46([0.0107228,3.73458,-2.73458,0.274456,0.136702,0.588842,0.999543,0.481309,0.518691,-3.97056,3.29301,1.67754,-0.451231,2.12277,-0.748603,0.44002,4.75504,2.43096,0.999743,0.538042,-0.499374,3.16958,1.86065,-2.91005,1.01089,-0.516431,0.493976,0.0115613,0.00045746,-1.00474,1.55894,0.445342,-0.000924161,2.00476,-1.5586,-0.445234,0.999542,1.00474,-1.55894,-0.445342,0.000841051,-1.85728,0.998885,0.85755])
2.368363711455705
Max g: 1.3399756515264372e-5
f_47([0.0107225,3.73458,-2.73458,0.274456,0.136702,0.588842,0.999544,0.481309,0.518691,-3.97056,3.29301,1.67754,-0.451231,2.12277,-0.748603,0.44002,4.75504,2.43096,0.999749,0.538043,-0.499373,3.16959,1.86064,-2.91005,1.01089,-0.516431,0.493976,0.0115613,0.000457465,-1.00475,1.55894,0.445344,-0.000921858,2.00476,-1.5586,-0.445237,0.999542,1.00475,-1.55894,-0.445344,0.00084177,-1.85727,0.998876,0.857548])
2.368363711455705
Max g: 1.0826833333088537e-5
f_48([0.0107224,3.73458,-2.73458,0.274456,0.136702,0.588842,0.999544,0.481309,0.518691,-3.97056,3.29301,1.67754,-0.451232,2.12277,-0.748604,0.440019,4.75504,2.43096,0.999753,0.538044,-0.499372,3.16959,1.86064,-2.91004,1.01089,-0.51643,0.493976,0.0115614,0.000457447,-1.00475,1.55895,0.445345,-0.00092023,2.00476,-1.5586,-0.445239,0.999542,1.00475,-1.55895,-0.445345,0.000842201,-1.85726,0.99887,0.857546])
2.368363711455705
Max g: 9.143815243195519e-6
f_49([0.0107223,3.73458,-2.73458,0.274456,0.136702,0.588842,0.999544,0.481309,0.518691,-3.97056,3.29301,1.67754,-0.451232,2.12277,-0.748604,0.440019,4.75504,2.43096,0.999755,0.538044,-0.499371,3.16959,1.86064,-2.91004,1.01089,-0.51643,0.493976,0.0115614,0.000457422,-1.00475,1.55895,0.445346,-0.000919077,2.00476,-1.5586,-0.445241,0.999543,1.00475,-1.55895,-0.445346,0.000842597,-1.85725,0.998865,0.857545])
2.368363711455705
Max g: 7.864367821852625e-6
f_50([0.0107222,3.73458,-2.73458,0.274456,0.136702,0.588842,0.999544,0.481309,0.518691,-3.97056,3.29301,1.67754,-0.451232,2.12277,-0.748604,0.440019,4.75504,2.43096,0.999758,0.538045,-0.49937,3.16959,1.86064,-2.91004,1.01089,-0.51643,0.493976,0.0115614,0.000457355,-1.00475,1.55895,0.445346,-0.000918094,2.00476,-1.5586,-0.445242,0.999543,1.00475,-1.55895,-0.445346,0.00084291,-1.85725,0.998861,0.857544])
2.368363711455705
{0.010722237912506474,3.734578735548657,-2.7345787355486597,0.27445551603034624,0.13670243968692167,0.5888420437143417,0.9995441638182644,0.4813089416109617,0.5186910583890364,-3.9705554834772454,3.2930127392111297,1.6775427442661173,-0.45123198325480723,2.122765792414903,-0.7486040028144451,0.4400194649776057,4.755039435707709,2.4309613923339426,0.9997576353718607,0.5380447691015722,-0.49937003884019665,3.169594142093296,1.8606402163682265,-2.9100394166302417,1.0108932182574033,-0.5164304561877208,0.49397587125774034,0.011561380479383425,0.0004573548084091955,-1.0047541741911246,1.5589504309887026,0.4453464026058728,-0.0009180936261554961,2.004762893254174,-1.5586032741610376,-0.44524182156790054,0.9995426056971045,1.004754123442565,-1.5589503577662915,-0.4453463943714462,0.0008429099331652598,-1.8572486455650303,0.9988612985480534,0.857544341025749}]
Set[{A021,A031,A032,A041,A042,A043,A121,A131,A132,A141,A142,A143,B021,B031,B032,B041,B042,B043,B121,B131,B132,B141,B142,B143,\[Alpha]1,\[Alpha]2,\[Alpha]3,\[Alpha]4,\[Beta]11,\[Beta]12,\[Beta]13,\[Beta]14,\[Beta]21,\[Beta]22,\[Beta]23,\[Beta]24,\[Beta]31,\[Beta]32,\[Beta]33,\[Beta]34,\[Beta]41,\[Beta]42,\[Beta]43,\[Beta]44},{0.010722237912506474,3.734578735548657,-2.7345787355486597,0.27445551603034624,0.13670243968692167,0.5888420437143417,0.9995441638182644,0.4813089416109617,0.5186910583890364,-3.9705554834772454,3.2930127392111297,1.6775427442661173,-0.45123198325480723,2.122765792414903,-0.7486040028144451,0.4400194649776057,4.755039435707709,2.4309613923339426,0.9997576353718607,0.5380447691015722,-0.49937003884019665,3.169594142093296,1.8606402163682265,-2.9100394166302417,1.0108932182574033,-0.5164304561877208,0.49397587125774034,0.011561380479383425,0.0004573548084091955,-1.0047541741911246,1.5589504309887026,0.4453464026058728,-0.0009180936261554961,2.004762893254174,-1.5586032741610376,-0.44524182156790054,0.9995426056971045,1.004754123442565,-1.5589503577662915,-0.4453463943714462,0.0008429099331652598,-1.8572486455650303,0.9988612985480534,0.857544341025749}]

Max g: 6.820582299504885e-6
f_51([0.0107222,3.73458,-2.73458,0.274456,0.136702,0.588842,0.999544,0.481309,0.518691,-3.97056,3.29301,1.67754,-0.451232,2.12277,-0.748604,0.440019,4.75504,2.43096,0.99976,0.538045,-0.499369,3.1696,1.86064,-2.91004,1.01089,-0.51643,0.493976,0.0115614,0.00045733,-1.00476,1.55895,0.445347,-0.000917296,2.00476,-1.5586,-0.445243,0.999543,1.00476,-1.55895,-0.445347,0.000843176,-1.85724,0.998858,0.857544])
2.368363711455705
Max g: 5.91115057857472e-6
f_52([0.0107221,3.73458,-2.73458,0.274456,0.136702,0.588842,0.999544,0.481309,0.518691,-3.97056,3.29301,1.67754,-0.451232,2.12277,-0.748604,0.440019,4.75504,2.43096,0.999761,0.538045,-0.499369,3.1696,1.86064,-2.91004,1.01089,-0.51643,0.493976,0.0115614,0.000457295,-1.00476,1.55895,0.445347,-0.000916575,2.00476,-1.5586,-0.445244,0.999543,1.00476,-1.55895,-0.445347,0.000843423,-1.85724,0.998855,0.857543])
2.368363711455705
Max g: 5.117573024238098e-6
f_53([0.0107221,3.73458,-2.73458,0.274456,0.136702,0.588842,0.999544,0.481309,0.518691,-3.97056,3.29301,1.67754,-0.451232,2.12277,-0.748604,0.440019,4.75504,2.43096,0.999763,0.538046,-0.499368,3.1696,1.86064,-2.91004,1.01089,-0.51643,0.493976,0.0115614,0.000457277,-1.00476,1.55895,0.445348,-0.000915939,2.00476,-1.5586,-0.445245,0.999543,1.00476,-1.55895,-0.445348,0.000843613,-1.85724,0.998853,0.857542])
2.368363711455705
Max g: 4.397163269609372e-6
f_54([0.0107221,3.73458,-2.73458,0.274456,0.136702,0.588842,0.999545,0.481309,0.518691,-3.97056,3.29301,1.67754,-0.451232,2.12277,-0.748604,0.440019,4.75504,2.43096,0.999764,0.538046,-0.499368,3.1696,1.86064,-2.91003,1.01089,-0.51643,0.493976,0.0115614,0.000457254,-1.00476,1.55896,0.445348,-0.000915409,2.00477,-1.5586,-0.445245,0.999543,1.00476,-1.55896,-0.445348,0.00084382,-1.85724,0.99885,0.857542])
2.368363711455705
Max g: 3.820418296163197e-6
f_55([0.0107221,3.73458,-2.73458,0.274456,0.136702,0.588842,0.999545,0.481309,0.518691,-3.97056,3.29301,1.67754,-0.451232,2.12277,-0.748604,0.440019,4.75504,2.43096,0.999765,0.538046,-0.499368,3.1696,1.86064,-2.91003,1.01089,-0.51643,0.493976,0.0115614,0.000457243,-1.00476,1.55896,0.445349,-0.000915062,2.00477,-1.55861,-0.445246,0.999543,1.00476,-1.55896,-0.445349,0.000843928,-1.85723,0.998849,0.857541])
2.368363711455705
Max g: 3.4046893235828435e-6
f_56([0.0107221,3.73458,-2.73458,0.274456,0.136702,0.588842,0.999545,0.481309,0.518691,-3.97056,3.29301,1.67754,-0.451232,2.12277,-0.748604,0.440019,4.75504,2.43096,0.999766,0.538046,-0.499368,3.1696,1.86064,-2.91003,1.01089,-0.51643,0.493976,0.0115614,0.000457228,-1.00476,1.55896,0.445349,-0.000914785,2.00477,-1.55861,-0.445246,0.999543,1.00476,-1.55896,-0.445349,0.000844015,-1.85723,0.998848,0.857541])
2.368363711455705
Max g: 3.1054046141232305e-6
f_57([0.0107221,3.73458,-2.73458,0.274456,0.136702,0.588842,0.999545,0.481309,0.518691,-3.97056,3.29301,1.67754,-0.451232,2.12277,-0.748604,0.440019,4.75504,2.43096,0.999766,0.538046,-0.499367,3.1696,1.86064,-2.91003,1.01089,-0.51643,0.493976,0.0115614,0.000457215,-1.00476,1.55896,0.445349,-0.000914552,2.00477,-1.55861,-0.445246,0.999543,1.00476,-1.55896,-0.445349,0.000844086,-1.85723,0.998847,0.857541])
2.368363711455705
Max g: 2.858331417776583e-6
f_58([0.010722,3.73458,-2.73458,0.274456,0.136702,0.588842,0.999545,0.481309,0.518691,-3.97056,3.29301,1.67754,-0.451232,2.12277,-0.748604,0.440019,4.75504,2.43096,0.999767,0.538046,-0.499367,3.1696,1.86064,-2.91003,1.01089,-0.51643,0.493976,0.0115614,0.000457202,-1.00476,1.55896,0.445349,-0.000914362,2.00477,-1.55861,-0.445246,0.999543,1.00476,-1.55896,-0.445349,0.000844149,-1.85723,0.998846,0.857541])
2.368363711455705
Max g: 2.6392018263043937e-6
f_59([0.010722,3.73458,-2.73458,0.274456,0.136702,0.588842,0.999545,0.481309,0.518691,-3.97056,3.29301,1.67754,-0.451232,2.12277,-0.748604,0.440019,4.75504,2.43096,0.999767,0.538047,-0.499367,3.1696,1.86064,-2.91003,1.01089,-0.51643,0.493976,0.0115614,0.000457197,-1.00476,1.55896,0.445349,-0.00091419,2.00477,-1.55861,-0.445247,0.999543,1.00476,-1.55896,-0.445349,0.000844195,-1.85723,0.998846,0.85754])
2.368363711455705
Max g: 2.4530251127030667e-6
f_60([0.010722,3.73458,-2.73458,0.274456,0.136702,0.588842,0.999545,0.481309,0.518691,-3.97056,3.29301,1.67754,-0.451232,2.12277,-0.748604,0.440019,4.75504,2.43096,0.999768,0.538047,-0.499367,3.1696,1.86064,-2.91003,1.01089,-0.51643,0.493976,0.0115614,0.00045719,-1.00476,1.55896,0.445349,-0.000914045,2.00477,-1.55861,-0.445247,0.999543,1.00476,-1.55896,-0.445349,0.000844241,-1.85723,0.998845,0.85754])
2.368363711455705
{0.01072203885384533,3.7345787374637234,-2.7345787374637216,0.2744555417392344,0.13670243355897854,0.5888420247017865,0.9995447703372935,0.48130879794953946,0.5186912020504603,-3.9705554556488765,3.2930128042121463,1.6775426514367322,-0.45123241663009467,2.122765656490956,-0.7486043505889287,0.4400193638062288,4.755039423657798,2.4309613390626303,0.9997675201863147,0.5380465738712613,-0.4993669815887987,3.169601641187797,1.8606353086006406,-2.9100324765207057,1.01089322706611,-0.5164304077891763,0.49397578778581086,0.011561397425298643,0.0004571901788530692,-1.004763995671646,1.5589575873082477,0.4453492258215385,-0.0009140451504662489,2.0047663563682887,-1.5586055663188183,-0.44524684812899146,0.9995428072908719,1.0047639717744832,-1.558957560647798,-0.44534922099198165,0.0008442413779236982,-1.8572295283693903,0.9988450340784822,0.8575402220538274}]
Set[{A021,A031,A032,A041,A042,A043,A121,A131,A132,A141,A142,A143,B021,B031,B032,B041,B042,B043,B121,B131,B132,B141,B142,B143,\[Alpha]1,\[Alpha]2,\[Alpha]3,\[Alpha]4,\[Beta]11,\[Beta]12,\[Beta]13,\[Beta]14,\[Beta]21,\[Beta]22,\[Beta]23,\[Beta]24,\[Beta]31,\[Beta]32,\[Beta]33,\[Beta]34,\[Beta]41,\[Beta]42,\[Beta]43,\[Beta]44},{0.01072203885384533,3.7345787374637234,-2.7345787374637216,0.2744555417392344,0.13670243355897854,0.5888420247017865,0.9995447703372935,0.48130879794953946,0.5186912020504603,-3.9705554556488765,3.2930128042121463,1.6775426514367322,-0.45123241663009467,2.122765656490956,-0.7486043505889287,0.4400193638062288,4.755039423657798,2.4309613390626303,0.9997675201863147,0.5380465738712613,-0.4993669815887987,3.169601641187797,1.8606353086006406,-2.9100324765207057,1.01089322706611,-0.5164304077891763,0.49397578778581086,0.011561397425298643,0.0004571901788530692,-1.004763995671646,1.5589575873082477,0.4453492258215385,-0.0009140451504662489,2.0047663563682887,-1.5586055663188183,-0.44524684812899146,0.9995428072908719,1.0047639717744832,-1.558957560647798,-0.44534922099198165,0.0008442413779236982,-1.8572295283693903,0.9988450340784822,0.8575402220538274}]

Max g: 2.2856883747923717e-6
f_61([0.010722,3.73458,-2.73458,0.274456,0.136702,0.588842,0.999545,0.481309,0.518691,-3.97056,3.29301,1.67754,-0.451232,2.12277,-0.748604,0.440019,4.75504,2.43096,0.999768,0.538047,-0.499367,3.1696,1.86064,-2.91003,1.01089,-0.51643,0.493976,0.0115614,0.000457185,-1.00476,1.55896,0.445349,-0.00091391,2.00477,-1.55861,-0.445247,0.999543,1.00476,-1.55896,-0.445349,0.000844286,-1.85723,0.998845,0.85754])
2.368363711455705
Max g: 2.140564057451222e-6
f_62([0.010722,3.73458,-2.73458,0.274456,0.136702,0.588842,0.999545,0.481309,0.518691,-3.97056,3.29301,1.67754,-0.451232,2.12277,-0.748604,0.440019,4.75504,2.43096,0.999768,0.538047,-0.499367,3.1696,1.86064,-2.91003,1.01089,-0.51643,0.493976,0.0115614,0.00045718,-1.00476,1.55896,0.445349,-0.000913824,2.00477,-1.55861,-0.445247,0.999543,1.00476,-1.55896,-0.445349,0.000844311,-1.85723,0.998844,0.85754])
2.368363711455705
Max g: 2.045204686718094e-6
f_63([0.010722,3.73458,-2.73458,0.274456,0.136702,0.588842,0.999545,0.481309,0.518691,-3.97056,3.29301,1.67754,-0.451232,2.12277,-0.748604,0.440019,4.75504,2.43096,0.999768,0.538047,-0.499367,3.1696,1.86063,-2.91003,1.01089,-0.51643,0.493976,0.0115614,0.000457178,-1.00476,1.55896,0.445349,-0.000913751,2.00477,-1.55861,-0.445247,0.999543,1.00476,-1.55896,-0.445349,0.000844332,-1.85723,0.998844,0.85754])
2.368363711455705
Max g: 1.963545488536944e-6
f_64([0.010722,3.73458,-2.73458,0.274456,0.136702,0.588842,0.999545,0.481309,0.518691,-3.97056,3.29301,1.67754,-0.451232,2.12277,-0.748604,0.440019,4.75504,2.43096,0.999768,0.538047,-0.499367,3.1696,1.86063,-2.91003,1.01089,-0.51643,0.493976,0.0115614,0.000457174,-1.00476,1.55896,0.445349,-0.00091369,2.00477,-1.55861,-0.445247,0.999543,1.00476,-1.55896,-0.445349,0.000844355,-1.85723,0.998844,0.85754])
2.368363711455705
Max g: 1.8949594562389649e-6
f_65([0.010722,3.73458,-2.73458,0.274456,0.136702,0.588842,0.999545,0.481309,0.518691,-3.97056,3.29301,1.67754,-0.451232,2.12277,-0.748604,0.440019,4.75504,2.43096,0.999768,0.538047,-0.499367,3.1696,1.86063,-2.91003,1.01089,-0.51643,0.493976,0.0115614,0.00045717,-1.00476,1.55896,0.44535,-0.000913645,2.00477,-1.55861,-0.445247,0.999543,1.00476,-1.55896,-0.44535,0.000844368,-1.85723,0.998843,0.85754])
2.368363711455705
Max g: 1.8476008447620984e-6
f_66([0.010722,3.73458,-2.73458,0.274456,0.136702,0.588842,0.999545,0.481309,0.518691,-3.97056,3.29301,1.67754,-0.451232,2.12277,-0.748604,0.440019,4.75504,2.43096,0.999769,0.538047,-0.499367,3.1696,1.86063,-2.91003,1.01089,-0.51643,0.493976,0.0115614,0.000457168,-1.00477,1.55896,0.44535,-0.000913611,2.00477,-1.55861,-0.445247,0.999543,1.00477,-1.55896,-0.44535,0.000844379,-1.85723,0.998843,0.85754])
2.368363711455705
Max g: 1.8091457963942403e-6
f_67([0.010722,3.73458,-2.73458,0.274456,0.136702,0.588842,0.999545,0.481309,0.518691,-3.97056,3.29301,1.67754,-0.451232,2.12277,-0.748604,0.440019,4.75504,2.43096,0.999769,0.538047,-0.499367,3.1696,1.86063,-2.91003,1.01089,-0.51643,0.493976,0.0115614,0.000457167,-1.00477,1.55896,0.44535,-0.000913586,2.00477,-1.55861,-0.445247,0.999543,1.00477,-1.55896,-0.44535,0.000844387,-1.85723,0.998843,0.85754])
2.368363711455705
Max g: 1.780924464567235e-6
f_68([0.010722,3.73458,-2.73458,0.274456,0.136702,0.588842,0.999545,0.481309,0.518691,-3.97056,3.29301,1.67754,-0.451232,2.12277,-0.748604,0.440019,4.75504,2.43096,0.999769,0.538047,-0.499367,3.1696,1.86063,-2.91003,1.01089,-0.51643,0.493976,0.0115614,0.000457166,-1.00477,1.55896,0.44535,-0.000913563,2.00477,-1.55861,-0.445247,0.999543,1.00477,-1.55896,-0.44535,0.000844394,-1.85723,0.998843,0.85754])
2.368363711455705
Max g: 1.756371574845872e-6
f_69([0.010722,3.73458,-2.73458,0.274456,0.136702,0.588842,0.999545,0.481309,0.518691,-3.97056,3.29301,1.67754,-0.451232,2.12277,-0.748604,0.440019,4.75504,2.43096,0.999769,0.538047,-0.499367,3.1696,1.86063,-2.91003,1.01089,-0.51643,0.493976,0.0115614,0.000457165,-1.00477,1.55896,0.44535,-0.000913546,2.00477,-1.55861,-0.445247,0.999543,1.00477,-1.55896,-0.44535,0.000844399,-1.85723,0.998843,0.85754])
2.368363711455705
Max g: 1.736523316142602e-6
f_70([0.0107143,3.73458,-2.73458,0.274457,0.1367,0.588842,0.999544,0.481312,0.518688,-3.97055,3.29301,1.67754,-0.451234,2.12277,-0.748604,0.440018,4.75503,2.43096,0.999768,0.538048,-0.499369,3.1696,1.86064,-2.91003,1.01089,-0.516439,0.493973,0.0115615,0.000457201,-1.00477,1.55896,0.445349,-0.000933485,2.00477,-1.5586,-0.445246,0.999545,1.00477,-1.55896,-0.445349,0.00084476,-1.85723,0.998846,0.857539])
2.368363711455705
{0.01071432182965096,3.7345790037584505,-2.734581196080383,0.2744569621595851,0.13670035686913456,0.5888421170969695,0.9995438506596853,0.4813115092492473,0.5186884942510998,-3.970552204748374,3.2930105904952,1.6775416261704694,-0.451233911096815,2.1227661021061253,-0.7486036477780957,0.4400182821527451,4.7550292990578304,2.430960995643488,0.9997684800586414,0.5380480076381503,-0.49936865163760513,3.1695973675058844,1.8606350148393664,-2.91002575410568,1.010893659806302,-0.5164386533339685,0.49397342715282955,0.011561518147105945,0.00045720054094596554,-1.0047653110626336,1.5589553277413821,0.4453494684022943,-0.0009334853708875413,2.004765381162538,-1.5586014979313152,-0.4452460862409159,0.9995448513968553,1.0047659200256989,-1.5589596338759828,-0.44534943040131836,0.0008447601028177827,-1.857229367395355,0.9988461217880749,0.8575393418701878}]
Set[{A021,A031,A032,A041,A042,A043,A121,A131,A132,A141,A142,A143,B021,B031,B032,B041,B042,B043,B121,B131,B132,B141,B142,B143,\[Alpha]1,\[Alpha]2,\[Alpha]3,\[Alpha]4,\[Beta]11,\[Beta]12,\[Beta]13,\[Beta]14,\[Beta]21,\[Beta]22,\[Beta]23,\[Beta]24,\[Beta]31,\[Beta]32,\[Beta]33,\[Beta]34,\[Beta]41,\[Beta]42,\[Beta]43,\[Beta]44},{0.01071432182965096,3.7345790037584505,-2.734581196080383,0.2744569621595851,0.13670035686913456,0.5888421170969695,0.9995438506596853,0.4813115092492473,0.5186884942510998,-3.970552204748374,3.2930105904952,1.6775416261704694,-0.451233911096815,2.1227661021061253,-0.7486036477780957,0.4400182821527451,4.7550292990578304,2.430960995643488,0.9997684800586414,0.5380480076381503,-0.49936865163760513,3.1695973675058844,1.8606350148393664,-2.91002575410568,1.010893659806302,-0.5164386533339685,0.49397342715282955,0.011561518147105945,0.00045720054094596554,-1.0047653110626336,1.5589553277413821,0.4453494684022943,-0.0009334853708875413,2.004765381162538,-1.5586014979313152,-0.4452460862409159,0.9995448513968553,1.0047659200256989,-1.5589596338759828,-0.44534943040131836,0.0008447601028177827,-1.857229367395355,0.9988461217880749,0.8575393418701878}]

Max g: 3.8491218471436994e-6
f_71([0.0107169,3.73458,-2.73458,0.274457,0.136701,0.588843,0.999542,0.481312,0.518688,-3.97055,3.29301,1.67754,-0.451234,2.12277,-0.748604,0.440018,4.75503,2.43096,0.999767,0.538047,-0.499367,3.1696,1.86064,-2.91003,1.0109,-0.516433,0.493973,0.0115615,0.000459403,-1.00477,1.55896,0.44535,-0.000919636,2.00477,-1.5586,-0.445246,0.999541,1.00477,-1.55896,-0.44535,0.000848147,-1.85723,0.998841,0.85754])
2.368363711455705
Max g: 1.7328287937878883e-6
f_72([0.0107172,3.73458,-2.73458,0.274457,0.136701,0.588843,0.999542,0.481312,0.518688,-3.97055,3.29301,1.67754,-0.451234,2.12277,-0.748603,0.440018,4.75503,2.43096,0.999768,0.538048,-0.499367,3.1696,1.86063,-2.91003,1.0109,-0.516433,0.493973,0.0115615,0.000459544,-1.00477,1.55896,0.44535,-0.000918375,2.00477,-1.5586,-0.445247,0.999541,1.00477,-1.55896,-0.44535,0.000848825,-1.85723,0.998839,0.85754])
2.368363711455705
Max g: 1.471179751022511e-6
f_73([0.0107173,3.73458,-2.73458,0.274457,0.136701,0.588843,0.999543,0.481312,0.518688,-3.97055,3.29301,1.67754,-0.451234,2.12277,-0.748603,0.440018,4.75503,2.43096,0.999769,0.538048,-0.499367,3.1696,1.86063,-2.91003,1.0109,-0.516433,0.493973,0.0115615,0.00045956,-1.00477,1.55896,0.44535,-0.000917999,2.00477,-1.5586,-0.445248,0.999541,1.00477,-1.55896,-0.44535,0.000849006,-1.85723,0.998838,0.857539])
2.368363711455705
Max g: 1.161153625806044e-6
f_74([0.0107173,3.73458,-2.73458,0.274457,0.136701,0.588843,0.999543,0.481312,0.518688,-3.97055,3.29301,1.67754,-0.451234,2.12277,-0.748603,0.440018,4.75503,2.43096,0.999769,0.538048,-0.499367,3.1696,1.86063,-2.91003,1.0109,-0.516433,0.493973,0.0115615,0.000459581,-1.00477,1.55896,0.44535,-0.000917715,2.00477,-1.5586,-0.445248,0.99954,1.00477,-1.55896,-0.44535,0.000849113,-1.85723,0.998837,0.857539])
2.368363711455705
Max g: 8.853791165774894e-7
f_75([0.0107173,3.73458,-2.73458,0.274457,0.136701,0.588843,0.999543,0.481312,0.518688,-3.97055,3.29301,1.67754,-0.451234,2.12277,-0.748603,0.440018,4.75503,2.43096,0.99977,0.538048,-0.499367,3.1696,1.86063,-2.91003,1.0109,-0.516433,0.493973,0.0115615,0.000459563,-1.00477,1.55896,0.44535,-0.000917532,2.00477,-1.5586,-0.445248,0.99954,1.00477,-1.55896,-0.44535,0.000849182,-1.85722,0.998837,0.857539])
2.368363711455705
Max g: 6.94224690733769e-7
f_76([0.0107173,3.73458,-2.73458,0.274457,0.136701,0.588843,0.999543,0.481312,0.518688,-3.97055,3.29301,1.67754,-0.451234,2.12277,-0.748603,0.440018,4.75503,2.43096,0.99977,0.538048,-0.499366,3.1696,1.86063,-2.91002,1.0109,-0.516433,0.493973,0.0115615,0.000459559,-1.00477,1.55896,0.44535,-0.000917383,2.00477,-1.5586,-0.445248,0.99954,1.00477,-1.55896,-0.445351,0.000849238,-1.85722,0.998836,0.857539])
2.368363711455705
Max g: 5.358436959701507e-7
f_77([0.0107173,3.73458,-2.73458,0.274457,0.136701,0.588843,0.999543,0.481312,0.518688,-3.97055,3.29301,1.67754,-0.451234,2.12277,-0.748603,0.440018,4.75503,2.43096,0.99977,0.538048,-0.499366,3.1696,1.86063,-2.91002,1.0109,-0.516433,0.493973,0.0115615,0.000459555,-1.00477,1.55896,0.445351,-0.00091728,2.00477,-1.5586,-0.445248,0.99954,1.00477,-1.55896,-0.445351,0.000849281,-1.85722,0.998836,0.857539])
2.368363711455705
Max g: 4.234418078397084e-7
f_78([0.0107173,3.73458,-2.73458,0.274457,0.136701,0.588843,0.999543,0.481312,0.518688,-3.97055,3.29301,1.67754,-0.451234,2.12277,-0.748603,0.440018,4.75503,2.43096,0.999771,0.538048,-0.499366,3.1696,1.86063,-2.91002,1.0109,-0.516433,0.493973,0.0115615,0.000459552,-1.00477,1.55896,0.445351,-0.00091719,2.00477,-1.5586,-0.445249,0.99954,1.00477,-1.55896,-0.445351,0.00084931,-1.85722,0.998835,0.857539])
2.368363711455705
Max g: 3.282787752745264e-7
f_79([0.0107173,3.73458,-2.73458,0.274457,0.136701,0.588843,0.999543,0.481312,0.518688,-3.97055,3.29301,1.67754,-0.451234,2.12277,-0.748603,0.440018,4.75503,2.43096,0.999771,0.538048,-0.499366,3.1696,1.86063,-2.91002,1.0109,-0.516433,0.493973,0.0115615,0.000459547,-1.00477,1.55896,0.445351,-0.000917114,2.00477,-1.5586,-0.445249,0.99954,1.00477,-1.55896,-0.445351,0.000849334,-1.85722,0.998835,0.857539])
2.368363711455705
Max g: 2.4851919877555417e-7
f_80([0.0107173,3.73458,-2.73458,0.274457,0.136701,0.588843,0.999543,0.481312,0.518688,-3.97055,3.29301,1.67754,-0.451234,2.12277,-0.748603,0.440018,4.75503,2.43096,0.999771,0.538048,-0.499366,3.1696,1.86063,-2.91002,1.0109,-0.516433,0.493973,0.0115615,0.000459545,-1.00477,1.55896,0.445351,-0.000917055,2.00477,-1.5586,-0.445249,0.99954,1.00477,-1.55896,-0.445351,0.000849357,-1.85722,0.998835,0.857539])
2.368363711455705
{0.010717257356315681,3.7345796566984224,-2.734579656698418,0.274456791808609,0.1367006469765934,0.5888425612147992,0.9995426205301657,0.48131153148227446,0.518688468517724,-3.970552144345456,3.293010494958566,1.677541649386898,-0.4512339977893318,2.12276590197251,-0.7486034144558192,0.44001834016877,4.755029342737221,2.4309609796931815,0.9997709017370555,0.5380481268160253,-0.49936617456172633,3.1695990663539213,1.860633182975455,-2.910024396764976,1.0108986929378767,-0.5164334412794033,0.4939732387709943,0.01156151059415318,0.0004595454416312356,-1.0047697924781862,1.5589595366993607,0.4453507103302096,-0.0009170553249126191,2.0047690093395816,-1.558603192954513,-0.44524876955264836,0.9995404579841474,1.0047698120363322,-1.5589595553754982,-0.4453507154675577,0.0008493567358641464,-1.8572225817245722,0.9988346359687259,0.8575385856602893}]
Set[{A021,A031,A032,A041,A042,A043,A121,A131,A132,A141,A142,A143,B021,B031,B032,B041,B042,B043,B121,B131,B132,B141,B142,B143,\[Alpha]1,\[Alpha]2,\[Alpha]3,\[Alpha]4,\[Beta]11,\[Beta]12,\[Beta]13,\[Beta]14,\[Beta]21,\[Beta]22,\[Beta]23,\[Beta]24,\[Beta]31,\[Beta]32,\[Beta]33,\[Beta]34,\[Beta]41,\[Beta]42,\[Beta]43,\[Beta]44},{0.010717257356315681,3.7345796566984224,-2.734579656698418,0.274456791808609,0.1367006469765934,0.5888425612147992,0.9995426205301657,0.48131153148227446,0.518688468517724,-3.970552144345456,3.293010494958566,1.677541649386898,-0.4512339977893318,2.12276590197251,-0.7486034144558192,0.44001834016877,4.755029342737221,2.4309609796931815,0.9997709017370555,0.5380481268160253,-0.49936617456172633,3.1695990663539213,1.860633182975455,-2.910024396764976,1.0108986929378767,-0.5164334412794033,0.4939732387709943,0.01156151059415318,0.0004595454416312356,-1.0047697924781862,1.5589595366993607,0.4453507103302096,-0.0009170553249126191,2.0047690093395816,-1.558603192954513,-0.44524876955264836,0.9995404579841474,1.0047698120363322,-1.5589595553754982,-0.4453507154675577,0.0008493567358641464,-1.8572225817245722,0.9988346359687259,0.8575385856602893}]

Max g: 1.8059872219922113e-7
f_81([0.0107173,3.73458,-2.73458,0.274457,0.136701,0.588843,0.999543,0.481312,0.518688,-3.97055,3.29301,1.67754,-0.451234,2.12277,-0.748603,0.440018,4.75503,2.43096,0.999771,0.538048,-0.499366,3.1696,1.86063,-2.91002,1.0109,-0.516433,0.493973,0.0115615,0.000459544,-1.00477,1.55896,0.445351,-0.000917011,2.00477,-1.5586,-0.445249,0.99954,1.00477,-1.55896,-0.445351,0.000849371,-1.85722,0.998834,0.857539])
2.368363711455705
Max g: 1.330910891494952e-7
f_82([0.0107173,3.73458,-2.73458,0.274457,0.136701,0.588843,0.999543,0.481312,0.518688,-3.97055,3.29301,1.67754,-0.451234,2.12277,-0.748603,0.440018,4.75503,2.43096,0.999771,0.538048,-0.499366,3.1696,1.86063,-2.91002,1.0109,-0.516433,0.493973,0.0115615,0.00045954,-1.00477,1.55896,0.445351,-0.000916972,2.00477,-1.5586,-0.445249,0.99954,1.00477,-1.55896,-0.445351,0.000849383,-1.85722,0.998834,0.857539])
2.368363711455705
Max g: 8.953241081854912e-8
f_83([0.0107173,3.73458,-2.73458,0.274457,0.136701,0.588843,0.999543,0.481312,0.518688,-3.97055,3.29301,1.67754,-0.451234,2.12277,-0.748603,0.440018,4.75503,2.43096,0.999771,0.538048,-0.499366,3.1696,1.86063,-2.91002,1.0109,-0.516433,0.493973,0.0115615,0.00045954,-1.00477,1.55896,0.445351,-0.000916947,2.00477,-1.5586,-0.445249,0.99954,1.00477,-1.55896,-0.445351,0.000849391,-1.85722,0.998834,0.857538])
2.368363711455705
Max g: 6.253337636596967e-8
f_84([0.0107173,3.73458,-2.73458,0.274457,0.136701,0.588843,0.999543,0.481312,0.518688,-3.97055,3.29301,1.67754,-0.451234,2.12277,-0.748603,0.440018,4.75503,2.43096,0.999771,0.538048,-0.499366,3.1696,1.86063,-2.91002,1.0109,-0.516433,0.493973,0.0115615,0.000459538,-1.00477,1.55896,0.445351,-0.000916927,2.00477,-1.5586,-0.445249,0.99954,1.00477,-1.55896,-0.445351,0.000849397,-1.85722,0.998834,0.857538])
2.368363711455705
Max g: 4.0184595540004864e-8
f_85([0.0107173,3.73458,-2.73458,0.274457,0.136701,0.588843,0.999543,0.481312,0.518688,-3.97055,3.29301,1.67754,-0.451234,2.12277,-0.748603,0.440018,4.75503,2.43096,0.999771,0.538048,-0.499366,3.1696,1.86063,-2.91002,1.0109,-0.516433,0.493973,0.0115615,0.000459537,-1.00477,1.55896,0.445351,-0.000916909,2.00477,-1.5586,-0.445249,0.99954,1.00477,-1.55896,-0.445351,0.000849403,-1.85722,0.998834,0.857538])
2.368363711455705
Max g: 2.0960027713456952e-8
f_86([0.0107173,3.73458,-2.73458,0.274457,0.136701,0.588843,0.999543,0.481312,0.518688,-3.97055,3.29301,1.67754,-0.451234,2.12277,-0.748603,0.440018,4.75503,2.43096,0.999771,0.538048,-0.499366,3.1696,1.86063,-2.91002,1.0109,-0.516433,0.493973,0.0115615,0.000459536,-1.00477,1.55896,0.445351,-0.000916895,2.00477,-1.5586,-0.445249,0.99954,1.00477,-1.55896,-0.445351,0.000849407,-1.85722,0.998834,0.857538])
2.368363711455705
Max g: 5.109387135604493e-9
{0.010717252942457855,3.7345796572481342,-2.7345796572481342,0.27445679223559055,0.13670064990875108,0.5888425578556586,0.9995426457560815,0.48131152840773245,0.518688471592268,-3.9705521420013556,3.2930104938316758,1.6775416481696799,-0.45123400811519015,2.1227659000302452,-0.7486034239196033,0.440018337530759,4.755029342883657,2.4309609815394184,0.9997713002656468,0.5380481987881945,-0.49936605130188716,3.1695993719906292,1.860632975886018,-2.910024114981663,1.0108986907010853,-0.5164334385230926,0.49397323682982064,0.01156151103713677,0.00045953607057148044,-1.004770197589594,1.558959833473526,0.44535082804198123,-0.0009168887571264882,2.004769155824956,-1.5586032916497365,-0.4452489754148448,0.999540464005048,1.0047701987614042,-1.5589598344770101,-0.4453508283454905,0.0008494092193969277,-1.857221812723861,0.9988339803626816,0.8575384231848732}]
Set[{A021,A031,A032,A041,A042,A043,A121,A131,A132,A141,A142,A143,B021,B031,B032,B041,B042,B043,B121,B131,B132,B141,B142,B143,\[Alpha]1,\[Alpha]2,\[Alpha]3,\[Alpha]4,\[Beta]11,\[Beta]12,\[Beta]13,\[Beta]14,\[Beta]21,\[Beta]22,\[Beta]23,\[Beta]24,\[Beta]31,\[Beta]32,\[Beta]33,\[Beta]34,\[Beta]41,\[Beta]42,\[Beta]43,\[Beta]44},{0.010717252942457855,3.7345796572481342,-2.7345796572481342,0.27445679223559055,0.13670064990875108,0.5888425578556586,0.9995426457560815,0.48131152840773245,0.518688471592268,-3.9705521420013556,3.2930104938316758,1.6775416481696799,-0.45123400811519015,2.1227659000302452,-0.7486034239196033,0.440018337530759,4.755029342883657,2.4309609815394184,0.9997713002656468,0.5380481987881945,-0.49936605130188716,3.1695993719906292,1.860632975886018,-2.910024114981663,1.0108986907010853,-0.5164334385230926,0.49397323682982064,0.01156151103713677,0.00045953607057148044,-1.004770197589594,1.558959833473526,0.44535082804198123,-0.0009168887571264882,2.004769155824956,-1.5586032916497365,-0.4452489754148448,0.999540464005048,1.0047701987614042,-1.5589598344770101,-0.4453508283454905,0.0008494092193969277,-1.857221812723861,0.9988339803626816,0.8575384231848732}]


-----------------Final Result------------------
Options: alg=LN_AUGLAG_EQ,dx=0.01,max_eval=100000000,popSize=0
imin=-6,jmin=-3,imax=1,jmax=3,
parameter_minmax=5,
randSeed=24798086,rand_minmax=3,
END_C=true, INEQ_C=false

8644772 steps

Completed with maxf : 2.368363711455705

Constraints at 1.6144197090284251e-9

x = [0.010717252942457855,3.7345796572481342,-2.7345796572481342,0.27445679223559055,0.13670064990875108,0.5888425578556586,0.9995426457560815,0.48131152840773245,0.518688471592268,-3.9705521420013556,3.2930104938316758,1.6775416481696799,-0.45123400811519015,2.1227659000302452,-0.7486034239196033,0.440018337530759,4.755029342883657,2.4309609815394184,0.9997713002656468,0.5380481987881945,-0.49936605130188716,3.1695993719906292,1.860632975886018,-2.910024114981663,1.0108986907010853,-0.5164334385230926,0.49397323682982064,0.01156151103713677,0.00045953607057148044,-1.004770197589594,1.558959833473526,0.44535082804198123,-0.0009168887571264882,2.004769155824956,-1.5586032916497365,-0.4452489754148448,0.999540464005048,1.0047701987614042,-1.5589598344770101,-0.4453508283454905,0.0008494092193969277,-1.857221812723861,0.9988339803626816,0.8575384231848732]
c0 = [0.0,0.010717252942457855,1.0,1.0000000000000002]
c1 = [0.0,0.9995426457560815,1.0000000000000004,1.0]
A0 = [0.0,0.010717252942457855,3.7345796572481342,0.27445679223559055,0.0,0.0,-2.7345796572481342,0.13670064990875108,0.0,0.0,0.0,0.5888425578556586,0.0,0.0,0.0,0.0]
A1 = [0.0,0.9995426457560815,0.48131152840773245,-3.9705521420013556,0.0,0.0,0.518688471592268,3.2930104938316758,0.0,0.0,0.0,1.6775416481696799,0.0,0.0,0.0,0.0]
B0 = [0.0,-0.45123400811519015,2.1227659000302452,0.440018337530759,0.0,0.0,-0.7486034239196033,4.755029342883657,0.0,0.0,0.0,2.4309609815394184,0.0,0.0,0.0,0.0]
B1 = [0.0,0.9997713002656468,0.5380481987881945,3.1695993719906292,0.0,0.0,-0.49936605130188716,1.860632975886018,0.0,0.0,0.0,-2.910024114981663,0.0,0.0,0.0,0.0]
  = [1.0108986907010853,-0.5164334385230926,0.49397323682982064,0.01156151103713677]
1 = [0.00045953607057148044,-1.004770197589594,1.558959833473526,0.44535082804198123]
2 = [-0.0009168887571264882,2.004769155824956,-1.5586032916497365,-0.4452489754148448]
3 = [0.999540464005048,1.0047701987614042,-1.5589598344770101,-0.4453508283454905]
4 = [0.0008494092193969277,-1.857221812723861,0.9988339803626816,0.8575384231848732]


Set[{A021,A031,A032,A041,A042,A043,A121,A131,A132,A141,A142,A143,B021,B031,B032,B041,B042,B043,B121,B131,B132,B141,B142,B143,\[Alpha]1,\[Alpha]2,\[Alpha]3,\[Alpha]4,\[Beta]11,\[Beta]12,\[Beta]13,\[Beta]14,\[Beta]21,\[Beta]22,\[Beta]23,\[Beta]24,\[Beta]31,\[Beta]32,\[Beta]33,\[Beta]34,\[Beta]41,\[Beta]42,\[Beta]43,\[Beta]44},{0.010717252942457855,3.7345796572481342,-2.7345796572481342,0.27445679223559055,0.13670064990875108,0.5888425578556586,0.9995426457560815,0.48131152840773245,0.518688471592268,-3.9705521420013556,3.2930104938316758,1.6775416481696799,-0.45123400811519015,2.1227659000302452,-0.7486034239196033,0.440018337530759,4.755029342883657,2.4309609815394184,0.9997713002656468,0.5380481987881945,-0.49936605130188716,3.1695993719906292,1.860632975886018,-2.910024114981663,1.0108986907010853,-0.5164334385230926,0.49397323682982064,0.01156151103713677,0.00045953607057148044,-1.004770197589594,1.558959833473526,0.44535082804198123,-0.0009168887571264882,2.004769155824956,-1.5586032916497365,-0.4452489754148448,0.999540464005048,1.0047701987614042,-1.5589598344770101,-0.4453508283454905,0.0008494092193969277,-1.857221812723861,0.9988339803626816,0.8575384231848732}]



