
-----------------Setup------------------
Options: alg=LN_AUGLAG_EQ,dx=0.01,max_eval=100000000,popSize=0
imin=-6,jmin=-3,imax=1,jmax=3,
parameter_minmax=5,
randSeed=28036032, rand_minmax=2,
END_C=true, INEQ_C=false

Initial Condition:

[-0.792658,-0.671644,-0.760662,-0.806051,0.839965,1.703,-1.18066,-1.76088,0.868587,-1.40285,1.99397,1.5854,-0.0382872,-0.180461,-0.932107,-1.28341,-0.983224,-1.64967,0.761746,-0.817618,-1.30839,1.05191,0.256448,0.0910738,0.639246,0.0717139,-0.454607,0.443306,1.15006,0.135844,-0.714749,0.242872,0.247087,-0.904074,-0.540258,-0.469797,1.76944,-0.597656,-0.682458,-0.498897,1.89769,0.597179,0.401861,1.42893]

f_1([0.922466,0.0676349,0.783994,-0.929302,0.804403,1.03551,0.764915,-0.127268,1.12724,-1.46269,1.22217,1.24052,0.420518,-0.738629,-0.174153,3.67453,1.78979,1.39581,0.000721822,0.816666,-1.92283,4.52944,-1.20901,-1.48914,0.751897,0.865628,-0.48634,0.0374393,0.0727266,0.482011,0.396485,0.172342,0.251979,0.179412,-0.528499,0.190876,1.32044,-0.832846,-0.292716,-0.168587,0.423826,-1.4895,0.619183,0.451769])
3.2237141616089207
Max g: 0.3149855373567942
f_2([0.997523,0.18129,0.818722,-0.899352,0.833518,1.06019,0.774525,-0.121684,1.12164,-1.45718,1.21637,1.24081,0.436919,-0.788264,-0.20969,3.67269,1.78987,1.39028,0.110111,0.800926,-1.89217,4.47834,-1.2505,-1.56898,0.567961,0.90869,-0.416727,0.0372108,-0.14596,0.594002,0.435983,0.188359,-0.0375126,0.376498,-0.498799,0.185127,1.30822,-0.747337,-0.35682,-0.181865,0.303213,-1.52044,0.590451,0.575491])
2.891044645040007
Max g: 0.3953966539195399
f_3([0.98312,0.201818,0.798182,-0.89967,0.84003,1.05423,0.722792,-0.118068,1.11803,-1.44837,1.20296,1.24538,0.435038,-0.811763,-0.229541,3.6689,1.79122,1.38996,0.35398,0.632641,-1.79656,4.48631,-1.19832,-1.75462,0.524681,0.91751,-0.398908,0.0376273,-0.209789,0.643032,0.444214,0.181198,-0.214287,0.458592,-0.353344,0.130457,1.31634,-0.740556,-0.388721,-0.165506,0.378624,-1.65771,0.434248,0.773979])
3.016356476723293
Max g: 0.4357932370542812
f_4([0.966528,0.213962,0.786038,-0.899662,0.840316,1.05384,0.668179,-0.11598,1.11598,-1.44567,1.19045,1.25395,0.428802,-0.830522,-0.251265,3.66559,1.78908,1.38689,0.410823,0.450464,-1.55675,4.52812,-1.1102,-1.85191,0.502735,0.921435,-0.383657,0.0381174,-0.240859,0.651978,0.47442,0.174278,-0.336538,0.619997,-0.369936,0.0975803,1.34044,-0.750321,-0.416086,-0.156219,0.499687,-1.79503,0.415172,0.807773])
3.104184419215715
Max g: 0.392001028041417
f_5([0.95097,0.223653,0.776347,-0.897959,0.839562,1.05236,0.623538,-0.111646,1.11165,-1.44373,1.17955,1.26161,0.417269,-0.851493,-0.270994,3.66204,1.7846,1.3876,0.453524,0.247381,-1.27327,4.57359,-1.00842,-1.95054,0.487039,0.9259,-0.373796,0.0389109,-0.264411,0.630917,0.521194,0.169988,-0.421338,0.768742,-0.408948,0.0685598,1.36895,-0.739937,-0.459752,-0.148999,0.622449,-1.9178,0.399817,0.82526])
3.171874740387514
Max g: 0.34198647200214066
f_6([0.93493,0.231264,0.768736,-0.896992,0.840133,1.05127,0.589072,-0.106051,1.10605,-1.44384,1.17015,1.27237,0.404533,-0.874048,-0.29409,3.66349,1.78371,1.38793,0.506264,0.0291659,-0.970613,4.61762,-0.898444,-2.04772,0.473788,0.930329,-0.364084,0.039649,-0.274057,0.58601,0.577874,0.163775,-0.484765,0.903444,-0.452973,0.0364427,1.3861,-0.711882,-0.513172,-0.139475,0.732801,-2.02009,0.373506,0.844932])
3.2484375778837458
Max g: 0.2762641361043983
f_7([0.916581,0.244944,0.755056,-0.89661,0.841264,1.04943,0.568284,-0.0993199,1.09932,-1.44239,1.16292,1.27947,0.398327,-0.8905,-0.321298,3.66395,1.7811,1.3863,0.569413,-0.172589,-0.695536,4.65061,-0.799432,-2.12297,0.45545,0.933081,-0.351398,0.0401459,-0.268711,0.53159,0.635443,0.155822,-0.522094,1.00979,-0.490478,0.00167657,1.39028,-0.67215,-0.567,-0.126927,0.815215,-2.08214,0.334382,0.869589])
3.3410506977196825
Max g: 0.19657934653314862
f_8([0.877818,0.28011,0.719877,-0.886062,0.847568,1.03847,0.516154,-0.0920712,1.09207,-1.41944,1.16181,1.25442,0.332336,-0.870105,-0.335117,3.68946,1.78677,1.38494,0.693996,-0.453475,-0.309834,4.69551,-0.695131,-2.19709,0.404978,0.907709,-0.346317,0.0404834,-0.190978,0.389764,0.669782,0.129457,-0.54516,1.13503,-0.513967,-0.0774121,1.28461,-0.484755,-0.675666,-0.109914,0.995154,-2.0965,0.210491,0.887094])
3.669732566502334
Max g: 0.04042527788528427
f_9([0.847678,0.276639,0.723282,-0.892588,0.856922,1.03559,0.499903,-0.0877634,1.07997,-1.40564,1.15916,1.24484,0.307886,-0.885774,-0.375127,3.6942,1.83129,1.40524,0.786068,-0.539096,-0.197409,4.71885,-0.636508,-2.20077,0.358685,0.940435,-0.338963,0.0405884,-0.182018,0.374257,0.698401,0.11116,-0.557038,1.13909,-0.463253,-0.122046,1.22853,-0.422429,-0.705363,-0.0993272,1.03146,-2.05859,0.119053,0.906985])
3.836515935162746
Max g: 0.020482893675160152
f_10([0.844812,0.280682,0.719313,-0.893588,0.856777,1.03681,0.504543,-0.0800752,1.08005,-1.40407,1.1564,1.24767,0.293694,-0.890613,-0.390415,3.69164,1.83181,1.40514,0.73132,-0.489503,-0.269561,4.71009,-0.668475,-2.19072,0.353338,0.946223,-0.340583,0.0411812,-0.195735,0.405862,0.675549,0.115704,-0.544132,1.10892,-0.473015,-0.0916053,1.20732,-0.416948,-0.677754,-0.112589,1.02393,-2.05881,0.157339,0.878829])
3.8131881956131126
{0.8448122209774436,0.28068249764167286,0.7193127201367583,-0.8935875150930183,0.8567772170818327,1.0368052166664337,0.504543207491585,-0.08007520313007874,1.0800535213034013,-1.4040695133328296,1.1563959976370923,1.2476741621327012,0.2936944938654619,-0.890613172745488,-0.39041472976163416,3.6916438625392343,1.8318079519448054,1.4051361461344583,0.7313197427170741,-0.4895032546499506,-0.2695608811828056,4.71008604315227,-0.6684754659113823,-2.19071617763563,0.3533375782868503,0.9462225722255724,-0.34058284243082115,0.04118116080565387,-0.19573474226380858,0.40586166665645623,0.6755491860088919,0.11570420051855712,-0.5441319471553738,1.1089195503437428,-0.47301539855679275,-0.09160533430535253,1.2073245454366497,-0.4169481692228938,-0.6777542973259943,-0.1125887475741681,1.0239318436916225,-2.058805620615661,0.15733883351290653,0.8788291063200125}]
Set[{A021,A031,A032,A041,A042,A043,A121,A131,A132,A141,A142,A143,B021,B031,B032,B041,B042,B043,B121,B131,B132,B141,B142,B143,\[Alpha]1,\[Alpha]2,\[Alpha]3,\[Alpha]4,\[Beta]11,\[Beta]12,\[Beta]13,\[Beta]14,\[Beta]21,\[Beta]22,\[Beta]23,\[Beta]24,\[Beta]31,\[Beta]32,\[Beta]33,\[Beta]34,\[Beta]41,\[Beta]42,\[Beta]43,\[Beta]44},{0.8448122209774436,0.28068249764167286,0.7193127201367583,-0.8935875150930183,0.8567772170818327,1.0368052166664337,0.504543207491585,-0.08007520313007874,1.0800535213034013,-1.4040695133328296,1.1563959976370923,1.2476741621327012,0.2936944938654619,-0.890613172745488,-0.39041472976163416,3.6916438625392343,1.8318079519448054,1.4051361461344583,0.7313197427170741,-0.4895032546499506,-0.2695608811828056,4.71008604315227,-0.6684754659113823,-2.19071617763563,0.3533375782868503,0.9462225722255724,-0.34058284243082115,0.04118116080565387,-0.19573474226380858,0.40586166665645623,0.6755491860088919,0.11570420051855712,-0.5441319471553738,1.1089195503437428,-0.47301539855679275,-0.09160533430535253,1.2073245454366497,-0.4169481692228938,-0.6777542973259943,-0.1125887475741681,1.0239318436916225,-2.058805620615661,0.15733883351290653,0.8788291063200125}]

Max g: 0.009902013910947208
f_11([0.84323,0.302486,0.697411,-0.923937,0.827614,1.09628,0.507005,-0.0747116,1.07471,-1.41087,1.15153,1.25933,0.278702,-0.894283,-0.399759,3.68328,1.82865,1.40284,0.710846,-0.472362,-0.292726,4.70399,-0.678677,-2.18731,0.35119,0.950963,-0.343994,0.0418751,-0.20479,0.416957,0.669815,0.117879,-0.544117,1.10476,-0.477975,-0.0824479,1.2058,-0.418521,-0.670749,-0.117,1.01688,-2.06149,0.174863,0.870058])
3.8170761522047183
Max g: 0.007249873564616177
f_12([0.84388,0.302563,0.697381,-0.924003,0.827642,1.09634,0.507416,-0.0739093,1.07389,-1.41731,1.14951,1.26778,0.272849,-0.896556,-0.402086,3.68318,1.82848,1.40282,0.71151,-0.471969,-0.292588,4.70381,-0.678846,-2.18757,0.351353,0.952254,-0.345735,0.042088,-0.203808,0.415384,0.670172,0.118159,-0.54499,1.10629,-0.478102,-0.0831614,1.20749,-0.419447,-0.671167,-0.116869,1.01563,-2.06191,0.175021,0.871295])
3.8163783138421223
Max g: 0.005810931035276606
f_13([0.844315,0.302622,0.697349,-0.923965,0.827599,1.09636,0.507533,-0.0732502,1.07324,-1.41763,1.149,1.26862,0.267954,-0.898335,-0.403842,3.68313,1.82842,1.40275,0.711855,-0.471834,-0.292461,4.7038,-0.678868,-2.18769,0.351626,0.953329,-0.347244,0.0422603,-0.203362,0.414753,0.670352,0.118238,-0.545151,1.10673,-0.478139,-0.0834431,1.20731,-0.418974,-0.671288,-0.116975,1.01548,-2.06222,0.174918,0.871811])
3.8162786226474656
Max g: 0.0049873005783801355
f_14([0.844723,0.302627,0.697337,-0.923997,0.827606,1.09638,0.507628,-0.0726675,1.07266,-1.4179,1.14853,1.26936,0.26364,-0.89993,-0.405461,3.68307,1.82834,1.40273,0.712037,-0.471591,-0.292496,4.70377,-0.67888,-2.1878,0.351843,0.954272,-0.348564,0.0424153,-0.203218,0.41444,0.670512,0.118279,-0.545157,1.10694,-0.478203,-0.0836021,1.20685,-0.418334,-0.671318,-0.117135,1.01544,-2.06251,0.174883,0.87218])
3.8167770786207487
Max g: 0.004314678914244738
f_15([0.845101,0.302629,0.697354,-0.923968,0.827599,1.09637,0.507713,-0.0721493,1.07214,-1.4181,1.14807,1.27002,0.259653,-0.901452,-0.406955,3.68299,1.82826,1.40269,0.712183,-0.471316,-0.292587,4.70374,-0.678872,-2.18792,0.352055,0.955119,-0.349766,0.0425586,-0.203179,0.414241,0.670641,0.118309,-0.545146,1.10712,-0.478253,-0.083731,1.20643,-0.417717,-0.671347,-0.117295,1.01541,-2.06282,0.174892,0.872509])
3.8171758433993745
Max g: 0.003701619429180819
f_16([0.845417,0.302676,0.697296,-0.923986,0.827587,1.09639,0.507792,-0.0716852,1.07168,-1.41835,1.1477,1.27065,0.256012,-0.902806,-0.408332,3.68297,1.82821,1.40264,0.712299,-0.471038,-0.292687,4.70371,-0.678877,-2.18802,0.352254,0.955903,-0.350866,0.0426878,-0.203189,0.414091,0.670772,0.118334,-0.545116,1.10727,-0.47832,-0.0838431,1.206,-0.417107,-0.67137,-0.117458,1.0154,-2.06311,0.174899,0.872801])
3.8156804754795264
Max g: 0.0031545424657920054
f_17([0.845693,0.302686,0.697299,-0.923972,0.827594,1.09637,0.50785,-0.071337,1.07134,-1.41854,1.1474,1.27114,0.253199,-0.903836,-0.40938,3.68294,1.82818,1.40257,0.712374,-0.470829,-0.292767,4.70365,-0.678852,-2.1881,0.352417,0.9565,-0.351728,0.0427886,-0.203183,0.413965,0.670873,0.118354,-0.545096,1.10738,-0.478371,-0.0839217,1.20566,-0.416629,-0.671381,-0.117586,1.0154,-2.06334,0.17491,0.873013])
3.816677387426092
Max g: 0.0027344101369995225
f_18([0.845928,0.302698,0.697282,-0.92398,0.827604,1.09637,0.507908,-0.071022,1.07102,-1.41868,1.14711,1.27157,0.250732,-0.904768,-0.410291,3.6829,1.82814,1.40256,0.712452,-0.470634,-0.292845,4.70362,-0.678863,-2.18816,0.352548,0.957039,-0.352484,0.0428772,-0.20317,0.413857,0.670947,0.118375,-0.545072,1.10747,-0.478412,-0.0840001,1.20536,-0.416215,-0.671392,-0.117696,1.01538,-2.06354,0.174922,0.873223])
3.816677387426092
Max g: 0.002359556245392039
f_19([0.846174,0.302747,0.697233,-0.923988,0.827629,1.09636,0.507961,-0.0707251,1.07069,-1.41883,1.14685,1.27196,0.248128,-0.905916,-0.411222,3.68284,1.82807,1.40271,0.712494,-0.470452,-0.292899,4.70358,-0.678885,-2.18823,0.352765,0.957529,-0.353244,0.0429696,-0.203201,0.413804,0.671028,0.118389,-0.545004,1.10755,-0.478493,-0.0840579,1.20503,-0.415741,-0.67142,-0.117828,1.01539,-2.06379,0.174963,0.873426])
3.816478005036779
Max g: 0.0019754945255874984
f_20([0.846506,0.302773,0.697217,-0.923993,0.827644,1.09634,0.508042,-0.0703126,1.0703,-1.41902,1.14649,1.27252,0.244791,-0.907147,-0.412472,3.68279,1.82802,1.40264,0.712618,-0.470188,-0.293019,4.70354,-0.678891,-2.18831,0.352922,0.958234,-0.354258,0.0430893,-0.203246,0.413705,0.671135,0.118401,-0.544952,1.10763,-0.478532,-0.0841563,1.20453,-0.415097,-0.671408,-0.117989,1.0154,-2.06405,0.17495,0.873706])
3.815979549063496
{0.8465057339887245,0.3027734634056625,0.6972170632917445,-0.9239934693905322,0.8276443939425818,1.0963433604931399,0.5080419914019049,-0.07031261608937171,1.070304079054094,-1.4190230113410771,1.146491648073957,1.272522580428002,0.2447911161727643,-0.9071470809417359,-0.41247188109856164,3.6827867727838597,1.8280196418159822,1.402638832475096,0.7126182972380031,-0.47018782738870185,-0.29301944835501165,4.7035364448453665,-0.6788907993666112,-2.188308034046876,0.3529220097864603,0.9582340174713989,-0.35425819988814716,0.043089336673833085,-0.203245886813946,0.41370536839332744,0.671134636302229,0.11840074078066927,-0.5449515861988338,1.1076281241813928,-0.4785320575192702,-0.08415630389640409,1.2045267367876213,-0.4150965911344586,-0.6714075702022906,-0.11798948616686059,1.015401772103479,-2.0640496720200194,0.17495000781283046,0.8737055356206853}]
Set[{A021,A031,A032,A041,A042,A043,A121,A131,A132,A141,A142,A143,B021,B031,B032,B041,B042,B043,B121,B131,B132,B141,B142,B143,\[Alpha]1,\[Alpha]2,\[Alpha]3,\[Alpha]4,\[Beta]11,\[Beta]12,\[Beta]13,\[Beta]14,\[Beta]21,\[Beta]22,\[Beta]23,\[Beta]24,\[Beta]31,\[Beta]32,\[Beta]33,\[Beta]34,\[Beta]41,\[Beta]42,\[Beta]43,\[Beta]44},{0.8465057339887245,0.3027734634056625,0.6972170632917445,-0.9239934693905322,0.8276443939425818,1.0963433604931399,0.5080419914019049,-0.07031261608937171,1.070304079054094,-1.4190230113410771,1.146491648073957,1.272522580428002,0.2447911161727643,-0.9071470809417359,-0.41247188109856164,3.6827867727838597,1.8280196418159822,1.402638832475096,0.7126182972380031,-0.47018782738870185,-0.29301944835501165,4.7035364448453665,-0.6788907993666112,-2.188308034046876,0.3529220097864603,0.9582340174713989,-0.35425819988814716,0.043089336673833085,-0.203245886813946,0.41370536839332744,0.671134636302229,0.11840074078066927,-0.5449515861988338,1.1076281241813928,-0.4785320575192702,-0.08415630389640409,1.2045267367876213,-0.4150965911344586,-0.6714075702022906,-0.11798948616686059,1.015401772103479,-2.0640496720200194,0.17495000781283046,0.8737055356206853}]

Max g: 0.0014916606931199422
f_21([0.846648,0.302739,0.697253,-0.923951,0.827652,1.09629,0.508069,-0.0701363,1.07013,-1.41912,1.14634,1.27278,0.242893,-0.907918,-0.413205,3.68277,1.82799,1.40265,0.712673,-0.470077,-0.29306,4.70352,-0.678866,-2.18835,0.353002,0.958645,-0.354809,0.0431576,-0.203258,0.413669,0.671197,0.118396,-0.544921,1.10767,-0.47855,-0.084198,1.2043,-0.414806,-0.671414,-0.118064,1.01541,-2.06416,0.174936,0.873818])
3.816478005036779
Max g: 0.0012167329272423436
f_22([0.84676,0.302729,0.697265,-0.923948,0.827656,1.09629,0.508099,-0.069991,1.06999,-1.4192,1.14621,1.27299,0.241681,-0.908363,-0.413649,3.68275,1.82798,1.40263,0.712718,-0.469988,-0.293091,4.7035,-0.67887,-2.18838,0.353068,0.958907,-0.355181,0.0432006,-0.203263,0.413623,0.671237,0.118404,-0.544903,1.10771,-0.47857,-0.0842389,1.20414,-0.414585,-0.671422,-0.118121,1.0154,-2.06427,0.17494,0.873928])
3.8160792402581527
Max g: 0.0010375611662866158
f_23([0.846865,0.302734,0.697261,-0.923948,0.827656,1.09629,0.508124,-0.0698566,1.06986,-1.41927,1.14609,1.27318,0.24058,-0.908766,-0.414063,3.68272,1.82795,1.40261,0.71275,-0.46991,-0.29312,4.70347,-0.678868,-2.18841,0.353125,0.959145,-0.355517,0.0432402,-0.203266,0.413587,0.671271,0.118409,-0.544899,1.10776,-0.478589,-0.0842704,1.204,-0.414389,-0.671427,-0.118173,1.0154,-2.06435,0.174942,0.874015])
3.816478005036779
Max g: 0.0008761211418078646
f_24([0.84696,0.302735,0.69726,-0.923952,0.827657,1.09629,0.508151,-0.0697273,1.06973,-1.41933,1.14598,1.27335,0.239574,-0.909142,-0.414436,3.6827,1.82794,1.40259,0.712781,-0.469828,-0.293152,4.70346,-0.678868,-2.18844,0.35319,0.959356,-0.355824,0.0432763,-0.203269,0.413543,0.671306,0.118418,-0.544888,1.1078,-0.478608,-0.0843018,1.20387,-0.414202,-0.671432,-0.118222,1.01539,-2.06444,0.174951,0.874101])
3.816178931452809
Max g: 0.0007261626117537126
{0.8469851829719609,0.30273637009973003,0.6972598687506515,-0.9239547765347126,0.8276591826435573,1.096293796461921,0.5081541389141608,-0.06969536551812423,1.0696924387332516,-1.4193490429183768,1.145955075918827,1.2733918017843995,0.23932228460158086,-0.9092338305536478,-0.4145313694371229,3.682694469793931,1.8279427718874448,1.4025812810341325,0.7127890331197577,-0.46980843572062586,-0.2931605548996114,4.703458938398865,-0.6788682913202446,-2.188445917247301,0.3532061313400389,0.9594056054166827,-0.35589879073786296,0.04328526383432548,-0.20326872208883995,0.41353172273358935,0.6713155586246365,0.11841874243689976,-0.5448869034374296,1.1078067315320899,-0.4786127733004593,-0.08431012359596363,1.203839030497627,-0.414161185329193,-0.6714345103215363,-0.1182336234738161,1.0153836541944938,-2.064457879105271,0.17495265972260396,0.874121340762604}]
Set[{A021,A031,A032,A041,A042,A043,A121,A131,A132,A141,A142,A143,B021,B031,B032,B041,B042,B043,B121,B131,B132,B141,B142,B143,\[Alpha]1,\[Alpha]2,\[Alpha]3,\[Alpha]4,\[Beta]11,\[Beta]12,\[Beta]13,\[Beta]14,\[Beta]21,\[Beta]22,\[Beta]23,\[Beta]24,\[Beta]31,\[Beta]32,\[Beta]33,\[Beta]34,\[Beta]41,\[Beta]42,\[Beta]43,\[Beta]44},{0.8469851829719609,0.30273637009973003,0.6972598687506515,-0.9239547765347126,0.8276591826435573,1.096293796461921,0.5081541389141608,-0.06969536551812423,1.0696924387332516,-1.4193490429183768,1.145955075918827,1.2733918017843995,0.23932228460158086,-0.9092338305536478,-0.4145313694371229,3.682694469793931,1.8279427718874448,1.4025812810341325,0.7127890331197577,-0.46980843572062586,-0.2931605548996114,4.703458938398865,-0.6788682913202446,-2.188445917247301,0.3532061313400389,0.9594056054166827,-0.35589879073786296,0.04328526383432548,-0.20326872208883995,0.41353172273358935,0.6713155586246365,0.11841874243689976,-0.5448869034374296,1.1078067315320899,-0.4786127733004593,-0.08431012359596363,1.203839030497627,-0.414161185329193,-0.6714345103215363,-0.1182336234738161,1.0153836541944938,-2.064457879105271,0.17495265972260396,0.874121340762604}]


-----------------Final Result------------------
Options: alg=LN_AUGLAG_EQ,dx=0.01,max_eval=100000000,popSize=0
imin=-6,jmin=-3,imax=1,jmax=3,
parameter_minmax=5,
randSeed=28036032,rand_minmax=2,
END_C=true, INEQ_C=false

2433499 steps

Completed with maxf : 3.8160792402581527

Constraints at 0.0006892778454789528

x = [0.8469851829719609,0.30273637009973003,0.6972598687506515,-0.9239547765347126,0.8276591826435573,1.096293796461921,0.5081541389141608,-0.06969536551812423,1.0696924387332516,-1.4193490429183768,1.145955075918827,1.2733918017843995,0.23932228460158086,-0.9092338305536478,-0.4145313694371229,3.682694469793931,1.8279427718874448,1.4025812810341325,0.7127890331197577,-0.46980843572062586,-0.2931605548996114,4.703458938398865,-0.6788682913202446,-2.188445917247301,0.3532061313400389,0.9594056054166827,-0.35589879073786296,0.04328526383432548,-0.20326872208883995,0.41353172273358935,0.6713155586246365,0.11841874243689976,-0.5448869034374296,1.1078067315320899,-0.4786127733004593,-0.08431012359596363,1.203839030497627,-0.414161185329193,-0.6714345103215363,-0.1182336234738161,1.0153836541944938,-2.064457879105271,0.17495265972260396,0.874121340762604]
c0 = [0.0,0.8469851829719609,0.9999962388503816,0.9999982025707658]
c1 = [0.0,0.5081541389141608,0.9999970732151273,0.9999978347848497]
A0 = [0.0,0.8469851829719609,0.30273637009973003,-0.9239547765347126,0.0,0.0,0.6972598687506515,0.8276591826435573,0.0,0.0,0.0,1.096293796461921,0.0,0.0,0.0,0.0]
A1 = [0.0,0.5081541389141608,-0.06969536551812423,-1.4193490429183768,0.0,0.0,1.0696924387332516,1.145955075918827,0.0,0.0,0.0,1.2733918017843995,0.0,0.0,0.0,0.0]
B0 = [0.0,0.23932228460158086,-0.9092338305536478,3.682694469793931,0.0,0.0,-0.4145313694371229,1.8279427718874448,0.0,0.0,0.0,1.4025812810341325,0.0,0.0,0.0,0.0]
B1 = [0.0,0.7127890331197577,-0.46980843572062586,4.703458938398865,0.0,0.0,-0.2931605548996114,-0.6788682913202446,0.0,0.0,0.0,-2.188445917247301,0.0,0.0,0.0,0.0]
α  = [0.3532061313400389,0.9594056054166827,-0.35589879073786296,0.04328526383432548]
β1 = [-0.20326872208883995,0.41353172273358935,0.6713155586246365,0.11841874243689976]
β2 = [-0.5448869034374296,1.1078067315320899,-0.4786127733004593,-0.08431012359596363]
β3 = [1.203839030497627,-0.414161185329193,-0.6714345103215363,-0.1182336234738161]
β4 = [1.0153836541944938,-2.064457879105271,0.17495265972260396,0.874121340762604]


Set[{A021,A031,A032,A041,A042,A043,A121,A131,A132,A141,A142,A143,B021,B031,B032,B041,B042,B043,B121,B131,B132,B141,B142,B143,\[Alpha]1,\[Alpha]2,\[Alpha]3,\[Alpha]4,\[Beta]11,\[Beta]12,\[Beta]13,\[Beta]14,\[Beta]21,\[Beta]22,\[Beta]23,\[Beta]24,\[Beta]31,\[Beta]32,\[Beta]33,\[Beta]34,\[Beta]41,\[Beta]42,\[Beta]43,\[Beta]44},{0.8469851829719609,0.30273637009973003,0.6972598687506515,-0.9239547765347126,0.8276591826435573,1.096293796461921,0.5081541389141608,-0.06969536551812423,1.0696924387332516,-1.4193490429183768,1.145955075918827,1.2733918017843995,0.23932228460158086,-0.9092338305536478,-0.4145313694371229,3.682694469793931,1.8279427718874448,1.4025812810341325,0.7127890331197577,-0.46980843572062586,-0.2931605548996114,4.703458938398865,-0.6788682913202446,-2.188445917247301,0.3532061313400389,0.9594056054166827,-0.35589879073786296,0.04328526383432548,-0.20326872208883995,0.41353172273358935,0.6713155586246365,0.11841874243689976,-0.5448869034374296,1.1078067315320899,-0.4786127733004593,-0.08431012359596363,1.203839030497627,-0.414161185329193,-0.6714345103215363,-0.1182336234738161,1.0153836541944938,-2.064457879105271,0.17495265972260396,0.874121340762604}]



