
-----------------Setup------------------
Options: alg=LN_AUGLAG_EQ,dx=0.01,max_eval=100000000,popSize=0
imin=-12,jmin=-1,imax=1,jmax=1,
parameter_minmax=5,
randSeed=8734371, rand_minmax=2

Initial Condition:

[-1.88988,-1.58231,1.51518,0.448294,0.690968,0.0155299,-0.744317,-1.80215,-1.41462,0.363551,0.258439,-0.069435,-0.812424,1.33495,-1.3084,1.9118,0.665698,1.91588,1.63897,0.491914,-0.697591,-0.941358,0.0746965,-0.962388,-1.02735,-0.324684,0.00906986,0.861945,1.15506,-0.686736,-0.28863,-1.96282,0.718235,-1.82166,1.57296,1.76256,-1.28316,-1.80748,-0.66827,1.47253,1.84696,0.858346,0.343285,-1.92781]

f_1([0.0279128,-1.13364,1.53966,-0.341928,0.682458,-0.0163788,3.14791e-5,-0.0291816,0.0470471,-0.0413504,0.0390107,0.0104462,-1.53348,2.0942,-1.35637,0.692568,-1.91429,-0.170218,-0.0654673,-0.0609319,-0.959851,1.83852,-0.600897,-2.02307,0.928538,-0.681968,-0.190798,0.262892,1.74738,1.67809,-0.810429,-3.33391,-0.47495,-0.735825,0.973937,0.961598,-0.410258,-3.29281,1.82857,1.92691,1.99332,-1.26565,0.417123,0.477431])
25.458724823232036
Max g: 4.169994905059359
f_2([0.0279128,-1.13364,1.53966,-0.341928,0.682458,-0.0163788,3.15112e-5,-0.0291816,0.0470471,-0.0413504,0.0390106,0.0104461,-1.53348,2.0942,-1.35637,0.692568,-1.91429,-0.170218,-0.0654672,-0.0609312,-0.95985,1.83852,-0.600897,-2.02307,0.928538,-0.681968,-0.190798,0.262892,1.74738,1.67809,-0.810429,-3.33391,-0.47495,-0.735825,0.973937,0.961598,-0.410258,-3.29281,1.82857,1.92691,1.99332,-1.26565,0.417123,0.477431])
25.458724823232036
Max g: 4.169988346526222
f_3([0.0794508,-1.1476,1.47655,-0.332133,0.70223,-0.0182179,0.00391353,-0.0526232,0.0526232,-0.0186867,0.016565,0.00212213,-1.51829,2.09258,-1.32221,0.669251,-1.86959,-0.22297,-0.0721697,0.187705,-1.08579,1.66174,-0.616754,0.449961,0.919034,-0.65235,-0.193259,0.251238,1.8784,1.64774,-0.68887,-3.38708,-0.44803,-1.07781,1.08426,0.52775,-0.226159,-3.33518,1.92995,1.7731,2.02973,-1.3664,0.364777,0.336074])
25.986378637175385
Max g: 6.501881946752321
f_4([-1.90685e-6,-1.47624,1.70084,0.183427,-0.0372957,0.395839,0.135445,0.067431,-0.010357,-0.134274,0.0975593,0.0376716,-1.17864,1.8521,-2.04492,0.624179,-1.84463,-0.682457,-0.624043,1.71105,-1.15617,0.929526,-0.701663,-0.253896,0.875437,-0.768037,-0.0346257,-0.00293298,1.69648,1.65466,-0.383142,-0.665018,-0.499789,-1.19074,1.14222,-0.167854,-0.510924,-2.79713,1.01276,1.73643,1.74087,-1.71328,0.325735,0.330155])
21.863281593569432
Max g: 2.2622739051723793
f_5([0.0166176,-1.42142,2.13099,0.393724,-0.0679722,0.12368,0.406245,0.604115,-0.0213265,0.0921986,-0.0913991,-0.000747634,-0.122685,4.04421,-2.45558,2.41161,0.410673,-1.08162,0.188806,2.05183,-0.793465,0.888362,-0.550594,-0.0246502,0.989745,-0.484085,0.279456,0.291102,1.09448,1.31789,0.518817,-1.8346,0.131393,-0.900848,0.62872,-0.0905572,0.329699,-2.35186,-0.40731,2.25532,1.19438,-1.71563,1.17723,-0.824152])
20.558812394598874
Max g: 0.9545825931324262
f_6([0.0239519,-1.35987,2.18446,0.51551,0.00157044,0.301421,0.305176,0.71135,-0.0556758,0.143578,-0.131618,0.00221341,0.0216722,3.97905,-2.48078,2.3774,0.398227,-1.03104,0.237646,2.24119,-0.308467,1.20522,-0.290631,-0.0360798,0.926678,-0.51098,0.385898,0.217009,0.99766,1.29875,0.671116,-1.93417,0.218196,-0.554015,-0.00990932,0.515905,0.475402,-2.09755,-0.738798,2.34443,1.71716,-1.38786,0.778382,-1.19163])
21.34566980623401
Max g: 0.32986537867801347
f_7([0.0266937,-1.4088,2.20968,0.530553,-0.132235,0.31343,0.761301,0.846191,0.153845,0.342485,0.0518536,-0.00133061,-0.00194187,3.94224,-2.47351,2.14527,0.344567,-0.971257,-0.633366,2.00626,-0.55696,1.13032,-0.320318,-0.215899,0.890431,-0.570121,0.409482,0.26524,-0.302336,0.844459,0.285521,0.178672,-0.748016,-0.602684,-0.119974,1.44626,1.26766,-0.825455,-0.291924,-0.15191,2.57222,-0.0730691,1.66616,-4.15001])
13.758769564934743
Max g: 0.08106222926245332
f_8([0.0240832,-1.44007,2.19277,0.51476,-0.124565,0.32243,0.96231,0.85941,0.10497,0.355606,0.0444121,-0.00446524,0.0368025,3.93346,-2.48757,2.16381,0.314631,-0.97706,-0.958809,1.79985,-0.442678,1.10618,-0.311842,-0.268281,0.890046,-0.587421,0.432098,0.265156,-0.495931,0.600689,0.126226,0.768585,-0.519816,-0.441941,0.0904881,0.868983,1.4785,-0.598397,-0.132835,-0.747047,2.5226,0.0579038,1.69989,-4.28169])
14.178247884329314
Max g: 0.005709563163517037
f_9([0.0240665,-1.43822,2.19324,0.513045,-0.122418,0.323669,0.980882,0.85821,0.105423,0.355657,0.0430458,-0.00280617,0.0360978,3.95966,-2.48418,2.12048,0.31608,-0.977123,-0.983929,1.79619,-0.440587,1.10669,-0.310663,-0.270698,0.893894,-0.588902,0.435858,0.25911,-0.49432,0.584656,0.116956,0.792705,-0.489434,-0.434119,0.106352,0.816958,1.49325,-0.584588,-0.117285,-0.791513,2.52424,0.0572868,1.70132,-4.28295])
14.228855721393035
Max g: 0.002116804153392604
f_10([0.0240644,-1.43816,2.19336,0.513101,-0.122472,0.32328,0.986691,0.859633,0.107435,0.35619,0.043608,-0.00249574,0.0361272,3.95995,-2.48448,2.12057,0.31638,-0.9775,-0.993479,1.79295,-0.437751,1.10723,-0.310059,-0.272152,0.893655,-0.588612,0.436294,0.25867,-0.49647,0.57895,0.112609,0.804848,-0.479653,-0.431497,0.111932,0.799179,1.49713,-0.579045,-0.112361,-0.80569,2.52413,0.0571986,1.70093,-4.28221])
14.231838501573609
{0.02406441985734652,-1.4381572342582758,2.193361232194153,0.513101412771263,-0.1224717215710601,0.32327977951947484,0.9866913197670095,0.8596326702195793,0.10743465970076421,0.35618980253748345,0.0436080290116451,-0.002495737637802213,0.036127227294717186,3.9599518742825515,-2.484479766093483,2.1205731604049998,0.31638028780848126,-0.977500183845489,-0.9934794923561968,1.792952902395779,-0.43775120652520344,1.107231897344721,-0.3100586649207466,-0.27215158175046283,0.8936553941219539,-0.5886120503586111,0.43629392322036326,0.25866994791953496,-0.496469697968179,0.5789497725675665,0.11260899176877098,0.8048479503529504,-0.4796534109602489,-0.431496560862868,0.11193208960472491,0.7991792500688659,1.4971349838278225,-0.5790454555079078,-0.11236081797912391,-0.8056901259893448,2.5241290238177716,0.057198550547951504,1.70093476557049,-4.282205015822288}]
Set[{A021,A031,A032,A041,A042,A043,A121,A131,A132,A141,A142,A143,B021,B031,B032,B041,B042,B043,B121,B131,B132,B141,B142,B143,\[Alpha]1,\[Alpha]2,\[Alpha]3,\[Alpha]4,\[Beta]11,\[Beta]12,\[Beta]13,\[Beta]14,\[Beta]21,\[Beta]22,\[Beta]23,\[Beta]24,\[Beta]31,\[Beta]32,\[Beta]33,\[Beta]34,\[Beta]41,\[Beta]42,\[Beta]43,\[Beta]44},{0.02406441985734652,-1.4381572342582758,2.193361232194153,0.513101412771263,-0.1224717215710601,0.32327977951947484,0.9866913197670095,0.8596326702195793,0.10743465970076421,0.35618980253748345,0.0436080290116451,-0.002495737637802213,0.036127227294717186,3.9599518742825515,-2.484479766093483,2.1205731604049998,0.31638028780848126,-0.977500183845489,-0.9934794923561968,1.792952902395779,-0.43775120652520344,1.107231897344721,-0.3100586649207466,-0.27215158175046283,0.8936553941219539,-0.5886120503586111,0.43629392322036326,0.25866994791953496,-0.496469697968179,0.5789497725675665,0.11260899176877098,0.8048479503529504,-0.4796534109602489,-0.431496560862868,0.11193208960472491,0.7991792500688659,1.4971349838278225,-0.5790454555079078,-0.11236081797912391,-0.8056901259893448,2.5241290238177716,0.057198550547951504,1.70093476557049,-4.282205015822288}]

Max g: 0.00010718765158902743
f_11([0.0240674,-1.43813,2.19335,0.513104,-0.122448,0.323232,0.986906,0.859572,0.107571,0.356132,0.043417,-0.00218058,0.0361129,3.95986,-2.48443,2.12049,0.316367,-0.977378,-0.993878,1.79266,-0.437536,1.10715,-0.30997,-0.272195,0.893649,-0.588624,0.436329,0.258643,-0.496776,0.57874,0.112342,0.805696,-0.479117,-0.431423,0.112225,0.79833,1.49709,-0.578777,-0.112247,-0.806054,2.52401,0.0572847,1.70101,-4.2823])
14.217620582712877
Max g: 0.0002756607755666357
f_12([0.0240663,-1.43812,2.19332,0.513104,-0.122432,0.323216,0.986544,0.859472,0.107501,0.355759,0.0430683,-0.00152748,0.0361236,3.95984,-2.48443,2.1205,0.316349,-0.97739,-0.993309,1.79289,-0.437717,1.10719,-0.310035,-0.27212,0.893646,-0.588629,0.436337,0.258646,-0.496747,0.579097,0.112549,0.805099,-0.479658,-0.431578,0.11188,0.799359,1.49673,-0.579095,-0.112554,-0.805082,2.52401,0.0572521,1.70107,-4.28232])
14.18978130102753
Max g: 3.7184733963351035e-5
f_13([0.0233592,-1.43787,2.19375,0.513007,-0.122347,0.323311,0.988132,0.867337,0.107674,0.341855,0.0107823,0.010007,0.0383105,3.96405,-2.49158,2.11974,0.31899,-0.976303,-0.991115,1.75202,-0.48992,1.14246,-0.320405,-0.148667,0.890432,-0.608726,0.409641,0.241154,-0.496327,0.572892,0.118749,0.80388,-0.486917,-0.443472,0.101715,0.801826,1.49803,-0.581458,-0.116552,-0.801803,2.52299,0.0544876,1.69326,-4.28079])
12.653947786050532
Max g: 0.16210529263814108
f_14([0.0240621,-1.43812,2.19332,0.513106,-0.122433,0.32321,0.986487,0.85946,0.107482,0.355697,0.0430061,-0.00141546,0.0361228,3.95985,-2.48442,2.1205,0.316343,-0.977398,-0.993216,1.79292,-0.437744,1.10719,-0.310041,-0.272105,0.89365,-0.588632,0.436336,0.258646,-0.496711,0.579152,0.112593,0.804966,-0.479752,-0.431603,0.111823,0.799532,1.49671,-0.579151,-0.112595,-0.80496,2.524,0.0572495,1.70108,-4.28233])
14.184710574720556
Max g: 1.1911481523629863e-6
{0.024062144096057194,-1.438122347201581,2.193321988399703,0.5131055087253832,-0.12243270289927712,0.32320977508272564,0.9864874537376093,0.8594600049960212,0.1074821223724742,0.35569734995470526,0.04300614068953222,-0.0014154645141082217,0.036122775878103766,3.9598508687800273,-2.484419716455591,2.120498228308763,0.3163431282690095,-0.9773983546157755,-0.9932155279924083,1.7929174851912362,-0.4377436642126336,1.1071852854631403,-0.31004083507041746,-0.27210475231626297,0.8936499184374567,-0.5886320458813582,0.4363357138503526,0.2586464248973416,-0.4967109802128162,0.5791518767561344,0.11259338298001238,0.8049656444845115,-0.47975237789193653,-0.4316029166239467,0.11182301554020653,0.7995320994064358,1.4967063889395529,-0.5791513696432731,-0.1125947642868149,-0.8049604269529933,2.5240040458379163,0.057249471720359636,1.701076540015026,-4.282330054999374}]
Set[{A021,A031,A032,A041,A042,A043,A121,A131,A132,A141,A142,A143,B021,B031,B032,B041,B042,B043,B121,B131,B132,B141,B142,B143,\[Alpha]1,\[Alpha]2,\[Alpha]3,\[Alpha]4,\[Beta]11,\[Beta]12,\[Beta]13,\[Beta]14,\[Beta]21,\[Beta]22,\[Beta]23,\[Beta]24,\[Beta]31,\[Beta]32,\[Beta]33,\[Beta]34,\[Beta]41,\[Beta]42,\[Beta]43,\[Beta]44},{0.024062144096057194,-1.438122347201581,2.193321988399703,0.5131055087253832,-0.12243270289927712,0.32320977508272564,0.9864874537376093,0.8594600049960212,0.1074821223724742,0.35569734995470526,0.04300614068953222,-0.0014154645141082217,0.036122775878103766,3.9598508687800273,-2.484419716455591,2.120498228308763,0.3163431282690095,-0.9773983546157755,-0.9932155279924083,1.7929174851912362,-0.4377436642126336,1.1071852854631403,-0.31004083507041746,-0.27210475231626297,0.8936499184374567,-0.5886320458813582,0.4363357138503526,0.2586464248973416,-0.4967109802128162,0.5791518767561344,0.11259338298001238,0.8049656444845115,-0.47975237789193653,-0.4316029166239467,0.11182301554020653,0.7995320994064358,1.4967063889395529,-0.5791513696432731,-0.1125947642868149,-0.8049604269529933,2.5240040458379163,0.057249471720359636,1.701076540015026,-4.282330054999374}]


-----------------Final Result------------------
Options: alg=LN_AUGLAG_EQ,dx=0.01,max_eval=100000000,popSize=0
imin=-12,jmin=-1,imax=1,jmax=1,
parameter_minmax=5,
randSeed=8734371,rand_minmax=2

1449395 steps

Completed with maxf : 14.185008852738614

Constraints at 1.1912259f-6

x = [0.024062144096057194,-1.438122347201581,2.193321988399703,0.5131055087253832,-0.12243270289927712,0.32320977508272564,0.9864874537376093,0.8594600049960212,0.1074821223724742,0.35569734995470526,0.04300614068953222,-0.0014154645141082217,0.036122775878103766,3.9598508687800273,-2.484419716455591,2.120498228308763,0.3163431282690095,-0.9773983546157755,-0.9932155279924083,1.7929174851912362,-0.4377436642126336,1.1071852854631403,-0.31004083507041746,-0.27210475231626297,0.8936499184374567,-0.5886320458813582,0.4363357138503526,0.2586464248973416,-0.4967109802128162,0.5791518767561344,0.11259338298001238,0.8049656444845115,-0.47975237789193653,-0.4316029166239467,0.11182301554020653,0.7995320994064358,1.4967063889395529,-0.5791513696432731,-0.1125947642868149,-0.8049604269529933,2.5240040458379163,0.057249471720359636,1.701076540015026,-4.282330054999374]
c0 = [0.0,0.024062144096057194,0.7551996411981221,0.7138825809088317]
c1 = [0.0,0.9864874537376093,0.9669421273684954,0.39728802613012926]
A0 = [0.0,0.024062144096057194,-1.438122347201581,0.5131055087253832,0.0,0.0,2.193321988399703,-0.12243270289927712,0.0,0.0,0.0,0.32320977508272564,0.0,0.0,0.0,0.0]
A1 = [0.0,0.9864874537376093,0.8594600049960212,0.35569734995470526,0.0,0.0,0.1074821223724742,0.04300614068953222,0.0,0.0,0.0,-0.0014154645141082217,0.0,0.0,0.0,0.0]
B0 = [0.0,0.036122775878103766,3.9598508687800273,2.120498228308763,0.0,0.0,-2.484419716455591,0.3163431282690095,0.0,0.0,0.0,-0.9773983546157755,0.0,0.0,0.0,0.0]
B1 = [0.0,-0.9932155279924083,1.7929174851912362,1.1071852854631403,0.0,0.0,-0.4377436642126336,-0.31004083507041746,0.0,0.0,0.0,-0.27210475231626297,0.0,0.0,0.0,0.0]
α  = [0.8936499184374567,-0.5886320458813582,0.4363357138503526,0.2586464248973416]
β1 = [-0.4967109802128162,0.5791518767561344,0.11259338298001238,0.8049656444845115]
β2 = [-0.47975237789193653,-0.4316029166239467,0.11182301554020653,0.7995320994064358]
β3 = [1.4967063889395529,-0.5791513696432731,-0.1125947642868149,-0.8049604269529933]
β4 = [2.5240040458379163,0.057249471720359636,1.701076540015026,-4.282330054999374]


Set[{A021,A031,A032,A041,A042,A043,A121,A131,A132,A141,A142,A143,B021,B031,B032,B041,B042,B043,B121,B131,B132,B141,B142,B143,\[Alpha]1,\[Alpha]2,\[Alpha]3,\[Alpha]4,\[Beta]11,\[Beta]12,\[Beta]13,\[Beta]14,\[Beta]21,\[Beta]22,\[Beta]23,\[Beta]24,\[Beta]31,\[Beta]32,\[Beta]33,\[Beta]34,\[Beta]41,\[Beta]42,\[Beta]43,\[Beta]44},{0.024062144096057194,-1.438122347201581,2.193321988399703,0.5131055087253832,-0.12243270289927712,0.32320977508272564,0.9864874537376093,0.8594600049960212,0.1074821223724742,0.35569734995470526,0.04300614068953222,-0.0014154645141082217,0.036122775878103766,3.9598508687800273,-2.484419716455591,2.120498228308763,0.3163431282690095,-0.9773983546157755,-0.9932155279924083,1.7929174851912362,-0.4377436642126336,1.1071852854631403,-0.31004083507041746,-0.27210475231626297,0.8936499184374567,-0.5886320458813582,0.4363357138503526,0.2586464248973416,-0.4967109802128162,0.5791518767561344,0.11259338298001238,0.8049656444845115,-0.47975237789193653,-0.4316029166239467,0.11182301554020653,0.7995320994064358,1.4967063889395529,-0.5791513696432731,-0.1125947642868149,-0.8049604269529933,2.5240040458379163,0.057249471720359636,1.701076540015026,-4.282330054999374}]



