
-----------------Setup------------------
Options: alg=LN_AUGLAG_EQ,dx=0.01,max_eval=100000000,popSize=0
imin=-12,jmin=-1,imax=1,jmax=1,
parameter_minmax=5,
randSeed=18085461, rand_minmax=3

Initial Condition:

[-2.71426,1.07734,-1.83912,-1.69381,-2.93107,-0.228901,-2.3499,0.702429,-0.308298,0.976977,1.80701,1.65871,-2.73352,2.29681,0.188593,1.3648,-1.61223,-1.99632,0.758229,-2.71011,-2.05772,1.14283,-0.370974,1.22158,-0.500377,2.51966,-1.11131,-0.0691995,-0.36451,-1.88448,-2.3567,1.30089,2.71617,2.63686,1.13837,2.5428,-0.903765,-0.994928,2.27555,-0.740687,2.64635,2.24295,0.671633,0.116742]

f_1([0.0780914,0.0533426,-0.0203535,0.152344,-1.50117,1.40842,0.0549602,-0.979643,1.32569,1.14178,-0.429835,-0.084412,-0.0204212,2.50974,-0.774693,1.0846,-0.634177,0.984236,1.05929,0.217683,2.01603,2.48547,-0.505795,0.0718083,-0.72405,2.86281,-1.23101,-0.180665,-1.31575,-2.15502,0.788248,0.31569,2.83249,2.86793,0.29414,1.56116,0.103144,-0.790822,2.34185,-1.75057,1.97915,1.72125,-0.113639,-0.152221])
9.500652005154857
Max g: 11.255924432686124
f_2([0.0780914,0.0533426,-0.0203535,0.152344,-1.50117,1.40842,0.0549602,-0.979643,1.32569,1.14178,-0.429835,-0.084412,-0.0204212,2.50974,-0.774693,1.0846,-0.634177,0.984236,1.05929,0.217683,2.01603,2.48547,-0.505795,0.0718083,-0.72405,2.86281,-1.23101,-0.180665,-1.31575,-2.15502,0.788248,0.31569,2.83249,2.86793,0.29414,1.56116,0.103144,-0.790822,2.34185,-1.75057,1.97915,1.72125,-0.113639,-0.152221])
9.500652005154857
Max g: 11.25592367346335
f_3([0.0873854,0.0537837,-0.0229218,0.159537,-1.48509,1.47256,0.059318,-0.978914,1.45496,1.00223,-0.437065,-0.0419603,0.0216598,2.35088,-0.91002,1.09988,-0.638693,0.967368,1.05,0.192238,2.00281,0.00653901,1.75572,0.0558416,-0.717404,2.85948,-1.21899,-0.166229,-1.329,-2.09308,0.795757,0.36784,2.6006,2.55105,0.360514,1.49264,0.0058324,-1.29511,2.23814,-1.7041,1.80157,1.5769,-0.221922,0.134686])
11.264369925927626
Max g: 9.483441797466002
f_4([-1.70221e-6,0.441103,-0.441085,0.221472,-1.76787,1.5465,8.8161e-6,-0.0978854,0.0978536,0.469174,0.0608832,0.0292903,0.802353,1.29707,-0.810372,0.742048,-1.44916,1.1272,0.588637,0.079779,0.0731506,0.581049,2.46279,-1.11277,-1.22412,2.77352,-1.34415,-0.052455,2.26838,-1.53377,-0.231456,0.426803,1.30139,1.32081,-2.6577,0.00869548,-0.584218,-0.560446,1.47143,-0.170705,1.25509,-0.707759,-1.50011,0.648828])
21.917866470873918
Max g: 0.9044651580273095
f_5([0.349843,0.258399,-0.0895803,0.477632,-2.13013,1.91578,0.318483,0.473189,0.00118396,0.878627,0.0589163,0.0624657,1.31095,1.62494,-0.439445,1.00265,-1.39839,1.25523,0.807869,0.370657,-0.321261,1.30012,0.749056,-0.323912,0.487196,2.32566,-1.72124,-0.0664723,0.0583343,-1.56636,1.83445,0.682287,-1.05452,2.22652,-0.682544,-0.465402,0.836992,1.76764,-1.89128,-0.73399,2.4709,-2.67315,-1.03572,1.26432])
13.437822417505096
Max g: 0.06827435154039854
f_6([0.297543,0.226947,-0.119759,0.461775,-2.1399,1.98122,0.336834,0.490287,-0.0127203,0.924148,0.0256292,0.0291383,1.30145,1.60039,-0.385632,1.00285,-1.50158,1.25533,0.57183,0.375535,-0.414538,0.973818,1.19315,-0.628748,0.364683,2.33172,-1.63759,-0.0589204,0.0343369,-1.57178,1.89954,0.636752,-1.23419,2.75757,-1.13936,-0.387529,0.970891,1.56614,-1.89949,-0.635614,2.47381,-3.62902,-0.19247,1.34611])
13.913675282312497
Max g: 0.025195098407647443
f_7([0.295404,0.225146,-0.120832,0.455898,-2.13933,1.98474,0.326924,0.492877,-0.0140553,0.911926,0.0120393,0.0306735,1.3048,1.60483,-0.385404,0.998689,-1.50058,1.25313,0.566482,0.383179,-0.420702,0.962436,1.22087,-0.644076,0.366243,2.33181,-1.63836,-0.0596637,0.0568852,-1.60939,1.9138,0.6388,-1.20663,2.67214,-1.10332,-0.361563,0.943005,1.60989,-1.91415,-0.638903,2.48956,-3.65224,-0.176223,1.33913])
13.850042638460273
Max g: 0.004147844982362259
f_8([0.29559,0.225293,-0.120705,0.455936,-2.1397,1.98485,0.323852,0.48947,-0.0118387,0.906912,0.00920591,0.0280833,1.30472,1.60511,-0.385705,0.998841,-1.50075,1.25262,0.569013,0.381503,-0.4185,0.967011,1.21003,-0.638135,0.365936,2.33192,-1.63829,-0.0595964,0.0507728,-1.60933,1.91738,0.641172,-1.21722,2.67346,-1.09132,-0.364897,0.949259,1.60928,-1.91737,-0.641158,2.48466,-3.64341,-0.183972,1.34274])
13.843480522063013
Max g: 6.674121029615065e-5
f_9([0.295582,0.225293,-0.120715,0.455905,-2.13976,1.98482,0.323762,0.489385,-0.0117786,0.906781,0.00910356,0.0280368,1.30471,1.60508,-0.385712,0.998862,-1.50083,1.25267,0.569055,0.381465,-0.418454,0.967089,1.20983,-0.638019,0.366016,2.33194,-1.63834,-0.0596203,0.0506963,-1.60938,1.91747,0.641212,-1.21743,2.67335,-1.09101,-0.364924,0.94933,1.60936,-1.91748,-0.641209,2.48459,-3.64324,-0.184136,1.34279])
13.842983392032918
Max g: 5.646607231413192e-5
f_10([0.29558,0.225288,-0.120713,0.455909,-2.13977,1.98483,0.323775,0.489428,-0.0118123,0.906818,0.00911663,0.0280472,1.30471,1.60508,-0.385708,0.998862,-1.50081,1.25267,0.569027,0.381489,-0.418477,0.967033,1.20996,-0.638088,0.366027,2.33194,-1.63835,-0.0596242,0.0507643,-1.60944,1.91748,0.641196,-1.2173,2.67319,-1.09104,-0.364854,0.949234,1.60945,-1.91748,-0.641196,2.48465,-3.64336,-0.184046,1.34275])
13.842386835996804
{0.29557993156850326,0.22528837842210445,-0.12071337136406277,0.45590885847585305,-2.1397669721512917,1.9848331097034182,0.32377457947921623,0.48942768795293967,-0.011812277762640459,0.9068183007843825,0.009116633161011132,0.028047210686816995,1.3047146057055186,1.605083537678631,-0.38570844620799943,0.9988617023666817,-1.5008108814358956,1.2526688708619282,0.569026959327272,0.38148897128142073,-0.41847738657208844,0.9670332505828975,1.209961344846423,-0.6380877481451781,0.3660268220959767,2.331941839140648,-1.6383451792174144,-0.059624198414237044,0.05076425326426958,-1.6094418214784905,1.9174816230438685,0.6411957085807873,-1.2173026407253427,2.6731939601549977,-1.0910381372792008,-0.3648542888932288,0.9492341460967423,1.609445744591073,-1.9174829378058793,-0.6411964882972208,2.4846537481928443,-3.643355401999607,-0.1840460139498389,1.342746852084873}]
Set[{A021,A031,A032,A041,A042,A043,A121,A131,A132,A141,A142,A143,B021,B031,B032,B041,B042,B043,B121,B131,B132,B141,B142,B143,\[Alpha]1,\[Alpha]2,\[Alpha]3,\[Alpha]4,\[Beta]11,\[Beta]12,\[Beta]13,\[Beta]14,\[Beta]21,\[Beta]22,\[Beta]23,\[Beta]24,\[Beta]31,\[Beta]32,\[Beta]33,\[Beta]34,\[Beta]41,\[Beta]42,\[Beta]43,\[Beta]44},{0.29557993156850326,0.22528837842210445,-0.12071337136406277,0.45590885847585305,-2.1397669721512917,1.9848331097034182,0.32377457947921623,0.48942768795293967,-0.011812277762640459,0.9068183007843825,0.009116633161011132,0.028047210686816995,1.3047146057055186,1.605083537678631,-0.38570844620799943,0.9988617023666817,-1.5008108814358956,1.2526688708619282,0.569026959327272,0.38148897128142073,-0.41847738657208844,0.9670332505828975,1.209961344846423,-0.6380877481451781,0.3660268220959767,2.331941839140648,-1.6383451792174144,-0.059624198414237044,0.05076425326426958,-1.6094418214784905,1.9174816230438685,0.6411957085807873,-1.2173026407253427,2.6731939601549977,-1.0910381372792008,-0.3648542888932288,0.9492341460967423,1.609445744591073,-1.9174829378058793,-0.6411964882972208,2.4846537481928443,-3.643355401999607,-0.1840460139498389,1.342746852084873}]

Max g: 4.832613349381454e-6
{0.2955799322527696,0.22528837845562114,-0.12071337086572731,0.45590885857154534,-2.1397669719632613,1.9848331101648842,0.32377458080076565,0.48942769083057225,-0.011812278061897582,0.9068183033193261,0.009116634670681117,0.028047211661179187,1.3047146057263346,1.6050835375806767,-0.3857084463525766,0.9988617023510802,-1.5008108819244137,1.2526688706781703,0.5690269568298095,0.3814889723374678,-0.4184773885922307,0.9670332467606478,1.209961353583181,-0.6380877530887723,0.3660268219724527,2.331941839000873,-1.638345179073649,-0.0596241985321937,0.050764258852432104,-1.6094418248773457,1.9174816213122363,0.6411957073400733,-1.2173026312933268,2.673193953737639,-1.0910381434941363,-0.3648542850978419,0.9492341402815373,1.60944574642248,-1.917482937176718,-0.6411964871209312,2.484653752802153,-3.643355409486682,-0.18404600677031846,1.3427468487780831}]
Set[{A021,A031,A032,A041,A042,A043,A121,A131,A132,A141,A142,A143,B021,B031,B032,B041,B042,B043,B121,B131,B132,B141,B142,B143,\[Alpha]1,\[Alpha]2,\[Alpha]3,\[Alpha]4,\[Beta]11,\[Beta]12,\[Beta]13,\[Beta]14,\[Beta]21,\[Beta]22,\[Beta]23,\[Beta]24,\[Beta]31,\[Beta]32,\[Beta]33,\[Beta]34,\[Beta]41,\[Beta]42,\[Beta]43,\[Beta]44},{0.2955799322527696,0.22528837845562114,-0.12071337086572731,0.45590885857154534,-2.1397669719632613,1.9848331101648842,0.32377458080076565,0.48942769083057225,-0.011812278061897582,0.9068183033193261,0.009116634670681117,0.028047211661179187,1.3047146057263346,1.6050835375806767,-0.3857084463525766,0.9988617023510802,-1.5008108819244137,1.2526688706781703,0.5690269568298095,0.3814889723374678,-0.4184773885922307,0.9670332467606478,1.209961353583181,-0.6380877530887723,0.3660268219724527,2.331941839000873,-1.638345179073649,-0.0596241985321937,0.050764258852432104,-1.6094418248773457,1.9174816213122363,0.6411957073400733,-1.2173026312933268,2.673193953737639,-1.0910381434941363,-0.3648542850978419,0.9492341402815373,1.60944574642248,-1.917482937176718,-0.6411964871209312,2.484653752802153,-3.643355409486682,-0.18404600677031846,1.3427468487780831}]


-----------------Final Result------------------
Options: alg=LN_AUGLAG_EQ,dx=0.01,max_eval=100000000,popSize=0
imin=-12,jmin=-1,imax=1,jmax=1,
parameter_minmax=5,
randSeed=18085461,rand_minmax=3

1056894 steps

Completed with maxf : 13.842386835996804

Constraints at 4.8318725f-6

x = [0.2955799322527696,0.22528837845562114,-0.12071337086572731,0.45590885857154534,-2.1397669719632613,1.9848331101648842,0.32377458080076565,0.48942769083057225,-0.011812278061897582,0.9068183033193261,0.009116634670681117,0.028047211661179187,1.3047146057263346,1.6050835375806767,-0.3857084463525766,0.9988617023510802,-1.5008108819244137,1.2526688706781703,0.5690269568298095,0.3814889723374678,-0.4184773885922307,0.9670332467606478,1.209961353583181,-0.6380877530887723,0.3660268219724527,2.331941839000873,-1.638345179073649,-0.0596241985321937,0.050764258852432104,-1.6094418248773457,1.9174816213122363,0.6411957073400733,-1.2173026312933268,2.673193953737639,-1.0910381434941363,-0.3648542850978419,0.9492341402815373,1.60944574642248,-1.917482937176718,-0.6411964871209312,2.484653752802153,-3.643355409486682,-0.18404600677031846,1.3427468487780831]
c0 = [0.0,0.2955799322527696,0.10457500758989383,0.3009749967731681]
c1 = [0.0,0.32377458080076565,0.47761541276867464,0.9439821496511864]
A0 = [0.0,0.2955799322527696,0.22528837845562114,0.45590885857154534,0.0,0.0,-0.12071337086572731,-2.1397669719632613,0.0,0.0,0.0,1.9848331101648842,0.0,0.0,0.0,0.0]
A1 = [0.0,0.32377458080076565,0.48942769083057225,0.9068183033193261,0.0,0.0,-0.011812278061897582,0.009116634670681117,0.0,0.0,0.0,0.028047211661179187,0.0,0.0,0.0,0.0]
B0 = [0.0,1.3047146057263346,1.6050835375806767,0.9988617023510802,0.0,0.0,-0.3857084463525766,-1.5008108819244137,0.0,0.0,0.0,1.2526688706781703,0.0,0.0,0.0,0.0]
B1 = [0.0,0.5690269568298095,0.3814889723374678,0.9670332467606478,0.0,0.0,-0.4184773885922307,1.209961353583181,0.0,0.0,0.0,-0.6380877530887723,0.0,0.0,0.0,0.0]
α  = [0.3660268219724527,2.331941839000873,-1.638345179073649,-0.0596241985321937]
β1 = [0.050764258852432104,-1.6094418248773457,1.9174816213122363,0.6411957073400733]
β2 = [-1.2173026312933268,2.673193953737639,-1.0910381434941363,-0.3648542850978419]
β3 = [0.9492341402815373,1.60944574642248,-1.917482937176718,-0.6411964871209312]
β4 = [2.484653752802153,-3.643355409486682,-0.18404600677031846,1.3427468487780831]


Set[{A021,A031,A032,A041,A042,A043,A121,A131,A132,A141,A142,A143,B021,B031,B032,B041,B042,B043,B121,B131,B132,B141,B142,B143,\[Alpha]1,\[Alpha]2,\[Alpha]3,\[Alpha]4,\[Beta]11,\[Beta]12,\[Beta]13,\[Beta]14,\[Beta]21,\[Beta]22,\[Beta]23,\[Beta]24,\[Beta]31,\[Beta]32,\[Beta]33,\[Beta]34,\[Beta]41,\[Beta]42,\[Beta]43,\[Beta]44},{0.2955799322527696,0.22528837845562114,-0.12071337086572731,0.45590885857154534,-2.1397669719632613,1.9848331101648842,0.32377458080076565,0.48942769083057225,-0.011812278061897582,0.9068183033193261,0.009116634670681117,0.028047211661179187,1.3047146057263346,1.6050835375806767,-0.3857084463525766,0.9988617023510802,-1.5008108819244137,1.2526688706781703,0.5690269568298095,0.3814889723374678,-0.4184773885922307,0.9670332467606478,1.209961353583181,-0.6380877530887723,0.3660268219724527,2.331941839000873,-1.638345179073649,-0.0596241985321937,0.050764258852432104,-1.6094418248773457,1.9174816213122363,0.6411957073400733,-1.2173026312933268,2.673193953737639,-1.0910381434941363,-0.3648542850978419,0.9492341402815373,1.60944574642248,-1.917482937176718,-0.6411964871209312,2.484653752802153,-3.643355409486682,-0.18404600677031846,1.3427468487780831}]



