
-----------------Setup------------------
Options: alg=LN_AUGLAG_EQ,dx=0.01,max_eval=100000000,popSize=0
imin=-12,jmin=-1,imax=1,jmax=1,
parameter_minmax=5,
randSeed=13424311, rand_minmax=3

Initial Condition:

[-0.568272,2.41797,-0.843887,1.03501,2.88968,1.458,-1.91713,1.40818,0.751189,1.09354,-0.866996,0.0628107,-0.208875,1.50146,0.004397,-0.422267,1.76811,-0.736764,-0.67707,-0.723074,-0.360541,2.09295,1.80053,0.71859,1.83339,-0.680847,-1.52962,2.46312,-1.69971,0.265896,0.950552,0.979446,0.587104,2.86327,-0.40266,-1.97126,2.3008,1.4851,-2.62523,-2.0731,-0.390366,-0.462543,-1.08677,2.75486]

f_1([0.692039,0.923793,0.0762064,1.36171,0.769071,-1.74169,0.490385,0.55593,-0.150243,0.599768,-0.455341,0.243132,0.454812,2.08755,-0.160963,0.986419,1.2418,-0.805038,-0.294902,0.459666,-1.22079,0.24462,0.707071,-1.00401,1.01717,-0.905873,0.185391,0.131579,-0.105165,-0.765124,0.35379,2.26473,0.965108,2.93172,-0.762919,-2.87616,1.80886,2.00523,-4.11545,-2.78833,-0.72317,-0.031323,-0.603554,1.88035])
10.774497994271533
Max g: 2.6869055870284098
f_2([0.668256,0.903937,0.0780613,1.37494,0.754871,-1.6934,0.462916,0.602731,-0.141874,0.559508,-0.447834,0.214619,0.481816,2.07115,-0.138198,3.522,1.15398,-1.07763,-0.248815,0.502078,-1.14344,0.250697,0.742507,-0.997732,0.933812,-0.879598,0.185418,0.125085,-0.110319,-0.794083,0.281532,2.2768,0.985506,2.93035,-0.74524,-2.89091,1.86559,2.18488,-4.29949,-2.6796,-0.979896,-0.0938292,-0.659516,1.87226])
11.716360549290442
Max g: 2.2260473129906235
f_3([-3.34556e-19,1.90101,-1.3415,1.31545,0.925437,-1.59575,0.509304,0.342537,0.107528,0.360874,-0.045779,0.00237415,-0.251531,1.98842,-0.386444,3.45464,0.69483,-1.13956,0.0905207,0.917693,-0.409438,-0.0175542,-0.991958,0.491569,0.94737,-0.476504,0.692197,-0.0329313,-1.4903,-1.07871,2.08636,1.52679,0.58686,1.99783,-0.557175,-1.98962,3.19308,3.11099,-3.6876,-2.58489,-1.57923,-2.31382,2.01065,1.94277])
18.127846547431943
Max g: 0.3432572454884672
f_4([-7.36813e-6,2.10653,-1.20878,1.58689,0.952701,-1.90115,0.589758,0.148882,-0.114381,0.723951,0.17276,-0.00387419,-0.180655,2.04312,-0.265257,3.50683,0.724962,-1.27877,0.707455,0.282963,0.681815,0.309023,-0.891895,0.260893,0.87324,-0.415341,0.5811,-0.0370873,-1.18314,-1.26073,1.5424,1.8994,0.158401,1.89732,-0.832005,-1.2246,2.20753,1.366,-1.62242,-1.95649,-2.57938,-4.57904,4.30201,2.85744])
11.785362197467697
Max g: 0.06313358523748419
f_5([1.64631e-7,2.10534,-1.2081,1.47909,0.778725,-1.89339,0.515731,0.102785,-0.102785,0.6835,0.150042,0.00702487,-0.214109,2.04753,-0.253476,3.50173,0.726924,-1.28349,0.713582,0.312002,0.650319,0.280821,-0.897623,0.288075,0.855495,-0.390241,0.57224,-0.0373697,-1.23306,-1.13144,1.48096,1.88412,0.213919,2.24859,-1.08624,-1.37615,2.19636,1.03031,-1.40691,-1.82226,-2.59323,-4.60357,4.37042,2.82575])
11.882600831354374
Max g: 0.024833897910159886
f_6([6.66843e-7,2.10492,-1.20787,1.47881,0.778066,-1.89712,0.512066,0.104452,-0.101698,0.676551,0.148229,0.00813664,-0.213237,2.04848,-0.254554,3.50093,0.730526,-1.28391,0.718963,0.323756,0.640635,0.272966,-0.895763,0.293013,0.855195,-0.390173,0.572267,-0.0372782,-1.24152,-1.11688,1.4762,1.8822,0.2168,2.2089,-1.07063,-1.35507,2.23849,1.10764,-1.46939,-1.87679,-2.58896,-4.57243,4.365,2.7964])
11.913522319226313
Max g: 0.0024927877891767203
f_7([1.12831e-6,2.10538,-1.20802,1.47851,0.778226,-1.89034,0.514732,0.10643,-0.100159,0.67595,0.14782,0.00823796,-0.213633,2.04851,-0.254369,3.49988,0.728183,-1.28803,0.718498,0.322668,0.641233,0.273174,-0.895665,0.292439,0.855602,-0.3906,0.572596,-0.0376414,-1.24137,-1.11569,1.47584,1.88107,0.217185,2.19823,-1.06332,-1.35204,2.24137,1.11643,-1.47633,-1.88138,-2.5883,-4.57027,4.36397,2.79454])
11.90944585297953
Max g: 0.0007292942693264415
f_8([4.07904e-6,2.10551,-1.20793,1.47903,0.778098,-1.89045,0.515297,0.106804,-0.100044,0.675965,0.147841,0.00833061,-0.213458,2.04848,-0.254376,3.4999,0.728051,-1.28808,0.718392,0.322267,0.641562,0.273519,-0.895806,0.292261,0.855685,-0.390519,0.57252,-0.0376075,-1.24091,-1.11581,1.47589,1.88078,0.217054,2.19629,-1.0619,-1.35146,2.24184,1.11908,-1.47829,-1.88257,-2.58813,-4.57013,4.36369,2.79457])
11.907059628835071
Max g: 0.00042445504122046174
f_9([4.09591e-6,2.10551,-1.20793,1.47903,0.778098,-1.89045,0.515297,0.106804,-0.100044,0.675965,0.147841,0.00833073,-0.213458,2.04848,-0.254376,3.4999,0.728051,-1.28808,0.718391,0.322267,0.641562,0.273519,-0.895806,0.292261,0.855685,-0.390519,0.57252,-0.0376075,-1.24091,-1.11581,1.47589,1.88078,0.217054,2.19629,-1.0619,-1.35146,2.24184,1.11908,-1.47829,-1.88257,-2.58813,-4.57013,4.36369,2.79457])
11.907357906853129
Max g: 0.0004261666018054999
f_10([6.01377e-7,2.10549,-1.20797,1.47903,0.779725,-1.8904,0.51592,0.106944,-0.0999219,0.676167,0.148152,0.00830663,-0.21356,2.04842,-0.254382,3.49984,0.728044,-1.28813,0.718334,0.322096,0.641839,0.273838,-0.89584,0.292117,0.855595,-0.390522,0.572518,-0.0375925,-1.23996,-1.11734,1.47641,1.8809,0.216914,2.19516,-1.06083,-1.35124,2.24022,1.118,-1.4769,-1.88131,-2.58804,-4.57169,4.36378,2.79595])
11.91053953904574
{6.013768104527434e-7,2.1054860261590918,-1.2079650684963774,1.4790297317506587,0.7797251748202106,-1.8903983814452134,0.5159200158451841,0.10694399458643206,-0.09992190765450483,0.6761674122104101,0.14815224388869017,0.008306631979939888,-0.21355974927176416,2.0484180290590817,-0.2543820728045056,3.499835661904653,0.728044112112328,-1.2881299029477027,0.7183342868071866,0.3220955705222489,0.6418387111385995,0.2738382442721572,-0.8958397211720812,0.2921165976744548,0.8555950345862279,-0.39052232817419225,0.5725180738483866,-0.03759245018106083,-1.239962503218062,-1.1173429501996521,1.4764062091342764,1.880900487584601,0.2169141269747986,2.1951623087806786,-1.0608309915819127,-1.35124273952297,2.240217396095323,1.1180049460476316,-1.4768954426571785,-1.8813083276341984,-2.588043850152506,-4.571687269974876,4.3637786433200345,2.7959509823551776}]
Set[{A021,A031,A032,A041,A042,A043,A121,A131,A132,A141,A142,A143,B021,B031,B032,B041,B042,B043,B121,B131,B132,B141,B142,B143,\[Alpha]1,\[Alpha]2,\[Alpha]3,\[Alpha]4,\[Beta]11,\[Beta]12,\[Beta]13,\[Beta]14,\[Beta]21,\[Beta]22,\[Beta]23,\[Beta]24,\[Beta]31,\[Beta]32,\[Beta]33,\[Beta]34,\[Beta]41,\[Beta]42,\[Beta]43,\[Beta]44},{6.013768104527434e-7,2.1054860261590918,-1.2079650684963774,1.4790297317506587,0.7797251748202106,-1.8903983814452134,0.5159200158451841,0.10694399458643206,-0.09992190765450483,0.6761674122104101,0.14815224388869017,0.008306631979939888,-0.21355974927176416,2.0484180290590817,-0.2543820728045056,3.499835661904653,0.728044112112328,-1.2881299029477027,0.7183342868071866,0.3220955705222489,0.6418387111385995,0.2738382442721572,-0.8958397211720812,0.2921165976744548,0.8555950345862279,-0.39052232817419225,0.5725180738483866,-0.03759245018106083,-1.239962503218062,-1.1173429501996521,1.4764062091342764,1.880900487584601,0.2169141269747986,2.1951623087806786,-1.0608309915819127,-1.35124273952297,2.240217396095323,1.1180049460476316,-1.4768954426571785,-1.8813083276341984,-2.588043850152506,-4.571687269974876,4.3637786433200345,2.7959509823551776}]

Max g: 8.630840758150349e-5
f_11([-7.99387e-21,2.10545,-1.20689,1.47899,0.779725,-1.89039,0.514738,0.103941,-0.103941,0.690496,0.144029,0.0088811,-0.213279,2.0433,-0.252888,3.49986,0.728,-1.28814,0.694867,0.332703,0.661543,0.267057,-0.893892,0.342498,0.855319,-0.39084,0.551226,-0.0783846,-1.23985,-1.12007,1.47583,1.88052,0.21687,2.19106,-1.05889,-1.35055,2.23931,1.11704,-1.47699,-1.88135,-2.58824,-4.57238,4.36431,2.79833])
6.533879411551007
Max g: 0.3663333374412048
f_12([8.96398e-6,2.10553,-1.20799,1.47903,0.779729,-1.89025,0.516039,0.106958,-0.0998998,0.676225,0.148206,0.0082996,-0.213539,2.04843,-0.254386,3.49985,0.728083,-1.28813,0.71833,0.322062,0.641899,0.273905,-0.895841,0.292081,0.855584,-0.390509,0.572522,-0.0375958,-1.23986,-1.11774,1.47659,1.88102,0.216888,2.19494,-1.06063,-1.3512,2.23985,1.11773,-1.47658,-1.88101,-2.58804,-4.57194,4.36375,2.79623])
11.91053953904574
Max g: 2.1737305219760028e-5
{8.963976330983178e-6,2.1055279455098077,-1.2079926985074882,1.4790286322481545,0.7797285286630192,-1.8902510326671937,0.5160391230422393,0.10695754248349086,-0.09989977084923451,0.6762249535477405,0.14820554634873884,0.00829960199812221,-0.21353933135174397,2.0484340787141826,-0.25438569245223014,3.4998462243071047,0.7280829440062336,-1.2881321719277952,0.718329851270116,0.32206178525597096,0.6418993866708884,0.27390494366615276,-0.8958405416488051,0.29208144898426014,0.8555837833945006,-0.3905087553564254,0.5725223579474673,-0.037595806088849784,-1.239858191283658,-1.117743535909711,1.4765899456677598,1.881015598291463,0.2168878921737095,2.1949357739873334,-1.060626240824537,-1.3511991801500152,2.2398524348045217,1.1177328236266029,-1.4765804488239607,-1.8810099164971734,-2.588036853626846,-4.5719402614361115,4.363751571305231,2.796226458560204}]
Set[{A021,A031,A032,A041,A042,A043,A121,A131,A132,A141,A142,A143,B021,B031,B032,B041,B042,B043,B121,B131,B132,B141,B142,B143,\[Alpha]1,\[Alpha]2,\[Alpha]3,\[Alpha]4,\[Beta]11,\[Beta]12,\[Beta]13,\[Beta]14,\[Beta]21,\[Beta]22,\[Beta]23,\[Beta]24,\[Beta]31,\[Beta]32,\[Beta]33,\[Beta]34,\[Beta]41,\[Beta]42,\[Beta]43,\[Beta]44},{8.963976330983178e-6,2.1055279455098077,-1.2079926985074882,1.4790286322481545,0.7797285286630192,-1.8902510326671937,0.5160391230422393,0.10695754248349086,-0.09989977084923451,0.6762249535477405,0.14820554634873884,0.00829960199812221,-0.21353933135174397,2.0484340787141826,-0.25438569245223014,3.4998462243071047,0.7280829440062336,-1.2881321719277952,0.718329851270116,0.32206178525597096,0.6418993866708884,0.27390494366615276,-0.8958405416488051,0.29208144898426014,0.8555837833945006,-0.3905087553564254,0.5725223579474673,-0.037595806088849784,-1.239858191283658,-1.117743535909711,1.4765899456677598,1.881015598291463,0.2168878921737095,2.1949357739873334,-1.060626240824537,-1.3511991801500152,2.2398524348045217,1.1177328236266029,-1.4765804488239607,-1.8810099164971734,-2.588036853626846,-4.5719402614361115,4.363751571305231,2.796226458560204}]


-----------------Final Result------------------
Options: alg=LN_AUGLAG_EQ,dx=0.01,max_eval=100000000,popSize=0
imin=-12,jmin=-1,imax=1,jmax=1,
parameter_minmax=5,
randSeed=13424311,rand_minmax=3

1208453 steps

Completed with maxf : 11.91063896505176

Constraints at 2.1737307f-5

x = [8.963976330983178e-6,2.1055279455098077,-1.2079926985074882,1.4790286322481545,0.7797285286630192,-1.8902510326671937,0.5160391230422393,0.10695754248349086,-0.09989977084923451,0.6762249535477405,0.14820554634873884,0.00829960199812221,-0.21353933135174397,2.0484340787141826,-0.25438569245223014,3.4998462243071047,0.7280829440062336,-1.2881321719277952,0.718329851270116,0.32206178525597096,0.6418993866708884,0.27390494366615276,-0.8958405416488051,0.29208144898426014,0.8555837833945006,-0.3905087553564254,0.5725223579474673,-0.037595806088849784,-1.239858191283658,-1.117743535909711,1.4765899456677598,1.881015598291463,0.2168878921737095,2.1949357739873334,-1.060626240824537,-1.3511991801500152,2.2398524348045217,1.1177328236266029,-1.4765804488239607,-1.8810099164971734,-2.588036853626846,-4.5719402614361115,4.363751571305231,2.796226458560204]
c0 = [0.0,8.963976330983178e-6,0.8975352470023195,0.36850612824398]
c1 = [0.0,0.5160391230422393,0.007057771634256346,0.8327301018946015]
A0 = [0.0,8.963976330983178e-6,2.1055279455098077,1.4790286322481545,0.0,0.0,-1.2079926985074882,0.7797285286630192,0.0,0.0,0.0,-1.8902510326671937,0.0,0.0,0.0,0.0]
A1 = [0.0,0.5160391230422393,0.10695754248349086,0.6762249535477405,0.0,0.0,-0.09989977084923451,0.14820554634873884,0.0,0.0,0.0,0.00829960199812221,0.0,0.0,0.0,0.0]
B0 = [0.0,-0.21353933135174397,2.0484340787141826,3.4998462243071047,0.0,0.0,-0.25438569245223014,0.7280829440062336,0.0,0.0,0.0,-1.2881321719277952,0.0,0.0,0.0,0.0]
B1 = [0.0,0.718329851270116,0.32206178525597096,0.27390494366615276,0.0,0.0,0.6418993866708884,-0.8958405416488051,0.0,0.0,0.0,0.29208144898426014,0.0,0.0,0.0,0.0]
α  = [0.8555837833945006,-0.3905087553564254,0.5725223579474673,-0.037595806088849784]
β1 = [-1.239858191283658,-1.117743535909711,1.4765899456677598,1.881015598291463]
β2 = [0.2168878921737095,2.1949357739873334,-1.060626240824537,-1.3511991801500152]
β3 = [2.2398524348045217,1.1177328236266029,-1.4765804488239607,-1.8810099164971734]
β4 = [-2.588036853626846,-4.5719402614361115,4.363751571305231,2.796226458560204]


Set[{A021,A031,A032,A041,A042,A043,A121,A131,A132,A141,A142,A143,B021,B031,B032,B041,B042,B043,B121,B131,B132,B141,B142,B143,\[Alpha]1,\[Alpha]2,\[Alpha]3,\[Alpha]4,\[Beta]11,\[Beta]12,\[Beta]13,\[Beta]14,\[Beta]21,\[Beta]22,\[Beta]23,\[Beta]24,\[Beta]31,\[Beta]32,\[Beta]33,\[Beta]34,\[Beta]41,\[Beta]42,\[Beta]43,\[Beta]44},{8.963976330983178e-6,2.1055279455098077,-1.2079926985074882,1.4790286322481545,0.7797285286630192,-1.8902510326671937,0.5160391230422393,0.10695754248349086,-0.09989977084923451,0.6762249535477405,0.14820554634873884,0.00829960199812221,-0.21353933135174397,2.0484340787141826,-0.25438569245223014,3.4998462243071047,0.7280829440062336,-1.2881321719277952,0.718329851270116,0.32206178525597096,0.6418993866708884,0.27390494366615276,-0.8958405416488051,0.29208144898426014,0.8555837833945006,-0.3905087553564254,0.5725223579474673,-0.037595806088849784,-1.239858191283658,-1.117743535909711,1.4765899456677598,1.881015598291463,0.2168878921737095,2.1949357739873334,-1.060626240824537,-1.3511991801500152,2.2398524348045217,1.1177328236266029,-1.4765804488239607,-1.8810099164971734,-2.588036853626846,-4.5719402614361115,4.363751571305231,2.796226458560204}]



