
-----------------Setup------------------
Options: alg=LN_AUGLAG_EQ,dx=0.01,max_eval=100000000,popSize=0
imin=-12,jmin=-1,imax=1,jmax=1,
parameter_minmax=5,
randSeed=33049558, rand_minmax=3

Initial Condition:

[-1.85958,0.0172474,-2.64076,1.81605,-2.28702,-1.89331,-0.736595,-2.43215,0.786526,2.38773,0.0871518,1.76529,0.226072,-2.46204,-1.58441,0.992615,-2.89733,-2.23983,-0.0370413,2.95822,-2.99565,1.57199,-0.792393,0.0397253,0.362611,1.02466,-0.16826,-2.07911,0.507668,2.37559,0.694185,-0.747048,-2.6493,-0.775095,0.917443,-1.7882,-1.45822,-2.23809,-1.15208,2.34788,-0.251204,2.9213,2.97422,1.7391]

f_1([0.0036709,2.10161,-2.07568,2.33443,-1.03862,-0.632713,0.179048,-0.136696,0.136696,0.833848,-0.150485,-0.169519,1.33786,-0.300098,-2.74615,0.624086,-1.56806,-2.83969,-0.178423,2.98432,-2.93509,3.46136,-2.00247,-1.05065,-0.563429,0.887041,-0.145808,0.0169596,0.19827,1.95229,0.537483,-0.834612,-2.70295,1.64432,1.85392,1.08666,-1.93458,-2.21015,1.95051,1.4304,-0.653368,2.61212,2.83308,0.849129])
16.669267039131782
Max g: 5.640954818611205
f_2([0.320566,2.24503,-2.24438,2.3112,-1.25417,-0.0570335,0.366213,-0.248034,0.248034,0.336474,-0.170774,-0.1657,1.00439,1.94347,-1.84586,2.98433,-1.53247,-2.9547,-0.284645,3.39036,-2.24992,2.91955,-2.15575,-0.368057,-0.00441591,1.17114,-0.199865,0.129477,-0.623461,2.27075,0.958723,-1.64706,-2.19331,0.273586,0.0400365,1.62738,-0.124844,-1.69894,-1.27704,3.14004,-2.29916,1.65162,1.5025,-1.46534])
10.318033200637856
Max g: 0.6635128021845453
f_3([0.331021,2.2672,-2.26411,2.23122,-1.19972,-0.0530314,0.344608,-0.136997,0.136917,0.12283,-0.0586531,-0.0645623,1.02403,1.91683,-1.90227,3.0368,-1.55601,-2.9847,-0.251301,3.41792,-2.24825,2.90731,-2.1263,-0.339979,-0.106151,1.16376,-0.183817,0.122524,-0.713735,2.31314,0.870144,-1.45954,-2.03044,-0.14279,-0.261937,2.42406,0.0252482,-1.77722,-1.1862,2.90542,-1.54907,1.81797,1.48337,-1.81635])
12.9505355620055
Max g: 0.627068756233997
f_4([0.336137,2.30336,-2.26933,2.21558,-1.22182,-0.0442533,0.656465,-0.144363,0.144362,0.211153,0.0425286,0.00511624,1.02418,1.87042,-1.92253,3.0346,-1.57704,-2.97803,-0.196732,3.59497,-2.24874,2.9655,-2.12122,-0.322091,-0.10138,1.15355,-0.17688,0.124536,-0.73831,1.84147,0.560016,-0.66145,-1.28806,-0.969844,-0.365496,2.60576,1.66988,-1.88542,-0.591536,0.798427,0.747486,1.48259,1.71179,-3.94959])
14.155976458981037
Max g: 0.25852836043430755
f_5([0.338258,2.30421,-2.27012,2.21551,-1.21459,-0.0450014,0.633108,-0.133102,0.133361,0.201368,0.0391068,0.00514417,1.02777,1.87623,-1.92198,3.03515,-1.58141,-2.98597,-0.218935,3.55911,-2.21014,2.97178,-2.11098,-0.355425,-0.0960644,1.1487,-0.174911,0.122602,-0.835181,1.80557,0.509392,-0.473417,-1.18395,-0.938794,-0.300013,2.42171,1.87278,-1.82533,-0.504966,0.451353,0.923216,1.45764,1.68756,-4.06537])
14.18103181249785
Max g: 0.2546684896913035
f_6([0.339441,2.30404,-2.26504,2.21703,-1.20409,-0.0459253,0.52479,-0.0621737,0.181228,0.169526,0.0494112,0.0074266,1.02492,1.88585,-1.93145,3.03266,-1.58113,-3.01391,-0.26026,3.43118,-2.07888,2.97694,-2.10973,-0.427406,-0.0970948,1.15071,-0.172333,0.119394,-1.10136,1.90256,0.450263,-0.238952,-1.11824,-0.924559,-0.164793,2.20223,2.13736,-1.89774,-0.443657,0.197113,1.06249,1.34438,1.49924,-3.91158])
14.580227226664526
Max g: 0.2505210949753583
f_7([0.343483,2.30181,-2.26286,2.20882,-1.19848,-0.0461391,0.427684,0.0428147,0.238972,0.161535,0.0500733,0.00754641,1.02411,1.89415,-1.92875,3.0237,-1.5827,-3.02092,-0.352325,3.23229,-1.74348,2.97475,-2.08273,-0.579637,-0.0960717,1.14975,-0.169782,0.116941,-1.66871,1.85662,0.31265,0.515067,-0.908646,-0.987035,0.0199802,1.85314,2.70743,-1.85034,-0.309352,-0.563053,1.4138,1.16516,1.00796,-3.59603])
14.847186052825803
Max g: 0.12551902170751453
f_8([0.340632,2.29379,-2.26533,2.21074,-1.18655,-0.0449897,0.366106,0.203837,0.358571,0.18188,0.0458765,0.00218818,1.0275,1.89292,-1.92693,3.02095,-1.58222,-3.02232,-0.501277,3.12776,-1.49311,2.97737,-2.03434,-0.746612,-0.0948936,1.14626,-0.165787,0.115163,-2.11625,1.45704,0.239575,1.42527,-0.454046,-1.06118,0.110661,1.3668,3.13765,-1.4422,-0.240199,-1.4563,1.60369,0.979294,0.687282,-3.26623])
15.148247999051629
Max g: 0.1698722359340774
f_9([0.340713,2.29244,-2.26819,2.20871,-1.18039,-0.0442546,0.335164,0.304807,0.430647,0.220344,0.0345047,-0.0131796,1.02675,1.89984,-1.93114,3.01203,-1.58864,-3.02133,-0.644906,3.05459,-1.41089,3.00104,-1.94559,-0.889647,-0.095076,1.14605,-0.163935,0.114303,-2.26794,1.11177,0.209906,1.94289,-0.065344,-0.974916,0.149438,0.870482,3.2845,-1.09604,-0.211424,-1.96988,1.59611,0.800505,0.622804,-3.01221])
15.178970634911531
Max g: 0.21655879164345326
f_10([0.340262,2.29385,-2.26792,2.20766,-1.17639,-0.0438763,0.33223,0.318093,0.436085,0.223487,0.033843,-0.0141898,1.02644,1.90116,-1.92727,3.01155,-1.58947,-3.02306,-0.666275,3.04572,-1.40087,3.00638,-1.93324,-0.909162,-0.0968692,1.14718,-0.162897,0.113778,-2.27966,1.06899,0.20556,2.00008,-0.0179859,-0.954826,0.153735,0.801423,3.29535,-1.05408,-0.206825,-2.02696,1.59307,0.772893,0.616114,-2.97582])
15.200645504223694
{0.3402621556144643,2.2938531966092883,-2.2679206682346034,2.2076586947408905,-1.1763858715786466,-0.043876325127256435,0.33223030301625694,0.3180926498821346,0.4360853620301762,0.22348732174014949,0.03384303764612496,-0.014189827182344959,1.0264359055697672,1.901160529082134,-1.9272670001817658,3.0115547312473505,-1.5894661739235543,-3.023056977203996,-0.6662752375952158,3.045716598309775,-1.4008689835955122,3.0063801467426674,-1.9332372717829414,-0.9091623814038492,-0.09686915280246795,1.1471813964681032,-0.162897256105704,0.11377802915343022,-2.279663180481782,1.068990979173315,0.2055597075054875,2.000082944694483,-0.01798585134030376,-0.9548259178981737,0.15373536867042448,0.8014226628120639,3.295353814490068,-1.0540764206243587,-0.20682546569319807,-2.0269647067333505,1.5930660431385064,0.7728930630972713,0.6161144188487793,-2.975817732233742}]
Set[{A021,A031,A032,A041,A042,A043,A121,A131,A132,A141,A142,A143,B021,B031,B032,B041,B042,B043,B121,B131,B132,B141,B142,B143,\[Alpha]1,\[Alpha]2,\[Alpha]3,\[Alpha]4,\[Beta]11,\[Beta]12,\[Beta]13,\[Beta]14,\[Beta]21,\[Beta]22,\[Beta]23,\[Beta]24,\[Beta]31,\[Beta]32,\[Beta]33,\[Beta]34,\[Beta]41,\[Beta]42,\[Beta]43,\[Beta]44},{0.3402621556144643,2.2938531966092883,-2.2679206682346034,2.2076586947408905,-1.1763858715786466,-0.043876325127256435,0.33223030301625694,0.3180926498821346,0.4360853620301762,0.22348732174014949,0.03384303764612496,-0.014189827182344959,1.0264359055697672,1.901160529082134,-1.9272670001817658,3.0115547312473505,-1.5894661739235543,-3.023056977203996,-0.6662752375952158,3.045716598309775,-1.4008689835955122,3.0063801467426674,-1.9332372717829414,-0.9091623814038492,-0.09686915280246795,1.1471813964681032,-0.162897256105704,0.11377802915343022,-2.279663180481782,1.068990979173315,0.2055597075054875,2.000082944694483,-0.01798585134030376,-0.9548259178981737,0.15373536867042448,0.8014226628120639,3.295353814490068,-1.0540764206243587,-0.20682546569319807,-2.0269647067333505,1.5930660431385064,0.7728930630972713,0.6161144188487793,-2.975817732233742}]

Max g: 0.22727894321833064
f_11([0.369606,2.32784,-2.21156,2.20121,-1.16234,-0.0582996,0.336516,0.296597,0.433242,0.236286,-0.0368592,0.0530932,1.02579,1.68858,-1.89558,2.87944,-1.57195,-3.05265,-0.626467,3.05907,-1.48091,2.99241,-1.93799,-0.82946,-0.0614077,1.12286,-0.168413,0.106921,-2.23439,1.14243,0.18353,1.90802,-0.075445,-0.948677,0.126798,0.900608,3.23435,-1.14244,-0.183513,-1.90805,1.66388,0.747232,0.749228,-3.16046])
11.237027774272374
Max g: 0.03214000545439681
f_12([0.36965,2.33183,-2.21208,2.20028,-1.16152,-0.0586982,0.339723,0.286718,0.405867,0.229761,-0.0321091,0.0512814,1.02494,1.69022,-1.89623,2.87902,-1.57219,-3.05557,-0.590602,3.07514,-1.50759,2.98473,-1.95634,-0.799254,-0.062206,1.12388,-0.168512,0.106801,-2.22446,1.21952,0.195306,1.80976,-0.149827,-0.985964,0.117482,1.01876,3.2227,-1.21949,-0.195383,-1.80773,1.66144,0.792487,0.770229,-3.22402])
11.461432269857477
Max g: 0.005318927486091057
f_13([0.36961,2.33243,-2.21201,2.20008,-1.16107,-0.05815,0.340249,0.286724,0.398883,0.228564,-0.0324742,0.0523302,1.02486,1.68943,-1.89713,2.87952,-1.57205,-3.05573,-0.583011,3.07849,-1.51298,2.98297,-1.96014,-0.792523,-0.0629362,1.12398,-0.168041,0.106862,-2.22031,1.23681,0.197936,1.78563,-0.16487,-0.99427,0.115292,1.04391,3.2189,-1.23658,-0.197936,-1.78451,1.66028,0.80198,0.774846,-3.23685])
11.493348017789607
Max g: 0.0005801007006920322
f_14([0.369474,2.33329,-2.21191,2.20007,-1.1611,-0.0575944,0.340814,0.286977,0.396074,0.228223,-0.0327216,0.0527003,1.02467,1.68653,-1.89709,2.87877,-1.5722,-3.05538,-0.581233,3.07937,-1.51445,2.98259,-1.96104,-0.79088,-0.0632585,1.12406,-0.167828,0.107047,-2.2188,1.24062,0.198371,1.77983,-0.169944,-0.995072,0.114776,1.0501,3.21814,-1.24083,-0.198451,-1.77879,1.65935,0.804189,0.776158,-3.23999])
11.500904394247058
Max g: 0.0007906079658697995
f_15([0.369439,2.33327,-2.21195,2.20021,-1.16083,-0.0575796,0.340782,0.286973,0.39605,0.228247,-0.0327465,0.052721,1.02472,1.68654,-1.89706,2.8793,-1.57212,-3.05541,-0.581237,3.0794,-1.51447,2.98256,-1.96103,-0.790855,-0.0632228,1.12402,-0.167789,0.107048,-2.21882,1.24063,0.198403,1.77982,-0.169884,-0.99504,0.114711,1.05006,3.21809,-1.24084,-0.198496,-1.77874,1.6596,0.804161,0.776166,-3.23996])
11.49841874409658
Max g: 0.0006452942530172923
f_16([0.36943,2.33332,-2.21197,2.20036,-1.16075,-0.0576083,0.340543,0.288052,0.396755,0.22845,-0.0331275,0.0530449,1.02473,1.68649,-1.89725,2.87934,-1.57204,-3.05544,-0.582873,3.07859,-1.51324,2.98276,-1.96009,-0.792299,-0.0631692,1.12399,-0.167915,0.107069,-2.21932,1.23694,0.197941,1.78443,-0.166323,-0.993495,0.115189,1.0446,3.21938,-1.23696,-0.197943,-1.78448,1.65975,0.802239,0.775106,-3.23711])
11.491558349681263
Max g: 0.00017803161223256536
f_17([0.369398,2.33322,-2.21192,2.20054,-1.16073,-0.0575679,0.340476,0.288402,0.397041,0.228476,-0.0330594,0.0530062,1.0247,1.68654,-1.89729,2.87928,-1.57205,-3.0555,-0.583497,3.07831,-1.51279,2.98286,-1.95975,-0.792841,-0.063204,1.12403,-0.16789,0.107056,-2.21972,1.23552,0.197735,1.78645,-0.164949,-0.992869,0.115378,1.04243,3.21972,-1.23552,-0.197731,-1.78648,1.65983,0.801489,0.774709,-3.23603])
11.493149165777568
Max g: 9.448001386025418e-6
f_18([0.369394,2.33323,-2.21191,2.20053,-1.16072,-0.0575734,0.340477,0.288395,0.397045,0.228472,-0.0330579,0.0530094,1.02469,1.68654,-1.89729,2.87928,-1.57208,-3.05551,-0.5835,3.07831,-1.51279,2.98286,-1.95975,-0.792843,-0.0632012,1.12403,-0.167888,0.107057,-2.21972,1.23551,0.197734,1.78647,-0.164935,-0.992867,0.115377,1.04243,3.21973,-1.23551,-0.197733,-1.78648,1.65983,0.801492,0.774707,-3.23603])
11.49304973977155
Max g: 3.1561004650848545e-6
f_19([0.369394,2.33323,-2.21191,2.20054,-1.16073,-0.057571,0.340476,0.288397,0.397046,0.228471,-0.0330557,0.0530077,1.02469,1.68654,-1.89729,2.87928,-1.57208,-3.05551,-0.5835,3.07831,-1.51278,2.98286,-1.95975,-0.792842,-0.0632016,1.12403,-0.167888,0.107057,-2.21972,1.23551,0.197734,1.78647,-0.164935,-0.992868,0.115377,1.04243,3.21973,-1.23551,-0.197733,-1.78648,1.65983,0.801491,0.774705,-3.23603])
11.493149165777568
Max g: 2.384490283890983e-6
f_20([0.369394,2.33323,-2.21191,2.20054,-1.16073,-0.0575713,0.340475,0.288398,0.397049,0.228468,-0.0330472,0.0530026,1.02469,1.68654,-1.89729,2.87928,-1.57208,-3.05551,-0.5835,3.07831,-1.51278,2.98286,-1.95975,-0.792842,-0.0632019,1.12403,-0.167888,0.107057,-2.21972,1.23551,0.197733,1.78648,-0.164933,-0.992869,0.115377,1.04243,3.21972,-1.23551,-0.197733,-1.78648,1.65983,0.80149,0.774703,-3.23603])
11.493447443795626
{0.36939402903173707,2.3332259087673948,-2.211912268166048,2.200537694680001,-1.160725135897991,-0.057571339446846156,0.3404754339921529,0.2883978950852262,0.3970485611704584,0.22846817827131516,-0.033047192258357797,0.0530025916928193,1.0246916891497855,1.6865427660437957,-1.8972924047831756,2.8792806453728006,-1.5720797277974141,-3.055511108008694,-0.5835003502492143,3.0783084842956105,-1.5127829102537107,2.9828579693609742,-1.9597491041031305,-0.7928424036010285,-0.06320194479361639,1.1240327789191755,-0.16788815417146274,0.10705732568388268,-2.2197204339903203,1.2355121560676954,0.19773310940881134,1.7864752595966877,-0.16493306447930578,-0.9928691031534203,0.11537664540075604,1.0424253711111189,3.219724123492248,-1.2355127178078082,-0.19773290307194114,-1.7864784369594597,1.659833169770241,0.8014898695153894,0.7747033068373002,-3.236026367362386}]
Set[{A021,A031,A032,A041,A042,A043,A121,A131,A132,A141,A142,A143,B021,B031,B032,B041,B042,B043,B121,B131,B132,B141,B142,B143,\[Alpha]1,\[Alpha]2,\[Alpha]3,\[Alpha]4,\[Beta]11,\[Beta]12,\[Beta]13,\[Beta]14,\[Beta]21,\[Beta]22,\[Beta]23,\[Beta]24,\[Beta]31,\[Beta]32,\[Beta]33,\[Beta]34,\[Beta]41,\[Beta]42,\[Beta]43,\[Beta]44},{0.36939402903173707,2.3332259087673948,-2.211912268166048,2.200537694680001,-1.160725135897991,-0.057571339446846156,0.3404754339921529,0.2883978950852262,0.3970485611704584,0.22846817827131516,-0.033047192258357797,0.0530025916928193,1.0246916891497855,1.6865427660437957,-1.8972924047831756,2.8792806453728006,-1.5720797277974141,-3.055511108008694,-0.5835003502492143,3.0783084842956105,-1.5127829102537107,2.9828579693609742,-1.9597491041031305,-0.7928424036010285,-0.06320194479361639,1.1240327789191755,-0.16788815417146274,0.10705732568388268,-2.2197204339903203,1.2355121560676954,0.19773310940881134,1.7864752595966877,-0.16493306447930578,-0.9928691031534203,0.11537664540075604,1.0424253711111189,3.219724123492248,-1.2355127178078082,-0.19773290307194114,-1.7864784369594597,1.659833169770241,0.8014898695153894,0.7747033068373002,-3.236026367362386}]

Max g: 8.56935505555434e-7
f_21([0.369394,2.33323,-2.21191,2.20054,-1.16073,-0.0575713,0.340475,0.288399,0.397049,0.228468,-0.0330453,0.0530014,1.02469,1.68654,-1.89729,2.87928,-1.57208,-3.05551,-0.583502,3.07831,-1.51278,2.98286,-1.95975,-0.792844,-0.063202,1.12403,-0.167888,0.107057,-2.21972,1.23551,0.197732,1.78648,-0.16493,-0.992868,0.115377,1.04242,3.21972,-1.23551,-0.197733,-1.78648,1.65983,0.801488,0.774702,-3.23602])
11.493646295807665
Max g: 1.7021229466868126e-7
f_22([0.369394,2.33323,-2.21191,2.20054,-1.16073,-0.0575713,0.340475,0.288399,0.39705,0.228468,-0.0330452,0.0530013,1.02469,1.68654,-1.89729,2.87928,-1.57208,-3.05551,-0.583503,3.07831,-1.51278,2.98286,-1.95975,-0.792844,-0.063202,1.12403,-0.167888,0.107057,-2.21972,1.23551,0.197732,1.78648,-0.164928,-0.992867,0.115377,1.04242,3.21972,-1.23551,-0.197732,-1.78648,1.65983,0.801487,0.774702,-3.23602])
11.493646295807665
Max g: 1.069305381636021e-7
f_23([0.369394,2.33323,-2.21191,2.20054,-1.16073,-0.0575713,0.340475,0.288399,0.39705,0.228468,-0.0330451,0.0530013,1.02469,1.68654,-1.89729,2.87928,-1.57208,-3.05551,-0.583503,3.07831,-1.51278,2.98286,-1.95975,-0.792845,-0.063202,1.12403,-0.167888,0.107057,-2.21972,1.23551,0.197732,1.78648,-0.164928,-0.992867,0.115377,1.04242,3.21972,-1.23551,-0.197732,-1.78648,1.65983,0.801487,0.774702,-3.23602])
11.493646295807665
Max g: 1.706369229803606e-7
f_24([0.369394,2.33323,-2.21191,2.20054,-1.16073,-0.0575713,0.340475,0.288399,0.39705,0.228468,-0.0330451,0.0530013,1.02469,1.68654,-1.89729,2.87928,-1.57208,-3.05551,-0.583503,3.07831,-1.51278,2.98286,-1.95975,-0.792845,-0.063202,1.12403,-0.167888,0.107057,-2.21972,1.23551,0.197732,1.78648,-0.164928,-0.992867,0.115377,1.04242,3.21972,-1.23551,-0.197732,-1.78648,1.65983,0.801487,0.774702,-3.23602])
11.493646295807665
Max g: 2.1160435204059524e-7
f_25([0.369394,2.33323,-2.21191,2.20054,-1.16073,-0.0575713,0.340475,0.288399,0.39705,0.228468,-0.0330451,0.0530013,1.02469,1.68654,-1.89729,2.87928,-1.57208,-3.05551,-0.583503,3.07831,-1.51278,2.98286,-1.95975,-0.792845,-0.063202,1.12403,-0.167888,0.107057,-2.21972,1.23551,0.197732,1.78648,-0.164928,-0.992867,0.115377,1.04242,3.21972,-1.23551,-0.197732,-1.78648,1.65983,0.801487,0.774702,-3.23602])
11.493646295807665
Max g: 2.1910499801991445e-7
f_26([0.369394,2.33323,-2.21191,2.20054,-1.16073,-0.0575713,0.340475,0.288399,0.39705,0.228468,-0.0330451,0.0530013,1.02469,1.68654,-1.89729,2.87928,-1.57208,-3.05551,-0.583503,3.07831,-1.51278,2.98286,-1.95975,-0.792845,-0.063202,1.12403,-0.167888,0.107057,-2.21972,1.23551,0.197732,1.78648,-0.164928,-0.992867,0.115377,1.04242,3.21972,-1.23551,-0.197732,-1.78648,1.65983,0.801487,0.774702,-3.23602])
11.493646295807665
Max g: 2.204437997144204e-7
f_27([0.369394,2.33323,-2.21191,2.20054,-1.16073,-0.0575713,0.340475,0.288399,0.39705,0.228468,-0.0330451,0.0530013,1.02469,1.68654,-1.89729,2.87928,-1.57208,-3.05551,-0.583503,3.07831,-1.51278,2.98286,-1.95975,-0.792845,-0.063202,1.12403,-0.167888,0.107057,-2.21972,1.23551,0.197732,1.78648,-0.164928,-0.992867,0.115377,1.04242,3.21972,-1.23551,-0.197732,-1.78648,1.65983,0.801487,0.774702,-3.23602])
11.493646295807665
Max g: 2.2069076016650868e-7
f_28([0.369394,2.33323,-2.21191,2.20054,-1.16073,-0.0575713,0.340475,0.288399,0.39705,0.228468,-0.0330454,0.0530015,1.02469,1.68654,-1.89729,2.87928,-1.57208,-3.05551,-0.583503,3.07831,-1.51278,2.98286,-1.95975,-0.792845,-0.063202,1.12403,-0.167888,0.107057,-2.21972,1.23551,0.197732,1.78648,-0.164928,-0.992867,0.115377,1.04242,3.21972,-1.23551,-0.197732,-1.78648,1.65983,0.801487,0.774702,-3.23602])
11.493646295807665
Max g: 1.6797276254643112e-7
f_29([0.369394,2.33323,-2.21191,2.20054,-1.16073,-0.0575713,0.340475,0.288399,0.39705,0.228468,-0.0330455,0.0530016,1.02469,1.68654,-1.89729,2.87928,-1.57208,-3.05551,-0.583503,3.07831,-1.51278,2.98286,-1.95975,-0.792844,-0.063202,1.12403,-0.167888,0.107057,-2.21972,1.23551,0.197732,1.78648,-0.164928,-0.992867,0.115377,1.04242,3.21972,-1.23551,-0.197732,-1.78648,1.65983,0.801487,0.774702,-3.23602])
11.493646295807665
Max g: 3.280128804683535e-8
f_30([0.369394,2.33323,-2.21191,2.20054,-1.16073,-0.0575713,0.340475,0.288399,0.39705,0.228468,-0.0330455,0.0530016,1.02469,1.68654,-1.89729,2.87928,-1.57208,-3.05551,-0.583503,3.07831,-1.51278,2.98286,-1.95975,-0.792844,-0.063202,1.12403,-0.167888,0.107057,-2.21972,1.23551,0.197732,1.78648,-0.164928,-0.992867,0.115377,1.04242,3.21972,-1.23551,-0.197732,-1.78648,1.65983,0.801487,0.774702,-3.23602])
11.493646295807665
{0.3693940254417234,2.333225939064382,-2.2119123152111344,2.2005377489891744,-1.1607250783960155,-0.05757132323973371,0.34047521845353607,0.2883989008594965,0.3970497219472402,0.22846773164126122,-0.03304552406962673,0.05300155602562827,1.0246917083241414,1.6865428273793042,-1.8972922393514595,2.8792805703314976,-1.5720797191217204,-3.05551105342861,-0.5835025521373098,3.07830742893094,-1.5127812899698547,2.9828582693954058,-1.9597478426499986,-0.7928443210837087,-0.06320204510603893,1.124032783690764,-0.16788804432652488,0.10705730578664986,-2.2197234722557377,1.2355074021562298,0.19773228370720833,1.7864837863508851,-0.1649282333781527,-0.9928668541786676,0.11537729440949068,1.0424177936868064,3.219723472131444,-1.2355074021134698,-0.19773228370304163,-1.786483786260551,1.6598334664875163,0.8014872089821566,0.774701955690244,-3.2360226311867066}]
Set[{A021,A031,A032,A041,A042,A043,A121,A131,A132,A141,A142,A143,B021,B031,B032,B041,B042,B043,B121,B131,B132,B141,B142,B143,\[Alpha]1,\[Alpha]2,\[Alpha]3,\[Alpha]4,\[Beta]11,\[Beta]12,\[Beta]13,\[Beta]14,\[Beta]21,\[Beta]22,\[Beta]23,\[Beta]24,\[Beta]31,\[Beta]32,\[Beta]33,\[Beta]34,\[Beta]41,\[Beta]42,\[Beta]43,\[Beta]44},{0.3693940254417234,2.333225939064382,-2.2119123152111344,2.2005377489891744,-1.1607250783960155,-0.05757132323973371,0.34047521845353607,0.2883989008594965,0.3970497219472402,0.22846773164126122,-0.03304552406962673,0.05300155602562827,1.0246917083241414,1.6865428273793042,-1.8972922393514595,2.8792805703314976,-1.5720797191217204,-3.05551105342861,-0.5835025521373098,3.07830742893094,-1.5127812899698547,2.9828582693954058,-1.9597478426499986,-0.7928443210837087,-0.06320204510603893,1.124032783690764,-0.16788804432652488,0.10705730578664986,-2.2197234722557377,1.2355074021562298,0.19773228370720833,1.7864837863508851,-0.1649282333781527,-0.9928668541786676,0.11537729440949068,1.0424177936868064,3.219723472131444,-1.2355074021134698,-0.19773228370304163,-1.786483786260551,1.6598334664875163,0.8014872089821566,0.774701955690244,-3.2360226311867066}]

Max g: 6.02443299413391e-9
f_31([0.369394,2.33323,-2.21191,2.20054,-1.16073,-0.0575713,0.340475,0.288399,0.39705,0.228468,-0.0330455,0.0530016,1.02469,1.68654,-1.89729,2.87928,-1.57208,-3.05551,-0.583503,3.07831,-1.51278,2.98286,-1.95975,-0.792844,-0.063202,1.12403,-0.167888,0.107057,-2.21972,1.23551,0.197732,1.78648,-0.164928,-0.992867,0.115377,1.04242,3.21972,-1.23551,-0.197732,-1.78648,1.65983,0.801487,0.774702,-3.23602])
11.493646295807665
Max g: 1.0641353492824024e-9
f_32([0.369394,2.33323,-2.21191,2.20054,-1.16073,-0.0575713,0.340475,0.288399,0.39705,0.228468,-0.0330455,0.0530016,1.02469,1.68654,-1.89729,2.87928,-1.57208,-3.05551,-0.583503,3.07831,-1.51278,2.98286,-1.95975,-0.792844,-0.063202,1.12403,-0.167888,0.107057,-2.21972,1.23551,0.197732,1.78648,-0.164928,-0.992867,0.115377,1.04242,3.21972,-1.23551,-0.197732,-1.78648,1.65983,0.801487,0.774702,-3.23602])
11.493646295807665
Max g: 2.137315324723943e-10
f_33([0.369394,2.33323,-2.21191,2.20054,-1.16073,-0.0575713,0.340475,0.288399,0.39705,0.228468,-0.0330455,0.0530016,1.02469,1.68654,-1.89729,2.87928,-1.57208,-3.05551,-0.583503,3.07831,-1.51278,2.98286,-1.95975,-0.792844,-0.063202,1.12403,-0.167888,0.107057,-2.21972,1.23551,0.197732,1.78648,-0.164928,-0.992867,0.115377,1.04242,3.21972,-1.23551,-0.197732,-1.78648,1.65983,0.801487,0.774702,-3.23602])
11.493646295807665
Max g: 4.984015977704814e-11
{0.3693940253769108,2.333225938964566,-2.2119123153615243,2.2005377495548113,-1.160725077936193,-0.057571323276477626,0.34047521928989966,0.2883988971833088,0.39704971772791486,0.22846773163622341,-0.03304552495886753,0.053001556263215885,1.024691708426811,1.686542827078147,-1.8972922398500989,2.879280570606917,-1.5720797189220652,-3.0555110532326397,-0.5835025444138908,3.0783074323353707,-1.5127812955369724,2.9828582683560128,-1.9597478470488665,-0.792844314420657,-0.06320204485303026,1.1240327834952544,-0.16788804453650116,0.1070573058942469,-2.219723467938578,1.2355074198255331,0.19773228627987346,1.7864837618330192,-0.1649282504171279,-0.9928668620691308,0.11537729216773858,1.0424178203207892,3.2197234679399593,-1.2355074198257439,-0.19773228627980635,-1.786483761833991,1.6598334654927187,0.8014872185398945,0.7747019605724516,-3.236022644605069}]
Set[{A021,A031,A032,A041,A042,A043,A121,A131,A132,A141,A142,A143,B021,B031,B032,B041,B042,B043,B121,B131,B132,B141,B142,B143,\[Alpha]1,\[Alpha]2,\[Alpha]3,\[Alpha]4,\[Beta]11,\[Beta]12,\[Beta]13,\[Beta]14,\[Beta]21,\[Beta]22,\[Beta]23,\[Beta]24,\[Beta]31,\[Beta]32,\[Beta]33,\[Beta]34,\[Beta]41,\[Beta]42,\[Beta]43,\[Beta]44},{0.3693940253769108,2.333225938964566,-2.2119123153615243,2.2005377495548113,-1.160725077936193,-0.057571323276477626,0.34047521928989966,0.2883988971833088,0.39704971772791486,0.22846773163622341,-0.03304552495886753,0.053001556263215885,1.024691708426811,1.686542827078147,-1.8972922398500989,2.879280570606917,-1.5720797189220652,-3.0555110532326397,-0.5835025444138908,3.0783074323353707,-1.5127812955369724,2.9828582683560128,-1.9597478470488665,-0.792844314420657,-0.06320204485303026,1.1240327834952544,-0.16788804453650116,0.1070573058942469,-2.219723467938578,1.2355074198255331,0.19773228627987346,1.7864837618330192,-0.1649282504171279,-0.9928668620691308,0.11537729216773858,1.0424178203207892,3.2197234679399593,-1.2355074198257439,-0.19773228627980635,-1.786483761833991,1.6598334654927187,0.8014872185398945,0.7747019605724516,-3.236022644605069}]


-----------------Final Result------------------
Options: alg=LN_AUGLAG_EQ,dx=0.01,max_eval=100000000,popSize=0
imin=-12,jmin=-1,imax=1,jmax=1,
parameter_minmax=5,
randSeed=33049558,rand_minmax=3

3349662 steps

Completed with maxf : 11.493646295807665

Constraints at 2.8894331f-11

x = [0.3693940253769108,2.333225938964566,-2.2119123153615243,2.2005377495548113,-1.160725077936193,-0.057571323276477626,0.34047521928989966,0.2883988971833088,0.39704971772791486,0.22846773163622341,-0.03304552495886753,0.053001556263215885,1.024691708426811,1.686542827078147,-1.8972922398500989,2.879280570606917,-1.5720797189220652,-3.0555110532326397,-0.5835025444138908,3.0783074323353707,-1.5127812955369724,2.9828582683560128,-1.9597478470488665,-0.792844314420657,-0.06320204485303026,1.1240327834952544,-0.16788804453650116,0.1070573058942469,-2.219723467938578,1.2355074198255331,0.19773228627987346,1.7864837618330192,-0.1649282504171279,-0.9928668620691308,0.11537729216773858,1.0424178203207892,3.2197234679399593,-1.2355074198257439,-0.19773228627980635,-1.786483761833991,1.6598334654927187,0.8014872185398945,0.7747019605724516,-3.236022644605069]
c0 = [0.0,0.3693940253769108,0.12131362360304188,0.9822413483421408]
c1 = [0.0,0.34047521928989966,0.6854486149112237,0.24842376294057178]
A0 = [0.0,0.3693940253769108,2.333225938964566,2.2005377495548113,0.0,0.0,-2.2119123153615243,-1.160725077936193,0.0,0.0,0.0,-0.057571323276477626,0.0,0.0,0.0,0.0]
A1 = [0.0,0.34047521928989966,0.2883988971833088,0.22846773163622341,0.0,0.0,0.39704971772791486,-0.03304552495886753,0.0,0.0,0.0,0.053001556263215885,0.0,0.0,0.0,0.0]
B0 = [0.0,1.024691708426811,1.686542827078147,2.879280570606917,0.0,0.0,-1.8972922398500989,-1.5720797189220652,0.0,0.0,0.0,-3.0555110532326397,0.0,0.0,0.0,0.0]
B1 = [0.0,-0.5835025444138908,3.0783074323353707,2.9828582683560128,0.0,0.0,-1.5127812955369724,-1.9597478470488665,0.0,0.0,0.0,-0.792844314420657,0.0,0.0,0.0,0.0]
α  = [-0.06320204485303026,1.1240327834952544,-0.16788804453650116,0.1070573058942469]
β1 = [-2.219723467938578,1.2355074198255331,0.19773228627987346,1.7864837618330192]
β2 = [-0.1649282504171279,-0.9928668620691308,0.11537729216773858,1.0424178203207892]
β3 = [3.2197234679399593,-1.2355074198257439,-0.19773228627980635,-1.786483761833991]
β4 = [1.6598334654927187,0.8014872185398945,0.7747019605724516,-3.236022644605069]


Set[{A021,A031,A032,A041,A042,A043,A121,A131,A132,A141,A142,A143,B021,B031,B032,B041,B042,B043,B121,B131,B132,B141,B142,B143,\[Alpha]1,\[Alpha]2,\[Alpha]3,\[Alpha]4,\[Beta]11,\[Beta]12,\[Beta]13,\[Beta]14,\[Beta]21,\[Beta]22,\[Beta]23,\[Beta]24,\[Beta]31,\[Beta]32,\[Beta]33,\[Beta]34,\[Beta]41,\[Beta]42,\[Beta]43,\[Beta]44},{0.3693940253769108,2.333225938964566,-2.2119123153615243,2.2005377495548113,-1.160725077936193,-0.057571323276477626,0.34047521928989966,0.2883988971833088,0.39704971772791486,0.22846773163622341,-0.03304552495886753,0.053001556263215885,1.024691708426811,1.686542827078147,-1.8972922398500989,2.879280570606917,-1.5720797189220652,-3.0555110532326397,-0.5835025444138908,3.0783074323353707,-1.5127812955369724,2.9828582683560128,-1.9597478470488665,-0.792844314420657,-0.06320204485303026,1.1240327834952544,-0.16788804453650116,0.1070573058942469,-2.219723467938578,1.2355074198255331,0.19773228627987346,1.7864837618330192,-0.1649282504171279,-0.9928668620691308,0.11537729216773858,1.0424178203207892,3.2197234679399593,-1.2355074198257439,-0.19773228627980635,-1.786483761833991,1.6598334654927187,0.8014872185398945,0.7747019605724516,-3.236022644605069}]



